chemID	simpleLRM_Fstatistics	multiLRM(chem_sig)	multiLRM(sex_sig)	multiLRM(age_sig)
100021136	0.0207864712851769	0.220522703253439	0.379646062592971	0.642482072112526
100000882	0.891858967048877	0.611656917681491	0.352878956120031	0.527214544574124
409	0.092682506097943	0.16549624616273	0.386743247185854	0.340542971086679
100002254	0.639038292333279	0.0430769436859054	0.233861161742036	0.533369039518651
361	0.00550182190278933	0.0844591506327305	0.24706981612785	0.514498837729795
100019975	0.537483399199734	0.735329170309386	0.336355675387642	0.573724755431014
100000257	0.000422332300449061	0.0141140171557283	0.354418715949989	0.46433786624843
100001232	0.89926280670129	0.95521237077421	0.344536105817055	0.556126817769599
100001948	0.345610664702192	0.3399764652742	0.367298696557168	0.421671540987215
100001073	0.665057565576038	0.674178267609878	0.411272670189725	0.497023541424001
100015637	0.97927593233317	0.439317966008173	0.359744279748813	0.549923293434476
100006360	0.433413464916834	0.573480940234725	0.314422200402569	0.631398542336249
1488	0.521088844820422	0.560606792239442	0.341126524319877	0.531499820071549
100002253	0.780378607782867	0.951578880841204	0.335298314775336	0.565641984907001
1023	0.894549747341203	0.763588406817579	0.331689191210615	0.548967183168797
100004284	0.660077244684108	0.841863510838105	0.331095964564557	0.56452602734102
100001251	0.68120664388517	0.993951499373695	0.336497595322823	0.557976966144257
362	0.809838487216636	0.412905766174157	0.30215385890715	0.545586167618689
100006620	0.784130544653229	0.868983064926242	0.336824430155602	0.562221851137042
111	0.507906728908856	0.214874474231333	0.280932981621447	0.558845415249491
100009045	0.586205300919628	0.274736631179338	0.281291810304029	0.704423930651938
100002927	0.671206787323928	0.850150948197449	0.330226705455334	0.577012067316685
100015641	0.792963581047969	0.924236422042076	0.332714387222774	0.565180353316804
1114	0.124256648031806	0.975769109541812	0.334947520401029	0.560057244048856
100020409	0.325921801610543	0.329092573387805	0.341950418270043	0.428709704015578
158	0.175695711886966	0.294097315127184	0.405901556506873	0.595996738741708
1224	0.0475183739939964	0.18891893179012	0.265818748564392	0.590914099028756
100001620	0.414973800486674	0.344788218340257	0.291185680031986	0.556090973800125
100020893	0.277007442781482	0.0551915924712406	0.3153552588534	0.307156346612994
100002458	0.78438799004371	0.527884122803438	0.387664868152158	0.502206475381575
100001112	0.87580786616824	0.929279559895629	0.334813934580789	0.553438100255266
100002953	0.347037866107037	0.79512045964097	0.333252065003609	0.56839761114425
1141	0.419812570364721	0.05701730466077	0.427073990919434	0.401337634127574
100015834	0.556174609004769	0.91210675807363	0.334109479067348	0.552600265298874
100004561	0.679763548025839	0.926314910538861	0.338167355391506	0.556797026338727
100020497	0.883215985107729	0.725602448346311	0.318709420749846	0.581216128461896
498	0.0605629023112113	0.346061248229216	0.328389738130497	0.635296144432062
100006051	0.850542983161938	0.831568742264609	0.340639999973487	0.554114879274632
1668	0.650547460769862	0.51805320453273	0.330613188163267	0.504076777841071
100004523	0.487055099532478	0.905982808542231	0.342733854602365	0.550739854789072
100001604	0.264987378874339	0.563345886448193	0.330428256448566	0.599816066039922
100001002	0.139872577395139	0.488386121035879	0.355881866360454	0.537523641769985
100001987	0.0730632462003893	0.267522871657992	0.888272926124272	0.434577091830269
100002462	0.630374201117844	0.326285261472401	0.402766335296319	0.449236217443101
466	0.528951637564007	0.0658462336947486	0.372059805644776	0.526643227432098
100000665	0.913103353449695	0.419820616457645	0.37810327664871	0.504167914481893
445	0.992581602124082	0.460691960426751	0.365330021680768	0.606094597244841
2029	0.149446395878462	0.500119921480842	0.356339834599556	0.55885215170531
100006438	0.148233470699671	0.267023321710328	0.38288177011222	0.576497526016496
100001398	0.139554624400546	0.564091159641033	0.313921058956159	0.574839600234559
235	0.384553835165499	0.446038738414543	0.300376159647821	0.586523089413048
100000997	0.620189686548711	0.632510522983064	0.341666591949452	0.529152051113663
100002094	0.155225774021401	0.142520112712898	0.287151553915454	0.383357311432897
1052	0.679532553893343	0.990193138150735	0.34743886691607	0.56621819543686
100020823	0.364875013666652	0.61786134189117	0.317214699494482	0.551489304086483
100001806	0.312483057989835	0.652510273450513	0.382721655104533	0.569349790789814
100006092	0.784882391039427	0.851478433656517	0.343272050763409	0.546335781924878
100001415	0.0933195136611465	0.0607329354026568	0.349180499024092	0.290351225534318
100000008	0.0309878875332818	0.0596249336498894	0.385069307783882	0.387648601296586
565	0.00182281476632105	0.0209636058488611	0.364402587928834	0.582521796525256
100015851	0.188772731191115	0.223933213403939	0.409980029992136	0.697229718950576
100001866	0.532418197401357	0.842811246919987	0.357492595192374	0.539741747374995
100020546	0.00357149828755676	0.0351369110618662	0.562657043457552	0.759165720158812
100016110	0.555439579721555	0.442209066643602	0.279664749789753	0.648994893500924
100001254	0.00267870931451366	0.0122354618997138	0.434452990149876	0.751128707849896
100006260	0.301805626790847	0.721157563516826	0.346165757606844	0.548330958663398
826	0.612560717244063	0.823692200601533	0.337927632650319	0.551257464710808
100001872	0.472174587330604	0.840646490261254	0.336691265253601	0.558399571628059
100000263	0.399768365038852	0.421532756757489	0.39967712544716	0.559711601174794
100021198	0.916779984769219	0.066516569011934	0.230940343658653	0.318768716101328
100015967	0.0329794926490224	0.0801254824308506	0.422120790431328	0.386196364998139
278	0.115302588570063	0.257808841247453	0.316186037444318	0.832792086097869
519	0.77544517925753	0.314486275981533	0.400730077729891	0.499558533069922
100009337	0.107943879513729	0.313784724544094	0.449315540118162	0.542364237231581
100002185	0.327977105202644	0.919027002959179	0.333479074800783	0.552700689758889
100001278	0.415564373432045	0.257273966182082	0.410587712509061	0.51705279346989
100002103	0.882734422964502	0.574453985304748	0.338739416642666	0.506008474210346
980	0.772057677110229	0.42779362919266	0.371965354099408	0.539228271892504
100000016	0.853490359720351	0.435870907624663	0.332516267295372	0.534181983029166
100020372	0.186720998748678	0.477456455383909	0.334525070442893	0.499492259750275
100001662	0.786732052878608	0.167228832690035	0.146777843902473	0.583251350857838
100019972	0.938293882997689	0.672756958466331	0.345442160331919	0.545613813041072
254	0.809910771221685	0.755090337152658	0.33288969494271	0.562917196316087
100002009	0.686513268517311	0.669887988973366	0.3335491754811	0.488876792942429
100010895	0.45663039460219	0.535045919050533	0.386069850956321	0.541156952109684
1140	0.867763642722699	0.971435191408732	0.334658077927623	0.557834480840858
100008951	0.66634498303541	0.542227348652359	0.357118820494185	0.525493497134548
1084	0.383177002300225	0.865874985611266	0.335132940409083	0.591335344060832
100002796	0.134936531648087	0.436107139057601	0.302996641380143	0.514623588793595
358	0.843390267667305	0.997168582532951	0.336916899352442	0.565170743786044
100002070	0.835830327376145	0.725402972138368	0.326849413235105	0.5884109449163
1628	0.346699225067562	0.1301513059202	0.408701069010168	0.537442566205294
823	0.479455309056413	0.448275886339273	0.291627990640072	0.608228201681256
100004414	0.466884747791902	0.0962102731050755	0.426896911375794	0.686216675021814
100006129	0.697528609809062	0.692308305612848	0.316921637811216	0.574246405930319
100002028	0.764541418621597	0.458920567030101	0.448815634609474	0.39978180535604
100021707	0.324793425596395	0.522805166818262	0.29852920832053	0.606175535189454
100000054	0.545454679881345	0.491126062621518	0.326115293148984	0.582935012367245
100010869	0.52498472013835	0.245156153012264	0.344425922336181	0.450705616431028
100004575	0.0265665050855136	0.107624648017814	0.416828102370221	0.872687868344077
100001212	0.868403438573301	0.72252637908291	0.337493585740381	0.51832676313694
818	0.169356698853358	0.480378993630851	0.397210860648502	0.497500193990313
100001092	0.00203372883515775	0.0240623476950814	0.325725760914298	0.557141938496595
100020371	0.954001011431444	0.901188403361066	0.339332023588697	0.557252068610991
100004112	0.228075231408766	0.5404271175245	0.351817542885563	0.569242959823176
1125	0.517343333523173	0.387396626901922	0.365259765927573	0.594562600748629
100020491	0.862816721395461	0.546248775139286	0.292267828304151	0.567981195476734
100003151	0.00318880310821953	0.0259430267365917	0.487404618020815	0.459074122501813
100000011	0.350709493688156	0.168185157485645	0.252494826304966	0.665868251864689
100003594	0.568471056395188	0.928847921602322	0.335181285016227	0.55441011234124
806	0.809595015690642	0.162462753234828	0.332028891948877	0.390104779575281
100001211	0.917924891172251	0.539863493577176	0.349410678921723	0.537434882127382
100002417	0.599461880966194	0.587902516565617	0.325672218761368	0.52626270489269
100009335	0.433723111672557	0.156598982211234	0.273764636451373	0.569187386180703
100000781	0.721732667940722	0.986889129278308	0.335656561093064	0.557725346374977
803	0.0202379740294716	0.0248335963095017	0.334541453468706	0.416632149955917
50	0.473731760526371	0.676594619058963	0.344904990984892	0.540274258292382
796	0.521064855621447	0.059729903444619	0.358746348629574	0.565493497963258
100005834	0.967162373848983	0.629907799776506	0.391157252309763	0.55768166392807
100001580	0.962180696425276	0.537168206946206	0.359029708366905	0.564373597979977
480	0.813436464746322	0.615955514102613	0.302165708808804	0.564390223626504
100001540	0.307480707835839	0.850160673629635	0.390236343388392	0.612325518503038
339	0.582573449693799	0.124007690573008	0.305543555441486	0.479962675910686
1110	0.917794874410964	0.889774364624933	0.341634494463155	0.548033680676696
100015836	0.219914058810405	0.227804928720803	0.455479657499076	0.726464447522326
100009271	0.500965574619746	0.486920041899777	0.378984320058571	0.535162761691227
100015638	0.938181200291276	0.411795864346094	0.354641819059753	0.535772594070782
100021667	0.979581835984504	0.519116179757792	0.374113230428783	0.546887511217876
100001279	0.553206765617765	0.364133114893285	0.363974148444437	0.673807594497149
100004208	0.0256522132425517	0.13854551097985	0.480284166188518	0.67870332793367
100003695	0.193250070575137	0.125032553277555	0.372698200490572	0.348835009259306
100000802	0.764803145939079	0.906292446181006	0.33763883452666	0.555306652235672
100002769	0.911958149995715	0.117794202669507	0.246666071910085	0.674150514175274
100015835	0.125667992950417	0.346361779487457	0.465628055972314	0.738829468462188
229	0.880130189517839	0.380197149582026	0.375537707109819	0.553780141656421
100001266	0.00761979261252226	0.0309142938927327	0.410654332166893	0.850687207866387
1342	0.305843878893043	0.362474417869733	0.290530719275573	0.57757733533089
100002102	0.952045305467835	0.638270501310284	0.364841870305985	0.644293811728687
100020254	0.147485657389372	0.557526371549173	0.328835412499776	0.581389678556656
1231	0.504089130407421	0.222396400438863	0.39852163338638	0.517519225081918
100020492	0.931038037965928	0.86136645479701	0.329947560173921	0.555836522242541
100001402	0.340679570466995	0.52671352997181	0.376834790235931	0.557233071205806
415	0.00249818760088145	0.0570856042350804	0.416350096743026	0.585271713674422
100003109	0.884815405316572	0.994005107904778	0.335971576983346	0.562947831899102
275	0.553935261050733	0.849724981205892	0.331805455269785	0.548400174558335
1143	0.163710041455512	0.0768626589663576	0.305597365903189	0.653237137593312
279	0.52878180784101	0.408662040568183	0.330976680188653	0.464005446034471
100001198	0.978698011029501	0.98030314435533	0.339365599520519	0.561230908061303
1648	0.369833191493248	0.93542030709108	0.336267444077179	0.559046204750911
100001590	0.441669155447258	0.313414409569522	0.315721675581332	0.504503794044897
100001733	0.44808268645353	0.926647537228686	0.333806634204014	0.567300407461442
100008933	0.0137818956922456	0.00202818083790027	0.460730163494841	0.508158903507269
100001550	0.35554072865953	0.497829951741889	0.318220941622753	0.510763973559769
1215	0.0650294707903497	0.210689484711261	0.28516906025507	0.512189456880529
100002356	0.246525925461664	0.102076470026716	0.406062759290954	0.55926272960942
100002749	0.564593474423934	0.677357356418725	0.343560789770856	0.56216195085102
100006379	0.164216596692457	0.147999305009978	0.394362507041806	0.328011789409699
100015966	0.0750241996258499	0.137725837439405	0.371807539775637	0.389594579954958
100001392	0.703386967990291	0.913891258215579	0.338612655553217	0.55623463742196
100020425	0.153151444107039	0.0533473299235597	0.280954808651746	0.355690840981589
100004299	0.33507358904917	0.844942403856077	0.350301713524758	0.599740259590655
100001734	0.571487464254735	0.498157011161343	0.355043160541212	0.498080929999551
1002	0.897193758084503	0.799711576161763	0.337981572599054	0.555626975079448
100001337	0.265281317806553	0.781977395016661	0.318717149637918	0.557958406986317
100001452	0.548640304399854	0.915354668892414	0.333829207994304	0.552306777402656
314	0.467479467392104	0.360809715164064	0.351422873530226	0.56988802767154
100009264	0.941209173462505	0.548016579924534	0.269823941451641	0.673702627153703
100004634	0.458456738673683	0.522636575367027	0.304648159992012	0.575028268794114
100000711	0.718875458607611	0.697009260911075	0.368599829858484	0.581108474776378
100020536	0.0257035800219878	0.105473677983508	0.398170692951103	0.666522756452318
100004318	0.345684728248691	0.590037622139481	0.342617887694474	0.55665917831191
100005850	0.887981905804489	0.46724918616489	0.421486351502595	0.508270760815248
100006619	0.295308455705343	0.139901883484761	0.382387187421682	0.538774954932174
356	0.528034605617325	0.682293775840801	0.323381823752819	0.575660662650004
1221	0.76018040540848	0.708120478307112	0.393539028228687	0.594814652857775
100001397	0.693249279086895	0.70498259125888	0.336552871381928	0.546177600594709
100019981	0.709578805993669	0.974939504794432	0.336978009054433	0.566528545854679
100001208	0.460473674604613	0.294011687611365	0.293573934545788	0.824430984829543
503	0.0094061257000786	0.00903820119705116	0.214109338462834	0.397886902053887
100006375	0.169873470239607	0.629681874037874	0.361363628992294	0.541574167080306
100001295	0.481750249091801	0.517411242838988	0.331567268620907	0.651512174380518
100020427	0.0675457856387421	0.0297200790297995	0.321207748844408	0.306581701083161
100002784	0.520156392439874	0.393839823800423	0.289161051378961	0.622905813943526
917	0.0400447388572592	0.165267321884493	0.378946108044821	0.492436069817817
1869	0.343598259474204	0.185487475702914	0.367599436559712	0.440060910646223
240	0.210591743627872	0.091057840054835	0.216647520407369	0.365487651905175
798	0.00415134435224361	0.0770228780919213	0.502465828630783	0.479320646266471
100002952	0.255887955527774	0.537972058529378	0.333531813321764	0.630239051608181
98	0.643288048375061	0.849670279009559	0.35218845456324	0.56308731463379
100008998	0.290669843516454	0.336760956682411	0.270061062655197	0.618775911672251
477	0.980964647021616	0.270542813854552	0.347130377409292	0.545133147286323
100020545	0.111101717782491	0.174166828386902	0.369113967454596	0.72702353975492
100021666	0.949128640368344	0.215770881971785	0.381468165575191	0.556403576295477
1256	0.507714140961341	0.695727116947812	0.387111386873435	0.590772224005807
533	0.389093016691641	0.0880660208130334	0.241078447593164	0.355357693074812
100001757	0.44249140442508	0.894505911862788	0.345414332739694	0.553199041196933
1024	0.332565021190026	0.108403681363049	0.228642643944458	0.989627259254005
267	0.365752607895357	0.938984810136744	0.333692707383866	0.560186895362282
100002113	0.102261362301801	0.0914157503999169	0.326766146634917	0.578582926434592
100001756	0.850291958576291	0.73383582020796	0.348636292545591	0.576624601144857
100001193	0.570441638367952	0.204091560618597	0.401912004723312	0.526783554511642
100001668	0.675708770566226	0.990760102369646	0.337175979150772	0.560353812875927
1124	0.284540516755738	0.297489066300727	0.300012075694383	0.643025626479755
100021331	0.272142528674994	0.438993985390759	0.309511688713992	0.615579700853414
1090	0.0627987803312439	0.0422953501230384	0.317692704089945	0.701533904783283
566	0.745470059842803	0.384932628541222	0.26080372633298	0.57298245828028
100003119	0.427426148701431	0.263964130974719	0.377582800722709	0.493074773280568
100006367	0.703490690298767	0.532272063474763	0.350406183056381	0.534889986461477
100004322	0.158308386802717	0.214211649671758	0.35139378566121	0.629424356102683
100001034	0.717128675458478	0.814395870725477	0.332433097475781	0.549308648555667
112	0.935938853208911	0.889429391546434	0.33911821762615	0.54763661031113
507	0.762428770906364	0.800396933399474	0.334469006650203	0.564447575700545
100009233	0.19997912264119	0.122747982254553	0.316707831559082	0.553456620714327
100000406	0.0170033875537834	0.120146142717778	0.537462578542918	0.369419246394645
100004046	0.456034617777555	0.333141300732991	0.19448878326037	0.47819896947148
1025	0.944596086826589	0.815475985135722	0.327484163010609	0.575210346001742
100001106	0.14120582600578	0.15961829777093	0.283320891290905	0.577194605448098
1128	0.0168865572510257	0.496910925387392	0.383302566996115	0.602014740882065
561	0.0351144755547674	0.144076901421924	0.23722290384338	0.463973575453649
100001614	0.874373635213781	0.373658225371116	0.351830363765667	0.536835935758277
100000961	0.963617254630549	0.974762798183647	0.35300836732607	0.568739500918107
100002397	0.951445888933175	0.637129610778904	0.335491333886022	0.506589328969265
100009407	0.925170704749997	0.996923394673678	0.338658910633955	0.560143963475865
100002910	0.877236647550376	0.585535360591712	0.307560137370519	0.499171797678008
100005946	0.289316574296208	0.379523725282061	0.376852699310186	0.65262344230528
100019794	0.10568009033249	0.319307815461614	0.333970104544354	0.70818121922298
100015759	0.271153778390458	0.0816287597676476	0.288476590672693	0.553330935865208
100020417	0.608480823380921	0.519101807488361	0.320573306530521	0.520346741600157
100001054	0.292662969123911	0.701465708470348	0.332166841989515	0.533570608310784
100001437	0.208351096848592	0.242304397790688	0.281537684684091	0.457594101205284
504	0.104716421238077	0.469348884279809	0.464344887095435	0.553448759217621
100001988	0.444943666036938	0.695572335487543	0.329775035754705	0.697612385922553
1082	0.0315259981465668	0.619062914965299	0.370250264899222	0.585419306119825
100001403	0.270591795737774	0.302130844630746	0.380037235924023	0.530209069480694
100001664	0.987768491150188	0.621467139269853	0.320128696930776	0.709279545373488
461	0.298140416484558	0.226968678501333	0.513265327211695	0.538488781457132
100000463	0.719261125272381	0.972290204363334	0.339031317316572	0.558091842023173
100020208	0.874141256959924	0.895910822947061	0.342157520617095	0.548971577493942
381	0.54903586196294	0.0702898716585925	0.157066301515567	0.413071319962681
100010901	0.0222381897571862	0.0333385911728899	0.368337304909132	0.622874943049023
100001468	0.336883355188413	0.898033661272201	0.344301677504504	0.548939133764321
100000840	0.934694105026666	0.918447197387569	0.34084459099607	0.567860067682393
100020014	0.226228064937659	0.582135332637718	0.330456092412548	0.570619589122085
100001993	0.724382688458416	0.630752864087395	0.285133036095149	0.700200321232445
100001051	0.108495061265647	0.0197293541849794	0.374059345465724	0.276018592400253
100006116	0.390851991377138	0.516571611022088	0.341337424676627	0.559626185172006
1108	0.909593613606607	0.986050052917844	0.337992837994663	0.559354790373577
100019966	0.275192389761137	0.1106702730729	0.413125911090238	0.511553373408564
100001743	0.614012841898971	0.415813912256358	0.327134218998731	0.542720762761477
100001294	0.112502604832756	0.18652791860193	0.245151825717167	0.608856293684949
100001609	0.258849080344047	0.11483984609872	0.31817807916548	0.642624961964221
418	0.881864910835999	0.915548514924678	0.335300486389247	0.570023617545673
100001178	0.397830727819035	0.856276547565884	0.331490074329591	0.543339358183049
189	0.805722514174527	0.761560459021358	0.316248162630225	0.541458037497398
563	0.561313231726569	0.751897955046956	0.358732697670427	0.539996827393878
424	0.59600229444288	0.419949116214019	0.376037943730881	0.54096799413632
100000776	0.178617921163077	0.365846701043223	0.371311261245036	0.57250447798564
1001	0.950313695902085	0.512642911253218	0.340851749590111	0.566064185710628
1135	0.285171689516537	0.0890696049008928	0.327877968303772	0.604895192474318
100021093	0.342912090002369	0.484151611752521	0.387982545760741	0.577712821231471
100020219	0.118301235986101	0.212702724592651	0.352980077169266	0.455576564479829
194	0.49393535497899	0.780039271889426	0.348614469589994	0.526550492126517
100008930	0.697513267783764	0.585120343360884	0.367994055421602	0.537580694917054
340	0.536244228639338	0.215353939045416	0.209655412576945	0.629110324894434
100010896	0.923446132717601	0.68244042267423	0.31393919286831	0.561257833617054
100000787	0.192977647106628	0.0891923104014599	0.33751351989697	0.287211237214647
100000639	0.0321329442853277	0.22045630338497	0.305448690638159	0.563569612417762
100001851	0.91029094162323	0.205953338856338	0.378276492074172	0.339851876322317
179	0.454827640839615	0.676382457501538	0.328324506821795	0.576196635488516
100000626	0.422343767971934	0.758803240309339	0.348251146586871	0.559180634779877
100001605	0.0126273840577747	0.0937056659319478	0.419461169962852	0.653880125551072
330	0.260140486013155	0.409392677501647	0.373722096731978	0.437603873075705
100001162	0.652673594668401	0.656739181692003	0.30802444032177	0.538619455446717
100001167	0.0404641022522295	0.225181230415659	0.334509887172022	0.536652670372435
100002067	0.640333854494368	0.766468639453986	0.425142829256002	0.511682292281574
100019968	0.580918986331206	0.330370887960612	0.378742902593063	0.488550381328341
100002014	0.915476319091449	0.988586788774795	0.335722654673223	0.581500260664645
100004083	0.482043731133668	0.141754504324487	0.371103718974224	0.443379579474804
100001315	0.270006452026627	0.365152440823093	0.356296705865479	0.618937185921071
535	0.240365049716494	0.541295584331243	0.362704424846613	0.551065069474747
93	0.389832700025564	0.233820175275361	0.386881563173138	0.402185685333173
100001989	0.388580102429429	0.65766549901996	0.312861130377737	0.599012317460041
100001740	0.794161037185504	0.430758258403032	0.307868350207682	0.579377364906159
482	0.255716331915247	0.984546635758486	0.335967740922713	0.559957062751832
1629	0.24301469926519	0.389007134974565	0.405423937401509	0.530265804532009
100001399	0.401430490611803	0.347278310269608	0.359225781385454	0.550773514165378
376	0.86213889520042	0.180330322280947	0.212829300598593	0.670283855046736
342	0.565246940829277	0.618093576563248	0.333710626981002	0.559164650148292
100001253	0.0298633359483766	0.202025893654881	0.285735083287541	0.761644474313578
100000708	0.690117029132613	0.832624068122687	0.351410780315903	0.564878268523434
244	0.160869024555858	0.0498487114699167	0.285457952774611	0.658395527136171
100006726	0.35029487194522	0.247495070066361	0.401146083459467	0.534964415165646
100000036	0.172736023252037	0.689944288259056	0.315266398830076	0.593042280137054
100001257	0.0260100755778016	0.0951451451589503	0.443221110606346	0.817537358877866
100000445	0.549405644405255	0.667646648126698	0.360378035879141	0.528552263934541
100004088	0.00626703966189716	0.144293758414592	0.376507819964626	0.637756931572154
100001423	0.947203945407909	0.711835971002201	0.342738987221367	0.527926554784249
100001276	0.398595153388273	0.279459660290904	0.305854882457908	0.485858084011821
100001876	0.79819497344881	0.907213307107242	0.332992145641481	0.56061878552616
100009082	0.670512895131608	0.0458456225628191	0.157273342985511	0.556990305534455
100001121	0.321445876447046	0.704801066210104	0.331634515307335	0.552474848699599
117	0.329580110972514	0.646267253959328	0.317569699507127	0.577073686439307
100001868	0.0327903105477457	0.103745405707507	0.401453444517684	0.558153237571188
1134	0.620904558302835	0.274309463447441	0.227479987129227	0.526268394478398
100021012	0.267240672758004	0.489273924365581	0.344378698497513	0.582230930473203
100001181	0.780035250252424	0.252375352855311	0.415251645673492	0.493870684615548
100021467	0.704585422492242	0.279226372398977	0.34300667551386	0.470582855789277
100000447	0.212857745506229	0.227464434254195	0.391417106190503	0.517936807912614
1162	0.000520697970800874	0.0121897013032324	0.438867969819102	0.462855740105323
100019982	0.336312392107137	0.568836570876029	0.340998342326326	0.558779810369437
100001613	0.983763351507862	0.446814118639775	0.352537053537821	0.531175175710467
100006644	0.556931784338289	0.773931069811759	0.322233180230975	0.582392953585066
100000096	0.601913727702311	0.0290865293751176	0.222223740528707	0.53989106657707
926	0.540214188370286	0.666316648838609	0.343707337128396	0.561068694581354
100020004	0.849257324937105	0.690216911112557	0.35260435826789	0.557500993117152
363	0.187104584513479	0.039741912987108	0.318046004233895	0.191827237102363
1111	0.298779339646615	0.97304878886132	0.338502460320532	0.614844228231235
100021712	0.653250501105004	0.817707618190783	0.335084163816886	0.547790028774367
460	0.559941202490736	0.549966213306446	0.363994259062819	0.595561926141337
100009331	0.230401790067832	0.142297462044516	0.306878139973369	0.569771610079346
100000442	0.302556295614942	0.771363074885608	0.3547892625362	0.573434832569871
100002945	0.0927899271187693	0.015832354291415	0.435926457226438	0.520422555195847
192	0.861518173720901	0.993864447779038	0.348624231247641	0.571923021251237
100020241	0.456074193066087	0.970205071979879	0.336820191432635	0.558381923067053
100000580	0.078284315724606	0.102146152277693	0.294004792857059	0.772080961187781
100002466	0.0130645211106193	0.0330144518631914	0.278410189586183	0.366101398908541
849	0.770136995254672	0.618596345620932	0.339640784207599	0.520127026554154
501	0.468345140117487	0.35970675924194	0.376736878170092	0.511871487123828
100000282	0.658971410994481	0.130919437307313	0.427250409350488	0.457991348347944
100001577	0.0376424196539373	0.200829452893768	0.443258219810904	0.624020040637361
355	0.114546868268938	0.319485081122362	0.285632277969486	0.477845267624479
100000841	0.830981542408158	0.923854900799715	0.365164124240124	0.553871620518397
100000846	0.800783896317216	0.364208561111263	0.324658744722348	0.554821518959676
100004295	0.98261608664687	0.435141718756439	0.310381747016764	0.523063069628024
100001586	0.0746273038291742	0.0299883280204043	0.515296347466448	0.221506872520429
407	0.00472165681934459	0.0182346388973722	0.407074341672511	0.578218626499081
1137	0.903089838956916	0.792214748457499	0.326459948596771	0.591436411378883
100021374	0.0260327703920531	0.0136061647217925	0.265106641233015	0.936670798785318
100001593	0.605245185549988	0.946912912545564	0.337196699833241	0.562104990640121
100015971	0.6955011480214	0.706088643938169	0.328778861546745	0.553758111412416
100001022	0.379691580767155	0.204752925590441	0.215563999217429	0.818021212885506
1094	0.0253784661209632	0.161152895925387	0.566446467173964	0.781601655053368
100002122	0.291155530842903	0.274968153520192	0.280369322495947	0.658533933484239
100000706	0.628430302687953	0.583904637391017	0.293823325942381	0.558133245738967
100001055	0.680490143565576	0.456505774096098	0.305964195136735	0.518125815242016
1235	0.493461984872283	0.741491539040068	0.322136242662891	0.587210050721176
100020204	0.106886115710746	0.552083276451888	0.358891325288819	0.600110132994018
100015643	0.0574061839736992	0.358207555751532	0.352715130925876	0.5380834386506
313	0.0260754216284995	0.271674734939982	0.351856076011808	0.505704923399029
100001413	0.784108786230154	0.938641601166227	0.337247543443436	0.555284206311943
100020423	0.0234223081037963	0.0160850991077811	0.362925707098767	0.282099004720567
892	0.424727182262844	0.136451419785534	0.370472015467057	0.581004545139719
212	0.0459032490771487	0.103078522118387	0.458682877518337	0.516042296346695
100006105	0.19664317468436	0.184508019017428	0.381081871816211	0.571312737083248
437	0.805131894574897	0.571817095764109	0.312486994600782	0.574492412319291
100019892	0.542417908849888	0.747250219379461	0.335402529168952	0.580969338544757
100005716	0.0809164331572258	0.111842353369746	0.358833469323508	0.639486629535307
537	0.180944001186755	0.108435849872569	0.352822068480442	0.573100115750167
100001990	0.282783000729061	0.571792636576247	0.387737459610229	0.508131877630057
100003397	0.0387675801506013	0.00425699712509592	0.265497760607729	0.347818498291561
100001320	0.104775667884943	0.176010151380282	0.445000666051992	0.321604128882469
100005717	0.126470888821409	0.0878678079278562	0.392092313770911	0.585721041083865
100001207	0.022381818069224	0.148656230567104	0.394429192080909	0.549411814316882
100001999	0.478267829442409	0.832975481010777	0.326826156907815	0.64965353546897
100002488	0.193340275223221	0.016364493276171	0.405733031021315	0.48997305689884
62	0.169026941009584	0.645975390682996	0.327256783838872	0.561433003641297
100000467	0.715827741089694	0.507001678910244	0.320890192663392	0.546170054032995
297	0.00724425746117656	0.149936885141723	0.338357593089588	0.539023004525818
100000285	0.0326100096904925	0.41840091281527	0.337189942170025	0.648715009258493
100006056	0.061362653088963	0.37692897482408	0.354710255073101	0.596287796724137
100002126	0.111807284919034	0.260064303700123	0.264345498871465	0.869885254154745
100002129	0.845554256871163	0.822065580626639	0.324856544851454	0.650460973329257
100020478	0.0288964332378577	0.200304811622433	0.30553406216057	0.583276170556369
100004089	0.0236548386722017	0.381493304133382	0.382688348750355	0.476613658424672
100001755	0.554606109935092	0.544252131227592	0.33967719056995	0.51273954719849
100000551	0.0283849106152256	0.933056568080103	0.349177311561645	0.553849979750032
100003260	0.545329473637636	0.355684517301736	0.368986511496253	0.632594196575316
100010955	0.978469209169681	0.47278048528086	0.278277505579643	0.489553521265512
100020851	0.255789336085888	0.494946231789014	0.356404099235484	0.58304153477998
100016069	0.631456941555747	0.764730941322998	0.341858214100352	0.545192440348161
100002027	0.534791473293539	0.568197122469915	0.266116588964319	0.661010515125274
1123	0.36117773620738	0.192414587356046	0.322577110926802	0.677693190907248
100001150	0.412821575685569	0.745528802394284	0.320646230954641	0.559704675596037
100001657	0.389396188518626	0.592021891374768	0.342621292381257	0.530841093874818
310	0.236122341048667	0.348970639007057	0.298875417175729	0.65313389134178
100001314	0.3766068746522	0.134853808330606	0.317132817580249	0.456457191262029
452	0.741524945106181	0.610976822157366	0.379756036987963	0.531841073851067
144	0.106569693758026	0.0557939740446738	0.405595519401499	0.44154668202767
100001182	0.194010787347642	0.143609077048725	0.415153451703333	0.53750234945496
100015965	0.768151767709127	0.505670142398005	0.321420063874882	0.624432571741449
100006108	0.962773119693025	0.505532768956818	0.345509727531121	0.592519081157756
100001400	0.606659720418029	0.56322208713823	0.318594851038472	0.540683718735222
100004541	0.270814546719937	0.176415508930956	0.335624647640835	0.322229836213681
932	0.907912496051341	0.322621203412241	0.345184196991266	0.585815744335046
100001992	0.496379088178474	0.568165987257885	0.45669122037095	0.477362328973941
100009252	0.184481392094355	0.220890203952011	0.387352349857405	0.561937671440273
100021104	0.593574990821605	0.578221066764327	0.280791936323711	0.683483230058564
100015838	0.0116821249224048	0.0452252092319264	0.467517082196393	0.797069713348479
250	0.00105670018798021	0.0234324293365238	0.592356374612452	0.650476985151215
100002537	0.983965387476136	0.53244022526142	0.313439216795956	0.657202538219636
100001658	0.689806896467579	0.600644380257647	0.375539799773807	0.536184094464703
100020416	0.105378961220186	0.206579159747028	0.299558554816781	0.481532453836753
100006642	0.291924100932339	0.833375897964553	0.327543350873311	0.577717667603505
100001391	0.120574344169723	0.368436229062263	0.412223171831952	0.668493320437521
825	0.506668578687801	0.71577489172148	0.309190265138178	0.571775467336426
215	0.0193522133437172	0.101081854712774	0.396489561435558	0.542168466255956
100001026	0.999154986910846	0.922048767761488	0.335393788570197	0.587506568832308
100020541	0.349081634812285	0.403319175812979	0.293398612406126	0.591530355555415
100001526	0.200676294545203	0.272988742469716	0.498991343234841	0.660118341258119
100005384	0.480598601441487	0.38221541621891	0.317658665493368	0.479365750537426
100020378	0.169666616831028	0.785912019017461	0.325958940389585	0.568307723173253
100006115	0.973317457426083	0.363276158105013	0.43663755235666	0.455618304238428
1442	0.217142454414187	0.0473015457124901	0.150231916897389	0.45948431279977
100001843	0.109752515318867	0.179780450100752	0.372125215646485	0.632503464521798
100015837	0.175491697111309	0.285609503537338	0.549707643054048	0.521729857152249
100010834	0.703077415231923	0.949055534093163	0.337180450819488	0.555508135675609
100001393	0.49407612623132	0.502225926101864	0.278321502856767	0.603231370420281
100000015	0.193383256815897	0.674704085051703	0.317210684120126	0.58411345394825
100003892	0.0546971342918251	0.0581405357981398	0.291735327038087	0.812007528064716
100000042	0.200483474707288	0.0240747216029016	0.355527139917999	0.483460044768965
100020550	0.640603877023508	0.229269753647151	0.360080805425911	0.473156163194904
182	0.46966566082646	0.364841311610996	0.323776473259131	0.583187177473062
100015723	0.167361239387552	0.46404280238616	0.337801075416702	0.549101979080846
100020343	0.393938628021855	0.481777450293034	0.305652897564468	0.561554516339699
512	0.437895137323431	0.693077954654948	0.359491046591305	0.541428243372827
100021100	0.728622854762927	0.699129834757401	0.323873258685456	0.560364949691489
100002528	0.367303682565521	0.0736245577637938	0.394636245775771	0.37293655505547
100001287	0.5203596044103	0.758580046545983	0.436837063686654	0.516988656274593
100001229	0.690142454046429	0.85971759971457	0.348776543231759	0.546913801303132
181	0.380154083264011	0.882655959152507	0.332407463638088	0.576497731473306
100015831	0.00213904510028605	0.0223643862625499	0.440678031389744	0.380335846812125
100020515	0.299300546153288	0.478827046275649	0.281434278046498	0.695515696576715
327	0.239516400595774	0.266745118387149	0.402358771270227	0.518045754453395
100009394	0.600458141565307	0.754311297565102	0.319109382153958	0.584793677491315
100001596	0.906802963990144	0.225929993873361	0.306606349994311	0.404351459610787
207	0.933716209817482	0.509368716182853	0.349095564290209	0.527556411648932
2054	0.260994333262973	0.551003571437961	0.316919170203093	0.565544019726863
100020259	0.619141292796942	0.540843863449572	0.369666706664806	0.540196323423464
100020414	0.00260475523257546	0.0340648182922971	0.249911802722204	0.523635573160715
100021131	0.902578492106341	0.260334812467157	0.326705974833972	0.514772159029901
100004499	0.665189383254315	0.832676824237503	0.330112876992933	0.546627303477915
880	0.141716511480141	0.717752262806404	0.370440089766026	0.55018504117497
100002049	0.46108802003477	0.284311788831991	0.3764868777714	0.503975304448948
100001739	0.567451331277783	0.241480899919546	0.42340551106586	0.523503035013623
100001126	0.427276829006729	0.142131599594548	0.224042031349641	0.452034470980131
1113	0.607234581640329	0.757265172072937	0.35850196921446	0.523874668530806
1083	0.955650828411937	0.292906371227225	0.37114441923995	0.471112347188926
100001730	0.0671535191874873	0.16575380776556	0.398490442956945	0.431097824702751
100001412	0.621006157815968	0.972655166720228	0.339236005749943	0.558920117299404
100005996	0.722778155400239	0.58457025843514	0.325146605470402	0.533045352331634
100015962	0.00114644694323079	0.0375579818979329	0.266161004430281	0.841579630646355
100020214	0.732303213213605	0.432054487730655	0.354717941288795	0.491172307526869
100002514	0.127831389156077	0.330465570190853	0.350648286801226	0.500973315432479
564	0.172165833170672	0.0487039867850498	0.303320453336254	0.436834595224926
572	0.0182684507116066	0.0152340567823341	0.506126135350101	0.410977475134732
231	0.893937792589715	0.611025588545993	0.308081184054565	0.569160276797393
100000453	0.801392008839869	0.70142486449606	0.32267512412864	0.591067916271963
100001007	0.11634184971053	0.232010421314525	0.401758032818824	0.444202249743216
923	0.63089579244465	0.347236368436851	0.319578149403747	0.610730518196497
100001247	0.456724073033803	0.548073257140546	0.318917780445183	0.544654431459228
100000774	0.579926092443313	0.893637575529744	0.349313127730572	0.572720298232574
800	0.323519072375818	0.339569715837051	0.356966236558261	0.608223283514555
100021678	0.303225909075361	0.41392685291126	0.283709897920106	0.562695682155978
100021711	0.416054155478947	0.828475258003643	0.354074595322752	0.566051281614511
100001274	0.691240943157883	0.327202665310027	0.32996646666451	0.394801214474244
100021220	0.12514059541542	0.163718807235879	0.410004828408093	0.867846334594271
100020253	0.44224051187319	0.985599884669849	0.336402869076103	0.558400082872438
100001170	0.753150297874697	0.175476335259417	0.313998787505035	0.467760825077585
100001466	0.239734584767336	0.815845281426751	0.348236726696395	0.55063901598821
100009406	0.736697813135012	0.684310445552177	0.323765651850152	0.574828269543369
1026	0.22199465237607	0.47129792088978	0.355224786283086	0.531767818510999
100020837	0.606676304562494	0.450593449462642	0.369866361860624	0.491497934408325
100001006	0.0454731781647437	0.0663129737951212	0.332081422382714	0.65876166689117
100003674	0.769194556080543	0.131324073522915	0.3336672594429	0.550076845972138
100004396	0.289494445022445	0.370523331398402	0.39438886000799	0.448665033735841
100015923	0.436442766241064	0.835471900443398	0.372248979788605	0.543135265372843
100000265	0.453886531621254	0.688907280768706	0.344615609466973	0.53031857508648
100001409	0.0712538011342638	0.101569217013446	0.339487890439957	0.398670978333692
100003434	0.486425405818229	0.443047104903642	0.34831765560487	0.472104977730849
100001334	0.694415688223353	0.0795663966479202	0.406855909580149	0.461553780721517
100001102	0.732190461507361	0.731676769452006	0.349034081933172	0.537730331461737
1268	0.682586914123454	0.0755785980284498	0.211830614241011	0.534107447562101
100001300	0.214686049636006	0.0847157251542221	0.301252848491591	0.556175746287525
100021324	0.291111096686959	0.754226207226264	0.411178940949806	0.552898629580321
100001617	0.115798833822211	0.106752116050271	0.32667724305015	0.59895384665341
1105	0.860161631886699	0.122339219177104	0.472123878968365	0.261051595906157
100021502	0.0555385644878314	0.258681308681889	0.327141022082367	0.582337732669737
2051	0.778456668557909	0.577919102540366	0.336894999740187	0.472400483421662
100001256	0.148460516100224	0.529135517845799	0.371667048654545	0.683145882743438
100005466	0.056960550721974	0.0724922763765486	0.390812045395609	0.360722229976169
100002199	0.124717653288976	0.713571558892377	0.348759694422313	0.576391926820821
338	0.0133271268205231	0.0375835318930512	0.551616842172609	0.326319194418651
100004243	0.409396268278249	0.552641902347391	0.31417021215994	0.566033438963146
799	0.526977377289052	0.901521659623422	0.336714859261673	0.555505079034511
100008928	0.625653199606882	0.112770255918372	0.332909961457357	0.559083107295954
815	0.0499337870341952	0.217055915473814	0.34871588907387	0.616283856724042
100001456	0.00609071672350186	0.0728403936666245	0.324883998351594	0.487717908735997
1242	0.0726037164544447	0.0741489380656209	0.413561925322349	0.368927705196273
100001416	0.270829370978468	0.0955861320803634	0.23746772978868	0.324810442583565
100001462	0.376459024009649	0.324869409473954	0.397136840002104	0.51981428665081
1087	0.163709928438628	0.0356215740713764	0.356881032647473	0.512995821638467
100020421	0.0843864704264803	0.109893199795075	0.380578588110876	0.354265777481292
100000010	0.00329842566029358	0.037783597373431	0.361049774494986	0.60034790778537
821	0.532089073525189	0.357476746472543	0.376186627061881	0.422166360627963
100006627	0.240625593962817	0.130238977481785	0.471580568447888	0.456376556771447
100001277	0.366324117785279	0.146685287835105	0.395379085913549	0.520075629779175
100021141	0.0493009073136881	0.21262207870272	0.370940719109678	0.65338378949007
100021105	0.111062921796977	0.167077009285214	0.383202848629397	0.325711873771366
100001950	0.000393269479572825	0.00759569542833202	0.423116891129812	0.71651938147367
100020217	0.822588695062411	0.255548340729757	0.238181582467819	0.39202597230591
100006651	0.0337842330316195	0.16718982385964	0.381020331225216	0.354162492164921
881	0.877294462789397	0.396898770871729	0.319650430166003	0.565944689796326
100001509	0.632339548563408	0.129616691696964	0.299629729989562	0.475095429296493
100021709	0.612329146381224	0.863454592736939	0.330582021958024	0.56318005141036
100001635	0.26964558242043	0.0335674691140552	0.371780451864324	0.499819771063954
100002613	0.470947372367919	0.130953510794819	0.312219753150176	0.642597421802342
100009329	0.55949779813671	0.732026442369307	0.309872429204457	0.678398303663396
100021123	0.960909430087411	0.638845541839398	0.345988838764193	0.495200640743665
100015760	0.179592024423895	0.120008362817279	0.279887841544575	0.577620900741619
100020205	0.384312103848689	0.392678622312517	0.398290784299298	0.397952638525435
100000765	0.644102520423357	0.580195629439102	0.332927821817005	0.520864176411667
100004111	0.262991471256427	0.137141575912085	0.381909111177314	0.514787821291881
100001615	0.190492739469647	0.825429139032192	0.335527258202385	0.557717086257903
100009227	0.18275382440722	0.111084792539422	0.465962028756055	0.685259768653623
100006191	0.347826044985443	0.528283577200832	0.373431897184878	0.502724511841797
100004542	0.398124705935577	0.353276215192391	0.357323419913778	0.595109686885351
100003686	0.277138579420887	0.114786915908739	0.473908492836439	0.490331462298999
100009232	0.0343598657262714	0.233747641049757	0.334830573825156	0.480074346301539
100001501	0.0620439724849137	0.116535752995147	0.417180615277177	0.606922566191325
100002367	0.543824797932613	0.257575678880319	0.316973850413823	0.432728111535411
100001108	0.28977066779258	0.746298381729749	0.332639126684563	0.552917466151305
100004227	0.740628324822705	0.980652419963585	0.336198541912829	0.558411501098649
100001310	0.209907535827462	0.321029073760599	0.315549444060811	0.667648887056175
100001994	0.737087021423209	0.902620741003153	0.347264890412987	0.627370101132856
100015839	0.0154365197169671	0.0153930395458353	0.429211960794113	0.653088921673429
100003271	0.00749015318677617	0.0831198811676362	0.42812134984345	0.39245028875848
100020496	0.907542993024478	0.935980449105456	0.335130559338329	0.564659654366539
302	0.719282548193295	0.452006401199806	0.300226904727508	0.532015540846431
811	0.682374166280437	0.693800677052763	0.328113455839608	0.595581789054531
100001267	0.924974475866377	0.726602189023124	0.313539929155989	0.551843395014387
100001197	0.0345743773168519	0.380669763028241	0.371960329480201	0.574434667908648
432	0.216750638529164	0.461353507228406	0.359413150379683	0.53910167789318
444	0.00359877234680726	0.0336549483170873	0.409452007085431	0.641836914941029
100015968	0.347749612392665	0.369509616932303	0.332117834177277	0.491316592794888
828	0.843082973965071	0.921863309759984	0.333118618014942	0.562604899538757
100004054	0.284917644282744	0.869470203785865	0.3374564976559	0.56367998928333
100004635	0.0912736117237838	0.123131374106339	0.754964933166279	0.310567593104745
100000491	0.586245218196543	0.631737238770621	0.326461410051864	0.493908570753594
100000939	0.0364000082324678	0.0286526329540319	0.364458155618773	0.445772117062175
241	0.183973841470709	0.574703143921239	0.361529221832122	0.574095359493519
136	0.396299345009276	0.0754186407142861	0.289782537678147	0.746591859675998
100000792	0.502292224566977	0.961019657736227	0.339937491186452	0.619325374739369
100020973	0.543454934976945	0.61180373510976	0.359097650144215	0.532116440378437
100000936	0.705582822137702	0.883431826896318	0.334586656539572	0.561045147941578
100001313	0.00384478116819894	0.112408365082287	0.368006951130035	0.586969115158193
100001951	0.0525511745268017	0.0968272652379071	0.374884182540308	0.553629923317291
100006098	0.0209032373463232	0.0968306269944821	0.369591695474178	0.673587724188344
100000007	0.192595108956928	0.482439908359268	0.35050677147911	0.557402984971838
100006641	0.930516290086004	0.880915325311003	0.357472324338752	0.559745260083921
913	0.0131989919619941	0.0627938827622255	0.411080537394659	0.439546214336215
100001579	0.743843189519691	0.402308780074177	0.373170749829395	0.554327958229529
100002911	0.130195732193607	0.0113830087475844	0.440040491226379	0.507395715320265
100001293	0.294156277746646	0.429910201805828	0.29911985204663	0.684718515195902
100002241	0.196626627705632	0.491763889719712	0.356705783404136	0.525050086399783
100003179	0.461330073434762	0.0889143960793086	0.317476751628766	0.439322082642095
100021372	0.335362215946534	0.240088351094879	0.25578069600176	0.565639898952883
100001956	0.350177684018985	0.525869152543059	0.340114564457711	0.483261086955248
100021162	0.182993413419332	0.141255375071564	0.325567261984625	0.387323040239033
100002259	0.348404771140628	0.61906105740891	0.312298552545239	0.550961201367124
252	0.585740821417913	0.70286583973784	0.367264968758613	0.528758171801985
100000707	0.414430574013512	0.32474741557323	0.333908185751332	0.561291507715609
1489	0.619641956551136	0.0193906112617788	0.256375135688091	0.52748178428158
100020361	0.0237587380028837	0.0834299052885325	0.375621849239058	0.827582090776022
55	0.866426985939907	0.958570623744895	0.350730008202686	0.556790547893549
100000863	0.252356246549652	0.258380293047379	0.295156935232871	0.593211307064599
100015840	0.215159415822493	0.115968294904694	0.426994606741788	0.538506680085007
100001541	0.143976570742474	0.0801648888743725	0.235920458942812	0.545369041285081
100006082	0.149768132871137	0.054204404508127	0.434372044686685	0.55224874225464
1254	0.878621581234703	0.825108246289221	0.324767140588057	0.588634346869032
100001624	0.544883666253077	0.380742266135118	0.316831905426993	0.542206974411563
100015850	0.78754495873036	0.650000654830686	0.393638860244264	0.536369764315715
100001104	0.00328094034445733	0.0149800196132333	0.37307287798223	0.826602405973923
100000900	0.105159205715422	0.390175550225945	0.351109649334313	0.556557214138994
100000269	0.169146862307065	0.0617276239830788	0.204291075582938	0.494999503533703
1022	0.20604990378756	0.988608180609058	0.336428335211489	0.558403798184513
100005373	0.170800104378601	0.0688307406297168	0.306244134722453	0.574839580203655
100001129	0.142422095082128	0.735029524405334	0.326172169534952	0.585708101017083
935	0.00987940494479732	0.10504774519041	0.447293337023885	0.415491134235868
100001262	0.181309478012255	0.221394145058554	0.346396834916379	0.587892069054232
100019978	0.258104674063556	0.674080133228248	0.328635661366414	0.551672197751411
100002293	0.853205640437078	0.85811625804156	0.337496564246869	0.561613758330237
100001426	0.185627984044679	0.24217091960523	0.345811716503209	0.403179931446099
234	0.0358476352269009	0.153073896357288	0.333525612262284	0.536645753515987
100005403	0.204480103672055	0.993443684314455	0.34387301347495	0.561306534483662
100001083	0.00133236772003141	0.0770835311585492	0.466329656983565	0.487963836449767
439	0.631929499190685	0.292270639860005	0.365308915068489	0.546338446482474
100001086	0.382970440927259	0.452128208679392	0.347710819301312	0.634375086349795
100005864	0.749673183620085	0.48047508247164	0.310301047775939	0.62121415792653
491	0.493147295096647	0.897180699979435	0.335052919957599	0.559515834317922
100002029	0.52305627619413	0.442782154647269	0.322722910316136	0.449401391920716
100002154	0.940584976466123	0.533609673523196	0.300885797456771	0.55064245744274
891	0.493243022793074	0.189723541517559	0.376533183558115	0.527591490433397
100020261	0.345417400338644	0.41212658351617	0.40676679371609	0.527150411989926
100001296	0.490566085733561	0.446241626991941	0.342950090520934	0.453507558560312
2050	0.476508162657042	0.513980351023611	0.361393657572756	0.506796020545478
100002761	0.286164115703193	0.688852306280864	0.297422973902299	0.68560117659072
100006614	0.825243624569543	0.6950770362238	0.313474595973589	0.618597521622126
100001597	0.646551677277788	0.203673943343858	0.226945423712931	0.435473545473226
100020853	0.80471288010055	0.895773973528701	0.339016354770889	0.566044523061771
100001446	0.208260216313252	0.35264066112604	0.303237193279947	0.538824393422585
100003240	0.301905903634923	0.123393572151307	0.387199721294126	0.483109429284692
100001502	0.00572671334404639	0.121193910918534	0.452090422989824	0.611692455516083
100020866	0.0814548762052614	0.00954795582315378	0.215034016552585	0.3705599318015
100020419	0.0483026780000779	0.110259349818382	0.354133136807675	0.35829552195565
35	0.569635870876985	0.324797596905354	0.307160224526002	0.51740118427483
100003696	0.00938705718327646	0.0431307870029608	0.503960592798149	0.477469840589736
100016038	0.872956318039882	0.865889553928261	0.331894947685168	0.543240625189252
100009333	0.175944483902515	0.149182267286623	0.34017716312122	0.577157052880855
100001611	0.168896106787754	0.332541588445901	0.429116090193287	0.537765710679233
100005383	0.764105545710396	0.337891757053642	0.339319064317487	0.607804390746303
100009239	0.282460801779566	0.115793321016106	0.42755974716377	0.384846037987505
100009332	0.248274506954679	0.18126307792003	0.345106138171606	0.503591702827483
100001731	0.149008976207209	0.617759971442435	0.346310734380266	0.532528290577211
100003415	0.271214559928563	0.375963072065594	0.333506200432326	0.561867135780728
100020578	0.127370966132685	0.182349557918263	0.319953114804859	0.455569560296929
893	0.911382335583047	0.492949239023652	0.334368527364699	0.567430726687563
100000963	0.356677958921534	0.214239564221711	0.427752999416773	0.391145735739252
273	0.175209119432667	0.338906684687166	0.382181626463799	0.562063758115746
197	0.438970646058407	0.381559161561604	0.330056626319876	0.440478071022404
100000808	0.242271273038251	0.213416042556633	0.320134878666373	0.703146827623402
100002284	0.773179605770057	0.374365848987451	0.225072601535402	0.505897558909458
888	0.897777930219743	0.0858085190916103	0.368136644939556	0.53562779998324
100006435	0.538348595211545	0.384698982896563	0.267905478881133	0.833318187790867
100006374	0.23461813718011	0.574786882100834	0.343677571910771	0.553166233740558
100003169	0.572659114192488	0.963217675388997	0.334412695228219	0.556576380272206
1004	0.519097000407827	0.721047660317815	0.316397708910127	0.532522236986317
100005998	0.0935197616595116	0.889467746945968	0.355350508637742	0.565745984568875
100000773	0.590955298888801	0.500725339916307	0.34521263215275	0.536816277857741
100010850	0.0132922945361648	0.0993728713510716	0.405764766164192	0.430271768673149
397	0.788205382211727	0.426738538221771	0.26214851262634	0.620994510644515
100000039	0.0770169421285734	0.236069003955281	0.277310922093646	0.612452411358153
100020833	0.773138209644109	0.77546032528579	0.34418728585357	0.595583530230074
1021	0.368276617445643	0.335586342790491	0.318151716826175	0.589383510013391
100020479	0.357189972679415	0.567597218017124	0.341030264132522	0.568772203109312
100001335	0.463795964152126	0.284028531400355	0.385973397743331	0.52172062489408
100000743	0.609860053864619	0.964900999964076	0.335619247329702	0.563783304181981
100009246	0.167676362842426	0.644448357888026	0.325010341496306	0.587129622157148
878	0.185774110996646	0.794229290794558	0.325844870157724	0.570251845281463
100021103	0.797574719497047	0.880136790959454	0.345301616829056	0.631033727744648
100021363	0.245279581048773	0.589511154742208	0.315165952981894	0.59636211952507
266	0.115211410160422	0.190011551233443	0.34491327162053	0.481508838046464
100001195	0.308445876520814	0.196530692967346	0.431640702313399	0.485724686638428
100019801	0.749490938422376	0.677816122320595	0.35207297043998	0.543996739396914
100002196	0.0302034930020099	0.237042999795143	0.357856556969247	0.561246168371271
100006370	0.25739962363598	0.983329527716841	0.335735546403626	0.559606302078767
100001510	0.0370651303260873	0.00445199244027863	0.277557192539133	0.6729868159717
100000437	0.464525417714414	0.410387395339733	0.322140569833978	0.622765231303452
100001767	0.117319300818055	0.0297895190514059	0.419356299665102	0.607917635702232
100001810	0.435968929574224	0.549420989117928	0.346073491994369	0.702448412683355
209	0.035700584690958	0.345960508508652	0.38374073721756	0.54411554985776
100001485	0.279562020400895	0.0990785821033988	0.207117034997331	0.505375332273139
100002500	0.116781543816235	0.43200179946903	0.343091017728904	0.528381774404908
171	0.0158874483587145	0.0163072312468044	0.264152648825227	0.524364222170097
100020487	0.985819511924659	0.764250396028077	0.36827497958556	0.513589773243827
1206	0.0066057050587754	0.114573737464545	0.342098711012496	0.602235591187218
344	0.0131398744215913	0.0293545578810981	0.649005501886425	0.649649119027685
100001405	0.555744352330111	0.945909364017396	0.339975860802779	0.555582828396839
1239	0.898015357215479	0.476494734165913	0.378486828760971	0.5569811075191
391	0.056749025362079	0.187845893357892	0.316106412204841	0.754310342848522
100006430	0.427109673263812	0.152298542715839	0.428923762637796	0.310551727592499
100001417	0.975759805187573	0.543413704378596	0.322893258646228	0.656492522086519
100002951	0.0474976070886836	0.410351827772373	0.33550403113844	0.47131863297974
100000014	0.444613150106541	0.604085365994022	0.328026146955788	0.596457592869005
100003926	0.539314001580494	0.455100385843187	0.365342691233351	0.537779363115169
100021538	0.475054439954489	0.331864797068336	0.397565208194632	0.471084765152281
132	0.313057871749594	0.926795814696911	0.33767341964643	0.557690192444513
100001425	0.547195598344686	0.486427763566678	0.4234267906844	0.492457516650238
100020262	0.577469985309896	0.623518597650584	0.36316085589875	0.543138226804076
100002679	0.314865396239044	0.679629522385707	0.319085713676141	0.627114720077748
100001270	0.805584973492403	0.515733810848973	0.347112952274773	0.530932704696377
1102	0.722649626675661	0.960827640427787	0.33474766105071	0.565357138592496
331	0.250300088302319	0.192712356301292	0.281815862479051	0.45736579244201
100006361	0.362701390977568	0.519646064496622	0.308294378986838	0.634534290642411
180	0.75904554515391	0.904854275293807	0.348685378929919	0.556440336538789
1053	0.301726702894214	0.440543151424286	0.494084008466111	0.621414699847653
100001359	0.703005494823008	0.910561938323069	0.34939120411455	0.551179695152796
