chemID	simpleLRM_Fstatistics	multiLRM(chem_sig)	multiLRM(sex_sig)	multiLRM(age_sig)
100021136	0.0194020963036671	0.221655188564595	0.321391541725025	0.794610134891217
100000882	0.821564080722279	0.668436137553674	0.289399291462729	0.65180882032363
409	0.0828067374639098	0.169012738045493	0.320535342761435	0.433057794731335
100002254	0.683881991669537	0.0441151265494969	0.189166094746777	0.659161702910471
361	0.00774718997119277	0.104056201293706	0.201189470356229	0.654467627716656
100019975	0.535524057776879	0.732004667228828	0.279326665504008	0.692900017408265
100000257	0.00071193867993704	0.0203355863737895	0.280649144920586	0.61067915099006
100001232	0.96084169442967	0.959775835945567	0.286040904866688	0.67587367617106
100001948	0.348483389450457	0.372562731303087	0.303516429829932	0.545177417819081
100001073	0.616468586756705	0.673312425380643	0.34686860967258	0.603192037702864
100015637	0.939142828107037	0.456022477006314	0.29819203515479	0.674298289430316
100006360	0.632840438122234	0.696981251396162	0.264170940886384	0.740901083878807
1488	0.55946999594539	0.605811038181345	0.28053413572769	0.650713785818188
100002253	0.858759471412744	0.975387911603038	0.279544315784702	0.682762926304516
1023	0.967754664321803	0.720446870300466	0.275993236239929	0.66273411954043
100004284	0.67812758863337	0.817212264893838	0.274016358732995	0.68500990441932
100001251	0.646680283984945	0.986384381260912	0.278868660429856	0.67775893076511
362	0.710561649946582	0.485393820851235	0.25212506898439	0.668827267836727
100006620	0.76347948431816	0.857490434959127	0.27924398534542	0.682422493270287
111	0.356986498859665	0.169074401526217	0.236692718020279	0.654119567415679
100009045	0.649734484665093	0.279577685607473	0.231299776645848	0.830821287663118
100002927	0.737974308168765	0.867209710348927	0.27417830765581	0.695826698414674
100015641	0.748952275559926	0.894377298242804	0.273939852066737	0.688409640364335
1114	0.113520710656259	0.942382406291159	0.27652305573544	0.68110909867196
100020409	0.36889655165207	0.393519061367992	0.278405780653334	0.5530433212282
158	0.12915880642823	0.241614997751991	0.35507657751395	0.70602142569586
1224	0.0488076249058666	0.177120107519468	0.215022759138119	0.721905581930899
100001620	0.491278498602441	0.395438454963504	0.240660617702587	0.673287123920286
100020893	0.285895669022732	0.0580618983474697	0.252677383818892	0.391526829432755
100002458	0.763140919356907	0.562853575401833	0.320909227907132	0.626243391677134
100001112	0.7993149539012	0.995978075681963	0.278363995395156	0.679636643514639
100002953	0.41120279143537	0.812956360716072	0.275766009229906	0.689711830598118
1141	0.392530846727089	0.0548783366459159	0.362538018656636	0.506400184801553
100015834	0.448415739123729	0.977977770305476	0.280609905684152	0.68087963810157
100004561	0.617399339547572	0.874354617114235	0.282041939920429	0.674260721900768
100020497	0.812310650599526	0.735834991542807	0.264453296894321	0.70542960507636
498	0.0486009099533845	0.29208260636073	0.273591838840503	0.753200855077192
100006051	0.888142049564638	0.860742235064468	0.281502415833448	0.673852787397709
1668	0.651286956129922	0.51827356840922	0.272744179204784	0.613933551422541
100004523	0.43896857189904	0.914064564902941	0.285013017014635	0.669384256158816
100001604	0.251619273339938	0.545617437546763	0.274426743327861	0.719382329117864
100001002	0.178543956769867	0.529093756995415	0.290005847021717	0.661510071029596
100001987	0.0622447923010085	0.269746026326881	0.808247445227367	0.534911847222233
100002462	0.609654068339329	0.331289436263023	0.335653481371511	0.554734546675764
466	0.581084390738078	0.0716947202028278	0.307239007054208	0.659299752514952
100000665	0.901778381988368	0.445800330402084	0.313600320757472	0.626414142513213
445	0.959271009271065	0.432956444505388	0.307810327066019	0.726781306474643
2029	0.154206564506248	0.503437475650337	0.295565782576421	0.680039383434662
100006438	0.12715924120038	0.259222538200916	0.325763892261382	0.692843591046674
100001398	0.160854096088812	0.58935603994791	0.259955319935149	0.699714492329769
235	0.428408993665769	0.455216135754715	0.24710883369218	0.713322380189816
100000997	0.712104108998026	0.70909431073282	0.280696922003243	0.656698992969081
100002094	0.232168854095968	0.168614440525717	0.228580415241393	0.526132397385676
1052	0.608619302692046	0.894564829866629	0.276277948944889	0.706051582621865
100020823	0.31789621825115	0.59030347871124	0.262794392843148	0.670588025503126
100001806	0.278454913361396	0.614591712764121	0.327109962747741	0.688194657794095
100006092	0.82420167397687	0.88224811082916	0.283075445965437	0.668061416550305
100001415	0.108305119134389	0.0745920379625339	0.278309371580838	0.393515399898431
100000008	0.0414946016950145	0.073390234140572	0.309960385164509	0.515381842100663
565	0.00793067937512671	0.0516472468905823	0.275342596142058	0.748341714814872
100015851	0.148735499982499	0.192702901692365	0.362113448873539	0.820227673821363
100001866	0.508165824661189	0.881981767694431	0.295279770451623	0.663745773115606
100020546	0.00266053877415742	0.0289167204757483	0.510245421097328	0.872727826894227
100016110	0.552201762420974	0.408749219453032	0.227238499956311	0.779036531699705
100001254	0.00313654252927781	0.0139237191012062	0.368147255971844	0.901440268623955
100006260	0.399558013620579	0.826830745015359	0.28294743111434	0.675626284059941
826	0.668110565698557	0.860297144741862	0.279341691678105	0.673706943041176
100001872	0.443149111262853	0.805392866102957	0.279937996224388	0.679229932775845
100000263	0.342960344633077	0.387564974595955	0.345227286047595	0.672207732246836
100021198	0.81758645057737	0.0584625739912032	0.187462596276668	0.384519630267812
100015967	0.0358085414554026	0.0933464179828478	0.346754725847935	0.503488746305749
278	0.133948511574524	0.25310432359788	0.263412055424892	0.979096521568264
519	0.744239216849531	0.339494224372822	0.332119247886706	0.614060543415601
100009337	0.103901761876481	0.344983054464368	0.380317151853036	0.670715637663671
100002185	0.369755721968044	0.896976362099751	0.275394812147179	0.668581210429427
100001278	0.393192617129102	0.27668468321185	0.341711872524162	0.629847976299742
100002103	0.821722925544932	0.607374036509717	0.277991772308765	0.624242587916776
980	0.7845085005972	0.449770230309023	0.308083598396455	0.658458644454719
100000016	0.854418172470918	0.439186670591863	0.275644795278477	0.653663359328062
100020372	0.188748816665553	0.496176131955645	0.275541808309837	0.614634593121613
100001662	0.745425772710652	0.142189617976309	0.110947323441547	0.676715361673057
100019972	0.925082037540533	0.695743775837945	0.286179616865617	0.665771062062463
254	0.769169880304651	0.720508818100805	0.276006239641718	0.681055181984552
100002009	0.660978624054594	0.693945042705814	0.275297825175637	0.60317868731874
100010895	0.437826958205785	0.528322717617143	0.32305056563292	0.650993978506145
1140	0.918503135585643	0.962956858629804	0.277441365413275	0.676045218775293
100008951	0.63409037890938	0.541774851202363	0.297608781008048	0.640499809573636
1084	0.365113936419884	0.831935596897675	0.278584918725455	0.71660099119351
100002796	0.11401529444153	0.407540848857711	0.249475236087201	0.625491202652805
358	0.972678857229664	0.936907253945277	0.277168784578021	0.672506518718277
100002070	0.816461935478135	0.698281692302174	0.270485007377255	0.709790380303781
1628	0.391794787220664	0.143909809241368	0.333552443685069	0.650539061823904
823	0.714778425597025	0.568499194725257	0.247638036238346	0.731966959986667
100004414	0.461644018020473	0.0938339146910762	0.36542603747566	0.817096682852964
100006129	0.683072596765298	0.666466365718494	0.260961868467775	0.693523704739585
100002028	0.680196914537207	0.449159692548632	0.38152579178191	0.481540344276137
100021707	0.523463861334048	0.641346240664872	0.252968598674056	0.72492973294554
100000054	0.518361543809406	0.464543160436719	0.270550609414143	0.703015401082103
100010869	0.476945573674741	0.217736887639956	0.286427673769757	0.541042416943182
100004575	0.0284286668783642	0.100615164492921	0.353909198449219	0.989482776657672
100001212	0.997992207395907	0.676610694329622	0.282351626026564	0.620678040933688
818	0.216598461739887	0.554126396830776	0.319449780806212	0.629050227971808
100001092	0.00148453359628056	0.0221050542029101	0.279748649440433	0.676114202190798
100020371	0.948739526802829	0.902350156120657	0.281439837249771	0.676711630437297
100004112	0.190478532016138	0.509870770698746	0.296812902487896	0.686077503242004
1125	0.466053211182796	0.357859109258941	0.309503863958444	0.715639139564201
100020491	0.934369864742341	0.56401709409878	0.242352319070405	0.693146157866835
100003151	0.00219675894257353	0.0236585175731118	0.428668643212338	0.571002736396411
100000011	0.327045911507093	0.14772040041018	0.204784934669703	0.781157569995332
100003594	0.496677795221933	0.983383028506297	0.281972045582918	0.677792945371463
806	0.748904607090191	0.157086467215629	0.278310001390455	0.487470671976552
100001211	0.940366839948511	0.559618648923829	0.289649607813624	0.659939622282631
100002417	0.603678755037282	0.596306100479958	0.270257437986574	0.645897539378315
100009335	0.54407951800514	0.199666598017509	0.226197750168887	0.698434891598053
100000781	0.693253328749672	0.976956032821092	0.278174095367881	0.677496130295169
803	0.0307054072047794	0.0333476705810188	0.262659473912618	0.546127997527531
50	0.514113779831439	0.715161557117309	0.283840746809	0.660773182856418
796	0.4443640262699	0.0540284403228002	0.307678843764662	0.659914325036046
100005834	0.980088793520732	0.649728776326617	0.321922084919315	0.670066845165258
100001580	0.949219179212401	0.526090269672452	0.302019504223459	0.680246029730505
480	0.798647241274061	0.60473233352723	0.249048966315577	0.688428861868847
100001540	0.251130685798184	0.746690857472095	0.354617459726083	0.752034631656221
339	0.554180382152207	0.122445743982243	0.254373998445654	0.59333650666475
1110	0.932282343674494	0.95183851792596	0.281396465847579	0.677746599078838
100015836	0.172680471621959	0.181525569684916	0.406705466594844	0.842115103591858
100009271	0.54163821403089	0.519394481738065	0.311970819204218	0.657640371460423
100015638	0.984570014754288	0.430523536643638	0.293516486107214	0.661518139418656
100021667	0.957279694189631	0.511462863942964	0.315210897494064	0.657007343641692
100001279	0.611252752304707	0.387584711555239	0.301828946659276	0.797711130947853
100004208	0.0202940946619383	0.122887025875265	0.423451716187184	0.79442065809491
100003695	0.217787113582991	0.137997761325837	0.299703811751212	0.457482913580947
100000802	0.750592480516616	0.901833224241937	0.279726455555309	0.673656757239632
100002769	0.859481063040672	0.104725707112902	0.204510759439798	0.798507419120354
100015835	0.107429646086388	0.287918303960291	0.416300411674586	0.875262663370523
229	0.880584033763708	0.393514976608724	0.312715607854098	0.670245465933034
100001266	0.00670700590998241	0.0262442840770523	0.350611156450717	0.966255578709003
1342	0.300155667965941	0.350242094215121	0.238579210170202	0.694546780010442
100002102	0.857992966661319	0.562799542919165	0.314066582891657	0.773522126194917
100020254	0.159695841760507	0.569034713016708	0.272589314841091	0.710913752141577
1231	0.474042754042418	0.236541407890228	0.332864635745957	0.629081365185201
100020492	0.99311131157699	0.887543052527347	0.274806098594186	0.676836749223218
100001402	0.38378279235035	0.530253390946691	0.30690393682041	0.667438696431015
415	0.00581293538544676	0.0848451497227824	0.32873826899765	0.737322600933269
100003109	0.984431882843863	0.953129558228395	0.279364410484226	0.675404273761837
275	0.551930770254176	0.851087481713365	0.278132546969325	0.66641338019828
1143	0.149340795399712	0.0642525866349642	0.25448757748554	0.793098916416894
279	0.377500260133122	0.319062937878145	0.280081479510135	0.540645774441049
100001198	0.974658598550571	0.965994473716507	0.280589687831982	0.68288379647429
1648	0.406307841555162	0.968366359830593	0.278931640106629	0.678612725582094
100001590	0.329024537286875	0.278610760226822	0.266494019363104	0.593321622804918
100001733	0.394562099544129	0.8607539690726	0.275205505657884	0.690636954074394
100008933	0.0142629992409443	0.00208285781673405	0.390251583765248	0.645468619369647
100001550	0.350057845328192	0.507215087076087	0.263335638664713	0.628158775434174
1215	0.0682391343083316	0.221919807657586	0.234650160508867	0.634225924852528
100002356	0.270565679708729	0.109180579323657	0.33691810132569	0.68825080690996
100002749	0.709642363259389	0.759562750996811	0.281141895934939	0.68446772630787
100006379	0.160428203755906	0.160037371495405	0.323994283859507	0.425654442320091
100015966	0.0802084084091538	0.158721945947789	0.304517940283241	0.506570279002572
100001392	0.627856239522046	0.947511689924229	0.279595240056709	0.67646440267591
100020425	0.123015147197272	0.0451632584672779	0.232073339791115	0.434638911352635
100004299	0.310987968028829	0.786381497158154	0.296823221155936	0.729625626226718
100001734	0.567733321639237	0.509876532925157	0.294493408400022	0.6166216967728
1002	0.846940767902197	0.833802082437931	0.279787886403132	0.677627629722449
100001337	0.299858575079004	0.783296684010849	0.264074819980853	0.680110970814344
100001452	0.807492499910714	0.769523742000476	0.276635659043905	0.650817856065518
314	0.527036207189874	0.38596411000097	0.28987798562885	0.697405250447729
100009264	0.997152867341822	0.543923873433158	0.22307729666795	0.803192459284168
100004634	0.452592502216681	0.508434968447729	0.250800003584936	0.693451711891343
100000711	0.734447061953042	0.71125791722422	0.30684175765675	0.70078711358253
100020536	0.0205574573745112	0.099092863812347	0.346024406877242	0.789483135416513
100004318	0.316167744441863	0.553780837496174	0.284914512840342	0.669302551960763
100005850	0.877340892380108	0.479587327159085	0.354862572555536	0.628284920900126
100006619	0.317857621432488	0.131281896232831	0.313232922534593	0.653877497687381
356	0.483874687329538	0.689967878143561	0.269010225316061	0.692800581396802
1221	0.578865622573347	0.576007057097382	0.359637781964715	0.715569630181541
100001397	0.749627402677422	0.675138618009737	0.276774883026418	0.664962163580188
100019981	0.613883581993286	0.904041902919457	0.282379890419314	0.694828703999889
100001208	0.433222061693255	0.248933073390604	0.243342095361688	0.963306988728924
503	0.011632037436821	0.0113252198457638	0.171042817520031	0.514950356563439
100006375	0.146127601141174	0.610115853304848	0.303162678047511	0.655164576691235
100001295	0.740938335891715	0.662798947191351	0.273114697150439	0.759520566272895
100020427	0.0516302973214702	0.0265537890043346	0.270947470923327	0.382045433088677
100002784	0.50692401226814	0.375779710286374	0.237754771131064	0.744477092278082
917	0.0579755722969836	0.206224949415221	0.305747365291749	0.628008892974115
1869	0.382447561698356	0.215355172237274	0.300285426340924	0.563043008105907
240	0.243084276475355	0.108316939527424	0.175818696593547	0.482098659316112
798	0.00529308016445769	0.0965612332721741	0.41395959152509	0.613577798175762
100002952	0.221531180302741	0.538850199540295	0.276449531758225	0.745966959943036
98	0.622853587287453	0.833017619513485	0.295293903135799	0.685144284249709
100008998	0.315294340471388	0.350221541290557	0.222601641226123	0.739677185734948
477	0.89614232186744	0.297829245150597	0.286905707239892	0.680493672363333
100020545	0.0856446357936296	0.140430758043657	0.323197129706028	0.846836098413542
100021666	0.98736793660775	0.240409505945541	0.318556293995035	0.672274761032214
1256	0.524754872102832	0.692259120785381	0.325682886357689	0.715588603254778
533	0.322567326351505	0.0826029669882681	0.19987837888367	0.438035582327817
100001757	0.450902587668413	0.915969156278538	0.285762539434612	0.673696851763842
1024	0.306657599608651	0.0823836295892246	0.186227185491622	0.848437626876202
267	0.479111409280217	0.970749271374072	0.280743642448943	0.677064711843407
100002113	0.104824904322533	0.0893244310647916	0.270163817079345	0.705639747320732
100001756	0.862708919005878	0.728675554730857	0.29002377706012	0.697301295099892
100001193	0.456083516947164	0.192529874777583	0.345345737144258	0.624942602968747
100001668	0.696721705012239	0.99228678506272	0.279995661225458	0.679577083464406
1124	0.325825519442996	0.312740393995553	0.247620487856888	0.7734641411606
100021331	0.168682803650572	0.330104510621192	0.26342328553122	0.724480847864647
1090	0.0639973671065437	0.0425809833265913	0.262626932716125	0.815223400739671
566	0.842111239871027	0.341701994904765	0.211006234793547	0.683481739336716
100003119	0.483755075055546	0.295090860582263	0.307056348825924	0.608690492014125
100006367	0.755627480183768	0.569198720699661	0.289023150610668	0.659416143279523
100004322	0.220395239992704	0.245783767983969	0.285779435349518	0.761932340442644
100001034	0.687292904726537	0.828663495240052	0.275808921251228	0.670966643028544
112	0.919279233330729	0.926649660865846	0.280436583563245	0.671288668618602
507	0.722832515470134	0.778650437553117	0.278093394590277	0.686394837054229
100009233	0.322403545393108	0.192351181021967	0.255462478575734	0.692192298130275
100000406	0.018189310175467	0.14517394390964	0.442796220266946	0.489051394294132
100004046	0.364941214955488	0.386918828360301	0.175319764908109	0.60847027183687
1025	0.761671426466453	0.695554315569473	0.268629692613719	0.698489731720099
100001106	0.169444570916562	0.149735791035537	0.221853947204133	0.699850309023054
1128	0.0293057170515628	0.579934491375765	0.308913798149453	0.724588250463774
561	0.0440939672582964	0.168915021445121	0.194741973393464	0.602711548297099
100001614	0.865977788597883	0.380429196134256	0.293129150853973	0.655234900115682
100000961	0.860095192961244	0.971653180710613	0.297446750246271	0.689798203836281
100002397	0.901034472278681	0.629896684755076	0.278623640952876	0.615833707922306
100009407	0.971812751734032	0.979957826766293	0.28031997401244	0.681298409306538
100002910	0.883297412312715	0.61987282312126	0.255754579558008	0.614685764857226
100005946	0.267667954909155	0.344282494106819	0.318579662683609	0.770182764936223
100019794	0.0964888484745096	0.28757898370375	0.279659019828085	0.832873231202901
100015759	0.328438733260659	0.100398396710279	0.235493844699914	0.680518910087793
100020417	0.732396800738505	0.596855063501944	0.263912759156439	0.647966608158109
100001054	0.720238606349858	0.933980967762539	0.282713565382333	0.678835349448015
100001437	0.331331355076347	0.359400178153697	0.234493292782902	0.604125489292713
504	0.251514559223434	0.702526959248585	0.32705562979119	0.685953620184117
100001988	0.464983367499984	0.665719450899397	0.27435524303646	0.831362339598407
1082	0.0296263695019113	0.602991299780043	0.309870881420849	0.704787129451288
100001403	0.316323682999856	0.309021598554478	0.305714293213415	0.640305128031872
100001664	0.958049231633603	0.564601296283035	0.264827600033612	0.841082609118086
461	0.267796834877133	0.21988019050932	0.446164687155733	0.658763609940561
100000463	0.684734076929744	0.996268310742857	0.283926086755355	0.678187111189449
100020208	0.556974866611131	0.539506926902136	0.318175378553318	0.574190358186049
381	0.521711819087269	0.0691496645828291	0.126812999322976	0.518931334821446
100010901	0.0845262144617547	0.0753226812067921	0.27957418818461	0.794530040958623
100001468	0.254715646828575	0.95524124183324	0.277654605355737	0.695312496597409
100000840	0.95575406122332	0.852553462055029	0.274593742028095	0.693775017680621
100020014	0.243078697122153	0.599209410689216	0.273721677780365	0.69431257125643
100001993	0.771340664297335	0.612772958446789	0.233974607383901	0.83220522070253
100001051	0.105636132347279	0.0215942307867788	0.306200370218083	0.356294104244151
100006116	0.386586617325643	0.517156783051136	0.283442438168977	0.679036313878285
1108	0.946255193181975	0.996372335202394	0.279777667165448	0.680085805679185
100019966	0.36334189247576	0.125287582877142	0.329395279216051	0.633258873314586
100001743	0.636035129006355	0.434239430550558	0.270425442162846	0.661530851507701
100001294	0.110837319738562	0.183336857203678	0.201001108767661	0.74939682219389
100001609	0.242279778362342	0.112621719494052	0.270005749194608	0.789002680031527
418	0.789829309205802	0.984701760915259	0.280364642686968	0.682694280217348
100001178	0.370909952063223	0.900323147411934	0.277332100884082	0.66732672028778
189	0.985540335764014	0.658076884418889	0.252931576469124	0.642159675726834
563	0.515861478196685	0.798964279417037	0.294533185185271	0.663848389125843
424	0.60453315404441	0.452032675604777	0.310493574039993	0.660055372434089
100000776	0.130154481617693	0.333627132080814	0.321148334160865	0.68618867285917
1001	0.970107066074353	0.487241196683921	0.287991661422875	0.689263355787652
1135	0.327938146731304	0.0955089598374414	0.267057401287767	0.734998561294671
100021093	0.356337486813958	0.500772204826681	0.323556867446508	0.701265021091338
100020219	0.124684379282446	0.231528609487719	0.288595258509618	0.56567892716963
194	0.466784865012239	0.828342269402244	0.28691078614627	0.651085951908216
100008930	0.727648098085394	0.634434294905011	0.301720708905825	0.657864503803374
340	0.619430785715241	0.243340244998492	0.175503618377321	0.75996637027917
100010896	0.938812946510998	0.761664512379537	0.265355158418271	0.687698279502414
100000787	0.212119896069915	0.10048721087429	0.269394054804699	0.382011271827211
100000639	0.0300250774246762	0.215452818249832	0.253213550090509	0.689461292180212
100001851	0.945931936580591	0.236152685936872	0.307957337916286	0.45178220010657
179	0.565768173552257	0.62236320896084	0.273448330914368	0.69170692206112
100000626	0.400145839690104	0.733820720437926	0.291287963568738	0.680652062212856
100001605	0.0101065122137836	0.0862536387204764	0.364360270619407	0.778143115751442
330	0.252995979794886	0.419563648696852	0.308213583569661	0.544085922142896
100001162	0.745432929098505	0.574810678824332	0.247853155567738	0.641222738135716
100001167	0.0437308539667969	0.246476972720998	0.276704348177662	0.664622641859218
100002067	0.580120285868462	0.792238825137082	0.355162161938328	0.625010433509509
100019968	0.65340397681781	0.377997898317072	0.308886432242426	0.616044577466777
100002014	0.944417036089943	0.980871945686643	0.278447278200943	0.705928206339357
100004083	0.405971426547095	0.124711594646971	0.319795832816061	0.550952705082726
100001315	0.311165782862268	0.385127312761186	0.292838854226669	0.741703054612187
535	0.223984236043309	0.526757690620051	0.304093408205157	0.672671667028819
93	0.407480571072791	0.24147816143664	0.317464891452239	0.510788576796724
100001989	0.353218149591531	0.621292138923522	0.257957614980155	0.726436833681233
100001740	0.762600046156182	0.409132919524603	0.253883903614687	0.696180509052018
482	0.200158158481943	0.930221014289296	0.279585774519353	0.671782576443873
1629	0.275019324638484	0.430085573552285	0.330527437838425	0.647381781348759
100001399	0.46051931234712	0.373762643262704	0.294767393767747	0.680973831250611
376	0.803499709770939	0.162103702650457	0.172800329565167	0.791812327312618
342	0.606504010033174	0.579529220685831	0.27840392877281	0.678957794678858
100001253	0.0269454918203625	0.181944565271453	0.235797771978453	0.885369020033115
100000708	0.615530957015066	0.779443465795585	0.297913704552947	0.686324468678727
244	0.195455356424309	0.0542780259453401	0.233408197935639	0.797949081854094
100006726	0.416984778822912	0.279859300219014	0.326667100913188	0.658822255995352
100000036	0.176697470154958	0.65779079982027	0.259706094020963	0.717940037722707
100001257	0.0234401217151104	0.084847344473133	0.383888616929878	0.939942782565936
100000445	0.614451485400616	0.634277275285165	0.303164422303906	0.634982903421274
100004088	0.00415371910388958	0.110875701834303	0.321567833995642	0.747121523411978
100001423	0.997126265593792	0.746317816751201	0.28267798689952	0.650937166142351
100001276	0.350332830239896	0.268466979348912	0.254233608363207	0.596794436024893
100001876	0.775304141291402	0.943232121257503	0.277458364797667	0.679733021822437
100009082	0.621626574996066	0.0416419935632094	0.1269393728404	0.658908834041274
100001121	0.343215673630207	0.729541901483266	0.274666939050265	0.674388716190214
117	0.323383492484745	0.63655434748739	0.262463558789985	0.697943075626481
100001868	0.0371451771800042	0.111200773705787	0.331364419518249	0.68295286144439
1134	0.655006865384429	0.288832812530885	0.188253692542016	0.656842289357375
100021012	0.239891244667417	0.476182196045512	0.289334528646976	0.709355612146269
100001181	0.774140240857382	0.271418511460184	0.345395171863752	0.608992403776949
100021467	0.727727989022903	0.2942672110386	0.282607343299316	0.588874593849471
100000447	0.237021581910034	0.255029217828592	0.322324970364838	0.64461772514495
1162	0.000487211198450314	0.0125176528346151	0.36948716912524	0.585696733372
100019982	0.48663787382795	0.486803039318238	0.290370361766976	0.663343434363021
100001613	0.995074548236672	0.456915504389511	0.293577736802571	0.647727171879237
100006644	0.38518560761895	0.631467408717984	0.261955788216123	0.708239474316746
100000096	0.569893258575789	0.0265633136039487	0.183016526573491	0.654807737273581
926	0.521498957396411	0.672985075284365	0.285430780946126	0.683586005227665
100020004	0.783306036023468	0.724475401173829	0.290004123161445	0.671183158431739
363	0.1870797750822	0.0453146443114715	0.253536006673152	0.260519777869107
1111	0.395800083880988	0.969872010322539	0.286575206098527	0.701807941257319
100021712	0.661034692358229	0.806241147705494	0.277505438666439	0.663851650198237
460	0.840937734436174	0.688089808754036	0.289782437752533	0.715319513980052
100009331	0.341145643277714	0.205654846139363	0.25011146075951	0.703950210437505
100000442	0.258652874311784	0.723539907833813	0.300884945101482	0.693544213378415
100002945	0.0913958806451375	0.0177203421040035	0.367564581782362	0.639227969456676
192	0.875074683831557	0.926482758825594	0.282491331743379	0.702041944171696
100020241	0.417992147961822	0.996200657608986	0.278687888640319	0.677986767272584
100000580	0.133665295887843	0.137901859453095	0.236911656351294	0.914138878230784
100002466	0.00641980258721719	0.0199020635271886	0.235596146950312	0.432630391430082
849	0.714028233096222	0.602975840252521	0.282463347973775	0.628201386791037
501	0.507511949460454	0.393268932786117	0.310218661430857	0.63645300030666
100000282	0.674922092117785	0.133519888583904	0.356821314844104	0.576773104401385
100001577	0.0300210410776254	0.177227825328678	0.385175168583706	0.736331773621421
355	0.0938083965494942	0.30129069385507	0.234684586017162	0.57833901997256
100000841	0.763221598998268	0.976384916256642	0.289838503641365	0.689249021466319
100000846	0.816009655728699	0.352511659435584	0.26910970703505	0.670752548852865
100004295	0.878972950521381	0.399606327259387	0.258057194237101	0.63059426448902
100001586	0.106748113425879	0.0473377379107644	0.395531965879959	0.337789595667324
407	0.0127130996572507	0.0316114488143696	0.309805734826007	0.73933420147594
1137	0.813711281069319	0.705661988112125	0.268081434489545	0.722639011329888
100021374	0.0363604539516783	0.0143137429756883	0.212952376790253	0.92167362770973
100001593	0.680292830796055	0.836531327642651	0.274137908213453	0.685133307473742
100015971	0.732773168798456	0.743310539102508	0.273481904469748	0.679081264019239
100001022	0.351413782970279	0.179251073596278	0.174197452304313	0.944316896988364
1094	0.0614281292716523	0.243774795907124	0.434071701129976	0.910872049567943
100002122	0.246100216690398	0.24517155891941	0.23318188956286	0.787960784071516
100000706	0.591279849690715	0.588109308932098	0.242728847002684	0.676019512902554
100001055	0.788199824493468	0.408465862115053	0.25264092337432	0.6193003381938
1235	0.465103567493157	0.712733826687579	0.26609666025759	0.71086428650068
100020204	0.0863279644384076	0.499914407051543	0.306294126621451	0.730704373345248
100015643	0.0325858985035778	0.289086334950634	0.306383510118799	0.634798742633347
313	0.0201566862911495	0.261050732050953	0.296507426953952	0.619797675130877
100001413	0.819144602111871	0.91747603599384	0.278816985588748	0.671777592195345
100020423	0.0183888859257118	0.0143332517907083	0.30584521420761	0.355846166836573
892	0.4629219757892	0.145247287212494	0.306623800500631	0.709256590862878
212	0.0648164632541935	0.126886390940534	0.369057358629503	0.652679891123292
100006105	0.193060538597762	0.181865790102513	0.318687880142436	0.688573124779923
437	0.795623599201026	0.579827062247288	0.259279073417232	0.695267506000163
100019892	0.472823994819582	0.781884913525751	0.27810754989994	0.703196835010679
100005716	0.0756398990823251	0.103987839567589	0.301312398640187	0.76228644774371
537	0.216217089038964	0.111593419325418	0.285861453981206	0.698787907603704
100001990	0.291534842782081	0.600023995145118	0.319449310189159	0.626174131047748
100003397	0.0317162377582488	0.00384653160236233	0.220301134770774	0.440295533165448
100001320	0.119070263046059	0.218662226230809	0.356517908092258	0.439222230248545
100005717	0.130834862494881	0.089986669772113	0.328953043078285	0.716521854055216
100001207	0.0313449704941341	0.180791962856234	0.317641540867981	0.683858824614043
100001999	0.526395983929124	0.8229854481298	0.270667556986501	0.773331317589781
100002488	0.228357345173138	0.0177835693712525	0.327676981181575	0.612393886255143
62	0.196908352529985	0.67970250480185	0.271148363235751	0.686337630392486
100000467	0.603481044081448	0.444573722726445	0.266646235520295	0.649004421575582
297	0.00498512035411609	0.1340901356606	0.287732540908466	0.652894347202669
100000285	0.0298783332251331	0.401904763027146	0.281331009092857	0.770719054171919
100006056	0.0608680690809725	0.38802359774247	0.296753331090859	0.726940825436704
100002126	0.127507794693102	0.256132760640047	0.217738409598845	0.988353851816036
100002129	0.788713505208231	0.780257795219414	0.265548089420588	0.786361334872702
100020478	0.0336607579317097	0.206457396158257	0.250453323201064	0.706369538253868
100004089	0.0633787410593634	0.537751452289705	0.298680442301123	0.635314729069208
100001755	0.512766118538968	0.589951874182334	0.280461434614365	0.636049338946049
100000551	0.0325164397245062	0.995347508175124	0.285358758512738	0.679315075025486
100003260	0.486766186335142	0.320264852544667	0.315134492701712	0.756071438458043
100010955	0.823988455023178	0.401449187745486	0.224728194739006	0.57832962731925
100020851	0.214938256867166	0.45846382282189	0.30207911251632	0.702682535265394
100016069	0.671606942394727	0.806055718233211	0.281491845649237	0.664258553969848
100002027	0.497240570898744	0.550382192590134	0.218589593961383	0.79292263791642
1123	0.393833018056493	0.201208131962615	0.266747981711827	0.80144694798193
100001150	0.715471542024579	0.990101635646052	0.282927895717049	0.679205955209342
100001657	0.280480895079973	0.687675135489932	0.279591212625753	0.659428080425188
310	0.259354513036293	0.352880296179841	0.245800297687606	0.778799517420777
100001314	0.303347265046267	0.119396999097385	0.270050217277094	0.575707448111632
452	0.700837507540237	0.631999094522455	0.315043702115083	0.648971920612879
144	0.0917918487215681	0.0534433972039088	0.340957137972645	0.538286135948827
100001182	0.211293791536589	0.155941995289363	0.34427336173834	0.663744713273256
100015965	0.740869229382327	0.468414981999133	0.266364072854597	0.747076911337223
100006108	0.94765060540114	0.486646943793662	0.288506614549213	0.714555386580666
100001400	0.714639280425902	0.602619739073397	0.261707785050582	0.664027080832299
100004541	0.286109957733963	0.200130815275608	0.272014646781241	0.428097369949086
932	0.849412062062576	0.337646595130954	0.285949877027089	0.714918189660813
100001992	0.444232829063741	0.553758219539482	0.39301824613949	0.575885318259029
100009252	0.13021919936603	0.192008857395093	0.33828204371516	0.660495680517188
100021104	0.631505754181541	0.567544474971906	0.230942148610118	0.81393662440218
100015838	0.0101445483224897	0.0419968031050798	0.410710908133818	0.931775059804384
250	0.000942529808624765	0.0219831555662536	0.51104504066387	0.767336934177811
100002537	0.971444438514609	0.521330765982854	0.26006963074678	0.783513771540787
100001658	0.830701085766881	0.683800435575936	0.302163423753242	0.66321150277426
100020416	0.290303809194076	0.351092217716498	0.246321115477606	0.652538308539885
100006642	0.223510479116553	0.741175881224084	0.268222638723233	0.706023269025996
100001391	0.0922482429684912	0.344950757940033	0.3632516977281	0.800013950177053
825	0.56389264218313	0.686149672510126	0.253013643013477	0.68451269444379
215	0.0179082595952248	0.100807300398553	0.334500586646079	0.669867730791127
100001026	0.997748789314644	0.882412005270571	0.276953307291048	0.713275590757933
100020541	0.406644730392977	0.434873637556119	0.243036429595993	0.725071448810129
100001526	0.222978262219642	0.284144441086666	0.420377960473238	0.788589077303944
100005384	0.506571491434021	0.406459396015656	0.261332866992941	0.598706079922368
100020378	0.258130366706375	0.698877585680266	0.267832971055938	0.683959941854383
100006115	0.983279813980305	0.26029075241924	0.386368273384712	0.500174267678702
1442	0.207850998598537	0.0461828419468672	0.120452108599129	0.571758854874238
100001843	0.150331990168917	0.222408141538855	0.30418282914239	0.767254410844018
100015837	0.130351933672195	0.259352360718683	0.50160632261061	0.636942942653067
100010834	0.720481487013141	0.969121735215992	0.279269717264805	0.676661446227881
100001393	0.589184337124476	0.418633583622538	0.220590600736464	0.718037486071064
100000015	0.316198248789019	0.583083965567049	0.261679472289772	0.700794925213427
100003892	0.0465231028693155	0.0464370286622741	0.243018848399662	0.9379500372724
100000042	0.186843191691859	0.0264187817995787	0.297753817129188	0.584879113518869
100020550	0.579841953268617	0.220113391906528	0.304014152678429	0.577324251595231
182	0.434436959261176	0.344120762975713	0.269344754985147	0.697627490378618
100015723	0.133895490232794	0.43001639658599	0.284190930911241	0.664889216182194
100020343	0.373449564907207	0.447564292143479	0.250911975288703	0.682218006605969
512	0.347305052920674	0.621771855108506	0.307165211451011	0.653078241524776
100021100	0.754137019125752	0.690492902945439	0.267641226982671	0.684208154518571
100002528	0.322923378775603	0.0688202540784731	0.334731704261748	0.45818109787793
100001287	0.469085236367848	0.757116534873053	0.373196231711911	0.625928825819121
100001229	0.714138273738396	0.88662365578309	0.288104748160799	0.667835769196234
181	0.382335688540944	0.854940506267606	0.274948903506818	0.700099016962806
100015831	0.00141710037623437	0.019007623897786	0.383231499228867	0.4720222373539
100020515	0.335562903335673	0.483101302764903	0.232663897051414	0.827202051479516
327	0.204845686097329	0.248867354546525	0.3448652141272	0.640778252927567
100009394	0.627088650384212	0.73062770625892	0.263058228328201	0.712633446836476
100001596	0.900013352130804	0.239297849352685	0.252891988038117	0.514455828859844
207	0.849220044722464	0.473171169036686	0.292939691804805	0.638025321979306
2054	0.514421686030503	0.789524770469432	0.269930410467481	0.691776912980844
100020259	0.664120183814692	0.572097913147434	0.304779717327331	0.663177721574412
100020414	0.00310381007003056	0.0385798133189598	0.199413650919089	0.640931367150874
100021131	0.83399044633694	0.256269516875773	0.264323228594301	0.623819926706625
100004499	0.857437854297113	0.741367515483469	0.272557285335884	0.65226589292064
880	0.167302424707221	0.740993378798625	0.305447670063121	0.674029960113942
100002049	0.532217892087091	0.322441383052588	0.305733192826896	0.622251758311956
100001739	0.553389401784646	0.257946602294317	0.352960210965352	0.636463945597844
100001126	0.411775756348364	0.139150523816312	0.180868552039475	0.550523481256355
1113	0.63325237739462	0.815082232308051	0.293807577487968	0.651101135506216
1083	0.974204886971516	0.293752981345695	0.30724407359168	0.585544108299375
100001730	0.0792979499140908	0.1883057710102	0.32497483192997	0.556758234702145
100001412	0.590298030119315	0.98756873995527	0.280135342887819	0.681982489680147
100005996	0.724691190845612	0.596366415961596	0.269638384565924	0.650863398218665
100015962	0.00736349371361138	0.0908838446830196	0.211687538659391	0.984078260078693
100020214	0.71468324143378	0.436068195495223	0.294095101054243	0.59980260074318
100002514	0.11970790413456	0.333537413840692	0.291370397320127	0.616954673409097
564	0.180255937612142	0.0547232047529185	0.250958773255622	0.570068952976656
572	0.0236292002393251	0.0199547379676991	0.413338238060441	0.549144653632428
231	0.982469812547801	0.686517539048473	0.259401430588389	0.691462497288218
100000453	0.882087302776991	0.71366838035407	0.267241593095571	0.71590574816398
100001007	0.118469408357369	0.247666335232252	0.33150039950556	0.557372386096878
923	0.608615810462711	0.326171194561204	0.265998455148094	0.733343697171594
100001247	0.440801477216415	0.552166811085759	0.264822839448656	0.664694446895587
100000774	0.563640176881421	0.886802603697036	0.292294916288594	0.693018415148676
800	0.35776708172058	0.363939743476909	0.296873320506732	0.741690340218679
100021678	0.283533165838772	0.383859390142213	0.229241001539707	0.669551288109046
100021711	0.437782627516714	0.817629551541583	0.29487366938689	0.686869000081179
100001274	0.766251978673895	0.394990225415858	0.269945857024554	0.528643487462624
100021220	0.131589634290154	0.161584844801204	0.351466761085131	0.992509662761279
100020253	0.387974076434532	0.952727527640249	0.278174362388228	0.682651044225566
100001170	0.76578254820049	0.170709799752923	0.25638877640649	0.576328391652385
100001466	0.266167122533049	0.853269256598118	0.286171318887366	0.670963318536703
100009406	0.704806716634863	0.6621017348373	0.268381372065241	0.698085291172711
1026	0.188399462894083	0.443798528188928	0.298987138979769	0.648755072220729
100020837	0.73687593338422	0.397027185500022	0.317728039832166	0.588190020021936
100001006	0.0712195869254783	0.0805543950871091	0.267598185997789	0.803216398087275
100003674	0.751832580279751	0.126134884903318	0.278775547734038	0.672200232704494
100004396	0.323492600920557	0.418453202058266	0.320894887392899	0.575064137643101
100015923	0.544549073095541	0.978563343796574	0.291752406501216	0.677911250566993
100000265	0.458840449988738	0.712199100045599	0.285440973201344	0.652607515247527
100001409	0.0858941228104173	0.119089172504933	0.273884796000209	0.518031135889813
100003434	0.39165130094696	0.543456534663549	0.283161938592002	0.603442691248025
100001334	0.606678385628805	0.0726460552753419	0.350095168445463	0.561068927465383
100001102	0.711409406431416	0.763030523233378	0.288505259266991	0.659557365116326
1268	0.621719478851198	0.0680754833239495	0.172073867356669	0.629435634421816
100001300	0.23755797470417	0.0904225137835126	0.246462560954512	0.683152762850166
100021324	0.234395195554629	0.711519913428146	0.363553198986254	0.672971395081763
100001617	0.111542584197233	0.102297542812734	0.270919192285589	0.716537313872133
1105	0.955349663360329	0.173560544866178	0.369824614256231	0.378511194019724
100021502	0.061952302306156	0.262290358527789	0.269261263860978	0.707288833109324
2051	0.82932155156284	0.577266719446913	0.278834283750676	0.576740462692487
100001256	0.149866421217279	0.512429878939886	0.313356559181404	0.809744666581227
100005466	0.0591245025567447	0.0827208725429455	0.32211468381973	0.480289369689581
100002199	0.117325552128283	0.685289842432477	0.292102713193888	0.70287097902798
338	0.0166360998304476	0.0480642763327892	0.443873184311169	0.437219780035392
100004243	0.431368141103507	0.517953109278005	0.256871011286466	0.697141628742735
799	0.445248223434906	0.972133452735087	0.292019510971245	0.677677994187719
100008928	0.580381422354507	0.107847041747244	0.281472507512468	0.672527153272131
815	0.0858568821120142	0.267189848243402	0.283301373063674	0.756702500386021
100001456	0.00548428832533785	0.0693888714138106	0.261094692749259	0.578718870294745
1242	0.0785130127736831	0.0859919347976829	0.339947636139922	0.489129686653207
100001416	0.28786007872792	0.108102963695833	0.191878854845896	0.426319324279991
100001462	0.365510982688617	0.317416012833148	0.333250093759492	0.636992937338702
1087	0.191836917052381	0.0372263541034653	0.288733385294218	0.635959769520381
100020421	0.0700964844653633	0.105206778931919	0.319477361013684	0.444366120263218
100000010	0.00422135223851552	0.0438221721913813	0.290545986815275	0.722641842253762
821	0.525444593907422	0.383387240318449	0.311024791541896	0.535795509235252
100006627	0.258557646664778	0.143807087536665	0.392116912545545	0.581649448574262
100001277	0.361285963554948	0.159525475380399	0.329281716478148	0.634958012576749
100021141	0.0341234504478007	0.183209788690155	0.322830795902738	0.798156234992872
100021105	0.170913200327988	0.273317977217471	0.299463297868579	0.499014908817008
100001950	0.00036678790410068	0.00682988407932249	0.357246581816554	0.842322683062373
100020217	0.897589682048127	0.274030717678048	0.192436618252621	0.498552834844206
100006651	0.0243830665145888	0.142127751773178	0.320717537015988	0.428888367832884
881	0.923666493701321	0.230443294424907	0.245491680748449	0.686024731610762
100001509	0.673242495651898	0.139654718206646	0.244110497393989	0.593892560732334
100021709	0.588812847485438	0.819282167829006	0.272619647736281	0.685138684629138
100001635	0.30638635750688	0.0391522453080547	0.305582029018378	0.627470691745706
100002613	0.451613009451703	0.121361645586277	0.26014083642592	0.764583291659726
100009329	0.53581607096924	0.647471516899113	0.246726209619092	0.833624156801125
100021123	0.878937068373291	0.610359684328322	0.28852571843164	0.594573185093529
100015760	0.256271807694714	0.161555182649095	0.229466915343383	0.71012453760647
100020205	0.393229175414865	0.421693725170224	0.324913244338734	0.505810097365925
100000765	0.568249928317256	0.631171488898355	0.274528759237924	0.646517619618349
100004111	0.3333237807033	0.167851267360962	0.30807566263792	0.647450581228944
100001615	0.190010915711142	0.82878633207328	0.278569820381722	0.676306530078335
100009227	0.205183552911483	0.119140633789119	0.392802291720416	0.820617364561458
100006191	0.380815448966926	0.580721794275155	0.305985691007919	0.629482990998857
100004542	0.473770913105769	0.375843639822881	0.292039925374181	0.718983409093488
100003686	0.313034883534971	0.128126982670299	0.38977136010058	0.609928140149834
100009232	0.029546725030478	0.233076346121876	0.277508511102422	0.583123961922515
100001501	0.0452919961176967	0.103817865133487	0.367803603713748	0.728635526252961
100002367	0.494078155572913	0.250123514379415	0.264536176017602	0.533739183423217
100001108	0.332964835296719	0.699853592843435	0.275969833178931	0.666240885644566
100004227	0.654007605722014	0.918389550255553	0.280072488302729	0.672411208360621
100001310	0.192644398151098	0.290178563053068	0.261920521646985	0.78675976034316
100001994	0.818380692380543	0.908464655028465	0.293489956626696	0.743328667461931
100015839	0.0121806660293528	0.0140588989706948	0.377596607591365	0.777273327276191
100003271	0.00503883382323146	0.0785169718004846	0.368148640158724	0.490200762935817
100020496	0.842350676625343	0.943167186796801	0.279393786667307	0.68512953570521
302	0.720371865135261	0.450569443400724	0.246441583311573	0.64346610689872
811	0.76936392630568	0.751572647320861	0.27285907480881	0.712234660720573
100001267	0.998198112094344	0.757134642746627	0.262157284922476	0.675131367220026
100001197	0.0254711740489773	0.344876751961095	0.317478625489608	0.689223520898984
432	0.197453246918893	0.455642125335068	0.30159641316866	0.664568364815879
444	0.0111790394783979	0.0576110507193493	0.315603305945928	0.810158176770138
100015968	0.359845983061734	0.407662931903586	0.274412913733345	0.607679087262238
828	0.884085590760301	0.972209137657736	0.282166753059888	0.676946114168126
100004054	0.255813028259409	0.863436770196961	0.280873278055122	0.683166879544472
100004635	0.09381468677154	0.134039760990327	0.643152057311527	0.403253883060388
100000491	0.451330844748872	0.577415776442553	0.271899711427171	0.587029161611795
100000939	0.0444703099952029	0.0337741715629469	0.297501257579127	0.576373325823233
241	0.227461331732399	0.633175040439404	0.295759362455741	0.695332193868283
136	0.359599147019697	0.0702157914430779	0.245514595924256	0.868554113277168
100000792	0.565860023361598	0.957506451670967	0.282340164610757	0.73438827055204
100020973	0.580611834753257	0.680289892547115	0.295247205341786	0.657693149726783
100000936	0.754397355893354	0.846197378232879	0.277627482362263	0.680939762701249
100001313	0.0065921477790065	0.14708081145714	0.299388892522709	0.744497102583385
100001951	0.0463263641428265	0.0898065589978149	0.317038505300515	0.674175299677137
100006098	0.0176576778624659	0.0935934184206784	0.317348984896744	0.798632143221471
100000007	0.219161778508852	0.550541267692075	0.289862623136259	0.690656639559979
100006641	0.888929669021576	0.865964637674602	0.301159034570387	0.679956588238614
913	0.0106794635231612	0.0609914878809868	0.348728787328573	0.549782312496318
100001579	0.80150058535968	0.427661564315204	0.308521572839592	0.680460566606421
100002911	0.153605879869699	0.0126422983017999	0.35519345881709	0.615778075513609
100001293	0.268395235007745	0.380646538467108	0.244130228021851	0.807735251078545
100002241	0.204930870539614	0.513138168871531	0.295260078609376	0.648512017107178
100003179	0.404419000469506	0.0837068106355739	0.266660007407797	0.535414636891755
100021372	0.330945117903529	0.236637487501104	0.209894801735317	0.686063522632864
100001956	0.332656146902433	0.542823303577231	0.281801955900969	0.599431012638123
100021162	0.205168811434664	0.167491403659516	0.26535634923635	0.505577878979801
100002259	0.342862308495487	0.619310213346364	0.258649172641422	0.674337643203607
252	0.423610486997335	0.611493409423739	0.320878803006772	0.628505844491904
100000707	0.443505722167852	0.305857640362773	0.272901091263554	0.682249005006509
1489	0.671393177857533	0.0198017414296332	0.206783241121225	0.653967018770331
100020361	0.0285177696794317	0.0872321827577656	0.314761765435156	0.971967757476218
55	0.753854984547404	0.926379523652327	0.279109744054216	0.685759536553749
100000863	0.257994531084049	0.255647546854615	0.242230896955461	0.71149856566754
100015840	0.161979946948377	0.101231491842717	0.379900264937375	0.651729005944369
100001541	0.150726821711251	0.0746478652103894	0.188858696376741	0.672617810029561
100006082	0.149725548401246	0.0552213052318527	0.368176647861386	0.677620575169746
1254	0.700420517367592	0.923013292581777	0.28511966100579	0.697654179071187
100001624	0.497315484145307	0.356268061217374	0.262892211568654	0.656266116540874
100015850	0.926862310096178	0.604708232600379	0.345537292405389	0.649579600493179
100001104	0.00323907415983109	0.0149171198904942	0.320003359910641	0.970486659263171
100000900	0.132716667603482	0.435055649889637	0.287869382503039	0.681234292454929
100000269	0.238748496146541	0.0900600141150903	0.17060656848173	0.622844020093215
1022	0.22843593970225	0.978907952393529	0.279453389714531	0.677479917504006
100005373	0.211204255646316	0.0780442853790067	0.248702413170939	0.710329992404118
100001129	0.128936779784091	0.735315258743644	0.271026523229174	0.7060256181786
935	0.0122150515463566	0.127340455940793	0.363792146552018	0.54537557963495
100001262	0.159949426762532	0.208181478282384	0.292125487837301	0.709377591383473
100019978	0.307780252681083	0.635909994391056	0.273253916788873	0.665546499368225
100002293	0.738344083342392	0.79320565427137	0.282282524051976	0.679608153039668
100001426	0.195781204481927	0.260174914156436	0.282057798533528	0.514794036232968
234	0.0326891615264133	0.137655659040531	0.275533639234715	0.652925669675623
100005403	0.239961285569764	0.959368585354713	0.290258608732379	0.675966861810318
100001083	0.0434549015486368	0.332977136438584	0.302525805108995	0.695402469763962
439	0.716674996156168	0.326642725756412	0.299207310984945	0.672573987826959
100001086	0.348361166710496	0.424551809625435	0.292810000793682	0.755957508835622
100005864	0.739664699124017	0.455881594303019	0.256105851639852	0.743860981216214
491	0.512387341172694	0.911664698558663	0.277770752523192	0.680082193306718
100002029	0.475394049966999	0.421913048990848	0.265340238775061	0.53910309691619
100002154	0.807519900077667	0.470839013501979	0.247134427767053	0.65816366403328
891	0.506313051540124	0.206294251506115	0.311907754831708	0.645547441784263
100020261	0.379672122302992	0.445130956162512	0.335077430219819	0.653192190701402
100001296	0.504182527037085	0.486878744458527	0.282645166752038	0.576335815091488
2050	0.472328623805305	0.541514026310284	0.299133304228328	0.625560891403377
100002761	0.335655180906491	0.695967918633284	0.248356006165323	0.809515797084815
100006614	0.855052948399981	0.650243367673216	0.256766147027154	0.743535601031991
100001597	0.884350768899618	0.147412509095748	0.181650732079586	0.488783766115747
100020853	0.790715906656461	0.909371353208112	0.281583152192212	0.685380336029686
100001446	0.261002019073696	0.396869854344282	0.250100121267802	0.675375697488676
100003240	0.292808932907691	0.12167641619431	0.323018711556664	0.595037526622993
100001502	0.0279033446552501	0.220717338115301	0.337271637484704	0.77003789486107
100020866	0.102903825478987	0.0110073724619145	0.163531080670787	0.469411271489164
100020419	0.0305709066763363	0.0891175155788238	0.304968648890135	0.426795542527457
35	0.54171944404551	0.321629499660693	0.254261275619218	0.627874735845541
100003696	0.0138171650142219	0.0536426697684313	0.403583600901402	0.605784043215846
100016038	0.808149831557463	0.920150847402818	0.276475176364495	0.669759553665773
100009333	0.215178394958799	0.175950844425612	0.275727845777101	0.698626862154136
100001611	0.158470415732461	0.327262406390808	0.364437771274857	0.656932174961997
100005383	0.649265418671491	0.277118911120006	0.288061328705868	0.72410389605321
100009239	0.307566502123003	0.130113340737377	0.349114976275874	0.496144194931693
100009332	0.336098554293397	0.240963283163829	0.277962864215661	0.640259082626374
100001731	0.152856205026648	0.625500711369049	0.2865184150355	0.652878289495224
100003415	0.359784320456823	0.439637154639386	0.269558836358112	0.687100355621361
100020578	0.13698689062076	0.195960693172341	0.261917887074642	0.572696765570363
893	0.840172674634537	0.521846519962477	0.276129198908554	0.690843429587997
100000963	0.32805570106733	0.222760817881597	0.358900684263868	0.479738661180178
273	0.151190462823368	0.334111134202089	0.322995593780716	0.670261224627111
197	0.457905235665079	0.409953577841282	0.271087819242535	0.558460689146881
100000808	0.300992024555395	0.230402574167251	0.262562574421338	0.833372507170045
100002284	0.75452601393982	0.369464432566726	0.183610018305078	0.620178442892022
888	0.947476297717188	0.0957749295664615	0.304669153047222	0.66606896117236
100006435	0.531756517751491	0.351097402342022	0.219430799366412	0.975646580118561
100006374	0.200182690146449	0.557863450351272	0.287428290684279	0.66804965203637
100003169	0.552440544824655	0.951838385551535	0.277017652952118	0.675903428945428
1004	0.616865883685294	0.798253099884729	0.266449583919531	0.659002920650786
100005998	0.0963218471708669	0.887764113452137	0.296474704698569	0.686348511774285
100000773	0.66088387614978	0.547988644665082	0.284105661308087	0.662982091700223
100010850	0.0164058033204808	0.115074320716005	0.32638780634142	0.547090859311786
397	0.852428038883752	0.390762641970357	0.212572741578576	0.741384730176074
100000039	0.0723693397019583	0.228682066564693	0.228576385500631	0.733816446415722
100020833	0.666825701223102	0.827760974170206	0.283501911593616	0.70705349228869
1021	0.422441843337292	0.362894167773531	0.260853999987074	0.708099359631555
100020479	0.35333655592869	0.537087799706252	0.2830144078235	0.690530138278687
100001335	0.519870302170351	0.318182511207476	0.31617026158025	0.646005926158244
100000743	0.519370858266308	0.935210891998092	0.278697684463652	0.67282206202878
100009246	0.178428845834237	0.649910529071562	0.268910616154992	0.708618954081704
878	0.185302088421566	0.780616945533633	0.269673697672266	0.690117327155391
100021103	0.73168420358828	0.857469307922611	0.285987402543328	0.756841194858891
100021363	0.239210767488685	0.573090562875697	0.260276903981649	0.718532179702613
266	0.127427004425628	0.210163538821906	0.283220774022489	0.604777676922122
100001195	0.323338286457637	0.223761104894312	0.355354310425709	0.604429607283591
100019801	0.79137002993112	0.707061628274847	0.290404510392237	0.664894673144278
100002196	0.0358150453409218	0.259476347327109	0.295414712993295	0.694887768131327
100006370	0.243709535104449	0.949576489306793	0.276753051855623	0.68095576857007
100001510	0.0296094330269517	0.00337264069820934	0.231456054688156	0.769973835489117
100000437	0.526196789269677	0.429820653921278	0.266310255045166	0.755621739892587
100001767	0.138214729857126	0.032395949034292	0.348496538992502	0.750650518893392
100001810	0.406404129581638	0.495625869482156	0.292665530856968	0.837822221375914
209	0.0328379952199558	0.345725522446864	0.322871184277419	0.669154962998171
100001485	0.26035030125444	0.0945762807506802	0.16659832000071	0.601536109952427
100002500	0.121747727613426	0.450515159500468	0.283660553570173	0.650402264179385
171	0.0288509271641134	0.0224216455338646	0.208012257777387	0.680483863073762
100020487	0.988810491231501	0.826663707815793	0.299775838823699	0.642612906928009
1206	0.00724098528633321	0.119321114562021	0.282990410491696	0.73177040912428
344	0.0119151845125402	0.0271408051668193	0.574973199322784	0.777814454720529
100001405	0.478395254738796	0.926489228356416	0.283975826712876	0.672392017511431
1239	0.972229885420318	0.509121599788793	0.312145254159609	0.683471501219816
391	0.0599138477462567	0.169875198583013	0.261649539309255	0.904044586186484
100006430	0.462150728931726	0.16266116205302	0.343344723230939	0.393520995256434
100001417	0.975123537804157	0.516922806858002	0.2682783749143	0.785424155016369
100002951	0.0360912573937308	0.387753454486705	0.278238900413274	0.588939219841238
100000014	0.425932932239541	0.574818911388693	0.271651072547322	0.717219013257596
100003926	0.570679738589155	0.475519842357792	0.301770530796803	0.659284087648766
100021538	0.497220620173182	0.360846304199003	0.327958427868029	0.593363895040345
132	0.314896557224432	0.930607848063143	0.28021930098599	0.678468874402729
100001425	0.568702949242325	0.522858077113506	0.349181008715107	0.615232064317448
100020262	0.618058341078874	0.660807253069262	0.299296589132706	0.666237078215462
100002679	0.338903075509961	0.676506256731884	0.264319432550118	0.754104101719087
100001270	0.715183803499476	0.538680615584062	0.284036331440492	0.650901051194276
1102	0.839314926709537	0.984446978383201	0.279786837178287	0.678988034324917
331	0.246466431922224	0.202433963982339	0.232708191673156	0.577844650332912
100006361	0.5089650949187	0.614289199192851	0.257816000442298	0.75017073514645
180	0.781578600133523	0.930902466235599	0.287742869424163	0.676405746974481
1053	0.307255380469154	0.447771879763548	0.420919677370532	0.744363520007385
100001359	0.670629388917662	0.914405030326596	0.29020584914545	0.667982031516552
