chemID	simpleLRM_Fstatistics	multiLRM(chem_sig)	multiLRM(sex_sig)	multiLRM(age_sig)
100021136	0.0348199330292819	0.263830974440183	0.4073582721254	0.598890375905015
100000882	0.91484629136425	0.615231958628786	0.38713678840303	0.48842863150298
409	0.334337431127889	0.360109302681588	0.393494190633836	0.386322191806433
100002254	0.568631658020664	0.041114761303517	0.257210725298855	0.491118467201422
361	0.00428116640950345	0.0674470854246745	0.266154846601245	0.478937456921585
100019975	0.49343406035643	0.782073283566407	0.370545027162155	0.529081720108402
100000257	0.00373560535491954	0.0463613542657128	0.35630236568108	0.490014507342189
100001232	0.795583589947958	0.788267317451284	0.398222143978394	0.500818604297425
100001948	0.997414642627215	0.74789660510073	0.375504543536936	0.48257577430731
100001073	0.768425942624486	0.732457409447324	0.436302018673696	0.472882618025208
100015637	0.850096242791429	0.383749188624834	0.400512742268796	0.506059166151813
100006360	0.174128168924853	0.34694313603275	0.331123769941529	0.636047512651327
1488	0.32748170946161	0.436770093258549	0.380582827826549	0.47753680091066
100002253	0.93640326099303	0.856550007571415	0.381480772334737	0.504293313689939
1023	0.899787645367465	0.762250425117975	0.3667950623982	0.505179814953798
100004284	0.634090951426556	0.872752344362595	0.366132759720454	0.521140846693887
100001251	0.850751318303483	0.912277761454037	0.3756447212428	0.518277325666397
362	0.600384123873701	0.568716376887247	0.342906424749945	0.514441089603018
100006620	0.988402089724401	0.763901920569865	0.372961357429449	0.521870269194682
111	0.448176732954041	0.19775072811138	0.317522373832564	0.496259146236108
100009045	0.669342358429322	0.322828038426403	0.314586466411725	0.653725955317199
100002927	0.763012119296223	0.910031133945665	0.366745134284821	0.529872494120718
100015641	0.693454705178568	0.869224784396051	0.361753721511731	0.526281456753807
1114	0.0914852894770952	0.869030477203202	0.364545160454174	0.52260249684307
100020409	0.102108626614218	0.46499464456143	0.412822884889513	0.626084216045366
158	0.208092206328511	0.311019373745072	0.447007837713968	0.544718140015558
1224	0.142452112898221	0.314607546380388	0.304392632074332	0.556573173237772
100001620	0.66940425879495	0.48812106898929	0.331730853238863	0.522893734587321
100020893	0.500416334110972	0.101198645630447	0.337366242104844	0.320869402739796
100002458	0.65729247661428	0.618951438401783	0.411304361508838	0.478178366341286
100001112	0.627962429323418	0.916516354481082	0.371680298557621	0.525963593780599
100002953	0.613715028987893	0.970240023002087	0.369212221202438	0.519098050517117
1141	0.460606178307341	0.0641225087676185	0.462583056249034	0.371579257217496
100015834	0.168387934406086	0.693942956828547	0.388462502167721	0.53230796415764
100004561	0.378432014464765	0.68226381662931	0.382230884658014	0.504013590608505
100020497	0.709817646148647	0.851106036980911	0.361482115689738	0.531773117837196
498	0.0289354178158143	0.230833164745412	0.370394201074995	0.591068003031497
100006051	0.737862762198863	0.766822614687193	0.377686382672467	0.510448247428404
1668	0.281862547824015	0.0901214686329775	0.388376033941101	0.317734843118917
100004523	0.330565013205474	0.723753017858098	0.390104976664019	0.48466839708263
100001604	0.227091535971931	0.522635470331799	0.365639641024468	0.558431942270062
100001002	0.445780762793092	0.763942488497604	0.375189475190779	0.514112010970087
100001987	0.0930589768958782	0.287175380753909	0.912827508773956	0.404286193867178
100002462	0.967078221493358	0.502531127975584	0.414590444257208	0.450988716809838
466	0.518817068859051	0.0684298362641617	0.404931597444528	0.493880844713189
100000665	0.869483347638516	0.450465904287743	0.410931238926346	0.470016481006668
445	0.93479459204945	0.505418120954714	0.399322254001024	0.558501817504581
2029	0.182309326568437	0.52403406995008	0.390006372732603	0.519145984658235
100006438	0.081799383487492	0.19894420141457	0.438284540674343	0.524367407846077
100001398	0.27149797139794	0.707721522756158	0.352888600010113	0.531951148667376
235	0.721806029333641	0.661881548060751	0.34575213071821	0.540876355736998
100000997	0.313460566063052	0.726345259128853	0.373310114143421	0.527339862979789
100002094	0.336010031797271	0.244621590804721	0.31732905969586	0.408796190402744
1052	0.260993639000208	0.636358693847895	0.333016423226115	0.584019374997577
100020823	0.254010982421644	0.501370170222311	0.345685446630743	0.500740600799586
100001806	0.268459440259771	0.594695396080899	0.430825653315474	0.525779490190276
100006092	0.841134575496845	0.876672128182697	0.376398139467166	0.507691293361818
100001415	0.345801484531195	0.170051713942601	0.357084226651176	0.34447876846624
100000008	0.058659585157346	0.0772632459298031	0.406957156067295	0.377517246783525
565	0.0224967590701132	0.0868350658128721	0.358240853269771	0.597232680060636
100015851	0.206742595904046	0.237965352184375	0.452440388476788	0.638108974994058
100001866	0.923788961101644	0.889736148401972	0.365130572223065	0.538184908634586
100020546	0.00264427058513199	0.0280057901900153	0.636494620716009	0.693847816642691
100016110	0.559639188426411	0.448441317345706	0.31013087435673	0.60353299573305
100001254	0.000193612775434337	0.00257562212805923	0.537205159446404	0.701885528766115
100006260	0.909992878965961	0.703866337032886	0.368804448601593	0.512009967580511
826	0.739711891280594	0.882729694959774	0.370787078014586	0.512650687521569
100001872	0.290282014788918	0.678728290943946	0.37465088152597	0.513724955792037
100000263	0.0134263771449058	0.037778474505459	0.677477207608581	0.415176213021305
100021198	0.653943380664901	0.0443888424108938	0.255070437068447	0.252160763630597
100015967	0.170709192025538	0.499244554382306	0.38773937308974	0.592395315110963
278	0.126260194237503	0.274216667210304	0.34816179812806	0.78865313680909
519	0.530709284186126	0.256413969358544	0.454059595329432	0.444018667470933
100009337	0.0361959517785268	0.183520441816403	0.5484687377713	0.48506112419471
100002185	0.522473936337304	0.772956040737875	0.355020153775604	0.495174124980128
100001278	0.241894062808681	0.200463961928826	0.468226625810797	0.459352456448393
100002103	0.4104669019306	0.8975913746005	0.369597801044233	0.509341504166768
980	0.586939043468057	0.368206039538411	0.417062495057132	0.49139720315769
100000016	0.849825806864007	0.437116640951713	0.366294918919102	0.493399790903732
100020372	0.130792077431454	0.387355760297557	0.370404356691082	0.443854603759148
100001662	0.543304659034221	0.102187081241378	0.135187327923707	0.514868856831088
100019972	0.982947147082154	0.643108584292908	0.382010308154202	0.502521283091809
254	0.821243142409828	0.763541890803202	0.367531296796676	0.519982924342695
100002009	0.701938522389223	0.657887642026964	0.367284189048916	0.447884762778757
100010895	0.28486980352444	0.400672032356489	0.448871440269389	0.485392111958676
1140	0.447360659460114	0.787867747458884	0.373537405900072	0.539826514377234
100008951	0.812307268122682	0.61422296688781	0.388150510813937	0.491453852516622
1084	0.228607804140458	0.685354850916168	0.370713104516082	0.577023315992703
100002796	0.214704080385842	0.515477678230606	0.339741316707461	0.482508472705804
358	0.942639213782551	0.840086292488926	0.364216749455509	0.497928765886582
100002070	0.815705736821953	0.738236455601117	0.361528291603403	0.543237397589218
1628	0.999440767679531	0.333562817685055	0.404262109853445	0.530121491746999
823	0.654131277692569	0.538680990235106	0.327589145477517	0.568967639059011
100004414	0.395416612674132	0.0891843119776271	0.47456017650572	0.641037782050664
100006129	0.132009932753018	0.199325319936649	0.311020120193238	0.519155058944635
100002028	0.657470267375673	0.375649203577868	0.517789939841644	0.332418300478689
100021707	0.717841741971981	0.807154325231836	0.355441173126107	0.545188402978497
100000054	0.647315471410977	0.549953451766466	0.360556034490652	0.538678744027377
100010869	0.933498830205671	0.479907691416101	0.368264058600345	0.461247166180504
100004575	0.0301240191292866	0.116586104316844	0.453705806846811	0.823742458802957
100001212	0.842102794226736	0.547627537456496	0.37844282521718	0.440594895433125
818	0.952705831390201	0.861343787971005	0.362399064573699	0.526787134624785
100001092	0.00087459608200142	0.0135979973723304	0.372861486761688	0.490010394681345
100020371	0.870186686654296	0.956287025424401	0.371860270770944	0.515930580339219
100004112	0.0443333320425473	0.264545198414112	0.420372561896334	0.51233289632383
1125	0.464694035079474	0.370178686916584	0.406230563224301	0.547101265378372
100020491	0.876927383891845	0.566611102505055	0.324403392644907	0.528334052627465
100003151	0.00663026421984322	0.0349980890485944	0.518587100700205	0.428112157792464
100000011	0.199605329207939	0.115845183117098	0.274472541745951	0.617450955454143
100003594	0.432469362231877	0.939874790799788	0.379860668333974	0.521070118334504
806	0.360949530057693	0.389032604602515	0.353191806115088	0.418725261291089
100001211	0.90496454469252	0.538422791193728	0.384315394925503	0.497181332929308
100002417	0.74206723475804	0.526358734895094	0.358244870972584	0.477940226328574
100009335	0.714059363071933	0.271634093422491	0.311412199586785	0.542675049363395
100000781	0.903751013935625	0.916057418502249	0.373284106705498	0.517894586106736
803	0.0273913378436655	0.0293279239944973	0.356570183550544	0.402991546122334
50	0.628092935027601	0.773791375713157	0.375474905499955	0.506428221624931
796	0.310983471251429	0.0411509140999727	0.413773551978358	0.495250042014326
100005834	0.625276704015681	0.468601244367666	0.45930605405179	0.50290255577134
100001580	0.801126714379983	0.463817672545723	0.404309416932968	0.514600488282611
480	0.709288083415794	0.693050776593447	0.34199746444821	0.523245771012946
100001540	0.261911496054164	0.775341940033558	0.447827825233756	0.583413304439213
339	0.59558476978166	0.12947475487553	0.337052101918457	0.441793767950892
1110	0.63491754192565	0.819411959715257	0.366386625359916	0.573815389934374
100015836	0.174771140132823	0.198870168450952	0.51783796517229	0.671424808448056
100009271	0.984120778643808	0.751398563351349	0.38849680528642	0.511804554691336
100015638	0.91626362255315	0.41295322672478	0.389058632586848	0.497400172490127
100021667	0.821489981527449	0.438967655993434	0.424748590526244	0.495246855263971
100001279	0.945205246602031	0.614056224503524	0.382050774039751	0.596919812153548
100004208	0.0123265970065337	0.0904454887224042	0.56611109768392	0.62684588647402
100003695	0.760962981879619	0.375637099503487	0.373615105968858	0.416041036834147
100000802	0.551514253091963	0.949086140168231	0.369108629366096	0.51741693844366
100002769	0.959546710131704	0.13729137595465	0.277916732585644	0.623768040775119
100015835	0.0941329248448714	0.288346874647666	0.53359418615939	0.703439935868487
229	0.699565373628759	0.330563459899353	0.421174576325439	0.506666391833234
100001266	0.00466683561442478	0.0220174399040374	0.469171637780465	0.800962555232817
1342	0.123126642067325	0.187280467359532	0.309092019988927	0.51977671280542
100002102	0.0947342904949399	0.146272904640519	0.525245615301821	0.708189263632262
100020254	0.082787028187544	0.430820919144397	0.361726381391296	0.544533502938227
1231	0.344884851491812	0.187668802744758	0.449022446038622	0.463787581215486
100020492	0.934441317427983	0.868534675663185	0.363966505127141	0.515051599812299
100001402	0.328040299772907	0.508999844796673	0.413321429462434	0.519068550842852
415	0.00392732130386596	0.0647704166780247	0.440107850673674	0.56590871370375
100003109	0.972575283701941	0.903705923948585	0.37282014766482	0.508909792349876
275	0.410678410251783	0.986043308515271	0.401879940235482	0.519159986624818
1143	0.0492274708715379	0.0408455229087931	0.344651039175277	0.598632793935702
279	0.35752934368073	0.302320018036579	0.373006971427859	0.390286191147962
100001198	0.691316490355197	0.82489435889539	0.39636624305998	0.50252345223215
1648	0.76316738562122	0.477574286738151	0.386166714034561	0.484579366770064
100001590	0.292120585168474	0.238352398794743	0.356426753135109	0.4352781717251
100001733	0.256554182156953	0.733628484891018	0.363511791524223	0.537289937863668
100008933	0.0188396573951777	0.00241203873361079	0.493273201726755	0.481435313225983
100001550	0.427747029782956	0.473603875134639	0.350056438211364	0.466859107041339
1215	0.0439864894135662	0.165260930796663	0.311603621797659	0.463652464860066
100002356	0.182986193740735	0.0890563930145278	0.450356660587906	0.516910721467493
100002749	0.847140506228684	0.852664045678898	0.371917964550093	0.521644553775266
100006379	0.150198194119505	0.130007569002926	0.434473468688613	0.288490487192601
100015966	0.102922994144385	0.338180370353446	0.446641240850598	0.651552537091939
100001392	0.814969083699721	0.859474670526133	0.374875701201584	0.51338208476066
100020425	0.765953894856499	0.185925731634044	0.306372562620832	0.396210652135116
100004299	0.139066304612225	0.555548804049577	0.419387345906069	0.609393734907943
100001734	0.551544987419436	0.482655723458684	0.390953684758052	0.457104837073888
1002	0.573793028238462	0.987813470122275	0.36946426917356	0.515948649450647
100001337	0.463645620115734	0.923607609902682	0.366456869722748	0.517075773693757
100001452	0.923888629982363	0.704162022715085	0.368369777619173	0.484296348209716
314	0.416136448564277	0.341542456189065	0.387030378345167	0.530311443690906
100009264	0.53836411817685	0.960573692845026	0.399139766782213	0.544675282669719
100004634	0.134638764872866	0.226095546876908	0.315964516138968	0.518646719850466
100000711	0.560715350929197	0.615201878681176	0.417720167630032	0.544001624953355
100020536	0.00881482742859496	0.0597542871686788	0.467619684034564	0.611000627057432
100004318	0.0575176032315006	0.249092264843158	0.404599173930674	0.483711424965237
100005850	0.864111680232704	0.453557726163394	0.46363899514881	0.467126818850097
100006619	0.366376362834292	0.155805649560666	0.414289878587334	0.504941183283714
356	0.492434758546094	0.662626793668648	0.357224282988617	0.531168584906776
1221	0.769713751761284	0.726085898189211	0.432732740481833	0.543875527641834
100001397	0.922577051699108	0.836242747912719	0.369384839501003	0.512365341926838
100019981	0.519581073042104	0.836556127883265	0.376744718634612	0.539395933606726
100001208	0.0345387618794116	0.0438325030488882	0.319305693874325	0.964723451681906
503	0.0076133967173178	0.0077064552947756	0.232664257106882	0.362744177393803
100006375	0.129470445753905	0.550353723102776	0.406868202487936	0.492493960382781
100001295	0.981229856936994	0.824127561129038	0.365324879168931	0.563437748313663
100020427	0.554606506292471	0.125899616667623	0.325720254674828	0.35455647104763
100002784	0.639149002633827	0.463781104052933	0.325401476361139	0.574970486108654
917	0.037005633555113	0.155786955663972	0.412805816837894	0.459177071178245
1869	0.314697064518096	0.174120644670917	0.402192805135846	0.404041647112508
240	0.620952331898982	0.238109919215303	0.262918108026639	0.40622831838491
798	0.0116635481893605	0.112086791476798	0.515199271093556	0.467081283349715
100002952	0.281386163183856	0.550535305122179	0.368676754168791	0.583750261321599
98	0.837743555757471	0.969197095099033	0.376276200255686	0.517927190364211
100008998	0.223053416457015	0.286766934441127	0.2927448014277	0.577649324303679
477	0.85914989521254	0.320630887307385	0.37630028580025	0.514007369465894
100020545	0.0473987654366594	0.0995411317401032	0.435953477131471	0.674921774928961
100021666	0.951453311114991	0.228044558642347	0.41964100896247	0.50769952311358
1256	0.627665389736823	0.784126419887888	0.409777818965089	0.542354044625056
533	0.239695469282092	0.0576792709769032	0.266146729986012	0.285307047025269
100001757	0.505850358853421	0.931030119220872	0.377478405957419	0.513783844919037
1024	0.0972485825622714	0.0417057412972879	0.244091329646398	0.962051802245989
267	0.667572108847298	0.841496844205801	0.380605621114446	0.508678756589693
100002113	0.216786431263954	0.151662391038086	0.35235661081978	0.550229339770268
100001756	0.953619919234608	0.798415678181078	0.380185543812528	0.531251974579357
100001193	0.345216032994127	0.154576752207478	0.463969980624858	0.459542107283597
100001668	0.29298038230807	0.644223641441002	0.369506307412628	0.534698986598223
1124	0.179316788303294	0.232394648428456	0.327637577233789	0.608794994539687
100021331	0.087115759198575	0.215074158385416	0.349798437295509	0.549042950950505
1090	0.0421630529707327	0.0364249993372464	0.356544087421399	0.646938866517744
566	0.968757052896614	0.313148195742516	0.279294467916624	0.518391423618065
100003119	0.410879204116582	0.25962170621146	0.413478102992107	0.456087571887949
100006367	0.771651268300772	0.794725743055123	0.373595197651532	0.511332530081595
100004322	0.280320900066273	0.290665318923157	0.376062795067205	0.593882114066132
100001034	0.843061141047896	0.747548299385352	0.365012738515915	0.50427830813452
112	0.173228437167211	0.460489485625964	0.3680062913889	0.694379892119334
507	0.617504756829242	0.7155641394692	0.369673971032207	0.523030771740122
100009233	0.447290345524731	0.253025376410756	0.34290314583946	0.538577335392502
100000406	0.10311012316424	0.314390571083127	0.488908292519612	0.41429135218841
100004046	0.294857481156404	0.514986169412681	0.274871744167826	0.476822937032139
1025	0.633923680732847	0.640490888015969	0.355653276678003	0.535615071897426
100001106	0.185197925559556	0.18721911514569	0.311284772452324	0.546392698992327
1128	0.0435842040215669	0.628296955092929	0.401474120819242	0.557097360938938
561	0.114430785212815	0.267033595655814	0.278391677996017	0.467071537789491
100001614	0.834132683532776	0.367507152787983	0.388258512439662	0.494502934300368
100000961	0.701525602305545	0.818230174025429	0.437409985724177	0.4948837966915
100002397	0.618188456604987	0.932466935085832	0.370397940176377	0.513620159199884
100009407	0.87384894178405	0.887975634284255	0.383184214451301	0.508587112139534
100002910	0.84419374451187	0.612011183844464	0.341807556216625	0.463873692083339
100005946	0.221162156839149	0.327268518600407	0.424838421367092	0.610872610622593
100019794	0.0912819522441577	0.290113165594288	0.372497257507079	0.663010881964993
100015759	0.460145694723288	0.140153911645764	0.318554969846016	0.53092440347271
100020417	0.816510909587364	0.670204861629092	0.356387966985266	0.500238195388464
100001054	0.64832553889447	0.974580338105926	0.370761968944453	0.516194270978643
100001437	0.595025959054057	0.491788542695262	0.326952337679845	0.47840873019039
504	0.384007862515633	0.817683441273705	0.407610193071462	0.523320214376031
100001988	0.404618319329638	0.67342738142094	0.363916047264102	0.663825776178528
1082	0.0393476491737234	0.621441408681252	0.406600581538381	0.542494012061694
100001403	0.32132119079201	0.336265940527732	0.408463872944637	0.500095598845694
100001664	0.560874694168163	0.39416354589846	0.349316940437309	0.739958140323334
461	0.217848815107322	0.171052419058368	0.60472634028791	0.489376954463005
100000463	0.184377438965608	0.498016255039414	0.440211430574587	0.505399098400913
100020208	0.926454351248369	0.857549022373586	0.383173101103455	0.501472552574963
381	0.802657162697297	0.114853019527989	0.19125343335785	0.402496237234723
100010901	0.149028218204677	0.110781674226363	0.363677185163499	0.625064958496332
100001468	0.251413037914757	0.991674859924753	0.370979285880575	0.527864531782759
100000840	0.615794175491155	0.629409221061108	0.319968758320394	0.54404991226261
100020014	0.636464699010328	0.882647837388057	0.366582826486618	0.523162447147239
100001993	0.763954686766642	0.68685593488978	0.327578556937504	0.640518239054984
100001051	0.200175267744572	0.0346452285073221	0.393454963340345	0.279857930703319
100006116	0.328903936534778	0.474025303678941	0.37818438654859	0.515981268101443
1108	0.978065523779067	0.983682822909423	0.370840939079601	0.520230401407979
100019966	0.332451741311032	0.127024671292421	0.440506498812391	0.489955913413485
100001743	0.516638948643379	0.367830664322709	0.360882394654217	0.497677538765693
100001294	0.122341719541685	0.177039108594003	0.265466775775644	0.571116088860422
100001609	0.233077302980169	0.107847733771132	0.352183860160439	0.5975502013856
418	0.66000800745293	0.613303584089787	0.362148962978778	0.555367904077283
100001178	0.158983138386609	0.800309432141805	0.390943207084869	0.546308532342078
189	0.669519900826085	0.471836231222299	0.316732711456022	0.458704078558025
563	0.401827264847969	0.890623306786313	0.381054365688626	0.510772442911873
424	0.399703044268941	0.3493127131042	0.423667561949437	0.490976075884715
100000776	0.155110861383413	0.330012434449111	0.417740236196588	0.519502535779732
1001	0.44007445315809	0.245409961670791	0.396482910843351	0.501724264350088
1135	0.463245260970128	0.144099309433492	0.351800446938672	0.578181554845638
100021093	0.22022739471971	0.367409286922126	0.445667693114581	0.535664716458543
100020219	0.0907553068647729	0.170494103479963	0.392269105728693	0.40451371909979
194	0.0989374312485035	0.6672261238643	0.362301057131287	0.580710873872923
100008930	0.475439111731925	0.48562053492484	0.416267798935884	0.487062982515198
340	0.726968276644754	0.282340723755256	0.243575232931998	0.593104607251515
100010896	0.864583173270549	0.649608953861752	0.341933606880713	0.523649630263215
100000787	0.501857310339457	0.160867109310204	0.352445916268328	0.303406135602555
100000639	0.025918399146418	0.191203364571513	0.337229208049409	0.518380915894623
100001851	0.661498781320674	0.394835338687118	0.388228722655159	0.386272217508392
179	0.554879239681132	0.653247708787465	0.364021957995186	0.529086719244812
100000626	0.315025807940053	0.65741315912335	0.390488785372083	0.515950871594634
100001605	0.00481805973225902	0.0548052481946049	0.491948786271984	0.60087555547954
330	0.624723879390051	0.683132657305139	0.385690311061506	0.467342795695852
100001162	0.657641428755025	0.661482379800737	0.341133271687425	0.494561229298964
100001167	0.0895531434102621	0.320718301538571	0.362159019175049	0.511684094844261
100002067	0.50264825197568	0.598054947070891	0.518382040682308	0.414073545342425
100019968	0.85623849646411	0.428684779536317	0.401684009056254	0.46942867349904
100002014	0.881085889504423	0.98902123320468	0.370044753699973	0.542389554543606
100004083	0.0294801192067418	0.014043534352483	0.501625188176225	0.258412880076903
100001315	0.090313868258266	0.199117521610796	0.411722267591871	0.59078397897912
535	0.199926688064302	0.476863818708571	0.406967296652143	0.50423922549232
93	0.765188535016756	0.395944948640841	0.39864581018445	0.419567193364483
100001989	0.211914773219448	0.465472348231069	0.331502033524126	0.568230022452749
100001740	0.55175952503284	0.341160858353077	0.33772654780653	0.531474396193937
482	0.423880787806368	0.886226863929879	0.36919904261195	0.533605563019467
1629	0.907715163239214	0.988913959627666	0.374011864066825	0.516474863958538
100001399	0.504519535999365	0.406661232838698	0.387292363140279	0.518759664185401
376	0.576131078364412	0.128379044013435	0.225365340064143	0.617670839399933
342	0.831553773391317	0.308865596845306	0.377595144838244	0.494786792330617
100001253	0.00798978075335122	0.104895730694417	0.314995014520336	0.742678630709824
100000708	0.703544680879242	0.834345934815986	0.387449651704802	0.521858236090168
244	0.129181580137386	0.0438259062395178	0.312890801688909	0.620572724283347
100006726	0.323699038125569	0.240068586874175	0.438965769681536	0.498674480531687
100000036	0.235479881342674	0.652350309614589	0.344696112386063	0.552139066534036
100001257	0.00135768638013014	0.01566049639243	0.608894728170315	0.828428032634287
100000445	0.975681664892073	0.438831761039402	0.427226297937326	0.451080369297118
100004088	0.0053506872904999	0.119784325120146	0.425727257730521	0.584260381087199
100001423	0.807018647088492	0.847383939379341	0.372638142738543	0.504131275624415
100001276	0.564374282045825	0.351388306392512	0.340250835012977	0.458107320130295
100001876	0.71015957756629	0.974926288102743	0.369967116820356	0.517069550158829
100009082	0.455802386015477	0.030507818991553	0.167928405747804	0.485491674126206
100001121	0.837419067174355	0.996111559442616	0.369605662667256	0.51578735678907
117	0.245591335752532	0.566928327882031	0.346864159790934	0.535834735528228
100001868	0.0551036788608024	0.129614194015553	0.429157709193645	0.527183649760836
1134	0.794450748831064	0.361627447391839	0.268792591000948	0.499673475453512
100021012	0.165432201621402	0.394737437349688	0.385527511365481	0.540097206541434
100001181	0.636347802900535	0.224954623116052	0.463644927906738	0.446387835944061
100021467	0.973244618489512	0.369717108320254	0.371053608984462	0.452615785640721
100000447	0.196138952847191	0.21442202900021	0.429178146404986	0.480134588671987
1162	0.000215127250117519	0.00653274203870721	0.501289336616313	0.403379258296956
100019982	0.562151571290102	0.45778001350205	0.385680736103806	0.501697923652407
100001613	0.94753416839471	0.433333450828615	0.389921305732233	0.487427600363713
100006644	0.962680491464647	0.91490995127834	0.382175602753247	0.511176681131075
100000096	0.590003174204291	0.0299024398164148	0.247958267012886	0.492337548328514
926	0.44072969457523	0.730961850754244	0.376158805005454	0.52008031120545
100020004	0.298831574840867	0.89346143137002	0.367031281321611	0.514017612648071
363	0.516021916918452	0.102132195855092	0.332479025603484	0.235463112739235
1111	0.28390118202435	0.95988923087303	0.371518334669939	0.58406771636749
100021712	0.686452138069617	0.454399810512115	0.376619855346001	0.466484570299696
460	0.944650723724699	0.782778718391256	0.379340143453056	0.544014255461797
100009331	0.477989273559559	0.274062233744982	0.336981519525721	0.546894204571749
100000442	0.205443221191197	0.635324530491394	0.405500563227042	0.533974769547032
100002945	0.0478562531679742	0.0119163435361463	0.493381934196974	0.462302826735082
192	0.271687558636693	0.362993779447683	0.289389497859605	0.65731078776987
100020241	0.830423159989972	0.730099404595303	0.380785031561019	0.51608141158987
100000580	0.0563738685586675	0.0839387411065633	0.317440955223807	0.756073362169333
100002466	0.0225915584404662	0.0422422569836568	0.312519102704632	0.334522153164503
849	0.527291200094167	0.463650440379836	0.381473657849055	0.453303930275323
501	0.43100280565295	0.340772162605499	0.414615742036865	0.47214156105717
100000282	0.987128698988424	0.215837072161004	0.438908412477387	0.450303039893658
100001577	0.00368427871678838	0.0593453261784372	0.588235512532625	0.561276317793108
355	0.0635110545534248	0.212334090513519	0.307984381679234	0.403681928727672
100000841	0.516243858131605	0.840572519004168	0.358104515841998	0.550502234073161
100000846	0.788564595788575	0.383222855351806	0.358556097188799	0.513057335410242
100004295	0.794510404385466	0.363586080056789	0.342684170667755	0.467362422672557
100001586	0.49643804568926	0.159149737468481	0.44656152891835	0.324582816091307
407	0.0342897585646385	0.0571473594613623	0.395360948268505	0.594243789727242
1137	0.912881983182675	0.909586490955356	0.367058169177933	0.533095506803493
100021374	0.0591348963149081	0.023801216751817	0.287505283069762	0.894575399661859
100001593	0.914144822273986	0.724802459044187	0.35754555088229	0.524978524972913
100015971	0.737029980398503	0.911503656237156	0.376579854931545	0.515072877835867
100001022	0.137114594028302	0.101576640150271	0.215871097986007	0.805318549527108
1094	0.0806092612779191	0.278998375565384	0.531106138285874	0.722221511396929
100002122	0.115487212495088	0.155003267364436	0.301685352765116	0.622261711825398
100000706	0.998075486202138	0.412659207075737	0.300662960924043	0.508097891934
100001055	0.990068221425216	0.328917664546027	0.334459559624212	0.450571105643755
1235	0.117901989490573	0.347528652384958	0.332584899950998	0.573674269922265
100020204	0.0420332774346171	0.364188053511461	0.416971548350647	0.565214771187639
100015643	0.0265617699346461	0.23532937182408	0.409553195069606	0.464716573021259
313	0.0183722935400156	0.215801553210067	0.394673426411138	0.450884535844231
100001413	0.977873468210689	0.766512455939951	0.354583756184735	0.497152323470171
100020423	0.346328103619611	0.091964263990382	0.343856409829232	0.342145981414938
892	0.310624635241278	0.117058184362149	0.411556080317635	0.537831591943399
212	0.133266589773403	0.186198115999819	0.457250144680223	0.511356230945037
100006105	0.136428761928084	0.150936696608001	0.428200199031744	0.522950279330923
437	0.948116901070242	0.531226002631065	0.343164302443167	0.531084852016684
100019892	0.552092883208339	0.766888838226134	0.369090021109703	0.539106598376835
100005716	0.0703471543596304	0.103142409586241	0.39897144904884	0.593110351133477
537	0.204336340222899	0.118824322350777	0.382955115854345	0.542909432431592
100001990	0.32494395593643	0.59356160317929	0.420640943539644	0.473017927137184
100003397	0.061256119765684	0.00482671175229118	0.289248615176833	0.316650679767846
100001320	0.500909988219795	0.499559172114582	0.412334576376593	0.414607758987329
100005717	0.0962472428035861	0.0757979243324332	0.435686356130223	0.542375263388292
100001207	0.0067112187479753	0.075286824495151	0.455140568247542	0.498241941133713
100001999	0.516767041976951	0.883076034831135	0.365240047294451	0.59341925950272
100002488	0.240804536183519	0.0217073246629098	0.429668968513165	0.471366631996822
62	0.185500996170602	0.651777622175619	0.359962087183811	0.522311765057136
100000467	0.0523833340913187	0.0885026263371425	0.366815824668849	0.408989940879589
297	0.00376326669447827	0.101142345699408	0.383630022321062	0.477131469924547
100000285	0.0171899019565502	0.323276196015174	0.377598659315986	0.616303297355254
100006056	0.0375194997216482	0.299083343633241	0.3972789303483	0.55585756345884
100002126	0.187018645895463	0.37043510580071	0.304754158189127	0.778286288410271
100002129	0.78634073763043	0.906491653991792	0.370066985621908	0.583004369574512
100020478	0.0787511481185128	0.301825394279608	0.338527550509463	0.547118242333047
100004089	0.0847339943443608	0.550574371040984	0.392912101920047	0.47900519852141
100001755	0.532771920175688	0.57523299539593	0.3723891767282	0.47831975920909
100000551	0.0380210042138779	0.933585195981201	0.383159758411348	0.512543414319236
100003260	0.457337356827103	0.320943481432102	0.413793414142664	0.585762013727063
100010955	0.897246973901733	0.557480730513965	0.321399748960555	0.460364150834287
100020851	0.144574104811167	0.374047032086825	0.406711220342401	0.536519030373557
100016069	0.496687954290489	0.67259153670419	0.380137187722968	0.497196752920737
100002027	0.634774202272075	0.534564597511267	0.281030040818338	0.624159338474029
1123	0.474488568761955	0.245067219817099	0.353820668736724	0.63041309939523
100001150	0.963624375974498	0.849022476619689	0.392631644228224	0.508581863348504
100001657	0.193191998025418	0.83607794504681	0.370582577438466	0.510633002938721
310	0.227024051644123	0.342120621532341	0.329539571060993	0.611575403968557
100001314	0.167393543456179	0.0649137622709613	0.358193137967276	0.370149632651172
452	0.510585196024518	0.504408917603848	0.434333647343024	0.477259805830984
144	0.202203509118098	0.0772567672718173	0.435105120230176	0.413993078985422
100001182	0.161984281182367	0.133629221796254	0.457654310533261	0.497261932988305
100015965	0.671610794302286	0.467936522629185	0.355547635294407	0.582036380824615
100006108	0.785597848665237	0.438734485427221	0.385419076022041	0.552077898707484
100001400	0.920565400861469	0.776009332644061	0.359686369950267	0.513777943567074
100004541	0.289411222806345	0.180573699293014	0.364617166748616	0.298775437825653
932	0.756122283743304	0.389038655986134	0.375413745802704	0.546874762247812
100001992	0.455799740003946	0.513824987863939	0.515444688733522	0.425469346357017
100009252	0.0832797359024847	0.1408575429764	0.456815333186205	0.488976788808289
100021104	0.732056523459046	0.685983460019613	0.330093125901649	0.615905807734983
100015838	0.0155241740528069	0.050301138949208	0.50992278577094	0.745504593653785
250	0.00189759089470998	0.0289629097463656	0.626439279562367	0.60859950551995
100002537	0.842294756259594	0.476732748054283	0.344681761224566	0.621432142573252
100001658	0.889448568774852	0.714261250109104	0.396390985752315	0.507052043003876
100020416	0.240683852903289	0.331770781430099	0.330821770931269	0.490715720097311
100006642	0.588996703583632	0.90776738526555	0.379918456147414	0.510375097932398
100001391	0.0873990168491085	0.308647798641459	0.471308076397124	0.625316993415952
825	0.720779558886647	0.613650647624719	0.328164953110265	0.526680049253641
215	0.00858740955803873	0.0657954691524442	0.452132826815508	0.486684329583122
100001026	0.875781155608232	0.960975144602814	0.376125434603539	0.5224731208288
100020541	0.416594488676246	0.454898606296722	0.326277550330865	0.553960666142051
100001526	0.126169223767633	0.197250828492142	0.582995245760289	0.629717113094421
100005384	0.762687088314061	0.545762691192929	0.352028352824687	0.471637225239351
100020378	0.223632220167356	0.777211469343292	0.360229907458374	0.52191740098585
100006115	0.88931408250399	0.430800047518067	0.459086692589616	0.435419787497498
1442	0.292447618700112	0.0603051819801801	0.172573956496608	0.430459641095491
100001843	0.158682385897905	0.221403284956304	0.398400712996286	0.596039343580763
100015837	0.298880956178581	0.3829127531927	0.553839124962587	0.489348365779593
100010834	0.681792234549923	0.921199962377189	0.372157679955143	0.511593970165773
100001393	0.722902004601013	0.408347236496954	0.295690981971204	0.554033883058748
100000015	0.473020964425726	0.505294869183089	0.344154340926994	0.535458064856632
100003892	0.050017866284619	0.0568366367423471	0.327223848118473	0.759530618800646
100000042	0.220269918882076	0.0297049038036076	0.391729563615488	0.443730353522926
100020550	0.469678847244691	0.176506510751763	0.406996983756052	0.413276074325214
182	0.356965153203597	0.308394063879529	0.360337369024679	0.533793958291151
100015723	0.0908166993490181	0.339838358786431	0.379986025304045	0.49271417450674
100020343	0.572571305898262	0.589451752133046	0.344088577574684	0.521899178840575
512	0.10839490897865	0.349060182314836	0.444735631321481	0.455076500170379
100021100	0.809516072093857	0.745155358852757	0.35873800029285	0.519927278455582
100002528	0.351043676667349	0.068817192509066	0.438511161527258	0.328873472819439
100001287	0.6186142177802	0.815406326514304	0.457243367352942	0.491507103041435
100001229	0.875902057319424	0.770763242108044	0.392676482810393	0.496131491879017
181	0.474733069076876	0.949987369736697	0.368937027029781	0.527067898668915
100015831	0.00380063837322644	0.0276395633400434	0.476362363742106	0.349954141183389
100020515	0.28064450802621	0.469108442779118	0.30953457127808	0.656733205367188
327	0.163497434576003	0.212643457916734	0.455207500973879	0.466495414548385
100009394	0.851157860405768	0.893646475986722	0.363915798433113	0.530401107207012
100001596	0.439129189724268	0.525449686212405	0.345054360287226	0.449716969251624
207	0.884581129366545	0.476296052632919	0.388016769649685	0.480135344075417
2054	0.25267798287332	0.534614680119148	0.343743083855323	0.538850183004173
100020259	0.705464657587546	0.585842355095066	0.400505212204677	0.504238484463064
100020414	0.00787491585622758	0.0634790083329262	0.276575672322062	0.510335412349676
100021131	0.878962808158034	0.281512898794213	0.35819168785365	0.480422711611022
100004499	0.794387234474805	0.758161170423668	0.362750100160751	0.49588245827393
880	0.357729043827344	0.98424831954491	0.376814567202099	0.51614553084487
100002049	0.38806546737219	0.254358197398371	0.416076207849359	0.4617216165503
100001739	0.439482330587494	0.215756338635874	0.473414376017734	0.474663399146753
100001126	0.538984046349914	0.177421190353027	0.255248442425703	0.424940663888226
1113	0.746988686451779	0.855284646084553	0.362778588161627	0.543931518840904
1083	0.653328806633026	0.193150817349475	0.423376625619667	0.405781320204536
100001730	0.816974003186905	0.17844878793995	0.45300297778276	0.347103950933293
100001412	0.372327435278454	0.79889402594186	0.364654833616113	0.538227570229839
100005996	0.806276702699527	0.555985275077449	0.35819505957723	0.489070946950207
100015962	0.00936788986159064	0.109218523868739	0.287634815863449	0.793708299044936
100020214	0.196019904789608	0.15574779281074	0.430875414019143	0.368558034944963
100002514	0.878648531210995	0.396049112202063	0.370568910441046	0.426595077185779
564	0.107648034788928	0.0300754712931934	0.333127357871448	0.379473952837676
572	0.180129972485569	0.0480505092655326	0.479719981618196	0.452621959412337
231	0.59021745519617	0.461200029517058	0.32595458622798	0.529655749622493
100000453	0.999495124868317	0.833170893427895	0.36260244878185	0.539081639014616
100001007	0.498038756826235	0.48383912526758	0.403205045306273	0.46032062557615
923	0.661660273475626	0.372236690435322	0.353858005262171	0.564169611849422
100001247	0.607398173919452	0.640757348393434	0.354950192658984	0.508226369641451
100000774	0.179245687470749	0.504406037195857	0.437427677762589	0.559797682728385
800	0.189646237158095	0.257295174908657	0.400457321609969	0.571458689419037
100021678	0.0906306141296746	0.205066292401468	0.290829795928728	0.498719127130117
100021711	0.387437962421567	0.78873347137693	0.392811942118479	0.526224665868279
100001274	0.933513837317828	0.517019821139309	0.358011953769259	0.42445361923571
100021220	0.112351934268745	0.158942262161291	0.452841021194725	0.824198662234641
100020253	0.295159119388568	0.864246527307011	0.368312576511611	0.524717133322007
100001170	0.970468535025595	0.258237144280711	0.343707031796677	0.45305076307184
100001466	0.10950810178271	0.595562545821057	0.401549053663046	0.495641901614945
100009406	0.851437784409741	0.748902199237559	0.359805653764817	0.529675359798322
1026	0.0882958303494971	0.299834904887101	0.408873645115009	0.466248177766368
100020837	0.782558067274648	0.374340336669695	0.419816420185052	0.431494168704795
100001006	0.130622587165155	0.118061458651222	0.351347369613554	0.633349832762905
100003674	0.733142148349316	0.13148836017291	0.36880679924535	0.505731522233344
100004396	0.930447778370532	0.759962543897521	0.387372950557832	0.488523775461596
100015923	0.967042055523639	0.730573099574985	0.341659771914238	0.539991701306808
100000265	0.513784337033582	0.718666092683825	0.377406476564953	0.494198096296239
100001409	0.20680327781551	0.186131862328407	0.357714679013203	0.410599389505304
100003434	0.313338764315478	0.611310859246812	0.37414588891112	0.469857828911284
100001334	0.625803288420572	0.0746269926418327	0.454905456673483	0.409728880739197
100001102	0.745141608469406	0.733977941753391	0.383825155934194	0.497482666638555
1268	0.600769009635937	0.0704572081867578	0.236662950007124	0.479254535043569
100001300	0.291557294869664	0.11148773553116	0.329061300377778	0.527924622890192
100021324	0.439990576553387	0.895902906522723	0.415829501748115	0.514975492361884
100001617	0.109767708504652	0.104135801294717	0.362020439674674	0.552978025112523
1105	0.860261314771765	0.210720298645053	0.466318966317112	0.295916444540024
100021502	0.0696565315006432	0.277350108162839	0.359047195835749	0.544152740534801
2051	0.284694370339113	0.903950159467384	0.369388255263057	0.511746765696202
100001256	0.0520456025264472	0.322340360239044	0.441525960680537	0.690130139875301
100005466	0.0514897438660914	0.064288608425291	0.427842513750599	0.324582792901556
100002199	0.100691346750314	0.640999419246684	0.388653885501855	0.537639306767435
338	0.105807209001154	0.136296520578886	0.498537213151312	0.382651173518749
100004243	0.365921651222886	0.518394547161444	0.343965348032307	0.527063314799704
799	0.876287916393992	0.493729978210164	0.301153523527476	0.490202736555253
100008928	0.511816604173053	0.0986154737509375	0.372944543735131	0.505275768522579
815	0.146708367395298	0.333237180521684	0.370326398124171	0.583180189870071
100001456	0.0010950943947712	0.024982100372554	0.374004715219501	0.401514921896074
1242	0.128931917481079	0.105800032814213	0.432604292552312	0.364840692937434
100001416	0.282751141786213	0.101426430094715	0.261831605718002	0.30341875667287
100001462	0.329271755207381	0.294405382715351	0.441927527490763	0.475019630323633
1087	0.127828424085217	0.0327555002482162	0.391807777551259	0.475059939531119
100020421	0.621237313604866	0.316243185901888	0.382188373319416	0.390698640840653
100000010	0.00701562768842012	0.0553193413227422	0.384864667823924	0.572023867742072
821	0.682096824260798	0.437050208754083	0.401821121676538	0.411898937338396
100006627	0.299245596948231	0.152888311346718	0.498937959067591	0.433250616405345
100001277	0.231408533974494	0.118543324508768	0.44569355606695	0.466222839544051
100021141	0.0431711199282239	0.194422016116778	0.414034957981876	0.6051397304243
100021105	0.209920703540481	0.268594409057405	0.393724531741769	0.358259147918104
100001950	0.000736081818136349	0.0100490774521544	0.454459684168291	0.674056010807929
100020217	0.752461003239677	0.461998060909396	0.296508633138856	0.424988035435656
100006651	0.0132550259423586	0.0878843911617171	0.443696413163509	0.265667210438057
881	0.988203887715363	0.447390306294225	0.351787840506626	0.528358973868199
100001509	0.671802841913618	0.148713918000664	0.330041953295338	0.446334907028644
100021709	0.884387116106244	0.984963830738172	0.371545306815057	0.515929945401106
100001635	0.281142699589742	0.0362129213407699	0.403725642466214	0.467427010592789
100002613	0.404884168250641	0.122288832530811	0.34735153219408	0.594398370575858
100009329	0.18146646223398	0.377292367085407	0.283829765627838	0.767016674431683
100021123	0.834003914512505	0.77489830212408	0.376381921719568	0.484851104403797
100015760	0.366218439090745	0.219032940765914	0.313681879202656	0.553088680929236
100020205	0.572773466933175	0.517728498373912	0.414027438160442	0.408949336249084
100000765	0.470745176494827	0.716977605293066	0.365739060242655	0.497571053633259
100004111	0.166111911759954	0.105557421197728	0.423979044096937	0.472479890154749
100001615	0.22940170766801	0.805166711508609	0.370059663739	0.515275940119101
100009227	0.152509294520079	0.101548136138913	0.515147907515619	0.64718151462233
100006191	0.613150736058446	0.693337348027821	0.392003736460351	0.488240633534207
100004542	0.60702446370667	0.458418026738042	0.383402794253855	0.55562243744076
100003686	0.276762381700237	0.117448913171692	0.513394065395576	0.457598339744906
100009232	0.02957725457679	0.195139607024512	0.372496775577961	0.42596479741599
100001501	0.0933767616661758	0.140823046966937	0.453209963433198	0.55734808731001
100002367	0.397263762512528	0.189144720467196	0.352662216965179	0.36766312474197
100001108	0.609921730102229	0.531811416779041	0.368981122510903	0.495821776148817
100004227	0.718877651457909	0.95543517350198	0.370873211708861	0.514703459996163
100001310	0.0856626956555712	0.186526717852867	0.353865336366576	0.632008996483093
100001994	0.71698989122127	0.908005681683748	0.381730677130326	0.587026621027161
100015839	0.0282933899245957	0.0209700319278626	0.462885305405912	0.608293313662885
100003271	0.00801482992500037	0.0782148013478896	0.474531704197926	0.348757533061522
100020496	0.727230088549826	0.936910086563749	0.383906180586167	0.512979149050908
302	0.456127563258309	0.326004299533476	0.32355016782981	0.473272498478085
811	0.231948993325177	0.381021978022619	0.357689825285117	0.582979993033673
100001267	0.919242472105071	0.730055594531109	0.345721137256664	0.511826450657247
100001197	0.0402424791513383	0.376597762386883	0.412469109661598	0.526859719184125
432	0.159923192621426	0.390461911043072	0.401439804454317	0.492012125130959
444	0.0359429298919874	0.10718000651432	0.395158628284043	0.641235938396472
100015968	0.190388603802133	0.543126258936078	0.408428644792882	0.536572007619315
828	0.960507147394355	0.820677009988723	0.360817818018731	0.523266920744317
100004054	0.433838073670597	0.997250988822359	0.370386763420617	0.516936855210554
100004635	0.543324733758969	0.456660614967133	0.573964666172626	0.412724176082468
100000491	0.582267011200161	0.612704252189782	0.361896520245017	0.448513223774804
100000939	0.116459681433394	0.0485702640173845	0.380338449996069	0.442184959524443
241	0.181574579607289	0.560682548674452	0.397597351733341	0.534657824026613
136	0.332770151149679	0.0748907903382583	0.326544023954902	0.68657980205827
100000792	0.675108205199732	0.862981834796937	0.399184842788977	0.514516108271053
100020973	0.294176066856824	0.447805897514123	0.411107896310757	0.474455959213613
100000936	0.748743801104271	0.875575744057464	0.369130790963772	0.518732118148289
100001313	0.0104598019409365	0.157606231912211	0.388193622322407	0.565186990043054
100001951	0.101069290982478	0.134838043154591	0.402505291704209	0.521500781429147
100006098	0.00479286978425927	0.0446391587942092	0.43563466469926	0.624588636083211
100000007	0.271171216858491	0.567333123814699	0.379157963975269	0.52299876453818
100006641	0.664630049246764	0.701118316070321	0.420997173427492	0.515885039890298
913	0.0547536394747521	0.0270246376854006	0.483478731622272	0.361268887219786
100001579	0.73142327157001	0.405198771443471	0.408688028860224	0.516174763928498
100002911	0.201606506786576	0.0170112808590232	0.461301464223134	0.490322894172128
100001293	0.0215822399086578	0.100694679680025	0.30894100315874	0.730857474291966
100002241	0.378368833741551	0.615767929531388	0.383447796978114	0.497199699017787
100003179	0.497049568675699	0.0964300306569206	0.351623515428118	0.400770550616341
100021372	0.330610215632981	0.24192962446263	0.283909663279378	0.523258757537656
100001956	0.465365774078669	0.572495768079892	0.37265073315886	0.452747451490648
100021162	0.195125488531236	0.14371827845308	0.354255429372557	0.35921641695248
100002259	0.474696954307218	0.704649188889235	0.350276124607519	0.513112888259661
252	0.243915350457414	0.417439856984211	0.453841960995465	0.435682000299854
100000707	0.519705848295224	0.372160624590917	0.365236361882311	0.524988987327933
1489	0.555212877857608	0.0188529965085551	0.281802477674136	0.487371497607944
100020361	0.0361650497337204	0.102693931306466	0.404981694889417	0.780589462794801
55	0.150939918979979	0.423946910703286	0.306359244158131	0.548706132305153
100000863	0.237951264930048	0.251679053732604	0.326071733634755	0.549783963976784
100015840	0.317297614591241	0.153197779837275	0.458406146133327	0.497387756111752
100001541	0.162354627652215	0.088563327735211	0.261212610793355	0.512033166802205
100006082	0.050252269383874	0.0246652930498507	0.515615686104134	0.483820783966782
1254	0.574876970857747	0.937529438680912	0.404468346542608	0.513879483194028
100001624	0.0274690723069175	0.0465808668589333	0.349887644671174	0.410213603567405
100015850	0.585343716622754	0.795962780545874	0.408409022009649	0.504989332996015
100001104	0.00250280497042817	0.01267547369798	0.416533852529118	0.780387902336063
100000900	0.0533919255973282	0.291319080530547	0.392631630017685	0.51196320709679
100000269	0.341107186343993	0.120503238235779	0.243574434718799	0.488755517923024
1022	0.159023156234874	0.915061770021397	0.369283690391302	0.522047758320215
100005373	0.485345801316871	0.15008609966657	0.328937151688625	0.561179181475274
100001129	0.116127763245055	0.677337619409774	0.358863672751084	0.546302185792503
935	0.186548147950207	0.428246468777642	0.411327859904691	0.468773273074605
100001262	0.246217721693872	0.257765320284587	0.379811749689841	0.543700080234974
100019978	0.388418537687154	0.58881903826387	0.362757504485107	0.502556614769606
100002293	0.374443822335924	0.529425141929911	0.38547501443346	0.511328414722808
100001426	0.295844847301324	0.316882228795536	0.37212191607903	0.396942801393714
234	0.0259532234968719	0.125629902258731	0.370931100233467	0.487928364261045
100005403	0.171254844505123	0.934537216140692	0.369007605930774	0.528649898303854
100001083	0.0419212919238256	0.312121792402899	0.403507151714034	0.536051207721497
439	0.513088462079446	0.263505894670462	0.403502791703831	0.506140083627237
100001086	0.147595300082772	0.279142651155241	0.401201479610191	0.605618550548359
100005864	0.741642607817805	0.491734778285889	0.34400296945618	0.574974853976121
491	0.706715872166147	0.988677562114452	0.369197940660281	0.515723895527986
100002029	0.527024170056948	0.436018731886606	0.356780717848681	0.409384530531253
100002154	0.604446757505747	0.362545917457497	0.321736881059486	0.486145565685542
891	0.329886841168147	0.155014052844757	0.422520013184708	0.476584978524593
100020261	0.788790623912826	0.691900842492455	0.402225969575967	0.51047658129288
100001296	0.603121771708051	0.485728421966665	0.373928051230239	0.426842436702101
2050	0.501450213782061	0.521386006784348	0.396744589804932	0.468331914858842
100002761	0.257194093532256	0.655887267412424	0.320472613211405	0.656826449038488
100006614	0.891234757835202	0.682543987026373	0.345429416111157	0.57456251766158
100001597	0.752386420536117	0.193232617014321	0.258266258742289	0.377154289652275
100020853	0.270287200503867	0.549518669398901	0.394939888141212	0.538204991720029
100001446	0.419734379511433	0.519538106404773	0.340155549267435	0.516041536037465
100003240	0.233252090522498	0.103422291510611	0.432194392944083	0.434321375171518
100001502	0.0641500951475206	0.306160464658837	0.422791463277728	0.595246252177453
100020866	0.136761324285347	0.0156836300861868	0.235316778836108	0.370638879029525
100020419	0.547985602622966	0.435152861560443	0.361338555445255	0.419208799388484
35	0.565556336236976	0.32424525493285	0.339432603427524	0.475110689662605
100003696	0.0137191206496214	0.0496279907130743	0.531374728730619	0.457000348924457
100016038	0.567727618953752	0.948904039381513	0.373097994603618	0.529959068137695
100009333	0.267303655580032	0.212426280367978	0.366891576827323	0.545387276862977
100001611	0.188765318046959	0.339788568046509	0.468160607195077	0.497027216976963
100005383	0.425678208351607	0.216272478700514	0.388704518136386	0.553281341619047
100009239	0.441874599871741	0.153156042787519	0.449526767713783	0.373637789990507
100009332	0.501237627996768	0.319860951598995	0.366598921906268	0.496206432633777
100001731	0.106953660493288	0.519007731064998	0.385565088775971	0.482654957845043
100003415	0.308615487878081	0.410765673207427	0.362599244150634	0.530525261103575
100020578	0.145380568678451	0.189315447075419	0.35045956806328	0.422501117389554
893	0.998257040843834	0.475873228783957	0.368202452101778	0.52678275213027
100000963	0.607919215515909	0.663217908475841	0.398987911598937	0.466856052748129
273	0.123528371783146	0.281510510144653	0.433374671161326	0.509206294077754
197	0.699012284455963	0.517220665456978	0.360331644026617	0.439760640447983
100000808	0.537670018865207	0.358463807584336	0.349046996678077	0.642868667291746
100002284	0.861932428854701	0.346242111836107	0.240904078586873	0.461137379573512
888	0.842133528425869	0.0881720012085143	0.402860617782046	0.497072147228568
100006435	0.271054889036633	0.237159827032616	0.277106919608842	0.862120146372923
100006374	0.125374361515528	0.445161626443348	0.387574650182623	0.501193066701637
100003169	0.594462433887884	0.960312988013045	0.368581867461458	0.514704960190263
1004	0.54251139541597	0.725943591203324	0.348675498860431	0.494017016854029
100005998	0.101726706082057	0.869593552984215	0.392323336220287	0.525369008449802
100000773	0.43518350043094	0.987394762241715	0.369642548942842	0.515929703029378
100010850	0.0719078860041269	0.227523450213668	0.406587515751671	0.448107542891334
397	0.903544594923469	0.322438631263001	0.273297751546544	0.576579001435222
100000039	0.0165249932439844	0.110663204386051	0.296177978199069	0.561219472432807
100020833	0.672406475085876	0.857946091978765	0.375533519414523	0.54333475928491
1021	0.372023476854673	0.342622786680589	0.349792384563796	0.550680191822993
100020479	0.201701984992742	0.41853807942941	0.382434232980658	0.523469078404343
100001335	0.359315040771532	0.24780565851777	0.428778885849972	0.478581841006169
100000743	0.512257150532413	0.865340828947618	0.370697367310401	0.5017253402877
100009246	0.191654069324257	0.66572806842991	0.358910789833657	0.544090297583175
878	0.881880253267957	0.299419894106341	0.328592557770275	0.530166165461134
100021103	0.527181648913821	0.83441457045371	0.46448675060861	0.49841544159029
100021363	0.228434200719172	0.56558974437157	0.347225273933602	0.554162072328918
266	0.149085825627456	0.214639800385202	0.374764354584266	0.453445494842982
100001195	0.250253745618418	0.180175774748835	0.477413452672645	0.441995755611939
100019801	0.885320847055165	0.748144637694804	0.38242463282283	0.507669696525847
100002196	0.0558087673065945	0.296776640792379	0.3850176697543	0.528126321653547
100006370	0.297937510028283	0.996202875935951	0.371422497747592	0.516709505996407
100001510	0.0411782909963478	0.00504868125279285	0.312079805553213	0.617319593408436
100000437	0.579893020808675	0.483572426140738	0.354348087244496	0.578466519310659
100001767	0.100336935303029	0.0276912963816485	0.459522632610441	0.570773177185663
100001810	0.348902403589846	0.486560543334743	0.387452711472865	0.670653028550685
209	0.0207640775957249	0.254407505571524	0.436700915225542	0.493440895656399
100001485	0.463649825092377	0.149648372206328	0.241844130448536	0.477884345818676
100002500	0.231915264037285	0.683296396130676	0.406391113570198	0.537891431676935
171	0.0219200896157348	0.0200254570048626	0.282745873070004	0.515600924280332
100020487	0.983936455215843	0.769675317640317	0.401708068925129	0.477938128368097
1206	0.00643792382719327	0.106888833088746	0.377007950332002	0.561772054872096
344	0.0499282882936316	0.064366993868226	0.629697306103293	0.622493486473306
100001405	0.43733301339509	0.822240766182243	0.381637369050191	0.502260330675005
1239	0.963855055294245	0.513232157604947	0.409861396182409	0.520107048421083
391	0.145985565796486	0.301829801563267	0.345942715958408	0.687576718311242
100006430	0.595082967766754	0.216920391229798	0.442489269993291	0.320616752573139
100001417	0.537078116025238	0.344865655800007	0.355519814897584	0.653014260651932
100002951	0.0585084745895251	0.420910958910828	0.367400187932184	0.437946817708319
100000014	0.265452832614831	0.476572890832449	0.362386198072802	0.563059315810867
100003926	0.766679745622535	0.570622240885414	0.39088344882749	0.506484764899602
100021538	0.441554950535248	0.312337047274453	0.437246873398502	0.431252554381506
132	0.207336400353042	0.786554046324484	0.376419381716442	0.51452705339045
100001425	0.697006831643037	0.58273139039568	0.439863194276261	0.472100686410664
100020262	0.731471398823728	0.720434443381339	0.389677759169659	0.509161720553753
100002679	0.0605749835528443	0.346086737519788	0.334831223984117	0.650994042319159
100001270	0.825510153591843	0.524378578891381	0.3800821497536	0.494123470819776
1102	0.949991392487471	0.829419484035183	0.380381313329666	0.499297901676804
331	0.14711200588577	0.133756000532011	0.30586224005473	0.39660499987378
100006361	0.187954848974634	0.359307262341098	0.327367840094915	0.62348981699339
180	0.955553403987613	0.775068585369278	0.398989498471211	0.510270667763659
1053	0.0345022537904231	0.139086337760273	0.755571628366343	0.600270621974676
100001359	0.386814840237	0.517668230982157	0.332905577974544	0.617756705358384
