chemID	simpleLRM_Fstatistics	multiLRM(chem_sig)	multiLRM(sex_sig)	multiLRM(age_sig)
100021136	0.024851491778905	0.252910846191315	0.276355612088192	0.8159494683716
100000882	0.743584763748056	0.760307317047754	0.256315270167051	0.70427109144713
409	0.0741852995131414	0.172039933448174	0.283925260511611	0.473601657387211
100002254	0.73380301485349	0.0885549992822094	0.158401469457359	0.717454554728839
361	0.00430221907725711	0.0494719485102723	0.158075830190267	0.700082722462275
100019975	0.526978634008903	0.700931825469147	0.249866421676666	0.740974123543553
100000257	0.000782462385994898	0.0235429123697161	0.253706642743594	0.652696138757729
100001232	0.925679155639293	0.997477614250712	0.252436629747295	0.725023408677923
100001948	0.343244643984325	0.335724685308601	0.269629815218427	0.570167653591818
100001073	0.543243077018857	0.639189748621168	0.316884006620378	0.638812309397868
100015637	0.854257647826439	0.491151419853862	0.267049261241616	0.715754248961892
100006360	0.608967603340682	0.67720237349381	0.233493310613588	0.793521865496076
1488	0.457035377918545	0.489941400647977	0.24939068136389	0.694345518186255
100002253	0.846326420702833	0.988344592133952	0.250662317311566	0.724552508216186
1023	0.870934950831977	0.574854887226836	0.244057163635506	0.700300958318428
100004284	0.150170692812429	0.40592820059029	0.249828207124875	0.714878871399494
100001251	0.685616067153741	0.997530267873798	0.248908146315959	0.724044259953457
362	0.629817032198009	0.612083232110961	0.232009757342442	0.718109258221282
100006620	0.87241887411331	0.740727433682827	0.248168942078398	0.73518563525416
111	0.398337029686037	0.176013215244053	0.21238964918662	0.691825664686524
100009045	0.721328668401843	0.348804818121246	0.211687918821937	0.857698409367764
100002927	0.740689916548296	0.855962942789412	0.243927214607015	0.743601355768906
100015641	0.82249538727041	0.936482619213262	0.246714513852978	0.729444485737082
1114	0.0593234909435646	0.485087158517193	0.232425845155052	0.755129395355882
100020409	0.351740034014628	0.379875079033603	0.248663178548075	0.595237922321915
158	0.172422200318191	0.387657306410938	0.304594780865664	0.74268120799211
1224	0.057766158663661	0.20551387322296	0.195353759881436	0.759178787224408
100001620	0.609404906473592	0.565502942145523	0.227763715379822	0.72221703381603
100020893	0.238643441067928	0.0317729837173244	0.225059634108235	0.403833782810478
100002458	0.691166301766077	0.608752301658387	0.285638390814055	0.671391810150813
100001112	0.745568941069672	0.943440561299079	0.248348231668745	0.731860142820069
100002953	0.383969377257249	0.789520258987583	0.244784469228848	0.737685718731945
1141	0.420849327718749	0.0555701849598856	0.328356009370995	0.538658541636351
100015834	0.433380235321666	0.974053535332652	0.248488466052141	0.722681690704029
100004561	0.565222528680083	0.854189347118629	0.251045823344742	0.72017225271261
100020497	0.772604595770706	0.722026884697675	0.234826661708399	0.750958043940148
498	0.0603292000273503	0.355917079410548	0.251070402544292	0.788797828507824
100006051	0.874847032927665	0.843471366990354	0.251846949583689	0.719971090982189
1668	0.70051836833807	0.466593436552338	0.242411966189753	0.654570953467488
100004523	0.46589382120288	0.949000273054963	0.253459115638857	0.719564731766948
100001604	0.221361942336714	0.488329429646707	0.243035456360818	0.775669781126913
100001002	0.206756847474867	0.706921377110864	0.255195674597651	0.715462174861121
100001987	0.0488486448631256	0.257087479881676	0.771195443799141	0.578584825516572
100002462	0.547847875037691	0.245422308138675	0.313056976261753	0.575848960772323
466	0.633341403932934	0.0787178036663582	0.275733195087084	0.696937083983887
100000665	0.843044946847868	0.482705087070303	0.278544393418665	0.671286911972831
445	0.94507679324087	0.425284848940533	0.275632987998671	0.776262856149456
2029	0.13162191623449	0.454597891889528	0.264831582820577	0.728242854219752
100006438	0.105236014383497	0.213575150953075	0.291719262557812	0.741896534993964
100001398	0.155554477892996	0.548816840038885	0.228935191071108	0.747176921505638
235	0.492572404169233	0.543308276949501	0.226201280692132	0.75041602391166
100000997	0.731715588912469	0.697046969827251	0.251315952803971	0.700325446768132
100002094	0.233324301405828	0.194823871642423	0.203922115129107	0.581084821095937
1052	0.644205441536873	0.897123827715335	0.246593979876913	0.749173927846895
100020823	0.293027740288008	0.480431540156744	0.227511627387704	0.710615085498224
100001806	0.250786305534554	0.586692975405385	0.29510671942763	0.736622010703932
100006092	0.832327514475235	0.932813669841442	0.25080929822312	0.718625158214327
100001415	0.0979294249662019	0.0528733614351598	0.255049942903638	0.407866487822942
100000008	0.037848050438183	0.0718755550284542	0.274609146191124	0.557213234015236
565	0.0114321392232997	0.0784232106652329	0.258213362907606	0.780130157578036
100015851	0.17584085947904	0.206703201144072	0.330220040100986	0.849711007838841
100001866	0.416972422698223	0.731346539890463	0.272168364391447	0.682451133661983
100020546	0.00302053585222275	0.0290252446191229	0.490821471025778	0.904111311678918
100016110	0.558494276871184	0.434370943052034	0.202939054240016	0.82174356004239
100001254	0.00400751296962331	0.0193028050933813	0.324871132546299	0.921889072135778
100006260	0.429292704992787	0.841668028316182	0.252735840755997	0.720472493470101
826	0.658851101783495	0.862560714477378	0.248573350087773	0.719505236789479
100001872	0.405753209300696	0.715141640744984	0.249462922316136	0.724933269057061
100000263	0.315948621905625	0.382372880292116	0.306873671990778	0.719517881520825
100021198	0.869008386565398	0.08135819271163	0.172516745009812	0.441746617344684
100015967	0.0363061674409844	0.0957238673067015	0.312673411067727	0.540763885376482
278	0.137501752300093	0.215308908596792	0.231683716577121	0.963479340559137
519	0.772070045951459	0.359761892761757	0.297757516550073	0.660869250499337
100009337	0.0900242068478901	0.29165992821979	0.342618076974988	0.711544234282344
100002185	0.370008017238507	0.846086497895746	0.242250888775815	0.707752396053621
100001278	0.39896269525218	0.283914137046284	0.307183460168318	0.67604297946989
100002103	0.754173376805782	0.77728661574186	0.249058190924269	0.695358962676749
980	0.818016880141986	0.498943634410286	0.273147441562553	0.705995866301992
100000016	0.886627197338518	0.441356274495856	0.246338800852688	0.696797511441205
100020372	0.176788601640422	0.495627246007346	0.245688626651658	0.661780245950334
100001662	0.751479789699752	0.130346376620582	0.0953926502188826	0.734941948470518
100019972	0.900362596509333	0.695085626305703	0.255876809634275	0.71059894509667
254	0.732085372658623	0.704125153931954	0.245277678050028	0.729144892509442
100002009	0.634581891754824	0.697239744482548	0.245439725309161	0.64738288802216
100010895	0.510744294182897	0.666057152037857	0.282939928370114	0.705878876294245
1140	0.859477485038154	0.997902094756731	0.247287425938233	0.726468504315782
100008951	0.607944403375652	0.553713851768665	0.264035650828576	0.688032004509435
1084	0.367667008665834	0.885008240128771	0.247898424989925	0.751627978437986
100002796	0.111801139194458	0.39430614235786	0.220527845212331	0.667526206961373
358	0.910409796161606	0.751677416955285	0.239522498226418	0.682356889411768
100002070	0.854151335243899	0.665181925643625	0.241552105843498	0.758524975274843
1628	0.412256697029016	0.157352532476417	0.305308657090598	0.705512159990079
823	0.707445686228456	0.583720113310418	0.220232398757528	0.777966772858056
100004414	0.504561378674385	0.105148118163061	0.326577919062974	0.850521783631872
100006129	0.666556413392846	0.647825768053433	0.230703784733146	0.742410698926174
100002028	0.597818329465724	0.422128764083104	0.348551966379083	0.510581861314872
100021707	0.561309160197332	0.731613388345365	0.23258961705305	0.761332771272756
100000054	0.514939277874125	0.443695006892659	0.240954400621557	0.750486983343479
100010869	0.472724969766332	0.205119292481581	0.259891571306471	0.581992879111575
100004575	0.0290854147245961	0.102388099777768	0.31942272179626	0.946032448465703
100001212	0.908310632702988	0.559167028484037	0.250244182899327	0.639058318128162
818	0.227587528822603	0.742539571739437	0.270631799208644	0.697067909568389
100001092	0.00104731033437661	0.0141496709980038	0.236731096297341	0.718406326330138
100020371	0.964636762034977	0.830466405325567	0.252165171235004	0.723255778302681
100004112	0.158703627307477	0.426230447449823	0.266115730679681	0.735026104890515
1125	0.4674062884472	0.360170722048684	0.27556261720695	0.760105535235323
100020491	0.923699003919095	0.495390063527963	0.208713154176302	0.741509101085701
100003151	0.00297809297163503	0.0319704334169425	0.37880586270213	0.602425091277763
100000011	0.312309931296775	0.14218646561088	0.17948523261967	0.839573252735988
100003594	0.571309854899361	0.900004268225011	0.246828084823377	0.718512443426411
806	0.791709512038819	0.18942545183207	0.246336339279311	0.534547223170746
100001211	0.979945695185764	0.570283509315673	0.25854781527362	0.703246721034308
100002417	0.547698046543668	0.613228298294198	0.241521216783645	0.689353166443285
100009335	0.52209099965129	0.167160708080695	0.198179862402537	0.750464971046896
100000781	0.827792919280815	0.857387105317648	0.250447677649986	0.729556650198389
803	0.0248703880268237	0.0283498047391576	0.231037674079334	0.599928426579599
50	0.535677558519181	0.757001127351257	0.253600680519347	0.709996336640491
796	0.466807499971211	0.0464949229389944	0.283574664166587	0.702625863407827
100005834	0.965282473802993	0.659386992416901	0.289248932491157	0.719171553092102
100001580	0.999714512859394	0.560294445188302	0.26875716743739	0.723445966636029
480	0.779706351230599	0.597133373019596	0.220418819927459	0.732345147790553
100001540	0.231470741259898	0.721049379643942	0.324359811254206	0.805380347990093
339	0.600161938942162	0.137702436686452	0.226669825681619	0.633832278535869
1110	0.827889966981095	0.740535282892776	0.25585200900501	0.665701061957588
100015836	0.156503497397274	0.177860787201854	0.367570149950611	0.902656186205864
100009271	0.546624546453126	0.507796682296688	0.281829268048361	0.701934429589439
100015638	0.975855905933611	0.431428956959511	0.262459856858301	0.702980616032994
100021667	0.924275421510494	0.40026529742946	0.295628693238682	0.69792012364734
100001279	0.6612934318027	0.405006296248134	0.271501724808572	0.836434545600556
100004208	0.0162122107114825	0.0982693176443098	0.390562734473134	0.855478169880373
100003695	0.215373552297786	0.171738215938395	0.264785755076077	0.517408649372909
100000802	0.757514047376273	0.863512422287108	0.251046910431078	0.718584039079911
100002769	0.890782827272391	0.0855929133317154	0.178289479828375	0.842260206568726
100015835	0.0856966564302479	0.277184804742447	0.372973107678495	0.938606372031659
229	0.906888088885794	0.405275151374799	0.28079207479253	0.716348334296529
100001266	0.00640370488337963	0.0218617593603743	0.325645717811391	0.968942618149377
1342	0.288844904017738	0.336864319452995	0.209938664644687	0.744927598793469
100002102	0.911733602089302	0.624607703265245	0.278484313221142	0.805509479822765
100020254	0.160758760197566	0.606559642007987	0.24075208715669	0.751603202308842
1231	0.509829236767061	0.26249894922153	0.298436854767013	0.675138891598592
100020492	0.982317311248395	0.877926265286598	0.244427474072893	0.722704362726829
100001402	0.392583544120191	0.612777551630248	0.273663512960977	0.728167059222566
415	0.00766089334129603	0.111435110894608	0.297268020305697	0.771015362522152
100003109	0.950689571009862	0.951467022714537	0.248835233613954	0.719845036032003
275	0.54058532997397	0.791630082003963	0.239700910930741	0.706175569964355
1143	0.156892411341068	0.0720417826495902	0.222316752416654	0.829820145735976
279	0.339881428996014	0.301005736523589	0.244684625616284	0.578095877032916
100001198	0.987170338820205	0.93422786942897	0.248047974849174	0.731230322077881
1648	0.422667060890341	0.992450861696644	0.248683389323831	0.723738358032836
100001590	0.299111551843349	0.240727507225421	0.235606356937339	0.634994163594687
100001733	0.393950667812093	0.921920096525219	0.246582667115522	0.732148240278295
100008933	0.0162161876322186	0.00228602455414315	0.347486582837015	0.675861703750141
100001550	0.310356297305176	0.599722777089393	0.236814745245386	0.682715035941394
1215	0.0536356626997879	0.147469193906404	0.199398431248854	0.671081903487807
100002356	0.282011916732505	0.11620902339098	0.300952227292649	0.731058588583722
100002749	0.73152674845613	0.796027592837711	0.251002299085593	0.730229800266491
100006379	0.154087658194	0.141592891393219	0.29600758278835	0.449335133746975
100015966	0.0841308829979699	0.166497937846495	0.274012974915778	0.545167291317528
100001392	0.644536440446342	0.928104926069401	0.250163412784773	0.722299626660103
100020425	0.129434116975737	0.0483098072539169	0.207438341665049	0.473565409771874
100004299	0.331666618406776	0.873365820730081	0.260245137882403	0.756421732582806
100001734	0.525095540262446	0.427917376144025	0.264697821774202	0.646286192178497
1002	0.81110297873123	0.852253479838491	0.249073497018189	0.722752506499286
100001337	0.270780044827326	0.753699735991565	0.232180279049976	0.727116574906463
100001452	0.793891768949054	0.7783756090566	0.246707933447185	0.696741253402504
314	0.564505365929081	0.404339268101159	0.259068731196141	0.740031175394789
100009264	0.965143180791569	0.564994406708493	0.202064624947703	0.8413941370497
100004634	0.439167716174403	0.496249084387038	0.221583695997865	0.742560851932672
100000711	0.73829673637218	0.721869847818243	0.273835093382611	0.74617334582926
100020536	0.0153928364138415	0.0704440629394198	0.306368694191691	0.847410585851553
100004318	0.29851925776402	0.564980193449035	0.254329669888574	0.719888273757374
100005850	0.952983178561709	0.520205176545788	0.317361085846283	0.670209593623975
100006619	0.339809136320023	0.145842385656455	0.286481181748809	0.70669768614545
356	0.326303870769581	0.267347399126658	0.227679261644815	0.769367936391479
1221	0.494340028459418	0.414846678731192	0.355870278001052	0.784119769614551
100001397	0.834957616372893	0.834885995939563	0.248567789221662	0.7175839492408
100019981	0.623748196109796	0.856883990804321	0.252778571304475	0.745385892779033
100001208	0.391732452947579	0.218953253782746	0.208819319309747	0.962786106776112
503	0.0155405002881864	0.014632630507584	0.162640738254851	0.549006526519415
100006375	0.11973173277437	0.553091125742061	0.273594973997281	0.699681907313413
100001295	0.929335640209373	0.885741434000398	0.246961113855577	0.753055742102196
100020427	0.0511185573271453	0.0216344723116145	0.242375398154922	0.401799483195714
100002784	0.538292513520717	0.384800265294363	0.212951589146999	0.788729990839236
917	0.0706903985213061	0.253802380486072	0.274426721171646	0.673032047879193
1869	0.381480581219103	0.20373725000876	0.269896988243099	0.601589561079648
240	0.273653685193609	0.116591269364777	0.160854834257444	0.520533610750642
798	0.00174068763912072	0.0321552695782096	0.405598233827359	0.645070545360025
100002952	0.221772414243211	0.524011228723642	0.249477669677921	0.797468045840718
98	0.539472546468717	0.699741649702745	0.270869609051969	0.736596382761244
100008998	0.34931109475553	0.35296726071346	0.200873405126978	0.783362149765952
477	0.810847156529783	0.324862108706511	0.255727721279937	0.716835578403213
100020545	0.098711198611495	0.152457405261284	0.295430800777721	0.879096429218033
100021666	0.965691195857025	0.23485893529415	0.286087641026876	0.714669212005461
1256	0.540467763321664	0.758773450870578	0.283533708847641	0.752647483508361
533	0.290281060541885	0.0724578352589547	0.167897073005887	0.469960972705508
100001757	0.418952028296278	0.910840349335716	0.255007290070757	0.719468419696361
1024	0.335342862940799	0.0787445633660806	0.166944595711541	0.806143858185875
267	0.592742874378736	0.768819557362416	0.256508601048932	0.714406442876605
100002113	0.140396936279541	0.136021193722308	0.247480523123594	0.737492406732014
100001756	0.811879490465739	0.700077957083851	0.259124836804157	0.747386986832113
100001193	0.484551270465053	0.203834909688862	0.31157493451526	0.668697507049568
100001668	0.666694927011986	0.99862669400802	0.249687533789139	0.724772522713192
1124	0.314392242651958	0.223061309672232	0.216600891804814	0.835722407821614
100021331	0.198515697242681	0.358405882023578	0.237277604708241	0.757235574514589
1090	0.0732164330049876	0.0438476106876688	0.243641320539738	0.859598638213079
566	0.846083617949593	0.287652200279774	0.179936644775884	0.729440715336061
100003119	0.464334592193537	0.271671134825946	0.279954439954639	0.65722294920987
100006367	0.776916811779469	0.556500606127827	0.25893287224845	0.70194925131844
100004322	0.194948922607879	0.196945931863355	0.255403292674408	0.82170472102316
100001034	0.674923818510383	0.846078807409295	0.245686523574517	0.716745945961468
112	0.884833200165509	0.949411285575067	0.249114326117731	0.720987265441158
507	0.70602929788031	0.761715847829721	0.246664726546763	0.732007590717405
100009233	0.293767884029695	0.159758304195602	0.226018670998712	0.746498943225491
100000406	0.0180165312085281	0.149635176302768	0.401205125263407	0.526742909336966
100004046	0.333380861002069	0.397195428474824	0.159773336611782	0.655666620036764
1025	0.759572658857199	0.74897480283687	0.239806455139564	0.741208511726458
100001106	0.194959098264866	0.195167273179526	0.208340159812139	0.75231738821302
1128	0.0357801694017152	0.699487397100868	0.270397420244736	0.756061120912572
561	0.0302042058577105	0.0807616091560796	0.148780506832536	0.620752477804138
100001614	0.878493237748253	0.368410577824397	0.262442853642372	0.698070964885716
100000961	0.807362291034762	0.99723591903834	0.270724696014896	0.728341147513036
100002397	0.884574923135642	0.603304156103831	0.248382978617863	0.654495335537027
100009407	0.937365713818372	0.982976927094048	0.250258776502986	0.726948408154919
100002910	0.928516503559671	0.520834568642389	0.22271242062225	0.642239902276677
100005946	0.390035852693352	0.511450746878667	0.290393966168107	0.784712702099351
100019794	0.0875744445561043	0.274954821469833	0.24778267882004	0.891888939754327
100015759	0.305136825838816	0.0811873755759495	0.207153763138304	0.732474208413602
100020417	0.685313229948939	0.555864536520287	0.23344313682307	0.695402800716255
100001054	0.740831294569704	0.886539509094491	0.253986734956751	0.725498372300803
100001437	0.38858838972498	0.409843335738492	0.21668377663958	0.655147738365225
504	0.236853116961655	0.697214854249621	0.294958294081266	0.734191345658279
100001988	0.485214260501864	0.664891192658147	0.243770292409817	0.872222767852409
1082	0.0279515679698962	0.680265147316665	0.271541350629645	0.748718580539425
100001403	0.339872179885994	0.403582370850715	0.274731975137764	0.706136372750755
100001664	0.977260946997555	0.6532703739621	0.238258173707341	0.857875744570396
461	0.194975363124833	0.112792942602212	0.447949975625708	0.697427332011135
100000463	0.655837974082707	0.978146019774526	0.25183361655602	0.723566472325908
100020208	0.386987301060981	0.374987009776687	0.282086181878548	0.564913628191866
381	0.566869391337521	0.0584067374509793	0.108482766845696	0.541949535875289
100010901	0.11866607928278	0.122856809171455	0.254975560296255	0.816609239801287
100001468	0.267420778492139	0.884932589607236	0.244373984604607	0.753041222042052
100000840	0.956683634957384	0.833124125913751	0.242630591669777	0.741582660912974
100020014	0.25464266320976	0.612019704608903	0.243802342960974	0.738253037864008
100001993	0.837334809751123	0.630594654894628	0.21233016679608	0.865606807753207
100001051	0.0940480145667997	0.0156034182180278	0.2787235521462	0.381980591155385
100006116	0.372829928758533	0.507737295522181	0.252297529421963	0.725755872201519
1108	0.971370632595663	0.946471362903443	0.247733415280265	0.730721350869401
100019966	0.407931084699055	0.167241475345606	0.297943193680941	0.692260311251232
100001743	0.654761753380864	0.419518716145937	0.242773648708721	0.705868391420066
100001294	0.125567520327521	0.192019019223799	0.176826334025247	0.782079512714636
100001609	0.383886514798849	0.214277367185405	0.244895243583255	0.785131662267281
418	0.851523419852802	0.884603962244982	0.246835262760941	0.741549820200143
100001178	0.359756410255057	0.881606739999124	0.246394252155238	0.708997392033734
189	0.89759414793411	0.789264879239198	0.236904969741546	0.701830450363862
563	0.62813265713808	0.63824378989947	0.270493511907168	0.698576288957573
424	0.639146036360114	0.485966385594561	0.277036143134834	0.70615481587996
100000776	0.165876257010995	0.422109005689217	0.281626207426159	0.723268291169323
1001	0.996993189516656	0.455166917643237	0.255707338756847	0.727663292686705
1135	0.341706309797922	0.0975051252129453	0.241187392723935	0.782531588226819
100021093	0.322140107174284	0.457115712843088	0.291115433475153	0.751261578853562
100020219	0.116364273993766	0.233190490947451	0.258205622671123	0.616244878581734
194	0.521786486585326	0.682986952049471	0.260634629252516	0.665076112353211
100008930	0.751586382852487	0.672761288388059	0.268602736808114	0.706427349321201
340	0.691044265595443	0.306863566008688	0.166289958838429	0.794198422405433
100010896	0.852093251327142	0.479654911312442	0.208513491224762	0.752555533164122
100000787	0.208705287522971	0.0983079053660487	0.244551495142785	0.418515165482213
100000639	0.0305910983030565	0.206328592607043	0.223426396670886	0.729768407806065
100001851	0.938409816346869	0.199683250817053	0.279609515339386	0.467847468912933
179	0.519286725844173	0.636863349018225	0.244977618978635	0.736460429828173
100000626	0.403072056870022	0.759259681740875	0.258074075147328	0.725073587201617
100001605	0.00787936572230799	0.066166066937802	0.325674802924225	0.830905203027225
330	0.252713522695969	0.451172772651848	0.275473282698023	0.596043944640217
100001162	0.732271930009836	0.554375224575725	0.220570114902256	0.686473960131355
100001167	0.0503938357334907	0.262247686022429	0.248818696586072	0.702764594659728
100002067	0.508919783176283	0.755898930263287	0.327636494331443	0.650485975476028
100019968	0.664293019209661	0.377962819465514	0.277340387910579	0.659626347803772
100002014	0.972807116980615	0.97645057399113	0.247988009926986	0.74945082055247
100004083	0.39082698714957	0.105114983689129	0.279060267341608	0.576928864421511
100001315	0.32509741132142	0.433900158187662	0.261442751558251	0.785115047289843
535	0.277294617242933	0.575599990195903	0.273247569504652	0.712546018673584
93	0.358571355548343	0.209369481784328	0.283586620533374	0.543705624154707
100001989	0.406402589133233	0.647164686374186	0.231669582277225	0.762718791052884
100001740	0.730429822543504	0.378524602681096	0.223774881938515	0.747099393982318
482	0.184845458826327	0.958182181377905	0.24845602275248	0.720829278945801
1629	0.289027498646473	0.457374945395343	0.299259696842439	0.699124767324756
100001399	0.503591978671655	0.431296170705903	0.262862731990091	0.723101266791471
376	0.851248157195516	0.144148385512434	0.149983767429556	0.835790315449271
342	0.630141112656991	0.518310962643569	0.246293377364721	0.72331628258941
100001253	0.0327709457139058	0.221549073735489	0.215935719381946	0.913632852863358
100000708	0.638338756668369	0.862020399897369	0.260085178968876	0.728672726733425
244	0.209443933238104	0.0530039184501389	0.207680074853388	0.840599829138003
100006726	0.436094834264417	0.309346293182713	0.292722108701662	0.707839050655345
100000036	0.195175126826121	0.515122744094107	0.220551793989832	0.781896815027322
100001257	0.0315142442627492	0.125577215441069	0.34861862417895	0.95238712266348
100000445	0.647211075741374	0.618011557245678	0.272738038291312	0.680520753312729
100004088	0.00574016965809319	0.14796572009274	0.298191905028194	0.78349247356341
100001423	0.960059053681134	0.781319996304546	0.252095199184581	0.699349739316256
100001276	0.297296651518337	0.140238375268322	0.219933666041724	0.603950058683392
100001876	0.783762659057401	0.91434320451305	0.24621339283486	0.726482871807626
100009082	0.660514071021953	0.0383258393009969	0.111366176890047	0.700479078549079
100001121	0.337013673244522	0.742653304394917	0.24420678483967	0.720403022881745
117	0.311834609438342	0.624079071073637	0.232431520465203	0.745652127762794
100001868	0.0334349976993892	0.108522713881168	0.295631458459908	0.734269431279143
1134	0.628827273900358	0.220128354064984	0.152004150893362	0.694013598751685
100021012	0.242475021429363	0.476859442857238	0.254588405093269	0.750515668659943
100001181	0.793134308384752	0.274242026838914	0.311835832130597	0.652928777607036
100021467	0.793901574930666	0.338390292018025	0.253948685092105	0.636743577375446
100000447	0.24080628640211	0.246759966837688	0.290852597883239	0.686032313869527
1162	0.000297657531194823	0.00793179476063479	0.32581559232239	0.625650397922906
100019982	0.461425884487701	0.48646417622579	0.260278063994466	0.707062376653953
100001613	0.99250937738896	0.449468309603563	0.262865511127695	0.691562177222915
100006644	0.427396065830222	0.679381194519285	0.235112524997325	0.746593855498832
100000096	0.632092441156608	0.0303265633459572	0.164501767866441	0.689509354660288
926	0.506023316733308	0.635429273518805	0.255625802067197	0.727972312620964
100020004	0.811201621991913	0.70858832919136	0.262389859016562	0.721920952011379
363	0.16900704836176	0.0372963348956777	0.227877328729746	0.28056063558434
1111	0.417442399080557	0.935618230300372	0.258976919581768	0.726469536358684
100021712	0.645033867145313	0.860346715463373	0.247931111070732	0.714371666307086
460	0.797931458766986	0.672210939489435	0.258591724775607	0.76661666337156
100009331	0.320945799109446	0.175520831352078	0.221314167770318	0.756752109729449
100000442	0.214397724420173	0.546405350058539	0.281492003922818	0.751777239486518
100002945	0.0938821404052878	0.0167476173098112	0.331440387183759	0.678408553196085
192	0.782519398586208	0.935759391575642	0.266846265653105	0.71709376350973
100020241	0.437718960773573	0.974988484864256	0.247828367491222	0.723316450670231
100000580	0.113033035619053	0.0957841096080311	0.201629776866897	0.998720348925174
100002466	0.00642791192935926	0.0201626532052831	0.201472640136704	0.467415712522803
849	0.631212485097317	0.511126511982306	0.25170095389198	0.663666220827343
501	0.517751513215855	0.389858157373743	0.278402545721202	0.678859134586636
100000282	0.683238735648305	0.122968324701787	0.324452118312369	0.613372631834938
100001577	0.0278665173743279	0.180596837805591	0.346534988506204	0.787637584352698
355	0.0933446239630233	0.293397238697499	0.208390894173735	0.619758147788383
100000841	0.825904502738368	0.943172352855229	0.26931316442123	0.718531524779479
100000846	0.829378961813398	0.333220468804133	0.239136409137831	0.717970956100609
100004295	0.921555896637626	0.39289104557397	0.230331368184784	0.66985230812824
100001586	0.10524812214063	0.0454206778319996	0.366857383571152	0.369346850121226
407	0.0167287553150957	0.0457670262959391	0.286418597499939	0.780481901461382
1137	0.915690259569364	0.806236110083591	0.242695769703255	0.751177559567959
100021374	0.0307661344852924	0.0126561451509194	0.181142881223003	0.85180894580991
100001593	0.620255027570466	0.914105125634145	0.2481638946632	0.727470485973699
100015971	0.854529372611803	0.981466036029846	0.249066480180805	0.723668701598618
100001022	0.398797007853489	0.198952086715854	0.159006772429456	0.975002303804509
1094	0.0644611412394328	0.251153753711369	0.389825125403836	0.944974353062176
100002122	0.222689684472214	0.213617916449344	0.197635017653846	0.840652722176679
100000706	0.598421518575087	0.535191247492954	0.211123629282374	0.724300785875454
100001055	0.757929922433294	0.413327983989209	0.225981603751318	0.663131087682972
1235	0.467655808367798	0.756841489027643	0.238039329775095	0.751850446179629
100020204	0.0884694942563282	0.536009843852189	0.268409344253269	0.768167575844609
100015643	0.0257366188126907	0.23096377235398	0.273685448924218	0.671843714617346
313	0.019428543847374	0.240711764244267	0.263868335972005	0.656425969968487
100001413	0.785183914986083	0.966721981623206	0.252274008559635	0.722097101303609
100020423	0.0179508735724435	0.0131483261889596	0.273988477265489	0.382963195496504
892	0.486421754534767	0.146777170793511	0.2755279739311	0.751726927553992
212	0.0306588159715533	0.0528568348018655	0.344799211430592	0.712486506056806
100006105	0.179007583899082	0.176335631686164	0.284320742778551	0.739813306986296
437	0.765126014625547	0.579257492743198	0.230762815981978	0.740414278893223
100019892	0.404962567301838	0.836002906323442	0.247827785181085	0.740942056178576
100005716	0.0643209999353987	0.100670606278629	0.263782298565589	0.816531291765661
537	0.201510157169311	0.102022032097061	0.257009606258095	0.754612395504409
100001990	0.238492234570897	0.563205614433643	0.287596638020539	0.669776648118163
100003397	0.0369417492400946	0.00412559038217992	0.197114770154036	0.470727318310182
100001320	0.113938626330074	0.239859252290796	0.316837713978598	0.487556968922755
100005717	0.129201676708808	0.0783993500091297	0.295573191391528	0.757672568326564
100001207	0.033435083008418	0.221280108264342	0.282181294995303	0.731022513855282
100001999	0.577049749075641	0.856613179000899	0.243767171678161	0.800117774163624
100002488	0.230382477310776	0.0162120228276269	0.302135654429184	0.662683168627838
62	0.183754507183054	0.679682029402076	0.23980855901215	0.731989351267521
100000467	0.563772857055541	0.436144767276415	0.235695401943623	0.698800142524151
297	0.00513400270952482	0.133568058551045	0.254117973129179	0.690344000035768
100000285	0.019489908280073	0.267994096950068	0.250808605603126	0.854977789510212
100006056	0.0606310840482756	0.365362201404004	0.262719184076046	0.769625912474326
100002126	0.140203478539407	0.264002009661992	0.193090090241528	0.957558837108003
100002129	0.721857894043196	0.811593199529653	0.240255981227343	0.814391358292256
100020478	0.027680432725988	0.190804912793388	0.219216675637971	0.760729908682353
100004089	0.0527278936229925	0.519162961466129	0.264607573155814	0.678355070590533
100001755	0.494056759282443	0.555854778182774	0.251396143711704	0.675296707660388
100000551	0.0394744044475286	0.825443335153473	0.24258376684179	0.743533983895538
100003260	0.498501879636713	0.31974713655595	0.282052334144287	0.799945299061975
100010955	0.572508122205294	0.199842488868176	0.151314390904543	0.572822894134035
100020851	0.19519415995932	0.424447605127176	0.268944258066924	0.750748317150854
100016069	0.65675064424697	0.794574082120832	0.252555808660613	0.711395867393545
100002027	0.425132390561932	0.563357131718494	0.199225744045467	0.82932644338226
1123	0.403055920729376	0.183106396413811	0.239896312249328	0.853523188599877
100001150	0.713459696416926	0.896389642356723	0.245624218264516	0.729739266896614
100001657	0.290335819416621	0.706713469231323	0.249546305314918	0.708679861640707
310	0.248424194211066	0.339921802326181	0.216490070530494	0.832804379793269
100001314	0.395670705464929	0.166268585951681	0.237375767323321	0.608859092260062
452	0.717564537369988	0.652457339070022	0.281315279640196	0.695834313343091
144	0.0974070372547067	0.0602448215615098	0.308359376674625	0.585610890574611
100001182	0.223907693200836	0.163089794187352	0.309434363318147	0.705455304233163
100015965	0.714278173747886	0.445700313316604	0.235686131471132	0.801115047486053
100006108	0.976992389242361	0.535534562410053	0.256038293731556	0.75681090583932
100001400	0.776043959529648	0.726786974478781	0.239980068692885	0.715568085399018
100004541	0.228767685865848	0.111344291509686	0.240926849434378	0.405918683819588
932	0.802182443571531	0.345634056328906	0.255565346465485	0.755922587511476
100001992	0.376538587544989	0.517363792422806	0.362667285790839	0.61263824563564
100009252	0.13869625492978	0.196771997658167	0.305089780620116	0.702588578809602
100021104	0.70281401312587	0.592511025581506	0.20933821477927	0.846244439766747
100015838	0.0121885159605193	0.0443801327452896	0.375613588164505	0.956366098633027
250	0.000996684968599896	0.0204773175921321	0.519024466477551	0.799933752403233
100002537	0.997365727473278	0.475748963543765	0.227603177431575	0.842228852781279
100001658	0.754119951614075	0.643953096199717	0.271904139339052	0.710919214496752
100020416	0.288457034057209	0.370674861831909	0.219709997959348	0.701433304030027
100006642	0.256199469502561	0.823578168602263	0.242011112983239	0.741058914174852
100001391	0.119074660117939	0.392991383639431	0.319070380294571	0.820277946710155
825	0.606476256690252	0.648766485286632	0.221953815558988	0.735812307021939
215	0.0163643164234338	0.0896770190356403	0.296779056466875	0.709005444590352
100001026	0.944765236222955	0.792764835056211	0.242904089969643	0.781441724033704
100020541	0.456984997685521	0.441977339463455	0.217889496367816	0.761983350371111
100001526	0.19424694383051	0.270734856017991	0.379944188754154	0.845881831448939
100005384	0.57655241655157	0.440415754345993	0.238060024300243	0.642026414671122
100020378	0.223846946064919	0.735990903665408	0.240648949454873	0.728922669297854
100006115	0.994709685332344	0.450243351867776	0.316254326164799	0.627290067278688
1442	0.231872988488318	0.0431387426042065	0.105308061612795	0.602727401682799
100001843	0.214187194400595	0.310472188915912	0.275044699850839	0.786319334700775
100015837	0.167017604321355	0.295044380732477	0.450820837919446	0.664920394732325
100010834	0.768355557632299	0.946436636526788	0.247457608664551	0.730615441811126
100001393	0.540504093286896	0.403336264929045	0.196523577073418	0.765998070507321
100000015	0.263624138095078	0.592716112779885	0.234426821684734	0.74211966521637
100003892	0.0489814048206914	0.0558027134277154	0.215743938738636	0.979639680107315
100000042	0.1069038701041	0.00565684115632345	0.264985222055288	0.623942797673083
100020550	0.60730112151743	0.23423198970215	0.271753517621409	0.619467448245264
182	0.370585964651111	0.289416293673425	0.235520623477941	0.753873277084097
100015723	0.111213284068296	0.360089436404587	0.250009906197505	0.707194935943399
100020343	0.344191925080209	0.4284306247105	0.219768336389081	0.72992163997373
512	0.330450654820151	0.596785189160127	0.274516192243215	0.694651567150063
100021100	0.734964249450833	0.696362388467488	0.237216377481263	0.729791000717859
100002528	0.2870000539679	0.0537387796148214	0.299592555647393	0.489076671040318
100001287	0.400495282415233	0.725157430011222	0.344737648046969	0.661911122792204
100001229	0.688363306069098	0.902945407860041	0.256623137033427	0.714854927948837
181	0.34598079224389	0.754430903973833	0.241693339095375	0.7602272589223
100015831	0.00161453445410775	0.0252513556191981	0.335553331666638	0.514032546880777
100020515	0.377107477252603	0.503006258230766	0.208837783045665	0.860373552868449
327	0.139541221360431	0.124978905292288	0.320554250798694	0.66716502921681
100009394	0.607423051489211	0.685554456523516	0.230182688828594	0.76190558004948
100001596	0.980010993689602	0.316422826014174	0.229377781106973	0.574777104647669
207	0.797988417963115	0.329921735431917	0.269678842990239	0.664897262210306
2054	0.500746239618661	0.771922537640589	0.239574012572706	0.740719692070537
100020259	0.673940090117566	0.565491328023133	0.273836820967636	0.707400151119722
100020414	0.0032197059751777	0.0450795884427182	0.180066341585843	0.696646093226518
100021131	0.873718463093387	0.282072450215929	0.23706680111733	0.684898571161435
100004499	0.836749201174681	0.738006846330667	0.242714405190828	0.696132938193805
880	0.120951737930338	0.727562956938725	0.270780097895172	0.722242421145176
100002049	0.524862625041472	0.308766986918226	0.278195300764239	0.672179358331512
100001739	0.574127234592253	0.279002696566818	0.316252533876433	0.684151877604342
100001126	0.439502064711126	0.142951969665709	0.163652256350582	0.595490510558772
1113	0.607948372669008	0.784422358817597	0.263431168300578	0.689474882404553
1083	0.925970664377474	0.218062404039511	0.280236040244887	0.61262307027105
100001730	0.0874594099114191	0.216426175597436	0.289520608873851	0.604011420948383
100001412	0.598279761426948	0.968910892481004	0.251150952879904	0.722343417494991
100005996	0.69630998890716	0.63736662784732	0.240924507776601	0.698836645707868
100015962	0.00956186042201095	0.127996077796672	0.194069413918608	0.99345462439059
100020214	0.645962611526048	0.254192393718998	0.276715751696553	0.605474500904234
100002514	0.121646310358315	0.343889390410393	0.259616845135587	0.661862169948891
564	0.280663930761304	0.0996139491648509	0.23306814291999	0.599560855874139
572	0.0195823937887593	0.0169650386212081	0.365773328800277	0.589193173588207
231	0.984196501982574	0.646138228790663	0.227333633508902	0.741053378476349
100000453	0.969314297142317	0.830280506688552	0.243375180996908	0.745558627628175
100001007	0.102349856905059	0.26484906174257	0.291387056805803	0.609434253673972
923	0.604652915643621	0.320977737026877	0.235307183792311	0.780747162878428
100001247	0.516465583979514	0.63017706529684	0.239200434274436	0.708801256429121
100000774	0.498187464927331	0.814946310044616	0.264539420898802	0.748480222756625
800	0.29608755555419	0.266468294292444	0.261893810569859	0.800781462376548
100021678	0.285974898304424	0.425049738575371	0.208575749713295	0.724068218251611
100021711	0.467021474814573	0.890878813680959	0.260197906339407	0.729482395063866
100001274	0.803140842143386	0.428864216901423	0.240561689325465	0.576271888122073
100021220	0.120829787932626	0.148171931903049	0.3083000368127	0.939966087057798
100020253	0.394136076600218	0.997687159955273	0.248447781943294	0.724410021119704
100001170	0.744021982694239	0.153156312011282	0.228298695592102	0.619735389436707
100001466	0.265726277298124	0.94123637103741	0.25232702536848	0.721764408629674
100009406	0.768793930594206	0.716613807302945	0.240484198415976	0.738093849794482
1026	0.168379709412433	0.390160090424375	0.266097031884245	0.687726151676791
100020837	0.716180535159175	0.378856869351995	0.286877234107233	0.623825032989449
100001006	0.0653918828539474	0.0664396232704442	0.237361005255295	0.858804707837902
100003674	0.780761049372841	0.12011941850587	0.249047301525438	0.712244153024826
100004396	0.310441996781477	0.46898672922346	0.280874308019904	0.629535856452696
100015923	0.508202168316654	0.969224355026387	0.261720933788929	0.722146761163832
100000265	0.473915484296078	0.714459293075487	0.25443591189539	0.696017847645571
100001409	0.0917741014087424	0.140631721581686	0.245854333693526	0.568331825599725
100003434	0.389541318459788	0.499445439355964	0.256177630385822	0.641344485660211
100001334	0.63551197335003	0.0675660626032723	0.319175412963039	0.594139638980332
100001102	0.675549487820841	0.790105796472815	0.25666336154281	0.706297758086717
1268	0.674414282896933	0.0621272853302493	0.155454417810286	0.671062777284944
100001300	0.247274486500773	0.0837955608713698	0.221311212246101	0.725802758574417
100021324	0.257832268803866	0.720893616456169	0.32562047168438	0.713028228293907
100001617	0.0996720629069566	0.0942913609425195	0.238903436916166	0.770946320129298
1105	0.91586094655223	0.159362556123393	0.335918453893924	0.407750621008225
100021502	0.0525754196764564	0.25272999847752	0.236436442529599	0.758663774934928
2051	0.884280547084731	0.580679579281762	0.246836882915241	0.621917865677416
100001256	0.133166999758411	0.485906464799801	0.279957463702584	0.867658303123639
100005466	0.0496721067463991	0.0567351017664265	0.287517526813605	0.495610791278106
100002199	0.113534196633196	0.678055938417565	0.259360442789696	0.747421927711522
338	0.0172921031750129	0.0692023139600718	0.391683983186602	0.49930079856147
100004243	0.469683161206764	0.614155147996683	0.232222834408628	0.735860610493752
799	0.490336260862913	0.886376943797098	0.251017799336258	0.722660997536399
100008928	0.607414430658884	0.106801642632639	0.251527956009089	0.712600781652538
815	0.0814097073245742	0.247498969652835	0.250337617188619	0.803782765667792
100001456	0.00435504740730134	0.064195987699772	0.233084797433631	0.647774615249867
1242	0.0747121438051953	0.0647081322104777	0.311480076734912	0.50690863669996
100001416	0.297694323085733	0.110125752735295	0.17177509572165	0.463210678040257
100001462	0.423273325831039	0.412975576570496	0.291312686764018	0.6865362020339
1087	0.207415439244701	0.0436965943367969	0.261658263862687	0.685737711957948
100020421	0.0701000424593236	0.10497703223561	0.286584199060069	0.479657964774292
100000010	0.00365832003856367	0.0435229821434759	0.258820122853693	0.787109883061302
821	0.536542763467209	0.387155265669033	0.278639405908396	0.574692560756688
100006627	0.258892204766944	0.138830921344885	0.35455942530693	0.61896734819185
100001277	0.396337509076452	0.184705399120212	0.294896956521455	0.680350965116098
100021141	0.0371130786600154	0.185891493718762	0.278386194613045	0.828474957127431
100021105	0.228695524868572	0.429538277958988	0.262279565986477	0.582550192332095
100001950	0.000159478710122283	0.00273850690714018	0.411808711746493	0.867803073860919
100020217	0.945973678959229	0.324767819405558	0.181307692396608	0.560144606462641
100006651	0.024328247458702	0.172620169845138	0.281824759641499	0.487562955057936
881	0.973731786514146	0.490883507293282	0.237158285637124	0.734116800634102
100001509	0.69050685425897	0.128332638176647	0.220607784659789	0.636428376596467
100021709	0.53337108028029	0.73850245597457	0.239390437207178	0.734955536072526
100001635	0.25163209175673	0.0232029722958034	0.269521610097886	0.675026252026374
100002613	0.43493177814177	0.105697362594248	0.22953452660992	0.816775256344524
100009329	0.65201173991728	0.758639570001768	0.233044955100871	0.825576442011763
100021123	0.845124108163572	0.567839164303692	0.259350745263123	0.627524696275009
100015760	0.231720781090906	0.133276271296395	0.199998949540067	0.76596096617977
100020205	0.37296131219095	0.418597231819166	0.293218828022007	0.546117388102127
100000765	0.561400060936642	0.678202325517417	0.244613815766325	0.696554408989581
100004111	0.306283676435502	0.159476718632463	0.273503878247294	0.698354488707366
100001615	0.193138909265511	0.77402525767693	0.248492804365273	0.721976202414698
100009227	0.219701765838396	0.125825012837254	0.352103330264069	0.858161945334482
100006191	0.362105226692657	0.532693100493493	0.276327403185607	0.665975290125955
100004542	0.491966217668572	0.350635064342039	0.267057250983784	0.768711572759376
100003686	0.29506815253956	0.109852895344224	0.361002105277568	0.655041741296653
100009232	0.0267392352857192	0.241435759236341	0.246630892394816	0.634550908506544
100001501	0.0624555577185228	0.13769852623825	0.325873884718701	0.751503933770731
100002367	0.544741399623218	0.310226481116645	0.237055015679896	0.586148297210952
100001108	0.327932650756787	0.721089083780526	0.246494249080659	0.714113596165989
100004227	0.667921644213393	0.963489178432629	0.248400827270981	0.72164787003993
100001310	0.164195244921679	0.274743479688801	0.228538449267076	0.850297104410845
100001994	0.905247221476153	0.94924655171769	0.271398033045078	0.76657329694017
100015839	0.0184418732044459	0.0205195690205299	0.347717960722117	0.787964890190039
100003271	0.00451216624294744	0.0771837622414392	0.32419641856008	0.525699292032306
100020496	0.809831860164784	0.926099545658549	0.247759095114514	0.73192424599656
302	0.672046419504123	0.390620545174709	0.215737607526289	0.69050139302797
811	0.904632731194627	0.882497681505795	0.246748187481038	0.739759356807007
100001267	0.994974689778838	0.705568972084275	0.22910070225004	0.719253712366106
100001197	0.0262849288530404	0.361924850523331	0.283458812938632	0.732842130224129
432	0.210105463452181	0.462921768001761	0.266331760764951	0.703915020274524
444	0.010579533708119	0.0548393160544617	0.2812602496642	0.858877740789746
100015968	0.370001505961673	0.393860612348515	0.247108272796506	0.649810598674809
828	0.848267070181654	0.93629212590516	0.246899768936008	0.726766172837207
100004054	0.334160078903862	0.939249055851051	0.247750268915577	0.72231192822672
100004635	0.088387972918996	0.178041935418187	0.556350478844979	0.473238014009592
100000491	0.4974258149802	0.615616583160172	0.244313747820099	0.636678158933397
100000939	0.0480088143060692	0.0347065161987267	0.266235178882402	0.614955056491459
241	0.20215134391277	0.633779122712176	0.262842178164905	0.744854528554252
136	0.387127649522631	0.069027487679066	0.218217864272385	0.907523180623744
100000792	0.63925045885974	0.998103680970715	0.255727047163123	0.75459244239814
100020973	0.516575987429149	0.573286822221607	0.266342285562945	0.695799780398225
100000936	0.798551878344935	0.755446765252452	0.246967264941376	0.72918394776627
100001313	0.00865141777073307	0.171789292766369	0.26333155571812	0.772398575922719
100001951	0.0658539973953634	0.115732300388746	0.295609143982818	0.698550074871044
100006098	0.0127259887352493	0.0586655911530395	0.28011691255536	0.861324078974463
100000007	0.221076464300687	0.523622015264239	0.255453953363357	0.731391634725914
100006641	0.85756935473435	0.848484779560295	0.269932592139773	0.725764538162832
913	0.0124644374349169	0.0749795829242299	0.308046935852344	0.591952711105977
100001579	0.846361228228835	0.448254617913769	0.275388499637018	0.722902174644251
100002911	0.158201681499712	0.0125123307851114	0.331347733987092	0.679079759100842
100001293	0.356709687058488	0.526506551600531	0.230344087979878	0.819022671929833
100002241	0.15985940363945	0.386212508841493	0.266448206157279	0.683195401843392
100003179	0.49532098197026	0.128128120529772	0.242039803801847	0.584974329613776
100021372	0.353796983019955	0.210829280253851	0.184869764407314	0.724591769436879
100001956	0.352509146538497	0.554737296955535	0.252095879932662	0.642877974693126
100021162	0.226148043243396	0.159651016514565	0.242638081327283	0.536227984741116
100002259	0.407202924010713	0.70593566989926	0.234780402120366	0.717495781823444
252	0.43257775195998	0.660870363112561	0.280969144394462	0.678034106334041
100000707	0.485650771455325	0.36318717931664	0.246481757481693	0.729806926399016
1489	0.729885549715301	0.0430091317672237	0.173957464899798	0.711655434628294
100020361	0.0306362555970682	0.0887804607198427	0.279884927577507	0.992494782261442
55	0.686367482022742	0.824419973387981	0.239259466410023	0.742488690941053
100000863	0.233617288573364	0.227981633721657	0.212530701005142	0.766435167777164
100015840	0.242027527334721	0.142855145954582	0.347968582011566	0.667364498603017
100001541	0.163698581837321	0.0749809793946617	0.169135046291976	0.711949712172103
100006082	0.158344936112112	0.0595968016910734	0.32944103911022	0.715989945937343
1254	0.692054984116465	0.870363130450945	0.248262396457637	0.749623179796512
100001624	0.460135131726452	0.331011476512248	0.230405118512522	0.702194056063803
100015850	0.855777394836356	0.582718464594902	0.314303145559037	0.683994415124613
100001104	0.00383076058331042	0.0163377943552949	0.284039616445826	0.994909766321128
100000900	0.122120063177968	0.418255095468127	0.256491965919464	0.729596320832711
100000269	0.275581935242002	0.114095730772	0.160320352791471	0.677157820849
1022	0.217859657537261	0.912324899883476	0.25026426177993	0.718411390038595
100005373	0.195012268639195	0.0699353150030677	0.21708414174775	0.763137888660575
100001129	0.114919679260222	0.685717099932711	0.238866579602569	0.757589759528828
935	0.0122098446474147	0.138386270433262	0.323745800808334	0.588684788987426
100001262	0.198623138756216	0.260873131935047	0.261163632022861	0.743178311001125
100019978	0.280090591217395	0.696211337544382	0.244260313406562	0.712785447260116
100002293	0.758108442355858	0.717025947810155	0.254594967843342	0.724332822387852
100001426	0.189715772598381	0.252298166309979	0.252765192077538	0.553214278852734
234	0.0314196587455389	0.122221610256899	0.248481745188117	0.695769324070651
100005403	0.276279138833874	0.90843828525862	0.264212265122194	0.714133645487699
100001083	0.0428088967220976	0.334743299948599	0.272898737350703	0.745404733462767
439	0.779915811715509	0.370759863913932	0.267916195977458	0.716931012431322
100001086	0.303356511039093	0.333403563468438	0.263006622682387	0.822162079450995
100005864	0.715195715805937	0.430417378793381	0.225570703311394	0.797621467382572
491	0.521627255185025	0.922833500209083	0.247312896978142	0.725438282068279
100002029	0.420892489260875	0.395008759807449	0.23468625284079	0.579429259855213
100002154	0.803790011181876	0.456116830859377	0.217457036361126	0.701996632575865
891	0.542922543375254	0.232338656452846	0.279134389116565	0.69174771007789
100020261	0.395050223555686	0.448338577128531	0.302362177519275	0.695291940950387
100001296	0.532999978291458	0.504616999425251	0.252378982653779	0.619762428817122
2050	0.442590375270754	0.554098503281787	0.267840593042272	0.670211551855929
100002761	0.378205275388236	0.728707684399531	0.226808375511697	0.836874850162674
100006614	0.893192352204572	0.561944127093253	0.221931691958606	0.810135764162729
100001597	0.805764590907832	0.163120577512908	0.168182426214158	0.533148148388667
100020853	0.738543470663234	0.825710994143089	0.25240556035892	0.737332506540718
100001446	0.295252007488306	0.460029393740991	0.224982519531952	0.71675332428319
100003240	0.32810510639993	0.144102967422555	0.29038992036884	0.640421094032366
100001502	0.0365511823085377	0.283141919926728	0.300800828699515	0.796803656892891
100020866	0.114325617537108	0.0165781313712707	0.154254929612561	0.538108818469047
100020419	0.0316441513378659	0.0954938446564929	0.271499440163855	0.464584108234713
35	0.511156130818024	0.281016054666155	0.223521362433351	0.670959810876923
100003696	0.0122053303476154	0.0417769995205641	0.381449162243868	0.655097437679974
100016038	0.878038940530129	0.753670273585978	0.241163651381732	0.686151370646567
100009333	0.191583148790159	0.144622706612135	0.246906623032095	0.757252531793233
100001611	0.129264277925052	0.271719722280848	0.333150756023236	0.701730073701313
100005383	0.696039987808579	0.295869464584841	0.259163937948947	0.764648766331385
100009239	0.299958817443638	0.133612773791016	0.314008954522461	0.541251983768653
100009332	0.308493369959798	0.199362075087413	0.248515014094322	0.685162866628376
100001731	0.163446385626477	0.676157866450443	0.255250286510857	0.701005472177781
100003415	0.33555882401207	0.419502998719338	0.241120375536979	0.743283200489736
100020578	0.128163844399359	0.182979336139782	0.232291588648318	0.614691085376765
893	0.807641600054741	0.534045854016171	0.246697947768799	0.735782359421891
100000963	0.291860288747562	0.204792921066398	0.324830940779096	0.522768258146971
273	0.0830660596678527	0.0992538150483162	0.334018359477647	0.719179241024625
197	0.360061313858839	0.30228987790315	0.234366750151537	0.572432730916975
100000808	0.317941026317634	0.270386763834541	0.233794797797939	0.87026963547815
100002284	0.673272105860292	0.415496213953453	0.172658375577866	0.667773025398953
888	0.985256140104752	0.108668896199469	0.273457125940446	0.704057237372243
100006435	0.614987671120481	0.411917374352247	0.201723900814415	0.977599993776078
100006374	0.163357712116673	0.486240068627032	0.256108646201027	0.714658274914735
100003169	0.546082515369273	0.903248492495263	0.245521467202852	0.718868229554079
1004	0.484437237327657	0.603131880880007	0.22228859381077	0.68779083670273
100005998	0.0890388647303747	0.897259473985022	0.26414036262596	0.73187068781588
100000773	0.670852759278204	0.521249469632192	0.25444605371936	0.705513605926186
100010850	0.0155169369871626	0.111505019157818	0.298390238095933	0.59505904416421
397	0.835048307759358	0.277841846097057	0.174203967460392	0.799837813151334
100000039	0.0634505833699207	0.179479261586954	0.196618318198723	0.78757280219764
100020833	0.644685654402842	0.832915656694196	0.254354635184293	0.753131100754818
1021	0.485548945176171	0.458454388633654	0.23771786420984	0.751316266640234
100020479	0.396470304092649	0.609082141138981	0.253740284903414	0.732666205317354
100001335	0.560298983994515	0.350388567908746	0.283464600727012	0.691860164455408
100000743	0.475160623750681	0.827962021925039	0.247748225082627	0.690305901048905
100009246	0.178641909915085	0.658102803069563	0.239681807743518	0.754616425031653
878	0.202083018623663	0.695799315482091	0.23572673512066	0.742660470366006
100021103	0.639611209960124	0.897816921274367	0.264601109149553	0.782295113545524
100021363	0.227868436773233	0.559752954629503	0.230147966688804	0.767720652570403
266	0.187970653967433	0.29028590597558	0.265616294482196	0.641780908502571
100001195	0.346989426996276	0.276916880032302	0.312572820443489	0.656778738164599
100019801	0.760519216825682	0.664046621055322	0.261176687206071	0.709327473955709
100002196	0.0309875242805487	0.214894035768249	0.261607160811578	0.737722467802002
100006370	0.218909226833819	0.966053312587845	0.247362748720917	0.726405244293079
100001510	0.0289723339580043	0.0036450688279797	0.205188540314003	0.829125046713595
100000437	0.597218423767348	0.502245332244028	0.239320088382072	0.784581809067713
100001767	0.154726588947363	0.0339429326247604	0.314517611977216	0.786091024050032
100001810	0.464188922707318	0.629906273764975	0.258337544951894	0.83858184888315
209	0.0321709610596217	0.357948261114639	0.284638776191093	0.710956438119716
100001485	0.26160981491494	0.0764825359281981	0.146081489190506	0.646124269837998
100002500	0.123794418697321	0.460194239397797	0.252742126309897	0.695416931968412
171	0.0224470725406938	0.0125317238668388	0.177331229189064	0.730601645703498
100020487	0.909230492015166	0.711089621163283	0.27549847051361	0.649277138496887
1206	0.00725034581922629	0.123280800635642	0.251112594769273	0.776166949299862
344	0.0127008205999324	0.0261366433885273	0.539395464600892	0.812784221859559
100001405	0.419543431946558	0.822381783578877	0.256074392055669	0.707200918511888
1239	0.993872202965309	0.508499566639228	0.279352177903489	0.726891973845618
391	0.0640927397094489	0.167932826989627	0.233106812176101	0.942362170544221
100006430	0.402242062625068	0.160356031447414	0.309508524867222	0.446443925301464
100001417	0.97111548662029	0.564751041466458	0.239988185004598	0.818393070635795
100002951	0.0498436343252041	0.482707214204446	0.243960583178359	0.646517655519368
100000014	0.383269166181568	0.532815130445362	0.240375393589909	0.772151148569085
100003926	0.596912078139674	0.485620693826909	0.271430679488292	0.703944903769609
100021538	0.507272514619727	0.357731031585317	0.295257834600886	0.633011062475405
132	0.258284754043306	0.777144472251406	0.251314937982951	0.725078068375423
100001425	0.571011512881751	0.5280016420666	0.314190490938381	0.658144149472893
100020262	0.63556184289007	0.671073039330734	0.267667877933125	0.710977042296666
100002679	0.34221458437683	0.563329696344247	0.230610998804623	0.822929068714644
100001270	0.749964394073742	0.522026643833674	0.254665045408035	0.699756321634154
1102	0.830233759703382	0.993606611628196	0.249065589758809	0.725537833027414
331	0.0977313692943701	0.0500449839938957	0.163408069361541	0.575509102230921
100006361	0.481197572721966	0.589318109030937	0.226948531980377	0.805218346971416
180	0.748429606955564	0.961561523944992	0.254947666149722	0.722869850576512
1053	0.290250951732952	0.436366552670035	0.384311111452088	0.793919798487192
100001359	0.665983921100573	0.931768419029359	0.24828855955261	0.746059503292015
