chemID	simpleLRM_Fstatistics	multiLRM(chem_sig)	multiLRM(sex_sig)	multiLRM(age_sig)
100021136	0.0395140990434064	0.275630415955414	0.34410945849407	0.778461967693074
100000882	0.950224896548302	0.606230269098427	0.328278255652815	0.662878415473364
409	0.069735798980305	0.144673833758186	0.363440768885159	0.430697421940682
100002254	0.615177725922379	0.0403737584819863	0.213934369143037	0.67267158318375
361	0.00507368610562986	0.0861417231277989	0.22501999723719	0.669656561350127
100019975	0.642642602132557	0.670984746382324	0.314843568733844	0.714329088381795
100000257	0.000885667131160255	0.0220419200799938	0.313303414461131	0.62634906853482
100001232	0.887184636112837	0.861384204945465	0.330272844182067	0.683886712655209
100001948	0.401368490527741	0.383817824123926	0.334677527981634	0.555179189258554
100001073	0.69809957720519	0.721699396552317	0.376155394261361	0.631700607722743
100015637	0.899749146186919	0.397043048269571	0.338523222645336	0.689267042751609
100006360	0.673970958753032	0.720720937260113	0.298408652038591	0.752882682376975
1488	0.409000404062935	0.504760730218063	0.319181141364906	0.663617299162709
100002253	0.934298659203264	0.976828130654938	0.316061831898141	0.693314931730536
1023	0.849842749243147	0.634457476522219	0.309781587954759	0.673017730458992
100004284	0.653322159560033	0.836299786816727	0.308277511004893	0.70027813082555
100001251	0.814552152418774	0.924770881935728	0.317151012479304	0.696671957704623
362	0.597282537879215	0.537134236073334	0.28689198095237	0.686532825815522
100006620	0.923103192945823	0.793338376092584	0.314830422574283	0.701782440141566
111	0.283208091299334	0.156065148111423	0.266135354984116	0.667080355194332
100009045	0.698654907963324	0.31198237027721	0.263846906029501	0.839614572420443
100002927	0.730602410901861	0.845719694555152	0.307127518844846	0.715087531273289
100015641	0.928401011375036	0.973143828070348	0.3139915636525	0.696753297079124
1114	0.157411626223788	0.973798223461181	0.314094009059416	0.692872293008592
100020409	0.29321963192791	0.318756451742161	0.315598864905863	0.550463198501401
158	0.147390713814426	0.28259123537251	0.389067212640902	0.722526502712985
1224	0.0309468039464404	0.158296533128746	0.242641471292714	0.741621957101215
100001620	0.617437538206462	0.47208067060844	0.278109089064293	0.694791890826573
100020893	0.226680119775715	0.0580772511352707	0.291792417059537	0.411751242078526
100002458	0.81885348328594	0.529418686485802	0.361090565822457	0.633653331494649
100001112	0.955290343169603	0.920197603722118	0.311539035898599	0.687270269019591
100002953	0.535661473462494	0.91350113570142	0.310930666411672	0.699284879982777
1141	0.347128314358538	0.0540984609744037	0.404042389561821	0.51412864300626
100015834	0.357430734267748	0.890488757651173	0.318411213925253	0.703441346049961
100004561	0.766518932224652	0.994366130939187	0.313827524923232	0.693756642277759
100020497	0.830103878711106	0.725503868950987	0.296214146856367	0.721137248955555
498	0.0371532781234715	0.293098532219472	0.311858523429894	0.77951434743779
100006051	0.741857191137472	0.781257178940671	0.319057557573173	0.689296902755955
1668	0.59053796025367	0.574230850839206	0.307494424713472	0.639096479440992
100004523	0.53945302108175	0.965866489680921	0.316669066751101	0.692398714217594
100001604	0.300275994087641	0.580492730064371	0.308288330981287	0.73338116188058
100001002	0.16513310311499	0.503337941807894	0.328055551735166	0.679706763658254
100001987	0.078633745373052	0.287834813742515	0.83763885637327	0.556653103059723
100002462	0.551837562449414	0.311034063415747	0.379728647170446	0.565942650980744
466	0.582328506320764	0.0777846814124415	0.341625658149561	0.671373568558395
100000665	0.96425669722565	0.415748413445958	0.352796295083082	0.635657917174317
445	0.956937853748206	0.467571589072885	0.341733496781942	0.740256383563665
2029	0.186564100590694	0.536452987693867	0.329415807274964	0.696095324642216
100006438	0.152766657762653	0.264950349699222	0.360231457076919	0.706188200887224
100001398	0.27283060395461	0.461486943508466	0.273327308539139	0.71793847124245
235	0.382310712580062	0.456874352323344	0.279116524392861	0.730335946817095
100000997	0.575281192534166	0.637961188493941	0.316976768025922	0.667690091299515
100002094	0.29937959834037	0.228435449112253	0.26458893649234	0.55737590289312
1052	0.7373330974314	0.920257905576889	0.332478910265728	0.684758439913854
100020823	0.242687612616164	0.515413400090661	0.291837219687662	0.682148133694651
100001806	0.32289235636062	0.653263352585758	0.359110377680977	0.702822217780058
100006092	0.868265218326453	0.900398825183845	0.317011426364373	0.685740011964795
100001415	0.0857067795880853	0.0694947749324517	0.317766032362059	0.405895727996847
100000008	0.0306458812514363	0.0689293889821644	0.350493735162704	0.527848417346845
565	0.0122487608495119	0.059018885419472	0.30659854205716	0.765450970759575
100015851	0.112957965106774	0.174979471519832	0.409110410565675	0.845275366998213
100001866	0.641351643272148	0.96729794627739	0.321038584758634	0.693285838400748
100020546	0.00346949462508304	0.0337527418964832	0.546954343848915	0.883477631304546
100016110	0.608905227092929	0.429163410315546	0.258237311117532	0.789435700260002
100001254	0.00635038375423656	0.0163291267359203	0.389243118904554	0.894041694178402
100006260	0.432546802847636	0.85753956832925	0.316501335455838	0.691545467301193
826	0.890096078353411	0.763346051402401	0.313621990129452	0.682654367059515
100001872	0.363307151427825	0.761811102474206	0.31499616579997	0.695005424436629
100000263	0.339975381913907	0.37687323640843	0.385357933164538	0.686699056646292
100021198	0.747293407910504	0.0578305803023589	0.215064238520942	0.396789596043212
100015967	0.0303374307852298	0.0815523943578427	0.390354469959916	0.509995399806444
278	0.104262892119496	0.234407581430104	0.29496424242488	0.995242119589336
519	0.610594598644534	0.291097698233764	0.379986359406905	0.624989609064951
100009337	0.134947620433008	0.347383530461167	0.411986339923834	0.679881214591936
100002185	0.459438485717045	0.847950271264638	0.30523762147987	0.678561951420094
100001278	0.292481424573389	0.229364142620879	0.39235701915891	0.643781376192567
100002103	0.984478181430653	0.428744496418737	0.316293198405899	0.611433649950675
980	0.647644974975669	0.390937680885541	0.351449218796379	0.673463783491682
100000016	0.807950358239737	0.440944095634889	0.309736856159786	0.66902524981659
100020372	0.226057968244333	0.537056416459654	0.309756260198373	0.637082665855242
100001662	0.591966676281924	0.114867354594986	0.117760788072346	0.706701961535216
100019972	0.997403491603755	0.657608912302688	0.322631951077446	0.680308141417084
254	0.837281873647169	0.758447930486805	0.310301661221341	0.696961907256563
100002009	0.692304495706757	0.722459954943873	0.309779838955922	0.626595363772874
100010895	0.59315248403826	0.69277303665915	0.344447876374378	0.679804685198719
1140	0.953232047018519	0.781891689781862	0.310205052971717	0.667746415472605
100008951	0.674121947030715	0.544644952149835	0.332917071801711	0.655843993308709
1084	0.430743906232044	0.840167287725522	0.312216236646589	0.729953142757037
100002796	0.168671897746331	0.489563678625636	0.284503272436747	0.64697629514301
358	0.837764422023948	0.835212372929321	0.307402823625633	0.668726671409588
100002070	0.907294299765205	0.874127048847136	0.309335643054467	0.709151402122138
1628	0.310719248575067	0.119647863575269	0.384281635971546	0.679987781962752
823	0.620976483452861	0.508741985658223	0.273463757777262	0.757297206976696
100004414	0.431628806375553	0.0887587042249908	0.40700503757665	0.833118088203443
100006129	0.701918186174873	0.687987641462852	0.294959439226133	0.708697112927285
100002028	0.7098726609618	0.444666409461752	0.425443138006505	0.493687581266084
100021707	0.633284521659102	0.674884949733733	0.287706739504659	0.738120734533049
100000054	0.522786724216794	0.519029198328574	0.305216197851301	0.717928544405713
100010869	0.419864006360785	0.19789564932526	0.325586569536904	0.552998211088649
100004575	0.0326608050271663	0.113190727194414	0.390656945918773	0.98202106550835
100001212	0.980463755414385	0.649178220767184	0.3163336021011	0.627586094659248
818	0.175914767060584	0.517701326701932	0.362912651303472	0.641454816427773
100001092	0.0024097044606266	0.0263707920307672	0.304501500410577	0.677053311328651
100020371	0.808092005217014	0.967693335072315	0.31201849549803	0.694032348046541
100004112	0.249648365539774	0.553172906174358	0.32875108858045	0.699621463273756
1125	0.549153475465543	0.42338468332804	0.340353789953994	0.725116288733879
100020491	0.890843208989715	0.5953872206119	0.276342365694676	0.708009355371116
100003151	0.002559553609522	0.0234157466088635	0.466774371627353	0.57262219901595
100000011	0.332676837061943	0.151645573074034	0.233800065912164	0.801294623380631
100003594	0.41915073690852	0.928287240951079	0.322963729474098	0.699808050991384
806	0.673600093813853	0.146574115761894	0.3119111998279	0.490491918930897
100001211	0.870953828042158	0.531594300618839	0.325722349605447	0.67314106836677
100002417	0.655021004843776	0.558693511212993	0.302323903044918	0.655531665865594
100009335	0.423923643303368	0.225689442498219	0.258494053507351	0.726368523154718
100000781	0.860417236971298	0.943222614162182	0.314696356418972	0.695848238705325
803	0.0179351844928693	0.0275471307381817	0.303827595483414	0.569603456330753
50	0.606289466054301	0.784142666632313	0.317134340911249	0.681990065028285
796	0.357504712811589	0.0475615166869607	0.34929513643502	0.68197836950699
100005834	0.841052771331479	0.580842203295504	0.371915788617801	0.689590704886311
100001580	0.79781481152563	0.451123212169214	0.344311859242398	0.696473403661885
480	0.79565317332431	0.656856646291069	0.285116854744675	0.700926791135995
100001540	0.305756440001406	0.809184149188496	0.377983338026933	0.751818661689627
339	0.545612542380028	0.124248990120537	0.284702936597122	0.603315484206468
1110	0.873319672969057	0.946042655200139	0.315945478699085	0.691429178129273
100015836	0.104336917205632	0.141653150477366	0.479701167685619	0.894701630631061
100009271	0.492647518986569	0.498913813300854	0.351879549091614	0.673970227063622
100015638	0.818705258589695	0.374455378374739	0.332323639815756	0.673639367819163
100021667	0.82247457001287	0.44397821933953	0.36120641445444	0.673759031528242
100001279	0.52338952441262	0.357773250782024	0.341273123210059	0.825128099403456
100004208	0.0232496116406985	0.127687203180257	0.464890166319338	0.811675948776853
100003695	0.13437808771849	0.100598095679615	0.347369879709536	0.452264650140595
100000802	0.959126068118796	0.810684615497834	0.317266096204392	0.687750789254565
100002769	0.733644789356934	0.0915083142332132	0.228420324204824	0.816715590022279
100015835	0.050399293221092	0.221111171803538	0.503049209558203	0.945015586745919
229	0.759862110946906	0.341486597341449	0.356292614394094	0.688363508257904
100001266	0.00933898040584508	0.030324186096748	0.388710378063579	0.983921349294395
1342	0.308100395589701	0.361623543276145	0.27018018702593	0.711203028592009
100002102	0.937806952080638	0.652772544006897	0.341575518870586	0.77006298368702
100020254	0.220736390294542	0.636727195158229	0.305428390309058	0.71699527649387
1231	0.362561454729547	0.196074675609167	0.38085312019941	0.643180945671344
100020492	0.906497020793444	0.917889200963728	0.31033570714018	0.692866426278506
100001402	0.336584842251134	0.526464885603056	0.350465672805462	0.700326784026682
415	0.0120262817401174	0.120002317683304	0.355593751948297	0.745718074167665
100003109	0.986282450601915	0.979948536711186	0.313316065328258	0.695350104587191
275	0.595700441304492	0.796838227456074	0.300420466167414	0.676830440210547
1143	0.142312499216087	0.0567974932201892	0.284332593019165	0.800235888780171
279	0.444961747278738	0.391443967511458	0.312077962552775	0.571218083980118
100001198	0.814225781195447	0.926497549652429	0.325383681845937	0.688563574148752
1648	0.345742066946974	0.90684109259629	0.313109718251987	0.696080686829537
100001590	0.299850121164804	0.229468303711436	0.299115855739628	0.600007516612452
100001733	0.502580091210417	0.946577604906016	0.311554867993727	0.699695281681632
100008933	0.0133413283615604	0.0021726049189157	0.429590375901426	0.650948404764802
100001550	0.418288201242672	0.468422934438582	0.294925644847454	0.637662988834895
1215	0.031362537199527	0.157236514550802	0.260886387224922	0.645714229344845
100002356	0.229274737882826	0.104572868817795	0.378779449648219	0.704887745060051
100002749	0.73254774925074	0.740260150764931	0.316258030214187	0.702129802091146
100006379	0.12094388491438	0.144729816702423	0.368422148566894	0.430232539783559
100015966	0.0689615458483973	0.140326224106868	0.342963245029342	0.51147415720373
100001392	0.828020204053107	0.854708806594166	0.317224966183832	0.691579229316248
100020425	0.127535453558844	0.0527737160528235	0.263153985268755	0.451854581434316
100004299	0.394021149140659	0.863531577739791	0.326075529029505	0.729050238688539
100001734	0.608365940835163	0.575305124478659	0.326623600771967	0.639671952549504
1002	0.883415200881534	0.780438475451654	0.314586249406688	0.692535673009224
100001337	0.410197100983981	0.896916859352172	0.307208854232486	0.694396007913481
100001452	0.838046792821434	0.778025840638878	0.310909751798096	0.667321516435886
314	0.480749708057643	0.363715651356717	0.326005476785626	0.713831978405972
100009264	0.902768185655607	0.502181986746882	0.241763029351075	0.830578590271249
100004634	0.464935448856161	0.522188630958496	0.283456077277883	0.709644229345623
100000711	0.690438298800975	0.715395140046287	0.343666900901102	0.718396332245385
100020536	0.0286483852419805	0.10659615258508	0.376376790374136	0.795433461309266
100004318	0.37712191271928	0.624890475548544	0.318997600060918	0.689312413933498
100005850	0.816969224362644	0.413108023493748	0.406133945065781	0.631398812819
100006619	0.261123883676612	0.125065265102151	0.358589869537709	0.680219218054154
356	0.540758162952764	0.6528135626889	0.300582329186498	0.710109336668361
1221	0.595754455906947	0.612576504512329	0.393031710880412	0.730298651430365
100001397	0.68493842950884	0.716819588852828	0.312544899545353	0.684870790217403
100019981	0.723141500989268	0.970169757204268	0.314358920085901	0.700622896554347
100001208	0.552153000647422	0.306204666648857	0.275738171212113	0.947529490824931
503	0.017316852194364	0.0117660904791459	0.190610582497874	0.523374880586923
100006375	0.168916774705291	0.618456947626328	0.338743125522401	0.67223037606989
100001295	0.730798154295616	0.570055408392705	0.304194844406618	0.796057056908843
100020427	0.0598377057880586	0.031121009007011	0.300958466245929	0.394579253328644
100002784	0.511735383781237	0.39948303340751	0.270205094721336	0.759226434798698
917	0.0808744189760473	0.231819037482922	0.338151412337317	0.644099552822354
1869	0.368542915903361	0.212034276459968	0.336406618122566	0.576777949112723
240	0.264653424672875	0.133800402733998	0.205504557740176	0.507224321807177
798	0.00180445754545304	0.0619297616120429	0.485904377850849	0.624735026850071
100002952	0.322504662233951	0.469892208885716	0.313057416186734	0.781060768892474
98	0.77076916655291	0.890736960693993	0.324620816730843	0.697359316911736
100008998	0.493697966016563	0.462788796841627	0.261959545619415	0.742018939166421
477	0.906518315210693	0.285306049436518	0.319612797634527	0.688881321482993
100020545	0.0943344544604607	0.151983127444742	0.357404351533481	0.856495846860266
100021666	0.936001081248353	0.227777318027799	0.357823380360536	0.687227608598908
1256	0.652713783689824	0.824046261219908	0.34406774074828	0.715548244419707
533	0.305560774928718	0.0739316303937787	0.223118439532253	0.438063315019138
100001757	0.475049315067311	0.93182150667489	0.31956830687311	0.69046644253469
1024	0.390438964219435	0.103527052306189	0.213914713084345	0.864908832624929
267	0.659385169360803	0.845221540054467	0.321845971947144	0.686931613835428
100002113	0.0927969809329926	0.0785836884968483	0.304299787713889	0.720164903629214
100001756	0.527652777894108	0.762533736491697	0.329236188437589	0.719462273637402
100001193	0.341890002132982	0.156057679189958	0.39588299511819	0.638190149379304
100001668	0.746266541940282	0.994004705691065	0.314432729029632	0.694268956698915
1124	0.43086946146243	0.35499424486655	0.279012741516055	0.778154541831487
100021331	0.120828681277891	0.271207789961196	0.294681045795418	0.743337789472062
1090	0.0702301052089844	0.0498500437421122	0.297805795969871	0.836374619644608
566	0.978217832256568	0.277909610432471	0.228330297727726	0.699487081190709
100003119	0.357648003475565	0.251852610397985	0.353066886535694	0.628043271640259
100006367	0.723371549881793	0.571358124470247	0.324018474482762	0.67477324056769
100004322	0.185674656639262	0.239542595482976	0.322903263579134	0.785102561935809
100001034	0.801708916150606	0.780327002994101	0.308777200159896	0.683740391316747
112	0.819878394774187	0.85724033642918	0.316516003300122	0.668007242531833
507	0.624853413013016	0.721661723038398	0.312281497511119	0.703462636309578
100009233	0.266080205293852	0.221843718533148	0.291648675003876	0.718601324407543
100000406	0.0274168081765128	0.159597516136384	0.475708699947389	0.50268583072732
100004046	0.424348859335985	0.403557408920382	0.20147723684504	0.628638536336269
1025	0.732051159069736	0.706868234567794	0.302242722959269	0.713353459789228
100001106	0.122132247729142	0.150493951498297	0.259890737541541	0.733287459959319
1128	0.0447126045635448	0.632973324664376	0.340373285133733	0.735126959125109
561	0.0555780719449219	0.210948217630725	0.226366547625781	0.618523950518765
100001614	0.776112317289444	0.344750314783454	0.330508273958172	0.668893745326509
100000961	0.933278356010261	0.979588996743945	0.339560548838839	0.695907260124122
100002397	0.764974887323304	0.549084835019926	0.314178527259028	0.615151901887363
100009407	0.928806691800973	0.937751611941285	0.320516263609987	0.68940942296042
100002910	0.977831490077509	0.531037818509306	0.282524233629359	0.615421346816573
100005946	0.353261301527011	0.433772527767186	0.349142443665718	0.777193524256782
100019794	0.0623981235697521	0.24484054223148	0.319536241939222	0.876101650903023
100015759	0.22100759728194	0.106926703919804	0.268379607585718	0.712209705764541
100020417	0.801681124921744	0.650397811209708	0.299807289756337	0.670068152467454
100001054	0.757089545079685	0.936400354703168	0.317290250186989	0.694751253434388
100001437	0.383977350372855	0.397420404559813	0.268440471887973	0.629002517545972
504	0.324682051685661	0.763955731735013	0.355320969198398	0.701337458547
100001988	0.429899390550154	0.623516746099162	0.307067342040187	0.863345577702961
1082	0.0352433298956161	0.615276296716164	0.346249421245586	0.722908250439324
100001403	0.233907243018316	0.277335209427723	0.355552594127255	0.675357168949832
100001664	0.973880923255862	0.524646040087683	0.295859989831741	0.875634504187427
461	0.22213491648545	0.181140590231338	0.508981566315754	0.66800013086043
100000463	0.765222389641085	0.96507869495069	0.315549158072582	0.69336945747664
100020208	0.479899472321526	0.45494784522543	0.362041848956433	0.559619650927466
381	0.470814630407547	0.0708409737888979	0.144582218778167	0.526396685147859
100010901	0.117586753428254	0.0793034685866484	0.309327281283965	0.803971412636697
100001468	0.360628607170755	0.913164269937363	0.319060110336352	0.683266557038157
100000840	0.848135350025716	0.914409049771519	0.349670929574503	0.686927816637341
100020014	0.219258243363144	0.573608484285046	0.307253878828031	0.71099245581088
100001993	0.699076717825989	0.582093563601019	0.255190434290477	0.858342622806185
100001051	0.0742315738040003	0.0182169175882204	0.3519567813627	0.365317124862328
100006116	0.392277223568805	0.521038368634811	0.318086388571276	0.695524217160371
1108	0.919921868518412	0.967329368914667	0.315352594701321	0.692172308916681
100019966	0.274404099318273	0.121154418041714	0.378967553909142	0.666252664226725
100001743	0.539528625226798	0.382399504087366	0.304569536136229	0.677968992392886
100001294	0.152863199541109	0.237448627878559	0.232928839888316	0.745998979291433
100001609	0.332477768253757	0.153712903806788	0.295544656862013	0.776859305749958
418	0.797703527474833	0.960744293333083	0.313713569057954	0.701154238525419
100001178	0.300780367330657	0.978379533868472	0.318350925044897	0.701501368641104
189	0.939678249104338	0.67429483074321	0.286532448712418	0.660614990508908
563	0.545829172712048	0.815264701687969	0.32887897680339	0.680592270235077
424	0.447924981519533	0.377013618313091	0.356624847412036	0.675406379242339
100000776	0.167913307152328	0.349885524972063	0.352479687227043	0.696167435255147
1001	0.941102688719855	0.477993560274589	0.319218703630363	0.696426034408915
1135	0.283316261740144	0.0864107097561166	0.303111500894652	0.757700125615633
100021093	0.424612983822991	0.546296597659923	0.354420337717049	0.713273791406203
100020219	0.156690505681926	0.261842044677865	0.322479551446889	0.590434586406216
194	0.597757712064627	0.738835789156445	0.326770271623207	0.64767036421596
100008930	0.537149181964689	0.530852390971509	0.348734725657594	0.670752761254821
340	0.598206126940762	0.2294595337876	0.195525431187034	0.776829204245155
100010896	0.968987120493519	0.769546824887569	0.298427791978663	0.701548941922507
100000787	0.202245063409448	0.104885392313174	0.306182465417719	0.400621706956411
100000639	0.0214206102950781	0.185420090650744	0.283772649988239	0.703351580411962
100001851	0.807708323751231	0.19818207322664	0.350355804644439	0.443637854968467
179	0.654824274483621	0.568892646463045	0.307121308136649	0.711214467030923
100000626	0.368811782675735	0.713581646435868	0.327380124231806	0.695773566267507
100001605	0.0128178480502189	0.0929072181404142	0.398107755828251	0.78644078804082
330	0.235570044748715	0.349245460172261	0.35241234696779	0.534457665417205
100001162	0.701476242342458	0.618874669651014	0.28382877959397	0.662543233126959
100001167	0.0540366584476459	0.302211582496681	0.308708811341161	0.680205415041047
100002067	0.645064993900549	0.812838564697225	0.387505117327995	0.647043003532781
100019968	0.712492587822727	0.310701998012324	0.349575976768878	0.616142166131406
100002014	0.905483503093804	0.943768449150184	0.312595429156104	0.733269873230708
100004083	0.51093532591348	0.156590376992577	0.344903182550892	0.560344811369773
100001315	0.340349505731347	0.417998774881871	0.327886135042279	0.757785646178407
535	0.33034942634944	0.646101847569833	0.331001119051909	0.687581075664299
93	0.530763391292182	0.32671829657766	0.345179601585669	0.549768094676132
100001989	0.281846149194237	0.539388066282957	0.283757762516125	0.750481583919357
100001740	0.795472070546725	0.42898453272059	0.287013155275582	0.712710238826455
482	0.196447299276129	0.89683625985017	0.314114570744833	0.682514401590032
1629	0.21000243954008	0.365256510826126	0.382624998046253	0.669122959998547
100001399	0.349399224463542	0.315783005852055	0.335369242099422	0.697984800328883
376	0.79873559879814	0.17123650149937	0.197277434556061	0.802261839491373
342	0.553985701473088	0.63672431336195	0.311418315569953	0.691843135430171
100001253	0.0354477164524799	0.20055829212196	0.267348787334372	0.89709791123732
100000708	0.729386884830039	0.830744112185545	0.32847761114388	0.699379969860015
244	0.210627996010338	0.0615230743404093	0.263020636194579	0.809769264691414
100006726	0.302755220748325	0.2398357884008	0.375136994080909	0.680597163905991
100000036	0.234171488554679	0.603641081796279	0.287421920777875	0.740029561872799
100001257	0.033392461062435	0.10052694375585	0.417705718959711	0.947991621456562
100000445	0.987285455799582	0.528316146217878	0.357838453284184	0.639988282390512
100004088	0.00493956020140638	0.13015068203498	0.360803118632414	0.769907465845452
100001423	0.901107168905611	0.802067899044024	0.315720499263584	0.672338953709929
100001276	0.321510631125434	0.278231610371555	0.286194522727729	0.610072680265571
100001876	0.768521112325758	0.901043746082099	0.309874269534334	0.696621370329193
100009082	0.540358270942223	0.0269099860609456	0.134372155143062	0.668360508583081
100001121	0.308876616988993	0.700634553229092	0.308349502949864	0.689856004870825
117	0.328005762697934	0.636248650213314	0.295155928443976	0.714339085092815
100001868	0.0348652292536772	0.125812036556824	0.370916239215893	0.705552394116377
1134	0.702166758123892	0.340246485117496	0.221526858623923	0.667704022250894
100021012	0.314716666057692	0.523259319166257	0.320024336552305	0.71635526744775
100001181	0.679502541824155	0.238924093920346	0.392235435932768	0.620940539660529
100021467	0.957368840180129	0.206715522480131	0.312489331687244	0.563998872796938
100000447	0.211681320454814	0.230568228313226	0.363037862948371	0.65830753366526
1162	0.000269347598317229	0.00902977405473387	0.420934946945735	0.595016593343751
100019982	0.598671504989068	0.42257039100327	0.32886088157445	0.677378824881402
100001613	0.902306892506855	0.415658537992426	0.3314612114265	0.660843779519034
100006644	0.308128015885578	0.553532703739904	0.289942139467955	0.728499276404085
100000096	0.54597154296927	0.0262103181435238	0.206138587211273	0.661940298566559
926	0.572516922455561	0.660743371298006	0.320496943764935	0.698794509583315
100020004	0.912126490385736	0.657488588686648	0.331165313063021	0.693232256616344
363	0.145508285398728	0.0342443839255479	0.291287870551341	0.254247972510181
1111	0.457862766249653	0.920309910553573	0.326594817433452	0.693418620545089
100021712	0.586935897302164	0.871099440412657	0.312089429696577	0.685208053651837
460	0.627952940619735	0.468547515587399	0.339351081626006	0.766282795177288
100009331	0.319285740203418	0.245835667446885	0.285361502858576	0.72585214162764
100000442	0.317899328576602	0.782113372680521	0.331502688818472	0.705909664059089
100002945	0.0664796510882448	0.0146757101049892	0.415042007717647	0.652570253682154
192	0.72817078956433	0.953104009901765	0.332988967691575	0.691704995055879
100020241	0.446305805135393	0.968671903087881	0.312220725543092	0.693208654986951
100000580	0.128105202405665	0.144755314307836	0.267940072524654	0.929730995570658
100002466	0.00791896560368542	0.0305313577681195	0.266410717069948	0.454334894651438
849	0.758900300065172	0.630926907401981	0.316835399055667	0.648869686777337
501	0.494715697859972	0.389359471333171	0.347060547481475	0.65106267747692
100000282	0.662872364231229	0.143872460378593	0.394724857850645	0.59084576950696
100001577	0.040671661487107	0.191071113316111	0.422615668151148	0.753034119473244
355	0.0846305057044389	0.269580697530489	0.262201640287921	0.58599236222284
100000841	0.918746735072878	0.849912037074911	0.352875092993583	0.671392502085978
100000846	0.796026578905792	0.363558094565915	0.302564071704493	0.686890625362312
100004295	0.901186612089361	0.430594906580442	0.29065736599866	0.646444101153596
100001586	0.0820840119293606	0.0382226617225008	0.453337338879452	0.339789117378425
407	0.0175379025334292	0.0367918464063635	0.345664597380212	0.760404874590972
1137	0.971892636061871	0.804662042064461	0.305037004963823	0.722123771407738
100021374	0.0382597529384954	0.014544052561116	0.242084667905845	0.901715594684842
100001593	0.856010011607948	0.72305236874293	0.301793220843755	0.707273610626901
100015971	0.729939396821198	0.805636970897026	0.308303710855261	0.692991556064183
100001022	0.435054240480057	0.228855026237543	0.206740165297442	0.933619179138851
1094	0.0500565479483098	0.167838115427006	0.511994857471626	0.967534996266866
100002122	0.215935719521202	0.238758956183098	0.261179986708299	0.800832365865554
100000706	0.554111312336458	0.682374693930562	0.284640764620448	0.694404295769292
100001055	0.816255255499994	0.386373402404433	0.283084557903666	0.630503675978982
1235	0.482621655216566	0.67524034095849	0.296467371311121	0.72949773124695
100020204	0.118947770347639	0.546647128206502	0.336246489376877	0.735025104949237
100015643	0.027597558675669	0.255435503662172	0.344816823380222	0.643885306406006
313	0.0169101787122781	0.231620768320264	0.332840672966018	0.627501935687948
100001413	0.687168518044602	0.987905167566945	0.321684985110164	0.696875546943626
100020423	0.0223932561300286	0.0181481341647655	0.337578537962427	0.371808394258486
892	0.375132411237961	0.131823475407187	0.346715243647435	0.7280433641261
212	0.0928576589116857	0.17496054707305	0.397745492068504	0.673431729482777
100006105	0.195080132875211	0.179860073240226	0.35742969280733	0.70695278491936
437	0.776366320168006	0.522022284608574	0.287536849561874	0.711898621394564
100019892	0.527579796098827	0.742286961121876	0.311933671983226	0.722007537033741
100005716	0.0621117004360957	0.100072346709169	0.340210321482906	0.783881328588827
537	0.162382602108188	0.102834898706256	0.327550397293546	0.725218746464768
100001990	0.378582033748997	0.683035051258054	0.347488327348979	0.654213573724789
100003397	0.0334087022325201	0.00469911828505464	0.24783448700997	0.449564988937798
100001320	0.102612337478145	0.181747838918593	0.407064902955733	0.431810024182906
100005717	0.120049222461957	0.0869399602450034	0.367044385966794	0.729904436541437
100001207	0.0451165927529546	0.220627761394293	0.349299161346073	0.699887948264693
100001999	0.499953862703728	0.832632691071306	0.30445344528704	0.7835465757951
100002488	0.193763636805213	0.0163447917100152	0.373926004205914	0.635865120715095
62	0.19775243622636	0.660632137928028	0.303774309945927	0.701208589484243
100000467	0.625426494177313	0.446472747067031	0.300187802961261	0.666035627664166
297	0.00380583457148875	0.111180526475861	0.322890458246084	0.661426456988801
100000285	0.0432594678426506	0.443689925578984	0.314551363513458	0.781015732353967
100006056	0.0406525662424832	0.262383939480046	0.338206098369823	0.751235676416187
100002126	0.122404614878926	0.255685356794617	0.244883589147987	0.977408080256613
100002129	0.851659250746829	0.770720438102134	0.296301277118886	0.804325537029969
100020478	0.0534183895452233	0.252188267687327	0.28338590607651	0.719483793256185
100004089	0.0912423262435945	0.607387753914906	0.32935595087103	0.656063633644319
100001755	0.556657249509508	0.572970098767473	0.314985989234033	0.649114646458929
100000551	0.0470920195502446	0.95575601669373	0.315360667307766	0.699929874656539
100003260	0.444112547924024	0.294947377065137	0.354981541835307	0.775967668592223
100010955	0.671951062185765	0.323692341280976	0.242763915503342	0.570708418843742
100020851	0.273027358934851	0.498956826280438	0.33387884008604	0.713958093501269
100016069	0.512839674344844	0.710736507136153	0.32033913746321	0.677487051282435
100002027	0.56884746626171	0.534237520765754	0.239105855694602	0.811109407465742
1123	0.322707745259073	0.172548242441474	0.301590293574077	0.831794040391062
100001150	0.692202298591414	0.999870984105203	0.318001988143971	0.694302756875067
100001657	0.23690232080981	0.756524540289164	0.313791163411491	0.680596419701591
310	0.269195053255162	0.359329141492685	0.277584995762861	0.795421488766219
100001314	0.452011237237521	0.141095955489971	0.292144490644946	0.570888788228557
452	0.570521397784004	0.552490989824137	0.36291353207701	0.659043318165027
144	0.067762556374429	0.0490724595252661	0.38812232147872	0.55469872036288
100001182	0.158181720114802	0.135869496307975	0.390724845445781	0.679956011116819
100015965	0.75826162275842	0.487031653080177	0.300232348793636	0.762109825078863
100006108	0.943849628262238	0.493045751548304	0.323424704608794	0.730446120757033
100001400	0.630732403885431	0.531662137264535	0.292564433360313	0.68071323836241
100004541	0.282071846243345	0.211978253730735	0.306285994009892	0.445938023327572
932	0.898296138732735	0.326933097647233	0.320612266027232	0.729500479946515
100001992	0.488592451762943	0.569919285166755	0.430151904275797	0.596492677675274
100009252	0.101272652025811	0.162202581886118	0.383900903660691	0.676202851844622
100021104	0.567231899773065	0.550483617740702	0.256546765025053	0.834736129380354
100015838	0.0181027888418223	0.0546149444838924	0.434740406231329	0.923849902877512
250	0.00113537843347558	0.021689291295735	0.565332627417096	0.793171057190909
100002537	0.901681404279502	0.513313759954363	0.29239089345423	0.805305159835709
100001658	0.962338535617184	0.762806798535227	0.332069232089338	0.683863246530493
100020416	0.317531616784123	0.381622872279508	0.280128604568361	0.66993224312274
100006642	0.195707901162735	0.67333757459544	0.29759095941653	0.726605969936626
100001391	0.115512870090502	0.372420069448613	0.391666285631501	0.801566305274042
825	0.677813150068347	0.590405071399285	0.273899485533495	0.706866174684476
215	0.0102270814071197	0.0782054780363025	0.380431884070598	0.681696583287763
100001026	0.967251417491316	0.903663862189052	0.311741698039244	0.72488803549372
100020541	0.362724076056648	0.444183918285189	0.274192158166151	0.738237449078109
100001526	0.28154324620049	0.341490651740538	0.445738723147498	0.794343053766267
100005384	0.397002978655426	0.367792309767434	0.294347567629545	0.608188053636827
100020378	0.33771747548811	0.622157014529313	0.298117102078393	0.703084913850674
100006115	0.973624178837247	0.344562369487913	0.411118660612896	0.573415598035504
1442	0.199627888744625	0.0487662198445463	0.138509760682596	0.581325969152297
100001843	0.140291992104402	0.194543808872704	0.340953058242159	0.786312173198459
100015837	0.154701276722408	0.284458003616994	0.527570553382453	0.644720652692487
100010834	0.689591269485835	0.96887915655142	0.313537765538957	0.692315455852248
100001393	0.637123203726833	0.446130662375192	0.253624402521404	0.735575904817315
100000015	0.386456955432483	0.539595922348019	0.29170847584606	0.717975364876449
100003892	0.0652691512374356	0.0583732314821601	0.27442797922031	0.942180841067984
100000042	0.148219470552895	0.0219825180896614	0.338197162965561	0.600817960622577
100020550	0.686183423843853	0.29030176712212	0.333674360859981	0.602275256795042
182	0.503439782455503	0.362471957822246	0.302247777893734	0.712796600073538
100015723	0.132109179456673	0.412208396943762	0.317914000761279	0.676556639103956
100020343	0.49610599706258	0.537902365389397	0.287034289766271	0.694761539067938
512	0.219778854473511	0.50437232107027	0.356031139717678	0.658165470382937
100021100	0.905506077053219	0.791101873235452	0.304546939702438	0.696204672750024
100002528	0.247916353102025	0.061773607677925	0.380740965194153	0.466545773125129
100001287	0.551968637975192	0.81154939741557	0.39670399454552	0.655750091570509
100001229	0.797947545282631	0.827622967164495	0.327787913425649	0.677429078109016
181	0.447202439581114	0.908525720641006	0.310337414204286	0.708485743161249
100015831	0.00217098182102956	0.0259551848937155	0.412687049245173	0.48732589204123
100020515	0.265567447583283	0.421892251609889	0.254446580177228	0.862406562954587
327	0.181736251295213	0.249073008940731	0.381938467053835	0.649049512841844
100009394	0.796065292399846	0.845271473788787	0.303754027549117	0.712107651778602
100001596	0.756736944116497	0.167190970195193	0.281822883107835	0.49629195127973
207	0.770223807950367	0.469531786291384	0.329482452814704	0.653424007487341
2054	0.562653204944206	0.823717185018566	0.305454110648234	0.706242288786617
100020259	0.609709195409506	0.546544281532013	0.343714604364103	0.678491826441573
100020414	0.00494650083077474	0.0486962118333412	0.228042790225742	0.662894121365565
100021131	0.98985236520892	0.243547664934394	0.303541327363603	0.650076851202025
100004499	0.970893007450611	0.677075484440242	0.304597120900302	0.660076883539622
880	0.221525134737861	0.856840181634225	0.3302075397238	0.691624476173426
100002049	0.49391619008951	0.301343377919399	0.346785690189692	0.643141690378981
100001739	0.444382818275156	0.212728043955356	0.405262071571671	0.651822626519469
100001126	0.535931021533699	0.220457797629872	0.218579815356941	0.586062430824285
1113	0.561018446641122	0.802216938591406	0.330320943111748	0.663669183525437
1083	0.796824897218326	0.245080404653067	0.351382505196471	0.5911676243464
100001730	0.0659424401676551	0.176726449536091	0.366008643794131	0.567162473188241
100001412	0.812707431419789	0.867441146888449	0.321156766027238	0.680921776244257
100005996	0.850259510442753	0.541151763093867	0.302264469263318	0.662758537440457
100015962	0.0101611507397861	0.106746535494773	0.239722447324915	0.983587745668375
100020214	0.731753599743844	0.449604884490604	0.329765819487866	0.61923524786378
100002514	0.107534636603389	0.320066172414245	0.327645456390336	0.629876206235839
564	0.217693149013368	0.0497601689519561	0.274385628984917	0.563130959186906
572	0.0292381714454456	0.0262139659260023	0.446160029612587	0.563505358392352
231	0.878355618552155	0.63546473257105	0.287705506116308	0.711503406431142
100000453	0.769281687607361	0.665269985066123	0.298151161119626	0.738305355363456
100001007	0.127318025773444	0.279496316671491	0.367082247442688	0.581210911909013
923	0.488631349136322	0.310546512727429	0.300420161752248	0.755480564596622
100001247	0.578174542056693	0.621110041628408	0.298449439654984	0.679663642927338
100000774	0.530820156954845	0.773015626810443	0.337320223169921	0.721899270809378
800	0.288744663213299	0.329832096249077	0.333566673055409	0.759175221965848
100021678	0.314693265050306	0.436726378918069	0.266311071466384	0.693214535866589
100021711	0.363393560770705	0.764004576721587	0.335985373263679	0.707534914250913
100001274	0.684296411954464	0.361948458670622	0.302453364970683	0.528286962525405
100021220	0.184323998854419	0.198172187322131	0.377135855253311	0.989032405185032
100020253	0.513760745322111	0.935310317899396	0.314301646146008	0.690183264567646
100001170	0.777515848227842	0.214215071988262	0.291690491734295	0.602854650748636
100001466	0.40489205734099	0.981031226686979	0.315068852108506	0.693253386038602
100009406	0.827078728848452	0.725632594245082	0.302854537260967	0.70779869786504
1026	0.111599574000235	0.355729270025726	0.341524581442867	0.656112310608632
100020837	0.797173373097389	0.370417776104245	0.357325959710968	0.594530999907038
100001006	0.0955148645261375	0.102398716269661	0.299163793867088	0.812603945355694
100003674	0.732431741323524	0.125862273241846	0.311960573526581	0.682873630376118
100004396	0.274295967307047	0.38938581994657	0.362859349096464	0.582793784281041
100015923	0.422424820956343	0.782687412263361	0.354167921607297	0.67326119603906
100000265	0.365075815302816	0.684457606768052	0.321456557516374	0.664805359151082
100001409	0.0925699066508948	0.14592069023304	0.308532222052567	0.544410345329198
100003434	0.454346374725066	0.51127546313005	0.319558790889693	0.616680822413894
100001334	0.502348275799284	0.0622496949388139	0.395758480888468	0.567309879335693
100001102	0.782599824219424	0.72076302710842	0.325650943911778	0.671149272345824
1268	0.639915618484914	0.0820826593207704	0.200112637609607	0.651478651022116
100001300	0.223097320683028	0.0861496147883788	0.277716268559726	0.699063310366136
100021324	0.167243421719441	0.609798845180405	0.427752501931217	0.683106714189899
100001617	0.125323551264998	0.107181301299261	0.304564834458041	0.733743986278289
1105	0.799791069326428	0.13254319970431	0.428690671697234	0.36559734207906
100021502	0.0927899278429666	0.312077763569863	0.301854568089505	0.719307544418929
2051	0.89349966706333	0.54569129181265	0.314256585888341	0.582513282905695
100001256	0.179557601208761	0.494100099805292	0.350850266870416	0.832089157062079
100005466	0.0399542233388207	0.0743408665843073	0.362814346031116	0.482870062480947
100002199	0.189688613264693	0.795912641658378	0.32083953407143	0.707859385604925
338	0.01450691598564	0.0400229388549508	0.504527515321163	0.448163297567885
100004243	0.513725750849351	0.590446154189424	0.292446506547877	0.704995558981551
799	0.49598006437839	0.923129889158065	0.31837198200172	0.692358751859598
100008928	0.490126816492895	0.0938093044031072	0.316829144947715	0.686348397943501
815	0.132141980891454	0.324882108496076	0.313688243377117	0.76037592257039
100001456	0.0147837918661089	0.117751483554057	0.292691828721808	0.614323270410753
1242	0.0551077897388395	0.0739963638555233	0.384426728681254	0.491822610570387
100001416	0.266221006502323	0.106604312292658	0.218346859884324	0.438309432562906
100001462	0.33754822877999	0.310109609737156	0.373751650878985	0.651865485112696
1087	0.105070233049008	0.02848095886498	0.334655127985458	0.659915427860046
100020421	0.0707231355207965	0.107790059139464	0.356148737114203	0.455932099385778
100000010	0.00605696955096009	0.0508469176049891	0.326618912534459	0.747075002941296
821	0.484197330178962	0.393803020904321	0.347453242025982	0.551147754312683
100006627	0.197929962120838	0.117806398955966	0.446741998141158	0.58740320705938
100001277	0.270115933720562	0.131675704026923	0.375665305069701	0.650369781813657
100021141	0.0690178727438718	0.231562560106546	0.345067311823268	0.782237959520022
100021105	0.220116495337718	0.311835347585048	0.32931372582761	0.519783648740709
100001950	0.000607357194729225	0.00902966369368244	0.391114293497067	0.854466688700438
100020217	0.862958632615668	0.266663562119631	0.21883310817374	0.513331678494539
100006651	0.0278084356669962	0.177905799312175	0.354757435415828	0.463402275709721
881	0.836113626618312	0.365785235345192	0.295519706008116	0.709619559778707
100001509	0.635956263540378	0.150437602355667	0.278289125202322	0.614553564605941
100021709	0.755115040303277	0.928665603090258	0.310276163353789	0.696358654556531
100001635	0.259323251598896	0.0301032263593817	0.344686862163336	0.638416470902194
100002613	0.475124494734687	0.128185818205399	0.292218510169762	0.778530720793995
100009329	0.594617181761452	0.75769192082503	0.292570805036063	0.800441211599549
100021123	0.805146665735465	0.632354402924379	0.324617018215798	0.615946487248357
100015760	0.207992110520412	0.186934276976829	0.26301473521675	0.7362415241131
100020205	0.386732793427015	0.459677933640001	0.360668106269794	0.535772298430082
100000765	0.712525496837766	0.558559465585893	0.30866581962135	0.655594266052162
100004111	0.346195212871901	0.168153429407983	0.34503872270352	0.664206741591082
100001615	0.259065908415344	0.736532408961599	0.313186137992042	0.692338577180363
100009227	0.176892070107396	0.106203123390238	0.440832170401237	0.842335672558733
100006191	0.390089876099853	0.563167904710992	0.342921906809138	0.640817649041535
100004542	0.490996474967386	0.344569349121507	0.330026967072762	0.741504944225757
100003686	0.237758173961439	0.113903396004891	0.444813776929466	0.63038061433681
100009232	0.0442752186556938	0.281632572723612	0.310680020392215	0.609946694024329
100001501	0.0666383136733752	0.121518246609589	0.394469768298996	0.729284960492177
100002367	0.5374846263277	0.258851790593941	0.294739168338217	0.544379888500244
100001108	0.550103652590273	0.714414568576412	0.312912945830624	0.686658308436157
100004227	0.650823134149381	0.902783743563383	0.313970672724721	0.685756606306151
100001310	0.244934841788052	0.323678631579049	0.29494813929228	0.798298461302125
100001994	0.761287509154441	0.892287415963301	0.322885617496654	0.762818193856367
100015839	0.0189771260038587	0.0174119479550723	0.403814610684151	0.775852243299967
100003271	0.00379489470857637	0.0661882977028525	0.414043425433285	0.49004396519548
100020496	0.840351813679152	0.951153717682999	0.314032098643066	0.699792123901977
302	0.697203051813683	0.438983371230942	0.278139509169474	0.662189420307854
811	0.738247490573941	0.704551873452581	0.3051882145394	0.734937128371403
100001267	0.739257308184819	0.77913628997716	0.296102833731131	0.688332539236667
100001197	0.0445818278294449	0.404023787863773	0.346936010222375	0.701363298163127
432	0.160094186826331	0.398582002127898	0.339702009026959	0.672483496878188
444	0.0108773427186287	0.050331932446592	0.354162209749574	0.830144560744358
100015968	0.317114595201657	0.363864696290043	0.308881507045759	0.619613032365111
828	0.855484554229848	0.953918959212765	0.312121365106214	0.69624512544476
100004054	0.317002760922202	0.893948072628286	0.314270022509391	0.69757958181916
100004635	0.0971736699550852	0.148676384771284	0.682777493512136	0.4323777072214
100000491	0.656087088570356	0.841316520345936	0.309350210955922	0.664892583003176
100000939	0.0357142708082755	0.0303957543795287	0.334565536955541	0.586679506977621
241	0.216293252145634	0.564120870078392	0.336043176392441	0.716783078089576
136	0.340510845097849	0.0702127810764919	0.2754372239929	0.881335778077638
100000792	0.523960620961174	0.93497814362941	0.313894280253512	0.757428291828409
100020973	0.666627890560876	0.680055328368764	0.328678000739429	0.672219793113387
100000936	0.943720634930805	0.782348719908832	0.312305012194176	0.699347126118543
100001313	0.00839875583074727	0.14341122049504	0.330119332136953	0.748414101790741
100001951	0.0525337560158283	0.10743868825197	0.350548737264916	0.687557730767382
100006098	0.0261121625075752	0.10223591675021	0.34616296479487	0.803589631551475
100000007	0.246305526671085	0.577046116231429	0.321283358308517	0.700088267265761
100006641	0.989961416092304	0.935661453305787	0.327677889130052	0.694293531005722
913	0.0101687474710353	0.0579360701050559	0.38827525344222	0.557148171142621
100001579	0.707912801518154	0.385204154331352	0.348986557126518	0.695823785039587
100002911	0.123251521565657	0.0107598064469051	0.4101557695692	0.652049351783059
100001293	0.274073277641582	0.365275130116041	0.276004351129082	0.835278388732703
100002241	0.226067071738645	0.509794783588102	0.32984970354535	0.661459121319594
100003179	0.415436043496006	0.0897404258992315	0.298440147269094	0.549213197551119
100021372	0.433526971313649	0.309019079966136	0.244669468598797	0.696895873051852
100001956	0.347325738932059	0.581842049134176	0.315391425859879	0.621137479143997
100021162	0.152861702414976	0.146510090273453	0.300039513990572	0.512431880273108
100002259	0.479963680050082	0.706843092552778	0.295225274487894	0.687710735382767
252	0.441674437846895	0.555031523364206	0.36326777703186	0.630707006381884
100000707	0.384991224427423	0.310099472568724	0.310306020314655	0.703580680223274
1489	0.586727025573675	0.0173516210846639	0.234823983833061	0.668587938328295
100020361	0.0359532335061695	0.0856477251574149	0.346859172106256	0.981328745244626
55	0.885350021369027	0.980316508330802	0.323835827194013	0.693333856777552
100000863	0.274693794672023	0.256311569111276	0.273621464636979	0.730284387445147
100015840	0.188674960654314	0.11564980785984	0.408659907398766	0.655389849837943
100001541	0.146315684764043	0.0778774704394293	0.215793545132454	0.684874002592335
100006082	0.116734497775001	0.0346240548269903	0.422669158329521	0.686545880678692
1254	0.60475577793084	0.988306684614613	0.335325103540915	0.696284221601503
100001624	0.497150972785785	0.36640323755695	0.295718803792461	0.67124291387584
100015850	0.836554126730909	0.663286205444291	0.369291879198646	0.665109029335756
100001104	0.00405559105673943	0.0153295861652764	0.34924762357186	0.973469412979499
100000900	0.303944451993888	0.738609636498478	0.315222709554712	0.696043932536306
100000269	0.230691275920654	0.103816322141514	0.200263333692491	0.651952741780102
1022	0.297311170100965	0.868336095261303	0.315888469784891	0.685780565216676
100005373	0.200481034127592	0.0833039621204521	0.281288163188532	0.727964016180914
100001129	0.132571963424313	0.700430902935436	0.30320204086928	0.725212629969276
935	0.0109266779355823	0.123063066299614	0.406457042086594	0.557290737594154
100001262	0.229570637635945	0.249305338541738	0.321755669812515	0.716348869522394
100019978	0.398698417147444	0.565997372745661	0.306301740988332	0.678877359313598
100002293	0.748957473169544	0.862624285219297	0.315621941050652	0.695270399525774
100001426	0.19583816052516	0.286421099434404	0.317158471921695	0.538297117367262
234	0.0279924575487613	0.147574968413636	0.312342622055585	0.672666585665302
100005403	0.192106518480761	0.983941086557347	0.318130307377774	0.699567665377182
100001083	0.0603343570602194	0.373728140176503	0.336418195478412	0.713398870451055
439	0.56338787993361	0.28070261500068	0.340625750254356	0.691140438538532
100001086	0.395882522451262	0.444694228782591	0.326636709553714	0.769472577374414
100005864	0.753589637500455	0.466950667140091	0.288856777142692	0.759432480156801
491	0.493618504326774	0.900374780368308	0.311922932858005	0.696165849215747
100002029	0.500345731207494	0.43355011879327	0.300198386776314	0.559902142262658
100002154	0.795783161474678	0.448427034783932	0.275786825233247	0.67011732281897
891	0.383687480292821	0.170617370918764	0.355783884829212	0.661683380730147
100020261	0.338880282156633	0.427361198852366	0.376905616108323	0.667991705406872
100001296	0.526911834876234	0.544530305614807	0.315626036401396	0.602358848142989
2050	0.496172745963602	0.523591962031006	0.335989584635868	0.637822726457207
100002761	0.282505342622783	0.643941098181045	0.268426647232428	0.843888362744948
100006614	0.798225351196811	0.670722926489707	0.290352408373285	0.75655890579607
100001597	0.934132785256025	0.160768696773674	0.210589761494916	0.510057486477037
100020853	0.854500372665321	0.916003926657666	0.315325473054136	0.700376468022667
100001446	0.253649832343998	0.376805789517832	0.279418828787127	0.685995799334244
100003240	0.226030571125867	0.107861999395162	0.36666608793965	0.608845600041119
100001502	0.0469892632566471	0.270369422325111	0.365315100268048	0.773872153472014
100020866	0.113262283196338	0.014868221750803	0.195677065260892	0.508834751877289
100020419	0.039074128738043	0.112762125606639	0.336128398319316	0.450730707784842
35	0.486861283312009	0.295240752265612	0.28570979822129	0.64188258188588
100003696	0.0126421560624937	0.0543607101411791	0.454463660280598	0.634071777984636
100016038	0.829458562786518	0.934115879226303	0.31086323233271	0.687474194532219
100009333	0.155286672354416	0.192047795841812	0.316236973312551	0.731868136521056
100001611	0.271824554457001	0.449820076970934	0.380110153273035	0.673716643817464
100005383	0.643142234033815	0.285810416035688	0.323056989746768	0.738547435166225
100009239	0.286361424694845	0.128311595971909	0.392014259462039	0.511301344992214
100009332	0.290086683996274	0.288178711970443	0.314895128090306	0.664692715822573
100001731	0.111430462895487	0.574936676461335	0.324181501187374	0.665556708034431
100003415	0.535471932727111	0.616169455200252	0.306082210251544	0.702939988945356
100020578	0.15226999364261	0.206509572712442	0.294645700278023	0.589404106733886
893	0.943533061184709	0.426533860315708	0.311802033133473	0.71182283176254
100000963	0.268070296960605	0.18718078035143	0.410305386715362	0.487653453710224
273	0.18046044511472	0.30875082430684	0.362450759789281	0.687957710841128
197	0.400347670006518	0.386949567158927	0.305059882597049	0.565880734887008
100000808	0.279555682043971	0.202544032981946	0.295162296739418	0.861923509209543
100002284	0.90922653473277	0.321645112533936	0.196047883223375	0.630264130459704
888	0.899657600466761	0.0950360647076173	0.340563822232503	0.677728974250026
100006435	0.68068116041912	0.448750562057346	0.257617164523967	0.934599512475552
100006374	0.2425201243453	0.575180813439845	0.321143467246632	0.684205472195676
100003169	0.512014648037452	0.947324719940247	0.310925427656692	0.691477337831726
1004	0.526600644172445	0.748037171022581	0.295744693824161	0.671257953110486
100005998	0.140242042279006	0.97436112561464	0.32285969495607	0.696235857947639
100000773	0.569768134370499	0.505682601992899	0.320200459478598	0.677166524204153
100010850	0.0120468688662716	0.105163304905369	0.37355040571278	0.568764710724062
397	0.858206899681708	0.414366878505621	0.243071715141076	0.75395623212134
100000039	0.0751488278352118	0.240818427708381	0.258882643698242	0.749084281893817
100020833	0.760738830869185	0.764083920924662	0.321344198629887	0.736307891862494
1021	0.365077129263014	0.3005383829634	0.293818357095427	0.735054210735953
100020479	0.269726154741976	0.493300614079473	0.320560944559526	0.710144156640499
100001335	0.400485190495498	0.270697623188836	0.361293573904062	0.661612749342605
100000743	0.618634352100299	0.997003040372242	0.312446443289101	0.703828726940639
100009246	0.176552056926268	0.654887122539305	0.302718669955763	0.725423513243524
878	0.191750484681609	0.793474621770528	0.30359418706222	0.705819140440582
100021103	0.795686546645746	0.867247397870588	0.320343336784082	0.768241250191757
100021363	0.234098873832626	0.566311757230091	0.292617043116516	0.736187266947683
266	0.176129320176553	0.245298792124686	0.31424700221822	0.622014529640233
100001195	0.225903224067916	0.174226912271437	0.410874995816995	0.614786578111242
100019801	0.697134690053755	0.663518602667129	0.328779151494681	0.680006535777041
100002196	0.0456667187867195	0.281609264126326	0.327165439109978	0.703929124999978
100006370	0.336640104669243	0.955677306266686	0.316462882183732	0.691846942101647
100001510	0.0409733380416983	0.00430487610327455	0.261847275307489	0.786568103451273
100000437	0.467328697502679	0.402148917857026	0.29841154262289	0.773669080501906
100001767	0.146220591384898	0.0355863172233269	0.384596337338043	0.760810578647776
100001810	0.484415222006941	0.519290749556706	0.325622948255125	0.844607326664101
209	0.0264703947972721	0.295607211864454	0.365281194741771	0.679788187814221
100001485	0.23503432776579	0.102644284220461	0.193720489422988	0.627416474044458
100002500	0.113381972355209	0.437164737955304	0.318737456687336	0.664887631507252
171	0.0202824430555968	0.0185481124913846	0.236324857923012	0.699289385673669
100020487	0.996776083407736	0.833242122348706	0.334430038390021	0.658913821321621
1206	0.0061805598683168	0.109695243823197	0.318515014123408	0.750224003553164
344	0.019854177813095	0.0383656757530204	0.596228758726767	0.781924453524156
100001405	0.604939251749328	0.995955279584873	0.315050984345521	0.695334061074285
1239	0.884888506992921	0.459635765740811	0.353814529070792	0.698952287437325
391	0.0540757968476814	0.159428225028984	0.294033860867519	0.920532170832371
100006430	0.481486888393583	0.171426840107324	0.387221040025987	0.422075066707686
100001417	0.956227475143283	0.56759249207776	0.301935938011037	0.788924196446647
100002951	0.07387013232454	0.523063069239692	0.308846500296168	0.622890556433278
100000014	0.46404071783184	0.592281079826576	0.305824191391723	0.733243078358807
100003926	0.484399417002801	0.434200691772187	0.342254932018517	0.67494225150698
100021538	0.463430729733596	0.340413216216984	0.368359775298888	0.602848568692036
132	0.248636225995461	0.864031113604705	0.316092065538558	0.694414440728851
100001425	0.489186623116453	0.488888038625891	0.396212342745788	0.624843463144203
100020262	0.598089261596095	0.660161996175643	0.335322146306895	0.682079565205614
100002679	0.460113038746976	0.850355263445585	0.30590787176751	0.731561783188837
100001270	0.850511341607362	0.513509589525242	0.322299797241282	0.669831891655787
1102	0.857646187723229	0.937280026416152	0.310944010704338	0.704822498322649
331	0.304640547445613	0.262898356727537	0.264956332994766	0.598383332405297
100006361	0.542565026567682	0.639226951707735	0.291799262090591	0.762663177060285
180	0.966784066700029	0.818576694183841	0.333914372216239	0.690740146387195
1053	0.321956093360297	0.443111034934933	0.465924317938428	0.762924740053801
100001359	0.623468202809737	0.914020303851293	0.325651909781901	0.683157723366652
