chemID	simpleLRM_Fstatistics	multiLRM(chem_sig)	multiLRM(sex_sig)	multiLRM(age_sig)
TAG52:0FA20:0	0.162447001195088	0.0453389863286289	0.259166178272481	0.67900800062872
TAG58:6FA22:5	0.433601155874165	0.634171617800823	0.330974185559947	0.733417737569878
TAG50:1FA20:1	0.466130855348281	0.189337800442846	0.267666305886825	0.667988052637208
TAG54:6FA20:3	0.752486635963742	0.354421315160095	0.304528697639045	0.739788958383065
CE(24:0)	0.242854062334544	0.619516474118052	0.288545688186832	0.731687976184531
LCER(22:0)	0.584224792264103	0.816000769398066	0.302842920024125	0.713456883435997
TAG48:4FA16:1	0.656173039609314	0.580731294806641	0.298252084230007	0.737563994461939
TAG51:4FA16:0	0.891506012411855	0.799258965200214	0.315706472462276	0.700749091773186
PC(16:0/18:1)	0.873607321156025	0.625519423201149	0.381991602505133	0.646493756541009
TAG50:3FA14:1	0.348226442865574	0.318908707688403	0.307357199184997	0.657225414884383
CE(17:0)	0.956160992909857	0.377220836771746	0.371677784471753	0.643773041220089
TAG56:6FA22:6	0.689791687197906	0.705791363001271	0.316514928232438	0.735976275016117
PC(18:1/16:1)	0.579218938933948	0.974639674856282	0.350910057602588	0.700874055913468
TAG53:3FA16:0	0.871588744565851	0.784476177052777	0.31158337387748	0.702660400695216
TAG54:4FA20:4	0.463532494418081	0.742957095943992	0.30252358201232	0.702122571757863
DAG(14:0/20:4)	0.10305509905469	0.0166406135054161	0.27847714053266	0.620001229521642
CE(18:2)	0.183901233827297	0.330533901598211	0.207141724598689	0.77008314151379
DAG(14:1/18:1)	0.953956677444073	0.903412310877449	0.325292854210706	0.704449665629457
DCER(20:0)	0.202166207226365	0.0486718821087021	0.244315444900057	0.880023773852427
LCER(20:1)	0.49136371753337	0.106930504538523	0.503788949021733	0.564254461607202
TAG54:3FA16:0	0.866088229320729	0.928900829195639	0.318351810152578	0.706643365150923
TAG48:3FA14:0	0.814610799395769	0.945685801585599	0.315418450821808	0.704495159282566
TAG56:1FA18:1	0.428324599932339	0.194063559914407	0.264682373371633	0.657737865228275
TAG58:9FA18:1	0.132609286666774	0.305632422751891	0.34046966530268	0.789427932360785
PE(P18:1/22:4)	0.924443514357453	0.804254505426139	0.305866371313029	0.686537632557257
TAG54:4FA16:0	0.840413551522203	0.991440052144038	0.316722539799489	0.700298318660484
PC(18:2/16:1)	0.721694344259748	0.80365977575077	0.312644956464857	0.748354178210525
DAG(14:0/18:1)	0.696965882478891	0.372736636325576	0.287284834336351	0.666301356417299
TAG46:2FA14:1	0.160625940666836	0.331344289207803	0.29685054751267	0.672296549222398
TAG52:4FA20:0	0.389649230622696	0.291671143574006	0.297518548060716	0.699626729014138
PC(18:0/18:2)	0.830215183370212	0.762342136834514	0.441437095618982	0.667434084587084
PE(P16:0/22:4)	0.634757061833482	0.922527531462122	0.315001388203912	0.700797656749005
TAG50:4FA16:0	0.913803072590101	0.36169052976282	0.299860600147437	0.725117655008199
DAG(18:1/20:1)	0.664752405538774	0.95398706100517	0.315848308198436	0.697476795674754
LPC(15:0)	0.678461700701176	0.0753501363946055	0.186113187018595	0.82214975092953
TAG48:3FA18:2	0.673955409533443	0.927754608971247	0.316972564661444	0.704921060132498
TAG52:6FA22:6	0.727963558502765	0.830998625807573	0.316550114637343	0.68834565742852
TAG56:7FA18:3	0.440292592246403	0.482374872951624	0.308200374848991	0.712358680490641
PC(18:0/22:6)	0.855672760831324	0.854100139483261	0.309105962464412	0.746194483885124
SM(26:1)	0.536944788230555	0.63958389298701	0.374778245077357	0.657880532263343
TAG48:2FA14:0	0.581611711098044	0.587639461730826	0.311636049975114	0.689153886913595
TAG48:3FA18:1	0.412395002071127	0.828462634981481	0.32164042055671	0.709794126089627
DAG(16:1/18:2)	0.708540632590548	0.660735961786608	0.294962384469231	0.724366539097373
TAG53:6FA18:3	0.690536780912121	0.654524683645795	0.341801012202371	0.705910766570804
PC(16:0/12:0)	0.329126912523555	0.779304840318459	0.300845986240686	0.748451414169669
TAG51:5FA18:2	0.363716443637629	0.545648191097761	0.308731995318842	0.706643925962866
PE(P16:0/20:4)	0.78953131787049	0.839456188563115	0.310954177576988	0.71565005118354
TAG49:1FA16:1	0.267433882182593	0.540585222801858	0.306963905806382	0.694977790031072
TAG56:5FA20:1	0.0877698236327673	0.274707710892751	0.312923270068984	0.718925028474095
LPE(18:0)	0.673194056674423	0.198954030967007	0.193948547869412	0.783842781303178
FFA(20:4)	0.795954345845611	0.932947176498113	0.316854661873163	0.702830266350513
TAG46:1FA14:1	0.14404293034535	0.0806471830647448	0.18028264970261	0.727092520256541
TAG46:3FA14:0	0.753116437175741	0.606429653893429	0.308646453636369	0.6846620331027
PE(P18:1/22:5)	0.804675795233047	0.351531689632755	0.422825706542538	0.616202324357996
TAG50:1FA14:0	0.585285657699581	0.259455582393285	0.268743663887386	0.656410740507511
TAG56:8FA20:4	0.770649440758662	0.99859754357902	0.316882044340984	0.700613787138004
TAG56:4FA20:1	0.209004874987635	0.40682779521868	0.331791590553441	0.729615884304904
MAG(18:3)	0.63250309046826	0.738285678694781	0.380766663297108	0.672871851268237
PE(18:0/20:4)	0.946215963544376	0.404865412837369	0.254465063425893	0.80186913392006
TAG53:2FA18:1	0.724630253692903	0.485608248281209	0.299595976577218	0.662318193552709
TAG54:7FA22:5	0.636398318754096	0.528419154246912	0.325824864641971	0.72620931730374
TAG60:12FA22:6	0.503560173436789	0.894723195831259	0.315548809743377	0.712132644991072
PC(18:0/20:2)	0.623492268977037	0.369546448333146	0.536535292738062	0.644613187254657
LPC(18:2)	0.0353360141816306	0.0854884118220955	0.305552816458242	0.466949911367298
PC(15:0/18:2)	0.563836877161134	0.365514749227318	0.508665831207502	0.582257042398727
DAG(18:1/18:1)	0.558192788226607	0.603586376111206	0.317180724637107	0.739770537439403
TAG56:4FA22:4	0.444158493646847	0.72253338743197	0.299580383539478	0.712547449282024
TAG56:9FA20:5	0.130903868189571	0.412269969100512	0.333956350435895	0.743064136731044
TAG49:2FA14:0	0.40700367971466	0.307536265655939	0.303300744475974	0.660986795941937
PC(16:0/18:3)	0.454094439652049	0.294515434354743	0.217032436711975	0.7801881864351
LPE(22:5)	0.925860187775577	0.958616693456482	0.315967210918652	0.698449911655248
TAG54:6FA20:5	0.280877678359449	0.428198291210747	0.350560937143123	0.751187955233249
TAG56:7FA22:6	0.391799426754289	0.467964454820742	0.321119628242786	0.76261951872961
TAG51:4FA16:1	0.852745202944371	0.453968641489458	0.283158866829558	0.76982392176134
TAG52:5FA20:5	0.786457222487973	0.970535121066475	0.317887066827402	0.701633859032223
SM(20:0)	0.0670548819382851	0.315397517800147	0.205882968469218	0.800982646158261
TAG55:5FA20:4	0.429470713079601	0.335237910929899	0.281133064368045	0.670909693037127
TAG58:6FA20:4	0.985493880731702	0.795253807737116	0.309872013659644	0.685083518311279
PE(O18:0/20:4)	0.63642760074374	0.742968883906162	0.323312954868388	0.686658568600361
DAG(18:2/18:3)	0.390808445595601	0.247307428240279	0.294233514048579	0.696591217507724
TAG48:4FA18:3	0.355688690259827	0.433183613409885	0.327057389127443	0.729215873167156
TAG52:0FA16:0	0.713213378997461	0.525315774526943	0.283943437224789	0.691590533199735
TAG58:9FA22:5	0.145975098811858	0.291625724913867	0.336785525115505	0.733181919247202
TAG58:9FA22:6	0.121822333315071	0.289915478913747	0.34005357375726	0.791849523878121
PE(P18:1/16:0)	0.611346436881131	0.679916032938264	0.345828084467276	0.651831195270704
DAG(14:0/18:2)	0.684453379377015	0.449113499807836	0.311016728657832	0.693353123277251
TAG54:0FA18:0	0.664777355388604	0.96446636899951	0.315827308928526	0.698956361451576
TAG56:2FA16:0	0.307905471498257	0.226678102510321	0.272763396252665	0.691508328224909
TAG56:8FA22:5	0.298059674366476	0.330669130293017	0.313033701961102	0.754399883402784
PC(16:0/20:2)	0.881844917265209	0.734017253076311	0.380023374965191	0.663994934026087
PC(15:0/18:1)	0.601911866501034	0.296176102256128	0.520383116353544	0.532695507311385
TAG56:7FA18:2	0.432696948058144	0.56204045523517	0.311609027807977	0.721125103066828
LPE(18:1)	0.849969372347636	0.985494090949744	0.315995800812339	0.709233670939915
TAG50:2FA16:1	0.296663857773095	0.921878348433753	0.317285422444713	0.698570133650202
PC(17:0/18:1)	0.885833082874417	0.051440793575118	0.53095880725448	0.396741907339249
DAG(16:0/18:1)	0.685619739842259	0.649476615436815	0.308526889629474	0.695382106542803
LPC(22:5)	0.153669987738933	0.40142531630209	0.312731989557159	0.646581545276828
TAG46:0FA18:0	0.540077732397993	0.819887108190035	0.307608280207647	0.691728607587887
PE(18:0/20:5)	0.598192516361577	0.811810697792641	0.312844358571322	0.680900830644849
LPE(22:4)	0.501154713753331	0.405485158261083	0.305624481899862	0.818771665688206
TAG46:1FA18:1	0.911363136817265	0.559225649398753	0.294222202541587	0.676079275795256
TAG58:10FA20:4	0.300095476568536	0.256183356463066	0.330326363243858	0.67507382057363
DAG(14:0/16:1)	0.172465528343921	0.179009808885575	0.294080367739896	0.701550513775793
SM(24:0)	0.612182923679518	0.43055416400648	0.403105853600855	0.653852914047996
TAG53:6FA18:2	0.610588197511939	0.463180817067723	0.310893304729843	0.714026931327411
HCER(18:0)	0.0713453511075645	0.0862569525234584	0.146406838474507	0.93662890708257
LPC(20:3)	0.902243307928114	0.79638819174544	0.317713529719091	0.677437813595181
TAG53:5FA18:2	0.244383594502008	0.357100582227013	0.326311164156672	0.6961844544975
TAG50:1FA18:0	0.37028380846971	0.319806967174577	0.278806095670133	0.684481897708036
TAG52:5FA20:3	0.595058770262237	0.82019839132953	0.316817500123229	0.689101239255664
PE(P16:0/22:5)	0.975507230048044	0.979680986537003	0.32336713406283	0.702768265865802
TAG44:0FA12:0	0.545896599890515	0.915957882013343	0.313634890444256	0.696821817575538
TAG55:6FA18:1	0.406332847371196	0.687070683760419	0.333104244900341	0.714593065258692
PC(20:0/18:2)	0.286543775166783	0.778138491403969	0.296091820826041	0.735283415709005
PE(P18:0/18:1)	0.842278317863452	0.425138185903722	0.40147156245987	0.608419102735272
MAG(18:2)	0.482474174241763	0.845141662294954	0.311684719938116	0.686372914227585
TAG52:5FA18:2	0.157179071950565	0.104731950556776	0.26074427187892	0.736032832235213
SM(16:0)	0.955875385664082	0.900246157128854	0.358753765306408	0.686769596444353
TAG49:1FA18:1	0.24024918688508	0.13647005552808	0.265275213722218	0.660429290907476
FFA(14:0)	0.620260905009903	0.85355961437403	0.311205677383504	0.722436571021428
TAG56:4FA20:4	0.990776938465676	0.987740724159553	0.317378630775261	0.700393410901677
TAG46:2FA18:2	0.576574878176869	0.859900099706688	0.311648839233166	0.695839804141569
FFA(16:0)	0.585895793847783	0.801616150133359	0.30903769547454	0.711688876339932
TAG52:5FA22:5	0.951429036527197	0.814612536686176	0.318329426964476	0.700150139510792
PE(P18:1/20:3)	0.275646411111341	0.214538178673939	0.435216021099335	0.61166974169004
TAG56:8FA18:3	0.597312012431761	0.343043363927451	0.297349271468906	0.717057582999257
TAG46:3FA16:1	0.803910805470356	0.872414810533832	0.314928766839423	0.7104373913132
TAG50:1FA18:1	0.450322164154447	0.644157259104228	0.303715421240841	0.706459410215878
TAG44:0FA16:0	0.616669604258216	0.858932517112971	0.309768694212854	0.695266406854837
CE(22:5)	0.809059998108463	0.855126834535395	0.309479705989128	0.713778904808592
TAG49:2FA16:1	0.29968140694469	0.673398625518566	0.31659177561927	0.681478370867378
TAG53:4FA18:1	0.8633027257874	0.796800471492503	0.311968873452734	0.683036651004047
TAG52:3FA20:3	0.322133816110945	0.54836289417745	0.301694686614244	0.711475322343486
TAG49:1FA17:0	0.253965687821236	0.200130534799645	0.278399209866025	0.677971881528862
TAG56:7FA18:1	0.24539948637616	0.276591418200204	0.336142336318101	0.78206862581451
TAG50:2FA18:0	0.595000924363986	0.327828245948397	0.296790720379322	0.687724410139943
TAG44:2FA16:0	0.614907791206918	0.278365509077023	0.262412097798576	0.733653514655381
TAG44:3FA18:2	0.978479002098488	0.475336851055436	0.284109745742165	0.733554072129578
TAG47:0FA15:0	0.463122856434879	0.486427627275265	0.286636575843271	0.702408433594132
TAG54:7FA16:1	0.825258775903172	0.555804702086162	0.310330109600096	0.742973128471507
TAG52:3FA20:2	0.640979573357688	0.846822721608489	0.31775297082183	0.691095771936185
TAG52:5FA16:1	0.212597511001825	0.111816286166498	0.261229547314658	0.79285038127088
TAG51:2FA15:0	0.67440258965234	0.51623341160568	0.298212706351541	0.660627458734406
TAG54:7FA20:4	0.615574925475585	0.622284804333096	0.31928716589022	0.697651011331505
PE(P18:1/18:2)	0.757327179505761	0.595808566499617	0.404257649693473	0.643276741686506
TAG52:1FA16:1	0.384038455424973	0.452289129252005	0.303419738284921	0.670616284134468
TAG47:1FA15:0	0.314918043764281	0.27575378268551	0.280554466313093	0.667693746319264
TAG50:5FA14:0	0.294770926542316	0.466375622353122	0.308846361231434	0.705688088402466
TAG55:1FA16:0	0.307303062626243	0.381741567627857	0.321330627147608	0.759412377628977
TAG56:3FA18:0	0.972910900823027	0.812493101653543	0.313898899051148	0.683812655253312
TAG50:2FA14:0	0.819796949245724	0.659471355259782	0.310452146743078	0.672150676292786
TAG56:2FA18:1	0.862334230766135	0.835107261416112	0.30881654695526	0.695111001522979
TAG51:3FA18:2	0.778808423829401	0.833279856595332	0.317517966939092	0.691506562911365
PC(16:0/16:1)	0.126096283368894	0.174259035584201	0.461172109555691	0.608550647871977
TAG51:1FA16:0	0.267549149698105	0.236435471555947	0.27362367813136	0.699224552379969
TAG52:3FA18:1	0.736047386239157	0.397420277537721	0.306251490369468	0.738642568388882
TAG56:4FA18:1	0.37293805759647	0.513272522083455	0.320145451303777	0.753590577520914
TAG54:4FA20:1	0.324149839405132	0.307512658782128	0.291180307163461	0.770558244002372
TAG56:7FA18:0	0.170100231961407	0.496021498378905	0.33731204290969	0.750332959392063
TAG54:4FA18:3	0.12008345455792	0.169317338919435	0.301857417216753	0.715957898396795
TAG56:7FA20:3	0.716954571988137	0.919998429289379	0.31568039436551	0.700810673521213
PE(18:0/18:1)	0.465428560432539	0.612210967614505	0.341448842230739	0.695489795635318
TAG50:4FA14:1	0.765345527400276	0.777678813899178	0.318418114140914	0.69108789816286
TAG47:2FA18:2	0.617603661597622	0.248828552949909	0.286886009135009	0.678743641966076
TAG50:5FA18:1	0.617118054466205	0.449119044451387	0.311145908633475	0.739513255789559
TAG53:4FA18:0	0.970524097350166	0.423662158254893	0.294586356070165	0.710926283414016
PC(16:0/20:3)	0.12723127378163	0.180598324065477	0.507133011665346	0.61529451788912
TAG56:6FA18:2	0.489136949691312	0.681588601630982	0.316564938435087	0.70889776243176
PC(14:0/20:4)	0.508837969164418	0.19830194851155	0.424857064126541	0.690525831454429
PC(18:1/22:5)	0.37407935249289	0.349876072365897	0.227867806996424	0.710766578152014
LCER(24:1)	0.604069717459203	0.731881038471797	0.299996591831756	0.692804934607535
DAG(15:0/18:1)	0.479799758536269	0.271632553910121	0.309581047388896	0.722401505069353
TAG45:1FA16:0	0.290765146598077	0.240776934208098	0.273705084974297	0.679124775359877
TAG56:4FA20:3	0.977967973731301	0.871634248321489	0.314328731386811	0.689949502890776
TAG60:10FA22:6	0.513768775107763	0.787640441672079	0.317458717452292	0.722871253208193
TAG54:5FA22:1	0.0821677246133619	0.156304769375743	0.297084442367393	0.670124310117886
PE(16:0/22:6)	0.895159967650198	0.471333243322395	0.247984146734448	0.902028982407783
LPE(18:2)	0.198945450925432	0.21868168207872	0.269307955245308	0.543099883776979
TAG54:6FA20:4	0.59497058970752	0.874132511832975	0.321832134810759	0.697610447267375
TAG54:2FA18:1	0.463496112208206	0.544286616863724	0.340642170469848	0.722852110289553
TAG56:8FA16:1	0.304375497349737	0.368115559079212	0.304549372239455	0.779113800668085
TAG58:9FA20:4	0.198923942662949	0.228350189211853	0.300774773346823	0.707462892797191
PE(16:0/18:1)	0.128123677107747	0.326067153973289	0.379074025724239	0.648931518020358
DAG(16:1/16:1)	0.638460411659992	0.604610117019955	0.318333139601384	0.724285258508261
PC(18:1/22:6)	0.730175118622678	0.727249634445172	0.36364593461711	0.653064764942414
TAG52:4FA20:2	0.647422696119243	0.610210023597595	0.302116168322617	0.745493381976205
TAG42:0FA16:0	0.684313986776353	0.75644438773036	0.302491669246125	0.691929528696358
TAG52:2FA20:1	0.448956271096697	0.426472414144077	0.303691049881761	0.663747695493783
TAG52:4FA16:1	0.322190279411165	0.140935272567528	0.264322408958529	0.820528967070622
TAG58:8FA22:5	0.158869823720601	0.264524097736933	0.341256529786478	0.750827623627901
TAG56:8FA16:0	0.35037881116804	0.452514450238625	0.320768607289318	0.746505080061363
FFA(20:2)	0.303509987233504	0.552738757336485	0.352821870517389	0.745751821104263
TAG46:3FA18:1	0.906138503271682	0.267883742329536	0.254851779678881	0.732940046777256
TAG50:4FA20:4	0.325531345558615	0.340687532253254	0.282928861966625	0.705735266331244
TAG53:2FA17:0	0.721320845534291	0.460984855342135	0.305267859362274	0.653956764037233
PE(18:1/18:2)	0.975916341122992	0.591715759904051	0.383472708166341	0.685386617881329
TAG51:1FA17:0	0.241302463795619	0.200910522558884	0.274029736637553	0.687013925574261
TAG54:2FA20:2	0.881112989296391	0.891643010797871	0.313253330255851	0.694151087763792
TAG56:6FA18:1	0.608850821606661	0.697693239719844	0.323547452833034	0.723907040239164
FFA(22:1)	0.345480888922524	0.714754898566466	0.310387337901982	0.678275964486105
LPC(16:1)	0.480101691926165	0.759605851968381	0.297488910732386	0.703982706552828
PC(14:0/20:3)	0.143061025846885	0.284151623797604	0.473641318801014	0.649264927002006
TAG48:3FA12:0	0.40887175584467	0.880075973672468	0.319788360660042	0.707126396744183
TAG54:6FA16:0	0.902135964863213	0.567608497081736	0.333448754473233	0.711631008577319
TAG46:0FA14:0	0.592978756380012	0.53489527798319	0.289071795961164	0.698846471631302
FFA(22:5)	0.615507977061659	0.743369480524508	0.3084849446683	0.682696261511876
TAG56:2FA20:1	0.706922704830212	0.96359057626525	0.316338905780748	0.698969976576784
TAG58:5FA18:1	0.912210769788616	0.89893954573785	0.318236233175177	0.70778888130316
TAG50:4FA20:3	0.558968523949061	0.544588017680893	0.302991015837041	0.672032691837287
TAG52:1FA20:0	0.147052360454213	0.0417942386186054	0.273012831819295	0.607801850922348
PE(O18:0/22:5)	0.849526855017442	0.740619626184796	0.342244984421843	0.685368601650902
TAG53:7FA18:3	0.28015093784211	0.509156605255672	0.334755347489585	0.698983766640717
TAG50:3FA18:0	0.790266796469931	0.4186828274031	0.305389692203852	0.702366781682599
TAG46:3FA18:3	0.342112141585543	0.843032572999707	0.324061411797419	0.704355361457101
TAG54:7FA18:1	0.0730202230385217	0.146555990944299	0.309639583409325	0.727472857852627
TAG55:4FA18:2	0.455980239768488	0.908786825629668	0.316740282633468	0.696016268815751
PE(P18:0/22:6)	0.745399181601739	0.666480103161235	0.283029237271374	0.835250525175218
FFA(18:1)	0.791806640702111	0.586145346856386	0.30049466648325	0.737969976996109
TAG50:5FA20:4	0.435939287627529	0.520807200206119	0.294998881988829	0.685636663307302
TAG53:3FA18:1	0.858838779317254	0.970769978819881	0.316581440406615	0.703633069472868
TAG50:5FA16:1	0.796713615068601	0.0759033536441478	0.235486763110837	0.844840431536471
TAG50:4FA16:1	0.788562449170055	0.11493941172764	0.237346978387849	0.824529913090967
TAG52:4FA20:4	0.339765629589731	0.586094169186522	0.298934707887467	0.71942984926047
PC(18:1/20:5)	0.225763009856994	0.908507738680857	0.312887626357979	0.718123594082434
DAG(18:2/20:4)	0.41182954830551	0.472238562445753	0.323398534888859	0.714114857949123
TAG54:7FA18:2	0.0476391090648601	0.218561890085181	0.292174329389302	0.632255647565166
TAG56:7FA22:4	0.757746943909483	0.460596146062927	0.331981777733944	0.703148822079421
DAG(18:2/22:6)	0.335748683195131	0.625999604791299	0.315309963228428	0.735274489555179
TAG49:2FA15:0	0.403059803471474	0.41686524888719	0.307354273289003	0.691545560427095
TAG46:3FA12:0	0.441096461490482	0.825697944090521	0.318701687723512	0.710937359311863
TAG47:0FA16:0	0.528210098554598	0.523097739158052	0.288837871022798	0.700961671785764
PC(18:2/18:2)	0.322868473723546	0.995151452306748	0.336460321537208	0.700445253044875
PC(18:2/20:3)	0.607535216664645	0.472620856331807	0.475975376543146	0.675807057506286
CE(15:0)	0.737510580563409	0.380769096493938	0.39962594388741	0.610441646258327
TAG54:1FA16:0	0.344881707281507	0.107549538120764	0.245007331883211	0.66474668085513
TAG49:2FA17:0	0.277955746933409	0.174802707715866	0.304609378959293	0.663708671998086
TAG54:8FA18:3	0.036188095093481	0.132745484004388	0.28651143227467	0.59916025105406
DAG(16:1/18:0)	0.140564002199181	0.284127679605389	0.305703519561165	0.685909483569531
PC(16:0/18:0)	0.773939360170519	0.628965010224163	0.42221791228968	0.655375511345088
TAG54:5FA18:3	0.0271565750587094	0.0269998932249917	0.284424197770793	0.750834847986439
LPE(20:3)	0.694059229975388	0.848178969246387	0.333680047470891	0.70796217381861
TAG55:1FA18:1	0.136444022313903	0.369808487092935	0.354761123985995	0.763869139291915
TAG55:2FA18:2	0.15988012314125	0.371682039420501	0.328542261121732	0.741997529261498
PC(18:0/20:4)	0.616396574860483	0.686470663725689	0.301077546270736	0.703832826690172
TAG54:5FA20:3	0.884813987132221	0.807507744709229	0.320509919935178	0.705876737292154
TAG56:3FA20:1	0.299071355276241	0.492453332651124	0.344156627878627	0.732012286219676
TAG48:3FA14:1	0.2247314052974	0.550748306592861	0.318246858358651	0.687150818311435
TAG56:8FA20:5	0.0953132395398825	0.30229839545876	0.347138437608917	0.768130666489066
DAG(14:0/16:0)	0.494003267326587	0.243626867333729	0.270342261167032	0.693997827959361
SM(26:0)	0.797731502702124	0.413414980058016	0.437483252990328	0.633223257204726
TAG51:4FA18:2	0.621621473184733	0.728779349264614	0.31164152855222	0.7092777899026
TAG56:7FA16:0	0.268424571056816	0.347865995580974	0.315563255412967	0.77196346446826
TAG48:4FA18:2	0.20956695599308	0.539614938197305	0.323007438170522	0.704909721666351
TAG50:5FA18:3	0.448631754024787	0.362930248240895	0.293141980733843	0.71921772464859
TAG53:0FA16:0	0.362615722109889	0.369482594955599	0.348948129768145	0.744550631377819
TAG44:1FA16:1	0.488477284391745	0.373563139585924	0.29734048178727	0.661958468232787
TAG60:11FA22:6	0.438722115133933	0.784256353921495	0.315830468925744	0.727009802380906
LPC(20:0)	0.0512846138984285	0.14651197053741	0.241508777630087	0.664304315468415
TAG52:4FA14:0	0.531946909152301	0.400969389463853	0.302475345105678	0.660739791981658
TAG53:6FA18:1	0.80340043040114	0.767959214733576	0.295875399723297	0.703778841668418
PI(18:1/18:2)	0.985974534804176	0.65747841073915	0.379939878039444	0.749900154716127
TAG52:4FA18:0	0.740918445413257	0.441039849132145	0.29819461873723	0.746427474581855
PE(18:1/20:3)	0.359681236822103	0.871463387584578	0.352908967668519	0.685771988053025
MAG(16:1)	0.626724159857867	0.809206479829052	0.321301903736238	0.687760715353172
SM(22:0)	0.678028464865311	0.901338866958037	0.362276627802537	0.692810669937559
TAG55:8FA20:4	0.681562814231618	0.14943386193131	0.355784848849647	0.625767454366572
TAG58:6FA18:1	0.690316212460162	0.670170805198401	0.325044442106435	0.730988088097738
TAG56:5FA16:0	0.694777727369784	0.949113184002705	0.31546730771481	0.700446356386854
DAG(18:2/20:5)	0.268217755376329	0.673048631525031	0.315905485335636	0.720103349285666
TAG58:2FA18:1	0.917640316935213	0.936983999755871	0.313645414190861	0.698563368469422
CE(22:0)	0.752780639572812	0.255791749021288	0.423416224172038	0.575791964686954
TAG54:5FA22:4	0.316581887436423	0.700231321464823	0.301449030200412	0.711332043403472
TAG58:3FA18:1	0.877257389834816	0.850979385452565	0.310995181340079	0.696986086648321
TAG56:3FA20:2	0.676748512682578	0.818304612079889	0.319364212006316	0.723619317897454
TAG52:2FA18:2	0.933754666919022	0.829058154602037	0.318184478498665	0.702897518425314
TAG53:4FA16:0	0.888508338250014	0.89118669002196	0.314403114065772	0.702810483081537
LCER(22:1)	0.617746797089869	0.803235745560547	0.357313753266608	0.700836092480913
LPC(20:4)	0.203588959448062	0.100876307814508	0.560555377973631	0.469296581494805
TAG48:2FA12:0	0.52062909765252	0.99786022565998	0.317090591712243	0.701229287684742
TAG58:7FA22:4	0.78756763200656	0.628008663724736	0.333804043459761	0.702644755779398
PC(18:0/18:0)	0.772596294155253	0.959272844220347	0.338817150307796	0.697997517375623
CE(18:3)	0.981736571624085	0.679916706418142	0.393607828897075	0.68565952220744
TAG51:4FA20:4	0.181871857326505	0.161135702284218	0.269682108925533	0.694209238445799
TAG56:4FA20:2	0.428435780531246	0.59312273313077	0.309585057326032	0.755652566535127
DAG(15:0/18:2)	0.468078853257234	0.62459880602552	0.340649218807722	0.723652733466317
TAG46:1FA16:0	0.948674230361654	0.603369597219201	0.297253972253143	0.684372832691349
DAG(16:0/16:0)	0.485612266981434	0.521673618279497	0.302467218949339	0.710999317641171
TAG54:5FA18:2	0.0929925746219152	0.173128625528254	0.296823173083962	0.659822341732867
TAG42:1FA12:0	0.410072869187491	0.924141193092151	0.322044930870394	0.70514618112664
DAG(18:1/20:2)	0.679954085678397	0.357201094850393	0.3285734502185	0.620393720623459
TAG52:7FA16:0	0.763477353124844	0.63134082451372	0.295463275886291	0.701025610204653
TAG55:5FA18:1	0.565213153608828	0.828148193532737	0.319790306027756	0.7037276280834
TAG52:2FA20:0	0.728655030678772	0.464170526434366	0.305244140417036	0.677403428745787
TAG46:1FA14:0	0.384327081652047	0.347890597547572	0.286307330691569	0.672932201589376
DAG(16:1/20:2)	0.204569860705662	0.207014812529349	0.371060663399928	0.653480979991529
TAG53:5FA18:1	0.506568608150843	0.509904072009553	0.320224259721779	0.696088995308551
CER(18:0)	0.594926636386951	0.903446273973947	0.332575774954698	0.69135542402709
CE(24:1)	0.486865907967671	0.566722226173816	0.342106164874617	0.686952828793709
PC(18:2/20:4)	0.843350411274748	0.871259831545538	0.340780418632678	0.714462319827605
PC(16:0/16:0)	0.834298599252191	0.716729861838135	0.394086064625854	0.658174407356785
TAG50:6FA20:4	0.977826760553352	0.827153610903899	0.311050689102179	0.69472300341489
TAG52:2FA18:0	0.893888581398237	0.961339008177823	0.316947667546841	0.700531199136702
TAG55:2FA18:1	0.317370134024045	0.759266053238675	0.332243606196499	0.706952097298673
CER(24:1)	0.853188391186365	0.880839611072819	0.334665365024452	0.681648797516282
PE(18:0/18:2)	0.986186228979632	0.877222125127294	0.311842770269216	0.714547356272109
TAG52:0FA18:0	0.808913363607722	0.681549965392964	0.294182482856292	0.695508332132316
TAG50:4FA14:0	0.457140180607067	0.677660971286229	0.310107081142141	0.712430125352554
TAG52:2FA20:2	0.45076801107227	0.620353515660643	0.308939377747677	0.699362853726931
TAG58:6FA18:0	0.40024792642317	0.256970852211809	0.317448512727494	0.800062692289877
TAG55:6FA20:4	0.391565845362794	0.410427907631766	0.303878668454817	0.687288767759475
PE(P18:0/22:4)	0.95146268131605	0.631903759569327	0.29906597718545	0.6954185718528
TAG51:2FA18:1	0.479091966332187	0.507364297003448	0.302301909947201	0.66049916875065
TAG50:2FA18:2	0.723653624067675	0.944033886806317	0.31677559079189	0.702079316650076
TAG53:3FA18:2	0.995076652833942	0.750162755496799	0.318742624081197	0.685876227681913
CER(24:0)	0.693790703865063	0.0742403536055583	0.36402665193125	0.430873999353956
DCER(22:1)	0.910815167253843	0.749803075340261	0.319316054363683	0.698800034926041
TAG46:2FA12:0	0.579925056483321	0.958770493848957	0.315529414273167	0.698831262775595
SM(22:1)	0.645826719745618	0.733322677786074	0.289870481476416	0.750124160411581
TAG48:1FA16:0	0.272263007306784	0.351151790462176	0.289456801955728	0.70268269982967
TAG56:3FA18:2	0.931363908319098	0.849130254583957	0.312865302831794	0.699494394965767
DAG(18:2/22:5)	0.639670465338577	0.786286156064819	0.312953218035023	0.70526618492992
TAG57:9FA22:6	0.812584049314858	0.866080541211141	0.327933846372027	0.696329003587188
PC(18:1/18:1)	0.743627563284623	0.826883189196747	0.363506793323316	0.685963215593629
TAG52:4FA22:4	0.478163991848919	0.433182336621969	0.280149108569976	0.723488463421482
PI(16:0/20:3)	0.493307113001577	0.382771403274049	0.461265414477228	0.663100259869078
TAG50:2FA20:2	0.449115557040681	0.36387767761339	0.295904768849295	0.675016892383704
TAG58:10FA22:6	0.130345024732747	0.341687970153612	0.330956689648859	0.767725441693089
TAG54:4FA22:1	0.152479064385747	0.133887030307853	0.31694292462412	0.733465064394809
TAG42:0FA14:0	0.550697393527481	0.943567500503261	0.315017568935194	0.697515013543609
TAG47:0FA17:0	0.577241972794646	0.374490330288905	0.276729171452003	0.693558431362542
TAG48:2FA16:1	0.263221439227517	0.796888996293066	0.318328031927527	0.694298902102605
TAG54:3FA20:2	0.813984283696876	0.904931535640519	0.31890681838901	0.708957048637465
TAG42:1FA16:1	0.636388702722951	0.420440360920835	0.285726639240622	0.681136140618412
FFA(18:4)	0.321062691497507	0.236591568399969	0.426624932901578	0.6802024202105
DAG(16:0/22:6)	0.954761555335943	0.970732066064012	0.316792361556505	0.704848632224379
SM(14:0)	0.605962541395043	0.864131446497056	0.311230373861281	0.74054143533382
TAG47:1FA16:1	0.313277196599627	0.560261994785677	0.308819680753338	0.69105695681946
TAG51:4FA15:0	0.591748043496284	0.845150467300859	0.316452328183323	0.706342938616208
TAG47:2FA16:1	0.276387824416981	0.63818486467899	0.317354324740595	0.677944575743036
PC(16:0/22:6)	0.40765426603031	0.50393538224998	0.269896348612899	0.835305034022992
LPC(17:0)	0.158826590990972	0.263482883937148	0.269077521069169	0.75201823234124
TAG55:3FA18:1	0.488740402507975	0.90449660400697	0.323714730119711	0.700561536433998
TAG46:3FA18:2	0.981418172710368	0.492508074038527	0.296637532242643	0.696694487565464
TAG53:1FA17:0	0.437236716614278	0.205820363742644	0.266395807660679	0.669033793289676
HCER(24:0)	0.394330579121621	0.472528235524756	0.271817317055422	0.795441636479058
TAG53:6FA20:4	0.425626767330824	0.793718964576914	0.313632247805671	0.693615719767741
TAG54:3FA18:2	0.396209729289255	0.464604957873744	0.320989187498497	0.718122518433936
TAG48:5FA18:3	0.113319766545071	0.345973027901231	0.328226626116357	0.693315864190789
TAG50:2FA14:1	0.203326438943324	0.118535440637112	0.266105153639371	0.657747539227858
TAG52:4FA22:1	0.322974200051284	0.15108970457119	0.283071426417905	0.759935626729579
TAG52:1FA16:0	0.752804495509561	0.792270318282938	0.306885041918312	0.696749229852692
TAG54:4FA16:1	0.553816950073573	0.477801647167066	0.294873134564162	0.771489920570171
TAG48:4FA12:0	0.180861389969603	0.538581790376321	0.325763335875238	0.711307339307315
TAG58:7FA16:0	0.748896467931515	0.45554536416198	0.29944738331603	0.719856658245806
TAG51:2FA16:0	0.305674052000314	0.468225904126317	0.308989088044364	0.684745417706672
TAG56:6FA18:3	0.25715497008062	0.464301472938337	0.298787036750004	0.726164026300852
LCER(16:0)	0.874845528416719	0.871383845568914	0.328008962084433	0.708850323877655
TAG52:6FA18:2	0.140575875456942	0.0615776497511462	0.2664384717865	0.776209798411914
DCER(22:2)	0.787619598136029	0.753143367258345	0.34158736412926	0.657801290505706
DAG(18:0/18:3)	0.840000941851235	0.940044697060537	0.315592513263014	0.701243819404268
TAG48:2FA18:2	0.73141643815611	0.507060199865695	0.306737957215072	0.693073769186171
LPC(20:1)	0.239106449208459	0.146341251222091	0.258008204392118	0.70249206954515
TAG54:8FA20:5	0.212498931414601	0.346148636538842	0.337039012216653	0.75806830893004
FFA(22:0)	0.895426612016382	0.989899312866076	0.316954703598683	0.700425703570484
TAG53:1FA18:1	0.857657231964789	0.465367552969227	0.281539824540574	0.685745443722024
TAG55:6FA20:3	0.63652936248934	0.706504741508736	0.338183707025665	0.697273473741076
TAG51:4FA18:3	0.917584229669857	0.599234466456529	0.313950393954275	0.715141466668814
TAG58:10FA22:5	0.13969286154556	0.371988642448242	0.334923429186119	0.732308383944662
CE(20:0)	0.126828562947019	0.681860195331061	0.2988607704805	0.691096635868783
FFA(14:1)	0.756816019153272	0.933436298782318	0.325854159238157	0.701083443315991
TAG48:1FA16:1	0.268521821123919	0.659768008465389	0.309203144920839	0.709662022201747
TAG53:2FA18:0	0.485243411746812	0.281974328565298	0.292243493544257	0.684663492100768
TAG54:6FA18:2	0.0844490191326572	0.241017992092056	0.292086950589719	0.63117371879951
FFA(12:0)	0.50226200220122	0.903937592360914	0.314936064703262	0.717128840244995
TAG51:1FA18:0	0.259271252254126	0.106387816872061	0.250816869363698	0.671822539312505
DAG(18:1/22:6)	0.528507065926872	0.864199562528539	0.315123252977087	0.718365829786685
DAG(18:1/20:3)	0.509123268965989	0.464443952577615	0.304603791689692	0.677812965115585
CE(20:3)	0.215835638259535	0.164776060224609	0.514872328413608	0.686478774386616
TAG36:0FA12:0	0.331326192172737	0.630570524422293	0.314987901865331	0.724889025917249
TAG53:2FA18:2	0.902857203462756	0.50862993349339	0.305359978024056	0.699320247823602
TAG53:1FA16:0	0.647274361861208	0.952483946866541	0.315512275064176	0.700734875195154
DAG(16:0/18:3)	0.981233238782273	0.607494712577025	0.311113665912254	0.688682041218611
PC(18:2/22:6)	0.65422725250221	0.325902618588045	0.427307937696647	0.601904113867535
PC(16:0/20:5)	0.217182116461615	0.851412202270173	0.311712672911995	0.727285339673513
TAG47:2FA14:0	0.511787064936867	0.290101524927048	0.293230986140991	0.668973577036597
PE(18:0/22:6)	0.68193789912002	0.926146027241498	0.321936610007234	0.73242170677001
HCER(24:1)	0.325971819206721	0.279556458608617	0.251517479675766	0.781853448673951
PI(18:0/16:0)	0.722470485691008	0.610410976409288	0.281126512779847	0.651432047767868
TAG53:4FA18:2	0.704530714878734	0.908397147808542	0.314544603500369	0.704106309383756
TAG54:5FA16:1	0.964614310465454	0.63881286999361	0.31054100389209	0.729334355945156
PE(16:0/20:4)	0.660452656302353	0.782710526191192	0.30133020634209	0.742456383986128
TAG52:1FA18:0	0.708433738550813	0.68899964640441	0.29909588856569	0.697487086014442
PI(18:1/18:1)	0.393656415491504	0.132421947202881	0.433565803975776	0.849562505690368
TAG54:5FA20:4	0.440367563017933	0.731538976385053	0.301873896469514	0.707045345951896
DAG(18:1/18:2)	0.714259665562312	0.55698595309154	0.300268070841891	0.725095198859207
TAG56:8FA18:2	0.291514919743566	0.438936668609056	0.318109451930696	0.738020713515674
TAG56:8FA18:1	0.138367544971185	0.376228703104058	0.344438060005943	0.764058731410007
TAG46:1FA16:1	0.266603855302118	0.435740300143097	0.299447412313663	0.694381747735513
TAG53:5FA18:3	0.424745506557311	0.280693440510562	0.292940489614793	0.727767815828104
DAG(18:0/18:1)	0.870518192851139	0.8881806462889	0.313281815780455	0.693815438075003
TAG42:1FA14:0	0.660566590871453	0.340116556175301	0.270590345351203	0.669115697858253
DAG(16:0/18:0)	0.269943522987156	0.240656440032541	0.273431510207401	0.700024727139085
TAG46:2FA16:1	0.431773651268742	0.646857359678729	0.315571989739435	0.679205402676617
TAG56:7FA16:1	0.298595373843509	0.15266554068301	0.295320007239279	0.848933770538765
PC(18:0/22:5)	0.562154204973007	0.659016829113144	0.410552618361411	0.659962002174232
TAG47:1FA17:0	0.547684316586629	0.223079651817346	0.279579240860848	0.663662157724104
TAG49:0FA17:0	0.42853906798314	0.462892033845903	0.287942369562246	0.704935135326782
PC(18:0/22:4)	0.250176099729945	0.204223598841664	0.405602820553802	0.85452214797388
TAG54:8FA22:6	0.476082004056705	0.516501802648766	0.319037025671515	0.749340230394935
LCER(20:0)	0.926156559273805	0.855621394272626	0.308288170024774	0.7061513153295
TAG44:1FA14:0	0.910388138364457	0.59820438417672	0.297368794772735	0.675381667853407
TAG50:3FA20:3	0.212905640946519	0.195613960139337	0.271027315930149	0.691430817457457
TAG54:5FA18:0	0.134554188966686	0.269423103521929	0.290053091715279	0.675974694758542
TAG48:1FA14:0	0.379682897840425	0.270914061851047	0.279802980807355	0.678900350520039
TAG40:0FA12:0	0.329529811380547	0.738693038471846	0.329104743170104	0.71634414657982
DAG(16:0/20:4)	0.169204226520195	0.124669832846202	0.304590642014208	0.740440049582167
TAG52:6FA16:1	0.199045516896743	0.0523394141059657	0.245742749288574	0.800271291912971
TAG54:0FA16:0	0.224407508506382	0.0235523666655358	0.22221381748466	0.630656833638511
CE(22:1)	0.330933974027856	0.416932564298661	0.237204079988519	0.767386252872539
DAG(16:0/20:3)	0.192310320254657	0.176725387197417	0.310260799503339	0.70298852801031
TAG52:4FA20:3	0.368210512035509	0.732212763787403	0.309503787719236	0.695885246934558
TAG51:3FA16:1	0.513350735050959	0.90836923114301	0.314079624605516	0.710833219703778
TAG52:3FA20:0	0.635135153624609	0.4400599619644	0.314296982713075	0.717163248171274
TAG47:1FA18:1	0.349741716132026	0.155192368470768	0.266307074489233	0.647862591448239
TAG53:3FA17:0	0.952443753239953	0.824540273939685	0.318975502745209	0.687187288058376
TAG54:7FA20:5	0.229420859458954	0.348225502780735	0.343610033283805	0.754851061126149
TAG56:6FA20:5	0.215162834476938	0.683261816945984	0.332372465467539	0.738375342201431
TAG50:0FA18:0	0.577428023512712	0.568397533962159	0.28880657862711	0.705555629456207
TAG50:4FA18:1	0.738121494216271	0.69098631535358	0.310899412708152	0.719282546049072
PE(18:1/22:5)	0.379414886807623	0.924555706442938	0.345368448188515	0.692419938387869
TAG46:2FA18:1	0.637629209797582	0.284227393088349	0.26937912391499	0.666777058327886
TAG47:1FA14:0	0.32381834303732	0.218317207457295	0.272200098378965	0.659756818669458
PC(18:0/18:1)	0.548980029844266	0.391882793386132	0.47902682608092	0.623981379957212
TAG50:0FA16:0	0.521221826338255	0.577390115651992	0.290695992707013	0.711848344806151
TAG54:6FA22:6	0.786872506795127	0.931445786050948	0.317331812539191	0.706426261242679
TAG56:7FA20:4	0.744063120946123	0.968702237567567	0.318278168077246	0.699419293971624
TAG52:4FA16:0	0.383377075722643	0.310630532965181	0.29670764605236	0.701460190352222
TAG42:1FA16:0	0.549925960868367	0.326432694926067	0.264111047013701	0.710813267575894
LPC(22:6)	0.101546851692419	0.0984003007605568	0.343868967978281	0.799873568336457
PI(18:0/20:2)	0.46591125400662	0.737427469297705	0.402105658208567	0.655112496143505
TAG52:2FA18:1	0.848007404105766	0.798177675165878	0.320873213869693	0.713640468018089
TAG52:3FA16:1	0.637263098422933	0.254959893083608	0.286963553178883	0.799115983625037
TAG51:3FA18:3	0.835405301985686	0.927371374017851	0.316318536800494	0.70023398293974
TAG52:7FA18:1	0.820136777508336	0.775293654098314	0.307792618939253	0.692140374756849
DAG(18:1/22:5)	0.581070337523531	0.554964843358774	0.313651786970799	0.740960298386732
TAG56:5FA20:2	0.205344146754309	0.449996568001997	0.295838633009563	0.777085086406115
TAG46:1FA18:0	0.593817094243233	0.152540565972462	0.24039727880718	0.681920788941347
TAG56:5FA20:4	0.619617543174745	0.811726550924689	0.324980141519024	0.711837047766287
TAG56:2FA20:0	0.687293523968946	0.913138851606624	0.321466335901501	0.703435139403872
DAG(18:0/18:2)	0.943926353433654	0.87180695898932	0.318703094939391	0.698861516866546
DAG(16:0/20:5)	0.880187887150107	0.322970562106433	0.303257671947198	0.672701704435116
PC(18:1/20:3)	0.169852627341123	0.177963022031349	0.590651460331334	0.641449472590184
DAG(14:1/16:0)	0.636286327200915	0.448656081578793	0.294045115962396	0.749391588509425
TAG48:5FA18:2	0.12750544783435	0.445820499463822	0.327543250866986	0.691911353957598
TAG54:3FA18:0	0.353821483642363	0.387903604572652	0.318806467976072	0.723442375937028
TAG49:3FA16:0	0.697460880180401	0.991349323150184	0.316265399154795	0.700523970699268
TAG49:3FA16:1	0.609740075342539	0.769997825797501	0.309064907916096	0.721333505115632
FFA(20:0)	0.453961662404855	0.755700966576604	0.304025553291785	0.722455976525937
PE(P18:1/18:1)	0.810576633269656	0.114675443876972	0.511105846500206	0.544909699256992
TAG54:8FA20:4	0.403759774507776	0.891039389259573	0.316038172650743	0.702243094113497
CE(14:1)	0.172501930270551	0.064492630961725	0.451143867404452	0.654343573050021
SM(20:1)	0.286408885368627	0.156216148884155	0.123427018825251	0.940754606969443
TAG51:0FA16:0	0.69913982124176	0.525197454548896	0.287055219068475	0.703639233941282
DCER(16:0)	0.0622308393729162	0.0865863488528489	0.421326483249972	0.6197380752247
TAG56:6FA18:0	0.400666926659914	0.613607624869121	0.322670338181508	0.726957344226886
TAG48:4FA18:1	0.205466191296619	0.5536878736267	0.333116572273754	0.715897825711423
TAG50:1FA16:0	0.422940762427908	0.633839982680827	0.302501539140494	0.711408861934415
TAG52:5FA14:0	0.452019156056765	0.456143635161545	0.298315479772012	0.679956182588707
PE(P16:0/18:2)	0.39758455806845	0.965032856689946	0.333062042116897	0.699573026349639
PE(P18:0/20:5)	0.467083726734951	0.520893481655005	0.331843322013435	0.617845301784608
CE(18:0)	0.542767647748036	0.453833353902053	0.396204268111309	0.671883445600608
PI(18:0/20:4)	0.968501040010053	0.724080578318404	0.292300452587343	0.71514251828022
TAG49:1FA14:0	0.327731235685331	0.150696123091083	0.270444197566049	0.651692568046742
PE(O16:0/20:4)	0.81009158987683	0.566914688810872	0.334914018476637	0.685074321460014
TAG53:3FA18:0	0.770640536889781	0.653104172627152	0.32003981425962	0.682455350141624
TAG56:5FA20:3	0.848041860912288	0.831332327561094	0.319985656389714	0.71282304085008
TAG48:0FA14:0	0.532548192923653	0.333988315490232	0.272869764428961	0.680613678463121
FFA(17:0)	0.184657529329734	0.405851715671943	0.356655975559753	0.697996887251634
TAG50:5FA20:5	0.827025074462856	0.483187296106522	0.288422935136865	0.676481956801813
PC(16:0/14:0)	0.144774746143025	0.0491544670731109	0.557132840455517	0.484062508155811
TAG48:2FA18:0	0.383001317537626	0.921768051048975	0.321074188146047	0.702909209306684
TAG50:5FA18:2	0.485441436153974	0.664042904329194	0.308383570729452	0.698091069990887
TAG52:7FA20:5	0.546032625924533	0.983273294338567	0.317750142224802	0.702144704450506
TAG48:1FA18:0	0.689259368730928	0.73980430569015	0.302953025621175	0.688159210310495
TAG56:6FA22:4	0.769354001714704	0.882495172412336	0.323843820214049	0.695893153174624
TAG52:2FA16:1	0.749778058503676	0.783664022795012	0.313462618522078	0.720078858769958
TAG49:0FA15:0	0.284676231943824	0.168381426448137	0.258246681231674	0.688155918935724
TAG46:1FA12:0	0.748678926920409	0.737638997159855	0.304969295788016	0.686834163512409
TAG51:3FA15:0	0.913347771571449	0.976182417776221	0.316465842839556	0.699529902384374
TAG54:7FA18:3	0.0417389864325244	0.169133515559203	0.288075595684265	0.621468005087135
TAG57:2FA18:1	0.135933943544757	0.341481648806006	0.345267518252414	0.779677321211227
PC(16:0/20:1)	0.358652832676925	0.48966539512005	0.336361770526004	0.655613578439323
TAG38:0FA12:0	0.389813036033642	0.662570661496603	0.316202448219506	0.722634895988847
TAG49:0FA18:0	0.38699176259174	0.209899980718683	0.260383535235467	0.681574979369574
TAG51:2FA16:1	0.314132973055477	0.668285630571849	0.319495237110328	0.674829450719168
TAG54:3FA18:1	0.196530735899895	0.176068926131317	0.354842137763907	0.766889441343775
TAG54:3FA20:3	0.455296144103547	0.670423769691585	0.300923401368005	0.692546427173289
TAG58:7FA18:0	0.324668048942192	0.523201900831381	0.322359101909716	0.75787814323166
DCER(24:1)	0.313217969013005	0.467712251241521	0.387075618523782	0.622376844542994
DAG(16:1/18:1)	0.764623074441207	0.856456047648936	0.313253933945079	0.711725890937765
LPE(20:1)	0.515123968311633	0.507683746849754	0.318911023185538	0.723432622338876
DAG(14:0/14:0)	0.426680975154286	0.239567713333115	0.268866989975243	0.658740474107061
TAG48:2FA14:1	0.121152926869631	0.256959313692983	0.291435432380088	0.681182969830435
TAG56:9FA18:3	0.387213771890201	0.243200227737823	0.306552399190073	0.736444058617427
PE(18:0/18:0)	0.584393698964301	0.980160546369927	0.327869874149013	0.703991791646351
TAG50:3FA16:1	0.732874682018558	0.44903742494945	0.290595291463506	0.735844084841799
TAG51:1FA18:1	0.289861501843264	0.223484155318051	0.27443519238962	0.676111913653459
TAG52:1FA18:1	0.787401530853059	0.874799208398313	0.311498992612826	0.697026052912132
PI(18:0/18:2)	0.929814095471795	0.874377513578124	0.359320473981993	0.711851854286937
TAG49:1FA15:0	0.267987702986171	0.198022913189213	0.270074075625687	0.68324636563785
PE(P18:1/20:4)	0.713878585572876	0.86995668738723	0.312440576768669	0.702657518855102
TAG51:0FA17:0	0.349144298053204	0.260110601784132	0.269342879168873	0.697322106324973
TAG48:3FA16:0	0.473934161194488	0.649879919243062	0.314721250865943	0.696159741802195
CE(12:0)	0.449876017169682	0.464356209461924	0.394548111829853	0.645404726714602
TAG53:1FA18:0	0.439062104380832	0.178794092138655	0.257529337565082	0.689633745679505
CE(18:1)	0.90818232163495	0.638895735046127	0.371307355067657	0.671297694026003
PE(P18:0/20:4)	0.63116132255036	0.549208375934359	0.297139189998659	0.743266596647324
TAG54:3FA18:3	0.864664133124304	0.352841480979949	0.307412731148157	0.665768328939201
TAG54:4FA18:1	0.112169102047756	0.110438443306545	0.327629544142166	0.737925723055944
TAG58:8FA20:4	0.282395653919838	0.288784113476628	0.282467179748663	0.712187578632852
PE(18:0/22:4)	0.662219886360385	0.782265581133496	0.31154226465777	0.700045004204184
TAG44:2FA18:1	0.700309907053384	0.266889247413571	0.249314710548911	0.704827635126457
PE(16:0/20:3)	0.0323476064771239	0.0694206325895942	0.590126764128268	0.519629070665321
TAG46:2FA14:0	0.646971927336835	0.425714052879527	0.300848262426321	0.67313171218711
PE(18:2/16:1)	0.321784585926906	0.910648748692001	0.33471313257965	0.690100967672687
TAG56:4FA16:0	0.469087949602253	0.655031198143589	0.302338410469213	0.696239520174637
DAG(18:1/20:4)	0.302756408389852	0.319237028709254	0.299227858976138	0.70679666698568
TAG52:3FA18:0	0.798399746028198	0.545928652250759	0.30361162497047	0.718699350942427
TAG58:10FA20:5	0.614079819003288	0.707662525568144	0.31445991876187	0.676135652188758
PC(18:0/18:3)	0.902236489394272	0.766701052556627	0.295470547451634	0.719728938662172
TAG55:7FA18:1	0.860891316369016	0.641268089217837	0.295603258684254	0.683790709874822
TAG60:11FA22:5	0.631878109537155	0.999518418303109	0.316876752645166	0.701359562568978
DAG(18:2/20:3)	0.43757196145496	0.340724605032367	0.32073588679838	0.678003689045179
TAG40:0FA16:0	0.365927145834659	0.829901298180988	0.329752215189822	0.708593210618577
TAG54:5FA16:0	0.654559640778679	0.953834630370846	0.315704559511901	0.699926929453271
TAG58:6FA22:4	0.81577828603352	0.589182226589329	0.345973961481911	0.707363866611763
TAG56:4FA18:2	0.305217608689866	0.507392272552217	0.319479733866926	0.71606005170972
PE(O16:0/22:5)	0.941827431209822	0.427663613640773	0.390595326435509	0.647397032742922
PE(O18:0/22:6)	0.425129396066905	0.862067640924432	0.309307850350808	0.736566454581308
SM(18:1)	0.827859375373566	0.572332600401025	0.255827216163391	0.774474921883166
TAG51:5FA18:3	0.403351124985137	0.262373523289229	0.298530648148443	0.725082302283405
TAG54:6FA22:5	0.856693074863649	0.756371563274419	0.321949600028324	0.708753167303922
TAG56:4FA18:0	0.961990645583175	0.857926246561057	0.317627903385618	0.71539230364753
TAG51:3FA18:1	0.939390464516747	0.954780309465714	0.316539855835311	0.697659308831169
LPC(18:0)	0.140873049476519	0.0210645572431002	0.125547454360857	0.69734196220362
FFA(20:5)	0.98773177276796	0.473374370913105	0.318109933464962	0.673712689105988
TAG54:6FA18:1	0.0288664849981618	0.0732995123276555	0.288549141198269	0.698908702661178
TAG52:6FA18:1	0.235431009449303	0.187492841812379	0.328174258902644	0.798230205189212
PC(18:2/20:2)	0.0359498626900124	0.0542032924104413	0.125905188836673	0.927729721446848
PC(16:0/22:5)	0.34420196456157	0.453901009430365	0.248131377924473	0.807582833450926
TAG45:1FA15:0	0.461627545169978	0.276210372972425	0.285798005624418	0.663249599789099
TAG50:3FA18:3	0.989841306428717	0.728948719535472	0.315586427626879	0.688738806560244
TAG48:1FA12:0	0.516984766800328	0.920996326963253	0.313699586662976	0.696663611104807
TAG52:6FA20:5	0.934016444089796	0.9418887094708	0.315187596810929	0.697834869551899
TAG53:5FA20:4	0.260099134692826	0.448864420467784	0.297277056293872	0.688258434482941
CE(20:4)	0.418895111248331	0.701024231563934	0.306472015159129	0.690619686577026
CER(22:1)	0.214308262311382	0.688296206622879	0.393432064641999	0.650033429424043
MAG(18:0)	0.214315553786971	0.0124484680482044	0.278944344037246	0.826745222447482
TAG48:3FA18:3	0.948224154470353	0.815556620219445	0.312375316582093	0.700926686647482
FFA(18:0)	0.469121073372025	0.865267456713326	0.31543419632558	0.70197271431927
TAG52:4FA18:2	0.330056278132048	0.218151507398636	0.281283920016991	0.720002748218079
TAG42:1FA18:1	0.467833615061987	0.939054120062815	0.315403927288703	0.698099746211344
TAG60:10FA22:5	0.482825169243404	0.676717257673537	0.322658165372665	0.718566897211312
DCER(26:0)	0.637384145270846	0.507627689917808	0.322004552689069	0.72637888398088
LCER(18:0)	0.619997082014812	0.463008571687901	0.249860790225102	0.765791307282416
TAG42:0FA12:0	0.37029675853859	0.883907211572269	0.3215253231535	0.708507643419983
TAG51:3FA17:0	0.533908097896027	0.889692407022482	0.323474986660069	0.693299011389875
TAG52:6FA16:0	0.407745154097971	0.124854737349064	0.303314351338649	0.703131747668231
CE(22:4)	0.851257977841618	0.747463507774087	0.340463646092051	0.70616882561544
TAG48:4FA14:1	0.467356542086559	0.800546211701853	0.309540286478794	0.714453809849226
TAG50:3FA18:1	0.980493954945659	0.939112456656979	0.315770542334585	0.705950323570642
TAG53:4FA17:0	0.702771288664153	0.948760682596652	0.318460850516533	0.698445796547491
PC(16:0/20:4)	0.404193886052063	0.629121047983659	0.308144097474568	0.698492540250391
TAG44:1FA18:1	0.968972957151637	0.427200755849555	0.276603316222533	0.678137408887704
TAG48:0FA16:0	0.587851849235839	0.76386792466038	0.304828187019032	0.711898206663664
DAG(16:1/20:4)	0.195141340480532	0.412140241184928	0.313874072485727	0.707573051586711
PC(17:0/18:2)	0.307132445039001	0.820477972680052	0.383865387631836	0.670552936461205
TAG54:4FA18:2	0.128237614922516	0.15110596268911	0.311757115756966	0.721136222909562
TAG50:0FA14:0	0.638018057992566	0.194966152548352	0.250132122592282	0.654070565994928
TAG58:7FA20:4	0.616137908974755	0.515978780746979	0.301809303939019	0.677375889116229
TAG52:4FA18:3	0.384268025766113	0.149228959425005	0.305761773077285	0.712273965028928
FFA(16:1)	0.772489248118992	0.512223877314161	0.282336309679359	0.761095034167742
TAG51:3FA16:0	0.619535568963351	0.798480333360705	0.316207273576889	0.69792931359975
TAG50:4FA18:3	0.867831011431459	0.35672019804119	0.297737321836254	0.727658902445636
TAG54:4FA20:3	0.616924994639346	0.80800984400503	0.308458427901778	0.694417613927475
PE(O18:0/18:2)	0.623274201345323	0.953799959069779	0.344291861129663	0.697198469840462
PC(18:1/20:2)	0.716820736164395	0.976216437881384	0.33551376219744	0.702455967739402
TAG49:2FA18:1	0.412210283728234	0.49794731861626	0.309555510661924	0.657829565628012
PC(18:1/20:4)	0.67682268364572	0.908959717063848	0.324307034182872	0.702778960003755
TAG47:0FA14:0	0.558767399688501	0.403011798700972	0.281973167856785	0.6818362386685
TAG52:8FA18:2	0.915637626905701	0.861544459647352	0.314917932945634	0.698630552853518
FFA(22:6)	0.834319647890514	0.925361785160062	0.313809995663831	0.6935990163425
TAG47:2FA15:0	0.49829821342406	0.374537394490854	0.30107247634181	0.6708657994062
TAG48:2FA18:1	0.951628770658848	0.786836175617591	0.309113156983358	0.685826085373026
TAG55:4FA18:1	0.432534046411938	0.702961943350605	0.330427015285492	0.694082756959869
TAG52:3FA14:0	0.835996567369797	0.540555580176043	0.314849815427146	0.657722345834483
TAG46:2FA16:0	0.615290915095597	0.940282389879044	0.31478952631171	0.698607707031878
TAG54:4FA20:2	0.634404340829571	0.742026383520837	0.311614554491925	0.72808009299109
TAG48:4FA20:4	0.974374891581691	0.589249905889992	0.295673455435964	0.680750746525747
TAG56:3FA18:1	0.418389069250365	0.603639349998985	0.333329301591057	0.723808207302271
TAG54:7FA22:6	0.956730987265328	0.721855381654039	0.31307131565345	0.729990032024555
TAG49:3FA18:2	0.540325446909998	0.71438811772606	0.323258984152123	0.682903463850839
TAG52:3FA16:0	0.67776208564323	0.425118003998993	0.310363126565993	0.726953559198335
TAG54:8FA18:2	0.0670576620947531	0.178303776750538	0.298654771147332	0.666124146611646
TAG54:6FA18:3	0.0391618589404751	0.0920845110352367	0.279723797287301	0.675979054924497
TAG56:8FA22:6	0.318997696405634	0.459733860076546	0.320126730512287	0.754505646268014
TAG58:8FA18:1	0.0896817972624714	0.21764545314938	0.358435430599475	0.814967608618013
TAG55:7FA22:6	0.687754634321929	0.936146395031195	0.317275472787012	0.711967195901748
DAG(14:0/18:3)	0.562573256831379	0.579797009937575	0.313946668913864	0.715167269930413
PC(16:0/22:4)	0.815703534540452	0.652143474134832	0.338400822660304	0.724036786687311
TAG56:9FA20:4	0.904769986993281	0.875430557943254	0.315514574612701	0.697462820293148
TAG57:8FA22:6	0.294378490494734	0.512967258804744	0.318761601288189	0.752219269660233
TAG56:2FA18:0	0.976055949401942	0.830745077157956	0.309100537793817	0.69403296797936
PC(17:0/20:4)	0.162634201815574	0.842011734736363	0.313641441707152	0.71290173405615
LPC(20:2)	0.118367984410969	0.0541803583237587	0.217160225254642	0.622321458695626
TAG45:1FA18:1	0.525205999498776	0.244034117920195	0.26910445623222	0.667526274129723
TAG52:5FA20:4	0.236702074292375	0.618695759362912	0.301658691157079	0.711351089111637
PE(18:1/18:1)	0.475190652298464	0.406076531363303	0.325487208826925	0.707024638520354
PE(P18:1/22:6)	0.831604369939248	0.806681456867052	0.302992706735796	0.766188414568293
PI(16:0/20:4)	0.33065164973413	0.729104052605779	0.374179539700923	0.706213981844965
TAG49:3FA15:0	0.692140929913774	0.979208453878953	0.316641945491522	0.702014654317631
TAG51:2FA18:0	0.62610524696791	0.39742802790458	0.294684183835899	0.698526665051465
LPE(20:4)	0.862699293309997	0.728823893257966	0.31614005549486	0.657672752550173
TAG44:2FA12:0	0.545507385295626	0.834611589379318	0.310772501941705	0.693259768361019
TAG56:1FA16:0	0.346640640814512	0.24233145548076	0.265827756439602	0.677917875027745
MAG(15:0)	0.285344638808831	0.695100305250599	0.323444661456384	0.703514389518057
DAG(16:0/18:2)	0.93486924257222	0.796574585346955	0.312827079236764	0.696642819913523
HCER(20:0)	0.0287271231939574	0.0658654091204692	0.181480203814787	0.879308390026102
LCER(24:0)	0.689994763521365	0.969963159328047	0.31917888374373	0.702965906080716
TAG49:0FA16:0	0.407100732102567	0.383000583095683	0.280443264559696	0.706935732544579
TAG50:3FA18:2	0.860035818890285	0.770851303058126	0.310297791483744	0.713709927532828
TAG55:7FA20:4	0.78098797412104	0.604416550148823	0.339937440230267	0.679282598127642
HCER(22:0)	0.234137601476348	0.370853615778502	0.261945340013851	0.771446214538913
TAG58:7FA22:5	0.180045094057128	0.258157347041665	0.356424103421433	0.780230003452026
FFA(22:2)	0.962549988635547	0.993583554127444	0.31745447821662	0.701961676947635
TAG44:1FA12:0	0.917202037484834	0.570133872211202	0.29932787771494	0.671841609424778
TAG46:0FA12:0	0.529494797639611	0.901201724220267	0.312852493648136	0.695663813959664
TAG52:6FA14:0	0.714721275402304	0.806020520839654	0.312538896179005	0.69030334323523
TAG51:2FA17:0	0.38569735490046	0.473728037515257	0.317803507168426	0.687185689174483
TAG56:3FA20:0	0.597090364082149	0.852550403598037	0.320455182349305	0.700487514217793
PE(P16:0/20:3)	0.201571940619137	0.138054535928353	0.48021407055447	0.523740902072187
PI(18:1/20:4)	0.297814658457181	0.790328275903993	0.353216649721248	0.712919444208564
DAG(12:0/18:2)	0.455441811557439	0.808676540428294	0.32210272274125	0.701755648701356
TAG52:2FA16:0	0.959472159160536	0.752233241604042	0.320761970076054	0.713770919942943
TAG52:3FA20:1	0.960764650157127	0.829119083660407	0.317096046782294	0.688288306462283
PE(P16:0/22:6)	0.394670080890142	0.310239326102813	0.233934422646314	0.936844991078695
TAG56:5FA22:4	0.569580570605592	0.907599336551668	0.313004043114018	0.703729382352534
TAG56:9FA22:6	0.279084008892794	0.409641983852054	0.317192019192042	0.757780093421696
TAG55:7FA20:3	0.475574051909669	0.646685469690215	0.343669235408332	0.698221721530933
TAG50:5FA16:0	0.87260076086563	0.536742680337842	0.321848205271664	0.720387828693958
TAG56:3FA16:0	0.507463596167823	0.385068854652041	0.300075743086511	0.679837609055038
MAG(18:1)	0.432345749588863	0.812813661939456	0.322541716817852	0.728411572295431
PC(18:1/18:2)	0.587792677319285	0.766530875521586	0.406187517844561	0.684036088367897
TAG56:6FA22:5	0.409966258053227	0.467869916703369	0.331944385446282	0.739228173979758
TAG57:3FA18:2	0.13785652146802	0.370790694113976	0.328802392164885	0.752587899332844
LCER(18:1)	0.98397525366252	0.728645624314017	0.329931675833572	0.69004253575373
TAG52:8FA16:1	0.323618895741276	0.397234453742274	0.302998731592069	0.677788792289897
TAG58:8FA22:6	0.150350647659801	0.305097019753537	0.343776587735582	0.795640691210351
TAG50:3FA16:0	0.761321084256164	0.543266903121756	0.299525845113974	0.710295467670856
FFA(24:1)	0.301354130724122	0.467746657572945	0.296268460079511	0.707501600056295
TAG55:7FA15:0	0.612420330949275	0.956064920218389	0.317889147335282	0.697473991062045
DAG(16:1/18:3)	0.574995254967777	0.831472093386822	0.313793469409008	0.703264394757062
CER(20:0)	0.891657462113566	0.798061489150701	0.302632013214974	0.743494296013015
PC(18:2/20:5)	0.3793022267561	0.787742532472741	0.33101725671783	0.676293552295619
TAG52:5FA18:3	0.256263315660162	0.086472752674363	0.271461785013198	0.683691813817799
TAG51:0FA18:0	0.434698070619518	0.250492663463057	0.261238331475003	0.697325153789215
TAG55:3FA18:2	0.343854990919288	0.823090237165476	0.32329022821948	0.695397937463016
TAG42:2FA18:2	0.31937324235639	0.890662259272627	0.326431245715408	0.70337112923627
PC(14:0/18:2)	0.769436692550755	0.567241351287493	0.465502097426936	0.633437490935913
TAG50:3FA14:0	0.880920597463153	0.935594035909767	0.317376677348596	0.696527423543768
TAG54:5FA20:2	0.376800490580389	0.413634565837897	0.291778362807573	0.764476307149654
FFA(20:3)	0.986499730598455	0.998418222401755	0.315696874587639	0.701411079745609
TAG56:6FA16:0	0.440350052524344	0.391373577231214	0.323616591957754	0.742963440616004
PI(16:0/18:1)	0.252886002112448	0.15415492252068	0.454666180356868	0.802266134537067
TAG52:3FA18:3	0.562116608472457	0.396711807587802	0.315050687062101	0.695406698086758
TAG58:10FA18:2	0.180634494022967	0.416621869784069	0.32878988307179	0.74762758644934
LPC(16:0)	0.0383876144473495	0.00642270187164979	0.182064191001227	0.644499740964415
TAG44:2FA16:1	0.41952392924088	0.41270178317202	0.301381042234342	0.676508235699116
TAG56:10FA18:2	0.348307196309493	0.809722651349966	0.323345379644264	0.696646863159614
TAG56:5FA18:0	0.59411151465419	0.708136037822872	0.322828494602694	0.722331069850171
DAG(14:0/20:0)	0.0336135860415562	0.000904150919657269	0.635692829091814	0.560753298088017
TAG52:1FA20:1	0.399336608009464	0.349135524176302	0.277502031144961	0.700832811850122
CE(14:0)	0.616072600451949	0.197330205637889	0.508410671027612	0.567256971620909
DAG(18:1/22:4)	0.933638718198772	0.722814236599149	0.309757745871859	0.68892008745042
PC(18:0/20:3)	0.0316529755760222	0.0503004610548805	0.715627632982425	0.575200359019628
TAG54:2FA18:0	0.560087023182793	0.665579550370942	0.332195766183914	0.714369012618171
TAG56:7FA22:5	0.34412749676591	0.399991880595731	0.318850122944543	0.733364784595061
PE(18:0/20:3)	0.200491700270365	0.359321188995037	0.472202147788243	0.601757545355859
TAG51:1FA15:0	0.356408412457487	0.133638595626219	0.247136466399811	0.660871266634214
TAG58:7FA18:1	0.115683283369974	0.114728537651266	0.348308618464923	0.858311548469223
PI(18:0/20:3)	0.33114867711646	0.293750015299054	0.565166831887381	0.568365564221368
TAG51:4FA18:1	0.536227585588835	0.368984468526674	0.310364601978394	0.729225610334926
TAG52:6FA18:3	0.139567252757233	0.0455816194710676	0.241440235348002	0.72285966274305
TAG44:2FA14:0	0.470256594938298	0.923513887153039	0.314141202236357	0.697401272475428
TAG50:5FA14:1	0.956386098611154	0.81319853970827	0.319681228962392	0.701683571211906
TAG54:2FA18:2	0.802488545082496	0.958233704493002	0.316876570492552	0.70125154114528
TAG48:2FA16:0	0.399983767176682	0.488529347114547	0.307444712776107	0.695571686414451
TAG56:6FA20:2	0.199259695060454	0.521185134262826	0.296245196340296	0.744132359783288
TAG56:5FA18:2	0.241716707927091	0.462501403795579	0.301779668099089	0.742396871421055
CER(16:0)	0.479394318169083	0.520758353864135	0.387845041486578	0.597691659812521
PC(18:2/18:3)	0.624485973698979	0.940653174043944	0.31595090408878	0.702487521060106
TAG49:2FA18:2	0.424410595828406	0.268052715084035	0.301039238984271	0.694167864577612
TAG54:3FA20:1	0.711492238465196	0.810379615805073	0.318121990002852	0.714279585915172
TAG44:0FA18:0	0.806734784691139	0.629937088341219	0.315200367188467	0.695349278564431
TAG54:1FA18:0	0.693404070294369	0.909057941649399	0.32274720676852	0.70418359107294
FFA(20:1)	0.451711618374524	0.634125182653036	0.331850596305202	0.736972235160487
TAG48:4FA14:0	0.809032410915766	0.768500117638091	0.310345836574475	0.719789644178348
TAG48:3FA16:1	0.555707178117302	0.859581458868694	0.311675335424318	0.713592830754512
TAG49:3FA18:3	0.778821268819412	0.913022331195939	0.315013387953883	0.701170916099278
SM(18:0)	0.542315611458866	0.500351660150748	0.250329351570634	0.788474570158139
PE(P18:0/18:2)	0.504113856209904	0.943031631705605	0.325368213839866	0.719195635953479
TAG53:2FA16:0	0.851477568697934	0.60771372022261	0.296827845123164	0.70756630259152
PC(18:1/18:3)	0.930245524009371	0.704503196421444	0.284943791683303	0.730885368509357
TAG53:4FA20:4	0.249355134632349	0.242982930140857	0.281751926567357	0.695015502499778
TAG46:3FA16:0	0.529015039785432	0.935743226904171	0.32015838080786	0.701221532044774
LPC(18:1)	0.153483453390413	0.0864228495957348	0.277205789392658	0.602975554723208
TAG50:2FA18:1	0.469837585162048	0.767428217554359	0.315710484431085	0.687007531024845
PI(18:0/18:1)	0.306308370688659	0.114119229572219	0.455674131285656	0.864255171781865
TAG48:1FA18:1	0.45556833310794	0.318990560536374	0.282255998728815	0.675704506158486
TAG54:4FA18:0	0.177622603684833	0.307179600366085	0.297951726389634	0.696378304136953
TAG54:6FA16:1	0.559379317727742	0.853475227531471	0.315246251759913	0.710203202985302
TAG56:6FA20:4	0.889180733547952	0.984390761144933	0.317571609369318	0.700178512900334
PC(20:0/20:4)	0.263970082094187	0.460633210930373	0.297778065626073	0.735718811168485
TAG54:1FA20:0	0.385683924234955	0.175360012631643	0.260251688026199	0.658937813810207
TAG44:2FA18:2	0.662017543755944	0.612613941124164	0.295598806814141	0.697886241264053
PC(18:0/20:5)	0.408578853579134	0.984044742406681	0.318853350820673	0.701672127973299
TAG58:7FA22:6	0.335239452204504	0.529821818471002	0.324849109553141	0.764315705946811
TAG52:3FA22:1	0.497975937290605	0.392893839956324	0.308627247507719	0.73296497825645
CE(16:1)	0.228052327507045	0.157400864652725	0.535993387566208	0.627703367409261
TAG54:2FA20:1	0.977002817289857	0.872130297839143	0.310943216991319	0.693779456076016
TAG44:1FA16:0	0.429022319901475	0.197186182631324	0.254625154797896	0.684040600474866
DAG(16:0/16:1)	0.473100627569263	0.721158531447201	0.314570356661914	0.691951354399395
TAG46:3FA14:1	0.273055241299633	0.360625475309273	0.305840974478599	0.668169934552122
TAG52:6FA20:4	0.300523473581504	0.656211220157584	0.307270188379791	0.701423839039119
CE(16:0)	0.452497864040232	0.860708898189274	0.30833157294235	0.713234424648463
PE(P18:0/20:3)	0.492420620047486	0.532000631784705	0.403838728585578	0.606106743179687
DAG(12:0/16:0)	0.538592588687762	0.829191024840311	0.306337712694947	0.710776562955695
TAG45:0FA14:0	0.660641664208624	0.568989328186157	0.291830188738208	0.688297521502885
FFA(18:2)	0.273773416166513	0.268153030366028	0.263020249142487	0.737126303821118
LPE(16:0)	0.255842478064285	0.0268068266432557	0.185320712061742	0.797219750313571
CE(20:1)	0.181625852069454	0.492178896593692	0.276160814976299	0.684723382773853
DCER(22:0)	0.233498431359239	0.0793614421998276	0.40612462054992	0.598360044308997
PC(14:0/18:1)	0.295574789577264	0.280642638696662	0.500094226080002	0.563914315638079
PE(18:1/22:6)	0.633383910686947	0.255095913909747	0.201475409026722	0.991451336747605
TAG48:4FA16:0	0.674475932805306	0.936949107589816	0.31630293689567	0.7021829906992
TAG54:2FA16:0	0.869023837645998	0.732128718231313	0.303446847067634	0.687124876630967
TAG58:9FA18:2	0.101696803500109	0.272848238375193	0.333062057384139	0.777408298889656
TAG52:5FA16:0	0.250304374335063	0.157467239671816	0.289023678470371	0.668215923356708
FFA(15:0)	0.603814884617836	0.872662552981573	0.310875958759035	0.711514803759393
TAG52:5FA18:1	0.227075403131724	0.0661777094057778	0.262755269083117	0.84216872063377
TAG54:5FA18:1	0.0584030142956919	0.103377000176309	0.301306859967252	0.691497296304821
FFA(24:0)	0.456494399440285	0.587622246099614	0.289903391196281	0.838422076297144
TAG54:5FA22:5	0.639350119006492	0.891812518023847	0.313147375353263	0.700948681644353
TAG58:8FA18:2	0.145107743097303	0.208450086217737	0.326019203494106	0.78458290288134
TAG44:0FA14:0	0.948609046465637	0.622553566443641	0.294956954388198	0.683416514180194
PE(P16:0/18:1)	0.862273698841052	0.582927255893532	0.37213789377361	0.632978676058872
CER(22:0)	0.390300385717389	0.125907403852176	0.429405024588263	0.500666533031216
TAG52:4FA18:1	0.27869200062121	0.0989250922664679	0.264745806854842	0.805178516949629
TAG58:8FA20:3	0.392318721114291	0.334499342619267	0.304391222954699	0.672652937660667
PE(18:0/22:5)	0.83479039184527	0.306653906090547	0.231358044563072	0.844973337936013
TAG47:2FA18:1	0.380672793838911	0.229894424782534	0.278793072633928	0.64412689261294
CE(22:2)	0.260853074952147	0.796873193724952	0.306549188084265	0.706671793258653
TAG55:5FA18:2	0.54543734656846	0.973211171528785	0.315548581869363	0.699351221780373
TAG52:2FA14:0	0.572448182789625	0.189406755786333	0.280577169557461	0.631621161371052
FFA(22:4)	0.320520736003785	0.487509056198307	0.299422497395282	0.757814682960362
TAG54:1FA18:1	0.768635738459059	0.976905401481454	0.316627496024908	0.699717738484312
TAG40:0FA14:0	0.564838838045505	0.826426945737377	0.318442676240066	0.712119103437595
DAG(16:0/22:5)	0.809881797750193	0.684279136937451	0.313868539031712	0.70878571891207
DAG(18:0/22:6)	0.565774706572536	0.712809647287635	0.338691828061502	0.700250080760407
TAG47:1FA16:0	0.316861651879025	0.317612247302597	0.281557051041103	0.68818744897322
DAG(18:1/20:5)	0.369689657309137	0.870796428672476	0.318842824570042	0.711026471430898
TAG54:3FA16:1	0.65905286609044	0.631509707912383	0.308136504984574	0.749230488837161
MAG(16:0)	0.529316080653186	0.0872830090638095	0.347892518844826	0.775954451419279
PI(16:0/18:2)	0.464091031963908	0.585392378868621	0.404610135320471	0.737393325665028
CE(22:6)	0.418862175413458	0.657736170577784	0.291883129896387	0.775780530255866
TAG46:4FA18:2	0.71920454511754	0.407559194820951	0.289582055089069	0.760558717033761
CE(18:4)	0.997079923478085	0.770692745089048	0.358235047575613	0.684105488485537
TAG54:2FA20:0	0.819779417251883	0.635685278212482	0.307779892380575	0.696701542906493
TAG56:6FA20:3	0.784526648991007	0.868688796760865	0.316400632332285	0.706697207291111
DAG(18:2/22:4)	0.275700037667037	0.544288305284993	0.30787614206926	0.729410436740057
DCER(24:0)	0.31014095488171	0.165841527670385	0.39336370316372	0.534507633544319
TAG58:6FA16:0	0.705842467764567	0.631809665521952	0.298897432913735	0.746106360202252
PC(16:0/18:2)	0.373018652017191	0.986884761089089	0.354335378774517	0.701952627394089
TAG52:3FA18:2	0.691743023398397	0.464510371848805	0.310758194113095	0.725214774250197
TAG48:0FA18:0	0.902547390482821	0.453905838203888	0.279862374270468	0.679396209437908
TAG58:7FA18:2	0.458302594120178	0.49396359752169	0.31400667014689	0.738325928811516
TAG50:1FA16:1	0.288706552879826	0.722467985647943	0.31145196199409	0.698153971659081
LPE(16:1)	0.123377496259878	0.508797074240927	0.343520298627295	0.711106155926273
TAG48:1FA14:1	0.153684284326393	0.172412576513303	0.262858301758633	0.696233291654906
TAG51:2FA18:2	0.463745959956395	0.3764550608016	0.31122068763022	0.695063472861018
TAG50:2FA16:0	0.546175447530462	0.969960605215051	0.316712811022408	0.700876113769029
LCER(14:0)	0.388389092072167	0.157450492308315	0.430845535041399	0.579888853205724
LPE(22:6)	0.72847837410761	0.677458944038885	0.306526241625404	0.738630194095283
PE(18:1/20:4)	0.547989635787023	0.103620091358691	0.183037340296142	0.909909827104707
TAG54:4FA22:4	0.310219231463647	0.511364372881865	0.286224510912503	0.736475184711295
PE(16:0/18:2)	0.786850511926553	0.989839445921509	0.32583569119363	0.703542225398905
TAG50:4FA18:2	0.499123032157266	0.586954040780353	0.301590699652855	0.721377903028672
HCER(16:0)	0.764829850520576	0.754619199409729	0.300476271282669	0.728786141539604
PE(16:0/22:5)	0.869255342307036	0.592905816598266	0.271541268416978	0.816101959031193
PE(O18:0/18:1)	0.874970078354208	0.890443069671109	0.312516954288441	0.712575691269786
TAG44:1FA14:1	0.285753378853491	0.339307258981	0.280415118852811	0.684437181017881
TAG56:7FA20:5	0.120401756588214	0.366174107468389	0.355839941387002	0.766831978669736
TAG45:0FA16:0	0.534159481429256	0.390327136609034	0.276511605663081	0.689321291399898
TAG46:0FA16:0	0.775291803009627	0.606059409095135	0.292036112985092	0.699259011711809
SM(24:1)	0.284425227571281	0.577729135850354	0.420837908759683	0.642137480551184
TAG52:7FA22:6	0.623773821494327	0.616933899439857	0.323944905696855	0.733235339054311
CE(20:2)	0.563199581000646	0.329723548450264	0.489409251009451	0.6765039181298
TAG54:5FA20:5	0.559613253077567	0.995004010605656	0.317935833180412	0.700900730342443
TAG45:0FA15:0	0.556757517050049	0.495372136112511	0.288283433484908	0.691052620508244
TAG56:5FA22:5	0.691006955669497	0.648691259277439	0.328791645861373	0.720275175767756
PC(18:0/16:1)	0.180332349677527	0.373806285334653	0.437294772119743	0.648450336965469
TAG49:2FA16:0	0.336793412182305	0.348171524315469	0.304992101197699	0.696005409624598
CE(20:5)	0.263863637244853	0.929520759093892	0.320729991502197	0.693434650660439
HCER(22:1)	0.283266539978292	0.293125671092475	0.216538533719731	0.826072753974713
TAG49:1FA16:0	0.217611991745311	0.215334685009672	0.276538325812214	0.693498839249094
TAG56:5FA18:1	0.606191551803966	0.632751538536347	0.324353485767873	0.727507245120434
TAG53:4FA18:3	0.723241228054494	0.720585536206822	0.314990410298008	0.705283626700791
PC(20:0/18:1)	0.877767168992286	0.944470873314133	0.333642543819375	0.695824693271354
TAG54:1FA20:1	0.783446184596542	0.596415359441141	0.285901046227252	0.688791845855594
DAG(12:0/18:1)	0.509489851429383	0.842079787940856	0.309554788488758	0.694135955397483
PE(P18:0/22:5)	0.666807866142041	0.621564636173297	0.371269219618903	0.646593340702208
