chemID	simpleLRM_Fstatistics	multiLRM(chem_sig)	multiLRM(sex_sig)	multiLRM(age_sig)
TAG52:0FA20:0	0.167187298427133	0.0496463833192614	0.171433300093247	0.768410118644764
TAG58:6FA22:5	0.376977182901627	0.606764219960729	0.221179061580498	0.82499983306381
TAG50:1FA20:1	0.397350322925717	0.177479802279629	0.17421025015439	0.762783347063603
TAG54:6FA20:3	0.667264315348139	0.332101684252088	0.202136702676366	0.835967868877608
CE(24:0)	0.39042379150795	0.861956402050889	0.207022324156353	0.797421697825168
LCER(22:0)	0.98427043018678	0.979801806271912	0.223171465118166	0.785809639529536
TAG48:4FA16:1	0.610926334963176	0.572610328878677	0.199326911309002	0.823889828108402
TAG51:4FA16:0	0.951620265643458	0.781199789661536	0.211558927705366	0.787914643442093
PC(16:0/18:1)	0.640837176189162	0.54991243397305	0.278216657348198	0.720832096997013
TAG50:3FA14:1	0.329910295727467	0.348228032834562	0.207753185619889	0.749249442664428
CE(17:0)	0.692342282824937	0.26622888733803	0.270497507739208	0.72914219274954
TAG56:6FA22:6	0.552251845274318	0.652695805141373	0.212617379976282	0.83580979990447
PC(18:1/16:1)	0.396042719885165	0.904984994922192	0.259671572042443	0.773759246985733
TAG53:3FA16:0	0.88767294467723	0.815669571923044	0.209213665568089	0.788783837149584
TAG54:4FA20:4	0.557922013401996	0.820182126056416	0.205866289047129	0.786980283889485
DAG(14:0/20:4)	0.0882360270857904	0.0197788644847254	0.18091840654579	0.718651931428411
CE(18:2)	0.381068373625782	0.46609220608711	0.154792094294717	0.829672734267032
DAG(14:1/18:1)	0.944524275175679	0.919536291700657	0.218385432359998	0.789748260712799
DCER(20:0)	0.296728194278195	0.0824147882412215	0.162070682838295	0.937295889032818
LCER(20:1)	0.244863099319011	0.0734907862541165	0.382384381280624	0.650643724094849
TAG54:3FA16:0	0.801579630613643	0.885984525948628	0.213889433543663	0.796424766989309
TAG48:3FA14:0	0.749383395130937	0.95061047536354	0.211842318284308	0.789873256420154
TAG56:1FA18:1	0.500043573669509	0.232139541934898	0.177819790187682	0.744925316908208
TAG58:9FA18:1	0.0923070195002236	0.279604150385231	0.229994189630237	0.895275253521211
PE(P18:1/22:4)	0.606096872538616	0.967389949475134	0.214117556718242	0.784228922341471
TAG54:4FA16:0	0.939274210736439	0.958401818663931	0.213484700989015	0.788382247367666
PC(18:2/16:1)	0.951384001222359	0.935937223840624	0.251789581751371	0.803401970268409
DAG(14:0/18:1)	0.702519190815498	0.393489751890683	0.193050557563378	0.75494044015645
TAG46:2FA14:1	0.117640590834541	0.293978342523648	0.19457031867326	0.763919358926689
TAG52:4FA20:0	0.301056916084418	0.267610544723354	0.197645115860055	0.799096967021445
PC(18:0/18:2)	0.880011239002655	0.686818883682236	0.349999496495128	0.741631306278764
PE(P16:0/22:4)	0.454687422251514	0.997511701962145	0.217723085658507	0.786457491024561
TAG50:4FA16:0	0.991269580744592	0.318705821247374	0.199238901253139	0.819734004994437
DAG(18:1/20:1)	0.616922878143076	0.973162447766284	0.212856658485223	0.790278157612956
LPC(15:0)	0.864798367725593	0.0911021750818988	0.126381660495758	0.88960905804474
TAG48:3FA18:2	0.709704749374959	0.91660920774089	0.212856556326988	0.791196473582908
TAG52:6FA22:6	0.838084693631935	0.889477466538527	0.212235158100821	0.7773450314797
TAG56:7FA18:3	0.328836099417995	0.434248136057442	0.205148756364152	0.810607960028468
PC(18:0/22:6)	0.93843488284775	0.953141730489176	0.21733394222959	0.805757953513534
SM(26:1)	0.26631617449081	0.435954515389763	0.286542262920793	0.722386509910392
TAG48:2FA14:0	0.525613294796303	0.578828299346024	0.207774006228451	0.777376654608567
TAG48:3FA18:1	0.422867544503094	0.807602411347823	0.216622331843826	0.796399621253389
DAG(16:1/18:2)	0.744695001415908	0.631152095563701	0.194783273859929	0.816179933211487
TAG53:6FA18:3	0.702957946113528	0.817686734779098	0.223986561631364	0.790659257638924
PC(16:0/12:0)	0.433402237463125	0.897146860262667	0.210081567676848	0.810209749252916
TAG51:5FA18:2	0.318361124534558	0.483678091748229	0.206254443430521	0.797229379917502
PE(P16:0/20:4)	0.946664087649648	0.923373046285745	0.211074323395995	0.793441284953502
TAG49:1FA16:1	0.235056050880687	0.519135183481198	0.204686398417311	0.784382173380974
TAG56:5FA20:1	0.0560120780999726	0.196307135411324	0.20324177066641	0.817493931191598
LPE(18:0)	0.896638737245544	0.216941917484752	0.125359275782266	0.859663724559605
FFA(20:4)	0.807144564146147	0.998368223934591	0.211991521456911	0.786717111238588
TAG46:1FA14:1	0.202339135610664	0.0976973757004577	0.111834319441253	0.807117586593407
TAG46:3FA14:0	0.604014281516998	0.571229016922432	0.203075847047761	0.773904911389784
PE(P18:1/22:5)	0.44587051367008	0.260549550337416	0.317854702814584	0.697529851907308
TAG50:1FA14:0	0.512323497611708	0.246115803405281	0.175527624837482	0.748515552270963
TAG56:8FA20:4	0.911438681811273	0.920706018151687	0.213084245629234	0.784048700609746
TAG56:4FA20:1	0.146806440786691	0.306729035629949	0.221216032000063	0.827347892896443
MAG(18:3)	0.444028927283847	0.675105791651983	0.284558076641802	0.753821976387957
PE(18:0/20:4)	0.836635243910026	0.441053667303948	0.172445068346828	0.873293168152858
TAG53:2FA18:1	0.721613692667171	0.514970490475765	0.203731190694028	0.751796841200841
TAG54:7FA22:5	0.587387538614489	0.512146667968973	0.21978488754035	0.816481429550479
TAG60:12FA22:6	0.396051090421794	0.88811527043869	0.211879943899618	0.801399183934556
PC(18:0/20:2)	0.474263330078728	0.332868280223223	0.418720110487062	0.724864560443879
LPC(18:2)	0.0504971392903254	0.0983679335053972	0.207760414361296	0.534234711581742
PC(15:0/18:2)	0.973830662440508	0.240168614352883	0.423690364793161	0.639686458659395
DAG(18:1/18:1)	0.485372272342917	0.52895419503053	0.208955755072625	0.837107312684797
TAG56:4FA22:4	0.491980133562394	0.734528066379074	0.201042470231826	0.798445148587275
TAG56:9FA20:5	0.0875825017565231	0.362174736532355	0.227660338097202	0.845328249121265
TAG49:2FA14:0	0.310320820409774	0.277160282759375	0.200049167799181	0.752705010315959
PC(16:0/18:3)	0.514977672424318	0.288962537449194	0.138512103723721	0.870485758097961
LPE(22:5)	0.910089745689869	0.965315577694561	0.213609126433919	0.789776840608574
TAG54:6FA20:5	0.174929813644069	0.355388633632222	0.246554696220667	0.861903578834868
TAG56:7FA22:6	0.283252250457773	0.446619247642088	0.216973130851674	0.866171296315861
TAG51:4FA16:1	0.861074765589058	0.443376852404597	0.185581751011582	0.861623608578895
TAG52:5FA20:5	0.622030788194614	0.866172373876969	0.216736175086221	0.793192410337504
SM(20:0)	0.146638645569115	0.406471987202602	0.146577361709918	0.86110197374782
TAG55:5FA20:4	0.469014669274624	0.365036366773803	0.187728930450381	0.756788325249817
TAG58:6FA20:4	0.882850523659207	0.853360215945099	0.209903606903835	0.774196263807329
PE(O18:0/20:4)	0.796207877707834	0.711386299001799	0.219083028314645	0.773738871089787
DAG(18:2/18:3)	0.268640514056159	0.191838086928877	0.19289032422365	0.799551767339903
TAG48:4FA18:3	0.359543458822856	0.409943285614435	0.22203729274512	0.815567220730343
TAG52:0FA16:0	0.73006728116513	0.538134159658699	0.188945916425284	0.779497583322908
TAG58:9FA22:5	0.105844418039153	0.274928165023831	0.224716520871494	0.832031683405325
TAG58:9FA22:6	0.0832747351102477	0.269787032811433	0.229960880292751	0.898244415353366
PE(P18:1/16:0)	0.573375338634564	0.834078510394473	0.226563817993736	0.761024267876794
DAG(14:0/18:2)	0.682855573437866	0.476017542696362	0.207476010095728	0.780468569807789
TAG54:0FA18:0	0.626858866614302	0.969594732151424	0.212360024123651	0.785080974127376
TAG56:2FA16:0	0.346901455157836	0.258973212539708	0.183385476518746	0.779393844407689
TAG56:8FA22:5	0.220658388255295	0.305161757865999	0.208453962275694	0.858132308540025
PC(16:0/20:2)	0.939465049644455	0.693669947952578	0.274029280923188	0.742297408592813
PC(15:0/18:1)	0.42910947969824	0.27925562901598	0.391287028653431	0.60847503988037
TAG56:7FA18:2	0.311062654975622	0.500805693915496	0.207030528515289	0.821497064090494
LPE(18:1)	0.882701054070412	0.970376961364037	0.21258793401608	0.785179220802667
TAG50:2FA16:1	0.308590416819091	0.940950629921596	0.21329834823117	0.785021618679083
PC(17:0/18:1)	0.458695222327669	0.0414934197448321	0.388894470338921	0.476674368729264
DAG(16:0/18:1)	0.762409906403625	0.735122769598335	0.208699520580673	0.782332248813383
LPC(22:5)	0.218976552390404	0.490896396095247	0.210890144450301	0.734211858152995
TAG46:0FA18:0	0.597264886070163	0.788807280234879	0.204694501727225	0.777326265639564
PE(18:0/20:5)	0.47049597867737	0.973660675553944	0.211753126065454	0.78493618440117
LPE(22:4)	0.342567029655235	0.332655303829521	0.199899224046129	0.945255772754251
TAG46:1FA18:1	0.976999219520457	0.540771662148827	0.195129931321958	0.763574486133842
TAG58:10FA20:4	0.393031987731644	0.287791481232207	0.216200374235819	0.747833442914222
DAG(14:0/16:1)	0.155701311945691	0.174988892505247	0.196271518972554	0.794647644889004
SM(24:0)	0.474140135015723	0.403253056054454	0.293738513627898	0.741758167861953
TAG53:6FA18:2	0.732555054270911	0.496615425633287	0.211070882588078	0.793491426907545
HCER(18:0)	0.288842611421786	0.228850943143522	0.123487751356622	0.919285793544908
LPC(20:3)	0.998783971705936	0.876625948125723	0.213102332496306	0.771572349307264
TAG53:5FA18:2	0.257929862708203	0.381972203671694	0.2160938297232	0.78101453459158
TAG50:1FA18:0	0.323604901253736	0.302278104683314	0.182837626955645	0.776961455906029
TAG52:5FA20:3	0.58823160486179	0.827896621214469	0.212519252836212	0.775127498427556
PE(P16:0/22:5)	0.749146887270386	0.9872387134663	0.223187856382149	0.786095544899138
TAG44:0FA12:0	0.575465169589902	0.902806012155861	0.210088526142417	0.782532771302161
TAG55:6FA18:1	0.395546652140481	0.669305480203444	0.225376470510954	0.801311348603941
PC(20:0/18:2)	0.500850159127353	0.889238693357273	0.220060823635159	0.803059732339542
PE(P18:0/18:1)	0.709925304720637	0.438596450839761	0.284463498945164	0.696664010096499
MAG(18:2)	0.375177266696064	0.908237173497105	0.211488540145474	0.777234745215532
TAG52:5FA18:2	0.113778975988531	0.0890658012828255	0.166230973940531	0.844691330017974
SM(16:0)	0.74194372544689	0.729124406270802	0.28147101787741	0.735427003329737
TAG49:1FA18:1	0.198800921395578	0.127773305782928	0.173126448804824	0.75634789046425
FFA(14:0)	0.866988681773216	0.961958876857186	0.21140594864629	0.792881686879791
TAG56:4FA20:4	0.848109052942117	0.938477733320345	0.21549093973857	0.792585207911982
TAG46:2FA18:2	0.622220825235911	0.85537902058972	0.208705479957719	0.782434939067292
FFA(16:0)	0.626621649333328	0.797005908989227	0.206508179413325	0.798138241643029
TAG52:5FA22:5	0.882567266844102	0.787432123518976	0.214615537623229	0.787393307387214
PE(P18:1/20:3)	0.174665415855166	0.184496475425903	0.326269747118972	0.701321175667003
TAG56:8FA18:3	0.425743354395315	0.295466863970073	0.198940696627092	0.82448345154308
TAG46:3FA16:1	0.879039977742819	0.887138196269715	0.211252101517512	0.79470953452176
TAG50:1FA18:1	0.47160412495043	0.666604522807636	0.203986656639726	0.793130176398012
TAG44:0FA16:0	0.669078265068921	0.829858967491386	0.206377557006342	0.781242442472906
CE(22:5)	0.806411181489596	0.906705566593444	0.23860820474753	0.780790477743414
TAG49:2FA16:1	0.276225191592417	0.663452372716527	0.213390727623785	0.767662855095692
TAG53:4FA18:1	0.933200118295989	0.696132570147169	0.209660583909911	0.758915974075058
TAG52:3FA20:3	0.344088218477936	0.56522013715267	0.201969667365462	0.79785032556284
TAG49:1FA17:0	0.192754997423803	0.175212315784829	0.181307048919334	0.774673221273348
TAG56:7FA18:1	0.16463597341781	0.235148408632333	0.226315599160157	0.894076075127043
TAG50:2FA18:0	0.519471779223728	0.326420190549075	0.195354304645972	0.78065941900407
TAG44:2FA16:0	0.549783730263437	0.286989968437802	0.166702230183131	0.83018937304239
TAG44:3FA18:2	0.940495740094932	0.493011017443966	0.185654342205541	0.825886113144611
TAG47:0FA15:0	0.369315153150906	0.432767482827321	0.185232400065457	0.797255256450202
TAG54:7FA16:1	0.95671594597107	0.530592482466601	0.208246436553486	0.840327823756346
TAG52:3FA20:2	0.6398575757709	0.863178249820293	0.213932416889388	0.777832047270048
TAG52:5FA16:1	0.168622139949868	0.100141704559722	0.164665022807195	0.900578518758366
TAG51:2FA15:0	0.6718553607788	0.5413695761317	0.201425086736942	0.749462202269133
TAG54:7FA20:4	0.731562235843044	0.574460666130685	0.217173948095371	0.787718839205749
PE(P18:1/18:2)	0.974065987319759	0.500753873808088	0.30554753757925	0.714678478605397
TAG52:1FA16:1	0.369669930871781	0.455372039381814	0.205240355610169	0.758412596463476
TAG47:1FA15:0	0.233959676026434	0.237504582721278	0.181388151690321	0.761537793145968
TAG50:5FA14:0	0.266791637327455	0.409456248136717	0.208791550518877	0.795005091988748
TAG55:1FA16:0	0.20838822020904	0.377095279859698	0.219558830355352	0.865371371666654
TAG56:3FA18:0	0.96589102097973	0.898154853541658	0.212046676242388	0.777345804343155
TAG50:2FA14:0	0.763203756838061	0.656398362239469	0.208532567053543	0.758690623153945
TAG56:2FA18:1	0.772407900727612	0.924652319156086	0.210277885859448	0.784091918032018
TAG51:3FA18:2	0.813561073975252	0.8766543559487	0.213322623023994	0.779339251037203
PC(16:0/16:1)	0.0771763498281443	0.143289936909541	0.338494422295791	0.69040099360355
TAG51:1FA16:0	0.246482972066849	0.233256122198583	0.180803827579607	0.792751200375501
TAG52:3FA18:1	0.623952055491093	0.354093091324561	0.20144712935682	0.837667274081139
TAG56:4FA18:1	0.295325618842768	0.413042671480106	0.209841675821274	0.857499944835428
TAG54:4FA20:1	0.280248122519648	0.274446617680442	0.187231138789888	0.870045752800918
TAG56:7FA18:0	0.111107942670388	0.431521629274055	0.230500507993342	0.855431697648991
TAG54:4FA18:3	0.0875030202728828	0.125766860825288	0.196590322208671	0.812030226500149
TAG56:7FA20:3	0.613852199483975	0.869643740067662	0.21127082159659	0.788548558586288
PE(18:0/18:1)	0.388923539000357	0.645918495590435	0.228345207724817	0.785149779818554
TAG50:4FA14:1	0.76944700529122	0.848502495726378	0.213800640258089	0.780458793312497
TAG47:2FA18:2	0.444156794986677	0.209161644681713	0.181810716161884	0.77746290607862
TAG50:5FA18:1	0.55035038000831	0.380414563458181	0.209218146156561	0.835282374446759
TAG53:4FA18:0	0.762551191799073	0.361452881041524	0.196767096305967	0.810768403163684
PC(16:0/20:3)	0.09307159880312	0.16989284489908	0.385546094534484	0.700120160128602
TAG56:6FA18:2	0.389883495293707	0.638706768734989	0.210989499076381	0.801307897649831
PC(14:0/20:4)	0.253431773689791	0.113184370981432	0.312177965577637	0.799795587397818
PC(18:1/22:5)	0.447988638232857	0.357351538979036	0.148369308586204	0.795851393502216
LCER(24:1)	0.995352354946371	0.955159281338885	0.21433433222378	0.783964648616088
DAG(15:0/18:1)	0.471161357192563	0.293004535819063	0.210131566017109	0.812228587852345
TAG45:1FA16:0	0.210314301730764	0.19988271133802	0.173935495342596	0.775349766974726
TAG56:4FA20:3	0.926303518291812	0.93468325181841	0.212031519772509	0.780939217186264
TAG60:10FA22:6	0.386686048470559	0.772493576580319	0.21397279135165	0.816110938625717
TAG54:5FA22:1	0.0518041422036956	0.110833566572776	0.190927884006415	0.762700121932373
PE(16:0/22:6)	0.739069428831604	0.519504175358968	0.171011807052624	0.965867933008991
LPE(18:2)	0.20353106384059	0.195332302951816	0.17388595907021	0.608444935284519
TAG54:6FA20:4	0.72404393211892	0.80144512521604	0.219681103123501	0.783541337480199
TAG54:2FA18:1	0.410363251488617	0.486584338660099	0.229922908331109	0.812096517215934
TAG56:8FA16:1	0.231509161354536	0.341153954348571	0.200828915021672	0.883679312609479
TAG58:9FA20:4	0.242838746427922	0.238856048268309	0.195303584507195	0.783259220918945
PE(16:0/18:1)	0.0873790063740186	0.316624155381768	0.263072174183567	0.73984262246387
DAG(16:1/16:1)	0.671497675562627	0.577358920385162	0.211815342063993	0.81276538118515
PC(18:1/22:6)	0.728293587948152	0.796220914393166	0.245942660817874	0.748304413170335
TAG52:4FA20:2	0.663818642807156	0.607181186527335	0.200943131192679	0.833400533841964
TAG42:0FA16:0	0.774831757435256	0.712709340730658	0.199685099700692	0.779036867044956
TAG52:2FA20:1	0.435027350353296	0.440564205186513	0.20478910659519	0.752229745182586
TAG52:4FA16:1	0.279216085140552	0.128216671109878	0.165076700503011	0.924182108458435
TAG58:8FA22:5	0.119735780948693	0.250627403928101	0.226485639413263	0.849157632020091
TAG56:8FA16:0	0.24549157314073	0.458050206844059	0.218420736167803	0.847999331934806
FFA(20:2)	0.289222063521631	0.538118883670575	0.237710253461374	0.832745172099328
TAG46:3FA18:1	0.873566030991202	0.30399583441148	0.166060172219401	0.825736070567803
TAG50:4FA20:4	0.330732803148047	0.364150733102134	0.18653019278142	0.794980893005288
TAG53:2FA17:0	0.735519572402272	0.499146245240657	0.208381552954239	0.743226771386791
PE(18:1/18:2)	0.90418952138839	0.685600054374012	0.254384290692573	0.776028394142445
TAG51:1FA17:0	0.220290584262813	0.199634112343145	0.181766795224075	0.780693327658529
TAG54:2FA20:2	0.919139115892654	0.927754982690829	0.211259730548448	0.782177900126466
TAG56:6FA18:1	0.475326219080098	0.621424246278341	0.216832528958256	0.822053359146546
FFA(22:1)	0.410867801522534	0.790884038619294	0.209345358618434	0.769174043320194
LPC(16:1)	0.354453921956682	0.860758584218931	0.209577958834601	0.787824891429879
PC(14:0/20:3)	0.0741166456899225	0.222999632260592	0.362654731195396	0.734815463339908
TAG48:3FA12:0	0.411805495184334	0.853655553532374	0.215255668643803	0.794275663338038
TAG54:6FA16:0	0.699224559031434	0.490916429609533	0.230588520449405	0.810129152226138
TAG46:0FA14:0	0.490490430783547	0.481894394261122	0.18762732781839	0.79184246252966
FFA(22:5)	0.590646992993034	0.692622680529777	0.204123153928608	0.763790630584997
TAG56:2FA20:1	0.630520969930361	0.946291287566698	0.215995745430572	0.789517604844122
TAG58:5FA18:1	0.878894777741781	0.865263839939789	0.213055648920452	0.796126600714637
TAG50:4FA20:3	0.503440882439783	0.524011222233755	0.201705296510065	0.75884594312769
TAG52:1FA20:0	0.137075645578287	0.0436630107147249	0.184926580560312	0.698545677078562
PE(O18:0/22:5)	0.977084391472702	0.724871709065989	0.23677826448376	0.772929919138998
TAG53:7FA18:3	0.252388180095872	0.527440778101587	0.225951919426681	0.787607579275624
TAG50:3FA18:0	0.694975539536665	0.417149366635874	0.200724890874877	0.794459306805158
TAG46:3FA18:3	0.372605106255048	0.838476957246764	0.219129435066659	0.789587222845101
TAG54:7FA18:1	0.0419895260611751	0.106994612241922	0.208751035937634	0.839480694273731
TAG55:4FA18:2	0.426654145489483	0.819847774521697	0.213077865524186	0.776558462656999
PE(P18:0/22:6)	0.803615888603873	0.689113592408087	0.192013575086284	0.911778829600725
FFA(18:1)	0.931025195208255	0.658368050729175	0.20259745337755	0.815952697314716
TAG50:5FA20:4	0.406247827814061	0.519428861455931	0.194746007788345	0.774628660009942
TAG53:3FA18:1	0.824899871641337	0.911568374199591	0.21180326819654	0.794243505910341
TAG50:5FA16:1	0.744699066524833	0.0682369034561873	0.150223919357646	0.948858162015007
TAG50:4FA16:1	0.756773524649336	0.10599193740181	0.149149440806466	0.923962935512264
TAG52:4FA20:4	0.38515423593054	0.633961194366803	0.200333679627191	0.803505254571452
PC(18:1/20:5)	0.183991011855114	0.787588398839325	0.204129029328577	0.825692126577044
DAG(18:2/20:4)	0.515887868543784	0.558425143760636	0.215126498494126	0.792740137462994
TAG54:7FA18:2	0.0298448860554418	0.174792592111379	0.192665738379763	0.721989894727227
TAG56:7FA22:4	0.670315000941579	0.449287736936356	0.223963855141245	0.793863946385859
DAG(18:2/22:6)	0.247422372970104	0.602043241983103	0.212235706522324	0.833091942377428
TAG49:2FA15:0	0.373139401070072	0.422670455653638	0.204554960319131	0.781096482543896
TAG46:3FA12:0	0.476911842233632	0.824457778997739	0.213966509845311	0.796343398096359
TAG47:0FA16:0	0.431906857291265	0.472656234488447	0.187301410719651	0.794590317394567
PC(18:2/18:2)	0.487196029007846	0.959819173250793	0.237942750858799	0.786440253851546
PC(18:2/20:3)	0.517457102741315	0.512862864082025	0.343966665452381	0.764545406347525
CE(15:0)	0.743150782775521	0.209766834296993	0.306132306644856	0.677114208232854
TAG54:1FA16:0	0.365352827120423	0.122158530180588	0.163541880510078	0.755137604795658
TAG49:2FA17:0	0.194312198551764	0.151537045247162	0.197790986540589	0.759576007810144
TAG54:8FA18:3	0.0218905357501267	0.10236705201447	0.190106206247067	0.687862616655669
DAG(16:1/18:0)	0.142366349706687	0.277446027419372	0.203850419766401	0.770702038012494
PC(16:0/18:0)	0.5994058932676	0.596814516347843	0.312677349630445	0.736848770433157
TAG54:5FA18:3	0.0153802611561842	0.0169447142210097	0.176615325558896	0.862858558366623
LPE(20:3)	0.678131438496	0.881902088143225	0.225833528339417	0.792581738152254
TAG55:1FA18:1	0.0913767250423079	0.316020325143717	0.244464618633872	0.868640637229213
TAG55:2FA18:2	0.112011945521625	0.334856717874922	0.223153007285075	0.843739470582896
PC(18:0/20:4)	0.801241585782031	0.795002743079003	0.206534106886739	0.786096411828693
TAG54:5FA20:3	0.991625665674065	0.774126819076183	0.215826576437026	0.795065747216157
TAG56:3FA20:1	0.235122505390691	0.406589398431706	0.233126672471182	0.826414849999771
TAG48:3FA14:1	0.198368878411239	0.546130656733393	0.212641034509322	0.775294020350426
TAG56:8FA20:5	0.0615344245086165	0.251059141906516	0.237571371185634	0.875258861196637
DAG(14:0/16:0)	0.465049446280626	0.24963409550519	0.17832360584833	0.787082047614831
SM(26:0)	0.791824340613569	0.289490267106037	0.342775314276849	0.714331905204795
TAG51:4FA18:2	0.574325911961436	0.681441916299842	0.208340482241503	0.799158340786273
TAG56:7FA16:0	0.178376119481483	0.319890480595391	0.21130156434939	0.882193749999526
TAG48:4FA18:2	0.208570752176589	0.513644933437871	0.218275576862779	0.790633013063548
TAG50:5FA18:3	0.418207199065543	0.320505405059005	0.19601411577685	0.810686913548037
TAG53:0FA16:0	0.251590951425856	0.324804468850845	0.24426845303095	0.849977141100277
TAG44:1FA16:1	0.405526567592691	0.342524774235044	0.196555235315684	0.750564225861647
TAG60:11FA22:6	0.32359828673108	0.776888703076768	0.212507030569385	0.81975326262881
LPC(20:0)	0.0754974983069563	0.159134192532184	0.158250616460808	0.7420234507335
TAG52:4FA14:0	0.507325049927425	0.400834843457683	0.202585681983982	0.747673839813828
TAG53:6FA18:1	0.80524299371306	0.707048395726459	0.192126775432846	0.792748148247383
PI(18:1/18:2)	0.898848266705327	0.671323322669642	0.265301857785824	0.83750148341335
TAG52:4FA18:0	0.676526072036678	0.388939298625994	0.196010943006407	0.842935644217686
PE(18:1/20:3)	0.258042703008354	0.838791051309147	0.249769734359037	0.766531392081478
MAG(16:1)	0.625470665360377	0.848003671220607	0.217612640835268	0.77646148325637
SM(22:0)	0.932250659899695	0.823007620908268	0.26956864403142	0.7726806632398
TAG55:8FA20:4	0.723982496842858	0.21909666798683	0.240744334250835	0.720965172984886
TAG58:6FA18:1	0.604465274936496	0.62375567241846	0.21623770761056	0.824454933369617
TAG56:5FA16:0	0.779318074382864	0.986612517601188	0.212952820185042	0.786365557346685
DAG(18:2/20:5)	0.198752261147478	0.612636271883652	0.212597375034225	0.81683752326798
TAG58:2FA18:1	0.980738626203994	0.979698960482423	0.212680104323592	0.787388275365183
CE(22:0)	0.834936140971941	0.21989778456177	0.308531956257022	0.642233917676304
TAG54:5FA22:4	0.337301119046203	0.712710364883926	0.201600258810554	0.797938572890498
TAG58:3FA18:1	0.999922240028639	0.959425790767213	0.210911751044119	0.785544192118091
TAG56:3FA20:2	0.64330266341628	0.748924746491568	0.213286399663957	0.81789567253
TAG52:2FA18:2	0.850000116556653	0.769471892774866	0.21377804597681	0.791066509793035
TAG53:4FA16:0	0.942142817825829	0.939052682739661	0.211554672231541	0.787756536048219
LCER(22:1)	0.302398837224622	0.585966256726295	0.274841747705332	0.798200758756056
LPC(20:4)	0.201159370812444	0.121387444584354	0.415222257291386	0.546319355591952
TAG48:2FA12:0	0.540060870487207	0.991265025297912	0.213038880023502	0.787460227861399
TAG58:7FA22:4	0.678444127748036	0.595727149217329	0.224382667641461	0.79180277535111
PC(18:0/18:0)	0.563655319673214	0.94410590903061	0.235711870434568	0.782462444891022
CE(18:3)	0.857917639753285	0.628789672380944	0.286926812502684	0.769196313234868
TAG51:4FA20:4	0.176670212050667	0.174099982595388	0.176450505685069	0.787024919903258
TAG56:4FA20:2	0.369985206795141	0.508174580819496	0.20092435143601	0.858145577452346
DAG(15:0/18:2)	0.482682250891913	0.659261854286457	0.231106183240458	0.807230932820571
TAG46:1FA16:0	0.906588183585112	0.592591537165781	0.197975178910937	0.772078192300523
DAG(16:0/16:0)	0.532147042873668	0.573400045732152	0.203436607906159	0.796311790646649
TAG54:5FA18:2	0.0598740059601009	0.126904839926258	0.191508722954573	0.750294255394027
TAG42:1FA12:0	0.416697710248954	0.922706188409817	0.216497312290148	0.790918409086365
DAG(18:1/20:2)	0.657324524783282	0.366273673850281	0.223380421799234	0.704082294717748
TAG52:7FA16:0	0.722337397384075	0.617965271907531	0.195509643980159	0.790266103061067
TAG55:5FA18:1	0.543732070232002	0.778046546618318	0.214821421144005	0.790494967638825
TAG52:2FA20:0	0.743536226044052	0.502103779428035	0.205157776204839	0.765425133268528
TAG46:1FA14:0	0.292306985130369	0.304384114667299	0.186131336657882	0.765478862382555
DAG(16:1/20:2)	0.185643396319556	0.202773438699505	0.257095303921432	0.736878258387443
TAG53:5FA18:1	0.517566796310861	0.512416498186789	0.213810057053783	0.780692880665335
CER(18:0)	0.457038688442208	0.821788139756423	0.233376901631079	0.767334608199601
CE(24:1)	0.51275919428022	0.56159499113765	0.234594644684561	0.768841533650863
PC(18:2/20:4)	0.943825542234914	0.825495818193425	0.238116348082711	0.808303459166904
PC(16:0/16:0)	0.92209361750917	0.654934742809384	0.291392290046507	0.732732586506527
TAG50:6FA20:4	0.977403333120054	0.861802879053372	0.209038272159219	0.782216439364908
TAG52:2FA18:0	0.935485231451209	0.906340939205253	0.213181617096062	0.78672778645704
TAG55:2FA18:1	0.296060441177705	0.723482910518665	0.225504850168232	0.793458386183618
CER(24:1)	0.756464218189244	0.837752423247328	0.233822859260474	0.753946630459226
PE(18:0/18:2)	0.871032960045367	0.853163958830832	0.208994615067981	0.802372821873029
TAG52:0FA18:0	0.838130532605574	0.695264567492512	0.196725746701256	0.782587034422781
TAG50:4FA14:0	0.443932462461512	0.632599318475806	0.207363580164786	0.801377442071569
TAG52:2FA20:2	0.479882576308163	0.654259245935386	0.207905382218506	0.785654597110267
TAG58:6FA18:0	0.312480621851581	0.22220021640528	0.207023750878215	0.907077202981716
TAG55:6FA20:4	0.434038645376994	0.434867091766184	0.203176256918278	0.770695900949901
PE(P18:0/22:4)	0.747153659616848	0.692463289534998	0.202423988408018	0.777053539435135
TAG51:2FA18:1	0.479794895588137	0.52901236030187	0.204464561692219	0.748695722162055
TAG50:2FA18:2	0.774288022689375	0.989885542131507	0.212523160131516	0.786752800424704
TAG53:3FA18:2	0.971606120663045	0.802830432460682	0.214745123440326	0.774422897079233
CER(24:0)	0.671917118554682	0.0815137638808825	0.271876597601045	0.507378712170663
DCER(22:1)	0.926655191331483	0.78242932454495	0.213844975496955	0.784662323667572
TAG46:2FA12:0	0.605812191146144	0.960622278963764	0.211838644298841	0.784951888546192
SM(22:1)	0.966308796504853	0.862213385595365	0.224851701360227	0.809629459357311
TAG48:1FA16:0	0.246079656659071	0.338795581187839	0.191362265791693	0.794664915944752
TAG56:3FA18:2	0.823034365736129	0.972221989786883	0.211690869818102	0.786270211227911
DAG(18:2/22:5)	0.575310990672708	0.807729392469757	0.210100132480981	0.793476849724013
TAG57:9FA22:6	0.903801418069823	0.903417039940268	0.209840919447322	0.789505929797432
PC(18:1/18:1)	0.979302400043482	0.77265822676258	0.262678155687408	0.76957552832719
TAG52:4FA22:4	0.47977327357983	0.436280530751417	0.184775994640144	0.813084979045518
PI(16:0/20:3)	0.495833694194985	0.440015606831987	0.32769269684981	0.748617692171795
TAG50:2FA20:2	0.405299497510123	0.348793621398648	0.196721526319889	0.76411408344301
TAG58:10FA22:6	0.0894881850760714	0.330983264184985	0.22411929580032	0.871081340978149
TAG54:4FA22:1	0.103754074364793	0.0940606865084447	0.204242487789727	0.833639126692906
TAG42:0FA14:0	0.638946487565674	0.89364790503583	0.209602279669294	0.780954445410075
TAG47:0FA17:0	0.422106456610021	0.307914064174763	0.176014309966304	0.791808923867604
TAG48:2FA16:1	0.236105846887578	0.776763835198195	0.21431071759273	0.780576745000716
TAG54:3FA20:2	0.749374080473532	0.863687367620204	0.214059630504469	0.798946086862053
TAG42:1FA16:1	0.523930145390433	0.384605292673905	0.185421702956735	0.773231362332213
FFA(18:4)	0.364143673774781	0.321235838296501	0.295813166222606	0.76672383831808
DAG(16:0/22:6)	0.923733223265136	0.936094628557848	0.212124436725107	0.7954186510922
SM(14:0)	0.853915041261878	0.987162337588779	0.230854704069451	0.789183716050231
TAG47:1FA16:1	0.24223369288017	0.48137861260556	0.204296284650373	0.77959696188239
TAG51:4FA15:0	0.53694905065291	0.794839735453086	0.212644249331981	0.795814624168244
TAG47:2FA16:1	0.219602517979798	0.596034424342022	0.213352402441971	0.763668396306709
PC(16:0/22:6)	0.443338351464468	0.56995676927933	0.184357902456398	0.905532496494386
LPC(17:0)	0.245468279846398	0.332785467482644	0.181008567213369	0.825151773711397
TAG55:3FA18:1	0.45525936206038	0.835202499750976	0.220611924119197	0.78605120990381
TAG46:3FA18:2	0.939849866543384	0.510575064071437	0.195525315810047	0.787877877823327
TAG53:1FA17:0	0.414959601080796	0.20968504300147	0.177153156785543	0.760915346766007
HCER(24:0)	0.79647408268735	0.765648658913622	0.202071627630993	0.819115334101161
TAG53:6FA20:4	0.45552957027364	0.829799267086116	0.210033153143126	0.780268662835667
TAG54:3FA18:2	0.32157325504954	0.381611201743034	0.212570333100534	0.811065140613251
TAG48:5FA18:3	0.106341483186171	0.317485195391752	0.223867308145973	0.77866031518335
TAG50:2FA14:1	0.172858738079502	0.116128932472737	0.174709331511812	0.753234135207351
TAG52:4FA22:1	0.252358309358228	0.134363769564689	0.183271416701637	0.866333479580154
TAG52:1FA16:0	0.801798502098838	0.824894664973552	0.207017214268018	0.783466860673681
TAG54:4FA16:1	0.531530025787744	0.445617698441068	0.191167282848493	0.866470719145885
TAG48:4FA12:0	0.17952979490973	0.513452794325536	0.220175707672055	0.797588893269163
TAG58:7FA16:0	0.712448698448814	0.440520228894571	0.197479509818619	0.809482877535698
TAG51:2FA16:0	0.30454906947745	0.481910935047915	0.208128997716549	0.772346308440339
TAG56:6FA18:3	0.187260001293697	0.379636453757253	0.192978523297479	0.826976471494336
LCER(16:0)	0.578442729496368	0.719492554070523	0.234005032015204	0.814173108409768
TAG52:6FA18:2	0.0948433113597008	0.0488736577259351	0.172333145733456	0.893125535916651
DCER(22:2)	0.854154637312371	0.784939198704674	0.233353681494492	0.744944946607856
DAG(18:0/18:3)	0.750820084876141	0.883879341406711	0.210889811965764	0.788938143475325
TAG48:2FA18:2	0.683556451936726	0.51357852537802	0.203819079809996	0.782115812761922
LPC(20:1)	0.233418669427622	0.119801225809983	0.160286626327654	0.786186934947718
TAG54:8FA20:5	0.144348052725891	0.311343072384442	0.232390868005315	0.86401121565245
FFA(22:0)	0.997256114554894	0.980622541646627	0.212983105487887	0.786692345789087
TAG53:1FA18:1	0.840166231220612	0.47735596687749	0.187941142870898	0.775604021051359
TAG55:6FA20:3	0.721349751093314	0.793590009278192	0.223640548390332	0.782384478983738
TAG51:4FA18:3	0.833465586995615	0.522375171037733	0.211631210400431	0.807161930241941
TAG58:10FA22:5	0.100245877135517	0.350553720116938	0.227148400070385	0.831200455603302
CE(20:0)	0.210074970023048	0.848197008112748	0.206571535405307	0.781217813813319
FFA(14:1)	0.660545686327076	0.902589909037016	0.222245460795423	0.787898053584048
TAG48:1FA16:1	0.265433389717332	0.657844202590899	0.207169024290657	0.797529856352363
TAG53:2FA18:0	0.451970042838129	0.292502940840722	0.196037323220863	0.776603922372676
TAG54:6FA18:2	0.0577459749438336	0.193896240359114	0.191182538706994	0.716400861056582
FFA(12:0)	0.641490365464055	0.961675728953162	0.212118222934582	0.793627732805014
TAG51:1FA18:0	0.216266390762262	0.0997339663322855	0.161753988402597	0.7696637974087
DAG(18:1/22:6)	0.411017985686971	0.791780327950653	0.210586199225795	0.817394695474881
DAG(18:1/20:3)	0.554061902919394	0.500313828044073	0.205225526033348	0.763463736512186
CE(20:3)	0.148087540508026	0.142923883327613	0.398070989455023	0.781050790647686
TAG36:0FA12:0	0.322737668363855	0.608179369035906	0.209554669144718	0.813485892341407
TAG53:2FA18:2	0.899052962419717	0.553215363835301	0.204588220408089	0.787371919950429
TAG53:1FA16:0	0.634627667235724	0.978817354199536	0.213444194510783	0.786777204909596
DAG(16:0/18:3)	0.84348085525646	0.520240986555076	0.207885606125007	0.775416910232051
PC(18:2/22:6)	0.684391621594121	0.395021307771224	0.292992333974124	0.691993090228439
PC(16:0/20:5)	0.171640182441059	0.791885828784483	0.207042789951558	0.826397041925134
TAG47:2FA14:0	0.365088408923298	0.247333794515826	0.188441801886226	0.76409595439874
PE(18:0/22:6)	0.624760988092734	0.922362684601109	0.219657675507061	0.817304002017777
HCER(24:1)	0.686593302377785	0.49685412664601	0.183476890847768	0.82050183740123
PI(18:0/16:0)	0.705273008624542	0.555203163114863	0.181838865765806	0.727724564227031
TAG53:4FA18:2	0.647941036679176	0.850402604332185	0.209497434276277	0.793455723947085
TAG54:5FA16:1	0.976346802436999	0.614442260255021	0.206071544033087	0.820532529249202
PE(16:0/20:4)	0.456768308244956	0.861882166013137	0.209362062031251	0.811750565933973
TAG52:1FA18:0	0.743770046154256	0.714094424719193	0.201180620637705	0.784481850601958
PI(18:1/18:1)	0.334475981525466	0.144608801482621	0.309353858792209	0.944397974478304
TAG54:5FA20:4	0.550671575604888	0.818440169923459	0.205708751046668	0.789924888056485
DAG(18:1/18:2)	0.61759913616483	0.499071633827701	0.19684341166135	0.821592173829248
TAG56:8FA18:2	0.197175485687723	0.412555798419671	0.214776431060259	0.842226063179861
TAG56:8FA18:1	0.094266546860568	0.325198821456671	0.235041619020687	0.868627936710746
TAG46:1FA16:1	0.227266077926504	0.408160988871323	0.198208079902422	0.785220256632388
TAG53:5FA18:3	0.366811688953299	0.247392009171981	0.192376813461808	0.823663342321971
DAG(18:0/18:1)	0.819422481356843	0.952337585566919	0.211546935897573	0.783786588556828
TAG42:1FA14:0	0.480942771032646	0.274196000518798	0.169180219332488	0.7635373794875
DAG(16:0/18:0)	0.29481965612866	0.279137169757906	0.182216724876387	0.78906685245156
TAG46:2FA16:1	0.351722355452079	0.600889872770933	0.21159852453429	0.764616090684659
TAG56:7FA16:1	0.243191302830161	0.14407185788956	0.190373203061116	0.954855390766918
PC(18:0/22:5)	0.383220003813486	0.541528918135857	0.314813355464235	0.729725913884773
TAG47:1FA17:0	0.438859448397426	0.200095756480737	0.182145724994904	0.757984966510336
TAG49:0FA17:0	0.371718325759659	0.436093715690982	0.188291173529086	0.797877424590126
PC(18:0/22:4)	0.113985673123351	0.125597940639114	0.28991204920489	0.994992775303125
TAG54:8FA22:6	0.378370226939815	0.471601906589362	0.21598077418989	0.850609893269959
LCER(20:0)	0.485517324014171	0.912005832867637	0.228228303573341	0.785541220547161
TAG44:1FA14:0	0.980675780560616	0.558218779961082	0.196521337505181	0.7621120811852
TAG50:3FA20:3	0.202223075291327	0.196835984107932	0.177621708800568	0.783381454107157
TAG54:5FA18:0	0.0963297826511459	0.207281822379879	0.189925379395803	0.766833218222697
TAG48:1FA14:0	0.330904528498929	0.257655203325401	0.183598541738976	0.771568183821914
TAG40:0FA12:0	0.332072502795834	0.734754082914426	0.221233654020756	0.802101122948526
DAG(16:0/20:4)	0.198581689346301	0.158596436955899	0.201255740627806	0.821751910507355
TAG52:6FA16:1	0.140982666480629	0.0422670527471539	0.155405573644303	0.918974752724206
TAG54:0FA16:0	0.261628509793382	0.0307584454722228	0.146333176816002	0.716733100977041
CE(22:1)	0.511545143086532	0.612764924013464	0.180452436854544	0.828505821451162
DAG(16:0/20:3)	0.188602448548249	0.176331787225899	0.207970263058283	0.790428703287005
TAG52:4FA20:3	0.380533751463911	0.736405269235671	0.207350488643106	0.782103981950636
TAG51:3FA16:1	0.486960809158681	0.90835038678987	0.210988155604107	0.796583060728539
TAG52:3FA20:0	0.521307706995158	0.388841341068238	0.208562700861802	0.813149208840209
TAG47:1FA18:1	0.247262645470797	0.129320497609831	0.168755931227196	0.745092800465567
TAG53:3FA17:0	0.923676015524123	0.875904646807804	0.214724521254176	0.776566420896174
TAG54:7FA20:5	0.143340023187916	0.306374653481594	0.239651844391085	0.86486060525399
TAG56:6FA20:5	0.150019536924632	0.597188770765439	0.227308842444034	0.84186708843113
TAG50:0FA18:0	0.571793885103934	0.57437386286237	0.191506341511421	0.794557793419058
TAG50:4FA18:1	0.722002367823096	0.628336078068785	0.207522566556067	0.809638886645234
PE(18:1/22:5)	0.278601513083508	0.917445991312202	0.238875520437859	0.775690783041434
TAG46:2FA18:1	0.551546303516451	0.273198889930124	0.174604768033158	0.760663883249121
TAG47:1FA14:0	0.228166044088178	0.180459695212956	0.173247617367197	0.7552439908289
PC(18:0/18:1)	0.270963414077648	0.301662139946426	0.3759348986014	0.705955792211218
TAG50:0FA16:0	0.536498661534126	0.593178838172052	0.193941186900545	0.799826737578045
TAG54:6FA22:6	0.94137552153181	0.892890022757503	0.213549231118285	0.797415061711371
TAG56:7FA20:4	0.888440418566945	0.888355686877329	0.215613187885434	0.783054403522718
TAG52:4FA16:0	0.286705374595172	0.278266187324593	0.196114370768929	0.801865143977815
TAG42:1FA16:0	0.488248411886133	0.311028883069154	0.16900695326591	0.806559986820049
LPC(22:6)	0.0827977004027718	0.110963963691686	0.239697363276289	0.90174846699747
PI(18:0/20:2)	0.436003606020764	0.790162405708322	0.276845207505749	0.74740978045778
TAG52:2FA18:1	0.936816555932864	0.743089606304801	0.215127845197345	0.804770194129558
TAG52:3FA16:1	0.597516519186368	0.235834380334552	0.183069665941265	0.89543252305296
TAG51:3FA18:3	0.828025856466167	0.970036182964746	0.211980166037552	0.786468641009352
TAG52:7FA18:1	0.832851523595061	0.804909401010397	0.207100837362347	0.779692786383259
DAG(18:1/22:5)	0.504179014881636	0.548913551978093	0.208318812210347	0.834140615032205
TAG56:5FA20:2	0.173707388941959	0.391217167653204	0.18963915673923	0.880400966040802
TAG46:1FA18:0	0.464287154002604	0.12765339117945	0.147178119879616	0.783552788972711
TAG56:5FA20:4	0.486651335674772	0.739733878000598	0.219884259390504	0.805837776591991
TAG56:2FA20:0	0.586853534012751	0.817571664250622	0.219014793710476	0.793086612020861
DAG(18:0/18:2)	0.978914083033976	0.969832339240794	0.212932719184683	0.785959237575191
DAG(16:0/20:5)	0.782674324078088	0.375643989087208	0.203911806096169	0.755543940302147
PC(18:1/20:3)	0.123483011363061	0.179906860539802	0.461316967967773	0.730672606942217
DAG(14:1/16:0)	0.666326175292311	0.470183514754995	0.19801448815798	0.836011370370382
TAG48:5FA18:2	0.125770562453072	0.415892570234533	0.223116792653542	0.775973155961363
TAG54:3FA18:0	0.2850343272394	0.311834816860938	0.210841788428602	0.817595222646222
TAG49:3FA16:0	0.655806282898653	0.982703626447204	0.212231948513034	0.786577308328669
TAG49:3FA16:1	0.548200720868263	0.803628644181666	0.208142628848595	0.803895453985932
FFA(20:0)	0.368349971766024	0.806833807062484	0.206804326088762	0.80361124483227
PE(P18:1/18:1)	0.643599141565045	0.127483322531718	0.376740152866881	0.640174761217502
TAG54:8FA20:4	0.473722289320253	0.832621728901684	0.212803728197373	0.790640830590779
CE(14:1)	0.0831131015030614	0.0420375144351541	0.326516461116023	0.75671453841527
SM(20:1)	0.650928414747797	0.281473239257369	0.108186110897741	0.942793307989493
TAG51:0FA16:0	0.648860278813826	0.512913234245298	0.188695016009927	0.794686145266888
DCER(16:0)	0.0366387267551449	0.0688978960036816	0.312167777672009	0.711856963611434
TAG56:6FA18:0	0.278259429853855	0.555441988414248	0.216874764347894	0.827517270645334
TAG48:4FA18:1	0.19924992208318	0.511571695723581	0.226781692459549	0.802565016128359
TAG50:1FA16:0	0.457240291030701	0.665919071391088	0.203361073736027	0.797239409325289
TAG52:5FA14:0	0.459768404669485	0.471293664374618	0.198007542695259	0.766652475981307
PE(P16:0/18:2)	0.602513103330737	0.832317354255792	0.243466497585008	0.759669002453305
PE(P18:0/20:5)	0.397533657680736	0.581506958123298	0.224430557929549	0.707114856585043
CE(18:0)	0.356327535398485	0.367136543622211	0.298424098949232	0.761802290381902
PI(18:0/20:4)	0.852095327500852	0.773996313955829	0.200841515403129	0.798596602757856
TAG49:1FA14:0	0.235005328864745	0.127968846089921	0.173416492420883	0.74922512947237
PE(O16:0/20:4)	0.858202983507679	0.609879032414561	0.226325903163734	0.774016063075831
TAG53:3FA18:0	0.616806064910787	0.645525012510837	0.222142202041529	0.774746277872992
TAG56:5FA20:3	0.778328474160159	0.787854856781927	0.214263273543995	0.803100795806702
TAG48:0FA14:0	0.443856095547281	0.301017529753109	0.175986306824577	0.774112748438018
FFA(17:0)	0.192906739993328	0.430234968077969	0.245129583220625	0.782647441064185
TAG50:5FA20:5	0.976222871917664	0.564156178118709	0.195079698195759	0.762881877637278
PC(16:0/14:0)	0.0402340973111624	0.0263576841416968	0.424300313187235	0.55020927485593
TAG48:2FA18:0	0.397860024469827	0.912162267463013	0.21644545707425	0.788868252221301
TAG50:5FA18:2	0.468323669637981	0.599871269912822	0.206525056777671	0.784025391905266
TAG52:7FA20:5	0.415511390785363	0.880660488415741	0.216812243697136	0.796553366294407
TAG48:1FA18:0	0.740920940567301	0.722028079897991	0.201860673567477	0.774813084000022
TAG56:6FA22:4	0.862953559496628	0.860752546174561	0.21899332792493	0.781424530698511
TAG52:2FA16:1	0.742348849782144	0.764869033237286	0.208724693140224	0.807475374469266
TAG49:0FA15:0	0.211337474016172	0.139210349663537	0.161906089250182	0.788356339712188
TAG46:1FA12:0	0.777407792186313	0.73451758514099	0.20408795935341	0.773498252095932
TAG51:3FA15:0	0.882236920553601	0.984648179493743	0.21277557151692	0.788087122823711
TAG54:7FA18:3	0.025356461190315	0.129921111765646	0.188704116496058	0.710767218832977
TAG57:2FA18:1	0.0920385704705269	0.310603382754174	0.235260432437193	0.885816704444243
PC(16:0/20:1)	0.221818441824846	0.377769958100455	0.236309741829073	0.736411789291592
TAG38:0FA12:0	0.392186970222767	0.649152880604345	0.210877193782868	0.809925087440542
TAG49:0FA18:0	0.289311219547513	0.174882072406878	0.162813702266418	0.779841774441981
TAG51:2FA16:1	0.286905352033782	0.660215127614245	0.216528717216611	0.760671529511773
TAG54:3FA18:1	0.147794003555797	0.135487811849359	0.234684292303482	0.864287900996253
TAG54:3FA20:3	0.49231245584041	0.699666090111852	0.20246482252628	0.779318983550567
TAG58:7FA18:0	0.239195841264552	0.462608085606708	0.215368000693061	0.862574192639364
DCER(24:1)	0.353991338402143	0.513781778299027	0.264317222685134	0.706599155972149
DAG(16:1/18:1)	0.792369592514959	0.811724675355588	0.208434735886746	0.801534143010562
LPE(20:1)	0.373804803362165	0.444363426332687	0.21253967294749	0.823577691880155
DAG(14:0/14:0)	0.361059967867473	0.216378263516875	0.173081219512553	0.749557648851451
TAG48:2FA14:1	0.106124179035133	0.25034168911329	0.192427838571927	0.773031959846111
TAG56:9FA18:3	0.262528091614209	0.223313444029451	0.209355949213165	0.847996749369875
PE(18:0/18:0)	0.600573667008949	0.997578776311298	0.222073936640981	0.791901584546849
TAG50:3FA16:1	0.758170662877364	0.435723511720227	0.191267138581023	0.82632378232858
TAG51:1FA18:1	0.267986355161937	0.227146159731488	0.182504789724464	0.769275883324677
TAG52:1FA18:1	0.838602631156307	0.91378514135869	0.210430922771797	0.784134280109822
PI(18:0/18:2)	0.887002019179341	0.856794800185835	0.25395143749582	0.798410093122024
TAG49:1FA15:0	0.238753414765702	0.196494691746072	0.177470094907055	0.778004016214333
PE(P18:1/20:4)	0.991833244210071	0.978580381120581	0.213567763373799	0.786482186985707
TAG51:0FA17:0	0.300735835836367	0.246135424995718	0.174962485217407	0.792826779407235
TAG48:3FA16:0	0.432438448331921	0.652341698356873	0.20953131997764	0.784104192903719
CE(12:0)	0.149409681495472	0.250590229589826	0.310346077515498	0.707413046893973
TAG53:1FA18:0	0.4055129227554	0.176743897463458	0.168672247365641	0.783894670828904
CE(18:1)	0.832868029922989	0.546198840004787	0.273429399637718	0.753938561500868
PE(P18:0/20:4)	0.82706444218634	0.619547048536979	0.200374702414814	0.816269738294047
TAG54:3FA18:3	0.745188265056301	0.309143177762817	0.202750191470159	0.752531456789849
TAG54:4FA18:1	0.0713806925810046	0.0739269408149945	0.211761853870785	0.839473266358926
TAG58:8FA20:4	0.359604452659765	0.324955260789359	0.186710723891012	0.789887794357651
PE(18:0/22:4)	0.478592827410398	0.860984994554548	0.210905713457934	0.783772792411964
TAG44:2FA18:1	0.633007618003424	0.261700626898939	0.159279959379275	0.801879406541825
PE(16:0/20:3)	0.0262318048702122	0.0763596439898238	0.440474421432095	0.600391949601415
TAG46:2FA14:0	0.489108773651842	0.375630351621214	0.196072406315992	0.764418096598346
PE(18:2/16:1)	0.544191285976249	0.75623413610233	0.244234125185399	0.749719124056799
TAG56:4FA16:0	0.500335785796559	0.671388490298798	0.203253787046525	0.78253750227353
DAG(18:1/20:4)	0.370444262911277	0.382673804155506	0.200117851782219	0.788514073946744
TAG52:3FA18:0	0.761758382861505	0.503594741508108	0.200961622175183	0.808816302282269
TAG58:10FA20:5	0.472631681615105	0.782205542726975	0.21092807116619	0.764493535425234
PC(18:0/18:3)	0.805322246100756	0.759411433884346	0.199305380233142	0.806994394035189
TAG55:7FA18:1	0.793332718442452	0.674471924722166	0.199579490945948	0.770481968820822
TAG60:11FA22:5	0.534258979854816	0.973046409723365	0.212676360332238	0.789849934928748
DAG(18:2/20:3)	0.497187258021725	0.381536211170169	0.216532409870353	0.760670530590766
TAG40:0FA16:0	0.389748771076872	0.845275861717425	0.221919501373034	0.793013802693484
TAG54:5FA16:0	0.783325792302887	0.983297512324836	0.213908688273424	0.786783752247027
TAG58:6FA22:4	0.750461877169697	0.578158510342077	0.23197936983304	0.794117665534059
TAG56:4FA18:2	0.228823466012796	0.393079551088318	0.211683176020198	0.810532623757197
PE(O16:0/22:5)	0.887113918083995	0.42468336423057	0.278155458283369	0.736074783818805
PE(O18:0/22:6)	0.43860077282448	0.833148443710265	0.205586241762573	0.828763463666672
SM(18:1)	0.78764741765884	0.749725736523104	0.200201393575665	0.824435393489655
TAG51:5FA18:3	0.374830960437842	0.246000586372802	0.202580989884558	0.817903138146765
TAG54:6FA22:5	0.915572279114095	0.749080360687767	0.216517102954814	0.796464930905814
TAG56:4FA18:0	0.859343993144774	0.798601518724281	0.212507391233679	0.809218154627194
TAG51:3FA18:1	0.939254853569732	0.972647509299641	0.212613814865016	0.78482928470193
LPC(18:0)	0.204598799025614	0.0264824582651366	0.0780630263784396	0.775823799755795
FFA(20:5)	0.935592498758319	0.555575933439038	0.219122446083949	0.762529910412018
TAG54:6FA18:1	0.0154970167150474	0.0490217066812093	0.186053831493704	0.806886752358431
TAG52:6FA18:1	0.157096957432015	0.142753913720497	0.222467517443041	0.914989255346463
PC(18:2/20:2)	0.0449711443490882	0.0497225089933428	0.0725644535148321	0.97514447249248
PC(16:0/22:5)	0.497503246464465	0.526252355985875	0.171279899279541	0.873674829870718
TAG45:1FA15:0	0.322180345286888	0.229614306315465	0.183247401436993	0.757106187030043
TAG50:3FA18:3	0.936286502414796	0.664962660239619	0.212612866463931	0.77227432836806
TAG48:1FA12:0	0.53559791222275	0.919829996279503	0.210546955459504	0.782752107457419
TAG52:6FA20:5	0.753421702124967	0.950305309894982	0.215348402928894	0.790239155324753
TAG53:5FA20:4	0.268634966493802	0.469846242239125	0.196991483331995	0.775584846100608
CE(20:4)	0.615711447666193	0.871421281606095	0.210267976246891	0.78036016588811
CER(22:1)	0.154586113302297	0.658570580877793	0.284080896539771	0.727293841506398
MAG(18:0)	0.173195506417729	0.0176525254660851	0.181883524314399	0.927859944188149
TAG48:3FA18:3	0.919747715263748	0.842193597712233	0.208994415011984	0.787716865573978
FFA(18:0)	0.489660827644775	0.872095270133469	0.211836695766558	0.788007222009129
TAG52:4FA18:2	0.248178663478257	0.195687332765794	0.183550120024687	0.82477257273602
TAG42:1FA18:1	0.497420812636876	0.930052304481933	0.211705345610138	0.784041053101991
TAG60:10FA22:5	0.409155323246885	0.699075815164683	0.216581661505452	0.80789890092822
DCER(26:0)	0.645829228050316	0.508297238748052	0.213506705463932	0.811758765887358
LCER(18:0)	0.958461925623272	0.574394182449475	0.177088779479826	0.82629559907911
TAG42:0FA12:0	0.393622936314687	0.890066201694572	0.215782781379666	0.793627098837481
TAG51:3FA17:0	0.495124643794148	0.8906958928813	0.218215855862437	0.779049843360628
TAG52:6FA16:0	0.277917771672025	0.0931416148479581	0.209738821084492	0.811440125855412
CE(22:4)	0.522055192708015	0.537262379294884	0.24881035111151	0.809779358769655
TAG48:4FA14:1	0.438105878794663	0.780698433313866	0.207023851875386	0.801400846010052
TAG50:3FA18:1	0.999880563641925	0.911699914704188	0.211545204608917	0.793792855306958
TAG53:4FA17:0	0.656877896390393	0.992105828954569	0.21289241029729	0.787085546114593
PC(16:0/20:4)	0.549524296267578	0.742342338669941	0.209169024719707	0.781964811527117
TAG44:1FA18:1	0.939975745957071	0.406859020638806	0.180565954858811	0.769458064210963
TAG48:0FA16:0	0.582999384961293	0.766390708580737	0.203709747263085	0.799681428636204
DAG(16:1/20:4)	0.193380974850872	0.422790534701972	0.208615073034276	0.79471100051571
PC(17:0/18:2)	0.606042402470891	0.685430980676693	0.301707018393445	0.730003656591715
TAG54:4FA18:2	0.0860303041784115	0.106637287591766	0.200901375655645	0.819815294050001
TAG50:0FA14:0	0.536161631400391	0.17193484300812	0.158736692765104	0.748087408388274
TAG58:7FA20:4	0.726451584280921	0.554746517361502	0.202897555290615	0.75997328598588
TAG52:4FA18:3	0.277614077462589	0.117163683358745	0.204834408062783	0.81688327863756
FFA(16:1)	0.964209859473786	0.590020297900131	0.191516602001307	0.834174857877339
TAG51:3FA16:0	0.627420916865574	0.772130503255983	0.21262332765049	0.783029429775416
TAG50:4FA18:3	0.807187822357446	0.31759598696203	0.198150487386804	0.820373430109771
TAG54:4FA20:3	0.690581389368639	0.832163846508857	0.207747344705855	0.780362655225927
PE(O18:0/18:2)	0.803073697203983	0.940456691403214	0.241379602666866	0.78016302281679
PC(18:1/20:2)	0.722549059124319	0.872757594524029	0.217747599458707	0.795777461172542
TAG49:2FA18:1	0.359826009613976	0.481480110360988	0.20797410887915	0.744410899145523
PC(18:1/20:4)	0.881444206952411	0.83385503256764	0.222737382180057	0.793413894058818
TAG47:0FA14:0	0.391596912896648	0.322809150934073	0.178546966498192	0.7765982643916
TAG52:8FA18:2	0.941149541572004	0.898951269158738	0.211404682335635	0.785074254871651
FFA(22:6)	0.801735918271709	0.863570822248579	0.208138396904342	0.769674170203718
TAG47:2FA15:0	0.366958238882338	0.328771484152667	0.195208179906908	0.762526291790813
TAG48:2FA18:1	0.990564066492112	0.777909070475854	0.206889786311093	0.77194955436023
TAG55:4FA18:1	0.408988690065238	0.640080367709856	0.224098056463278	0.776725875044007
TAG52:3FA14:0	0.783860333879455	0.547396392099523	0.212270688619884	0.74487922074337
TAG46:2FA16:0	0.631664241673394	0.948367332431813	0.211563020144803	0.785045503457464
TAG54:4FA20:2	0.561937766564491	0.688902668251704	0.206535467089423	0.823306069404014
TAG48:4FA20:4	0.924285089787844	0.586072455198257	0.196420062768974	0.769076044519037
TAG56:3FA18:1	0.349356435156973	0.514132168711277	0.225357233806121	0.816801724883251
TAG54:7FA22:6	0.806820584364113	0.670665195975672	0.209949609897869	0.828363693732677
TAG49:3FA18:2	0.483636182023078	0.707870348430191	0.217430319573995	0.769102805284725
TAG52:3FA16:0	0.552073550137172	0.372524819781001	0.205098846605857	0.825880276110831
TAG54:8FA18:2	0.0390078116483227	0.139232339121755	0.20140836768363	0.768404629615463
TAG54:6FA18:3	0.0227527760900353	0.0659319374524077	0.178811127122044	0.778295591197707
TAG56:8FA22:6	0.222911179055164	0.453795392774566	0.217138027652269	0.856555500767296
TAG58:8FA18:1	0.0614131892151729	0.191572637082147	0.24152240984496	0.922507978863215
TAG55:7FA22:6	0.565850923678265	0.861229911888514	0.212920097361256	0.810530819339768
DAG(14:0/18:3)	0.617401542847745	0.66059437957538	0.210508043056944	0.798397268750491
PC(16:0/22:4)	0.44739218600442	0.447310279579633	0.237668574874471	0.845693759776424
TAG56:9FA20:4	0.909926192393556	0.788846336905043	0.212444453543936	0.784882408086466
TAG57:8FA22:6	0.229332980731262	0.482000231980543	0.213983697003311	0.851617619805169
TAG56:2FA18:0	0.894867756818885	0.913860274313511	0.210352015976027	0.783210167221143
PC(17:0/20:4)	0.283286169254558	0.975458650681116	0.21290845352499	0.785336458626494
LPC(20:2)	0.171722133831398	0.078892948198936	0.14482688249039	0.706912262490575
TAG45:1FA18:1	0.40898578789908	0.211783358903504	0.170836298282909	0.762180732296524
TAG52:5FA20:4	0.257410697760687	0.650463644150179	0.200917484094388	0.797171365918575
PE(18:1/18:1)	0.508119463470961	0.525137381476843	0.217021008321951	0.794099642276861
PE(P18:1/22:6)	0.895414222022668	0.768801633861699	0.200622198071531	0.861680483452019
PI(16:0/20:4)	0.29583320443977	0.732839214763225	0.261112133550546	0.792029401456172
TAG49:3FA15:0	0.664609888687992	0.965121540173139	0.21244889667973	0.788625496637954
TAG51:2FA18:0	0.557818747169769	0.403674207154291	0.194032910931957	0.79111870481637
LPE(20:4)	0.856851198758226	0.714346932316601	0.211022277772218	0.736783929640288
TAG44:2FA12:0	0.600403822411284	0.823678477707826	0.207932686156935	0.779659387207468
TAG56:1FA16:0	0.400729222134845	0.277522087411973	0.178080328830646	0.76551699643361
MAG(15:0)	0.282333316469803	0.740160701092694	0.219008175329915	0.790733973248174
DAG(16:0/18:2)	0.833768743000753	0.715052125999689	0.208432502446899	0.782984455226818
HCER(20:0)	0.0952718422348061	0.128239627661942	0.127731568080974	0.90009791930177
LCER(24:0)	0.862657400700884	0.795162032264048	0.233106175129677	0.779849852909027
TAG49:0FA16:0	0.352347837227258	0.361751979086479	0.182633563015098	0.80138934141348
TAG50:3FA18:2	0.881836047027039	0.739208984343311	0.206935783583685	0.802625748946997
TAG55:7FA20:4	0.822975887286084	0.641035304202721	0.226981080324379	0.76399502356387
HCER(22:0)	0.494263263731065	0.563012681530516	0.187212097693181	0.81923620230309
TAG58:7FA22:5	0.142546238977338	0.245391525497669	0.236745087656885	0.877066809572685
FFA(22:2)	0.924173474495066	0.926895142172117	0.214005858774891	0.792993443353371
TAG44:1FA12:0	0.99292573352366	0.550240716377439	0.199240060227041	0.758690748453837
TAG46:0FA12:0	0.559016445016194	0.889799174993862	0.209595414807152	0.781380747360788
TAG52:6FA14:0	0.808261975873796	0.873545346910789	0.210317489881441	0.778899551605593
TAG51:2FA17:0	0.367527674260675	0.488356010309429	0.214068781122606	0.775474410503327
TAG56:3FA20:0	0.470603958208432	0.715181032543781	0.217383250830516	0.787937863280956
PE(P16:0/20:3)	0.155429578047365	0.130782311902577	0.360630832301768	0.600456243670843
PI(18:1/20:4)	0.233469214616792	0.764443263579775	0.246296225541281	0.802390846980076
DAG(12:0/18:2)	0.442937295107757	0.773148001135942	0.217575897117258	0.787657299273461
TAG52:2FA16:0	0.951230533577615	0.690986220010192	0.21456967140623	0.804832438464155
TAG52:3FA20:1	0.965356145133849	0.850951603726084	0.213309365274213	0.775417204825058
PE(P16:0/22:6)	0.423537068089881	0.327175073602129	0.153590032835018	0.979543279841607
TAG56:5FA22:4	0.635953149638872	0.931603929641709	0.211270501683954	0.788846552033184
TAG56:9FA22:6	0.200621367171887	0.398424452682448	0.214017636168312	0.860158550856742
TAG55:7FA20:3	0.579133979367376	0.836851312275394	0.221447892076664	0.784684062398991
TAG50:5FA16:0	0.95724054910101	0.447456341321457	0.219330816730323	0.817646134748473
TAG56:3FA16:0	0.52143672779821	0.409482840507315	0.202147483500886	0.767363678839284
MAG(18:1)	0.318535455088916	0.720847238850925	0.217265367650758	0.831842490964447
PC(18:1/18:2)	0.826679892612918	0.737303079040631	0.300362421338864	0.770272523517748
TAG56:6FA22:5	0.31056940440012	0.427440565508079	0.222419245969998	0.838623978709228
TAG57:3FA18:2	0.0929094882086565	0.354288488961746	0.223288965387568	0.856084850004991
LCER(18:1)	0.831694273624456	0.693914481833538	0.224101847541369	0.777468705764817
TAG52:8FA16:1	0.27423163321827	0.372626033836692	0.202044888390761	0.767434823975752
TAG58:8FA22:6	0.106926202010852	0.275563757755293	0.232082678214193	0.901485479519514
TAG50:3FA16:0	0.809329831960411	0.512258575360841	0.198410582450661	0.799931981967497
FFA(24:1)	0.372531553761294	0.518593453678461	0.199463734944202	0.791261056219166
TAG55:7FA15:0	0.485883112244885	0.959092070273397	0.212904289429538	0.795446332142854
DAG(16:1/18:3)	0.634410924330258	0.79197293048615	0.209794192817458	0.791154371757091
CER(20:0)	0.774465263068154	0.795948126468614	0.203334433988221	0.827807078447872
PC(18:2/20:5)	0.293993359163564	0.921751301053092	0.218433569985598	0.777536249254984
TAG52:5FA18:3	0.169411366578253	0.064372352008143	0.179859708897533	0.793148203275722
TAG51:0FA18:0	0.381278455159654	0.23611587623818	0.167454805498086	0.79246963534708
TAG55:3FA18:2	0.309568029946502	0.748299991952445	0.21988545937137	0.778669033587039
TAG42:2FA18:2	0.340685004067942	0.89420939030478	0.220388781974768	0.788649018463231
PC(14:0/18:2)	0.466207086065333	0.45814940712516	0.370361707103757	0.699803279018241
TAG50:3FA14:0	0.906335117276563	0.954510153345705	0.213000337556923	0.783626412652972
TAG54:5FA20:2	0.312799236511647	0.359716163773447	0.188081123586614	0.867437547175927
FFA(20:3)	0.93205102747262	0.930213358129748	0.211310634692721	0.781730436252311
TAG56:6FA16:0	0.332455989018694	0.361577926242936	0.215717959309249	0.844485252389825
PI(16:0/18:1)	0.208599244053195	0.15450178550319	0.329859025156878	0.897381722769665
TAG52:3FA18:3	0.460900965123434	0.327846328786663	0.212397557035049	0.786169156518966
TAG58:10FA18:2	0.127323690447867	0.403457418748281	0.222427792242166	0.848083176063515
LPC(16:0)	0.0471420550337035	0.00885799817726516	0.1169896367327	0.733563553844893
TAG44:2FA16:1	0.324473958203235	0.374066633661623	0.197754306674422	0.767457451980446
TAG56:10FA18:2	0.308018109463438	0.72994987900403	0.220026979863741	0.780805349933041
TAG56:5FA18:0	0.450935554425598	0.636042063140772	0.216689888903225	0.820526317068338
DAG(14:0/20:0)	0.0135622746893588	0.000530789209655348	0.477475117379789	0.66182474837863
TAG52:1FA20:1	0.410367713810328	0.364513195162392	0.185387685667022	0.790157203831372
CE(14:0)	0.236870194193614	0.0978606278301357	0.407744935620124	0.63038956185016
DAG(18:1/22:4)	0.995875766036359	0.704285478459698	0.206644977526227	0.77515478791281
PC(18:0/20:3)	0.0215173486732044	0.0481228599822359	0.577279787929482	0.658370270789527
TAG54:2FA18:0	0.502171913742653	0.598564583022892	0.22462517550174	0.803375932241023
TAG56:7FA22:5	0.262183911782349	0.391288234939751	0.212836932394434	0.832284086237657
PE(18:0/20:3)	0.15995055565413	0.374707483275164	0.343725364696037	0.68751896941262
TAG51:1FA15:0	0.32026593721291	0.135685993139875	0.161370520640447	0.757038309619789
TAG58:7FA18:1	0.0802009496805626	0.0948602943110081	0.227674785602656	0.970600350438096
PI(18:0/20:3)	0.281523101798519	0.291819741662628	0.439016995685503	0.643834039867959
TAG51:4FA18:1	0.512637416949414	0.323111464586566	0.204790330767829	0.817606354735681
TAG52:6FA18:3	0.096439740023662	0.0364446089212953	0.154502480827996	0.835962040711641
TAG44:2FA14:0	0.513917185473392	0.914781812289776	0.210577761689865	0.783405835826192
TAG50:5FA14:1	0.961644810103607	0.890052521009503	0.213416867216518	0.787436250170962
TAG54:2FA18:2	0.725081733065511	0.859758695141314	0.213451636672013	0.789459308226736
TAG48:2FA16:0	0.366765717073319	0.487693024991346	0.20433654057952	0.784816242987059
TAG56:6FA20:2	0.15549604981981	0.450657697948786	0.190962905332719	0.84586053283185
TAG56:5FA18:2	0.18009904355564	0.37830581290201	0.194287789146701	0.845577487622444
CER(16:0)	0.405093888223322	0.532972116910335	0.276589365816021	0.682938651689359
PC(18:2/18:3)	0.676033624005259	0.851115428738852	0.205960943681917	0.790849010743905
TAG49:2FA18:2	0.377944199511861	0.27081991486302	0.19773795846627	0.78633834729766
TAG54:3FA20:1	0.62548178888327	0.745070199434113	0.212606777116509	0.807076617792061
TAG44:0FA18:0	0.871552376017649	0.725256016651891	0.216044844019684	0.783266753840911
TAG54:1FA18:0	0.638214639027682	0.893778791857116	0.217795084789456	0.79115864303868
FFA(20:1)	0.432598778856036	0.631020223044686	0.22212583692225	0.824044007243916
TAG48:4FA14:0	0.790857637245298	0.74809270938063	0.208102432390468	0.807773186272683
TAG48:3FA16:1	0.489948072611284	0.887193154293956	0.210176651139275	0.796734140362883
TAG49:3FA18:3	0.733214822814449	0.922157131510848	0.210916569203923	0.787629000739671
SM(18:0)	0.861686809129399	0.668362141011306	0.187053286097766	0.838282239672342
PE(P18:0/18:2)	0.726493122327037	0.957410175139232	0.238500847462932	0.782384836646401
TAG53:2FA16:0	0.866256656403034	0.643120339608975	0.199291814771072	0.794912895122055
PC(18:1/18:3)	0.950635076932323	0.60491099489594	0.177895649905893	0.828852993150536
TAG53:4FA20:4	0.258604752928092	0.269651903257206	0.186653305822498	0.784246155409617
TAG46:3FA16:0	0.53291122124472	0.912129496461646	0.216403141851673	0.787242843419717
LPC(18:1)	0.223940867442746	0.105334800431669	0.185413119259737	0.673421269522544
TAG50:2FA18:1	0.471880987370588	0.790395227773409	0.212697135493225	0.774332129337182
PI(18:0/18:1)	0.237741771622972	0.112951431879987	0.329852866062782	0.967824985810845
TAG48:1FA18:1	0.398973830436195	0.304425555475905	0.18539938569723	0.767523464425249
TAG54:4FA18:0	0.132746659813775	0.238804952781038	0.193802743791145	0.788571699340123
TAG54:6FA16:1	0.63993792130511	0.812671339274006	0.21094087775245	0.800718727462954
TAG56:6FA20:4	0.960114623284574	0.928993058926466	0.216320511686657	0.788270410804175
PC(20:0/20:4)	0.464645421471861	0.589980312689185	0.205817856610023	0.802901706175927
TAG54:1FA20:0	0.442427694171149	0.203570270217784	0.177301841134682	0.745453648435529
TAG44:2FA18:2	0.742036922375799	0.605898361185958	0.195354477898511	0.788093619553471
PC(18:0/20:5)	0.338683001689175	0.94004489554138	0.211205432471342	0.799580122265331
TAG58:7FA22:6	0.253839607758831	0.476692125591383	0.218314343005481	0.868245445735628
TAG52:3FA22:1	0.40758385562424	0.344975760798674	0.202786290279861	0.830952695323048
CE(16:1)	0.120598771490092	0.116533617268475	0.420093857212974	0.718669154303808
TAG54:2FA20:1	0.936222116152171	0.947389056483661	0.212003384537868	0.783772545276689
TAG44:1FA16:0	0.360466320196092	0.184031438803854	0.161418952443429	0.781030479385113
DAG(16:0/16:1)	0.516895861064589	0.774988261425058	0.211948361563855	0.77922205118618
TAG46:3FA14:1	0.185462658684868	0.317460428702429	0.19988311625658	0.760170829820993
TAG52:6FA20:4	0.305784645741474	0.675661640918722	0.204291858098365	0.788119614439204
CE(16:0)	0.741928996858617	0.965836548686087	0.227519330324375	0.784608763668939
PE(P18:0/20:3)	0.396754902338436	0.510562732116099	0.296185688235229	0.68267588598752
DAG(12:0/16:0)	0.464437946056068	0.839914466538573	0.208609732885986	0.796375237831397
TAG45:0FA14:0	0.457574563684669	0.456165725348954	0.184917824118698	0.780545600425905
FFA(18:2)	0.333542747790073	0.296373849338181	0.17596259402946	0.821714555996952
LPE(16:0)	0.318417899470052	0.0260072936894778	0.115429843679858	0.880153261150287
CE(20:1)	0.2467412386503	0.567149563271655	0.184927623845044	0.7713594059083
DCER(22:0)	0.226032276678449	0.0944573831701725	0.293425361922574	0.687420872497376
PC(14:0/18:1)	0.120021510842358	0.194506615999492	0.393454963800445	0.626989884061687
PE(18:1/22:6)	0.632443976074843	0.280085324779131	0.136569828596878	0.925912763280175
TAG48:4FA16:0	0.730779177777647	0.864203002298361	0.212993308704834	0.790418181990788
TAG54:2FA16:0	0.923455773670448	0.792487828584872	0.206095175993432	0.776275171162143
TAG58:9FA18:2	0.069274330041442	0.249930270417617	0.22339408375623	0.883198270976519
TAG52:5FA16:0	0.164109489293323	0.123432735683564	0.194256517251833	0.77212162650994
FFA(15:0)	0.673658318115122	0.877853880859406	0.209739283428264	0.796861904961382
TAG52:5FA18:1	0.169726702940892	0.0512893140270959	0.165274313224682	0.958991701205206
TAG54:5FA18:1	0.0339866782738362	0.0692017552697515	0.193450753559591	0.79142863470624
FFA(24:0)	0.522452449077979	0.57158754322569	0.191511631052741	0.928010813094968
TAG54:5FA22:5	0.713781880015305	0.912422948607792	0.210660187529901	0.786485751901922
TAG58:8FA18:2	0.101665432732451	0.187724370522655	0.215406529381448	0.891607630682979
TAG44:0FA14:0	0.767974750571105	0.535662953582318	0.190649209237314	0.771323506603428
PE(P16:0/18:1)	0.881615422058191	0.533224961841035	0.264574516147847	0.71050017879123
CER(22:0)	0.36144562608156	0.145820243719896	0.316606775530959	0.588423530282536
TAG52:4FA18:1	0.221835538823774	0.0835250344165232	0.165956986729572	0.914524326113725
TAG58:8FA20:3	0.444245005327336	0.334747210582449	0.20145845744689	0.750601406410619
PE(18:0/22:5)	0.878357143352873	0.389577019687289	0.162057877677133	0.900262548904837
TAG47:2FA18:1	0.300462717885997	0.203830496756804	0.180901040851165	0.735208945591583
CE(22:2)	0.349964043379854	0.967777470442415	0.211633714157679	0.787659421794774
TAG55:5FA18:2	0.538560443201278	0.911708838650227	0.210992241565103	0.780579631211877
TAG52:2FA14:0	0.505048473758587	0.187765704905002	0.187383912805143	0.72385405776932
FFA(22:4)	0.344385778233489	0.488162700446495	0.198725084996582	0.844275062657574
TAG54:1FA18:1	0.72351029448319	0.989873546839375	0.213945009329547	0.787134399461572
TAG40:0FA14:0	0.650272530920641	0.865847637326412	0.213335206861784	0.794697779571105
DAG(16:0/22:5)	0.750630076269817	0.677252008190251	0.210250138817984	0.797837865874241
DAG(18:0/22:6)	0.635678111572486	0.785644264388309	0.226906467327688	0.784411955667411
TAG47:1FA16:0	0.263850525207207	0.292003419200178	0.183713951217336	0.781688257664883
DAG(18:1/20:5)	0.267990620925145	0.773553371827197	0.215643348430989	0.808773218006652
TAG54:3FA16:1	0.689080103706132	0.619635697566209	0.203334731653711	0.836449170886501
MAG(16:0)	0.510056343632984	0.125872384454864	0.248644859660422	0.866047911928987
PI(16:0/18:2)	0.462209908132549	0.614476709957806	0.283872863170383	0.819342154354012
CE(22:6)	0.48094633715314	0.716203545847249	0.198478588315751	0.849311132083175
TAG46:4FA18:2	0.792098519558369	0.452653741180016	0.188719442810504	0.848463876584644
CE(18:4)	0.970936802625694	0.768248068225641	0.245984822502869	0.767405243789823
TAG54:2FA20:0	0.938334683807493	0.718633951847989	0.208569648292741	0.781850459747204
TAG56:6FA20:3	0.684418533411276	0.810951075188858	0.211526395266826	0.797348430829918
DAG(18:2/22:4)	0.390023704511297	0.690815195690232	0.209345338214373	0.80376558361939
DCER(24:0)	0.30855888965568	0.182537691760869	0.284556127137295	0.616433356483323
TAG58:6FA16:0	0.700912704996665	0.646938452796663	0.199207702700491	0.832016073195093
PC(16:0/18:2)	0.602050372426782	0.90159967442271	0.268957143947432	0.775218679922906
TAG52:3FA18:2	0.575946328742292	0.416469085290168	0.205566723075001	0.822421538408145
TAG48:0FA18:0	0.795916714270085	0.41670720157025	0.181609841359287	0.770091083310769
TAG58:7FA18:2	0.358743173354101	0.44330986800259	0.207099807551543	0.837995069639225
TAG50:1FA16:1	0.284055509666043	0.720043015883387	0.209036940428184	0.785148515114437
LPE(16:1)	0.0928413329394401	0.479439809070675	0.233437367618793	0.802760012495285
TAG48:1FA14:1	0.120119054944127	0.151848784921714	0.1677042672269	0.79428056023156
TAG51:2FA18:2	0.431108905751602	0.386151404623833	0.207661239996853	0.78483284108705
TAG50:2FA16:0	0.59066677843458	0.985850232488703	0.2125007674322	0.78625315546846
LCER(14:0)	0.164265274145995	0.101862038308475	0.331012245680782	0.681478210969174
LPE(22:6)	0.67217147110517	0.699277340390982	0.206654447839354	0.826837155016444
PE(18:1/20:4)	0.715779873632899	0.11340880517148	0.123558911644283	0.981938325084557
TAG54:4FA22:4	0.341529529947153	0.523049585182681	0.190630230380157	0.82315168975115
PE(16:0/18:2)	0.698173130323731	0.960026307477384	0.219293280363814	0.792195175540815
TAG50:4FA18:2	0.493318075827942	0.554947618539308	0.200614705444892	0.811013948600553
HCER(16:0)	0.910692649310932	0.95175119765493	0.215712959235186	0.791231963592942
PE(16:0/22:5)	0.48861951780259	0.764047877776925	0.200990881037206	0.85017888687228
PE(O18:0/18:1)	0.935362825907065	0.888663875111355	0.210886240176605	0.798722618251815
TAG44:1FA14:1	0.195373123156066	0.276342889406505	0.17883880964745	0.779678826220268
TAG56:7FA20:5	0.0815002931141204	0.312836792909643	0.245172410029794	0.871269859817909
TAG45:0FA16:0	0.380899182926375	0.318835414918873	0.173883222792909	0.7861988574601
TAG46:0FA16:0	0.69741468870275	0.570649338936055	0.191649609416956	0.790017844181606
SM(24:1)	0.173104356637747	0.482716775162533	0.325203837352134	0.715782970290948
TAG52:7FA22:6	0.554104716062406	0.578578009306169	0.218941911976473	0.826568180364858
CE(20:2)	0.442951226861386	0.308671694889515	0.375927009151249	0.765698646986338
TAG54:5FA20:5	0.414983665080048	0.896572174319879	0.21798243852347	0.7965875226677
TAG45:0FA15:0	0.360913388176873	0.382779585506685	0.181282596770219	0.787155791188208
TAG56:5FA22:5	0.574997122385811	0.599045320335949	0.221234728571725	0.813944901606788
PC(18:0/16:1)	0.101928204311744	0.321108369516267	0.32118116901186	0.734119240789285
TAG49:2FA16:0	0.312367020424545	0.354284378094216	0.202418379413256	0.786104371411766
CE(20:5)	0.228693595414113	0.986546970712656	0.213923343714132	0.78749624610471
HCER(22:1)	0.578875342756498	0.453641114701395	0.162200693961144	0.864125037433996
TAG49:1FA16:0	0.195359321840101	0.211808664633243	0.181954498544673	0.787404737481502
TAG56:5FA18:1	0.501502585452024	0.565390226560824	0.215835781309898	0.823332795542451
TAG53:4FA18:3	0.663831780938227	0.648973297205027	0.210930238410756	0.793942125069897
PC(20:0/18:1)	0.822402877859453	0.84275039279413	0.238113374209263	0.761940825888386
TAG54:1FA20:1	0.849833213507521	0.665164951684977	0.19567689693515	0.777920567336976
DAG(12:0/18:1)	0.501590213725138	0.866132875971173	0.208662507011078	0.781411926492297
PE(P18:0/22:5)	0.444829031392755	0.588967683021215	0.26139274181464	0.73085229353935
