chemID	simpleLRM_Fstatistics	multiLRM(chem_sig)	multiLRM(sex_sig)	multiLRM(age_sig)
TAG52:0FA20:0	0.144924470391945	0.0442986487219561	0.270187397723852	0.56024232858886
TAG58:6FA22:5	0.507412144078118	0.729639597033975	0.329561169121308	0.615787396148101
TAG50:1FA20:1	0.425956327500503	0.192849886576643	0.27866143760221	0.557545667707039
TAG54:6FA20:3	0.800613026612837	0.408697732092194	0.308567547933135	0.634588313628573
CE(24:0)	0.267096546004433	0.781775820385119	0.30759335412369	0.605544953946962
LCER(22:0)	0.717238281549977	0.836807720528421	0.310774800367778	0.599887097732864
TAG48:4FA16:1	0.655795420598344	0.56821525744576	0.301584049176781	0.62842117025102
TAG51:4FA16:0	0.859252505595877	0.848405651293726	0.320965660311562	0.591108182487987
PC(16:0/18:1)	0.776308724488817	0.57137738908759	0.405699817582921	0.532632102815358
TAG50:3FA14:1	0.317517313685645	0.328720724539137	0.318877521964583	0.549423587598085
CE(17:0)	0.938098921717521	0.330415687138075	0.393008377734505	0.542156925297288
TAG56:6FA22:6	0.685807770684115	0.775660531133147	0.322123564091305	0.621704524318262
PC(18:1/16:1)	0.489700813785718	0.877662416132828	0.384683991631133	0.576560938650221
TAG53:3FA16:0	0.841244641487396	0.790149556898122	0.317585592810528	0.590457943380003
TAG54:4FA20:4	0.444192547418982	0.745374921290485	0.308349694055891	0.587457780477161
DAG(14:0/20:4)	0.102574678346735	0.0216999483198672	0.291057824800231	0.514316849901018
CE(18:2)	0.179564401432996	0.344795247917072	0.213315078034882	0.624854011049065
DAG(14:1/18:1)	0.984310662297018	0.925397783259598	0.328505504382922	0.59267655222796
DCER(20:0)	0.237432217385203	0.0757021603810099	0.248935604528132	0.734217036933507
LCER(20:1)	0.377211582215243	0.092012827764787	0.555279063072666	0.449389515967266
TAG54:3FA16:0	0.939692296719689	0.99742009249608	0.322035355694775	0.591083412072612
TAG48:3FA14:0	0.804883917477658	0.934749347991741	0.320393298081074	0.594751667287439
TAG56:1FA18:1	0.421515288432538	0.206868959302642	0.27356477157739	0.546813943123737
TAG58:9FA18:1	0.134828743852695	0.35630934316084	0.343354581475468	0.675464848070012
PE(P18:1/22:4)	0.854699893119595	0.79398000722	0.309761863036351	0.57500729737783
TAG54:4FA16:0	0.776920473854019	0.921803197567439	0.320390948615734	0.586738946355885
PC(18:2/16:1)	0.805291783804551	0.893289905618719	0.346449569499772	0.61694099253769
DAG(14:0/18:1)	0.64315434187695	0.365322916858712	0.296311183174839	0.555070070698293
TAG46:2FA14:1	0.146681797832216	0.334413701810274	0.306228470524677	0.562331622912916
TAG52:4FA20:0	0.372124074951677	0.326407643227677	0.307830218343043	0.596386265848606
PC(18:0/18:2)	0.863743071361083	0.773707657451625	0.447067252813486	0.565814283147067
PE(P16:0/22:4)	0.561412046052697	0.922165124160395	0.320742269552301	0.590152349504995
TAG50:4FA16:0	0.9145313847691	0.365748069227086	0.304662094531546	0.621202616127831
DAG(18:1/20:1)	0.738087268358234	0.907252837922066	0.320826178021694	0.58310692021553
LPC(15:0)	0.605722324526077	0.0618005842348845	0.186921153539125	0.690944653176357
TAG48:3FA18:2	0.692515821778759	0.916717183539462	0.322037237787564	0.594932275364471
TAG52:6FA22:6	0.772833819023956	0.838764949477792	0.321474535887948	0.577954832004023
TAG56:7FA18:3	0.458403841319949	0.552197479982414	0.315005939394571	0.608436503997497
PC(18:0/22:6)	0.819202245650809	0.925921301309807	0.322968914529472	0.620822582811496
SM(26:1)	0.524107236600784	0.6130782143296	0.386915204627782	0.554753655283817
TAG48:2FA14:0	0.56394691600584	0.601609657958503	0.31862144633054	0.578207944107014
TAG48:3FA18:1	0.431843340411138	0.821817780235207	0.326196989064335	0.599267510262181
DAG(16:1/18:2)	0.696997504143554	0.710150748247943	0.30362619506527	0.611380113223446
TAG53:6FA18:3	0.805816175077598	0.87417323649318	0.330955664976719	0.594359024144482
PC(16:0/12:0)	0.355014753409787	0.880499559100102	0.315823208752078	0.618818724608581
TAG51:5FA18:2	0.318109112871739	0.50147465780456	0.316052293696635	0.595390868047665
PE(P16:0/20:4)	0.913234944057822	0.908937867768081	0.318726112905451	0.601585110022926
TAG49:1FA16:1	0.230758400337484	0.522395358168848	0.315268572235633	0.581654609848085
TAG56:5FA20:1	0.0944324720219507	0.271997997837686	0.314803282536982	0.612919931133571
LPE(18:0)	0.742762192205866	0.210705156604316	0.196547409632186	0.663361297097507
FFA(20:4)	0.879400469174383	0.948639397388896	0.320696280359745	0.587630831984322
TAG46:1FA14:1	0.208598838649475	0.114050878536642	0.18844616664362	0.604203610631074
TAG46:3FA14:0	0.799546537870544	0.689381540484228	0.315629658592064	0.578971545758017
PE(P18:1/22:5)	0.67032604813495	0.343318878469581	0.449975317613296	0.509056037780063
TAG50:1FA14:0	0.545842454828017	0.262982405964127	0.278875997274069	0.54850774576465
TAG56:8FA20:4	0.762192666055913	0.972387891444997	0.322196764494165	0.590445840008259
TAG56:4FA20:1	0.228178799248933	0.39768061830234	0.332921573909022	0.621619264844961
MAG(18:3)	0.517461593772964	0.67230829266076	0.407864165712626	0.56299909473631
PE(18:0/20:4)	0.996006895507388	0.388658315591306	0.252304183689236	0.696140430609518
TAG53:2FA18:1	0.64091321437788	0.453878268461212	0.30958267552131	0.551256499564002
TAG54:7FA22:5	0.654405073913688	0.560372354853164	0.329344276252401	0.617105847646467
TAG60:12FA22:6	0.493416733740484	0.994954095759467	0.32212756333936	0.59214887903808
PC(18:0/20:2)	0.589489378151052	0.347629112670912	0.557340112060123	0.540687416875364
LPC(18:2)	0.0387037091338213	0.0772306884143028	0.313369827198438	0.366250965788883
PC(15:0/18:2)	0.571231990491363	0.360603295259403	0.522174777020879	0.496113898077886
DAG(18:1/18:1)	0.620519883013446	0.651974136814736	0.319258287931663	0.624345330823825
TAG56:4FA22:4	0.383662764439845	0.667003706730047	0.302036825021991	0.600217052443926
TAG56:9FA20:5	0.123726994203374	0.432337211922674	0.340506699173077	0.635644004862303
TAG49:2FA14:0	0.381436707745825	0.318059717976111	0.313518749521126	0.553277720126447
PC(16:0/18:3)	0.469085790429493	0.304209337531456	0.221653948754864	0.662256257300812
LPE(22:5)	0.989608159219476	0.971569989748759	0.321719807188443	0.588951405979241
TAG54:6FA20:5	0.252814442142324	0.440580255531572	0.359304064555493	0.649770650167173
TAG56:7FA22:6	0.383445391268747	0.555564765085494	0.327404570277866	0.648305626748254
TAG51:4FA16:1	0.810290186391504	0.50795518595174	0.289759770276745	0.652202570149789
TAG52:5FA20:5	0.742240802820036	0.947395949891747	0.32433062372417	0.592664636558168
SM(20:0)	0.0566169057160008	0.285716452957326	0.202567420907455	0.661204651963601
TAG55:5FA20:4	0.39252505070201	0.315655896995221	0.288497361175346	0.550556866831731
TAG58:6FA20:4	0.911156628300163	0.700142235838073	0.313854201336978	0.563646888721881
PE(O18:0/20:4)	0.74426648280719	0.726183918381346	0.333157252464519	0.575301133935852
DAG(18:2/18:3)	0.370765393762243	0.254643041776622	0.303367745914946	0.596590770652287
TAG48:4FA18:3	0.348461188352815	0.403949277537779	0.331827146297767	0.620809918806465
TAG52:0FA16:0	0.679515660468077	0.524989112935929	0.290579593891864	0.578487792196279
TAG58:9FA22:5	0.163142712775172	0.35632497327901	0.337970425898867	0.624239521644333
TAG58:9FA22:6	0.11984825182752	0.339080434573461	0.344586303605459	0.677063541643988
PE(P18:1/16:0)	0.593170952781728	0.775348467386288	0.344858265917639	0.56096401089407
DAG(14:0/18:2)	0.69976990573278	0.479272334657828	0.316688967025628	0.582259029438105
TAG54:0FA18:0	0.693662877251775	0.925402216093935	0.319279228017359	0.586053373455694
TAG56:2FA16:0	0.278469599654975	0.232093914613497	0.282591891828642	0.576356597070812
TAG56:8FA22:5	0.305327330792091	0.389580180095928	0.319047403127028	0.64514810430127
PC(16:0/20:2)	0.944300585253225	0.685909786943251	0.399969407252593	0.551254249742734
PC(15:0/18:1)	0.637673047110362	0.323771270806375	0.51875853402375	0.458245579342319
TAG56:7FA18:2	0.452449905475409	0.653151172579449	0.318134820851634	0.612146866142214
LPE(18:1)	0.865487180571425	0.919955173506325	0.322826197493913	0.583252202890932
TAG50:2FA16:1	0.250473998647872	0.86179206694212	0.324491815141622	0.585522397971592
PC(17:0/18:1)	0.842397952860605	0.0706221703341168	0.546027344011847	0.34224167175684
DAG(16:0/18:1)	0.657272079666337	0.654268167044739	0.31528807902333	0.583619190727471
LPC(22:5)	0.160927173804636	0.417007995112814	0.319319189057095	0.535574100211057
TAG46:0FA18:0	0.568695931094097	0.814159643109982	0.312959668527242	0.58162845959017
PE(18:0/20:5)	0.58306549332027	0.882145753904342	0.319773507717105	0.579476615921139
LPE(22:4)	0.404487843856721	0.401823720141218	0.31639610620152	0.700231579443432
TAG46:1FA18:1	0.950012191136296	0.556738155764745	0.301276710378446	0.566995990370335
TAG58:10FA20:4	0.307087986576278	0.231288243785809	0.333442752520311	0.537915178806047
DAG(14:0/16:1)	0.153490303344249	0.177932070933997	0.304371937870973	0.589705346137753
SM(24:0)	0.604073398307727	0.453380389021288	0.40895510215264	0.563668933446399
TAG53:6FA18:2	0.478909238367337	0.347878348007511	0.321366098210151	0.588015631091266
HCER(18:0)	0.120964742714338	0.139350944867098	0.161745393843106	0.772438780578503
LPC(20:3)	0.93486450454228	0.824766417984052	0.323158346194736	0.571849529575972
TAG53:5FA18:2	0.322139506993655	0.439926850998154	0.323773538119475	0.591635677680063
TAG50:1FA18:0	0.330856378201107	0.314949592045305	0.288037042835988	0.572044734781365
TAG52:5FA20:3	0.569619751724412	0.794416081088093	0.323199133596098	0.576164355375311
PE(P16:0/22:5)	0.82123175783371	0.998914521573027	0.334165307136375	0.591305493979436
TAG44:0FA12:0	0.575442441331766	0.906014664804339	0.31843125530745	0.586077988553371
TAG55:6FA18:1	0.464221975791299	0.735303418100775	0.333368853046181	0.603818388637559
PC(20:0/18:2)	0.329214119964337	0.80064278456482	0.306294714861371	0.617606452796505
PE(P18:0/18:1)	0.713411507387812	0.398331154924868	0.429309336070235	0.497328920850249
MAG(18:2)	0.578955208268551	0.694060888950843	0.312922896472049	0.557887085759322
TAG52:5FA18:2	0.147555544300063	0.116396591177775	0.270296341747193	0.629276986787183
SM(16:0)	0.962426632314088	0.85306150204112	0.375193899856005	0.572386189924871
TAG49:1FA18:1	0.222730276390763	0.142642425945344	0.276731335658119	0.554611113275315
FFA(14:0)	0.622230629734984	0.855219322957367	0.316163376229327	0.610885915681304
TAG56:4FA20:4	0.941373820750457	0.907583816129629	0.319227419019445	0.583596214303804
TAG46:2FA18:2	0.591034036432926	0.879641649078997	0.317948492671916	0.585993832360708
FFA(16:0)	0.555323669707116	0.786534224410691	0.313903821976094	0.599503516024336
TAG52:5FA22:5	0.944208581056201	0.828665583406902	0.3238506802435	0.591300732894491
PE(P18:1/20:3)	0.161015246423726	0.159435226437152	0.497045922215522	0.485209058234006
TAG56:8FA18:3	0.585819715748143	0.394818648953298	0.307432797357214	0.621867461915743
TAG46:3FA16:1	0.857878455680108	0.889059257038612	0.31976111821973	0.598936091311293
TAG50:1FA18:1	0.407740977371047	0.623869831118071	0.309885746898421	0.593588088277103
TAG44:0FA16:0	0.647636158231569	0.853393700026513	0.314916573163512	0.58492496776603
CE(22:5)	0.902091868026648	0.933427961773031	0.327575433949237	0.595195099474517
TAG49:2FA16:1	0.258651934759392	0.633956602733608	0.325386787082425	0.568095556524681
TAG53:4FA18:1	0.986504709685897	0.603255879654581	0.31701383213792	0.556494960818684
TAG52:3FA20:3	0.282523959067052	0.523014510186024	0.308299268682707	0.595811964387347
TAG49:1FA17:0	0.22300852835302	0.198176964172835	0.289573603573127	0.567719823298499
TAG56:7FA18:1	0.257710225217857	0.32906919947542	0.337913125690658	0.674881294023273
TAG50:2FA18:0	0.58570296209405	0.359552441970338	0.305500071682028	0.577211287101972
TAG44:2FA16:0	0.675899101322322	0.364017907963263	0.274819386574516	0.612369525781935
TAG44:3FA18:2	0.924707728814275	0.589778796869925	0.296837983589774	0.611360521633058
TAG47:0FA15:0	0.439548750800725	0.50157266553619	0.294590325407436	0.591110301076364
TAG54:7FA16:1	0.815712481701286	0.633828892374826	0.316710311318417	0.631743342422445
TAG52:3FA20:2	0.575229615514026	0.791417093867368	0.325533718685788	0.576732830265546
TAG52:5FA16:1	0.21398406219117	0.131519474504972	0.267366260885265	0.67924495763361
TAG51:2FA15:0	0.629567748775615	0.499833761967872	0.306350457534108	0.551778831260871
TAG54:7FA20:4	0.62745891404568	0.641759432049254	0.325509758348812	0.594784459652728
PE(P18:1/18:2)	0.923213169194639	0.498984320647352	0.446959564243678	0.520133981163713
TAG52:1FA16:1	0.313805729935396	0.408234220283129	0.314229541407005	0.555843143835562
TAG47:1FA15:0	0.293309708002223	0.28261786616217	0.290381190952748	0.560421486437112
TAG50:5FA14:0	0.247421037896706	0.4016331796159	0.316990041415107	0.596955865191059
TAG55:1FA16:0	0.286458566307864	0.468289450210636	0.330940725057589	0.64974688669626
TAG56:3FA18:0	0.883856276365734	0.773686643608256	0.321134713188963	0.56981075284639
TAG50:2FA14:0	0.768234075329184	0.639855309915877	0.318161516986558	0.561632863452812
TAG56:2FA18:1	0.891496841012009	0.85960417604276	0.315701653851833	0.584936401303401
TAG51:3FA18:2	0.772027899817123	0.818789849300454	0.323431502690167	0.580410655091507
PC(16:0/16:1)	0.0975681963671123	0.144726118861632	0.495744998742529	0.489380583388363
TAG51:1FA16:0	0.23518410027774	0.233843452786506	0.283685491182327	0.586077298806212
TAG52:3FA18:1	0.766142781733358	0.449071806959891	0.31103275080445	0.629147193017872
TAG56:4FA18:1	0.432361413594585	0.546833447911268	0.319877403141282	0.640683958239289
TAG54:4FA20:1	0.362555679981476	0.355302919787868	0.294305144363457	0.65602773649381
TAG56:7FA18:0	0.167638477227433	0.537490827531852	0.341331687627355	0.640502207591227
TAG54:4FA18:3	0.123768032817173	0.162985838718712	0.304372187089873	0.612443071363259
TAG56:7FA20:3	0.771659983509757	0.993176401986514	0.321900334150217	0.589680704861097
PE(18:0/18:1)	0.468560759851169	0.693046278573964	0.342806900427156	0.584861783579821
TAG50:4FA14:1	0.74596194794398	0.806222987948257	0.324602618047824	0.582227174930607
TAG47:2FA18:2	0.639132621661882	0.290491924073843	0.295233224223001	0.573380852637034
TAG50:5FA18:1	0.58694262236736	0.408513955160572	0.315804147508971	0.636338040838838
TAG53:4FA18:0	0.771350262797903	0.364547839879191	0.306094487700647	0.601452247506913
PC(16:0/20:3)	0.0997542940740468	0.146262938333278	0.550418873112725	0.507735605538433
TAG56:6FA18:2	0.535497715473124	0.786788285799994	0.32132682152465	0.598094353880487
PC(14:0/20:4)	0.38954575194579	0.148228012344761	0.465808149914803	0.566319470478041
PC(18:1/22:5)	0.427778089909061	0.380682004499631	0.235671792251642	0.599945095593808
LCER(24:1)	0.786817680338589	0.806234352036707	0.309652217063068	0.58260281421119
DAG(15:0/18:1)	0.429219177888171	0.273693218799139	0.320281913119008	0.609105663503985
TAG45:1FA16:0	0.26543853892145	0.242434348006996	0.282953526730312	0.567110056221361
TAG56:4FA20:3	0.876961027990777	0.776474128009686	0.319992145030093	0.569801377802372
TAG60:10FA22:6	0.495804407409723	0.890354117224287	0.322999383578888	0.604930887163993
TAG54:5FA22:1	0.0809559581014957	0.150619765523052	0.302658322721009	0.564515437345134
PE(16:0/22:6)	0.822064522341103	0.53402510427064	0.260365544036872	0.775646508332405
LPE(18:2)	0.210058248416866	0.193235116911634	0.272721790612567	0.434502538749293
TAG54:6FA20:4	0.603561114546006	0.880677584555336	0.327335381095236	0.589494300987676
TAG54:2FA18:1	0.521535638245513	0.560498491759725	0.340597766223136	0.611428536965744
TAG56:8FA16:1	0.314718281410092	0.435391199052631	0.310799886312482	0.663239066347112
TAG58:9FA20:4	0.182525476837794	0.194020470314985	0.305290113818649	0.565673443398667
PE(16:0/18:1)	0.119646652164095	0.3500846088661	0.38820015419659	0.545272430609583
DAG(16:1/16:1)	0.550808531742579	0.659980824019744	0.31995678730246	0.612369849351984
PC(18:1/22:6)	0.698999835478307	0.735465296721369	0.368858668984987	0.551145455069752
TAG52:4FA20:2	0.68789147494928	0.665568334978499	0.307957366440088	0.629715488150661
TAG42:0FA16:0	0.712432810185758	0.764029083202628	0.308851862520844	0.582256330879238
TAG52:2FA20:1	0.390513446130735	0.401354300335997	0.314175179816144	0.550078039158195
TAG52:4FA16:1	0.358087004613662	0.173857101118426	0.266896362859647	0.702504535936606
TAG58:8FA22:5	0.184769394320447	0.330120674130783	0.339529594719168	0.638855309036635
TAG56:8FA16:0	0.331926974765771	0.557109260645966	0.329207979243919	0.634945549931601
FFA(20:2)	0.33198313236287	0.591023173446215	0.350747420407894	0.628217373133826
TAG46:3FA18:1	0.963058502067359	0.357774461925548	0.269445385761692	0.612590822517965
TAG50:4FA20:4	0.321691400206834	0.371803691313995	0.291492743997927	0.588915234387269
TAG53:2FA17:0	0.646672526909543	0.425852728564717	0.315818756964138	0.542873089760667
PE(18:1/18:2)	0.967312950201315	0.682603677964679	0.376656243305758	0.578364907057393
TAG51:1FA17:0	0.208283968288337	0.196866460340982	0.285359480747728	0.574076879342147
TAG54:2FA20:2	0.801171512644844	0.838204457890393	0.317578704403077	0.579802893983637
TAG56:6FA18:1	0.674542544415616	0.798497726989878	0.325231757827394	0.609054305123845
FFA(22:1)	0.434676701951388	0.823155226224975	0.316959473813779	0.579997241822069
LPC(16:1)	0.455721723475424	0.815188606660974	0.309333555347888	0.59177780862019
PC(14:0/20:3)	0.113238774885159	0.240895197148312	0.508428004865712	0.536723923791356
TAG48:3FA12:0	0.428620588204799	0.875340661770306	0.324540676994606	0.59659475943755
TAG54:6FA16:0	0.865958576093541	0.590020614987862	0.340235710464423	0.609464404630765
TAG46:0FA14:0	0.559761758026856	0.543644039764391	0.29655587953936	0.587631309827773
FFA(22:5)	0.55030136367249	0.66650844825559	0.31308551067944	0.561952282109943
TAG56:2FA20:1	0.776653398665479	0.957372752952889	0.320923419981512	0.588072411088729
TAG58:5FA18:1	0.956114060293206	0.991754389420905	0.321855800560394	0.591543018722853
TAG50:4FA20:3	0.509435618307629	0.52612084681421	0.311010270325099	0.559828830313528
TAG52:1FA20:0	0.116422571835056	0.0371284259603245	0.291735342695373	0.493339634922219
PE(O18:0/22:5)	0.971118943708889	0.729793813781843	0.354167331752906	0.576102397750167
TAG53:7FA18:3	0.328360151585569	0.590923447641346	0.33496471837189	0.594909975993323
TAG50:3FA18:0	0.813067195636943	0.477252142194572	0.312092734932453	0.590430675033229
TAG46:3FA18:3	0.338204154334856	0.800045364376657	0.330870084916272	0.59453821711981
TAG54:7FA18:1	0.0644499774530884	0.14463213752883	0.321413528396757	0.631592125565201
TAG55:4FA18:2	0.470116663500231	0.855664715810087	0.322185035380498	0.5835428063514
PE(P18:0/22:6)	0.799833703761406	0.770970199714273	0.30286286691628	0.69642920893557
FFA(18:1)	0.79962037969257	0.632839361604059	0.306917081760849	0.619083939920146
TAG50:5FA20:4	0.418565636133932	0.538817584687886	0.302925466913848	0.572690899399513
TAG53:3FA18:1	0.937234526114127	0.973483372248388	0.322572314304511	0.589189594544724
TAG50:5FA16:1	0.808977155690666	0.0837288180757064	0.238336960045749	0.741141117987944
TAG50:4FA16:1	0.844508530487488	0.134736516299605	0.239248795063898	0.714999202882941
TAG52:4FA20:4	0.327406110177244	0.605102243139956	0.305615289387754	0.602256185753087
PC(18:1/20:5)	0.203531409326117	0.877574004106324	0.316443265655488	0.612682023974244
DAG(18:2/20:4)	0.447522233713614	0.489086891250549	0.325565748214104	0.595828216034466
TAG54:7FA18:2	0.0435250703679249	0.218437107778689	0.303491790688588	0.532911818763393
TAG56:7FA22:4	0.797924464492348	0.524255044804679	0.334425257436457	0.598021961998125
DAG(18:2/22:6)	0.310465743631501	0.692494913168043	0.322962926038457	0.621417712440288
TAG49:2FA15:0	0.399371001497655	0.442576076630565	0.314612086834812	0.580892829763773
TAG46:3FA12:0	0.466519506627955	0.826158697562498	0.323052181042951	0.60013274302356
TAG47:0FA16:0	0.506882834687674	0.542321283615554	0.296753137202895	0.589850284527047
PC(18:2/18:2)	0.3147453804574	0.916968122163571	0.325628049493627	0.588657009850801
PC(18:2/20:3)	0.543971460859557	0.459869533003177	0.495002982073721	0.569933252295429
CE(15:0)	0.817770153321962	0.338603485373465	0.423114338660479	0.511690813102641
TAG54:1FA16:0	0.311999257198502	0.109094401212626	0.256132186336078	0.551708367709982
TAG49:2FA17:0	0.278378071385504	0.194550215318975	0.313195662509623	0.557498201056309
TAG54:8FA18:3	0.032421458902209	0.128198673230242	0.299714140918464	0.50516983360571
DAG(16:1/18:0)	0.123099410703131	0.258887867549965	0.313886141170432	0.567297211399933
PC(16:0/18:0)	0.825804070982543	0.693006644417165	0.413633617930144	0.56429057707534
TAG54:5FA18:3	0.0286856836810998	0.0277080758096082	0.285319874222792	0.649088737405454
LPE(20:3)	0.642474060169862	0.831378928911462	0.341789429414142	0.598734262371065
TAG55:1FA18:1	0.135651207063059	0.393079583047946	0.358041646305173	0.655696704373019
TAG55:2FA18:2	0.15371660110889	0.401825213277087	0.335253060466601	0.635543720437824
PC(18:0/20:4)	0.725712223266472	0.763302894478475	0.309086953584065	0.596363060913424
TAG54:5FA20:3	0.836641672894712	0.886938919247159	0.323923320361137	0.594862524788619
TAG56:3FA20:1	0.333272147011802	0.491506101331965	0.344637714239864	0.621516559159681
TAG48:3FA14:1	0.222888377671767	0.574220254777967	0.324800692916668	0.576803795136784
TAG56:8FA20:5	0.0915358502857316	0.313970141579288	0.352588500483739	0.660876687533194
DAG(14:0/16:0)	0.469341127776355	0.257369831991639	0.279886327462656	0.583560202146257
SM(26:0)	0.840583992506767	0.43952017535041	0.445344798269394	0.543419562354658
TAG51:4FA18:2	0.573456919101113	0.713960457998562	0.317869892656951	0.598597531435098
TAG56:7FA16:0	0.272175321029997	0.43438970922581	0.322516671384095	0.659971966142973
TAG48:4FA18:2	0.209540409616604	0.517977394819874	0.328190953268042	0.595614777771372
TAG50:5FA18:3	0.401027945502229	0.323097867557042	0.2992343016097	0.612564175908465
TAG53:0FA16:0	0.331933275744022	0.387202086346403	0.357691074102723	0.644153251947703
TAG44:1FA16:1	0.43893275076054	0.360600510386047	0.306921547229968	0.550652350897534
TAG60:11FA22:6	0.427510505836671	0.909146462646272	0.322180691435992	0.604948381144844
LPC(20:0)	0.031042245671601	0.111313525869676	0.244936067287367	0.517625637702941
TAG52:4FA14:0	0.490719736813002	0.382674045879915	0.311441015507343	0.548368759398265
TAG53:6FA18:1	0.71147888255098	0.693910271840392	0.291549186557215	0.589705621591144
PI(18:1/18:2)	0.930670614169089	0.767086638733691	0.365691179616449	0.633071577957437
TAG52:4FA18:0	0.751634857739479	0.451321605008823	0.302124899328969	0.637711658228206
PE(18:1/20:3)	0.294135193541773	0.817876884278749	0.373121897198425	0.56929110723989
MAG(16:1)	0.451621034272124	0.698064192132785	0.337143460280168	0.565875435027262
SM(22:0)	0.631978588349555	0.973151582711558	0.352530186275333	0.589178184910513
TAG55:8FA20:4	0.833625207324672	0.237312898267044	0.347997703182862	0.551333741395169
TAG58:6FA18:1	0.795471351642734	0.776059935329968	0.324957370377	0.612350765540811
TAG56:5FA16:0	0.624312251546173	0.877561418708267	0.318138420455825	0.588344689289591
DAG(18:2/20:5)	0.247905808454758	0.694742018662518	0.322798824650124	0.611000578683809
TAG58:2FA18:1	0.932686306554392	0.981047581394247	0.320677850648738	0.58905375090603
CE(22:0)	0.724567339334534	0.224837051352516	0.434780105540344	0.478929919102525
TAG54:5FA22:4	0.2863926596796	0.683686181399619	0.30670464836372	0.597786976677236
TAG58:3FA18:1	0.890383305550535	0.905436690942767	0.3182211614099	0.587035593521831
TAG56:3FA20:2	0.778270580629675	0.871326961682984	0.321999055077542	0.607805712048599
TAG52:2FA18:2	0.963472122602222	0.857751564367767	0.322915982390536	0.593067676246311
TAG53:4FA16:0	0.870497642500306	0.895448263712134	0.319938992669168	0.591043841393882
LCER(22:1)	0.502584838391729	0.732622852794045	0.379582754247071	0.590988369623016
LPC(20:4)	0.224482416070606	0.112018316172427	0.561450232208259	0.396602235736567
TAG48:2FA12:0	0.557971003044128	0.990223731163151	0.321682796753155	0.589906159984737
TAG58:7FA22:4	0.860068739758753	0.71918601183463	0.333477269548183	0.593693033200879
PC(18:0/18:0)	0.714792310410002	0.999447424643726	0.339717856907885	0.591346828004495
CE(18:3)	0.981582359647618	0.63718784891219	0.4102101202344	0.575756173611212
TAG51:4FA20:4	0.175163760050698	0.179459371258145	0.279984602295166	0.578040276589222
TAG56:4FA20:2	0.510698813110398	0.659093483053555	0.311946855848506	0.637047099668173
DAG(15:0/18:2)	0.421242724834451	0.605491396884297	0.349504590450452	0.610673657584624
TAG46:1FA16:0	0.899582775829532	0.594018253315889	0.303901366127764	0.573996839682173
DAG(16:0/16:0)	0.470133350109099	0.534766974153231	0.309123286578876	0.597373938866708
TAG54:5FA18:2	0.0939436299902621	0.171174111126669	0.302403401168335	0.556726645731516
TAG42:1FA12:0	0.443034613886872	0.946794999647892	0.325517042463896	0.592940119990093
DAG(18:1/20:2)	0.625555544267878	0.317259331604675	0.342021243899927	0.50397730443684
TAG52:7FA16:0	0.73432115649619	0.643920120267253	0.302475859026757	0.588846271905989
TAG55:5FA18:1	0.630604480405923	0.854530070366934	0.323372466719787	0.593528520736649
TAG52:2FA20:0	0.693280199652505	0.46346788185965	0.313311230163031	0.564807771694802
TAG46:1FA14:0	0.350235225933256	0.34830068056359	0.295696574092123	0.563447737478607
DAG(16:1/20:2)	0.191936797285173	0.188412308481185	0.383162202742297	0.54236091049176
TAG53:5FA18:1	0.63688549723732	0.584541803149285	0.320022619294563	0.592755742128647
CER(18:0)	0.586497797405274	0.871421108231908	0.342188277260205	0.57928194917034
CE(24:1)	0.403446511816813	0.473547571698009	0.35892433376762	0.565602951183274
PC(18:2/20:4)	0.945617868545808	0.880829203135173	0.347147573685094	0.603064789740575
PC(16:0/16:0)	0.785398589498108	0.774233623664897	0.388681501446322	0.5646470893076
TAG50:6FA20:4	0.985950554238104	0.860125594619247	0.317755717135433	0.584485917456684
TAG52:2FA18:0	0.855764836522185	0.96257192868087	0.322085253052258	0.59009401804063
TAG55:2FA18:1	0.339103058788375	0.756480738111506	0.336395820572413	0.595683238667227
CER(24:1)	0.792596214572156	0.777519497191908	0.354805985197556	0.553768818077059
PE(18:0/18:2)	0.938236012518152	0.868055918032514	0.316207724226352	0.60469000506624
TAG52:0FA18:0	0.786823507231108	0.685663430643147	0.300260366656621	0.582943069323717
TAG50:4FA14:0	0.429586982933161	0.64618839563502	0.315342497811001	0.602782641677939
TAG52:2FA20:2	0.405582749683669	0.599953798698989	0.3160789048644	0.585466979372778
TAG58:6FA18:0	0.456832420358271	0.309907233258879	0.315771082132486	0.688043313684327
TAG55:6FA20:4	0.358360520564832	0.369970307162519	0.310582265345659	0.565645211316057
PE(P18:0/22:4)	0.91181293576506	0.591240136415761	0.30017349456029	0.581785212420788
TAG51:2FA18:1	0.429466747114016	0.47820991000459	0.31119173888413	0.549306694945153
TAG50:2FA18:2	0.701121487200299	0.935647571306702	0.322287420345902	0.590960101698771
TAG53:3FA18:2	0.97168963363854	0.726906176055101	0.325840068022014	0.574783148122482
CER(24:0)	0.634107539232281	0.0653480555530859	0.39091972926957	0.356453745748251
DCER(22:1)	0.902387160674543	0.759908978254552	0.324873709340315	0.586109141563171
TAG46:2FA12:0	0.604505500321111	0.959126302022685	0.320841272770804	0.588286765201501
SM(22:1)	0.681230626204683	0.748687884164691	0.298599934639802	0.623525275782123
TAG48:1FA16:0	0.241764295097439	0.345290778100151	0.298073821075429	0.588960818783676
TAG56:3FA18:2	0.956618480634345	0.890961829700329	0.319447008799133	0.588260279509325
DAG(18:2/22:5)	0.654102315136277	0.890949704285372	0.320237279851447	0.593492299565394
TAG57:9FA22:6	0.953396885434117	0.895027892824501	0.317326817842905	0.590757595731871
PC(18:1/18:1)	0.81120759271993	0.846535628381849	0.368913407526283	0.580510581381155
TAG52:4FA22:4	0.453642840269499	0.43500357924887	0.286510481914633	0.607929423068899
PI(16:0/20:3)	0.411835525067492	0.341488048232538	0.493054762526886	0.546747486146177
TAG50:2FA20:2	0.407251922110724	0.351911135456319	0.304883464765506	0.563203909416582
TAG58:10FA22:6	0.126681668800365	0.404385635685987	0.33733800885325	0.654685197985849
TAG54:4FA22:1	0.164090226435775	0.133932384638536	0.316973675896159	0.626578728074592
TAG42:0FA14:0	0.590268391609199	0.93085079908172	0.31964794103613	0.586473310228279
TAG47:0FA17:0	0.525913379422669	0.376071229163689	0.285569178993864	0.583435336627966
TAG48:2FA16:1	0.223547535906739	0.755993864844904	0.32631154315458	0.58118477442762
TAG54:3FA20:2	0.902607428240006	0.991057272297528	0.322121658745424	0.592232098147479
TAG42:1FA16:1	0.605759440614778	0.437311022538591	0.294567345156728	0.57072539600079
FFA(18:4)	0.320222263444019	0.272268696189235	0.42781778688745	0.581050396601048
DAG(16:0/22:6)	0.971706504418421	0.961995297463492	0.323872491253396	0.588677523656344
SM(14:0)	0.585248831846672	0.890786114654404	0.320788879434862	0.620326592761673
TAG47:1FA16:1	0.268003863611037	0.513147883629378	0.316492814133648	0.576580702033643
TAG51:4FA15:0	0.533694432208211	0.824998813088301	0.322851445927831	0.595940307431355
TAG47:2FA16:1	0.23878215883508	0.611690120618214	0.326478026682285	0.565746977697622
PC(16:0/22:6)	0.388844945686676	0.578894186352354	0.283786469136061	0.700873184892032
LPC(17:0)	0.150139541712828	0.280786969220496	0.275746890294824	0.620966046500249
TAG55:3FA18:1	0.528392827552568	0.88239408315128	0.329175595405195	0.589951828142759
TAG46:3FA18:2	0.952818921553649	0.573602364310198	0.305736295051519	0.585330514484562
TAG53:1FA17:0	0.389653641309922	0.201555871362097	0.277188481053983	0.558212675792323
HCER(24:0)	0.495042695174042	0.572007067297869	0.282934740214949	0.656075616184796
TAG53:6FA20:4	0.447224323743351	0.822115195793585	0.319308891829565	0.582499896250364
TAG54:3FA18:2	0.428567851904102	0.470076195446252	0.322976871712921	0.60928767093176
TAG48:5FA18:3	0.107402390928661	0.317607181670507	0.335220583351945	0.585610870635842
TAG50:2FA14:1	0.183181708458571	0.122464016952777	0.278428374141613	0.549451494069342
TAG52:4FA22:1	0.319129452119541	0.174727633183688	0.290870290177435	0.650855322204446
TAG52:1FA16:0	0.688421237051858	0.755223085413535	0.311291445857069	0.584195224820635
TAG54:4FA16:1	0.634225573499515	0.549245172904057	0.29920848753325	0.651315661863458
TAG48:4FA12:0	0.182838299861487	0.521409013473356	0.330598264380649	0.601658380947886
TAG58:7FA16:0	0.812921540429438	0.496452023856524	0.303625725259729	0.610857313285677
TAG51:2FA16:0	0.269429112064796	0.446074819315198	0.318040385226853	0.571078419999571
TAG56:6FA18:3	0.273171170674363	0.498526119638602	0.303897946029781	0.617228870395795
LCER(16:0)	0.702823328778096	0.822666241533492	0.341686573051805	0.605274956387566
TAG52:6FA18:2	0.124849244364112	0.0650738667018543	0.277457515736164	0.673600375199675
DCER(22:2)	0.684278090333738	0.609511898113853	0.367269325743689	0.52057599770742
DAG(18:0/18:3)	0.874894658141942	0.99091895070267	0.321494342989796	0.589900529231906
TAG48:2FA18:2	0.734627711041912	0.543478090619982	0.313588392398282	0.582413200520366
LPC(20:1)	0.241149699101731	0.125760302958159	0.257381069582933	0.578971966998054
TAG54:8FA20:5	0.193496302287815	0.37048021873934	0.345582567932809	0.653784322350938
FFA(22:0)	0.905715106033521	0.9654668007792	0.320810261015503	0.589439088467177
TAG53:1FA18:1	0.803202581751165	0.467282560192802	0.289776300164477	0.575089593838719
TAG55:6FA20:3	0.781764238898747	0.800552965682095	0.33390042935544	0.588284088571995
TAG51:4FA18:3	0.844818476539717	0.535876785519954	0.320707256940076	0.608111911907746
TAG58:10FA22:5	0.144054066088036	0.427717646873255	0.339141522213345	0.62535793481126
CE(20:0)	0.158959663726721	0.817440101615057	0.311887234759554	0.58436927893372
FFA(14:1)	0.697946578234646	0.902574574827545	0.334806261503938	0.59012381418222
TAG48:1FA16:1	0.230619934077936	0.634643020309106	0.316055834036169	0.596683259366778
TAG53:2FA18:0	0.43934084035146	0.285692801625587	0.303134737352737	0.573909743200059
TAG54:6FA18:2	0.0823533099362471	0.240289487434547	0.300495652692904	0.530693120425543
FFA(12:0)	0.536154870064335	0.916512631623662	0.320012780814357	0.605604683273046
TAG51:1FA18:0	0.234913357474945	0.110986096443817	0.262699359731095	0.561670841291028
DAG(18:1/22:6)	0.500436535846799	0.9098814818203	0.321438532703516	0.604316111059307
DAG(18:1/20:3)	0.450065456655211	0.421840422000898	0.312868332616634	0.558754288802282
CE(20:3)	0.19616426563088	0.151972083218716	0.534909496318909	0.599685285399135
TAG36:0FA12:0	0.354416170247521	0.64957292131108	0.318768843298763	0.61151693028494
TAG53:2FA18:2	0.89390033799094	0.54839448907924	0.312816055379961	0.587312792619357
TAG53:1FA16:0	0.665572668640329	0.975948164824919	0.322164787714789	0.589627364224693
DAG(16:0/18:3)	0.957726355951164	0.583012239726363	0.317074846530988	0.582172327632001
PC(18:2/22:6)	0.711663396965456	0.36821357978589	0.422408960076783	0.51149792230607
PC(16:0/20:5)	0.197721122988982	0.877953830264974	0.318287631142925	0.614246888964032
TAG47:2FA14:0	0.519152688506392	0.326281808429801	0.301919624654105	0.564291633468781
PE(18:0/22:6)	0.644015839491118	0.98944581574797	0.339206085797581	0.610753639747537
HCER(24:1)	0.462837850495441	0.382169677718597	0.259806000119448	0.650602399753092
PI(18:0/16:0)	0.739522504744073	0.57639054668784	0.282531294759502	0.541272324769645
TAG53:4FA18:2	0.710203222997701	0.942493640258162	0.320827526120447	0.592293003529206
TAG54:5FA16:1	0.874092645442662	0.728149146218196	0.3153764223029	0.614624753429942
PE(16:0/20:4)	0.56929847996491	0.814436176889491	0.309685529699566	0.628921493651179
TAG52:1FA18:0	0.652400208128111	0.667227138688395	0.304350166136965	0.584867151972829
PI(18:1/18:1)	0.388150332777035	0.163198033712978	0.430853784844775	0.7429529005012
TAG54:5FA20:4	0.432414752934089	0.73829114536546	0.307629969495333	0.591295451935413
DAG(18:1/18:2)	0.697536639753386	0.589929722716662	0.307265252447209	0.612662094476825
TAG56:8FA18:2	0.288865918086724	0.527953472392386	0.325588320762277	0.629806431252668
TAG56:8FA18:1	0.139140717458959	0.405867901510435	0.34768857695221	0.655166899711749
TAG46:1FA16:1	0.234883823187455	0.425035295734544	0.307795572730471	0.581259559804878
TAG53:5FA18:3	0.415250604544944	0.287124495680931	0.298929349231042	0.619150396280029
DAG(18:0/18:1)	0.932387288691497	0.865708564650782	0.318666770831027	0.58202606366803
TAG42:1FA14:0	0.638119899831499	0.357595669206706	0.279999751131221	0.561813525660788
DAG(16:0/18:0)	0.274780364726816	0.272342923332006	0.282507334603837	0.587384455196957
TAG46:2FA16:1	0.375298617123073	0.614210209522502	0.324459422538498	0.565968023793403
TAG56:7FA16:1	0.337152063833629	0.20222281651693	0.296471092555501	0.731458685211437
PC(18:0/22:5)	0.474437345391265	0.550833596082807	0.452044723250609	0.535870826995964
TAG47:1FA17:0	0.497009456195445	0.224707629540929	0.290646960587596	0.554084571258912
TAG49:0FA17:0	0.402801925312892	0.476254581660999	0.295952284190308	0.592084678560077
PC(18:0/22:4)	0.167543244472586	0.158703508584861	0.438416320878753	0.738978258694372
TAG54:8FA22:6	0.438508393852571	0.530967553007084	0.326611192690005	0.641423159524229
LCER(20:0)	0.769296357218907	0.905824327593468	0.320484715116675	0.593660813692786
TAG44:1FA14:0	0.962890284526914	0.590509465709783	0.304524108564802	0.56619944818585
TAG50:3FA20:3	0.194328688288647	0.199274795648053	0.280520644958215	0.575980480525087
TAG54:5FA18:0	0.125199805850201	0.248618973059258	0.296635602435363	0.572767055995009
TAG48:1FA14:0	0.349393899057235	0.272791393142165	0.289291787807898	0.568069039676385
TAG40:0FA12:0	0.353924324857874	0.759342121814892	0.331998984165698	0.60309019011415
DAG(16:0/20:4)	0.170543322174644	0.142228077827715	0.310541813054486	0.612491569605385
TAG52:6FA16:1	0.184075863171837	0.0575694404533837	0.254702854652565	0.696545032864568
TAG54:0FA16:0	0.220166162256196	0.026583321623797	0.231926572863303	0.517455672511276
CE(22:1)	0.261395943489729	0.460104392616453	0.252584238157862	0.630831351572997
DAG(16:0/20:3)	0.154777524512711	0.153212456983544	0.322967553376546	0.577630336520009
TAG52:4FA20:3	0.321654796018848	0.68558998404001	0.315362262138132	0.581305839715309
TAG51:3FA16:1	0.445059452733609	0.984698934290457	0.323381793005461	0.593496298457007
TAG52:3FA20:0	0.655215092405513	0.483036369299851	0.319170273291453	0.609803448935618
TAG47:1FA18:1	0.336208412267126	0.168687415134583	0.277452723266119	0.544171838130352
TAG53:3FA17:0	0.987831467830518	0.785653121945498	0.326231596757573	0.574904448658577
TAG54:7FA20:5	0.20381077046804	0.376037907920774	0.353543274027324	0.653029284975124
TAG56:6FA20:5	0.213309872081941	0.71732780873455	0.335883318399283	0.626739772587696
TAG50:0FA18:0	0.557737829690737	0.586246311017356	0.296245151829463	0.592125911125743
TAG50:4FA18:1	0.718320390722578	0.648244060560418	0.314927831532213	0.611281610831829
PE(18:1/22:5)	0.357261063491739	0.950472195205102	0.349161354089727	0.588261237161599
TAG46:2FA18:1	0.614531609214853	0.306027899906113	0.279845168728347	0.558272170987132
TAG47:1FA14:0	0.307593044101652	0.230234138023668	0.282520955507484	0.554065155549844
PC(18:0/18:1)	0.485663397319563	0.395555878670085	0.496164567992974	0.524780239806866
TAG50:0FA16:0	0.491991088179824	0.582764316800034	0.297360377438979	0.598227395659425
TAG54:6FA22:6	0.803270302149574	0.998028106625456	0.322341288815679	0.59192552962903
TAG56:7FA20:4	0.700407383025638	0.975864874952976	0.322151857413322	0.590412032016274
TAG52:4FA16:0	0.369989749634578	0.349430257931486	0.306702333655657	0.598161792622621
TAG42:1FA16:0	0.553503776142504	0.362008550574364	0.273504426862397	0.596843484842301
LPC(22:6)	0.0825431331881803	0.112689692732708	0.362200672958917	0.686140617028995
PI(18:0/20:2)	0.524573375610255	0.800190970035173	0.392272151044943	0.562860550839546
TAG52:2FA18:1	0.771800904863323	0.872883499509255	0.323634795105733	0.599503174535385
TAG52:3FA16:1	0.723371887181061	0.307556369835257	0.287714908846567	0.680486523713918
TAG51:3FA18:3	0.87578930630142	0.996606423449551	0.321426731167428	0.58965542990976
TAG52:7FA18:1	0.775850292206466	0.772744318399732	0.314010570550639	0.580805506435715
DAG(18:1/22:5)	0.624884564266265	0.65992105461536	0.3185036269426	0.622744458548818
TAG56:5FA20:2	0.238056178575466	0.511910296234783	0.29971434915649	0.657224633327173
TAG46:1FA18:0	0.582154735831033	0.170197686638587	0.25069378506372	0.571149209689005
TAG56:5FA20:4	0.681768285434612	0.905308291223425	0.32584675873343	0.597636980223261
TAG56:2FA20:0	0.722986498903854	0.899393823078795	0.326602952593883	0.593330466006037
DAG(18:0/18:2)	0.944727006087534	0.891627496130865	0.323921011929239	0.587915902017301
DAG(16:0/20:5)	0.864360432265632	0.331798584991441	0.308228821429101	0.559885103298415
PC(18:1/20:3)	0.148615413271325	0.152567951875064	0.635721955306204	0.549249391327584
DAG(14:1/16:0)	0.569990119653569	0.441666337925883	0.301131609033876	0.636408037944657
TAG48:5FA18:2	0.120719611273371	0.407895428804432	0.334625204683393	0.582593377047825
TAG54:3FA18:0	0.376644110728844	0.384906255204408	0.320686502465545	0.616012019520564
TAG49:3FA16:0	0.716754842964872	0.936890923689579	0.321303494425458	0.59057377894155
TAG49:3FA16:1	0.570202156815546	0.815222305984885	0.315375790810163	0.60737869841908
FFA(20:0)	0.522924804151929	0.69950938377206	0.306489759595721	0.615636970683004
PE(P18:1/18:1)	0.692785887007252	0.116388302375202	0.545965471161689	0.447814184055539
TAG54:8FA20:4	0.418410893317001	0.883778638963309	0.321480726868576	0.594510112670293
CE(14:1)	0.151063173428223	0.0577245626410597	0.471708179838674	0.551038336462858
SM(20:1)	0.34182345222383	0.185268219532307	0.134341267318662	0.769835963100047
TAG51:0FA16:0	0.677665109785207	0.549251407039987	0.295160694565733	0.591001403960985
DCER(16:0)	0.0441167513344101	0.0716900189419373	0.455742427539028	0.515908858778389
TAG56:6FA18:0	0.424151289130695	0.715865904005442	0.326160035828941	0.61458935446023
TAG48:4FA18:1	0.2041132957785	0.519437870942615	0.338659891571795	0.60647269923006
TAG50:1FA16:0	0.384790974644593	0.618363291721314	0.308574173927389	0.598047774990486
TAG52:5FA14:0	0.44434528219912	0.461059703167673	0.305014411467323	0.566026685164246
PE(P16:0/18:2)	0.548244654927171	0.79341779798155	0.373393395565567	0.559458892367537
PE(P18:0/20:5)	0.465291061865751	0.491637986783741	0.340352335784368	0.506432193568209
CE(18:0)	0.457321531943088	0.405318216605587	0.42003655462494	0.573450117955151
PI(18:0/20:4)	0.950478906248907	0.748500329531762	0.300271265877796	0.602668784870679
TAG49:1FA14:0	0.304199222338045	0.159547311036287	0.282369870250208	0.546371694339595
PE(O16:0/20:4)	0.913856009173828	0.567429840216725	0.346230329967398	0.570765977856898
TAG53:3FA18:0	0.50877067781223	0.570297403094188	0.340490707143575	0.570795102927511
TAG56:5FA20:3	0.972030394527798	0.936662052405743	0.32233549728459	0.596219957923819
TAG48:0FA14:0	0.497637920066597	0.339689333036258	0.281804752116756	0.570221473338513
FFA(17:0)	0.161079139078897	0.379446867178037	0.369529292175359	0.582793733957411
TAG50:5FA20:5	0.847375184898675	0.505689844012988	0.29500008340475	0.563118914563186
PC(16:0/14:0)	0.137830118108452	0.0507612681404279	0.578017246447244	0.393319848889088
TAG48:2FA18:0	0.397628976095817	0.909012105887179	0.326467467245499	0.59239918113742
TAG50:5FA18:2	0.433639338716906	0.589564986989392	0.313544869833126	0.587609277680633
TAG52:7FA20:5	0.499241538557	0.95604916547033	0.324429860508274	0.594122425086385
TAG48:1FA18:0	0.729807662650331	0.733227045020035	0.3087966835736	0.578092818927494
TAG56:6FA22:4	0.714714424028647	0.953390974050864	0.325481209763363	0.588809237767531
TAG52:2FA16:1	0.648433625528816	0.86038860994403	0.318757086100112	0.603389306767536
TAG49:0FA15:0	0.266474035357242	0.176756097567973	0.26818552202437	0.57654692805153
TAG46:1FA12:0	0.787467586454515	0.728393213535716	0.310852946029565	0.576615750434132
TAG51:3FA15:0	0.907220688980327	0.967098222939432	0.321770274537379	0.588688794184986
TAG54:7FA18:3	0.0382495708237659	0.166756049650033	0.299375379809642	0.522739795825692
TAG57:2FA18:1	0.135076168073627	0.392680398855769	0.348663249875421	0.667247037948323
PC(16:0/20:1)	0.300878939867189	0.440849641388348	0.351814638459744	0.549892097444588
TAG38:0FA12:0	0.418362383853183	0.682796169595474	0.319916490490177	0.609501289914837
TAG49:0FA18:0	0.374677718803152	0.226138289229468	0.270046446606933	0.571745649900779
TAG51:2FA16:1	0.260031887714619	0.61054280506373	0.330299859695909	0.559822085232484
TAG54:3FA18:1	0.228200944436472	0.184500484060712	0.349499154411077	0.655697272221512
TAG54:3FA20:3	0.397110566862097	0.630857720249592	0.306363486813514	0.577386362231992
TAG58:7FA18:0	0.340131841185683	0.584446254217537	0.325533074757587	0.643869553123352
DCER(24:1)	0.273684186164406	0.41103276304588	0.409092407797809	0.495963664481119
DAG(16:1/18:1)	0.68590512294458	0.916303364860216	0.319780901154102	0.597249746135711
LPE(20:1)	0.504723389032617	0.549591216854603	0.325043546410703	0.611989976850011
DAG(14:0/14:0)	0.402077178279667	0.23976024821307	0.277491019983062	0.548136374348302
TAG48:2FA14:1	0.112933906503891	0.265127151969962	0.300834416856997	0.570180874282678
TAG56:9FA18:3	0.361689719029118	0.287372671346608	0.319030940071545	0.641527343752762
PE(18:0/18:0)	0.656264623196708	0.872646532042721	0.350031751106732	0.574332039679867
TAG50:3FA16:1	0.674379900993848	0.505644879899836	0.29626085056196	0.624765973030012
TAG51:1FA18:1	0.256774613467598	0.224961458393579	0.285913533369985	0.565235071530987
TAG52:1FA18:1	0.715601268525333	0.833520351414581	0.315476767829921	0.584497759596852
PI(18:0/18:2)	0.993974838686075	0.907455162068854	0.355285783722733	0.602393395208408
TAG49:1FA15:0	0.252334214546451	0.21019635932211	0.280511081475591	0.57470857350824
PE(P18:1/20:4)	0.870453333882459	0.931709293087447	0.319870993251105	0.591786222670435
TAG51:0FA17:0	0.317651676494692	0.268446227042858	0.279384595516364	0.584068842837175
TAG48:3FA16:0	0.492751748800429	0.701458564953311	0.320350964267291	0.585498289883609
CE(12:0)	0.386237518628721	0.419343208851316	0.416817738738619	0.529717153805773
TAG53:1FA18:0	0.400283249914155	0.181259415608052	0.267716320959758	0.577853745881673
CE(18:1)	0.962353420867409	0.611944306652061	0.384766875261652	0.570360718803401
PE(P18:0/20:4)	0.768739925472784	0.587196646276623	0.298210048589551	0.632091014515105
TAG54:3FA18:3	0.960736974001183	0.393730070896352	0.309435456884556	0.571705809722752
TAG54:4FA18:1	0.122225127202017	0.109692451606211	0.326578380256155	0.63156861997567
TAG58:8FA20:4	0.255948115746877	0.25746582621932	0.286753757298333	0.577743735983963
PE(18:0/22:4)	0.605350990527861	0.745761498807779	0.314209742301087	0.590737939373396
TAG44:2FA18:1	0.702364260160454	0.306411920731086	0.260636057049629	0.592041712170695
PE(16:0/20:3)	0.0232103113293043	0.0576312238363047	0.643595343501202	0.399139718035013
TAG46:2FA14:0	0.642342369090931	0.459032501734124	0.309126850599589	0.566559610323633
PE(18:2/16:1)	0.415785382247997	0.81160816931975	0.358129914566281	0.566211159673848
TAG56:4FA16:0	0.395346396107258	0.594426832218736	0.307785871814828	0.580580353037998
DAG(18:1/20:4)	0.301729504438818	0.326550826783404	0.304894720388739	0.586283108295069
TAG52:3FA18:0	0.8247433844317	0.561539222025879	0.307928089970031	0.609663118674678
TAG58:10FA20:5	0.591009748239909	0.671330516733341	0.318673327750332	0.559350893571508
PC(18:0/18:3)	0.870838596265187	0.783158166902795	0.303420428821778	0.607387012499662
TAG55:7FA18:1	0.924478194700979	0.603085976170159	0.300019282746191	0.569699138159111
TAG60:11FA22:5	0.642963109254287	0.91721244297169	0.322887719133036	0.584386342760056
DAG(18:2/20:3)	0.401793520926349	0.311717698890848	0.329860698801862	0.557668327542324
TAG40:0FA16:0	0.386892192586839	0.837735089177146	0.333487661871179	0.59668907781167
TAG54:5FA16:0	0.631666394128022	0.907311454207329	0.319297152889189	0.587478150411557
TAG58:6FA22:4	0.944636965292056	0.692950145708217	0.339721512595629	0.597365593881203
TAG56:4FA18:2	0.326904760146917	0.48976740636949	0.321839788267325	0.60881856013835
PE(O16:0/22:5)	0.919987429815121	0.417052351375273	0.412084083394484	0.538435554996778
PE(O18:0/22:6)	0.44924145400173	0.90176676600792	0.318153898253035	0.618812852644315
SM(18:1)	0.853397841711475	0.603602168935071	0.266315446258709	0.644271847451318
TAG51:5FA18:3	0.350615650670802	0.242615812244842	0.30843383028432	0.617768382182366
TAG54:6FA22:5	0.803765780911196	0.825308610019502	0.324984799087519	0.597906526937258
TAG56:4FA18:0	0.960412961232667	0.944883581347094	0.321849446173792	0.597863162459648
TAG51:3FA18:1	0.97681877180718	0.908621676591548	0.322405041283317	0.583725733625318
LPC(18:0)	0.137630002318507	0.0239960936976069	0.131506892889323	0.562528221013364
FFA(20:5)	0.852970541363242	0.431157377251533	0.333197561181419	0.558096659265303
TAG54:6FA18:1	0.0264195964936534	0.0719394600123253	0.297880590970775	0.59870358642427
TAG52:6FA18:1	0.220994200220089	0.19081364155861	0.335005400099537	0.698114771990138
PC(18:2/20:2)	0.0356243239925403	0.0566946713555809	0.128201485815903	0.791429687610171
PC(16:0/22:5)	0.436529903452413	0.549739690110116	0.264610938391718	0.677278605439082
TAG45:1FA15:0	0.440056142298042	0.287360469420647	0.295236219420241	0.555954347388328
TAG50:3FA18:3	0.992435897008565	0.69039556154909	0.321391912392412	0.579955125818878
TAG48:1FA12:0	0.546641228394778	0.91198888804717	0.318592818054527	0.585862129262516
TAG52:6FA20:5	0.869943962492905	0.972307373991731	0.321819153645864	0.58896761405621
TAG53:5FA20:4	0.246807096920797	0.454332679574713	0.304690678962884	0.571000903859567
CE(20:4)	0.478952943803032	0.771211956147853	0.313546742266397	0.583191741272301
CER(22:1)	0.232196347405676	0.706172426660088	0.396189606043963	0.550315268187458
MAG(18:0)	0.256021578615879	0.0244327476803904	0.28364698771768	0.720075802244626
TAG48:3FA18:3	0.989760542321424	0.894811536497978	0.319252267439141	0.589426037192117
FFA(18:0)	0.402940808026493	0.821384906239359	0.321907404684685	0.590000975753188
TAG52:4FA18:2	0.322118313121277	0.253725400644391	0.291592795414303	0.616114528890114
TAG42:1FA18:1	0.494854151327231	0.94017221320423	0.320574359138172	0.587699495587972
TAG60:10FA22:5	0.544833795978657	0.825998423398653	0.324478783399647	0.603457520003828
DCER(26:0)	0.53757510242883	0.565894918888393	0.321667075891984	0.613390222318127
LCER(18:0)	0.816490033950655	0.537899092797884	0.262114302457479	0.639003979619804
TAG42:0FA12:0	0.399304456586651	0.901535205250107	0.325366313267922	0.596223526058992
TAG51:3FA17:0	0.510317529473508	0.865550688938102	0.331101347093029	0.581267506902857
TAG52:6FA16:0	0.342369382092487	0.110831308141798	0.319508077925972	0.612897694911852
CE(22:4)	0.693450349940245	0.627251939100677	0.363284652477986	0.6019988852963
TAG48:4FA14:1	0.474681182424566	0.768347254482821	0.313078407613249	0.605532549583325
TAG50:3FA18:1	0.997848505803983	0.945389167879042	0.321095549825666	0.595102913825212
TAG53:4FA17:0	0.690608262428006	0.933757774259894	0.324281028071907	0.587524951882147
PC(16:0/20:4)	0.501882093683828	0.721443092027076	0.313014436028149	0.593130053471454
TAG44:1FA18:1	0.99842438297873	0.444937263688363	0.285422472792242	0.56955702736237
TAG48:0FA16:0	0.558586826610453	0.773135703340055	0.311022465917449	0.599516092923253
DAG(16:1/20:4)	0.188280011885837	0.414973299854497	0.320250325328631	0.590831425370503
PC(17:0/18:2)	0.310788735384846	0.844380979731745	0.387118079285914	0.571938918179505
TAG54:4FA18:2	0.137412429552841	0.150811433544625	0.31269287190058	0.615331990457258
TAG50:0FA14:0	0.600299617845502	0.199458337559685	0.260153226521812	0.545734710092054
TAG58:7FA20:4	0.549341782866267	0.436639322888587	0.307105850187153	0.551058943510203
TAG52:4FA18:3	0.36714129235457	0.152541989254594	0.314517906160702	0.616611972749576
FFA(16:1)	0.843742961253336	0.577938306758276	0.290208150623647	0.638737739497581
TAG51:3FA16:0	0.556596183449608	0.713600068248687	0.322917858271002	0.584010600382663
TAG50:4FA18:3	0.854752150631367	0.346502666211411	0.302279257419448	0.622712466289483
TAG54:4FA20:3	0.543593979190365	0.723821458841622	0.310985733509659	0.57800053565122
PE(O18:0/18:2)	0.706570712351792	0.940046524175057	0.356185794601562	0.586294922741174
PC(18:1/20:2)	0.697007515136878	0.966892505191118	0.339733473421371	0.592135614675586
TAG49:2FA18:1	0.3729832758409	0.481211946003608	0.319211864942305	0.548213565079421
PC(18:1/20:4)	0.802343253810071	0.850948359969194	0.33621410424523	0.592903603406979
TAG47:0FA14:0	0.525188326035994	0.411144168627031	0.290588878912105	0.572865512535014
TAG52:8FA18:2	0.923035005291345	0.886083069095737	0.320580823877022	0.58781149585225
FFA(22:6)	0.803564597813166	0.854013155298407	0.315645447399979	0.574755138975276
TAG47:2FA15:0	0.518064917344957	0.419411888426015	0.308538082749599	0.565947926297947
TAG48:2FA18:1	0.992079316176968	0.773168412915872	0.31527460131342	0.575051803658289
TAG55:4FA18:1	0.478016706162908	0.687539111861446	0.334098618660659	0.584273019273219
TAG52:3FA14:0	0.788887046099022	0.528173021161658	0.324004835665701	0.548278436720017
TAG46:2FA16:0	0.637384650662561	0.947849133592586	0.320401291482554	0.588197182349024
TAG54:4FA20:2	0.675271316182459	0.817365762949438	0.317680207221714	0.611205276243833
TAG48:4FA20:4	0.946524738170463	0.603277548742992	0.303282224056743	0.57099783828724
TAG56:3FA18:1	0.458072304852124	0.596547723546677	0.335368214767947	0.614019964218873
TAG54:7FA22:6	0.928805524760026	0.771220517385253	0.319745900688543	0.618427403970479
TAG49:3FA18:2	0.540449579927814	0.7300837532123	0.329195087842317	0.574531574218618
TAG52:3FA16:0	0.694652873623312	0.472365484815649	0.315714186464814	0.618780561865323
TAG54:8FA18:2	0.0575232913065558	0.175957642379757	0.313116530160692	0.571441248110501
TAG54:6FA18:3	0.037032428753585	0.0936410219965271	0.288632145313815	0.574752682025505
TAG56:8FA22:6	0.300822474469368	0.549834941654981	0.328264462012167	0.640980525128711
TAG58:8FA18:1	0.0957254948298358	0.255210404876436	0.357279703933624	0.699389456483635
TAG55:7FA22:6	0.660351098362495	0.97134738845346	0.322844213790934	0.598746066982534
DAG(14:0/18:3)	0.583543277665136	0.642946143690499	0.319352415528021	0.600427325994433
PC(16:0/22:4)	0.634744350055056	0.552411982167728	0.359684593198803	0.615499292770451
TAG56:9FA20:4	0.950058794908971	0.884243873318335	0.321712334264341	0.590017546117074
TAG57:8FA22:6	0.29528657099537	0.571069010897219	0.324002306288716	0.639438702534435
TAG56:2FA18:0	0.964290241424219	0.831001435120218	0.315138293314746	0.582787099046353
PC(17:0/20:4)	0.221186296517564	0.982125039443751	0.321692702067792	0.592654804849545
LPC(20:2)	0.120800657961442	0.0675258012473911	0.228256570747894	0.506162540274902
TAG45:1FA18:1	0.511008545539752	0.25971849793693	0.278412459795371	0.559187810950273
TAG52:5FA20:4	0.233977167428313	0.644085511162966	0.308306372820808	0.594530799557626
PE(18:1/18:1)	0.511378055639216	0.526103302612471	0.329155701829626	0.594391595304482
PE(P18:1/22:6)	0.860702619852175	0.815108724719726	0.309269462114348	0.658787010466524
PI(16:0/20:4)	0.269025596083758	0.669622607322122	0.395112641624623	0.591824057305238
TAG49:3FA15:0	0.701756173695514	0.959367162151477	0.321513537359049	0.592517495154668
TAG51:2FA18:0	0.639024752781366	0.455035128656416	0.303332930322798	0.588197635031854
LPE(20:4)	0.969190394759325	0.762874852691867	0.320396867086743	0.557814097855751
TAG44:2FA12:0	0.572507546092091	0.842175818613144	0.316845573120659	0.583415499356688
TAG56:1FA16:0	0.337701060124999	0.255059803472019	0.274322563169369	0.566415446848309
MAG(15:0)	0.21271339517462	0.664692288103926	0.335044969630174	0.589806371201657
DAG(16:0/18:2)	0.921082224093007	0.791187442147575	0.318430407152739	0.587478924693558
HCER(20:0)	0.0497845232565495	0.089871648069212	0.181832891769195	0.73236417605701
LCER(24:0)	0.843137490387109	0.989435703680327	0.330825076344559	0.590005596223268
TAG49:0FA16:0	0.3851674800904	0.400508334543735	0.289100521213217	0.594182954641896
TAG50:3FA18:2	0.834484534096563	0.800913732429274	0.316032703867927	0.602446370205771
TAG55:7FA20:4	0.950030628694344	0.679721698629165	0.336233911479704	0.576390298437865
HCER(22:0)	0.300663727281727	0.417691316820497	0.266173833930074	0.640306306509795
TAG58:7FA22:5	0.216644554326233	0.324465153352565	0.349658327165939	0.663179682032443
FFA(22:2)	0.948108465722871	0.976475689403576	0.321802210848717	0.589441215834504
TAG44:1FA12:0	0.968779983112708	0.559885603772789	0.306720637744315	0.56224613000378
TAG46:0FA12:0	0.557786589828658	0.892659869730964	0.317801125560615	0.585048942376989
TAG52:6FA14:0	0.755754270812884	0.837726610256915	0.31833175185036	0.580433033065271
TAG51:2FA17:0	0.35857685897168	0.473336793135275	0.326283507467653	0.57573185639833
TAG56:3FA20:0	0.612606885763697	0.814464038205635	0.326134726886698	0.590996379266873
PE(P16:0/20:3)	0.116198389509309	0.0902242863299673	0.561151965756541	0.383933595321589
PI(18:1/20:4)	0.295375404531521	0.80724081376519	0.356455117019494	0.603319023800484
DAG(12:0/18:2)	0.46512244139578	0.787474761127062	0.327526979004241	0.591661939334897
TAG52:2FA16:0	0.882242278916875	0.814710099222141	0.323547206246103	0.601126807877686
TAG52:3FA20:1	0.985623678667421	0.78698317944286	0.324119288541533	0.574752300219325
PE(P16:0/22:6)	0.458199869076675	0.387886423740496	0.24464893074578	0.810592270057142
TAG56:5FA22:4	0.499625524873746	0.843042137049639	0.314652190724791	0.593145454377974
TAG56:9FA22:6	0.266025806429308	0.480100867156998	0.32535763660475	0.645330156798012
TAG55:7FA20:3	0.598097224271256	0.810903653981306	0.334677019276902	0.588025816352395
TAG50:5FA16:0	0.915208070950356	0.506039430782487	0.328546392390008	0.618425435346158
TAG56:3FA16:0	0.4521654193493	0.366404662410114	0.30941075852092	0.564845490099263
MAG(18:1)	0.497371948726585	0.916888967174407	0.323737411589181	0.607046736475072
PC(18:1/18:2)	0.586445787342099	0.839664486079162	0.393987558405307	0.584335957625979
TAG56:6FA22:5	0.454308217962801	0.556125995040685	0.332075535610936	0.627902827348593
TAG57:3FA18:2	0.13363670088279	0.435011884109636	0.335729750577706	0.64273587664256
LCER(18:1)	0.877096216231407	0.713476058837088	0.340454881422656	0.57672874009005
TAG52:8FA16:1	0.277390113097853	0.376972557265151	0.313197102320521	0.564472769884878
TAG58:8FA22:6	0.152641024451678	0.347424971815345	0.346001504443209	0.681128097716436
TAG50:3FA16:0	0.72585327527104	0.577333778934936	0.305001409627174	0.60294248119235
FFA(24:1)	0.379939115990558	0.549808226615373	0.301187400752815	0.603749999458831
TAG55:7FA15:0	0.608937205767605	0.889748930962701	0.323950394544766	0.579731081638436
DAG(16:1/18:3)	0.551744688905653	0.858745638383823	0.31930082377354	0.593275815309063
CER(20:0)	0.883092993363502	0.778069004551521	0.305161626414241	0.63261497276121
PC(18:2/20:5)	0.350273168910312	0.823258710848567	0.334432710537041	0.572638596964296
TAG52:5FA18:3	0.223405805672177	0.0840876087207895	0.285609373057452	0.591525625449423
TAG51:0FA18:0	0.418752140563859	0.268772675704959	0.270649266828936	0.584003037042108
TAG55:3FA18:2	0.348836595600918	0.778446450042529	0.329889506135616	0.584519498743903
TAG42:2FA18:2	0.332595741118485	0.876840415840498	0.331931463473717	0.59263813601081
PC(14:0/18:2)	0.784815756749013	0.589000522418822	0.467501570852212	0.537354806360884
TAG50:3FA14:0	0.883807296491503	0.935510030057069	0.322991559932958	0.586452140905753
TAG54:5FA20:2	0.407682666116011	0.463418007641307	0.296693465645327	0.650529652036372
FFA(20:3)	0.958777731395323	0.922082165630425	0.32102578725731	0.584815945840376
TAG56:6FA16:0	0.482162652729057	0.481617269684844	0.325753682961768	0.633847884911671
PI(16:0/18:1)	0.230584849229841	0.162485138505287	0.46215792767462	0.69577892192658
TAG52:3FA18:3	0.54187765615263	0.374017725280038	0.321540451537014	0.592237160954401
TAG58:10FA18:2	0.175578511459426	0.482245432248127	0.334933873989566	0.635689044806263
LPC(16:0)	0.0412610277228338	0.00954745499598264	0.193684894658526	0.536945580023784
TAG44:2FA16:1	0.38834336645304	0.419764341493209	0.310377932462099	0.565014116079644
TAG56:10FA18:2	0.349827117176605	0.763901252642482	0.329960983895435	0.58631617430626
TAG56:5FA18:0	0.646102695799291	0.805657813090814	0.325113778908372	0.607905897772778
DAG(14:0/20:0)	0.0320158052775307	0.000894201851238685	0.652732902013651	0.47353178836753
TAG52:1FA20:1	0.350058442756115	0.337420433650864	0.286003583349705	0.585466797477302
CE(14:0)	0.542897745107463	0.165642296426971	0.545556287193022	0.457680577364087
DAG(18:1/22:4)	0.976354375629471	0.686667717204767	0.315403302373577	0.57559931063147
PC(18:0/20:3)	0.023977537313711	0.0410502237547473	0.770567678629067	0.469550124888495
TAG54:2FA18:0	0.616016532762926	0.674036930354219	0.334136108973463	0.603823886317889
TAG56:7FA22:5	0.369777595607852	0.500358020592796	0.323520477406294	0.623644252058439
PE(18:0/20:3)	0.164986992013968	0.330655051276223	0.503097895741902	0.491070220789218
TAG51:1FA15:0	0.332770656134604	0.143917797611011	0.259248869186093	0.553899930774149
TAG58:7FA18:1	0.137307777676136	0.14547692683052	0.34043012840696	0.744990475290957
PI(18:0/20:3)	0.271211456450029	0.230476484116076	0.62443570811342	0.453854546273448
TAG51:4FA18:1	0.525318822866498	0.341096787897382	0.313960325994248	0.613624993916427
TAG52:6FA18:3	0.1263414591062	0.0483925365688353	0.252809832932954	0.62504738903221
TAG44:2FA14:0	0.492401685286845	0.932559507135073	0.319868511340599	0.587326859224065
TAG50:5FA14:1	0.994681678464019	0.900516424844649	0.323294751707457	0.590236464248542
TAG54:2FA18:2	0.826686862008172	0.9342861980637	0.322231156986343	0.591369642476921
TAG48:2FA16:0	0.388881041195006	0.509039345545861	0.314678694066937	0.583320699013955
TAG56:6FA20:2	0.22047208101575	0.585602688451805	0.302603527899565	0.62892054843846
TAG56:5FA18:2	0.270419452897243	0.509110476664515	0.305509553038595	0.630341528856678
CER(16:0)	0.470745492046144	0.510994816261555	0.401194711173921	0.503482498020741
PC(18:2/18:3)	0.561810039855147	0.80473152325161	0.306823185094298	0.590623361459557
TAG49:2FA18:2	0.448285004902006	0.310583624276587	0.307256640432649	0.585566017862476
TAG54:3FA20:1	0.776936069806092	0.880125958381759	0.322041602320903	0.59999744606677
TAG44:0FA18:0	0.606195893556171	0.549036745622425	0.330754312932722	0.578516633175646
TAG54:1FA18:0	0.736816179943333	0.952136499668623	0.325212655565831	0.592062764415305
FFA(20:1)	0.48884845428019	0.697279803652657	0.332320216507986	0.619567689895158
TAG48:4FA14:0	0.838578736955111	0.737112925559495	0.314620867102199	0.612345792614633
TAG48:3FA16:1	0.516643613749248	0.897451399059661	0.318565235776805	0.600208725473995
TAG49:3FA18:3	0.842505271783558	0.992481300345058	0.321549318225369	0.589565531467803
SM(18:0)	0.538529585847065	0.524560774415632	0.258386031830554	0.654292433229777
PE(P18:0/18:2)	0.660939616928842	0.922499273028215	0.362302078766033	0.584586033875146
TAG53:2FA16:0	0.81503009530987	0.627041852911112	0.304342984670005	0.594254284379439
PC(18:1/18:3)	0.971534265734198	0.697589523488747	0.288162105408101	0.615785447865591
TAG53:4FA20:4	0.23631344678517	0.260604671489407	0.291372187566713	0.577105406501329
TAG46:3FA16:0	0.528746645034028	0.900562207651743	0.326794467434987	0.590937970902252
LPC(18:1)	0.163628770730626	0.0855573905859072	0.281083968655454	0.4865673236088
TAG50:2FA18:1	0.412945128691491	0.723305995076203	0.323484047536843	0.573214455912892
PI(18:0/18:1)	0.307756217920052	0.138412407622226	0.450698735472882	0.761976337479272
TAG48:1FA18:1	0.422571469806952	0.322425891616558	0.291545509468888	0.565298933978964
TAG54:4FA18:0	0.178490169935331	0.296944536415605	0.302251465793883	0.590400753488625
TAG54:6FA16:1	0.50166945816379	0.94243570097554	0.321313628773827	0.595518157304548
TAG56:6FA20:4	0.811554064013896	0.907490379967673	0.319388794395619	0.586999555903485
PC(20:0/20:4)	0.299611377900769	0.459146502263262	0.298184968216385	0.628894265875238
TAG54:1FA20:0	0.330749210401845	0.159304171167894	0.27048615259265	0.542238602322372
TAG44:2FA18:2	0.657150010361173	0.670174414285369	0.304760577472278	0.587240991382089
PC(18:0/20:5)	0.363889964747347	0.994229368989872	0.323482808161289	0.594157017980323
TAG58:7FA22:6	0.338141036605873	0.580385313227694	0.328569434633786	0.650344426418886
TAG52:3FA22:1	0.521756452123505	0.434304871950891	0.312977040675915	0.623219550192371
CE(16:1)	0.177086736658081	0.129100927739351	0.582164527835584	0.517342132237822
TAG54:2FA20:1	0.883803200447176	0.823776776369975	0.314169369248836	0.580141006702751
TAG44:1FA16:0	0.421752529955495	0.217882454626302	0.264520615677823	0.572737929679283
DAG(16:0/16:1)	0.425123633502797	0.695384790573698	0.321858198779553	0.578780003725119
TAG46:3FA14:1	0.273310943944845	0.392440263536913	0.314133891559666	0.562052746744957
TAG52:6FA20:4	0.308848266290377	0.687245906005645	0.313472403131702	0.587176031109198
CE(16:0)	0.527460235456805	0.931782599639686	0.32409792479011	0.594897626616758
PE(P18:0/20:3)	0.335922777804875	0.403976120784605	0.464571222125597	0.466273634449638
DAG(12:0/16:0)	0.561553222623961	0.803786453967021	0.307805165518859	0.600378364982896
TAG45:0FA14:0	0.632588729733839	0.581165101434729	0.299393777124833	0.578980227898636
FFA(18:2)	0.253703214566277	0.278535739176141	0.269979473878918	0.621050176271244
LPE(16:0)	0.273770552209538	0.0279022096700492	0.18540675570391	0.682637163804818
CE(20:1)	0.248949295806984	0.61121418727406	0.290396500991343	0.574241704574345
DCER(22:0)	0.191424662539186	0.0785567172507225	0.431695419459325	0.495453397020216
PC(14:0/18:1)	0.243537917956527	0.247939612203893	0.538350684646473	0.453340187280473
PE(18:1/22:6)	0.638777052718747	0.333346342870178	0.221678093262189	0.859781842468556
TAG48:4FA16:0	0.715931269049445	0.8680441009442	0.322152457163929	0.594069794394191
TAG54:2FA16:0	0.78348858296304	0.702367955855489	0.309250270835047	0.574139282574738
TAG58:9FA18:2	0.104051773860537	0.320435876662817	0.337216703748348	0.664568669987131
TAG52:5FA16:0	0.212548987619927	0.153384295791213	0.304559119436167	0.572666754085556
FFA(15:0)	0.641494987217255	0.901289273121078	0.319136506636717	0.599769921118421
TAG52:5FA18:1	0.223316981647993	0.0709680682496885	0.266332890769164	0.736478854521428
TAG54:5FA18:1	0.0582887814258979	0.100976880836409	0.306174339243835	0.58861555547312
FFA(24:0)	0.414773397957541	0.553905386574099	0.290981303491385	0.733399728154656
TAG54:5FA22:5	0.583158615560681	0.828047858192389	0.316554156729337	0.588428533215467
TAG58:8FA18:2	0.159336109858638	0.258749565587332	0.327706735562061	0.673029929535987
TAG44:0FA14:0	0.900920021628315	0.621387285018996	0.301879253004179	0.57401061955751
PE(P16:0/18:1)	0.998085164324803	0.54874177077674	0.394534912625569	0.520298195488603
CER(22:0)	0.357269676643969	0.125364330896319	0.452654546652211	0.421525963917539
TAG52:4FA18:1	0.295424331095496	0.116465555979139	0.267816393907118	0.695480537224602
TAG58:8FA20:3	0.334272399020684	0.261598910102463	0.312252615112605	0.535006057732746
PE(18:0/22:5)	0.953237775126221	0.343913770485533	0.235220862288403	0.730966946484928
TAG47:2FA18:1	0.354065467920725	0.231319348847488	0.289025087622014	0.536677689379999
CE(22:2)	0.283176566896555	0.934565700676167	0.31913244630431	0.592000548576491
TAG55:5FA18:2	0.570708564686069	0.93885035482162	0.320312663791312	0.58680592965685
TAG52:2FA14:0	0.514262811594151	0.186842219544429	0.293873970635338	0.524869251012107
FFA(22:4)	0.369980117333379	0.53633600436132	0.302332888619323	0.645526339333262
TAG54:1FA18:1	0.828316367352402	0.948436737852958	0.320159116698268	0.587755910692969
TAG40:0FA14:0	0.605468630812437	0.842801046310276	0.322519058413682	0.599937439043248
DAG(16:0/22:5)	0.867805772582749	0.767057506300281	0.319109378095997	0.599496579015477
DAG(18:0/22:6)	0.527881510078561	0.684094443554311	0.347733294198606	0.585760737974554
TAG47:1FA16:0	0.289837811488876	0.320200241759579	0.290530461783478	0.576945240953131
DAG(18:1/20:5)	0.346965272623035	0.88764436213208	0.324475539777457	0.600975835476958
TAG54:3FA16:1	0.77405384083193	0.712103654227532	0.311925442329321	0.628470851797501
MAG(16:0)	0.422250807037131	0.102108081695315	0.372828318815008	0.661215494290416
PI(16:0/18:2)	0.452993941597811	0.591697876007659	0.40820698302754	0.627757460312096
CE(22:6)	0.363807583945777	0.647271778903657	0.296638767491978	0.659660505483965
TAG46:4FA18:2	0.639023298997603	0.556253489480245	0.300673061233454	0.627207654682194
CE(18:4)	0.971834971116879	0.746509877615728	0.366088873743267	0.572012174218058
TAG54:2FA20:0	0.75965337235647	0.599448730256579	0.314106417720726	0.581625098006037
TAG56:6FA20:3	0.864092190353559	0.965452646863857	0.321647946593097	0.592540791687556
DAG(18:2/22:4)	0.317279909054685	0.65750609930113	0.313941796467136	0.613348953915842
DCER(24:0)	0.279553909135885	0.155958655835886	0.415395975566539	0.440571262042623
TAG58:6FA16:0	0.624021892297725	0.732852270334673	0.308088468028179	0.625027707273958
PC(16:0/18:2)	0.418559643429057	0.973420697724661	0.365454802012601	0.590213059220519
TAG52:3FA18:2	0.717249520874031	0.521322159485886	0.315937907037956	0.61615190049435
TAG48:0FA18:0	0.867809157013503	0.464088183207701	0.288057259907538	0.57008964639257
TAG58:7FA18:2	0.509918648752161	0.579256284883744	0.317435402458113	0.625959706376241
TAG50:1FA16:1	0.245145270384045	0.680845561995085	0.318322521743074	0.584956643002613
LPE(16:1)	0.103482970313966	0.499880904062513	0.353514549199168	0.595186039387307
TAG48:1FA14:1	0.143171056350339	0.178668941795283	0.272066758583065	0.584397042590396
TAG51:2FA18:2	0.456343492293656	0.398298697112756	0.318458317670892	0.583933841841403
TAG50:2FA16:0	0.508157050245508	0.944575385257155	0.322455866883743	0.590013431937775
LCER(14:0)	0.285149718131987	0.139287489213592	0.475531759927976	0.490338965449204
LPE(22:6)	0.642547440744639	0.705243790246148	0.315304242122431	0.623721436261743
PE(18:1/20:4)	0.556468194261053	0.0946015885201022	0.179637522509745	0.817610345841801
TAG54:4FA22:4	0.273211587393871	0.488585501405052	0.291215213017826	0.62060816913633
PE(16:0/18:2)	0.731638458366871	0.990039907214788	0.332705316155365	0.593651684769553
TAG50:4FA18:2	0.484719710246913	0.580040466113848	0.306636261495271	0.611570454605943
HCER(16:0)	0.918948967219379	0.863198268935523	0.315516678131893	0.604357107644667
PE(16:0/22:5)	0.727756823509053	0.674514015714294	0.286586382706066	0.686239621391894
PE(O18:0/18:1)	0.904036721632565	0.926157285292238	0.321926937807012	0.5983894456458
TAG44:1FA14:1	0.263507137157489	0.339933844786058	0.288606536748996	0.575028840982311
TAG56:7FA20:5	0.118208754319056	0.382876010164326	0.359653076931165	0.657975955604193
TAG45:0FA16:0	0.515404226324228	0.408783866930884	0.28514841426122	0.579881376708836
TAG46:0FA16:0	0.74119314250263	0.614738020604067	0.299056187847374	0.588320931282703
SM(24:1)	0.251477783728202	0.524449660030485	0.446986959579435	0.537182146907229
TAG52:7FA22:6	0.610773115460072	0.620400110741513	0.329073969972465	0.624249615082381
CE(20:2)	0.53735673712764	0.315467711019705	0.50444786665886	0.59083732283041
TAG54:5FA20:5	0.523094659985671	0.99936270319982	0.323684412978093	0.591472735665016
TAG45:0FA15:0	0.526200870462795	0.504408370823844	0.296083173526143	0.58129724917702
TAG56:5FA22:5	0.753411312897058	0.728647686039461	0.329562137525806	0.608409800487619
PC(18:0/16:1)	0.135866170267369	0.327302282160355	0.470800926551318	0.528725683888864
TAG49:2FA16:0	0.337418578896884	0.375898865031827	0.312139988549324	0.584833007248784
CE(20:5)	0.221100690506122	0.955654632349408	0.324636802447998	0.588821496093305
HCER(22:1)	0.335656588051826	0.346435402320056	0.227703990146178	0.686796073948433
TAG49:1FA16:0	0.200941186703909	0.223188314352823	0.286459154697478	0.582102687952232
TAG56:5FA18:1	0.696309583407688	0.722954634658067	0.32487760659566	0.612929700184657
TAG53:4FA18:3	0.719706651959781	0.699322299948011	0.319935086702601	0.596557155690909
PC(20:0/18:1)	0.916059352749634	0.942768289585864	0.341338948209636	0.58719477608159
TAG54:1FA20:1	0.711071430291676	0.594370748691873	0.293444271400653	0.576317917225357
DAG(12:0/18:1)	0.539936826582414	0.839097694934767	0.31506648435383	0.583943527029594
PE(P18:0/22:5)	0.607127173055687	0.676904861862449	0.377082431030016	0.549791203509372
