chemID	simpleLRM_Fstatistics	multiLRM(chem_sig)	multiLRM(sex_sig)	multiLRM(age_sig)
TAG52:0FA20:0	0.156156573882895	0.0478236959987307	0.252596160975675	0.635492628982365
TAG58:6FA22:5	0.463785367196508	0.685968820941758	0.315863424911062	0.680349835077057
TAG50:1FA20:1	0.462583637151686	0.20155221891111	0.261083212676286	0.628344252552668
TAG54:6FA20:3	0.710949757227097	0.360644209753852	0.295867462517445	0.69353183305242
CE(24:0)	0.309702038856265	0.814224512328956	0.293643733368113	0.669305911020584
LCER(22:0)	0.808675011532327	0.931323530076109	0.307876337542659	0.658345006708742
TAG48:4FA16:1	0.666990301868674	0.549609997323372	0.285426751919708	0.693110247800413
TAG51:4FA16:0	0.861876612832917	0.838912614920482	0.304413110209249	0.654400258661615
PC(16:0/18:1)	0.735957603419523	0.549352814350245	0.391545114206878	0.590645535431169
TAG50:3FA14:1	0.354098440101577	0.358624012139643	0.299346801748744	0.619865697714159
CE(17:0)	0.938668581376644	0.326703320569033	0.374479353889612	0.601797535400085
TAG56:6FA22:6	0.693545456976321	0.767472446776735	0.305926242598038	0.684971259230443
PC(18:1/16:1)	0.492000936838705	0.919803756836228	0.355511947168172	0.645889276732455
TAG53:3FA16:0	0.888606921643482	0.797743715824558	0.300565366334033	0.656116842532296
TAG54:4FA20:4	0.500628142533353	0.78303673684426	0.293726638751133	0.654732914680688
DAG(14:0/20:4)	0.113428686858074	0.0200069933590835	0.267842565533895	0.585844047458862
CE(18:2)	0.293757409760722	0.443202607625275	0.219405964695112	0.702512888600255
DAG(14:1/18:1)	0.991999917004112	0.947426491789974	0.310298717824152	0.655769130861425
DCER(20:0)	0.274662774926129	0.0863321863563488	0.233891993445192	0.805346487894506
LCER(20:1)	0.384939443996215	0.0857049727313383	0.526109249641873	0.518440945285059
TAG54:3FA16:0	0.911543136993928	0.974015170345452	0.305896750335542	0.656552743793225
TAG48:3FA14:0	0.809013902075772	0.930251832402619	0.303709605653231	0.658648440568924
TAG56:1FA18:1	0.44507408755872	0.212470170242495	0.256899899604575	0.615357852666421
TAG58:9FA18:1	0.133501458649786	0.346243620211967	0.328193894711232	0.739353708515639
PE(P18:1/22:4)	0.860440010122454	0.809446524115147	0.294816188253157	0.639358674446001
TAG54:4FA16:0	0.818179827199555	0.954847350888349	0.304452134724769	0.652312835515366
PC(18:2/16:1)	0.85410621817152	0.894960523288345	0.33152446194988	0.680995180713022
DAG(14:0/18:1)	0.66134568442695	0.368927560025893	0.279049886949362	0.622608652138042
TAG46:2FA14:1	0.159467976759472	0.348823105988516	0.288604204105032	0.629963219750368
TAG52:4FA20:0	0.390003763899103	0.335377841890942	0.291165392077718	0.659876419279548
PC(18:0/18:2)	0.998073380504653	0.655548350379509	0.479361490406378	0.607124812766184
PE(P16:0/22:4)	0.598716156913612	0.920416787484895	0.303940600141962	0.653505314568237
TAG50:4FA16:0	0.902193388564469	0.366085652879029	0.289108355819191	0.681956053211024
DAG(18:1/20:1)	0.707419848778008	0.932022635018096	0.304325124961521	0.649137268383319
LPC(15:0)	0.60225938804805	0.0563268514759966	0.172734982188614	0.775805859434961
TAG48:3FA18:2	0.665629219855225	0.901434093144089	0.305802582569948	0.659200540928434
TAG52:6FA22:6	0.747460164389551	0.826962230195118	0.304758429838805	0.640443543104681
TAG56:7FA18:3	0.375161266410383	0.487058845327991	0.301761901839432	0.667976059806968
PC(18:0/22:6)	0.936440504023353	0.993330825639993	0.317134303739161	0.664435098227974
SM(26:1)	0.43177944291415	0.542650618857288	0.385746184294847	0.602023980900042
TAG48:2FA14:0	0.576089328780176	0.606785921121325	0.301369629701696	0.643839620939074
TAG48:3FA18:1	0.410375992651514	0.803997294405714	0.310504524439103	0.663343971710912
DAG(16:1/18:2)	0.676063412846924	0.709629292039912	0.28772966068374	0.675166012034107
TAG53:6FA18:3	0.650178409751762	0.750672454211043	0.325005653615832	0.658561680171636
PC(16:0/12:0)	0.371177518281245	0.925016072554158	0.303944928823998	0.674286574182869
TAG51:5FA18:2	0.324830109742355	0.522086040356042	0.299560517684375	0.661053494709826
PE(P16:0/20:4)	0.81804044404132	0.877824632012337	0.301170914709615	0.665292680628757
TAG49:1FA16:1	0.25106626781778	0.544690343898147	0.297671895774538	0.649791144845262
TAG56:5FA20:1	0.0829108941595955	0.258999976354062	0.302023321393848	0.670168291368357
LPE(18:0)	0.699583364502179	0.197984714439867	0.183511881455416	0.727480626396287
FFA(20:4)	0.819899505102008	0.952244570639994	0.303988547567982	0.65205829906918
TAG46:1FA14:1	0.204465106552249	0.112534479120322	0.177217126976642	0.666819666515987
TAG46:3FA14:0	0.822450995022423	0.687335964826104	0.298589775197355	0.642674648921178
PE(P18:1/22:5)	0.838128418126959	0.391729307058101	0.405077724429315	0.588049837554711
TAG50:1FA14:0	0.589578107021728	0.281201114162728	0.262628602368712	0.617901271411663
TAG56:8FA20:4	0.928144371150351	0.922506933158574	0.30675335783685	0.651041152230457
TAG56:4FA20:1	0.206213231862073	0.379685591340566	0.319597149350563	0.680884000889817
MAG(18:3)	0.416189652826671	0.603341031029323	0.410636939473575	0.615274176213163
PE(18:0/20:4)	0.933468313300692	0.38166193240359	0.240369632889704	0.754837934399364
TAG53:2FA18:1	0.692165398719529	0.481374649672647	0.291508627006589	0.620926204045147
TAG54:7FA22:5	0.617016532134629	0.525787490169138	0.315071576335481	0.68018809169762
TAG60:12FA22:6	0.496147612591931	0.998066698836372	0.305419643221564	0.656153075664922
PC(18:0/20:2)	0.461032507883002	0.273522573637479	0.591208610996555	0.58407971141782
LPC(18:2)	0.0288010646791396	0.0715854969983604	0.300168185907711	0.409247817694484
PC(15:0/18:2)	0.654801760342212	0.32501448545913	0.522161932834772	0.53658169539915
DAG(18:1/18:1)	0.625762397861157	0.641761922305383	0.303129319525102	0.687462883712671
TAG56:4FA22:4	0.42957862392036	0.702598943042803	0.287589488618416	0.667060560317634
TAG56:9FA20:5	0.118486981632622	0.41991087309583	0.325425303337597	0.699109898160516
TAG49:2FA14:0	0.421251949439398	0.32856798374574	0.293873793679602	0.621565851510521
PC(16:0/18:3)	0.546841303242271	0.33286090980135	0.212439303198554	0.729089574115511
LPE(22:5)	0.916717418829718	0.970479084059834	0.305061347324309	0.652584467854791
TAG54:6FA20:5	0.245263885899301	0.427961669302981	0.344798771376882	0.711805219245244
TAG56:7FA22:6	0.394309772927545	0.55382388235466	0.31117502938553	0.710968841270286
TAG51:4FA16:1	0.81683423999049	0.489588782516015	0.273863372283603	0.71708647785182
TAG52:5FA20:5	0.734779353883936	0.940237910313008	0.308082935859124	0.656502441848427
SM(20:0)	0.0833068403716909	0.349209044371594	0.202643498888903	0.737664287776026
TAG55:5FA20:4	0.503616203243881	0.365533789381646	0.269133907691268	0.629792459338782
TAG58:6FA20:4	0.93630604058265	0.795448214179491	0.298468038694956	0.639612852830248
PE(O18:0/20:4)	0.666492234271711	0.749063464127184	0.313185174125068	0.642786000440492
DAG(18:2/18:3)	0.360061133908756	0.257033958855194	0.289075168539413	0.656267298408202
TAG48:4FA18:3	0.336874290392372	0.401270505612236	0.316465648737497	0.68310858853231
TAG52:0FA16:0	0.720437171337927	0.546154440330093	0.275462976627507	0.646485119791308
TAG58:9FA22:5	0.148603725476617	0.326220400074596	0.324481090559745	0.685808885659204
TAG58:9FA22:6	0.125882039394322	0.341224486863779	0.327427832160933	0.74127924880704
PE(P18:1/16:0)	0.630860397534188	0.760661785347682	0.328900446752638	0.620448053056543
DAG(14:0/18:2)	0.714064809314257	0.466949860434836	0.299039708021481	0.647476072230174
TAG54:0FA18:0	0.655475117643274	0.947952075469029	0.303816948769084	0.651352645478828
TAG56:2FA16:0	0.311723326065691	0.237213416070249	0.264227720502238	0.64864802274185
TAG56:8FA22:5	0.291264900557161	0.366141659543028	0.304338747486963	0.708258633459517
PC(16:0/20:2)	0.996049499396701	0.668372289732718	0.38690101651823	0.609320203223015
PC(15:0/18:1)	0.596874547185051	0.29558079431616	0.513793745911769	0.497068575890971
TAG56:7FA18:2	0.397546721989524	0.600543028540759	0.303539967572085	0.674702245657934
LPE(18:1)	0.829290101122519	0.933857175528411	0.305992939848934	0.648179468289295
TAG50:2FA16:1	0.250973850539837	0.874956614728369	0.307294720926687	0.65066609446283
PC(17:0/18:1)	0.896126142440995	0.0791522341468376	0.505652315687053	0.401812870596921
DAG(16:0/18:1)	0.644865424561768	0.654132412551105	0.298767311290251	0.648985774514267
LPC(22:5)	0.133539812541506	0.393938998054969	0.303653534835754	0.59570961765856
TAG46:0FA18:0	0.535083390650795	0.845673480881303	0.298295904342647	0.647227367952237
PE(18:0/20:5)	0.605283563916002	0.874203132028359	0.302990557842924	0.641868576305793
LPE(22:4)	0.51223219019287	0.432717030729741	0.294893344609281	0.77300767531689
TAG46:1FA18:1	0.92233773987462	0.573903852752986	0.285388764035486	0.632808261865644
TAG58:10FA20:4	0.441324599524502	0.311760705558738	0.302947372381765	0.625621653080586
DAG(14:0/16:1)	0.145737692117403	0.171762182644855	0.288377985200132	0.656754978033787
SM(24:0)	0.506924283034954	0.397335919689314	0.408033626829237	0.611038821513814
TAG53:6FA18:2	0.586057222489641	0.435534060922868	0.299705497914976	0.666052170225357
HCER(18:0)	0.144346967111938	0.154425478542787	0.154667472047022	0.836009621205232
LPC(20:3)	0.85826884746559	0.790274462462365	0.307262507404843	0.629737590051437
TAG53:5FA18:2	0.252576947481927	0.371700495712551	0.312934686919565	0.645511874053884
TAG50:1FA18:0	0.355694441106392	0.330122395652584	0.271549804190344	0.641730858619433
TAG52:5FA20:3	0.665428662155613	0.872826622004607	0.304969271598222	0.646477961379624
PE(P16:0/22:5)	0.980207902197028	0.890069459174659	0.301357855797846	0.660869809926447
TAG44:0FA12:0	0.553281193323691	0.93013945345979	0.303208667246065	0.651059693719475
TAG55:6FA18:1	0.402164113780344	0.674668582249296	0.321480002457602	0.666686394257253
PC(20:0/18:2)	0.391294612045346	0.882352910645977	0.309148632399235	0.672753248577945
PE(P18:0/18:1)	0.769250641994951	0.439369954090375	0.394900493656806	0.571712400794157
MAG(18:2)	0.576177371862337	0.716144374826037	0.296554939889493	0.626212709405295
TAG52:5FA18:2	0.163059412237991	0.12318607065083	0.255016677759268	0.695016629575754
SM(16:0)	0.889300127134825	0.749674247389804	0.384714436188056	0.612161925300758
TAG49:1FA18:1	0.239082133985459	0.14588388155614	0.259177484970704	0.622710395637564
FFA(14:0)	0.654835281076824	0.892533644231903	0.301209568891315	0.670477482445138
TAG56:4FA20:4	0.94098507174044	0.983719092825524	0.306066696784154	0.653515700158693
TAG46:2FA18:2	0.569928497710292	0.892058099939651	0.301798774433857	0.650558923567628
FFA(16:0)	0.627502257013478	0.818806662549058	0.298101376303192	0.663868445436804
TAG52:5FA22:5	0.942501275804352	0.82773748939847	0.307325914893689	0.654435133783991
PE(P18:1/20:3)	0.252780585726692	0.21700877585128	0.432358725891176	0.581435689015778
TAG56:8FA18:3	0.476334673572279	0.331727288342295	0.29616030817307	0.678179708698252
TAG46:3FA16:1	0.828668459453061	0.867133100460274	0.303183884943521	0.66347934850669
TAG50:1FA18:1	0.409748669455017	0.629441916451495	0.293496019780631	0.660134868101821
TAG44:0FA16:0	0.619618395950563	0.880044441592632	0.300114477542315	0.649955113673206
CE(22:5)	0.966659701304692	0.983271107862894	0.319893020839029	0.656061023149228
TAG49:2FA16:1	0.271747024864665	0.648225783817976	0.307270071484482	0.634733308656873
TAG53:4FA18:1	0.875936635501782	0.740162008832804	0.30034181765465	0.634160517081113
TAG52:3FA20:3	0.309641857242564	0.542446171559938	0.291130593803065	0.664843269829209
TAG49:1FA17:0	0.248009917567846	0.20868499938706	0.271550710274392	0.638127688745895
TAG56:7FA18:1	0.233708037463601	0.301421989374675	0.326478032920749	0.735281166427408
TAG50:2FA18:0	0.621975271823945	0.370712910894093	0.28772972387654	0.645072916996281
TAG44:2FA16:0	0.72363762754964	0.378053468435806	0.259748719800161	0.680247520303149
TAG44:3FA18:2	0.866604062013951	0.60730550757008	0.281430547165425	0.677527370533424
TAG47:0FA15:0	0.493411466212663	0.541252731248521	0.279826503942977	0.658046048981091
TAG54:7FA16:1	0.852920519157032	0.593048188221741	0.30133723182655	0.696196219199347
TAG52:3FA20:2	0.604109363773941	0.823096172069031	0.307511238612951	0.643556688446629
TAG52:5FA16:1	0.23319350137769	0.135722157575135	0.252817785584984	0.743454916556285
TAG51:2FA15:0	0.65139771217554	0.509833768725209	0.289177154156659	0.61752428482388
TAG54:7FA20:4	0.707570870122462	0.583466681823585	0.3120552443672	0.653877737374483
PE(P18:1/18:2)	0.85990649651981	0.546937974929174	0.409256616392685	0.594027306237422
TAG52:1FA16:1	0.338571426674604	0.437141715074002	0.296117209379304	0.626446955377919
TAG47:1FA15:0	0.32338108458425	0.299547228538275	0.273390228018855	0.628282606354826
TAG50:5FA14:0	0.259866940189599	0.423450518944992	0.30010919918399	0.662063899514269
TAG55:1FA16:0	0.294300911773244	0.468233244322842	0.314617790662485	0.712426120811951
TAG56:3FA18:0	0.950143495336823	0.829377265963234	0.303686847831401	0.640108951273588
TAG50:2FA14:0	0.796341732324236	0.660853215185081	0.300766670888488	0.628079256626139
TAG56:2FA18:1	0.859528577065931	0.878562367118627	0.30001207206388	0.65014539658709
TAG51:3FA18:2	0.791289784123984	0.824493186734971	0.306225659653248	0.644764796440089
PC(16:0/16:1)	0.0998705055515506	0.149581733035294	0.467841109059303	0.559003270762226
TAG51:1FA16:0	0.257525191914298	0.245142545760498	0.266694170455365	0.657122950888372
TAG52:3FA18:1	0.774909698423109	0.44497547109213	0.295209106242905	0.690513543055469
TAG56:4FA18:1	0.389382484934937	0.504375439632093	0.306206745679336	0.70366979188767
TAG54:4FA20:1	0.362435012190985	0.347200571999342	0.279483955651484	0.717490415098699
TAG56:7FA18:0	0.156028498732921	0.513853535008085	0.327460824619317	0.704230303987927
TAG54:4FA18:3	0.119687005008362	0.159694506889084	0.290274422338426	0.67006168042766
TAG56:7FA20:3	0.61231029898403	0.890321511327039	0.304987231285114	0.654133306193482
PE(18:0/18:1)	0.451001240590851	0.667797071060814	0.327225423480849	0.649576031334297
TAG50:4FA14:1	0.782975027383735	0.841315324002645	0.306827800042939	0.648078949423735
TAG47:2FA18:2	0.67288077299823	0.29098664280486	0.277609601252502	0.638327877615987
TAG50:5FA18:1	0.568238821182259	0.402289690701696	0.301231817488767	0.697759301844991
TAG53:4FA18:0	0.948728648802895	0.444109595114004	0.28768179077463	0.672564875201825
PC(16:0/20:3)	0.0873214364986454	0.141224810607312	0.5344080583034	0.566933993643197
TAG56:6FA18:2	0.46195878316714	0.724067161143862	0.306393420829227	0.661136275823076
PC(14:0/20:4)	0.500255519626275	0.188103348058956	0.416406625210505	0.651958220682456
PC(18:1/22:5)	0.465158839854302	0.412375080584882	0.227174166635491	0.663035104623352
LCER(24:1)	0.862607808042258	0.865684283661949	0.299010436289952	0.648682421508056
DAG(15:0/18:1)	0.429070938475276	0.267683736073455	0.302990976534787	0.678721670070174
TAG45:1FA16:0	0.293115831903604	0.257985023727059	0.266343892662953	0.636903163308146
TAG56:4FA20:3	0.991724309522377	0.867418607710417	0.303145388383314	0.643712576705112
TAG60:10FA22:6	0.494173254787883	0.876836637903288	0.30674625149956	0.669390693032121
TAG54:5FA22:1	0.0825738888436686	0.153068523289703	0.286771007259601	0.625179281826529
PE(16:0/22:6)	0.821307893844276	0.525206650197554	0.246210302752005	0.834905833967208
LPE(18:2)	0.184147706243801	0.190512643250998	0.258527835886242	0.486806545996495
TAG54:6FA20:4	0.674222654505495	0.833244896881838	0.31355433781038	0.651052107687165
TAG54:2FA18:1	0.505200683992725	0.545228187581006	0.325455798547424	0.673143945501288
TAG56:8FA16:1	0.313438290236422	0.419419372148764	0.295258787158309	0.727930033129362
TAG58:9FA20:4	0.298163651834047	0.281684340655074	0.278393193750052	0.656937664877609
PE(16:0/18:1)	0.107919283707865	0.319943383112236	0.374592074785301	0.605307514350039
DAG(16:1/16:1)	0.561388051994827	0.640153335305707	0.304179696963888	0.674396789569516
PC(18:1/22:6)	0.822697248369901	0.672038661296911	0.364725165993055	0.596856997347815
TAG52:4FA20:2	0.644885717940391	0.623947650862121	0.291365144243031	0.695884328534473
TAG42:0FA16:0	0.664173510336002	0.806022918596587	0.295077527210465	0.648146904333819
TAG52:2FA20:1	0.415500779000125	0.423074581866827	0.295847197746516	0.620088254621211
TAG52:4FA16:1	0.368668736142068	0.171127462673939	0.253162585196382	0.763893289601114
TAG58:8FA22:5	0.163290969116297	0.298073777786309	0.327459775825681	0.6999442265179
TAG56:8FA16:0	0.33919304488165	0.555869125819554	0.312876078780441	0.697819536216158
FFA(20:2)	0.332624472125459	0.584988693826799	0.334401914394154	0.692370503161115
TAG46:3FA18:1	0.973840297905175	0.373045274714937	0.254587174764469	0.680910046774398
TAG50:4FA20:4	0.354749948743145	0.37993679085345	0.273935987405838	0.659194253595056
TAG53:2FA17:0	0.700461223190973	0.455343633172668	0.296796347157141	0.612651572667723
PE(18:1/18:2)	0.980364929997189	0.669901039328347	0.359547307126298	0.642951244534096
TAG51:1FA17:0	0.228995164656184	0.207577840541478	0.267779893349951	0.646068099752592
TAG54:2FA20:2	0.836774734971969	0.868385294636106	0.301584389114909	0.646498322241024
TAG56:6FA18:1	0.598863277537592	0.734162986189301	0.311635569882073	0.674272620244637
FFA(22:1)	0.382008833184758	0.794105080305597	0.300801847889555	0.638742981309864
LPC(16:1)	0.464027810132372	0.787564261437122	0.29015023554475	0.656468947686375
PC(14:0/20:3)	0.126116907463024	0.268994901907379	0.471925489724415	0.606221810379473
TAG48:3FA12:0	0.408603308076821	0.859885958203912	0.308631508224448	0.66074472961292
TAG54:6FA16:0	0.835391709019891	0.571427447145777	0.325825936725491	0.670051872620284
TAG46:0FA14:0	0.608522547594535	0.578895152823445	0.281846884954969	0.654378087629841
FFA(22:5)	0.644295398835182	0.726501520831113	0.29634511892184	0.634561322417479
TAG56:2FA20:1	0.740750422069417	0.980174058248011	0.305726791759669	0.653094677172867
TAG58:5FA18:1	0.933289761136706	0.9061509244944	0.306308138859345	0.659667150930256
TAG50:4FA20:3	0.582309966171403	0.573862932831706	0.293365620504312	0.630348849761089
TAG52:1FA20:0	0.129730965870158	0.0416091621250611	0.271038366423278	0.570418516394672
PE(O18:0/22:5)	0.805508141094401	0.779721956042135	0.327998231636752	0.644739996911124
TAG53:7FA18:3	0.217086160655644	0.521743422052945	0.32737779301634	0.650871398417213
TAG50:3FA18:0	0.857024191578404	0.491218951412994	0.294676345288501	0.656647398555214
TAG46:3FA18:3	0.32380740094802	0.79144142269423	0.314863424502819	0.658165743101841
TAG54:7FA18:1	0.0649446978286156	0.143735808714795	0.305779827939212	0.691939597277574
TAG55:4FA18:2	0.424341165129463	0.841688004600709	0.306297538571393	0.645388668104238
PE(P18:0/22:6)	0.796004805948234	0.751905975200084	0.284669299598556	0.760232192299791
FFA(18:1)	0.896405633113695	0.686899174367931	0.292017698012031	0.681665999794882
TAG50:5FA20:4	0.470849005013984	0.569600172111302	0.286291466669719	0.641907778793831
TAG53:3FA18:1	0.880244426583894	0.980243538725667	0.305288172584937	0.655962823274267
TAG50:5FA16:1	0.821480318037397	0.0808388115421247	0.225529704869315	0.801584840764499
TAG50:4FA16:1	0.858185385478805	0.131763023760402	0.226603608012167	0.774098363680224
TAG52:4FA20:4	0.354364628033935	0.615548363856751	0.288869908224656	0.670285033837714
PC(18:1/20:5)	0.230594928689749	0.912289883793339	0.301888061814324	0.671752005328179
DAG(18:2/20:4)	0.495279972191563	0.487272980452798	0.305952717657907	0.664842032338906
TAG54:7FA18:2	0.0443452235890925	0.225055788224202	0.287121146592835	0.594383012582309
TAG56:7FA22:4	0.747482208103162	0.48878516658556	0.320601873190307	0.657681009638648
DAG(18:2/22:6)	0.331273893909231	0.705800670723324	0.305982971707051	0.684703449917883
TAG49:2FA15:0	0.414072207196831	0.437484679696163	0.296751031950623	0.647018098702965
TAG46:3FA12:0	0.449692038176446	0.811332726655405	0.306991313190212	0.66417071961318
TAG47:0FA16:0	0.559039498921786	0.579848856474637	0.28205044401255	0.656350289494345
PC(18:2/18:2)	0.411530265826116	0.947442906064848	0.336812106979396	0.653441231865633
PC(18:2/20:3)	0.500114697540951	0.452116011926183	0.480460557386287	0.631061242927984
CE(15:0)	0.806422036217671	0.345622187590142	0.401362213380953	0.569794811120606
TAG54:1FA16:0	0.330055314695486	0.112572333807383	0.239642113897495	0.623882781540489
TAG49:2FA17:0	0.303094762339863	0.195912438154527	0.293380060774656	0.624316498475953
TAG54:8FA18:3	0.0320137812344874	0.13022002177106	0.283711203140055	0.563344740764257
DAG(16:1/18:0)	0.132997355716277	0.274352372689002	0.29556115519381	0.637784439346657
PC(16:0/18:0)	0.635133798094945	0.535286416170996	0.445643656762333	0.598895461479569
TAG54:5FA18:3	0.0286891716729724	0.0277497604591865	0.272082600573835	0.70496499830211
LPE(20:3)	0.716476374453869	0.858363264822678	0.321204605240256	0.662258166022526
TAG55:1FA18:1	0.124754313223322	0.371301354972372	0.345230764883777	0.718656622142401
TAG55:2FA18:2	0.143526371025514	0.385394601058792	0.320908684933035	0.698257015223024
PC(18:0/20:4)	0.583818106135972	0.67759009944377	0.289997256600678	0.655236630756456
TAG54:5FA20:3	0.919418427188477	0.82484134826396	0.309438682296596	0.659026905857835
TAG56:3FA20:1	0.315094908913545	0.474027580570078	0.330273550158941	0.68290988100485
TAG48:3FA14:1	0.23212285721023	0.579378353830842	0.307051893768133	0.642248490725278
TAG56:8FA20:5	0.0868370740331584	0.301821783792347	0.338324393001218	0.724051708896887
DAG(14:0/16:0)	0.48045207911061	0.258032147656129	0.263649960219596	0.651143064558765
SM(26:0)	0.900712334170381	0.399193060550915	0.438527485253569	0.594232636181504
TAG51:4FA18:2	0.577599652568741	0.727256734635387	0.301545782315848	0.662984034097321
TAG56:7FA16:0	0.268729719967194	0.422059720633713	0.307550494528889	0.722072593441224
TAG48:4FA18:2	0.197007434423328	0.510471786308846	0.312684743517494	0.657717413854989
TAG50:5FA18:3	0.409567859745818	0.331721584363496	0.283698081295323	0.676667481463059
TAG53:0FA16:0	0.322586534144981	0.376940713853899	0.343024654398578	0.705283461573773
TAG44:1FA16:1	0.4691855582929	0.382737718725136	0.289339182168507	0.619421712908874
TAG60:11FA22:6	0.428007677745383	0.897231207158312	0.305780027395832	0.669342963893769
LPC(20:0)	0.0580666120377222	0.14746542755539	0.229997748230121	0.615371021315327
TAG52:4FA14:0	0.543485476798668	0.411971998661601	0.292518166222659	0.618716466019131
TAG53:6FA18:1	0.865583205112562	0.812073719242392	0.291020268142581	0.656977210142472
PI(18:1/18:2)	0.82228752492153	0.588825532670822	0.388313484521989	0.713831378449839
TAG52:4FA18:0	0.748362030724072	0.440874986591073	0.286705868898124	0.700250213186568
PE(18:1/20:3)	0.352200925986713	0.904618875366424	0.337684923534605	0.644567460493763
MAG(16:1)	0.453322606724493	0.699392661001563	0.318308629502823	0.63419559248327
SM(22:0)	0.785952680837357	0.846994603101335	0.366560367304899	0.642943954762178
TAG55:8FA20:4	0.585985048760836	0.161665039932128	0.352118149826129	0.581418938068535
TAG58:6FA18:1	0.728640126284543	0.715657379336046	0.310899808600911	0.67818460530964
TAG56:5FA16:0	0.69089576838614	0.92852482599594	0.303367153011528	0.653774234402933
DAG(18:2/20:5)	0.246644854941574	0.693320894091303	0.306577141415815	0.674581564032767
TAG58:2FA18:1	0.953085936412714	0.988460704163605	0.30442230794284	0.653294006989381
CE(22:0)	0.849927537157127	0.190651582678075	0.432651306863386	0.514988027949555
TAG54:5FA22:4	0.322271173895846	0.719511235287227	0.291585822717405	0.663996346818693
TAG58:3FA18:1	0.934973304585405	0.915602798443774	0.301868198050791	0.651740513452092
TAG56:3FA20:2	0.713331637811467	0.812488034282805	0.306700332874586	0.675623069796912
TAG52:2FA18:2	0.952679907801338	0.848523633287243	0.306568115170634	0.656169846549978
TAG53:4FA16:0	0.919654063079521	0.905828049872967	0.303290556193757	0.655742430911712
LCER(22:1)	0.448794637679673	0.693734330261479	0.370650423920055	0.65543462189671
LPC(20:4)	0.12866546770564	0.0757296190684489	0.606994273001644	0.402378907263028
TAG48:2FA12:0	0.536264002288787	0.990557015324197	0.305848188740419	0.654789242586473
TAG58:7FA22:4	0.751336431515504	0.629019027662733	0.322918743382417	0.654486782322491
PC(18:0/18:0)	0.648356023618971	0.94628882514924	0.332899170390172	0.6503540897179
CE(18:3)	0.906693881400391	0.617963514929258	0.39916514404609	0.635772754741858
TAG51:4FA20:4	0.206748158117686	0.185880781309763	0.260055227946669	0.652374761384091
TAG56:4FA20:2	0.452514434516947	0.598657770575305	0.296363037612504	0.703999102850432
DAG(15:0/18:2)	0.421661714660135	0.602300119842993	0.332126164093116	0.677723150657898
TAG46:1FA16:0	0.920200344699359	0.608040186710974	0.287895440434666	0.639755567093559
DAG(16:0/16:0)	0.473454076138227	0.538402895908765	0.29269497705011	0.663757780625653
TAG54:5FA18:2	0.0907820598837336	0.169520524847461	0.287531292846217	0.614950450398909
TAG42:1FA12:0	0.435570952091474	0.934503328530639	0.309531853842647	0.65734208897868
DAG(18:1/20:2)	0.680602657048902	0.350772904329812	0.318623129849309	0.576946868410679
TAG52:7FA16:0	0.780162932630499	0.670642739266698	0.28734430227361	0.655209461255131
TAG55:5FA18:1	0.540621692584833	0.801575071589133	0.308934753716533	0.65611548714813
TAG52:2FA20:0	0.735927704088144	0.486756043196809	0.295312690477917	0.633721971238473
TAG46:1FA14:0	0.379606889029592	0.367114422767691	0.278913057920378	0.63157349266943
DAG(16:1/20:2)	0.221319589578211	0.212677562101198	0.356242319849249	0.611646591960773
TAG53:5FA18:1	0.472405272245661	0.44770217539817	0.309322787946465	0.645690070513138
CER(18:0)	0.536955510779016	0.820650338122455	0.331525142145227	0.63600301038677
CE(24:1)	0.451744188586776	0.52595614942378	0.334270656321548	0.637579334327511
PC(18:2/20:4)	0.883273335676705	0.87118490789492	0.33056766552433	0.66956515500114
PC(16:0/16:0)	0.995962208946333	0.604743985161382	0.41832541873968	0.59443059215574
TAG50:6FA20:4	0.917490275381289	0.8935138250433	0.301960508577967	0.650466718393874
TAG52:2FA18:0	0.873779515918925	0.952315864564414	0.305631047920682	0.653773612703468
TAG55:2FA18:1	0.323128503954307	0.743767593397893	0.320753305002124	0.659156341745121
CER(24:1)	0.747986358304282	0.771751966238591	0.338307209907429	0.612536265482103
PE(18:0/18:2)	0.925002179557672	0.885042323724223	0.302585502600642	0.666553170656068
TAG52:0FA18:0	0.835802018189289	0.71224872918747	0.285891088419452	0.649699203708581
TAG50:4FA14:0	0.431507026535974	0.654740652000222	0.299225635099878	0.666724529000829
TAG52:2FA20:2	0.423577983468517	0.613485415059184	0.298812354622757	0.652892799981656
TAG58:6FA18:0	0.414421260108577	0.282914842320683	0.304267437387177	0.747204291827019
TAG55:6FA20:4	0.494034103655289	0.45442849853005	0.288422831192701	0.644624405345104
PE(P18:0/22:4)	0.942004827040498	0.60020664436263	0.28546323209028	0.644857428223081
TAG51:2FA18:1	0.454946211556076	0.498636485715271	0.293550169254062	0.617060424756386
TAG50:2FA18:2	0.701605911481334	0.933057951588268	0.3055607695607	0.655405650813493
TAG53:3FA18:2	0.975400050718815	0.761003424623511	0.307477774006079	0.641406309388899
CER(24:0)	0.592903288803299	0.0632693188242586	0.374865880276139	0.397825775572004
DCER(22:1)	0.743855499677256	0.677442755503276	0.31192988885187	0.647724533706285
TAG46:2FA12:0	0.588442915504386	0.971579862369567	0.304638761278316	0.652737858108459
SM(22:1)	0.755325633628939	0.793337533311609	0.295371930232355	0.687619120779045
TAG48:1FA16:0	0.250458030758479	0.35213955334999	0.281399783322045	0.657670101065658
TAG56:3FA18:2	0.891411383040608	0.909663695739968	0.302918392698187	0.65331964680688
DAG(18:2/22:5)	0.632613366355316	0.860129517062111	0.303436631273216	0.657841350445652
TAG57:9FA22:6	0.831256375752643	0.997908145070717	0.307873167986481	0.65366223767889
PC(18:1/18:1)	0.911927246327523	0.78527724688423	0.366278376863241	0.637661434909087
TAG52:4FA22:4	0.488618801693012	0.449474308810364	0.270792809569117	0.676640350091685
PI(16:0/20:3)	0.414410059809791	0.334793956933135	0.472304721483183	0.614556533356461
TAG50:2FA20:2	0.42730753496076	0.360604356620621	0.287258413409622	0.631123338085505
TAG58:10FA22:6	0.131948979486298	0.405740135560844	0.320457208463773	0.718737228592151
TAG54:4FA22:1	0.162448408219297	0.131314082633659	0.302047087817221	0.684558748342613
TAG42:0FA14:0	0.545579793333601	0.978470694339509	0.305434511474749	0.653001579255238
TAG47:0FA17:0	0.605536595334268	0.415674066820576	0.270317368007234	0.652682604072622
TAG48:2FA16:1	0.228005744779672	0.771566527087114	0.308734136751176	0.647072120532362
TAG54:3FA20:2	0.861282373503506	0.952194942659637	0.306235530666976	0.658380763345132
TAG42:1FA16:1	0.656580398517707	0.467075971536305	0.278815895338912	0.639073021841964
FFA(18:4)	0.216578240683309	0.204118939009852	0.440890291930985	0.631707560124318
DAG(16:0/22:6)	0.951356457486934	0.95765919838858	0.307202687446436	0.651466472068001
SM(14:0)	0.646017290259304	0.943623757793771	0.313787655454644	0.675148693088417
TAG47:1FA16:1	0.285577012063007	0.532011026622307	0.298877347822975	0.644375812981115
TAG51:4FA15:0	0.541044140553185	0.842190375553705	0.306046616904396	0.660013791184193
TAG47:2FA16:1	0.251764767914374	0.629740766608014	0.308236792623146	0.63248653507043
PC(16:0/22:6)	0.484677893247393	0.654896520099018	0.27553909242846	0.750480406280145
LPC(17:0)	0.130843397746207	0.25720600010524	0.25942964237996	0.69536055003358
TAG55:3FA18:1	0.487437109816286	0.864217805469766	0.314120981979675	0.652944409707686
TAG46:3FA18:2	0.897541667433798	0.593500192983494	0.289192729608826	0.651933150514982
TAG53:1FA17:0	0.435639414228387	0.216145172333428	0.259657559783892	0.63029204303014
HCER(24:0)	0.55199983907843	0.6114950929357	0.27147850605654	0.716464174326343
TAG53:6FA20:4	0.535893876310134	0.871411664777076	0.302668393462325	0.649733521479389
TAG54:3FA18:2	0.411054398013043	0.455725048245691	0.307938746225594	0.669828097217635
TAG48:5FA18:3	0.102427757657118	0.316288130502417	0.319447397673434	0.64678890511122
TAG50:2FA14:1	0.212785344957193	0.13575455977629	0.260175267014951	0.621746157828538
TAG52:4FA22:1	0.344946413730389	0.182044238422773	0.274483779240476	0.715061241599748
TAG52:1FA16:0	0.704035462125	0.770537570971364	0.295381321229727	0.650083322303921
TAG54:4FA16:1	0.608780534037221	0.516574632065939	0.283255167768078	0.715939072005809
TAG48:4FA12:0	0.173440310618432	0.51462416858308	0.314988280997263	0.664141784125844
TAG58:7FA16:0	0.806905275028794	0.490046169813092	0.288157341122978	0.672142106180409
TAG51:2FA16:0	0.286003381148692	0.454602994788446	0.299653661019112	0.639533678991462
TAG56:6FA18:3	0.2458408111862	0.471586811296261	0.289049121573297	0.678693103505548
LCER(16:0)	0.630511550105167	0.757218298009339	0.332366665450447	0.673684944966211
TAG52:6FA18:2	0.137160387595123	0.0682885708745102	0.261411560272789	0.738814769322729
DCER(22:2)	0.701470971989681	0.615045777819507	0.345838956240938	0.584479027215065
DAG(18:0/18:3)	0.882791052389526	0.999282188927226	0.304926232774839	0.653661748881602
TAG48:2FA18:2	0.746460743886721	0.539923075552795	0.296426744013061	0.647740227819583
LPC(20:1)	0.261573864622456	0.136496777266511	0.242388769838745	0.649473315625514
TAG54:8FA20:5	0.187544658296957	0.358780051891778	0.33072066720898	0.716986820883392
FFA(22:0)	0.859541074518848	0.928837700315859	0.302947214023463	0.65309433869435
TAG53:1FA18:1	0.861253116071396	0.493693657531094	0.274400229507637	0.643695681087927
TAG55:6FA20:3	0.59610361462737	0.68912005875611	0.327715078282392	0.646705662373434
TAG51:4FA18:3	0.832534919284091	0.545184408503866	0.304984951345427	0.671474803127516
TAG58:10FA22:5	0.132636401903304	0.401794525191378	0.325253658327226	0.687490031442063
CE(20:0)	0.176263787163757	0.819657895242692	0.295405457793	0.64873414256423
FFA(14:1)	0.675509038852644	0.8719683916139	0.320623500339232	0.654811816862
TAG48:1FA16:1	0.233658948386175	0.640434105677062	0.299262184757158	0.663443766168622
TAG53:2FA18:0	0.478064731596874	0.298196857280491	0.284638528440765	0.644036346604144
TAG54:6FA18:2	0.0802135260359553	0.242657888716345	0.285047613472286	0.589783823023536
FFA(12:0)	0.525510695613286	0.916972635353302	0.303649816284899	0.668369331233448
TAG51:1FA18:0	0.266377980025391	0.120308069663409	0.245460338152272	0.634382872702362
DAG(18:1/22:6)	0.526864876979888	0.919990855720153	0.304898458706805	0.666636315049986
DAG(18:1/20:3)	0.541323953148287	0.471747952611441	0.292843464516926	0.63360823176155
CE(20:3)	0.161143443751161	0.137832004830781	0.533988434751057	0.647416190591946
TAG36:0FA12:0	0.352625390743603	0.642736306539976	0.302513433006786	0.675841085741096
TAG53:2FA18:2	0.941040972968671	0.560598763970831	0.295235708415388	0.654345631924804
TAG53:1FA16:0	0.645580724702813	0.985009896631937	0.306270205641415	0.653679519802032
DAG(16:0/18:3)	0.949148907206878	0.594275410201818	0.301324685469241	0.643726575430412
PC(18:2/22:6)	0.671225293118758	0.337165623957718	0.41161552834077	0.560692721277585
PC(16:0/20:5)	0.223511888768322	0.918499312591035	0.303062493699894	0.67171228342173
TAG47:2FA14:0	0.551988122758516	0.329583917063222	0.28396185477622	0.629503075472424
PE(18:0/22:6)	0.638926163265451	0.976461098220615	0.319612057185558	0.674423295074226
HCER(24:1)	0.472755474330718	0.387542724685959	0.24680985318497	0.710144394583224
PI(18:0/16:0)	0.791408112707811	0.622114184257478	0.271580247829803	0.609372457023035
TAG53:4FA18:2	0.672690494254185	0.913307919807329	0.303554833763836	0.656991443196716
TAG54:5FA16:1	0.950070931951873	0.66911729491644	0.299365758137632	0.679425646546182
PE(16:0/20:4)	0.621968799423861	0.791184824209256	0.291260863188064	0.692885980754222
TAG52:1FA18:0	0.674366969144644	0.684000828375088	0.288741541013333	0.651426673905611
PI(18:1/18:1)	0.275160115491132	0.116483170497077	0.445610779849004	0.810745800412884
TAG54:5FA20:4	0.491137935534758	0.781266528521222	0.293430192000088	0.658197052729728
DAG(18:1/18:2)	0.718750050829546	0.596872227746457	0.291252792989577	0.676902386267713
TAG56:8FA18:2	0.264488795863531	0.499066692330052	0.311607134690552	0.692375704009246
TAG56:8FA18:1	0.129035670692774	0.383934536839077	0.33435530005528	0.718327061325941
TAG46:1FA16:1	0.245423528848565	0.436144421313453	0.29077446959082	0.649074827515463
TAG53:5FA18:3	0.389910791324594	0.275444217655722	0.28462111309916	0.681559311924177
DAG(18:0/18:1)	0.927163325661585	0.874776756751316	0.302147251949492	0.646763828933104
TAG42:1FA14:0	0.713653823284052	0.398053050318329	0.265604152346082	0.630941427273823
DAG(16:0/18:0)	0.286279175843203	0.27312449098583	0.265853582235876	0.655313060599911
TAG46:2FA16:1	0.396732731227548	0.636613193390382	0.306255853916295	0.633347242533567
TAG56:7FA16:1	0.313061223515803	0.180884700575802	0.28407629815125	0.793272818279102
PC(18:0/22:5)	0.494430175598586	0.551155435603562	0.42931597678902	0.600685506272101
TAG47:1FA17:0	0.554955837383623	0.243361814033158	0.272576015942761	0.625068633437493
TAG49:0FA17:0	0.446045207748854	0.502586501702585	0.280067717597153	0.659940105312155
PC(18:0/22:4)	0.227661506691988	0.196816713130022	0.397053973773275	0.814039458703303
TAG54:8FA22:6	0.456866057941364	0.538407093122817	0.30972054536582	0.704973369361299
LCER(20:0)	0.741140703968704	0.930333237952347	0.307314004420634	0.65606166084292
TAG44:1FA14:0	0.9217916205865	0.619541892153151	0.288835170808258	0.632917394393849
TAG50:3FA20:3	0.218554975081141	0.206686222756228	0.262408437230893	0.64830602792302
TAG54:5FA18:0	0.122690583193213	0.250440619720649	0.281712928015006	0.632628444188776
TAG48:1FA14:0	0.366063164917127	0.281609999578671	0.272645161007863	0.63639345247503
TAG40:0FA12:0	0.347660030569956	0.747172992611188	0.315933112425265	0.667559093096339
DAG(16:0/20:4)	0.195237762711221	0.141242090864263	0.288542983449135	0.690698707914716
TAG52:6FA16:1	0.202665688427527	0.0602987457421765	0.239947062592643	0.761306863527237
TAG54:0FA16:0	0.236747410124889	0.0275171727407635	0.215168125338572	0.590008638342846
CE(22:1)	0.421541571329225	0.577211374207248	0.25447722884671	0.701329694078282
DAG(16:0/20:3)	0.180064537838298	0.156953807284438	0.299881615687968	0.657148500976672
TAG52:4FA20:3	0.370213694961112	0.730240425993456	0.298459842330278	0.649553978880712
TAG51:3FA16:1	0.476152886934415	0.945667753861075	0.304579864936383	0.660220278768534
TAG52:3FA20:0	0.663538026758542	0.478255614986227	0.302808067252914	0.671484241194339
TAG47:1FA18:1	0.382960180402091	0.183042577094333	0.259579695732715	0.613326490209907
TAG53:3FA17:0	0.943146295724998	0.816348705939666	0.308050518502337	0.641178707665718
TAG54:7FA20:5	0.198373104248721	0.365851928211762	0.338643523370838	0.715532747264025
TAG56:6FA20:5	0.202485285734977	0.691368948666313	0.321436101136862	0.69192870826674
TAG50:0FA18:0	0.594036124054428	0.610175855175877	0.281342265676988	0.658965482350612
TAG50:4FA18:1	0.713197998248416	0.640134995914151	0.298783866354897	0.675184971322303
PE(18:1/22:5)	0.455921497076803	0.920298649418736	0.309654906642361	0.671794101984096
TAG46:2FA18:1	0.672103719963276	0.329788819403597	0.26392181888571	0.628090927179832
TAG47:1FA14:0	0.341628482264159	0.243829583821861	0.26536433001984	0.622028018220995
PC(18:0/18:1)	0.419025324334385	0.353951180689785	0.496120222985186	0.576865228359345
TAG50:0FA16:0	0.509289124439607	0.595595245777462	0.281896283930899	0.664948803400975
TAG54:6FA22:6	0.788722840385423	0.998618701799045	0.305680670819253	0.655265262539726
TAG56:7FA20:4	0.852400964174463	0.924325697256733	0.309244485332506	0.651120465030946
TAG52:4FA16:0	0.386853107222192	0.359004935739479	0.290293782632465	0.661253763970572
TAG42:1FA16:0	0.593721598944184	0.383343769463872	0.259326973386235	0.664449291526668
LPC(22:6)	0.10227557320376	0.132827873537249	0.336410550251726	0.758740887625095
PI(18:0/20:2)	0.407635212347382	0.652324103610021	0.417426284486861	0.591667736545568
TAG52:2FA18:1	0.781473498110867	0.851786371060753	0.307519899406528	0.66339365416591
TAG52:3FA16:1	0.722965692108666	0.294555173253462	0.273016250935713	0.741610674778731
TAG51:3FA18:3	0.898432235512375	0.995622841596078	0.30478184196947	0.6535833430132
TAG52:7FA18:1	0.810757852464112	0.791033049531863	0.297755369397833	0.646780776986022
DAG(18:1/22:5)	0.603943353860935	0.638782192892336	0.302869123972673	0.686756984049334
TAG56:5FA20:2	0.207380820406025	0.464843899192957	0.284372440355	0.723688542252729
TAG46:1FA18:0	0.660310244877445	0.192054457340314	0.235994811523202	0.643010878405659
TAG56:5FA20:4	0.581098375277605	0.834436908972737	0.313418068708646	0.663579091740457
TAG56:2FA20:0	0.694640605984258	0.883917047650985	0.311019120950318	0.657060699837791
DAG(18:0/18:2)	0.965843125478331	0.902919334855029	0.306726996071101	0.652483028430163
DAG(16:0/20:5)	0.863881982222648	0.331442193004658	0.291343074477505	0.624831915909775
PC(18:1/20:3)	0.128089006620055	0.156568013142807	0.611183089215011	0.601266850555195
DAG(14:1/16:0)	0.571627946810987	0.436080265348701	0.284944007614893	0.704936130778111
TAG48:5FA18:2	0.114942118141277	0.406674629355819	0.318601727897035	0.644417167609991
TAG54:3FA18:0	0.35885704562988	0.371512128871201	0.306123271664842	0.67571478108325
TAG49:3FA16:0	0.735288110286381	0.948858315378578	0.30482907465444	0.654182224634988
TAG49:3FA16:1	0.590904029186562	0.795412093376845	0.298557314113359	0.671863020722474
FFA(20:0)	0.517061466768922	0.692920957681226	0.290028622593213	0.682071432416297
PE(P18:1/18:1)	0.696124270047516	0.124459798122269	0.514895309354082	0.514898273046024
TAG54:8FA20:4	0.520735009273355	0.787292526770659	0.305907725083668	0.6584492994345
CE(14:1)	0.137598988590186	0.0552556909126965	0.456696403803106	0.610609288828977
SM(20:1)	0.318301280474085	0.170382837417826	0.120818856051605	0.856848241610198
TAG51:0FA16:0	0.729095222771265	0.575366874226556	0.280050350325402	0.658067462906402
DCER(16:0)	0.0354076291084843	0.0565335042491647	0.447195578926234	0.573584445701499
TAG56:6FA18:0	0.365598680083173	0.658849436987615	0.312979818539757	0.678810324341322
TAG48:4FA18:1	0.193376446879245	0.509974657862392	0.323207249874554	0.669118859903959
TAG50:1FA16:0	0.385392511541361	0.622243814499284	0.292248175529541	0.664806454010811
TAG52:5FA14:0	0.493533607348021	0.489735972713806	0.28749944021596	0.635507519848892
PE(P16:0/18:2)	0.47159003350302	0.867662868827853	0.338265194055953	0.636733049178908
PE(P18:0/20:5)	0.478709053518044	0.491076755318109	0.322138700867735	0.566544560347148
CE(18:0)	0.379743784991023	0.347687807139206	0.420039171266163	0.62664279802994
PI(18:0/20:4)	0.884522813543085	0.824984691746475	0.294294307779893	0.663644771268933
TAG49:1FA14:0	0.345450460585384	0.171440589895915	0.2638864949681	0.616375959888278
PE(O16:0/20:4)	0.839864819263472	0.577748312051422	0.32455195558155	0.641016436108193
TAG53:3FA18:0	0.635362867813575	0.66557889725335	0.315390758956057	0.644609085725374
TAG56:5FA20:3	0.819180209511958	0.828576201997018	0.308604094031322	0.664901895935794
TAG48:0FA14:0	0.540492734095563	0.362533432469991	0.266327395174354	0.639124442942431
FFA(17:0)	0.161107230226306	0.382133248402436	0.350380938704351	0.6507694038767
TAG50:5FA20:5	0.856676410023117	0.510067011153339	0.278726283584653	0.629542772347357
PC(16:0/14:0)	0.129127902352825	0.0450575242387779	0.559496673585326	0.442568021938001
TAG48:2FA18:0	0.379749536285752	0.894709358396486	0.310667672398691	0.656425048688838
TAG50:5FA18:2	0.439210309945357	0.602059806534555	0.297296932900275	0.651835412684228
TAG52:7FA20:5	0.484976760297527	0.941946093638413	0.308560715323062	0.65861348085791
TAG48:1FA18:0	0.698163612151874	0.755496154373093	0.293409343185543	0.643650375030902
TAG56:6FA22:4	0.789051906399879	0.898376030355574	0.312082976355234	0.650100714020921
TAG52:2FA16:1	0.66563016469418	0.82644350269087	0.301699656099293	0.668546841755284
TAG49:0FA15:0	0.312835722903103	0.19655816450149	0.251527093242893	0.64856117997239
TAG46:1FA12:0	0.769320543568622	0.742833204274702	0.294846143145208	0.641672957913857
TAG51:3FA15:0	0.898429019306414	0.964114111846652	0.305065391570574	0.652192275844361
TAG54:7FA18:3	0.0385614861991972	0.170889700802941	0.283207438582813	0.583282072521472
TAG57:2FA18:1	0.131171433313452	0.378551910417997	0.334027647757884	0.731263166634578
PC(16:0/20:1)	0.258420307762625	0.403772125961933	0.339071478055747	0.605493194979191
TAG38:0FA12:0	0.411824527533081	0.671141553493378	0.303720865708203	0.673860672533442
TAG49:0FA18:0	0.445254620867334	0.255373339699542	0.254037851394602	0.642823458968865
TAG51:2FA16:1	0.286040000679512	0.645098102474009	0.310770431242319	0.628737325069408
TAG54:3FA18:1	0.220891477838243	0.175960263407268	0.335262046222137	0.713902955423916
TAG54:3FA20:3	0.453987437316587	0.676860334965898	0.290768114228282	0.646980907159775
TAG58:7FA18:0	0.323553598635887	0.561528329610112	0.310931110101401	0.707639137870875
DCER(24:1)	0.319995610795941	0.437786142871023	0.37813627402625	0.569505294761709
DAG(16:1/18:1)	0.682027864208435	0.903099600067195	0.302838363556963	0.661324090747048
LPE(20:1)	0.515147149992509	0.514668704106786	0.307958009904397	0.679408764227779
DAG(14:0/14:0)	0.452597597220659	0.261942586393465	0.260990686226075	0.618620912515283
TAG48:2FA14:1	0.118854244524094	0.268887570956946	0.283330068506573	0.637886950455445
TAG56:9FA18:3	0.309503581636726	0.251008314579931	0.307889258690782	0.700792416895516
PE(18:0/18:0)	0.644305313388661	0.896019398032774	0.328120056704196	0.640795424615739
TAG50:3FA16:1	0.667089366771314	0.495267855169948	0.280481834363558	0.686588206141084
TAG51:1FA18:1	0.28393632840769	0.237015132385932	0.268163231778224	0.636483029579993
TAG52:1FA18:1	0.73615493181885	0.854191791769682	0.299715399737587	0.65011281906946
PI(18:0/18:2)	0.739725691350922	0.698619701197769	0.387951311364945	0.677625269273502
TAG49:1FA15:0	0.271055824049917	0.215842686453682	0.263477734625812	0.643123905100911
PE(P18:1/20:4)	0.760881608251628	0.879147005708646	0.301222416867665	0.654747622829723
TAG51:0FA17:0	0.360951112584942	0.287803103246313	0.262742553658907	0.655473358088524
TAG48:3FA16:0	0.495624863058678	0.690821350317832	0.303358544272685	0.649949150550111
CE(12:0)	0.39838350577542	0.439768588352941	0.391326825181061	0.597607600305225
TAG53:1FA18:0	0.444601006910566	0.192868379799593	0.250943259159499	0.649702950021443
CE(18:1)	0.856107542360482	0.513293111432402	0.391641529254874	0.617752695569646
PE(P18:0/20:4)	0.61082763466626	0.528898704965977	0.284060778074626	0.691369230327884
TAG54:3FA18:3	0.93031168522383	0.382548500841596	0.295190538933517	0.624867990878492
TAG54:4FA18:1	0.11864301154816	0.106636993318736	0.312287390759858	0.688031782921991
TAG58:8FA20:4	0.392685342049611	0.355463980511744	0.267930633469529	0.663108084472142
PE(18:0/22:4)	0.667295171359871	0.75631879577442	0.299424451562936	0.651687205979613
TAG44:2FA18:1	0.763246208419029	0.330137210699048	0.24705291781158	0.660994516565198
PE(16:0/20:3)	0.0313446188704844	0.0710789273802416	0.580460818983287	0.483255537818923
TAG46:2FA14:0	0.670550612351575	0.467226621384669	0.291786737556685	0.631875555575934
PE(18:2/16:1)	0.383752676445838	0.841726142254687	0.334241457805093	0.633970295267476
TAG56:4FA16:0	0.455108410170976	0.642800010755384	0.291558988064235	0.65052268212919
DAG(18:1/20:4)	0.339487543051676	0.337497205401597	0.285512689419803	0.65868604321782
TAG52:3FA18:0	0.828734671843824	0.553979012900629	0.291895949290522	0.672030197246832
TAG58:10FA20:5	0.543040853493752	0.718294412439248	0.301291021118663	0.629010856807068
PC(18:0/18:3)	0.817041880305846	0.803660082733158	0.291893165134933	0.670408418812847
TAG55:7FA18:1	0.85112370934301	0.639550126783855	0.284929384999624	0.638646033792005
TAG60:11FA22:5	0.602168827154379	0.962444033855723	0.30567411805033	0.651977054117652
DAG(18:2/20:3)	0.492453149457447	0.343147078527938	0.3054774928243	0.633316379981163
TAG40:0FA16:0	0.371039163480822	0.81522224086503	0.318361892337359	0.661308770636126
TAG54:5FA16:0	0.685289987180675	0.950064350923695	0.304313498590274	0.652981259994495
TAG58:6FA22:4	0.823387487585781	0.613103988980923	0.331092016713702	0.657032304009366
TAG56:4FA18:2	0.286682837341296	0.467976949517016	0.308488810369915	0.667998132346983
PE(O16:0/22:5)	0.900879924824346	0.487522828927959	0.371480300610072	0.615928930630011
PE(O18:0/22:6)	0.490044352429047	0.958727057680772	0.307042709074235	0.670384114027579
SM(18:1)	0.874166954730821	0.619156130445327	0.255624881479535	0.71289555824772
TAG51:5FA18:3	0.353688718197199	0.250918944021206	0.292663189328419	0.683240627470263
TAG54:6FA22:5	0.839394310905735	0.790454358309718	0.309628719335555	0.661352250788147
TAG56:4FA18:0	0.963355635718333	0.885601929297964	0.305951376146644	0.665773295445819
TAG51:3FA18:1	0.940794298585288	0.940073009688265	0.305355806310768	0.650034921924777
LPC(18:0)	0.171555771506577	0.0288507830192587	0.124143388170446	0.649757912414493
FFA(20:5)	0.887634569997763	0.462803240876258	0.312988564112343	0.629942754415864
TAG54:6FA18:1	0.0273906174700615	0.074005375166119	0.282269048135753	0.659581268179217
TAG52:6FA18:1	0.217047389230731	0.18199054624399	0.320748623897631	0.759398304158493
PC(18:2/20:2)	0.0446018873620504	0.0613675286707196	0.120543603146571	0.870170484367771
PC(16:0/22:5)	0.425616191096699	0.543221512449104	0.250244284253676	0.738431222370341
TAG45:1FA15:0	0.478633794727948	0.305591567897999	0.278124827629182	0.623569281843915
TAG50:3FA18:3	0.992059120494115	0.697990745394708	0.304953786433181	0.64224685468939
TAG48:1FA12:0	0.52789431953342	0.928826050423714	0.302892713686099	0.650627476378164
TAG52:6FA20:5	0.849521664592128	0.989444155667377	0.306079150432297	0.653727902812332
TAG53:5FA20:4	0.313341136793329	0.499205525503295	0.285795880138425	0.644322743687614
CE(20:4)	0.416389081614564	0.719845019982459	0.296128035377699	0.643169424124265
CER(22:1)	0.184937538021865	0.628060375070512	0.39876392890018	0.594231389541415
MAG(18:0)	0.258348878548648	0.0238176061739646	0.270498168701596	0.777165272651129
TAG48:3FA18:3	0.998722771556372	0.885776927423335	0.302388623472619	0.653762470402814
FFA(18:0)	0.438406644489256	0.828024156135934	0.304496603863971	0.655701325462008
TAG52:4FA18:2	0.337425301224058	0.259577290479329	0.276001990192133	0.679038694734997
TAG42:1FA18:1	0.471318770766506	0.965979537739838	0.305854056433426	0.65262604262694
TAG60:10FA22:5	0.448578834275376	0.72280004242026	0.312010301494048	0.670341874710977
DCER(26:0)	0.547164764610227	0.547085215290801	0.306029325435336	0.675253371641108
LCER(18:0)	0.884684028242456	0.573026844240354	0.253446909673787	0.698290922401534
TAG42:0FA12:0	0.384458498805123	0.879348570870828	0.309658757127651	0.661209096440166
TAG51:3FA17:0	0.528694022959427	0.881263794226443	0.312811112535634	0.646346481808267
TAG52:6FA16:0	0.356189875659394	0.115491788036099	0.302755885427628	0.673543243139243
CE(22:4)	0.667468225489933	0.618418519749399	0.347474670716615	0.666484722737799
TAG48:4FA14:1	0.48058938237972	0.765207172073377	0.296890886711277	0.669475945020249
TAG50:3FA18:1	0.985612077784071	0.928135322303845	0.304237832245298	0.659820963382518
TAG53:4FA17:0	0.66472897796871	0.951826410400775	0.306884641782169	0.652050284310407
PC(16:0/20:4)	0.402151949941401	0.65289227416477	0.297656383273856	0.650270431625615
TAG44:1FA18:1	0.944069052410519	0.474553834321013	0.270914955715162	0.637236513233752
TAG48:0FA16:0	0.574007036033877	0.787986019485372	0.295379375656508	0.664180043314496
DAG(16:1/20:4)	0.203780829410218	0.428308523529193	0.301889841080121	0.659616498274534
PC(17:0/18:2)	0.338687606348147	0.804769186487565	0.380677252319686	0.625047801278468
TAG54:4FA18:2	0.133377080360988	0.146954500557526	0.298328823360401	0.672845122597252
TAG50:0FA14:0	0.665040358426083	0.219782659943023	0.244742347070034	0.617015910460283
TAG58:7FA20:4	0.72188643256753	0.537873042342907	0.288079892420771	0.632700079237771
TAG52:4FA18:3	0.370120925493896	0.154151106257639	0.299240054216576	0.67487426540965
FFA(16:1)	0.883795039281477	0.602244093380932	0.276690983320779	0.700776073850072
TAG51:3FA16:0	0.582585829235249	0.745674725649141	0.305418262533336	0.650306459064505
TAG50:4FA18:3	0.85114232156294	0.3432089699873	0.287169020648006	0.68404458045481
TAG54:4FA20:3	0.6166708120163	0.786506704558661	0.296410237953267	0.64731102611607
PE(O18:0/18:2)	0.697981364465614	0.92336554904283	0.341146827347868	0.646956215806724
PC(18:1/20:2)	0.6236533089975	0.990002537422279	0.329448965959631	0.655005088889387
TAG49:2FA18:1	0.401478764321868	0.497569582489561	0.30050609989256	0.615331518545252
PC(18:1/20:4)	0.671246126378967	0.923599004459073	0.312334857773476	0.65673115676306
TAG47:0FA14:0	0.603612152749424	0.453388679599091	0.275090212588067	0.641723061421309
TAG52:8FA18:2	0.947572383889403	0.890455231265431	0.303795318227957	0.6522425331033
FFA(22:6)	0.838604305765774	0.837353113760698	0.29841025562687	0.635354456209637
TAG47:2FA15:0	0.54781072268688	0.422721152658507	0.290775723709306	0.630350300825755
TAG48:2FA18:1	0.978481608321097	0.793412258231536	0.298924865616107	0.640858476955853
TAG55:4FA18:1	0.42399205814528	0.664977419556982	0.320084262294364	0.644261261690781
TAG52:3FA14:0	0.826015335646329	0.545747739583722	0.305221654796057	0.6151105644084
TAG46:2FA16:0	0.622450725940531	0.95729649350369	0.304213205899972	0.652499114632692
TAG54:4FA20:2	0.649168883921795	0.779893641027187	0.300890430406083	0.677300685000083
TAG48:4FA20:4	0.994238974173875	0.6251818101554	0.287259587373016	0.63792231365826
TAG56:3FA18:1	0.430756571716876	0.577896366626373	0.320818159014004	0.675949818854664
TAG54:7FA22:6	0.948218406542636	0.772808933416729	0.303397611656923	0.681169358167665
TAG49:3FA18:2	0.568965295226849	0.732982409634753	0.311231056389727	0.638742197553789
TAG52:3FA16:0	0.706973906592708	0.472715941679635	0.299545266868905	0.680396071227182
TAG54:8FA18:2	0.0585220158385664	0.180516486458189	0.296846770122958	0.63241526888252
TAG54:6FA18:3	0.0380107570851166	0.0960731894205875	0.273343845761157	0.635947403383724
TAG56:8FA22:6	0.314422599803326	0.553093611224674	0.311492345719475	0.704293802193834
TAG58:8FA18:1	0.0945031622754177	0.245969702991944	0.342524914414929	0.762878429220346
TAG55:7FA22:6	0.687337573365626	0.979585980747741	0.306205101713897	0.660644636304738
DAG(14:0/18:3)	0.585576523616465	0.623599615154725	0.302389924760722	0.66651647403463
PC(16:0/22:4)	0.738992874329593	0.616528836281651	0.332251590484229	0.683578506488258
TAG56:9FA20:4	0.903473765529732	0.778168436768904	0.306796463269289	0.650571423896818
TAG57:8FA22:6	0.294386889784614	0.5621021715074	0.308280511001709	0.70293169454391
TAG56:2FA18:0	0.976508112428135	0.861214241281163	0.299705153561089	0.649139812852694
PC(17:0/20:4)	0.109450713587653	0.831041742107894	0.302972309040074	0.664406073520522
LPC(20:2)	0.133676966830952	0.068286703702884	0.212356804301424	0.580743920377306
TAG45:1FA18:1	0.577428726663996	0.28645886918333	0.26230787131244	0.628808448486079
TAG52:5FA20:4	0.268454917597562	0.673836083429402	0.291985492133452	0.662076071508402
PE(18:1/18:1)	0.498882440813229	0.50742138342786	0.312667853224771	0.659887312422193
PE(P18:1/22:6)	0.872217961239583	0.797243997997135	0.291053274132963	0.724051253881333
PI(16:0/20:4)	0.258799313765874	0.642432200709928	0.381991767846429	0.659842961919996
TAG49:3FA15:0	0.701248847848097	0.968613062687911	0.305126751918521	0.65585480570733
TAG51:2FA18:0	0.659884259212026	0.454600162730973	0.286285647981415	0.654138546093751
LPE(20:4)	0.819407064702017	0.717515611225115	0.305951927489035	0.607907304567504
TAG44:2FA12:0	0.550589085030541	0.860510207048675	0.300808655692097	0.648353617514791
TAG56:1FA16:0	0.357389551035826	0.260513647739524	0.258077447474151	0.634531662065232
MAG(15:0)	0.210752708712595	0.665435592845079	0.317263943785861	0.657959780915451
DAG(16:0/18:2)	0.936743087900068	0.804460395762451	0.302056996652764	0.650973225278072
HCER(20:0)	0.0545466624448102	0.0978462000247302	0.17323215773256	0.794292691748268
LCER(24:0)	0.950313421127348	0.902838277288766	0.324834330761402	0.649127767606816
TAG49:0FA16:0	0.429223696699484	0.427542721494896	0.273487430735313	0.662467542097482
TAG50:3FA18:2	0.839329125998495	0.790608730164401	0.299512485398875	0.665999911371111
TAG55:7FA20:4	0.737241578103766	0.560031560134509	0.331023248120488	0.625670796888418
HCER(22:0)	0.356610439936035	0.47585578397236	0.256492479058419	0.703526571806657
TAG58:7FA22:5	0.193160877614324	0.291787785714571	0.338618897256571	0.72498770469494
FFA(22:2)	0.979867812470734	0.980662827147241	0.306098212976739	0.656107590392956
TAG44:1FA12:0	0.937218125522794	0.583706739049718	0.290465613977059	0.628817308577325
TAG46:0FA12:0	0.536841412218838	0.914333341312202	0.302418707043353	0.65003488400935
TAG52:6FA14:0	0.79243437316112	0.857916189642395	0.301878355055466	0.646074277850662
TAG51:2FA17:0	0.373438284666472	0.480307074151283	0.308017369063291	0.642621481525266
TAG56:3FA20:0	0.568427000641667	0.79930476264811	0.310735620113537	0.653287255967915
PE(P16:0/20:3)	0.181453826640299	0.128322539966986	0.482409719135304	0.486850413501967
PI(18:1/20:4)	0.249658995525483	0.753400206906565	0.348932171251223	0.668447890236925
DAG(12:0/18:2)	0.440487256505193	0.770266298640738	0.31181990277468	0.654728145909501
TAG52:2FA16:0	0.888858184611073	0.798385749744329	0.30738657918839	0.664287501539628
TAG52:3FA20:1	0.973749342913415	0.816437989911538	0.306293782566555	0.641515612609252
PE(P16:0/22:6)	0.446085352435627	0.381234726292776	0.233577787695893	0.862679208447472
TAG56:5FA22:4	0.566303402775039	0.891842547572162	0.300879558549664	0.657729012570043
TAG56:9FA22:6	0.278823305930729	0.482019448666052	0.308583863144426	0.70928174317167
TAG55:7FA20:3	0.479246073082479	0.753685240493394	0.323576744313135	0.649764330124464
TAG50:5FA16:0	0.921827096691088	0.50157526812775	0.312961738386215	0.679242328204531
TAG56:3FA16:0	0.48579983289586	0.388541230140672	0.291345622586145	0.635463332848822
MAG(18:1)	0.48326380426274	0.894311995263159	0.3081632166619	0.671521864798253
PC(18:1/18:2)	0.730743173935171	0.724082011126996	0.413668992283896	0.637121315061501
TAG56:6FA22:5	0.428643083306031	0.524734931173991	0.318185980144615	0.689503577758956
TAG57:3FA18:2	0.127217885332059	0.417751243131732	0.320953631203988	0.706802964059911
LCER(18:1)	0.891011319576088	0.70339013574742	0.322449580855101	0.643153383071335
TAG52:8FA16:1	0.305936578937026	0.400398690040991	0.294711652779815	0.63455593298833
TAG58:8FA22:6	0.156700025246293	0.345430363455954	0.329669160569473	0.744698970697554
TAG50:3FA16:0	0.717954249355573	0.575722238102219	0.289219020256548	0.664462939117791
FFA(24:1)	0.344772128966905	0.539552222944765	0.287173045658823	0.66028252766411
TAG55:7FA15:0	0.610147577950152	0.900080177198572	0.306952228836573	0.643899220944308
DAG(16:1/18:3)	0.554728826833326	0.861052484970104	0.302947243166062	0.656383647542861
CER(20:0)	0.840940933650055	0.836274769089771	0.295963566820641	0.688365881320063
PC(18:2/20:5)	0.413712522845116	0.741064061483919	0.323491389878339	0.623915279196141
TAG52:5FA18:3	0.232894417894408	0.0875207986134076	0.269961529789236	0.652760019402869
TAG51:0FA18:0	0.479929316391176	0.291402769978716	0.25481585765626	0.654990630456407
TAG55:3FA18:2	0.320376711589982	0.768476202489939	0.314295065145483	0.646574253528336
TAG42:2FA18:2	0.31901944659533	0.860958914298036	0.316439239772877	0.656626791513557
PC(14:0/18:2)	0.700893426774982	0.533912857632529	0.469533691115644	0.584412415760352
TAG50:3FA14:0	0.870141027519332	0.947688107272181	0.305991165794861	0.650973327978314
TAG54:5FA20:2	0.385673256708991	0.436751026936693	0.281512874735161	0.713982848291246
FFA(20:3)	0.984602938928724	0.914923634970015	0.304088793486252	0.648144451294002
TAG56:6FA16:0	0.451998836238277	0.455741340973672	0.312072885847105	0.693834024199798
PI(16:0/18:1)	0.171506132273042	0.126073898330683	0.469695093813067	0.762584407730593
TAG52:3FA18:3	0.534798645863253	0.372852456889764	0.305965693744643	0.652023904374912
TAG58:10FA18:2	0.168845704023703	0.468323563776904	0.319684218932089	0.700157726075498
LPC(16:0)	0.046709735696786	0.0102546260547422	0.180010819602302	0.608433417706078
TAG44:2FA16:1	0.428263904251211	0.447172866582252	0.292485513563736	0.634112658634126
TAG56:10FA18:2	0.326152476948917	0.753013512821915	0.314297139484169	0.648447522958572
TAG56:5FA18:0	0.557915941766369	0.73651993056354	0.311895337974396	0.673660844154403
DAG(14:0/20:0)	0.0392220156001542	0.00109713662281303	0.607399050329389	0.536345505966513
TAG52:1FA20:1	0.368338490272103	0.347835383356578	0.269679801220682	0.656160535007894
CE(14:0)	0.559669173016818	0.176412337624784	0.512994068186664	0.522271015169584
DAG(18:1/22:4)	0.854577282801107	0.754580978866732	0.298689862203575	0.645186476220306
PC(18:0/20:3)	0.0227908775177292	0.0405684590456808	0.746321391154693	0.532236288138428
TAG54:2FA18:0	0.593906547378968	0.656381453433588	0.318932114489026	0.666107891753423
TAG56:7FA22:5	0.356223488762117	0.477920717900067	0.308450886884322	0.685464205646773
PE(18:0/20:3)	0.181895579237256	0.350836389115789	0.468845561466811	0.560099483859351
TAG51:1FA15:0	0.368417947393296	0.153112137336706	0.242552278757243	0.624858276883498
TAG58:7FA18:1	0.122807238016056	0.128868812026669	0.331092611597694	0.802888675017072
PI(18:0/20:3)	0.252328220922201	0.211212369584715	0.616698525292057	0.505110769818732
TAG51:4FA18:1	0.553207141154263	0.364804295015937	0.297047636945657	0.679465090201592
TAG52:6FA18:3	0.137094538232179	0.0509776453920234	0.238017594703259	0.689256663780692
TAG44:2FA14:0	0.473915938398333	0.949374024186436	0.30400668779818	0.651953524454109
TAG50:5FA14:1	0.960406995792878	0.908472372624302	0.30623894744286	0.654399250635647
TAG54:2FA18:2	0.78890301984216	0.91781387622848	0.306095426998992	0.655027012197221
TAG48:2FA16:0	0.396359551994333	0.50814402202699	0.297430454924818	0.649614862518254
TAG56:6FA20:2	0.195028611546796	0.541323605135237	0.286445439634197	0.693842107932144
TAG56:5FA18:2	0.2403025065842	0.472445060519529	0.290745138400802	0.692688576415491
CER(16:0)	0.335904479988648	0.421263826994093	0.409818069325138	0.531030533224606
PC(18:2/18:3)	0.705955588739802	0.937812052140367	0.305168414188038	0.655227114567307
TAG49:2FA18:2	0.459678225902129	0.298253747605945	0.289456407909938	0.650310237116338
TAG54:3FA20:1	0.759383952435938	0.862866791180513	0.305835836356003	0.663776309748711
TAG44:0FA18:0	0.677173965507831	0.615206523586004	0.309577396930451	0.652233531064622
TAG54:1FA18:0	0.706042592012382	0.93360773859649	0.309859024944161	0.656301043404309
FFA(20:1)	0.459256389574605	0.667535803569154	0.317912124301805	0.684695984580543
TAG48:4FA14:0	0.838077811811915	0.739148411052329	0.298607464619505	0.67576737545079
TAG48:3FA16:1	0.522417487018786	0.881709158637193	0.301369492402139	0.664756374374439
TAG49:3FA18:3	0.854760092618633	0.983003529361609	0.304552412167427	0.653734595319478
SM(18:0)	0.600303563725245	0.574663257924301	0.252367370380945	0.721113643442978
PE(P18:0/18:2)	0.578713773590735	0.990035058812813	0.328244466149522	0.659135638945357
TAG53:2FA16:0	0.862505760221909	0.637626714757252	0.287806405841054	0.661416700460631
PC(18:1/18:3)	0.91007914053107	0.744059021551446	0.28104170643954	0.678725527028947
TAG53:4FA20:4	0.287934921372959	0.280222181025719	0.271305239131192	0.652203352462238
TAG46:3FA16:0	0.519435537572775	0.896858712198393	0.310380617115319	0.654671210295115
LPC(18:1)	0.159598794526002	0.0842276726190832	0.264401982891303	0.550166567887424
TAG50:2FA18:1	0.429709741544015	0.748021158058555	0.305818344312349	0.640082002751868
PI(18:0/18:1)	0.199446503786929	0.0961209566855518	0.473143247283113	0.826203191087382
TAG48:1FA18:1	0.442959876262638	0.331983130105525	0.274825790732151	0.633282673049692
TAG54:4FA18:0	0.169518655730318	0.290486628067855	0.287606979128694	0.649973627096359
TAG54:6FA16:1	0.576384654942095	0.864583557032845	0.304226691255898	0.66301740247744
TAG56:6FA20:4	0.961814962904308	0.988813387236814	0.307949513894544	0.653906669928216
PC(20:0/20:4)	0.226243744826067	0.405060209046097	0.285594473804902	0.687416069814937
TAG54:1FA20:0	0.345007551290432	0.167713506504171	0.254136376990177	0.615240625867489
TAG44:2FA18:2	0.619836582069256	0.690574101249854	0.28935426159976	0.652756444040988
PC(18:0/20:5)	0.408539349026892	0.951135022813494	0.309182846321581	0.650897699952439
TAG58:7FA22:6	0.343138879661186	0.575142438043912	0.312631302965624	0.71359926974565
TAG52:3FA22:1	0.5307059069135	0.432980589016482	0.296997445429029	0.685006063902277
CE(16:1)	0.167927793052253	0.130186428832414	0.559431800414889	0.582670788424185
TAG54:2FA20:1	0.91159933467605	0.849179567458774	0.298875799139899	0.64657363369238
TAG44:1FA16:0	0.466664826742015	0.237325907594568	0.249555531339994	0.642667684733325
DAG(16:0/16:1)	0.423548383751231	0.704047667076661	0.3047603970646	0.644763440686414
TAG46:3FA14:1	0.294548793211821	0.406093725146901	0.296161951906857	0.627912041176353
TAG52:6FA20:4	0.365213248387613	0.733060725343111	0.296872547835803	0.654447369666371
CE(16:0)	0.622612166332728	0.999502073668904	0.318906735323208	0.654745909552343
PE(P18:0/20:3)	0.508666046785481	0.54093939060275	0.392977799020478	0.570667186360193
DAG(12:0/16:0)	0.545210342742927	0.811735732706288	0.29321693580412	0.665097193425283
TAG45:0FA14:0	0.727384574393917	0.646168848629752	0.285708034223723	0.646659365985673
FFA(18:2)	0.301943528718576	0.314632282952494	0.256036747919087	0.68952804594178
LPE(16:0)	0.278580617518563	0.0276227368411201	0.174210733607372	0.747491813733477
CE(20:1)	0.310955177901147	0.664355544857162	0.278216239537598	0.642875485608102
DCER(22:0)	0.187748277142469	0.0725409355822079	0.411089139323166	0.559688835486137
PC(14:0/18:1)	0.260495092674176	0.25385214075779	0.506874354336556	0.51770898481986
PE(18:1/22:6)	0.617379962489548	0.321136618944342	0.209856188369613	0.917958748176822
TAG48:4FA16:0	0.730179330543423	0.872187352203292	0.305742840892616	0.657342766434482
TAG54:2FA16:0	0.823895714802084	0.731572630724116	0.293568219727512	0.641937439270971
TAG58:9FA18:2	0.103127376441946	0.313222429391788	0.321766332967631	0.728343408412631
TAG52:5FA16:0	0.2295956518946	0.163923244798858	0.286951822492488	0.636619572396895
FFA(15:0)	0.645350167866895	0.904093757607721	0.303031808472842	0.662648030524724
TAG52:5FA18:1	0.23705970130391	0.0724750066077231	0.252299630756938	0.797174379645631
TAG54:5FA18:1	0.0578260737390945	0.101293505518838	0.291317151946158	0.646819915144464
FFA(24:0)	0.432597255868788	0.547335837874528	0.275220556592523	0.803147078060842
TAG54:5FA22:5	0.603452067178167	0.846668442357385	0.300425637770802	0.653958957291276
TAG58:8FA18:2	0.148154323589346	0.239017809298474	0.314529393712387	0.734842770103733
TAG44:0FA14:0	0.981993624938929	0.678210158385629	0.288032948448661	0.641865527119539
PE(P16:0/18:1)	0.992967233862534	0.560137105894835	0.371155708130648	0.586369502511523
CER(22:0)	0.318685887115944	0.11445540414864	0.440157888192654	0.465130574614332
TAG52:4FA18:1	0.308196944589472	0.117384427121197	0.253921445756166	0.755802508257252
TAG58:8FA20:3	0.53645756482306	0.390215003341728	0.285500918929469	0.629964114258972
PE(18:0/22:5)	0.867047678583279	0.320969930804296	0.222338337511803	0.788291653848244
TAG47:2FA18:1	0.399049036860071	0.249393385129159	0.270876384572431	0.606431755594066
CE(22:2)	0.298481457798214	0.947986117079259	0.303238557441886	0.655653336622215
TAG55:5FA18:2	0.505659100425229	0.923510182143512	0.303773858349868	0.64910378323672
TAG52:2FA14:0	0.567635003579648	0.204759435263009	0.274846303868498	0.59660397504076
FFA(22:4)	0.325102629249659	0.520703792457212	0.289043655621045	0.705206236412075
TAG54:1FA18:1	0.799402055284251	0.966922199918491	0.304647129637396	0.652566528479245
TAG40:0FA14:0	0.562240515829234	0.798440083426297	0.30693317448369	0.665864482278475
DAG(16:0/22:5)	0.843796079273248	0.741954183140189	0.303008919255391	0.661844931050851
DAG(18:0/22:6)	0.526753957673036	0.688218485463358	0.329559758199604	0.651967989871228
TAG47:1FA16:0	0.312202021605613	0.33494714687315	0.274082801547885	0.645307448060887
DAG(18:1/20:5)	0.339391820877875	0.876191820094379	0.308334798104922	0.665109269342742
TAG54:3FA16:1	0.735536583760831	0.673460157799103	0.295578879985782	0.693834894857871
MAG(16:0)	0.446717772195233	0.109162656593809	0.350576181524394	0.737829098666002
PI(16:0/18:2)	0.354219427408082	0.483568223295489	0.421234608302252	0.697800232060368
CE(22:6)	0.502731721804191	0.781224918619253	0.291152085771701	0.705071825743991
TAG46:4FA18:2	0.584090815207266	0.5630937189197	0.284073447387132	0.694409594002465
CE(18:4)	0.949662950631945	0.717187627794967	0.354667622328235	0.631511096807376
TAG54:2FA20:0	0.789435446661161	0.616136560049017	0.296863049724162	0.64971509896783
TAG56:6FA20:3	0.701657804354848	0.843991612911689	0.30584489709616	0.660387404196599
DAG(18:2/22:4)	0.26874422259863	0.612464443681982	0.298880909968357	0.676772032366058
DCER(24:0)	0.241595250331774	0.137267618124458	0.402121079955846	0.486721699929732
TAG58:6FA16:0	0.622842474530491	0.713761008521129	0.29125302830935	0.689247496850441
PC(16:0/18:2)	0.527534373677012	0.849713063519713	0.385937665720795	0.637535983762556
TAG52:3FA18:2	0.718888942998996	0.516229749030942	0.300033327839323	0.677799277130278
TAG48:0FA18:0	0.927517891870268	0.494511634600003	0.273264907502195	0.637993096014244
TAG58:7FA18:2	0.444835618998787	0.517521355774539	0.303598938469966	0.689412519870241
TAG50:1FA16:1	0.249604661561897	0.693943316912156	0.301398409946391	0.651430339333575
LPE(16:1)	0.117323413328736	0.516566401601454	0.332415437785249	0.664429211411477
TAG48:1FA14:1	0.157559134309287	0.188007183007003	0.255910278803067	0.653767749542094
TAG51:2FA18:2	0.477156757804151	0.399484326979124	0.300316173148236	0.650763074339451
TAG50:2FA16:0	0.5066302530912	0.944379731582494	0.305703540624582	0.654363860188395
LCER(14:0)	0.303116742308011	0.149492761260358	0.445516919056867	0.55737785675887
LPE(22:6)	0.74843375088877	0.784403861823037	0.299791862231828	0.682605557090488
PE(18:1/20:4)	0.457954970045214	0.0786561451882149	0.170005745351212	0.874861191686103
TAG54:4FA22:4	0.296151280898258	0.501856214507285	0.275394260141232	0.690017703825232
PE(16:0/18:2)	0.751077111192317	0.983437096105252	0.314664143803527	0.657539842954095
TAG50:4FA18:2	0.479931400198732	0.578190525473886	0.290915647840399	0.675311088568981
HCER(16:0)	0.986484832414874	0.918906054019345	0.305380886270573	0.663152544910251
PE(16:0/22:5)	0.826509727796375	0.603742681046368	0.261960038241505	0.760784320704418
PE(O18:0/18:1)	0.927185771173094	0.962032355093341	0.30961270825844	0.659019552239334
TAG44:1FA14:1	0.300639729411438	0.370125944415398	0.272854519423601	0.642847123022603
TAG56:7FA20:5	0.113027315281253	0.368976214273784	0.345332111231366	0.721367076632311
TAG45:0FA16:0	0.588494987060745	0.453367850638499	0.270885906089669	0.647926661524547
TAG46:0FA16:0	0.784445426580292	0.6450528357223	0.284506002964817	0.654276973145731
SM(24:1)	0.217113211225461	0.492867430242285	0.440435158668627	0.588832612880074
TAG52:7FA22:6	0.612890774941115	0.615739390346116	0.312849544139472	0.687954937115805
CE(20:2)	0.401716633238916	0.260052725794528	0.52460612490079	0.632672286362045
TAG54:5FA20:5	0.514557027815879	0.989329658805299	0.307770258271285	0.655801936823246
TAG45:0FA15:0	0.61402692137086	0.563700354008099	0.281672112733017	0.649167803446548
TAG56:5FA22:5	0.715903593603189	0.693166893293927	0.315144474706305	0.671352277368798
PC(18:0/16:1)	0.140440994192507	0.345848976149563	0.441150507670309	0.600374816964864
TAG49:2FA16:0	0.344422521168768	0.36733295776104	0.294543179599061	0.650935252579854
CE(20:5)	0.273071701247683	0.883445812652375	0.311557091268355	0.640276696974795
HCER(22:1)	0.37466839564696	0.376859988812838	0.219464042608147	0.752294338157976
TAG49:1FA16:0	0.214628376365211	0.228508581028926	0.26934584935419	0.651207304752897
TAG56:5FA18:1	0.615158546373768	0.65557942958843	0.311551435846135	0.677209623989594
TAG53:4FA18:3	0.667781319029345	0.677905936939815	0.304593715240933	0.658834460369849
PC(20:0/18:1)	0.999539606486712	0.913658074768421	0.329511521946838	0.644562297212229
TAG54:1FA20:1	0.754828128242602	0.618589711001961	0.278709051647664	0.645104572342229
DAG(12:0/18:1)	0.529700564117917	0.847028557626937	0.298974337765056	0.648339416995441
PE(P18:0/22:5)	0.749234664602571	0.739030296713762	0.344233752885907	0.623088661684706
