chemID	simpleLRM_Fstatistics	multiLRM(chem_sig)	multiLRM(sex_sig)	multiLRM(age_sig)
TAG52:0FA20:0	0.181369125165479	0.0570513672671125	0.258467099537523	0.67640694645399
TAG58:6FA22:5	0.496365082880822	0.712705023289111	0.322841810903342	0.71850842340663
TAG50:1FA20:1	0.479062010156329	0.216002060990032	0.269167112583506	0.667624366848192
TAG54:6FA20:3	0.767880847846535	0.387240576339316	0.302666843631777	0.732856560840047
CE(24:0)	0.308009494619588	0.845715240808051	0.303877348000683	0.707026863981036
LCER(22:0)	0.865352146428238	0.952360845123701	0.318283170504884	0.696600013190698
TAG48:4FA16:1	0.713327639584333	0.531492769387024	0.292411414559945	0.735890787864602
TAG51:4FA16:0	0.923701361959308	0.803691411618444	0.312568505622109	0.694532662990722
PC(16:0/18:1)	0.598320277905103	0.474671771588991	0.417890439720271	0.618235012492952
TAG50:3FA14:1	0.309975981273744	0.346032984339956	0.308425381369708	0.658434085791788
CE(17:0)	0.816759274798322	0.275083706505211	0.395720285245231	0.633051279501366
TAG56:6FA22:6	0.604919067895651	0.704450742524372	0.315399470943219	0.732806075533065
PC(18:1/16:1)	0.349039760966815	0.771515918832347	0.403957585882376	0.661280616758448
TAG53:3FA16:0	0.858474306903847	0.816174004603545	0.308969764576382	0.696047997964231
TAG54:4FA20:4	0.49844701404094	0.775964188553769	0.300864128696641	0.694756849809184
DAG(14:0/20:4)	0.118847413899988	0.0236685437174095	0.277104171447045	0.620699481081227
CE(18:2)	0.274647850785725	0.458066940650676	0.228852515995298	0.741234126025705
DAG(14:1/18:1)	0.957115543842721	0.938759404549549	0.318834629744958	0.69608396842674
DCER(20:0)	0.259277265877792	0.0702629630433114	0.238878536314636	0.849745627230003
LCER(20:1)	0.397073231853875	0.0917481808702894	0.527118063699586	0.560198199973722
TAG54:3FA16:0	0.948627533743682	0.972016998969195	0.313783402436221	0.696584984669413
TAG48:3FA14:0	0.87411840565478	0.874755117318833	0.310061616859198	0.702304785081981
TAG56:1FA18:1	0.409425671969247	0.206111116567798	0.263469718928566	0.654598604711316
TAG58:9FA18:1	0.135548001100096	0.349228316547397	0.337482307057975	0.77927486248301
PE(P18:1/22:4)	0.688750730738931	0.895789854277327	0.309382261222308	0.685908168848385
TAG54:4FA16:0	0.823969403147726	0.974990699272628	0.312813653662075	0.693082277464763
PC(18:2/16:1)	0.895597678628238	0.910291639693434	0.344167080568676	0.717414938418598
DAG(14:0/18:1)	0.737491266689373	0.428748698421132	0.28822313838779	0.665955774496324
TAG46:2FA14:1	0.159922182786841	0.349328857852944	0.296105844272921	0.669569612183109
TAG52:4FA20:0	0.365623398140361	0.300223878353562	0.298793578261731	0.69896968693512
PC(18:0/18:2)	0.889351782556918	0.76979711895987	0.441444025946519	0.663685338642944
PE(P16:0/22:4)	0.431979371511523	0.979666195986737	0.32184025202063	0.693869892882008
TAG50:4FA16:0	0.986513193705531	0.325169942356186	0.297964727979807	0.723854044543993
DAG(18:1/20:1)	0.781206192150011	0.923406485148588	0.312029963535568	0.688229483332928
LPC(15:0)	0.526097075147787	0.0604979590536908	0.176912143379282	0.832914190014674
TAG48:3FA18:2	0.657913679665503	0.877787607870123	0.313917469224071	0.700737714099312
TAG52:6FA22:6	0.894916861933581	0.934842316776946	0.312688554572754	0.689429896604683
TAG56:7FA18:3	0.424437975900826	0.529972148320638	0.30827948568013	0.708683435015354
PC(18:0/22:6)	0.788928458478928	0.902779308536381	0.311195620254668	0.728843819677819
SM(26:1)	0.426139158855092	0.518889948874196	0.398188231563157	0.63809200768157
TAG48:2FA14:0	0.653551490694534	0.673571648105618	0.309092926705287	0.685453711179012
TAG48:3FA18:1	0.415583795562636	0.793074314321323	0.318752879041677	0.704282707843233
DAG(16:1/18:2)	0.658493748300705	0.706351116384015	0.295041720994013	0.714813158006495
TAG53:6FA18:3	0.822824735072716	0.898341554220019	0.321512588876763	0.696037235758106
PC(16:0/12:0)	0.356427036999621	0.818027292584597	0.301062809676789	0.73396609794706
TAG51:5FA18:2	0.324505104840358	0.479241811721442	0.306008352925707	0.702678508914814
PE(P16:0/20:4)	0.973735056636274	0.917126614401598	0.310581544965682	0.701635958469748
TAG49:1FA16:1	0.259011351089602	0.548663329085981	0.305093751634481	0.690263947485204
TAG56:5FA20:1	0.0987740890310349	0.257914226637563	0.307789737566704	0.710079754018817
LPE(18:0)	0.843344031508852	0.247930948264591	0.198316775911888	0.761675182000107
FFA(20:4)	0.827362102179043	0.979215160053113	0.312821425476761	0.694696140745033
TAG46:1FA14:1	0.206802566512234	0.119902653388282	0.183893953845058	0.708454763329125
TAG46:3FA14:0	0.886719520836391	0.738677911967139	0.307309536602416	0.6837571463804
PE(P18:1/22:5)	0.666819317970299	0.316630457622118	0.43991803376706	0.610643108865009
TAG50:1FA14:0	0.564760844620314	0.275408497905538	0.269648888330145	0.655748325932901
TAG56:8FA20:4	0.819423350978568	0.994407962621774	0.313431909348735	0.694126460708465
TAG56:4FA20:1	0.246649528449564	0.387127885203658	0.325978323393139	0.719918060959289
MAG(18:3)	0.549839773871492	0.733313739274163	0.385915807503965	0.669454059854961
PE(18:0/20:4)	0.876197359236737	0.428499781413625	0.251567945862196	0.784707449021461
TAG53:2FA18:1	0.610436599962531	0.461256983383528	0.299725186709568	0.658817547159823
TAG54:7FA22:5	0.604784273025829	0.517912320543853	0.323571142214999	0.721428620459155
TAG60:12FA22:6	0.464438321100234	0.97054234061662	0.313214655508871	0.698891363976905
PC(18:0/20:2)	0.59948532232429	0.353028443779142	0.545716511906709	0.637379511671783
LPC(18:2)	0.0475763658904679	0.0963754752454704	0.298761303951358	0.463844010630535
PC(15:0/18:2)	0.650472121518697	0.315830633441391	0.53741447420665	0.568386327082548
DAG(18:1/18:1)	0.6432221663078	0.624989449133284	0.311305306639631	0.72811682175527
TAG56:4FA22:4	0.415980826065914	0.690547482378036	0.294279805706359	0.708163796786167
TAG56:9FA20:5	0.108698135910462	0.4047442375065	0.335450643470402	0.74222240584277
TAG49:2FA14:0	0.422287113820125	0.347601504195586	0.302843490445471	0.660576881120905
PC(16:0/18:3)	0.55528755736056	0.355204645557744	0.223703808659385	0.762923661255427
LPE(22:5)	0.93518585558949	0.950449088839399	0.315510714862632	0.697935396384905
TAG54:6FA20:5	0.21943934139887	0.401714875489806	0.357902367484409	0.756021673533974
TAG56:7FA22:6	0.356031169319455	0.517621082142835	0.32184577684078	0.755465539441797
TAG51:4FA16:1	0.779339350159435	0.498890157214058	0.281670998246875	0.755649442663714
TAG52:5FA20:5	0.600516342511236	0.853830973195431	0.320221505857269	0.700580615999409
SM(20:0)	0.107380486131719	0.410181998505965	0.220231831874869	0.770751123492985
TAG55:5FA20:4	0.410542445546567	0.328673933135853	0.27753150438238	0.664167716134112
TAG58:6FA20:4	0.931820184442271	0.729256099135703	0.304397842734071	0.673516167867131
PE(O18:0/20:4)	0.741811594309847	0.792267559069586	0.320610874468616	0.684829070931761
DAG(18:2/18:3)	0.323197050821393	0.230434107319616	0.296397753946274	0.697921398199494
TAG48:4FA18:3	0.329509088801269	0.390512261283046	0.325078893370852	0.724847394981654
TAG52:0FA16:0	0.729866212249003	0.555031524960172	0.283193895899682	0.686545167906487
TAG58:9FA22:5	0.158550956365059	0.344195084001826	0.331824950734702	0.72537512101305
TAG58:9FA22:6	0.11976745637939	0.328057428346536	0.338453314972954	0.783543774575374
PE(P18:1/16:0)	0.632983212353746	0.775573242493188	0.334901137801403	0.662258010696032
DAG(14:0/18:2)	0.795269648040908	0.553829676104807	0.307450158926237	0.687887491593205
TAG54:0FA18:0	0.655550714218902	0.942776252065365	0.311386672431138	0.691067033034234
TAG56:2FA16:0	0.277440867363616	0.234861502241316	0.272258577455063	0.68913714830922
TAG56:8FA22:5	0.272948302616818	0.35804432285951	0.31332190239259	0.750476822560144
PC(16:0/20:2)	0.996961636184277	0.659574876299139	0.396261683048462	0.647310448187755
PC(15:0/18:1)	0.517362838559107	0.296244440770561	0.528707827786596	0.531334948358425
TAG56:7FA18:2	0.402148703681768	0.589959640992722	0.310892004602605	0.716541702697836
LPE(18:1)	0.959334609362511	0.98966310070415	0.312748594448167	0.698305498818401
TAG50:2FA16:1	0.253668827709603	0.884028022617838	0.314768184873121	0.691418168449116
PC(17:0/18:1)	0.742936402915431	0.0641016457713623	0.538936560622855	0.417054502500193
DAG(16:0/18:1)	0.697161375134757	0.717716877805492	0.30706211804498	0.690764920733159
LPC(22:5)	0.167457646700906	0.446257875787567	0.308395364637696	0.64436917855599
TAG46:0FA18:0	0.547888452394678	0.835629652071398	0.305408452099466	0.686492417517226
PE(18:0/20:5)	0.356128942105216	0.920896891791055	0.314642876949971	0.705481196564764
LPE(22:4)	0.369656634895827	0.355548691446771	0.306296714912059	0.832912748307674
TAG46:1FA18:1	0.908766604545715	0.588002442920582	0.293395772567914	0.67291697598318
TAG58:10FA20:4	0.385624406846174	0.26014875643457	0.315374838595128	0.655628457362708
DAG(14:0/16:1)	0.195431058869512	0.213606823584675	0.293640322245877	0.698511051602796
SM(24:0)	0.497912271968905	0.372930753625846	0.421991232208062	0.648393776341182
TAG53:6FA18:2	0.704381220464877	0.464128583583485	0.30552609592598	0.70453906744901
HCER(18:0)	0.140860048013553	0.154851463399238	0.16149772793357	0.870921586855657
LPC(20:3)	0.998485643874115	0.89759599216878	0.313234593363451	0.683449434492188
TAG53:5FA18:2	0.320829177422972	0.447882298329267	0.317408811475477	0.687760561007919
TAG50:1FA18:0	0.34972303626636	0.326739820172723	0.278310928956036	0.681799720861056
TAG52:5FA20:3	0.594365067305434	0.83863613028157	0.313402624594948	0.6837817460969
PE(P16:0/22:5)	0.839869668623711	0.981860819724864	0.326608690708406	0.693269274767012
TAG44:0FA12:0	0.546918643925908	0.938441779390171	0.311455331771982	0.691412533313344
TAG55:6FA18:1	0.394942499444537	0.655777585421548	0.330539388700062	0.708396458163534
PC(20:0/18:2)	0.439948377147253	0.931372621521203	0.327659456390913	0.70565722481548
PE(P18:0/18:1)	0.612313255744047	0.355954419774267	0.424812992216894	0.594468949113309
MAG(18:2)	0.457059721539778	0.885918848510737	0.310066451507719	0.683984137333085
TAG52:5FA18:2	0.156801172064409	0.11503837739398	0.261997128992639	0.734636820624729
SM(16:0)	0.878858084291748	0.759777839248741	0.390696224632033	0.652531123187502
TAG49:1FA18:1	0.247210573028749	0.15725779374798	0.26747730495116	0.661468720623418
FFA(14:0)	0.71879884850666	0.841584418622808	0.306797271491194	0.716448441730692
TAG56:4FA20:4	0.980433128358279	0.932987359320379	0.311438644717177	0.689630871121197
TAG46:2FA18:2	0.52779846677977	0.939347068789992	0.311396193107698	0.691998715182183
FFA(16:0)	0.628377385570938	0.77015201919879	0.303985824321154	0.706088014975059
TAG52:5FA22:5	0.859942083669772	0.781622375088119	0.316450755464911	0.694733876685685
PE(P18:1/20:3)	0.167840054925333	0.17097062165037	0.467006587804341	0.610589565657572
TAG56:8FA18:3	0.499533544877496	0.368076702963745	0.302649928629799	0.720848646697131
TAG46:3FA16:1	0.794054921338562	0.833287510822198	0.310733208137178	0.706049963882646
TAG50:1FA18:1	0.461903243880743	0.681863130799919	0.30217152571721	0.700144508057725
TAG44:0FA16:0	0.609374740328238	0.889434719778651	0.308425777088662	0.690190810521588
CE(22:5)	0.828345991465128	0.946677512452349	0.321103075448612	0.699040867585158
TAG49:2FA16:1	0.259188469878131	0.645604325477321	0.315138327435719	0.674847844269344
TAG53:4FA18:1	0.967079169673121	0.637801824047172	0.308007078120926	0.663842886588164
TAG52:3FA20:3	0.378514940208838	0.612847686415433	0.300171110276984	0.703245046629897
TAG49:1FA17:0	0.248473044657658	0.213935643686019	0.279449900848558	0.677167042924792
TAG56:7FA18:1	0.241129623896137	0.304677135386747	0.334829203982372	0.775655039646417
TAG50:2FA18:0	0.628881219512486	0.381033879422574	0.295834054577647	0.684116654052281
TAG44:2FA16:0	0.78626380824729	0.42011006659935	0.270299969757343	0.717425234759539
TAG44:3FA18:2	0.809223052171482	0.666569067234585	0.292960532273184	0.713613977303661
TAG47:0FA15:0	0.530923184464902	0.567430301126967	0.288874202267294	0.696876375560663
TAG54:7FA16:1	0.872897120683163	0.594532744764943	0.30979878727034	0.736266284445265
TAG52:3FA20:2	0.57451481980893	0.820684077591605	0.315484828133595	0.683484835114315
TAG52:5FA16:1	0.238580737157161	0.134924975021684	0.260248275584535	0.782739367575473
TAG51:2FA15:0	0.605197198534417	0.512318625122858	0.297415680064002	0.657160612699745
TAG54:7FA20:4	0.695747992483007	0.624535856482919	0.318927614820836	0.694759863084943
PE(P18:1/18:2)	0.971323554780718	0.485626605983126	0.436022649711858	0.622888337579486
TAG52:1FA16:1	0.323252790574759	0.415487034890322	0.302964380730402	0.665474516672854
TAG47:1FA15:0	0.345425249153189	0.316720456279107	0.281681658848446	0.667015522855952
TAG50:5FA14:0	0.226527419362685	0.376028817339042	0.308246771069692	0.703820709025215
TAG55:1FA16:0	0.2456269697841	0.417753648700511	0.326658142649746	0.759449017193157
TAG56:3FA18:0	0.90162460851069	0.801454611463948	0.311360720896722	0.677180286929449
TAG50:2FA14:0	0.758862751273022	0.660922952882754	0.308760003570453	0.667624936963453
TAG56:2FA18:1	0.911350422428592	0.858488184262661	0.306765178356034	0.689809061785153
TAG51:3FA18:2	0.77403469234463	0.857993353611095	0.314084829337098	0.686431096583245
PC(16:0/16:1)	0.0822683527427911	0.135718342127752	0.484749503457858	0.597702425594189
TAG51:1FA16:0	0.256630194131098	0.25211285320689	0.274358747353893	0.697461339999669
TAG52:3FA18:1	0.793190660564556	0.431295621071553	0.303118746219506	0.729664924733627
TAG56:4FA18:1	0.473159360653867	0.542826736477624	0.312797306080817	0.739176048453422
TAG54:4FA20:1	0.383745828228803	0.348658261849257	0.287211840474483	0.756278473993242
TAG56:7FA18:0	0.148844647018008	0.508749874248927	0.336800945165137	0.746539221583227
TAG54:4FA18:3	0.120495056194156	0.162089525525726	0.2985473438327	0.709664889074341
TAG56:7FA20:3	0.753377251964635	0.986338303553815	0.312851347932984	0.693879596772028
PE(18:0/18:1)	0.405167131567203	0.665529048234432	0.335682321778628	0.69126671485178
TAG50:4FA14:1	0.751776911513929	0.851108470437739	0.314837434174386	0.688412561486296
TAG47:2FA18:2	0.749565249621641	0.340872764055012	0.287440559108661	0.676804408716002
TAG50:5FA18:1	0.532969382660134	0.375505844086456	0.309606024097196	0.741355644746194
TAG53:4FA18:0	0.789192805190714	0.327793610134447	0.293906577592249	0.714132619779526
PC(16:0/20:3)	0.10552193508394	0.148530752710053	0.534173391115598	0.608018537489731
TAG56:6FA18:2	0.527606443391803	0.759050254160533	0.313257625679193	0.700854423030229
PC(14:0/20:4)	0.440613119616997	0.158240632339333	0.440957889946937	0.686851672758329
PC(18:1/22:5)	0.660929000165633	0.504842796238529	0.247973195676275	0.696216874960911
LCER(24:1)	0.929544062801706	0.923593209257301	0.312325951160853	0.690395179481462
DAG(15:0/18:1)	0.43758832713409	0.2925101920602	0.310015703904385	0.720392241476201
TAG45:1FA16:0	0.313355673756274	0.272390831007113	0.273999030339423	0.676731792284367
TAG56:4FA20:3	0.903238291062816	0.816099206548532	0.310492255373115	0.678631092364582
TAG60:10FA22:6	0.474147200329175	0.862627156280907	0.31520233081999	0.710871860404973
TAG54:5FA22:1	0.0875345070367578	0.145571552919024	0.293520002434064	0.661855450250285
PE(16:0/22:6)	0.884873437263619	0.469573991186214	0.243615247345485	0.895258193900027
LPE(18:2)	0.234067156481031	0.221183527696566	0.264149086831165	0.53454500112685
TAG54:6FA20:4	0.674672592078471	0.836916218284732	0.321213629248732	0.691288684416002
TAG54:2FA18:1	0.527164642218663	0.545326083333749	0.333965717399028	0.712544196512729
TAG56:8FA16:1	0.306483048372319	0.420088340387186	0.304077176614223	0.768243120508713
TAG58:9FA20:4	0.232807548221204	0.215525335320956	0.288831725699063	0.689657944959441
PE(16:0/18:1)	0.075525705480609	0.297268872222707	0.388930557760988	0.646183085480245
DAG(16:1/16:1)	0.554689956480361	0.639314846245766	0.312642628154768	0.713245679558151
PC(18:1/22:6)	0.740671690335312	0.669451796403693	0.370801829081484	0.63423270716576
TAG52:4FA20:2	0.682060249421664	0.627455663855462	0.298660607383395	0.736211542674894
TAG42:0FA16:0	0.659297104265564	0.806958481289068	0.302786928552582	0.687847363264008
TAG52:2FA20:1	0.386175606281995	0.414244097269333	0.303303629214043	0.660000542206937
TAG52:4FA16:1	0.406571142737237	0.18072966973306	0.261007996879741	0.799899196990686
TAG58:8FA22:5	0.194453381747231	0.328641985611962	0.332866110929388	0.737741850345196
TAG56:8FA16:0	0.285891617181697	0.500989549290316	0.324312101779847	0.744174928527871
FFA(20:2)	0.340896266583515	0.585321170367489	0.343052919240804	0.732216551416937
TAG46:3FA18:1	0.966367207376168	0.400064926029973	0.264667085316739	0.718837790944933
TAG50:4FA20:4	0.410209442725446	0.414475080762373	0.282658961729952	0.697428638985546
TAG53:2FA17:0	0.612316520911222	0.434422749121897	0.305859735149294	0.6495119937091
PE(18:1/18:2)	0.985159913190548	0.744162586493225	0.357753292785724	0.685873540074618
TAG51:1FA17:0	0.236389081454368	0.218966634125674	0.275432980900915	0.686240902497151
TAG54:2FA20:2	0.811420647772379	0.870860931071995	0.309387213875936	0.686740770303872
TAG56:6FA18:1	0.652301280744177	0.758027542135241	0.318560674439732	0.712792076275907
FFA(22:1)	0.320138524648038	0.778903523686418	0.308657979434164	0.677723403030451
LPC(16:1)	0.45280558036776	0.809347182068764	0.300228859378452	0.696473673024697
PC(14:0/20:3)	0.143722939272812	0.266766809752492	0.482551155992483	0.642480419746381
TAG48:3FA12:0	0.412549204605352	0.847023412201226	0.316880160007052	0.701698272563379
TAG54:6FA16:0	0.765598617000721	0.526826749673635	0.337889766346335	0.712256852125062
TAG46:0FA14:0	0.652805110205093	0.604075453647851	0.290631001877583	0.69386153240478
FFA(22:5)	0.626912999762892	0.769581780344865	0.305557744339623	0.677689819837014
TAG56:2FA20:1	0.787078245402849	0.966641929198568	0.312785339715746	0.692605038208338
TAG58:5FA18:1	0.932806264981712	0.987104847870897	0.313147461035275	0.695065643943798
TAG50:4FA20:3	0.545051625134553	0.556024573970513	0.301242941959083	0.667937929985472
TAG52:1FA20:0	0.129844121601853	0.0425537775627032	0.27681592768964	0.610249159615302
PE(O18:0/22:5)	0.9619688552053	0.725261092539851	0.344238007832267	0.680546278033314
TAG53:7FA18:3	0.334978560113711	0.639582090248317	0.326329579319718	0.694101564953296
TAG50:3FA18:0	0.843141133358895	0.485975652303926	0.302829402317258	0.695678737944777
TAG46:3FA18:3	0.297663931552152	0.75535955608947	0.324809872677539	0.699609756411395
TAG54:7FA18:1	0.0607344074844389	0.137651106868288	0.31564400019616	0.732185672910741
TAG55:4FA18:2	0.469713573578954	0.835395342839502	0.313740548574857	0.684985876017838
PE(P18:0/22:6)	0.730591786345346	0.655807090694787	0.278110142279365	0.83389938137787
FFA(18:1)	0.989894751479588	0.701858881510344	0.300145539561605	0.718910343695887
TAG50:5FA20:4	0.478364154491005	0.578324698604718	0.29430507525817	0.681384569139599
TAG53:3FA18:1	0.98509245812706	0.985723132584702	0.313497270381371	0.693570290692123
TAG50:5FA16:1	0.785229384072185	0.082286218031284	0.234395934844437	0.840441886824208
TAG50:4FA16:1	0.832034992080155	0.128706193544011	0.23433178532972	0.812610953294409
TAG52:4FA20:4	0.427275733177642	0.672115502977515	0.298425882768546	0.70766864563113
PC(18:1/20:5)	0.175074046118788	0.827288023366562	0.305173529175141	0.725298711268458
DAG(18:2/20:4)	0.466264081537602	0.517113290374443	0.315608977307883	0.702325487665332
TAG54:7FA18:2	0.0446556941216062	0.219313220270337	0.294344139800785	0.632025938379756
TAG56:7FA22:4	0.787662194344444	0.514987440616369	0.327214798961878	0.697527009908061
DAG(18:2/22:6)	0.304867749856256	0.668038570975785	0.314999279671325	0.72859402023455
TAG49:2FA15:0	0.477964086188027	0.50811042192037	0.305065274650131	0.68709314742035
TAG46:3FA12:0	0.428901711045075	0.788990431505993	0.315365825314619	0.705861998159506
TAG47:0FA16:0	0.598734783233142	0.604866915275836	0.290977642219526	0.695466998235461
PC(18:2/18:2)	0.378442020106606	0.993122394214631	0.335389343989892	0.693793329703888
PC(18:2/20:3)	0.520335474771567	0.459235719167227	0.485824313077462	0.672866900760442
CE(15:0)	0.875395933988903	0.310078164905533	0.421933669473619	0.597421390837084
TAG54:1FA16:0	0.315290671762925	0.114111011854755	0.246098693045609	0.664955748790421
TAG49:2FA17:0	0.318273477240235	0.215050850120761	0.302446406878049	0.662007552720917
TAG54:8FA18:3	0.0321502420142288	0.132493008287896	0.291265408150961	0.601546535610871
DAG(16:1/18:0)	0.12607231614286	0.269616727302946	0.302796143602815	0.679307613423942
PC(16:0/18:0)	0.725516300843485	0.650617165412606	0.419244839915187	0.654075113397756
TAG54:5FA18:3	0.0314336707175121	0.0289035911365577	0.279609894609913	0.742206696092913
LPE(20:3)	0.550770342388664	0.738677770717212	0.342967990207428	0.70841359770046
TAG55:1FA18:1	0.130053891278447	0.37782927840055	0.35349252107805	0.759217505299634
TAG55:2FA18:2	0.135613695336149	0.371696975843774	0.330199295063545	0.741261382466464
PC(18:0/20:4)	0.722599494237698	0.77026649812535	0.301910974699352	0.695490983544517
TAG54:5FA20:3	0.886232886938287	0.833633517843661	0.316894821549005	0.699009693179367
TAG56:3FA20:1	0.357480325351987	0.486185688755156	0.337468791676867	0.721513991175522
TAG48:3FA14:1	0.246964632740216	0.612990927834731	0.3146021503756	0.683166922288409
TAG56:8FA20:5	0.0826914145785891	0.291421441535782	0.348648074363438	0.767362884790905
DAG(14:0/16:0)	0.565573963184277	0.307078975671284	0.273015115019565	0.691020484203765
SM(26:0)	0.993478709979682	0.305069422329848	0.481962530746735	0.617885502196306
TAG51:4FA18:2	0.560184228540788	0.657758633185668	0.307951736516484	0.706190115332287
TAG56:7FA16:0	0.227795539416762	0.377634589084032	0.318325751035088	0.769336482518022
TAG48:4FA18:2	0.190733341083497	0.484544486328464	0.321152976407419	0.698637766763283
TAG50:5FA18:3	0.368579945903254	0.300363977501388	0.290648370521345	0.71922143333399
TAG53:0FA16:0	0.279523230286935	0.345877745775308	0.35685278405703	0.749810230158638
TAG44:1FA16:1	0.500815161584618	0.398319309033215	0.296530173504253	0.659733289877209
TAG60:11FA22:6	0.378808797150364	0.847993968587588	0.314422346729883	0.715506108830889
LPC(20:0)	0.081093794607794	0.188370764732576	0.240476152746643	0.657155910835011
TAG52:4FA14:0	0.529728613198762	0.420113692836435	0.301028907041364	0.657631754282583
TAG53:6FA18:1	0.745499458964347	0.663273622253988	0.278582850514546	0.698932226388473
PI(18:1/18:2)	0.98102815505049	0.734822614370989	0.367029119551439	0.735154305565414
TAG52:4FA18:0	0.692508521070196	0.411458797081614	0.294206563005668	0.743847085270764
PE(18:1/20:3)	0.255745078007354	0.814071497146055	0.36368140516709	0.672293659787448
MAG(16:1)	0.663533542367073	0.928656314928728	0.316176043626393	0.690044251449575
SM(22:0)	0.802244012903226	0.810850635695201	0.384103800292474	0.679371242299492
TAG55:8FA20:4	0.686337860466564	0.212363370000251	0.348998199966537	0.6337968685467
TAG58:6FA18:1	0.802370706582485	0.758203047532169	0.317583309905886	0.714705190488186
TAG56:5FA16:0	0.6741847825294	0.928057606599044	0.311147926673217	0.693883366242764
DAG(18:2/20:5)	0.23345745625279	0.664670124779304	0.315056581227464	0.717121386425175
TAG58:2FA18:1	0.912982013691421	0.97975584007093	0.311882235121582	0.693264253496578
CE(22:0)	0.794933413040707	0.172179505954267	0.443550758173005	0.543266679724157
TAG54:5FA22:4	0.298550364107998	0.69485303479386	0.297995242712402	0.70557189063251
TAG58:3FA18:1	0.867016341635892	0.90187362711188	0.309239124933217	0.69166748906345
TAG56:3FA20:2	0.783637925093714	0.843467372523604	0.314111687596507	0.712291500060554
TAG52:2FA18:2	0.925783930357604	0.806929716742022	0.315067404713257	0.696613625791165
TAG53:4FA16:0	0.894605123501817	0.924509921949405	0.311558086321518	0.695444758263329
LCER(22:1)	0.417407752572262	0.648197410042155	0.386691193234525	0.698588764867305
LPC(20:4)	0.268316471959972	0.136441840167505	0.533690412778368	0.480977449367333
TAG48:2FA12:0	0.551572587112277	0.991465562675911	0.313669338380686	0.694851195844329
TAG58:7FA22:4	0.911320469951247	0.745197253881958	0.323792757076123	0.694710769281519
PC(18:0/18:0)	0.698353356954076	0.997127119684018	0.33035188859738	0.695274658031025
CE(18:3)	0.959846971196788	0.585350625810041	0.413767632709307	0.673934723920903
TAG51:4FA20:4	0.231662127075632	0.202609885909834	0.269000080217833	0.688075278837563
TAG56:4FA20:2	0.564127571054618	0.657940835981598	0.304420708526274	0.736489999693756
DAG(15:0/18:2)	0.4112728644253	0.599554058892022	0.340368209700823	0.719997192739557
TAG46:1FA16:0	0.943936184676287	0.62543230911179	0.29592101252402	0.680307063151512
DAG(16:0/16:0)	0.572699926391219	0.634961478256696	0.302107277439818	0.702164509728648
TAG54:5FA18:2	0.0954059663461351	0.158148593116155	0.29375617599306	0.651514411505384
TAG42:1FA12:0	0.440653581302019	0.932952950745598	0.317585941457743	0.697577266108046
DAG(18:1/20:2)	0.537170924820565	0.296910073945198	0.331870280459012	0.605997896071869
TAG52:7FA16:0	0.798484812315199	0.685291117024174	0.29567174159357	0.6950887456245
TAG55:5FA18:1	0.635834078606349	0.841515869488033	0.315298637539925	0.695981430153677
TAG52:2FA20:0	0.738967398318587	0.516401513894086	0.303614195391026	0.674810709489341
TAG46:1FA14:0	0.404671926182348	0.382336413179368	0.286636016170262	0.671159164063013
DAG(16:1/20:2)	0.1493110307797	0.163846874859911	0.379021386890762	0.643892901573878
TAG53:5FA18:1	0.535155245464523	0.526025499453343	0.315181249976888	0.688116462983997
CER(18:0)	0.452822120902129	0.78832675735785	0.344254547712132	0.672075559269844
CE(24:1)	0.413942049098306	0.476052520639914	0.345952161937524	0.676542891907958
PC(18:2/20:4)	0.936143819651026	0.843702130408286	0.343199946240589	0.711919558842944
PC(16:0/16:0)	0.853616626853257	0.795013043049866	0.378303008563891	0.665560431287721
TAG50:6FA20:4	0.940509974192742	0.883621944772655	0.309452692345451	0.690027957786326
TAG52:2FA18:0	0.909242499213882	0.916568946502256	0.314015613905182	0.693881839292419
TAG55:2FA18:1	0.340989771194894	0.747505110938513	0.32854683236899	0.699402449228179
CER(24:1)	0.715221592906911	0.762782248050373	0.34746339450727	0.648598545414173
PE(18:0/18:2)	0.981931311629869	0.800273289144454	0.297936925448132	0.714788382194996
TAG52:0FA18:0	0.841681774696758	0.716252120406771	0.293597412823064	0.689641964459079
TAG50:4FA14:0	0.392561416934393	0.581922923539216	0.305796392733601	0.710488390315439
TAG52:2FA20:2	0.484119138844876	0.673712981962876	0.306797130505136	0.693509600736568
TAG58:6FA18:0	0.422566907419767	0.295238559931273	0.3125169868606	0.78653875229425
TAG55:6FA20:4	0.380441230813509	0.382130973906456	0.298837291898125	0.678085807692234
PE(P18:0/22:4)	0.739570233629542	0.691617698186913	0.296807840797518	0.68634388294032
TAG51:2FA18:1	0.410104356119541	0.489505718659461	0.301577822275379	0.65592497372325
TAG50:2FA18:2	0.847524915583297	0.944447667497274	0.313077134286338	0.692442579153307
TAG53:3FA18:2	0.949508092671644	0.759367134847841	0.316198825402652	0.680800095054808
CER(24:0)	0.602486622935837	0.0625566238203431	0.381779047426758	0.42644947124229
DCER(22:1)	0.984855123192972	0.826023087761925	0.314453549554026	0.692238072717013
TAG46:2FA12:0	0.561337642667474	0.996903342020245	0.313527923365657	0.694212652136428
SM(22:1)	0.839655251567573	0.896812153817589	0.329626866721445	0.712943724862489
TAG48:1FA16:0	0.27855307539105	0.37822899956135	0.288841532835485	0.698569493987752
TAG56:3FA18:2	0.960037996452702	0.906576983471718	0.310760918341692	0.693499905701662
DAG(18:2/22:5)	0.661545457599876	0.88767099398677	0.311545238381646	0.697191875200007
TAG57:9FA22:6	0.843526389390378	0.970401460512684	0.313517986630512	0.694583287280966
PC(18:1/18:1)	0.949976146566614	0.693581430481361	0.395765364617226	0.671167999165254
TAG52:4FA22:4	0.530375179721722	0.485180558134271	0.280377118138002	0.714786097674039
PI(16:0/20:3)	0.401553072325886	0.345015186966656	0.477738374162432	0.65717842339532
TAG50:2FA20:2	0.460429553619966	0.38600228026599	0.294855876327628	0.671775987748097
TAG58:10FA22:6	0.117882498214717	0.386145324602846	0.331434798924522	0.762150381526423
TAG54:4FA22:1	0.181217040421951	0.131640182923299	0.3094311723575	0.721357922363006
TAG42:0FA14:0	0.547433060541451	0.974596224559394	0.313065484636215	0.692838502847971
TAG47:0FA17:0	0.60767656125999	0.414458555110091	0.2781033657638	0.690687008995898
TAG48:2FA16:1	0.235829951554794	0.781787532375471	0.316041709667185	0.688050720676077
TAG54:3FA20:2	0.91621901659681	0.967225358823525	0.313816367516769	0.697133541685716
TAG42:1FA16:1	0.696080609585498	0.484556386223375	0.28680391480404	0.678750200958383
FFA(18:4)	0.33817220633121	0.269264420307611	0.419830343675142	0.67855268370954
DAG(16:0/22:6)	0.900060686242555	0.926748770412642	0.312484328037717	0.703783327640027
SM(14:0)	0.684490049170913	0.959619981410444	0.324621830902623	0.711201402033059
TAG47:1FA16:1	0.30879282595461	0.547780906108485	0.30610175202461	0.685096849070826
TAG51:4FA15:0	0.524644316400983	0.778960795070717	0.313882122387863	0.703178544366994
TAG47:2FA16:1	0.256042241073242	0.640668817172621	0.315716233590624	0.67328626519252
PC(16:0/22:6)	0.36423113976817	0.548428160401963	0.272910977007015	0.818885569488016
LPC(17:0)	0.190424671595769	0.297090999688447	0.265299085776942	0.73786555470168
TAG55:3FA18:1	0.544527674636066	0.872084184362271	0.321240465246489	0.693067457933927
TAG46:3FA18:2	0.873684744298782	0.63069076838587	0.298487904619995	0.691505471015693
TAG53:1FA17:0	0.393473574267331	0.207730961570978	0.267273996098666	0.668492401831243
HCER(24:0)	0.609471964929317	0.652905552068843	0.283574006032174	0.747704429937431
TAG53:6FA20:4	0.490314539953514	0.861834184468206	0.310766496634625	0.688713704020528
TAG54:3FA18:2	0.429620072293138	0.452185395521646	0.315785914022258	0.709402255115085
TAG48:5FA18:3	0.0984953481301663	0.307408713319016	0.328087397715484	0.687291610116181
TAG50:2FA14:1	0.184464396994317	0.125707834609532	0.268164328870011	0.658766549864811
TAG52:4FA22:1	0.333747403628132	0.166588613192288	0.282352257097296	0.754803715214248
TAG52:1FA16:0	0.700609860387907	0.776042653953134	0.30310728090656	0.690747615999061
TAG54:4FA16:1	0.678967186815333	0.544682371774625	0.291810945291346	0.751712632304667
TAG48:4FA12:0	0.170161098951735	0.495955367959195	0.323546122369498	0.705320103291645
TAG58:7FA16:0	0.774372166899396	0.46270131982862	0.295575337845616	0.712212647487393
TAG51:2FA16:0	0.283493084686746	0.477555371561324	0.307613647853448	0.680901547210334
TAG56:6FA18:3	0.280711360801365	0.504612412415419	0.296779721869038	0.718157547747681
LCER(16:0)	0.538489718155448	0.66579147642658	0.349859026653617	0.724702641899124
TAG52:6FA18:2	0.121047086299914	0.0626497352301886	0.270311716230755	0.780787439905474
DCER(22:2)	0.813632412970783	0.713144677437822	0.342210662164314	0.642974729906915
DAG(18:0/18:3)	0.82741341818274	0.936961460962412	0.31213424666034	0.694676053560673
TAG48:2FA18:2	0.855512730482932	0.621156090520486	0.304957106194955	0.688312511396184
LPC(20:1)	0.344024119360003	0.16292049495411	0.24985236417077	0.685687821044185
TAG54:8FA20:5	0.163912599177545	0.341733653068985	0.342091315779205	0.761337850913017
FFA(22:0)	0.815609691665975	0.944738911076271	0.311264282086913	0.693569115837787
TAG53:1FA18:1	0.803107806617964	0.475434145096951	0.280900600592541	0.682842846811718
TAG55:6FA20:3	0.804476817638174	0.854439724500813	0.322691365828927	0.691262099661121
TAG51:4FA18:3	0.841633574695704	0.534841464020518	0.312199394415108	0.712997722013858
TAG58:10FA22:5	0.12895147176936	0.404526987535503	0.334063602158081	0.728607422649809
CE(20:0)	0.153316803270822	0.811063308092472	0.302807400263827	0.688528285156582
FFA(14:1)	0.625400525782625	0.895818770551611	0.326708436889438	0.695373857816179
TAG48:1FA16:1	0.270361713205063	0.681745859652064	0.306837737785053	0.703456140828359
TAG53:2FA18:0	0.455300953423534	0.299597789934957	0.293032623278751	0.683395524557202
TAG54:6FA18:2	0.0788613370854542	0.224850317428503	0.291471034431704	0.625394879078223
FFA(12:0)	0.584075120580688	0.897337474993662	0.310927113967153	0.710608822976016
TAG51:1FA18:0	0.24754590295688	0.115113608753007	0.252520923231763	0.672073287664983
DAG(18:1/22:6)	0.494057213309261	0.879064413752226	0.31261152032304	0.711329119681345
DAG(18:1/20:3)	0.436287319450077	0.424768451248374	0.301708842212278	0.670350469760681
CE(20:3)	0.195394626195812	0.128881728470169	0.546803891396499	0.684805521146296
TAG36:0FA12:0	0.35642946375203	0.641002376375333	0.310495696658108	0.716390363626126
TAG53:2FA18:2	0.9327540002447	0.583753015475183	0.303917453015613	0.693848164327113
TAG53:1FA16:0	0.647931871658515	0.992292468851007	0.314602769768401	0.693821697371724
DAG(16:0/18:3)	0.766809631220644	0.482906005067335	0.309923679887662	0.681311133368432
PC(18:2/22:6)	0.775933210447088	0.430755579281565	0.400770253681071	0.613455903039957
PC(16:0/20:5)	0.178962983275138	0.843667605130471	0.308779593589961	0.723685801435678
TAG47:2FA14:0	0.598133183325145	0.371418546434096	0.293318944374672	0.668913885944604
PE(18:0/22:6)	0.754702209367687	0.850321611481372	0.307261956277389	0.747619943588022
HCER(24:1)	0.541585539013223	0.417448395131081	0.257166656554463	0.743267245034972
PI(18:0/16:0)	0.64767143176724	0.520393547259892	0.268149618548989	0.632041617477425
TAG53:4FA18:2	0.737377978675406	0.916936367034203	0.311286654173619	0.697098855246098
TAG54:5FA16:1	0.893952459546516	0.696369446280009	0.307300855009341	0.717523722098439
PE(16:0/20:4)	0.500095773434322	0.828890888084045	0.303153312965416	0.725826937585016
TAG52:1FA18:0	0.677141537160759	0.69150614074009	0.29645642207768	0.692105707127575
PI(18:1/18:1)	0.328827206098596	0.148024015987953	0.436075817531428	0.849497629394077
TAG54:5FA20:4	0.467036538209346	0.758300379339389	0.299574330587578	0.698849646420211
DAG(18:1/18:2)	0.775624086704988	0.599031799130288	0.29843953390351	0.716343106777258
TAG56:8FA18:2	0.25107743806499	0.479620556179827	0.320305315047271	0.735604548018542
TAG56:8FA18:1	0.12790621518637	0.380978856290176	0.343658029580139	0.760146795457883
TAG46:1FA16:1	0.277496023795347	0.462361950130374	0.298040625699473	0.689957599274262
TAG53:5FA18:3	0.433823959576272	0.294358289857526	0.290938489421481	0.722369813854077
DAG(18:0/18:1)	0.90501773009228	0.91270214777644	0.310784316801087	0.68914093276361
TAG42:1FA14:0	0.732251479220709	0.406109051505572	0.273743900077192	0.668900478427555
DAG(16:0/18:0)	0.301180165200774	0.29852117218881	0.27468648565443	0.695385833722767
TAG46:2FA16:1	0.403749035567671	0.640787536772905	0.313690091917209	0.673681932402709
TAG56:7FA16:1	0.334362372420838	0.196259128787213	0.292289512733495	0.829786127604875
PC(18:0/22:5)	0.593146052348112	0.625973573876681	0.416452040172603	0.648575274711817
TAG47:1FA17:0	0.540463562206276	0.241067065731913	0.280315632860295	0.662905436323439
TAG49:0FA17:0	0.490396168196817	0.543087974242166	0.289575944863261	0.6988856236745
PC(18:0/22:4)	0.235402693095507	0.202172990396183	0.406946736022982	0.853132866072573
TAG54:8FA22:6	0.410133323967115	0.497191230247708	0.320002790221905	0.750163267875294
LCER(20:0)	0.693570712183934	0.985617423262919	0.322023506536149	0.694234721254264
TAG44:1FA14:0	0.912983877198694	0.627281326482859	0.296635827207547	0.672622163482752
TAG50:3FA20:3	0.244915436166814	0.228358043130169	0.270751473731512	0.687056276459519
TAG54:5FA18:0	0.119590974360783	0.249487499295559	0.289371105702851	0.672578355116287
TAG48:1FA14:0	0.398978795667747	0.304530232529331	0.28032551478017	0.676872104419596
TAG40:0FA12:0	0.351609402546206	0.745712126451213	0.324159039969346	0.708042288595769
DAG(16:0/20:4)	0.219658799746488	0.169207987251225	0.29728295159663	0.725856133385828
TAG52:6FA16:1	0.194569272176583	0.059926634372565	0.248533810478318	0.800307804880716
TAG54:0FA16:0	0.23115251902409	0.0280135546470152	0.221062605837016	0.628168085560728
CE(22:1)	0.449317684024139	0.624906201095833	0.269125960290094	0.734778574486614
DAG(16:0/20:3)	0.23560416595079	0.220742722898436	0.306076911669104	0.696641450399933
TAG52:4FA20:3	0.347427499227854	0.714916709697225	0.306027811207926	0.689426022972272
TAG51:3FA16:1	0.429328479381273	0.978137119698738	0.314040572043104	0.697180139707745
TAG52:3FA20:0	0.65667217719927	0.455675192874526	0.311354828662101	0.710839313106867
TAG47:1FA18:1	0.381737203667109	0.186623971534386	0.268269535504583	0.649135194782243
TAG53:3FA17:0	0.973253375199272	0.802420850525665	0.316874147589843	0.679546938597196
TAG54:7FA20:5	0.167522933678983	0.335829558513828	0.351962787667027	0.761272805417743
TAG56:6FA20:5	0.192891446360447	0.677113948354646	0.331003982927837	0.734457982901274
TAG50:0FA18:0	0.637391559150656	0.639506858878871	0.29048678938501	0.698577527039891
TAG50:4FA18:1	0.691409150714945	0.609310730947637	0.306166746432425	0.717548331172931
PE(18:1/22:5)	0.344529428349487	0.930026097346596	0.342164197385299	0.686815423800719
TAG46:2FA18:1	0.658040211489642	0.333744503964541	0.271738261138532	0.666813378191793
TAG47:1FA14:0	0.352633076750926	0.255899313410368	0.273895004689226	0.660006597757172
PC(18:0/18:1)	0.353413177485244	0.303752172385637	0.527308112793104	0.61052772767682
TAG50:0FA16:0	0.567004182447059	0.639917949550863	0.291652036658977	0.70420473913939
TAG54:6FA22:6	0.956181476809932	0.874658395884407	0.315555137343113	0.705823371567689
TAG56:7FA20:4	0.717732446661242	0.984356326024916	0.313610226903662	0.694537894172785
TAG52:4FA16:0	0.361792030017661	0.322983104684928	0.29786063428664	0.700536966861567
TAG42:1FA16:0	0.647650658069829	0.409096239708354	0.268171257375483	0.703367235822343
LPC(22:6)	0.0881295187161505	0.126099603388766	0.349906264543003	0.801786803573898
PI(18:0/20:2)	0.454740028674369	0.7414183688439	0.398909222487479	0.649384233323463
TAG52:2FA18:1	0.750691593032288	0.845303524518833	0.315658759732342	0.703198293668124
TAG52:3FA16:1	0.782483645404956	0.312942290226153	0.281607407692659	0.77627409849814
TAG51:3FA18:3	0.946847537338571	0.973680424221874	0.312633826573616	0.693872784478364
TAG52:7FA18:1	0.844089893123872	0.835724003326333	0.307129506243494	0.688349124300631
DAG(18:1/22:5)	0.662690028794583	0.660390190523885	0.310455428919241	0.724710795156932
TAG56:5FA20:2	0.280588434668089	0.519225481800827	0.292498044003759	0.756653959604751
TAG46:1FA18:0	0.617973553004957	0.176595862246659	0.241699591411774	0.679205025923305
TAG56:5FA20:4	0.678162865462497	0.89479802082412	0.318176883920432	0.700513215025788
TAG56:2FA20:0	0.729602833116458	0.888020229985845	0.318744041569804	0.697032610619094
DAG(18:0/18:2)	0.996454241724957	0.96007009779024	0.313696711707486	0.693273720092725
DAG(16:0/20:5)	0.785457476197353	0.367710042453391	0.29821633875906	0.665668169909151
PC(18:1/20:3)	0.127402949288369	0.150250004836835	0.62707836092869	0.640414502681373
DAG(14:1/16:0)	0.583775204003202	0.449405923506054	0.292455374366232	0.74596380179481
TAG48:5FA18:2	0.108372762246364	0.381390824579051	0.32759922982387	0.684359093410676
TAG54:3FA18:0	0.372792815502429	0.368617402191693	0.313972242144321	0.715383718301317
TAG49:3FA16:0	0.795457291862682	0.897086811794521	0.312513692779397	0.695098828170635
TAG49:3FA16:1	0.582047327767243	0.79208445088442	0.306098359607559	0.712320894900257
FFA(20:0)	0.353031127371321	0.880242301978197	0.308462323585919	0.705623071356237
PE(P18:1/18:1)	0.558762511462204	0.0972360605174181	0.547534520176437	0.545969333991827
TAG54:8FA20:4	0.491777170005779	0.859972182207463	0.31333681083933	0.697628740942232
CE(14:1)	0.116002389543488	0.0476927668963283	0.473219172687922	0.652888254917813
SM(20:1)	0.419475037468791	0.230770366092843	0.14426277396124	0.87923283580622
TAG51:0FA16:0	0.732399822906701	0.581812322899985	0.287929737097984	0.697766258766459
DCER(16:0)	0.0374038600444797	0.0739753022908382	0.444146883054529	0.624684716378489
TAG56:6FA18:0	0.376956511561832	0.665511163125589	0.320440792754706	0.719609276041273
TAG48:4FA18:1	0.191016341731141	0.493328524975085	0.332198258740049	0.710525377438854
TAG50:1FA16:0	0.444764406007022	0.683112660609932	0.301310452844206	0.704035699180606
TAG52:5FA14:0	0.515849616249135	0.516124435663641	0.29614256031048	0.675252932643551
PE(P16:0/18:2)	0.524489977592797	0.840046198069646	0.351260878979578	0.670811341048936
PE(P18:0/20:5)	0.424426006468414	0.549723696258862	0.326240621829357	0.615914498636886
CE(18:0)	0.329502941345401	0.293611929908646	0.444211819495373	0.665276217541343
PI(18:0/20:4)	0.899591809093688	0.756903599565478	0.293055848331306	0.70651922658808
TAG49:1FA14:0	0.335099145460873	0.173101575176947	0.272506036271885	0.653018862434274
PE(O16:0/20:4)	0.927636485146947	0.598224528997259	0.33282985708915	0.682721224067078
TAG53:3FA18:0	0.582239830416356	0.623076797642779	0.325715574432597	0.682970249545998
TAG56:5FA20:3	0.984200188797229	0.923010775879882	0.314133769468516	0.69933726724092
TAG48:0FA14:0	0.564483229645848	0.376238236659407	0.274239677641937	0.678386954415071
FFA(17:0)	0.149516583308417	0.365237207857236	0.360021469575821	0.693631541408552
TAG50:5FA20:5	0.981783809584903	0.577245364462974	0.288957798148308	0.672881027454216
PC(16:0/14:0)	0.1260608354119	0.0493702964849805	0.56418175105027	0.481162814126927
TAG48:2FA18:0	0.381010219245025	0.887766594971352	0.31893432364746	0.696913555440912
TAG50:5FA18:2	0.38772582871583	0.533852922097799	0.303906537111179	0.692100632799263
TAG52:7FA20:5	0.444048564107011	0.899266437111312	0.318552767394239	0.701867765176142
TAG48:1FA18:0	0.713992173039259	0.748914699619075	0.300656464114382	0.683071840605393
TAG56:6FA22:4	0.746290484132891	0.92536058447691	0.318395438826014	0.691092458488754
TAG52:2FA16:1	0.634265901816987	0.843082388368919	0.309964063085355	0.706839783892661
TAG49:0FA15:0	0.310718055279664	0.194084455502536	0.259128787696726	0.685255198107834
TAG46:1FA12:0	0.755915056346048	0.75868008882042	0.303054494415328	0.682257655675467
TAG51:3FA15:0	0.93881076627314	0.985348610758585	0.313135659573276	0.693516431840068
TAG54:7FA18:3	0.0394706849857457	0.170613912021684	0.290350597696026	0.621529838395734
TAG57:2FA18:1	0.137125468751391	0.388311469239839	0.342477145218739	0.770452415274935
PC(16:0/20:1)	0.238339375073227	0.35390567588601	0.350420495109111	0.640197669964027
TAG38:0FA12:0	0.416369107167807	0.670353639220254	0.311703968105789	0.714309700532685
TAG49:0FA18:0	0.431714400547006	0.248297893542748	0.261807570084846	0.678798189737828
TAG51:2FA16:1	0.261352435101151	0.62913897236732	0.31934281217994	0.667275954999248
TAG54:3FA18:1	0.246217121875324	0.179361944401045	0.343570485260095	0.750860869191482
TAG54:3FA20:3	0.442358575784306	0.676414897670881	0.298386634869913	0.687006348352498
TAG58:7FA18:0	0.30947901953601	0.549019601713067	0.319920375417437	0.750217485631336
DCER(24:1)	0.368873800718686	0.530978278080762	0.372544246245184	0.624439724327376
DAG(16:1/18:1)	0.681938740982286	0.886325140601004	0.310212065923848	0.702159159048471
LPE(20:1)	0.374015685397028	0.460184350312124	0.319684722848391	0.724103626486213
DAG(14:0/14:0)	0.509417400463841	0.303013280613675	0.270926408446167	0.658920338637354
TAG48:2FA14:1	0.116196163538525	0.272328002721634	0.290908832744468	0.678599768651912
TAG56:9FA18:3	0.295751647216105	0.264460983490816	0.315554897111146	0.744179447845737
PE(18:0/18:0)	0.560211161344983	0.987692696746886	0.323706266220926	0.69927962549663
TAG50:3FA16:1	0.684557472641066	0.483592859182451	0.288076054092056	0.725900976774167
TAG51:1FA18:1	0.284705963039069	0.249689946278482	0.27646174280404	0.676299770325472
TAG52:1FA18:1	0.720721619868508	0.85738968856879	0.307507212414675	0.690595754606018
PI(18:0/18:2)	0.892407097205527	0.820736627814335	0.366554672493775	0.709542403806052
TAG49:1FA15:0	0.281873317853074	0.230553003058219	0.271843512549391	0.682211172971121
PE(P18:1/20:4)	0.943867274139903	0.962097340618168	0.312606767467457	0.693984270743949
TAG51:0FA17:0	0.361812369273198	0.296358082251452	0.270890510694406	0.694599113562461
TAG48:3FA16:0	0.551019921914676	0.743509796678617	0.311074807200065	0.690525789812612
CE(12:0)	0.38835877555986	0.420811902330093	0.403171923000545	0.634840644153409
TAG53:1FA18:0	0.404676353827257	0.183711950076039	0.257994891489736	0.68855558861575
CE(18:1)	0.762214499075182	0.441284548003927	0.415025832276575	0.653660864417793
PE(P18:0/20:4)	0.850208555914577	0.621114850995277	0.293643650000475	0.724094715774813
TAG54:3FA18:3	0.879984151698839	0.380076910961163	0.304852961090411	0.661944355482966
TAG54:4FA18:1	0.134261791769073	0.105284638656844	0.319529254124838	0.724816693014479
TAG58:8FA20:4	0.307618369676827	0.284187057042471	0.274399930891765	0.699348104108296
PE(18:0/22:4)	0.512453130368689	0.853748433697032	0.309310974082838	0.692463524644055
TAG44:2FA18:1	0.756937539956782	0.332474599616542	0.254353803644797	0.699939346061733
PE(16:0/20:3)	0.0240321222623606	0.0619440250739983	0.608709484367317	0.512884141390304
TAG46:2FA14:0	0.739334228982535	0.517565993009259	0.300376187817595	0.672833649068649
PE(18:2/16:1)	0.376509983333179	0.863018902696346	0.339536229695178	0.676186284534621
TAG56:4FA16:0	0.424499413645512	0.633108266340883	0.2990106213776	0.690806477932215
DAG(18:1/20:4)	0.293641968621221	0.331063809084505	0.294794904726457	0.698678921035343
TAG52:3FA18:0	0.805263619231611	0.547056141998024	0.299969662616097	0.712021378795787
TAG58:10FA20:5	0.527306209048804	0.710021599066639	0.308707593170637	0.666935298339354
PC(18:0/18:3)	0.870409331312993	0.780180293636374	0.29478101438501	0.711897784147205
TAG55:7FA18:1	0.879491643449385	0.626490579007226	0.291719129747556	0.677153689294738
TAG60:11FA22:5	0.571584969211625	0.97897606978154	0.313452997682358	0.693196124030845
DAG(18:2/20:3)	0.433084166180367	0.351854452564762	0.31675065963453	0.67128493929457
TAG40:0FA16:0	0.368402704209623	0.809632770275097	0.326857135704868	0.70201031584041
TAG54:5FA16:0	0.702617620256672	0.969537593532693	0.312966461653866	0.69333331352338
TAG58:6FA22:4	0.968835108343432	0.704581078573643	0.331383048057934	0.696629191817206
TAG56:4FA18:2	0.350315132840301	0.48122608845826	0.314393626662035	0.707482653949532
PE(O16:0/22:5)	0.934579201135424	0.420051882551139	0.396804772158209	0.645771875125077
PE(O18:0/22:6)	0.39966483287261	0.870247074593897	0.306516165936576	0.728340924395328
SM(18:1)	0.934556212687968	0.642574808595439	0.267109307564097	0.751415423331329
TAG51:5FA18:3	0.334814436262702	0.22992966738679	0.299532479921579	0.726640181037326
TAG54:6FA22:5	0.845049799478559	0.792003159328064	0.31778993943264	0.701188267148802
TAG56:4FA18:0	0.997712342893737	0.908049599942716	0.313573324085135	0.703895538384671
TAG51:3FA18:1	0.990851210702436	0.939937520313768	0.313307600953718	0.689828175331037
LPC(18:0)	0.134809574903904	0.0232230520580818	0.123822590080856	0.690526134844277
FFA(20:5)	0.936827874316109	0.509268866525783	0.31652962345528	0.67112557281776
TAG54:6FA18:1	0.0292225502479935	0.0737788825508723	0.28971206067538	0.697836332171535
TAG52:6FA18:1	0.204536116874658	0.17760142900926	0.331401538968513	0.801272784448878
PC(18:2/20:2)	0.0412054394358978	0.058196252507204	0.12349700279149	0.913352550932625
PC(16:0/22:5)	0.341188206855983	0.458629200912277	0.243966685794792	0.79744101821085
TAG45:1FA15:0	0.496087135761358	0.31616923993281	0.286041788190033	0.662301468039518
TAG50:3FA18:3	0.836156425228419	0.616051595110903	0.314432717869579	0.678786000891503
TAG48:1FA12:0	0.53903317158004	0.925628694303813	0.31051845202244	0.690490474940233
TAG52:6FA20:5	0.794419442956636	0.978036139537201	0.315649251289715	0.695730747643526
TAG53:5FA20:4	0.271258830352267	0.473287388715811	0.294211772240096	0.681860336125196
CE(20:4)	0.520096321983866	0.842539369736441	0.30787440503027	0.688366090180485
CER(22:1)	0.207122008413868	0.704652234951286	0.389567130187787	0.647180300139519
MAG(18:0)	0.127910886193187	0.00683404957909683	0.281757748886246	0.84266038513598
TAG48:3FA18:3	0.89434046773846	0.949697125921332	0.311615073029489	0.693733651480542
FFA(18:0)	0.42924378925071	0.801874045116905	0.312393706792375	0.696293348844066
TAG52:4FA18:2	0.319584974752658	0.234056820163145	0.282882733200688	0.718953697256182
TAG42:1FA18:1	0.472054909646973	0.972492139315678	0.314126328822805	0.692944742867184
TAG60:10FA22:5	0.499972933840236	0.798186433672672	0.317703416704534	0.70659206485164
DCER(26:0)	0.579995041008415	0.499213164972767	0.315377590525405	0.715921161998391
LCER(18:0)	0.924651272437953	0.608713267476556	0.266740526353082	0.731269020608597
TAG42:0FA12:0	0.387382296453225	0.878882604452777	0.317653062336218	0.701554624983612
TAG51:3FA17:0	0.534959315173374	0.899566721142548	0.319844203945868	0.687451934194662
TAG52:6FA16:0	0.285653769816344	0.100642006023262	0.315423021849705	0.714237333055775
CE(22:4)	0.683883271623704	0.586614818498019	0.358806741617212	0.708340865957067
TAG48:4FA14:1	0.487422810622764	0.762242484900431	0.304429702529014	0.710165516400909
TAG50:3FA18:1	0.99754894816971	0.908721851001759	0.311716104426867	0.701257195190815
TAG53:4FA17:0	0.695045994438156	0.975179053661708	0.31430750879985	0.692983344441614
PC(16:0/20:4)	0.518096786028105	0.73739714108276	0.306190871503698	0.691402182893883
TAG44:1FA18:1	0.946211929524957	0.478393949759758	0.278473811787529	0.676305012439264
TAG48:0FA16:0	0.638543654600316	0.841831271790761	0.305667737933988	0.701986608408944
DAG(16:1/20:4)	0.203748298335419	0.420028669707073	0.30963660525646	0.699779422218041
PC(17:0/18:2)	0.406401732952506	0.752740626036123	0.404734787730445	0.652672338332458
TAG54:4FA18:2	0.146106401334826	0.143589446757824	0.305490610654564	0.710468687578626
TAG50:0FA14:0	0.638371800578869	0.214369552104998	0.251571137587239	0.653710954192591
TAG58:7FA20:4	0.593105946733009	0.459566905558179	0.295305163721374	0.665196800208702
TAG52:4FA18:3	0.358833147050701	0.148495676659659	0.308479358848112	0.713163201722426
FFA(16:1)	0.976363995655283	0.611910467913051	0.284707845181747	0.738275697123368
TAG51:3FA16:0	0.550403067520352	0.71351073962753	0.31333400040944	0.690384354401279
TAG50:4FA18:3	0.808116878982295	0.330062902549182	0.295302579789997	0.725058173950231
TAG54:4FA20:3	0.559248352171172	0.750700365489957	0.302565319447294	0.686261698494467
PE(O18:0/18:2)	0.778372875191953	0.876465093120432	0.359487461382909	0.679922559977425
PC(18:1/20:2)	0.624812296783553	0.958094259535875	0.347022303476252	0.691897188241947
TAG49:2FA18:1	0.37578267864247	0.496423557948838	0.308952674549574	0.654129903459157
PC(18:1/20:4)	0.887072397629716	0.790901150913305	0.331559159523133	0.701251686962173
TAG47:0FA14:0	0.61206109128729	0.46239922802294	0.283663307834464	0.679806857696953
TAG52:8FA18:2	0.992791216556504	0.949433742686099	0.312326969824851	0.693046450918371
FFA(22:6)	0.752149282708846	0.918348418657053	0.310000948978042	0.685823616765666
TAG47:2FA15:0	0.585365880067574	0.457396213451103	0.299660617601872	0.669715495867746
TAG48:2FA18:1	0.999641020664969	0.791765884300155	0.306583722857994	0.68059314912623
TAG55:4FA18:1	0.497971205840497	0.680571927150345	0.326087065938632	0.684615027462669
TAG52:3FA14:0	0.775344500275707	0.539818653175276	0.313747495142757	0.653439332575972
TAG46:2FA16:0	0.589799708217686	0.994288971395556	0.313589502021077	0.693722258107754
TAG54:4FA20:2	0.67630998297846	0.773293119830999	0.308459126528504	0.7180406679319
TAG48:4FA20:4	0.9624005104791	0.657391509738402	0.296333982751941	0.678472331633665
TAG56:3FA18:1	0.486678690772928	0.5928529841824	0.327854412235461	0.714768823583044
TAG54:7FA22:6	0.87909685655474	0.729590131340859	0.311785473432408	0.725654377650222
TAG49:3FA18:2	0.56520894779402	0.766311516459826	0.318885134398365	0.680029557760416
TAG52:3FA16:0	0.711344161538163	0.450507081443868	0.307675980378575	0.719981834427956
TAG54:8FA18:2	0.0528854651588414	0.170366793543068	0.305832871162352	0.671242520810296
TAG54:6FA18:3	0.0413927441939104	0.0973412896829842	0.280175665251633	0.674409306522901
TAG56:8FA22:6	0.273540840199572	0.507035908179123	0.32241101512856	0.749983360428201
TAG58:8FA18:1	0.0966128314578898	0.24649002954613	0.352500251806105	0.80290531578643
TAG55:7FA22:6	0.615347160403326	0.917737021111934	0.314293027146813	0.70893219630485
DAG(14:0/18:3)	0.733350040500073	0.730100504206641	0.310078527751508	0.702344253171406
PC(16:0/22:4)	0.742373664739518	0.641134671989977	0.339375130561282	0.721748045784371
TAG56:9FA20:4	0.97121574968896	0.865814200957372	0.313602485919196	0.692502763066859
TAG57:8FA22:6	0.278009908028504	0.54557952255844	0.317483577926608	0.745255908547337
TAG56:2FA18:0	0.963554838816977	0.831714445603481	0.306075301233718	0.688189193435758
PC(17:0/20:4)	0.201000166147161	0.926064484094387	0.311474067336356	0.699629873279601
LPC(20:2)	0.181761526663026	0.0858355840650177	0.219712491532446	0.621602928049153
TAG45:1FA18:1	0.564437182693202	0.285381228822365	0.270213470741475	0.666139361099651
TAG52:5FA20:4	0.267453448679583	0.667628012476102	0.299400198123244	0.702381735672274
PE(18:1/18:1)	0.428802965543972	0.498659319254219	0.321547359623316	0.702577510099792
PE(P18:1/22:6)	0.755901627887294	0.703205387087323	0.286183213320352	0.790219407477493
PI(16:0/20:4)	0.251976148048583	0.670223143778827	0.38431717890339	0.702138427582539
TAG49:3FA15:0	0.729204237355134	0.935721535717278	0.31212918544578	0.697748310943878
TAG51:2FA18:0	0.667448591041763	0.46482114961415	0.294361061084259	0.693403240396188
LPE(20:4)	0.917647226936785	0.863157907236332	0.31186392835826	0.674429228302413
TAG44:2FA12:0	0.533617463356344	0.883989858525904	0.309366909753451	0.689232463164563
TAG56:1FA16:0	0.32333550454177	0.252553958973798	0.264681380794442	0.674656322155024
MAG(15:0)	0.280339935430994	0.748555317184438	0.320509838371395	0.69835984680331
DAG(16:0/18:2)	0.831646542419873	0.69347151111375	0.308567444797505	0.688952978875823
HCER(20:0)	0.0760570761716292	0.112634862138802	0.181302422506903	0.822739826633245
LCER(24:0)	0.964587405918473	0.884739310238158	0.333706323295233	0.688922250873983
TAG49:0FA16:0	0.457923212663264	0.450769608420202	0.282239753336223	0.701317699051672
TAG50:3FA18:2	0.858402493997526	0.756946132499671	0.306330504089508	0.707791715012727
TAG55:7FA20:4	0.885934251298748	0.730170308626939	0.32717877651221	0.678537247781798
HCER(22:0)	0.397163603738965	0.504094984208773	0.267188290867707	0.737446570017449
TAG58:7FA22:5	0.228534866547459	0.323997007018268	0.34371299288653	0.760976852917484
FFA(22:2)	0.955934501365046	0.890362455046493	0.316398328239894	0.702535206837008
TAG44:1FA12:0	0.928030088975659	0.592224500727978	0.298120178496748	0.668723124604057
TAG46:0FA12:0	0.53867144401734	0.916695586920011	0.310316885087328	0.69009943293268
TAG52:6FA14:0	0.865110898283145	0.913788734994967	0.31117433311938	0.689108296458153
TAG51:2FA17:0	0.404145118219699	0.523602098058876	0.315133206372949	0.683559548752366
TAG56:3FA20:0	0.609735897953505	0.788316374527656	0.318623391437124	0.693252349609405
PE(P16:0/20:3)	0.111532836806653	0.0942832046172862	0.523828341271335	0.505674453645918
PI(18:1/20:4)	0.22692043887165	0.751751318023584	0.358072419968444	0.710297902573082
DAG(12:0/18:2)	0.435950316307843	0.755482650934478	0.320259819212957	0.695086284241301
TAG52:2FA16:0	0.865209897663391	0.792430082060162	0.315584545787402	0.703876587099639
TAG52:3FA20:1	0.990323913685512	0.829199766010022	0.314252774684427	0.682208979155495
PE(P16:0/22:6)	0.39670868042505	0.31729080792619	0.231567430057126	0.928566019272293
TAG56:5FA22:4	0.513491695399204	0.857587568068912	0.306555308276869	0.699208341149499
TAG56:9FA22:6	0.249472719202636	0.45744418539771	0.318745593212408	0.75252339728136
TAG55:7FA20:3	0.619884655488513	0.865021883552649	0.322508985837739	0.692431023164398
TAG50:5FA16:0	0.920591777935103	0.439039488217439	0.325322126692305	0.723870131243577
TAG56:3FA16:0	0.470771962444196	0.3907442359124	0.298842102646229	0.67616502806708
MAG(18:1)	0.419589253532972	0.749805058701675	0.321149947979109	0.730728341468708
PC(18:1/18:2)	0.749940287419156	0.733540485065848	0.419804708660671	0.678207152523963
TAG56:6FA22:5	0.432992464083524	0.528566466849591	0.326847849586974	0.728970802210834
TAG57:3FA18:2	0.126375281985955	0.417710804126532	0.329675117452886	0.748124801839406
LCER(18:1)	0.969662403624225	0.78801461973721	0.324793580279617	0.686885589249759
TAG52:8FA16:1	0.301926670954712	0.399557362551385	0.302268757981857	0.674446437344887
TAG58:8FA22:6	0.150367912336068	0.334494235822748	0.340631580631581	0.786590965365279
TAG50:3FA16:0	0.773448840275677	0.541610879338653	0.296295926470602	0.704365832829076
FFA(24:1)	0.243335404483013	0.445337760992828	0.292619839043433	0.70305437067611
TAG55:7FA15:0	0.573317161667433	0.951824659670917	0.314298260508246	0.690368857102061
DAG(16:1/18:3)	0.592496433927857	0.812166543148217	0.310218689488482	0.697151174475558
CER(20:0)	0.748232248983669	0.870161827128808	0.307517622367504	0.721775319510132
PC(18:2/20:5)	0.281069477772902	0.966613522903961	0.316484285283458	0.692322601841036
TAG52:5FA18:3	0.212359008465109	0.0811914304336065	0.278540696124145	0.691122920442808
TAG51:0FA18:0	0.463032893929088	0.288249977288194	0.262387727719961	0.693105485700926
TAG55:3FA18:2	0.350013405176516	0.770324283579016	0.321729981165415	0.686676084463853
TAG42:2FA18:2	0.301116459012227	0.828080629529564	0.326863490536276	0.697705931429989
PC(14:0/18:2)	0.730420903660213	0.544229701515017	0.474977590919406	0.623745999380414
TAG50:3FA14:0	0.875022543233346	0.980509064903799	0.313472133432675	0.693220879189141
TAG54:5FA20:2	0.410384257337815	0.445442868612659	0.289082711832559	0.75361946433761
FFA(20:3)	0.926791184012224	0.951838303660231	0.312097088879731	0.691039148580905
TAG56:6FA16:0	0.419420218455541	0.423850918336466	0.321826108758678	0.73706330463915
PI(16:0/18:1)	0.17181820650283	0.134799726116071	0.471992678409618	0.812062026281107
TAG52:3FA18:3	0.498393329557996	0.353792170952166	0.315076870946972	0.691519190910526
TAG58:10FA18:2	0.169234359156976	0.467854594098025	0.328133828227306	0.7415021020751
LPC(16:0)	0.0338788873524901	0.00821515214602299	0.184547874103131	0.646474966719859
TAG44:2FA16:1	0.440460818240381	0.453050063229385	0.300067012752314	0.673630391121351
TAG56:10FA18:2	0.340581533242159	0.744219763272998	0.322406915335667	0.688258516543706
TAG56:5FA18:0	0.625453463441647	0.780648155835224	0.318081550674565	0.711089522094108
DAG(14:0/20:0)	0.0281491845478473	0.000709210945535417	0.654502874612279	0.555446719952633
TAG52:1FA20:1	0.424462234587019	0.398530685165997	0.278934041245398	0.697000272531437
CE(14:0)	0.529573665108851	0.153845524007572	0.537411247065964	0.549692295093332
DAG(18:1/22:4)	0.975223238777381	0.696202438065294	0.306422546446823	0.682069694866798
PC(18:0/20:3)	0.0299814499618028	0.0453457242950704	0.739178992520621	0.571465024903938
TAG54:2FA18:0	0.611415790977414	0.657613541643702	0.32720341979733	0.705830607748714
TAG56:7FA22:5	0.332067921227905	0.452339539685492	0.317744921560968	0.727485351870414
PE(18:0/20:3)	0.144813554406253	0.312773309503075	0.496207035208115	0.589932873000105
TAG51:1FA15:0	0.342229725861593	0.148538398759311	0.249793777515839	0.662136550090656
TAG58:7FA18:1	0.140908297295897	0.140547217291799	0.338045559820094	0.838457974644473
PI(18:0/20:3)	0.284252324314747	0.255094099202732	0.593744851479242	0.555682477658041
TAG51:4FA18:1	0.564878393309184	0.364635461341709	0.304453241244618	0.719817338057655
TAG52:6FA18:3	0.126301308642183	0.0501977751964999	0.246398652580423	0.728605744632197
TAG44:2FA14:0	0.455026335955313	0.978179502052186	0.313059911879734	0.693145571036122
TAG50:5FA14:1	0.942641820407395	0.980698671464228	0.313289807644443	0.693882044045549
TAG54:2FA18:2	0.785289580555295	0.896413389295919	0.314264427503703	0.695551489359451
TAG48:2FA16:0	0.457935687705153	0.567891996029857	0.30523576337256	0.690293095685423
TAG56:6FA20:2	0.241658522694461	0.572637713225988	0.294250951046397	0.731750688709134
TAG56:5FA18:2	0.286608568631634	0.494218864733715	0.297752821884493	0.731459740592851
CER(16:0)	0.280905219074594	0.414561517529914	0.418789930146171	0.569860454962476
PC(18:2/18:3)	0.714090628758791	0.945221657052169	0.313688338392738	0.69519656219902
TAG49:2FA18:2	0.527979059165859	0.358824902101875	0.2984462331645	0.688529065284192
TAG54:3FA20:1	0.776382166894597	0.836895156737311	0.313899375334515	0.705215131654688
TAG44:0FA18:0	0.870283086606719	0.683663005575813	0.314257441999435	0.692181758410128
TAG54:1FA18:0	0.712888208213502	0.937332705578007	0.317648736480217	0.696364549166488
FFA(20:1)	0.509660083197223	0.697698838128587	0.324078387739114	0.722217399681057
TAG48:4FA14:0	0.919396803912961	0.699928319633181	0.305774289125587	0.720065014417612
TAG48:3FA16:1	0.549802482772268	0.854036066821057	0.307829609888843	0.707099572092213
TAG49:3FA18:3	0.948095761895473	0.946847472862724	0.313570137342386	0.693463889751933
SM(18:0)	0.649804553236413	0.596866239300035	0.262470306597283	0.759752935616437
PE(P18:0/18:2)	0.687132327939612	0.913755692560554	0.352310224270363	0.683482654542795
TAG53:2FA16:0	0.815735214700782	0.638829851532669	0.29574999363156	0.701880392668173
PC(18:1/18:3)	0.932504301805716	0.740542589963108	0.28761576274901	0.717924404866941
TAG53:4FA20:4	0.296655208568546	0.295919316061281	0.280823401799678	0.68899538828572
TAG46:3FA16:0	0.460763099765996	0.839836059510415	0.321294907475544	0.695588298378792
LPC(18:1)	0.228353017322877	0.110144099280321	0.268628936347285	0.594422117364717
TAG50:2FA18:1	0.408999333241771	0.742839722284185	0.313570059661362	0.68017056644326
PI(18:0/18:1)	0.277854143349439	0.132038576003779	0.454408882473505	0.860763181086243
TAG48:1FA18:1	0.473583262716119	0.356797436867914	0.282829000772505	0.673912744293988
TAG54:4FA18:0	0.167954061254859	0.278828381306418	0.294553078503719	0.690118204208964
TAG54:6FA16:1	0.546793796418313	0.901002734742623	0.312312622451465	0.700873773668434
TAG56:6FA20:4	0.812508031626007	0.910898947293254	0.31060643016502	0.692353564306555
PC(20:0/20:4)	0.360623283923154	0.51260874563558	0.29347949151098	0.721656694562075
TAG54:1FA20:0	0.345072316208893	0.174452702752566	0.260333254019368	0.657737587614005
TAG44:2FA18:2	0.580949308406675	0.732716464716585	0.299292689592164	0.692584969771608
PC(18:0/20:5)	0.330415637571911	0.980771108622685	0.313199695882143	0.700909086187499
TAG58:7FA22:6	0.31974660760252	0.5527334488486	0.322647521890878	0.756894923644672
TAG52:3FA22:1	0.544086643308518	0.433572464200754	0.305228722080079	0.723952499994106
CE(16:1)	0.146635458855313	0.113254824519018	0.582950553115754	0.622664555095086
TAG54:2FA20:1	0.866491670556905	0.847866176083766	0.306436689287406	0.686870400713709
TAG44:1FA16:0	0.485185005500956	0.246922246897598	0.257243503584806	0.681445495934059
DAG(16:0/16:1)	0.475678565773659	0.757187863703455	0.311823195886716	0.687154721918219
TAG46:3FA14:1	0.323874782880458	0.438940037387686	0.304314092699186	0.668072522417827
TAG52:6FA20:4	0.351803928606106	0.7186338763246	0.304662742814266	0.693599109076996
CE(16:0)	0.605350139074369	0.967829414244059	0.331121545960561	0.692319011568224
PE(P18:0/20:3)	0.329342475616566	0.406278581888081	0.44149467134927	0.574063107288795
DAG(12:0/16:0)	0.559597468233362	0.82250367641954	0.30211549033197	0.705011443461843
TAG45:0FA14:0	0.732217139070052	0.642131240683427	0.293456691932592	0.685149281432072
FFA(18:2)	0.374460928767354	0.323498700727754	0.263452718651817	0.7258281212199
LPE(16:0)	0.30133046241536	0.0318662368158992	0.181641563776128	0.783199878761676
CE(20:1)	0.192281321127686	0.536021614353339	0.274826194433696	0.677178184704409
DCER(22:0)	0.190614211533871	0.0782071448391872	0.416279787092882	0.601514007309371
PC(14:0/18:1)	0.207605442742598	0.222499697565985	0.53616652738527	0.544363245752992
PE(18:1/22:6)	0.547546678956008	0.253837604968998	0.202667156328086	0.99571189248245
TAG48:4FA16:0	0.812813057317959	0.811836697188373	0.314493960060703	0.699486278673784
TAG54:2FA16:0	0.774280409278126	0.720224759337519	0.300590042074009	0.681863148665503
TAG58:9FA18:2	0.103773113500913	0.313387498339979	0.330947634305393	0.769022372624265
TAG52:5FA16:0	0.203131142256721	0.149379036521132	0.296263232757368	0.674315287978646
FFA(15:0)	0.670102955474077	0.89132070782372	0.309472373636818	0.703138663408629
TAG52:5FA18:1	0.237440280173344	0.0732843321072369	0.260949793741879	0.83546952198519
TAG54:5FA18:1	0.0621221913504323	0.0966385850986395	0.298183228440422	0.684125793101969
FFA(24:0)	0.400071403979514	0.543468190364603	0.282443456631168	0.848264660557065
TAG54:5FA22:5	0.707856427275473	0.921515577561707	0.310787138792158	0.693983472418803
TAG58:8FA18:2	0.159692867876622	0.249386041062374	0.3223993394879	0.773541413150962
TAG44:0FA14:0	0.999315136864958	0.681236373885038	0.295872220774586	0.680986811080617
PE(P16:0/18:1)	0.885023126141905	0.530231675394528	0.38563388583278	0.620910770140122
CER(22:0)	0.308791685284556	0.114073702792047	0.44869947617705	0.49989639856474
TAG52:4FA18:1	0.32765543514879	0.121414048268856	0.262011543047677	0.792065868083885
TAG58:8FA20:3	0.404811606464203	0.301230807101231	0.296445471038003	0.658413333072481
PE(18:0/22:5)	0.883350312130563	0.320464112345238	0.227997385003132	0.830456213852683
TAG47:2FA18:1	0.373332235275948	0.245520663965015	0.279133125234444	0.643349271663208
CE(22:2)	0.331882074759393	0.998753310964076	0.313767458266431	0.69392992865254
TAG55:5FA18:2	0.570491064333901	0.921322227272592	0.311322856181934	0.688960564596753
TAG52:2FA14:0	0.511072291990575	0.192896381770983	0.282981973397624	0.632724784807132
FFA(22:4)	0.375642146273641	0.503950834851669	0.294668464284963	0.746795187356539
TAG54:1FA18:1	0.818408290669013	0.961532320038355	0.312187081058063	0.692500086619763
TAG40:0FA14:0	0.565938794595163	0.80337690364178	0.314714233004464	0.706164566611089
DAG(16:0/22:5)	0.738524798481084	0.678210242443113	0.311464179499027	0.703975976784046
DAG(18:0/22:6)	0.550796284197753	0.715459576243092	0.334828924102834	0.693289315785489
TAG47:1FA16:0	0.33447816177837	0.350112378240731	0.281715639612112	0.685164326349214
DAG(18:1/20:5)	0.32558931324162	0.848609652916639	0.317039073804307	0.7075539535813
TAG54:3FA16:1	0.817155327591189	0.703261471089127	0.303948977898459	0.729868623833793
MAG(16:0)	0.3849128100162	0.0667531392353198	0.368043651016017	0.794255333823112
PI(16:0/18:2)	0.399652673311649	0.550207688833829	0.411289761864308	0.735568903435604
CE(22:6)	0.349766830481922	0.668454419825591	0.289604563125813	0.769340931468042
TAG46:4FA18:2	0.532998265395678	0.639853596836893	0.295879220146061	0.726754812415125
CE(18:4)	0.937463941513287	0.747867730467704	0.356230928226603	0.673992279815931
TAG54:2FA20:0	0.826055585699884	0.673619108268747	0.30544792467523	0.690996005869833
TAG56:6FA20:3	0.878146054522786	0.945982744884108	0.312881160405594	0.696488069139138
DAG(18:2/22:4)	0.356798172224694	0.684049468265735	0.306339532352495	0.713336661134801
DCER(24:0)	0.284088879351424	0.166771441698465	0.399839865908445	0.534775864115836
TAG58:6FA16:0	0.666518442293541	0.658149596436414	0.296091861534553	0.735085043518819
PC(16:0/18:2)	0.483917572895423	0.94866447739605	0.365344194667051	0.690033441597691
TAG52:3FA18:2	0.727508809174965	0.493066402634268	0.307875990065085	0.717829287457386
TAG48:0FA18:0	0.929261017005237	0.49573942961201	0.280713809036119	0.676706241266165
TAG58:7FA18:2	0.480489415982988	0.535306490505931	0.310733525406428	0.728960084058354
TAG50:1FA16:1	0.259913537038188	0.704237731077128	0.308735628684668	0.692582151633524
LPE(16:1)	0.0880433724985317	0.471583081047484	0.345386557924468	0.708016051236053
TAG48:1FA14:1	0.152669940160151	0.184233595086381	0.262704965520417	0.693501437544372
TAG51:2FA18:2	0.525674093855295	0.455121882104818	0.30829866500133	0.69013920226034
TAG50:2FA16:0	0.593038867690342	0.964502647418948	0.313030994306744	0.693269404840993
LCER(14:0)	0.220659333777563	0.115310439320595	0.477436863369891	0.586653309545001
LPE(22:6)	0.725035940717756	0.775262065468707	0.307820346303606	0.723130302307599
PE(18:1/20:4)	0.661330600823267	0.103263312521938	0.17812761245609	0.899890652294499
TAG54:4FA22:4	0.357582246352325	0.557409651461003	0.285668821869057	0.726143621862268
PE(16:0/18:2)	0.716863443426255	0.959688446385844	0.319602654027669	0.699809396583444
TAG50:4FA18:2	0.437810515743663	0.506532932386869	0.295896216027669	0.720348450513892
HCER(16:0)	0.942101928079955	0.947599145633877	0.316201773819622	0.699674291287169
PE(16:0/22:5)	0.726934594498054	0.677433704473848	0.279929922684379	0.782330587422444
PE(O18:0/18:1)	0.82798442197837	0.925073890546155	0.332013925984528	0.688361504386018
TAG44:1FA14:1	0.314655552534856	0.374017360694208	0.280575530967375	0.68136124106615
TAG56:7FA20:5	0.109664261575851	0.360061344854349	0.355805155143794	0.763903920584928
TAG45:0FA16:0	0.614262512403716	0.461845531991121	0.279114237615306	0.686013072202479
TAG46:0FA16:0	0.831364049875523	0.675776312314573	0.293805760707433	0.694030081634665
SM(24:1)	0.201247004068235	0.468821551500806	0.457339014093912	0.624065205913549
TAG52:7FA22:6	0.571462754599678	0.583992989804096	0.32267081072997	0.731176050521999
CE(20:2)	0.456198336210288	0.249434407349709	0.533530771568039	0.673693954272214
TAG54:5FA20:5	0.463998102407088	0.952658985926899	0.317850423620073	0.698761834042925
TAG45:0FA15:0	0.625694898409487	0.560590881558376	0.289508160916509	0.687291670330815
TAG56:5FA22:5	0.686715197551108	0.677383004292458	0.324414276306925	0.712428910461451
PC(18:0/16:1)	0.138476891235538	0.327987872490542	0.453846297779396	0.639850747384668
TAG49:2FA16:0	0.383713396813752	0.416128320009713	0.302660450243507	0.690787719970757
CE(20:5)	0.214850701786052	0.949836373528918	0.315936695070412	0.690171479528365
HCER(22:1)	0.453874616456278	0.438524024723572	0.236229200580723	0.780545797219397
TAG49:1FA16:0	0.227950486701112	0.244686168878249	0.277263565189578	0.691056943457345
TAG56:5FA18:1	0.717762002671296	0.714258507537415	0.317455176997261	0.713407434832228
TAG53:4FA18:3	0.72140535431563	0.701963223903242	0.311672705406298	0.699181005907605
PC(20:0/18:1)	0.758421067467726	0.758753395568685	0.363173267085472	0.655984377603483
TAG54:1FA20:1	0.721803855299899	0.618303845320174	0.285897973643732	0.685821129020086
DAG(12:0/18:1)	0.526512678278775	0.864616273955422	0.307535181350762	0.689003555224233
PE(P18:0/22:5)	0.54149812946771	0.6254107408514	0.373478944429045	0.644849966009429
