chemID	simpleLRM_Fstatistics	multiLRM(chem_sig)	multiLRM(sex_sig)	multiLRM(age_sig)
TAG52:0FA20:0	0.125588793785489	0.0401285834417933	0.244673667362281	0.729329304863951
TAG58:6FA22:5	0.500241240677372	0.662315060103435	0.308051264726227	0.760621525286771
TAG50:1FA20:1	0.37816626964392	0.175362755286573	0.253179173210861	0.713701791902306
TAG54:6FA20:3	0.836267983698996	0.393344855324059	0.28654300184459	0.765938922407766
CE(24:0)	0.331721846640367	0.878065674471858	0.290785931575567	0.743855790996788
LCER(22:0)	0.781840334751537	0.988429267571588	0.306618122272312	0.734762992320984
TAG48:4FA16:1	0.552305990839909	0.595124281881262	0.279517397565277	0.76436457052757
TAG51:4FA16:0	0.767318143344338	0.895543805014659	0.296369697668582	0.733046285983919
PC(16:0/18:1)	0.67547939933864	0.491357163152971	0.392033937806495	0.662018529760147
TAG50:3FA14:1	0.264461146022946	0.316835736272247	0.293156257636868	0.70335668579247
CE(17:0)	0.821668526009155	0.233736229055623	0.383559266832263	0.667384614535973
TAG56:6FA22:6	0.710094993347371	0.753698959232395	0.298433592719315	0.764003361410708
PC(18:1/16:1)	0.417267357635398	0.789201009817231	0.378614933416378	0.703582035854265
TAG53:3FA16:0	0.791790376787779	0.781549294942854	0.292583393437901	0.738479517324821
TAG54:4FA20:4	0.438648126544626	0.790971451533295	0.286472087620672	0.737042863342083
DAG(14:0/20:4)	0.0786271119111928	0.0179658136709241	0.266037616863933	0.677238932864958
CE(18:2)	0.325983820997237	0.514224139430969	0.22779401396737	0.771415835237167
DAG(14:1/18:1)	0.944056943506958	0.992093859445998	0.299327091433607	0.734244732467119
DCER(20:0)	0.270225873101437	0.0983868125882311	0.231684327531238	0.884652298582895
LCER(20:1)	0.418624054727413	0.0809818508945287	0.5095056450094	0.589250827287531
TAG54:3FA16:0	0.996791393617244	0.999957378335375	0.297289634036369	0.734311807093278
TAG48:3FA14:0	0.70049690930505	0.984158320414508	0.297133817626315	0.734994272729359
TAG56:1FA18:1	0.397227117793395	0.199906261441536	0.249159194180045	0.697554899834962
TAG58:9FA18:1	0.136807578400855	0.328752874385934	0.321463253996617	0.820318267411644
PE(P18:1/22:4)	0.970529166384328	0.797296430244511	0.285972449139348	0.720080416057479
TAG54:4FA16:0	0.728280107684645	0.929695529412353	0.295686764490084	0.732103959129872
PC(18:2/16:1)	0.924124104792142	0.952658011746174	0.370865128758714	0.729959696110515
DAG(14:0/18:1)	0.589493929903684	0.347323897268991	0.270603264788806	0.706387762015958
TAG46:2FA14:1	0.117704407634834	0.311604079942202	0.280820811089178	0.71448192599704
TAG52:4FA20:0	0.424305026550785	0.332034448210351	0.283062000643519	0.732181268108293
PC(18:0/18:2)	0.885402643907131	0.531319032777555	0.523208597365897	0.670244361566621
PE(P16:0/22:4)	0.750780759063493	0.75265406526117	0.28145366204954	0.736703513117803
TAG50:4FA16:0	0.841661029543057	0.372629788603831	0.282074093560167	0.752980895482402
DAG(18:1/20:1)	0.792155700681462	0.922559582036821	0.296055361084451	0.728326074445799
LPC(15:0)	0.704767754874388	0.0911644636750561	0.176580174792397	0.854767394092743
TAG48:3FA18:2	0.754476266112635	0.950008756932286	0.297037954193238	0.736455004269413
TAG52:6FA22:6	0.701113858464572	0.80554700238622	0.29627092149072	0.719619064341261
TAG56:7FA18:3	0.476354852894208	0.526757321612996	0.291702669890018	0.743822303934803
PC(18:0/22:6)	0.875275104843384	0.951370995350976	0.301241339923861	0.755001308732146
SM(26:1)	0.544491525011037	0.664922676983315	0.353487260616417	0.693275094442149
TAG48:2FA14:0	0.485695868371891	0.558924248209309	0.293416033669652	0.727134919871686
TAG48:3FA18:1	0.460590729806315	0.841371978575431	0.300989478216522	0.741252742537039
DAG(16:1/18:2)	0.586145569520129	0.72329839728969	0.281003367871398	0.749972976784899
TAG53:6FA18:3	0.742973550986234	0.728649527942884	0.316733318161533	0.737782272220632
PC(16:0/12:0)	0.390409853218048	0.987958773487178	0.301846529912058	0.741306210782876
TAG51:5FA18:2	0.405259400343341	0.573692884662004	0.290650865253338	0.737021378971989
PE(P16:0/20:4)	0.921474777654873	0.932299696402582	0.295380565823002	0.739873466648707
TAG49:1FA16:1	0.201240783778502	0.507580133900456	0.289533154379812	0.735218947107618
TAG56:5FA20:1	0.0957796625989612	0.26246413250143	0.292290546245337	0.747363513585396
LPE(18:0)	0.928575210483791	0.253046962950506	0.187754257468961	0.786125820011512
FFA(20:4)	0.770781588061382	0.92548253879439	0.297695760343422	0.736758980941358
TAG46:1FA14:1	0.15423370912628	0.0893263191037497	0.165297615147874	0.762140486504166
TAG46:3FA14:0	0.689234096548019	0.625771603417884	0.290447157382176	0.722375247160919
PE(P18:1/22:5)	0.627905402341543	0.289429209284217	0.42714465053078	0.648688868997276
TAG50:1FA14:0	0.476960618866633	0.241582333313943	0.253726083896004	0.700485342437962
TAG56:8FA20:4	0.828713885790057	0.915325769427965	0.29810367371319	0.730614107242528
TAG56:4FA20:1	0.230416554846403	0.380960743048411	0.31020276171347	0.758385006920963
MAG(18:3)	0.406408215296831	0.499075659880067	0.424650360032138	0.684200033251242
PE(18:0/20:4)	0.984130901520117	0.332053127103244	0.225979047249711	0.840096825774696
TAG53:2FA18:1	0.570663511080675	0.441456732106905	0.283967646920364	0.702235489638028
TAG54:7FA22:5	0.708068655299314	0.574115590080931	0.304860218653212	0.753702707058377
TAG60:12FA22:6	0.499091040333702	0.985480821952377	0.297240143963189	0.736830640715741
PC(18:0/20:2)	0.484109785705686	0.274367290171333	0.567642330366841	0.672840035457193
LPC(18:2)	0.0585404693652092	0.124258685007823	0.282038552735233	0.503755176226566
PC(15:0/18:2)	0.718322247966653	0.18387814106126	0.591059899258811	0.560826530058347
DAG(18:1/18:1)	0.669027131336768	0.642157589054632	0.29536979533444	0.763844872391745
TAG56:4FA22:4	0.378004303911426	0.696119643883634	0.279598111768336	0.751069961193727
TAG56:9FA20:5	0.127314462128274	0.424179616473433	0.316642462503064	0.77807588301071
TAG49:2FA14:0	0.31211149911353	0.280413170086328	0.288045863958931	0.703642656575638
PC(16:0/18:3)	0.564740326459377	0.349589156553515	0.210895604415199	0.798573215367778
LPE(22:5)	0.938644443354569	0.965531476684403	0.298938190391371	0.737231932921673
TAG54:6FA20:5	0.268030050209302	0.431201594506288	0.336059018794516	0.787591708071867
TAG56:7FA22:6	0.399074323036733	0.535692205807478	0.304519680783339	0.789841453388768
TAG51:4FA16:1	0.720084464228595	0.524150879972327	0.268698567492677	0.788114093385355
TAG52:5FA20:5	0.768455412747949	0.949253685199057	0.299615904923982	0.735820677953307
SM(20:0)	0.105007676565644	0.426715333301172	0.211919269754904	0.807654777759245
TAG55:5FA20:4	0.396245261169316	0.34769327064376	0.264443031791196	0.710576642375339
TAG58:6FA20:4	0.952878959543181	0.790792410384756	0.290903892287455	0.719274477002916
PE(O18:0/20:4)	0.81194083284077	0.624852097626025	0.3106100001267	0.718058754508649
DAG(18:2/18:3)	0.429553303728253	0.267100420856012	0.279562858549112	0.726334292130304
TAG48:4FA18:3	0.392819237033266	0.425499928756049	0.306551594444687	0.758249895137209
TAG52:0FA16:0	0.628510045709583	0.508950921906805	0.265554958110248	0.730366195337019
TAG58:9FA22:5	0.141467034719329	0.29331388827314	0.317793807169918	0.768644351764717
TAG58:9FA22:6	0.121914541115567	0.317709805239656	0.321883113782462	0.823987698232277
PE(P18:1/16:0)	0.782936364441735	0.666661964277241	0.329145412407578	0.687475905946216
DAG(14:0/18:2)	0.58954068328696	0.423546288432683	0.292267248978002	0.733036164473967
TAG54:0FA18:0	0.715439023549387	0.927002799957447	0.294707938047632	0.730489254013896
TAG56:2FA16:0	0.25506174020995	0.222152767226806	0.257308477554344	0.735313078904544
TAG56:8FA22:5	0.319427510142394	0.371734600965775	0.296159052344237	0.784015207162306
PC(16:0/20:2)	0.990495152825431	0.601179948970288	0.389928227116932	0.676608165533217
PC(15:0/18:1)	0.52343551451152	0.250116671084763	0.526604122471149	0.548754612045242
TAG56:7FA18:2	0.437124857185554	0.587323743437463	0.294507739873242	0.754289446541643
LPE(18:1)	0.981424105704556	0.926491358335108	0.295832497496103	0.756027601193704
TAG50:2FA16:1	0.219856243820098	0.866267503489298	0.299060043232995	0.732363076982124
PC(17:0/18:1)	0.755044976212474	0.0619463967276573	0.515207302500595	0.451850212922739
DAG(16:0/18:1)	0.581540508338331	0.641227424452891	0.29033123357949	0.733953509452669
LPC(22:5)	0.192281644575894	0.468749074174183	0.291873650160241	0.683530927902584
TAG46:0FA18:0	0.584938989630923	0.803801819592345	0.288036699916229	0.725308764599638
PE(18:0/20:5)	0.561919666736191	0.886817269360433	0.294773604830647	0.722622655967574
LPE(22:4)	0.436775607977456	0.386133100506731	0.289829425421472	0.865676194424599
TAG46:1FA18:1	0.988903226005493	0.538568558231195	0.276179822738353	0.71175068294567
TAG58:10FA20:4	0.345269408925608	0.276621519512699	0.300525678444381	0.70219663251827
DAG(14:0/16:1)	0.117442051660753	0.156227332413486	0.279674453695556	0.752781551955928
SM(24:0)	0.486864489060748	0.358517608399013	0.405590370089353	0.687799345612156
TAG53:6FA18:2	0.573189232392552	0.486154342964433	0.292055812380081	0.751197456795325
HCER(18:0)	0.0826027420738552	0.132914866953943	0.145350582906144	0.953546345019346
LPC(20:3)	0.912708652700409	0.927674626286648	0.29691369307816	0.726394713219566
TAG53:5FA18:2	0.305252296100512	0.39407028277088	0.301941303171459	0.722686602212055
TAG50:1FA18:0	0.285744872609237	0.295978521934712	0.262654228931295	0.729039042196917
TAG52:5FA20:3	0.479362077028424	0.754664367805404	0.298105310453765	0.72059029180947
PE(P16:0/22:5)	0.806869769970166	0.987709673901747	0.30966348340792	0.733551327051846
TAG44:0FA12:0	0.589167525154285	0.899146660060429	0.293526561862999	0.729862365533401
TAG55:6FA18:1	0.467438968706664	0.741010631004408	0.309203804986813	0.743427420756097
PC(20:0/18:2)	0.433768522366952	0.97204010000175	0.320346322866159	0.739608744119687
PE(P18:0/18:1)	0.585633634335362	0.30950616209837	0.416122080136803	0.629659237210707
MAG(18:2)	0.573666947861245	0.739034283072949	0.288698999010257	0.710104269589547
TAG52:5FA18:2	0.187055058512192	0.129543175606548	0.248473681874616	0.763599472504252
SM(16:0)	0.988959877846258	0.855414605223286	0.35079830809878	0.709619345496403
TAG49:1FA18:1	0.177882377960705	0.123697446764217	0.252192155637205	0.709843737667248
FFA(14:0)	0.5765368317852	0.750999653138037	0.287985086178257	0.769877690046915
TAG56:4FA20:4	0.963982561627066	0.988066792238933	0.298959911765203	0.735206387619868
TAG46:2FA18:2	0.623399236159369	0.852153215126553	0.2923368392582	0.729831265119298
FFA(16:0)	0.548684958506953	0.704029964251628	0.286140940472857	0.750558581186265
TAG52:5FA22:5	0.963839415611794	0.872072619863063	0.298486785768409	0.732679556806527
PE(P18:1/20:3)	0.154159638311269	0.142794051714552	0.456938926361612	0.651526921813073
TAG56:8FA18:3	0.607350794949022	0.374375489306692	0.285445993122371	0.751633356463805
TAG46:3FA16:1	0.906239656328021	0.905728383603849	0.29551276390316	0.740221777870813
TAG50:1FA18:1	0.360010809483066	0.607885559357238	0.284717382626663	0.74661439937792
TAG44:0FA16:0	0.66769884101321	0.841796484886764	0.289848863796861	0.728938543488916
CE(22:5)	0.821793012991212	0.865127562070647	0.292783825169522	0.746428864213025
TAG49:2FA16:1	0.221738631582375	0.622788314862367	0.299572932638568	0.716749494872565
TAG53:4FA18:1	0.925378978698268	0.647124678547045	0.292552536837498	0.707096146572256
TAG52:3FA20:3	0.262335414817125	0.522636052678184	0.282968755324501	0.751757111213249
TAG49:1FA17:0	0.185607304853667	0.178922742766315	0.264203780555233	0.725478491713213
TAG56:7FA18:1	0.253013200331479	0.289323460930004	0.318325175364616	0.813774189476904
TAG50:2FA18:0	0.504373895484147	0.32405346576356	0.280257514256006	0.731125897901544
TAG44:2FA16:0	0.626616190643782	0.334050042741987	0.249808238902083	0.768029863339253
TAG44:3FA18:2	0.972103216031352	0.548157998472707	0.270639607469967	0.764855596229605
TAG47:0FA15:0	0.391042617554442	0.473132288779867	0.26930482469107	0.742770900132491
TAG54:7FA16:1	0.793564581361063	0.587864070648784	0.293383459145377	0.772871916529586
TAG52:3FA20:2	0.51645968607873	0.782781093594487	0.300097598541261	0.722739214824688
TAG52:5FA16:1	0.265405450781557	0.14316318696414	0.246786554277167	0.812864097027431
TAG51:2FA15:0	0.543254752935199	0.476566130623055	0.281214342269815	0.698333038594904
TAG54:7FA20:4	0.639957757579377	0.571224024653203	0.302992386010099	0.730520761094621
PE(P18:1/18:2)	0.908273655148175	0.341681882189217	0.461704680228942	0.642095838269264
TAG52:1FA16:1	0.273918315299496	0.403278965580946	0.28783056880409	0.711564021011324
TAG47:1FA15:0	0.245392813108105	0.257607939455545	0.265360142287816	0.711123282936197
TAG50:5FA14:0	0.315786694382697	0.459330038312486	0.29128752042892	0.736172469653994
TAG55:1FA16:0	0.303000510406272	0.451049619095177	0.307803285092645	0.790522805184766
TAG56:3FA18:0	0.849069083620512	0.805848208843623	0.295603671357396	0.718807433530637
TAG50:2FA14:0	0.664743925234763	0.602313608099671	0.292752433234869	0.706020859758383
TAG56:2FA18:1	0.920451031413339	0.857684628447589	0.29099801612142	0.730493541235002
TAG51:3FA18:2	0.680289468095195	0.787542681516274	0.298820936821625	0.72405926464757
PC(16:0/16:1)	0.0939620846411659	0.14525414644532	0.455839620072501	0.642042518180487
TAG51:1FA16:0	0.201707805910231	0.219422453460634	0.258747654899336	0.747434934871202
TAG52:3FA18:1	0.836592816270571	0.438769188372776	0.287377089572894	0.763142721428813
TAG56:4FA18:1	0.441379362550007	0.510575203356466	0.297408192223434	0.780213290066377
TAG54:4FA20:1	0.40064178373315	0.354860255186303	0.27245090131612	0.790597164907279
TAG56:7FA18:0	0.170405729731909	0.50549820307517	0.319139475948907	0.783737974881363
TAG54:4FA18:3	0.145819095706016	0.169232900554807	0.281509993565186	0.737363576738648
TAG56:7FA20:3	0.744244864252851	0.938211243335832	0.296524532177416	0.733960009758014
PE(18:0/18:1)	0.352192725375997	0.621737488065374	0.322255053593316	0.736459063681594
TAG50:4FA14:1	0.668298123838103	0.789092641737245	0.299823405044733	0.7276932867486
TAG47:2FA18:2	0.550325584754843	0.251403046565315	0.270790461148016	0.720974487654281
TAG50:5FA18:1	0.651923823890177	0.415355063767953	0.292394472911352	0.770784315541137
TAG53:4FA18:0	0.904858204302451	0.413145309222971	0.280869539517601	0.749409935038144
PC(16:0/20:3)	0.0756838817690281	0.140812815240379	0.520690737529974	0.65868832422665
TAG56:6FA18:2	0.514653356369743	0.710179618906582	0.297362412454789	0.741019969819937
PC(14:0/20:4)	0.357730127970667	0.107260502692306	0.444339167001226	0.736356318586463
PC(18:1/22:5)	0.364463752112223	0.395034995437688	0.219267924958803	0.749678933555349
LCER(24:1)	0.695011309848116	0.891545306281898	0.29327865240935	0.73038876265339
DAG(15:0/18:1)	0.35520818206523	0.239146067057396	0.295578490502513	0.774854445251228
TAG45:1FA16:0	0.235967191744339	0.231795703566264	0.258162002393781	0.722502267673672
TAG56:4FA20:3	0.855999765940492	0.8366894143924	0.294981470744771	0.721553676769291
TAG60:10FA22:6	0.494470789283426	0.849330295104788	0.299205739736752	0.751513680596002
TAG54:5FA22:1	0.0948850760287958	0.157142480264249	0.278116246329379	0.695242144711249
PE(16:0/22:6)	0.759129866041181	0.511228884517912	0.237764915940494	0.910742332309966
LPE(18:2)	0.283230989477536	0.269898890961536	0.252738792909095	0.576384650553179
TAG54:6FA20:4	0.620512018149992	0.800143036122897	0.306155660186665	0.728841472901424
TAG54:2FA18:1	0.554610339554954	0.552749359230947	0.316480377334977	0.749098397003036
TAG56:8FA16:1	0.323954678501725	0.412417039743642	0.288005674639481	0.806683545969299
TAG58:9FA20:4	0.214101302094019	0.243010027943336	0.275942552742491	0.737884409871397
PE(16:0/18:1)	0.0906307986718338	0.341702434408034	0.361815496948396	0.696008601642048
DAG(16:1/16:1)	0.528215008513534	0.605526657078663	0.296610476014971	0.751290987521924
PC(18:1/22:6)	0.789090915039297	0.55141014127425	0.373039490193908	0.64417428135707
TAG52:4FA20:2	0.763550511199446	0.680894853450909	0.285142620821192	0.766854236168485
TAG42:0FA16:0	0.738456579279038	0.749500300967645	0.283796509829713	0.726842952763641
TAG52:2FA20:1	0.343579474129183	0.384008051516521	0.287570524744949	0.70323017707473
TAG52:4FA16:1	0.411773657472124	0.174446860867633	0.246791673237095	0.833988419925293
TAG58:8FA22:5	0.158016978651118	0.26169106714448	0.320695864958424	0.784935405876767
TAG56:8FA16:0	0.345994037859799	0.539759761610896	0.305840733959764	0.776597091960819
FFA(20:2)	0.334238842872275	0.57835974987782	0.326935485021335	0.772868602457527
TAG46:3FA18:1	0.918420933245446	0.325718612958195	0.244222868171494	0.767441585379075
TAG50:4FA20:4	0.291339946606702	0.34995642158927	0.265794721006329	0.745787999761574
TAG53:2FA17:0	0.565067680420203	0.412446374481709	0.290243605427794	0.692784153955226
PE(18:1/18:2)	0.822894961402413	0.57397460337575	0.367618429174469	0.725003893870589
TAG51:1FA17:0	0.177877808359444	0.185610528045325	0.260132383648564	0.736458010591615
TAG54:2FA20:2	0.743294826526942	0.836833034884335	0.292530025743804	0.72601842817548
TAG56:6FA18:1	0.658651772633414	0.725141200570082	0.303021812666923	0.753513230907322
FFA(22:1)	0.417499954577803	0.883954641260691	0.294418551413025	0.725223350179074
LPC(16:1)	0.362908648853018	0.957364019120385	0.303163236444935	0.734207940058072
PC(14:0/20:3)	0.0850466510528921	0.22632809417837	0.482368838283952	0.689969989450459
TAG48:3FA12:0	0.453143484629807	0.895358337872758	0.299385917769785	0.738944483620576
TAG54:6FA16:0	0.882748230229854	0.550107322374173	0.318327607437824	0.746272272306717
TAG46:0FA14:0	0.509844998460089	0.519642122897894	0.271337901077036	0.73820131553459
FFA(22:5)	0.702716117512191	0.800725922052951	0.290581668711565	0.718716173329594
TAG56:2FA20:1	0.80550304407959	0.958675532438608	0.296394958368742	0.73244199617696
TAG58:5FA18:1	0.979624041873531	0.899774983670879	0.297933785046205	0.73941214662328
TAG50:4FA20:3	0.461318593049217	0.50973810546133	0.285144416260849	0.708599563081018
TAG52:1FA20:0	0.0967126902715033	0.0331921707705811	0.26321507837134	0.659915868204046
PE(O18:0/22:5)	0.926788339544365	0.634646228342325	0.337561357655646	0.718794764238678
TAG53:7FA18:3	0.281662865754591	0.506686031082505	0.315530888332905	0.732070514478025
TAG50:3FA18:0	0.711898217575268	0.427229205142196	0.287277549208657	0.742656742182153
TAG46:3FA18:3	0.361072262398274	0.828385791812021	0.304644611582896	0.737215676374463
TAG54:7FA18:1	0.0781138053775739	0.153390148280759	0.296987334482288	0.759087569008349
TAG55:4FA18:2	0.489662259827242	0.865164524396514	0.297386818708973	0.725926187438262
PE(P18:0/22:6)	0.901430481824739	0.856281925668713	0.292111683515946	0.797661374446498
FFA(18:1)	0.864925210914576	0.635607882057253	0.282638484854883	0.765248588642844
TAG50:5FA20:4	0.38507100485966	0.523950911908877	0.277268412932468	0.723883344472636
TAG53:3FA18:1	0.985458301456956	0.967368843468262	0.29769862581581	0.732257782060661
TAG50:5FA16:1	0.894098812728503	0.0850204536953845	0.22111095151555	0.86435288530068
TAG50:4FA16:1	0.911639150140269	0.138254982278558	0.22270077466085	0.840093641503598
TAG52:4FA20:4	0.315764860818476	0.612248719168209	0.281178421723544	0.754989068376578
PC(18:1/20:5)	0.255780601521025	0.94071734892396	0.295410437050479	0.745777039930533
DAG(18:2/20:4)	0.408856300408119	0.495274094173244	0.30045920816243	0.748100483218665
TAG54:7FA18:2	0.0520718676065306	0.24491112261274	0.278849737249234	0.668773735534183
TAG56:7FA22:4	0.806666512131175	0.504421780182613	0.310877282366559	0.734531052341671
DAG(18:2/22:6)	0.339076004240346	0.701061317143567	0.298390310915734	0.763608679327102
TAG49:2FA15:0	0.330558505460524	0.399847155714823	0.289792712085054	0.732856000581011
TAG46:3FA12:0	0.495265562053837	0.846856254669287	0.298288118217717	0.741853915982923
TAG47:0FA16:0	0.456752686027863	0.518152336937223	0.271676425062518	0.740385850950258
PC(18:2/18:2)	0.506199890789873	0.731199730860495	0.374439227786077	0.734793855865304
PC(18:2/20:3)	0.433500294469362	0.376881578198227	0.498323043982884	0.71501643395921
CE(15:0)	0.928075741411304	0.229090257531874	0.423575437451711	0.616164831944791
TAG54:1FA16:0	0.277419383520665	0.100483425376597	0.231502111472607	0.713037929639301
TAG49:2FA17:0	0.216917961615451	0.165506613451455	0.289072682686649	0.709313291087388
TAG54:8FA18:3	0.0391135711091762	0.146711466192652	0.275063673505665	0.634682110197904
DAG(16:1/18:0)	0.0879289837925953	0.254399806358088	0.288370059547525	0.732810455101725
PC(16:0/18:0)	0.53879699104841	0.473658385391852	0.454621830476805	0.675341049380637
TAG54:5FA18:3	0.0362643508984119	0.0298504038833942	0.263477475647107	0.764766099632122
LPE(20:3)	0.472065395868768	0.671757210224288	0.333677334407825	0.758145631042274
TAG55:1FA18:1	0.144571477051967	0.385612213567158	0.334516815108941	0.794428487990064
TAG55:2FA18:2	0.159731038356073	0.39309081872917	0.311662909503539	0.776162478299178
PC(18:0/20:4)	0.699230763435836	0.715580618663744	0.283230970126242	0.733786861668535
TAG54:5FA20:3	0.790583988929094	0.87011561279569	0.299716930808892	0.736386814993264
TAG56:3FA20:1	0.342543520495551	0.478758379484562	0.32126555033362	0.760183801934364
TAG48:3FA14:1	0.176036391617397	0.537550985309502	0.300158389250623	0.725842647214503
TAG56:8FA20:5	0.0949970822443044	0.306846601325684	0.329072957992649	0.802405376085969
DAG(14:0/16:0)	0.41420897761698	0.234892073918914	0.255180616872391	0.738772360235052
SM(26:0)	0.997775049116852	0.310816220318577	0.457267553271393	0.661374083819003
TAG51:4FA18:2	0.676213972007174	0.759472044920717	0.293171331258331	0.740301191985648
TAG56:7FA16:0	0.280078745167191	0.409321849861475	0.300365259441799	0.799869588995099
TAG48:4FA18:2	0.226251690926444	0.542556110698244	0.302980670724994	0.736163626930908
TAG50:5FA18:3	0.489881416476158	0.3635630784067	0.276132402678079	0.748107457783739
TAG53:0FA16:0	0.354961016874036	0.382851655829745	0.333934358016875	0.779716144433034
TAG44:1FA16:1	0.405249893195321	0.348866550001915	0.280912691095129	0.70042442464795
TAG60:11FA22:6	0.429813013432099	0.876037503934386	0.297969305383604	0.750998739828423
LPC(20:0)	0.0661594136928999	0.139723690291125	0.220611876617424	0.68304680026414
TAG52:4FA14:0	0.417499981401423	0.353575244839962	0.285467694677699	0.699387889828293
TAG53:6FA18:1	0.813600320823603	0.80830349718095	0.282758737356441	0.737440792078433
PI(18:1/18:2)	0.84058147082491	0.506411047654451	0.39222689377012	0.81429249415215
TAG52:4FA18:0	0.849178864257899	0.461232726246693	0.279319688237538	0.771074109165077
PE(18:1/20:3)	0.274346929974156	0.788851457701896	0.349617840590963	0.708658647641605
MAG(16:1)	0.529879250444714	0.738535044376443	0.305964311541118	0.718391195903675
SM(22:0)	0.895112589364709	0.707901874122443	0.392735234082997	0.712048053643111
TAG55:8FA20:4	0.775010198561442	0.168445513217673	0.332674175961424	0.653140704640508
TAG58:6FA18:1	0.778652514202021	0.69009943673326	0.30284025330172	0.758707093500885
TAG56:5FA16:0	0.620344587557371	0.924410450552062	0.295098384413414	0.73458033165581
DAG(18:2/20:5)	0.265405321681843	0.707910039849883	0.298296617788927	0.752879961572223
TAG58:2FA18:1	0.917792070784025	0.984824559173637	0.296108278238889	0.733578444233685
CE(22:0)	0.929167989564923	0.128815448813407	0.44206213067705	0.570302389574078
TAG54:5FA22:4	0.269738913508862	0.676535726873667	0.28178674002529	0.749112089796587
TAG58:3FA18:1	0.875917190644617	0.907818544788222	0.293554045548446	0.732188105874002
TAG56:3FA20:2	0.829125468086855	0.848416446054039	0.297922372898655	0.749853325530644
TAG52:2FA18:2	0.965309296315943	0.859412543353345	0.298178014256512	0.734190692515345
TAG53:4FA16:0	0.821672965639798	0.900115005127491	0.29520882314043	0.737058557421125
LCER(22:1)	0.593543734864614	0.805565642585881	0.339341543141702	0.734687026505787
LPC(20:4)	0.222782719221588	0.107270642974022	0.532756783249072	0.49313718199849
TAG48:2FA12:0	0.581565042944552	0.978613655333965	0.296586191978481	0.733069697343355
TAG58:7FA22:4	0.779037405222352	0.576184495546262	0.31567122768832	0.734851985285932
PC(18:0/18:0)	0.561132836816298	0.859119479816293	0.339394212108063	0.723648004454054
CE(18:3)	0.810799862882318	0.497184627157443	0.418558377249171	0.714874041817729
TAG51:4FA20:4	0.158848319284108	0.174519530345599	0.255143600315339	0.73907737635784
TAG56:4FA20:2	0.536825210172467	0.640323394354601	0.288679190269952	0.77662576194219
DAG(15:0/18:2)	0.397455657906486	0.580101276242429	0.324868431835646	0.764505263784104
TAG46:1FA16:0	0.862276042053998	0.577539713576137	0.278771804953105	0.720311112253474
DAG(16:0/16:0)	0.412743782941803	0.514438431840156	0.284310031710042	0.751069200248885
TAG54:5FA18:2	0.105408546766997	0.177077239245124	0.27854514199923	0.687096541161636
TAG42:1FA12:0	0.449160174979387	0.946853461598299	0.300759470653503	0.736842615651648
DAG(18:1/20:2)	0.519649047415231	0.289727792057484	0.315362441418464	0.652061544404545
TAG52:7FA16:0	0.684375652585828	0.624234702607589	0.277232164658903	0.738741957258971
TAG55:5FA18:1	0.62034514796009	0.81642775615357	0.299621144652255	0.73551855429647
TAG52:2FA20:0	0.615817189974857	0.436082762290238	0.287481555421279	0.716977229304534
TAG46:1FA14:0	0.301034175876686	0.323345838238063	0.270213202725127	0.714850562244923
DAG(16:1/20:2)	0.123164214130475	0.15763568708972	0.363175894799459	0.698746266192081
TAG53:5FA18:1	0.628444527823248	0.556102575133629	0.2979271289368	0.723958933394972
CER(18:0)	0.700793603221682	0.897364595092547	0.294037136986225	0.748938222857311
CE(24:1)	0.427579047705172	0.531140169479269	0.324788177578072	0.721619104247682
PC(18:2/20:4)	0.933566332222347	0.697370491176384	0.348089780457942	0.772008466172583
PC(16:0/16:0)	0.950362054078918	0.708764063912326	0.379186539897906	0.691738533708458
TAG50:6FA20:4	0.990346742683492	0.851917412244636	0.292645628899826	0.729753591330565
TAG52:2FA18:0	0.780547863782472	0.977615930228828	0.297140957986792	0.733546369173875
TAG55:2FA18:1	0.350730770673306	0.758183074813223	0.311164118823463	0.73870825779772
CER(24:1)	0.844696087095489	0.881205520358547	0.31637429962509	0.713692812869129
PE(18:0/18:2)	0.800168732132633	0.928150640938851	0.301030336307177	0.740797663680457
TAG52:0FA18:0	0.737007236378914	0.673128339741508	0.275319222977059	0.732020929276061
TAG50:4FA14:0	0.52159444034914	0.711606157385705	0.291504992587099	0.742068368413521
TAG52:2FA20:2	0.371771035547035	0.595218362885545	0.290549506997029	0.737947880875852
TAG58:6FA18:0	0.440603265499321	0.251337803411184	0.296122066653659	0.828057251405743
TAG55:6FA20:4	0.373613548067166	0.401056495761687	0.284033759369524	0.722076718985241
PE(P18:0/22:4)	0.992654304864631	0.582672663107949	0.276516015197883	0.728701736931082
TAG51:2FA18:1	0.367507013217224	0.464951700815706	0.285774418474359	0.698249255429338
TAG50:2FA18:2	0.648489624943805	0.924337219857389	0.297431956558809	0.736790613028278
TAG53:3FA18:2	0.878133167143331	0.711156551220073	0.301047680688764	0.720322971175295
CER(24:0)	0.481151473224038	0.0426507452827361	0.373889701494956	0.445983649964686
DCER(22:1)	0.974654117903391	0.856499919781345	0.298119180806363	0.731624010822937
TAG46:2FA12:0	0.628861884804361	0.943236120458632	0.295641768020847	0.731703533983755
SM(22:1)	0.795562663360541	0.888646399323494	0.311616444254696	0.754581969937349
TAG48:1FA16:0	0.206661283388827	0.322871644219202	0.272588564806964	0.747186135412085
TAG56:3FA18:2	0.9907995642031	0.882576752026427	0.294386661508811	0.734284496339103
DAG(18:2/22:5)	0.704906135314289	0.875093593899806	0.295333075638367	0.736365420521412
TAG57:9FA22:6	0.966004323837196	0.863848913218927	0.290844000585454	0.739591102695711
PC(18:1/18:1)	0.968676634973878	0.6584911894624	0.382919245294484	0.708612079495519
TAG52:4FA22:4	0.414399833674812	0.416394287300444	0.261806599768683	0.765023381949092
PI(16:0/20:3)	0.354427790455566	0.288186356684671	0.478603963749467	0.69911826239781
TAG50:2FA20:2	0.356149167669772	0.326369669643915	0.279054774793552	0.715536426735074
TAG58:10FA22:6	0.127850387378514	0.382901192902685	0.314203474510104	0.800838640565116
TAG54:4FA22:1	0.184624601082184	0.13265271519006	0.293621571525474	0.75322702149692
TAG42:0FA14:0	0.608676288721856	0.924027799240916	0.294709550728851	0.730017550159304
TAG47:0FA17:0	0.481117716773818	0.35139753951645	0.260370192092356	0.735758986158709
TAG48:2FA16:1	0.190659026707408	0.739605955071244	0.300889889691603	0.72943537742956
TAG54:3FA20:2	0.946539948240752	0.980961680878005	0.297554884291648	0.735674684762692
TAG42:1FA16:1	0.569873916832386	0.424780100063624	0.269589940929022	0.72073434885769
FFA(18:4)	0.245411591949608	0.255170608310301	0.408237211295783	0.730428876965027
DAG(16:0/22:6)	0.914442618062174	0.958574139377153	0.298868271633301	0.730987699820098
SM(14:0)	0.721028380005159	0.982625126715099	0.318337023625127	0.737089266681942
TAG47:1FA16:1	0.255391291963526	0.536895584723628	0.290952130950508	0.728914511505272
TAG51:4FA15:0	0.643678752461005	0.889802010974198	0.297227427009287	0.737483297737286
TAG47:2FA16:1	0.20228455390414	0.596308666240958	0.300670813240096	0.713867431600063
PC(16:0/22:6)	0.420480436833208	0.589671200723017	0.262717876870202	0.846266219836284
LPC(17:0)	0.251735607289109	0.380239948060572	0.256930757971861	0.764338728914326
TAG55:3FA18:1	0.551893292663028	0.88618752920669	0.304152130605893	0.732683067557172
TAG46:3FA18:2	0.985271154586764	0.533815008319008	0.279925702685387	0.734341962516365
TAG53:1FA17:0	0.339166677931254	0.188022577102341	0.252259760677699	0.716581192826967
HCER(24:0)	0.53866961716173	0.669885608839442	0.271100037212656	0.786872892777436
TAG53:6FA20:4	0.409668568205842	0.841740962599833	0.29470473648375	0.729432886162442
TAG54:3FA18:2	0.472272128666697	0.467185215827608	0.29895771803496	0.74349119722465
TAG48:5FA18:3	0.116349081387489	0.336308789264421	0.309477047024409	0.724497033645369
TAG50:2FA14:1	0.152041626715941	0.113555948355756	0.253853682604351	0.707899761858455
TAG52:4FA22:1	0.39377874864739	0.190929684448576	0.267672729922855	0.781252779068143
TAG52:1FA16:0	0.627854906000663	0.74949325899605	0.286406290616055	0.733038651703816
TAG54:4FA16:1	0.68841466625157	0.541180599190201	0.276621081532929	0.788605326274125
TAG48:4FA12:0	0.196510487453131	0.543258964094418	0.305334737062632	0.742442700970166
TAG58:7FA16:0	0.846320434456584	0.492650740947787	0.28088021514407	0.747730222185595
TAG51:2FA16:0	0.231083558680369	0.429933263369214	0.292150083632926	0.725479043569205
TAG56:6FA18:3	0.298339293029903	0.490108164898857	0.280549618098112	0.754354708604017
LCER(16:0)	0.913665707343778	0.903167576567167	0.309143367760122	0.739805831229297
TAG52:6FA18:2	0.161509464428218	0.0724429033383508	0.254619018769429	0.803342481447958
DCER(22:2)	0.646725153739208	0.632424462366242	0.334405602687164	0.667071347164359
DAG(18:0/18:3)	0.975500795177815	0.98477056802683	0.29694101375469	0.733757145067176
TAG48:2FA18:2	0.649979270721925	0.495986844423331	0.28837955557469	0.731724425475512
LPC(20:1)	0.339402973424403	0.19937175105169	0.241566894348257	0.722536306355301
TAG54:8FA20:5	0.204693160575985	0.365897262431427	0.321865098907964	0.793832682233216
FFA(22:0)	0.976138426362953	0.947737623418042	0.299191149730885	0.734285458003449
TAG53:1FA18:1	0.734833278295783	0.443224813469468	0.264404580296841	0.727196192739556
TAG55:6FA20:3	0.707754206196335	0.82368797277751	0.308548201706485	0.731670677729424
TAG51:4FA18:3	0.971130484875031	0.58946592693311	0.295366807848218	0.745722849829528
TAG58:10FA22:5	0.143049165419318	0.400564548323986	0.316564072033873	0.765625339558496
CE(20:0)	0.178597748371162	0.876209102661022	0.290877903002096	0.730136285676058
FFA(14:1)	0.733069188575542	0.966125934338117	0.304042938171928	0.73426909883537
TAG48:1FA16:1	0.208535272289077	0.623395855127899	0.290674789164007	0.749306762956427
TAG53:2FA18:0	0.383874057769731	0.263478864409812	0.277615858146908	0.730712323000212
TAG54:6FA18:2	0.0923151887506701	0.256847784312433	0.276560462606538	0.664106121185958
FFA(12:0)	0.472587383518595	0.802999535943659	0.293355253906183	0.764702929331322
TAG51:1FA18:0	0.199822625161689	0.099851548110632	0.238209671648337	0.722275203287107
DAG(18:1/22:6)	0.545033786771326	0.915555255063313	0.296874615852857	0.745733523939483
DAG(18:1/20:3)	0.416858946627917	0.427171293363714	0.286280984680544	0.716273537691212
CE(20:3)	0.154104970793861	0.111837979739047	0.538126130544981	0.730140605576322
TAG36:0FA12:0	0.35629827604763	0.643368018766882	0.294587691538154	0.756347814272561
TAG53:2FA18:2	0.813875648181901	0.518581020321742	0.287720468848528	0.739268699357103
TAG53:1FA16:0	0.70577236757417	0.951929559555428	0.295999870531298	0.734632184583924
DAG(16:0/18:3)	0.959947181740383	0.614311872964196	0.292856223661133	0.719545182167644
PC(18:2/22:6)	0.634900246359579	0.316954896701781	0.406881353542712	0.63101278709504
PC(16:0/20:5)	0.245431734345109	0.951482356769114	0.296131330829656	0.744718866101083
TAG47:2FA14:0	0.434389773377298	0.283765070353999	0.277137064339872	0.711154663608078
PE(18:0/22:6)	0.593239833348963	0.943937100284396	0.306234701912939	0.758687924537691
HCER(24:1)	0.326166414551798	0.315343177692485	0.233451367446058	0.814673593836747
PI(18:0/16:0)	0.741924203930298	0.5884201672612	0.261156140679654	0.679300261027171
TAG53:4FA18:2	0.792918606982562	0.957916300569136	0.296424117888159	0.735124302436632
TAG54:5FA16:1	0.84302405619077	0.699200075416722	0.291434559245118	0.7545823156247
PE(16:0/20:4)	0.537367810210502	0.783417705780957	0.282737141821385	0.77119897784394
TAG52:1FA18:0	0.59218300751051	0.654504349916886	0.279287567167179	0.735676743605597
PI(18:1/18:1)	0.244988591589187	0.0807375387836126	0.447448893605507	0.938720310852854
TAG54:5FA20:4	0.436790434397559	0.796889091865229	0.286686259146152	0.740145825511187
DAG(18:1/18:2)	0.84301494621964	0.622007677776667	0.283565364541212	0.749892217408914
TAG56:8FA18:2	0.282413097749579	0.481369350390515	0.303202519875572	0.772598914122226
TAG56:8FA18:1	0.14591454407296	0.393373512262972	0.324755682741579	0.794920879988568
TAG46:1FA16:1	0.203079822885047	0.402753477874419	0.282100732434438	0.735615286260533
TAG53:5FA18:3	0.501024631869994	0.31384531834023	0.275501878163281	0.752587854709298
DAG(18:0/18:1)	0.981179889543795	0.864296024133665	0.293747097473492	0.726960429890362
TAG42:1FA14:0	0.59668875929667	0.34287561388986	0.255671639230201	0.709516652109493
DAG(16:0/18:0)	0.216547915726856	0.251401081201717	0.25837875738799	0.747135716500795
TAG46:2FA16:1	0.330870862876315	0.594688729361954	0.298479296584018	0.714134930652606
TAG56:7FA16:1	0.34462960267446	0.177757439652905	0.276296485576969	0.868780071852411
PC(18:0/22:5)	0.427028366623353	0.466491485018597	0.44438492529973	0.667799032282793
TAG47:1FA17:0	0.452534083314213	0.207009783196936	0.264868575420367	0.706758249178105
TAG49:0FA17:0	0.362043088675441	0.45644722720839	0.270903701464698	0.745689635896851
PC(18:0/22:4)	0.218116742095537	0.152407824488094	0.40030706844279	0.909180300431754
TAG54:8FA22:6	0.481014523368781	0.542524217524669	0.302145319216772	0.781161930134852
LCER(20:0)	0.815005957204869	0.978003427456525	0.304387960853684	0.734662562980084
TAG44:1FA14:0	0.999973821223909	0.574920541246105	0.279378646970242	0.710858127602549
TAG50:3FA20:3	0.1652882631308	0.181584016436391	0.254867217912129	0.737338803638412
TAG54:5FA18:0	0.146315091225687	0.266347321983011	0.27359753272842	0.704817991890746
TAG48:1FA14:0	0.296609968106703	0.248572401126571	0.263899258854745	0.723439029256342
TAG40:0FA12:0	0.356573412666273	0.75625910363032	0.307237654187591	0.747518491064889
DAG(16:0/20:4)	0.156046994046609	0.14245841367515	0.284245117722201	0.781999750131981
TAG52:6FA16:1	0.231736339794878	0.0628369277984015	0.234368326251908	0.825183997677264
TAG54:0FA16:0	0.200452196870527	0.0236205076166653	0.208174107553228	0.67435886935909
CE(22:1)	0.519407825019414	0.738302446412664	0.272132556742313	0.760031310745406
DAG(16:0/20:3)	0.13893147822731	0.154755254435104	0.294004173035151	0.751734480997739
TAG52:4FA20:3	0.288629726351677	0.680327837204049	0.289827929584104	0.732320738888453
TAG51:3FA16:1	0.389412972290953	0.983914071612546	0.298394157990393	0.736111137159415
TAG52:3FA20:0	0.713773350791542	0.468603729242533	0.294872826280385	0.744607633288565
TAG47:1FA18:1	0.282391598687655	0.148122028031641	0.252776767187663	0.69347988201828
TAG53:3FA17:0	0.917228891652727	0.774008805166422	0.301457237567061	0.718753456868453
TAG54:7FA20:5	0.216625293629697	0.369884228549557	0.329851214608596	0.791858424918459
TAG56:6FA20:5	0.22153717621696	0.70189685692518	0.312545503638379	0.769519849741877
TAG50:0FA18:0	0.508689780360052	0.567728865610918	0.271173444049251	0.744304803211083
TAG50:4FA18:1	0.828128328609626	0.694357555215229	0.291238651261013	0.748731592441062
PE(18:1/22:5)	0.363485515386753	0.975529975118119	0.310437588933584	0.741647083796277
TAG46:2FA18:1	0.566218572829583	0.287125672639131	0.254716905678578	0.709112546869713
TAG47:1FA14:0	0.256751627757101	0.206349496641162	0.257681942181434	0.704121643548215
PC(18:0/18:1)	0.33298038365034	0.271161543846038	0.520147375164678	0.652258650990404
TAG50:0FA16:0	0.44591569848894	0.566423501126281	0.272476447995087	0.751526652475591
TAG54:6FA22:6	0.774140185471858	0.990263637718082	0.297661005525297	0.735343248764889
TAG56:7FA20:4	0.793868323025345	0.86699391304915	0.302212470366648	0.728602726798462
TAG52:4FA16:0	0.421755348797322	0.356386751433561	0.282273652808986	0.733613219302655
TAG42:1FA16:0	0.515041513027892	0.343195856211796	0.249262958071333	0.750201496005216
LPC(22:6)	0.0958679430496905	0.112197423711682	0.332618422567064	0.840263007665216
PI(18:0/20:2)	0.297788800163849	0.619693461872246	0.417668679505725	0.668344703849088
TAG52:2FA18:1	0.709643099653572	0.853286896377252	0.299376976155273	0.741054524227254
TAG52:3FA16:1	0.794882347323714	0.300435175764769	0.26634736393076	0.810907649014444
TAG51:3FA18:3	0.779062740986568	0.955110723813627	0.296728018552525	0.73410344357228
TAG52:7FA18:1	0.713673938693806	0.759188324268451	0.28872373161509	0.727951831193768
DAG(18:1/22:5)	0.681039233419277	0.645705046615705	0.294386754534873	0.762902354018477
TAG56:5FA20:2	0.248831030132229	0.488862461546153	0.276621602044192	0.800109247561855
TAG46:1FA18:0	0.541602671514036	0.156483782019289	0.226970705740051	0.725398544913243
TAG56:5FA20:4	0.629572060781601	0.778346052670218	0.306656265576698	0.746309441361221
TAG56:2FA20:0	0.745633619185064	0.895530217203545	0.302122516757694	0.736424142156883
DAG(18:0/18:2)	0.842965580322858	0.874858262828798	0.299297595549641	0.733858323202218
DAG(16:0/20:5)	0.894133446337433	0.315713245036634	0.282899469186081	0.705926398046527
PC(18:1/20:3)	0.102556882321447	0.118721552517561	0.633443757497837	0.683525345832007
DAG(14:1/16:0)	0.545420798249004	0.423159394556139	0.276597930581641	0.793310817248823
TAG48:5FA18:2	0.131018693844624	0.432167082226184	0.308491818471569	0.723100981137075
TAG54:3FA18:0	0.415974656287588	0.379588140832225	0.297073249803864	0.748141725375227
TAG49:3FA16:0	0.624207927521244	0.982695947258774	0.296763787016529	0.733803009874991
TAG49:3FA16:1	0.499385459306054	0.821811952262171	0.291474059754933	0.747719748383738
FFA(20:0)	0.47901751930057	0.771380083657871	0.286583808820295	0.756309068261049
PE(P18:1/18:1)	0.544227794236344	0.0655045672502131	0.550975538384263	0.578598290605693
TAG54:8FA20:4	0.409911066433934	0.847908932185581	0.297061494316445	0.736085531670384
CE(14:1)	0.112673469470054	0.0407221981913075	0.456965622990275	0.699334515916576
SM(20:1)	0.288275750983976	0.156784561099857	0.110964361276147	0.983105521730675
TAG51:0FA16:0	0.623711880460468	0.525183930519505	0.269869573153259	0.742869087602919
DCER(16:0)	0.0403841501578942	0.0493351314830543	0.433239536300277	0.64748279771486
TAG56:6FA18:0	0.385366273823716	0.601978693820493	0.305326326049353	0.762663408585863
TAG48:4FA18:1	0.220893003376362	0.537470317383938	0.312860408516945	0.746953323434391
TAG50:1FA16:0	0.341594721954394	0.605598782182426	0.283548898190354	0.751744290105852
TAG52:5FA14:0	0.377793023379788	0.426437785550002	0.278924656305288	0.718307250771506
PE(P16:0/18:2)	0.639121430314284	0.694580492204245	0.359950159079072	0.686110016117171
PE(P18:0/20:5)	0.536627336578282	0.452855932120075	0.314712748844403	0.636759274590453
CE(18:0)	0.315958218782294	0.23812661743481	0.440235329369556	0.705835259000693
PI(18:0/20:4)	0.89361715522004	0.812959859006854	0.284962060723975	0.743522119942408
TAG49:1FA14:0	0.253373129662277	0.139724900411	0.257286531755292	0.698763454763266
PE(O16:0/20:4)	0.97947003521108	0.471225515946751	0.323116238178419	0.721310660215903
TAG53:3FA18:0	0.53891852193917	0.534857654120685	0.312700228868147	0.720084956407689
TAG56:5FA20:3	0.978422859246853	0.884983662759499	0.298636814626441	0.740649281145374
TAG48:0FA14:0	0.444460259089223	0.31725229143942	0.25664515134552	0.722983092353296
FFA(17:0)	0.155163659206468	0.377415152669804	0.340838977940751	0.736626480067539
TAG50:5FA20:5	0.821265086946485	0.48831893586353	0.269410665965792	0.710784425861689
PC(16:0/14:0)	0.0946963050754807	0.03510028446876	0.563376727272838	0.510959550684961
TAG48:2FA18:0	0.414387399299365	0.926926178189644	0.300892103617131	0.735702028983796
TAG50:5FA18:2	0.523302399913397	0.655864402551946	0.289600640972292	0.729064104710345
TAG52:7FA20:5	0.534188725833891	0.973397407651144	0.299064258400188	0.736165433044635
TAG48:1FA18:0	0.758170063843403	0.717610940032683	0.283670069610538	0.722474515685999
TAG56:6FA22:4	0.738403835939135	0.878493886230011	0.304464661353678	0.728345545923971
TAG52:2FA16:1	0.579474212185324	0.852903995466727	0.2942528772125	0.744240501923027
TAG49:0FA15:0	0.231088825435098	0.161090245137494	0.243678760044197	0.734527939140997
TAG46:1FA12:0	0.811125098373227	0.717088710395415	0.285876468765468	0.720773620872148
TAG51:3FA15:0	0.973561078746395	0.923068543050614	0.296562137416684	0.729736424142467
TAG54:7FA18:3	0.0466098985252591	0.189222964543505	0.274733472792944	0.656185344945279
TAG57:2FA18:1	0.138858956683747	0.365280073916374	0.326607276938818	0.811173793586517
PC(16:0/20:1)	0.268135850331439	0.419799339652729	0.327196663358458	0.68870356124727
TAG38:0FA12:0	0.42114979093168	0.676052734982464	0.295711937794447	0.753894277668998
TAG49:0FA18:0	0.332285797618257	0.209507047999894	0.245797143860624	0.725343449444213
TAG51:2FA16:1	0.221869287334622	0.606792488246184	0.303929439270098	0.708899853054465
TAG54:3FA18:1	0.247912148669518	0.176586444967798	0.326734233410688	0.784452151768605
TAG54:3FA20:3	0.360506860775425	0.633359362382979	0.281344040796696	0.730450252128249
TAG58:7FA18:0	0.340521801187263	0.535497966218289	0.303284281680327	0.788912149559368
DCER(24:1)	0.32476165604922	0.445821335508326	0.36592559739275	0.646773925876645
DAG(16:1/18:1)	0.639127476851713	0.897393892235027	0.294650900064903	0.740418381651493
LPE(20:1)	0.36250508680845	0.415003438556084	0.303968050578856	0.774337867715669
DAG(14:0/14:0)	0.345603472107819	0.221294098105898	0.252424924655036	0.701103812403959
TAG48:2FA14:1	0.0867592551928524	0.241333791650927	0.275662199992765	0.726549914064389
TAG56:9FA18:3	0.376265050021769	0.266752244311228	0.29701191832405	0.774450639539288
PE(18:0/18:0)	0.714018355598669	0.828323572218729	0.327930205156558	0.703656410659658
TAG50:3FA16:1	0.615759357351325	0.499543527998816	0.273666545024679	0.759560160914282
TAG51:1FA18:1	0.216728515861801	0.208855562386	0.260581886916931	0.724637781455578
TAG52:1FA18:1	0.655643718333052	0.830934189728292	0.290626260209285	0.731676562328094
PI(18:0/18:2)	0.789739306637028	0.743132085956873	0.365877908053185	0.758935123191036
TAG49:1FA15:0	0.205884738361999	0.187794401690585	0.255921828271219	0.731371291557402
PE(P18:1/20:4)	0.930298161873846	0.932220685250276	0.301362091552226	0.733648200896305
TAG51:0FA17:0	0.284268212249561	0.253259641372535	0.254422846116764	0.742656476136222
TAG48:3FA16:0	0.409977356638457	0.647165672406054	0.295657290072539	0.73316764594004
CE(12:0)	0.347692505854692	0.385300035639169	0.391393840281129	0.67278552902573
TAG53:1FA18:0	0.353044711267004	0.167888519904971	0.24340496063137	0.737869179499575
CE(18:1)	0.786899776107262	0.386237641182179	0.406527777148237	0.691051542934065
PE(P18:0/20:4)	0.819792077550784	0.648800684610985	0.280455349937825	0.759383617653889
TAG54:3FA18:3	0.967418346352763	0.371014979096191	0.287896913794353	0.692292509956883
TAG54:4FA18:1	0.137396529008475	0.108431707037764	0.303217796317811	0.756326188550607
TAG58:8FA20:4	0.30120500699765	0.32786841285023	0.263306261809179	0.745022205390503
PE(18:0/22:4)	0.66286748742773	0.710186586624441	0.289797518451241	0.731699063246068
TAG44:2FA18:1	0.661765473618178	0.287265225408972	0.236581544803087	0.745745905887225
PE(16:0/20:3)	0.0267252436614498	0.0796460318012317	0.563246379294857	0.565877461443017
TAG46:2FA14:0	0.555586689186022	0.415293647678698	0.283892143349553	0.712904463380259
PE(18:2/16:1)	0.501709814864607	0.714787544318653	0.344327065698072	0.693314377723975
TAG56:4FA16:0	0.386015404050514	0.620072937065835	0.283263931548779	0.734098614800466
DAG(18:1/20:4)	0.277370719005042	0.335695336968241	0.279880361640158	0.746021389238766
TAG52:3FA18:0	0.907864847947165	0.567617354555616	0.284411354419968	0.745691136118064
TAG58:10FA20:5	0.599560320089139	0.684683529000396	0.293001339844675	0.705505695399285
PC(18:0/18:3)	0.741310274298604	0.860528218834475	0.294279339440785	0.743808695874326
TAG55:7FA18:1	0.972881240767018	0.571627507608938	0.273595344744454	0.717424593552097
TAG60:11FA22:5	0.60384988386913	0.997972173602657	0.297437983582827	0.734495320902801
DAG(18:2/20:3)	0.361085365867676	0.304404536892935	0.302338970334909	0.716748317045714
TAG40:0FA16:0	0.394759460375288	0.839546493646979	0.308338215411477	0.74058590225061
TAG54:5FA16:0	0.609546731692339	0.943341460281633	0.295890811371557	0.73348513269069
TAG58:6FA22:4	0.885812610060009	0.582264521972506	0.322957085914474	0.735947923288767
TAG56:4FA18:2	0.339007421628611	0.48416889268601	0.298623357354572	0.745055804485779
PE(O16:0/22:5)	0.89581149803888	0.395757689138601	0.382510859673956	0.685887035497184
PE(O18:0/22:6)	0.534189637602345	0.995854509619206	0.302127447119502	0.740400807105924
SM(18:1)	0.670159918212799	0.401964657981102	0.201643392107277	0.85612116681062
TAG51:5FA18:3	0.432921266738668	0.269942438345947	0.282879197282692	0.755005636775669
TAG54:6FA22:5	0.777047806240429	0.797396220949417	0.30122950055781	0.739069186772776
TAG56:4FA18:0	0.935088161868181	0.893577715671835	0.297508679444218	0.743895715782579
TAG51:3FA18:1	0.923584886360738	0.888346779424261	0.297575435069782	0.725905963450224
LPC(18:0)	0.262537735472362	0.0446368992249808	0.126717642168036	0.699944336331212
FFA(20:5)	0.972048120823254	0.504914073568734	0.301777115208021	0.710970914186847
TAG54:6FA18:1	0.0337369121003629	0.0805281014678729	0.273686478730248	0.726374223657564
TAG52:6FA18:1	0.255711019309411	0.189770342451277	0.311822779891616	0.826767618523317
PC(18:2/20:2)	0.0424111827087349	0.068923932094214	0.121078628749539	0.952685326087214
PC(16:0/22:5)	0.415805636211744	0.554006476458685	0.245605874600324	0.817573198798408
TAG45:1FA15:0	0.389654968343644	0.269808939994628	0.270363875857624	0.704817224636048
TAG50:3FA18:3	0.942439495577717	0.714223379738892	0.296682355065704	0.71930872115489
TAG48:1FA12:0	0.560831438105175	0.90459444542965	0.293655998146403	0.729577080388359
TAG52:6FA20:5	0.91414357957562	0.962689520199577	0.296736555997711	0.732166818711464
TAG53:5FA20:4	0.240225081274194	0.473753031193081	0.279443329674213	0.726523531189906
CE(20:4)	0.443820638039162	0.753025969858792	0.288758149391338	0.725459281866795
CER(22:1)	0.200557493518093	0.712007631196786	0.369577311704631	0.68720733215839
MAG(18:0)	0.201662529544564	0.0196380652649455	0.268363729372516	0.870798471177797
TAG48:3FA18:3	0.900209968069354	0.839721648356166	0.293432388119215	0.735561489013778
FFA(18:0)	0.406536162348256	0.745324411007508	0.296492687036534	0.737240501296139
TAG52:4FA18:2	0.36669713060316	0.255430730367638	0.268281310020652	0.750693015489316
TAG42:1FA18:1	0.507011736693621	0.932969051672764	0.295575817153394	0.731555638462463
TAG60:10FA22:5	0.474033842259354	0.694373071848461	0.303855061729711	0.75212407811799
DCER(26:0)	0.561105062955876	0.614748383627014	0.298792882939794	0.752822206693061
LCER(18:0)	0.710586190368462	0.573944493890998	0.247656070576455	0.783946038801423
TAG42:0FA12:0	0.406989998779421	0.902059273823963	0.300610645118583	0.740067001300585
TAG51:3FA17:0	0.442072921903001	0.85441745033427	0.306306478867251	0.725322407402133
TAG52:6FA16:0	0.396630892828641	0.115483923145179	0.295069088938654	0.737808200659071
CE(22:4)	0.818169722539697	0.720247243576678	0.326428565809299	0.740796328402916
TAG48:4FA14:1	0.388629999483907	0.797377276741654	0.289995031480354	0.745430867741361
TAG50:3FA18:1	0.878991303440279	0.992858405490554	0.297193590331555	0.734754548386387
TAG53:4FA17:0	0.784779097198559	0.907954750455115	0.300237942051068	0.730541117653111
PC(16:0/20:4)	0.438307406784346	0.638394102959555	0.288275548927722	0.729714439463711
TAG44:1FA18:1	0.968066500635817	0.42827577961253	0.260748293301688	0.716754645827338
TAG48:0FA16:0	0.508777247582417	0.749564412609381	0.285586159088815	0.749293337703725
DAG(16:1/20:4)	0.167883227675072	0.408736699407082	0.294595683694496	0.746444275790184
PC(17:0/18:2)	0.442829201895467	0.702074413185936	0.400111117776476	0.681670662949563
TAG54:4FA18:2	0.155427426961033	0.151091308092826	0.289453454754291	0.742073695677723
TAG50:0FA14:0	0.556363457235533	0.188028704640978	0.236093488239464	0.69741961532879
TAG58:7FA20:4	0.59294553198636	0.516234518946319	0.282136614567978	0.712101524847722
TAG52:4FA18:3	0.425776862458829	0.158355392770157	0.290741950224447	0.739078122487049
FFA(16:1)	0.841407759700204	0.536130601977631	0.264547023744307	0.788843342516511
TAG51:3FA16:0	0.500980855753217	0.692103985331074	0.297626555306243	0.733034671111898
TAG50:4FA18:3	0.948889952274197	0.366719106379038	0.279707612361135	0.754509015687333
TAG54:4FA20:3	0.511536633448198	0.747460691599329	0.286955997145933	0.728743851881201
PE(O18:0/18:2)	0.911456757642273	0.741380278811664	0.372466490053279	0.703102087866428
PC(18:1/20:2)	0.668304729664736	0.829325360208989	0.357787944694909	0.721991789510904
TAG49:2FA18:1	0.303971266331047	0.447769172965818	0.293657953136138	0.694736460062999
PC(18:1/20:4)	0.763060712910999	0.820466623962936	0.311863641992673	0.739522504828856
TAG47:0FA14:0	0.475301973083911	0.387626475663552	0.26552918064944	0.72221389291987
TAG52:8FA18:2	0.844049578584099	0.850820691892802	0.295450215324032	0.733103715486248
FFA(22:6)	0.788075422373469	0.888412568918172	0.292674880511102	0.721281800353281
TAG47:2FA15:0	0.430386256235996	0.370290643555134	0.283819710817645	0.7108140213176
TAG48:2FA18:1	0.933652608168283	0.751913730506153	0.28981308171813	0.719059460797991
TAG55:4FA18:1	0.483394425388531	0.675652589417697	0.309895996789189	0.723059925979077
TAG52:3FA14:0	0.695090746471939	0.488268023800133	0.298555587436356	0.691987199838446
TAG46:2FA16:0	0.665061279868414	0.927693822535078	0.294945592922521	0.731967798296777
TAG54:4FA20:2	0.744236201124152	0.823520885958902	0.293536745705135	0.751119381682314
TAG48:4FA20:4	0.916020777423252	0.589000902617358	0.278081784742655	0.717210511792515
TAG56:3FA18:1	0.47353319634923	0.584445552710382	0.311798826193773	0.753504336651263
TAG54:7FA22:6	0.973744989735537	0.769093635399256	0.295770695520245	0.758942163392859
TAG49:3FA18:2	0.4467562849246	0.677456092268472	0.305745238946249	0.7172240529898
TAG52:3FA16:0	0.76198163798123	0.463609138735846	0.29159367131641	0.753576185146265
TAG54:8FA18:2	0.0687397415370836	0.194462966550845	0.288283905878485	0.703445394673314
TAG54:6FA18:3	0.0465762034266375	0.103963919522827	0.264929162771758	0.704414130018153
TAG56:8FA22:6	0.316020466423313	0.536779926952378	0.304657246999324	0.783700191065704
TAG58:8FA18:1	0.0945371469682279	0.229119828675139	0.336694567745693	0.845084588758447
TAG55:7FA22:6	0.711243285942943	0.978690955483243	0.298126542323372	0.739199884093416
DAG(14:0/18:3)	0.464872363837053	0.578738741446396	0.295121813652926	0.755541940414291
PC(16:0/22:4)	0.702353421325387	0.529497333228465	0.331216524852152	0.770457646707982
TAG56:9FA20:4	0.957217480685822	0.845479552959383	0.297369625344927	0.73087191176841
TAG57:8FA22:6	0.313959931099055	0.573015912946069	0.300466624778612	0.779318553938734
TAG56:2FA18:0	0.929504866510532	0.82881466170155	0.290271686531182	0.72930015322759
PC(17:0/20:4)	0.21592969817903	0.983585815683749	0.296921423503636	0.735481706522239
LPC(20:2)	0.183848732378473	0.0984085926437933	0.210956047310007	0.657644407374098
TAG45:1FA18:1	0.466292633687721	0.24212943410359	0.253760887388858	0.708619617262174
TAG52:5FA20:4	0.220124597225474	0.650895459167254	0.283657286276909	0.746633064322812
PE(18:1/18:1)	0.411030469120052	0.46478278002328	0.305847200494941	0.748474892966274
PE(P18:1/22:6)	0.945761660580563	0.900401961295669	0.29670196712312	0.771111983525335
PI(16:0/20:4)	0.25529448311165	0.578845214626115	0.382833571576742	0.745274464988097
TAG49:3FA15:0	0.596636947393643	0.992063331250906	0.298048910338259	0.7336734363981
TAG51:2FA18:0	0.557134063728537	0.415966820068714	0.278331565448289	0.739885492161925
LPE(20:4)	0.970022666934154	0.808337160977985	0.295638035585466	0.701795595574384
TAG44:2FA12:0	0.593928780571264	0.824632149839167	0.291612859539179	0.727190798575191
TAG56:1FA16:0	0.31683472784685	0.248582421690825	0.250472807867882	0.717805587849114
MAG(15:0)	0.229143421355808	0.690726877286263	0.306471362265454	0.741610669313554
DAG(16:0/18:2)	0.979816381025846	0.812899759302001	0.293948768583559	0.728446056305905
HCER(20:0)	0.0480818536892945	0.111583864067224	0.173676716826696	0.880105169421971
LCER(24:0)	0.842464008673586	0.932985658390461	0.311116906724183	0.730743425630308
TAG49:0FA16:0	0.34222178176715	0.379263838173821	0.264217675787383	0.749292186345851
TAG50:3FA18:2	0.746586781534272	0.820325089143738	0.29233480050096	0.742126799963545
TAG55:7FA20:4	0.964905383308625	0.669084042032476	0.312623210656555	0.710674545837941
HCER(22:0)	0.329785984557473	0.548345836008769	0.258620905126411	0.77828976013041
TAG58:7FA22:5	0.199244110512709	0.265341152472586	0.331737655617484	0.807689460019096
FFA(22:2)	0.965013321604189	0.99983882215369	0.29765140812905	0.734662583487498
TAG44:1FA12:0	0.995596919767497	0.549510245599972	0.281541250294705	0.706981026495295
TAG46:0FA12:0	0.570335857663876	0.885748842196766	0.292914114330285	0.728703305698702
TAG52:6FA14:0	0.678675176325827	0.804166705594954	0.292609871741157	0.724239339161302
TAG51:2FA17:0	0.306162973436372	0.455553006828626	0.301033823007454	0.728179320109321
TAG56:3FA20:0	0.632886711791419	0.819502331036899	0.301465946109545	0.732504433649514
PE(P16:0/20:3)	0.129523788075364	0.093275938073314	0.496772704676259	0.545369702916259
PI(18:1/20:4)	0.2661106948668	0.645584303522685	0.355252254429717	0.753811851802008
DAG(12:0/18:2)	0.483090182398038	0.799305601273812	0.302390935339249	0.734097092396452
TAG52:2FA16:0	0.814290771891922	0.805480824349877	0.299209296879162	0.741056139833768
TAG52:3FA20:1	0.907821220455995	0.765176267933406	0.298929539173264	0.71902617934766
PE(P16:0/22:6)	0.472016413136195	0.389222906160121	0.22962449816286	0.931927124732851
TAG56:5FA22:4	0.504997109308009	0.89602620394128	0.293088564615526	0.738753821529453
TAG56:9FA22:6	0.281061787546386	0.469831454247497	0.3016561198968	0.788252480374323
TAG55:7FA20:3	0.698422534475381	0.930252652947672	0.30219793838903	0.732696447804688
TAG50:5FA16:0	0.875891320191498	0.510507138854732	0.305030490815299	0.754319418452021
TAG56:3FA16:0	0.405433757188644	0.35367507914703	0.283198499469518	0.721441397330459
MAG(18:1)	0.475880130854766	0.810366385203186	0.302661305015723	0.760395924044719
PC(18:1/18:2)	0.789293001707878	0.53328171272663	0.466042882133839	0.704318911171178
TAG56:6FA22:5	0.455752785348376	0.513212359389608	0.310490049306584	0.766446671148974
TAG57:3FA18:2	0.13180131952951	0.403839553419922	0.313101244851318	0.787966409392856
LCER(18:1)	0.995204938386963	0.772198130322995	0.308923462364495	0.725219169052602
TAG52:8FA16:1	0.242861805947641	0.368517177576	0.287113618795961	0.719964671786708
TAG58:8FA22:6	0.155773849055067	0.326480957539568	0.323795451326647	0.82601181522282
TAG50:3FA16:0	0.669577640431782	0.576559750634105	0.281804868338398	0.738804724754659
FFA(24:1)	0.323397219801899	0.569386233431548	0.281450244654776	0.741713099867164
TAG55:7FA15:0	0.648524494853108	0.881895675451672	0.298915809926464	0.720156300210505
DAG(16:1/18:3)	0.496633668484701	0.867147244545115	0.294925941916168	0.734917853818211
CER(20:0)	0.887200937074008	0.712147204649958	0.274444339757707	0.791942968789184
PC(18:2/20:5)	0.412564493302255	0.782975241833198	0.311558442760617	0.709055652558097
TAG52:5FA18:3	0.271451060931942	0.0913939617345605	0.26216131771377	0.715303084650934
TAG51:0FA18:0	0.383548874194189	0.25374721999565	0.246272032926789	0.739980992959494
TAG55:3FA18:2	0.373661769554299	0.799451698776739	0.304126071693851	0.726469075963687
TAG42:2FA18:2	0.341738451190299	0.888965835513041	0.306199155498226	0.736157450257066
PC(14:0/18:2)	0.558359014745658	0.378797887184163	0.523907835414448	0.634040306722609
TAG50:3FA14:0	0.987457107289462	0.874535122290745	0.299067772052769	0.726465713386664
TAG54:5FA20:2	0.45366549462052	0.464974756478078	0.27457564447795	0.786474375664401
FFA(20:3)	0.99872799092539	0.994256031681412	0.296283689812465	0.735112301534314
TAG56:6FA16:0	0.487048259890308	0.44217765968025	0.304016455080408	0.770117159379695
PI(16:0/18:1)	0.153950230160113	0.101986009281492	0.466909637607762	0.875604994300952
TAG52:3FA18:3	0.612083702643746	0.389564943806645	0.297014004118555	0.723016352522804
TAG58:10FA18:2	0.174667357355217	0.444478410130424	0.311978133045478	0.782255341338178
LPC(16:0)	0.0693658110208915	0.0149769003952219	0.176369279284564	0.66490748127902
TAG44:2FA16:1	0.349010975183881	0.402552049991824	0.284477806496098	0.716494105599164
TAG56:10FA18:2	0.375658064399804	0.79158532156956	0.304079754320283	0.728183423316079
TAG56:5FA18:0	0.621742714550548	0.708188679528837	0.303451722554914	0.754588003800578
DAG(14:0/20:0)	0.0200873056238506	0.0005387240135352	0.646622163757805	0.613874561565417
TAG52:1FA20:1	0.320955871392273	0.329242277548857	0.260947796658256	0.745280187039513
CE(14:0)	0.432812380151306	0.106089155642999	0.550327746654408	0.57536291153154
DAG(18:1/22:4)	0.960641644358672	0.699137122338031	0.290773870608662	0.724702856591776
PC(18:0/20:3)	0.0137330830470283	0.0308129103011602	0.768133883196144	0.627274099199933
TAG54:2FA18:0	0.654829081618762	0.668112366051133	0.30985574800867	0.742863191588635
TAG56:7FA22:5	0.366705715341323	0.45623235166935	0.300836112990716	0.763840272241981
PE(18:0/20:3)	0.137596944347532	0.33083418080327	0.468314455532722	0.638295876712696
TAG51:1FA15:0	0.282034331936206	0.129007614499209	0.234974802329153	0.711002237103359
TAG58:7FA18:1	0.131751342359904	0.116073236111604	0.32384503084822	0.882468399279852
PI(18:0/20:3)	0.202526544709369	0.174280591497475	0.63202845255617	0.57436714610274
TAG51:4FA18:1	0.61242775752644	0.356106300544528	0.287971480913715	0.753578329359901
TAG52:6FA18:3	0.16232853896823	0.0545261901331974	0.231887881105785	0.751053609771283
TAG44:2FA14:0	0.512098494717413	0.914936960082283	0.294519662663363	0.730839443074971
TAG50:5FA14:1	0.923694469424209	0.880603743246711	0.29890161016304	0.735659991800611
TAG54:2FA18:2	0.883726212791896	0.942300622537153	0.297409681806469	0.734228330917562
TAG48:2FA16:0	0.328165991261984	0.470165367999489	0.289364969682853	0.735592418882207
TAG56:6FA20:2	0.224165107129171	0.550673816307892	0.27829480275848	0.773029139180809
TAG56:5FA18:2	0.27719131445206	0.474712294087591	0.281925116411791	0.770679982986447
CER(16:0)	0.47928327040878	0.581299387391016	0.363016929112612	0.645083526930678
PC(18:2/18:3)	0.805810713440991	0.972313312862476	0.307025103357208	0.733427289376484
TAG49:2FA18:2	0.366084265075451	0.268752491186427	0.283578197516032	0.736993555232975
TAG54:3FA20:1	0.813396366697937	0.859523928972085	0.297685970383494	0.742509736474559
TAG44:0FA18:0	0.698612460652236	0.641410500007442	0.299988345009858	0.735320221136721
TAG54:1FA18:0	0.771555393849766	0.955281790104239	0.300377349337543	0.735401203995877
FFA(20:1)	0.493395112965314	0.68197104127632	0.308564464007348	0.763372750017472
TAG48:4FA14:0	0.726611795326192	0.780026472356296	0.291443728337218	0.750202700562031
TAG48:3FA16:1	0.436593558705475	0.922202288584909	0.2953020171266	0.740208954266114
TAG49:3FA18:3	0.741747524804302	0.952735185243955	0.295989476117517	0.734624147095495
SM(18:0)	0.464571829945118	0.378881784032977	0.210176189665234	0.854980545659955
PE(P18:0/18:2)	0.816372524009174	0.773367200106044	0.366260166738087	0.696846950513719
TAG53:2FA16:0	0.760885262003308	0.609018284512734	0.279181365969677	0.746255484451294
PC(18:1/18:3)	0.851180196329934	0.806623511694126	0.284094644873211	0.750015112055096
TAG53:4FA20:4	0.219827880197654	0.258026211511628	0.265794933581675	0.737888823150021
TAG46:3FA16:0	0.562348222267693	0.928487283335429	0.300702541225284	0.734272274673234
LPC(18:1)	0.248088157793269	0.13374152673651	0.256174513837546	0.628166641907297
TAG50:2FA18:1	0.357367577781496	0.711696121626008	0.297896006749026	0.721061073958593
PI(18:0/18:1)	0.176526075566096	0.0765167724420728	0.468484220497519	0.955845381244626
TAG48:1FA18:1	0.36584719497367	0.296539949781074	0.265990636518763	0.718544940146834
TAG54:4FA18:0	0.202787694514171	0.301267457072472	0.278678403953461	0.722614770079915
TAG54:6FA16:1	0.493899745388745	0.887149557568282	0.2961612362552	0.740533169395688
TAG56:6FA20:4	0.887345809978236	0.946903563399935	0.301424558008128	0.734304100340239
PC(20:0/20:4)	0.272041675302286	0.43068076289789	0.276396998272152	0.768763368754334
TAG54:1FA20:0	0.301383242094854	0.155945455142809	0.245266674242518	0.704977191732913
TAG44:2FA18:2	0.687786545323037	0.641044808724694	0.279120376360066	0.733878993817703
PC(18:0/20:5)	0.444566287359159	0.915942744535539	0.302616304029918	0.724397924467232
TAG58:7FA22:6	0.352016310032468	0.559242898266203	0.305630124794353	0.793214672413151
TAG52:3FA22:1	0.558872641095735	0.411529767691346	0.289051977722458	0.76031717822956
CE(16:1)	0.15872270930953	0.0954097344953318	0.571598228490201	0.657571178984532
TAG54:2FA20:1	0.836300410857719	0.829758286336037	0.289769390483762	0.72722793938839
TAG44:1FA16:0	0.384657881817169	0.203596166386443	0.240382321931672	0.726810188761559
DAG(16:0/16:1)	0.394663445832379	0.694846544632196	0.296150661295692	0.727840247590259
TAG46:3FA14:1	0.216221522391642	0.35433913974487	0.289348553375169	0.709731361158136
TAG52:6FA20:4	0.271277989665948	0.67436108760723	0.288263921769825	0.737613513448072
CE(16:0)	0.600564630282786	0.91539299471822	0.322318169970534	0.728084615984122
PE(P18:0/20:3)	0.293045406474861	0.33411984244751	0.442763642644761	0.595650828322513
DAG(12:0/16:0)	0.443533219828515	0.968422973979005	0.307450619740618	0.735881621378215
TAG45:0FA14:0	0.586133520320806	0.560355338263571	0.274367957860809	0.72592908719173
FFA(18:2)	0.283789482997976	0.280539558432217	0.247401381818907	0.770834304947397
LPE(16:0)	0.369280670175488	0.0350670277776072	0.171146498285586	0.798307130875283
CE(20:1)	0.248848616035353	0.704284403445711	0.275197706686388	0.725300334885356
DCER(22:0)	0.161440504652289	0.0677702299364622	0.402252191143575	0.645820177060445
PC(14:0/18:1)	0.170995595281579	0.171137526430866	0.543611101145009	0.569735348530577
PE(18:1/22:6)	0.648891910808981	0.297642628137739	0.200102470383833	0.996569965222596
TAG48:4FA16:0	0.641160689524246	0.896634516870347	0.297205436770697	0.735892177378375
TAG54:2FA16:0	0.73242105303515	0.696463300288903	0.284044365879136	0.723282374563477
TAG58:9FA18:2	0.101997421190353	0.291546835361754	0.315068025169545	0.810935480665677
TAG52:5FA16:0	0.259733203650732	0.168420015841445	0.279111808263398	0.702668341032643
FFA(15:0)	0.520314334961592	0.674190902929973	0.273093530523694	0.763093185823557
TAG52:5FA18:1	0.281944334898324	0.0768072461843819	0.245999120679854	0.857883183859004
TAG54:5FA18:1	0.0683221110231227	0.105602947847683	0.282268810139413	0.715621948088864
FFA(24:0)	0.525506975734544	0.654792262332803	0.275415743194454	0.847216992157225
TAG54:5FA22:5	0.570314364995267	0.849321179353834	0.292370615427332	0.735748364762856
TAG58:8FA18:2	0.147965802253215	0.214979687711056	0.307422668371191	0.817775530595972
TAG44:0FA14:0	0.85226274892529	0.601753098757024	0.276702725577185	0.719866021757195
PE(P16:0/18:1)	0.881003484815206	0.454370540345007	0.378511948030621	0.648436559388808
CER(22:0)	0.270029789793944	0.0917863728175884	0.439005822654965	0.527717202908839
TAG52:4FA18:1	0.352288018575744	0.121405913539453	0.247681535354121	0.820536686699462
TAG58:8FA20:3	0.355961391909016	0.301539592348519	0.282155071240886	0.706263335818619
PE(18:0/22:5)	0.995569943244247	0.326634739497414	0.215951843568968	0.858038672757113
TAG47:2FA18:1	0.299079514508638	0.212601709964663	0.263743405935371	0.687090610238384
CE(22:2)	0.26894448490614	0.930594774019197	0.294288268758908	0.736770698478775
TAG55:5FA18:2	0.568023707341162	0.934278482453454	0.295548337875672	0.729644826879513
TAG52:2FA14:0	0.452105327654505	0.168173311031236	0.267665961459729	0.676339315603495
FFA(22:4)	0.341851993897046	0.487746034847622	0.279453150708814	0.789142318591111
TAG54:1FA18:1	0.865171942386034	0.948700125149843	0.295535177638076	0.732318233833489
TAG40:0FA14:0	0.619833507767608	0.842343969912263	0.297985578800437	0.743411526296567
DAG(16:0/22:5)	0.889899974418617	0.737493505848873	0.295033347452846	0.739049065090031
DAG(18:0/22:6)	0.471728058801299	0.654930550651622	0.323230126746291	0.73723203859309
TAG47:1FA16:0	0.248373970769757	0.295084542142372	0.265146843675892	0.731459294092342
DAG(18:1/20:5)	0.370699343801399	0.895462751225752	0.299751837258234	0.742761430781964
TAG54:3FA16:1	0.827530024676572	0.712468909251461	0.288693487127099	0.766493321702128
MAG(16:0)	0.524084109649556	0.112341539068956	0.337149663289987	0.812566734548776
PI(16:0/18:2)	0.379774053509918	0.499922125179994	0.403424792470101	0.783909401253875
CE(22:6)	0.405906547949988	0.654870156414397	0.273233420260276	0.811699819609734
TAG46:4FA18:2	0.674980091997392	0.505328777772119	0.274619091698652	0.783473845841766
CE(18:4)	0.893634288528774	0.655780398973127	0.353832770090626	0.708872511815123
TAG54:2FA20:0	0.716367277543171	0.592741788037299	0.288471136083124	0.734252566421417
TAG56:6FA20:3	0.863871841127853	0.907537590073471	0.296828524200315	0.737490721528523
DAG(18:2/22:4)	0.359549956637942	0.660909279586753	0.290053512261402	0.751545016253
DCER(24:0)	0.194768927964018	0.111340715300875	0.398107477755037	0.555333273752342
TAG58:6FA16:0	0.57750114109752	0.699228476071087	0.282941001255951	0.766939751806203
PC(16:0/18:2)	0.535680375399639	0.8102463177099	0.3859567197993	0.711747281742033
TAG52:3FA18:2	0.778452500265551	0.509015159587955	0.291864628772805	0.752059325730209
TAG48:0FA18:0	0.816504385937688	0.443143014832055	0.263029618979475	0.718385485653464
TAG58:7FA18:2	0.454724531509324	0.46267808106553	0.294777059877596	0.773988615310206
TAG50:1FA16:1	0.215349384648354	0.675651388151566	0.292876174715483	0.735976739540012
LPE(16:1)	0.0877687092230676	0.451593599322061	0.329106642103321	0.752738996924769
TAG48:1FA14:1	0.11563834412495	0.161356744367028	0.247737347198495	0.743731580945138
TAG51:2FA18:2	0.386662221546711	0.366301217986938	0.29396795672033	0.737417245815963
TAG50:2FA16:0	0.45961959616914	0.93539459055163	0.297557545429393	0.735567594889637
LCER(14:0)	0.337988480186854	0.14161551930912	0.436454298607609	0.617015170848587
LPE(22:6)	0.789405463863398	0.805907681545484	0.292774937361147	0.757225165694512
PE(18:1/20:4)	0.553449789703326	0.0718664559580176	0.159896096667478	0.954835130265696
TAG54:4FA22:4	0.273875161626777	0.510374098955045	0.268540875596384	0.775610133612618
PE(16:0/18:2)	0.652576926121584	0.996461889796284	0.30948789396119	0.73473519498279
TAG50:4FA18:2	0.575366273138757	0.632672606036411	0.284279952148151	0.74915563263969
HCER(16:0)	0.722692887971286	0.657066328587517	0.27115121301887	0.774111580399873
PE(16:0/22:5)	0.695245332750293	0.612457955734556	0.255989347866308	0.834059221188084
PE(O18:0/18:1)	0.95649765757365	0.970022922604184	0.302247533233893	0.737766724152091
TAG44:1FA14:1	0.226677208163598	0.317447870150687	0.263832615413059	0.725690823519274
TAG56:7FA20:5	0.122762984090155	0.374228321889149	0.336142318542236	0.799466505983224
TAG45:0FA16:0	0.467524297708529	0.387638185105911	0.260524302599493	0.729724245322171
TAG46:0FA16:0	0.692312560289721	0.592141252180568	0.273846984530086	0.737206770557026
SM(24:1)	0.293077785288627	0.610344293264458	0.397815850807773	0.678729314415483
TAG52:7FA22:6	0.662409959815797	0.641094640637231	0.304195744289266	0.763132303959301
CE(20:2)	0.462455678063226	0.234412905230959	0.517135605002174	0.709076137484703
TAG54:5FA20:5	0.54664430705671	0.994119964769069	0.299410782412077	0.734973875733879
TAG45:0FA15:0	0.482860769444301	0.482549946108147	0.27110829081222	0.729913802936023
TAG56:5FA22:5	0.767321918947699	0.685434991144351	0.307078525589574	0.748756725186142
PC(18:0/16:1)	0.118993587118307	0.316352395660625	0.437610583017737	0.685130325966227
TAG49:2FA16:0	0.276535679173424	0.337370011053332	0.287530556761546	0.738389195633334
CE(20:5)	0.292808573253623	0.845783095330234	0.304719663698013	0.712678865623949
HCER(22:1)	0.342430487183493	0.360855655099931	0.211245704200853	0.841185181867317
TAG49:1FA16:0	0.164338634414912	0.201002713513572	0.261482308054787	0.74107113741815
TAG56:5FA18:1	0.692722899032544	0.659029094590377	0.302399110753774	0.75495384345375
TAG53:4FA18:3	0.814833423231246	0.735710144073378	0.295379431038297	0.735292931000046
PC(20:0/18:1)	0.899455063698295	0.82614303562638	0.332987536709034	0.708151816768899
TAG54:1FA20:1	0.674422118662922	0.588865774417736	0.268805066572003	0.728632198480242
DAG(12:0/18:1)	0.56297570161625	0.821368668728207	0.289758796983037	0.727778207428765
PE(P18:0/22:5)	0.498664310102073	0.590249324523052	0.361133046683978	0.681802768361609
