chemID	simpleLRM_Fstatistics	multiLRM(chem_sig)	multiLRM(sex_sig)	multiLRM(age_sig)
TAG52:0FA20:0	0.133315762258658	0.030056993532942	0.205713088524394	0.649858713849426
TAG58:6FA22:5	0.580168749954285	0.97756708169179	0.268111105541187	0.673223809088173
TAG50:1FA20:1	0.410963816916173	0.152812526658274	0.218431611869145	0.639636135714756
TAG54:6FA20:3	0.798085768854315	0.431869323696554	0.259593098703326	0.705501175649513
CE(24:0)	0.283065569037935	0.786305459823749	0.25299628474451	0.687659886503175
LCER(22:0)	0.710467681102332	0.880390348839654	0.261974177462211	0.677012681228569
TAG48:4FA16:1	0.567141167379742	0.684845799533577	0.254958617065511	0.697837910516526
TAG51:4FA16:0	0.758897376101002	0.962850322621385	0.265062407881212	0.669628219873158
PC(16:0/18:1)	0.792372369665649	0.637108421899054	0.326965065230563	0.62151243006687
TAG50:3FA14:1	0.292538840498521	0.264389454478333	0.257435180402705	0.626106012801156
CE(17:0)	0.918365358629133	0.346236448556396	0.327940411862874	0.618596153417119
TAG56:6FA22:6	0.657806845674778	0.785414326240531	0.26693611983178	0.698299422834215
PC(18:1/16:1)	0.505951841644883	0.951552967539682	0.287498916671475	0.682241908779752
TAG53:3FA16:0	0.720784370893146	0.544317476606922	0.252598909882739	0.674732277450717
TAG54:4FA20:4	0.423868227421244	0.62279577379547	0.243569865785319	0.671497779079704
DAG(14:0/20:4)	0.106620953759118	0.0198166497208043	0.233391794219232	0.597823861785196
CE(18:2)	0.280709424976958	0.388549356394803	0.181088633073041	0.721781958810436
DAG(14:1/18:1)	0.984754383173862	0.967363304923891	0.269345048832856	0.671213838666276
DCER(20:0)	0.274068948076155	0.0735742491786619	0.211215803953053	0.822318127104305
LCER(20:1)	0.399770261949459	0.0753432439055756	0.475171043311702	0.529111214086189
TAG54:3FA16:0	0.937768242061178	0.960686051500686	0.265095087295427	0.667965769434718
TAG48:3FA14:0	0.695292350837448	0.884681486001265	0.268000687432756	0.663171157636369
TAG56:1FA18:1	0.440840715634297	0.19356713253899	0.220042934982333	0.628859883302657
TAG58:9FA18:1	0.129916806144159	0.376073142652231	0.286181678101767	0.750973425020058
PE(P18:1/22:4)	0.787202202606599	0.836358450564931	0.258547077652953	0.657387636408768
TAG54:4FA16:0	0.778143265969343	0.880936793253434	0.262626382743209	0.66590764673832
PC(18:2/16:1)	0.878637961390268	0.82565845794156	0.274509308952653	0.7103128398896
DAG(14:0/18:1)	0.653035893894697	0.334717979837457	0.238364015868951	0.636357095463303
TAG46:2FA14:1	0.123036084492282	0.260024932511704	0.244029244229936	0.640202838388954
TAG52:4FA20:0	0.450883103252661	0.44500431269483	0.260332750692732	0.674686460015329
PC(18:0/18:2)	0.978315279793717	0.67674445552058	0.41561069906516	0.627008667119432
PE(P16:0/22:4)	0.47950665035358	0.94166456087608	0.275073038581935	0.669920448372254
TAG50:4FA16:0	0.854509864569811	0.437005755921679	0.257019120281186	0.693527251166407
DAG(18:1/20:1)	0.70610671472509	0.928961082605605	0.264501371502639	0.664946696512237
LPC(15:0)	0.722942157332405	0.0707009730734734	0.153021068670821	0.789345864225641
TAG48:3FA18:2	0.728852963040456	0.982175397135128	0.264977733628638	0.669386013526952
TAG52:6FA22:6	0.771132866165291	0.790623577807725	0.264403018678939	0.653534597476607
TAG56:7FA18:3	0.449171843043017	0.571129816533437	0.263113086213874	0.682903697508746
PC(18:0/22:6)	0.81837850876455	0.873417100036327	0.261857900316934	0.712528851964983
SM(26:1)	0.465125682792251	0.582265967384218	0.334235499217713	0.623268496545844
TAG48:2FA14:0	0.466066452071068	0.426649257297435	0.255562477550148	0.653677260740242
TAG48:3FA18:1	0.424946276986796	0.854550475215383	0.269066896580617	0.677351397189716
DAG(16:1/18:2)	0.526781160955564	0.899503387756668	0.263107478419467	0.677946970371893
TAG53:6FA18:3	0.736339350227523	0.884519426218873	0.274315202725907	0.672566668754737
PC(16:0/12:0)	0.37111544337391	0.909548180932511	0.263248706058074	0.692929677089481
TAG51:5FA18:2	0.384454157063515	0.635402431364755	0.26225218174054	0.676539281877211
PE(P16:0/20:4)	0.886705303864847	0.967298179585489	0.265205539687716	0.673928699637657
TAG49:1FA16:1	0.209937360543749	0.445770077014743	0.253707841156434	0.665244920805449
TAG56:5FA20:1	0.0938894108709895	0.297447467458659	0.263037151207138	0.6868712709172
LPE(18:0)	0.84087454826001	0.273520078408763	0.171852883429234	0.73754166780661
FFA(20:4)	0.781118283032873	0.8693795568691	0.26858089476705	0.674303101601602
TAG46:1FA14:1	0.154931079461294	0.0501087368389219	0.122947194906228	0.684313135910627
TAG46:3FA14:0	0.708279160386347	0.545230810796875	0.256037732062141	0.651690386645219
PE(P18:1/22:5)	0.635934189330671	0.284736557616324	0.381655303783405	0.582532197812697
TAG50:1FA14:0	0.525821802449038	0.21044083747358	0.21951355526514	0.625745870855915
TAG56:8FA20:4	0.743801363066883	0.858105361650124	0.264461213245751	0.674714828371187
TAG56:4FA20:1	0.21852977046148	0.415645936192513	0.278103677946321	0.695991682952293
MAG(18:3)	0.456700169554945	0.614535096211438	0.357864936126132	0.633727292397142
PE(18:0/20:4)	0.927017453643845	0.478625380449068	0.220342119427669	0.754920615095854
TAG53:2FA18:1	0.646199470972256	0.417479309030396	0.25086471765348	0.630510631740147
TAG54:7FA22:5	0.71869982493731	0.707985290203374	0.273329737286902	0.686756030876545
TAG60:12FA22:6	0.456661201258051	0.980342186249088	0.265595923268384	0.674032812472025
PC(18:0/20:2)	0.560720122036289	0.395103451769728	0.465329736885999	0.620251128886256
LPC(18:2)	0.0447632685513614	0.101336444769928	0.256614832228885	0.449322360146952
PC(15:0/18:2)	0.768001205230105	0.203914518338223	0.526322064244198	0.514754310485052
DAG(18:1/18:1)	0.583704922339501	0.616077690950226	0.264113271904249	0.70544400569263
TAG56:4FA22:4	0.358945249420916	0.57282022989028	0.23835205664642	0.690374053479474
TAG56:9FA20:5	0.111671504543765	0.422340205690558	0.283108303315458	0.71563551854443
TAG49:2FA14:0	0.347348435184642	0.251948211520162	0.252065719164477	0.629386385539733
PC(16:0/18:3)	0.520463699006655	0.297771825344165	0.18120126859197	0.745895198546781
LPE(22:5)	0.90663802731481	0.93726773934912	0.26651713436406	0.67531390700724
TAG54:6FA20:5	0.227872762243929	0.428524247390536	0.302345270191342	0.72769702451465
TAG56:7FA22:6	0.360127259603367	0.547948481110995	0.272398416695051	0.726856493538815
TAG51:4FA16:1	0.745604185100234	0.557208122641827	0.243778643905794	0.724210413888455
TAG52:5FA20:5	0.706879808511653	0.945999937286565	0.268150148009345	0.672376945081398
SM(20:0)	0.09560655063057	0.342996132564097	0.17314794848844	0.756443591374229
TAG55:5FA20:4	0.404866602706592	0.273326517219816	0.227508837698523	0.636005996521969
TAG58:6FA20:4	0.975308825384528	0.697505238562703	0.255977974706072	0.646998524887106
PE(O18:0/20:4)	0.739099829172508	0.696906998719667	0.273005168229398	0.656150748343631
DAG(18:2/18:3)	0.391992672027219	0.300265823790811	0.252451473362853	0.673750063319395
TAG48:4FA18:3	0.363144652316017	0.459107635612518	0.27530058190009	0.696891240052812
TAG52:0FA16:0	0.652141742396593	0.421394586437333	0.22738185243805	0.659357949638947
TAG58:9FA22:5	0.190171475253139	0.499642858227037	0.283353567222048	0.694422809794525
TAG58:9FA22:6	0.11350882901586	0.344017087054762	0.2864605764153	0.756546347859419
PE(P18:1/16:0)	0.562281335623316	0.847819692345467	0.279445535064325	0.650569540122371
DAG(14:0/18:2)	0.574448400916899	0.301536946666338	0.252962123387923	0.65887220869751
TAG54:0FA18:0	0.686822567961883	0.862323933758444	0.260556942150791	0.662718748751395
TAG56:2FA16:0	0.29575923083681	0.2141842431228	0.226757488755412	0.663230014741802
TAG56:8FA22:5	0.333758329518015	0.468967479885432	0.268796975766174	0.714734018402703
PC(16:0/20:2)	0.97765935483154	0.731276764774362	0.325999796559271	0.6352883282069
PC(15:0/18:1)	0.55640363183433	0.328884321305285	0.448733279195877	0.520884605846553
TAG56:7FA18:2	0.464690703900227	0.718344254344207	0.265589444842578	0.685212159215083
LPE(18:1)	0.885812295354393	0.977273335226724	0.264891025727381	0.680898493221112
TAG50:2FA16:1	0.226770805007549	0.792423597004782	0.266264212155335	0.665355316997874
PC(17:0/18:1)	0.876145507702717	0.102994339675689	0.442027425495049	0.427319392925592
DAG(16:0/18:1)	0.617226263794745	0.575777444691462	0.255013522687805	0.664849233945004
LPC(22:5)	0.168046012012687	0.384715624481543	0.263399057953894	0.611434947940064
TAG46:0FA18:0	0.559099865545034	0.786095677209786	0.256259390781747	0.66039460138747
PE(18:0/20:5)	0.530086476522656	0.883011132198247	0.26367274827915	0.65895677857178
LPE(22:4)	0.36905633189915	0.349625223706975	0.248203160183203	0.81398181192953
TAG46:1FA18:1	0.949703578604926	0.514776856625047	0.244328607712227	0.644954738546675
TAG58:10FA20:4	0.339012598979099	0.21295381699061	0.267868146380787	0.628778631734299
DAG(14:0/16:1)	0.13408152012762	0.14344155017817	0.240935428508322	0.676130919119764
SM(24:0)	0.542562108843913	0.466071710632092	0.347594812452043	0.633901186216059
TAG53:6FA18:2	0.528700378310378	0.346872101616839	0.254289713173328	0.686145362153759
HCER(18:0)	0.108487664370298	0.102288082303086	0.116691755116769	0.873618763346871
LPC(20:3)	0.975493127309443	0.847488117128014	0.266556593669216	0.653544708253823
TAG53:5FA18:2	0.305046515905388	0.470170944473394	0.27040870744947	0.665000167786377
TAG50:1FA18:0	0.307511384837626	0.249034066214323	0.225895828587683	0.65512979604041
TAG52:5FA20:3	0.559338599119517	0.745797609524226	0.265129605577147	0.653524868000049
PE(P16:0/22:5)	0.771879712742796	0.889419402488381	0.28741755083741	0.663361699346067
TAG44:0FA12:0	0.568610146397749	0.877067218007208	0.261253193757134	0.664924353478629
TAG55:6FA18:1	0.405392265639411	0.717158368959363	0.277170535433053	0.682000651760428
PC(20:0/18:2)	0.428636251140074	0.992195666513257	0.290931726859831	0.674146824772498
PE(P18:0/18:1)	0.764323247287144	0.425220546221374	0.349629674749821	0.584755898077516
MAG(18:2)	0.531868621448758	0.674516793349823	0.25471780016131	0.63844141982995
TAG52:5FA18:2	0.181760389711298	0.153298932458262	0.228750519855035	0.70808790474832
SM(16:0)	0.910803991453791	0.838778439896396	0.321115409300934	0.645475657814772
TAG49:1FA18:1	0.185293226230741	0.0934778065945966	0.212578639735728	0.631293981055228
FFA(14:0)	0.590391175195675	0.710876908620971	0.25618658103802	0.709864049211144
TAG56:4FA20:4	0.947081911849291	0.836265880503604	0.259660288071036	0.65842256859759
TAG46:2FA18:2	0.607591244817036	0.799344710473361	0.259072525963219	0.663649920385929
FFA(16:0)	0.595899345910233	0.7313922193444	0.2575963899957	0.683838359477057
TAG52:5FA22:5	0.932631975405993	0.938730067563051	0.264630617889219	0.669566883411711
PE(P18:1/20:3)	0.215421669096639	0.196590839799851	0.394286768587046	0.59056034621557
TAG56:8FA18:3	0.572614863016011	0.421863546230377	0.257853595310218	0.69300766045275
TAG46:3FA16:1	0.888676836996269	0.984292913852151	0.265026830579792	0.671778110045415
TAG50:1FA18:1	0.355497562177909	0.49775496406703	0.245902715119715	0.680312196194668
TAG44:0FA16:0	0.651531818951494	0.802861308166956	0.256647846113347	0.663373406453651
CE(22:5)	0.969201853901624	0.927710207193859	0.271151049198737	0.675958592369303
TAG49:2FA16:1	0.233586683203631	0.564094534676035	0.264828539795558	0.645848151738623
TAG53:4FA18:1	0.98796385372518	0.57455540132167	0.260175174470964	0.633623004270846
TAG52:3FA20:3	0.271992818412042	0.46393877644484	0.246853246986394	0.68417330415651
TAG49:1FA17:0	0.203546099677428	0.156494206060362	0.227876758137454	0.650888973637834
TAG56:7FA18:1	0.243117566164356	0.34032157042613	0.284729162175324	0.746299640090766
TAG50:2FA18:0	0.514998910905968	0.246634454803152	0.241646336475825	0.656391053164903
TAG44:2FA16:0	0.552751760403479	0.183928879859743	0.198145056606843	0.708586712350846
TAG44:3FA18:2	0.972791048280671	0.368499108118563	0.224196291609523	0.710707683074079
TAG47:0FA15:0	0.390920157667021	0.396346880490915	0.231571285488009	0.67466964091266
TAG54:7FA16:1	0.825574827812725	0.65832103303587	0.263929280468918	0.705282676866963
TAG52:3FA20:2	0.558138675012189	0.741878581850095	0.267239243941838	0.654515108267403
TAG52:5FA16:1	0.252591884162003	0.160552776271873	0.225676284618055	0.754156624354752
TAG51:2FA15:0	0.609449284567964	0.447010814965296	0.24765208845729	0.626876178619734
TAG54:7FA20:4	0.592889859601821	0.743030481879664	0.270612139387077	0.670384210644169
PE(P18:1/18:2)	0.875112032331279	0.562600264043729	0.357107743361604	0.61219335711584
TAG52:1FA16:1	0.288059678858247	0.325341077665506	0.250511318131932	0.634812460091938
TAG47:1FA15:0	0.258499442452306	0.216574699962846	0.228913641407099	0.637277897586517
TAG50:5FA14:0	0.281764182897906	0.485682087566739	0.262125339758877	0.678032809239037
TAG55:1FA16:0	0.280263297395152	0.492301673669928	0.275366681118106	0.725025604975971
TAG56:3FA18:0	0.88542729713013	0.711070464269458	0.262137780152733	0.644800670445567
TAG50:2FA14:0	0.751697494722971	0.585315171227906	0.259666870689534	0.63696462363797
TAG56:2FA18:1	0.860179142452433	0.840170276117762	0.25908851603017	0.665182573063335
TAG51:3FA18:2	0.686007574548311	0.685230567782412	0.265353776398128	0.652283957310978
PC(16:0/16:1)	0.102624402420166	0.166002319917746	0.399965825704853	0.581545680463884
TAG51:1FA16:0	0.208106055971258	0.170336424720134	0.219847745278006	0.673243309125882
TAG52:3FA18:1	0.817619880308711	0.515631091982922	0.261749527217747	0.700772028837799
TAG56:4FA18:1	0.41717041259691	0.55971974091427	0.267341346731206	0.714300935546982
TAG54:4FA20:1	0.384984680142169	0.394813844424293	0.247950163062917	0.727487218740412
TAG56:7FA18:0	0.160442683452035	0.56360442518732	0.284295385583812	0.715408965382674
TAG54:4FA18:3	0.131851514869058	0.199845649848889	0.255956637308973	0.685865540930674
TAG56:7FA20:3	0.756141130626439	0.953069669311401	0.265497478747118	0.669383747795248
PE(18:0/18:1)	0.415762877450256	0.562993055290221	0.29011844504912	0.664453297952224
TAG50:4FA14:1	0.669856459404742	0.657370184576059	0.268044432205364	0.655930529647186
TAG47:2FA18:2	0.543768096669548	0.183268300950624	0.23188786451441	0.646286466090243
TAG50:5FA18:1	0.59521727690958	0.452527762283445	0.262805176777504	0.710506939811496
TAG53:4FA18:0	0.81480436155268	0.318727620077669	0.249928982812895	0.689733725213243
PC(16:0/20:3)	0.0882076466872851	0.167860921703036	0.450175461164403	0.592748326820375
TAG56:6FA18:2	0.565854254002702	0.884506894208838	0.266438727817572	0.673380222933283
PC(14:0/20:4)	0.383281815872875	0.161134964227133	0.366414211917815	0.668109454648544
PC(18:1/22:5)	0.458824610593874	0.38323478863216	0.195039801649048	0.676117581564922
LCER(24:1)	0.730411479900423	0.740783344348637	0.249258126744096	0.658582177226485
DAG(15:0/18:1)	0.272285537065874	0.100882265148555	0.244649036597501	0.711619949994711
TAG45:1FA16:0	0.218466398637012	0.159556425549639	0.216412050779537	0.647052602180169
TAG56:4FA20:3	0.904367210976167	0.75382659088951	0.261485021036766	0.649156792012841
TAG60:10FA22:6	0.469822055010379	0.89413740999625	0.266934125675896	0.683460063532151
TAG54:5FA22:1	0.0920695076735109	0.18892577869971	0.25275372561875	0.643981748899615
PE(16:0/22:6)	0.879572479375638	0.473177188249929	0.205178700392439	0.871104970397215
LPE(18:2)	0.244465288839968	0.262750751375559	0.227324271400441	0.527117383446478
TAG54:6FA20:4	0.55397452236976	0.964765809826769	0.265576778342986	0.670459081854324
TAG54:2FA18:1	0.520334716265209	0.612087935516685	0.282698571948451	0.68635666869364
TAG56:8FA16:1	0.298138644422038	0.42156898573229	0.257254801733149	0.743277361735548
TAG58:9FA20:4	0.209876991687843	0.180394248402938	0.239964710091573	0.666071997979008
PE(16:0/18:1)	0.10087793850822	0.292744462980797	0.32829038982335	0.619129337075649
DAG(16:1/16:1)	0.568250786501999	0.651083603936857	0.266973472245075	0.688632734986348
PC(18:1/22:6)	0.723417243898989	0.77100576429452	0.305561276109027	0.632694872405824
TAG52:4FA20:2	0.708963462381755	0.706639672072959	0.256580128336949	0.703397012620402
TAG42:0FA16:0	0.732603406985418	0.677357473515935	0.248528072076097	0.659657339469447
TAG52:2FA20:1	0.39386509342704	0.376862666102769	0.252967147090315	0.633012696402614
TAG52:4FA16:1	0.38779318517404	0.193077719347234	0.224824341026989	0.774103878451217
TAG58:8FA22:5	0.216389021339534	0.477706114962292	0.286486682205083	0.705554120188525
TAG56:8FA16:0	0.324722892080471	0.582491734137667	0.273490086591185	0.710669228815571
FFA(20:2)	0.311906650841468	0.564770955379386	0.293765914610875	0.710355746559681
TAG46:3FA18:1	0.894273517971247	0.226293137755581	0.201799692432496	0.70417062690603
TAG50:4FA20:4	0.303136095306811	0.294483289692934	0.22962585174723	0.675370535040156
TAG53:2FA17:0	0.655622893366718	0.410884553854263	0.257242362781274	0.622963951944379
PE(18:1/18:2)	0.900445229689559	0.542881542678887	0.334356194988936	0.653200457846393
TAG51:1FA17:0	0.190680840983538	0.15087629806528	0.222265763622901	0.660586403401259
TAG54:2FA20:2	0.811848728681456	0.803041802757591	0.259496096892129	0.658746233252157
TAG56:6FA18:1	0.647544630314078	0.808046587742479	0.270569095759017	0.685115797318179
FFA(22:1)	0.357305911657476	0.74763025853769	0.260337527476145	0.651211649897659
LPC(16:1)	0.41627618545786	0.803577136834208	0.25447973318069	0.672460334382001
PC(14:0/20:3)	0.0994932596656571	0.294383351774891	0.407752683759861	0.626046765816493
TAG48:3FA12:0	0.418024932168361	0.902357106046281	0.267609337287279	0.675062324037318
TAG54:6FA16:0	0.888177634965066	0.683056070224084	0.282064614117597	0.681897963001977
TAG46:0FA14:0	0.514538535124587	0.438949878145404	0.234039106561587	0.669963938870284
FFA(22:5)	0.659373573457114	0.826479438818915	0.25974257886029	0.65837815256535
TAG56:2FA20:1	0.754403620025481	0.910797364260932	0.26268969392423	0.666171980573686
TAG58:5FA18:1	0.910721408054367	0.861878519671299	0.263462785580566	0.66196268251738
TAG50:4FA20:3	0.526097630024097	0.501664757987517	0.25328740793935	0.640356937106695
TAG52:1FA20:0	0.113778013102149	0.0299607859639939	0.223437900121059	0.581431708949219
PE(O18:0/22:5)	0.936566873294503	0.597557662758759	0.301786377650134	0.650018124882124
TAG53:7FA18:3	0.309448571927601	0.644588312198099	0.278004652752495	0.670372277058241
TAG50:3FA18:0	0.739566505395015	0.352198448862585	0.251513511910017	0.671816520853304
TAG46:3FA18:3	0.34488622155182	0.866340515210027	0.271534489114866	0.672982834364289
TAG54:7FA18:1	0.0623116189374171	0.154178210135921	0.266585962301476	0.707576103006051
TAG55:4FA18:2	0.54389601040547	0.891548799002692	0.263793457086742	0.676361385166585
PE(P18:0/22:6)	0.728822511837965	0.676639431549694	0.237745723420406	0.803106009041737
FFA(18:1)	0.815205724712447	0.527637961853789	0.249596420173604	0.710464680977565
TAG50:5FA20:4	0.413559238319379	0.465544109667889	0.242767694985978	0.653335040334275
TAG53:3FA18:1	0.940420909528554	0.939610005016532	0.266158204909791	0.666477233337934
TAG50:5FA16:1	0.852817364574501	0.0968742863033593	0.202461786227369	0.809396921971451
TAG50:4FA16:1	0.903086105239699	0.157859396457163	0.205460148647609	0.78119294214229
TAG52:4FA20:4	0.297304376214583	0.487371291339993	0.24191870477698	0.693408904437393
PC(18:1/20:5)	0.197944907238109	0.838471858104789	0.258728050428936	0.698964925698621
DAG(18:2/20:4)	0.400924597008872	0.380020806989593	0.266894544456315	0.68050522967124
TAG54:7FA18:2	0.0462071958425992	0.249147840031461	0.249954002716554	0.613957120766287
TAG56:7FA22:4	0.85627346274455	0.624099374964968	0.27914709215429	0.672799902687958
DAG(18:2/22:6)	0.310972845631197	0.722942283435731	0.266638900683912	0.698826905414762
TAG49:2FA15:0	0.298781361139677	0.270457778273763	0.24815930363545	0.65855037752006
TAG46:3FA12:0	0.471145055744419	0.881178442984169	0.26657897803843	0.67678234670467
TAG47:0FA16:0	0.440443329752495	0.410882119141245	0.231765568133592	0.672614189105855
PC(18:2/18:2)	0.411893506269582	0.962822477438217	0.292011291206402	0.669736958097261
PC(18:2/20:3)	0.516534576586694	0.536783091183966	0.398788013612633	0.653484597872535
CE(15:0)	0.843758746227692	0.373159670738225	0.353037798730553	0.587908065700134
TAG54:1FA16:0	0.30347979913748	0.0792872476153701	0.197052272728739	0.635431147398095
TAG49:2FA17:0	0.226865091932773	0.124915524129947	0.250799203209571	0.630269508693682
TAG54:8FA18:3	0.032289578455269	0.14158180331463	0.245682376343323	0.582340966837811
DAG(16:1/18:0)	0.114193270792383	0.220316265203525	0.250981106803318	0.652793927352529
PC(16:0/18:0)	0.664673135390356	0.613126237497008	0.371054812877983	0.626478824507361
TAG54:5FA18:3	0.0299727623583037	0.0328559422903123	0.239288133559548	0.720519620515227
LPE(20:3)	0.583204631642908	0.75999970623514	0.288602755234984	0.6828100279729
TAG55:1FA18:1	0.125094712440237	0.400514750422688	0.299878993589488	0.732100298330219
TAG55:2FA18:2	0.148661285390767	0.423322249079575	0.278622096390466	0.712134844754004
PC(18:0/20:4)	0.6592223049183	0.668578573101754	0.251771627338145	0.67194845922323
TAG54:5FA20:3	0.834700191235525	0.931331389063369	0.267540246932194	0.672107377849265
TAG56:3FA20:1	0.311450001984289	0.493981257057085	0.288216213497959	0.697861758747484
TAG48:3FA14:1	0.150225351129565	0.380574815789209	0.263335026904057	0.650000383435399
TAG56:8FA20:5	0.0821666939567293	0.305240797717402	0.29470307451551	0.740560661449539
DAG(14:0/16:0)	0.396391141111299	0.164117423075438	0.2131942103293	0.665972138906904
SM(26:0)	0.891106530027317	0.457944389804133	0.376403174553371	0.616770247681498
TAG51:4FA18:2	0.686442762642832	0.887089961266908	0.264695747779274	0.674157137901436
TAG56:7FA16:0	0.268541351099681	0.456319723436797	0.270525217988138	0.732813999362282
TAG48:4FA18:2	0.21283857097642	0.56585984428154	0.271383330605501	0.674210852727197
TAG50:5FA18:3	0.449063732167094	0.394224674121971	0.249560522319423	0.691145344600362
TAG53:0FA16:0	0.319348910296345	0.408120674805548	0.299870195305277	0.718222493144699
TAG44:1FA16:1	0.421420251632401	0.306592246518979	0.24603542171564	0.628939463864318
TAG60:11FA22:6	0.397159590568442	0.900632191995919	0.266080483643701	0.684878921994216
LPC(20:0)	0.0530263540737125	0.121960951239276	0.193233024380513	0.627695685262382
TAG52:4FA14:0	0.488120423392146	0.344972853063939	0.251833464512789	0.627597381957979
TAG53:6FA18:1	0.857334725636237	0.780296569920348	0.249674455720584	0.673181772228741
PI(18:1/18:2)	0.893489722159294	0.632864869357691	0.329302815021119	0.725188715827811
TAG52:4FA18:0	0.807415558375451	0.536342819720472	0.253993962618897	0.708369457713118
PE(18:1/20:3)	0.315576428434978	0.863144639134855	0.303843890879239	0.655003047746017
MAG(16:1)	0.541388887418572	0.790325125259142	0.270974992762438	0.658189805134526
SM(22:0)	0.806708276470918	0.892757920338661	0.313605956521675	0.662591107400275
TAG55:8FA20:4	0.724052354829186	0.21209469002383	0.296811168048539	0.610398684763861
TAG58:6FA18:1	0.794644818724494	0.825399116890071	0.269716649878306	0.685455729377003
TAG56:5FA16:0	0.602157299171901	0.795844675590077	0.257658112544375	0.670222659445272
DAG(18:2/20:5)	0.235046206362929	0.686897579092317	0.266665300034742	0.691330801565245
TAG58:2FA18:1	0.968695866115891	0.991620777870033	0.264808193143517	0.669674938862779
CE(22:0)	0.754397623108242	0.244817041141851	0.372181788205001	0.54517330742239
TAG54:5FA22:4	0.263767451649034	0.597661366436449	0.244706957021576	0.685504044808942
TAG58:3FA18:1	0.933714913545069	0.914229136788408	0.262393031239176	0.66791277493883
TAG56:3FA20:2	0.755405926268693	0.890617683961196	0.266649579269988	0.683541012957958
TAG52:2FA18:2	0.955782339208736	0.974067662178555	0.265429374053144	0.669462522006617
TAG53:4FA16:0	0.783564202839106	0.699491499636052	0.258252302073435	0.676020833349608
LCER(22:1)	0.496562584524768	0.722908839953217	0.318354287495506	0.6726945033044
LPC(20:4)	0.2107762750044	0.118838290171	0.496525971352133	0.454054468605325
TAG48:2FA12:0	0.538002391605307	0.978694995789769	0.265097225039018	0.669188580958352
TAG58:7FA22:4	0.914715581267487	0.825845418965059	0.274859136019487	0.670661559674392
PC(18:0/18:0)	0.7203907074118	0.962238095294354	0.277504558583624	0.674527206564604
CE(18:3)	0.929143868903213	0.657302700974722	0.340868128959483	0.655129449448202
TAG51:4FA20:4	0.149892965965217	0.117054204657121	0.214300572214957	0.664374015930708
TAG56:4FA20:2	0.481442078575164	0.631314002733105	0.258644770963734	0.716301044891758
DAG(15:0/18:2)	0.172054058061175	0.162255080331919	0.319140802407169	0.753507694423256
TAG46:1FA16:0	0.892281943650261	0.541825395050487	0.245860217694285	0.653024407064831
DAG(16:0/16:0)	0.395295050186421	0.397120736292504	0.244763651077621	0.684713360055135
TAG54:5FA18:2	0.107666087174395	0.22207431986927	0.254115245826156	0.635868968663385
TAG42:1FA12:0	0.421171062845867	0.938792297450025	0.269269992539374	0.673356411944816
DAG(18:1/20:2)	0.628700694245281	0.30456993549534	0.276964498237667	0.583662633436554
TAG52:7FA16:0	0.696465187347721	0.530862866069381	0.239828369393831	0.671525499884426
TAG55:5FA18:1	0.654159211139477	0.985030642820871	0.266077202697462	0.670132774322093
TAG52:2FA20:0	0.667790455349027	0.387481959963574	0.252107590488387	0.643793734378122
TAG46:1FA14:0	0.327162335920288	0.288880436726862	0.23534690372882	0.642729103431827
DAG(16:1/20:2)	0.116491139521989	0.0948853599897801	0.322100543166067	0.606130588539336
TAG53:5FA18:1	0.500781247859728	0.46838388492789	0.267024026677005	0.662996342167539
CER(18:0)	0.518962305889522	0.931228118456456	0.277969687800275	0.66449350070679
CE(24:1)	0.341805343986679	0.443418139152908	0.286764551221104	0.652852914517111
PC(18:2/20:4)	0.996726355233451	0.85634631717609	0.2890358855165	0.687424305270844
PC(16:0/16:0)	0.981814900624751	0.598297347843034	0.366572905437557	0.610140198348737
TAG50:6FA20:4	0.972107162084435	0.806473535698194	0.259813598097839	0.663429790827944
TAG52:2FA18:0	0.767457656192724	0.849183430316899	0.262908021474158	0.669377513119436
TAG55:2FA18:1	0.343581713113743	0.818664507334966	0.276097803524177	0.674038572897252
CER(24:1)	0.748897781329639	0.913915804131954	0.28004747099684	0.660003271195821
PE(18:0/18:2)	0.826912688312563	0.956596621883222	0.284542860917161	0.667348360674222
TAG52:0FA18:0	0.762203500705137	0.574660949029452	0.23656139384032	0.663154277437618
TAG50:4FA14:0	0.491380073558148	0.780165627528316	0.262661447939926	0.678730318297628
TAG52:2FA20:2	0.383734226345222	0.535118369489084	0.254894499828015	0.66981286715635
TAG58:6FA18:0	0.475083410350881	0.371791499354111	0.26961122807216	0.75026399593623
TAG55:6FA20:4	0.360703701012723	0.32138506236766	0.248258619464536	0.651742976911193
PE(P18:0/22:4)	0.796591002751071	0.728832508830182	0.254975767724898	0.664374138232281
TAG51:2FA18:1	0.415590602297786	0.432216485298244	0.251510408011617	0.626296339192086
TAG50:2FA18:2	0.557790764030334	0.681004355757948	0.262775145416776	0.679016515432802
TAG53:3FA18:2	0.911278127928169	0.620608150821713	0.268300325473489	0.647949230506845
CER(24:0)	0.592942256888267	0.0710744110522792	0.319250884350661	0.417291904845008
DCER(22:1)	0.962526711743089	0.860564685057024	0.268366110151685	0.668277361209211
TAG46:2FA12:0	0.608730284891213	0.903304672096324	0.263029496117211	0.665894836162131
SM(22:1)	0.793498751463642	0.723832959804642	0.244627516810979	0.715213034960028
TAG48:1FA16:0	0.208673514788252	0.262987864298838	0.233809750680978	0.675694861584878
TAG56:3FA18:2	0.95568045383525	0.811994172047875	0.261345464197465	0.668834008324892
DAG(18:2/22:5)	0.806756343480722	0.800524778092683	0.265207320077164	0.663480294225101
TAG57:9FA22:6	0.866043835096711	0.930350140728371	0.263714265221017	0.671628974911204
PC(18:1/18:1)	0.819656050260659	0.915066612071495	0.299261252739426	0.664401851365445
TAG52:4FA22:4	0.402853527708613	0.322143125666579	0.220653519278865	0.700118151655607
PI(16:0/20:3)	0.436827739391963	0.359070999143023	0.411773706401049	0.633177935264382
TAG50:2FA20:2	0.391328124047574	0.297771973866976	0.244631481470285	0.643494000084269
TAG58:10FA22:6	0.119269125372702	0.407662397593883	0.27982047421714	0.734371232752535
TAG54:4FA22:1	0.180060906771201	0.169352890102853	0.268018748928551	0.698838717039292
TAG42:0FA14:0	0.574956844553273	0.915697663326439	0.263035868447292	0.665614137436031
TAG47:0FA17:0	0.510332476689864	0.320701451416161	0.226987400304475	0.666372070009958
TAG48:2FA16:1	0.199565588118575	0.679089578585835	0.267225751655987	0.661047742755598
TAG54:3FA20:2	0.872212692428526	0.989864424910388	0.265990885173017	0.671628464948134
TAG42:1FA16:1	0.545413588015426	0.318971602666581	0.229923760589141	0.647857059993672
FFA(18:4)	0.272928276106844	0.232584841339937	0.369280567228213	0.654904122771256
DAG(16:0/22:6)	0.978295658148814	0.921114287406955	0.267756172722447	0.663540874153096
SM(14:0)	0.698509450774651	0.936567678118223	0.273770596604214	0.692650668997223
TAG47:1FA16:1	0.22543064757586	0.402974874858436	0.252966720424743	0.657637773843428
TAG51:4FA15:0	0.635400134099843	0.993813872561992	0.26584132352076	0.670421682081336
TAG47:2FA16:1	0.208197672591677	0.529160636671311	0.26583548718124	0.641982511084538
PC(16:0/22:6)	0.396886973948669	0.539380662994285	0.2284562482659	0.795757274846502
LPC(17:0)	0.190341373720857	0.305988900844986	0.223855000945694	0.713245204539285
TAG55:3FA18:1	0.571327080985267	0.94535361220619	0.26447512229563	0.669900550553379
TAG46:3FA18:2	0.979880875927858	0.423243189288348	0.24219389833307	0.66521962160682
TAG53:1FA17:0	0.381901411245721	0.162291074057374	0.218372739606934	0.640591629852317
HCER(24:0)	0.486660489518805	0.494333685028762	0.225031103732144	0.75060173591496
TAG53:6FA20:4	0.407640054638213	0.688072641124734	0.258809540262314	0.657619575431172
TAG54:3FA18:2	0.464930334261674	0.576583200372994	0.269750380901839	0.682754469878176
TAG48:5FA18:3	0.104178545285021	0.335518711609138	0.277328922890689	0.664087754847148
TAG50:2FA14:1	0.16183938059575	0.0850291218694022	0.216433282816651	0.628819483221807
TAG52:4FA22:1	0.377428042345545	0.225902365223792	0.247792417067852	0.725014590093167
TAG52:1FA16:0	0.668015650625249	0.664730514377837	0.25030497299613	0.664750901633661
TAG54:4FA16:1	0.632077033553646	0.548019807627171	0.248625923752413	0.727475029160656
TAG48:4FA12:0	0.180744874404798	0.555149149900019	0.273327795332185	0.680109170038243
TAG58:7FA16:0	0.787816779391542	0.491862637685325	0.251433329212947	0.687423623672652
TAG51:2FA16:0	0.234575457831229	0.350369003999657	0.254641754645468	0.651764404626117
TAG56:6FA18:3	0.279368583024891	0.541650489724798	0.253065589529653	0.692488747418514
LCER(16:0)	0.740179400459794	0.895613963512283	0.279459620034463	0.679506622242798
TAG52:6FA18:2	0.146143739791525	0.0831279529031778	0.232263927316374	0.751363547444428
DCER(22:2)	0.76486107632266	0.757216663263627	0.288307539099302	0.629619210946891
DAG(18:0/18:3)	0.923634524112948	0.902638769434152	0.265789127174089	0.668357711225886
TAG48:2FA18:2	0.619302806779009	0.361242274067182	0.248853826343624	0.659720877157497
LPC(20:1)	0.275033974605179	0.140045807388331	0.212178384647587	0.664478851457858
TAG54:8FA20:5	0.177871551342841	0.364818648097945	0.288358463008311	0.732669491588026
FFA(22:0)	0.938546845981587	0.930238616752245	0.268318854165015	0.669985869210228
TAG53:1FA18:1	0.782254185640014	0.382424741278228	0.228765418122732	0.655379282688815
TAG55:6FA20:3	0.711003417441085	0.802817820039161	0.276663563723524	0.666712194833699
TAG51:4FA18:3	0.918307066573283	0.634438087804786	0.266091201830994	0.684810955997879
TAG58:10FA22:5	0.148603253399332	0.49614040737838	0.282253911759371	0.698483786675633
CE(20:0)	0.159171269731465	0.79708163292597	0.255431690757373	0.664131037387358
FFA(14:1)	0.544153659989102	0.698882597950049	0.288281759102607	0.673920964223281
TAG48:1FA16:1	0.201851329682297	0.537524819129227	0.254470640144471	0.684305004188716
TAG53:2FA18:0	0.406292111046123	0.214546130600862	0.241057633069535	0.656185376730204
TAG54:6FA18:2	0.091399832414959	0.293341055048557	0.250119457525868	0.612612915329659
FFA(12:0)	0.484467379885665	0.822287902287155	0.262134669380454	0.697163176680749
TAG51:1FA18:0	0.219449379497304	0.0812504535588673	0.202962874370734	0.645175764545446
DAG(18:1/22:6)	0.484809938260794	0.908904009852283	0.265213382707079	0.683843425040231
DAG(18:1/20:3)	0.460953593661052	0.371260884331339	0.251898664218185	0.642112899234622
CE(20:3)	0.168525915448806	0.162800243726634	0.461055072276811	0.66699081420281
TAG36:0FA12:0	0.339010764874698	0.635157989571084	0.262780863452456	0.692656283341789
TAG53:2FA18:2	0.819274833460221	0.390744090266093	0.250354039897235	0.668784875951998
TAG53:1FA16:0	0.712980264218871	0.823880344620238	0.257088617383976	0.671245599243201
DAG(16:0/18:3)	0.997281279899425	0.669987304986852	0.263860798807323	0.661849402775655
PC(18:2/22:6)	0.721572357404787	0.381863971262753	0.368621672968335	0.580191318885782
PC(16:0/20:5)	0.193108500235251	0.861975342479074	0.261962154572536	0.696377463059146
TAG47:2FA14:0	0.444877180458162	0.227770451979633	0.239821421246003	0.636425711876566
PE(18:0/22:6)	0.677702100192921	0.939374118348478	0.274336786431233	0.6996252812826
HCER(24:1)	0.4196402879598	0.309148006744869	0.205699022859588	0.732998910729615
PI(18:0/16:0)	0.859553056912857	0.76712203121818	0.250732379989636	0.642597230456878
TAG53:4FA18:2	0.770557941931751	0.961663851109757	0.26666556560381	0.668624498738636
TAG54:5FA16:1	0.882317159004446	0.741053462600774	0.262359042252852	0.69010496135291
PE(16:0/20:4)	0.551059303757871	0.894912259845377	0.264052392758494	0.692198661774713
TAG52:1FA18:0	0.612939304861653	0.543499034405556	0.24033711684889	0.66655033193131
PI(18:1/18:1)	0.340604883028353	0.136167836344109	0.377705436022671	0.823683377907169
TAG54:5FA20:4	0.42442885757297	0.644649091354194	0.245029475298486	0.677271826483848
DAG(18:1/18:2)	0.79413042903942	0.687676918749859	0.257694360336299	0.687831142761529
TAG56:8FA18:2	0.282074294611681	0.560625678564472	0.270962282930979	0.704221967969298
TAG56:8FA18:1	0.127360825739474	0.410190506820982	0.290464620228097	0.732029496163135
TAG46:1FA16:1	0.203476161080589	0.337245980262773	0.244809528664475	0.664754900457935
TAG53:5FA18:3	0.447207813886089	0.327045332141257	0.2484879197826	0.697233649270933
DAG(18:0/18:1)	0.898858783579693	0.868621590584384	0.262407050370692	0.662623795924273
TAG42:1FA14:0	0.622024242437801	0.303239478901864	0.222371403918606	0.639544563021689
DAG(16:0/18:0)	0.222211010717486	0.179283714010371	0.216425903677553	0.67088556340515
TAG46:2FA16:1	0.359213948100104	0.54902763191773	0.264662824336683	0.643830781612098
TAG56:7FA16:1	0.327027370670071	0.197300021134051	0.250262632653062	0.803962540102758
PC(18:0/22:5)	0.461610563926731	0.562962646096755	0.374164611051742	0.618495706348031
TAG47:1FA17:0	0.498537814441605	0.19677652856602	0.232420527875182	0.636037282068246
TAG49:0FA17:0	0.362435220699196	0.374301969158746	0.232899706984004	0.677281519413321
PC(18:0/22:4)	0.181470594406586	0.173231068001545	0.347718671280723	0.84203965995283
TAG54:8FA22:6	0.430263429327415	0.543555677377578	0.270140665291196	0.720107292676201
LCER(20:0)	0.792730169623669	0.940234875947834	0.268917486348685	0.671756520156967
TAG44:1FA14:0	0.950240903467281	0.562211831029829	0.248162890289849	0.644877226375016
TAG50:3FA20:3	0.18483042253518	0.15801038111167	0.21982988927972	0.66235929381222
TAG54:5FA18:0	0.138047543880265	0.305416075501353	0.248186842187206	0.651615902094743
TAG48:1FA14:0	0.312435500934122	0.203215474606925	0.226192365821414	0.64865779542196
TAG40:0FA12:0	0.337355496387993	0.749627982014106	0.275007964173056	0.683778051194599
DAG(16:0/20:4)	0.152058247398574	0.0945941926739048	0.245108529417875	0.709290632668093
TAG52:6FA16:1	0.210239608052577	0.0700545910583258	0.213725001450937	0.772659990019619
TAG54:0FA16:0	0.225730400929495	0.0199358145833811	0.179734092168431	0.599314734903143
CE(22:1)	0.381615683610513	0.518492321727708	0.212381366706083	0.723356802912408
DAG(16:0/20:3)	0.160278091822741	0.12724535646384	0.257425594574284	0.672400077570794
TAG52:4FA20:3	0.329313287549186	0.656206949869311	0.256532690976496	0.664417066487117
TAG51:3FA16:1	0.413975611995298	0.953351529512229	0.26892568491416	0.667099454083174
TAG52:3FA20:0	0.726251931838884	0.598386673719975	0.267689449507775	0.683002908567867
TAG47:1FA18:1	0.30974995122005	0.128343584598756	0.218732770905428	0.619168023007449
TAG53:3FA17:0	0.969207543012294	0.719637763974356	0.269367771561208	0.64893189421951
TAG54:7FA20:5	0.18703065043038	0.371508937821699	0.296059719462843	0.731058065204601
TAG56:6FA20:5	0.19062311626055	0.694105375464669	0.280208657510725	0.707889047278572
TAG50:0FA18:0	0.512371742268255	0.463113183911688	0.231508081239168	0.677234850341317
TAG50:4FA18:1	0.765530267990787	0.735796918098186	0.261836086033213	0.686057753431289
PE(18:1/22:5)	0.328556889593268	0.877464455767417	0.299802467084812	0.654601673900712
TAG46:2FA18:1	0.589136986205261	0.237126818198401	0.219224770842957	0.635898992201189
TAG47:1FA14:0	0.279060447755286	0.179329474953899	0.222816598707377	0.63043465478678
PC(18:0/18:1)	0.475994224415072	0.425826299082067	0.413915311458875	0.605994274701235
TAG50:0FA16:0	0.441797050639276	0.455250299526715	0.232050831059297	0.686429819539194
TAG54:6FA22:6	0.810058145949836	0.955025094702635	0.265443158345188	0.667391694110562
TAG56:7FA20:4	0.684955684133873	0.858667258594087	0.262167504880177	0.674972986094068
TAG52:4FA16:0	0.440380094956549	0.464144440267697	0.25922697636665	0.675752837069803
TAG42:1FA16:0	0.479592776853005	0.234695131606947	0.205504786627077	0.682959416905545
LPC(22:6)	0.0818444857850588	0.100341638648571	0.298145592979672	0.781609540528104
PI(18:0/20:2)	0.432187082386027	0.712144667135137	0.351531874691952	0.62067338314745
TAG52:2FA18:1	0.771386546832671	0.904218519200431	0.26769311911712	0.676107947822255
TAG52:3FA16:1	0.722674095143931	0.308703696227489	0.240481390070997	0.75381129320887
TAG51:3FA18:3	0.806461571614909	0.87599917270286	0.264640863842099	0.669285923025619
TAG52:7FA18:1	0.773801801037457	0.71326747592607	0.255204616262296	0.660046126547286
DAG(18:1/22:5)	0.715992003963204	0.839649322027887	0.2660292539913	0.685784855404296
TAG56:5FA20:2	0.237921231498423	0.511140952644528	0.248689382323703	0.734227476935058
TAG46:1FA18:0	0.544569098026372	0.113095728732067	0.189762222393662	0.651810862140558
TAG56:5FA20:4	0.668151526750566	0.951724321364356	0.268923617035586	0.673299424754391
TAG56:2FA20:0	0.701488633838594	0.932238371591513	0.26895368566005	0.671937896899035
DAG(18:0/18:2)	0.862890188747305	0.735404780448313	0.26790932768744	0.666097618589395
DAG(16:0/20:5)	0.833210602452325	0.329906592247497	0.252995905656316	0.64074626456297
PC(18:1/20:3)	0.124536439525334	0.185245169887556	0.525260061720744	0.623414646439129
DAG(14:1/16:0)	0.481766748859511	0.304605182660286	0.235594295524274	0.740288863596983
TAG48:5FA18:2	0.123837173087116	0.453205911038841	0.276487613390044	0.662381039039432
TAG54:3FA18:0	0.410477412940986	0.480270421469788	0.269164705446573	0.688389396715745
TAG49:3FA16:0	0.593015566551614	0.844055269041208	0.264929727064241	0.667807949392729
TAG49:3FA16:1	0.466086494657159	0.983722731391319	0.266156812838104	0.672577198717137
FFA(20:0)	0.503460127158341	0.694513953031346	0.251402393763116	0.698607123590953
PE(P18:1/18:1)	0.748476676271679	0.130114594067578	0.455718252094953	0.533445198190628
TAG54:8FA20:4	0.416102152036396	0.960937638439232	0.266020232134854	0.670998245169156
CE(14:1)	0.135019323382056	0.0513960719850862	0.398247486859049	0.62820505411817
SM(20:1)	0.387877078317592	0.140799082219432	0.0922096166377939	0.895874295040259
TAG51:0FA16:0	0.630115875709368	0.426478885099798	0.231153259278843	0.674981868790687
DCER(16:0)	0.0198437523403769	0.0356794528659316	0.382447695481091	0.584591945392597
TAG56:6FA18:0	0.425411571867199	0.779866957029279	0.271157080045717	0.686723807733908
TAG48:4FA18:1	0.202552500945923	0.554112998987899	0.280341453717163	0.684478259078838
TAG50:1FA16:0	0.329262653694879	0.481863015942302	0.24363420060758	0.687503512848232
TAG52:5FA14:0	0.419378013893556	0.373224226161444	0.24344122892039	0.644265405631542
PE(P16:0/18:2)	0.466050512437018	0.910255076669708	0.289441278854994	0.659932401882256
PE(P18:0/20:5)	0.428627367286349	0.514138253687282	0.280802005852412	0.586555278805548
CE(18:0)	0.421908363606766	0.417563055530777	0.354098252309769	0.64850318751401
PI(18:0/20:4)	0.917364372497725	0.755237608383845	0.248479638149315	0.68290662866208
TAG49:1FA14:0	0.279542765341004	0.118668260338421	0.222420842655732	0.623021240530297
PE(O16:0/20:4)	0.910527198212764	0.524446876310183	0.281118653241962	0.655703626767021
TAG53:3FA18:0	0.626981834806428	0.63522205949006	0.279109599162308	0.658554656120947
TAG56:5FA20:3	0.926653783773435	0.944291191803068	0.266550187060051	0.674208130590928
TAG48:0FA14:0	0.46752256375977	0.268499598121674	0.220604290931522	0.650586025685929
FFA(17:0)	0.179188453191336	0.412635432781249	0.304195910274827	0.668183556964411
TAG50:5FA20:5	0.893557759082155	0.50399291608247	0.240526153324162	0.645856898157279
PC(16:0/14:0)	0.125310271852976	0.0476223165167906	0.490742513115375	0.460196720968528
TAG48:2FA18:0	0.395714904186621	0.95684001317873	0.268111813896076	0.67111801597071
TAG50:5FA18:2	0.501098131755233	0.726951913757858	0.261202739998925	0.669146117788794
TAG52:7FA20:5	0.472570504770582	0.959286794735442	0.267959392205322	0.673592277833527
TAG48:1FA18:0	0.720903706073993	0.697148153760858	0.251900701890142	0.656861085469476
TAG56:6FA22:4	0.654376488290699	0.911045552363929	0.262946316250728	0.673721822684196
TAG52:2FA16:1	0.639868906568733	0.890970230616163	0.264123795514369	0.679384316383954
TAG49:0FA15:0	0.235398893301659	0.121657198706041	0.205590912350764	0.659798628231947
TAG46:1FA12:0	0.77753218027723	0.701265953513638	0.254279927350319	0.655553802433646
TAG51:3FA15:0	0.999254822225915	0.826534241672259	0.263366445030137	0.658849849595737
TAG54:7FA18:3	0.0407154176145659	0.192208241728341	0.246494507657168	0.603310540244378
TAG57:2FA18:1	0.128762321702881	0.412423830606236	0.29047504515976	0.743019067621062
PC(16:0/20:1)	0.312173866261822	0.492688468493959	0.290371904434896	0.631581692457701
TAG38:0FA12:0	0.399148132958969	0.667233471118426	0.263902069437935	0.69043672575093
TAG49:0FA18:0	0.343298507583415	0.166635357955669	0.209728869777059	0.651974768067071
TAG51:2FA16:1	0.242492610220509	0.548766679893249	0.269943164529137	0.636476523373945
TAG54:3FA18:1	0.223588663467825	0.199651207773125	0.295198163724353	0.726814996142662
TAG54:3FA20:3	0.40720541744053	0.587331201298713	0.246846274869048	0.660912960456433
TAG58:7FA18:0	0.341300749145057	0.642158228391014	0.271141960279267	0.714023040660029
DCER(24:1)	0.304845981303462	0.474420088832087	0.322765516468051	0.592808105211733
DAG(16:1/18:1)	0.704650134250463	0.898208149908112	0.263466547283937	0.677511464311991
LPE(20:1)	0.479466289807635	0.491462538182179	0.269399155769018	0.695303164028741
DAG(14:0/14:0)	0.379641063718155	0.193225678691141	0.217214421717745	0.626782033548939
TAG48:2FA14:1	0.0885110931842319	0.186945006517143	0.236670586220098	0.65011533342384
TAG56:9FA18:3	0.343223592220964	0.294367982019923	0.266123794984715	0.715342703172916
PE(18:0/18:0)	0.609401013164299	0.945868546246294	0.2804151917637	0.66694900848612
TAG50:3FA16:1	0.578580758088585	0.607966275430241	0.252568693426193	0.694295703387234
TAG51:1FA18:1	0.238446271702084	0.175677114258132	0.223829251002496	0.648631241765661
TAG52:1FA18:1	0.697013598484302	0.741220243667171	0.254730928106428	0.663494856206613
PI(18:0/18:2)	0.709382578348937	0.711756907838847	0.331046416394311	0.69779240642617
TAG49:1FA15:0	0.209764799403235	0.141608939814006	0.216015352652068	0.655289769982925
PE(P18:1/20:4)	0.825113326455459	0.957350086877377	0.264832175336496	0.670278350518787
TAG51:0FA17:0	0.298925347081446	0.209397507900548	0.21816688676689	0.670209482577832
TAG48:3FA16:0	0.384147953470849	0.500913603965541	0.259391344518701	0.662818622792882
CE(12:0)	0.415252891310249	0.467446435668238	0.338624953660146	0.617766491268057
TAG53:1FA18:0	0.384911784261136	0.139425050807312	0.208765390391795	0.662752061427655
CE(18:1)	0.960847492984856	0.620750939087715	0.324765887122893	0.644351860490972
PE(P18:0/20:4)	0.749155484811117	0.627568654312598	0.251101057963772	0.700925816879155
TAG54:3FA18:3	0.939985317250914	0.433680187714224	0.26138958566725	0.641925567700575
TAG54:4FA18:1	0.129962660980666	0.133420833513818	0.276447505127223	0.702619113064596
TAG58:8FA20:4	0.278377269605349	0.229271561131057	0.222861138053539	0.676504974241247
PE(18:0/22:4)	0.535272358004413	0.906361419600227	0.264215469826435	0.669265761734452
TAG44:2FA18:1	0.638307908966526	0.193821869828076	0.193430378280747	0.676413497042315
PE(16:0/20:3)	0.0279767731666419	0.0709557362512038	0.521759222479087	0.497096002534873
TAG46:2FA14:0	0.57210646184333	0.346548117181792	0.247849978753877	0.639484080294029
PE(18:2/16:1)	0.382761576441519	0.903388474158678	0.284770642947082	0.659356696120027
TAG56:4FA16:0	0.374949894544461	0.510018424214577	0.244490076761589	0.665314370696189
DAG(18:1/20:4)	0.292214055003133	0.271159318823684	0.243983100336426	0.673658800678783
TAG52:3FA18:0	0.918040521802092	0.700293244251245	0.259839520057614	0.682108359491784
TAG58:10FA20:5	0.533554209085205	0.703205269940987	0.262259340291162	0.643177110319342
PC(18:0/18:3)	0.799250535888315	0.804267328075295	0.254529060245911	0.685693671615626
TAG55:7FA18:1	0.904413466407733	0.54998313991782	0.241679069348819	0.649400163155499
TAG60:11FA22:5	0.6373307272075	0.847880227440465	0.265692024663534	0.658361655378598
DAG(18:2/20:3)	0.384197744937026	0.236461791463843	0.267755590042278	0.638957754852533
TAG40:0FA16:0	0.383696363789157	0.870026937950621	0.274598829793114	0.675487490923876
TAG54:5FA16:0	0.611142259918842	0.810142968755227	0.258627935626334	0.666940902731259
TAG58:6FA22:4	0.969155346431294	0.792959595130574	0.280304380368209	0.672186547796367
TAG56:4FA18:2	0.323643916295465	0.532706578574293	0.268148927920295	0.683436384807254
PE(O16:0/22:5)	0.900918031784464	0.381944985283891	0.341941321100245	0.618843482010638
PE(O18:0/22:6)	0.459425399996526	0.920313048221521	0.264132674856105	0.693724567063871
SM(18:1)	0.940178568331953	0.569328145265726	0.212997245086788	0.738862637584858
TAG51:5FA18:3	0.407673030164339	0.306603765247747	0.256895039992512	0.698091598703645
TAG54:6FA22:5	0.726932165976817	0.978151960038958	0.266702688433184	0.67084430159203
TAG56:4FA18:0	0.949931800679257	0.984649544458493	0.265401564754396	0.670023873506066
TAG51:3FA18:1	0.984361122045891	0.845916144835211	0.265334972148981	0.657853242295349
LPC(18:0)	0.196192633961323	0.0330639259450777	0.111008795093125	0.664297084246979
FFA(20:5)	0.891170755755845	0.42427205862656	0.268380602990235	0.645871883495168
TAG54:6FA18:1	0.0285227054925867	0.0847606538890869	0.247243632146397	0.676340751662778
TAG52:6FA18:1	0.212061805601449	0.195325835681587	0.280932255376382	0.772559202690103
PC(18:2/20:2)	0.0479049435508175	0.0665445687796838	0.107112608060394	0.880333353435161
PC(16:0/22:5)	0.450231225399732	0.564855663729006	0.221338825983467	0.749347052174825
TAG45:1FA15:0	0.427958465006286	0.25521292033017	0.237646583088879	0.634898191504137
TAG50:3FA18:3	0.927169906717116	0.84000445214695	0.266402033955273	0.663704332728766
TAG48:1FA12:0	0.528774755746988	0.90180048292058	0.262292165750434	0.66545541760224
TAG52:6FA20:5	0.827631464338101	0.977653781620773	0.265952399808193	0.669153879006915
TAG53:5FA20:4	0.241145607842897	0.387141164478233	0.242643263462275	0.655036531609619
CE(20:4)	0.461688678417858	0.725565536885471	0.257133610568123	0.660060572197636
CER(22:1)	0.16718543590939	0.687789079183391	0.336146527326496	0.621500751722646
MAG(18:0)	0.256673771798935	0.0248941791400844	0.245375519857449	0.787638555003566
TAG48:3FA18:3	0.913183100507553	0.735891298336798	0.258805345927039	0.669965917425039
FFA(18:0)	0.456447933643879	0.818656102408638	0.265828842530173	0.67170569750088
TAG52:4FA18:2	0.385485382110055	0.338314083896552	0.248415717224909	0.691547011545934
TAG42:1FA18:1	0.487822779075002	0.897847198527845	0.262270824878207	0.666196063715194
TAG60:10FA22:5	0.556257963118681	0.944292068327401	0.267629590676726	0.673892340329224
DCER(26:0)	0.584010038119573	0.481245502789437	0.270151330484568	0.692430498108643
LCER(18:0)	0.73724320599017	0.428625142149175	0.198028863295036	0.728149247363435
TAG42:0FA12:0	0.38393142452156	0.902506206568951	0.268766421066858	0.676167698398658
TAG51:3FA17:0	0.439265923062372	0.742952974496797	0.277401069712419	0.652079108961488
TAG52:6FA16:0	0.359767002873332	0.133842197825625	0.267612682013072	0.687887472316852
CE(22:4)	0.678696592431824	0.693331750485701	0.293962647840473	0.6819039825377
TAG48:4FA14:1	0.376496455308056	0.93514132096741	0.264275529281078	0.674949486645987
TAG50:3FA18:1	0.938396762971397	0.952410156751878	0.266153970310243	0.667327123182456
TAG53:4FA17:0	0.767552566563434	0.813949751504538	0.269938251894132	0.661703801561266
PC(16:0/20:4)	0.456060726583781	0.660529849333146	0.260500274436039	0.6663721564406
TAG44:1FA18:1	0.989450783425164	0.376709832014306	0.226796297388124	0.647733958828006
TAG48:0FA16:0	0.492649587028136	0.622005035383661	0.246491723830574	0.689539886470759
DAG(16:1/20:4)	0.186762894440196	0.387211563808437	0.260733431954917	0.676355257904178
PC(17:0/18:2)	0.419811252624457	0.824070995485453	0.332572654274388	0.643765493580338
TAG54:4FA18:2	0.150678473110535	0.189118935222539	0.264438149581504	0.688094962014344
TAG50:0FA14:0	0.598625753479865	0.165947725003655	0.20417644996614	0.625278362482163
TAG58:7FA20:4	0.587333877923267	0.41316627612771	0.245481355134732	0.638453882358986
TAG52:4FA18:3	0.398898573948817	0.192353224533373	0.266981137032121	0.688735644566992
FFA(16:1)	0.814379726116128	0.422762213858845	0.228275235852826	0.739022609029569
TAG51:3FA16:0	0.505650496829342	0.582825965823934	0.263631394361445	0.663884094094754
TAG50:4FA18:3	0.90047385908974	0.40107557249239	0.253737131538904	0.696807305970653
TAG54:4FA20:3	0.577734517297494	0.716997993271648	0.253941470704244	0.66110016315462
PE(O18:0/18:2)	0.769768627401503	0.846969334204465	0.311723833659785	0.652292765063381
PC(18:1/20:2)	0.674925437724762	0.898588054704699	0.272367419916932	0.676123325792844
TAG49:2FA18:1	0.34290668808391	0.41077205206793	0.258372517040966	0.621642768497731
PC(18:1/20:4)	0.749917150018139	0.939385847577569	0.271446639127966	0.672074397313103
TAG47:0FA14:0	0.502751206723169	0.352365192607903	0.231761802364841	0.652646905799287
TAG52:8FA18:2	0.840244319874585	0.710715220616777	0.261049082353635	0.665341643113225
FFA(22:6)	0.741911762692124	0.9397073046736	0.263817195436112	0.665085550894169
TAG47:2FA15:0	0.426404343163236	0.288511462602244	0.246053245098765	0.635467886696007
TAG48:2FA18:1	0.994002228731973	0.730559136051978	0.257610590926933	0.652495682069778
TAG55:4FA18:1	0.522912133761518	0.862652882765707	0.272296543076734	0.6664667138169
TAG52:3FA14:0	0.789688713356526	0.49970818526043	0.265240005427841	0.625529209838976
TAG46:2FA16:0	0.649908311173113	0.876901732448388	0.261657913280635	0.666218633870873
TAG54:4FA20:2	0.688531752372521	0.846282345173846	0.263356523516201	0.686827510919042
TAG48:4FA20:4	0.951216270749039	0.549204520192778	0.245341232866502	0.64943965193458
TAG56:3FA18:1	0.432680628732326	0.607719103146003	0.279007759577206	0.690699917512858
TAG54:7FA22:6	0.901182691665586	0.767722663004691	0.264434217793476	0.697231422664392
TAG49:3FA18:2	0.439810355859573	0.559850657771065	0.272943356981802	0.641833072185808
TAG52:3FA16:0	0.756944561745072	0.560587572645932	0.265311321391279	0.691201768558777
TAG54:8FA18:2	0.057244541406102	0.194345278500043	0.258051005618542	0.649649654395427
TAG54:6FA18:3	0.0401345465869609	0.108921009417855	0.238625205858876	0.653661193449754
TAG56:8FA22:6	0.287615777906938	0.553580238276118	0.272235716110394	0.719666234980899
TAG58:8FA18:1	0.0918617200605242	0.269547585787796	0.299787767126926	0.774195368782543
TAG55:7FA22:6	0.638720441581786	0.967380353623517	0.266512343686607	0.678107220038407
DAG(14:0/18:3)	0.521609401146116	0.511569874046121	0.260848368327861	0.686624928844549
PC(16:0/22:4)	0.637133643407275	0.576398884502663	0.288199537242207	0.705032693033422
TAG56:9FA20:4	0.970406693600059	0.934215062346145	0.265917158456378	0.669236727050321
TAG57:8FA22:6	0.26953560145552	0.546775554357728	0.268519915175864	0.720642560047819
TAG56:2FA18:0	0.971935557479969	0.753258904929716	0.25551581688285	0.661153668326097
PC(17:0/20:4)	0.188093800810535	0.885735841847028	0.263366751937503	0.678241453455993
LPC(20:2)	0.165518159607816	0.0894738807265462	0.188460540704125	0.602951865133753
TAG45:1FA18:1	0.491922160521673	0.2124029414006	0.220543925917952	0.637529633306251
TAG52:5FA20:4	0.216249329544089	0.544499598138994	0.246055724582654	0.681910469153007
PE(18:1/18:1)	0.455699379990907	0.408826288895536	0.272638101156593	0.677292675087176
PE(P18:1/22:6)	0.779902672262205	0.701684709317881	0.24172871063199	0.767093953230671
PI(16:0/20:4)	0.288761043926303	0.689100522720044	0.325646399223814	0.676268583632061
TAG49:3FA15:0	0.573628600182627	0.848984175826224	0.268271254430962	0.662038869768856
TAG51:2FA18:0	0.538887541353745	0.290219794404256	0.237825457895365	0.668427352190512
LPE(20:4)	0.9559770203138	0.927751302616313	0.265658871339286	0.662882957055647
TAG44:2FA12:0	0.561638937833368	0.813036903585713	0.260051410438974	0.662415434522714
TAG56:1FA16:0	0.352867749499078	0.243000454558643	0.221284896309849	0.649348670291996
MAG(15:0)	0.112864810177176	0.325493863538315	0.278143290534455	0.683880020191004
DAG(16:0/18:2)	0.937959616926439	0.9864837145719	0.265776708577239	0.670089222572464
HCER(20:0)	0.0434526482876565	0.0657481415146878	0.137506261724234	0.823285744690866
LCER(24:0)	0.812988769513956	0.995313193312495	0.27354110029965	0.670079793869829
TAG49:0FA16:0	0.343415330582906	0.305116069417479	0.225801538147629	0.680031978944933
TAG50:3FA18:2	0.733465750624102	0.94629586496866	0.265018334836819	0.673457986942852
TAG55:7FA20:4	0.797853273163449	0.544341878368919	0.287537669937271	0.641637759932931
HCER(22:0)	0.298625936498667	0.367630062807954	0.211892257427583	0.729103033109372
TAG58:7FA22:5	0.246973211207435	0.455686620166893	0.295399323718317	0.725457767313452
FFA(22:2)	0.968475469306987	0.906184836248201	0.26818397580091	0.677326798139444
TAG44:1FA12:0	0.948996489450612	0.541161465813557	0.250501839607353	0.641560703542514
TAG46:0FA12:0	0.546356883582571	0.871460615762478	0.261070869603958	0.664069220795985
TAG52:6FA14:0	0.734280697775179	0.738336031047593	0.258993006671899	0.654422547870636
TAG51:2FA17:0	0.291641645608323	0.337823986381541	0.264229205983471	0.653732572531605
TAG56:3FA20:0	0.606420980257518	0.874493945480579	0.268741238125379	0.669805658870259
PE(P16:0/20:3)	0.166249286512764	0.121080419637044	0.436416622899839	0.496490216642477
PI(18:1/20:4)	0.256649806896804	0.777703524762527	0.302161363866207	0.683607641848814
DAG(12:0/18:2)	0.466318606521415	0.832778018556325	0.27013093668894	0.67079322744273
TAG52:2FA16:0	0.875767986176185	0.859469290516182	0.267938545925969	0.677059913064757
TAG52:3FA20:1	0.944712263551005	0.687210782500982	0.265911133822628	0.647194916724976
PE(P16:0/22:6)	0.40336276663838	0.357721906907842	0.198609264181454	0.887228273020659
TAG56:5FA22:4	0.484162611144988	0.764780106145252	0.253403697998164	0.678723589633297
TAG56:9FA22:6	0.25129364033462	0.47282155070665	0.269230317851597	0.725899167084677
TAG55:7FA20:3	0.608259221800936	0.901302255185693	0.272043890390653	0.668964649280987
TAG50:5FA16:0	0.925115055235966	0.538128599234972	0.27384369135682	0.692770582593882
TAG56:3FA16:0	0.450890176581259	0.323627605247367	0.248402876588116	0.64878496078641
MAG(18:1)	0.420401888516359	0.86241088400331	0.269362216840925	0.691424614317204
PC(18:1/18:2)	0.71666939190465	0.772238940010339	0.352489656040206	0.656737608525028
TAG56:6FA22:5	0.470058382440857	0.637213237089457	0.278522901065747	0.696706499938653
TAG57:3FA18:2	0.130527884102089	0.466748451487455	0.278415335410666	0.718741629946632
LCER(18:1)	0.967662631348542	0.843967642811146	0.275325156638911	0.664636027023038
TAG52:8FA16:1	0.263261152766261	0.322881720585434	0.251205551409526	0.646912714276628
TAG58:8FA22:6	0.143367307121046	0.351300620412464	0.288550497662434	0.759387375183736
TAG50:3FA16:0	0.606184215313411	0.729308263221399	0.259455832105594	0.676140105343505
FFA(24:1)	0.303051798132161	0.450503190500168	0.246731946076393	0.676625317480029
TAG55:7FA15:0	0.615913020454126	0.856124082843722	0.267169275680739	0.653616985786336
DAG(16:1/18:3)	0.553668791470798	0.87555478356548	0.26393510582119	0.672128291469477
CER(20:0)	0.773455074973053	0.749720894194142	0.249666927871126	0.720173496808957
PC(18:2/20:5)	0.361379467849038	0.81397024830671	0.277186955258581	0.649522977068493
TAG52:5FA18:3	0.259401509665111	0.114749522775126	0.242205854325437	0.668464350006891
TAG51:0FA18:0	0.406247843039061	0.218835906123617	0.212193204767462	0.668777336495933
TAG55:3FA18:2	0.387577436708702	0.964085369109199	0.267680699791402	0.668925839346152
TAG42:2FA18:2	0.333364371640101	0.935097605621527	0.271764179491354	0.671372194077542
PC(14:0/18:2)	0.649494252103609	0.568505494503511	0.404886839902269	0.606102659070901
TAG50:3FA14:0	0.947571232894767	0.820858958650697	0.267139932518611	0.657608550561838
TAG54:5FA20:2	0.419047868245055	0.484507290162709	0.247940910436678	0.724567991023227
FFA(20:3)	0.989766940479045	0.978192239061725	0.264979043694462	0.672421342203772
TAG56:6FA16:0	0.478282397709785	0.509979048042149	0.274722167453762	0.705038594479853
PI(16:0/18:1)	0.18752935948058	0.129010021605891	0.400334264671985	0.784085268319298
TAG52:3FA18:3	0.585736914727891	0.463435106056083	0.269226687294171	0.66847950913104
TAG58:10FA18:2	0.176211299810905	0.527246663826749	0.276894767329128	0.711652215992108
LPC(16:0)	0.0550095665250155	0.0134624029385756	0.162985484634135	0.624382106677555
TAG44:2FA16:1	0.336404897115288	0.302956774221687	0.246683184094454	0.641146534754889
TAG56:10FA18:2	0.377262210076146	0.916744239133006	0.269021213629008	0.668289250422351
TAG56:5FA18:0	0.638514620013095	0.851300606874766	0.269675031851877	0.681824025522088
DAG(14:0/20:0)	0.0177024491825967	0.000315540984946232	0.570425197329321	0.527353753468416
TAG52:1FA20:1	0.333816482192925	0.276329748736311	0.223190801746298	0.673947509003779
CE(14:0)	0.539927916891153	0.182570090360608	0.452561408343164	0.539195100233751
DAG(18:1/22:4)	0.941047115506172	0.737697926524007	0.259428804805391	0.659934815029344
PC(18:0/20:3)	0.0226062594272923	0.0491505751105957	0.651148870202307	0.556228838980107
TAG54:2FA18:0	0.630542488189704	0.760986785903132	0.275467587617622	0.678650601308634
TAG56:7FA22:5	0.411672677262012	0.624739558644645	0.271958404572895	0.692497819585704
PE(18:0/20:3)	0.148953556102021	0.293423044078832	0.436065430528986	0.561998601285778
TAG51:1FA15:0	0.30988818387544	0.103681261772136	0.199692021568038	0.633412605355561
TAG58:7FA18:1	0.136369574272303	0.166443226251969	0.292188075059822	0.808465774662647
PI(18:0/20:3)	0.268583997545809	0.24431677045303	0.536391093791355	0.531023454958117
TAG51:4FA18:1	0.605649525253566	0.433055194401638	0.260953423390851	0.693182660168398
TAG52:6FA18:3	0.145981738735344	0.0613534108681567	0.211966686466656	0.703288203156618
TAG44:2FA14:0	0.482777537723539	0.903833016941334	0.262787540117904	0.666318633401457
TAG50:5FA14:1	0.905092814310552	0.722844076370308	0.26817067589348	0.671161956452411
TAG54:2FA18:2	0.888163285397646	0.897347674531108	0.263628777055924	0.667917666503042
TAG48:2FA16:0	0.300987421505516	0.339698855238061	0.24927806765371	0.663627922019511
TAG56:6FA20:2	0.218290424068111	0.577463095312741	0.250049132914265	0.707484665256336
TAG56:5FA18:2	0.281537781420142	0.559073727926493	0.255762675317795	0.702968422106707
CER(16:0)	0.343049983859684	0.473015197458337	0.338884281534493	0.5618519258748
PC(18:2/18:3)	0.697965581110107	0.932909722873048	0.265292898415709	0.671617058885775
TAG49:2FA18:2	0.324888533370371	0.16062189210793	0.239140666714168	0.662060953649541
TAG54:3FA20:1	0.791122919115478	0.940733488551313	0.266234312438006	0.674603111385548
TAG44:0FA18:0	0.671051511585044	0.601927869291668	0.264419267756851	0.670734821234692
TAG54:1FA18:0	0.744081139942851	0.964694059223626	0.26508076019517	0.668699713635994
FFA(20:1)	0.460233044446663	0.658124088808864	0.276559873622946	0.702330193992886
TAG48:4FA14:0	0.755730878288225	0.867943664311607	0.262970293879259	0.681821790056734
TAG48:3FA16:1	0.441933057593007	0.976346781393532	0.26784552132942	0.669146574428072
TAG49:3FA18:3	0.728388854087753	0.815834019435586	0.261810124864531	0.670947955186964
SM(18:0)	0.634070909149946	0.513957242524716	0.208724061839427	0.749433257203217
PE(P18:0/18:2)	0.614085736312316	0.983365063735362	0.283015543494308	0.680044579147678
TAG53:2FA16:0	0.72996783993411	0.439925416478692	0.236151507006335	0.681788661546996
PC(18:1/18:3)	0.988839795567866	0.64481159726262	0.229979374915777	0.702626325551981
TAG53:4FA20:4	0.215907455197364	0.187506168134483	0.226383477573787	0.664237395200214
TAG46:3FA16:0	0.549079158435605	0.985888889630125	0.267043242863091	0.669979406725448
LPC(18:1)	0.180009005249487	0.0909865519687454	0.227007994038843	0.570329286825409
TAG50:2FA18:1	0.397127914108602	0.67136202430703	0.264096739045417	0.651903324684101
PI(18:0/18:1)	0.249627629157571	0.0991785156464131	0.406050515906784	0.845940630049065
TAG48:1FA18:1	0.385023986344044	0.247046487847152	0.228868479013211	0.64456617666066
TAG54:4FA18:0	0.206639307015898	0.391686948928171	0.255101005214964	0.66794762006321
TAG54:6FA16:1	0.504835734269208	0.971691883853225	0.265468153409082	0.672404648156147
TAG56:6FA20:4	0.824804250269649	0.835294902336963	0.259632109505834	0.666976102200679
PC(20:0/20:4)	0.297174995573297	0.471851575518602	0.252325314712468	0.70069217910121
TAG54:1FA20:0	0.336644051369098	0.136071928960152	0.210697368821607	0.629294703443847
TAG44:2FA18:2	0.69392909591353	0.542061407057365	0.242251151889866	0.667317682475865
PC(18:0/20:5)	0.371714663564292	0.985756392334876	0.26736573494262	0.671992937232202
TAG58:7FA22:6	0.325222274627238	0.599523908343698	0.272925985566414	0.725807529508712
TAG52:3FA22:1	0.58107360715906	0.536891820897173	0.263023794880393	0.69502091006878
CE(16:1)	0.174743946372816	0.144021986255928	0.482339656313005	0.604890233778236
TAG54:2FA20:1	0.91420049168029	0.808092422913292	0.257274857778789	0.660842919757222
TAG44:1FA16:0	0.372620339050335	0.142573347035777	0.200404759385284	0.652983163265937
DAG(16:0/16:1)	0.422041107841137	0.656176109482027	0.262812923716209	0.660206630557841
TAG46:3FA14:1	0.21246598257942	0.271894722752434	0.251775158130515	0.632799139000717
TAG52:6FA20:4	0.277145958460771	0.561811712006123	0.251595662401414	0.669501779542097
CE(16:0)	0.57101531352511	0.910441389406109	0.26610683057294	0.67716288088849
PE(P18:0/20:3)	0.402925305939589	0.470448918680217	0.364971414883022	0.567898116328323
DAG(12:0/16:0)	0.521138955807843	0.792349564659245	0.253302579177158	0.6823717745589
TAG45:0FA14:0	0.602105132438644	0.505824837251244	0.239879389381379	0.657889505338944
FFA(18:2)	0.272463779506306	0.233686085567233	0.218703116976778	0.707976841556978
LPE(16:0)	0.300553894751192	0.0353082825406529	0.152649075713021	0.761781514860923
CE(20:1)	0.244914131179578	0.502925791546569	0.229440515992797	0.648709897807838
DCER(22:0)	0.1743816229377	0.0738635051587482	0.34793547128709	0.578939387046789
PC(14:0/18:1)	0.256797858885129	0.311935190339687	0.429596450272224	0.548216679001124
PE(18:1/22:6)	0.581181884173283	0.282327633488081	0.172669191511377	0.955574729387713
TAG48:4FA16:0	0.658658945218725	0.993321680199469	0.26505120245156	0.670161666961061
TAG54:2FA16:0	0.795064297398249	0.645324063781918	0.249867930212382	0.653874167125175
TAG58:9FA18:2	0.104502123552566	0.353611542040002	0.280631725831952	0.739450286067406
TAG52:5FA16:0	0.252055808503465	0.208805095136996	0.256689547373392	0.653261797316694
FFA(15:0)	0.624393501838148	0.877822270354687	0.261552918244708	0.680543658589708
TAG52:5FA18:1	0.242712056250304	0.082334305864176	0.223862098707626	0.807927657099996
TAG54:5FA18:1	0.06547972400845	0.12899249840572	0.257659485496821	0.664342112206242
FFA(24:0)	0.397473036625763	0.487116364026124	0.231167767383416	0.843547858590025
TAG54:5FA22:5	0.438862279943853	0.537275755821821	0.243123146744384	0.671697760527165
TAG58:8FA18:2	0.16750724495955	0.306038551685488	0.27681125787026	0.742217689644357
TAG44:0FA14:0	0.881508554440712	0.552477805041991	0.242833385052208	0.651657136175346
PE(P16:0/18:1)	0.951594051547915	0.583553238230086	0.3196278503153	0.607287463851842
CER(22:0)	0.304604352951484	0.130366295869179	0.371387178226934	0.487305385664824
TAG52:4FA18:1	0.327231297904354	0.139726843151311	0.227811752845926	0.765491739569017
TAG58:8FA20:3	0.393743604848535	0.26528325427992	0.248205354178625	0.631974668547229
PE(18:0/22:5)	0.987136789178911	0.396494277702801	0.204294972591732	0.787929207891639
TAG47:2FA18:1	0.323320254987373	0.174119257008097	0.227518597771084	0.610181323318686
CE(22:2)	0.275875969519202	0.894665187719118	0.261309848042774	0.673640905119174
TAG55:5FA18:2	0.63974034642606	0.839410067055411	0.266206696798428	0.682128189364354
TAG52:2FA14:0	0.521351096803821	0.163703690315258	0.235694179781516	0.604119892998153
FFA(22:4)	0.306712843046419	0.407558250843393	0.246879358257546	0.735329164631247
TAG54:1FA18:1	0.832058194697677	0.871845471792356	0.260419196272592	0.664997804191346
TAG40:0FA14:0	0.588653958964725	0.849294363847909	0.266253638057468	0.679345964062496
DAG(16:0/22:5)	0.971794983558525	0.929386675248614	0.264998331439898	0.667684573514259
DAG(18:0/22:6)	0.33253872451805	0.303421123000924	0.312679026122935	0.665627074528338
TAG47:1FA16:0	0.249186987996661	0.237765588170413	0.226539832080021	0.658900170316512
DAG(18:1/20:5)	0.324160901082238	0.876266430954203	0.268364011275563	0.681257414118777
TAG54:3FA16:1	0.748588598001421	0.702017537038529	0.258269357585006	0.706411765697006
MAG(16:0)	0.462129734411126	0.10000052727015	0.307250556175229	0.757770515519723
PI(16:0/18:2)	0.332331880818206	0.517979352030705	0.353802598845817	0.716872422097891
CE(22:6)	0.409585203480287	0.678237993623361	0.244355798943664	0.741493942077219
TAG46:4FA18:2	0.717543233554671	0.350832206784393	0.232640826783379	0.734370438393306
CE(18:4)	0.989911892542307	0.746051197642845	0.304524443022712	0.650863071944129
TAG54:2FA20:0	0.726389400733584	0.492941468307862	0.251597167317212	0.664601517185964
TAG56:6FA20:3	0.840050976427006	0.982251814468896	0.265497060498429	0.671026043332452
DAG(18:2/22:4)	0.340410913701075	0.744897251293112	0.262173546743486	0.686099231720849
DCER(24:0)	0.241504860182682	0.136247479658677	0.345274032005164	0.503216831633639
TAG58:6FA16:0	0.646754762119875	0.697335463685786	0.253244764674796	0.706264138934736
PC(16:0/18:2)	0.53185195021855	0.862631899176258	0.333869864359068	0.655378221430941
TAG52:3FA18:2	0.782130383306757	0.619492636797256	0.265235736206612	0.688321397338895
TAG48:0FA18:0	0.850095069183371	0.395132461155101	0.228819372108217	0.648653831751518
TAG58:7FA18:2	0.533018235034219	0.667190617190341	0.266130036651239	0.69513014462508
TAG50:1FA16:1	0.222697671525184	0.600263637161358	0.257555429811708	0.667926931031967
LPE(16:1)	0.110675133827245	0.501231712413888	0.290235045734247	0.681329341547827
TAG48:1FA14:1	0.122823377378004	0.128581267017118	0.210849693026121	0.668523841822938
TAG51:2FA18:2	0.366447883201887	0.256520021585079	0.254408737390978	0.664072438903543
TAG50:2FA16:0	0.404174380774936	0.738587762143894	0.26385604504353	0.673884964318708
LCER(14:0)	0.313707643152139	0.166514978674652	0.397887572888146	0.574347187808202
LPE(22:6)	0.699659381208925	0.728153291680274	0.260351408942335	0.704466911953309
PE(18:1/20:4)	0.567915276756184	0.105829295108747	0.152080414568428	0.880086893114884
TAG54:4FA22:4	0.228431133884022	0.363540424745215	0.222399988110343	0.721990979857653
PE(16:0/18:2)	0.655598685869928	0.871566221913209	0.291978178774661	0.658102508839286
TAG50:4FA18:2	0.552390853642225	0.703978086834031	0.257699971413369	0.685643258430906
HCER(16:0)	0.900898209154415	0.757569650978128	0.251412205892302	0.693082017354424
PE(16:0/22:5)	0.732903058473527	0.67043317641264	0.236992436536532	0.759944936539766
PE(O18:0/18:1)	0.892370178628291	0.851357736620913	0.259024647642591	0.685392513197229
TAG44:1FA14:1	0.22973580713534	0.265264280790659	0.227590234333651	0.654409066018513
TAG56:7FA20:5	0.104812489691753	0.368908910039696	0.301712087994495	0.738033200220116
TAG45:0FA16:0	0.477125061064764	0.329846187274829	0.224719444537486	0.659954883915004
TAG46:0FA16:0	0.695790351473441	0.507975669788042	0.236674532668854	0.670118540487754
SM(24:1)	0.23187537211698	0.601642467792364	0.365592252769283	0.620982961993
TAG52:7FA22:6	0.592008424927311	0.630076697470101	0.272303600941415	0.702736219776174
CE(20:2)	0.468953070368528	0.347734862094663	0.433078961505803	0.656137883050326
TAG54:5FA20:5	0.483014323641744	0.981851134171566	0.268396125506776	0.672457029552116
TAG45:0FA15:0	0.494685989222342	0.429956444909974	0.236337468284375	0.661603738156789
TAG56:5FA22:5	0.839902625070543	0.948912541946346	0.269130955030552	0.673461447320724
PC(18:0/16:1)	0.145010858378583	0.362810830367869	0.379634286385334	0.62078409198786
TAG49:2FA16:0	0.242915862077834	0.220746101111884	0.244502599689983	0.665010280601702
CE(20:5)	0.237546255570482	0.935232706857682	0.269150876294833	0.664342734991437
HCER(22:1)	0.364754923820777	0.311303755799856	0.179658946890756	0.780646872286927
TAG49:1FA16:0	0.161871300448794	0.147509145103379	0.220426926971387	0.665964370181285
TAG56:5FA18:1	0.681978601825717	0.745662288115354	0.270763524850964	0.687580331298081
TAG53:4FA18:3	0.747403501303912	0.782186235631503	0.265001495269708	0.674051908541941
PC(20:0/18:1)	0.961601050015535	0.929489044816737	0.284657122100075	0.663218121604054
TAG54:1FA20:1	0.721215997454258	0.527794678477812	0.232922065008655	0.658930270652069
DAG(12:0/18:1)	0.525018748599693	0.82085259318162	0.258765681008967	0.66346158031261
PE(P18:0/22:5)	0.503677138851158	0.532227301145604	0.328173880188933	0.606322142071246
