chemID	simpleLRM_Fstatistics	multiLRM(chem_sig)	multiLRM(sex_sig)	multiLRM(age_sig)
TAG52:0FA20:0	0.177961668040944	0.0551503104376426	0.235660353080172	0.659554520405021
TAG58:6FA22:5	0.428668851820524	0.637489488327927	0.301951769025795	0.708713832369735
TAG50:1FA20:1	0.477539133043953	0.22178321734545	0.247887176211576	0.651801413864034
TAG54:6FA20:3	0.656037356525596	0.287042082120797	0.280887564310282	0.727439190751706
CE(24:0)	0.284812810786469	0.765189284108425	0.274105616039618	0.696413318827726
LCER(22:0)	0.737554172380093	0.924516641383748	0.290402900426061	0.681688639664604
TAG48:4FA16:1	0.745558012249734	0.423092270595636	0.265004397408135	0.732561680035044
TAG51:4FA16:0	0.975588567833414	0.702765953279221	0.28937451066511	0.678475209202185
PC(16:0/18:1)	0.844633489572148	0.639936322835128	0.351814463861934	0.627998120845892
TAG50:3FA14:1	0.37164172263638	0.394946967687117	0.282550924886908	0.643993890856007
CE(17:0)	0.922449622620931	0.356631308111597	0.354415239841395	0.626386865808787
TAG56:6FA22:6	0.643796582396118	0.720371656997678	0.290363831873269	0.713401940684614
PC(18:1/16:1)	0.519168568779171	0.981368875648769	0.324296524128983	0.678747261118753
TAG53:3FA16:0	0.923615725627322	0.863397874511365	0.28562400491873	0.678537378905707
TAG54:4FA20:4	0.558446914560676	0.845598990667453	0.281280622396115	0.677530912733854
DAG(14:0/20:4)	0.121041728735251	0.0271874986004536	0.253929587898505	0.608041455611995
CE(18:2)	0.249189110184326	0.366947008567925	0.191934641259223	0.733624330639878
DAG(14:1/18:1)	0.877435732181346	0.811598779383726	0.304507699026131	0.684550730712198
DCER(20:0)	0.21660139477126	0.0736964969096559	0.225807533483338	0.839707727465842
LCER(20:1)	0.428065421153595	0.0859692447102742	0.49446569561012	0.541438716051948
TAG54:3FA16:0	0.840015565156656	0.882112451905121	0.29145597372165	0.686656658789888
TAG48:3FA14:0	0.910052834181121	0.782356688259717	0.284212778479023	0.692236338575709
TAG56:1FA18:1	0.441306191472281	0.216571849144309	0.243603939404363	0.639145870954162
TAG58:9FA18:1	0.12762111163453	0.334452555825414	0.312015453212166	0.764198640800184
PE(P18:1/22:4)	0.834232739843855	0.869971539932438	0.283488645084293	0.667496015611533
TAG54:4FA16:0	0.919052330460595	0.933426462840572	0.291586199547877	0.679786121539772
PC(18:2/16:1)	0.875189868406613	0.862978224280426	0.307881846002592	0.710326487782527
DAG(14:0/18:1)	0.782551764088875	0.454804531871734	0.263535607947945	0.649302742725136
TAG46:2FA14:1	0.173593404071617	0.388589683780935	0.272601653041032	0.654205853490824
TAG52:4FA20:0	0.304825519547456	0.256814878853943	0.278960645733994	0.685112115461404
PC(18:0/18:2)	0.919433044159151	0.765514321660355	0.415206689082594	0.646951408763747
PE(P16:0/22:4)	0.566432061307122	0.976161098136729	0.297487628123984	0.677072363805694
TAG50:4FA16:0	0.910927722220521	0.231800350135956	0.277608671841129	0.716836983749559
DAG(18:1/20:1)	0.64224987419483	0.974345343038133	0.289577234093564	0.68095277253423
LPC(15:0)	0.76324351331469	0.0689868993255831	0.155825806129738	0.79737033485107
TAG48:3FA18:2	0.614831205838703	0.818022053647107	0.290636283831161	0.687445378699683
TAG52:6FA22:6	0.80324051782674	0.885930095892789	0.288278683763471	0.668871649953906
TAG56:7FA18:3	0.337696032266194	0.41826419475826	0.286963972610798	0.697456861733425
PC(18:0/22:6)	0.859092467662158	0.940207675403185	0.291884084637494	0.702767899642626
SM(26:1)	0.441415789568953	0.539913589855705	0.366545293169989	0.625148765175553
TAG48:2FA14:0	0.654382729518484	0.70565382487604	0.284615711041486	0.669412845259694
TAG48:3FA18:1	0.385029531595714	0.754360604192071	0.295627209150604	0.689580973652805
DAG(16:1/18:2)	0.747969926730523	0.602464036422138	0.264962757060873	0.706880347025732
TAG53:6FA18:3	0.670962237918469	0.728579693131276	0.309104191909384	0.683256022982936
PC(16:0/12:0)	0.356479526302347	0.848357127331343	0.280474058709599	0.71156550592005
TAG51:5FA18:2	0.310102934522038	0.453737866371934	0.282383807930356	0.686895344589392
PE(P16:0/20:4)	0.821157857643207	0.872732686203177	0.28469057575226	0.689096983038071
TAG49:1FA16:1	0.292913774576256	0.618019380434728	0.280805822129542	0.673570050188303
TAG56:5FA20:1	0.0863025711161353	0.246572742127658	0.283528144557904	0.694410506110319
LPE(18:0)	0.732561840075188	0.192439180712841	0.170647370664474	0.754837923363946
FFA(20:4)	0.765199281304277	0.999664214714172	0.288312935852928	0.6772342403649
TAG46:1FA14:1	0.223874458849588	0.123226676243668	0.167481358728387	0.689977203649189
TAG46:3FA14:0	0.832241057028131	0.735020283978516	0.283324660209879	0.667162208774357
PE(P18:1/22:5)	0.713794486759708	0.373899485533403	0.396529159442102	0.605072592802471
TAG50:1FA14:0	0.616585136782492	0.306708185520839	0.248697342037563	0.641196208303965
TAG56:8FA20:4	0.870693999286556	0.93928743543162	0.289837544092661	0.675326585308414
TAG56:4FA20:1	0.205357665562133	0.359900385070711	0.30236301534737	0.705572458537955
MAG(18:3)	0.479547542400852	0.636214978229054	0.3793320127939	0.643278404487345
PE(18:0/20:4)	0.913686736020235	0.371796174308307	0.226727548505595	0.785416485299538
TAG53:2FA18:1	0.739751761633549	0.535891693168315	0.275592121552428	0.646671989183351
TAG54:7FA22:5	0.580851401817728	0.4649147101393	0.301177280106463	0.708654713486242
TAG60:12FA22:6	0.478771610276624	0.977787075022754	0.288885425475834	0.681437953471995
PC(18:0/20:2)	0.58582294846868	0.368949837893399	0.506428459210201	0.623097275885157
LPC(18:2)	0.0422031460059632	0.080076564534752	0.270528915114466	0.437677513894264
PC(15:0/18:2)	0.647136059593027	0.362830438364026	0.490528591485819	0.564029069548516
DAG(18:1/18:1)	0.451032563292185	0.501522471580148	0.292890988154527	0.728642375717099
TAG56:4FA22:4	0.49223975791277	0.78377766505608	0.276444256279791	0.686654530452975
TAG56:9FA20:5	0.112561709897049	0.405297899144025	0.309540379082869	0.724288732250518
TAG49:2FA14:0	0.440716805146541	0.376329868030586	0.278117316192647	0.645339259674726
PC(16:0/18:3)	0.426747256786657	0.253787384053104	0.188089234794553	0.76502463777901
LPE(22:5)	0.876439088268967	0.850434648083972	0.285822515305898	0.667869562816325
TAG54:6FA20:5	0.201942490240727	0.363474972124878	0.33791736582637	0.74488280156756
TAG56:7FA22:6	0.353857016123243	0.50805033795657	0.297104027091389	0.739587902253888
TAG51:4FA16:1	0.923176537611806	0.357233217415689	0.250908416926905	0.765895314353805
TAG52:5FA20:5	0.653056001184307	0.86074801330447	0.295415630272469	0.683327527868078
SM(20:0)	0.0926068352825122	0.350883565314977	0.190652907353993	0.762749841999545
TAG55:5FA20:4	0.4924869368475	0.384836575879194	0.255516196244848	0.649727061465624
TAG58:6FA20:4	0.985101743762264	0.788562762971471	0.282558732570814	0.661734516113816
PE(O18:0/20:4)	0.689029966109316	0.754240171980645	0.296685320563212	0.665961374828445
DAG(18:2/18:3)	0.257012269357296	0.157111118909795	0.278309000237145	0.684039164962541
TAG48:4FA18:3	0.294396848706156	0.335520841094894	0.303668233671443	0.712393170550688
TAG52:0FA16:0	0.760961016211458	0.578044629760315	0.26182612887821	0.670137387198768
TAG58:9FA22:5	0.140755219626059	0.312381156522267	0.309072852448342	0.71075432984257
TAG58:9FA22:6	0.116235031989125	0.324324487253846	0.312279840924001	0.766508564972285
PE(P18:1/16:0)	0.615308686342233	0.758484209645407	0.311573179432822	0.643420446773531
DAG(14:0/18:2)	0.751021873351003	0.53618123523037	0.283266592452477	0.671130717234547
TAG54:0FA18:0	0.646046039887233	0.965032034657608	0.288247214901458	0.675634317976002
TAG56:2FA16:0	0.303121344071335	0.247802854033395	0.251829839112787	0.672186312323588
TAG56:8FA22:5	0.247779902377409	0.309188538407504	0.291496798271752	0.740229469670086
PC(16:0/20:2)	0.942196489277225	0.739498127771891	0.352753540466055	0.643163281950123
PC(15:0/18:1)	0.5730625133449	0.322806805655202	0.481845885020841	0.524768355351846
TAG56:7FA18:2	0.340477038791301	0.511555964282349	0.289377089179592	0.70608514546405
LPE(18:1)	0.871888843931237	0.933807916009616	0.289081753400198	0.670995614255197
TAG50:2FA16:1	0.335892117709125	0.959813838748231	0.288771969526499	0.678214243410012
PC(17:0/18:1)	0.844356340666359	0.0745029537893082	0.490556713437452	0.413919966297445
DAG(16:0/18:1)	0.784129344276084	0.77121593771241	0.282774871361373	0.673946514587106
LPC(22:5)	0.15078614869708	0.400802578545711	0.285943022134288	0.62276620964177
TAG46:0FA18:0	0.538587031691328	0.848453421803039	0.282367682114228	0.670514272101887
PE(18:0/20:5)	0.544773661451048	0.914802997597669	0.286962689228441	0.669751330103861
LPE(22:4)	0.519308967686761	0.484664644149624	0.279863773115728	0.781272436123141
TAG46:1FA18:1	0.871331496965145	0.622043878973484	0.271315848155455	0.658017757075088
TAG58:10FA20:4	0.363991943553323	0.270271245715786	0.292452451081257	0.642192045481657
DAG(14:0/16:1)	0.193058432789772	0.21902255512849	0.266656033326709	0.680764306256225
SM(24:0)	0.535113736139381	0.402298384242478	0.383996168472025	0.634696179017707
TAG53:6FA18:2	0.637588658181209	0.467044125577071	0.281826873496572	0.689103811711955
HCER(18:0)	0.10671536236197	0.125412544046323	0.140725451756781	0.869960760442152
LPC(20:3)	0.895321937724622	0.767923557091958	0.290379918843597	0.650524013811328
TAG53:5FA18:2	0.268414792556256	0.353241979563927	0.294110762366203	0.669385737530178
TAG50:1FA18:0	0.398630983757617	0.37163639040972	0.25667830567448	0.665444264107276
TAG52:5FA20:3	0.668037676191543	0.945770253519559	0.288823595620555	0.674190233454391
PE(P16:0/22:5)	0.904548926750039	0.983814572251496	0.297382562378705	0.678844387536552
TAG44:0FA12:0	0.539331427581526	0.949585406081811	0.287921757302965	0.675208254381438
TAG55:6FA18:1	0.376724596269015	0.624553672081865	0.307929736221675	0.693169961002164
PC(20:0/18:2)	0.342562703100421	0.776042725530195	0.271103930388337	0.710168013549049
PE(P18:0/18:1)	0.754262276161457	0.418672030412237	0.379726073502412	0.590650779245064
MAG(18:2)	0.385189721191588	0.907184965967676	0.286798596208373	0.669253531555295
TAG52:5FA18:2	0.119926680151075	0.0839527329261981	0.241401640576144	0.725059946886753
SM(16:0)	0.898088066357919	0.758398278320305	0.363654083100063	0.636356619021059
TAG49:1FA18:1	0.259545438298559	0.168836508928161	0.244453953353265	0.64512567882724
FFA(14:0)	0.58423458636279	0.771012669225136	0.280736685334411	0.70981092764718
TAG56:4FA20:4	0.921450738062582	0.981835456297865	0.2913999852853	0.679511275487674
TAG46:2FA18:2	0.535493303007097	0.944125699648439	0.287424876607189	0.675453386190312
FFA(16:0)	0.526772786236523	0.706317215657876	0.278599956876091	0.693910083910531
TAG52:5FA22:5	0.822202498397753	0.693969172786261	0.294859160722629	0.678574168714263
PE(P18:1/20:3)	0.215391701857052	0.209766368617429	0.422361392076691	0.599847086541466
TAG56:8FA18:3	0.442356023331271	0.28259267314614	0.281867803995067	0.709934406063542
TAG46:3FA16:1	0.749528899983807	0.76372107577239	0.286343086119984	0.694768854397589
TAG50:1FA18:1	0.512544432988356	0.734145184985839	0.278695174545922	0.681724831790508
TAG44:0FA16:0	0.607997981338744	0.897049655487495	0.284949813938328	0.673784320529757
CE(22:5)	0.906854347092077	0.917143601728065	0.292673960944445	0.684268477848606
TAG49:2FA16:1	0.330730238990831	0.783513768710101	0.28854202438459	0.665105864734197
TAG53:4FA18:1	0.904266821646283	0.756994373941566	0.284704043949397	0.657078060833489
TAG52:3FA20:3	0.357116846837485	0.611086289709304	0.275772366314436	0.686490274053326
TAG49:1FA17:0	0.267671185694343	0.235725153268586	0.256268035460639	0.660634284192551
TAG56:7FA18:1	0.213450039319342	0.271036340646114	0.313472703970076	0.765427164507278
TAG50:2FA18:0	0.645696118761067	0.407014003490519	0.272603923364074	0.668131966267741
TAG44:2FA16:0	0.701365001835796	0.376630769346551	0.246141563483821	0.70353535681284
TAG44:3FA18:2	0.89499352091077	0.605888104127603	0.266623843010394	0.700861643732277
TAG47:0FA15:0	0.482498790772122	0.543173134835353	0.264737197524992	0.680600861482575
TAG54:7FA16:1	0.933200959523495	0.504697692649228	0.286672829624398	0.730824954187785
TAG52:3FA20:2	0.660191563506692	0.910703813115818	0.289632792387528	0.67218677240481
TAG52:5FA16:1	0.176849965375107	0.0925586395417812	0.238234768701981	0.781569987547752
TAG51:2FA15:0	0.715099042374778	0.591321013795917	0.274653959707233	0.646235711938419
TAG54:7FA20:4	0.768267943149108	0.500482928024411	0.300087962998842	0.678959549515623
PE(P18:1/18:2)	0.893036337469443	0.546788027658156	0.393235145111086	0.616640342663502
TAG52:1FA16:1	0.402115949379111	0.495147302458575	0.27745724879061	0.652357954620069
TAG47:1FA15:0	0.333750740405228	0.323423665266769	0.258736009280468	0.650841420388037
TAG50:5FA14:0	0.215834129864345	0.335656787140488	0.285346363253532	0.688047371807074
TAG55:1FA16:0	0.257308509972145	0.416146962526079	0.30149047165608	0.742020886694861
TAG56:3FA18:0	0.969891846763075	0.857390873839078	0.28739824793185	0.665735606198301
TAG50:2FA14:0	0.867003268181167	0.748161154794608	0.284633973390987	0.657686440376067
TAG56:2FA18:1	0.855984879488898	0.888019817219145	0.284245565867585	0.67390026950418
TAG51:3FA18:2	0.86701526476595	0.948118760858729	0.288994564752462	0.674676557628629
PC(16:0/16:1)	0.122351119899607	0.180078555453319	0.427844370787242	0.588735199161877
TAG51:1FA16:0	0.293164156445483	0.281222160321245	0.250975309669989	0.679169542753522
TAG52:3FA18:1	0.620627819859279	0.322565395419321	0.283745464858715	0.726871750566417
TAG56:4FA18:1	0.366775563268348	0.462223101291079	0.290816024183624	0.732973862850128
TAG54:4FA20:1	0.323566740661219	0.298718269550089	0.263606408086817	0.747262374682806
TAG56:7FA18:0	0.135896527436993	0.465027420985284	0.31506367163449	0.734756553617154
TAG54:4FA18:3	0.0922993177115059	0.128983827661135	0.279600237491501	0.695810590869357
TAG56:7FA20:3	0.665670261165573	0.889899626678624	0.288222257099119	0.678124738224788
PE(18:0/18:1)	0.492734051046054	0.710647417184042	0.306247773052029	0.674125689568664
TAG50:4FA14:1	0.826140118578341	0.916914197267469	0.289372431825542	0.674059984083735
TAG47:2FA18:2	0.667065462173463	0.31394544797863	0.264215885388864	0.660371621003637
TAG50:5FA18:1	0.499816553545162	0.323795775913024	0.287440878760976	0.730935953919516
TAG53:4FA18:0	0.844165855850083	0.40829128743357	0.273674530192182	0.695474838681558
PC(16:0/20:3)	0.116164645990138	0.179050952150582	0.477072526289567	0.596791870655851
TAG56:6FA18:2	0.425676675145028	0.656712703509059	0.291299232348056	0.688093719553097
PC(14:0/20:4)	0.474011307803387	0.199987694478314	0.399242570947958	0.671901311034145
PC(18:1/22:5)	0.380113009579725	0.320272127819195	0.200125582235796	0.686751784580763
LCER(24:1)	0.818006835903516	0.849726041037463	0.281517975115423	0.670423905399524
DAG(15:0/18:1)	0.496492812622529	0.323230136800152	0.283770876052275	0.700606142855466
TAG45:1FA16:0	0.313877871708913	0.281668170769144	0.251618266043561	0.660083331881391
TAG56:4FA20:3	0.975887382828906	0.907629856492871	0.287226629609471	0.670153915222398
TAG60:10FA22:6	0.464050076359006	0.843813512926058	0.290955466667269	0.69607585939559
TAG54:5FA22:1	0.0703141625971161	0.128674186322379	0.2726665158321	0.646262450458902
PE(16:0/22:6)	0.886970627544519	0.464132692860258	0.223621079038326	0.881226366481717
LPE(18:2)	0.219453530367869	0.195680866460569	0.238879356977274	0.51099365641281
TAG54:6FA20:4	0.75125113725163	0.741010919887032	0.303311688793669	0.673610808936889
TAG54:2FA18:1	0.445998764660392	0.507851127334983	0.313003178440163	0.698606950109066
TAG56:8FA16:1	0.283661469752203	0.381111080748054	0.280213646716466	0.757381426525387
TAG58:9FA20:4	0.24871750524096	0.247442343680039	0.265811012377288	0.674021053420848
PE(16:0/18:1)	0.122222211077991	0.351042525590336	0.348580924658131	0.632501571238685
DAG(16:1/16:1)	0.726689697879681	0.433995740712524	0.294662697924606	0.713880991192017
PC(18:1/22:6)	0.744044748292443	0.748221500414695	0.332680794946877	0.635239459628883
TAG52:4FA20:2	0.612415596999941	0.542035601259193	0.27245755972319	0.731354106611835
TAG42:0FA16:0	0.683994128289429	0.792918515422118	0.278410157044936	0.67089815589637
TAG52:2FA20:1	0.463810077506227	0.484190981404277	0.279198046792585	0.647377569117398
TAG52:4FA16:1	0.29197787918531	0.120955021657231	0.238247429799489	0.805602885050348
TAG58:8FA22:5	0.159898262881603	0.28603453024855	0.311148194846154	0.725662192503782
TAG56:8FA16:0	0.299266455009945	0.502415190090398	0.299248690815489	0.726538140463518
FFA(20:2)	0.325956667642618	0.576593918472062	0.317890807397137	0.716377198858926
TAG46:3FA18:1	0.990104448195693	0.369003453568339	0.24134375823809	0.703886849148784
TAG50:4FA20:4	0.395968105964906	0.438633975620328	0.260248239233892	0.681051396300758
TAG53:2FA17:0	0.737158540484889	0.508379164802839	0.28024041350891	0.638682886687753
PE(18:1/18:2)	0.978948294931931	0.705466496811291	0.33693015907959	0.667702723804671
TAG51:1FA17:0	0.264073640699364	0.241886145738103	0.251221440375138	0.668606933739675
TAG54:2FA20:2	0.909038020914441	0.95596190271008	0.288079535099376	0.675065472655582
TAG56:6FA18:1	0.517954643028138	0.636329827756523	0.300116440181641	0.707589700028828
FFA(22:1)	0.399917215019089	0.785557271135995	0.283439909893839	0.66080039881839
LPC(16:1)	0.4496905013813	0.724675840133435	0.267098637327902	0.681003374139498
PC(14:0/20:3)	0.122360569089558	0.292715623805606	0.449106110621781	0.630139548051376
TAG48:3FA12:0	0.384351168326413	0.813005638255821	0.293517738398974	0.686712616100674
TAG54:6FA16:0	0.728378001756831	0.474941902925622	0.319079803126437	0.69870344442685
TAG46:0FA14:0	0.623998228860171	0.602250821084697	0.267372181506128	0.677248770259866
FFA(22:5)	0.656398068660575	0.733078429800985	0.280086908970091	0.657947611279327
TAG56:2FA20:1	0.717911886208338	0.992220526855987	0.290804876589179	0.677695106579025
TAG58:5FA18:1	0.938609644217982	0.894982615824991	0.289953765844682	0.683971562957935
TAG50:4FA20:3	0.609813171468689	0.631567350641902	0.27819616859224	0.65538287498423
TAG52:1FA20:0	0.155539700959287	0.0510698010368556	0.250975761563873	0.595074176657805
PE(O18:0/22:5)	0.939396589135125	0.728534689902268	0.317610349367082	0.664114245095219
TAG53:7FA18:3	0.259066578348629	0.479551770293628	0.308350157181678	0.676690432425461
TAG50:3FA18:0	0.872211716976952	0.527442241294118	0.27930103892001	0.678932473576134
TAG46:3FA18:3	0.295597128707587	0.735540536559714	0.301208142167854	0.683244576062201
TAG54:7FA18:1	0.0538847785536062	0.117570948816082	0.293214964901428	0.717462956761367
TAG55:4FA18:2	0.436367840306198	0.819306265060748	0.289543474121869	0.667594940101089
PE(P18:0/22:6)	0.77274910147272	0.710241863827412	0.263699835869133	0.796723168248544
FFA(18:1)	0.761021960083048	0.5403174360372	0.271701045569339	0.719059451140104
TAG50:5FA20:4	0.50804596547834	0.637469976626532	0.272797590291522	0.666347435493103
TAG53:3FA18:1	0.835111142889332	0.906085569788679	0.288532841687183	0.684868426876171
TAG50:5FA16:1	0.647459473518815	0.0331301975198874	0.206230666095272	0.868469799338936
TAG50:4FA16:1	0.676458303276907	0.0586508586209721	0.203746945576448	0.837310924417844
TAG52:4FA20:4	0.407062284896585	0.681926820024942	0.274628500993738	0.690574325144452
PC(18:1/20:5)	0.185431359048906	0.804983694670608	0.280296467955334	0.71217304067531
DAG(18:2/20:4)	0.515059358937542	0.563065027554796	0.288707810458403	0.684099513064003
TAG54:7FA18:2	0.0399742878520219	0.202697450542203	0.271248275586229	0.613817771245675
TAG56:7FA22:4	0.653756707958943	0.394305159243478	0.312201106657275	0.683633249319867
DAG(18:2/22:6)	0.306182450311359	0.668788549566659	0.290231444144018	0.711360162365131
TAG49:2FA15:0	0.455759232539995	0.512262017350151	0.280450615047589	0.670480838913206
TAG46:3FA12:0	0.402566427447546	0.734463024044565	0.292197509422418	0.692359205070743
TAG47:0FA16:0	0.556096337502417	0.588883994065569	0.267069688737156	0.67901533545147
PC(18:2/18:2)	0.41558821812225	0.993043090959487	0.312438215207839	0.677097854695429
PC(18:2/20:3)	0.52645952337259	0.49906619587904	0.444878308166451	0.658250562080397
CE(15:0)	0.861953582624732	0.357363768265631	0.384705536758877	0.591766960316401
TAG54:1FA16:0	0.346436109726778	0.12322582512575	0.227256070577853	0.64891044405238
TAG49:2FA17:0	0.310267362176125	0.223796138686233	0.277994896959116	0.64630823659961
TAG54:8FA18:3	0.0291279976179438	0.119465604566795	0.268378455993934	0.582543934134024
DAG(16:1/18:0)	0.161586424389252	0.316276002639935	0.276005521091635	0.662138645472803
PC(16:0/18:0)	0.729132191033577	0.655210717629501	0.389277587036663	0.637876548541918
TAG54:5FA18:3	0.0211000184598298	0.0198743397097281	0.263462304136112	0.732424628876416
LPE(20:3)	0.672444928194802	0.892504064484766	0.302504073576958	0.683072156188376
TAG55:1FA18:1	0.120608244925418	0.357287671725602	0.328962085909505	0.744620622691401
TAG55:2FA18:2	0.13989336011343	0.372532553960043	0.304516256749286	0.723437462395771
PC(18:0/20:4)	0.565268732939194	0.636141377411593	0.272591118097178	0.681257537253567
TAG54:5FA20:3	0.990818835337675	0.725895910313526	0.296752338340358	0.686505442571617
TAG56:3FA20:1	0.301427092374056	0.452513751022587	0.314479073405374	0.707506171867976
TAG48:3FA14:1	0.258862284664792	0.66312118025563	0.289192035524424	0.667538032737917
TAG56:8FA20:5	0.0824739166153389	0.290200778386539	0.322482357345098	0.74978334396019
DAG(14:0/16:0)	0.536823165258922	0.299475183316965	0.249612643587829	0.674443289020636
SM(26:0)	0.939714341027163	0.400504698202223	0.423101436005659	0.617026607924581
TAG51:4FA18:2	0.543881354931582	0.632150854037672	0.284290673929728	0.690877161147254
TAG56:7FA16:0	0.221601276938685	0.353924845290751	0.295708763341759	0.756562213032143
TAG48:4FA18:2	0.187884164844542	0.477641872888106	0.296743622917784	0.681954351704052
TAG50:5FA18:3	0.330873972303555	0.234076048421388	0.267274687158775	0.707626000452631
TAG53:0FA16:0	0.277510985554122	0.324515507556672	0.333990443645956	0.73523865794397
TAG44:1FA16:1	0.533690124066034	0.439713155372526	0.272303758558763	0.644906181729521
TAG60:11FA22:6	0.406247461387914	0.872342940592379	0.28959761655978	0.695413907850374
LPC(20:0)	0.0613359763852586	0.153703672783184	0.216458239203149	0.638383827991043
TAG52:4FA14:0	0.562792476867898	0.457008958251218	0.277130185086482	0.643408545564526
TAG53:6FA18:1	0.81966710393997	0.795424081347612	0.273314697324014	0.680400881668127
PI(18:1/18:2)	0.906976199114516	0.664863471649477	0.35352472555617	0.728508551801761
TAG52:4FA18:0	0.629194791548731	0.331204178784626	0.270895182757358	0.738296758700906
PE(18:1/20:3)	0.361457229328871	0.953057015163081	0.312980882415819	0.67396943334898
MAG(16:1)	0.662617974701696	0.897766521419928	0.291505749678892	0.671151281841983
SM(22:0)	0.775492172883216	0.857570248224846	0.345766932873879	0.66682615442289
TAG55:8FA20:4	0.679383995327703	0.188021503136788	0.326558779446944	0.61449580471189
TAG58:6FA18:1	0.682651010878766	0.658720717434028	0.296698202893054	0.707524744251851
TAG56:5FA16:0	0.770450496175627	0.969663449881365	0.291723161969313	0.677098457344783
DAG(18:2/20:5)	0.23161217980679	0.65738542968682	0.290672506661908	0.700575125019357
TAG58:2FA18:1	0.950139485357045	0.994960520472107	0.288205856037681	0.676937822938393
CE(22:0)	0.843916856878002	0.20218221698515	0.412678801099544	0.541225846870255
TAG54:5FA22:4	0.365695272444603	0.805900314311646	0.279491761204207	0.684162021198285
TAG58:3FA18:1	0.916215824498946	0.923782941659595	0.285844568278571	0.675345250321403
TAG56:3FA20:2	0.690528262964088	0.767058355260237	0.29083310797203	0.704263971912325
TAG52:2FA18:2	0.831613676118371	0.733192958873654	0.29323399622917	0.681773594671338
TAG53:4FA16:0	0.975684456283485	0.99756549309608	0.289024603731707	0.677064895786023
LCER(22:1)	0.504591639620651	0.648430185635657	0.358933394026467	0.680628948314278
LPC(20:4)	0.177453399327212	0.0849898698509555	0.550336038231939	0.440698563023828
TAG48:2FA12:0	0.506582042220135	0.948347475618988	0.291023290636814	0.68073744481347
TAG58:7FA22:4	0.761994107900047	0.628398246025714	0.306133135329396	0.679394932093351
PC(18:0/18:0)	0.735686755018622	0.981009575891037	0.302622826629959	0.680089401603938
CE(18:3)	0.947302951696682	0.736613742437658	0.353271382843663	0.664814283097533
TAG51:4FA20:4	0.213625090874328	0.212049999560774	0.247457801306607	0.673121651153074
TAG56:4FA20:2	0.440785265888231	0.557720721318641	0.279519002581255	0.73412304980836
DAG(15:0/18:2)	0.431945512796722	0.617087296824605	0.31390653434245	0.701536326028232
TAG46:1FA16:0	0.989209591255826	0.668082343220196	0.27394900202879	0.6650316554763
DAG(16:0/16:0)	0.546019400437317	0.606395624230377	0.27667738438709	0.685684811336637
TAG54:5FA18:2	0.0801255222509852	0.147237633163773	0.272843989445417	0.636238235703222
TAG42:1FA12:0	0.425405318595406	0.922216160893865	0.293597693643892	0.681374974155284
DAG(18:1/20:2)	0.654166851418205	0.364810743049259	0.303762876673006	0.60128316021458
TAG52:7FA16:0	0.811916078664956	0.705186884118644	0.273283595219494	0.678189648248681
TAG55:5FA18:1	0.543212821009071	0.758922869983323	0.292909763333366	0.680849731539413
TAG52:2FA20:0	0.793569049658213	0.547318483259819	0.279002282164271	0.658886666062401
TAG46:1FA14:0	0.409182010304493	0.406307535012662	0.263873051819019	0.655402121004331
DAG(16:1/20:2)	0.202346984971894	0.21907210976619	0.341274500140522	0.632454037241678
TAG53:5FA18:1	0.535082745399143	0.475654872714556	0.289562653829402	0.66992288260676
CER(18:0)	0.602963689502976	0.820570395042643	0.312153583881225	0.656827267259451
CE(24:1)	0.474264616035542	0.527434239417025	0.315000696005844	0.661452946097221
PC(18:2/20:4)	0.879274197345068	0.968106044411728	0.302262322258203	0.682372056175567
PC(16:0/16:0)	0.923269550303814	0.686495579547525	0.374646809056577	0.632322636367253
TAG50:6FA20:4	0.891275545999484	0.947442533044214	0.287487803491372	0.675462675996337
TAG52:2FA18:0	0.974706850594495	0.855777158979009	0.291170261310785	0.677518453847815
TAG55:2FA18:1	0.318899361174334	0.733242102099705	0.304294992024811	0.682944153925802
CER(24:1)	0.827281017470356	0.834913677789373	0.311668050835934	0.648903165538404
PE(18:0/18:2)	0.9740605589547	0.817586114107506	0.277349231747607	0.69644940187424
TAG52:0FA18:0	0.866824566183654	0.740261372560971	0.27221463344767	0.673279605557743
TAG50:4FA14:0	0.372757931446429	0.540957730076833	0.282442388919189	0.696319089773101
TAG52:2FA20:2	0.478996066705328	0.685971858205939	0.28269172446684	0.676709411345443
TAG58:6FA18:0	0.370687074417396	0.242698485181592	0.291580339314733	0.780902268858737
TAG55:6FA20:4	0.446045004049334	0.449362968706617	0.274278476466796	0.662984232038779
PE(P18:0/22:4)	0.892097298688766	0.687160423236267	0.274299170618188	0.670871570859653
TAG51:2FA18:1	0.519738832584912	0.584831536942356	0.277279931629861	0.645748825211998
TAG50:2FA18:2	0.829086782479912	0.936223300030121	0.289074754492913	0.67559642651162
TAG53:3FA18:2	0.957292464839982	0.823273624450617	0.290269195497378	0.667531701932391
CER(24:0)	0.615594769596224	0.0672893261218448	0.351392531236998	0.419174149792641
DCER(22:1)	0.965819319645498	0.813618544060049	0.288627186760502	0.674957263638721
TAG46:2FA12:0	0.54344927694776	0.968366612961364	0.290249582323192	0.678778421231875
SM(22:1)	0.831502994003574	0.828654629873948	0.289866416948764	0.706162020256075
TAG48:1FA16:0	0.305954588916792	0.418137638061728	0.264922674765521	0.680572239504841
TAG56:3FA18:2	0.913040020907957	0.927721939276896	0.287019025752586	0.676768834744776
DAG(18:2/22:5)	0.587364483366891	0.799976140771797	0.286867772880858	0.683250704432039
TAG57:9FA22:6	0.829146677148851	0.997524034570594	0.291137737712975	0.677179341254569
PC(18:1/18:1)	0.816106230375581	0.883242365488587	0.327777532452704	0.669072623807763
TAG52:4FA22:4	0.548071039324603	0.520088808748231	0.258792344756452	0.696420822218794
PI(16:0/20:3)	0.450906291712828	0.398863530997938	0.430822798887953	0.643942948272332
TAG50:2FA20:2	0.467545763645417	0.408547491499525	0.271602578002088	0.656122129164645
TAG58:10FA22:6	0.122318873102928	0.388732618332716	0.305003978163001	0.74354489309742
TAG54:4FA22:1	0.137939396293826	0.108739031351657	0.290012329333263	0.709618121669285
TAG42:0FA14:0	0.561585972353582	0.966789045878547	0.288435576763769	0.675711050786387
TAG47:0FA17:0	0.587241412317846	0.418870029999222	0.25593927986912	0.674363607191
TAG48:2FA16:1	0.292894005118315	0.918550764748454	0.289272100007891	0.674773301653912
TAG54:3FA20:2	0.793619419362181	0.865423080086665	0.291788560848827	0.688497307405881
TAG42:1FA16:1	0.667635795395334	0.485915332420654	0.264266764827583	0.662516162305526
FFA(18:4)	0.326520718971194	0.28760800807411	0.384758028051093	0.663199543838746
DAG(16:0/22:6)	0.977109801939827	0.96573734975993	0.288956673901978	0.68281338928923
SM(14:0)	0.706851939614728	0.938363698098326	0.297713933023884	0.699467620763621
TAG47:1FA16:1	0.32944412763239	0.604337296344116	0.281984342684642	0.669194778534936
TAG51:4FA15:0	0.505783375670581	0.739308320909899	0.290358584726928	0.68839291596904
TAG47:2FA16:1	0.296706315225814	0.735329679406205	0.289466422425903	0.66164694480002
PC(16:0/22:6)	0.428927919860387	0.589624850443589	0.254534642502927	0.788441291606633
LPC(17:0)	0.198958757581201	0.296932684314839	0.241409962403494	0.720211154950041
TAG55:3FA18:1	0.483582619260568	0.837488676782451	0.298623771798559	0.676344877858514
TAG46:3FA18:2	0.89192131811972	0.626667691526792	0.274922437548362	0.674892551319753
TAG53:1FA17:0	0.453509366881729	0.234292785979801	0.245441434720491	0.652399141645348
HCER(24:0)	0.505797604669407	0.549699880975579	0.250621013919963	0.748552481653836
TAG53:6FA20:4	0.514537343306119	0.925487027091744	0.287892539866874	0.674521803262405
TAG54:3FA18:2	0.35889228331101	0.4039738082316	0.294735514223701	0.695754231072718
TAG48:5FA18:3	0.0951154939474791	0.290842301310497	0.303748332094821	0.670015632062055
TAG50:2FA14:1	0.212422521351589	0.143428651878525	0.246370900195681	0.643124350377213
TAG52:4FA22:1	0.26104165009262	0.123323252615364	0.262944604454923	0.749675711361584
TAG52:1FA16:0	0.820185062549618	0.861581875895298	0.282953236952635	0.674830979994021
TAG54:4FA16:1	0.552737799707154	0.442041058734993	0.265150270370299	0.751872357795972
TAG48:4FA12:0	0.163787859861283	0.482561258506411	0.2993004315915	0.688843487152948
TAG58:7FA16:0	0.778080848678463	0.462617284283141	0.271618404264198	0.695498503788129
TAG51:2FA16:0	0.347025385912541	0.549358262329177	0.280968834878192	0.664604684660606
TAG56:6FA18:3	0.236698532562869	0.43568264191267	0.272355773461791	0.705483448428806
LCER(16:0)	0.701211245792441	0.769317172947077	0.311899486052098	0.697253758796741
TAG52:6FA18:2	0.0976314838887642	0.0420468143603571	0.250723281085816	0.77503508086559
DCER(22:2)	0.890125548596253	0.817719712431379	0.306999976839571	0.646280789112805
DAG(18:0/18:3)	0.727729189981017	0.848291657147659	0.288048875668539	0.679630722540436
TAG48:2FA18:2	0.825341008846914	0.626734236237567	0.280510915514061	0.671764854271326
LPC(20:1)	0.287002505630752	0.146651775038756	0.226211413398072	0.670961165170587
TAG54:8FA20:5	0.165595282814773	0.319659769781696	0.318074459203656	0.746542084971422
FFA(22:0)	0.96777084400038	0.973131608511777	0.290209062019148	0.67718814542139
TAG53:1FA18:1	0.88197802794953	0.518396679891776	0.260480141272142	0.666746078473271
TAG55:6FA20:3	0.640404853740534	0.73511328866942	0.307268563873466	0.672920376111985
TAG51:4FA18:3	0.753848903076038	0.428001870378192	0.291154763821938	0.702967227390407
TAG58:10FA22:5	0.124738911906772	0.378946126834942	0.30979367306407	0.71288994198634
CE(20:0)	0.166763054083542	0.789398824894822	0.277462157979884	0.670685209873726
FFA(14:1)	0.71965737274293	0.945852935105839	0.297520378304453	0.677742721711732
TAG48:1FA16:1	0.299988712182739	0.748924127376378	0.28281968593317	0.684194800217134
TAG53:2FA18:0	0.511469342166949	0.331673808957539	0.268423234403822	0.666526294616043
TAG54:6FA18:2	0.0729663557423968	0.217400153853913	0.2690922243671	0.609031153146965
FFA(12:0)	0.495903979720624	0.85246451061189	0.286065053263307	0.700423827012873
TAG51:1FA18:0	0.278557924984163	0.131648808627492	0.231567647791208	0.655857700469068
DAG(18:1/22:6)	0.490354633739263	0.874721681173138	0.288222709078142	0.695146297612484
DAG(18:1/20:3)	0.551895402979073	0.516503247274129	0.277759283539628	0.657191903094954
CE(20:3)	0.188360658164927	0.151883772798302	0.492083988764821	0.670332259029311
TAG36:0FA12:0	0.349344795765666	0.639660679545303	0.28616146726263	0.699440194040174
TAG53:2FA18:2	0.961358949570781	0.606324671893516	0.280114110858227	0.67700638451028
TAG53:1FA16:0	0.616184977533287	0.979563419721594	0.292129677698781	0.676790170844232
DAG(16:0/18:3)	0.810816321011479	0.460114469505373	0.287959470405104	0.663723064937846
PC(18:2/22:6)	0.629325286353997	0.324492277908728	0.398469904772434	0.579921617232083
PC(16:0/20:5)	0.18328941850637	0.830755805533904	0.2844446296605	0.709074193500621
TAG47:2FA14:0	0.556870809022776	0.361214243568027	0.269714348652476	0.652193374745007
PE(18:0/22:6)	0.71010099078883	0.90301711652022	0.291383217668354	0.716678758661302
HCER(24:1)	0.431080262270596	0.352135430217656	0.230431905538713	0.735731647654276
PI(18:0/16:0)	0.747889398267256	0.609738023174082	0.255868607219804	0.629101151988322
TAG53:4FA18:2	0.655869403044042	0.841050495854856	0.285612855162281	0.683591667525697
TAG54:5FA16:1	0.971818950011691	0.568839997298508	0.283154238256142	0.713043508108006
PE(16:0/20:4)	0.680342202583893	0.731038086431086	0.269608006456836	0.727504160124658
TAG52:1FA18:0	0.765972757838161	0.756744073782838	0.276049446989217	0.675273246379657
PI(18:1/18:1)	0.307799055988517	0.133918298622958	0.418288063820453	0.838053522490477
TAG54:5FA20:4	0.567993102408815	0.864901349369092	0.282388214579335	0.679536825685947
DAG(18:1/18:2)	0.67001456241429	0.52520178133336	0.27374115379411	0.705397285741129
TAG56:8FA18:2	0.253460526501145	0.469485934241215	0.295948501962238	0.719214814222384
TAG56:8FA18:1	0.122264005444279	0.365676656213163	0.318841095308144	0.744782289410881
TAG46:1FA16:1	0.294077317221572	0.508645537137215	0.274249835940345	0.673100806205394
TAG53:5FA18:3	0.368118324623409	0.230376312383675	0.268078341576307	0.710820512154583
DAG(18:0/18:1)	0.79126627174778	0.968749904815536	0.288056403291221	0.675760058075898
TAG42:1FA14:0	0.67103385139529	0.381389386802278	0.250770278871054	0.651930259449805
DAG(16:0/18:0)	0.310542725915777	0.307011527667767	0.252242704907783	0.678136655767241
TAG46:2FA16:1	0.471043260126357	0.751110674104806	0.287884163336787	0.662774086297095
TAG56:7FA16:1	0.277909820772657	0.14926879836654	0.270740438693996	0.830419051389887
PC(18:0/22:5)	0.562619179928206	0.642319182675601	0.382711982386198	0.634356218271786
TAG47:1FA17:0	0.576026688869968	0.265625076996892	0.257714929185842	0.647452294723657
TAG49:0FA17:0	0.454257966451466	0.524915790449903	0.265664926708716	0.682499377073487
PC(18:0/22:4)	0.242161494821676	0.209707610936456	0.371242466418141	0.832306714763275
TAG54:8FA22:6	0.429910394228058	0.50514868694722	0.294371086629307	0.731603741797266
LCER(20:0)	0.824446506660612	0.979523560428182	0.297140669265174	0.677922419080785
TAG44:1FA14:0	0.901940798626534	0.645047296288996	0.27394370172455	0.657191633006173
TAG50:3FA20:3	0.241591156072913	0.24162452906966	0.248331530664887	0.670738374217446
TAG54:5FA18:0	0.106490640224155	0.217875324598895	0.266694685677903	0.654402256175191
TAG48:1FA14:0	0.422482078597137	0.329791767311539	0.2567472178811	0.66024377102302
TAG40:0FA12:0	0.344222375501691	0.743658054216303	0.299294746506174	0.691267904201084
DAG(16:0/20:4)	0.213718181466567	0.171765499237702	0.271732968056467	0.709060742556367
TAG52:6FA16:1	0.147844014089911	0.036522499601887	0.227621797965682	0.79956510653352
TAG54:0FA16:0	0.236224096656076	0.02904507981974	0.204568624935467	0.614115788572245
CE(22:1)	0.422266431363814	0.601494141081997	0.244132027922323	0.720480976404201
DAG(16:0/20:3)	0.214298945193239	0.202340174104731	0.28001955508461	0.679209078657349
TAG52:4FA20:3	0.412192834833994	0.820701089712171	0.283898895232241	0.674029189502935
TAG51:3FA16:1	0.542695526966296	0.813302611696538	0.282747377250602	0.696823173848604
TAG52:3FA20:0	0.535072384363557	0.376323216429172	0.292212564436135	0.700001606831743
TAG47:1FA18:1	0.373960601722421	0.19247919232077	0.246357372486135	0.633673284635643
TAG53:3FA17:0	0.925395412980157	0.882872361562319	0.290515698143691	0.669045398519029
TAG54:7FA20:5	0.168202869005219	0.31742810051906	0.328500541291867	0.746470972180451
TAG56:6FA20:5	0.182754963709026	0.650220289213351	0.307834307060903	0.720903668674088
TAG50:0FA18:0	0.631103917238644	0.64728561162717	0.267755061970712	0.681703842281782
TAG50:4FA18:1	0.62587122401338	0.531577374888576	0.282758586090141	0.707326931029247
PE(18:1/22:5)	0.408098675298157	0.981827067746665	0.302535531339401	0.685026279120756
TAG46:2FA18:1	0.680283271425807	0.34921033192417	0.250476987472354	0.65090985059638
TAG47:1FA14:0	0.344668686419439	0.260701457678817	0.251417455073489	0.643877866408468
PC(18:0/18:1)	0.523289717619764	0.435819533038111	0.437329130710177	0.612629246505831
TAG50:0FA16:0	0.580832352374346	0.659242632610401	0.268989502201709	0.686556657803893
TAG54:6FA22:6	0.856996209065211	0.932468685887408	0.290092488395157	0.683973025732645
TAG56:7FA20:4	0.840575574148809	0.909987368059744	0.293260994670625	0.674348486967989
TAG52:4FA16:0	0.293079456905861	0.264142381018486	0.277769254430918	0.687165366336749
TAG42:1FA16:0	0.587029295913849	0.383572624258549	0.245246019598719	0.687802333090141
LPC(22:6)	0.094112261487932	0.115207326870554	0.320528737126728	0.783944483606413
PI(18:0/20:2)	0.434327310533455	0.75610831229765	0.371249527160682	0.636429611285279
TAG52:2FA18:1	0.938722525826362	0.710618451599051	0.296705235768048	0.696522443807425
TAG52:3FA16:1	0.591251015065859	0.214079906510148	0.259119942574835	0.784357357121354
TAG51:3FA18:3	0.948355761605954	0.923952554339545	0.288554964133395	0.677358966615909
TAG52:7FA18:1	0.892550962066306	0.879647783578007	0.28464570991814	0.672996429434202
DAG(18:1/22:5)	0.568953633695294	0.578548257049751	0.286869501276389	0.716499641585042
TAG56:5FA20:2	0.214182684487776	0.439434556303107	0.266761925396974	0.752927375160606
TAG46:1FA18:0	0.624393925319194	0.186517341990052	0.223526348010892	0.663926849255641
TAG56:5FA20:4	0.544368292411689	0.791448336725202	0.299557526263557	0.690620108407604
TAG56:2FA20:0	0.674249234813201	0.862713828397311	0.295443713810383	0.681069710146668
DAG(18:0/18:2)	0.97816028636137	0.977912692280616	0.289022276846597	0.676788692981862
DAG(16:0/20:5)	0.824007104723451	0.356418196184618	0.274982232520035	0.649776548827158
PC(18:1/20:3)	0.150816922231	0.190247043865334	0.556256646774886	0.627528665466809
DAG(14:1/16:0)	0.613797574769093	0.467002273629937	0.269870356483313	0.726441935769614
TAG48:5FA18:2	0.110753120465423	0.385158678739511	0.302157646351255	0.667598318905911
TAG54:3FA18:0	0.314730713937696	0.330062911188934	0.292964713215234	0.701797414239336
TAG49:3FA16:0	0.772710263186126	0.859249806774266	0.288302261555644	0.678786709899026
TAG49:3FA16:1	0.660505425065892	0.653179483514719	0.277913645892194	0.709451808244007
FFA(20:0)	0.497779693671645	0.72262726476743	0.275989547718961	0.703323108287601
PE(P18:1/18:1)	0.706049938539829	0.123013742884543	0.492327523732382	0.539675931561693
TAG54:8FA20:4	0.50947734601147	0.765650116960152	0.289547675093559	0.683314181456639
CE(14:1)	0.151320082274481	0.0650160866225784	0.430113238381993	0.637839997236588
SM(20:1)	0.422201129002892	0.211485458730061	0.126111691429129	0.867519725606557
TAG51:0FA16:0	0.741043822642243	0.596933158928958	0.265894669140595	0.680838490752428
DCER(16:0)	0.0486983126217945	0.0756764819189875	0.40554868157966	0.605343005508202
TAG56:6FA18:0	0.332245512022364	0.611366278287284	0.299067055184379	0.707658120740951
TAG48:4FA18:1	0.178203625160778	0.467300932428449	0.308724892661861	0.694821130858433
TAG50:1FA16:0	0.4813986718435	0.720158977952116	0.27764151400416	0.685490729265914
TAG52:5FA14:0	0.53408697196475	0.557325000705836	0.272848234587647	0.659981838829961
PE(P16:0/18:2)	0.469151803955011	0.910101647488066	0.315219645229444	0.66696641923528
PE(P18:0/20:5)	0.450412074595666	0.519696526953663	0.30307549620769	0.59489714362491
CE(18:0)	0.455068590079508	0.426376911652678	0.379065083767762	0.654643181064057
PI(18:0/20:4)	0.934750082391131	0.760806840935144	0.270850563457368	0.689980808718829
TAG49:1FA14:0	0.342687046566238	0.183124570700306	0.250377298537749	0.637510077887384
PE(O16:0/20:4)	0.87664708408556	0.571242517198874	0.309541755449125	0.664569073181425
TAG53:3FA18:0	0.61826304122879	0.652468574274758	0.299007438172987	0.666937569131865
TAG56:5FA20:3	0.824916259240004	0.808132814005409	0.29255863827727	0.690627539344773
TAG48:0FA14:0	0.567031992804487	0.38986581365795	0.252389229262993	0.662190294245408
FFA(17:0)	0.205935384000786	0.441728236432916	0.31691703890583	0.672696539314856
TAG50:5FA20:5	0.966382184271355	0.585543053356141	0.265779101071257	0.656791558362637
PC(16:0/14:0)	0.142428788730304	0.0577493629884985	0.520467563577073	0.472457717279468
TAG48:2FA18:0	0.369066442699472	0.87175609504581	0.295102552056633	0.680557524789248
TAG50:5FA18:2	0.386905483918384	0.507140136378421	0.280427755963405	0.675367510946947
TAG52:7FA20:5	0.444564372280917	0.881560595612978	0.294911331910023	0.686390361572049
TAG48:1FA18:0	0.680941464113678	0.779557043617036	0.278649263274202	0.667804304402736
TAG56:6FA22:4	0.868216603019938	0.794159928459148	0.302707290969489	0.669632451017391
TAG52:2FA16:1	0.78880881285971	0.701756666629363	0.284862821341398	0.703112183322026
TAG49:0FA15:0	0.301289449719326	0.199346062278969	0.238473140334334	0.669532229719445
TAG46:1FA12:0	0.718555600027535	0.794337587856739	0.280633749177828	0.667307830683261
TAG51:3FA15:0	0.855885738969768	0.937099066059484	0.290026058849297	0.682185655526446
TAG54:7FA18:3	0.0347084305851066	0.152589313351552	0.267519003056116	0.60249725937917
TAG57:2FA18:1	0.127939196115565	0.371302901835753	0.317105951219218	0.755528622179352
PC(16:0/20:1)	0.285512108778846	0.438856257603141	0.317636699645421	0.633441567193957
TAG38:0FA12:0	0.410057912412268	0.669709119135971	0.28729673897453	0.69736079066879
TAG49:0FA18:0	0.40564423297249	0.245173337053725	0.240855789848938	0.663095520332857
TAG51:2FA16:1	0.327819333696727	0.743621687336529	0.291371933133204	0.658685003044008
TAG54:3FA18:1	0.180026349132998	0.150688443794684	0.326771844914859	0.741719149636176
TAG54:3FA20:3	0.509645557558668	0.751471447425373	0.277402304234744	0.671450441541598
TAG58:7FA18:0	0.299066396763281	0.523546087458214	0.296155537098335	0.736480197071044
DCER(24:1)	0.354393405594437	0.477358250647753	0.350025094373087	0.598670191981699
DAG(16:1/18:1)	0.879872135553427	0.678820686591299	0.282868323521057	0.703518117619822
LPE(20:1)	0.467409405612597	0.534174601003028	0.294179161538448	0.701502297299446
DAG(14:0/14:0)	0.462688626991301	0.280292980445154	0.247068353537169	0.640835542520218
TAG48:2FA14:1	0.138591696015116	0.31632945528932	0.266616386248505	0.661779934518749
TAG56:9FA18:3	0.312308094645852	0.245931406913642	0.29165697658367	0.727226271827518
PE(18:0/18:0)	0.640264707483754	0.90983670081613	0.309664324700531	0.666317213655927
TAG50:3FA16:1	0.820152873930367	0.338141338346351	0.26066346282102	0.725311940062257
TAG51:1FA18:1	0.317562006134765	0.272678857803928	0.252429374340723	0.659097694057608
TAG52:1FA18:1	0.863445581829222	0.957300387758282	0.288157710288881	0.676040495985873
PI(18:0/18:2)	0.829044221913821	0.781291669297959	0.349405318940576	0.696273143305668
TAG49:1FA15:0	0.295388834294129	0.246932468344067	0.248944989883038	0.665383033624655
PE(P18:1/20:4)	0.797157312487478	0.887348897043077	0.285117487326768	0.678088048366906
TAG51:0FA17:0	0.374062362067701	0.306698378587634	0.24867056280355	0.677471912753177
TAG48:3FA16:0	0.55907633201735	0.795671864824409	0.286689897951266	0.6743877123909
CE(12:0)	0.455637084250536	0.508524035702302	0.359348629661277	0.627759146127144
TAG53:1FA18:0	0.456403047858371	0.205951220549641	0.237505633845685	0.671475543760681
CE(18:1)	0.970753212088305	0.602880110206807	0.352648209165249	0.649790404513221
PE(P18:0/20:4)	0.692036169932496	0.568506710116544	0.269090137217687	0.71365171265801
TAG54:3FA18:3	0.806758443191607	0.313106789921813	0.282977810930373	0.641614987756415
TAG54:4FA18:1	0.0958638310465311	0.0866188203682716	0.302519131626512	0.714349264387604
TAG58:8FA20:4	0.351900446903998	0.327345784052206	0.252423412573997	0.68156426865724
PE(18:0/22:4)	0.691855294385877	0.743931260785227	0.283803368821869	0.676026123029625
TAG44:2FA18:1	0.738484499245466	0.324694743730087	0.233498008508823	0.68373051866182
PE(16:0/20:3)	0.034586281460738	0.0826811058479687	0.536669379596316	0.5043765607658
TAG46:2FA14:0	0.69768179701682	0.513316310852816	0.276550688866175	0.656222236584729
PE(18:2/16:1)	0.405538770462767	0.842373930206201	0.317993421136023	0.656852466490056
TAG56:4FA16:0	0.490333821271806	0.697253347888991	0.277118448480105	0.674103496082894
DAG(18:1/20:4)	0.37594504971912	0.390558966082144	0.269284014017811	0.679620126055704
TAG52:3FA18:0	0.707196466499472	0.448515180348807	0.276087776161762	0.701151732707559
TAG58:10FA20:5	0.542718360321108	0.724344987802764	0.285144066663013	0.65253623543901
PC(18:0/18:3)	0.937782073598053	0.689543362603479	0.257228549331915	0.703474429233163
TAG55:7FA18:1	0.846594325875087	0.655409920526407	0.270313033666489	0.662112339761076
TAG60:11FA22:5	0.58895510583637	0.980383475789662	0.289173544143009	0.676725775068446
DAG(18:2/20:3)	0.492044845348918	0.390597549500981	0.289405422837993	0.655292979087273
TAG40:0FA16:0	0.377252367373057	0.824185615990398	0.300785027379372	0.684491918284519
TAG54:5FA16:0	0.784614236327175	0.944633466773839	0.293145609713055	0.678115731614148
TAG58:6FA22:4	0.800859309209027	0.579948716829443	0.317553851968061	0.68255197411709
TAG56:4FA18:2	0.299615339050417	0.45070876908302	0.290460274933798	0.692448188104814
PE(O16:0/22:5)	0.973324950448507	0.450822084779108	0.363425715730277	0.632830891235124
PE(O18:0/22:6)	0.465719224975259	0.89633703877553	0.285099494325442	0.705669820319905
SM(18:1)	0.929604881296085	0.643886673406647	0.247012159186167	0.734750694845741
TAG51:5FA18:3	0.322487097773417	0.201008099311726	0.27711803576214	0.712277794025766
TAG54:6FA22:5	0.929066746646709	0.67916163592383	0.297395601194217	0.689228541573022
TAG56:4FA18:0	0.9070396088709	0.824160472137482	0.290659990979296	0.695577586333266
TAG51:3FA18:1	0.889450028901918	0.969959304830034	0.288983875831091	0.68114419877394
LPC(18:0)	0.155964146716399	0.0204689088392167	0.108647360000958	0.672889928620552
FFA(20:5)	0.923168514859637	0.454957682975917	0.294708085273843	0.65440532930425
TAG54:6FA18:1	0.0224093675288307	0.0591379791882353	0.269108397215666	0.682873503001925
TAG52:6FA18:1	0.169011278061595	0.137744259476868	0.31445014667131	0.797911106993294
PC(18:2/20:2)	0.0455074885396434	0.060117643413828	0.111381368023182	0.892351747307332
PC(16:0/22:5)	0.348447924361421	0.417462660376827	0.217681620308078	0.791452917499865
TAG45:1FA15:0	0.484425777594061	0.320197217681305	0.263185680984164	0.646244305909661
TAG50:3FA18:3	0.857731146347026	0.58194158089467	0.291939717033346	0.660432676835425
TAG48:1FA12:0	0.514002196909986	0.949109637517526	0.287548079083408	0.674948539161054
TAG52:6FA20:5	0.760107371326002	0.908821017063293	0.295053502993779	0.68341326437532
TAG53:5FA20:4	0.321339667382128	0.551026689902187	0.271668599514638	0.666433075110873
CE(20:4)	0.414876547422516	0.697764727149961	0.279418605986884	0.666800592016845
CER(22:1)	0.208394932996808	0.669298006343294	0.367222279463778	0.623557888221181
MAG(18:0)	0.248177566283789	0.0224958764889693	0.254928055364463	0.79710714642566
TAG48:3FA18:3	0.917965655342589	0.985901194889224	0.288322465896621	0.677013368576943
FFA(18:0)	0.409499288752065	0.777889868758074	0.288410734716429	0.680036076184019
TAG52:4FA18:2	0.253196872369445	0.185162355924188	0.262784002591259	0.708520285119204
TAG42:1FA18:1	0.477347104269061	0.960218573239054	0.289069954922217	0.675796906307851
TAG60:10FA22:5	0.4472949570675	0.71449431283987	0.295760872130546	0.695128844005327
DCER(26:0)	0.629087891497567	0.502097750516617	0.293000543466511	0.700752558656659
LCER(18:0)	0.75731508965961	0.53543860426462	0.235071390105999	0.724738030877532
TAG42:0FA12:0	0.382195794895851	0.874554890400924	0.293223222010518	0.684987941723669
TAG51:3FA17:0	0.586467430259148	0.998729392834102	0.290490136853583	0.677920042785029
TAG52:6FA16:0	0.271688184345697	0.0743591165383429	0.296158510178252	0.699365135728042
CE(22:4)	0.728446875827894	0.67564060307113	0.322050779790821	0.688448017039906
TAG48:4FA14:1	0.524663544415084	0.652135849243916	0.276952804003161	0.701716003085856
TAG50:3FA18:1	0.895967255490734	0.80094599828101	0.286692721222971	0.693417048164598
TAG53:4FA17:0	0.654156478781672	0.981628148755856	0.288886248133454	0.67829809761753
PC(16:0/20:4)	0.368497253594921	0.588676194932141	0.281171374711365	0.674781829022901
TAG44:1FA18:1	0.95137343956501	0.478435873555478	0.25649046528993	0.660017783440937
TAG48:0FA16:0	0.635731930797589	0.849683420720668	0.282051156868386	0.684712047399343
DAG(16:1/20:4)	0.242626871473955	0.504108679820721	0.282865213607859	0.681420143745532
PC(17:0/18:2)	0.423785109778803	0.796933013343285	0.368001867513635	0.645708442112222
TAG54:4FA18:2	0.109448539905903	0.122103521321563	0.286957053821775	0.698195761190811
TAG50:0FA14:0	0.655776858100814	0.224657518071682	0.231890392908356	0.638557583640877
TAG58:7FA20:4	0.667730333103133	0.532978814193343	0.273637071052572	0.653216923697625
TAG52:4FA18:3	0.255833784520054	0.0897736464778526	0.295956237350545	0.704823158264264
FFA(16:1)	0.796367079923823	0.493629164261433	0.253658608784163	0.738229562106154
TAG51:3FA16:0	0.685903000876538	0.848659869669771	0.287569546272768	0.674809593381162
TAG50:4FA18:3	0.697793877158637	0.223490866032576	0.27376425208621	0.71952026206118
TAG54:4FA20:3	0.682976343061293	0.865349692799755	0.283533023431363	0.672773177636406
PE(O18:0/18:2)	0.707375620370422	0.967296316291619	0.316550100935341	0.676023972990295
PC(18:1/20:2)	0.682483148009072	0.914064807139775	0.298189170492381	0.682636028346274
TAG49:2FA18:1	0.43899261981173	0.577201099678661	0.283743627879514	0.643750267165088
PC(18:1/20:4)	0.690177742880267	0.978753302111334	0.292617523989363	0.677939720154373
TAG47:0FA14:0	0.566137564971223	0.444620749526793	0.260390561886093	0.663093598809661
TAG52:8FA18:2	0.99796619445549	0.95948892426982	0.28817075597433	0.676494052707849
FFA(22:6)	0.801445187663661	0.863887604267522	0.283398523790737	0.66219175980707
TAG47:2FA15:0	0.548354071060583	0.458096715435881	0.27615450439281	0.653615785169454
TAG48:2FA18:1	0.907152997982857	0.874200638630098	0.284832723656258	0.669294106381793
TAG55:4FA18:1	0.429696432207705	0.638623482869674	0.303544127309365	0.667345310173815
TAG52:3FA14:0	0.851796661555064	0.608323708788265	0.288636284290746	0.643365100749086
TAG46:2FA16:0	0.57664908222302	0.984762505995024	0.290244354185383	0.677640766562915
TAG54:4FA20:2	0.605928104815298	0.706260605241384	0.283689528509764	0.70888974339057
TAG48:4FA20:4	0.971031904471512	0.675619264788938	0.27374700672108	0.662886971183686
TAG56:3FA18:1	0.420721819067087	0.559225845612648	0.304556637207317	0.700332864101211
TAG54:7FA22:6	0.887598790826069	0.709840427980708	0.287240377452308	0.710998772911324
TAG49:3FA18:2	0.60083419429652	0.845355977097915	0.292174605110648	0.668052175980097
TAG52:3FA16:0	0.555749847713522	0.346712442098622	0.28908257733479	0.713781000735768
TAG54:8FA18:2	0.0521331633639868	0.160153570365521	0.281663652491503	0.653456088210462
TAG54:6FA18:3	0.0316864541361194	0.0782367161222728	0.259361369888721	0.658142542758961
TAG56:8FA22:6	0.283096581101253	0.514079681306721	0.29698501401144	0.731560315224461
TAG58:8FA18:1	0.0881071074776679	0.233092272577302	0.327217428963102	0.788611353468895
TAG55:7FA22:6	0.643798614906411	0.929569191848096	0.289807908792463	0.690548055371374
DAG(14:0/18:3)	0.702493056989141	0.775964407470569	0.285451083065653	0.68464514303179
PC(16:0/22:4)	0.777359744738229	0.68037961682914	0.30996864170388	0.701560814416346
TAG56:9FA20:4	0.954704498277336	0.808871530624501	0.289705557690536	0.675166116688687
TAG57:8FA22:6	0.277637825728942	0.534746103855771	0.292559634768095	0.729110993428133
TAG56:2FA18:0	0.980548258075398	0.872425548324956	0.284066096153342	0.672908900209938
PC(17:0/20:4)	0.185322407753576	0.880090149650418	0.286213755826256	0.686024064334605
LPC(20:2)	0.161399172505125	0.0774002701830594	0.196498582511805	0.604510429879543
TAG45:1FA18:1	0.555054390661454	0.285885049598294	0.24844970538784	0.649914383398774
TAG52:5FA20:4	0.305072832845007	0.754311620958506	0.278453148865721	0.683047273337727
PE(18:1/18:1)	0.497741974970097	0.498327819852497	0.296284644744312	0.684423879523976
PE(P18:1/22:6)	0.857994673041015	0.788444407913627	0.274367432440561	0.748105337019682
PI(16:0/20:4)	0.320292520515131	0.751475045376345	0.341078318439724	0.682278371047075
TAG49:3FA15:0	0.769708874693643	0.833906506147398	0.286051202382536	0.686981663203625
TAG51:2FA18:0	0.679125201091692	0.494647339076415	0.272003065228335	0.67703043159358
LPE(20:4)	0.859264259722423	0.682499695771249	0.288607096898368	0.62572194291689
TAG44:2FA12:0	0.536504005872906	0.884764403157315	0.285346297434095	0.67262847658814
TAG56:1FA16:0	0.353012149849985	0.264939297357005	0.244690832149805	0.658263801286192
MAG(15:0)	0.241407903743182	0.672317139579508	0.298842085849162	0.683114807323875
DAG(16:0/18:2)	0.850620898116516	0.708430389364676	0.285273692057268	0.672807721962371
HCER(20:0)	0.0440455770189855	0.0828699508893303	0.161565435863502	0.823702775525687
LCER(24:0)	0.886601079374327	0.929422570478924	0.304304092928039	0.6742979029254
TAG49:0FA16:0	0.435003488003625	0.443849001305818	0.259103702995335	0.684777748483665
TAG50:3FA18:2	0.964424853882291	0.631696631966637	0.280527768207983	0.700289794511166
TAG55:7FA20:4	0.828529984597822	0.61492190079541	0.308259547678381	0.654497085306676
HCER(22:0)	0.317518735339989	0.427735419376523	0.23818351315686	0.729765101661524
TAG58:7FA22:5	0.184971923432336	0.280138343983437	0.323203928828901	0.751249112524387
FFA(22:2)	0.960181472694834	0.950629290220685	0.290641788289588	0.681624278486515
TAG44:1FA12:0	0.894538003703407	0.624366268878666	0.27542190571911	0.65421585743835
TAG46:0FA12:0	0.522641076693745	0.934168448605328	0.287149458220969	0.674281693189684
TAG52:6FA14:0	0.836128073050438	0.932782870992108	0.28756818512462	0.673685337488119
TAG51:2FA17:0	0.424396321184873	0.559140392950918	0.288980518675067	0.667214672369831
TAG56:3FA20:0	0.566245360702125	0.774011985985615	0.29451229786696	0.676712917198355
PE(P16:0/20:3)	0.173038362134848	0.128854645764079	0.461757129363486	0.506141399415205
PI(18:1/20:4)	0.282134735043935	0.836666322810674	0.319500713740468	0.687400606817323
DAG(12:0/18:2)	0.431252597123463	0.747411998984026	0.295818773688489	0.678386621201561
TAG52:2FA16:0	0.946319085205011	0.660965351110475	0.296568649257303	0.695800499359232
TAG52:3FA20:1	0.924437142472728	0.904180927069041	0.289218230766364	0.670964374989636
PE(P16:0/22:6)	0.432027346240061	0.359803583681068	0.217130408920873	0.892000121456344
TAG56:5FA22:4	0.63210064193805	0.981163840522929	0.290387515517507	0.677931083694676
TAG56:9FA22:6	0.252345510588224	0.447455042595441	0.293773468335384	0.736046029072532
TAG55:7FA20:3	0.592086446569776	0.800773001635784	0.301105372373027	0.674856991499499
TAG50:5FA16:0	0.914807798131684	0.376273250029482	0.306235322098991	0.71227957868469
TAG56:3FA16:0	0.50423869590429	0.412953449003038	0.275811277943078	0.660169714715876
MAG(18:1)	0.325443212313017	0.711131669160822	0.300925093985339	0.722534830359619
PC(18:1/18:2)	0.69307537479876	0.811492850855748	0.371963491570013	0.666337126036496
TAG56:6FA22:5	0.346563080301279	0.433099956251866	0.309601680838495	0.722595819648988
TAG57:3FA18:2	0.127669024252432	0.416763790755016	0.303551812976389	0.730347726260948
LCER(18:1)	0.997758598402967	0.773227224925	0.299434367308537	0.669368699713883
TAG52:8FA16:1	0.338426206190382	0.447778428928271	0.27782313757341	0.659073073364674
TAG58:8FA22:6	0.14494254068156	0.327963644153632	0.314751022321668	0.770241370497434
TAG50:3FA16:0	0.876315659538419	0.413535328577769	0.271195334893728	0.693530419310752
FFA(24:1)	0.349096687900744	0.512679931833448	0.268876369853909	0.682501415884806
TAG55:7FA15:0	0.568890202893824	0.96491227675229	0.289906558665205	0.67581825340988
DAG(16:1/18:3)	0.703551518550168	0.644757396413044	0.286615147203428	0.685280475549926
CER(20:0)	0.921677077699661	0.829233889817382	0.279276793320352	0.719282533303749
PC(18:2/20:5)	0.350507416107475	0.80910802112196	0.300528083808239	0.655899746470433
TAG52:5FA18:3	0.160599677014834	0.0497419397992075	0.261174799573601	0.676972253627379
TAG51:0FA18:0	0.46277094718685	0.293137326656522	0.241536163716099	0.676689396447878
TAG55:3FA18:2	0.325268472778022	0.74957580559124	0.297663799760412	0.669425391725991
TAG42:2FA18:2	0.320864272848062	0.862576266612002	0.299406980454682	0.680055458022952
PC(14:0/18:2)	0.71594268058088	0.595322431275623	0.432620329148333	0.616560204390359
TAG50:3FA14:0	0.79960597023364	0.940059492174533	0.288504594904611	0.682563646207391
TAG54:5FA20:2	0.359968378547851	0.382365880490936	0.263872810494179	0.745915618255839
FFA(20:3)	0.951961751059709	0.999461661656841	0.287983568815716	0.678106369994337
TAG56:6FA16:0	0.3546722709011	0.342455496010805	0.303976089416731	0.73107285006069
PI(16:0/18:1)	0.194182534032838	0.145255765935193	0.439530908602622	0.789540826334614
TAG52:3FA18:3	0.420791741864589	0.279220292627142	0.296809143862244	0.675856552867788
TAG58:10FA18:2	0.170277486962129	0.465026141117404	0.302338926639736	0.724123349533028
LPC(16:0)	0.0423891424738513	0.00722444602193568	0.163347339331998	0.627123425848919
TAG44:2FA16:1	0.456876893422411	0.491156137156345	0.276586306272354	0.658385983153382
TAG56:10FA18:2	0.319959171564099	0.725970605331566	0.298287692778178	0.671252122908522
TAG56:5FA18:0	0.513906626128414	0.684001501513191	0.298064665576885	0.702798187590015
DAG(14:0/20:0)	0.0276227582123918	0.000880586462058812	0.622009775071608	0.5471047987536
TAG52:1FA20:1	0.424498730848595	0.399329672276952	0.255690123819751	0.679835348603278
CE(14:0)	0.571120222358889	0.200463409588924	0.485414301799713	0.54807430118321
DAG(18:1/22:4)	0.874875669356016	0.80958688361326	0.284355944474332	0.669563584625058
PC(18:0/20:3)	0.027436828914075	0.0471808800466674	0.685597943981611	0.553956205436506
TAG54:2FA18:0	0.533178183486117	0.615342693586196	0.305733374097971	0.691305206864575
TAG56:7FA22:5	0.282691705866281	0.38704146733877	0.297703354287015	0.717372293838184
PE(18:0/20:3)	0.197807840590646	0.374489635040857	0.434810057736456	0.58333758256344
TAG51:1FA15:0	0.381025598722631	0.168939353750465	0.229920925540126	0.646760567107017
TAG58:7FA18:1	0.111977220731574	0.114410316384875	0.318185021692006	0.833703874418102
PI(18:0/20:3)	0.274122866886482	0.261654198758696	0.559097712732178	0.54254197159961
TAG51:4FA18:1	0.499530380967101	0.283254077320909	0.281335810621434	0.708388538788539
TAG52:6FA18:3	0.0950151845457505	0.0296516888764151	0.225727738972748	0.717825094023507
TAG44:2FA14:0	0.463682625582081	0.9701116341255	0.28847481931616	0.676127407518942
TAG50:5FA14:1	0.941890147471054	0.983114752116476	0.288938147807159	0.677153009301743
TAG54:2FA18:2	0.746872811182241	0.86863235141773	0.290607172584093	0.679381060316681
TAG48:2FA16:0	0.463923605667001	0.600722315172096	0.280689603622928	0.67354304687985
TAG56:6FA20:2	0.201546048674734	0.517463135827146	0.268920171937928	0.720755914062212
TAG56:5FA18:2	0.234213660912414	0.435331596923823	0.27371731391184	0.720741271406064
CER(16:0)	0.447475869542855	0.508713065096468	0.363035517585782	0.576334323663374
PC(18:2/18:3)	0.690048911683386	0.872461737993721	0.282020951618918	0.680049567287563
TAG49:2FA18:2	0.486475761891301	0.34885178909681	0.274200670934231	0.672267421502527
TAG54:3FA20:1	0.686508127930423	0.764707769513672	0.290666342423398	0.69391086098772
TAG44:0FA18:0	0.766364509327204	0.671267504750841	0.290226143823222	0.676577472190252
TAG54:1FA18:0	0.670993415585791	0.903638868331153	0.295154596459366	0.680899245648794
FFA(20:1)	0.478897763667849	0.675873540955188	0.300000315514168	0.707830380439996
TAG48:4FA14:0	0.939183569441709	0.595983759438675	0.280369017292174	0.713640270234189
TAG48:3FA16:1	0.614677180532468	0.70970882671356	0.27807352758291	0.70459409214798
TAG49:3FA18:3	0.889771213543306	0.934969574318008	0.289486354576265	0.67659498957724
SM(18:0)	0.588120128215039	0.604031110658957	0.242890427007146	0.746028711596796
PE(P18:0/18:2)	0.602541346183131	0.982659837529164	0.30761637672872	0.687436663911485
TAG53:2FA16:0	0.89331985523228	0.686865099356178	0.274400679662981	0.683528528509389
PC(18:1/18:3)	0.98051442119152	0.654519945527043	0.251770971048337	0.709608832123162
TAG53:4FA20:4	0.287753546169502	0.303730751595068	0.257921526068413	0.672948004651983
TAG46:3FA16:0	0.474124899642213	0.835344704776331	0.296970086528934	0.678832972976703
LPC(18:1)	0.172015020371115	0.0736051463408465	0.242987531296469	0.568738478417807
TAG50:2FA18:1	0.526551258140331	0.885632061875349	0.288054752085556	0.670933783638817
PI(18:0/18:1)	0.22733153499418	0.112945939415709	0.444646317269496	0.855565784000283
TAG48:1FA18:1	0.504698222757632	0.386411090749488	0.259571792564348	0.657608162089967
TAG54:4FA18:0	0.150427591595628	0.257268272132618	0.272773921552224	0.673955520310073
TAG54:6FA16:1	0.647363435161454	0.749293230041585	0.288338088490129	0.695214755976826
TAG56:6FA20:4	0.987864031185729	0.962439842322976	0.293243965693968	0.677907733512865
PC(20:0/20:4)	0.220040101856676	0.360164150832676	0.268663478396897	0.719604610105985
TAG54:1FA20:0	0.411606164469734	0.199079153918896	0.238113049306655	0.641392016198594
TAG44:2FA18:2	0.62551380773723	0.697676185724728	0.274199751332721	0.675990672051931
PC(18:0/20:5)	0.346009342974824	0.972340037351109	0.288545741081459	0.685669810884334
TAG58:7FA22:6	0.317751869815338	0.544980025888154	0.297649857936654	0.740646603989165
TAG52:3FA22:1	0.434963615795196	0.342969118394043	0.284089545522696	0.715550544323938
CE(16:1)	0.197938027045568	0.159167713328854	0.513291436499098	0.612441346082827
TAG54:2FA20:1	0.998141729769648	0.93304989929092	0.287218808995005	0.674166952307546
TAG44:1FA16:0	0.473068397630853	0.247298029745739	0.236128562127875	0.66505493599783
DAG(16:0/16:1)	0.554863257607575	0.855688927576631	0.286820675758636	0.672663394805329
TAG46:3FA14:1	0.301678705271183	0.442230800762268	0.280407114013164	0.651654397163694
TAG52:6FA20:4	0.378257031084169	0.802691935325549	0.282802179515957	0.676898231966164
CE(16:0)	0.527518872765729	0.900061105065288	0.287362175641413	0.685444876172043
PE(P18:0/20:3)	0.420338074023304	0.499563467310606	0.387185286397142	0.581239635582075
DAG(12:0/16:0)	0.512969013865776	0.845458556649029	0.282263540839767	0.686643070065565
TAG45:0FA14:0	0.663544489676828	0.609970045266385	0.268955781146689	0.668091757781758
FFA(18:2)	0.246538351342129	0.240013650393227	0.237078602330723	0.718416758353311
LPE(16:0)	0.270588532889088	0.022651259705588	0.159504774553367	0.772999053737197
CE(20:1)	0.256684338615475	0.580668686570468	0.256039512025649	0.66125517862819
DCER(22:0)	0.220446704065176	0.0841722725039648	0.378495919971421	0.585942172756711
PC(14:0/18:1)	0.283447733629263	0.30790884953972	0.465240299997169	0.550384766502108
PE(18:1/22:6)	0.580151892409706	0.284426345798688	0.19229294195797	0.960408318064672
TAG48:4FA16:0	0.8001700609258	0.77121923698303	0.29098957558901	0.684005196355195
TAG54:2FA16:0	0.880374424043405	0.795126623600945	0.280255643182616	0.668261486982374
TAG58:9FA18:2	0.0974481348999661	0.297862360174834	0.305934566924323	0.753815612512959
TAG52:5FA16:0	0.159559294930625	0.105650160962463	0.278272074351842	0.656827039200534
FFA(15:0)	0.6268539828464	0.870632323043176	0.283648768386548	0.688295073855269
TAG52:5FA18:1	0.165895426248857	0.039742266590752	0.241367549580713	0.848103687732343
TAG54:5FA18:1	0.047506276307909	0.0825155361402609	0.278862066971478	0.670032320481294
FFA(24:0)	0.455840755948578	0.556979526649437	0.26037253839903	0.823602251478966
TAG54:5FA22:5	0.700365925651088	0.949188241683419	0.287721503087149	0.677211899121231
TAG58:8FA18:2	0.139511723807298	0.223079273797139	0.29943034508864	0.76154047564153
TAG44:0FA14:0	0.953149076802851	0.668367178391763	0.272056507113817	0.664094018918732
PE(P16:0/18:1)	0.977499851511475	0.553548927289487	0.353121661099659	0.608774662276429
CER(22:0)	0.36775852371424	0.130747195238176	0.403230330961144	0.491173156575835
TAG52:4FA18:1	0.219378989075796	0.0686653150147267	0.241297289602502	0.800897532521652
TAG58:8FA20:3	0.436518636025772	0.343419730892649	0.273694346542177	0.645235348719548
PE(18:0/22:5)	0.804011369045899	0.272841321507477	0.203591148829719	0.831122855098678
TAG47:2FA18:1	0.401781393887494	0.269127060919383	0.256912915473256	0.628736168005759
CE(22:2)	0.271528216947277	0.918088363135771	0.285511343455008	0.680120494840607
TAG55:5FA18:2	0.532938103301843	0.904741409686337	0.286887318999354	0.671196815205123
TAG52:2FA14:0	0.555974185753613	0.213555790600265	0.261474486523215	0.619258760415013
FFA(22:4)	0.318016218460252	0.506844193908196	0.273565658068512	0.731555048715359
TAG54:1FA18:1	0.751420261692188	0.995321762781832	0.290391335234497	0.677439945946064
TAG40:0FA14:0	0.589257430926281	0.821906327691711	0.289824140488152	0.688065473808816
DAG(16:0/22:5)	0.768945487683086	0.663900846556747	0.287252726132968	0.68737042191507
DAG(18:0/22:6)	0.553508619296364	0.719114736064212	0.309837998737203	0.676570756097417
TAG47:1FA16:0	0.34150196961403	0.371302016054007	0.259172917357751	0.668586831666823
DAG(18:1/20:5)	0.320440424304552	0.83766374629846	0.292784490992792	0.691651731058754
TAG54:3FA16:1	0.697456903215549	0.61945245266475	0.278472800757132	0.72418786352291
MAG(16:0)	0.491741404399678	0.104580750028826	0.325604005991671	0.764287058858323
PI(16:0/18:2)	0.41963385404828	0.575858450468249	0.377975651566857	0.715277120906195
CE(22:6)	0.448311681863849	0.720880032485833	0.270637805520458	0.738802897970932
TAG46:4FA18:2	0.620977361503442	0.559823461717535	0.269601979776959	0.717810097919773
CE(18:4)	0.91204248803553	0.838543039981533	0.318212801424583	0.664974161393776
TAG54:2FA20:0	0.881258341938945	0.696738203062859	0.281078690315439	0.67396798113554
TAG56:6FA20:3	0.746811222287165	0.837371022624914	0.289032442155367	0.685044654041465
DAG(18:2/22:4)	0.275344907145447	0.565150233733154	0.28120274167879	0.705005607148475
DCER(24:0)	0.274226175748766	0.155673165218501	0.372827658609535	0.516468518654705
TAG58:6FA16:0	0.656383454216639	0.66373641654514	0.27278918958822	0.717752375281152
PC(16:0/18:2)	0.467311427407872	0.965135247963203	0.335671233189042	0.675757076942346
TAG52:3FA18:2	0.572445298287626	0.384611146048786	0.288658758278864	0.711341672718793
TAG48:0FA18:0	0.928065575132569	0.507458516676454	0.259104967007763	0.660868327132271
TAG58:7FA18:2	0.424026023139415	0.470985213700142	0.287932131993631	0.718726939854838
TAG50:1FA16:1	0.323451794867617	0.817406799759994	0.284975362289752	0.675800456549194
LPE(16:1)	0.123643143276848	0.56846062882213	0.312230248212899	0.687113472132061
TAG48:1FA14:1	0.167766232210631	0.205120049713538	0.241729548479266	0.676245032939866
TAG51:2FA18:2	0.518746471850458	0.46070577222405	0.282947395691797	0.673312369820812
TAG50:2FA16:0	0.627928533895467	0.910263890454314	0.289090646496175	0.675963711459688
LCER(14:0)	0.29528386467047	0.143970765336107	0.426880566792838	0.576947620880189
LPE(22:6)	0.67623400022674	0.701612430754273	0.282121358991325	0.715590375821449
PE(18:1/20:4)	0.499188385119161	0.0848904695001811	0.161323876200474	0.901163083330924
TAG54:4FA22:4	0.353640896646712	0.577886631801943	0.262914858861908	0.707776380640792
PE(16:0/18:2)	0.777774977847382	0.925095004857778	0.29082458492676	0.687014008683735
TAG50:4FA18:2	0.415488592130004	0.468122568127826	0.272535353529101	0.707268647235051
HCER(16:0)	0.882182476049748	0.849045430743194	0.281939485469268	0.692570135633846
PE(16:0/22:5)	0.875460960936234	0.529160375844934	0.237197663118113	0.809770538899532
PE(O18:0/18:1)	0.9110883534565	0.914919502531408	0.288089740559109	0.686688416182238
TAG44:1FA14:1	0.293088198289936	0.374615700300078	0.258183794947204	0.664992481795276
TAG56:7FA20:5	0.103892179059096	0.348995579615208	0.33094128685621	0.748187123609746
TAG45:0FA16:0	0.550836909242497	0.439048915639756	0.255862503803304	0.669676961601582
TAG46:0FA16:0	0.810958280273891	0.675123356649044	0.270452913820646	0.677314730182901
SM(24:1)	0.224060092493059	0.485418494151313	0.420400821621496	0.609774696107992
TAG52:7FA22:6	0.588694946192424	0.580953039788524	0.297306470472783	0.714314143313425
CE(20:2)	0.470362139890082	0.291878415764128	0.47873139143605	0.659793978115705
TAG54:5FA20:5	0.45026342433229	0.910866917842054	0.295861696278329	0.685498447728278
TAG45:0FA15:0	0.560121194973306	0.535033025001052	0.265693884719145	0.670787283795136
TAG56:5FA22:5	0.622534943878624	0.597842876154095	0.304665500167797	0.701258359272569
PC(18:0/16:1)	0.176286433661378	0.410463182555681	0.399086621735581	0.63118781484124
TAG49:2FA16:0	0.389653575334381	0.4377003974393	0.277663692514067	0.673810535518142
CE(20:5)	0.240016310815438	0.939574627147762	0.292010737595203	0.672164490338406
HCER(22:1)	0.372286970925573	0.3446550044894	0.201091406517084	0.781337290486596
TAG49:1FA16:0	0.244026872306652	0.265762505045231	0.25359193354086	0.673624201653892
TAG56:5FA18:1	0.553170152201524	0.584673038468537	0.298647357775206	0.707806809148512
TAG53:4FA18:3	0.624440006364541	0.58969361011739	0.288990282999825	0.685266334212728
PC(20:0/18:1)	0.893654838302852	0.995567463585229	0.300076796355948	0.682099793426138
TAG54:1FA20:1	0.811744413518005	0.674762373714289	0.267254273471304	0.66989797772057
DAG(12:0/18:1)	0.478465969302352	0.908195394133373	0.285713651881712	0.673834598094135
PE(P18:0/22:5)	0.595804021567523	0.623380996104437	0.346419182592286	0.627693082640493
