chemID	simpleLRM_Fstatistics	multiLRM(chem_sig)	multiLRM(sex_sig)	multiLRM(age_sig)
TAG52:0FA20:0	0.117754109000021	0.0434614420562229	0.256404118307071	0.895726169661029
TAG58:6FA22:5	0.644486839527394	0.770064640220014	0.322629471023487	0.930178716565915
TAG50:1FA20:1	0.37380311674726	0.183724266395787	0.266364532840832	0.882150173794025
TAG54:6FA20:3	0.937796609203026	0.469078112197812	0.305513510918604	0.942159058344592
CE(24:0)	0.344268188081323	0.797590171984524	0.301131834577533	0.928469650669651
LCER(22:0)	0.323108917327048	0.519832114434655	0.258705372329229	0.949810578740744
TAG48:4FA16:1	0.629287354067253	0.610958759262912	0.296965207064911	0.946289462911759
TAG51:4FA16:0	0.70824045957101	0.953502300814916	0.3140465232725	0.910495791591787
PC(16:0/18:1)	0.846358615864982	0.669285877155166	0.37946999292761	0.85705487761819
TAG50:3FA14:1	0.346535182695356	0.363865750900177	0.309008366434799	0.870692820859832
CE(17:0)	0.776850561823975	0.312984699887723	0.391998136957909	0.847533415796264
TAG56:6FA22:6	0.859282320077974	0.848041834447342	0.315671401055451	0.929768637983183
PC(18:1/16:1)	0.63093486536558	0.9769050422385	0.342850823336707	0.916385371125885
TAG53:3FA16:0	0.758400848701494	0.748010741717633	0.308590905542776	0.914826270854657
TAG54:4FA20:4	0.428816728138744	0.710595956980109	0.297449992984512	0.913209812354762
DAG(14:0/20:4)	0.0535680373760063	0.0156535268895961	0.277274155891254	0.836801246900489
CE(18:2)	0.322618106773208	0.436623777591217	0.224273630219216	0.961715878590466
DAG(14:1/18:1)	0.852872178265041	0.973157393348176	0.314644561430431	0.909849493259402
DCER(20:0)	0.0475791036532707	0.0168055065601123	0.215602975966025	0.824149585574888
LCER(20:1)	0.621854886379905	0.169895312362094	0.490850897030138	0.774649779867751
TAG54:3FA16:0	0.950405788210336	0.961997285302193	0.315453656490794	0.913757971389147
TAG48:3FA14:0	0.708414519747889	0.996380662525196	0.314866558588944	0.911009893190224
TAG56:1FA18:1	0.32654803744107	0.188610060794641	0.26013457776925	0.868761582904484
TAG58:9FA18:1	0.184040566471451	0.368463101503939	0.338652567231904	0.994654561272513
PE(P18:1/22:4)	0.211629574754751	0.239129471871965	0.245331859500722	0.854624714001702
TAG54:4FA16:0	0.752300260917744	0.924130563308312	0.312778647361852	0.90782312949433
PC(18:2/16:1)	0.96722122675936	0.984223986468298	0.371283054720402	0.915639350836207
DAG(14:0/18:1)	0.540232405828749	0.339264256940202	0.284361846531576	0.875982124794088
TAG46:2FA14:1	0.168282026878815	0.329584065597859	0.296110825131463	0.882077641355039
TAG52:4FA20:0	0.44753103157386	0.347920458167312	0.300812368540127	0.913539894216412
PC(18:0/18:2)	0.67383547115471	0.500602699886829	0.566371820197748	0.832941129132446
PE(P16:0/22:4)	0.536583826499511	0.383563348858379	0.257275924810906	0.929830668857866
TAG50:4FA16:0	0.85187597131231	0.4168856168509	0.300727878429048	0.933443537605207
DAG(18:1/20:1)	0.652182764987411	0.941869593114793	0.315781154534211	0.917131645381596
LPC(15:0)	0.617311005044233	0.0736381362531063	0.180041950457633	0.962825530118455
TAG48:3FA18:2	0.703644851725253	0.889429023125305	0.315208157366994	0.917292504978589
TAG52:6FA22:6	0.556167029875535	0.704915105503633	0.312675010882163	0.8856490984359
TAG56:7FA18:3	0.659600066707665	0.654244276643795	0.310688268037819	0.91870748931609
PC(18:0/22:6)	0.844935850417704	0.911643894080887	0.33620198934365	0.890447642287692
SM(26:1)	0.542573135039627	0.671518459483888	0.375149886600906	0.866980490127745
TAG48:2FA14:0	0.501391435530724	0.563077497989958	0.309724194101602	0.899690959496989
TAG48:3FA18:1	0.42834433226054	0.770662542246997	0.321127773202918	0.923420909502468
DAG(16:1/18:2)	0.665158067255904	0.725522684370349	0.297724504216536	0.931230374062617
TAG53:6FA18:3	0.835455744624634	0.861331243207727	0.32632544781781	0.913834987013617
PC(16:0/12:0)	0.345929722980481	0.771107560929409	0.297445035139569	0.960430226384262
TAG51:5FA18:2	0.545846263555141	0.645704476191383	0.309321432405986	0.913905124421279
PE(P16:0/20:4)	0.627495336256353	0.685475728333144	0.3015959060732	0.943570894567384
TAG49:1FA16:1	0.243741785788858	0.506577428071037	0.305409477709849	0.907470283304493
TAG56:5FA20:1	0.149130891621603	0.304825190927173	0.310087486682646	0.923557677800185
LPE(18:0)	0.423935070959139	0.121648682184744	0.16230977433477	0.975957807709214
FFA(20:4)	0.840357867494773	0.999115845076247	0.313912470653013	0.910797050314318
TAG46:1FA14:1	0.150280253906529	0.0866377183486539	0.170325884799253	0.932475892230965
TAG46:3FA14:0	0.680419583209749	0.624922182723351	0.306786555395571	0.895694846471078
PE(P18:1/22:5)	0.903833656832041	0.51318128869614	0.40119867044278	0.844122102351212
TAG50:1FA14:0	0.470071248753521	0.255545109394079	0.267651444733288	0.868554770721489
TAG56:8FA20:4	0.618420749351857	0.854909039821467	0.31378697649948	0.917110243741853
TAG56:4FA20:1	0.264862631051273	0.389188347794193	0.32901292940819	0.938995340502814
MAG(18:3)	0.783982379191501	0.865426856717817	0.362648878583431	0.895460524804919
PE(18:0/20:4)	0.660679186655327	0.243617396521143	0.222886524401828	0.93558681515766
TAG53:2FA18:1	0.696517356725946	0.533280561704148	0.302101025545875	0.875450417730598
TAG54:7FA22:5	0.854337016398877	0.673510361178559	0.321113710539325	0.92716771970523
TAG60:12FA22:6	0.616685233543026	0.973666914197445	0.314765906823431	0.908016962705487
PC(18:0/20:2)	0.484791922813127	0.288176734075624	0.595773004069833	0.839113959526741
LPC(18:2)	0.0983700785263668	0.152610353541839	0.302211040639635	0.665537839906516
PC(15:0/18:2)	0.866180887974299	0.300868673494595	0.557965581087575	0.761910285726974
DAG(18:1/18:1)	0.556603417464357	0.55425232927828	0.313025121143616	0.956745357252551
TAG56:4FA22:4	0.453079547373281	0.697924531212068	0.295638174181024	0.925549533531611
TAG56:9FA20:5	0.164031967603676	0.438122795576137	0.335403903113722	0.956749568194433
TAG49:2FA14:0	0.316063351417132	0.288925540440386	0.30334294879761	0.871292127281156
PC(16:0/18:3)	0.664378594267576	0.397443291745666	0.231565166430538	0.974023557053869
LPE(22:5)	0.988845957125553	0.996198904127335	0.315347899904618	0.911010402506802
TAG54:6FA20:5	0.322331575371389	0.464281616105156	0.353972378523527	0.964853480795947
TAG56:7FA22:6	0.497302123371879	0.596450071466317	0.321517795303688	0.961125360335833
TAG51:4FA16:1	0.794258792089245	0.504286437384654	0.282956694621639	0.975332046483278
TAG52:5FA20:5	0.859980972401074	0.994488617411432	0.315490108548273	0.910914768239212
SM(20:0)	0.161927550378956	0.422149977416658	0.223018840543927	0.986263152439279
TAG55:5FA20:4	0.366207983284963	0.318143392875762	0.276829222218649	0.8779916863886
TAG58:6FA20:4	0.886550186709448	0.734839192305755	0.305513695241301	0.88797602643354
PE(O18:0/20:4)	0.861311435002653	0.72113447915616	0.324591354316486	0.897133786766478
DAG(18:2/18:3)	0.547363275883234	0.341636090863485	0.299359004180022	0.906355728616537
TAG48:4FA18:3	0.385929813345237	0.418077696050268	0.326032494027865	0.941211709281839
TAG52:0FA16:0	0.590057413996551	0.493243997857549	0.278468469621775	0.904004552630349
TAG58:9FA22:5	0.271233116878893	0.424244590119361	0.330528005148644	0.934752342810145
TAG58:9FA22:6	0.166285096903464	0.351619589982673	0.339192489034781	0.998581693616734
PE(P18:1/16:0)	0.684999971518067	0.786966683778462	0.335846291919071	0.873973285053282
DAG(14:0/18:2)	0.530643079456566	0.407058024322565	0.30792782459584	0.905147557909574
TAG54:0FA18:0	0.781221315944555	0.917847731752095	0.311478574781598	0.906082710892833
TAG56:2FA16:0	0.215314057911881	0.202517954206994	0.268259701235249	0.909450478297726
TAG56:8FA22:5	0.454899883675133	0.455994620469096	0.313841881206216	0.955145172861945
PC(16:0/20:2)	0.924231705105556	0.660514335576597	0.400613040848647	0.856447615079559
PC(15:0/18:1)	0.628036641512803	0.393534180632098	0.493272746304955	0.751084277566316
TAG56:7FA18:2	0.599942251185899	0.708552194514517	0.312640339916836	0.925360798315354
LPE(18:1)	0.69988316807724	0.884431838580276	0.315852463216685	0.888317764994988
TAG50:2FA16:1	0.385147789117713	0.980650680006546	0.314866915253143	0.910061232612448
PC(17:0/18:1)	0.613048767967411	0.067076287066656	0.545123722297547	0.584459161956715
DAG(16:0/18:1)	0.701147543759683	0.710602620834573	0.308086984307398	0.906905663093588
LPC(22:5)	0.278729311697863	0.546040626961554	0.309966523085296	0.862991729817465
TAG46:0FA18:0	0.608110153057277	0.842685796452606	0.307050449968484	0.902907914598573
PE(18:0/20:5)	0.764136021044011	0.844920919519029	0.311257046747178	0.892509192775322
LPE(22:4)	0.645149226902694	0.501633737760514	0.30760275337999	0.988969008628245
TAG46:1FA18:1	0.989608149604805	0.577745479937865	0.293628246285811	0.887160145276937
TAG58:10FA20:4	0.214753990134842	0.18802310276149	0.318821066652961	0.871009621632914
DAG(14:0/16:1)	0.122845975093057	0.148270846534493	0.292965811335272	0.922308952977024
SM(24:0)	0.551062828264435	0.443589004093124	0.410582894475529	0.865294484096131
TAG53:6FA18:2	0.629589877268978	0.443065670468647	0.307760613965892	0.923757655342685
HCER(18:0)	0.256408956322549	0.206000111136718	0.175817199037191	0.935266165008931
LPC(20:3)	0.952708460976486	0.885782248993121	0.314843436458967	0.895216664922161
TAG53:5FA18:2	0.321013831440221	0.420273977661208	0.319978975616303	0.903011181834852
TAG50:1FA18:0	0.289211046045773	0.29460380998864	0.275957223610909	0.899318105599534
TAG52:5FA20:3	0.490118624095478	0.745744843832885	0.31499956075457	0.892871451657959
PE(P16:0/22:5)	0.805512994622166	0.726023230698907	0.288699606306272	0.934167838289112
TAG44:0FA12:0	0.616916624339882	0.927005549296555	0.312208805252086	0.907421240955339
TAG55:6FA18:1	0.461914433923899	0.675568181132376	0.331199529879806	0.925197458941771
PC(20:0/18:2)	0.545360344593001	0.931537576047398	0.330165427955161	0.921034874376755
PE(P18:0/18:1)	0.517138573305203	0.354264955027653	0.426749091648433	0.799436764885802
MAG(18:2)	0.651201874620467	0.741307193734577	0.305276467419663	0.882424114808358
TAG52:5FA18:2	0.223059372769663	0.143101748900968	0.265199230659435	0.946129732990358
SM(16:0)	0.89535168487961	0.832686284023718	0.376992223506186	0.875632271542621
TAG49:1FA18:1	0.200434196522652	0.136695144152257	0.265733368670849	0.874565596923629
FFA(14:0)	0.568820509593959	0.750998530089045	0.304410808359724	0.948940444538152
TAG56:4FA20:4	0.754092464310866	0.833633173106187	0.308029304618591	0.898034313111742
TAG46:2FA18:2	0.645357076408656	0.887361960416242	0.310681119850625	0.907037112092242
FFA(16:0)	0.432039188524273	0.67707331302722	0.301315967773323	0.9334072538679
TAG52:5FA22:5	0.878367732111578	0.943544037717141	0.315297215467282	0.910311130785872
PE(P18:1/20:3)	0.216336610431259	0.205958371046138	0.457031674645828	0.820502391833561
TAG56:8FA18:3	0.798526801848947	0.507193622630456	0.305699612370772	0.925155816975507
TAG46:3FA16:1	0.824357545355634	0.849308768355384	0.312209088141238	0.922376596329677
TAG50:1FA18:1	0.431610353447349	0.632918254662975	0.301469120233707	0.919319496916246
TAG44:0FA16:0	0.6991948308459	0.862331594059041	0.307970312159419	0.90588333690288
CE(22:5)	0.956546787775707	0.963100983184919	0.326146619414545	0.913604245960257
TAG49:2FA16:1	0.326774106086649	0.689366023236708	0.315909476701482	0.891304495734368
TAG53:4FA18:1	0.871400381131572	0.772858352452452	0.310984404735294	0.888262943170475
TAG52:3FA20:3	0.25579500395086	0.473457113193298	0.296676095842049	0.928753657794928
TAG49:1FA17:0	0.19771892526032	0.182766908629342	0.277589398542705	0.893518244739332
TAG56:7FA18:1	0.336764143511956	0.358297655662464	0.334189925026725	0.983545432220089
TAG50:2FA18:0	0.450923343755468	0.313606053376784	0.29460003598856	0.902643436449553
TAG44:2FA16:0	0.558368407752921	0.315927535874294	0.260463434030815	0.947395065370578
TAG44:3FA18:2	0.93862087516522	0.527651667787265	0.283754132440173	0.944645330662561
TAG47:0FA15:0	0.357701671292578	0.43590545753989	0.281107775124623	0.91941561701938
TAG54:7FA16:1	0.692147862467973	0.711990670998905	0.312074196997079	0.939718443772342
TAG52:3FA20:2	0.609839556769722	0.827998708280519	0.316648609677377	0.898995487151687
TAG52:5FA16:1	0.278710852951805	0.145504653211792	0.261834891563405	0.999124970532372
TAG51:2FA15:0	0.69093838547576	0.583657017692745	0.300590060989104	0.874381277550328
TAG54:7FA20:4	0.597073602786944	0.708703134405902	0.318860210652566	0.909249933865507
PE(P18:1/18:2)	0.786124109318689	0.412090503639704	0.461893239773463	0.818924925719152
TAG52:1FA16:1	0.289774537016696	0.404004383872473	0.303348052553854	0.879796310036974
TAG47:1FA15:0	0.243357576693022	0.250923599062645	0.27843912612378	0.880130662066033
TAG50:5FA14:0	0.397774419013317	0.500569244261122	0.309633229691137	0.915162828926253
TAG55:1FA16:0	0.410114141556933	0.526338943009397	0.324405141814316	0.961318852760331
TAG56:3FA18:0	0.722087548274876	0.73278836906876	0.311936853782412	0.885543259318493
TAG50:2FA14:0	0.768043457832843	0.681848484894849	0.310051636694088	0.882449764880041
TAG56:2FA18:1	0.942279913669432	0.862822695351374	0.308130638722632	0.906636815055795
TAG51:3FA18:2	0.692199751548654	0.805769006184723	0.315822102027484	0.89910930120441
PC(16:0/16:1)	0.108378865108095	0.155981806127886	0.478638965355503	0.804985056609775
TAG51:1FA16:0	0.222325208381967	0.226288963818356	0.272295106867579	0.916749521445313
TAG52:3FA18:1	0.672557399307276	0.377276555994695	0.304020585851364	0.95665695319734
TAG56:4FA18:1	0.453725775667955	0.504135067039907	0.315464569026664	0.96432701917884
TAG54:4FA20:1	0.388413668835912	0.337469059534078	0.288071660212099	0.979115176012321
TAG56:7FA18:0	0.261529850668214	0.579695777566587	0.33451812553343	0.954449527149354
TAG54:4FA18:3	0.183684629593795	0.193198089509367	0.300440317352901	0.919789001337554
TAG56:7FA20:3	0.985591241238289	0.880742559319278	0.315190657572281	0.910444769009038
PE(18:0/18:1)	0.564007568976679	0.75059979976549	0.331164529278059	0.907280819347364
TAG50:4FA14:1	0.664978207610795	0.778624556265459	0.317198605464746	0.901825549768457
TAG47:2FA18:2	0.488590757388854	0.246415439388123	0.284537893898346	0.892536378619096
TAG50:5FA18:1	0.683638397252516	0.454873054110808	0.310856804879941	0.950628313459605
TAG53:4FA18:0	0.801516736998448	0.398279307445677	0.297026659958067	0.930462617628752
PC(16:0/20:3)	0.0836979856322513	0.137613704911508	0.551920185949962	0.814441331962604
TAG56:6FA18:2	0.69066862637849	0.837126212453061	0.314598331748794	0.914842857426966
PC(14:0/20:4)	0.272668620415634	0.122274161447107	0.461050380436021	0.91164100313301
PC(18:1/22:5)	0.159282709862374	0.197730277164503	0.187679584570931	0.940399344052158
LCER(24:1)	0.730374324156344	0.777774379948926	0.299743873788669	0.899258559157138
DAG(15:0/18:1)	0.378262872585246	0.244737277264702	0.310717154948783	0.943424920273406
TAG45:1FA16:0	0.247129286664987	0.225317657569585	0.270339285282308	0.892658784437575
TAG56:4FA20:3	0.737541624685538	0.751531541400935	0.3106681743863	0.887414117258733
TAG60:10FA22:6	0.647377765394278	0.936693530911287	0.315527649808791	0.918401640039709
TAG54:5FA22:1	0.109778635174804	0.163243326132258	0.295779527015349	0.874178147971965
PE(16:0/22:6)	0.622326006749559	0.626911842846359	0.272295137755344	0.957882177938582
LPE(18:2)	0.23852279638054	0.245586780044142	0.267323977234259	0.733087360079092
TAG54:6FA20:4	0.641149281750021	0.888324779501821	0.320450814404638	0.908245707034939
TAG54:2FA18:1	0.451990273541049	0.485854654736233	0.340540729134267	0.93574975344104
TAG56:8FA16:1	0.425511341779318	0.470284945114813	0.306023176604417	0.978445706882665
TAG58:9FA20:4	0.150517651309225	0.166876419948757	0.287449252179323	0.913252365967192
PE(16:0/18:1)	0.328060563149436	0.553255559607106	0.356409023126352	0.871961288721621
DAG(16:1/16:1)	0.710286452039214	0.586469748756782	0.314585763224363	0.937202274576968
PC(18:1/22:6)	0.969976792617964	0.607913384057069	0.385399699328958	0.82776818989335
TAG52:4FA20:2	0.80469044989433	0.693532530589458	0.30270285123539	0.94595020273211
TAG42:0FA16:0	0.794214323552483	0.754820954414955	0.300329717046404	0.903018314585534
TAG52:2FA20:1	0.469510348397858	0.4693331872038	0.304688622333812	0.874929254711239
TAG52:4FA16:1	0.336021681926379	0.149428360413608	0.258437645432148	0.964010545731739
TAG58:8FA22:5	0.258620822969847	0.3607951640506	0.334191319455303	0.951892477983663
TAG56:8FA16:0	0.461457560632847	0.615427292806653	0.322362296726458	0.947784247880891
FFA(20:2)	0.3514013554388	0.564791748483798	0.346240211450426	0.952441651624152
TAG46:3FA18:1	0.839996245593085	0.32715172461773	0.256652400138781	0.945097256524308
TAG50:4FA20:4	0.286159168894498	0.330645821087428	0.278329354755131	0.920038932121028
TAG53:2FA17:0	0.696073236077175	0.50869583477294	0.30734402941389	0.866248491560099
PE(18:1/18:2)	0.862302086837259	0.639172981225501	0.376983538877235	0.898188057191882
TAG51:1FA17:0	0.206371607983538	0.198527516383826	0.274155878244193	0.903172776080251
TAG54:2FA20:2	0.75197445057516	0.836199221670744	0.309367999437305	0.900364610359714
TAG56:6FA18:1	0.688042894134515	0.75135442250815	0.320449963126781	0.930795193770953
FFA(22:1)	0.430384078741269	0.790258781809976	0.309787777674763	0.891998103740271
LPC(16:1)	0.554495944506839	0.802664008507505	0.300542272942995	0.914249346923164
PC(14:0/20:3)	0.17913645310583	0.277423040752709	0.494111521715273	0.849693351669848
TAG48:3FA12:0	0.437720856658073	0.829161125129949	0.318972440836542	0.920205609791108
TAG54:6FA16:0	0.959435776767549	0.646318008267648	0.332442298220633	0.922303273788795
TAG46:0FA14:0	0.456955778831695	0.477422247541005	0.283014218798437	0.914704916588099
FFA(22:5)	0.74654006112238	0.796093380990934	0.307574326564466	0.893050860561585
TAG56:2FA20:1	0.795229439959895	0.989316621429683	0.315634829148144	0.910267950214283
TAG58:5FA18:1	0.852494302799907	0.981967631831554	0.314285927604871	0.909599961931211
TAG50:4FA20:3	0.479163460039158	0.511926016950738	0.300864967281386	0.879403341199566
TAG52:1FA20:0	0.133655912440687	0.0486655434302442	0.277229566693564	0.816672929692726
PE(O18:0/22:5)	0.925519145304706	0.803935354718108	0.33866781611123	0.899722362334264
TAG53:7FA18:3	0.340874335543874	0.597086528988868	0.330823876023764	0.910309461627349
TAG50:3FA18:0	0.634540811726176	0.409904065611077	0.302452153533618	0.916750578170619
TAG46:3FA18:3	0.380358255039498	0.798616540190047	0.324334821617695	0.915623668859192
TAG54:7FA18:1	0.109484589887594	0.178899622269727	0.316112659248791	0.940374553483761
TAG55:4FA18:2	0.583213910660462	0.914273616740749	0.314605036048906	0.905348780561034
PE(P18:0/22:6)	0.733333493522325	0.990974223695324	0.332794818693088	0.912666181583286
FFA(18:1)	0.551301024259194	0.456185465747334	0.289984180821756	0.971199764533678
TAG50:5FA20:4	0.480248442257692	0.567262051445647	0.294685370538093	0.896382727554764
TAG53:3FA18:1	0.876979752021997	0.9254556798168	0.313974229605415	0.916766881155747
TAG50:5FA16:1	0.885725043346201	0.102812915295576	0.237848843952996	0.950337453171519
TAG50:4FA16:1	0.816664799857356	0.135105611967678	0.235021336877868	0.966288283429958
TAG52:4FA20:4	0.318293778478451	0.558082369428858	0.294170314158282	0.93417065666475
PC(18:1/20:5)	0.451681584783536	0.957272457695687	0.318735178981684	0.904819114595162
DAG(18:2/20:4)	0.318614676899371	0.408957078079955	0.31826764207664	0.926344507365794
TAG54:7FA18:2	0.078641049189444	0.268369342968981	0.296763824586826	0.843465180585409
TAG56:7FA22:4	0.93429223706142	0.601883164544595	0.326204376095094	0.911445079957652
DAG(18:2/22:6)	0.439757345279072	0.746296420232864	0.315776846354785	0.937347852322125
TAG49:2FA15:0	0.353497235047566	0.41053450375215	0.305596048800664	0.903694775942579
TAG46:3FA12:0	0.487592257648893	0.798507626401947	0.316605753956108	0.922821279871252
TAG47:0FA16:0	0.412990650130321	0.473178213458452	0.283282530468931	0.917064018502779
PC(18:2/18:2)	0.583612443487002	0.849919333563451	0.369110541701261	0.910982714306569
PC(18:2/20:3)	0.603385262241575	0.481217942579872	0.489502758793201	0.885825746648678
CE(15:0)	0.931821490406983	0.303785513094322	0.429440598170479	0.801550385911936
TAG54:1FA16:0	0.247546061316152	0.101081348754217	0.242079809582035	0.880945516989608
TAG49:2FA17:0	0.224826168100038	0.171925108364928	0.304025862185742	0.874706420644976
TAG54:8FA18:3	0.0586391247885629	0.167158802162354	0.293353494797435	0.807971922509129
DAG(16:1/18:0)	0.143545638410313	0.278390791947872	0.303321728939899	0.893624795796977
PC(16:0/18:0)	0.403841156582266	0.440927445979352	0.491639586119752	0.838659298393737
TAG54:5FA18:3	0.0410243504917078	0.032494838479051	0.282002614908791	0.954644113068422
LPE(20:3)	0.832255340024166	0.912129234148716	0.327725615758624	0.915048691911593
TAG55:1FA18:1	0.185483864130039	0.408050148573269	0.353580371601437	0.972929920683008
TAG55:2FA18:2	0.224351489267146	0.438855083348554	0.329106471445054	0.951252156754215
PC(18:0/20:4)	0.908717556250658	0.875824038670752	0.309953586361167	0.910241656538248
TAG54:5FA20:3	0.770468011591325	0.917970915205393	0.316505370248372	0.91297762506045
TAG56:3FA20:1	0.311001182547729	0.436889609257481	0.344203611302538	0.946282040975784
TAG48:3FA14:1	0.255381881443378	0.570705227719364	0.316557923511074	0.896901780999753
TAG56:8FA20:5	0.122607860447801	0.318965563866518	0.348544800757764	0.981675205815501
DAG(14:0/16:0)	0.3780130448067	0.227422102625621	0.267154497099389	0.911738174966739
SM(26:0)	0.98662997556231	0.418428912637052	0.448976253133063	0.842993518388867
TAG51:4FA18:2	0.759813635764881	0.792934172279219	0.311161740944488	0.917530511231386
TAG56:7FA16:0	0.394774840450166	0.486566184351888	0.317661123571737	0.969057098662634
TAG48:4FA18:2	0.228664843610364	0.506611858528607	0.322170713175099	0.915450670314522
TAG50:5FA18:3	0.561223035040769	0.405769659032767	0.294879523401693	0.928232173180282
TAG53:0FA16:0	0.441433088621489	0.440867005509533	0.350093236847901	0.954549710603421
TAG44:1FA16:1	0.405523103214259	0.353368712994761	0.296141663023663	0.870938104435994
TAG60:11FA22:6	0.571250476361795	0.946129365681519	0.315013203092107	0.918289439296706
LPC(20:0)	0.0834193552099306	0.166035469000889	0.238170435675992	0.8639195379942
TAG52:4FA14:0	0.421518374220244	0.360786893143141	0.300732998290439	0.866596708726018
TAG53:6FA18:1	0.878250800276943	0.791580790934479	0.29698483971396	0.91416331680961
PI(18:1/18:2)	0.953310889449146	0.637003204752154	0.388286738671782	0.968976972272923
TAG52:4FA18:0	0.943966331785936	0.533534218655796	0.299239085882862	0.947311213461388
PE(18:1/20:3)	0.577628727033449	0.924718602015956	0.320114199425235	0.923709283965923
MAG(16:1)	0.865880349670341	0.996057649053429	0.315662172082831	0.910316983635292
SM(22:0)	0.898060389890341	0.820389959976692	0.38591053975643	0.895066772071839
TAG55:8FA20:4	0.80188202861911	0.270463904516536	0.347259467278404	0.844246987557697
TAG58:6FA18:1	0.844963625113177	0.762327873497795	0.319357764190996	0.931668930077277
TAG56:5FA16:0	0.660958658809044	0.902327863872036	0.311381856716676	0.910727028783075
DAG(18:2/20:5)	0.301921745893867	0.691057456105776	0.31616606469891	0.932887760821929
TAG58:2FA18:1	0.843885615201249	0.942827420749961	0.311746878012621	0.909200072613656
CE(22:0)	0.955963471248685	0.205414551410002	0.440141460893552	0.753022240351945
TAG54:5FA22:4	0.362525823227032	0.707646257902288	0.299488928762829	0.922342948476803
TAG58:3FA18:1	0.787740778456803	0.859596275416826	0.308945392892338	0.907868287552969
TAG56:3FA20:2	0.820337715361175	0.838634090083579	0.315807002621076	0.929873677145463
TAG52:2FA18:2	0.998018155341131	0.85613529184468	0.316014958583631	0.912457776275995
TAG53:4FA16:0	0.788800982552501	0.843239501828622	0.311162587600108	0.914872696927732
LCER(22:1)	0.799349136604796	0.794596028687105	0.297770833565979	0.912906235923868
LPC(20:4)	0.228016848877549	0.136006677339729	0.546246954526019	0.661384415702601
TAG48:2FA12:0	0.53919547505019	0.94027726198894	0.31716235379351	0.914975576848358
TAG58:7FA22:4	0.846232306819416	0.6908602955878	0.328540560671506	0.911832453115896
PC(18:0/18:0)	0.602022872759244	0.894109023750359	0.353116799646956	0.901036522198597
CE(18:3)	0.7224683228093	0.510614286569013	0.439613234733292	0.888638466795039
TAG51:4FA20:4	0.177982172353208	0.172176208467484	0.267670435990745	0.907367705095285
TAG56:4FA20:2	0.471997211013363	0.560836676718074	0.303915709545713	0.971299588757759
DAG(15:0/18:2)	0.426249282490646	0.56403291264511	0.344648003308773	0.941289657033851
TAG46:1FA16:0	0.876430814023525	0.607324570615741	0.2958128691425	0.895515214772129
DAG(16:0/16:0)	0.429679639474978	0.506138424388565	0.299574642584904	0.92551887692111
TAG54:5FA18:2	0.132079549249665	0.191430086500596	0.296248520140157	0.863748833405022
TAG42:1FA12:0	0.463058340166689	0.907749914652975	0.320527687536555	0.915956010438781
DAG(18:1/20:2)	0.692984109913305	0.403321870294727	0.327496456099625	0.826093278861886
TAG52:7FA16:0	0.643049443491423	0.592611311021072	0.290498816374689	0.914693636077137
TAG55:5FA18:1	0.688386445365249	0.853406114515743	0.316786834449418	0.912541795100446
TAG52:2FA20:0	0.706385357324625	0.508201233195561	0.304531128387395	0.888611060947831
TAG46:1FA14:0	0.294052616151558	0.31206251413039	0.283552239943694	0.885056115673183
DAG(16:1/20:2)	0.214950876748887	0.222085437288115	0.370819156572051	0.85798521989323
TAG53:5FA18:1	0.400149178285698	0.454991962637757	0.317426191427186	0.906523280768691
CER(18:0)	0.776305213538316	0.948375380616446	0.316490215136332	0.918324924051421
CE(24:1)	0.795994680295583	0.737777912721971	0.330421707551669	0.897787138357492
PC(18:2/20:4)	0.943424058834073	0.768592629132123	0.357024165706451	0.939318739310623
PC(16:0/16:0)	0.825181087583273	0.611985481292269	0.428194385314642	0.844529979623308
TAG50:6FA20:4	0.948483815476821	0.897474441866458	0.311258457780232	0.906937389781669
TAG52:2FA18:0	0.77993691773606	0.995801623887741	0.314318705862998	0.910576848532361
TAG55:2FA18:1	0.354775446561253	0.728725567485834	0.332197250464659	0.917527059576803
CER(24:1)	0.999885864215543	0.981126077026241	0.320096965203219	0.918458987600331
PE(18:0/18:2)	0.76579449773434	0.957581362037915	0.322854044106516	0.915297131076764
TAG52:0FA18:0	0.685022441351556	0.640590133092173	0.287828375071839	0.906846875090211
TAG50:4FA14:0	0.610822913304248	0.741500964782831	0.309584225954232	0.919792273907265
TAG52:2FA20:2	0.382654402677987	0.570298628748544	0.306296165656931	0.911875381568691
TAG58:6FA18:0	0.59038189597422	0.351276247368966	0.313683155351403	0.992414907094521
TAG55:6FA20:4	0.311508996530472	0.351822434119721	0.298665623835	0.894846150755059
PE(P18:0/22:4)	0.384918600303601	0.268610981158509	0.267792559892369	0.910962784127298
TAG51:2FA18:1	0.50922321797331	0.567804015710358	0.304040324320599	0.873430730249092
TAG50:2FA18:2	0.638615268693194	0.88223710931419	0.314842159180412	0.914554926255954
TAG53:3FA18:2	0.866256740796343	0.729247037012701	0.317916317475484	0.894079951683215
CER(24:0)	0.608847458267408	0.0819685371522219	0.381531436825976	0.607308857874517
DCER(22:1)	0.831750750554959	0.936757800427819	0.315147587309858	0.909330360445111
TAG46:2FA12:0	0.625498348047659	0.990275668714984	0.314519125357538	0.91032007773837
SM(22:1)	0.837822696341561	0.814031102929498	0.310168445508393	0.941802583189883
TAG48:1FA16:0	0.231736515305139	0.324692993408413	0.286860904972608	0.918858240476152
TAG56:3FA18:2	0.880859577795826	0.818243597345939	0.31003814582661	0.911014703128681
DAG(18:2/22:5)	0.898347983975192	0.997862333547598	0.314374550889914	0.910553482897885
TAG57:9FA22:6	0.719163538817781	0.94374968968233	0.321038734802802	0.909385542328864
PC(18:1/18:1)	0.64809247559993	0.993180176662501	0.333287025967637	0.911507749843708
TAG52:4FA22:4	0.449405601584772	0.41764448845178	0.275773302858353	0.938732217150552
PI(16:0/20:3)	0.482876364326478	0.388324323603095	0.468499688203311	0.87013755126006
TAG50:2FA20:2	0.361340043423887	0.324187956035367	0.29366737568913	0.885110473700275
TAG58:10FA22:6	0.179136924527415	0.420700547870073	0.331494772225273	0.975859881829678
TAG54:4FA22:1	0.159190454026146	0.119791876890472	0.312708011385929	0.943426490831976
TAG42:0FA14:0	0.656662833027362	0.935589805469956	0.312516254549013	0.906919744463127
TAG47:0FA17:0	0.425684310943857	0.328200821733079	0.271825178677553	0.911110021379334
TAG48:2FA16:1	0.290592771027367	0.792591851617341	0.317186006225851	0.904207754177486
TAG54:3FA20:2	0.878128647462332	0.927572472855104	0.316080826625468	0.916906764442191
TAG42:1FA16:1	0.520611244538849	0.404200819573296	0.28256774605575	0.894119420109418
FFA(18:4)	0.427190048429889	0.346662078024323	0.409641717612002	0.89355989956076
DAG(16:0/22:6)	0.795407072218742	0.879861157944615	0.317993471413433	0.897499560969173
SM(14:0)	0.761598270949827	0.935583472290907	0.322512668897139	0.928516524701717
TAG47:1FA16:1	0.292160307530885	0.506729973842169	0.306703283620337	0.901007883692777
TAG51:4FA15:0	0.746054435000795	0.918553338991234	0.314724573482836	0.913735815167106
TAG47:2FA16:1	0.286085377452628	0.629699403121255	0.317193492424403	0.886284700502877
PC(16:0/22:6)	0.741437819876487	0.768916808973456	0.297431413476669	0.970372360317566
LPC(17:0)	0.216444637247154	0.310490853631926	0.266817243394365	0.956001470581795
TAG55:3FA18:1	0.528854417184957	0.850062232793468	0.324652563399433	0.910040048320243
TAG46:3FA18:2	0.962556599600959	0.553852461328998	0.296244537919389	0.90873529311084
TAG53:1FA17:0	0.350703803673245	0.203510531506856	0.266269131280282	0.883114638244518
HCER(24:0)	0.743207874085517	0.708834632587182	0.291397662239965	0.954154116752737
TAG53:6FA20:4	0.385757598338537	0.741284022679785	0.309448248421677	0.900715636173984
TAG54:3FA18:2	0.515510814319441	0.490495354803845	0.317364341279517	0.924247919325781
TAG48:5FA18:3	0.122021956963166	0.31870161813154	0.329348932351324	0.902672375945448
TAG50:2FA14:1	0.153785809939709	0.114711254674009	0.266199218721927	0.872487438822007
TAG52:4FA22:1	0.359927227818777	0.179443748997691	0.284077477484244	0.973103387621032
TAG52:1FA16:0	0.744146008719641	0.807957413390667	0.305777011793566	0.907661888267614
TAG54:4FA16:1	0.657823478025757	0.514610585873578	0.291639226456625	0.97716508816621
TAG48:4FA12:0	0.20272216311959	0.506380604793856	0.324927843736702	0.922696047543797
TAG58:7FA16:0	0.956688776814168	0.564253751375356	0.300176722283127	0.92385481431875
TAG51:2FA16:0	0.30074868542659	0.476787741400108	0.308496190519245	0.895734408191578
TAG56:6FA18:3	0.388841606631124	0.546237011080706	0.299466464892255	0.931773989764868
LCER(16:0)	0.700463852372241	0.779766448080693	0.338575060723281	0.930435335419332
TAG52:6FA18:2	0.203527358337339	0.0887335436118693	0.272883746159483	0.985445145099521
DCER(22:2)	0.53722888368792	0.587000434303418	0.358911350069812	0.821613962172106
DAG(18:0/18:3)	0.957847260404956	0.941906248499845	0.314784346898344	0.910059849884647
TAG48:2FA18:2	0.617511074819448	0.491091907044578	0.304125133235701	0.905117306283305
LPC(20:1)	0.0340038131134988	0.0387975721669813	0.224338045423554	0.940879760825565
TAG54:8FA20:5	0.260603853300567	0.396048685353081	0.340089029470445	0.971056085219811
FFA(22:0)	0.959039553228811	0.944278683405699	0.316876633523428	0.911301078390273
TAG53:1FA18:1	0.764270543289976	0.478677334141815	0.28119903935125	0.898945504828802
TAG55:6FA20:3	0.733170756844317	0.802822079970034	0.328377129888657	0.906991634713562
TAG51:4FA18:3	0.988430956911147	0.62124657904943	0.313515709098532	0.925062438426653
TAG58:10FA22:5	0.226358406893371	0.480943034946702	0.332183874144578	0.938659787351064
CE(20:0)	0.22386601824804	0.838223330193045	0.305539884006978	0.905058900159358
FFA(14:1)	0.841693783991564	0.981963913781067	0.32046423605284	0.910659997458981
TAG48:1FA16:1	0.240795329530336	0.600336124721904	0.306509311384174	0.925486246106416
TAG53:2FA18:0	0.357546453028369	0.265450178241529	0.292237147696867	0.900963457491217
TAG54:6FA18:2	0.130282665108073	0.285632803367011	0.294417000329278	0.838873360550603
FFA(12:0)	0.530227507997251	0.832398155639455	0.310933956002879	0.9372254492538
TAG51:1FA18:0	0.187283768130161	0.100760246372515	0.249396409698559	0.889449886402302
DAG(18:1/22:6)	0.661419323535617	0.959834145794646	0.31469640322608	0.916304615126634
DAG(18:1/20:3)	0.414577322017551	0.422197020942185	0.301799047530168	0.884589057814834
CE(20:3)	0.239797039793476	0.161128408062185	0.540478658261934	0.897117791702714
TAG36:0FA12:0	0.36378210039589	0.615986160431835	0.311819652277258	0.937451115338631
TAG53:2FA18:2	0.728888801287487	0.492853525592666	0.302921243757915	0.913262050117388
TAG53:1FA16:0	0.705474905593013	0.968151652573896	0.31456438401247	0.911233494368816
DAG(16:0/18:3)	0.918157429208375	0.675068722023113	0.311279460417285	0.899265905692224
PC(18:2/22:6)	0.17077508314022	0.137334548830643	0.498682621230861	0.762887932955711
PC(16:0/20:5)	0.34470983493848	0.961536642350854	0.313824575837089	0.918236139867408
TAG47:2FA14:0	0.400096652833696	0.279349938986894	0.29149123756224	0.881018575486809
PE(18:0/22:6)	0.431153301403261	0.889032570625462	0.350896126350798	0.882533987109617
HCER(24:1)	0.564954015707585	0.421148872339873	0.259706006694305	0.960076769305186
PI(18:0/16:0)	0.325663859625033	0.362337343211658	0.247116691688877	0.819890378952284
TAG53:4FA18:2	0.871131205018013	0.982843703681768	0.314496172273199	0.91121262681047
TAG54:5FA16:1	0.880795827693674	0.708091760653696	0.30898875897025	0.934712308684152
PE(16:0/20:4)	0.856737714433383	0.613440951848749	0.278528209038511	0.987497868836464
TAG52:1FA18:0	0.627746078030169	0.663479093095372	0.295425540139129	0.909492710207874
PI(18:1/18:1)	0.458911789290229	0.158162335573652	0.437570920083734	0.937072845093553
TAG54:5FA20:4	0.519324255394233	0.784699398750572	0.302420579675951	0.915201292544094
DAG(18:1/18:2)	0.71889965078313	0.555467634081649	0.298099178940928	0.938799440507252
TAG56:8FA18:2	0.417001812320975	0.591122025072022	0.31951157356653	0.941076702449314
TAG56:8FA18:1	0.191355500135601	0.420767592841082	0.34319389384967	0.972372830263748
TAG46:1FA16:1	0.211462733034819	0.382546860748205	0.296528058857262	0.908723766877112
TAG53:5FA18:3	0.598050782374062	0.366656918253814	0.294790298590849	0.931861434373343
DAG(18:0/18:1)	0.976792951286568	0.888074911458354	0.311430678352764	0.90360622707356
TAG42:1FA14:0	0.531501400045081	0.327410890796928	0.267422823050722	0.881764905963232
DAG(16:0/18:0)	0.253948984206042	0.260869345321432	0.271975580056615	0.914510357215553
TAG46:2FA16:1	0.431749871352737	0.646788900581773	0.314971825198305	0.888188677936221
TAG56:7FA16:1	0.43481429021396	0.224554633997576	0.29464272731959	0.960179121219265
PC(18:0/22:5)	0.388380557613492	0.500411045387884	0.458537722454349	0.842856946179536
TAG47:1FA17:0	0.444275108792544	0.21933526790092	0.27907011854002	0.876936069015431
TAG49:0FA17:0	0.323745914990351	0.411679997247148	0.282503711573904	0.922605080368081
PC(18:0/22:4)	0.256567248314944	0.181369516685871	0.418351388845026	0.914371024291292
TAG54:8FA22:6	0.583248774713712	0.603713350210853	0.319379496567047	0.953488172801898
LCER(20:0)	0.555548688141923	0.483193030118663	0.256265610471932	0.940142671513028
TAG44:1FA14:0	0.960620198806	0.588211823487278	0.295593494513606	0.885172566295649
TAG50:3FA20:3	0.161502717991626	0.172516515589447	0.266335706381077	0.907855770602027
TAG54:5FA18:0	0.213756972960238	0.313746306006441	0.292491913776543	0.883647828261386
TAG48:1FA14:0	0.310136533915385	0.256374997270218	0.277757078801533	0.892705421899888
TAG40:0FA12:0	0.367700509082489	0.72197834642583	0.327129403397581	0.927486899379973
DAG(16:0/20:4)	0.128789079514994	0.118621659084996	0.298227246647724	0.957537854556363
TAG52:6FA16:1	0.280453681948165	0.0787515013179284	0.252023202243032	0.992492278543017
TAG54:0FA16:0	0.139657292065224	0.0221451136352308	0.215459453655711	0.843546151498965
CE(22:1)	0.551517323322175	0.640521761107682	0.272441675597542	0.950496405702871
DAG(16:0/20:3)	0.119147938865835	0.134398066162293	0.308677810631465	0.921942076107387
TAG52:4FA20:3	0.337565606969992	0.676450427887414	0.30602981266982	0.905662525559639
TAG51:3FA16:1	0.499076240381634	0.926345059989658	0.312820792491673	0.918593573052199
TAG52:3FA20:0	0.599370116903756	0.426100872305836	0.313112112802016	0.931838748442818
TAG47:1FA18:1	0.271365684299271	0.151442132423857	0.265389068369544	0.860338056191392
TAG53:3FA17:0	0.897040295779341	0.787294395075158	0.318490961150212	0.892915124100693
TAG54:7FA20:5	0.267340808612186	0.398540096819996	0.348326809567983	0.969769310256433
TAG56:6FA20:5	0.284323048695637	0.718683573065248	0.330311914304464	0.94577563420072
TAG50:0FA18:0	0.458024497239826	0.519037915507836	0.282166289787907	0.92152340153317
TAG50:4FA18:1	0.840107138646155	0.702589673937023	0.308962095640083	0.928606153312294
PE(18:1/22:5)	0.586206598863735	0.816435239515783	0.302730282226113	0.948495815507039
TAG46:2FA18:1	0.587872403746891	0.31330069817365	0.27003432799423	0.880071179220101
TAG47:1FA14:0	0.250165319899105	0.203112361786124	0.270208553799652	0.87197117771295
PC(18:0/18:1)	0.462948402432255	0.388981304832544	0.496428389006263	0.829772889256996
TAG50:0FA16:0	0.440090891425871	0.538478094950037	0.285334540192909	0.928274667343072
TAG54:6FA22:6	0.617007043008127	0.882385375202745	0.313482784939477	0.90086487211435
TAG56:7FA20:4	0.680638395940757	0.947556113329108	0.313847237637395	0.912639123477178
TAG52:4FA16:0	0.462092113946122	0.382084501958484	0.300291447143526	0.914398766335462
TAG42:1FA16:0	0.444503423661307	0.312638832792521	0.258391727091313	0.92923408676698
LPC(22:6)	0.158345595023334	0.164102012224377	0.346944051586669	0.997533239539736
PI(18:0/20:2)	0.328985367898106	0.62293056836856	0.43422702263671	0.83127182954438
TAG52:2FA18:1	0.974591518370167	0.683218076331124	0.320690183041768	0.933829512186531
TAG52:3FA16:1	0.521174841494379	0.211254841848679	0.27650355324537	0.972032597268369
TAG51:3FA18:3	0.697813229181638	0.876762625135882	0.314152158356014	0.91097160569687
TAG52:7FA18:1	0.712667309909299	0.74538648915527	0.304574665736592	0.901974221262392
DAG(18:1/22:5)	0.711028818938459	0.665790169868037	0.312227428389708	0.942512392941286
TAG56:5FA20:2	0.320162770683604	0.507882384885259	0.293646505072123	0.97846661527694
TAG46:1FA18:0	0.474594099474633	0.15529850516618	0.237215921932022	0.898208313489526
TAG56:5FA20:4	0.777112442974692	0.90236799334799	0.319554761810388	0.916642750636108
TAG56:2FA20:0	0.732932042628671	0.871119625859273	0.321519918298361	0.914930334132652
DAG(18:0/18:2)	0.793401007672877	0.833072884627463	0.317246302815045	0.909116117535012
DAG(16:0/20:5)	0.950766942673943	0.307967785455966	0.298396689252721	0.878525494385863
PC(18:1/20:3)	0.205547724842756	0.187235904007314	0.618668316990371	0.845966046296659
DAG(14:1/16:0)	0.523836738174011	0.397298645074549	0.290477443995037	0.974601515189518
TAG48:5FA18:2	0.138854950210498	0.407540104282092	0.328305067553696	0.900330239260854
TAG54:3FA18:0	0.470080944406019	0.413591259405015	0.31554978162865	0.929129056069363
TAG49:3FA16:0	0.581231174816731	0.942237590485496	0.314563261763247	0.910222641278951
TAG49:3FA16:1	0.574690297574071	0.821038725174425	0.308559854330388	0.927065589696066
FFA(20:0)	0.799291972758605	0.554300195954514	0.289098737367997	0.961495461762051
PE(P18:1/18:1)	0.701651717481842	0.155237266926561	0.510380299830596	0.75962723936902
TAG54:8FA20:4	0.365501339042307	0.991971577055533	0.314969470301395	0.910596529925019
CE(14:1)	0.210214429129322	0.0724488474205153	0.459466020828392	0.857827322587773
SM(20:1)	0.514805425984714	0.24383668743946	0.148516261488806	0.909567119807851
TAG51:0FA16:0	0.581910464831283	0.498804387682085	0.282492452364073	0.918712993618298
DCER(16:0)	0.259837339139935	0.206309518955177	0.407513751164181	0.828718135168329
TAG56:6FA18:0	0.597585040677673	0.779894382196152	0.319213946102769	0.926528408208643
TAG48:4FA18:1	0.225048509929316	0.505115793774594	0.333696420408538	0.928066660115135
TAG50:1FA16:0	0.413815576582383	0.626588651857295	0.300139135573308	0.924528849454639
TAG52:5FA14:0	0.3829901698641	0.419653032866505	0.293533714147699	0.887502698102751
PE(P16:0/18:2)	0.761176993690509	0.756305549040251	0.368553482893391	0.865802188575363
PE(P18:0/20:5)	0.666921967915636	0.473836042832514	0.331637685081895	0.803332886390526
CE(18:0)	0.483246377815232	0.414130324409347	0.416926379249326	0.882613590410177
PI(18:0/20:4)	0.77914089651674	0.86150138690392	0.308014565096173	0.917769831981736
TAG49:1FA14:0	0.243451887264602	0.141774200642838	0.269951182901096	0.865043258082442
PE(O16:0/20:4)	0.781782753591179	0.687939804719912	0.329142636019944	0.899283091761907
TAG53:3FA18:0	0.604593503666978	0.606600708417905	0.328318690756876	0.897250297917882
TAG56:5FA20:3	0.997688134073408	0.912130069814177	0.315917937567207	0.916854592787355
TAG48:0FA14:0	0.419313014338245	0.310300777421772	0.269067936764196	0.89479399348186
FFA(17:0)	0.927447999981351	0.996513715529346	0.317762151847422	0.910073225068972
TAG50:5FA20:5	0.756036108230158	0.486041963256201	0.283912876446089	0.883653993032043
PC(16:0/14:0)	0.114593172831733	0.0470202157529914	0.580444329142071	0.657718280843203
TAG48:2FA18:0	0.42264220143881	0.881068396018629	0.320920307584536	0.914275283024782
TAG50:5FA18:2	0.624622838717417	0.703319967022213	0.308050635447149	0.907383171339061
TAG52:7FA20:5	0.631656474330207	0.998666340639795	0.315492063231377	0.910759264212848
TAG48:1FA18:0	0.757197831455338	0.763001361057442	0.302454906710831	0.899525183984318
TAG56:6FA22:4	0.768028585465809	0.934519396555364	0.319557148078429	0.907681075521847
TAG52:2FA16:1	0.755658014248858	0.76588612679601	0.309724038380976	0.931611189133279
TAG49:0FA15:0	0.214011422432386	0.155354763511916	0.254645943261322	0.905798682934649
TAG46:1FA12:0	0.802121227149368	0.765625454609349	0.304468192540912	0.89821789719869
TAG51:3FA15:0	0.995682727473591	0.96179320254731	0.314253846352107	0.907945732774301
TAG54:7FA18:3	0.0711711390538078	0.212894862829471	0.292825272614905	0.83082667696765
TAG57:2FA18:1	0.189387251840961	0.408175235733299	0.343554260809628	0.985510020157067
PC(16:0/20:1)	0.556450584296988	0.605270064773109	0.334799185588226	0.872000514367995
TAG38:0FA12:0	0.439362555836724	0.659558699507934	0.313156254126185	0.933719442094687
TAG49:0FA18:0	0.28920718868599	0.194024092101518	0.255947792326622	0.89748484591415
TAG51:2FA16:1	0.325597336045008	0.676707368298209	0.319611308134038	0.883871755137614
TAG54:3FA18:1	0.157628397250739	0.130566463722869	0.353520217935048	0.987210384124877
TAG54:3FA20:3	0.360982706578018	0.59401169588943	0.294921974289953	0.902665952457742
TAG58:7FA18:0	0.483415861356993	0.642942294185636	0.319562216544353	0.953773022730837
DCER(24:1)	0.842284258609199	0.849789272823478	0.338249886637858	0.883282624046569
DAG(16:1/18:1)	0.705614815503344	0.882862982839219	0.31149720010754	0.919580862137425
LPE(20:1)	0.640367537094633	0.957551191167623	0.313614293450312	0.909673562720133
DAG(14:0/14:0)	0.319361919642768	0.213673978255218	0.263940138367914	0.868495074977642
TAG48:2FA14:1	0.153199110949482	0.284284630134593	0.291529835615777	0.891480718006228
TAG56:9FA18:3	0.511501067160037	0.360995421094986	0.314953357150082	0.946532540578879
PE(18:0/18:0)	0.937485650348381	0.784564248527383	0.352764216442276	0.863120947504533
TAG50:3FA16:1	0.776521423187474	0.465548131362583	0.287985373727994	0.947461725112813
TAG51:1FA18:1	0.2538273627887	0.230420458912332	0.275356611486851	0.891177139865601
TAG52:1FA18:1	0.802192961051137	0.909549477908431	0.311271449184003	0.908174238094263
PI(18:0/18:2)	0.766386362235658	0.711951425403778	0.393419620996913	0.938365724989719
TAG49:1FA15:0	0.216553431962395	0.192187071687625	0.268952597097402	0.899831124784941
PE(P18:1/20:4)	0.696850615312512	0.803230059327366	0.306815179638214	0.913471336907448
TAG51:0FA17:0	0.276950407857489	0.247943946568634	0.266757116222185	0.91481592131395
TAG48:3FA16:0	0.446948731658536	0.644083652041976	0.312301025798086	0.906795166912296
CE(12:0)	0.386319595672645	0.449030148397027	0.402258366856661	0.848258865768861
TAG53:1FA18:0	0.340301635656554	0.172321905498416	0.255555938800739	0.907004433188927
CE(18:1)	0.911585876984554	0.682473016363053	0.371126215499802	0.883781278266429
PE(P18:0/20:4)	0.668698491677849	0.518545597014201	0.289704945794461	0.955102844661656
TAG54:3FA18:3	0.651766781858918	0.319596135454411	0.305346914889524	0.873419695841102
TAG54:4FA18:1	0.112016624898344	0.0930586882991654	0.323822436303308	0.948370079291264
TAG58:8FA20:4	0.208761744923284	0.227558895727886	0.270095528648231	0.923355875351612
PE(18:0/22:4)	0.683771871321229	0.384079632393803	0.295459059320086	0.919584414284119
TAG44:2FA18:1	0.61057372525066	0.283912739228746	0.247717378516663	0.921460036552705
PE(16:0/20:3)	0.0396144566595207	0.0866759460581744	0.585808868294053	0.713799209852289
TAG46:2FA14:0	0.537405201263923	0.414142306462169	0.299223171891192	0.883667341809177
PE(18:2/16:1)	0.923903247335818	0.552359514570537	0.392120411250073	0.835760923838413
TAG56:4FA16:0	0.386065725886204	0.581612128235911	0.297470254646327	0.907589501792144
DAG(18:1/20:4)	0.282659137346332	0.320894681616395	0.294476384507241	0.91609518997922
TAG52:3FA18:0	0.968967209457282	0.622930874884397	0.303442553228698	0.924338907449617
TAG58:10FA20:5	0.718446564451552	0.666658148072107	0.309549528259348	0.876077157302459
PC(18:0/18:3)	0.717007955308365	0.896318101181932	0.318257583889723	0.919149559966588
TAG55:7FA18:1	0.988032697397298	0.602647838342354	0.290744682182913	0.892117965736578
TAG60:11FA22:5	0.80678265455423	0.862093491298839	0.315100326760795	0.898705187439112
DAG(18:2/20:3)	0.272406745008806	0.262645812140905	0.319470794701114	0.884930414083299
TAG40:0FA16:0	0.416650199810937	0.815218041792886	0.328386689503221	0.919043145075095
TAG54:5FA16:0	0.628821990476326	0.902617152188399	0.311431069133012	0.909107016224208
TAG58:6FA22:4	0.843717503693145	0.628773046190927	0.339139646570941	0.915451434588284
TAG56:4FA18:2	0.419553187211947	0.52102594904801	0.316461325872438	0.923127285666923
PE(O16:0/22:5)	0.775445437328168	0.388474097957496	0.40766654725615	0.85419169797737
PE(O18:0/22:6)	0.926563168296332	0.727526081312247	0.348407049565308	0.855472471607064
SM(18:1)	0.820786372910815	0.76757679805212	0.296287701593834	0.94713830261732
TAG51:5FA18:3	0.513573117250306	0.316848376227672	0.301641506291705	0.934517063401916
TAG54:6FA22:5	0.719970793121705	0.884584844611433	0.317230576480947	0.914357331472418
TAG56:4FA18:0	0.769940669144817	0.978480063298978	0.31434174237323	0.908874887078336
TAG51:3FA18:1	0.986052769125938	0.950750091977594	0.314650843425172	0.906205091252288
LPC(18:0)	0.238370831121775	0.0443648463878802	0.136058891396982	0.891115888239015
FFA(20:5)	0.976718933493352	0.527651303450592	0.319437615396388	0.88641231355541
TAG54:6FA18:1	0.0477788713167011	0.0906136218221469	0.292109952767299	0.907531356989434
TAG52:6FA18:1	0.270838484970309	0.204673904724337	0.331621119898074	0.987487226700757
PC(18:2/20:2)	0.124766005187231	0.117905403652243	0.147884191491964	0.919908618348232
PC(16:0/22:5)	0.61411211657027	0.611535894202604	0.269098492400093	0.980298463097339
TAG45:1FA15:0	0.374710091214497	0.26798898047339	0.284264517577765	0.874659500898895
TAG50:3FA18:3	0.877061825882905	0.794633719778945	0.314420232171872	0.900150022394354
TAG48:1FA12:0	0.558159025865425	0.959155954816016	0.313647279930852	0.908674130235305
TAG52:6FA20:5	0.998572938311366	0.913522676902333	0.311756566041992	0.90535292903647
TAG53:5FA20:4	0.269280060627623	0.456622425009147	0.294137892170416	0.897326985184046
CE(20:4)	0.52801868798001	0.793159011505717	0.307174041326669	0.902010392147758
CER(22:1)	0.51382848822926	0.990719169541623	0.334170733739941	0.914554088761585
MAG(18:0)	0.13020202539854	0.0160384124056535	0.282530356963852	0.950348849269327
TAG48:3FA18:3	0.863092567303337	0.814616309779797	0.309757339100994	0.911880575645365
FFA(18:0)	0.419652153921923	0.806199120277528	0.31372010767345	0.914299641523467
TAG52:4FA18:2	0.382881196249495	0.266353977552635	0.285222655757716	0.933907838314038
TAG42:1FA18:1	0.544891665291577	0.95552918107367	0.314458162520282	0.908955369627976
TAG60:10FA22:5	0.68770705687508	0.874331084337499	0.317481914362917	0.918063189928851
DCER(26:0)	0.695303886898997	0.500322939801301	0.317295086767034	0.936227447120189
LCER(18:0)	0.789308657830891	0.518484893563448	0.252425935110972	0.961985794753961
TAG42:0FA12:0	0.42619793834003	0.866662835471965	0.319708560116834	0.919591876905438
TAG51:3FA17:0	0.426544557968384	0.807702167588275	0.326522988038297	0.89646769046107
TAG52:6FA16:0	0.469608959858249	0.153407364906358	0.314286466083041	0.918163539563775
CE(22:4)	0.824752886589195	0.708313709383549	0.347727397972829	0.920221285811734
TAG48:4FA14:1	0.475188406035877	0.809222396055574	0.307535993424939	0.924459518217647
TAG50:3FA18:1	0.976459168112504	0.920881132134495	0.313306185269057	0.917137816468145
TAG53:4FA17:0	0.93558253800713	0.842729658580603	0.319594786415368	0.903654293286602
PC(16:0/20:4)	0.661155467239014	0.814373510554484	0.310075211952354	0.90733582573584
TAG44:1FA18:1	0.908137510436209	0.437319659498999	0.275368388422049	0.891127103232794
TAG48:0FA16:0	0.470199534196404	0.682397943246129	0.298000969792029	0.930825665500123
DAG(16:1/20:4)	0.152810006027586	0.35569819393056	0.310754413073738	0.921788996801601
PC(17:0/18:2)	0.710635537562147	0.621778350749266	0.450301021924219	0.83356604918549
TAG54:4FA18:2	0.147512568000326	0.142168312207775	0.308071464456201	0.928680591483403
TAG50:0FA14:0	0.481272141869279	0.18343524051594	0.246717674258487	0.866859536749858
TAG58:7FA20:4	0.415064268080117	0.390543480349135	0.292993447152665	0.878256853734837
TAG52:4FA18:3	0.42546264586791	0.176191828963363	0.310080801349813	0.924972590533939
FFA(16:1)	0.527699311026302	0.382299703230112	0.263697543798898	0.997307262324116
TAG51:3FA16:0	0.585950278823561	0.747202186361767	0.314384925656818	0.907340290666702
TAG50:4FA18:3	0.966232972802407	0.409256642547707	0.298447795446149	0.935320504448093
TAG54:4FA20:3	0.565636482251875	0.752512931562058	0.303567392275476	0.902329368022404
PE(O18:0/18:2)	0.867488645796336	0.733471704437337	0.395777793679472	0.873120942841901
PC(18:1/20:2)	0.905202011353867	0.851439866342898	0.311141153935205	0.921690165151679
TAG49:2FA18:1	0.400581833697469	0.513876777959231	0.310068788156092	0.866961739716596
PC(18:1/20:4)	0.784295959377294	0.885846846063623	0.325546710297499	0.914498616758588
TAG47:0FA14:0	0.425041168637013	0.362206431917141	0.277630524321287	0.895318034252201
TAG52:8FA18:2	0.783074716116698	0.809180214776674	0.312004366284328	0.908661323682973
FFA(22:6)	0.912447836107473	0.860226914398389	0.308246668998422	0.891095296849688
TAG47:2FA15:0	0.419656050654569	0.369503825746623	0.299095251657296	0.881110363513936
TAG48:2FA18:1	0.944959386760688	0.844332169640807	0.309430374930013	0.899222437159183
TAG55:4FA18:1	0.4903627051287	0.674560021048799	0.328897328254358	0.900337989379883
TAG52:3FA14:0	0.68003885846878	0.510337284707578	0.314899228435103	0.862388201124033
TAG46:2FA16:0	0.656635529522647	0.970736780303161	0.31402323007506	0.909797426367377
TAG54:4FA20:2	0.740654881923713	0.793788234736221	0.310286975305331	0.933373090585734
TAG48:4FA20:4	0.902057282439955	0.607834237882795	0.294669079178526	0.892006521730542
TAG56:3FA18:1	0.43418621559369	0.544294448892421	0.333013943442269	0.937943358876965
TAG54:7FA22:6	0.881523405378811	0.875911166263323	0.314134005251536	0.924538791865289
TAG49:3FA18:2	0.461672765532936	0.682545886532357	0.322925170868261	0.889973799585521
TAG52:3FA16:0	0.640201302147008	0.415718853233447	0.309237564819471	0.94263333257567
TAG54:8FA18:2	0.102543817318032	0.224150653405541	0.306889176031134	0.88140034863821
TAG54:6FA18:3	0.0656264874533948	0.117987906137782	0.28289209523067	0.883822271782079
TAG56:8FA22:6	0.409866863779538	0.590516173255551	0.321742832720614	0.956762902237885
TAG58:8FA18:1	0.133002611114037	0.263290081249936	0.353787096392578	0.981580514704034
TAG55:7FA22:6	0.846198609444361	0.962511895475921	0.315480303879986	0.905616227107541
DAG(14:0/18:3)	0.455610386590111	0.548875329914931	0.311122728020025	0.930886784437609
PC(16:0/22:4)	0.735300536921169	0.615736574209889	0.343636402605663	0.942356726478181
TAG56:9FA20:4	0.771885293033815	0.978943578352488	0.314699869336535	0.910887399962043
TAG57:8FA22:6	0.386491571431596	0.60050109378326	0.318123862275137	0.955901131930944
TAG56:2FA18:0	0.874744390115282	0.80533088028536	0.305820772651651	0.903960994096545
PC(17:0/20:4)	0.309262439037694	0.984005758952123	0.314302529742481	0.911905991147331
LPC(20:2)	0.0726378804035132	0.0532751068098242	0.209388796797105	0.831566974698001
TAG45:1FA18:1	0.439121628444659	0.243015564258868	0.266550291189175	0.879763215421876
TAG52:5FA20:4	0.293575516446369	0.654717897457683	0.299770254966083	0.920461685016145
PE(18:1/18:1)	0.961222149997818	0.773777373621592	0.316905318168336	0.911129890527478
PE(P18:1/22:6)	0.798908772768863	0.965129931552478	0.323061368215784	0.923825007322694
PI(16:0/20:4)	0.416268926907645	0.748779194666065	0.372249795536496	0.915584872844281
TAG49:3FA15:0	0.631613901626002	0.989470210381331	0.315470462573949	0.910038512132271
TAG51:2FA18:0	0.488410045320148	0.389155259945561	0.292158895950613	0.914015148597498
LPE(20:4)	0.776121008706072	0.691482242929449	0.313015382828837	0.850915689598526
TAG44:2FA12:0	0.622096454304189	0.859948310445309	0.309792336994457	0.904544167976673
TAG56:1FA16:0	0.249860480976509	0.221033732450279	0.259922187877564	0.892412101195218
MAG(15:0)	0.636275946994279	0.999574017237763	0.31490247166821	0.91057136020111
DAG(16:0/18:2)	0.960652569051096	0.855307318114787	0.312235821283335	0.907310648710856
HCER(20:0)	0.101592883062469	0.12788095482354	0.188369646321888	0.966194990619976
LCER(24:0)	0.807521943884999	0.981856162287076	0.320005929820422	0.911405532293396
TAG49:0FA16:0	0.310303945072454	0.345336098768032	0.27544725745839	0.92569526358694
TAG50:3FA18:2	0.82607982876623	0.792435098469788	0.308719041028227	0.92302397298257
TAG55:7FA20:4	0.696752496185471	0.562017628540107	0.339150498528943	0.882151130154437
HCER(22:0)	0.450221807353397	0.515961694744745	0.270386347723018	0.952792490380114
TAG58:7FA22:5	0.266041782677446	0.328279744926386	0.346761019736394	0.979868385383266
FFA(22:2)	0.72131597522945	0.779340979712519	0.320782940600097	0.931273887594533
TAG44:1FA12:0	0.968706755503906	0.571204501680023	0.298170719251574	0.881668410433034
TAG46:0FA12:0	0.582351657078919	0.929483273773655	0.312392301812698	0.907061612376485
TAG52:6FA14:0	0.597789179225276	0.735850587769933	0.307382343612945	0.894779900401157
TAG51:2FA17:0	0.322292475914031	0.448392058730832	0.317646466138391	0.898801805436986
TAG56:3FA20:0	0.694007095802363	0.834653279212897	0.319088350786794	0.909986657414906
PE(P16:0/20:3)	0.125905135620023	0.118263389018556	0.510864044793594	0.706074961747311
PI(18:1/20:4)	0.69884269834409	0.942312465230332	0.318143460862523	0.907864532535067
DAG(12:0/18:2)	0.462570255551306	0.760864887653243	0.321757415729201	0.912084216744375
TAG52:2FA16:0	0.90382544480016	0.654340783013351	0.319622911996279	0.931263097801639
TAG52:3FA20:1	0.964377709845429	0.830112578667978	0.315555779363316	0.897008851877865
PE(P16:0/22:6)	0.781906544137809	0.534070575099943	0.264438869263929	0.947951289346864
TAG56:5FA22:4	0.612978174613728	0.905333957789042	0.310830232838595	0.914079784315659
TAG56:9FA22:6	0.361813928291018	0.514505708827689	0.319118075432597	0.96315776897092
TAG55:7FA20:3	0.358554446117797	0.659668888070645	0.338631540881812	0.910185967932053
TAG50:5FA16:0	0.871490856298178	0.551090476186821	0.322928604604836	0.932393190780296
TAG56:3FA16:0	0.394787206207392	0.353542414629181	0.29827474904394	0.891260612546801
MAG(18:1)	0.471469903289279	0.808475832487082	0.320871385788693	0.939778488829986
PC(18:1/18:2)	0.90303766397941	0.643274906530856	0.453090802378182	0.887460585705226
TAG56:6FA22:5	0.525463361856797	0.56259515522351	0.32757056005299	0.943451405050778
TAG57:3FA18:2	0.197915207420042	0.466456958675886	0.329492329605056	0.960011233450997
LCER(18:1)	0.839486920343818	0.687366131394595	0.332266325782701	0.899472203128337
TAG52:8FA16:1	0.285499100363576	0.378518768866364	0.302725279736461	0.888665417152785
TAG58:8FA22:6	0.194099012300121	0.349730547534259	0.341809806241124	0.996866974921389
TAG50:3FA16:0	0.758698388892843	0.58032114546145	0.29885381277825	0.92014408799873
FFA(24:1)	0.343330407805672	0.487622470338791	0.293913688258199	0.918548153570223
TAG55:7FA15:0	0.786843233162129	0.850564354576646	0.316489211531081	0.88904863285015
DAG(16:1/18:3)	0.442938789446792	0.974388843234159	0.313993699351912	0.911032591265479
CER(20:0)	0.555889848448985	0.397011277176954	0.248066165826865	0.940050884651726
PC(18:2/20:5)	0.978874771764123	0.478994431041838	0.353213542553415	0.843088779409346
TAG52:5FA18:3	0.316802644062096	0.114996508662259	0.281251164125422	0.8981737072691
TAG51:0FA18:0	0.334749628203767	0.235035131824222	0.25640561115899	0.914204487552481
TAG55:3FA18:2	0.438009571568743	0.825212370644295	0.321484867323361	0.904208764668575
TAG42:2FA18:2	0.368836578410768	0.860574539184705	0.326436290104034	0.914004718176834
PC(14:0/18:2)	0.624555776959379	0.495821723075863	0.506211232098079	0.81827876648343
TAG50:3FA14:0	0.992610241709038	0.908864948683861	0.315825340421539	0.903734969913631
TAG54:5FA20:2	0.531225901198825	0.49765839166597	0.292686181405181	0.965126780548105
FFA(20:3)	0.987520862294747	0.989041153917609	0.313590828078643	0.91016951134688
TAG56:6FA16:0	0.561206545248127	0.499474659931659	0.321451510276015	0.946968948278017
PI(16:0/18:1)	0.303155797236592	0.165053447226347	0.463115044579675	0.980114295827343
TAG52:3FA18:3	0.663754866852655	0.436779000396587	0.315618496361772	0.904061090282333
TAG58:10FA18:2	0.257567210618431	0.524305115701447	0.327789380909012	0.952969886535549
LPC(16:0)	0.049742686193899	0.0123907344941611	0.185967942816183	0.849604088946655
TAG44:2FA16:1	0.379449459284566	0.408996977269654	0.300023298528531	0.887327384565534
TAG56:10FA18:2	0.464458949491283	0.827478047264553	0.321070950820644	0.90589707531177
TAG56:5FA18:0	0.823937909050315	0.857378269049227	0.317930404495715	0.921460015963114
DAG(14:0/20:0)	0.00278138605851179	0.000186806570295714	0.726889170281886	0.784126746932693
TAG52:1FA20:1	0.342156481785805	0.334551374113846	0.274927242550395	0.91666278490312
CE(14:0)	0.380469358146414	0.142877349135287	0.55587092749102	0.745743692812275
DAG(18:1/22:4)	0.992941623040468	0.737682983648787	0.30826415614661	0.898802930026979
PC(18:0/20:3)	0.0212968099813692	0.0358963381348973	0.78658790582772	0.769537809383133
TAG54:2FA18:0	0.604896177843245	0.634418641079878	0.330707284404282	0.924787727977311
TAG56:7FA22:5	0.513791031055815	0.560905625244538	0.31765488058657	0.935328283486343
PE(18:0/20:3)	0.203731397846049	0.388210867888414	0.473855870695655	0.806197712652639
TAG51:1FA15:0	0.281461201789706	0.139229939684941	0.247636999563272	0.876843630619449
TAG58:7FA18:1	0.176244430209391	0.151713185333467	0.34062786100689	0.946580044951032
PI(18:0/20:3)	0.161493806423874	0.175045862990484	0.66663303242729	0.726170534829687
TAG51:4FA18:1	0.669482169510289	0.414191955032229	0.306516567040354	0.9325947017831
TAG52:6FA18:3	0.209362518256156	0.0709084970885923	0.250174884955849	0.932985499677315
TAG44:2FA14:0	0.539951491683816	0.947680346819675	0.313140379062444	0.908558142171586
TAG50:5FA14:1	0.819346590992279	0.793890555443675	0.317667945041076	0.913093299337862
TAG54:2FA18:2	0.983818627088924	0.997673908830845	0.314190379866158	0.910694181961354
TAG48:2FA16:0	0.370889992305466	0.481970357651125	0.305341152088921	0.907384120131996
TAG56:6FA20:2	0.334868020890389	0.618680032134615	0.297762905328951	0.94503774772472
TAG56:5FA18:2	0.393500730609624	0.550427957791515	0.301092573080388	0.943924501398164
CER(16:0)	0.577031338840605	0.668089968837546	0.371953217732678	0.831151248880946
PC(18:2/18:3)	0.960321378233744	0.948205369612156	0.328181258195554	0.909878835404663
TAG49:2FA18:2	0.339950967945138	0.261291676030636	0.29829246113348	0.908165264703801
TAG54:3FA20:1	0.755343196142477	0.807921886915908	0.315699729873665	0.925009417795879
TAG44:0FA18:0	0.999559524675141	0.793499347423918	0.316021494509627	0.908075951385027
TAG54:1FA18:0	0.80304175349899	0.957026103892988	0.31819352866486	0.91253364820005
FFA(20:1)	0.515304039073123	0.676365162795121	0.326404878207174	0.941567154079479
TAG48:4FA14:0	0.687432545639504	0.838160623235597	0.310340576030871	0.924448849896474
TAG48:3FA16:1	0.523751503725255	0.904796084948199	0.311639588409431	0.919568425217641
TAG49:3FA18:3	0.68814869227774	0.881113089526191	0.312228617835738	0.912291387095861
SM(18:0)	0.725584363780801	0.592089814522665	0.262070820508574	0.979715233902964
PE(P18:0/18:2)	0.954780865313111	0.742880134837274	0.392937108348941	0.859441168240808
TAG53:2FA16:0	0.798460058910487	0.626307131124124	0.295623675007621	0.920088248769535
PC(18:1/18:3)	0.79597792273295	0.604969517090023	0.263547725868869	0.955645316053115
TAG53:4FA20:4	0.207148416020287	0.233615028193212	0.278048565210389	0.908963110545682
TAG46:3FA16:0	0.554362744799844	0.895862978535487	0.320141712000559	0.911861195970713
LPC(18:1)	0.140742070056173	0.088884287208703	0.269161263931278	0.793619368716127
TAG50:2FA18:1	0.525484890332794	0.823902510540174	0.314500770457035	0.899503995476927
PI(18:0/18:1)	0.198102906676665	0.0852929364499006	0.485272973130797	0.881762050789592
TAG48:1FA18:1	0.395027065592974	0.314418505298107	0.280820375680184	0.888252553694794
TAG54:4FA18:0	0.289990917277827	0.361810987511674	0.297798908830357	0.90177388292079
TAG54:6FA16:1	0.525325066810287	0.932319415869934	0.314004228436321	0.915439122890157
TAG56:6FA20:4	0.869719083147214	0.967800550996238	0.314769026813162	0.909795379039562
PC(20:0/20:4)	0.43658865814045	0.541480854829232	0.297152883422004	0.935942626112695
TAG54:1FA20:0	0.415922625640512	0.216875369789589	0.263880615153413	0.869994674202346
TAG44:2FA18:2	0.758247779226943	0.649564283863348	0.295261440636345	0.910140349426267
PC(18:0/20:5)	0.59454164233714	0.87963253968675	0.322275467066044	0.892078395563
TAG58:7FA22:6	0.450197471455101	0.618987897328802	0.322481202929362	0.963599123699921
TAG52:3FA22:1	0.507228290591545	0.393459757429445	0.306412400260554	0.946812733619129
CE(16:1)	0.191104633841693	0.147137496806566	0.561997000941335	0.834038922381607
TAG54:2FA20:1	0.977590744735168	0.954060605251873	0.31398527220002	0.908033026986395
TAG44:1FA16:0	0.352474075176947	0.197628700345426	0.25101651149874	0.900048366518052
DAG(16:0/16:1)	0.380511551283892	0.655598890937369	0.312911213092768	0.901315703934908
TAG46:3FA14:1	0.249946080331451	0.356631251187375	0.304978382469821	0.877456569232897
TAG52:6FA20:4	0.305175612808031	0.640759375646806	0.303373718949884	0.911496304957783
CE(16:0)	0.631366638314623	0.952857745836283	0.321058157287351	0.91462687919222
PE(P18:0/20:3)	0.302183790566324	0.421001208947274	0.43962499507448	0.777516177121385
DAG(12:0/16:0)	0.641729657001176	0.773168118890993	0.296283001648457	0.92646221239121
TAG45:0FA14:0	0.524516827698559	0.519820094175293	0.286746578023992	0.900529964486656
FFA(18:2)	0.21424561253902	0.229146097390357	0.254517513572483	0.961510567063353
LPE(16:0)	0.237826131371659	0.0279607423637118	0.178183734673185	0.990699573132245
CE(20:1)	0.239199541786857	0.572914558434997	0.278057730545378	0.89391210441692
DCER(22:0)	0.244106296109901	0.106914440227001	0.411271505388621	0.809921882760807
PC(14:0/18:1)	0.387982060558471	0.336005632814879	0.496633525379667	0.764630435607261
PE(18:1/22:6)	0.866273965479582	0.393215618202102	0.230636359165012	0.870706999762168
TAG48:4FA16:0	0.648290391270571	0.939862404359399	0.314456476184661	0.912368608264593
TAG54:2FA16:0	0.85555645740416	0.776691602134201	0.304355424503962	0.899360246299303
TAG58:9FA18:2	0.160327496121593	0.351717376808285	0.331313560170512	0.981095061110529
TAG52:5FA16:0	0.327693712154403	0.209848808597292	0.298325667641913	0.883351750015874
FFA(15:0)	0.707067422149982	0.903904347748595	0.312066491900945	0.918429461484465
TAG52:5FA18:1	0.282569335163437	0.0832128315666336	0.263042988830545	0.949779640574465
TAG54:5FA18:1	0.0833352145730938	0.113194048794734	0.300562608277383	0.896497558745137
FFA(24:0)	0.408011050783378	0.463069029849658	0.275448849981177	0.902900705731206
TAG54:5FA22:5	0.499581541557544	0.75485931095847	0.30553909912482	0.913112941847356
TAG58:8FA18:2	0.243232670123947	0.29724961230336	0.323297106185207	0.982312208066153
TAG44:0FA14:0	0.777034045110278	0.577763731654692	0.290430495419301	0.893680542099794
PE(P16:0/18:1)	0.7142416916784	0.780022009861905	0.349757765011926	0.870768035072972
CER(22:0)	0.483365169673203	0.186313429311006	0.428901276898814	0.710606612232018
TAG52:4FA18:1	0.300244090383974	0.109943541067911	0.26187348432202	0.980669187288643
TAG58:8FA20:3	0.231027990442159	0.214868160745759	0.294365705342188	0.872359873696374
PE(18:0/22:5)	0.813627709721277	0.27099761410177	0.217761091189319	0.929546279015047
TAG47:2FA18:1	0.33869224620364	0.233485322156467	0.278398365119015	0.853306822918501
CE(22:2)	0.313375983282148	0.902367607311406	0.310081689992663	0.914672665300931
TAG55:5FA18:2	0.735849726359595	0.971606983582961	0.314284654935749	0.913461432137788
TAG52:2FA14:0	0.459407360202811	0.190166649634308	0.282512657854126	0.841912896140665
FFA(22:4)	0.299664405425113	0.433365181330329	0.293335404703572	0.979896834318037
TAG54:1FA18:1	0.862867837879352	0.966404408268922	0.313926514689766	0.909463035595157
TAG40:0FA14:0	0.670973754388832	0.84929761577705	0.31554971268735	0.920522426293688
DAG(16:0/22:5)	0.981514728961656	0.817686223394761	0.31316526731529	0.91550152336208
DAG(18:0/22:6)	0.499248268311548	0.640828791421295	0.342268464117659	0.91033300758524
TAG47:1FA16:0	0.253129434527163	0.289042397437241	0.278272180358428	0.903372040204631
DAG(18:1/20:5)	0.435242708803225	0.896548994252051	0.317388503013135	0.919810381732046
TAG54:3FA16:1	0.708084181812894	0.62589730511585	0.303058874456029	0.960594207939538
MAG(16:0)	0.504195210882536	0.127092045878564	0.358050749637599	0.99090948636082
PI(16:0/18:2)	0.493807995710296	0.564557167803106	0.411294515218388	0.95220948991632
CE(22:6)	0.61810720385617	0.802736286934633	0.302488672609552	0.952674222067271
TAG46:4FA18:2	0.764741855994368	0.506432699628835	0.289617966291658	0.962395123431
CE(18:4)	0.815593077318384	0.648186135707448	0.376233926029887	0.880822156894599
TAG54:2FA20:0	0.788448283935219	0.658662065925439	0.306234780515395	0.907159159797682
TAG56:6FA20:3	0.985453655012648	0.991996737316896	0.314429089336776	0.910259558790588
DAG(18:2/22:4)	0.469340789294851	0.716944600798364	0.308701311314522	0.927618491789118
DCER(24:0)	0.350649177425904	0.20398273812556	0.397174249309338	0.735353773303293
TAG58:6FA16:0	0.42246098668082	0.886255297197146	0.310902175459876	0.923739693288619
PC(16:0/18:2)	0.790129160929829	0.738222597642882	0.432445052464902	0.875504975446987
TAG52:3FA18:2	0.67473894611605	0.466503157034205	0.309382956491146	0.939266185340275
TAG48:0FA18:0	0.760919861788722	0.439715497062265	0.276678177085067	0.891621985559569
TAG58:7FA18:2	0.658693905453024	0.631637728364668	0.312523650872201	0.93744624760538
TAG50:1FA16:1	0.295779853067491	0.708529859105483	0.309836419969891	0.909268984345184
LPE(16:1)	0.20356541956034	0.583145741331634	0.338565978057807	0.919377635005286
TAG48:1FA14:1	0.156279088982895	0.176464397647811	0.26125436749807	0.910237999946384
TAG51:2FA18:2	0.356057655794967	0.349970870080946	0.309737738670025	0.909390262426895
TAG50:2FA16:0	0.542723242764662	0.951449438028019	0.314752701542231	0.911400837611531
LCER(14:0)	0.270095882309739	0.143629584010668	0.465491513502041	0.793931273867209
LPE(22:6)	0.900616743638236	0.848064382848056	0.311352038242712	0.929407862952659
PE(18:1/20:4)	0.197207668481838	0.0329394914814044	0.144408463630855	0.772879301016036
TAG54:4FA22:4	0.298098850569002	0.472523692049011	0.280465471015836	0.95502964456661
PE(16:0/18:2)	0.636834425620334	0.956225776259204	0.332869158695301	0.906153283136508
TAG50:4FA18:2	0.634468256413918	0.646067144851072	0.30190994364967	0.928506680466825
HCER(16:0)	0.896850067862172	0.95725251061295	0.318468734869689	0.914449883309148
PE(16:0/22:5)	0.823943380249958	0.545203680459723	0.259166633142106	0.960596233429926
PE(O18:0/18:1)	0.518763909678039	0.71234230861363	0.36058070064266	0.885894431010085
TAG44:1FA14:1	0.222489228850976	0.296915301196921	0.275771740268919	0.898509282833314
TAG56:7FA20:5	0.147399301486814	0.374995598536077	0.356919986022409	0.980849294357564
TAG45:0FA16:0	0.414120565814564	0.358540169783017	0.271537432822475	0.90465423886842
TAG46:0FA16:0	0.642716320424473	0.563099330544394	0.286769246840949	0.91370126489116
SM(24:1)	0.330945014437777	0.648001859829564	0.413875224660096	0.857399825340001
TAG52:7FA22:6	0.75313975817346	0.694812415660288	0.321272649314638	0.937117833146144
CE(20:2)	0.561065725545455	0.305957878499045	0.521296081070025	0.885939242415734
TAG54:5FA20:5	0.648569000293387	0.967490273832994	0.314979971651652	0.908042020069139
TAG45:0FA15:0	0.433643573451824	0.448026613831426	0.283439256860805	0.905239521968134
TAG56:5FA22:5	0.888716118218327	0.780368968826685	0.322262732245684	0.922449047369528
PC(18:0/16:1)	0.213233459020865	0.397364146030003	0.440278453139082	0.854752056274987
TAG49:2FA16:0	0.285564990127597	0.336214440659601	0.302840303087769	0.909380486329242
CE(20:5)	0.40602233876073	0.851782896928357	0.322222160941109	0.886015500281683
HCER(22:1)	0.469144776290948	0.388794858230869	0.227969348682075	0.991150409793024
TAG49:1FA16:0	0.178973611705867	0.204719431821778	0.274827920841527	0.910317456685272
TAG56:5FA18:1	0.72723577888064	0.69301594890499	0.319915665490679	0.932917842290017
TAG53:4FA18:3	0.898721955254138	0.798479218769466	0.313464361931371	0.913237073105331
PC(20:0/18:1)	0.761743541921541	0.890408859437587	0.310955141568578	0.935108712881778
TAG54:1FA20:1	0.757923326418868	0.64737102849528	0.288860478503388	0.90200736220205
DAG(12:0/18:1)	0.571956304488369	0.872679168676619	0.309217514223011	0.905693221206811
PE(P18:0/22:5)	0.865988687007345	0.904763470925347	0.337085727251558	0.896170242836029
