chemID	simpleLRM_Fstatistics	multiLRM(chem_sig)	multiLRM(sex_sig)	multiLRM(age_sig)
TAG52:0FA20:0	0.160373770517245	0.0458326707638543	0.233560180587692	0.649986502930971
TAG58:6FA22:5	0.464999091298211	0.702157201210563	0.292448658950528	0.696401025635744
TAG50:1FA20:1	0.450221452962282	0.188679767721543	0.241119501191121	0.641569607830446
TAG54:6FA20:3	0.752859501229844	0.376303917738069	0.271052566047754	0.712703256076605
CE(24:0)	0.282166595124962	0.791265689555019	0.270746853200517	0.687031560272084
LCER(22:0)	0.695249137922506	0.818615936205542	0.271065010273882	0.680485616462132
TAG48:4FA16:1	0.658184862146649	0.556398681576085	0.26405989985642	0.710284577397721
TAG51:4FA16:0	0.885007306908309	0.82458685938806	0.281977290776162	0.671291839596967
PC(16:0/18:1)	0.762632448524498	0.564907929568116	0.365684321112146	0.607581314104399
TAG50:3FA14:1	0.333488987930001	0.336151227019875	0.278735187152733	0.632343055558643
CE(17:0)	0.884285923531207	0.312318698209049	0.359141010703586	0.611200064615541
TAG56:6FA22:6	0.640430664044617	0.758304324873491	0.28520394558507	0.702096019140531
PC(18:1/16:1)	0.470936007006047	0.92184786365413	0.33466851100515	0.662537791538442
TAG53:3FA16:0	0.869398572419202	0.7982022294027	0.279030627080973	0.672150865301005
TAG54:4FA20:4	0.49540166417306	0.781348017791893	0.272252943993325	0.670922369211273
DAG(14:0/20:4)	0.108763014977481	0.0213948467063321	0.252057918787557	0.597333106943405
CE(18:2)	0.281240061322026	0.422438747006782	0.197113588534334	0.72414116618907
DAG(14:1/18:1)	0.975324483300951	0.925506346309403	0.288846776293775	0.673465681068014
DCER(20:0)	0.24931060665399	0.0694289396920159	0.213405746206152	0.827919730847864
LCER(20:1)	0.406037249351195	0.0976078829671942	0.494752350221224	0.534739677791982
TAG54:3FA16:0	0.89745055316013	0.962487881625661	0.283523798694443	0.674255754418123
TAG48:3FA14:0	0.810582488502024	0.928960638158017	0.281366307082316	0.67564060964584
TAG56:1FA18:1	0.450252618419489	0.215459758319943	0.238402349095831	0.630985074653888
TAG58:9FA18:1	0.124194238337571	0.343991834474486	0.307367494094762	0.755717817518508
PE(P18:1/22:4)	0.830971194995827	0.790638899666068	0.271175532404018	0.65495563355127
TAG54:4FA16:0	0.823783772387767	0.960247259304101	0.282269772879787	0.669163317322588
PC(18:2/16:1)	0.883727183514333	0.887082834164446	0.310859465100774	0.700562646394279
DAG(14:0/18:1)	0.676123848091098	0.368879838552349	0.258435539441564	0.638123963171294
TAG46:2FA14:1	0.151382334432859	0.328477627275585	0.26726532477259	0.644019932525407
TAG52:4FA20:0	0.37431553193706	0.317317287457284	0.268328880997063	0.67754300120209
PC(18:0/18:2)	0.982570542002726	0.697539526310933	0.441784961750933	0.628410505723717
PE(P16:0/22:4)	0.566791541600348	0.905806784898122	0.280950680229149	0.670636589416696
TAG50:4FA16:0	0.939501328690922	0.348635425887916	0.267301375281794	0.699831825493975
DAG(18:1/20:1)	0.695421240098425	0.95066315308353	0.282313472337699	0.66742251151576
LPC(15:0)	0.701714733461595	0.0706152308722636	0.158752083434441	0.796269231627935
TAG48:3FA18:2	0.673943525634585	0.911715622710414	0.283162552357814	0.675652057691009
TAG52:6FA22:6	0.784433547726151	0.802077137398327	0.281353365751094	0.654932702520887
TAG56:7FA18:3	0.421846915765316	0.518623334884972	0.277037795492556	0.686576448752765
PC(18:0/22:6)	0.830223207521241	0.955323871420752	0.28678511314676	0.692514196593651
SM(26:1)	0.449528967103791	0.575247662155902	0.355512751143846	0.622338420860564
TAG48:2FA14:0	0.57776242699642	0.600714853816871	0.279539802696797	0.659659952973347
TAG48:3FA18:1	0.413490891452865	0.816629972088106	0.287414759936503	0.679821295988431
DAG(16:1/18:2)	0.696219084162239	0.681735329795003	0.264458924481751	0.694072868432499
TAG53:6FA18:3	0.698015258984614	0.78905252791036	0.298236812216528	0.674886695387472
PC(16:0/12:0)	0.367842769378175	0.908014340411472	0.28023758819188	0.694167703162969
TAG51:5FA18:2	0.34121302260783	0.515554556269348	0.275426637639169	0.679830095155892
PE(P16:0/20:4)	0.810785753915245	0.854204239124171	0.278066695951866	0.684118513627129
TAG49:1FA16:1	0.249629116304381	0.53195168765929	0.27585734581001	0.665741317842113
TAG56:5FA20:1	0.0857530060813626	0.251198796689442	0.27537112839582	0.690840387326229
LPE(18:0)	0.756676030431848	0.203417842727215	0.168265238749542	0.747183602239367
FFA(20:4)	0.765281871929294	0.962426570029896	0.283110187458714	0.671785235938775
TAG46:1FA14:1	0.204860066760271	0.0992902782698621	0.157573164235565	0.68363741849664
TAG46:3FA14:0	0.778756053575479	0.649767774133868	0.276494391053245	0.65678497143688
PE(P18:1/22:5)	0.705192899090697	0.366579489201155	0.396011226922609	0.594267238589098
TAG50:1FA14:0	0.569786882247924	0.260144762612538	0.241686660101841	0.63050183204348
TAG56:8FA20:4	0.816493080759608	0.982239931568961	0.283256984377432	0.670076092233605
TAG56:4FA20:1	0.206784262366426	0.369897883792186	0.294078786724704	0.700438868931704
MAG(18:3)	0.469723817274115	0.657871491263269	0.370670350512982	0.638219494437168
PE(18:0/20:4)	0.974965496441614	0.368425406327861	0.218548216630696	0.776881818060004
TAG53:2FA18:1	0.673839351281901	0.474942980776445	0.271269463792492	0.635033319051745
TAG54:7FA22:5	0.627571511401947	0.556831228296986	0.291957088091816	0.695934082513341
TAG60:12FA22:6	0.463057614092283	0.992351748097693	0.283108398387135	0.671698552210795
PC(18:0/20:2)	0.532530461989827	0.315081189343333	0.532793674288259	0.607264068466042
LPC(18:2)	0.0412110261367135	0.0870217392307218	0.265730551708143	0.443031543419047
PC(15:0/18:2)	0.689454103640063	0.322306851088203	0.503395314158193	0.547420261069756
DAG(18:1/18:1)	0.591190567793929	0.613372594003957	0.280710761151983	0.707132319258719
TAG56:4FA22:4	0.425858571611285	0.699422888472123	0.266531980169458	0.683321429301309
TAG56:9FA20:5	0.115182141262185	0.422973799527806	0.302421726334019	0.715867060313822
TAG49:2FA14:0	0.390474177994217	0.309434664116818	0.27389655237505	0.633747840098442
PC(16:0/18:3)	0.504196261126118	0.311509743596625	0.191748956879536	0.749613633435915
LPE(22:5)	0.995144784014832	0.967621353307688	0.282667975468716	0.6691191139696
TAG54:6FA20:5	0.229993327167978	0.42824184533266	0.323028805922971	0.728272811073034
TAG56:7FA22:6	0.353037216245197	0.542676403236588	0.292410828939574	0.727665556023017
TAG51:4FA16:1	0.818966571702704	0.479004052116587	0.252197991704947	0.736195867337103
TAG52:5FA20:5	0.704953212315537	0.939821842128295	0.285869793759845	0.673234621500231
SM(20:0)	0.0945196643841527	0.350074671531572	0.181149593431749	0.765796210860874
TAG55:5FA20:4	0.439635711839946	0.344663049160533	0.252459510782252	0.639913879401439
TAG58:6FA20:4	0.998847326123659	0.765694854741985	0.276694529301544	0.652465584626744
PE(O18:0/20:4)	0.701563959223289	0.750772634055327	0.292153355061756	0.65831058136971
DAG(18:2/18:3)	0.362244501522671	0.244587953068984	0.265188275316308	0.675049663769551
TAG48:4FA18:3	0.338445733096027	0.404757909798397	0.292814813619595	0.700927920852288
TAG52:0FA16:0	0.721945559621592	0.539970216246968	0.25482624103378	0.662280725637034
TAG58:9FA22:5	0.151034141894524	0.342874422628023	0.299860977609071	0.702770715166411
TAG58:9FA22:6	0.111847732343534	0.334159947615042	0.308754089369216	0.757376692250097
PE(P18:1/16:0)	0.599194079590997	0.770573280133397	0.30537724059435	0.637949833568073
DAG(14:0/18:2)	0.699685963157125	0.462143845484523	0.277850616239717	0.66256595732028
TAG54:0FA18:0	0.655109251532464	0.94708286079929	0.281483707631524	0.667982382273184
TAG56:2FA16:0	0.307261095352879	0.242625007236914	0.246467539093668	0.663345252681768
TAG56:8FA22:5	0.285457543110564	0.376363327625491	0.283317095009275	0.724215203062419
PC(16:0/20:2)	0.991623136789008	0.670599646931955	0.365495655415733	0.624124556381013
PC(15:0/18:1)	0.548719036830583	0.308029646007138	0.487606453847501	0.512384219731258
TAG56:7FA18:2	0.419501680693004	0.616276346011444	0.27987263865071	0.692318058702766
LPE(18:1)	0.870460117391274	0.947083419112006	0.282842406313366	0.666986736646214
TAG50:2FA16:1	0.274721770891139	0.903197096357641	0.284368978702326	0.668150784180917
PC(17:0/18:1)	0.821814293140692	0.073694377031655	0.498867035162414	0.402133417246091
DAG(16:0/18:1)	0.685226773919844	0.677331115141467	0.276977690359335	0.666089129583348
LPC(22:5)	0.182516543420292	0.461741350166757	0.277461766026655	0.623824251634972
TAG46:0FA18:0	0.552082871190871	0.810677311964616	0.274497775936581	0.662086351803273
PE(18:0/20:5)	0.553692521983134	0.844623152361338	0.279532083436898	0.655148272970702
LPE(22:4)	0.447848030718056	0.427432863195478	0.279364824928336	0.784861174754325
TAG46:1FA18:1	0.927535230391922	0.552144342377392	0.263048033169482	0.647609006029286
TAG58:10FA20:4	0.360672734632976	0.25666151641127	0.287652069664816	0.632368624396991
DAG(14:0/16:1)	0.159624374880565	0.175279892695888	0.266186223015208	0.673914292814122
SM(24:0)	0.504361320902034	0.398009614118491	0.385250286751242	0.625709035674172
TAG53:6FA18:2	0.598600796960317	0.422732595357787	0.276634390306309	0.68396413485256
HCER(18:0)	0.122697464496278	0.134987334300196	0.138725829487806	0.85667731238619
LPC(20:3)	0.96527474697374	0.846790313769152	0.282727417664057	0.654417240477638
TAG53:5FA18:2	0.280490961303372	0.406220589742345	0.288181742766583	0.664231391905834
TAG50:1FA18:0	0.354557044307942	0.31677580400732	0.250398416912722	0.656910090525311
TAG52:5FA20:3	0.594413342813576	0.81668235733717	0.283654010670481	0.65858032859857
PE(P16:0/22:5)	0.893557117368289	0.95415222424765	0.288381607980546	0.674349598253955
TAG44:0FA12:0	0.559653865065304	0.906720247463262	0.279846522341146	0.666737555609002
TAG55:6FA18:1	0.418301456842796	0.70349756413735	0.296265142178544	0.683298199767144
PC(20:0/18:2)	0.377527673483752	0.854587372802822	0.283059267782895	0.694550575223685
PE(P18:0/18:1)	0.737961354879605	0.409659750029334	0.382941611304192	0.577320939762803
MAG(18:2)	0.491621952348659	0.79406155277681	0.276757921284851	0.651813723145856
TAG52:5FA18:2	0.154733681034546	0.114494666310169	0.234025098385261	0.713170835958187
SM(16:0)	0.875869330570678	0.770678516843298	0.360493396972371	0.631088330777896
TAG49:1FA18:1	0.226175886841229	0.134579799048397	0.240137775415839	0.634660001709649
FFA(14:0)	0.624258949393165	0.818761285113491	0.27619818346542	0.69644857151018
TAG56:4FA20:4	0.983213175006628	0.961027822940373	0.282565055922045	0.668511904756112
TAG46:2FA18:2	0.574636307281099	0.874917396059371	0.279063467643698	0.666626085706052
FFA(16:0)	0.592610700809617	0.775632446440146	0.274250668490531	0.683061002086199
TAG52:5FA22:5	0.923751307497117	0.830634150630453	0.284957730648763	0.671276625656523
PE(P18:1/20:3)	0.195349894890971	0.18006259606662	0.433789739240158	0.581416170427992
TAG56:8FA18:3	0.540994363585219	0.367350219972125	0.270889466547163	0.697611359096998
TAG46:3FA16:1	0.826367664603429	0.877576246402165	0.281014492644709	0.679723895179448
TAG50:1FA18:1	0.433117019301439	0.639814616547847	0.272158406976712	0.676577196247051
TAG44:0FA16:0	0.631394295605624	0.848722186071027	0.276302062631467	0.665497285648751
CE(22:5)	0.952034798815126	0.976712566991601	0.296169604871741	0.673202107179157
TAG49:2FA16:1	0.275686007228874	0.658293461812968	0.28519466488707	0.651443937729312
TAG53:4FA18:1	0.974379725651909	0.672989299016682	0.27856401208271	0.644040058275566
TAG52:3FA20:3	0.3126429649028	0.546832203235519	0.270525468407982	0.680701025449914
TAG49:1FA17:0	0.233792025517506	0.192979988190416	0.251572176672548	0.651399636393597
TAG56:7FA18:1	0.231921985929203	0.30840576366321	0.303263256511863	0.752354483879034
TAG50:2FA18:0	0.601448271400817	0.35165019768127	0.266755223151974	0.659449780474137
TAG44:2FA16:0	0.697292507757458	0.344628857371798	0.2370198568944	0.697773846258177
TAG44:3FA18:2	0.898628454176864	0.565422626955267	0.257852048362418	0.696275012815116
TAG47:0FA15:0	0.452583762001307	0.487403879571306	0.256371643424977	0.6738142418687
TAG54:7FA16:1	0.870154283445548	0.593758346178855	0.279807943626329	0.712899738982988
TAG52:3FA20:2	0.603104841571749	0.826069378308754	0.285475141233138	0.660012099574086
TAG52:5FA16:1	0.221505221976281	0.126717023211976	0.232545973242873	0.762194078907743
TAG51:2FA15:0	0.644847327567229	0.513316163099174	0.268845658955578	0.632934106626339
TAG54:7FA20:4	0.675181043974405	0.598102701025878	0.287375364310349	0.672019261171121
PE(P18:1/18:2)	0.891807358742488	0.520044687407273	0.396011427106986	0.602663288281094
TAG52:1FA16:1	0.346598908890299	0.426654224312224	0.273813813135521	0.64190464229543
TAG47:1FA15:0	0.296877566824018	0.265783596280831	0.251650774399817	0.640321209709873
TAG50:5FA14:0	0.257896233865436	0.415503984835274	0.277097147024885	0.680147825185993
TAG55:1FA16:0	0.26517473387699	0.459344965769014	0.295648990864954	0.728937443390535
TAG56:3FA18:0	0.939508644367728	0.821432698078897	0.28187957642047	0.65544876622199
TAG50:2FA14:0	0.789264012615866	0.650728985965562	0.278889277916555	0.642939038508366
TAG56:2FA18:1	0.850559093491718	0.881709674398608	0.278136337237777	0.666863838709451
TAG51:3FA18:2	0.77366659108524	0.83442046861697	0.284347489580991	0.661471999710285
PC(16:0/16:1)	0.104094329847568	0.153386579945665	0.440777601934923	0.57367061663847
TAG51:1FA16:0	0.251456944298221	0.2350181690523	0.247042005445733	0.671822141915273
TAG52:3FA18:1	0.741047898211874	0.419582345301415	0.272812526730705	0.709518344864049
TAG56:4FA18:1	0.395869856958461	0.504525683958213	0.281548670146919	0.722938101103452
TAG54:4FA20:1	0.347554345718454	0.331195294374258	0.256890631153444	0.737608233309604
TAG56:7FA18:0	0.152321604839736	0.522163901852117	0.304277387445691	0.720742659711372
TAG54:4FA18:3	0.115356682075562	0.154734402245049	0.267321050643259	0.68859480091366
TAG56:7FA20:3	0.715601873181797	0.955494811677311	0.282290304962637	0.670982933904365
PE(18:0/18:1)	0.463514816472273	0.675298679842379	0.304562450551158	0.66551696046712
TAG50:4FA14:1	0.756021179094918	0.82576486850504	0.285144652788668	0.663677388365272
TAG47:2FA18:2	0.628673703643783	0.265171081572209	0.25714146572625	0.650941818984292
TAG50:5FA18:1	0.568920865503138	0.399774155155309	0.277859239398918	0.716618846942372
TAG53:4FA18:0	0.826801968311538	0.371295132053023	0.267192120781652	0.688381405940655
PC(16:0/20:3)	0.0911164764847393	0.148038801135586	0.506866525564723	0.580948815746002
TAG56:6FA18:2	0.501158486708763	0.74306811175191	0.28232408288	0.678797340868008
PC(14:0/20:4)	0.437270380580334	0.165121793374306	0.406601680910621	0.661071767474009
PC(18:1/22:5)	0.431677387918917	0.380495154225947	0.204721660721888	0.68008395674184
LCER(24:1)	0.780924268074606	0.792650722824528	0.270618139691496	0.661857572583912
DAG(15:0/18:1)	0.456747410638427	0.28563002308584	0.280346845925705	0.695050961068603
TAG45:1FA16:0	0.283178503344262	0.23317131639357	0.243270727470977	0.651834487453098
TAG56:4FA20:3	0.943489627439286	0.829144237166942	0.280978926128683	0.656241471181424
TAG60:10FA22:6	0.459905485191244	0.881379205500778	0.285075598931406	0.685287125727223
TAG54:5FA22:1	0.0798168294401999	0.145386664149566	0.26235901827802	0.643303903286691
PE(16:0/22:6)	0.872651074569035	0.491211266063867	0.223717045241921	0.862292106245455
LPE(18:2)	0.220792318532342	0.207361431168548	0.232667979120506	0.5133250009568
TAG54:6FA20:4	0.653090374070891	0.837332843857278	0.289775215828265	0.668342891185652
TAG54:2FA18:1	0.484625273201373	0.53537695343749	0.30236466696991	0.690778497278944
TAG56:8FA16:1	0.292048208232361	0.416602927967869	0.276129362350152	0.743802668768532
TAG58:9FA20:4	0.228074141741864	0.223432657191341	0.263774358799342	0.664695746955923
PE(16:0/18:1)	0.11500562721627	0.343628896764151	0.346844497444843	0.623103782098153
DAG(16:1/16:1)	0.60841641200338	0.615445725522998	0.282936313083481	0.691772655762489
PC(18:1/22:6)	0.750816050134974	0.69872696540153	0.331941060148098	0.619210987234145
TAG52:4FA20:2	0.672321776034343	0.637823988948083	0.269084204163847	0.71297844899433
TAG42:0FA16:0	0.692777918471296	0.751005189980357	0.269969500215387	0.662781376816548
TAG52:2FA20:1	0.424661350512784	0.4250831635807	0.274604746843175	0.635827736729364
TAG52:4FA16:1	0.353868483532196	0.161772075400851	0.232680640301536	0.78343464729766
TAG58:8FA22:5	0.169410741208464	0.313691688104064	0.302009125201916	0.717191973607506
TAG56:8FA16:0	0.307915902197407	0.548560557335922	0.293245505722981	0.714207710776268
FFA(20:2)	0.321849054011495	0.574450963829636	0.311430333941265	0.710318553381913
TAG46:3FA18:1	0.990341256975568	0.337035570389901	0.231729303850577	0.698228704366346
TAG50:4FA20:4	0.347448015825206	0.378300339801976	0.254488218186	0.674328819249564
TAG53:2FA17:0	0.673132517731427	0.450439334744868	0.277067951459026	0.626326473774159
PE(18:1/18:2)	0.959995089380072	0.67237913521402	0.337931805096828	0.658045090505167
TAG51:1FA17:0	0.224781313719737	0.200565031285176	0.248577898700955	0.660273024350016
TAG54:2FA20:2	0.852160457884796	0.874620110198384	0.279736670496388	0.663324554775203
TAG56:6FA18:1	0.616196296073273	0.746366483725721	0.287762631157202	0.691209243670014
FFA(22:1)	0.3777458758399	0.797172998687365	0.278424717253549	0.655922195239906
LPC(16:1)	0.420538973619972	0.83206046568872	0.274230759459779	0.673369575014132
PC(14:0/20:3)	0.107185902664332	0.242956558342136	0.462476578334011	0.6147405720071
TAG48:3FA12:0	0.410094133545515	0.870762966676049	0.285766414358191	0.677190210379348
TAG54:6FA16:0	0.818186406446359	0.565462652796258	0.302839259415379	0.687548725067444
TAG46:0FA14:0	0.579873965030016	0.533947600657628	0.258491761222187	0.670160997923371
FFA(22:5)	0.674519098697771	0.774836914654317	0.274629060466653	0.655706515287487
TAG56:2FA20:1	0.724633836013317	0.988332278773431	0.283741002878355	0.670209767206229
TAG58:5FA18:1	0.979759317937804	0.943086631253137	0.283113005861192	0.674695113177246
TAG50:4FA20:3	0.539372416729226	0.53764477940655	0.272124619022672	0.642766277738209
TAG52:1FA20:0	0.133684550784547	0.0386456825793942	0.249637850381107	0.58342499993906
PE(O18:0/22:5)	0.954815124467261	0.742891799460742	0.311763051475694	0.657666034676864
TAG53:7FA18:3	0.281114329194637	0.547415611605978	0.297807746904751	0.671149956827839
TAG50:3FA18:0	0.818018814939369	0.459408935388939	0.273429279917165	0.671819561682184
TAG46:3FA18:3	0.327539427918073	0.808667232819319	0.291182366582268	0.674862704215442
TAG54:7FA18:1	0.0604899955311393	0.139465882975428	0.28432917642582	0.709375894882901
TAG55:4FA18:2	0.44379436967211	0.842009526612741	0.283057582301726	0.662641188733112
PE(P18:0/22:6)	0.741703778415823	0.712031154914191	0.258994071752885	0.7888817393563
FFA(18:1)	0.82151600840885	0.589347941042344	0.266788897416536	0.706071306175873
TAG50:5FA20:4	0.452597210942198	0.553154037648271	0.265066210273636	0.656804890936525
TAG53:3FA18:1	0.909347528709346	0.987872129228937	0.282967094902522	0.672272538424905
TAG50:5FA16:1	0.7917430638324	0.0769462191031667	0.207945633969715	0.819878165428573
TAG50:4FA16:1	0.82002674817239	0.121012533884765	0.20751203357223	0.793575076807508
TAG52:4FA20:4	0.358289432669747	0.624740354444694	0.268397525855551	0.686037183927971
PC(18:1/20:5)	0.207755118151427	0.900557000407782	0.279260459612869	0.68986796981179
DAG(18:2/20:4)	0.462473700678503	0.515231093240552	0.2863879725352	0.677863895111839
TAG54:7FA18:2	0.0428055717267573	0.215572715829452	0.263770554024191	0.61073027590366
TAG56:7FA22:4	0.761822905714179	0.498031563214029	0.295503726253011	0.675867295757372
DAG(18:2/22:6)	0.298092724696511	0.697357628706375	0.28569696518387	0.701292324394367
TAG49:2FA15:0	0.401503069632486	0.434479760088484	0.276491668944132	0.661708656278378
TAG46:3FA12:0	0.449040979884119	0.822996219787041	0.284347742217042	0.68056882804641
TAG47:0FA16:0	0.52053457426376	0.527664422368773	0.258427660599291	0.672180523243693
PC(18:2/18:2)	0.406036136384334	0.979720854105033	0.309435961670282	0.670289231218622
PC(18:2/20:3)	0.50810868978663	0.457485799012759	0.454294099726834	0.646411725784832
CE(15:0)	0.88690567389905	0.319233784946033	0.390225446561519	0.575069075575371
TAG54:1FA16:0	0.339548180818621	0.113801919500261	0.222396117291187	0.638679253178942
TAG49:2FA17:0	0.274966113410279	0.182976590569937	0.275028346083315	0.635563687191508
TAG54:8FA18:3	0.031165473048535	0.126836298955836	0.260315964419801	0.5799622306355
DAG(16:1/18:0)	0.140938439495287	0.280429059162614	0.272818264897815	0.655534079475437
PC(16:0/18:0)	0.643400115925453	0.566922789016572	0.41684328566656	0.616627420571411
TAG54:5FA18:3	0.0270992892207362	0.0259995937880056	0.249433198767916	0.724558638892803
LPE(20:3)	0.607026268131358	0.812946178951756	0.305776968941442	0.679504055095517
TAG55:1FA18:1	0.123401024465927	0.379298519537112	0.320536993773623	0.735417272234789
TAG55:2FA18:2	0.143196052589637	0.390923892197238	0.297494121292308	0.715345930430397
PC(18:0/20:4)	0.653610807778856	0.707170450633804	0.268900491856225	0.673572319575235
TAG54:5FA20:3	0.888817971413646	0.843860105579619	0.2857051399655	0.67590121737548
TAG56:3FA20:1	0.304832397588353	0.464362165991839	0.306070985465437	0.701343755379593
TAG48:3FA14:1	0.223534219982371	0.569721826502392	0.285597896603641	0.657562784973172
TAG56:8FA20:5	0.0845278477844143	0.30516478198872	0.314920444417481	0.740804100850139
DAG(14:0/16:0)	0.484783193234379	0.247450039479323	0.242516001017923	0.666788789144551
SM(26:0)	0.931591163239887	0.39431060984054	0.421523019415321	0.605704535284756
TAG51:4FA18:2	0.600922215732358	0.714363161624242	0.278079071651029	0.681280665823902
TAG56:7FA16:0	0.248406050948764	0.4167518785379	0.287738972636999	0.739075657538494
TAG48:4FA18:2	0.200821599568642	0.516561426971116	0.28915629749835	0.675279998809036
TAG50:5FA18:3	0.409715760242324	0.326747059198289	0.261279266836004	0.695210047977584
TAG53:0FA16:0	0.304809924701554	0.376009229865579	0.321549524313079	0.721736648974836
TAG44:1FA16:1	0.465001269604146	0.359000990078096	0.266774534829908	0.633402667938063
TAG60:11FA22:6	0.393735494979891	0.904283000350747	0.284131275758523	0.68485905970862
LPC(20:0)	0.0604711784980047	0.151057167978393	0.207166293919583	0.637135457602725
TAG52:4FA14:0	0.513104165305758	0.388986729796636	0.272432470554095	0.630685933689976
TAG53:6FA18:1	0.817295906770885	0.757676371820514	0.26308133555478	0.674311224486142
PI(18:1/18:2)	0.895472785265993	0.646229031166207	0.353991605511889	0.721976013335783
TAG52:4FA18:0	0.733626287119602	0.434597912750516	0.26521915958799	0.718481532229565
PE(18:1/20:3)	0.299480272198716	0.857023270956691	0.325703060236939	0.654183279870239
MAG(16:1)	0.56294797093738	0.769041792964444	0.289912372302485	0.657205749844268
SM(22:0)	0.826924919590543	0.837309057031721	0.350855927174596	0.657482039855814
TAG55:8FA20:4	0.741576096348651	0.220109764699508	0.312641891883432	0.614135516901479
TAG58:6FA18:1	0.745019767793075	0.735591801385779	0.286986117072833	0.694468969822717
TAG56:5FA16:0	0.680283117577288	0.920898878734132	0.28089317998261	0.670299089887885
DAG(18:2/20:5)	0.237222689283679	0.689234957289662	0.284709492285387	0.691569081458971
TAG58:2FA18:1	0.959529529491248	0.996763537231737	0.282310656017352	0.670359672909888
CE(22:0)	0.80666890214939	0.193748792207816	0.396788087487356	0.533815204279941
TAG54:5FA22:4	0.314052651746775	0.705405719343302	0.269699172081478	0.680719643565243
TAG58:3FA18:1	0.926700543353741	0.925401676875068	0.27999766970286	0.668635095373015
TAG56:3FA20:2	0.723811289383018	0.819171031234677	0.283406175394893	0.692588509377848
TAG52:2FA18:2	0.929566845567619	0.826700130604993	0.284106885180735	0.673465430083959
TAG53:4FA16:0	0.899868321554344	0.908792592494691	0.281275083641142	0.672096154734533
LCER(22:1)	0.507700439749159	0.74548460327022	0.335658164961139	0.672564157942644
LPC(20:4)	0.196153994638839	0.105583964610085	0.515955054040531	0.450086614925778
TAG48:2FA12:0	0.535285623646071	0.997185584594675	0.283040886818855	0.670839871561334
TAG58:7FA22:4	0.82425840247551	0.686825042439716	0.294612722264979	0.673006354189112
PC(18:0/18:0)	0.683982983680701	0.967422134791361	0.306311943998929	0.668933420466554
CE(18:3)	0.921930477758805	0.596783299038791	0.380309126974812	0.65016613566551
TAG51:4FA20:4	0.190291344086999	0.18073887286571	0.242924207882913	0.664989511412659
TAG56:4FA20:2	0.472326916570336	0.608247481752407	0.272858822502014	0.721784897505122
DAG(15:0/18:2)	0.45036277438195	0.638147608436009	0.305296088485749	0.69329507574765
TAG46:1FA16:0	0.926786046490148	0.594608969715106	0.265806363224381	0.655574356486905
DAG(16:0/16:0)	0.487675076288533	0.541543574760281	0.271306789781425	0.680089289316203
TAG54:5FA18:2	0.0902704000014715	0.162805308400726	0.262637807565717	0.633281228961744
TAG42:1FA12:0	0.429540909938224	0.93969945839967	0.286745971114471	0.673882493785114
DAG(18:1/20:2)	0.665141580230472	0.348899659664134	0.297467403849687	0.590827791543914
TAG52:7FA16:0	0.764465075241569	0.642770177857122	0.2647084265939	0.671355488377653
TAG55:5FA18:1	0.5880432680751	0.825132308700056	0.284733284207982	0.673632617506456
TAG52:2FA20:0	0.730590940169828	0.480954333946414	0.274153185085379	0.648845949291928
TAG46:1FA14:0	0.363307654653744	0.337753849236439	0.256866551871219	0.64517611194339
DAG(16:1/20:2)	0.189932341351664	0.197542572649911	0.340474308740434	0.621412539082047
TAG53:5FA18:1	0.53940154494019	0.525737364491717	0.284100160766382	0.665220026551081
CER(18:0)	0.529913240806101	0.854601863663495	0.305493666191943	0.656125206197365
CE(24:1)	0.469707177604867	0.51781298775044	0.30732370655121	0.656188594348921
PC(18:2/20:4)	0.950716215676554	0.865599263399338	0.310464116824836	0.685531435161643
PC(16:0/16:0)	0.952027665217457	0.677761957426836	0.37880169696356	0.621522436733087
TAG50:6FA20:4	0.942613007432375	0.873866027928221	0.279270300400051	0.66627462753093
TAG52:2FA18:0	0.892788517696049	0.937312244037823	0.283312420709175	0.670630661685128
TAG55:2FA18:1	0.321976161597096	0.749578709249067	0.297018669816189	0.676170925031027
CER(24:1)	0.741705031362046	0.792236337629783	0.315328845838602	0.632194191944059
PE(18:0/18:2)	0.920483537607939	0.875192136238963	0.279924582417578	0.684989224294708
TAG52:0FA18:0	0.8310925844253	0.701098438561117	0.264108802471834	0.665697340840608
TAG50:4FA14:0	0.43916841325295	0.649483383559732	0.276331263355973	0.684670088496408
TAG52:2FA20:2	0.435695875069143	0.623431646971452	0.277548058625452	0.669109629744542
TAG58:6FA18:0	0.414127028118057	0.287227427788378	0.2814485577343	0.765229522934695
TAG55:6FA20:4	0.396309322054683	0.404799662735462	0.272442042932729	0.653493542075828
PE(P18:0/22:4)	0.891123943330269	0.589712341611971	0.261301677448184	0.663262945432478
TAG51:2FA18:1	0.449031129383707	0.496913570343032	0.272761178132862	0.632025411028377
TAG50:2FA18:2	0.726321609947373	0.954707300408391	0.283126533681043	0.671572994081895
TAG53:3FA18:2	0.979983044331954	0.751871721390684	0.286361314227807	0.656450212783905
CER(24:0)	0.578844799050316	0.0602340368350394	0.359348780156547	0.402883242424071
DCER(22:1)	0.935178362895611	0.783436016730788	0.285223396034168	0.668186860439149
TAG46:2FA12:0	0.584469867699626	0.961774910902209	0.28202269784179	0.669039484614089
SM(22:1)	0.844012387926905	0.836712383638272	0.288446622982391	0.700910384019943
TAG48:1FA16:0	0.258212385986942	0.347441536922048	0.260206767139047	0.673936767384611
TAG56:3FA18:2	0.909186833354743	0.921579074201362	0.281053334965827	0.669881626619658
DAG(18:2/22:5)	0.636609994692876	0.888732075653241	0.281566999675974	0.673886254651384
TAG57:9FA22:6	0.864696292418784	0.931959106767239	0.28104868314936	0.672209060532152
PC(18:1/18:1)	0.882262382712879	0.81647177413717	0.33924916379905	0.655987051482066
TAG52:4FA22:4	0.482065194493099	0.443806292633789	0.250903597785941	0.692459338067511
PI(16:0/20:3)	0.419352558245485	0.341592063775385	0.447449991365634	0.628566446893423
TAG50:2FA20:2	0.426349808424897	0.352975876503786	0.266444300780891	0.64596978826543
TAG58:10FA22:6	0.118014739865771	0.40041476252125	0.301033638679031	0.734745955317945
TAG54:4FA22:1	0.154702705008203	0.12439523130591	0.278109261068866	0.703394529976343
TAG42:0FA14:0	0.572911405483138	0.925830710321686	0.280693548419428	0.666726084499209
TAG47:0FA17:0	0.546353543874535	0.3648995558218	0.24787796776007	0.666559943959946
TAG48:2FA16:1	0.242553912429129	0.784207112932688	0.285939937477364	0.664171792712562
TAG54:3FA20:2	0.851121600312376	0.947312659495161	0.283725148002966	0.675671969801324
TAG42:1FA16:1	0.634599765756202	0.423145387242737	0.25493002383865	0.653388054682106
FFA(18:4)	0.276840028092574	0.252898606065964	0.39869985148424	0.651285661074471
DAG(16:0/22:6)	0.993695232792562	0.957554000109043	0.284393094211593	0.668048263185117
SM(14:0)	0.713561663077298	0.964163804693527	0.297421137818692	0.688358001555521
TAG47:1FA16:1	0.288929838802981	0.520639522110982	0.27671722791598	0.660455488664264
TAG51:4FA15:0	0.564094890551021	0.830210075425671	0.282920165800483	0.677868782617451
TAG47:2FA16:1	0.252204736023662	0.620603265759473	0.285956949119469	0.648013211087074
PC(16:0/22:6)	0.398921734990068	0.593600828185493	0.25152162293421	0.779747158703413
LPC(17:0)	0.19295600861737	0.3144108905362	0.239533017925947	0.714362371038336
TAG55:3FA18:1	0.495376680093255	0.86790548567636	0.29058064149215	0.670095341427713
TAG46:3FA18:2	0.9303818582047	0.555844096823811	0.26657660294871	0.667278269995334
TAG53:1FA17:0	0.416355530698326	0.206104914429707	0.240929432664787	0.643341668282194
HCER(24:0)	0.507883875944785	0.571436572167887	0.247570411673035	0.738920529475514
TAG53:6FA20:4	0.466932036195646	0.846490926285082	0.280895567305644	0.664553667742499
TAG54:3FA18:2	0.403444143720487	0.445129703160415	0.28429582727924	0.688147237898178
TAG48:5FA18:3	0.102623767672166	0.319042965170209	0.295545268666937	0.664472893679025
TAG50:2FA14:1	0.19271241680147	0.119204776716146	0.240750028925899	0.632765713282229
TAG52:4FA22:1	0.323334598048737	0.169293611214326	0.253535028858559	0.733471807989828
TAG52:1FA16:0	0.732097677400513	0.779728978522346	0.273973594363372	0.666871629182382
TAG54:4FA16:1	0.607126756703554	0.510527461124847	0.26059104934556	0.735406513752783
TAG48:4FA12:0	0.174795142165918	0.520831997709239	0.291553337850565	0.681508999854994
TAG58:7FA16:0	0.778010237194911	0.479530028985054	0.266344630194233	0.689499504790769
TAG51:2FA16:0	0.287521847558094	0.462295179912391	0.278827660981829	0.655158413139089
TAG56:6FA18:3	0.260222025721633	0.473197042267368	0.265123682627773	0.698054577794611
LCER(16:0)	0.692711043007464	0.807027860729973	0.303348585118348	0.687143431425911
TAG52:6FA18:2	0.128395312169085	0.0630390173489018	0.241029909310819	0.757161404386677
DCER(22:2)	0.731959476753138	0.683678039565942	0.316617273816468	0.614159293874573
DAG(18:0/18:3)	0.853482584523034	0.970881985144827	0.282237553546421	0.670853443214207
TAG48:2FA18:2	0.742600508891222	0.532916293214066	0.275040455694606	0.663318888538426
LPC(20:1)	0.270022374123089	0.141882540163083	0.221760733460966	0.669144461642903
TAG54:8FA20:5	0.178392822863388	0.35911542582473	0.309050378202077	0.733192530352074
FFA(22:0)	0.932914553554092	0.976921447910688	0.284037120498479	0.670405529330388
TAG53:1FA18:1	0.838704610032751	0.471193356857067	0.253110682745068	0.658198814212985
TAG55:6FA20:3	0.73097237426848	0.782033890444181	0.294674447542309	0.667492797305572
TAG51:4FA18:3	0.858394977387022	0.542874077328382	0.280998919261097	0.6901048965994
TAG58:10FA22:5	0.131532010144637	0.417445257162522	0.301777240654966	0.703872959765494
CE(20:0)	0.166705123798374	0.814325281826726	0.272987704034117	0.66559921666154
FFA(14:1)	0.74700393672738	0.982481069046461	0.28846891996592	0.670698820807446
TAG48:1FA16:1	0.25117130196258	0.651017170520124	0.277222256898816	0.680071670638662
TAG53:2FA18:0	0.46185560598561	0.290757232524627	0.265138594855755	0.658066655213416
TAG54:6FA18:2	0.0794515056944669	0.232718964242218	0.260786417162512	0.606647668999778
FFA(12:0)	0.511166143176313	0.876913594193136	0.280378446511309	0.690549396177889
TAG51:1FA18:0	0.249411120090874	0.107870033441859	0.226512669307103	0.646586529316502
DAG(18:1/22:6)	0.480254702666384	0.909480930621591	0.283076780733123	0.684126059124186
DAG(18:1/20:3)	0.500953743484237	0.453979266701716	0.273235075285466	0.646607413147026
CE(20:3)	0.157160355344209	0.132981933947401	0.514023415742322	0.66057930315783
TAG36:0FA12:0	0.346324660293767	0.639257696810785	0.280127333097211	0.693073056366412
TAG53:2FA18:2	0.916212175620093	0.552137770596965	0.274573591804452	0.669500176266891
TAG53:1FA16:0	0.639120621213806	0.976806070579295	0.283387872350803	0.670520762418892
DAG(16:0/18:3)	0.937418450614073	0.57346984762314	0.278326576678953	0.660537410687472
PC(18:2/22:6)	0.670620384330516	0.355448009580717	0.378431402138016	0.580768351962483
PC(16:0/20:5)	0.192358829388655	0.903171274588117	0.280808136623414	0.690211793977518
TAG47:2FA14:0	0.510722504791723	0.303878829016983	0.263921626768782	0.641510769912746
PE(18:0/22:6)	0.688197377397219	0.933792729857236	0.289744071879533	0.701314172411272
HCER(24:1)	0.435177387852243	0.356102371993531	0.225811196961785	0.728729970737405
PI(18:0/16:0)	0.754475508724982	0.608934253947267	0.249838617702433	0.623612073445757
TAG53:4FA18:2	0.714492654827844	0.915932820601747	0.281065523154129	0.674063539009977
TAG54:5FA16:1	0.929497683160297	0.678409275902833	0.276434627299583	0.696784957066403
PE(16:0/20:4)	0.611621540180809	0.768964410248567	0.26743214405577	0.714430822306672
TAG52:1FA18:0	0.694265830541839	0.683609535515268	0.267279015090118	0.66795130654635
PI(18:1/18:1)	0.325233344575835	0.132034243132993	0.413327495514286	0.821438858401768
TAG54:5FA20:4	0.484187560989223	0.779990028624755	0.272036611537809	0.674388457122703
DAG(18:1/18:2)	0.713860632413867	0.577311914361828	0.268812199854561	0.695278476110877
TAG56:8FA18:2	0.265386101907504	0.507042952374305	0.289029047639158	0.709113347399795
TAG56:8FA18:1	0.125993089003971	0.389448183427822	0.310918405105416	0.734899842180226
TAG46:1FA16:1	0.251049024495113	0.427633230414098	0.268921256504994	0.665340762821018
TAG53:5FA18:3	0.420381044267163	0.284615830387257	0.260814986844418	0.701443630233834
DAG(18:0/18:1)	0.894553355547628	0.893094528477027	0.280338520637673	0.664537551222232
TAG42:1FA14:0	0.653324225128805	0.328864221451382	0.239466186376998	0.641722862808563
DAG(16:0/18:0)	0.286920730484016	0.270870143509982	0.245521161495708	0.671194089020544
TAG46:2FA16:1	0.401947781953012	0.627202744986202	0.283869471674867	0.649019724541981
TAG56:7FA16:1	0.311121753666797	0.185199507909217	0.263713247427651	0.809845380992233
PC(18:0/22:5)	0.484213929016885	0.543842788926807	0.406224652813925	0.61435959574616
TAG47:1FA17:0	0.523216511104081	0.21734645974453	0.25130109536796	0.637332204911184
TAG49:0FA17:0	0.422936615279427	0.475338567512497	0.258602767551782	0.675602597877928
PC(18:0/22:4)	0.201094456828742	0.165887857639725	0.385113554941749	0.840063609954799
TAG54:8FA22:6	0.421700624698738	0.539490570980736	0.290876647592166	0.720522596038066
LCER(20:0)	0.824904418600462	0.856796820470138	0.276248277986139	0.674507793095665
TAG44:1FA14:0	0.938949758193706	0.584582170007625	0.265902742861725	0.646675445618973
TAG50:3FA20:3	0.21095381700433	0.202684617196089	0.244174219148281	0.662292766811009
TAG54:5FA18:0	0.120663317296167	0.24375714583558	0.258762952820182	0.650515638616687
TAG48:1FA14:0	0.365188369243779	0.268468862133713	0.251591590181233	0.651132912609812
TAG40:0FA12:0	0.344690831550127	0.752333016692613	0.29274353851997	0.684240927569137
DAG(16:0/20:4)	0.186420261590247	0.149104521348591	0.272328873912967	0.701716549431589
TAG52:6FA16:1	0.188735981591289	0.0558395899446539	0.221332392723599	0.779290194716924
TAG54:0FA16:0	0.240720826083952	0.0270907969353074	0.198640323202805	0.603713079302112
CE(22:1)	0.389763298808733	0.555133543468147	0.23285587726392	0.718895933167189
DAG(16:0/20:3)	0.179943471796582	0.167651662627291	0.281716883821094	0.670233992789569
TAG52:4FA20:3	0.35633582547907	0.717795934844469	0.276855696534964	0.665279541156063
TAG51:3FA16:1	0.469592957952811	0.938105599436607	0.282027172288371	0.677848172734764
TAG52:3FA20:0	0.633025893172837	0.458616794480689	0.280486386515294	0.689223732056273
TAG47:1FA18:1	0.33800480628207	0.15148433347474	0.238478452064983	0.621865984995537
TAG53:3FA17:0	0.987280593162769	0.812815613223763	0.286620302706999	0.656776907309433
TAG54:7FA20:5	0.186806548421665	0.366054624044478	0.317110771747601	0.731806480266915
TAG56:6FA20:5	0.194746408374069	0.70242049842634	0.298765633688387	0.707450380317469
TAG50:0FA18:0	0.588668498751295	0.595225771169822	0.259811728813657	0.675200645266009
TAG50:4FA18:1	0.716972293923533	0.646157586031364	0.276462911892427	0.692495085644763
PE(18:1/22:5)	0.362977425501376	0.952767766110569	0.308565975871517	0.6676952090748
TAG46:2FA18:1	0.641614344790312	0.293138566707402	0.240968491388313	0.64047961720171
TAG47:1FA14:0	0.309367936750406	0.210872814608686	0.243609860087211	0.63283134963687
PC(18:0/18:1)	0.446073890809684	0.364229158311168	0.467427620205943	0.59241598555509
TAG50:0FA16:0	0.520462391850217	0.593469946734293	0.261006878645017	0.681374924035121
TAG54:6FA22:6	0.843490603156725	0.991627484646455	0.283511519923067	0.672441592751884
TAG56:7FA20:4	0.763984113586097	0.967137296160104	0.284548543383489	0.669621212182924
TAG52:4FA16:0	0.369239016964393	0.33718726782156	0.2673339410791	0.678989388723308
TAG42:1FA16:0	0.57477369268877	0.343478115814266	0.235347780727202	0.681364374527231
LPC(22:6)	0.0804959100652499	0.117736629976777	0.329838898851732	0.773278471103439
PI(18:0/20:2)	0.420631737918709	0.735880290565378	0.376370263777957	0.62352698893431
TAG52:2FA18:1	0.81960805875205	0.826078288889345	0.28544766002741	0.681767695576934
TAG52:3FA16:1	0.69217645630099	0.280409829469309	0.252077010634421	0.760831114582654
TAG51:3FA18:3	0.876703250967513	0.99206637658531	0.282425012809017	0.670323278548604
TAG52:7FA18:1	0.813107762579258	0.785571034549311	0.275782171810118	0.662895372748893
DAG(18:1/22:5)	0.599720970224516	0.643032673422888	0.280963975108293	0.703662503593072
TAG56:5FA20:2	0.227467748932339	0.474679720078957	0.260450326033091	0.742701261653775
TAG46:1FA18:0	0.607609795201375	0.155928992032206	0.212751276298651	0.655287332503653
TAG56:5FA20:4	0.617401407625109	0.850412689663387	0.289104988149691	0.680130268054551
TAG56:2FA20:0	0.679324697618082	0.872504535581451	0.288652087123879	0.674332986230775
DAG(18:0/18:2)	0.968078092598681	0.921830199107339	0.284129638043155	0.669339059969871
DAG(16:0/20:5)	0.842534587118998	0.323893202217291	0.268425476181689	0.64090837196432
PC(18:1/20:3)	0.116167608829181	0.153340080184342	0.601255619086075	0.609754497693164
DAG(14:1/16:0)	0.606400393302348	0.45634347179061	0.264082617909732	0.720557422937662
TAG48:5FA18:2	0.116361497024181	0.410675172804076	0.294609419069938	0.662147963209539
TAG54:3FA18:0	0.352926988582485	0.363459483482889	0.282396502856369	0.6942619464666
TAG49:3FA16:0	0.71213131907559	0.950876475286964	0.282336685734557	0.671104992317268
TAG49:3FA16:1	0.582094825761889	0.785978313947966	0.275856472187277	0.690076358132692
FFA(20:0)	0.497304653158718	0.719111434990175	0.270775018065891	0.695884102950937
PE(P18:1/18:1)	0.701828505515397	0.115294226822841	0.502276281922617	0.52088190176915
TAG54:8FA20:4	0.461297540699642	0.839277957444662	0.282583634267415	0.674990684919462
CE(14:1)	0.138900391250555	0.0518977845939092	0.435841245858567	0.622481809297396
SM(20:1)	0.4257121744573	0.201308266173149	0.118367247939795	0.87329766235827
TAG51:0FA16:0	0.705766713769302	0.546601430273281	0.257885352435758	0.673998392052528
DCER(16:0)	0.0409954346586544	0.0600460727338775	0.414505564963987	0.590019238587859
TAG56:6FA18:0	0.382844198341074	0.676811174522775	0.289031167964308	0.695338147915355
TAG48:4FA18:1	0.194494027507253	0.517313401653807	0.299282510350386	0.68642698263128
TAG50:1FA16:0	0.410671167394403	0.634079853048214	0.271005085250897	0.681178094232653
TAG52:5FA14:0	0.467782739062979	0.466302803360779	0.266722954987091	0.648986752038119
PE(P16:0/18:2)	0.472269008004277	0.871923549465243	0.315371661384015	0.653505488618966
PE(P18:0/20:5)	0.445446177871721	0.460876964893597	0.296418228641141	0.575762730258585
CE(18:0)	0.396061146492068	0.359006010233566	0.392838489250298	0.642372091391133
PI(18:0/20:4)	0.911145273788192	0.761153277438829	0.264989980825177	0.684517080886055
TAG49:1FA14:0	0.312007745365222	0.149759993963004	0.244095758964489	0.626642654693804
PE(O16:0/20:4)	0.836599150871179	0.598574458034999	0.301052583827819	0.657644503488797
TAG53:3FA18:0	0.586425084232814	0.636257160397889	0.295642432279477	0.659196532799421
TAG56:5FA20:3	0.893850137949189	0.872257796217209	0.284182707365416	0.679966572652108
TAG48:0FA14:0	0.520293196969331	0.334385864997941	0.244697732381118	0.653074779653107
FFA(17:0)	0.172045865627904	0.399846037459321	0.324371242844488	0.667922336681483
TAG50:5FA20:5	0.895782064671465	0.503865461045206	0.25600371536512	0.646362329048409
PC(16:0/14:0)	0.126917439431975	0.048136908477775	0.533317262738408	0.454856346138131
TAG48:2FA18:0	0.382053157720218	0.909521967273722	0.287378640790838	0.672941946681795
TAG50:5FA18:2	0.446209264331244	0.598590490873251	0.274436424902787	0.669506994376075
TAG52:7FA20:5	0.473325118074975	0.957033391065231	0.285768650338112	0.674279047026225
TAG48:1FA18:0	0.706004165872381	0.732253425137999	0.270560181905483	0.658994351144221
TAG56:6FA22:4	0.765362337254065	0.914228382427279	0.288063318639808	0.667635642317233
TAG52:2FA16:1	0.690548187482015	0.814173992102547	0.279348785956024	0.686337480850379
TAG49:0FA15:0	0.27989441873558	0.171360034308308	0.231853156038479	0.660859030825247
TAG46:1FA12:0	0.764858025117179	0.729831285266146	0.272475016319633	0.657509646652881
TAG51:3FA15:0	0.923511074359009	0.974874042645102	0.282824417823036	0.669562624866923
TAG54:7FA18:3	0.0376678224562805	0.164503511670941	0.259599836356794	0.600057196726046
TAG57:2FA18:1	0.123884639369369	0.382920768642486	0.312621863582013	0.747116521424379
PC(16:0/20:1)	0.226400990434672	0.40075968111611	0.326161891718029	0.614584899579815
TAG38:0FA12:0	0.407304836605433	0.672185885049916	0.281291014690382	0.690811918002908
TAG49:0FA18:0	0.388082456303245	0.216728370463513	0.233281962571662	0.654287756420344
TAG51:2FA16:1	0.278043512999555	0.637047123353687	0.289183895099618	0.643654038140729
TAG54:3FA18:1	0.208042733579281	0.169468970130499	0.31102060814147	0.7326771359876
TAG54:3FA20:3	0.442879540731759	0.664603328546387	0.269357577818146	0.662408130677332
TAG58:7FA18:0	0.312957253809528	0.566954783267461	0.2892565341824	0.723975200215429
DCER(24:1)	0.316471742249735	0.45946536860918	0.352595810889137	0.587799632446845
DAG(16:1/18:1)	0.721275472822104	0.871210969976645	0.279675042399147	0.680291748454161
LPE(20:1)	0.484848054143112	0.537476352252866	0.288552422387747	0.692248972333525
DAG(14:0/14:0)	0.418485858344374	0.248038404674203	0.243905254571822	0.630109669239132
TAG48:2FA14:1	0.116238595171746	0.260170659736632	0.26268874698309	0.65261045235439
TAG56:9FA18:3	0.335825878543836	0.275133829625536	0.283421333605236	0.718085493379126
PE(18:0/18:0)	0.5942437109518	0.892990357247726	0.303256421760999	0.656257626345382
TAG50:3FA16:1	0.701498404361346	0.471560590906646	0.258318262755793	0.705107326406142
TAG51:1FA18:1	0.273462879422869	0.226487113588463	0.248893434128233	0.649939376089186
TAG52:1FA18:1	0.762658226686457	0.862585192616198	0.278030933938038	0.66697389077185
PI(18:0/18:2)	0.812148898698423	0.747919682584921	0.353401808633639	0.690478651047505
TAG49:1FA15:0	0.25781664185915	0.202157058964265	0.243919190906694	0.656555734299289
PE(P18:1/20:4)	0.794774807257514	0.895458103373789	0.279455113154018	0.67189128708722
TAG51:0FA17:0	0.340199382765015	0.269313870602956	0.243031462723435	0.669632089647413
TAG48:3FA16:0	0.490254799879286	0.685781703360163	0.281522334213478	0.665984060960196
CE(12:0)	0.407280447135163	0.440260595062643	0.364861818919823	0.613884754783634
TAG53:1FA18:0	0.425946557658643	0.181945976183548	0.232046294359586	0.663524831412138
CE(18:1)	0.912194284025906	0.53852227567292	0.362803764363235	0.635451673892255
PE(P18:0/20:4)	0.699089661734432	0.54852594967145	0.260686350289697	0.709988975005127
TAG54:3FA18:3	0.873991343782745	0.360851898509362	0.274131873833246	0.638965485849242
TAG54:4FA18:1	0.113523350113235	0.101192531818006	0.287224781760742	0.70749414922241
TAG58:8FA20:4	0.311041923604403	0.292772928780077	0.250294371232052	0.67320846886244
PE(18:0/22:4)	0.632477427668838	0.729758126275138	0.275171550842303	0.66963787784878
TAG44:2FA18:1	0.729908355242167	0.287107135547651	0.222717405489837	0.676818887277312
PE(16:0/20:3)	0.0259313377131774	0.0688526690547901	0.573618673619144	0.487394715902392
TAG46:2FA14:0	0.642442051609413	0.437141637368979	0.270097290718901	0.645265642825568
PE(18:2/16:1)	0.398814038592616	0.83393090175818	0.313788913312726	0.648441992357428
TAG56:4FA16:0	0.442250300133431	0.62976493527207	0.270391805465025	0.665958390263798
DAG(18:1/20:4)	0.330776217069038	0.353345693980129	0.267225522072923	0.672738603102593
TAG52:3FA18:0	0.803460356096053	0.539729967396215	0.26982185770075	0.689720009520372
TAG58:10FA20:5	0.548293634830332	0.682084964865051	0.278361720823074	0.641605168710872
PC(18:0/18:3)	0.835093787394646	0.80031602771542	0.270619812475502	0.688018790228658
TAG55:7FA18:1	0.870375349073461	0.623985297862974	0.263384323512558	0.653596734461974
TAG60:11FA22:5	0.589237177061166	0.931260325473555	0.283206870909204	0.666025837581832
DAG(18:2/20:3)	0.436992243174478	0.334186304595726	0.288512010585014	0.644687529236849
TAG40:0FA16:0	0.376453324747572	0.839835388867573	0.293939484167778	0.677272053530044
TAG54:5FA16:0	0.682981035485009	0.947229598039903	0.281910791244582	0.669552351168811
TAG58:6FA22:4	0.88058818270329	0.650046596170609	0.302663265425369	0.675309381346836
TAG56:4FA18:2	0.300126116207219	0.46005614035724	0.282792388390842	0.687671179810527
PE(O16:0/22:5)	0.945876089686574	0.407205551579088	0.367282013371877	0.619014421645943
PE(O18:0/22:6)	0.454569032147335	0.926541418575053	0.281718953632764	0.693113385814359
SM(18:1)	0.96783608878402	0.629841381114076	0.239016093129179	0.730722050521509
TAG51:5FA18:3	0.367075005070213	0.246985412722727	0.268214501610576	0.703092882339706
TAG54:6FA22:5	0.851185765231003	0.803095303192394	0.287034767731188	0.677801164254053
TAG56:4FA18:0	0.985031825167023	0.898179523173309	0.283104526137696	0.68185726939657
TAG51:3FA18:1	0.970420432328001	0.933978232979391	0.28327206515291	0.666010542685601
LPC(18:0)	0.176821373763447	0.0291173292202072	0.112912510745346	0.668259710123511
FFA(20:5)	0.957179080466389	0.482056281054695	0.284814244462674	0.651553419936126
TAG54:6FA18:1	0.0258921037968726	0.0695844036744228	0.259199439057877	0.67808705476016
TAG52:6FA18:1	0.206418955549259	0.179960952897895	0.299143538149651	0.777169018918331
PC(18:2/20:2)	0.0432386133262176	0.054532058179358	0.100740959940171	0.906958847525384
PC(16:0/22:5)	0.411861612963698	0.512590012802588	0.226890438097595	0.761620999001818
TAG45:1FA15:0	0.449284537259083	0.273486762683689	0.255925224484772	0.636103840472892
TAG50:3FA18:3	0.968710786458188	0.683721827940738	0.282313423993831	0.65856639277057
TAG48:1FA12:0	0.528927011364465	0.915052926464721	0.280056772049506	0.666648201824544
TAG52:6FA20:5	0.825816570909779	0.979056262094115	0.283439982967985	0.669813033447741
TAG53:5FA20:4	0.275991519288511	0.480380123326261	0.266784190581764	0.657376853908445
CE(20:4)	0.464740891413181	0.752500193637565	0.274623992315752	0.662024554705427
CER(22:1)	0.183039657936842	0.686921699674578	0.364700146911431	0.620049154366971
MAG(18:0)	0.215749320274156	0.0221617721430378	0.262894636271793	0.786166916748489
TAG48:3FA18:3	0.998886549214391	0.881418499111812	0.280156032215406	0.670344943287036
FFA(18:0)	0.447667881472789	0.836807985468426	0.281756076290019	0.672570112807588
TAG52:4FA18:2	0.32235655623933	0.24185931554249	0.253319002764445	0.697506998804051
TAG42:1FA18:1	0.476697259217044	0.935821748464007	0.281718725624797	0.668217274153794
TAG60:10FA22:5	0.486647436900715	0.798101960844706	0.287248730587556	0.683473986267773
DCER(26:0)	0.587378040592953	0.536133863324828	0.285135749231984	0.691360978875673
LCER(18:0)	0.798304246055911	0.507239693133653	0.22418019706497	0.721743190730629
TAG42:0FA12:0	0.387486326545793	0.89730505148005	0.286430942911296	0.677060456698926
TAG51:3FA17:0	0.516733050281268	0.891673365552765	0.29017173275577	0.663502965390064
TAG52:6FA16:0	0.332556350599395	0.109789198095511	0.282277928756977	0.690076253955981
CE(22:4)	0.682126807263494	0.629636498404393	0.323225305443767	0.68235196389306
TAG48:4FA14:1	0.464231499850214	0.775000431380364	0.275105288349625	0.68630716178221
TAG50:3FA18:1	0.991311145734354	0.929028689313025	0.28187201472355	0.67669689543569
TAG53:4FA17:0	0.707808867253833	0.947823073711586	0.284934653265872	0.668411393211166
PC(16:0/20:4)	0.438879433659507	0.66573252245532	0.274316230388465	0.668871914491045
TAG44:1FA18:1	0.96977230782522	0.43190026526969	0.247210631223865	0.651042496000573
TAG48:0FA16:0	0.579737574132033	0.776830235275799	0.273133224192899	0.681329364261462
DAG(16:1/20:4)	0.202295653371024	0.439613772661704	0.281355355372405	0.675011168841848
PC(17:0/18:2)	0.422822404451263	0.783144610474533	0.369195307614621	0.635362095229197
TAG54:4FA18:2	0.128985319661074	0.140370417442302	0.273612129701523	0.692189500709274
TAG50:0FA14:0	0.629905944537609	0.195412277970323	0.224126965734128	0.628377672247152
TAG58:7FA20:4	0.626109510186905	0.484435803464897	0.268749500140708	0.642000848169862
TAG52:4FA18:3	0.351767168638639	0.144318908165566	0.276310237324665	0.693113922310655
FFA(16:1)	0.829239746774602	0.519042456507647	0.249744887164197	0.726876550410567
TAG51:3FA16:0	0.582889375121193	0.738776696693647	0.283673746644027	0.666415048050905
TAG50:4FA18:3	0.839880248425308	0.335811699178004	0.264881027985353	0.702376308201722
TAG54:4FA20:3	0.598971761563184	0.766728566907281	0.274195495760191	0.662586745118431
PE(O18:0/18:2)	0.722462815038457	0.926187931417592	0.320135234203938	0.663666168290793
PC(18:1/20:2)	0.622116657920894	0.973008216448176	0.306833368244922	0.673093278448531
TAG49:2FA18:1	0.385090905574168	0.486084480485546	0.279450925666359	0.629084634663692
PC(18:1/20:4)	0.769211973250777	0.882378134523879	0.294439573377048	0.673755256661932
TAG47:0FA14:0	0.538974566250815	0.393877190691447	0.251857632923597	0.654191660577368
TAG52:8FA18:2	0.934783189653952	0.883387209094107	0.281629944392633	0.668600504988739
FFA(22:6)	0.724029584595496	0.912290038506657	0.279613301349632	0.662185720274682
TAG47:2FA15:0	0.504913849188651	0.392145468398606	0.270079191911958	0.642736680257605
TAG48:2FA18:1	0.977983462797429	0.780229497766907	0.276541404953563	0.656329772712938
TAG55:4FA18:1	0.445820163668542	0.669354997275296	0.294922615264038	0.662452530799703
TAG52:3FA14:0	0.80708510735229	0.538009535111339	0.284410191311001	0.629041656755305
TAG46:2FA16:0	0.617589709444789	0.948325289702727	0.281587069351817	0.66895560137849
TAG54:4FA20:2	0.653762650952752	0.779058959193606	0.278076613405957	0.695092026345763
TAG48:4FA20:4	0.979947193610701	0.605895942499074	0.265204467720039	0.652866968950011
TAG56:3FA18:1	0.422713032523881	0.567561442894658	0.296901543952078	0.69433937665907
TAG54:7FA22:6	0.89298653520644	0.771545736028555	0.282832025526349	0.697394147399257
TAG49:3FA18:2	0.53145231859861	0.727082983290178	0.290047451294564	0.653896798885163
TAG52:3FA16:0	0.674147140986503	0.445572265896539	0.276959163879587	0.69907742440454
TAG54:8FA18:2	0.0552535633269703	0.175865022645253	0.275091767898481	0.649076142976244
TAG54:6FA18:3	0.0367934555341169	0.0911294949669485	0.250217961516652	0.654248649826862
TAG56:8FA22:6	0.279766426309761	0.544167801259051	0.292511661255423	0.720582714189724
TAG58:8FA18:1	0.0870104545203666	0.244167336248779	0.321982138183946	0.778980556531081
TAG55:7FA22:6	0.636954913524142	0.973566766240601	0.28407597816768	0.677829637564396
DAG(14:0/18:3)	0.589826728463409	0.632709051938858	0.280281329433173	0.682644247997492
PC(16:0/22:4)	0.690707594084391	0.595438890780715	0.314844109816521	0.699452208088595
TAG56:9FA20:4	0.997474163372564	0.854660765736458	0.282920087497894	0.669280802477027
TAG57:8FA22:6	0.273957338351875	0.562877706307252	0.287988693341807	0.718900514205066
TAG56:2FA18:0	0.980258551674924	0.863075296467427	0.277908577170324	0.66562729445655
PC(17:0/20:4)	0.196236434536646	0.933848374670694	0.281400773254746	0.675988896264641
LPC(20:2)	0.151376213158841	0.0756149907527961	0.191744614961371	0.604316402279059
TAG45:1FA18:1	0.526581112114175	0.241711296702192	0.23874907783768	0.640345947094333
TAG52:5FA20:4	0.260687300474016	0.670137670843585	0.270860169164792	0.678180484658418
PE(18:1/18:1)	0.507490429767627	0.521155658400895	0.291148978319576	0.675392979529266
PE(P18:1/22:6)	0.819703861301579	0.7895504897163	0.269031822960756	0.741514831977353
PI(16:0/20:4)	0.281132771390217	0.672179834501585	0.352808879068996	0.675576813677722
TAG49:3FA15:0	0.688216698940866	0.961620449615046	0.282625280830623	0.673126699350613
TAG51:2FA18:0	0.643490564853798	0.443571396145596	0.265698943611248	0.669260029150921
LPE(20:4)	0.936777561309287	0.754086718280661	0.280862288223363	0.633044301925061
TAG44:2FA12:0	0.555007805629472	0.839601999023841	0.278040125304365	0.664052897006437
TAG56:1FA16:0	0.35963010503408	0.26419160017503	0.239638315626767	0.650243343281533
MAG(15:0)	0.259923199528655	0.705609383121479	0.290146122979009	0.676058037292733
DAG(16:0/18:2)	0.913519883237754	0.776585175995947	0.279173721153856	0.667528989534185
HCER(20:0)	0.0498739301559217	0.0894472274253972	0.157409051749309	0.813726312769129
LCER(24:0)	0.825124302977579	0.991974924445788	0.289377733652888	0.671255441251145
TAG49:0FA16:0	0.402471389082775	0.396225445943091	0.252111848351641	0.677941777128809
TAG50:3FA18:2	0.851234742581088	0.774136686326096	0.27679229473775	0.684064277897725
TAG55:7FA20:4	0.831980006190305	0.61117148562136	0.302598751996036	0.646751088563535
HCER(22:0)	0.317453398278366	0.429437381118029	0.232854337763234	0.723915537815263
TAG58:7FA22:5	0.196198281924801	0.305963539162168	0.313090659240969	0.741601850309998
FFA(22:2)	0.975218518237679	0.934554243041678	0.284978512908904	0.67590845737017
TAG44:1FA12:0	0.94096301258444	0.560992074399124	0.268058772388837	0.64333727309132
TAG46:0FA12:0	0.541117113017498	0.89492269430163	0.279319815867459	0.665751369909496
TAG52:6FA14:0	0.782604825952984	0.829773063644956	0.278912909644855	0.660763874276866
TAG51:2FA17:0	0.368343393868851	0.480555414175768	0.287004994582447	0.65780058525201
TAG56:3FA20:0	0.569458112111756	0.782293589940756	0.287788849417663	0.670513002698788
PE(P16:0/20:3)	0.155741093094031	0.106487779028275	0.477553860661137	0.483787164084528
PI(18:1/20:4)	0.244664001735625	0.778698435091224	0.324503186136063	0.682919278439461
DAG(12:0/18:2)	0.444869337381951	0.786264655154558	0.288611303551918	0.671633717104159
TAG52:2FA16:0	0.929159899446445	0.771619301975537	0.285238337579413	0.68244977986738
TAG52:3FA20:1	0.984347763065238	0.81655472835626	0.284351021493396	0.657671376665025
PE(P16:0/22:6)	0.38953175444966	0.347286770716803	0.214703933535545	0.888846268207367
TAG56:5FA22:4	0.550819255647762	0.8818466841952	0.278341678819442	0.67443380730614
TAG56:9FA22:6	0.247621673724494	0.472809811602013	0.290081701492113	0.725180793077057
TAG55:7FA20:3	0.56653932836224	0.777560653911576	0.29693974654749	0.667732292407319
TAG50:5FA16:0	0.96128137149188	0.488251838989611	0.291434491359896	0.696442865966751
TAG56:3FA16:0	0.489227601568102	0.385675692999682	0.27077555969194	0.65062945987206
MAG(18:1)	0.428018030001438	0.850278189572515	0.287181128339653	0.693800270507779
PC(18:1/18:2)	0.726197273702719	0.74129977902314	0.390763443570749	0.653046197114498
TAG56:6FA22:5	0.412191613318195	0.525821086918287	0.295725446900774	0.70657681712557
TAG57:3FA18:2	0.124231356358428	0.425527747385673	0.298590470681454	0.722798561161097
LCER(18:1)	0.924617544570259	0.734574024895106	0.29939671878042	0.659975772565679
TAG52:8FA16:1	0.297819265360296	0.379987538905081	0.273248750726549	0.64880745623451
TAG58:8FA22:6	0.141171934605018	0.339766854513148	0.310597808569526	0.760840389420141
TAG50:3FA16:0	0.751926348363294	0.548979007822243	0.266609121486082	0.682022089043058
FFA(24:1)	0.318693433038713	0.50614402458595	0.265396263243191	0.677339840733457
TAG55:7FA15:0	0.59675157493352	0.880401354124711	0.284383371836579	0.65754167689139
DAG(16:1/18:3)	0.577255343117997	0.831419860567855	0.280182286805847	0.673791170882814
CER(20:0)	0.820182971303164	0.784090412271177	0.268537413153368	0.715588673637616
PC(18:2/20:5)	0.363915068014228	0.780596389970285	0.295823962809553	0.646114039874919
TAG52:5FA18:3	0.2222635845427	0.081748151346079	0.248126038572668	0.670392715117572
TAG51:0FA18:0	0.443509541470295	0.267596881185973	0.234975243889556	0.668801638657944
TAG55:3FA18:2	0.328630659691192	0.772279329358779	0.290514603488005	0.664016119764998
TAG42:2FA18:2	0.319805034248188	0.879214359696219	0.292452016116744	0.673144210478852
PC(14:0/18:2)	0.673716615849499	0.531061225039548	0.449429900228662	0.597390416786222
TAG50:3FA14:0	0.883332083800781	0.943136780610116	0.283748191984419	0.667244244915266
TAG54:5FA20:2	0.390134330390083	0.432479760364214	0.258690930228281	0.733373466956396
FFA(20:3)	0.968053532545347	0.994968207563687	0.282089144361285	0.671726533118373
TAG56:6FA16:0	0.439331283259261	0.45168427917471	0.289609779732753	0.711718263802485
PI(16:0/18:1)	0.198716721062273	0.13326446766353	0.438964252425574	0.777564837834583
TAG52:3FA18:3	0.52077007472389	0.364650777036675	0.283016915497987	0.669566202783376
TAG58:10FA18:2	0.166361157579513	0.475002829043636	0.297236304417199	0.716260777405677
LPC(16:0)	0.0475508848237266	0.0104821175592917	0.163478515995195	0.628117348163202
TAG44:2FA16:1	0.410426883302811	0.409896400365185	0.269671617110642	0.647950602578025
TAG56:10FA18:2	0.328222562593454	0.755498322187241	0.290761114664307	0.665738454672084
TAG56:5FA18:0	0.590084351239435	0.75712434340144	0.287599252425148	0.69004616797749
DAG(14:0/20:0)	0.0289418808709758	0.000699837763590473	0.607774448216531	0.533987808940736
TAG52:1FA20:1	0.383742896271678	0.351715225252607	0.250105995142821	0.672106550758358
CE(14:0)	0.529589406170983	0.162250662241627	0.500556380851048	0.527555334093264
DAG(18:1/22:4)	0.945634566454032	0.721740933825764	0.277860433739654	0.658514016899191
PC(18:0/20:3)	0.0219040000493692	0.0381148762228615	0.731002379917738	0.540365740003899
TAG54:2FA18:0	0.575133677290432	0.64781649582346	0.296010995165221	0.683555772631626
TAG56:7FA22:5	0.343124929377661	0.478687784488479	0.286682798551282	0.702402529130703
PE(18:0/20:3)	0.161950094173677	0.340479615520041	0.454105067194019	0.569003692417557
TAG51:1FA15:0	0.348024487707145	0.139448429025407	0.223539914736078	0.636662293531379
TAG58:7FA18:1	0.121313542573036	0.132413606060542	0.307255498142958	0.82051618507656
PI(18:0/20:3)	0.243413882854258	0.214618507810549	0.599119327790929	0.514269711789929
TAG51:4FA18:1	0.550289200980671	0.348338234930661	0.273481630142008	0.698623735198672
TAG52:6FA18:3	0.128673988540523	0.0471788363854741	0.218587819485507	0.706714029151885
TAG44:2FA14:0	0.477455131758264	0.929760693036924	0.280981359715121	0.667883389655884
TAG50:5FA14:1	0.995325524673067	0.896370034780246	0.284486067916305	0.670783465413997
TAG54:2FA18:2	0.788014262019467	0.90699858691845	0.283527310376495	0.672195742871064
TAG48:2FA16:0	0.400403628384482	0.506813720679712	0.275974954244158	0.665530858455347
TAG56:6FA20:2	0.211118951294184	0.547577273103086	0.263101213887074	0.712633542678339
TAG56:5FA18:2	0.254336256470121	0.475161609614424	0.266420152039406	0.712296759220451
CER(16:0)	0.393254143979576	0.485986425847791	0.369743456443147	0.563833653439509
PC(18:2/18:3)	0.687068817470249	0.895663836384954	0.278628911536601	0.673174915488596
TAG49:2FA18:2	0.43535565640677	0.292244171521341	0.270700728476692	0.663612016391784
TAG54:3FA20:1	0.734706498702132	0.835084155881251	0.283208504880706	0.682762262479025
TAG44:0FA18:0	0.722792432496767	0.612993456776367	0.285404549397181	0.670093898060393
TAG54:1FA18:0	0.696098446081101	0.932603767365959	0.287234258831872	0.673216403216536
FFA(20:1)	0.473914693348012	0.672891555914984	0.293714131740076	0.701885480218089
TAG48:4FA14:0	0.839410243472592	0.734918363001912	0.276268370955008	0.693455508243336
TAG48:3FA16:1	0.529233113472861	0.872714901072019	0.278828584314753	0.682475031204161
TAG49:3FA18:3	0.826041178394789	0.97580079386315	0.282084032732392	0.670482470002639
SM(18:0)	0.670521927209288	0.583337085508848	0.233848421157081	0.739704429393321
PE(P18:0/18:2)	0.624856036160242	0.959784287290894	0.31451290370079	0.670052383479043
TAG53:2FA16:0	0.852752569412158	0.63584154650474	0.267059527437748	0.677219935220902
PC(18:1/18:3)	0.967018966801117	0.703536823158691	0.254031183572035	0.699462998012611
TAG53:4FA20:4	0.259167513730125	0.270113476597643	0.25438973557053	0.664308340367498
TAG46:3FA16:0	0.513605527180919	0.907964021450705	0.287336620855326	0.6714208960578
LPC(18:1)	0.184451310312071	0.0935795419884205	0.236536804687158	0.575951858853902
TAG50:2FA18:1	0.44229760585992	0.753117507370703	0.283473951584397	0.656774995078729
PI(18:0/18:1)	0.242355384093276	0.102899088430159	0.442359930956591	0.840464706085762
TAG48:1FA18:1	0.441521302789667	0.318335760843982	0.253643971936026	0.647975168299099
TAG54:4FA18:0	0.171530149938517	0.284790164606322	0.263537031715342	0.668896480399066
TAG54:6FA16:1	0.55801112252517	0.881242165351102	0.281797854609707	0.67911539590387
TAG56:6FA20:4	0.892872662014876	0.973791566329536	0.283350846005996	0.669988920762535
PC(20:0/20:4)	0.271235834179905	0.434950842243995	0.26242274130487	0.705755879636095
TAG54:1FA20:0	0.371824608547705	0.173816443228591	0.234819787265774	0.632300444393817
TAG44:2FA18:2	0.635384668834168	0.6581210632325	0.266259354882327	0.668813502991493
PC(18:0/20:5)	0.362271777502087	0.945409064707303	0.28591951386322	0.666477195626238
TAG58:7FA22:6	0.315004780328342	0.570252836494908	0.292431757991213	0.730291350802359
TAG52:3FA22:1	0.504435069479848	0.410511166628408	0.274581534279341	0.703599100473202
CE(16:1)	0.173626902681006	0.129629969637346	0.535235962725104	0.595590551788721
TAG54:2FA20:1	0.944594478984729	0.868425454772102	0.277946904600459	0.664117696512907
TAG44:1FA16:0	0.441669492961814	0.205247382827245	0.226504758164234	0.65661591770104
DAG(16:0/16:1)	0.458344767984581	0.729182828777539	0.282310814309692	0.662374374206853
TAG46:3FA14:1	0.269144554746554	0.371797827541743	0.274905168193615	0.640393244748017
TAG52:6FA20:4	0.329005990237668	0.709107671524358	0.275516759466376	0.669791630039441
CE(16:0)	0.594012764456583	0.972664784057173	0.29319726598951	0.673724384133409
PE(P18:0/20:3)	0.387570985404329	0.453752240935846	0.399255496744557	0.559935547260861
DAG(12:0/16:0)	0.528040067191057	0.810703721750099	0.271957724764893	0.68192780603288
TAG45:0FA14:0	0.643517006168177	0.554614351483159	0.259719650840538	0.65963680986593
FFA(18:2)	0.272954881703664	0.260302975853121	0.231996500544507	0.70874852432601
LPE(16:0)	0.279472389013574	0.0284667638577905	0.160598296381514	0.764429813967712
CE(20:1)	0.265092975941828	0.601670480558985	0.252126959800465	0.656179727968405
DCER(22:0)	0.20335324755179	0.0855279552675612	0.381673376037904	0.579217919684826
PC(14:0/18:1)	0.239611882435727	0.249215111544153	0.488922956821078	0.526645772798632
PE(18:1/22:6)	0.59745768488587	0.299615544143457	0.19054267605524	0.944258215115389
TAG48:4FA16:0	0.72973283929372	0.869028390556684	0.283147995194827	0.674473045766871
TAG54:2FA16:0	0.838489498708129	0.736515994152273	0.272455221452838	0.658282693500518
TAG58:9FA18:2	0.0965790533784884	0.311424093067878	0.30092195982025	0.744612721579241
TAG52:5FA16:0	0.214573481837641	0.151804429964524	0.264481981148883	0.653311024637228
FFA(15:0)	0.413201640907218	0.724905165082861	0.265671904398141	0.690886441861436
TAG52:5FA18:1	0.223148186872362	0.0678361893749648	0.232742478596977	0.816574104630731
TAG54:5FA18:1	0.0558152136665423	0.0955817590218748	0.266406580161065	0.665881921070585
FFA(24:0)	0.445758280038624	0.563608415690648	0.256125141662411	0.814649531954932
TAG54:5FA22:5	0.630156755712358	0.847695092695532	0.278294376360593	0.670701190659603
TAG58:8FA18:2	0.146444959672262	0.245957955010995	0.29190261189671	0.751669795352401
TAG44:0FA14:0	0.921801737137482	0.606244339092551	0.262996805681906	0.654474347111916
PE(P16:0/18:1)	0.954750365260727	0.575788007352885	0.344488058927744	0.604666158370936
CER(22:0)	0.312866733442304	0.114717570372559	0.422380865711439	0.473979448196162
TAG52:4FA18:1	0.290543432892892	0.109142424538423	0.233473892196371	0.775225785757066
TAG58:8FA20:3	0.404634571997396	0.29430779235004	0.270068799277227	0.631927969041286
PE(18:0/22:5)	0.908187714971155	0.329547611345512	0.204593515572122	0.808300256747807
TAG47:2FA18:1	0.366668022864106	0.219843973805497	0.249212732951375	0.61664757274928
CE(22:2)	0.291354047763417	0.94468667063586	0.280805218579739	0.67261494695812
TAG55:5FA18:2	0.539482714715537	0.919678656674618	0.280997690045245	0.66579812901531
TAG52:2FA14:0	0.540957951711041	0.189289938767629	0.255674287702484	0.60730578345859
FFA(22:4)	0.318593800831709	0.462476014826079	0.265523710604506	0.728406637966312
TAG54:1FA18:1	0.784710102028272	0.971157737001842	0.282523666077813	0.669480629539848
TAG40:0FA14:0	0.58778047570894	0.842398055744297	0.28380747295054	0.680371654328667
DAG(16:0/22:5)	0.811106944630145	0.734179271977073	0.281089566847509	0.678762255287763
DAG(18:0/22:6)	0.571896951631682	0.723955508340311	0.302161160701673	0.669820549579778
TAG47:1FA16:0	0.302618787636155	0.312519340943036	0.252562981790215	0.660146829208527
DAG(18:1/20:5)	0.326445335803548	0.878677348776224	0.286201815035067	0.681581722875423
TAG54:3FA16:1	0.728949692318027	0.660307727876612	0.272568944879344	0.713241691525927
MAG(16:0)	0.474693460563789	0.115604186323349	0.322461124702761	0.756868477136393
PI(16:0/18:2)	0.396402952618177	0.528363042947806	0.385063359407659	0.710108288708237
CE(22:6)	0.406706391889571	0.715307958025751	0.266128183920242	0.732416951562252
TAG46:4FA18:2	0.617115258881689	0.536336265356914	0.26236141939813	0.712649361031921
CE(18:4)	0.992905081100481	0.715121901673507	0.330000411479788	0.647848046891034
TAG54:2FA20:0	0.820768505629591	0.642450508962537	0.275494146510763	0.666713656016392
TAG56:6FA20:3	0.804545104647931	0.905109791207411	0.282290624912006	0.675538021464922
DAG(18:2/22:4)	0.303069623192012	0.62079268174188	0.273518531264409	0.696370552633189
DCER(24:0)	0.253899830099267	0.139205811984086	0.37664798427773	0.500239607098267
TAG58:6FA16:0	0.65489138211595	0.697513628174012	0.268931358923815	0.708049331494886
PC(16:0/18:2)	0.498948735926063	0.907817047294372	0.348874200382526	0.661419230803119
TAG52:3FA18:2	0.693758098323052	0.491389831206393	0.277216569222103	0.696502434525369
TAG48:0FA18:0	0.895097149346556	0.459093720713615	0.250885561047352	0.651739385463513
TAG58:7FA18:2	0.471237795221981	0.547519762123382	0.280004705338439	0.705805917660874
TAG50:1FA16:1	0.269148911143259	0.708873670139623	0.279246771669041	0.66836975856837
LPE(16:1)	0.111764230276078	0.523655746726878	0.311057378102179	0.679541242596805
TAG48:1FA14:1	0.148360334493565	0.171007686962913	0.235430165150006	0.668265005422419
TAG51:2FA18:2	0.460504471505207	0.395968153402749	0.280366251452515	0.665127438924237
TAG50:2FA16:0	0.537420898822322	0.973905474245891	0.283129181415892	0.670745820097443
LCER(14:0)	0.291204605587532	0.147231766265968	0.421025872349128	0.570580066127805
LPE(22:6)	0.686341045603474	0.733696857982932	0.277375378742708	0.704396405753489
PE(18:1/20:4)	0.532244142954694	0.0822255632065712	0.150582958778114	0.900908126828844
TAG54:4FA22:4	0.302955622186678	0.506251253100396	0.25562161639958	0.705891240202995
PE(16:0/18:2)	0.731653044329324	0.978493997262224	0.292526936881592	0.674999276720297
TAG50:4FA18:2	0.489088092995893	0.572300353016248	0.268244174393004	0.693622813174305
HCER(16:0)	0.919306044973513	0.85140363774334	0.276423780982518	0.68589276406838
PE(16:0/22:5)	0.771510691694771	0.632909957995305	0.246097983223261	0.77344388529551
PE(O18:0/18:1)	0.943645531035944	0.915644720383435	0.28319574391315	0.680980287462903
TAG44:1FA14:1	0.267714670820948	0.320328577172864	0.249650221038283	0.656399139016305
TAG56:7FA20:5	0.108179069922312	0.371433540074128	0.322220376117554	0.737884930720431
TAG45:0FA16:0	0.526393737776712	0.385000089080792	0.245926183842977	0.661583754904673
TAG46:0FA16:0	0.76369525634099	0.606962628763735	0.261143848736497	0.670396781478748
SM(24:1)	0.20893713701229	0.502590033470477	0.416868462674867	0.604084661315412
TAG52:7FA22:6	0.588988298404749	0.641956509107025	0.29239801772833	0.702344668614596
CE(20:2)	0.423072831209957	0.260803451396481	0.49777901990357	0.647887674461328
TAG54:5FA20:5	0.490075970446609	0.993788881718467	0.285438433423592	0.672115063026633
TAG45:0FA15:0	0.537242047352809	0.479283541375778	0.256471795215851	0.662839628631342
TAG56:5FA22:5	0.698463801023888	0.695641449348238	0.292459323899253	0.688221151451057
PC(18:0/16:1)	0.150691114420823	0.362860484709448	0.410924786734585	0.617695164280494
TAG49:2FA16:0	0.337279425088171	0.365541670563014	0.274406959447644	0.665663034868104
CE(20:5)	0.242483972132826	0.893314454839099	0.287355341069246	0.658364401961016
HCER(22:1)	0.372330528889955	0.340911303317968	0.1937946415065	0.780372635982278
TAG49:1FA16:0	0.208019019980882	0.216725610451728	0.249398417169916	0.665590457825449
TAG56:5FA18:1	0.640817472613795	0.669563916611973	0.286860437597487	0.69471635749073
TAG53:4FA18:3	0.704431337994904	0.685078660889748	0.280821935454743	0.676881565991113
PC(20:0/18:1)	0.96322262617703	0.927039398993371	0.30548996451573	0.663306613305724
TAG54:1FA20:1	0.770773798974979	0.622336674669027	0.258556716260997	0.661220080644315
DAG(12:0/18:1)	0.52361180954453	0.840270697990428	0.27669237491038	0.664708256612463
PE(P18:0/22:5)	0.603933339596959	0.675471538410228	0.334261068659075	0.628301381087695
