chemID	simpleLRM_Fstatistics	multiLRM(chem_sig)	multiLRM(sex_sig)	multiLRM(age_sig)
TAG52:0FA20:0	0.102774763920495	0.0214064015171434	0.183828750804059	0.642924994082498
TAG58:6FA22:5	0.482197413965148	0.646645067533228	0.258010023176054	0.695924564004503
TAG50:1FA20:1	0.386091023296016	0.148963857696595	0.200472408654696	0.634027708755113
TAG54:6FA20:3	0.825213991339219	0.411881545447301	0.240277645491356	0.702296353560352
CE(24:0)	0.292997497100453	0.787921785169621	0.234287198236338	0.681225756457077
LCER(22:0)	0.681840711998081	0.821920910930436	0.236034284837567	0.67362551536388
TAG48:4FA16:1	0.601563768225463	0.598983399166432	0.232187382724231	0.6992906571014
TAG51:4FA16:0	0.622496237923476	0.915109247936743	0.244611177095219	0.663355249100868
PC(16:0/18:1)	0.666995501547276	0.471416954583206	0.331522671389972	0.588188637905169
TAG50:3FA14:1	0.356850431902002	0.377329143191998	0.241370245522175	0.63039498041162
CE(17:0)	0.9353741065363	0.341158137234122	0.307724613309505	0.613386588215054
TAG56:6FA22:6	0.879393240010041	0.91721578791688	0.247876047066269	0.677965585434398
PC(18:1/16:1)	0.534088431401495	0.957276849521655	0.269671022391947	0.675602158934357
TAG53:3FA16:0	0.579472775323803	0.486278397978084	0.229755092254203	0.669555162107265
TAG54:4FA20:4	0.332434003647208	0.545281236638796	0.218260074258073	0.665011504902755
DAG(14:0/20:4)	0.0522232898344253	0.00656881240956079	0.195120345719259	0.575872581900376
CE(18:2)	0.26293104161254	0.400380164813135	0.166703932175226	0.714082693979412
DAG(14:1/18:1)	0.993012629204677	0.9777507546449	0.248916701087464	0.664872488168518
DCER(20:0)	0.300808138982233	0.0867536480331727	0.191674564751062	0.815584538604844
LCER(20:1)	0.399984182981122	0.0914846343098789	0.431708236262557	0.535089705445828
TAG54:3FA16:0	0.957707385478763	0.991523954552499	0.245879846938863	0.664373911070868
TAG48:3FA14:0	0.719770417193507	0.977542352718286	0.246423564816097	0.663265666834326
TAG56:1FA18:1	0.407935349035623	0.179483477094223	0.199426996953607	0.622302668826264
TAG58:9FA18:1	0.198155401063493	0.484704701078438	0.269053941635793	0.732132294954771
PE(P18:1/22:4)	0.922264700395607	0.732748243571117	0.231207338040027	0.642599740286938
TAG54:4FA16:0	0.707584019192308	0.850364321145485	0.241919713559232	0.658621710382199
PC(18:2/16:1)	0.836499083148891	0.745397824015864	0.237481051619586	0.721857334200624
DAG(14:0/18:1)	0.604166815863402	0.314133094381065	0.21765686581744	0.628924994682937
TAG46:2FA14:1	0.127276578283702	0.278586093393446	0.227173383656787	0.635788751991841
TAG52:4FA20:0	0.427839338677727	0.355957309599268	0.237462266460465	0.670167545514303
PC(18:0/18:2)	0.989543771543726	0.661103027319579	0.402028125078468	0.619518025071175
PE(P16:0/22:4)	0.620955568157607	0.881837151843885	0.242367091433443	0.663614848404615
TAG50:4FA16:0	0.633634739969661	0.579720750925282	0.242236918666666	0.682763093791486
DAG(18:1/20:1)	0.694809571585764	0.9651028329453	0.245366549873961	0.662372607845659
LPC(15:0)	0.845009690650095	0.107953666041099	0.150356705414647	0.775772587846228
TAG48:3FA18:2	0.668869852721542	0.907821794912401	0.246083417556902	0.669185181344279
TAG52:6FA22:6	0.432786919279326	0.493366636411152	0.234094413365112	0.614783632359382
TAG56:7FA18:3	0.455175423264336	0.525589918401504	0.243188505292132	0.679434318464148
PC(18:0/22:6)	0.930135700972098	0.912364546419064	0.262427144160699	0.654355121293731
SM(26:1)	0.527941438241837	0.637138908022174	0.305489162494425	0.625536115914373
TAG48:2FA14:0	0.473661327469668	0.486518631993888	0.238525316016715	0.65024514172307
TAG48:3FA18:1	0.393772467574207	0.798376448700163	0.250178045306173	0.673860766401659
DAG(16:1/18:2)	0.614069209122394	0.734516172153727	0.233736162984809	0.683862466692646
TAG53:6FA18:3	0.820509015586596	0.912281685349655	0.253408028830007	0.666004075892071
PC(16:0/12:0)	0.459164585715619	0.999043415905214	0.250657439737792	0.67093766267709
TAG51:5FA18:2	0.401612644175702	0.600054975921922	0.242575102662195	0.670981830595212
PE(P16:0/20:4)	0.863322267011158	0.908468944418274	0.243505488600935	0.673015507193011
TAG49:1FA16:1	0.111836416613121	0.27937039558645	0.225347397324573	0.655425935678804
TAG56:5FA20:1	0.110790931605261	0.323358470612541	0.245334684327368	0.679462438193544
LPE(18:0)	0.886949996424883	0.286635387036448	0.160027432017867	0.727999194454159
FFA(20:4)	0.776355125366831	0.94581413550799	0.245951018638887	0.666174871457605
TAG46:1FA14:1	0.148852191931823	0.0532761465984371	0.113945785520854	0.681262441103617
TAG46:3FA14:0	0.728589155883058	0.598876279773725	0.238191500023993	0.648842978302459
PE(P18:1/22:5)	0.647153791676095	0.291810283282139	0.36043701213076	0.579573719356949
TAG50:1FA14:0	0.535453928771601	0.239707715765586	0.205067878469609	0.623541277205878
TAG56:8FA20:4	0.672372577124414	0.833866188707978	0.244072896546429	0.669666384324752
TAG56:4FA20:1	0.228033024108262	0.409207402293658	0.258613658979469	0.690060738035607
MAG(18:3)	0.420345346749307	0.550289755825713	0.350164848355083	0.621853239401597
PE(18:0/20:4)	0.939081136231213	0.342762963441808	0.18575191251096	0.773674725422372
TAG53:2FA18:1	0.629946557737562	0.447636346890751	0.231751530699573	0.627209065876949
TAG54:7FA22:5	0.698820730543274	0.53866099260367	0.257417247328909	0.692520583898409
TAG60:12FA22:6	0.702320553420815	0.795922842750542	0.24349395670604	0.642621981347977
PC(18:0/20:2)	0.475901957497616	0.267294227823508	0.496246835439721	0.599598849072997
LPC(18:2)	0.0564577214989139	0.124699460046247	0.239720005524466	0.452620716424805
PC(15:0/18:2)	0.719548261951346	0.286650556684854	0.459677591756841	0.537089914764164
DAG(18:1/18:1)	0.601249675066106	0.608687196926546	0.245253797585969	0.70065379989749
TAG56:4FA22:4	0.377805188997655	0.630777795237424	0.22529399913855	0.680325590980924
TAG56:9FA20:5	0.25876777647862	0.899686203624092	0.253653737783111	0.67423938216611
TAG49:2FA14:0	0.337881253621432	0.273587802584064	0.233269708788145	0.625341122388231
PC(16:0/18:3)	0.722775576339877	0.523312207260538	0.197194063765245	0.71594806792632
LPE(22:5)	0.872178720277561	0.84894340655399	0.249627725224651	0.675169942231533
TAG54:6FA20:5	0.43660266558859	0.767618035336677	0.268727036660477	0.690546812763754
TAG56:7FA22:6	0.469277739695733	0.573955223011187	0.25806913174695	0.723195198935701
TAG51:4FA16:1	0.786974159928662	0.447316453444289	0.218190744142432	0.735413798035775
TAG52:5FA20:5	0.647593744157805	0.351978092037068	0.201662677678914	0.62029410291197
SM(20:0)	0.120178190206804	0.439373593531948	0.175823222941661	0.734938602592223
TAG55:5FA20:4	0.326771256896625	0.237702734913669	0.203160813314539	0.625896775037799
TAG58:6FA20:4	0.984120915073419	0.771756191518514	0.239179336306747	0.647077192046796
PE(O18:0/20:4)	0.664372031335571	0.744798260098214	0.253740619440672	0.652975404553629
DAG(18:2/18:3)	0.470110152580697	0.331283008145742	0.238082372775817	0.668022254013249
TAG48:4FA18:3	0.364938095316662	0.446774161912565	0.255339949844422	0.690743185483115
TAG52:0FA16:0	0.562621531528646	0.377030274581847	0.204225052845837	0.652385466745404
TAG58:9FA22:5	0.1814481690552	0.360209025219908	0.265869584376444	0.696727175547552
TAG58:9FA22:6	0.170665841739796	0.429555893363628	0.27085275488918	0.740787494600365
PE(P18:1/16:0)	0.700823925390717	0.628269602143184	0.273907964109268	0.608732137509477
DAG(14:0/18:2)	0.554397444991918	0.342297435075173	0.235323631893813	0.654452349330194
TAG54:0FA18:0	0.690104384882879	0.902014149028548	0.242673132159005	0.659084578317097
TAG56:2FA16:0	0.220205010928596	0.15277881272652	0.199267691035543	0.656903926302498
TAG56:8FA22:5	0.315858165869546	0.331309899362969	0.250038078929031	0.727445649319773
PC(16:0/20:2)	0.98077861152361	0.640885657879077	0.321818025106614	0.616131693431326
PC(15:0/18:1)	0.411628951230908	0.178476548138281	0.490668348791796	0.457538436857534
TAG56:7FA18:2	0.473591261670295	0.619897736497348	0.246022378105273	0.686222957609048
LPE(18:1)	0.987475005119853	0.840169876294997	0.243039576865351	0.703604084919297
TAG50:2FA16:1	0.229928116196789	0.829377397201624	0.246731994491888	0.659948885387398
PC(17:0/18:1)	0.772518227627407	0.0545765825279252	0.446403911689721	0.387230317673213
DAG(16:0/18:1)	0.537747405649064	0.522028602883186	0.233746301061994	0.657476244359143
LPC(22:5)	0.229493299671887	0.548483243523169	0.243849765480889	0.625434999730299
TAG46:0FA18:0	0.553806981269919	0.793380480634562	0.237406830076514	0.655054291037115
PE(18:0/20:5)	0.647025753498198	0.787385227030836	0.241423294966482	0.642247284148413
LPE(22:4)	0.450294432285704	0.387563771122241	0.239063203838252	0.792664674108227
TAG46:1FA18:1	0.923771901344123	0.545507104121962	0.227467738985379	0.641507901402675
TAG58:10FA20:4	0.164333623202948	0.0962665370685944	0.232583301100841	0.60265777840257
DAG(14:0/16:1)	0.10501168594468	0.11146762185303	0.220119420506205	0.669174408912749
SM(24:0)	0.541285470087665	0.390491149006948	0.34082037497037	0.62313889652459
TAG53:6FA18:2	0.464700357980178	0.307142342980955	0.234373872004304	0.6800605822022
HCER(18:0)	0.0953262120125212	0.0860378740079544	0.100193478076991	0.877487808068224
LPC(20:3)	0.979555776244716	0.906722922775018	0.246088338943824	0.655257880488327
TAG53:5FA18:2	0.291708269048112	0.39701128013856	0.251678229981177	0.658281867088941
TAG50:1FA18:0	0.25223112136765	0.213404880194677	0.203455410295242	0.647492184391725
TAG52:5FA20:3	0.559785661443416	0.797593306084867	0.245356003780077	0.651147169733988
PE(P16:0/22:5)	0.68533141862549	0.821597684430465	0.275659196017409	0.65273334937031
TAG44:0FA12:0	0.580612132801337	0.856912382794878	0.240812478078415	0.658296867630906
TAG55:6FA18:1	0.520631213678094	0.777104123458353	0.257740091987685	0.674146643753668
PC(20:0/18:2)	0.41554462338846	0.891755953235459	0.252965922435056	0.681237480977167
PE(P18:0/18:1)	0.678696264438716	0.300781034897561	0.352214908907889	0.553475091338547
MAG(18:2)	0.612651707259779	0.687485295336834	0.234262554290856	0.632917535343386
TAG52:5FA18:2	0.173233133124094	0.119927902802617	0.206556659263293	0.706189216603129
SM(16:0)	0.914349085822469	0.803203542744046	0.307470361869629	0.63306484561266
TAG49:1FA18:1	0.170599923510983	0.0940513865680556	0.196113165138254	0.625444718947119
FFA(14:0)	0.553078028436411	0.732092776369168	0.236394517508838	0.701515616646112
TAG56:4FA20:4	0.996379113276371	0.993911797784376	0.247616936623733	0.665624193460688
TAG46:2FA18:2	0.585021415709726	0.84816270617759	0.241400471509142	0.659540472478322
FFA(16:0)	0.579490316576762	0.809096853270975	0.239218382599695	0.67406122487774
TAG52:5FA22:5	0.85326825324664	0.956941163624862	0.245098951208719	0.663719556808756
PE(P18:1/20:3)	0.198947322067032	0.160713795834372	0.381797561971356	0.580127142360331
TAG56:8FA18:3	0.695689900188256	0.49171387757415	0.242506276597311	0.685079507236774
TAG46:3FA16:1	0.823177754361757	0.874467524697478	0.2440587676989	0.673178759286403
TAG50:1FA18:1	0.31082800293633	0.464818660261473	0.225792921647304	0.674444072091628
TAG44:0FA16:0	0.667172255411556	0.783784856572822	0.236337357218342	0.657021632783605
CE(22:5)	0.927565512835784	0.890733615627321	0.247360271774236	0.673027138817722
TAG49:2FA16:1	0.21069781316017	0.555360026750095	0.244968054851581	0.638480609147381
TAG53:4FA18:1	0.973256065619042	0.684930273050727	0.241524724355197	0.638494451106786
TAG52:3FA20:3	0.157521690209275	0.286121850012721	0.215871363410303	0.684092438913542
TAG49:1FA17:0	0.137512478135473	0.103597633151911	0.20085661379758	0.640555539314524
TAG56:7FA18:1	0.339748143404403	0.406084375435056	0.270126710791226	0.736100176609001
TAG50:2FA18:0	0.521545957694225	0.296297065643646	0.226018557220333	0.652559107496221
TAG44:2FA16:0	0.563537084375771	0.239420804107164	0.191203076808955	0.69923852790348
TAG44:3FA18:2	0.957800135217676	0.519721813673961	0.219698307912453	0.693117829922069
TAG47:0FA15:0	0.243493686054402	0.235636035780997	0.19571577855844	0.670758843395795
TAG54:7FA16:1	0.610604028140713	0.742851745612546	0.247150513277288	0.693371068441205
TAG52:3FA20:2	0.541428715010115	0.766376783041101	0.247160033310085	0.649993708035363
TAG52:5FA16:1	0.221036019830626	0.113236020004425	0.20098795268323	0.759942548657812
TAG51:2FA15:0	0.599484491075727	0.473564601500597	0.229412113043772	0.62365137484482
TAG54:7FA20:4	0.512669280912033	0.780550170933654	0.250448864515807	0.664964897249662
PE(P18:1/18:2)	0.97685024068305	0.383396443573655	0.379022106072481	0.576278773058419
TAG52:1FA16:1	0.275334517192559	0.358252285354854	0.232050918805945	0.630877786893557
TAG47:1FA15:0	0.212267686180187	0.181362235929821	0.206692348175901	0.628259205312966
TAG50:5FA14:0	0.317817325576037	0.493834702522538	0.244115619307048	0.671690211747952
TAG55:1FA16:0	0.373060417767002	0.503461416058753	0.262337618163381	0.724027104481316
TAG56:3FA18:0	0.88681435949795	0.79369552776769	0.243301335198512	0.646698581360265
TAG50:2FA14:0	0.794091409873325	0.671715887409578	0.241690500230898	0.6389614495277
TAG56:2FA18:1	0.902023756736581	0.805647199916748	0.237954586427882	0.658284614887098
TAG51:3FA18:2	0.698093334582776	0.786832189359403	0.245844875662407	0.652338193670006
PC(16:0/16:1)	0.0790206036973004	0.120980596592031	0.392129089084543	0.562935518443801
TAG51:1FA16:0	0.136688216030546	0.112815356572944	0.191377250966857	0.666941409519112
TAG52:3FA18:1	0.781758878635245	0.426730687327858	0.239902602725651	0.702357651489147
TAG56:4FA18:1	0.39643942627154	0.48995671394813	0.24741940567957	0.716532707377416
TAG54:4FA20:1	0.372922956649039	0.337453882576792	0.226089337379021	0.729339228685638
TAG56:7FA18:0	0.232392472825112	0.677526452105799	0.263013388562284	0.699041526194075
TAG54:4FA18:3	0.147182703753862	0.197643217085422	0.238531419106957	0.679081958308486
TAG56:7FA20:3	0.726332043831836	0.958176404756347	0.245386925204394	0.664365443107265
PE(18:0/18:1)	0.320491989537535	0.480972062069708	0.271992979309248	0.657925759155255
TAG50:4FA14:1	0.788416226922645	0.885678441896589	0.246773247595162	0.659854963944247
TAG47:2FA18:2	0.576172452536368	0.236914001004744	0.218958709799254	0.644580631458255
TAG50:5FA18:1	0.745481282235762	0.550849996138161	0.246950076737261	0.69744646895303
TAG53:4FA18:0	0.782117697981682	0.332647751622153	0.228565088638168	0.685645277192105
PC(16:0/20:3)	0.0800385123467982	0.12932839537029	0.44942965440486	0.577700837821612
TAG56:6FA18:2	0.504104408561919	0.709058771991041	0.246664855212333	0.67306007727915
PC(14:0/20:4)	0.462340018018508	0.182140371501515	0.352296182416344	0.660525226231654
PC(18:1/22:5)	0.383180275580072	0.307232889381102	0.164072872362309	0.672050292331962
LCER(24:1)	0.66027015125014	0.678374044701685	0.224975858790066	0.648528882657335
DAG(15:0/18:1)	0.400559363415487	0.230477903002842	0.240349063993638	0.693013355041947
TAG45:1FA16:0	0.199218168084248	0.153487491735617	0.199148381966938	0.641510016034797
TAG56:4FA20:3	0.954855835291861	0.889641920237122	0.244204999645091	0.655544526555937
TAG60:10FA22:6	0.527186296991514	0.820450046482014	0.249807025553179	0.687970474527269
TAG54:5FA22:1	0.0977475830619771	0.179289688136313	0.2338508947732	0.636559664734523
PE(16:0/22:6)	0.701830682012746	0.608783751065619	0.2114093842555	0.814591364404749
LPE(18:2)	0.27973454550356	0.296330196904668	0.212164171910118	0.526277137809551
TAG54:6FA20:4	0.47438367052667	0.917468093389106	0.243691949527046	0.665231988049774
TAG54:2FA18:1	0.525665979070323	0.582324751239272	0.263614068969645	0.681600492579606
TAG56:8FA16:1	0.328372981038902	0.368900549933619	0.241276716240218	0.751537924360564
TAG58:9FA20:4	0.133354759186857	0.116292827504328	0.209362458822882	0.65711364106578
PE(16:0/18:1)	0.0546587610624391	0.164443549000502	0.326168253826577	0.594508751913082
DAG(16:1/16:1)	0.5176446239028	0.705904834546066	0.246882729186346	0.680607132718594
PC(18:1/22:6)	0.738138814197981	0.835039937185016	0.275684469752822	0.639064883305569
TAG52:4FA20:2	0.676161482146915	0.605564932160366	0.233609826414659	0.709586713345032
TAG42:0FA16:0	0.73734963437866	0.683800768485769	0.230140322976042	0.654473391702879
TAG52:2FA20:1	0.401918093269349	0.407355826300666	0.235282426289092	0.629097733052478
TAG52:4FA16:1	0.331236828747345	0.128314445103747	0.198468214242533	0.787681105048438
TAG58:8FA22:5	0.189558928973087	0.31134447012613	0.268004890656165	0.712295534917587
TAG56:8FA16:0	0.421575758698461	0.593726516567122	0.258608326588581	0.708184940039253
FFA(20:2)	0.300322006543629	0.556831598257781	0.273097929041664	0.705046399926138
TAG46:3FA18:1	0.993910178779118	0.353560134550792	0.201592123200642	0.691009904791188
TAG50:4FA20:4	0.190927069392598	0.176665953062352	0.196269378296312	0.671655303734695
TAG53:2FA17:0	0.625481392877443	0.417952587364614	0.236740689504984	0.617632024008406
PE(18:1/18:2)	0.898310915226951	0.564807073574263	0.309138459017311	0.650265813981164
TAG51:1FA17:0	0.129401371808171	0.10421180723777	0.195307832403413	0.651647601968629
TAG54:2FA20:2	0.754909232542098	0.808557431716121	0.239852406855859	0.652745511977685
TAG56:6FA18:1	0.646835103987491	0.72798275113683	0.252434689771991	0.686335667127814
FFA(22:1)	0.461419441788967	0.794862260301513	0.243252696914544	0.649504495029803
LPC(16:1)	0.353862320592868	0.853015293782598	0.240785127972518	0.666446439389005
PC(14:0/20:3)	0.0915520344564303	0.19844685824955	0.422890779998747	0.60865487853001
TAG48:3FA12:0	0.390520407768253	0.853386417657667	0.248612719136486	0.671290974336291
TAG54:6FA16:0	0.82936731240386	0.898126372920531	0.254131857769823	0.668802685103121
TAG46:0FA14:0	0.371945603207426	0.298957224615404	0.202162031873152	0.66442476169216
FFA(22:5)	0.640203075722692	0.737069726632843	0.238154259943162	0.645197057550903
TAG56:2FA20:1	0.761285082231721	0.948574729804033	0.244926456990366	0.661969767755411
TAG58:5FA18:1	0.98940672757749	0.922983999269511	0.246544131927419	0.669320772933414
TAG50:4FA20:3	0.51650585242041	0.51120655041346	0.233790651719038	0.635411638378702
TAG52:1FA20:0	0.106778452165794	0.0293311479209043	0.207384456983516	0.574687709644643
PE(O18:0/22:5)	0.913265403525309	0.568855013659183	0.286201378284242	0.642802440947339
TAG53:7FA18:3	0.348115985662116	0.679928103421447	0.257298312806583	0.663726841602325
TAG50:3FA18:0	0.728403789005582	0.391155093372031	0.233301885392771	0.666543785717716
TAG46:3FA18:3	0.353926375043924	0.871105520264362	0.251386302758983	0.666728135881584
TAG54:7FA18:1	0.100426995213705	0.214815341521427	0.257571323518755	0.699942859130968
TAG55:4FA18:2	0.625535740017117	0.900831990647476	0.243967114151331	0.669905660736031
PE(P18:0/22:6)	0.883303098171463	0.825228553446616	0.238649722482986	0.744903243176858
FFA(18:1)	0.762709862003759	0.530031030192285	0.228315344306244	0.705892808866979
TAG50:5FA20:4	0.369396053930431	0.434165133201445	0.221379713826996	0.646587923193115
TAG53:3FA18:1	0.942247966830588	0.993982052947778	0.24584149982628	0.665404033470464
TAG50:5FA16:1	0.920803695341869	0.100070916836512	0.188900836466943	0.804688068736629
TAG50:4FA16:1	0.864068326252417	0.121084028527483	0.182402707853686	0.787363087068471
TAG52:4FA20:4	0.129548367462329	0.225179224835959	0.197339658738508	0.708929417847314
PC(18:1/20:5)	0.235422008985702	0.894974142523843	0.242292490509977	0.684688491602767
DAG(18:2/20:4)	0.325550961495114	0.365967601619407	0.243351358842212	0.674398011298827
TAG54:7FA18:2	0.0575936394629716	0.274635682973626	0.234521137575912	0.609961956444876
TAG56:7FA22:4	0.792749401299978	0.487286218041971	0.260984775112648	0.669527708306882
DAG(18:2/22:6)	0.411503164002556	0.716795525437676	0.251134432516525	0.69815213043326
TAG49:2FA15:0	0.271245104022436	0.284177685601896	0.230243921589826	0.652601045533033
TAG46:3FA12:0	0.451965671479758	0.837945034438009	0.247009581720076	0.672939965244959
TAG47:0FA16:0	0.305971017673806	0.278171623370721	0.200000844017931	0.667795791927351
PC(18:2/18:2)	0.447832747610203	0.837619582709864	0.295726417755225	0.663929060239844
PC(18:2/20:3)	0.460180482147273	0.369371770413806	0.434000135607262	0.64012434639675
CE(15:0)	0.896849927324616	0.314380266996749	0.339081858449282	0.572661207240697
TAG54:1FA16:0	0.269072172892627	0.0736939404877901	0.177771016125589	0.630318714531168
TAG49:2FA17:0	0.199376798078164	0.125797321247682	0.230050769484246	0.625119384392051
TAG54:8FA18:3	0.0428604579633829	0.16904893936009	0.232376877518851	0.58031438015914
DAG(16:1/18:0)	0.0679946443252042	0.137436258036524	0.225479622923473	0.641749967399704
PC(16:0/18:0)	0.622239156745969	0.512086775226967	0.376562263044667	0.60764409579308
TAG54:5FA18:3	0.0335909198760824	0.0334079122010401	0.224055792281683	0.712870812504613
LPE(20:3)	0.549299435263697	0.685719732337457	0.275438399135423	0.681940712189382
TAG55:1FA18:1	0.241597841568445	0.694416398443105	0.270947590791508	0.698246272388897
TAG55:2FA18:2	0.304294397413913	0.790233074355078	0.256000002707369	0.681740132321742
PC(18:0/20:4)	0.638170023495061	0.643945754946813	0.230377025297572	0.667500858888483
TAG54:5FA20:3	0.806918195289596	0.898123735375003	0.248419497722755	0.667563651151952
TAG56:3FA20:1	0.311790758077551	0.482848870149708	0.268206336914799	0.692489665383337
TAG48:3FA14:1	0.195501299650342	0.515667595005779	0.246266712826275	0.650046829382022
TAG56:8FA20:5	0.185766352738257	0.667596912420919	0.270083435765977	0.701666737627511
DAG(14:0/16:0)	0.309761360346815	0.122927960028228	0.188874425372105	0.660159859699138
SM(26:0)	0.934491070747298	0.373104230455293	0.372878159058918	0.601698585119577
TAG51:4FA18:2	0.653041453998119	0.74287423557837	0.243189657144316	0.67362136124177
TAG56:7FA16:0	0.310274835441383	0.4069319472709	0.255808963448248	0.740489268069437
TAG48:4FA18:2	0.19315551819343	0.510682869699468	0.251439197232244	0.667880276818816
TAG50:5FA18:3	0.466056257018777	0.367147887944405	0.230781904213226	0.68605777192901
TAG53:0FA16:0	0.565464694569283	0.688686187238431	0.271655470007346	0.692389651036411
TAG44:1FA16:1	0.398491404028572	0.290827416252152	0.226768074654959	0.622263462175909
TAG60:11FA22:6	0.531072324886183	0.957405489719312	0.246841539230534	0.673090402795893
LPC(20:0)	0.077179197067884	0.19246198372071	0.188790019474705	0.628172597087748
TAG52:4FA14:0	0.478520227033688	0.369020561151779	0.232742006860514	0.623806460767949
TAG53:6FA18:1	0.750942687445775	0.687933334527093	0.220107233832736	0.668255840863384
PI(18:1/18:2)	0.884680633829956	0.605292013404426	0.313637747577402	0.725047370861245
TAG52:4FA18:0	0.973177338240099	0.627800751008998	0.239065738829816	0.695437875654123
PE(18:1/20:3)	0.305886654267743	0.839818711144582	0.286225493356253	0.646221896788013
MAG(16:1)	0.515845882572636	0.742479689725918	0.252525357607386	0.648893912185696
SM(22:0)	0.852709740301721	0.758738961248453	0.322488080259411	0.64641894812356
TAG55:8FA20:4	0.789268229836433	0.24274265769814	0.27619656277369	0.608769110890623
TAG58:6FA18:1	0.735204356866005	0.647264789211572	0.253095750847934	0.696450285318377
TAG56:5FA16:0	0.629811730492166	0.882758222568478	0.242288503797871	0.663904929893546
DAG(18:2/20:5)	0.622355337716323	0.453304638065675	0.224533579292642	0.607172204268356
TAG58:2FA18:1	0.935728670033672	0.948399981802001	0.243615498903293	0.662345919790931
CE(22:0)	0.772616550764927	0.205253465041983	0.355017698291344	0.532611968326136
TAG54:5FA22:4	0.281687235125276	0.653430518442189	0.230061679126698	0.676420883602683
TAG58:3FA18:1	0.847574116372827	0.821940651477796	0.239728117217516	0.659816021630766
TAG56:3FA20:2	0.742230723190377	0.790429450831973	0.24791964734611	0.689193188725077
TAG52:2FA18:2	0.909727821676182	0.990016786211296	0.246067138710326	0.664216332631998
TAG53:4FA16:0	0.59845136212263	0.570564753846672	0.233125276230411	0.672978845965897
LCER(22:1)	0.571599689278894	0.832174801559311	0.283033980006792	0.666046884420987
LPC(20:4)	0.19182549829207	0.105013661019088	0.466143719788959	0.444454243388305
TAG48:2FA12:0	0.509904292065359	0.983921378147916	0.246446671025976	0.665436729587441
TAG58:7FA22:4	0.80491669404814	0.641916555593395	0.259823214770329	0.666314425561066
PC(18:0/18:0)	0.521255032947485	0.790420891764063	0.293737968962065	0.646565700375947
CE(18:3)	0.780066987007992	0.420341349272744	0.374812999543142	0.636762669678154
TAG51:4FA20:4	0.0671535444345164	0.0433586424336127	0.173098202526621	0.656107822350728
TAG56:4FA20:2	0.452053363151425	0.553152421952354	0.237234867346019	0.721873937973964
DAG(15:0/18:2)	0.456492999201347	0.634838440825011	0.267089777478675	0.68716746530827
TAG46:1FA16:0	0.854135179014432	0.50903895313014	0.225281946574996	0.646094342889692
DAG(16:0/16:0)	0.248855450665023	0.25372905934367	0.215145895234466	0.684061972726526
TAG54:5FA18:2	0.114850160472124	0.209219530567773	0.234537074309042	0.628322187680515
TAG42:1FA12:0	0.407614551856724	0.927165300621217	0.249815486165623	0.667941733416793
DAG(18:1/20:2)	0.655044042912238	0.371877999918107	0.255822531776706	0.58831689226435
TAG52:7FA16:0	0.443665464789419	0.304265276549915	0.198237357609661	0.666553276739862
TAG55:5FA18:1	0.74835079657255	0.973995652085254	0.245534367123608	0.663589100185227
TAG52:2FA20:0	0.681682907202299	0.442217535519887	0.234928732631324	0.641351074335625
TAG46:1FA14:0	0.297526920015283	0.267591940387475	0.215441704851567	0.635691887496584
DAG(16:1/20:2)	0.169910663259574	0.161839877254615	0.298527020159534	0.61438898932964
TAG53:5FA18:1	0.559403755629865	0.523889034615117	0.248212114483205	0.658809419519957
CER(18:0)	0.477566637660922	0.912289087663051	0.260134879311366	0.65618184134077
CE(24:1)	0.46359957702558	0.463160293251508	0.275836098351681	0.647564752386304
PC(18:2/20:4)	0.96212518339057	0.852285275327765	0.271419377504739	0.681472453777437
PC(16:0/16:0)	0.971860397121796	0.578935006918814	0.347926988026159	0.601698398374228
TAG50:6FA20:4	0.9758993511104	0.819727489108619	0.240658328413826	0.658251538941658
TAG52:2FA18:0	0.687680929096654	0.837093143841667	0.242789972805574	0.66334102774805
TAG55:2FA18:1	0.437793516296052	0.943447454799305	0.250442160410819	0.665164734717816
CER(24:1)	0.802072076720892	0.870566242708632	0.265305903574909	0.644664795718376
PE(18:0/18:2)	0.792531923721606	0.960692622618968	0.263909387565535	0.661942711361944
TAG52:0FA18:0	0.693200027968976	0.552578832030391	0.215845936617365	0.656717737827563
TAG50:4FA14:0	0.463184696711024	0.659304874467741	0.241088142405084	0.677356037810921
TAG52:2FA20:2	0.292434025618356	0.432332615830392	0.231738854223666	0.662326683141845
TAG58:6FA18:0	0.467744480591424	0.275057814504255	0.250768457559053	0.764288555913884
TAG55:6FA20:4	0.27161835326705	0.264870508753443	0.222792688968761	0.641752959292777
PE(P18:0/22:4)	0.949492982345156	0.587495083457378	0.226663309189018	0.65472899218466
TAG51:2FA18:1	0.410775056028746	0.468518953841482	0.233180367058069	0.623509047893038
TAG50:2FA18:2	0.516587310751382	0.697279688235587	0.243909994977817	0.671985238914922
TAG53:3FA18:2	0.898742186605999	0.693897904808237	0.247460140467783	0.646760174257898
CER(24:0)	0.519719417643039	0.0356518740723821	0.31098877605947	0.376272860633672
DCER(22:1)	0.853065981999391	0.726517229647912	0.246467786099356	0.661201261858711
TAG46:2FA12:0	0.595287716549899	0.93191231062338	0.244186571581905	0.661341231597063
SM(22:1)	0.839036696805569	0.83058090712345	0.250155802760822	0.692703142946895
TAG48:1FA16:0	0.162353638423279	0.211978535777123	0.211239513016806	0.669845513492322
TAG56:3FA18:2	0.975840587029859	0.782426422123526	0.240629956541654	0.662945501653224
DAG(18:2/22:5)	0.699627517639805	0.854094037697778	0.244783060632414	0.668984101146173
TAG57:9FA22:6	0.915476395802588	0.958860568599877	0.245894731955298	0.664863837996674
PC(18:1/18:1)	0.774433743819197	0.912597711494953	0.279884134898117	0.658650577483369
TAG52:4FA22:4	0.394720329487155	0.345454092073983	0.206377479242164	0.692106205375193
PI(16:0/20:3)	0.346145232722108	0.259095589036589	0.416715346768129	0.620054953571853
TAG50:2FA20:2	0.319519747049735	0.246474716203499	0.22124690273952	0.634217514315154
TAG58:10FA22:6	0.186162703906945	0.524304430486002	0.262823243943707	0.716855303918712
TAG54:4FA22:1	0.175701106151943	0.144803989462894	0.247113050092635	0.693351315540983
TAG42:0FA14:0	0.566599313666504	0.917663562087768	0.24351651279945	0.659898123640062
TAG47:0FA17:0	0.36692772979713	0.20311959780012	0.194703109208007	0.659674845160154
TAG48:2FA16:1	0.197629603887506	0.69552270211832	0.247800974172416	0.655200305053547
TAG54:3FA20:2	0.891075448962618	0.957149364473322	0.246809059942764	0.668397424609512
TAG42:1FA16:1	0.545655926392885	0.343599835985212	0.21446958475235	0.644308056198784
FFA(18:4)	0.292411894004754	0.282941391660261	0.336641972319894	0.650559790875295
DAG(16:0/22:6)	0.560050558548638	0.652990717450802	0.244916079744407	0.621808807983372
SM(14:0)	0.758638144079858	0.973483791744378	0.267187623996737	0.667503847514905
TAG47:1FA16:1	0.151749297051079	0.306949928607772	0.229191609881405	0.647263879731997
TAG51:4FA15:0	0.638382630322333	0.900502868961895	0.246451429020676	0.668459966742621
TAG47:2FA16:1	0.190193364824953	0.513082736648625	0.246353943763621	0.634352842333139
PC(16:0/22:6)	0.521802601167526	0.63675845004962	0.221970839797414	0.767592357457366
LPC(17:0)	0.229908190022323	0.371658618844453	0.212742657188425	0.701711648529694
TAG55:3FA18:1	0.650299625711803	0.922148736730496	0.243553610704918	0.664052728840514
TAG46:3FA18:2	0.927133211952871	0.568377147265866	0.231392622420937	0.66158914289112
TAG53:1FA17:0	0.334323570010304	0.155826605725432	0.197667245937437	0.633998204870355
HCER(24:0)	0.411324797814939	0.477858788157207	0.202990025974669	0.746867767723828
TAG53:6FA20:4	0.335098932017861	0.637404969733224	0.236745013385545	0.649155863146649
TAG54:3FA18:2	0.455819132694088	0.494927435996821	0.250086285104335	0.679214882640856
TAG48:5FA18:3	0.100482480805012	0.323408074298517	0.257183709844293	0.656563486893146
TAG50:2FA14:1	0.193443703909045	0.121968123707383	0.206479895569591	0.628793588681053
TAG52:4FA22:1	0.37426565055805	0.190659276135752	0.225563928250526	0.724501122150786
TAG52:1FA16:0	0.594116168323352	0.624498223624044	0.228640568915408	0.657859515766839
TAG54:4FA16:1	0.595563901160666	0.475025658422304	0.225886528336436	0.732840017140053
TAG48:4FA12:0	0.167530303082764	0.515018472402717	0.253569616158306	0.674194936169372
TAG58:7FA16:0	0.943568975789525	0.589435872350593	0.23698079948228	0.678749211183137
TAG51:2FA16:0	0.190398733970948	0.321201785672414	0.233404933070907	0.643463810491832
TAG56:6FA18:3	0.274341698234552	0.477475955507272	0.232406481466399	0.689851759960005
LCER(16:0)	0.806717454501826	0.929375723082336	0.257021761236929	0.671444359525724
TAG52:6FA18:2	0.176732294915829	0.0893832668095077	0.219110028103441	0.745187528913844
DCER(22:2)	0.585909609923301	0.504613076506569	0.287106926518358	0.569235100910013
DAG(18:0/18:3)	0.818197877446078	0.659472892186732	0.244930844791546	0.6581581290132
TAG48:2FA18:2	0.629722865911932	0.424591169451723	0.233303556903641	0.655785812515484
LPC(20:1)	0.251554041550186	0.124925664148895	0.190053172476789	0.658983457423064
TAG54:8FA20:5	0.35400744201715	0.647997099030304	0.265969379343641	0.701275795483615
FFA(22:0)	0.954953575619327	0.986298295265071	0.245394972240592	0.663816364302186
TAG53:1FA18:1	0.681261150554478	0.344882420507401	0.205672988843052	0.648014271041778
TAG55:6FA20:3	0.627882651927096	0.610694609743138	0.268567037033136	0.658017456236586
TAG51:4FA18:3	0.948328825685054	0.713024425452186	0.247379714650206	0.676221470326268
TAG58:10FA22:5	0.174285857243805	0.466002073663718	0.266060984316913	0.696145173283875
CE(20:0)	0.139959698523422	0.779768915003402	0.234825996842373	0.656816539666968
FFA(14:1)	0.823073341837757	0.942129011051923	0.246214046916117	0.663279875119107
TAG48:1FA16:1	0.11981376421277	0.369900981048307	0.228312196253396	0.684679812411831
TAG53:2FA18:0	0.348476733395738	0.211963975006969	0.219646453243351	0.649599664885333
TAG54:6FA18:2	0.102984053890336	0.297590825007406	0.232184162600866	0.606178354699174
FFA(12:0)	0.436363780964393	0.780605410978212	0.24123458623378	0.697189542107737
TAG51:1FA18:0	0.174936379531234	0.0665491065666492	0.180476251903914	0.637543684170534
DAG(18:1/22:6)	0.625112176924897	0.928434995897975	0.246648431521736	0.677514690995714
DAG(18:1/20:3)	0.488530937138519	0.469593783223079	0.23486013141927	0.641602318027045
CE(20:3)	0.169927217807483	0.154842601763907	0.441548496781783	0.660456845706972
TAG36:0FA12:0	0.328627241089892	0.624365930648588	0.243024300120994	0.687016062028623
TAG53:2FA18:2	0.701389073727229	0.364394905896973	0.227666777678673	0.662962006255771
TAG53:1FA16:0	0.913718870931898	0.637061852484249	0.224408380670468	0.667267476512843
DAG(16:0/18:3)	0.601716886040468	0.953491171948319	0.245275233041598	0.665298395107228
PC(18:2/22:6)	0.605615999130379	0.318960236782122	0.341850385614405	0.566111714200438
PC(16:0/20:5)	0.304607136735658	0.897611759345712	0.247844362956349	0.652510660884839
TAG47:2FA14:0	0.444288082903824	0.258676017340719	0.223361439494831	0.633388161548856
PE(18:0/22:6)	0.472828684548058	0.877508973203035	0.276720506999451	0.645030720488763
HCER(24:1)	0.335532350206481	0.256517607402699	0.178450053694078	0.733382633526414
PI(18:0/16:0)	0.92723887691593	0.811909884638763	0.235857462823671	0.642625015503114
TAG53:4FA18:2	0.762467245337863	0.94150307872875	0.244865977614265	0.666559768888958
TAG54:5FA16:1	0.917207746370751	0.655487825174147	0.241172769211987	0.691725616746139
PE(16:0/20:4)	0.590584128275485	0.823604901295461	0.237928990677021	0.697518397704276
TAG52:1FA18:0	0.546893905676358	0.524480351405891	0.219966995960094	0.660233776150994
PI(18:1/18:1)	0.318611862195366	0.1122727129769	0.362837603102045	0.833552723930117
TAG54:5FA20:4	0.340376882244464	0.562835684303201	0.219679030084835	0.672470233277944
DAG(18:1/18:2)	0.761648923018194	0.591689612101759	0.234753098194854	0.688153489046316
TAG56:8FA18:2	0.415857510828568	0.69168538371533	0.253588623090172	0.69012815783458
TAG56:8FA18:1	0.25124433319431	0.722669966749635	0.26442389374184	0.695849258890026
TAG46:1FA16:1	0.147879607787791	0.260635139177873	0.22115500691297	0.657341985675711
TAG53:5FA18:3	0.498199127617317	0.338298795963935	0.232071444696823	0.691133597322019
DAG(18:0/18:1)	0.983745951511012	0.801498400196411	0.240640820547446	0.652550350473204
TAG42:1FA14:0	0.659218276015586	0.341479508656369	0.208835031773088	0.637031837656232
DAG(16:0/18:0)	0.157380572093709	0.133029805774211	0.190749154837896	0.664446050382663
TAG46:2FA16:1	0.374078848014943	0.5841198816265	0.245571075589295	0.640536443813362
TAG56:7FA16:1	0.314061773170318	0.143883384525775	0.230350958928245	0.823045172458168
PC(18:0/22:5)	0.393635799682897	0.515149829571694	0.361412443646612	0.60462189647684
TAG47:1FA17:0	0.44213058244224	0.163854211723472	0.210533632084501	0.628253891680184
TAG49:0FA17:0	0.190678617998224	0.18406909722474	0.191665288383341	0.675618988100641
PC(18:0/22:4)	0.215032687017203	0.182285919528688	0.334102803348912	0.831703337266004
TAG54:8FA22:6	0.536382954004949	0.547356140758243	0.25603531552943	0.718693830937783
LCER(20:0)	0.792441702460511	0.86548249077159	0.241281605985933	0.667926599631882
TAG44:1FA14:0	0.938566675554584	0.572093455592307	0.229818638857835	0.640196805045333
TAG50:3FA20:3	0.136575155453473	0.115408999227433	0.194362146812059	0.655522254763841
TAG54:5FA18:0	0.164589296319141	0.318727056842228	0.231697634451908	0.645892059861465
TAG48:1FA14:0	0.292901340262806	0.202805836071347	0.208704892100341	0.642995406837413
TAG40:0FA12:0	0.326645348915172	0.739697311041134	0.255124267863745	0.678153701629091
DAG(16:0/20:4)	0.0628973365854898	0.0429452524909575	0.207837368455817	0.710478225389341
TAG52:6FA16:1	0.224034811885315	0.0637357740603077	0.197565628922311	0.770739189447427
TAG54:0FA16:0	0.169456259077859	0.0152908262162252	0.154132530591638	0.590384886248906
CE(22:1)	0.281153069930203	0.440135504267801	0.181842715937071	0.725947069153512
DAG(16:0/20:3)	0.101450656060752	0.0973329336647544	0.229230115663725	0.664529047230619
TAG52:4FA20:3	0.29323466605695	0.626990963898501	0.235954269096906	0.657296298496717
TAG51:3FA16:1	0.428548327354463	0.966720035868084	0.246130286294132	0.668669181032634
TAG52:3FA20:0	0.692051991189873	0.488770389387353	0.246805589293102	0.681453235074512
TAG47:1FA18:1	0.310645106604043	0.139685186937325	0.202914386519584	0.615877930110555
TAG53:3FA17:0	0.950894324513367	0.773758621220604	0.24827069849188	0.647447902694983
TAG54:7FA20:5	0.364324863002238	0.655852140404788	0.270394007434471	0.700131945880103
TAG56:6FA20:5	0.328144778291328	0.996973274104275	0.249125427170027	0.666596524446123
TAG50:0FA18:0	0.350488992578799	0.307453644444168	0.196183592296621	0.674559603709933
TAG50:4FA18:1	0.742840545231815	0.649880926751976	0.241062311680676	0.685210721577263
PE(18:1/22:5)	0.295119118123427	0.839702619101614	0.284711007560165	0.642444843521484
TAG46:2FA18:1	0.657647607540412	0.312748248572482	0.209826298328872	0.636495214714654
TAG47:1FA14:0	0.253433293250256	0.169563763721305	0.203607768345389	0.623658483444261
PC(18:0/18:1)	0.366467989031379	0.258020972119746	0.452117126259904	0.572519481042684
TAG50:0FA16:0	0.316342957267469	0.329766148950441	0.201172867920134	0.685949045447459
TAG54:6FA22:6	0.385360847694378	0.576682226387997	0.231912481267207	0.621215774217357
TAG56:7FA20:4	0.680254366898957	0.944699367754684	0.245147351382491	0.666073551218193
TAG52:4FA16:0	0.434383492821803	0.386521753020375	0.237324736850145	0.671582567488277
TAG42:1FA16:0	0.403243380339278	0.199732428360519	0.182917770583725	0.679824730616131
LPC(22:6)	0.143463811272666	0.184465796926935	0.285400763687861	0.761991771660731
PI(18:0/20:2)	0.419789336205791	0.684866123588555	0.335899867764959	0.609847599132354
TAG52:2FA18:1	0.779310813907944	0.850459826768302	0.248603729052598	0.673704325736519
TAG52:3FA16:1	0.654528782861113	0.233792043821946	0.216353135660583	0.763411004874978
TAG51:3FA18:3	0.534752158094779	0.603000599631616	0.240911410162259	0.661530030481188
TAG52:7FA18:1	0.469375763689151	0.410175193200718	0.215910150109621	0.638407982382397
DAG(18:1/22:5)	0.62357135343431	0.567365208034652	0.245377162892101	0.706744328954073
TAG56:5FA20:2	0.220458712296798	0.441839767565452	0.226473961656401	0.739545115731166
TAG46:1FA18:0	0.607952907116443	0.164082401853809	0.184503389850743	0.650141150280181
TAG56:5FA20:4	0.601170006875599	0.766082449330995	0.255562044350854	0.679306246638418
TAG56:2FA20:0	0.725251261035307	0.942742622762842	0.248738727247858	0.665608257387828
DAG(18:0/18:2)	0.746636864402648	0.686877566697192	0.2473249160708	0.659322533111654
DAG(16:0/20:5)	0.556671184529065	0.0734946981816956	0.189572034330313	0.592031921718287
PC(18:1/20:3)	0.160435818146398	0.212538093944591	0.495510733367331	0.62082904593914
DAG(14:1/16:0)	0.592714426364648	0.422267080634015	0.227129854570275	0.718396433424288
TAG48:5FA18:2	0.116151010157581	0.416295932510787	0.256598052906305	0.654699131010687
TAG54:3FA18:0	0.406088791946833	0.410607310840476	0.249247065836799	0.684972363602717
TAG49:3FA16:0	0.472419040255872	0.749226931156841	0.244284579220825	0.660491789993372
TAG49:3FA16:1	0.505719636668263	0.850460957661884	0.242488756670721	0.67799565485828
FFA(20:0)	0.470183686147548	0.694206339065937	0.233341954230222	0.693301797980611
PE(P18:1/18:1)	0.673446974581745	0.0965953320652087	0.442238902577645	0.518345604217477
TAG54:8FA20:4	0.257272802184072	0.833319588157712	0.244608039105359	0.659307205630382
CE(14:1)	0.151128038912225	0.0553945733925946	0.379094455705338	0.625941881126235
SM(20:1)	0.457070835808472	0.164920474623133	0.0926349296767806	0.884958316658645
TAG51:0FA16:0	0.397755032818933	0.240799695795192	0.189920095340698	0.671930895362024
DCER(16:0)	0.0497395917923418	0.0862223250928022	0.351898877791297	0.594995536312231
TAG56:6FA18:0	0.447170892799113	0.700162387279421	0.253427689343895	0.688059718772512
TAG48:4FA18:1	0.188741995883192	0.51321881342378	0.260876629337414	0.67924487073208
TAG50:1FA16:0	0.274084264479295	0.431773806976299	0.222317801848486	0.682877620101356
TAG52:5FA14:0	0.377294921299002	0.376420835378693	0.22339527219194	0.638331828639349
PE(P16:0/18:2)	0.576111569603482	0.64478935216344	0.309213836484913	0.605798341486879
PE(P18:0/20:5)	0.513920249219688	0.470386935849869	0.257275521319868	0.571132483118046
CE(18:0)	0.479796378701297	0.444763675075136	0.330908664867538	0.644743331246964
PI(18:0/20:4)	0.927151532259161	0.690846511026168	0.223151115103095	0.681181328194775
TAG49:1FA14:0	0.242348560395459	0.107522044803546	0.20155694827825	0.616128363945909
PE(O16:0/20:4)	0.785539523289398	0.660100878347169	0.259490951822554	0.65413410148361
TAG53:3FA18:0	0.520914706487933	0.558195553822773	0.256970581836982	0.650699997338721
TAG56:5FA20:3	0.848257760820723	0.802634770071811	0.248453380257339	0.677750854718646
TAG48:0FA14:0	0.383441207919872	0.210712997725772	0.195538138287416	0.642176652276482
FFA(17:0)	0.186639885550027	0.423646562831741	0.281642163220416	0.663340783355897
TAG50:5FA20:5	0.450761030389943	0.170083692318614	0.179676444553834	0.605170174568799
PC(16:0/14:0)	0.090473068811134	0.0296987597064812	0.485627111877021	0.434245576959396
TAG48:2FA18:0	0.377155693072611	0.914007679505587	0.249750559866136	0.666209624376647
TAG50:5FA18:2	0.49261440568769	0.643583138667326	0.24030814473952	0.662697392373429
TAG52:7FA20:5	0.797993314119192	0.671332157853886	0.230275234796799	0.638148526825803
TAG48:1FA18:0	0.721585951965772	0.701576168041637	0.23304693874891	0.651470122804838
TAG56:6FA22:4	0.74926854868186	0.911959877438057	0.25139885629404	0.661103059337521
TAG52:2FA16:1	0.665477275777669	0.806376032909776	0.24302327944887	0.680476351256115
TAG49:0FA15:0	0.171120260986509	0.085382751342242	0.179252495569493	0.652762873155181
TAG46:1FA12:0	0.774801647084377	0.703816823988747	0.235226876231134	0.650085412898181
TAG51:3FA15:0	0.974367853380392	0.942903936861336	0.245216444658865	0.66101361238129
TAG54:7FA18:3	0.0470503178577718	0.200737622176609	0.230047778020913	0.597229366807455
TAG57:2FA18:1	0.199718665849725	0.54365787888661	0.270897967343499	0.721806285872091
PC(16:0/20:1)	0.22081201998301	0.312269999516618	0.27704755515157	0.606637912390257
TAG38:0FA12:0	0.385426938134748	0.654167797874759	0.244086433271818	0.684952064831522
TAG49:0FA18:0	0.266099248265914	0.122117298975307	0.183539106179652	0.644486266795673
TAG51:2FA16:1	0.210544395828363	0.530069696630023	0.249251295216324	0.628307867962464
TAG54:3FA18:1	0.224644199355118	0.188065754423531	0.275020103598664	0.721870793437002
TAG54:3FA20:3	0.339142547881818	0.526888406086283	0.223786323811779	0.652437889649567
TAG58:7FA18:0	0.392057475296765	0.57286893291562	0.255909820242373	0.721302411849786
DCER(24:1)	0.342108873396602	0.583156964781837	0.292836940504355	0.601468376650215
DAG(16:1/18:1)	0.672407519385817	0.891702068591398	0.243761221509512	0.672359937549469
LPE(20:1)	0.498590999794433	0.511024053720687	0.249577208076238	0.689560644181309
DAG(14:0/14:0)	0.37118589304333	0.188098226304096	0.200520573659673	0.621080930760085
TAG48:2FA14:1	0.0964826805008247	0.21999472765685	0.221897164849977	0.645846846687386
TAG56:9FA18:3	0.540798984070194	0.455731124648939	0.253951686248498	0.700173310248489
PE(18:0/18:0)	0.813635911632009	0.738105157798822	0.279781494346404	0.615082081754389
TAG50:3FA16:1	0.639794732920744	0.509549761561847	0.228026993575422	0.695481429362308
TAG51:1FA18:1	0.185625967100928	0.143706949743088	0.200329235246846	0.639726221183771
TAG52:1FA18:1	0.663619591072371	0.756670549301937	0.236065354787295	0.657848265116266
PI(18:0/18:2)	0.699531129049594	0.648691896983207	0.323345998880548	0.69420521920773
TAG49:1FA15:0	0.172564024666943	0.12401425881878	0.195532610238467	0.648035869859443
PE(P18:1/20:4)	0.79992451380341	0.916136730844701	0.243640676072442	0.664745794393594
TAG51:0FA17:0	0.194863260156577	0.133407414833574	0.186698385664645	0.663591484759166
TAG48:3FA16:0	0.365192181241667	0.520136066399536	0.240561202063765	0.657497900123924
CE(12:0)	0.440603985952789	0.466757405864565	0.318365005569109	0.612589313404584
TAG53:1FA18:0	0.332437072830046	0.133182394300556	0.188493306469884	0.656147520694742
CE(18:1)	0.994102140454775	0.6197729195909	0.304905879420425	0.639309329574613
PE(P18:0/20:4)	0.681860373685929	0.539495787961772	0.226495818658145	0.702724801024804
TAG54:3FA18:3	0.984250877377532	0.463910676587937	0.242884989273321	0.63836912916245
TAG54:4FA18:1	0.13037531121637	0.118622241774055	0.256021719143677	0.69712574729943
TAG58:8FA20:4	0.275139371780194	0.266128411230504	0.208599227531084	0.668186730323271
PE(18:0/22:4)	0.69923418649613	0.687554315112834	0.238089942408048	0.661630113102513
TAG44:2FA18:1	0.703954294058681	0.278335197264236	0.190704013525581	0.67085306271973
PE(16:0/20:3)	0.0244162900490562	0.0592490336398194	0.506239311359079	0.4845164917222
TAG46:2FA14:0	0.609231673992121	0.409115096373722	0.23216929053421	0.638444543846334
PE(18:2/16:1)	0.443144802226784	0.698977359376389	0.289390228694615	0.621156489799849
TAG56:4FA16:0	0.400811938474146	0.580394010984651	0.230436712487339	0.659522902350464
DAG(18:1/20:4)	0.233618229282178	0.252913765712112	0.220756889485468	0.666660386482177
TAG52:3FA18:0	0.958450312849641	0.662659071256075	0.239680526344019	0.677948141121148
TAG58:10FA20:5	0.924200370915467	0.33142090934596	0.22416496168783	0.585724247145188
PC(18:0/18:3)	0.492884081464782	0.733993125641505	0.323238457731835	0.641800635694256
TAG55:7FA18:1	0.952578651888587	0.557798928699463	0.222636766769729	0.643798231440794
TAG60:11FA22:5	0.760454877027453	0.850413005660545	0.244640204667971	0.651951779132932
DAG(18:2/20:3)	0.418230004652543	0.341822675384775	0.246593744064389	0.639744236173017
TAG40:0FA16:0	0.383160667053761	0.869566432026936	0.254521795372542	0.669439815549753
TAG54:5FA16:0	0.503104634624373	0.737594563130944	0.235332874396406	0.659166556604899
TAG58:6FA22:4	0.856188295300145	0.60263211073293	0.268308201214058	0.669056932647063
TAG56:4FA18:2	0.345899446909159	0.530272837413258	0.248942771840902	0.677274545371549
PE(O16:0/22:5)	0.857221284025949	0.348824343073228	0.326912182426266	0.609235226481049
PE(O18:0/22:6)	0.596930339324752	0.899077602229554	0.257477783292301	0.651568053320039
SM(18:1)	0.968531178784423	0.523344428406078	0.188990916020214	0.748954083240777
TAG51:5FA18:3	0.454783930397011	0.317946950415147	0.239231560202811	0.691775213347362
TAG54:6FA22:5	0.743890615639813	0.826862914693602	0.250524567971364	0.671055584064367
TAG56:4FA18:0	0.9970911209645	0.865693502143518	0.246801216813776	0.678513099281431
TAG51:3FA18:1	0.985896619174247	0.918970584770457	0.245611758059218	0.658358679898594
LPC(18:0)	0.235819604818749	0.0433141438110086	0.104622593219911	0.659548688271587
FFA(20:5)	0.798752499404769	0.338238080370127	0.248726748304492	0.63424150323731
TAG54:6FA18:1	0.0352820303923727	0.0918558260365062	0.233250768874191	0.670016284447175
TAG52:6FA18:1	0.420143443579481	0.406807584196514	0.27157403838797	0.745161103162733
PC(18:2/20:2)	0.0433707699209988	0.0562835007689205	0.0904917982799483	0.881115368002998
PC(16:0/22:5)	0.450130233619823	0.514177300329067	0.197369834490303	0.754160152199822
TAG45:1FA15:0	0.399995968788106	0.231011106413998	0.217692137858412	0.627686910450126
TAG50:3FA18:3	0.613410396828431	0.851626632544263	0.243347133534737	0.670812875030439
TAG48:1FA12:0	0.51038232218497	0.92389386330668	0.243644967652082	0.660672897565514
TAG52:6FA20:5	0.701884937183576	0.509230543173643	0.216731267782242	0.626742971678136
TAG53:5FA20:4	0.143295203926143	0.246150329401206	0.2108550915799	0.641812451457809
CE(20:4)	0.426595671445929	0.670825973424833	0.234988539925233	0.652358810677196
CER(22:1)	0.173973955950938	0.696510310920884	0.314644508092926	0.616495843726939
MAG(18:0)	0.321219370606131	0.0285277946774109	0.230755800084697	0.787520333156234
TAG48:3FA18:3	0.748199218456931	0.591183026454713	0.23400395249685	0.6645143324172
FFA(18:0)	0.466817756898783	0.939686772653958	0.244806659805204	0.664482038432662
TAG52:4FA18:2	0.360005071338467	0.258157344464275	0.224375197845677	0.689938428629143
TAG42:1FA18:1	0.466414542811045	0.936600071615072	0.244929762786588	0.661847876752354
TAG60:10FA22:5	0.515426479579312	0.717252935408493	0.253154432270878	0.683360392548861
DCER(26:0)	0.640108259768888	0.495315857691102	0.246824399270792	0.686884951029217
LCER(18:0)	0.714481387427566	0.407716431396083	0.179373243026607	0.724840070934807
TAG42:0FA12:0	0.377212504039811	0.899674146340906	0.248926964960954	0.670281137935736
TAG51:3FA17:0	0.364438252114347	0.699622768559598	0.257983612306441	0.642433605578231
TAG52:6FA16:0	0.62744861610359	0.243310435776468	0.262003078577717	0.682571943898562
CE(22:4)	0.767307766730665	0.703259181517583	0.276386028204286	0.675336697342395
TAG48:4FA14:1	0.42070815660156	0.825599289857031	0.241064732271197	0.676044524006058
TAG50:3FA18:1	0.986496690489965	0.892689495808277	0.244452224204214	0.67282074934422
TAG53:4FA17:0	0.785387437172036	0.88634265846119	0.248230011798164	0.659226281844457
PC(16:0/20:4)	0.44151400636428	0.631282992846515	0.238425860636789	0.661712559199361
TAG44:1FA18:1	0.964264493978666	0.434213674977882	0.214116334089587	0.64557802535427
TAG48:0FA16:0	0.301203757439899	0.390379870069047	0.209183620855804	0.701042658147322
DAG(16:1/20:4)	0.113293788139265	0.281735184854869	0.234900531974297	0.670155184587699
PC(17:0/18:2)	0.425911137799909	0.788608410144011	0.320335876218796	0.631859858357962
TAG54:4FA18:2	0.147173059483079	0.16226794321409	0.243325243638479	0.682283701229062
TAG50:0FA14:0	0.587863545059314	0.170671475857481	0.188064254402777	0.620984884376136
TAG58:7FA20:4	0.624537032918409	0.522757964325159	0.23124917942902	0.638670034461207
TAG52:4FA18:3	0.469124320173127	0.214616937890768	0.249587574331057	0.683211122463563
FFA(16:1)	0.767198243219641	0.465184010027866	0.211013139272782	0.72811610280807
TAG51:3FA16:0	0.46278094685692	0.617895704624818	0.243156429779858	0.658139995343638
TAG50:4FA18:3	0.99936612310305	0.447345528279995	0.237016652219975	0.689224093658489
TAG54:4FA20:3	0.519280860314376	0.680426100554448	0.232483733590345	0.653361381115394
PE(O18:0/18:2)	0.829265008500937	0.737517677559674	0.314024126036216	0.631064138707358
PC(18:1/20:2)	0.721780617693784	0.87975424764752	0.250665986961726	0.671256988195969
TAG49:2FA18:1	0.354193764312762	0.461545981619905	0.240118063057194	0.620987204397702
PC(18:1/20:4)	0.637488652102492	0.942479923413066	0.245161771288657	0.662283149953672
TAG47:0FA14:0	0.389709643954739	0.253072342236747	0.203596821108234	0.642346850971987
TAG52:8FA18:2	0.527222910001584	0.429435540287285	0.230145653146756	0.652686058502321
FFA(22:6)	0.896072644498943	0.805760504639307	0.237426874274255	0.640729552563067
TAG47:2FA15:0	0.418514393987151	0.314463200167227	0.228672598041498	0.632234063962791
TAG48:2FA18:1	0.96264395221366	0.789084931474127	0.240118965271901	0.65085517139006
TAG55:4FA18:1	0.590539722635457	0.869030146388196	0.252174090010468	0.660640752084137
TAG52:3FA14:0	0.794165633153113	0.539774145025405	0.245175340675967	0.624061631141242
TAG46:2FA16:0	0.64895927346882	0.89099535341603	0.242620142291474	0.660871052948387
TAG54:4FA20:2	0.692981797168607	0.788411584818353	0.242825417615482	0.687249559345199
TAG48:4FA20:4	0.933139204048106	0.540514566224322	0.225904616944419	0.643823147318222
TAG56:3FA18:1	0.439436591826095	0.597157170186306	0.259431397904301	0.685170918039505
TAG54:7FA22:6	0.862759409141401	0.84907057645598	0.247391875900914	0.685144835066732
TAG49:3FA18:2	0.469725172571884	0.666861368179029	0.251567750162076	0.64387389930477
TAG52:3FA16:0	0.737399819208203	0.479042249141133	0.244154448198584	0.690458886422938
TAG54:8FA18:2	0.0971472517985011	0.282024959890074	0.2490109221041	0.648129238927881
TAG54:6FA18:3	0.0440018598456034	0.107575708344973	0.222112945981715	0.646443201940098
TAG56:8FA22:6	0.37876494875255	0.560098625820181	0.258573463968443	0.718953632319484
TAG58:8FA18:1	0.12037150732908	0.297017993653067	0.28409620098375	0.765949179364929
TAG55:7FA22:6	0.82471333833564	0.931224462032286	0.245913369528259	0.658136355208178
DAG(14:0/18:3)	0.37754310437527	0.389535936183472	0.23638686219309	0.686931462689209
PC(16:0/22:4)	0.717404989527051	0.593631769775193	0.272307509409553	0.696335593275116
TAG56:9FA20:4	0.69528473471854	0.813953002197094	0.24357140932066	0.665504389014811
TAG57:8FA22:6	0.348425089150801	0.57594466674712	0.253443184936401	0.715235879802792
TAG56:2FA18:0	0.966458858418368	0.807621264170328	0.238470639950872	0.657336914366266
PC(17:0/20:4)	0.172251625988718	0.802640539488916	0.241783742675668	0.678766840883261
LPC(20:2)	0.163797264839633	0.0859756631765006	0.170158960126102	0.59477957984092
TAG45:1FA18:1	0.50751814292926	0.233959959953212	0.205590144594186	0.634253011314897
TAG52:5FA20:4	0.150230587726573	0.427737354528258	0.219403781470705	0.679308177193511
PE(18:1/18:1)	0.439576838367764	0.412646629253453	0.251922496936868	0.673274291038906
PE(P18:1/22:6)	0.965534251126421	0.995907830482983	0.257254497807272	0.677524509827708
PI(16:0/20:4)	0.17698792011516	0.487979110352204	0.336693802052101	0.675144553534783
TAG49:3FA15:0	0.524782408655818	0.852514952086061	0.248289026995766	0.656260367404205
TAG51:2FA18:0	0.48615976433157	0.299916049176182	0.218946230017787	0.663249598223373
LPE(20:4)	0.947388724986225	0.780309899618556	0.244800003293787	0.630963710328314
TAG44:2FA12:0	0.535798365908402	0.849610246885653	0.241727331965792	0.658250893098453
TAG56:1FA16:0	0.306493670894338	0.205710696428323	0.19832337724164	0.642061799162696
MAG(15:0)	0.276058779986849	0.735111547258677	0.253044139796016	0.668844547569276
DAG(16:0/18:2)	0.87046561478839	0.99328652995465	0.245775668057251	0.663938238368823
HCER(20:0)	0.0360317576713181	0.065251595722641	0.122034795128608	0.813824473687398
LCER(24:0)	0.743400005395971	0.956153857397217	0.249316717284463	0.666344151745217
TAG49:0FA16:0	0.179260944971679	0.141549830245589	0.18348753595677	0.679334376909601
TAG50:3FA18:2	0.801615691241263	0.797647712839668	0.241726361675717	0.676061007345701
TAG55:7FA20:4	0.90985901519488	0.639464589573842	0.263304872221197	0.643857042970344
HCER(22:0)	0.243746128454096	0.352839010425851	0.189741099379365	0.723263936227123
TAG58:7FA22:5	0.200595215498348	0.272928403376455	0.27951568846627	0.741778486964827
FFA(22:2)	0.972657038034844	0.986530642732426	0.246413514799781	0.665887121617882
TAG44:1FA12:0	0.945082616580323	0.543081937475548	0.231546459344064	0.636441447951992
TAG46:0FA12:0	0.543434722613644	0.872414992513671	0.241626087307456	0.658343156177196
TAG52:6FA14:0	0.523151587722598	0.58053714854749	0.230980411714925	0.636194096853636
TAG51:2FA17:0	0.219906152098734	0.294136888713373	0.241979305634823	0.6451074140957
TAG56:3FA20:0	0.66197577422337	0.912286521565298	0.248108059778757	0.663785367950756
PE(P16:0/20:3)	0.135809775783118	0.0960442164336483	0.417990071980546	0.478991002608972
PI(18:1/20:4)	0.283837789675265	0.848186897112635	0.27364462319134	0.6736494272856
DAG(12:0/18:2)	0.459679124744196	0.817321324240992	0.250305440885595	0.664762712683911
TAG52:2FA16:0	0.870591510641309	0.820792584655606	0.248476816441208	0.673331044291617
TAG52:3FA20:1	0.985465481440132	0.812946974567551	0.246194489231582	0.6512226565788
PE(P16:0/22:6)	0.564209833306445	0.485673484266856	0.202459687252995	0.836455177998331
TAG56:5FA22:4	0.537374587618929	0.872236795440471	0.241014752034324	0.668500526209828
TAG56:9FA22:6	0.332212595071188	0.493060044756369	0.255515309870806	0.722505817643127
TAG55:7FA20:3	0.645810714206094	0.900020029137989	0.252618426806257	0.662935106575661
TAG50:5FA16:0	0.3979130175205	0.964165019257217	0.244927285022223	0.662442541623954
TAG56:3FA16:0	0.334861355066404	0.232105937175046	0.22227650410017	0.637424429657033
MAG(18:1)	0.530536281675158	0.853891588589442	0.252390457034243	0.689652009770621
PC(18:1/18:2)	0.64994975768421	0.839397377081452	0.317627294674281	0.655563986063368
TAG56:6FA22:5	0.430040392325099	0.47103921447663	0.262464252130645	0.706744035721455
TAG57:3FA18:2	0.216065357536937	0.638728555797039	0.259562592863452	0.698366906673899
LCER(18:1)	0.968967442902495	0.823133151669623	0.254264462532269	0.658142366690501
TAG52:8FA16:1	0.143011248472846	0.188133242901953	0.221064725803092	0.629914942248415
TAG58:8FA22:6	0.19018057249483	0.387368279402403	0.273708384848339	0.751142741187304
TAG50:3FA16:0	0.590850518702747	0.702550913776742	0.238853752580412	0.671455150661061
FFA(24:1)	0.361403692354639	0.453607038352776	0.23049278692793	0.674082962081566
TAG55:7FA15:0	0.70631703727327	0.883047849673745	0.246255563834322	0.651078641544161
DAG(16:1/18:3)	0.390347224208895	0.954757924084481	0.245556452142047	0.663015409871794
CER(20:0)	0.747210131301645	0.822631036620965	0.237553312442191	0.701504184052431
PC(18:2/20:5)	0.473701198836293	0.557436530804129	0.270365124663745	0.609011665523749
TAG52:5FA18:3	0.301294868657232	0.119931136510066	0.226272860243349	0.663767431523099
TAG51:0FA18:0	0.29514836292727	0.146947421463686	0.181825618700429	0.662480827925453
TAG55:3FA18:2	0.518845211804549	0.908324123357802	0.243147645553699	0.666784520054568
TAG42:2FA18:2	0.315768980256571	0.888162162011172	0.254191680832744	0.666327646110191
PC(14:0/18:2)	0.653852696666936	0.515559287324532	0.400686770575795	0.591551714637374
TAG50:3FA14:0	0.892615762276999	0.96021813366137	0.246176279824533	0.662115953533066
TAG54:5FA20:2	0.421434572413683	0.446927818267878	0.227381624451795	0.724063328528959
FFA(20:3)	0.943855518407953	0.968588706234796	0.245005405422491	0.667375817101269
TAG56:6FA16:0	0.483325728516934	0.436047761408944	0.256118684300972	0.708223528558313
PI(16:0/18:1)	0.0926809031284744	0.0415785378449416	0.432015686262544	0.829031581962458
TAG52:3FA18:3	0.747086221258482	0.576034828300354	0.251033630195929	0.6632273509641
TAG58:10FA18:2	0.287107103340057	0.712484714949803	0.256904995283531	0.690759957947814
LPC(16:0)	0.0779904781595235	0.0183070358950365	0.15439322479912	0.622914759042944
TAG44:2FA16:1	0.381536849858057	0.386201696444706	0.232244437711793	0.641160806183347
TAG56:10FA18:2	0.53203727111692	0.892124522724164	0.242496506925883	0.666174108773326
TAG56:5FA18:0	0.609173065154616	0.705193707291014	0.253057345191034	0.68838574540599
DAG(14:0/20:0)	0.02688081033475	0.000699057073096344	0.547889553459346	0.533960705310375
TAG52:1FA20:1	0.270555004515626	0.228018633154976	0.200085245087721	0.667263659192704
CE(14:0)	0.519213040736191	0.150728313760507	0.445520845957259	0.525013329555856
DAG(18:1/22:4)	0.9132292058574	0.768299540370287	0.241216176377921	0.654989727194631
PC(18:0/20:3)	0.0179406892855949	0.0336418642071187	0.659071934666575	0.540359657443185
TAG54:2FA18:0	0.632488420497634	0.706994801263189	0.257279064023061	0.674568055507092
TAG56:7FA22:5	0.367280671066972	0.419559169466944	0.253392761761874	0.703299353846084
PE(18:0/20:3)	0.151302920078033	0.309493661890576	0.406070612131739	0.56127376477922
TAG51:1FA15:0	0.288577277615646	0.109063207205353	0.183280897090345	0.628399084478098
TAG58:7FA18:1	0.146044101230783	0.138944392541261	0.276579699117169	0.815246442062115
PI(18:0/20:3)	0.245220829282323	0.23765999093787	0.506852945780836	0.524641086759247
TAG51:4FA18:1	0.635653829073528	0.402481852554594	0.242300934218891	0.689117387770035
TAG52:6FA18:3	0.163944468450366	0.0609066319597247	0.197281346815866	0.698270986893444
TAG44:2FA14:0	0.459023814539947	0.939615784684326	0.244436024918099	0.661886963646261
TAG50:5FA14:1	0.989269479922197	0.910873384487021	0.24660828860217	0.664465557450381
TAG54:2FA18:2	0.906340408920516	0.967785642235889	0.244986133788702	0.663376381038119
TAG48:2FA16:0	0.3003813048664	0.376092784710598	0.232840147935482	0.658367156839447
TAG56:6FA20:2	0.21304563461204	0.536857129795016	0.229211536447629	0.705673364974983
TAG56:5FA18:2	0.271102656870303	0.49272585867934	0.234277393013374	0.702313129157645
CER(16:0)	0.426719978572162	0.544566594235176	0.312449045061851	0.574348037798328
PC(18:2/18:3)	0.754636503270408	0.967370449513304	0.255577807174385	0.663244706063002
TAG49:2FA18:2	0.311802829827383	0.191107329284647	0.223796086137075	0.656628233818613
TAG54:3FA20:1	0.784089294709344	0.87003910714374	0.246855954808809	0.673628221285531
TAG44:0FA18:0	0.641048281283429	0.505825609734909	0.247632763148355	0.663875638964519
TAG54:1FA18:0	0.744323095682906	0.986404801314768	0.247688466336447	0.664623967735636
FFA(20:1)	0.443902771496658	0.649449203660212	0.256347459582496	0.697127215261339
TAG48:4FA14:0	0.648507283565873	0.933549867102005	0.244621795650764	0.67062604259292
TAG48:3FA16:1	0.499656002998909	0.890513122030071	0.243112575866224	0.674320667079841
TAG49:3FA18:3	0.530031258592415	0.626137309938092	0.236767397075608	0.666357680178286
SM(18:0)	0.710122041744897	0.527294654925534	0.195405421434385	0.744941964403357
PE(P18:0/18:2)	0.692340854923077	0.796929815227016	0.303237951354208	0.631869445673945
TAG53:2FA16:0	0.576567621182189	0.354272611640238	0.209443075932667	0.678979394116133
PC(18:1/18:3)	0.955742800328194	0.729550992248507	0.224750576575468	0.688664279471972
TAG53:4FA20:4	0.108907125684746	0.0859798787749808	0.187889603296567	0.6549126130141
TAG46:3FA16:0	0.576572814905656	0.991205819925497	0.246348042798983	0.663798524207646
LPC(18:1)	0.204164465395797	0.113711681761866	0.212056877058856	0.56831381361398
TAG50:2FA18:1	0.416154072003703	0.737244625906665	0.245117476211639	0.64969653691194
PI(18:0/18:1)	0.183107648571944	0.0625372577968035	0.395953607856159	0.871523692694262
TAG48:1FA18:1	0.374194636738614	0.256488967598623	0.212257391685204	0.639611587293891
TAG54:4FA18:0	0.205546631788662	0.331465505277533	0.233948221015578	0.661333294032925
TAG54:6FA16:1	0.477834657185865	0.91970209952421	0.245616599197154	0.670256357633243
TAG56:6FA20:4	0.876483760991108	0.991705769075044	0.247309524805134	0.663959489182437
PC(20:0/20:4)	0.269159623977272	0.41855767424764	0.227338417087054	0.699544252251788
TAG54:1FA20:0	0.31564583175944	0.138843255345081	0.193623219080855	0.623206984187568
TAG44:2FA18:2	0.646250496310503	0.636621311773212	0.229588074482356	0.662786878363937
PC(18:0/20:5)	0.498995640985808	0.797189484254945	0.254300974611488	0.637274522612482
TAG58:7FA22:6	0.420767672129941	0.645049543360321	0.256321948239657	0.71647621745493
TAG52:3FA22:1	0.527378134614326	0.408437212423922	0.240865392862643	0.696974990842195
CE(16:1)	0.177057072340647	0.147582153429706	0.457434221018215	0.598851267548162
TAG54:2FA20:1	0.902313579567857	0.837972758832082	0.239472717728881	0.65626039779884
TAG44:1FA16:0	0.361069142595616	0.149967571384034	0.185693014251191	0.649305809710068
DAG(16:0/16:1)	0.282045381216141	0.492146563239417	0.238889514614945	0.647235662439266
TAG46:3FA14:1	0.271647884703442	0.378782383565081	0.237798163182083	0.635691724409928
TAG52:6FA20:4	0.252802226044144	0.562323582496202	0.232070995011653	0.663523892457824
CE(16:0)	0.551395468372879	0.904919081599681	0.246350113052808	0.671663969673295
PE(P18:0/20:3)	0.381594877660396	0.448786006107617	0.345123759535325	0.557347680557943
DAG(12:0/16:0)	0.484576297545196	0.825971016625565	0.238691224682806	0.674927594361764
TAG45:0FA14:0	0.537514918639814	0.445954409948312	0.217108154166177	0.650258064519418
FFA(18:2)	0.250636010235788	0.22907083379732	0.196637434035608	0.705573722327385
LPE(16:0)	0.414919473830131	0.0529658397471282	0.15034415308793	0.750590486505679
CE(20:1)	0.221225202387482	0.543624444347077	0.212365488814336	0.645673683856634
DCER(22:0)	0.15314061223783	0.0566431667367543	0.335459974069175	0.565036326584523
PC(14:0/18:1)	0.219172635605322	0.232150140738676	0.433694171633173	0.520750800770774
PE(18:1/22:6)	0.726392055911646	0.369733224719523	0.177158728159316	0.907147103410198
TAG48:4FA16:0	0.417650592349305	0.744563641705201	0.240437522895372	0.655697148365625
TAG54:2FA16:0	0.777125582405574	0.669870685508642	0.231931657551525	0.649160655619706
TAG58:9FA18:2	0.150441384699173	0.416344555348115	0.265321729822856	0.728288667393763
TAG52:5FA16:0	0.31861739238042	0.241622684284402	0.240799480423534	0.649419517195358
FFA(15:0)	0.569460198022053	0.791936474348223	0.234794917310367	0.681349238425542
TAG52:5FA18:1	0.269910529551273	0.0832318711464306	0.209230592777666	0.803187106121214
TAG54:5FA18:1	0.0698941229919755	0.12127982359983	0.238513232589543	0.657348828505099
FFA(24:0)	0.449731889040809	0.498492349711205	0.217481889507449	0.834757077175193
TAG54:5FA22:5	0.421208384866221	0.63677982182156	0.230781166422859	0.663918751203414
TAG58:8FA18:2	0.192978722261258	0.285880173019051	0.260154671029125	0.741730041175662
TAG44:0FA14:0	0.820562031424731	0.495492589276318	0.22044608941915	0.643339361717864
PE(P16:0/18:1)	0.967753461733746	0.438690545415339	0.320344354085454	0.574224661609519
CER(22:0)	0.247606486043445	0.0685644780692352	0.377301854408043	0.445729826019481
TAG52:4FA18:1	0.307295601144083	0.106257010902577	0.205393629642383	0.76940364993855
TAG58:8FA20:3	0.371619116194878	0.287172356523226	0.22801929667887	0.626969363710989
PE(18:0/22:5)	0.89216874279069	0.488650063237075	0.199301057549957	0.764524333644062
TAG47:2FA18:1	0.354705997451332	0.217050085946142	0.214503714161348	0.611237673946256
CE(22:2)	0.252666199307101	0.882767923097033	0.24108316845435	0.667894870161246
TAG55:5FA18:2	0.716793064734117	0.851644415851385	0.245888182536593	0.675342286644554
TAG52:2FA14:0	0.534993268542074	0.190529296617796	0.218779390089232	0.603303486759164
FFA(22:4)	0.290829714408166	0.447338555463272	0.227304709291871	0.723923107289238
TAG54:1FA18:1	0.839142096014803	0.911794391707274	0.242805992322732	0.660681726454473
TAG40:0FA14:0	0.570290083860369	0.829748966634164	0.246532152659787	0.674350157487769
DAG(16:0/22:5)	0.977996167894725	0.800768577954113	0.246303644418427	0.671108238994344
DAG(18:0/22:6)	0.497940585266153	0.671347362774901	0.265337557653765	0.662519531470096
TAG47:1FA16:0	0.169259559002604	0.159997208772507	0.198679279222129	0.649896220907139
DAG(18:1/20:5)	0.731128619015407	0.386161571850919	0.217069220048778	0.59093577268885
TAG54:3FA16:1	0.717793943141029	0.635655547328817	0.236939338790578	0.708960755906082
MAG(16:0)	0.492009735366394	0.120618528570852	0.284320990001719	0.749287104891025
PI(16:0/18:2)	0.223492280377577	0.283877177612127	0.394212116628554	0.738849568204369
CE(22:6)	0.499356969562699	0.726505447833991	0.231349022796367	0.72699536340327
TAG46:4FA18:2	0.63097966166889	0.530391376017914	0.226650970024574	0.707300736420043
CE(18:4)	0.591986865966484	0.272335045991191	0.370414305155336	0.58773420481882
TAG54:2FA20:0	0.673583359611206	0.495578800147945	0.232347303001667	0.658426687335288
TAG56:6FA20:3	0.764311667770405	0.844470402233663	0.245540737139478	0.671525465631431
DAG(18:2/22:4)	0.335209178469647	0.672831016273076	0.241123451609455	0.684503503549657
DCER(24:0)	0.266560678727284	0.148058792276873	0.325162474334719	0.502974554533306
TAG58:6FA16:0	0.595155754061498	0.685320372626456	0.234290590709387	0.703699625849893
PC(16:0/18:2)	0.551219708702641	0.839324166331789	0.320202603435819	0.646834814133716
TAG52:3FA18:2	0.750926556893055	0.516292301973213	0.243931757803255	0.688505544454922
TAG48:0FA18:0	0.73748759687846	0.309346082868254	0.201921863923153	0.638801772267963
TAG58:7FA18:2	0.497943273050314	0.512723811578411	0.245873814596228	0.70293057754759
TAG50:1FA16:1	0.170303431630846	0.510935449766257	0.235571934118619	0.660413737520441
LPE(16:1)	0.0588565508008923	0.323324564851866	0.277361877577775	0.681185445515516
TAG48:1FA14:1	0.0973566689331393	0.106442849818252	0.188997986497033	0.662636777159969
TAG51:2FA18:2	0.292416118421311	0.232707308601204	0.232601191929924	0.656939481827723
TAG50:2FA16:0	0.386417867487552	0.758669878957286	0.244911328814274	0.667225738913615
LCER(14:0)	0.347463392362072	0.171658488134146	0.373229515288967	0.574128504313631
LPE(22:6)	0.948437630373534	0.939087805932393	0.245860329835749	0.674990564390764
PE(18:1/20:4)	0.43677699853534	0.063674491720488	0.121389813316555	0.900545429459609
TAG54:4FA22:4	0.198622186122204	0.329069439921415	0.203051356021132	0.718213702460102
PE(16:0/18:2)	0.624782957429221	0.85166652723969	0.274245561713526	0.650366065448334
TAG50:4FA18:2	0.506749087890965	0.563267729520765	0.233569251166339	0.687254169214837
HCER(16:0)	0.833972650294975	0.768966943747852	0.232819226529439	0.686186440952786
PE(16:0/22:5)	0.710482860802594	0.678948589424396	0.220400876902022	0.752243495941201
PE(O18:0/18:1)	0.970728305142203	0.938227464644354	0.259503317163719	0.659974249363418
TAG44:1FA14:1	0.205337241726381	0.240048266343101	0.207629515575784	0.648091191326395
TAG56:7FA20:5	0.197048545534407	0.620543586351966	0.274202870834984	0.706039024164888
TAG45:0FA16:0	0.39651795821419	0.265563042473212	0.199862740837154	0.652960329660704
TAG46:0FA16:0	0.550500123936118	0.372214007788287	0.206059514736082	0.664719262075606
SM(24:1)	0.258409523597488	0.590436498846924	0.348003267846882	0.614128817466991
TAG52:7FA22:6	0.704305594268432	0.68573037858629	0.254097096972773	0.693093539093441
CE(20:2)	0.452209656604892	0.274096678318293	0.435462652514247	0.649133750348086
TAG54:5FA20:5	0.872320048177868	0.523323514167617	0.217117641185548	0.617801565792047
TAG45:0FA15:0	0.410424654686097	0.350188017134437	0.211505803091046	0.654083003221089
TAG56:5FA22:5	0.810111408319707	0.749259328520953	0.255403567924386	0.679407731771695
PC(18:0/16:1)	0.110090846748538	0.261728870832962	0.384684026961837	0.602233258072229
TAG49:2FA16:0	0.215605661046508	0.224451573619098	0.226695251574014	0.658383673867649
CE(20:5)	0.297954091289946	0.837119983553927	0.251877428219456	0.64292578900412
HCER(22:1)	0.29589329466975	0.277440000351898	0.155325305167513	0.782081224412116
TAG49:1FA16:0	0.117611826266182	0.112909166919517	0.196760413870691	0.658633625558279
TAG56:5FA18:1	0.622582002624739	0.618397414971115	0.252024544985219	0.691446615388603
TAG53:4FA18:3	0.866016672170349	0.856455401404326	0.246082720329913	0.666822357543173
PC(20:0/18:1)	0.973561883017667	0.898401716138516	0.268590394839241	0.652037511462947
TAG54:1FA20:1	0.668760819604826	0.540842832197127	0.215143508249362	0.652445875329352
DAG(12:0/18:1)	0.511975030844686	0.835137008842613	0.240019355064463	0.658284055950082
PE(P18:0/22:5)	0.502477258743516	0.540332194304147	0.307238435923548	0.602314078481796
