chemID	simpleLRM_Fstatistics	multiLRM(chem_sig)	multiLRM(sex_sig)	multiLRM(age_sig)
100021136	0.0290559027389685	0.24887111776648	0.248292736922547	0.829868758210593
100000882	0.720796666814261	0.738710280717119	0.227634983456058	0.715721676552553
409	0.0800308844332444	0.172160889554044	0.254961209655359	0.480837549192178
100002254	0.672273888147924	0.0430460980306097	0.14355839128111	0.714208243955423
361	0.00784264047712545	0.0930739464034692	0.149929181384717	0.712569974452047
100019975	0.482854212962487	0.770977888798005	0.220256492759176	0.751266271162102
100000257	0.00105478333001697	0.0246758981563695	0.226136334232769	0.665374603775618
100001232	0.819244304227102	0.931662123511365	0.218762512759466	0.74501116109591
100001948	0.389195868299193	0.405600783694435	0.237909135069135	0.599868679740666
100001073	0.668898667041325	0.768216334790961	0.269294328629671	0.684846332972056
100015637	0.890924105359959	0.38671861199757	0.234822926883085	0.735715301302663
100006360	0.559269335030009	0.623042442405052	0.202437006847948	0.820398863720866
1488	0.707675313582613	0.712112593942532	0.22305705920707	0.717911429994771
100002253	0.866784312976836	0.97890955497021	0.220071808290879	0.742183634159752
1023	0.82600037565393	0.626626791647674	0.214595180195385	0.717226322089286
100004284	0.707175006541685	0.802085833569743	0.214741991699743	0.746125859029547
100001251	0.607126791893537	0.927167090779932	0.217437696099	0.735575567745437
362	0.76338704530472	0.458869169400894	0.195741811172069	0.731396590203532
100006620	0.66574020386875	0.956295140973735	0.219468938078907	0.739244946212842
111	0.297115965724028	0.142921906975189	0.176936112360088	0.710526066503782
100009045	0.992238091573111	0.409673748449097	0.194484061412262	0.852876681450395
100002927	0.672875673612615	0.8148620119314	0.213358360079946	0.763848743697559
100015641	0.874020724216038	0.910460726836495	0.225830809135005	0.732063458162421
1114	0.222346834996449	0.873683963234865	0.221664606319722	0.732078386812479
100020409	0.305569954496709	0.33412966939578	0.217572908243633	0.594371246957742
158	0.148120934854582	0.277350396202129	0.28398118439633	0.764969648046588
1224	0.0532321428714884	0.184102908790767	0.165621900467055	0.780231795732663
100001620	0.503195470894541	0.392061331972312	0.189192301102396	0.740357774558797
100020893	0.24927110372575	0.0546992932120606	0.19838721858649	0.438073309746525
100002458	0.855361388936434	0.525498029175276	0.255810891290771	0.675289009053958
100001112	0.618400751619816	0.881622920293743	0.219200008165258	0.753571982461716
100002953	0.341101575040426	0.75222035368977	0.214909204410251	0.754965246673101
1141	0.292606848242539	0.044916307105035	0.285103016692617	0.548060528274896
100015834	0.653698525065839	0.830290205332239	0.2146634590753	0.726606325913873
100004561	0.697252531465139	0.953457402429174	0.221075774427014	0.736280575647339
100020497	0.637849645382057	0.847997911632856	0.214162106210082	0.752665654159294
498	0.0993872276837186	0.439022594677814	0.223813166876098	0.792582682215654
100006051	0.901885740659379	0.878639428506233	0.22175938358914	0.734813958380752
1668	0.706168323318358	0.505798804513593	0.214629378653071	0.672088537996128
100004523	0.352406712350347	0.806580574773	0.228000992441656	0.712844775725992
100001604	0.340283821798313	0.618097470390016	0.218362017206256	0.77306549621495
100001002	0.264503701661471	0.642760492999021	0.229802548517574	0.725116934385238
100001987	0.05007849232713	0.280806972736287	0.709958819382896	0.59455859716812
100002462	0.606020932292195	0.354563530930138	0.268228107860766	0.615585694176153
466	0.605749447793504	0.0761858092011202	0.24381783001833	0.713050474384744
100000665	0.892375971119823	0.366506595637536	0.249620903630593	0.674274920858341
445	0.927428869033966	0.437549375285587	0.244437278859988	0.789507525077999
2029	0.228869139709872	0.585755917469313	0.234655580536613	0.738781442700225
100006438	0.0938672895511912	0.218239157425277	0.258464847550385	0.756706332941005
100001398	0.134512480696765	0.52468109648346	0.198481633862041	0.765347970737123
235	0.431594789516566	0.453790753214827	0.192215496529435	0.774507999699045
100000997	0.820370739112827	0.775741526622537	0.221404295026277	0.720190405100581
100002094	0.46161339771614	0.321125081845596	0.195587229180534	0.612923280875563
1052	0.750314542533756	0.997495324858962	0.226945895202855	0.743508114222092
100020823	0.342554844714618	0.586940279606394	0.20478242650109	0.726572100676877
100001806	0.228904599149891	0.575415170560818	0.263998037542323	0.751090578254745
100006092	0.827135648309772	0.906897906166408	0.222495695757103	0.729846605025461
100001415	0.103635971546307	0.0751900646634483	0.220957930265927	0.44178948567262
100000008	0.0458039976951253	0.0787857972879576	0.246871988338253	0.568082530097569
565	0.0159412890068661	0.0748664124791052	0.229924150007353	0.797840066502333
100015851	0.376594991815986	0.366031474431151	0.289920337262294	0.825574431218453
100001866	0.550103037954222	0.915867110300749	0.230803111564121	0.727249064906221
100020546	0.00129749207264437	0.0192134140557941	0.422422465137827	0.963781299568903
100016110	0.542001390878407	0.394007875671662	0.173986712976781	0.845321197817947
100001254	0.00453869354819982	0.0165208001775032	0.297284264292416	0.940866330687866
100006260	0.29653641653602	0.711799960905387	0.222748426510153	0.734827171011647
826	0.707158115692906	0.884286993520484	0.219430743290074	0.733798142093396
100001872	0.507577587810149	0.861572158374158	0.219795059599999	0.737880129102786
100000263	0.32819694818961	0.385326090542987	0.276440513613998	0.730475854517053
100021198	0.696713965592688	0.0480074688737705	0.137065283148446	0.416884655182016
100015967	0.0367024521083512	0.0960132125140477	0.277463920015845	0.553655775272818
278	0.0904627030543793	0.191730885552171	0.194818648345054	0.914298211487057
519	0.819803694381801	0.37980901123108	0.265343834736501	0.674708697278081
100009337	0.0906237495086234	0.307552721694161	0.30674077457918	0.724380235939599
100002185	0.350320845123997	0.90185064438661	0.217096022003412	0.728011302245283
100001278	0.435160147878448	0.303029076694613	0.274370210096456	0.689247374188503
100002103	0.885241188614601	0.5928817518985	0.219345133363918	0.682811233637726
980	0.785271096171996	0.459756649294428	0.244756845338417	0.71825406358602
100000016	0.898449201732855	0.461514972088809	0.217086050791657	0.711380304917986
100020372	0.166738072258918	0.464139905537813	0.216058879950449	0.669824486582787
100001662	0.881970410817433	0.166516262806494	0.0927304164007936	0.743327730611186
100019972	0.958391740614051	0.682596478932572	0.225634686734055	0.724588359428103
254	0.696472759238113	0.68036591124482	0.216063445500357	0.74356652757389
100002009	0.644773083735513	0.691363918309295	0.216602131835232	0.656920103991715
100010895	0.278271204210898	0.418119703329688	0.264985678001871	0.713741952627712
1140	0.958444171399981	0.943666366215012	0.217734095502725	0.732805749752606
100008951	0.670576383695953	0.57215803789167	0.235275781158452	0.701038955111847
1084	0.710094199357275	0.869895653073622	0.217877239909915	0.718555228130469
100002796	0.0734339638646418	0.320976432871328	0.184895352660169	0.674716443471699
358	0.910264972058419	0.971685189022332	0.21891559647424	0.737663137724464
100002070	0.874294849984375	0.738407860138032	0.213676145717873	0.766069602891204
1628	0.43613931405778	0.165763661878627	0.272498538380521	0.718668218837479
823	0.895633635113206	0.627446832882857	0.198832331899594	0.782952988243023
100004414	0.473987234941827	0.0971995560310208	0.29368140257589	0.874875776379872
100006129	0.652699885446588	0.627632336646798	0.202034809330817	0.75719491214861
100002028	0.633757046702841	0.467387579128874	0.309346191126795	0.53928139689287
100021707	0.590972627845161	0.675503195689149	0.201196072453855	0.782948825260106
100000054	0.523171748522475	0.469679660176842	0.212319089960823	0.764027844655216
100010869	0.544025342138277	0.271659172885885	0.23015146049461	0.609656602813171
100004575	0.0255401366679637	0.0969492242573856	0.282398644845625	0.918060870352823
100001212	0.908515919113654	0.7422467889541	0.22230643448513	0.6889535819111
818	0.235278807634569	0.594696718949443	0.253097688892371	0.691702720402817
100001092	0.00084060845040644	0.0136990967036662	0.204434848210054	0.733929555282862
100020371	0.851262514703242	0.79523180892921	0.222994496208011	0.73738422517434
100004112	0.168532942821882	0.475105913089813	0.234396414855478	0.747088735053013
1125	0.420087295031425	0.348525428814474	0.244022987947867	0.776652011664604
100020491	0.904969780958189	0.643358599361767	0.196917431886533	0.747957401685941
100003151	0.00307952713791563	0.0280979548983184	0.345254799486209	0.611940923391869
100000011	0.436365773389566	0.186785141872884	0.167529059825337	0.833395879213614
100003594	0.421667397741708	0.943558962547042	0.226103717800636	0.742682886841365
806	0.767692019613756	0.168522763479069	0.218262764859054	0.535041597783669
100001211	0.975815722908918	0.582870930768281	0.227991631041594	0.718021584602154
100002417	0.595321900254947	0.599797619006697	0.21159804075704	0.70108560858892
100009335	0.440939543309527	0.167773583724538	0.168984941039404	0.769902720322378
100000781	0.619483103758673	0.903825660699327	0.216937211661896	0.735155064470347
803	0.048141735258653	0.0463861308517424	0.21802776768108	0.607928244542428
50	0.499851505935022	0.715422800805915	0.224290409971985	0.721536259827129
796	0.363605487770342	0.045559693992507	0.24183796141153	0.72566025260116
100005834	0.91410557730623	0.748674176334973	0.250993612353457	0.732938407935564
100001580	0.900544702187387	0.609448126457825	0.237563034001148	0.736185975089132
480	0.971426841810078	0.488548484312515	0.181779715890375	0.753479151296032
100001540	0.166467961129629	0.627021248686209	0.30708550924432	0.849375849672964
339	0.616033446412752	0.134649406954116	0.200250879652031	0.643421123565904
1110	0.543909795551902	0.659277582049416	0.223318788212369	0.655239709242064
100015836	0.246302654963635	0.254895729632164	0.327158360934259	0.881318296936655
100009271	0.552671492779411	0.540140679500426	0.247660579895741	0.718067472211345
100015638	0.938974431787792	0.417624709324898	0.230617433037077	0.718703928130566
100021667	0.915506781578683	0.498296287425536	0.252471484998536	0.718415334783378
100001279	0.645914760740106	0.406439865475535	0.239253452604365	0.853888770851221
100004208	0.0293615702600349	0.154838053663739	0.344801961913497	0.843055416021033
100003695	0.243621086155608	0.168678385128672	0.240135832923302	0.522343997179596
100000802	0.796711721287477	0.907104365371224	0.220368195148362	0.734516026800562
100002769	0.947704557118891	0.117925535821098	0.160514653842613	0.846921065595336
100015835	0.165509924041289	0.412356766462935	0.323898823416829	0.891406405817963
229	0.804807287325595	0.370374907479884	0.249551993749425	0.732706068268954
100001266	0.00574142132178138	0.0244452538573205	0.281790239399182	0.949404216289728
1342	0.28050030197863	0.322951640942144	0.183138368349068	0.759172880288725
100002102	0.886819172690282	0.601189959455808	0.248645335678771	0.82673348714768
100020254	0.144231531805847	0.530265588635935	0.210731629066265	0.771513216560158
1231	0.488999794704757	0.247957222532812	0.266954313931673	0.688037076596699
100020492	0.876615023147859	0.970148341116988	0.219624928609139	0.737399532555159
100001402	0.456633554097609	0.651327212187371	0.242748786392525	0.740095510357776
415	0.0164401766407191	0.142447978750497	0.27872825885194	0.772209713184358
100003109	0.921214425165808	0.988938970503618	0.219060346174017	0.744351197108606
275	0.57707923239608	0.787290620790991	0.212308875237799	0.720143497120509
1143	0.210996759587996	0.0875515963420335	0.202621584008748	0.831281928591344
279	0.429132517607439	0.370959500147914	0.220510692273523	0.604548238766778
100001198	0.905449638861129	0.872684594864406	0.214701114500248	0.751919976537626
1648	0.45663027010227	0.990328073954589	0.219523973178549	0.737597677900342
100001590	0.408005766488507	0.309343151575994	0.213312378972856	0.653672673154758
100001733	0.382748889924539	0.841996261957343	0.215848474808035	0.75365183533873
100008933	0.0145584069426824	0.00225116905839908	0.311338000632282	0.690300027582339
100001550	0.322586348981054	0.536332218256314	0.207684815460237	0.687177092990696
1215	0.0953696332716418	0.254990277124784	0.186631456535515	0.6904780228964
100002356	0.280102720326867	0.116098126062294	0.269413552953073	0.746132590989801
100002749	0.599701731765751	0.697649776074425	0.221294844758512	0.749330491307932
100006379	0.151999687202349	0.161217164711839	0.258326465319939	0.471659598582188
100015966	0.0847343638057489	0.164344767153628	0.241567364204481	0.557405105810652
100001392	0.599337084015109	0.991899158061205	0.219148113154715	0.737970456808785
100020425	0.0738829369197904	0.0315475941330458	0.167236644909979	0.46568815490431
100004299	0.235530142703725	0.695379080894854	0.238433900552686	0.812784479818022
100001734	0.45674931874805	0.452649928033934	0.231006428597991	0.663505791742899
1002	0.882430998949184	0.810315428391365	0.219788710558052	0.736885662893851
100001337	0.260630254203255	0.722922741149026	0.201970608502885	0.74150002785765
100001452	0.913869983804053	0.724447470249082	0.216231553616053	0.703315962925623
314	0.44173321960467	0.347226398457014	0.226788043005083	0.760762085419023
100009264	0.900197214465337	0.572220934003236	0.180019099874143	0.852217078458652
100004634	0.423079956083851	0.471041401743177	0.193074795718353	0.757798181317826
100000711	0.764698327344353	0.736680864260513	0.242719719343231	0.75956751725418
100020536	0.0263225663981423	0.106638044779136	0.276845367652461	0.838707816972072
100004318	0.528302311951265	0.756117844045589	0.226007039286925	0.732097624737643
100005850	0.877777969972423	0.507859361838947	0.281213418061068	0.68473745890462
100006619	0.228839793877369	0.119115556019236	0.248531341615151	0.72506488629158
356	0.609810687999828	0.724056302621876	0.212816096062746	0.74986487453239
1221	0.444989562016869	0.505455399513074	0.299758734649019	0.788504818322994
100001397	0.85429752439369	0.817680064621713	0.219315503968971	0.731089405383477
100019981	0.505129923719392	0.801513391324573	0.223063259647311	0.769247095260046
100001208	0.557036489916371	0.309038232054945	0.196952750628664	0.992393997469828
503	0.0177566020296465	0.0125553142068651	0.136324411530995	0.554573103932832
100006375	0.124060323541698	0.576495570393052	0.241945718942955	0.714338850964674
100001295	0.888764147654279	0.721305416275243	0.216065009283398	0.803635648502727
100020427	0.0325891713361105	0.0185138031953434	0.201342440042557	0.403431358214409
100002784	0.569011633719821	0.397151355818384	0.187469145881818	0.80268471735951
917	0.107484131120024	0.275069042413174	0.250761642503661	0.678768888886613
1869	0.367973196814892	0.210002041814953	0.237567963553925	0.616016778106497
240	0.234500670166535	0.0998310820650514	0.131485649298125	0.527551119024728
798	0.00686443620651897	0.103636582499359	0.336844289849731	0.667082808940736
100002952	0.233725097102383	0.546648107501362	0.219707695368012	0.81006740625625
98	0.580616725033682	0.812677868886455	0.233930808207187	0.745063432275802
100008998	0.441658031454681	0.425820967705044	0.182773504170209	0.790003935960736
477	0.836246791439749	0.320226534844833	0.225238935275175	0.732501360531228
100020545	0.0645779487414066	0.11609031565416	0.252994876297511	0.924854988559928
100021666	0.796820596446766	0.308856519847361	0.254774464569399	0.724578400752616
1256	0.829875325074193	0.953937778614915	0.235962639408198	0.743890678633275
533	0.355494460410154	0.0872508402490399	0.154776449959851	0.48206762250127
100001757	0.380193505876341	0.856504372416805	0.227699097197886	0.730332235505065
1024	0.345226548452947	0.0948025697101823	0.146506291332922	0.808050743725272
267	0.479233332418947	0.990240628449847	0.220042607471415	0.737603687657784
100002113	0.102311950251849	0.089992050563408	0.210881275585027	0.763552985011674
100001756	0.973613683719616	0.82555024024623	0.227238951211321	0.751124069664577
100001193	0.504492400924193	0.21517815725412	0.277770608866961	0.682769834471618
100001668	0.743264930969201	0.977762557740255	0.220652445590816	0.736846370359065
1124	0.340293165711279	0.308444374144078	0.192042302391056	0.834796127912233
100021331	0.16659541256464	0.312239053476125	0.203213914890227	0.781256902488849
1090	0.0714727669308563	0.0466149841690924	0.209762403629885	0.883034321326002
566	0.944275438689274	0.234414875228132	0.143709102365058	0.753423400670425
100003119	0.419779482219709	0.273595579478841	0.24606642450978	0.672476499472654
100006367	0.816625885772989	0.605776815953769	0.227769244426178	0.71850777610085
100004322	0.202225548587116	0.233351106725976	0.224511193548238	0.831121371470647
100001034	0.667111424544696	0.855238437680053	0.217060842970611	0.730685248741995
112	0.742573910838368	0.805917237894226	0.221240959174058	0.695706186561958
507	0.789238695409943	0.805730439063137	0.218392439713045	0.74407550411443
100009233	0.23875576176078	0.157354175079197	0.194390330819841	0.76494005363327
100000406	0.0158253366609134	0.135760978597354	0.369113809707443	0.527813854236157
100004046	0.359427324940956	0.37328046827321	0.135582364445785	0.666533019425941
1025	0.897086938144501	0.769616124604136	0.213374495904443	0.752055025415359
100001106	0.239182479324735	0.21645085165331	0.185684462643	0.764653604549901
1128	0.0414907802005102	0.657333499223459	0.244081060187913	0.776147534720898
561	0.0215266747839354	0.0955943064696287	0.125319126407528	0.642097402145749
100001614	0.939393540385943	0.412851260399145	0.232164942875077	0.713106007729464
100000961	0.871810217822712	0.742285590070727	0.204316113316022	0.799119532073511
100002397	0.903090323366502	0.635370680920047	0.219558442212105	0.673241824440691
100009407	0.919375156966232	0.938880103187072	0.218562529564441	0.745379714109792
100002910	0.799045476697924	0.651478622765172	0.20329458621659	0.678692762410545
100005946	0.294041408062458	0.381357853204107	0.255434188062005	0.8316105080154
100019794	0.253541496040023	0.533308468975606	0.232465219694044	0.830395278476806
100015759	0.250088563864343	0.0825742350258932	0.176794962511199	0.751064411415102
100020417	0.846344931804511	0.695368053372026	0.212843472909307	0.7159699363859
100001054	0.766204666884148	0.947180414896829	0.222278820748504	0.738546625996669
100001437	0.398948373627976	0.380522584130758	0.186931160344004	0.665842578550253
504	0.290365493213705	0.773644156883633	0.256253969359366	0.744715594201845
100001988	0.491247839023806	0.669492055630448	0.214913283132049	0.885981062063971
1082	0.065155928707483	0.801537451584413	0.238597384034971	0.750844291940945
100001403	0.385741317235142	0.401637210295276	0.246770863482254	0.718253531910949
100001664	0.986550002058441	0.555677456304857	0.208424814865294	0.912158838045136
461	0.246448467240462	0.222791382494895	0.363391528460619	0.712085068805174
100000463	0.678637528988818	0.991043740033006	0.2237290622881	0.737613606776393
100020208	0.424375241751555	0.42855118680275	0.253304960612446	0.591871621432866
381	0.495375973517156	0.0571090257530594	0.0878361296645863	0.555146532211716
100010901	0.173633006391083	0.120169547630999	0.233371504147376	0.828091223798231
100001468	0.250348672757321	0.939031059465618	0.217611014828394	0.756613022999963
100000840	0.886932517999952	0.886637001566035	0.222054267517593	0.750093434274299
100020014	0.264045554629457	0.60626618394636	0.214719552124092	0.753110541166235
100001993	0.840818413394152	0.609705915805481	0.184396918266275	0.889555035277957
100001051	0.1230253385704	0.0259290130155666	0.251069240830708	0.406431649702194
100006116	0.358112271366775	0.496458074294683	0.222714388757914	0.740423571527737
1108	0.91414666920744	0.983052035733106	0.219761760001665	0.740921416864352
100019966	0.31379293086104	0.125014349723354	0.266350108059911	0.709111104436657
100001743	0.5894923058576	0.400270429425357	0.211039819897272	0.722226694962558
100001294	0.132371480209641	0.187720686169635	0.153287302642997	0.796510377219673
100001609	0.189376413175331	0.0858119443009369	0.198984363025031	0.847106220007294
418	0.91155659437486	0.862612111150859	0.217196845937553	0.75839778521371
100001178	0.580958150962995	0.644931045761527	0.20356687804162	0.684798903498954
189	0.934098218427349	0.691024115175438	0.201194544417986	0.70464690991768
563	0.436155528385303	0.876304144890405	0.229463194058794	0.728333004863126
424	0.604762972490041	0.460446028417529	0.246899842497682	0.719688215699406
100000776	0.156632174830589	0.350888055023801	0.254410827127446	0.738574547833693
1001	0.957555246400916	0.517656941290559	0.225645693006045	0.740000777325414
1135	0.307233433016858	0.0936969036506269	0.209439677764303	0.800847926068922
100021093	0.271116355783181	0.424795353611487	0.260416502601049	0.768469235298785
100020219	0.146261808671171	0.258980350277807	0.232204056756705	0.630007317512741
194	0.800174753497431	0.557878939543266	0.228639914094429	0.651378192488931
100008930	0.705638867774013	0.632168670269742	0.240021273540501	0.718231939656523
340	0.581611476770541	0.205192152783316	0.126289149679744	0.830613168350864
100010896	0.725143575950623	0.885042765301732	0.216636552576493	0.740837025059514
100000787	0.156967943205376	0.0857402477402855	0.207559996879264	0.419247740066787
100000639	0.0398944066279266	0.234385532551212	0.198219904589208	0.743155732201863
100001851	0.489475287350452	0.0887293517724201	0.229916675384314	0.398010901086381
179	0.491808573455018	0.669800100337233	0.21639022308516	0.749613258475031
100000626	0.446206781914365	0.78312299164155	0.228159841703224	0.738670206994406
100001605	0.0140802026499568	0.100354236105472	0.292656029226246	0.825492636528006
330	0.273656724707394	0.462309950686321	0.244772081099189	0.610307284627325
100001162	0.88079142491882	0.381412186965282	0.171588172278487	0.688948796791781
100001167	0.0328818068201636	0.199878687219434	0.211916090066441	0.722736571294706
100002067	0.57431630566286	0.841103086762779	0.281255998438342	0.697258233729341
100019968	0.532510575348216	0.321836121348903	0.245209437385018	0.66779061564861
100002014	0.976687109849541	0.990827626587175	0.218842256234138	0.758416653103196
100004083	0.324419698941695	0.107447961341056	0.243943699701791	0.58871982809565
100001315	0.3974309009238	0.457112962375181	0.234165685461967	0.794037183299678
535	0.178046991862855	0.491634275627764	0.239829841079757	0.730556588114828
93	0.278693016437332	0.189883676227403	0.251378864841859	0.53820131670904
100001989	0.40364817446808	0.635902556495665	0.202450766426419	0.780579948979725
100001740	0.728710873915561	0.393219782200177	0.197220179263743	0.760158192368992
482	0.199781210522614	0.935127443109212	0.219710512447052	0.731292867272656
1629	0.316834808719848	0.48110157682228	0.264804655334647	0.714090855721168
100001399	0.556120389843745	0.447901936813983	0.233580458964172	0.736548447949335
376	0.534098936129835	0.0856998093361296	0.10488904361696	0.898886202887218
342	0.663608448205583	0.555924216315037	0.217234193096199	0.737000534285287
100001253	0.0378819584755194	0.206152052234824	0.188182132330639	0.939693035500579
100000708	0.712222137507948	0.864776949017668	0.231236233286964	0.742112617455171
244	0.200045796504555	0.0534849645020164	0.179971972410437	0.859429211389824
100006726	0.483376375309066	0.319635934195684	0.262597810566088	0.720066681993293
100000036	0.253851210303838	0.542114545746063	0.193996973081576	0.795767769163507
100001257	0.0261120375517302	0.0928747323341455	0.312356444428351	0.999032399337043
100000445	0.522950037409776	0.739216429673366	0.237242913037301	0.706992051572072
100004088	0.00991864947758493	0.181819341697647	0.262847184976139	0.796067695634041
100001423	0.832465726233541	0.667583139343084	0.221872276820363	0.699311040242362
100001276	0.185475839756261	0.178032069072749	0.183118095309947	0.635254243440183
100001876	0.864044166333798	0.856148323967439	0.215368748033125	0.742541841450219
100009082	0.555687492612383	0.0324810115224164	0.0879062355621373	0.720259369989532
100001121	0.36334127051657	0.733713925522728	0.215590941320327	0.73378672335481
117	0.305060386815479	0.601206264239208	0.203278858294127	0.761814680398752
100001868	0.0250324208375625	0.0928275048950104	0.262775582346647	0.750872076116039
1134	0.784039712054743	0.328861982639398	0.15151094618679	0.706801008068365
100021012	0.390458728631033	0.571470295856129	0.228630528139871	0.757301663257807
100001181	0.643673042529099	0.238249086244357	0.278835128312066	0.664162133715797
100021467	0.651137364989248	0.269541267125974	0.220812429665027	0.636892752725537
100000447	0.238472486235758	0.25694457118419	0.256623541085895	0.701577460513203
1162	0.000462444358899699	0.0122112702253495	0.292171359041168	0.636392354903982
100019982	0.440177445625484	0.532663951548338	0.229642735153914	0.722308713277226
100001613	0.939244065245656	0.489957185313888	0.232402042522709	0.706937448666557
100006644	0.500882136769812	0.707025208448548	0.20884615400645	0.75822131491854
100000096	0.677136530383732	0.0329620559539072	0.14526728735201	0.700501116510071
926	0.743573174738293	0.537687379929478	0.223619628242116	0.749731455510988
100020004	0.804280594512698	0.736357343320177	0.230950044217985	0.736710344957223
363	0.165135600551089	0.042667192143128	0.199374054187383	0.291756272700323
1111	0.593010534619078	0.819664574497254	0.236731961933376	0.686540537554789
100021712	0.602403294585367	0.868796611165145	0.219082405205027	0.728574758521027
460	0.824013978581418	0.695819121806406	0.229116397676065	0.776755131908743
100009331	0.264449506333578	0.171964088555468	0.189963926573581	0.776125660865577
100000442	0.196273833329684	0.632217841185482	0.241779533477366	0.76150391975445
100002945	0.100478862515112	0.0196844898083661	0.297238030313418	0.690747381732626
192	0.872531536723733	0.90554515765304	0.221499434484743	0.766667668673332
100020241	0.382070422453863	0.951004046074317	0.2181714389828	0.737057340415483
100000580	0.154475546067232	0.149125617203334	0.186724547502607	0.967610588011499
100002466	0.00785995204694668	0.0250841923948673	0.179222530432149	0.479762056192191
849	0.636197606206051	0.55450326867195	0.222503942310622	0.68157219783836
501	0.525591942735827	0.40738995969333	0.246062083141225	0.694179610547282
100000282	0.276851829023389	0.0588997863274015	0.280273599357319	0.612386591771544
100001577	0.0323208044135966	0.190555863991008	0.312584126654451	0.799963551494963
355	0.13645916276921	0.355382684217361	0.188632215308588	0.63868231343827
100000841	0.900138994635661	0.94960969786869	0.23844870238541	0.733306899446752
100000846	0.504542730163168	0.468876899704012	0.218692204443564	0.724017996582599
100004295	0.925658128378069	0.418266040654027	0.202624316476891	0.686409481452555
100001586	0.0926469721813298	0.0469320243420929	0.322796288432363	0.380785302792655
407	0.0363533127217926	0.0601210183795386	0.27546349550939	0.77625322710232
1137	0.720276979851856	0.636301041551076	0.205908399760993	0.793694970263971
100021374	0.0590602422631709	0.0201765755152582	0.17533017144214	0.881567270638028
100001593	0.606782061122278	0.927077620925102	0.219834307679766	0.740963783417905
100015971	0.725380434704345	0.718563173034057	0.213188100798937	0.735877075981083
100001022	0.460120744529648	0.211694347432291	0.141067197668392	0.984154973823868
1094	0.026725358306107	0.155248977068829	0.371181645893065	0.963342129932021
100002122	0.235282259676662	0.218452524381126	0.175184439217929	0.851734078988541
100000706	0.55680580836221	0.600596286785438	0.191650094931149	0.737910182997784
100001055	0.79016827600988	0.411490907263304	0.197694755032709	0.676592347791735
1235	0.615739535577613	0.804589808362206	0.212999328453976	0.759009970787855
100020204	0.100930503187681	0.535964927313803	0.239795415660892	0.781089809149629
100015643	0.0358236077721096	0.294530143193755	0.241483746594395	0.689526959333586
313	0.0232169779844763	0.264902370511156	0.232960604918366	0.672013570338036
100001413	0.920130471932627	0.819910004841247	0.212955274379383	0.721577795863946
100020423	0.0110789783351975	0.0102524482403698	0.232452692554808	0.379585127801374
892	0.434461497464696	0.141919711808954	0.242072546245042	0.771073537330729
212	0.0538882344325996	0.119211119560852	0.298147102473248	0.715443637884087
100006105	0.212506011332144	0.198300517544103	0.255381532293762	0.748718167313963
437	0.793443434590753	0.568648279049935	0.202085218552213	0.755660162959535
100019892	0.451129056738626	0.792411435963094	0.218316184989957	0.761045878436693
100005716	0.0337743177465803	0.0648566113519657	0.230949562451631	0.857119839951381
537	0.281483403407753	0.146472109379055	0.231694548192221	0.759535025130723
100001990	0.208499082765018	0.5218379603549	0.259873441695161	0.67570319420202
100003397	0.0437222953956758	0.00490148169734272	0.174513035908872	0.479769447935026
100001320	0.0575166843516274	0.131698942265962	0.293517042807684	0.433968090010194
100005717	0.11160032735956	0.0826776983555789	0.258762689192066	0.776884657103456
100001207	0.0311429786814397	0.183044310450566	0.253120787828281	0.747064776433186
100001999	0.549559811521531	0.80498867077479	0.211543726276211	0.835356363888514
100002488	0.215414972167093	0.0194494113789328	0.264751432415998	0.677369234806416
62	0.162833590249559	0.614009084139927	0.209425790777103	0.748112869504558
100000467	0.781531297971691	0.553640640635452	0.215050161789639	0.712659427524686
297	0.00595069196067459	0.136090691987637	0.224392796424678	0.704674716447921
100000285	0.0401525627634506	0.42863595952596	0.223298308348518	0.829572647765506
100006056	0.107940283843575	0.472142393906097	0.234200969326142	0.770992883817808
100002126	0.139919608674583	0.252781062867623	0.166787978878526	0.933466302082077
100002129	0.878248442134314	0.681174363863074	0.1987143778502	0.887988017636017
100020478	0.0176866445509019	0.153849993799001	0.185983378117826	0.783080712828919
100004089	0.0596093298381181	0.530333493008049	0.235229594321503	0.691424622644766
100001755	0.510989126109268	0.597311404030988	0.220963134070577	0.693648519141575
100000551	0.0512749737414096	0.876556413210767	0.217800810292584	0.752705422959936
100003260	0.473015528590146	0.322889888853289	0.249458383195002	0.81621655058848
100010955	0.656304149974917	0.282687137150772	0.155757551072705	0.60301584275799
100020851	0.176272600028566	0.413950401432843	0.238247399614076	0.765810243152455
100016069	0.687150941598718	0.823478058209349	0.222558484993637	0.727110591970769
100002027	0.473893664500494	0.514848086360227	0.166638152931618	0.861759754737971
1123	0.423627281383453	0.209606587930832	0.21126650044742	0.862614410519491
100001150	0.797677876497734	0.999317565336131	0.223684668389836	0.738179221739371
100001657	0.291405665740203	0.712951712566815	0.220880113760588	0.721965897329526
310	0.111451398038033	0.279707732279343	0.204239738004038	0.510972971413794
100001314	0.386847329968075	0.144564034756653	0.208702385051227	0.614998396773582
452	0.76522801565284	0.683082590484661	0.24848058212835	0.71146029913914
144	0.0506822936545245	0.0426063961494223	0.266366167068115	0.594514792339036
100001182	0.221243750046057	0.166132998451573	0.275480019185497	0.721033436632775
100015965	0.704058726382746	0.448230893746428	0.208010388810544	0.81517092275834
100006108	0.740219944337381	0.645181422222617	0.228619160111167	0.759901638447035
100001400	0.773861540406098	0.667278199121824	0.209314535020168	0.728351884353248
100004541	0.365357335316618	0.254168126752783	0.218932642754234	0.496711055576187
932	0.747666050789192	0.387029455818494	0.226395636977225	0.766845013131779
100001992	0.390078067483542	0.550750720594021	0.322563672347189	0.632303145090139
100009252	0.149237029835449	0.206443529534947	0.271378747495397	0.716642610759221
100021104	0.674333588129904	0.552519023986312	0.178473644697496	0.877074404191388
100015838	0.0169848493282486	0.0556965489908642	0.334744867672779	0.963734760504579
250	0.000902139704713517	0.0224971155265448	0.433160511403475	0.836707059202442
100002537	0.967679823224186	0.508979546749497	0.20257623553527	0.846957065538923
100001658	0.701130572740728	0.627584583332406	0.242478869477373	0.723437731790999
100020416	0.378363771225551	0.423251558235799	0.198002873224631	0.712330090507233
100006642	0.27145938757512	0.76958041856254	0.211293939081011	0.760532159071194
100001391	0.194849699499794	0.48053414088071	0.282063669173755	0.817684095090657
825	0.585559296871954	0.637331750073932	0.194664677137868	0.749472864813968
215	0.021266118498512	0.109387497500726	0.264779756386791	0.720368871190848
100001026	0.826749471242832	0.990530739593756	0.2221013607203	0.742992086606766
100020541	0.308872743118646	0.338915345883915	0.177166034265261	0.798509290076781
100001526	0.285555884175565	0.35731730977546	0.335874317546294	0.833881397259225
100005384	0.409296812188157	0.343765990644039	0.199189156152903	0.645414006457255
100020378	0.265769782109608	0.692228936706978	0.2101935426887	0.744841620096398
100006115	0.815955061697947	0.33128779219813	0.296632380114536	0.613626390622855
1442	0.165699942027274	0.0325647379752323	0.0784582592871302	0.618074053171953
100001843	0.209632249302031	0.260696084479118	0.243054142507137	0.814091907400122
100015837	0.216525388340893	0.365605695612199	0.388591824561307	0.687051415853029
100010834	0.709521623029718	0.971730660808834	0.219532293788584	0.736312434587053
100001393	0.870487456182572	0.283903509223123	0.14952747972675	0.808131027900631
100000015	0.284168423904072	0.606913233668883	0.206191638718101	0.756472044148767
100003892	0.0554144805279727	0.0528802288290064	0.192447509081954	0.998728137859883
100000042	0.233034804600465	0.0318312934529027	0.242793252541449	0.640282376730148
100020550	0.565625164747939	0.218916892446414	0.240080536665688	0.629828992679045
182	0.469331687301452	0.365065329588668	0.213138795846504	0.758135956025941
100015723	0.125985524053594	0.406201117713985	0.221546698565869	0.721111786503223
100020343	0.291013331831598	0.390799444636294	0.189451775240238	0.745314882684356
512	0.385593375639232	0.673901484123173	0.240458816692012	0.713179272507003
100021100	0.752543436011011	0.69498388022635	0.209481004821373	0.742830306388872
100002528	0.345729250070264	0.0788510439214874	0.269976321514383	0.509724560624532
100001287	0.514742506352627	0.870804010971971	0.284441301966761	0.71299636257957
100001229	0.667145730658022	0.933146758743456	0.225282555437915	0.73199032338231
181	0.308986055634449	0.763417481687004	0.212570383578687	0.774308989356699
100015831	0.00171494524350071	0.0219934781785363	0.306049906702511	0.516340203116506
100020515	0.413450784230971	0.517386156175688	0.184483368746124	0.872472842369448
327	0.161802007582091	0.227020537435883	0.270754728133134	0.689667786906981
100009394	0.543144735250471	0.666716377135431	0.200690044386905	0.780057772406004
100001596	0.892506816925109	0.239009182404108	0.197275692197653	0.563587803781654
207	0.741398809205071	0.43878951120435	0.23075443105237	0.691478965277039
2054	0.466276051862235	0.723207486910113	0.208404207365721	0.758966825537717
100020259	0.712381094339321	0.612548293424112	0.240572886684003	0.723220395201314
100020414	0.0022689506715891	0.028871966464125	0.147410422984822	0.714631103517731
100021131	0.786117261549777	0.307182468153828	0.213730955331837	0.694705587164999
100004499	0.718856093301364	0.820705154186064	0.216261108919864	0.718314034188489
880	0.245788483875823	0.89561636065712	0.232781762064036	0.735573115473519
100002049	0.579011733340288	0.350937893951095	0.245875955348263	0.688000725928606
100001739	0.540706453071809	0.262909614887949	0.284910933462128	0.696946598908937
100001126	0.412612757947447	0.133216782162355	0.137492977073144	0.604709001378227
1113	0.644273413557974	0.836248440815027	0.231250120397628	0.711689552618892
1083	0.423729740451497	0.117435695012395	0.230317555066311	0.608399027124143
100001730	0.0554053555861966	0.163463045381572	0.256578978565675	0.603744776164908
100001412	0.638413574626917	0.993190989028383	0.220986068567554	0.738909489511735
100005996	0.698682332589632	0.607296046847049	0.212129107609198	0.709906210709842
100015962	0.0107505613796962	0.105307781511426	0.167312024574358	0.971873934221035
100020214	0.632102607560403	0.402993521003747	0.232904104065053	0.653864797098795
100002514	0.121904008083198	0.33491730669574	0.229720353970244	0.672580758205743
564	0.258331859666611	0.0674119230226845	0.199830012240614	0.605038205293484
572	0.029088921094698	0.0240622035000686	0.33715438981865	0.595274439516163
231	0.85623264620882	0.542502182650656	0.191205415169923	0.764146833969057
100000453	0.996307975124417	0.804401663709263	0.213865745902846	0.763045334348952
100001007	0.135240549636672	0.275736577655151	0.265778096664825	0.617577698734343
923	0.556237222138995	0.300891392455004	0.205849554165173	0.798266895056616
100001247	0.386587293470443	0.488457029523304	0.203246415219615	0.720921928531977
100000774	0.499756728527661	0.827800971028967	0.234363075086468	0.760101714133955
800	0.270897060672462	0.294485988426532	0.230400413062279	0.812723630145823
100021678	0.278469436090195	0.374156920804552	0.178551206517031	0.73749006260191
100021711	0.433037626056793	0.851616943619786	0.231914610297594	0.746160771948996
100001274	0.614975607829442	0.315087493413243	0.204468815204753	0.549336919474448
100021220	0.112192806053885	0.141595829856708	0.277650236545989	0.917879055048832
100020253	0.350319923967402	0.906854144779391	0.217721049773104	0.745367310198084
100001170	0.572335313698759	0.131211114412042	0.192384816831959	0.630612010135175
100001466	0.247866738640152	0.839582121354335	0.226928751865918	0.731926241479359
100009406	0.698794442104075	0.641549257430734	0.208959115159193	0.75777331061155
1026	0.212412623745414	0.473257924984046	0.234825824773864	0.705221076476174
100020837	0.623380359576743	0.485737821646129	0.249795727722659	0.654471848181895
100001006	0.103892440359132	0.0990433380991394	0.216734590762952	0.852976092192854
100003674	0.753684050025626	0.131004342495342	0.21845531431766	0.72564275333467
100004396	0.343237306890688	0.449625840593935	0.254476520622322	0.635081779645479
100015923	0.486406700991621	0.921375963302788	0.237705248923342	0.731102554197329
100000265	0.40661909256343	0.664068643690772	0.224182730677306	0.705195028120547
100001409	0.072938025586634	0.109024652228638	0.21334483824501	0.569600835687126
100003434	0.365700672696136	0.580401751682352	0.225309735615502	0.668839831113
100001334	0.102156837577729	0.0156806112960353	0.256410894459886	0.587408275494505
100001102	0.642457715263997	0.8200371224511	0.226099033001347	0.722512574389495
1268	0.374174940023364	0.036459992083457	0.110695523141479	0.69986467965994
100001300	0.263840612745494	0.0988077387060603	0.194837576902464	0.740142302599472
100021324	0.205739244511206	0.68605842080992	0.295314905303639	0.728479016724616
100001617	0.110077928060048	0.101501049419118	0.213023082284363	0.781432347040218
1105	0.682670384509341	0.105669076985334	0.302397034795504	0.374867709633257
100021502	0.0361367480926005	0.207188678187484	0.204391092957025	0.780290136523845
2051	0.899753840611169	0.549413414799635	0.2191885472792	0.623015904589544
100001256	0.111933571525194	0.436564418771391	0.251213982235956	0.900057990136882
100005466	0.0399963366435628	0.0619568911749943	0.250976338532744	0.50266910833704
100002199	0.0840823472526233	0.614400148354633	0.229853194835412	0.769112715413603
338	0.0190361100909535	0.0567715541724625	0.36834513424547	0.4971937722258
100004243	0.559610818134299	0.642221538121631	0.207006657151448	0.747201957807836
799	0.427467396494924	0.955438452638652	0.23065401373464	0.736944155932437
100008928	0.650310666097522	0.121721454339354	0.224123713365224	0.723685700848214
815	0.190362383019662	0.382836679346395	0.228681543666236	0.792110066521098
100001456	0.00484591457353134	0.0641124120853845	0.207242569455494	0.657407414743301
1242	0.066187966428746	0.0781611502085367	0.267966207861281	0.529122933761591
100001416	0.296195212707622	0.110518679437709	0.148934077120246	0.474757386180094
100001462	0.150994793630418	0.20671521709995	0.266980069013373	0.69410481325928
1087	0.172190465149925	0.0387524844491319	0.228079235928003	0.703222373854315
100020421	0.0297046810518241	0.0641915334573477	0.244319106168885	0.460587190846172
100000010	0.00720509376760017	0.0590995441187581	0.241321168217554	0.782982886323827
821	0.508768539007599	0.381319115223117	0.246439624045406	0.583743582703815
100006627	0.284751411641481	0.164017817547741	0.315402586024259	0.635118983347964
100001277	0.383382296414879	0.170288349149932	0.264184257217063	0.693026711636025
100021141	0.0470580360870585	0.203655768029786	0.250281730319305	0.835666733786443
100021105	0.158432066668199	0.26186263982385	0.23313322813293	0.5396247404141
100001950	0.000219467255411186	0.00523357253549358	0.280446413750568	0.925804360150952
100020217	0.834095023237966	0.260944051858677	0.146797067574278	0.552802318672524
100006651	0.0167760088396792	0.131173939854606	0.25036576068864	0.471401886835661
881	0.983394804155711	0.451026973408434	0.208167347368173	0.748951555319424
100001509	0.516351705371872	0.113165047645739	0.183415853008228	0.652368623622203
100021709	0.461333505218454	0.728573872539694	0.209799854452953	0.750348356770348
100001635	0.343280101075055	0.0433005447606757	0.245510155838895	0.680633641301885
100002613	0.447724068305461	0.122286729846242	0.203150732154172	0.826832253421646
100009329	0.779374953019853	0.832275379698922	0.21376179598347	0.813479686158457
100021123	0.881299331814647	0.639059192751597	0.228117761474545	0.657504930619474
100015760	0.187110998075072	0.129094942352384	0.17044497599162	0.785070931682894
100020205	0.295293840912266	0.367987824509881	0.260944637013649	0.537929733425574
100000765	0.483540482310134	0.714241268277537	0.217802315461454	0.711644560792583
100004111	0.374783392531928	0.189388220512871	0.247205194343862	0.706917366279807
100001615	0.163959522334291	0.881081926301913	0.219603942167092	0.736579348479524
100009227	0.180593392819531	0.110322811099832	0.318131861337983	0.888025249711232
100006191	0.316838629687124	0.528744469118378	0.243752268498571	0.679657425159829
100004542	0.306312149255384	0.29716451024573	0.228362714944989	0.800371542228524
100003686	0.230726287298368	0.111269497505529	0.319029650349184	0.673492820107099
100009232	0.0689725170609078	0.342387142473385	0.230156625772794	0.645420901031949
100001501	0.0766629580665915	0.136580962023405	0.294519022635482	0.766184677269489
100002367	0.437247942980223	0.218469810630685	0.202513095025211	0.573991103943517
100001108	0.338214865565547	0.716684503360699	0.217648587958605	0.727447590823641
100004227	0.69974486768085	0.971497565932374	0.219361187363598	0.736288695328772
100001310	0.183036052897693	0.278040963673658	0.205070366388222	0.857874352671677
100001994	0.849711868712361	0.857722517255	0.227154670801128	0.817689203664009
100015839	0.0185026532510356	0.0177442978795581	0.30631877749139	0.815317043639399
100003271	0.00724004766080597	0.0936909831150644	0.294179833138562	0.539035074810892
100020496	0.66182135187276	0.947179304501833	0.227907933986177	0.734057131256388
302	0.933319919161049	0.625001933858194	0.205933327661144	0.711595641484882
811	0.89333030185395	0.810417212070249	0.216249775175915	0.763849465941017
100001267	0.847897934904336	0.833415260933285	0.211831090512245	0.734648552347395
100001197	0.0123157105187006	0.261956760209265	0.252102795859167	0.757075365692288
432	0.212912332643433	0.465585357328779	0.235878372585818	0.718087816124133
444	0.0196125839171681	0.0786556259517772	0.257687567828641	0.854808315229157
100015968	0.389221389348771	0.41591552809407	0.217570328923107	0.666980977024925
828	0.453598666679816	0.840020790432718	0.224774027602685	0.732547003144745
100004054	0.257432240631684	0.833638658166105	0.221198450713797	0.743920061273815
100004635	0.0497968466247263	0.107972944986596	0.567293016572958	0.441547474458277
100000491	0.495432287214836	0.608568052865042	0.214273128481628	0.647581841479372
100000939	0.014157052877541	0.0158712415894537	0.22124181564165	0.614629023398755
241	0.271903381362756	0.680882441280161	0.233821061250528	0.753457113424015
136	0.381890733843475	0.072997390384763	0.190714123800929	0.924421673401134
100000792	0.551240193481135	0.880239364264691	0.216752119567587	0.822609465842371
100020973	0.614552323250068	0.676540434650923	0.233349998278092	0.714979433506997
100000936	0.726113793772436	0.875750276547342	0.218394542710914	0.740271612922767
100001313	0.0281105014275572	0.294267899402001	0.247729314475811	0.761896500911964
100001951	0.0340985248788998	0.0757161072112779	0.247292146896168	0.73530691537942
100006098	0.0231049588835732	0.100169529771244	0.252229570197346	0.848735632715537
100000007	0.246535139380792	0.550230908393907	0.226646167661672	0.743540837672052
100006641	0.718834505430961	0.762772819994499	0.246445817046455	0.741620528963529
913	0.0110612307184028	0.0623004108309975	0.277344627799791	0.596510332845618
100001579	0.664419540884887	0.375895654815335	0.244457572684528	0.74251506483626
100002911	0.157247680732222	0.0142305400044574	0.295356050354647	0.691152689022772
100001293	0.282098278796339	0.378218294489413	0.191813569189862	0.880548611538784
100002241	0.197120325602343	0.506079114380831	0.232513925368571	0.704645722874567
100003179	0.267241204574169	0.0555064581016694	0.197900310560909	0.577711256135593
100021372	0.434235269066457	0.28298060841539	0.169620935541094	0.738245422411115
100001956	0.38566988350597	0.581969214795473	0.22234668453805	0.660921519712258
100021162	0.264688272457221	0.195248911641366	0.212821997268462	0.562902413764358
100002259	0.303742315169016	0.557077489165347	0.196941210890555	0.731249875593719
252	0.476820454564195	0.670211616113768	0.251081379177194	0.691162463472492
100000707	0.504358267630628	0.364775943581232	0.217590275256077	0.744416384791654
1489	0.618170144272929	0.0182444482732726	0.156682123386257	0.710485703074797
100020361	0.0407236609578921	0.103807573591805	0.251395299892197	0.989116891870279
55	0.845444424003058	0.984642556209501	0.225243909180047	0.74023382511008
100000863	0.366818588720612	0.290147976408662	0.194538216001571	0.772551980342819
100015840	0.223786981497723	0.12666520021495	0.303233654850284	0.692988290415345
100001541	0.161700024279766	0.0817104218267325	0.145635985752398	0.729879513616145
100006082	0.103186709047182	0.0421875914745651	0.290598925958919	0.740579004919593
1254	0.691719825687638	0.870657575560272	0.220616235906623	0.764073380984227
100001624	0.455686646924052	0.335414620300808	0.203359077601409	0.714914757563638
100015850	0.794394043017426	0.69498682723092	0.266161307457995	0.709495135942685
100001104	0.00333820101446263	0.0139264451993224	0.248613653542783	0.972097764783272
100000900	0.112997632137275	0.392971724515356	0.226802235172921	0.745679556462787
100000269	0.265685548529636	0.0925480843136291	0.133372390143993	0.690266794487652
1022	0.220453871735619	0.997656916521478	0.219489520899957	0.738296582593511
100005373	0.173663407451843	0.0665719748677219	0.189286270431231	0.777506884924107
100001129	0.108247840597152	0.645975261521648	0.209083827443043	0.777015359544986
935	0.014805751982687	0.142211268043427	0.292164905610025	0.599338747792387
100001262	0.283232046467819	0.277567305481148	0.236422971848525	0.75636295617364
100019978	0.260582922436478	0.687709494055166	0.21619590661167	0.725518721952971
100002293	0.682487519200336	0.744351647782816	0.222301721280821	0.740577606524023
100001426	0.164950956250695	0.239950959080794	0.22031409530938	0.559936442563372
234	0.0185031721660064	0.111280277351135	0.208838133294439	0.718995834507041
100005403	0.257533862507317	0.99969419323251	0.226323583204015	0.740790609101128
100001083	0.0556775174775017	0.371775410217961	0.242061306947031	0.756941696929649
439	0.656415209816893	0.311084131698149	0.236502513636954	0.734418269845525
100001086	0.312534967759964	0.393140869468482	0.230833768259412	0.8258848861855
100005864	0.698704784736393	0.42934294069227	0.198424484327318	0.812062335821878
491	0.531965593367912	0.915945395055774	0.21815557160502	0.739738908991234
100002029	0.46898946483731	0.428830391275195	0.210361825936925	0.598741479335361
100002154	0.910837833491715	0.515928369864	0.196704672393909	0.715614871301963
891	0.509391255327061	0.211058500218052	0.248731422948181	0.704868038930681
100020261	0.418564488800526	0.488357506497385	0.265517464530021	0.712296488820472
100001296	0.599602359833867	0.550256789093238	0.223401287957745	0.642241759352101
2050	0.759710705460338	0.362524625440583	0.238788315176795	0.65917986876188
100002761	0.334730030550395	0.619806926742895	0.184059396803802	0.897541133582549
100006614	0.790358274601771	0.674435294650629	0.203344094519877	0.800468633046696
100001597	0.952185144762919	0.110251319921084	0.127929770659347	0.526946090854859
100020853	0.868546428593752	0.934059895944549	0.221061073084632	0.742886699450514
100001446	0.30530188295179	0.424164946660449	0.196276653267677	0.729972274402193
100003240	0.178331964874057	0.0884057793031191	0.254026453976803	0.650520575399481
100001502	0.0375788945439313	0.254446309977091	0.270087051765827	0.820789075713625
100020866	0.151665150601202	0.01682178137742	0.140953444559728	0.540427805724139
100020419	0.0278164610644581	0.0858215016780873	0.23827765863839	0.466844789569503
35	0.455466495989819	0.270712713846612	0.193802604061615	0.68417462818903
100003696	0.0117869098695147	0.0528341310056644	0.331588740819515	0.673876087449004
100016038	0.629184802928575	0.955141849508371	0.220100377173129	0.750327293982452
100009333	0.181213909737456	0.159393711081317	0.216277225595658	0.771594671635512
100001611	0.110763636045826	0.281522429565469	0.296418101692382	0.714349902151945
100005383	0.539587193537117	0.250388053890377	0.223724117504157	0.791594940467675
100009239	0.332648616519696	0.147718865669048	0.282361711821761	0.553864426437833
100009332	0.264171970718514	0.209179335531681	0.215577345334233	0.702248709365265
100001731	0.188492841988861	0.696599248676325	0.225570219646693	0.715938712968501
100003415	0.441949130396453	0.525585865939389	0.217587153745297	0.748982230048608
100020578	0.123644249444654	0.184105198478282	0.203307270763215	0.625992735757848
893	0.967371368079254	0.46904329479169	0.214796388245261	0.755457478836293
100000963	0.129126649661085	0.107083504466169	0.29855845034337	0.481788961453756
273	0.168341210228885	0.345644844180425	0.259378877045931	0.73252933715588
197	0.382919737514833	0.367048470355374	0.209251564856507	0.599208466776899
100000808	0.549501677227735	0.345072709036391	0.216821854754951	0.858674171246301
100002284	0.72270565266387	0.363676774154165	0.141299779306756	0.677543036258739
888	0.895074054388581	0.12591957186859	0.245763713629214	0.714285373203492
100006435	0.746584791117916	0.44585984459263	0.181839502045262	0.976312336429507
100006374	0.166044057518522	0.506060304751644	0.226324691676884	0.728162843613878
100003169	0.546217590141916	0.935534896201135	0.217186261002231	0.73470969550464
1004	0.490897614741122	0.68989357700303	0.201177406983362	0.70915282298327
100005998	0.105035976921224	0.933039748282713	0.232581349692631	0.742942510904401
100000773	0.718546476585193	0.580332066884339	0.224028290041214	0.721815670966637
100010850	0.0133224416106281	0.107425266048191	0.261724190149739	0.608038072674901
397	0.763179842480753	0.198227526744894	0.126722785207558	0.85745800573885
100000039	0.314684576783905	0.523371332053782	0.205272705129217	0.754691422235609
100020833	0.713182948744934	0.804381407431346	0.224738707001684	0.773171318411309
1021	0.331064322645637	0.298682319959152	0.200717098217902	0.785369421068492
100020479	0.439154581391136	0.639697044988905	0.223854464184477	0.746229945284422
100001335	0.504604830839506	0.31851287673872	0.252085124090018	0.705867414907948
100000743	0.500500345280839	0.92179067374471	0.218663016156431	0.727114819700504
100009246	0.181456076635737	0.637772315536096	0.210428501278853	0.771675571537804
878	0.199546498501582	0.760952388518319	0.211007528411884	0.752112919355503
100021103	0.729373772642395	0.800443598469162	0.219864018956489	0.835981523589854
100021363	0.827507257612956	0.605770343719266	0.221742793916904	0.696307289683711
266	0.079036486661467	0.157653280059917	0.216523431348043	0.655973837368893
100001195	0.373014944154934	0.2524941375319	0.286510589986684	0.663944404613755
100019801	0.76577129669048	0.706295084720891	0.229476196419323	0.725104464730726
100002196	0.021768955040549	0.206481043135107	0.226668931406716	0.756895777938088
100006370	0.274084821281077	0.971340990037748	0.21839986592872	0.739828008676352
100001510	0.0393653649133514	0.0043933828938341	0.188441826319243	0.83437537319958
100000437	0.526122087126941	0.416988360941521	0.206866935693254	0.818434528004987
100001767	0.139815843251391	0.0341755610713939	0.277823026367881	0.804799312774504
100001810	0.640171598082437	0.692089182023717	0.230920251275647	0.832862324412352
209	0.0352959359313598	0.352250021843151	0.255072520156507	0.723077837111895
100001485	0.226410183787879	0.078961374085116	0.121785266168594	0.664149718432719
100002500	0.124185037608101	0.44747917919759	0.223039559855602	0.708012029576905
171	0.0153525954280794	0.014619581906885	0.146361956855388	0.753917790077396
100020487	0.922017042587925	0.915182987751835	0.231605169632823	0.725441205229677
1206	0.00714469891781166	0.11379031055384	0.221066743219549	0.794374868432473
344	0.00634519131673697	0.0207264249783637	0.482509445504095	0.852191994481706
100001405	0.381802867381951	0.809585019976536	0.226518262238375	0.719432197257191
1239	0.799606617800813	0.437931518037286	0.249675393828339	0.74675048135586
391	0.101975138823653	0.235017869786295	0.210880659256814	0.927740764247476
100006430	0.330688389542363	0.140930255340883	0.277504266154992	0.439183663178614
100001417	0.750393993604583	0.667801320925112	0.215951699395167	0.80828629152232
100002951	0.0516837326721742	0.443942715840149	0.215500560397437	0.649643610158882
100000014	0.553718390338116	0.652877374546114	0.216350370803938	0.771905249859921
100003926	0.579296769230341	0.491491729769628	0.239155883666002	0.719223095213486
100021538	0.528710227450275	0.391214482662471	0.260294924958986	0.651438422967488
132	0.33717469893906	0.945445927258866	0.220056395019369	0.737866576918221
100001425	0.587072096835567	0.566811348855155	0.2762718668679	0.67691651954931
100020262	0.649136939878353	0.692264104934762	0.235994704325392	0.726098165719526
100002679	0.414338240608984	0.71994188530652	0.208913746935154	0.802307137887382
100001270	0.654342915199449	0.622134988675368	0.225219131050939	0.717347264042089
1102	0.851030914092205	0.813704441780097	0.223577952759314	0.715567356102209
331	0.198633811452026	0.164865971185347	0.171414580680379	0.619782190353055
100006361	0.451978011569223	0.550099896527512	0.197216267208057	0.828200683853634
180	0.737792656918804	0.971690777803469	0.224870306030069	0.737150952966517
1053	0.247779360397148	0.42217947932511	0.351640122362181	0.812488895538192
100001359	0.683887370959461	0.957299960660024	0.227121747443869	0.735343250853385
