chemID	simpleLRM_Fstatistics	multiLRM(chem_sig)	multiLRM(sex_sig)	multiLRM(age_sig)
100021136	0.031308384447717	0.255951407813251	0.246265890975997	0.847358552109816
100000882	0.950024828570175	0.564360571968147	0.226690731176392	0.722595998388493
409	0.0677782804188844	0.156657483629787	0.251351558904863	0.48996605412233
100002254	0.715740973370638	0.0465775026800186	0.144896766819795	0.731234053151568
361	0.00606782761151133	0.0795385456577298	0.142911272071828	0.737795479942853
100019975	0.689088919112574	0.636118732670087	0.216466923543725	0.781913882120336
100000257	0.000654690105880573	0.0182883953653235	0.216332276206719	0.689411631951096
100001232	0.517739806292216	0.652084543515288	0.239910391330653	0.732978261331972
100001948	0.388989022993887	0.407744969432416	0.235561226010979	0.618852104893468
100001073	0.508803094466131	0.632793662590864	0.283075525540048	0.666453870378999
100015637	0.910366329517182	0.480465488901301	0.233168095767747	0.749963762737412
100006360	0.581517201916342	0.637007406201663	0.201379488352595	0.836662832360815
1488	0.446017194992495	0.531252456239125	0.218018884443319	0.72900966658864
100002253	0.961462780112944	0.906313927476307	0.221265751119407	0.748187780401112
1023	0.956757490255067	0.701674179331493	0.21442905404493	0.738560772958612
100004284	0.706756042512449	0.80156011630598	0.21260765693592	0.76560450549648
100001251	0.68272143276884	0.982622402996493	0.217074032541244	0.756604216318827
362	0.680525503049711	0.500036145224239	0.197067494801558	0.750531983350858
100006620	0.733811673289052	0.908337300053198	0.217502861594325	0.760268390367517
111	0.357176185074142	0.161723489805968	0.179967391519449	0.723560056773288
100009045	0.605742013797426	0.252529868531708	0.17416604996243	0.927008448251374
100002927	0.701515554442168	0.829917477363266	0.211896653125341	0.781017674041324
100015641	0.815384541008549	0.898233598535085	0.213500948976899	0.766229568248633
1114	0.149174777454095	0.992572345197925	0.21661990764932	0.757863573726772
100020409	0.298150816686259	0.329764074967525	0.214974806531105	0.612761776278372
158	0.14637527677684	0.273070235008007	0.283562814188086	0.780683757142604
1224	0.0733770521895262	0.219495967287207	0.170755164648839	0.791017704656922
100001620	0.479503298675168	0.376368728136181	0.185408007700622	0.762591160668608
100020893	0.218866975225909	0.044479815834405	0.191740411848098	0.446579442183641
100002458	0.721603183950298	0.624435071741094	0.24859508974149	0.706833451633458
100001112	0.835281646535189	0.770863017123186	0.211601908928728	0.735615395654618
100002953	0.625410341785415	0.980904550537018	0.216326791841579	0.758531008300832
1141	0.332045454619421	0.0510752960094921	0.284155550912335	0.570028105478321
100015834	0.641402907647115	0.847898609969354	0.213222153795683	0.747014302904011
100004561	0.605525761650071	0.881119681907927	0.21991832431955	0.753086245246536
100020497	0.660981415072266	0.829996695808823	0.211068904240268	0.773473773802768
498	0.0468247229913873	0.286832226834585	0.213397341036788	0.841424467991865
100006051	0.795953351408993	0.81111370705466	0.220165659209092	0.753147961325721
1668	0.733176634123956	0.491922808033508	0.21191186768278	0.688811851681776
100004523	0.260176056287935	0.701610032040978	0.227554674236307	0.718564539186133
100001604	0.356295772221978	0.631855282463761	0.21679382397052	0.788969824366864
100001002	0.119662297148385	0.460412892261289	0.226540006705574	0.743990168321884
100001987	0.0410829373053599	0.251106000593821	0.731698837328387	0.605472649522729
100002462	0.55594109971671	0.329059697280439	0.266299031532337	0.628829522708088
466	0.660556078153646	0.0844278972981011	0.243495157139387	0.728770716651302
100000665	0.786814694325324	0.510734363760474	0.244782667650018	0.704780566908106
445	0.741713490608058	0.574523450200198	0.241139032285745	0.792119645519774
2029	0.136176063307187	0.48584143131645	0.23114808201526	0.761905741230658
100006438	0.168473859478472	0.292106587020628	0.258044694980525	0.764619189769651
100001398	0.157739304749195	0.560571637669243	0.198935288074753	0.782439159121086
235	0.421200371137616	0.443758895738508	0.189180553384467	0.797137266857813
100000997	0.438180426634034	0.528320624262241	0.214918829466735	0.724635225846903
100002094	0.341811880349721	0.260883361619027	0.186748719731576	0.620786441892161
1052	0.693879514529418	0.94714434708107	0.220563556652984	0.772313429024493
100020823	0.372965249297194	0.616166085172911	0.20446077845263	0.745798305185545
100001806	0.331745774890227	0.697348693801083	0.253263456794758	0.763709709489864
100006092	0.726521936370627	0.847239287943148	0.221662824243112	0.74368836371748
100001415	0.0454370039665859	0.0367003960391144	0.202040860515137	0.421721878565613
100000008	0.0528994482881743	0.0859692826047223	0.246544062565468	0.586537175149889
565	0.00394352735303029	0.0325827668223335	0.20545196498845	0.858569580997569
100015851	0.0949981707660308	0.14268562923459	0.286493252926271	0.926818242287052
100001866	0.627840718057842	0.986567177679698	0.224158064917665	0.759016675959916
100020546	0.00484526858195355	0.0443852186649773	0.423234790263497	0.921505330943987
100016110	0.567414625471478	0.405161240082881	0.173793578803431	0.862216790845966
100001254	0.00222590595080985	0.0104724802286506	0.28283534073227	0.993184251936277
100006260	0.522377686966475	0.935540031564631	0.219414189688029	0.755599847321784
826	0.672142577796556	0.863761773801345	0.217317157305233	0.752571995830367
100001872	0.398056877322665	0.774994272676458	0.217324234653711	0.757978193773499
100000263	0.339429159728725	0.394318886976847	0.274081804933141	0.747572391693569
100021198	0.843987457760684	0.0662495212632693	0.146549533259792	0.450082603805899
100015967	0.0374993461617568	0.0981424909835972	0.275411913002641	0.570781954514414
278	0.185824174553483	0.290123050004608	0.204982096733988	0.971678393597821
519	0.631673767837499	0.309993549890628	0.264524431022887	0.687533831472712
100009337	0.116812940335399	0.346843411742919	0.300753285442678	0.741631832442093
100002185	0.360613327190271	0.879350640668188	0.213887992295934	0.7445930965391
100001278	0.342482635220207	0.261562113548958	0.272539450696807	0.707060758174887
100002103	0.962762572942893	0.508295727060194	0.214411359044033	0.690741768422897
980	0.769387136516296	0.453658788853801	0.242694307102799	0.736186884685462
100000016	0.820208533857759	0.428693864267737	0.213440559352844	0.730539106715367
100020372	0.156665916721585	0.452057300180057	0.213383044113855	0.687163789827637
100001662	0.761877239535551	0.134181220204826	0.0819309484239244	0.767495653149898
100019972	0.802501672093895	0.558915775772336	0.222856863974381	0.741870499275676
254	0.938922332109914	0.830948299870751	0.216613463292788	0.758565880477747
100002009	0.632884952414549	0.689615791531467	0.214437795172823	0.674083675655617
100010895	0.536499049402661	0.628938695591804	0.25266076536945	0.736185397126539
1140	0.912346743306562	0.971510073709924	0.215840556757709	0.755553419409153
100008951	0.535044414965893	0.499250808985502	0.233342773396411	0.715120581812179
1084	0.397784204394513	0.836332990564259	0.216962589372555	0.793585754912787
100002796	0.22241639407425	0.55751757147103	0.202872121112483	0.711463841215122
358	0.980865323624854	0.90107613816787	0.214527273316494	0.742574147500135
100002070	0.691087642515241	0.62315388418814	0.206809993819184	0.801420382383778
1628	0.213650932022403	0.0902144526818025	0.264331732814452	0.749613265884899
823	0.685836749834845	0.514037200877678	0.18672603707247	0.821529219111647
100004414	0.515325851788092	0.106770976574858	0.291205758683897	0.885550761037638
100006129	0.653664557656745	0.627646200859913	0.200024608505549	0.776794211167589
100002028	0.619669119067244	0.465419413808084	0.306927007043191	0.553725976620754
100021707	0.367735647910638	0.495500658254064	0.18225245896547	0.836872000355595
100000054	0.608435527744907	0.517329672404532	0.212462475731323	0.778543217186844
100010869	0.358105928934784	0.182887682875315	0.219851612385675	0.612637981789227
100004575	0.0417897779010643	0.130821862956845	0.285073907936798	0.940906110768877
100001212	0.820364473555729	0.565950756179153	0.217670612371148	0.671113439598187
818	0.139064730146393	0.467547733614093	0.25633115364759	0.698821103151067
100001092	0.0046764814612002	0.0415265531582042	0.234146775102413	0.717068791696998
100020371	0.652695755419174	0.890435717293844	0.213779895149085	0.760782602992497
100004112	0.240970550031405	0.560175395215711	0.232422359258884	0.761398366750975
1125	0.66547616118023	0.461794239028246	0.243634115380747	0.78447066280062
100020491	0.906151996682051	0.641714030112386	0.194850933246669	0.766857001297987
100003151	0.00174763149291339	0.0208201248089833	0.338216668446836	0.632767637917383
100000011	0.275669704482834	0.126168481807105	0.150844958606604	0.882160076120658
100003594	0.671453909331614	0.827115090184696	0.211376717176108	0.747046994955866
806	0.355492476058691	0.064392204264892	0.190873148577258	0.501138151608667
100001211	0.841956765060354	0.519511645611738	0.225196855923453	0.736050917836038
100002417	0.559992350389752	0.624218924078521	0.210535316820391	0.722712066200651
100009335	0.498541949853776	0.186791245751667	0.171158269602512	0.786267267289932
100000781	0.771132392076358	0.990261130199016	0.217080106660167	0.757550463570481
803	0.0304382434096261	0.033533080590876	0.206471374929362	0.62933758710366
50	0.443053465983035	0.672522776663202	0.221986491508885	0.739800504203531
796	0.47562676437352	0.0583646510609539	0.246022927558647	0.736317570959105
100005834	0.634195846803639	0.478817992229417	0.271647286712669	0.753658104591559
100001580	0.974294840042899	0.546196985396892	0.236340361449351	0.756924839814589
480	0.673881664773427	0.674104837773426	0.198944440163461	0.761532826173211
100001540	0.510988945261937	0.850731516999409	0.225081583885219	0.72860039419979
339	0.566444118444655	0.12442281421437	0.195858813729476	0.662095973383527
1110	0.688450688727703	0.772029759250886	0.221356763759169	0.705613854225322
100015836	0.190767751868739	0.209160828867262	0.32934917455888	0.917572387535184
100009271	0.456173518795669	0.47689703789342	0.246781294260265	0.737497532310375
100015638	0.979266851412879	0.439780493973096	0.228610817151952	0.737031338919075
100021667	0.887953903895152	0.485828580484506	0.250389231121903	0.737961370666234
100001279	0.461356902272685	0.305114669911108	0.235007544753214	0.908570610001552
100004208	0.0325042711751577	0.162939722535127	0.342641981740528	0.855926589686928
100003695	0.147523510328035	0.113167387566905	0.229850738982317	0.517588042702836
100000802	0.981798767071309	0.790335399599677	0.218591563637046	0.751131734846162
100002769	0.864569363502157	0.102560838436185	0.153840538402629	0.87596668668555
100015835	0.196642179786006	0.454359027038174	0.317151507132361	0.894525615651503
229	0.931560654104423	0.420883465476472	0.246899283163647	0.749285272104735
100001266	0.0100621408276425	0.0345880955664039	0.287921993056874	0.957895143241134
1342	0.281390013059222	0.32348335772485	0.181310582950459	0.779030841175891
100002102	0.985550029103765	0.675796130239534	0.243204463548988	0.826828704829258
100020254	0.123628576413782	0.492478528850634	0.206677239009535	0.796506691771463
1231	0.450839180295649	0.235171818493368	0.26425282817809	0.706665499783828
100020492	0.883666511260589	0.965219960876521	0.217277711522924	0.756611074068377
100001402	0.339360876905869	0.529840593605186	0.244545902584184	0.766843692592557
415	0.00231073695352277	0.0535015843867801	0.252294196754278	0.84322737011986
100003109	0.990661634850627	0.969548108817108	0.217559436863746	0.755745936031319
275	0.623291933839747	0.743637082974883	0.204184881170895	0.736593353563627
1143	0.13350271773784	0.0642533895319088	0.191328654741704	0.868521817623215
279	0.372801220002469	0.341400797846596	0.216334884045542	0.616050529179438
100001198	0.505869746101436	0.747246559842259	0.236454997977839	0.736791796635894
1648	0.428471149849386	0.980956333330542	0.217320262056939	0.75748365854361
100001590	0.430062676356561	0.32304802685911	0.212743131661031	0.669056577866484
100001733	0.622426391137021	0.953758797605996	0.217333974745287	0.754169641759691
100008933	0.0183732716868898	0.00259191899210306	0.31346752831242	0.703878798538047
100001550	0.431916710802446	0.461408173408898	0.200970304823334	0.699280757354597
1215	0.0329776731973435	0.139151574982825	0.163170712727658	0.715176872166581
100002356	0.304996243723567	0.124632021805675	0.267475111897514	0.762374846036043
100002749	0.594788217204276	0.692667437233049	0.219048722816752	0.769442355093176
100006379	0.0718469570737488	0.089736300700652	0.249349449084324	0.443694120075098
100015966	0.0846774858474887	0.16534150989987	0.239562300137989	0.574135376166444
100001392	0.682985068775699	0.94731924925796	0.21807600638032	0.756113464493026
100020425	0.165758976317612	0.0614140989668303	0.185968935392517	0.503211944304713
100004299	0.363442181229698	0.855952270263239	0.230529832677554	0.79283982521271
100001734	0.513918501986745	0.489083925755623	0.229129599838244	0.688627876076059
1002	0.9032011839854	0.798949694969674	0.217600563787731	0.756227023683718
100001337	0.381439049873039	0.842770951451199	0.2092428958138	0.758152259858418
100001452	0.681475399449972	0.870228197441669	0.216292053116679	0.74103775122517
314	0.299396067109435	0.267650950563549	0.222346915991023	0.786655849102604
100009264	0.938499990520985	0.540350017840611	0.17306842581105	0.881243136390904
100004634	0.42822566900467	0.475014442208488	0.191475919613692	0.777227785336525
100000711	0.784296879330402	0.74879033537746	0.239765004369757	0.77715749580731
100020536	0.0529289599518983	0.160116531877298	0.281497096479084	0.832088584791037
100004318	0.218415345358855	0.467809805109838	0.221376424195596	0.755081804727612
100005850	0.883141231972029	0.511559345260721	0.278232017758507	0.704432056267601
100006619	0.283079971398608	0.138437826715303	0.247575550557646	0.747432538475735
356	0.552811811200669	0.683605638996261	0.209394732039048	0.771184221366475
1221	0.713625568810667	0.713828104472206	0.272552325497975	0.781269137705306
100001397	0.769859876287668	0.758025161818533	0.216417620024307	0.749626611811331
100019981	0.706599190895061	0.957936942780562	0.218926041697899	0.764841508057536
100001208	0.635879722089379	0.353675456759273	0.199456950008199	0.982714231809988
503	0.0164247031673978	0.0123180936896358	0.13321893469097	0.584724925757958
100006375	0.14789717614115	0.618641175930113	0.238465265289238	0.735012078469577
100001295	0.632577348502035	0.560957005641661	0.208211169364862	0.866137722483351
100020427	0.0656556448228255	0.0327288115764173	0.21434753537096	0.440235799906128
100002784	0.510478087331396	0.362810331842164	0.181888086871189	0.828308917951313
917	0.0469478177810681	0.183418235919036	0.238924222035069	0.707620403947673
1869	0.421908085325658	0.235883472788745	0.237371066013536	0.637264581247782
240	0.243617402066229	0.103112425071106	0.131146707239481	0.548331113097623
798	0.00335491488963007	0.0769944307300063	0.333626343599855	0.687796707547426
100002952	0.273314688540191	0.50320399774308	0.216504965894484	0.838163964697463
98	0.731263703586517	0.924545829293475	0.22615386613793	0.759297370825239
100008998	0.395480846772304	0.389904359327199	0.176920010187096	0.813641915066472
477	0.830752672415196	0.322726684910527	0.22340774098806	0.749405516665977
100020545	0.187085848049089	0.246614928223804	0.265617494585322	0.872646652458258
100021666	0.564445313346104	0.113695602534763	0.246091303234181	0.760364010831373
1256	0.424427391221944	0.641083611723278	0.261495359429503	0.803942192302457
533	0.238833976192523	0.0573302458599839	0.138478601068075	0.480728971177108
100001757	0.379700942867987	0.857471092038208	0.225442743140983	0.74971454796118
1024	0.592013258041223	0.153921244112246	0.164021636838226	0.860788416157179
267	0.410637463613271	0.948249093010094	0.215644725244718	0.760462042318143
100002113	0.187224521022068	0.13705451004419	0.221634151925032	0.762517208797898
100001756	0.90280891871648	0.765931377049169	0.226039131638411	0.774922964011451
100001193	0.498053183926532	0.21344308459668	0.275350366421774	0.70076731065944
100001668	0.806790992772955	0.924209550252782	0.218850821644277	0.752258469162961
1124	0.453199143003911	0.372982804173645	0.196892635078526	0.836066824660084
100021331	0.222334383403816	0.379394908793465	0.206823338983581	0.790344184782408
1090	0.0433027346204276	0.0335579007374838	0.19791270968101	0.925109862897438
566	0.670140950050384	0.399847387617771	0.170292844019815	0.755742418470775
100003119	0.472791438395416	0.299634215221424	0.244251878752706	0.693188467352965
100006367	0.690159714935307	0.538300401755325	0.22500526489986	0.736430457448678
100004322	0.292759225890215	0.289772540167838	0.226699435599568	0.833587039408703
100001034	0.616842432356256	0.890715295225118	0.215691009411934	0.751721278051388
112	0.791568129284532	0.845430109945458	0.219037295288496	0.724702854363709
507	0.80688836167919	0.817434301232785	0.216371443176801	0.762525066221033
100009233	0.291971387494966	0.181837972177676	0.196733257470685	0.779378080010895
100000406	0.0152289751135662	0.134218427638243	0.363413864957394	0.550419527292787
100004046	0.362097469312287	0.368261693828451	0.133085325665221	0.686253663380719
1025	0.86112070606597	0.746410672671618	0.210419771655855	0.773080668388006
100001106	0.215000143931581	0.19887362361661	0.180820948765521	0.788626437667006
1128	0.0195324596238794	0.499879319424842	0.246262093800882	0.820353253335908
561	0.0551686459864365	0.176899245892816	0.147853451222492	0.673150799298946
100001614	0.70526735863598	0.321470555418047	0.226753004555497	0.733060579724074
100000961	0.696945343857728	0.912971682637536	0.251398917321782	0.745372292007273
100002397	0.794037227347448	0.563496564575929	0.215344548059372	0.678995779463849
100009407	0.975486658245617	0.991819991248343	0.220044622209431	0.757433345772626
100002910	0.886091400950598	0.477350615907619	0.186501840136635	0.666941881097052
100005946	0.253135291371873	0.344717975695818	0.253064014339968	0.861156498360621
100019794	0.0685856346948034	0.227719053574157	0.213675614028881	0.949134366786275
100015759	0.300607589096059	0.0958662633740753	0.179747089667516	0.765870647218281
100020417	0.343939583563128	0.31026516867925	0.180326243705513	0.722464944847543
100001054	0.632871718057213	0.950566811987836	0.216913910475559	0.756533040178274
100001437	0.251487633722388	0.274086417691526	0.171358484072947	0.677130447102064
504	0.339630515369711	0.830415310736675	0.249492844224427	0.762187076893432
100001988	0.476102308254247	0.647571305953532	0.212020834465462	0.914501570461956
1082	0.020648557767892	0.531894677989415	0.247606046035725	0.797172673070752
100001403	0.306572567404403	0.332601279316654	0.244612956326554	0.74102744755945
100001664	0.934847881205411	0.605096200931981	0.209012929994931	0.907026283563096
461	0.26639554252528	0.234286524893399	0.358504058417352	0.730458881351356
100000463	0.663097238237243	0.997936815709844	0.222258230223982	0.757012308539208
100020208	0.596362117509143	0.579489995509551	0.246791402820087	0.651590060290702
381	0.73220466444707	0.0949188701831711	0.104928580209103	0.582338541064694
100010901	0.0401411988914677	0.0468601344766223	0.204578056898059	0.910568039655389
100001468	0.562728453673927	0.726306851819625	0.225191343522184	0.70847225449412
100000840	0.858566726156942	0.905509553481682	0.222441422048686	0.767065897440613
100020014	0.265024941135376	0.606391253803498	0.212611312439709	0.77248971111836
100001993	0.791679681262883	0.563371309715041	0.174496484837645	0.929067820711005
100001051	0.0644111895626783	0.0122932294365919	0.2360815828896	0.395185880598598
100006116	0.364754095691607	0.501186055174665	0.220643129959526	0.759582635039084
1108	0.882136487221893	0.992885215081245	0.218294399150585	0.757690819399204
100019966	0.371359079639753	0.142082958957758	0.265584905929174	0.723185954706327
100001743	0.351459320588125	0.259185715067473	0.196350831659966	0.751588523747776
100001294	0.104524757723076	0.157412004639738	0.144243623729397	0.830247574111809
100001609	0.381372198532656	0.150872060983539	0.213300222851624	0.830047094704625
418	0.806424070377409	0.943449093133049	0.217536435026189	0.766277141871962
100001178	0.299454371354508	0.994070316128036	0.220034092171149	0.759618184311743
189	0.979250498090474	0.664608735397543	0.196786690505513	0.721210128491369
563	0.50554670714135	0.832657643511246	0.229131414419063	0.74365839376793
424	0.5516676220557	0.434382575702492	0.24496687037371	0.73861400204207
100000776	0.0921376200965632	0.267551131187197	0.251411030606708	0.765062910695253
1001	0.892096927026634	0.43996438492667	0.221259599210674	0.765134721738364
1135	0.331998080524383	0.0995684634464278	0.209683216066718	0.814920203372599
100021093	0.361135625799094	0.510003803275924	0.254865696816593	0.779472761093291
100020219	0.0955983163737119	0.194552630137193	0.224916048457388	0.637586183731298
194	0.672071189969196	0.665772370959408	0.226200053457651	0.694028737248504
100008930	0.564299020771929	0.553921334256413	0.239933884777744	0.734705841561858
340	0.514607277065048	0.176735285756823	0.117560842735035	0.864243015027382
100010896	0.966270918830987	0.672261221124718	0.19892663841548	0.771573702154566
100000787	0.177339739035111	0.0964121807891554	0.208415220500054	0.443162332428565
100000639	0.0267390733071733	0.1929130215141	0.19071565672659	0.76583464835337
100001851	0.715347636822571	0.161230713132574	0.236212383618507	0.475128287521639
179	0.729918467355095	0.515964235833646	0.209115063381878	0.778741513782327
100000626	0.442740663368641	0.780523574074334	0.226126393654675	0.757535877280069
100001605	0.0211024943001194	0.125577877166071	0.293769772946877	0.830289449864321
330	0.168815159183107	0.34966378375386	0.242224636175463	0.597924269009599
100001162	0.582226794556112	0.703393812535879	0.202859708190533	0.730822453270695
100001167	0.04725015381809	0.241613757626235	0.21414275611089	0.739724584092334
100002067	0.581522429734332	0.857348073140148	0.276341904283298	0.720999963935389
100019968	0.655037863752799	0.386214365309841	0.243204256367088	0.6917627830206
100002014	0.96612422043001	0.975153740672832	0.216669593826348	0.782167566810974
100004083	0.605298961671005	0.191219545392884	0.25250379122564	0.618234050441562
100001315	0.212572658727682	0.304487827726436	0.227247078156023	0.846755554451874
535	0.206696300688551	0.521700427218356	0.237805737646464	0.7481580658704
93	0.374044238384408	0.251133057043395	0.248471235721052	0.585422413701807
100001989	0.275036133735893	0.49132993260453	0.187857899381603	0.828815291512381
100001740	0.891548313211843	0.460342894492998	0.200691377727098	0.772063012647057
482	0.237579037741151	0.985615105910616	0.217238084322436	0.757832500631607
1629	0.193840833066466	0.35522660568581	0.268408986522578	0.730931101046659
100001399	0.55519176968797	0.44643698962226	0.231399369421695	0.756051784447595
376	0.947654505136432	0.181750146924224	0.135640849055783	0.858637216519692
342	0.519761384998564	0.659800849923667	0.217682815036591	0.754359141348084
100001253	0.030260443889066	0.179659181096343	0.181860380708556	0.974359477344189
100000708	0.480365075844105	0.704307455244218	0.236309878949189	0.76981566407413
244	0.233574946839115	0.0594918976384681	0.181585028367594	0.872719243214247
100006726	0.366422301653948	0.267460233948742	0.259492421087802	0.743360568099178
100000036	0.119693489803193	0.75149772520009	0.208006062214842	0.784442490901142
100001257	0.0245185616058436	0.0879209793968198	0.309298763992389	0.97214569914877
100000445	0.673306796778195	0.633197051227245	0.239231688839571	0.713071114467225
100004088	0.00505278637837008	0.12702597830853	0.255427490986635	0.83329347682145
100001423	0.970385860940864	0.789024390887736	0.220085759722756	0.73272901743769
100001276	0.33516085517634	0.259386432142823	0.193705922403284	0.666385087439084
100001876	0.716475819175964	0.948992084616996	0.216171191464329	0.758719315143828
100009082	0.809414336294784	0.0551679255035629	0.103800596006819	0.723963316688521
100001121	0.342329832861539	0.716661167388311	0.213022515457154	0.753280832724981
117	0.309647214570395	0.604031538034847	0.201395526189684	0.781374826867252
100001868	0.0235706836211521	0.090142456004136	0.25964300179817	0.772992443834854
1134	0.641503293865708	0.256079849955745	0.135779031938956	0.731207393236261
100021012	0.29375778608435	0.505215396048753	0.224794224523745	0.779767696971467
100001181	0.819469569299188	0.296898008023697	0.274814719746614	0.685763324793509
100021467	0.734449440952373	0.304923936041632	0.220982437873388	0.661170545407409
100000447	0.257962214563512	0.271769401841882	0.254679634200529	0.719937620081716
1162	0.000293930073057973	0.00934116463849438	0.284156246618966	0.661376577495604
100019982	0.701439211874302	0.366795544040136	0.224012695646835	0.743030194120133
100001613	0.762912800603485	0.364379068472036	0.227665651996801	0.722554378984277
100006644	0.444868166207196	0.657449378287336	0.20402965206765	0.781991140131435
100000096	0.623731793354899	0.0292483329179648	0.140408787136402	0.718004895787412
926	0.640140132887094	0.610509846910409	0.22167774919755	0.766485173126507
100020004	0.73199373500723	0.79134510746136	0.22717910560207	0.75534770015341
363	0.140102843185403	0.0369941256548139	0.192899343097012	0.297262821237706
1111	0.510709731740806	0.913103360087057	0.228248066565151	0.745825382649772
100021712	0.783144811158566	0.748280213499195	0.215480751135197	0.740040020878315
460	0.710520365343933	0.979023169669779	0.219273930883584	0.760681413815326
100009331	0.333713306867956	0.204001399592586	0.193356881681458	0.789030270889769
100000442	0.322738826650941	0.804057050609581	0.233180433434027	0.767459664541134
100002945	0.0941738431368428	0.0188559238312019	0.293455908538779	0.711158315872179
192	0.856111668940152	0.915674400903032	0.220344948805188	0.782938981458927
100020241	0.676541651765583	0.799591555032861	0.21862691917831	0.763836252554426
100000580	0.25059911412498	0.218468798900215	0.197517080098282	0.943185540180193
100002466	0.0123730057309101	0.0340535040091553	0.186514453968678	0.501115789635553
849	0.595910777813328	0.528984378193009	0.219791243175484	0.697038320826836
501	0.550371988302447	0.421443284095102	0.243798960630276	0.71324697564816
100000282	0.600347793605043	0.130247096500519	0.282139489983003	0.645053194980967
100001577	0.027695594524501	0.175433629203265	0.310450205013896	0.825655841202222
355	0.0634502839583409	0.230117175649656	0.170104668968654	0.642483365526566
100000841	0.87490758666577	0.971484007248664	0.234221320990085	0.756360023506572
100000846	0.834849424635637	0.353916730335273	0.209189781461797	0.750730308827417
100004295	0.956732471884688	0.433399524430842	0.201812677016496	0.705989795298577
100001586	0.0416953496949676	0.0222886430822326	0.317311104921809	0.358269277509956
407	0.00245940905027383	0.0123204873877835	0.224767947103845	0.880406648706913
1137	0.88810210202945	0.890058704199336	0.214950125725578	0.772851423958697
100021374	0.030132167434876	0.0121135911577622	0.157323704025045	0.810869971768865
100001593	0.720441472196573	0.826671375448852	0.213074155048354	0.766008187846465
100015971	0.755607153158085	0.738542256772159	0.211843043336698	0.755352885008507
100001022	0.432145615028679	0.191957255150571	0.135222519233773	0.985584566996778
1094	0.029495945264139	0.163156705122957	0.364674121656288	0.948270873831899
100002122	0.55722160453252	0.399031648344581	0.196140079361811	0.818105020451144
100000706	0.470585770794029	0.658071539960883	0.195612700850289	0.755497211752957
100001055	0.698622808395747	0.460672885885871	0.199634983363373	0.699262830353534
1235	0.456076443978414	0.676389983307203	0.204247115666284	0.794825350133352
100020204	0.0865111336699737	0.496241494971769	0.237659017424632	0.807201306351327
100015643	0.0415750302628025	0.314483033545748	0.24013584763338	0.707469043606648
313	0.0191446467742437	0.243532047946382	0.229865547726442	0.688264335344389
100001413	0.781221008531842	0.937067027745801	0.219146067028919	0.751693815165382
100020423	0.0254149262145444	0.0197434253190941	0.245825642277625	0.415460198267405
892	0.469679183502574	0.15205168505675	0.24071774865697	0.787301299768544
212	0.0237359634826293	0.0748245067211683	0.29336675123717	0.750204851485284
100006105	0.164972062578349	0.170205596676623	0.250944731350476	0.77337880346426
437	0.916874211690638	0.506443891160013	0.19532317622002	0.782586934961009
100019892	0.427368228488083	0.814989840679165	0.216355848277857	0.777256581885967
100005716	0.0995171072053624	0.122199524387454	0.239702297877441	0.834528586671673
537	0.244984587770269	0.133273562741423	0.2272050065879	0.782750744140505
100001990	0.434719244892315	0.775173163847713	0.243436694631741	0.72640216847561
100003397	0.0438327573127719	0.00493698029156399	0.173119550569235	0.495356097646427
100001320	0.0509027004442549	0.129092923573895	0.287581652557503	0.452927679878427
100005717	0.163973235845139	0.103886166053232	0.260713946431282	0.786468520062418
100001207	0.0772711580326342	0.314017468052515	0.259877123291675	0.744180132214909
100001999	0.462728124082006	0.703754638673197	0.201222370656901	0.899897957294439
100002488	0.256021229475849	0.0230549885813962	0.267022420539679	0.691561990710999
62	0.259077341648423	0.731135551305201	0.211751508239461	0.762511426531303
100000467	0.458318913864081	0.360123480537705	0.20176301794638	0.728092734643884
297	0.00589055304942876	0.135162798900312	0.222449114302858	0.72221245796541
100000285	0.0338088413698104	0.399158137735326	0.219816340136096	0.856931492126117
100006056	0.18290059790727	0.608979202082077	0.232716198927456	0.776460368549058
100002126	0.0850692934971181	0.166549180691209	0.147312911858386	0.830397192843909
100002129	0.84660651749668	0.706245858286902	0.199522225655188	0.894588359728211
100020478	0.0846904420762199	0.326931189661213	0.206566652067175	0.77134483509082
100004089	0.0652538318467807	0.549387594307326	0.232858610395732	0.712783277108165
100001755	0.704493263577076	0.193674201785376	0.192442771677668	0.665968603540697
100000551	0.0139301915678837	0.824806344737028	0.232871689201455	0.742092625138027
100003260	0.487550565087379	0.328246076062528	0.247137831365859	0.835097261135146
100010955	0.933883058193341	0.454769280076309	0.179342085054437	0.655530590235424
100020851	0.303500660558805	0.544823527798417	0.236321333958497	0.772258807731647
100016069	0.59104419093436	0.757800258895495	0.220646454305288	0.742872158076353
100002027	0.412076220532334	0.569380239937751	0.177159806263307	0.864055950140747
1123	0.309539104508449	0.157830808939459	0.202637973052022	0.904829720949253
100001150	0.669168453946216	0.899173677606016	0.215146146880575	0.76406068062752
100001657	0.346134182937715	0.65670008051442	0.21801041722933	0.739167912288706
310	0.301639722024683	0.380513588790409	0.193134951829285	0.853274208340725
100001314	0.351092585596315	0.132055909382184	0.204128916025328	0.633368419336227
452	0.494711570716071	0.529306196233318	0.254480806393589	0.720179900750932
144	0.0561809633493144	0.0426965414473586	0.266345244119758	0.617459636846648
100001182	0.216939234700323	0.164557310097646	0.272768598657897	0.740693461018526
100015965	0.690602506105808	0.440136293518324	0.20536308115174	0.836416358005745
100006108	0.862593203428849	0.455001433902037	0.224424035555473	0.799691893386768
100001400	0.744162260579699	0.648835476272738	0.206190653387281	0.747735139780459
100004541	0.237537470439977	0.181673191756255	0.208249964063889	0.480597657610227
932	0.797783196152197	0.365828163974672	0.223424634005962	0.788349965335773
100001992	0.394625838128627	0.560432171145576	0.318203462489707	0.652374368740841
100009252	0.148207331416313	0.205711405129693	0.268961783070488	0.73512565062521
100021104	0.604968990990936	0.495859514213026	0.168204034690468	0.919349204997636
100015838	0.0117414487724381	0.044169322913413	0.32828938548958	0.996692076458271
250	0.000605637870524846	0.0185504224099796	0.423796144833653	0.87249875607349
100002537	0.938503271007778	0.459721544922729	0.196906203104001	0.882475894194756
100001658	0.82510530690067	0.706087112130929	0.237219838027915	0.74481382555454
100020416	0.261447208878156	0.33891801196616	0.188259299326652	0.731442039897046
100006642	0.269399993275231	0.764920442038437	0.20900115329266	0.780118894619918
100001391	0.0573119591637376	0.257311326030698	0.290940661480386	0.902235949663986
825	0.690001294930618	0.572113469266854	0.185655600934306	0.774248414001689
215	0.0176741691610866	0.0990620879724944	0.261570507363176	0.739777950558689
100001026	0.935139548988867	0.814280547336259	0.213088495256405	0.809102981094708
100020541	0.434006404237566	0.440667686248688	0.187024992480557	0.801515923721295
100001526	0.221784041436544	0.30216733638208	0.33871700955684	0.866393473784064
100005384	0.441501469697509	0.35633388511825	0.198305665636596	0.667482412616159
100020378	0.415147875679211	0.547493280497377	0.199689857597285	0.772469166634043
100006115	0.736944444596146	0.295002430248787	0.296996442119397	0.625438267795053
1442	0.326379936979057	0.0633545014745697	0.0987026047456892	0.631061448820484
100001843	0.121874607466237	0.188393918538743	0.235222907159401	0.85835333626414
100015837	0.0834782053286751	0.209511280578081	0.420985590719884	0.702778593521112
100010834	0.746857646109995	0.999954476134066	0.217052057327818	0.758378427642384
100001393	0.444776013421436	0.511608646454322	0.181861789983002	0.789631909324754
100000015	0.285848331450252	0.605608700424695	0.204187532387952	0.775852303658856
100003892	0.0373194039771071	0.0416033518033199	0.182725373178518	0.96001250361981
100000042	0.192701885513802	0.0270293714120764	0.236355484463693	0.662908977686812
100020550	0.588174983525041	0.229169889957264	0.23843550380961	0.649035754118345
182	0.703567751619573	0.455023498004485	0.219288246342265	0.760213215409349
100015723	0.161184471550538	0.45806298301962	0.221353752139631	0.738959212323655
100020343	0.739137888643804	0.684870101619418	0.20782049903065	0.753487844911639
512	0.322906885634203	0.616537553939422	0.240564754089876	0.727545781929331
100021100	0.512367512302975	0.830045770528543	0.218838993058727	0.76009055281924
100002528	0.19906609334185	0.0433238181479504	0.258878136313261	0.508810104603071
100001287	0.373086297604661	0.720152296827542	0.310905565127543	0.690602213047583
100001229	0.800314660812283	0.851649652678624	0.226996629587803	0.742361734491833
181	0.47969453283298	0.928528360987604	0.215717949344953	0.768733317081573
100015831	0.00092339947439907	0.0155738286176168	0.297556816102973	0.529243170357006
100020515	0.243466171151493	0.355975166562722	0.161314889432762	0.960400694071022
327	0.184203774199934	0.244024000204488	0.267644815846877	0.711168713704665
100009394	0.833567551907968	0.841798063124208	0.210387308562541	0.775999269314853
100001596	0.835042414606539	0.221790829979152	0.192871852159806	0.575411005307338
207	0.609729861562395	0.370671279746282	0.226768754684116	0.712114281926725
2054	0.454680536342678	0.710544820401999	0.205537788663565	0.779553564203148
100020259	0.522144541451252	0.503139370346471	0.24057405752932	0.74304592714746
100020414	0.00257744705746815	0.031365400518367	0.148260485200562	0.731661700254961
100021131	0.730014798521979	0.329442866219734	0.21335937531465	0.713071290813492
100004499	0.943872745326572	0.678917935176252	0.209474412209139	0.722537727704962
880	0.209016150607045	0.843820176538164	0.233783233719163	0.754458908717205
100002049	0.489567311843764	0.310771478321057	0.242680700997535	0.706181546493371
100001739	0.556465138019072	0.269064584641428	0.282186737456846	0.715577885214794
100001126	0.563522227537598	0.179868529512502	0.148661481870999	0.627175057036751
1113	0.400114843940136	0.646009197173325	0.23587949142443	0.6968558498392
1083	0.760643899765864	0.232973231033095	0.237456572887924	0.654389990724116
100001730	0.0586184172623821	0.168791196389969	0.254282662070248	0.624418246434535
100001412	0.805796687012257	0.851414393353732	0.221606480676299	0.742388587398072
100005996	0.981029604623388	0.456461576886522	0.201690127522104	0.722446309130526
100015962	0.00563386427940968	0.0671512378728028	0.151337609315109	0.90050453885419
100020214	0.812767470614702	0.504199515695799	0.232171117063294	0.685783356508578
100002514	0.0579727328631604	0.245699549951783	0.223195400971936	0.681694402910567
564	0.133806654190662	0.0409151293002981	0.180897368106258	0.631062022691685
572	0.0282507539744598	0.023436737958931	0.334285582398055	0.614256532912955
231	0.988933077614254	0.63635777519252	0.197741495805304	0.774181987389582
100000453	0.995696361620852	0.796053607683652	0.211385633410728	0.783856427711072
100001007	0.102658267041178	0.237463331862418	0.26287349075712	0.629538656336435
923	0.541199433932672	0.291513733015794	0.202791308294668	0.821870918011005
100001247	0.458685466297725	0.543149776408798	0.204641312546165	0.740513354745331
100000774	0.846282927369906	0.884379773566261	0.214767835791019	0.746826850763469
800	0.436471907887902	0.397422907508836	0.231637895841656	0.812203268728715
100021678	0.25283777715662	0.349848206189911	0.173800130040098	0.75861902754394
100021711	0.252173612124569	0.64903786292111	0.237681672897784	0.785174070910013
100001274	0.586382172150457	0.300248027908739	0.20079885390307	0.562974529206006
100021220	0.247479949114353	0.245667684653597	0.281921226139162	0.983877135446563
100020253	0.333968016574909	0.8847567401061	0.2151027533716	0.76664816809131
100001170	0.895313989702263	0.222739292323392	0.205966968582665	0.658436712428119
100001466	0.366672050247704	0.975189581770899	0.220368891822511	0.75617923116713
100009406	0.789246917035328	0.695798721804407	0.209362834925435	0.772683259958402
1026	0.177047922474559	0.432438508490474	0.232764361005305	0.720681783997424
100020837	0.754111766883167	0.414199397598773	0.248701151913866	0.662072091108113
100001006	0.0589802018040174	0.069939659922638	0.203589268304961	0.901632554523853
100003674	0.803595400586004	0.139734187570073	0.218272814659342	0.741823433109077
100004396	0.236518505278075	0.357566185843885	0.253592991766588	0.635845044340617
100015923	0.575126961791707	0.998684709951619	0.228096498836703	0.758488492849757
100000265	0.472743699530556	0.719110984978611	0.222327537298151	0.729850998669153
100001409	0.0363221960237802	0.0691933731351741	0.199843855378613	0.577800648215845
100003434	0.674739159206729	0.345137649047033	0.215745376117811	0.648192165057148
100001334	0.607040861303717	0.0797403375796836	0.277656102220571	0.626780449744538
100001102	0.891510438043806	0.669553822464052	0.226503609611822	0.730003421586203
1268	0.762441148685946	0.0820699918759962	0.138042205801236	0.701806325077605
100001300	0.284829307636122	0.105220939240332	0.194946274921318	0.756979353284616
100021324	0.29123775852752	0.816464611802336	0.27299532927909	0.750243553373494
100001617	0.106408593913434	0.0998676230656171	0.210246976040966	0.802342379003555
1105	0.975440335858313	0.197834213034763	0.298086615986594	0.448609309318329
100021502	0.163144425419866	0.418233669487016	0.219679813697642	0.771449046224152
2051	0.96792876384134	0.477842308623995	0.214418869223412	0.620158175140084
100001256	0.21491737877963	0.609944455583997	0.244555127095623	0.859546033922076
100005466	0.0361430633216625	0.0586321757045735	0.245898706605369	0.528223654477131
100002199	0.225785342146897	0.87663591620228	0.223456191466541	0.764580142996989
338	0.00803705064605864	0.033061077567458	0.363432708054943	0.500677963613725
100004243	0.696209680534516	0.737055727726395	0.209664103881482	0.761244094041382
799	0.326198964246032	0.930110876375124	0.241311759709142	0.759135367042063
100008928	0.625943980046748	0.115665693882657	0.220801840482069	0.745416676581702
815	0.0705484465725051	0.233263153952566	0.216724587474002	0.848978296885317
100001456	0.0108035190677779	0.105381341866549	0.218162181652238	0.671355759130829
1242	0.0720822165643148	0.0836883372886354	0.266044859164121	0.550323492138134
100001416	0.301746586209061	0.114076384137643	0.148559999261278	0.492260994223319
100001462	0.471314592090954	0.392573502933973	0.261555241824697	0.716162220936999
1087	0.147223884338094	0.0340338959379913	0.223985044563839	0.718854786442623
100020421	0.0848503206675769	0.124944808007652	0.253224634959088	0.514085300364939
100000010	0.00617903220887617	0.0522092805381413	0.2382780203292	0.800783728171578
821	0.279905420585141	0.222971712032545	0.24209227874315	0.549178056847534
100006627	0.19201086163198	0.122546994777966	0.313930144136759	0.652611324576488
100001277	0.335528586663698	0.15585522348251	0.260670632709996	0.712341799108764
100021141	0.0547452967946775	0.218612691876409	0.248856555663956	0.850136146172224
100021105	0.14553393125745	0.251353697738356	0.230249239965843	0.552757435925656
100001950	0.000308303287693756	0.00628772591392507	0.281479289861514	0.941989051429811
100020217	0.79738895831791	0.246842114083895	0.142167041337636	0.566474591439568
100006651	0.0286681080983726	0.174514272063421	0.251655227944125	0.508722846941788
881	0.81715543411462	0.364949449205415	0.199858334040815	0.776630164658555
100001509	0.801602375632306	0.179986815251604	0.196406274742996	0.673128255916428
100021709	0.931678288208181	0.959227439715902	0.217409263264878	0.756054559691841
100001635	0.260794919054645	0.0346028718558359	0.236968687100622	0.704453262683365
100002613	0.456906884716749	0.123737225343658	0.201472181627441	0.846264618383097
100009329	0.944555062333236	0.960780523225101	0.224758646208424	0.786228513334929
100021123	0.881599406023009	0.643585456337079	0.225918830862867	0.676611343619096
100015760	0.253680501097352	0.160508575721462	0.176258239990008	0.795545501557064
100020205	0.227220639511295	0.306351891843756	0.25968167919988	0.529690206352389
100000765	0.743068911620085	0.528579520010975	0.209471644240193	0.716435189937273
100004111	0.265421886185231	0.146650625687473	0.2404090331437	0.729892056924735
100001615	0.274176138680188	0.717134090814323	0.215604036623813	0.757156606646047
100009227	0.241203149793684	0.134474983849365	0.314851623580885	0.890493583101906
100006191	0.447584778751936	0.641869812068639	0.238409731699121	0.711386665766583
100004542	0.527885262878988	0.415428090290832	0.231049032089933	0.797196516294658
100003686	0.350071281722359	0.14890671617038	0.315437253437253	0.690952162021655
100009232	0.0287122146047923	0.221368326682645	0.216816704415356	0.660528160333354
100001501	0.0486311807191088	0.10436501921239	0.288776925297235	0.79623663160329
100002367	0.483038525271204	0.242635489760174	0.203824137886148	0.59517574636587
100001108	0.293398909203081	0.756601029379471	0.216353443200651	0.746623877358041
100004227	0.735447074795089	0.997027289747539	0.217087163509778	0.758078939792138
100001310	0.172060709869106	0.264589389843852	0.201602191112769	0.882703161531623
100001994	0.798343342021988	0.79969675380417	0.215317647880979	0.861909720834428
100015839	0.009645942427272	0.0117268012830714	0.293573363125356	0.853541583800823
100003271	0.00654311456769126	0.0897263805541566	0.291080289729204	0.55460365920939
100020496	0.685128383281076	0.965376065224625	0.224514842582386	0.75496664878945
302	0.569659936188989	0.368605224067094	0.183209872410587	0.7237665858444
811	0.657987280321156	0.646914165581458	0.208268083924984	0.809643523836226
100001267	0.840933081178157	0.837738833221264	0.210090460767389	0.753790177321685
100001197	0.0392736642802267	0.404807331070446	0.250098429656508	0.762345051294321
432	0.185594456373947	0.435403729853156	0.234067908543202	0.734975611655789
444	0.00731913094998619	0.0435107388246593	0.242405355624782	0.917189797472624
100015968	0.362549523904431	0.394421037240951	0.214510732249173	0.682081787158898
828	0.931697646780621	0.760719843133486	0.207145281919985	0.771413126938437
100004054	0.166079978214107	0.702748757607272	0.218233837138043	0.771124302792972
100004635	0.0304797873021376	0.07956413298191	0.59192544400359	0.437073079350935
100000491	0.106273855333535	0.249435020751293	0.185216947551703	0.557502195325331
100000939	0.0469493098516404	0.0343982000164462	0.232591135607348	0.646329231894087
241	0.421818465234544	0.830024922987892	0.228490430126758	0.762486085786799
136	0.286527236324	0.0536980232567333	0.180809434191072	0.964963825429163
100000792	0.557935083933663	0.876809136069985	0.214357918863289	0.841876434419853
100020973	0.60700911536109	0.671328075481476	0.231264324781054	0.733603298295393
100000936	0.63028670599257	0.935466057258618	0.216513060280509	0.758160192923118
100001313	0.00402740710479245	0.10741028733312	0.22370530760077	0.832652123595804
100001951	0.0512255364795471	0.0968275977843103	0.248581371974634	0.749408851045706
100006098	0.0349333369851649	0.125448092490322	0.255879631484193	0.849902802180387
100000007	0.168739885760509	0.447310572538029	0.222283229256836	0.76902965154196
100006641	0.933582469015569	0.919295234544158	0.232308602506042	0.757590999730036
913	0.0100868116016783	0.0598118561242344	0.274190458637772	0.613977394815252
100001579	0.847114252232431	0.455473503752863	0.241637809163862	0.757224875575578
100002911	0.109764304728137	0.0100078667406587	0.287868960073026	0.711337163666233
100001293	0.538342452400727	0.562473845773316	0.204450212766892	0.846208188956591
100002241	0.096167781413696	0.371175137764814	0.229618131278714	0.722078741567543
100003179	0.267173354848442	0.0571333576224081	0.196352539755558	0.594566775740563
100021372	0.403875532664289	0.263932887651306	0.164911054090739	0.760244492627317
100001956	0.340074905026846	0.545640183205314	0.219467586330432	0.672020345324409
100021162	0.105939290264457	0.101095122342399	0.193680937200855	0.543095934064187
100002259	0.387857148766606	0.631620210569403	0.200473569281453	0.749919414545089
252	0.361238127357283	0.574969363143639	0.253963048477968	0.696749880059119
100000707	0.402867890316599	0.31685313258964	0.212193475098827	0.768565859984936
1489	0.716082390078736	0.0224470049405888	0.161593374068962	0.724187976295887
100020361	0.0401537000704039	0.101537874983236	0.248706342990065	0.966289816182361
55	0.897814315780463	0.985960401379845	0.225131788659849	0.756777480967134
100000863	0.239428695072673	0.239049881292578	0.184955734290786	0.800116185182323
100015840	0.114062692404203	0.0783947466710613	0.295219345199491	0.720955776101092
100001541	0.18268612358692	0.0895050392895924	0.147312910136929	0.747572043514059
100006082	0.163906500237221	0.0619776016542638	0.294025404982447	0.745750443195681
1254	0.533500869622273	0.988983710096685	0.233608173027695	0.762310194809877
100001624	0.614511586503242	0.416479944631373	0.207468556455235	0.732632584310319
100015850	0.897334735145448	0.507358057349723	0.280739625293271	0.714154993160108
100001104	0.00220006059547629	0.0107549662057815	0.239275430319681	0.929251106025942
100000900	0.131540980690705	0.421186430862696	0.225387671371985	0.76165280181484
100000269	0.209563077876005	0.0773805854054569	0.125130516472239	0.71313984645489
1022	0.318111413308833	0.864383887201819	0.218417257584877	0.749077356886922
100005373	0.27524443297052	0.0953374393057059	0.198322685336644	0.781520095996208
100001129	0.138733279068205	0.697680955576342	0.209187077149361	0.78955280232647
935	0.0131824222005929	0.134744591075532	0.289285359250583	0.616192576705507
100001262	0.115624210882251	0.172530403451865	0.222296293641167	0.796410552137285
100019978	0.481129277347671	0.492577190568987	0.206303154347191	0.74235213368316
100002293	0.726467346003995	0.776862398186359	0.220128170790186	0.759302559766978
100001426	0.078522083283207	0.138344261024187	0.206238191684833	0.541436211047485
234	0.038206479775934	0.158255629087533	0.215768012919087	0.730823843090699
100005403	0.22405333121544	0.949595373031711	0.219603085548327	0.767591152003599
100001083	0.0449032061559838	0.334602819703527	0.239002722688	0.780956706913313
439	0.708773529024449	0.331320472783763	0.234927887789061	0.751868502530971
100001086	0.460658657169342	0.491790375256037	0.231187868986156	0.822075190749972
100005864	0.691155655311938	0.4235115225829	0.195906668137109	0.833337563692382
491	0.514616745996907	0.903737846465289	0.215949672557025	0.759486967090563
100002029	0.45856756378224	0.424852347653716	0.208103170998903	0.614436649989225
100002154	0.990882580569069	0.56310575475491	0.198483231976497	0.734793543489941
891	0.519540546165897	0.214723465614681	0.246743144476064	0.722482276812138
100020261	0.312569798355982	0.40732175615188	0.266930621366213	0.731786634614503
100001296	0.605569619371716	0.557927458137245	0.221481058979683	0.661350192435701
2050	0.387917567959354	0.619601938433056	0.233426807349889	0.709239291617627
100002761	0.393819909997724	0.6867945503258	0.192547636898201	0.887266293803776
100006614	0.82438916123855	0.64875825462912	0.199424613338839	0.824894871177255
100001597	0.802492795183382	0.174549003760672	0.14523494714668	0.566821225854613
100020853	0.8679583301247	0.929377943629295	0.219047365070174	0.762382565616841
100001446	0.380522951961429	0.488528604746383	0.199444398480187	0.745882716152503
100003240	0.370153105896426	0.150823450423346	0.258171721928913	0.670804605408244
100001502	0.0176175688503107	0.177757276398379	0.26557040702487	0.867038377642755
100020866	0.0875402487114966	0.0102506525344081	0.124498350231313	0.559558154269576
100020419	0.025204145390396	0.0811989348956446	0.234715791189347	0.482161881623968
35	0.569055246718072	0.327224162266405	0.197957319412946	0.704526092352986
100003696	0.00772826977430979	0.0431059280075075	0.326817854897978	0.698625967777528
100016038	0.905407908977607	0.866040444836501	0.213272700277586	0.738043634558734
100009333	0.158620231511014	0.145560774134225	0.211678357311993	0.795885657785883
100001611	0.202306864710044	0.39184443644686	0.28634091610476	0.73158433789874
100005383	0.987895728110884	0.387864465363407	0.234621932583746	0.779303565035662
100009239	0.287245215746918	0.133391287013358	0.278742177441078	0.567753480640278
100009332	0.275791509804308	0.216852317111536	0.214105082269224	0.721705433080541
100001731	0.14319776422358	0.619576110119187	0.223091621843951	0.731560872840685
100003415	0.179907938093378	0.268854774408836	0.197989494394724	0.798215748166314
100020578	0.115027370321386	0.178192181519918	0.200276142089938	0.644211282830844
893	0.733055742278913	0.308476758438651	0.204545856526951	0.787254710467216
100000963	0.179491220392909	0.141647382643688	0.293108512671016	0.522195739854341
273	0.172648977140934	0.349207991946804	0.257446252439768	0.749744900185589
197	0.352868803779876	0.346518676763654	0.2054223511416	0.614414889787064
100000808	0.381056663852125	0.255348201718855	0.207371962961324	0.914427622443077
100002284	0.715884167634771	0.367346071335948	0.140421940868691	0.69769992176167
888	0.866441152186907	0.0881697461528323	0.236195331902035	0.739415776788416
100006435	0.88890811280397	0.522581848614265	0.18811819154768	0.956337432499321
100006374	0.265615322709852	0.613735647720592	0.225246945898052	0.746517771946986
100003169	0.610845375595753	0.983890399069595	0.216193750365652	0.7565822986272
1004	0.526349030274289	0.715397553245112	0.201240652168676	0.73108845074757
100005998	0.155249049316945	0.934823872462791	0.221191428846351	0.753672847454541
100000773	0.539571094435141	0.480272555657484	0.219556468054878	0.740824714926006
100010850	0.00898336162352347	0.0850414242286927	0.257786903605315	0.626259569266384
397	0.618809880354996	0.469965901384101	0.174414430993743	0.804788916139628
100000039	0.0655323502636082	0.199435645411158	0.169995570483267	0.823999594517659
100020833	0.78118037943839	0.750215329187355	0.223405296064085	0.802255325762671
1021	0.38313249463731	0.332817648268348	0.201791825747574	0.797361152490651
100020479	0.402677367854393	0.605308500340366	0.221260217097218	0.768090600694523
100001335	0.421918986090255	0.282654025743325	0.249318230396747	0.724495952545887
100000743	0.56551607245072	0.981594296487701	0.216675354355652	0.761010668316878
100009246	0.172606770605563	0.623451598609139	0.20769368312263	0.792857062902104
878	0.205554023093763	0.750238515957054	0.208370202491679	0.772256515345567
100021103	0.760801493770831	0.763307808562207	0.211307182843275	0.870666519416808
100021363	0.219353769405396	0.52976727340587	0.198742678620657	0.806121120770019
266	0.108492929471453	0.188880917638634	0.218569016250863	0.677078696516035
100001195	0.319586861609888	0.229250940093441	0.28431513373738	0.680431854928281
100019801	0.722058436867731	0.682297160504401	0.227566631734474	0.743880804568412
100002196	0.0615844969282015	0.313507225809638	0.235231834246185	0.766867728730653
100006370	0.344044550026332	0.959185070121472	0.218883258830883	0.755341679335101
100001510	0.0242944656841275	0.00324020273021653	0.17582770400535	0.86847411587678
100000437	0.656671116837901	0.506749762760971	0.209690458799927	0.818559438503765
100001767	0.12002451674286	0.0300100173769317	0.274281671714751	0.826099638829355
100001810	0.60421562944856	0.65325721621505	0.229449123958012	0.861696979264122
209	0.034491433313578	0.347053141057514	0.252904704275114	0.741831804846792
100001485	0.260652557609246	0.089123549968814	0.124979349824727	0.6841024009932
100002500	0.0900407539897201	0.396091191118604	0.219062024703431	0.725475059202318
171	0.0181970477580424	0.0160884645956181	0.147254574270764	0.778416368152311
100020487	0.875500323156385	0.771476695849159	0.238057975846502	0.698153489388647
1206	0.00701894864746712	0.112642170413264	0.218602260950334	0.814993638155799
344	0.00970120305531056	0.0267374651122797	0.475210483995027	0.860716262713393
100001405	0.392447596423754	0.822148784863139	0.224188830552169	0.739590214613439
1239	0.951310567904257	0.558364312059213	0.243621154754484	0.759340013517561
391	0.101125653439384	0.235784753121562	0.208553968849534	0.943054083449111
100006430	0.304902424338709	0.131998435161859	0.273498815378519	0.453011460851246
100001417	0.896978466561455	0.465811392479789	0.205194056274228	0.881420155632788
100002951	0.0550963789983134	0.45634377115378	0.213870736168498	0.670925107290658
100000014	0.519325029421751	0.637863404813916	0.213686775017223	0.790786601135995
100003926	0.536667419012597	0.467923183416788	0.236853131396441	0.738204311930904
100021538	0.519302592742579	0.387466609740612	0.258096265887377	0.66850002749897
132	0.325290607404913	0.935101217030406	0.218039692094004	0.757121404556468
100001425	0.337957428510001	0.36491319439038	0.294081703484203	0.669567522187327
100020262	0.501649833159044	0.587952825607093	0.236052696758409	0.744630777357606
100002679	0.479869484175186	0.774809828352221	0.209538776779158	0.80834063223055
100001270	0.692060969488363	0.600420159822893	0.222857709457245	0.735630141667124
1102	0.837039562017394	0.990185387521194	0.217194104794105	0.760845521300682
331	0.305642069625633	0.223280893768063	0.180618954731397	0.647496994896298
100006361	0.462488172120314	0.556010461533466	0.195684150952201	0.84670379101746
180	0.951778317397211	0.845492054465314	0.230333963117452	0.754483451501468
1053	0.379400242380812	0.534926888575892	0.329850817398264	0.812268435954688
100001359	0.466498732331516	0.78897186633636	0.23422476859562	0.717134948453633
