chemID	simpleLRM_Fstatistics	multiLRM(chem_sig)	multiLRM(sex_sig)	multiLRM(age_sig)
100021136	0.0347284758603233	0.261283074862271	0.369965912666393	0.788326437177165
100000882	0.903225927415861	0.610719974305669	0.355971429210487	0.669152669059041
409	0.0565733797981067	0.148411546355032	0.403312787203843	0.441830444448741
100002254	0.653558372535883	0.0421698007238624	0.233548559684232	0.676809202104211
361	0.00815428194426601	0.110383161899605	0.248743148906977	0.674108058745175
100019975	0.674135986485297	0.661745505137559	0.344059568931208	0.723131803553161
100000257	0.00058153725760392	0.0182860207649476	0.349857676290083	0.635906552541823
100001232	0.963148305791395	0.885514137658422	0.355148522966189	0.692222559987145
100001948	0.277884693467061	0.33217782080311	0.375975086840719	0.54956823372425
100001073	0.562652865250842	0.639346952061201	0.42548576285091	0.616746263526829
100015637	0.951530042534243	0.463002835503598	0.361541385435571	0.696682680110724
100006360	0.64163572867587	0.696360445284697	0.321816126743685	0.764399144668384
1488	0.597443787843921	0.617086183693111	0.339911849328449	0.675566794824269
100002253	0.911582039502088	0.875056175030535	0.35171238209274	0.688497624826314
1023	0.98799265548618	0.691099341725413	0.334529944025758	0.6817057908551
100004284	0.696317337258876	0.816530413069116	0.333637714692099	0.707872941054949
100001251	0.637306425764438	0.977766399248304	0.338657874817519	0.699828645474514
362	0.796087465833289	0.450321991287556	0.308192514197032	0.693853958505442
100006620	0.732338919034155	0.894545371475305	0.339213265745022	0.704010997888832
111	0.448820150419148	0.193739276359137	0.282353686072297	0.667584991276453
100009045	0.569408900912812	0.259777825192556	0.286717086081874	0.866345685768884
100002927	0.677662331277979	0.84514490067485	0.333246447901042	0.7223963239988
100015641	0.669568647235474	0.856411082863455	0.330291112354232	0.713304024455469
1114	0.126154203330345	0.971839043099971	0.337716046953136	0.702375828241236
100020409	0.310049640581643	0.355904985913838	0.343876551919422	0.568290647138736
158	0.17573007870046	0.287069107416052	0.41125295078877	0.727881998656693
1224	0.0744595213210801	0.22878283748854	0.264179478866065	0.732207640209982
100001620	0.478040272407413	0.389531797028694	0.295982236800249	0.702039882098704
100020893	0.257763735129856	0.0592477697864266	0.315370121475161	0.416903980291319
100002458	0.751409496137318	0.567252286032038	0.383447297550113	0.645397742393456
100001112	0.869496604535142	0.952503502481565	0.337924390683804	0.697156612026845
100002953	0.594774708738001	0.934389546611235	0.336580260994831	0.704252985739315
1141	0.372289313057365	0.0551908508148563	0.435365029519637	0.521631229667111
100015834	0.415339733493582	0.949760266776049	0.342500534658662	0.705355802623823
100004561	0.843330359420689	0.993001952048929	0.339375128053205	0.700984171815723
100020497	0.678893058832267	0.816454484732979	0.327415107066737	0.717853337928465
498	0.0688761848343101	0.332814783102706	0.326747008910418	0.770327195132102
100006051	0.898366169743737	0.856769334027045	0.342234408077076	0.696954299007943
1668	0.636176911831589	0.533394882751945	0.331271633022705	0.638802300739576
100004523	0.526908206080143	0.941255711273522	0.342852326273793	0.695332211107021
100001604	0.341183032701142	0.577980919964615	0.328691254883979	0.737420856494325
100001002	0.121235126788156	0.488035120904549	0.362383465141732	0.689341013766066
100001987	0.13209190093042	0.374034016545888	0.783159023211154	0.566954308371887
100002462	0.595282316663935	0.331248784715274	0.40475921236855	0.576970661520665
466	0.658988836813862	0.0780922986848681	0.360137811216568	0.673097486820343
100000665	0.846235297126509	0.451895262458427	0.373986926932087	0.645070867535764
445	0.90885529049423	0.415519636348354	0.377228376499367	0.755193586632527
2029	0.182997359803393	0.527463459460157	0.3550915003858	0.702324681608617
100006438	0.143780954107894	0.252054374368973	0.388106118763635	0.712643128877454
100001398	0.0628536333173918	0.45772330656433	0.319969903364497	0.736931265740354
235	0.421893926778963	0.469519413372475	0.303994955183241	0.734721398796762
100000997	0.69161949965228	0.683337548327324	0.341677530812432	0.676760796929752
100002094	0.266280564708896	0.22794822704517	0.287148573417285	0.56407716588066
1052	0.697584570774041	0.99572636839571	0.348468922597745	0.707212065657546
100020823	0.134475252439771	0.433240081041159	0.32530308654458	0.692399200042222
100001806	0.693345968142621	0.859475521606366	0.350674076246507	0.699549453659513
100006092	0.762737641324195	0.861189017749388	0.345862892383018	0.688855395116492
100001415	0.0667387916267127	0.0609281490140733	0.36100725968463	0.405989852734023
100000008	0.041619019922104	0.0753467814820129	0.374107424407073	0.535584043168191
565	0.00382951794675225	0.0358526520420168	0.360939614014034	0.797678632065373
100015851	0.116296811683286	0.157284574098002	0.454317469473085	0.859161635695127
100001866	0.634829313152499	0.938743337987935	0.348488796402805	0.694760162402549
100020546	0.00537348706080123	0.0351882260963454	0.525346440042875	0.869614517520137
100016110	0.483766402412958	0.40360468690519	0.281134304521038	0.805756368309096
100001254	0.00462046545100084	0.0141519019152025	0.413348800645475	0.904939334336054
100006260	0.417902488655038	0.833438956211917	0.343027396211738	0.697756211478986
826	0.70594526959498	0.869145196767805	0.339134273084704	0.695989566847196
100001872	0.445551210957383	0.829465504588582	0.34021191971529	0.701144715380649
100000263	0.37391341875979	0.386908176093767	0.40966916047516	0.691999233179037
100021198	0.704592148982117	0.0586032276232289	0.240189747682343	0.404964085028208
100015967	0.0384527599322051	0.0952072905185804	0.409609419630809	0.521066009595149
278	0.196762332845513	0.290130411191997	0.311853619703292	0.967958571598962
519	0.696881392103664	0.310757869886876	0.40615356987175	0.633322175787669
100009337	0.106734090380686	0.306125832459582	0.455953328851831	0.687386003197281
100002185	0.504238380298076	0.832551714863925	0.330068636143909	0.683808512302921
100001278	0.424194963004953	0.273108929162113	0.407466025243545	0.651485310254833
100002103	0.974591007305953	0.542160061414022	0.34684490714201	0.64141980920277
980	0.845884744263509	0.457460845451615	0.3688748576468	0.680392126368526
100000016	0.775868714442427	0.42515828070892	0.338234876552308	0.675916278333287
100020372	0.225046087170058	0.530172560844076	0.332388807316064	0.64115488375246
100001662	0.861003199638935	0.175041562762339	0.145381588890043	0.696244213280323
100019972	0.930178265886477	0.683934694311447	0.347666343960838	0.687639105491441
254	0.743250306582711	0.720370904177045	0.336697215711958	0.704938910651219
100002009	0.642688306947375	0.703604883481999	0.335369709292915	0.627046437598933
100010895	0.46566936130153	0.535986109988478	0.387793738355548	0.678691658242271
1140	0.935214124660774	0.973332542306759	0.337637411246506	0.69955303305044
100008951	0.556420429994368	0.506348619283783	0.366202811575037	0.660649002840299
1084	0.467640783037163	0.882478567660899	0.337401914091174	0.727907206060848
100002796	0.110208740604513	0.425948612215262	0.306985094981126	0.648653487028033
358	0.921456605643826	0.993168817176523	0.339610897977547	0.705262800362246
100002070	0.919971031561344	0.743914337847945	0.329362664092837	0.726934103840324
1628	0.412943480169862	0.147668854554045	0.399858923871308	0.68437557256553
823	0.620012172066255	0.508484054641536	0.298596827880558	0.764265321983295
100004414	0.537138248823778	0.0991191412350416	0.423931706263982	0.830620807960955
100006129	0.66124753528029	0.664521745461993	0.318212966593687	0.716918725265218
100002028	0.64622347161764	0.445953412336576	0.457045338746928	0.501421671117521
100021707	0.383954218929412	0.570038766788612	0.306262657417051	0.764808473627062
100000054	0.580217751629822	0.494583299253301	0.327532705094875	0.72294516153336
100010869	0.245316408691796	0.150637629601248	0.386872741757952	0.551217769949783
100004575	0.0322608801520394	0.106439568990182	0.422843386014847	0.968292265361076
100001212	0.928579527677044	0.715634412351357	0.339752579416756	0.648040930695962
818	0.197346818871943	0.541432728496626	0.389567978470429	0.651339534105218
100001092	0.00316082213380281	0.0274852225993238	0.297937802895999	0.666704215502829
100020371	0.903939743309897	0.900011063440068	0.341788436906101	0.699187058149166
100004112	0.273252018933371	0.555606595694273	0.349521256078183	0.703725467365599
1125	0.464222962745149	0.360052821313171	0.37471264179028	0.737276226571482
100020491	0.937768208759226	0.635662645889024	0.302253662763421	0.709835594109855
100003151	0.00187773315707625	0.0208935493965944	0.518303096383829	0.582226325682318
100000011	0.280364002535664	0.142032930590264	0.257884545867447	0.814519553812498
100003594	0.604438774821767	0.940208198697681	0.338599331567102	0.697249334517439
806	0.411066251392853	0.092008465428493	0.377932888610951	0.470670790158762
100001211	0.908254279669857	0.550685672382412	0.35240058960337	0.681034070602375
100002417	0.637829142179888	0.584480410034042	0.328732315935176	0.664749899619472
100009335	0.50979575462228	0.199119642574096	0.280525601470533	0.724337079350408
100000781	0.731938926197742	0.995632570162498	0.338854324452562	0.700384496414902
803	0.0304525780175687	0.0335618465052922	0.322187536792644	0.573297307964616
50	0.45815071848802	0.684705809080391	0.348085819676381	0.683773334707789
796	0.529652800939466	0.0578695974488262	0.357200033603259	0.678904937596095
100005834	0.888335831728906	0.604137098875234	0.399158716477087	0.697343135056515
100001580	0.987134325239752	0.53372198989454	0.36191091727286	0.700470884023428
480	0.843863696993037	0.618884096662701	0.305765765859243	0.708947415952501
100001540	0.426829231731394	0.890167728256064	0.380640365714855	0.737022465948883
339	0.62123992936837	0.131380506891337	0.302140753485152	0.606751617263548
1110	0.861123931314858	0.910198808196495	0.343698419677071	0.688407845540267
100015836	0.162014801013726	0.170868286285747	0.497823887071016	0.88282063726515
100009271	0.52956374933292	0.505020116478777	0.378986546143925	0.680443485424308
100015638	0.972093713683765	0.450366484061156	0.352742261716535	0.681718283262542
100021667	0.928761868201756	0.5317336808313	0.372706406599275	0.680814956118811
100001279	0.622875213396158	0.370323955222757	0.365685151438755	0.824948740662832
100004208	0.0372963298807019	0.14561959014784	0.424805756057292	0.794146423021354
100003695	0.20515972593673	0.148801634380675	0.366064677419159	0.48531383053442
100000802	0.853364780395349	0.863852509790085	0.342397886457585	0.695986850693012
100002769	0.869821836395831	0.11088866975833	0.250649063636533	0.813054695022575
100015835	0.102369470508094	0.276088672911059	0.506422725572739	0.912555412603577
229	0.934292534636449	0.392585637187355	0.374640791804141	0.69309681311213
100001266	0.0125713423711241	0.0347678962871643	0.384303120501783	0.974306747160605
1342	0.285620132088032	0.348116416528394	0.293489471955347	0.719101881197501
100002102	0.832062723957513	0.539780452453817	0.384382037741013	0.8058679536996
100020254	0.123517536816862	0.529414468895546	0.335158500852986	0.735577907906409
1231	0.507921025076135	0.235814374994552	0.396835573682846	0.650582448991263
100020492	0.893905430031006	0.960309179455501	0.338968549799401	0.699892914298379
100001402	0.332421451285768	0.526796396356247	0.382742890200431	0.708639705477244
415	0.00404270528055787	0.0714680556468458	0.411984137106677	0.771434576916056
100003109	0.904156057648617	0.912513487791121	0.34146741296599	0.690270459421622
275	0.625215984896401	0.822191301839409	0.329001705409762	0.685893865310399
1143	0.217717185452066	0.0869132714806214	0.298833588873468	0.795608699169499
279	0.391870006733613	0.36682184777773	0.339015887392527	0.571297664335542
100001198	0.955987197759013	0.983270166118338	0.345554583631513	0.700206091959039
1648	0.373484780162358	0.961110816750013	0.339334152477452	0.701518870666881
100001590	0.325580610852722	0.272229983260148	0.32387822449231	0.615266461354648
100001733	0.49313617140427	0.937190609178878	0.336957680275628	0.70695828476613
100008933	0.0173207053751129	0.00233886872630849	0.451206919622707	0.655197756529815
100001550	0.419505333496613	0.484197819175919	0.322408679556414	0.64698058612796
1215	0.055445285590196	0.204242827823001	0.289825730746103	0.654505707681849
100002356	0.320120982287629	0.117756590451623	0.395238006107952	0.705405444177319
100002749	0.625618316570244	0.728469728932304	0.344945763046649	0.710911995098957
100006379	0.129352441325605	0.149204167727577	0.401416571911006	0.439231344939343
100015966	0.0871618694851487	0.164938781328145	0.361741437740907	0.525042421967436
100001392	0.783900697146724	0.885744927014273	0.343463714853611	0.698896043597104
100020425	0.11846953401065	0.0502695162334879	0.286689324438087	0.45551343880098
100004299	0.482885334498137	0.931155558333224	0.345029527019935	0.721313207391018
100001734	0.55470140649099	0.509867695016211	0.356975790860754	0.63647846391853
1002	0.885157401122808	0.803690174161021	0.340862347045512	0.699562661424483
100001337	0.295937068725936	0.820734227798119	0.325418830699499	0.702083751741929
100001452	0.759316770567492	0.813092470948845	0.336125333522162	0.678095617954049
314	0.52154868581519	0.384438102379611	0.352175866518406	0.720001960411879
100009264	0.41810699726429	0.238329203137179	0.205428513488172	0.994491099980908
100004634	0.434626976326763	0.505949668025542	0.307083916582497	0.717412602756518
100000711	0.855760901677486	0.719069235525237	0.366330251424135	0.722194112165485
100020536	0.0398203263613032	0.113288669213793	0.375671621802916	0.788464022425166
100004318	0.3037922771908	0.560613447065363	0.348478565708201	0.696408445093729
100005850	0.846570341251048	0.454025572457642	0.429974959844523	0.644701810000455
100006619	0.352597716976339	0.157209173600312	0.376356735332221	0.685541001373946
356	0.498088797766878	0.647180113609341	0.325387770885103	0.717020909553623
1221	0.729365209763762	0.636040508351885	0.40933701764202	0.731799042542502
100001397	0.567565079846257	0.671363346142935	0.343863971403091	0.69236689350613
100019981	0.550637591490434	0.856136610508273	0.345776625875539	0.723930911286723
100001208	0.711927234337333	0.344917573063565	0.282555498711491	0.938513586825573
503	0.00664075680638321	0.00873191139208223	0.222299756337244	0.537748942755913
100006375	0.141323403019717	0.59375268560568	0.369220186595065	0.678216707408635
100001295	0.680814626961179	0.616054139159223	0.333153846781258	0.794036580813553
100020427	0.0537440851118717	0.0289664878873154	0.32521235538842	0.396661212924168
100002784	0.463440621660571	0.369333692671962	0.292924265546801	0.77166551815508
917	0.0574938847554877	0.202957629060467	0.370674751494757	0.650010933279682
1869	0.188918636804361	0.142779768545462	0.400949016514605	0.571631904789984
240	0.238653578542345	0.116422523057585	0.219471666513408	0.504031491480786
798	0.0050521546412718	0.0849988772048095	0.496772422379181	0.632934476286516
100002952	0.417798034015903	0.413330920656529	0.35145644764067	0.809485857985001
98	0.668598053908735	0.837776982050889	0.355721332839806	0.706118918734262
100008998	0.426195827237256	0.408593624176338	0.272731008039254	0.752122782401289
477	0.804762823886376	0.325344373879961	0.341156315323429	0.695152155359292
100020545	0.186346241958645	0.197641444198386	0.335606948336706	0.836920786089577
100021666	0.942407813479358	0.237983575670976	0.379306261101864	0.690245271928212
1256	0.511205801007918	0.666929319049459	0.397075316453028	0.741731594137931
533	0.402573953147317	0.0986513177205485	0.236822706753536	0.454076985695562
100001757	0.395967964024313	0.872566413303091	0.350873206856653	0.694184862876272
1024	0.345782715317502	0.0965131870598976	0.229003325250292	0.833777096157978
267	0.415082192737	0.97557734821058	0.338184253623601	0.70203090429025
100002113	0.077210922596074	0.0738081119621945	0.341018103506338	0.732178260562679
100001756	0.887978600935807	0.809265678453742	0.344020059840507	0.713082531158784
100001193	0.497721629207059	0.193826517759871	0.409216168997842	0.64533453539945
100001668	0.899774163823819	0.896012714407185	0.345045491950532	0.694186618374558
1124	0.332810872860757	0.315451013747958	0.302336292941187	0.794293556727779
100021331	0.152969307727846	0.308462658470772	0.322455428107246	0.745136736180974
1090	0.0448233960928446	0.0364375939165263	0.337529735243517	0.860201477294347
566	0.694479593304861	0.39082930298636	0.260550291336458	0.698760874802872
100003119	0.527205728781443	0.302501895129827	0.368311525785366	0.636737961109771
100006367	0.754092689918848	0.566175105249016	0.350438059903912	0.680682161008563
100004322	0.185938859138532	0.225293926909878	0.354202109930105	0.794744147191366
100001034	0.659459987615343	0.863384324071908	0.335823623867583	0.693897232363787
112	0.85716714627866	0.914702937076626	0.341512505888853	0.689524379544156
507	0.760570504831572	0.792876441770004	0.337467023098902	0.707040698593057
100009233	0.286374949252999	0.184024664673	0.317036019719049	0.721133414660611
100000406	0.0216877343641036	0.148595308697502	0.511034943055965	0.506818646573637
100004046	0.517080943498256	0.32516616664341	0.194403666488147	0.625038873022272
1025	0.827075879606702	0.725349448587954	0.327159892269344	0.717351647389642
100001106	0.0533550042235249	0.106639100870446	0.303859935263917	0.763889327544015
1128	0.0191610952128375	0.510511896928883	0.388095144435673	0.76294626522077
561	0.0428592744078295	0.180057506138404	0.243175605470849	0.620455718069827
100001614	0.680527951462451	0.329742694243075	0.368101448437092	0.67958523364524
100000961	0.925827324319411	0.979641871614312	0.356878129565804	0.709821907777101
100002397	0.607842190583781	0.469176212752809	0.353855398860616	0.605248841451727
100009407	0.91551374737232	0.958385228992222	0.346186718512121	0.697954562788678
100002910	0.893815323224283	0.520649792188987	0.309242582601129	0.620111516193266
100005946	0.236537647919434	0.322523897751784	0.396071534501705	0.809791343281634
100019794	0.078439282234424	0.258587021359322	0.349822017491536	0.875766172465593
100015759	0.291128407974659	0.0966828664890854	0.293659161790634	0.707610754278528
100020417	0.58422029790243	0.533697416921266	0.325580855153894	0.671458165689714
100001054	0.680111465321912	0.979507266490964	0.34119413307491	0.700695428026404
100001437	0.302812461171619	0.321895332510056	0.284963210833294	0.623504392950203
504	0.35997519536684	0.74353830070828	0.381372007499034	0.706707418281564
100001988	0.472331525943949	0.650566046009056	0.333685888188847	0.857657633808012
1082	0.0355427153912974	0.599467422343943	0.373989228917377	0.73013304725604
100001403	0.185356909037337	0.252095859449936	0.407248866797813	0.688082213015642
100001664	0.79682207621361	0.638239467488352	0.319442290265287	0.837254836323274
461	0.297100196804888	0.221335837528216	0.518470260706939	0.675979990217948
100000463	0.724757418259834	0.998908241340129	0.343989841292925	0.700451742996928
100020208	0.53993203764722	0.517150120851961	0.383669697598885	0.584419791889407
381	0.517392068896509	0.0724075533718165	0.15824851348095	0.528862838475711
100010901	0.0638569285707091	0.067068715167222	0.351951764828793	0.830164778986817
100001468	0.299616828845562	0.979034435791371	0.341304867397638	0.702801245811487
100000840	0.953485048694585	0.904660475431287	0.340951703206304	0.710656164765812
100020014	0.260603007773683	0.606346172832254	0.332409540995284	0.715331986358857
100001993	0.796903119832562	0.639232963835309	0.289438846490826	0.840001175385393
100001051	0.0909987528364739	0.0200721556845416	0.378114488198771	0.373639910165863
100006116	0.359672268053816	0.500129842693871	0.346374365668075	0.702950013881194
1108	0.95651216540111	0.92028792232222	0.337216258376471	0.710249569787854
100019966	0.312398746158896	0.127006018207306	0.412224450669639	0.675867096897753
100001743	0.501855364048987	0.367682179730999	0.336248249902305	0.686303988908507
100001294	0.149985894369561	0.219350860979641	0.24631114425776	0.752201995413196
100001609	0.283522784710395	0.118914476166687	0.318923200885035	0.789115090574179
418	0.773582229945988	0.964961788133093	0.339806893643347	0.707110689416343
100001178	0.321329381235151	0.961361823652513	0.340853963976363	0.698560773954808
189	0.969271136935118	0.703196265943152	0.313158641231019	0.669162366191057
563	0.517576642576167	0.779536061801289	0.357967290495557	0.683974669450378
424	0.605165054844923	0.440168109327103	0.376052426366048	0.682767218539255
100000776	0.149326713190398	0.3235444159682	0.381844438357948	0.702987243526504
1001	0.869413909860336	0.433138156636554	0.353469452237083	0.707946708318253
1135	0.340209426550223	0.099357810635151	0.323864182454417	0.758346923072743
100021093	0.330347257210484	0.462586540968896	0.396841541368936	0.726906498829782
100020219	0.134582191154614	0.23622491999049	0.347424430768103	0.590771353521501
194	0.551844283126256	0.785607426000693	0.35234205474274	0.664029616064955
100008930	0.724108621442699	0.616565216502786	0.36667331465428	0.680957279730413
340	0.58223894386127	0.236602674973241	0.216047198518325	0.782415071515476
100010896	0.883576221013429	0.698836604289086	0.319341186824374	0.713184160257666
100000787	0.118752756219721	0.0786352477936773	0.354626384439989	0.387164773437005
100000639	0.0365143963294033	0.233656549103912	0.306794133661531	0.705704489028848
100001851	0.849885058990289	0.213401658473299	0.380752706290214	0.456984408588178
179	0.631192115803634	0.60372476251682	0.334529665559241	0.71777028839585
100000626	0.389650411326367	0.754319645457085	0.35305281481468	0.702905882417642
100001605	0.0220071558118074	0.107095306249874	0.379602160018772	0.770707336014015
330	0.237207663847274	0.414441552445359	0.375185757879647	0.564111026216935
100001162	0.737580829893772	0.62763205837427	0.308261955486771	0.66999679440626
100001167	0.0470661726476419	0.241932219199787	0.333713505850166	0.682478839453222
100002067	0.608852159041464	0.801025798204942	0.416735534999762	0.648155806977007
100019968	0.681185909749033	0.372555696954256	0.37067781976785	0.63524222735549
100002014	0.939477985627829	0.955470480951473	0.338703343293931	0.735465200526391
100004083	0.382663176210707	0.123408512769846	0.385597883969042	0.559726280580034
100001315	0.322533451151607	0.392870251311085	0.355567815800535	0.768522325944904
535	0.222505256442724	0.519919988037781	0.368749610743013	0.692780504373707
93	0.402328016204779	0.259446408674695	0.38198081576495	0.537184526917366
100001989	0.23392197235152	0.508693791217045	0.311964801733424	0.765902411108954
100001740	0.734594527787481	0.407162009898417	0.311307705007236	0.720887092309533
482	0.20119012115309	0.974485727842516	0.339298598617445	0.700082365406751
1629	0.250534873045905	0.406981008248508	0.406457366344974	0.678357879546799
100001399	0.300075420536733	0.303271644640623	0.378320524846947	0.710905867436813
376	0.900031874628138	0.180259222175766	0.212461944179307	0.800390026920137
342	0.625143017292134	0.575547218957832	0.338277771818495	0.698686630658695
100001253	0.0410520729978262	0.210963088127468	0.282515516955216	0.895188125171014
100000708	0.799890159231048	0.906073722070662	0.348229915956549	0.703831891053313
244	0.174947788017777	0.0507588963753223	0.288964085390636	0.822533171234621
100006726	0.476006729181953	0.293617215672569	0.387663760163378	0.683929814608676
100000036	0.149853544878062	0.705586951894922	0.318804714784252	0.732780487482204
100001257	0.040955358186783	0.105241830084697	0.421699294483025	0.944864678718582
100000445	0.471925890534736	0.715794139650383	0.356030710967111	0.667244131984728
100004088	0.00590843530944071	0.133182977666361	0.383305494892917	0.773069760612745
100001423	0.997100377643995	0.761838141997466	0.343037572218001	0.674416480091714
100001276	0.312929755738231	0.265280676675261	0.312674894970005	0.614668291393218
100001876	0.693906706935426	0.935127004587883	0.336940908158578	0.701950265309638
100009082	0.642727380198951	0.0424995901583796	0.155588969405891	0.672000099816944
100001121	0.358503526349725	0.734425476489424	0.333945117224455	0.696371984709872
117	0.308589111447311	0.627199046672518	0.320244672560455	0.721718576226184
100001868	0.031903956451761	0.103566370290628	0.40807775477599	0.712150177641635
1134	0.403869678841071	0.209214008680369	0.223157977936324	0.676272034914238
100021012	0.253779573697812	0.470593666259106	0.349419678755635	0.727094662891068
100001181	0.810092004395837	0.267538844682494	0.411467725956878	0.629490408918453
100021467	0.80973672228052	0.321226119139713	0.336806559233433	0.610686805295765
100000447	0.167344058750177	0.204706099637822	0.409502341975282	0.668205271681636
1162	0.000433940376433763	0.0119246892330505	0.449804845841157	0.604924318819028
100019982	0.795467930186433	0.340863001022371	0.384724783388207	0.692378518335733
100001613	0.84005636040932	0.40277757882254	0.365228140050135	0.668972307439355
100006644	0.335547751819372	0.605756488961166	0.31958411837495	0.731688197555207
100000096	0.529319490842368	0.0269740416816589	0.228425267645947	0.671749072958808
926	0.491237619828638	0.691518830040613	0.344974466504537	0.704278123789967
100020004	0.788472177947562	0.71661571990944	0.352502719199636	0.698958259978609
363	0.156793564476602	0.0456317167807472	0.318776102687422	0.278369873780914
1111	0.504388100878298	0.935298995522804	0.353907779515671	0.705928153166086
100021712	0.545527811321266	0.882839494669718	0.33706024476403	0.692254322269592
460	0.726768943836505	0.632175654466023	0.359204482850991	0.749738191403472
100009331	0.308852014822551	0.198707783961454	0.309669426133801	0.731634015869987
100000442	0.326898420366635	0.775230222034473	0.356468333630709	0.712486935936828
100002945	0.112105037617998	0.0188249533108925	0.424702973178122	0.652781448301625
192	0.855243876430991	0.948873175088672	0.344790376525286	0.719545756343641
100020241	0.408919929787317	0.998656173555403	0.338867641711099	0.700405352032985
100000580	0.104954991092237	0.117456886479009	0.298009914511198	0.957601168724605
100002466	0.0128566709386323	0.0344578399506831	0.271597793252965	0.453625007486896
849	0.780450665535196	0.629187915084861	0.340224791566437	0.65393378484183
501	0.390667112763678	0.338461562157062	0.388741750022314	0.656191314460761
100000282	0.720618408574238	0.14723019003332	0.418238135034178	0.596454479866989
100001577	0.0462497501968631	0.200826674884245	0.437659499892173	0.754338112944512
355	0.0787076765767762	0.282807877440652	0.288718233868846	0.595977576108054
100000841	0.802503153704328	0.97498358855746	0.358240080892606	0.701606751200508
100000846	0.833355974545684	0.353877813692111	0.328326438287072	0.693972334216906
100004295	0.944376057263816	0.424179979133389	0.311778483690946	0.649964895643829
100001586	0.069721641570503	0.0384013689821495	0.51005086911155	0.347274531169136
407	0.00548799035598462	0.0222025641702343	0.416536502976838	0.797047732741621
1137	0.760566504985644	0.692532350674951	0.326915247648741	0.746231990850725
100021374	0.0322113393657523	0.0142009949881401	0.270632480473636	0.885026285279762
100001593	0.653461839769056	0.894774556321476	0.33658468224341	0.705034474472966
100015971	0.737160181619023	0.74067359591421	0.331999441111147	0.698626175114749
100001022	0.323471294419535	0.1624750461663	0.212756871948449	0.978954492994927
1094	0.0755393216699012	0.238011920376149	0.505400283164949	0.931239147594274
100002122	0.279496514901355	0.262916232577261	0.283092110047364	0.798771864493294
100000706	0.512553082841899	0.661149376772515	0.30432161011929	0.699449983353819
100001055	0.737363879994925	0.438538881937031	0.307200113303925	0.64208042009484
1235	0.534352635297004	0.753103505555819	0.325167144866976	0.727198771118405
100020204	0.124167288953939	0.562241869236711	0.359140656580239	0.73944008602274
100015643	0.0398739809250366	0.308517654028302	0.364779463791601	0.654569093000755
313	0.0220534957321378	0.268358777920068	0.356863526393964	0.638760206073297
100001413	0.745089944966623	0.977220926006137	0.344776878550734	0.699887088314819
100020423	0.0183984207035518	0.0159266378691278	0.367939551155255	0.372833183946282
892	0.521665418530154	0.156319255024176	0.364071636565401	0.727882467252548
212	0.0974514025392069	0.149202856498173	0.417166368495508	0.671587661097229
100006105	0.195165401780771	0.180506572290419	0.385633112617561	0.714048293347369
437	0.882878673984463	0.561448130447705	0.316925264479088	0.720131772672273
100019892	0.496967418651922	0.781901656981558	0.33854026825908	0.725504999380822
100005716	0.0666574946263312	0.102371163256004	0.371581007816178	0.795197131252991
537	0.237860620610395	0.126819862927892	0.347113881855723	0.725778110925196
100001990	0.555542393939169	0.798836851466108	0.354035292603687	0.672744874452941
100003397	0.0322133131341781	0.00407278448177099	0.267944621230707	0.449521709708374
100001320	0.0626315377232878	0.163175428559585	0.469619743608599	0.430290741617149
100005717	0.110764862198323	0.0839503356363512	0.404962761904184	0.743676639280232
100001207	0.0621108124544004	0.240328910986845	0.349496656218907	0.694448569999706
100001999	0.517485758581811	0.803437386321183	0.327216344225392	0.800477945099625
100002488	0.247351414902982	0.0201817468197179	0.38934955317423	0.63960379498852
62	0.291878474309674	0.708747146179489	0.325512406528103	0.703106547066503
100000467	0.629759312747941	0.457611249862709	0.323951963439249	0.67255239613399
297	0.00607325874637701	0.142546897570791	0.344631645366379	0.669186508813329
100000285	0.0310970578888105	0.374392817794499	0.3423072462581	0.801982803812323
100006056	0.0695967930744719	0.386675845903949	0.356580258836815	0.744322340545653
100002126	0.113948941408513	0.23695703275161	0.268616324212447	0.956396913762091
100002129	0.9107813802025	0.730208511517493	0.316453367878816	0.829301396445527
100020478	0.0338444860075049	0.222982671906453	0.309792676231646	0.732573209672436
100004089	0.0755975394379336	0.563837683563576	0.357748224588009	0.657755162475789
100001755	0.593849691895142	0.557981425743823	0.343789830037126	0.655073882563033
100000551	0.0229635173523192	0.925928230720494	0.353749066995313	0.694999375210158
100003260	0.487446600231016	0.320307528593282	0.381189285284907	0.779415332859102
100010955	0.937848660889351	0.463344508362349	0.277287495478008	0.602875900084799
100020851	0.384219486146153	0.550728043436097	0.345918022288745	0.712829386540932
100016069	0.60549194596124	0.768533744152958	0.345104425423572	0.687309916208063
100002027	0.48652822528213	0.588033714781764	0.274191350815846	0.80015213096615
1123	0.420561128576316	0.203163019091424	0.32269026117141	0.82530631366041
100001150	0.62851831949457	0.925106434166488	0.337027469865173	0.705302648193576
100001657	0.224250549818395	0.74534994962721	0.337721257987452	0.685613963864995
310	0.245613209132517	0.345634534840052	0.302405793557489	0.806444815016305
100001314	0.34941486063988	0.135343051043946	0.319970139978013	0.581114016344957
452	0.710784133313481	0.606908093002736	0.38220814295678	0.669140096883604
144	0.100890713731522	0.0624732621508518	0.405609908203205	0.565660430296075
100001182	0.234581521542501	0.161746207436266	0.408089684930332	0.683932786475214
100015965	0.697072025920848	0.453597423668572	0.326870856983394	0.775538434734771
100006108	0.858479084215677	0.454661845786249	0.355430723334323	0.742635472344307
100001400	0.216248828104154	0.344430126184164	0.337057358718528	0.698228970507618
100004541	0.265155315345065	0.207595627349428	0.333212665545565	0.449495624811665
932	0.885058344488653	0.332034859055017	0.348646158249395	0.736845985314976
100001992	0.428317314991716	0.537721725017806	0.471958843299787	0.595605409566044
100009252	0.143102028444739	0.189490308401233	0.402255628207241	0.681020162237847
100021104	0.692955278295815	0.603921874830289	0.287083134561733	0.820475205785158
100015838	0.0087249116650392	0.0356389372895849	0.501557874400059	0.964362109366363
250	0.000491101457642003	0.0158441798743016	0.661817609099323	0.82527818923874
100002537	0.969511885251286	0.489600419950454	0.317307619392071	0.814462726098896
100001658	0.799439171087314	0.830485014823584	0.347568097276378	0.691197557389799
100020416	0.323737935860291	0.386685020354379	0.30244099114382	0.675135716750739
100006642	0.248105803139278	0.760979382118308	0.326971394824065	0.723811546878167
100001391	0.100894416732866	0.310408270599656	0.43435924222316	0.82210820098806
825	0.547189601116117	0.67929408119643	0.307109790459803	0.708910155276093
215	0.0188782182185133	0.102377681404984	0.400956037977734	0.687139737790255
100001026	0.987515378833354	0.883921048223238	0.336476918515625	0.735196607640562
100020541	0.263685269947782	0.359623497568059	0.299895753539696	0.760036219341871
100001526	0.3827129490265	0.357075403305846	0.450454856231597	0.790852350059919
100005384	0.541587032276873	0.437137112431841	0.317238552743957	0.623315314478964
100020378	0.296586087288686	0.674382030089196	0.325866921430162	0.708377011866829
100006115	0.988337317805555	0.387240153322139	0.431389921340061	0.591440585980628
1442	0.225519957944353	0.0523192541767926	0.151074568628571	0.583704691177463
100001843	0.195285850935578	0.237858907284771	0.356747025902226	0.782001821648234
100015837	0.118295191222735	0.224593661448845	0.605798079122661	0.648836164323309
100010834	0.740068363201646	0.983536805422066	0.339143101255681	0.700322130085482
100001393	0.542559458136763	0.47113663641997	0.276932794943218	0.73671406708676
100000015	0.293055543866465	0.604147134605474	0.318269307276915	0.71934092257191
100003892	0.0387965824297977	0.0453293792251556	0.308052264783442	0.97203433204408
100000042	0.197198505181109	0.0254701083954368	0.355997423596666	0.604043101852792
100020550	0.639738862256644	0.232138864882994	0.359058892158648	0.59518554638224
182	0.41934943501858	0.337575142564626	0.32955273208242	0.722594514538128
100015723	0.164395132021855	0.46191570505268	0.340201245015708	0.683672789015139
100020343	0.406819785758186	0.503611052689082	0.309322425258539	0.703123926343482
512	0.338222410877426	0.633619091157932	0.370925887776366	0.675047318176806
100021100	0.707612163642287	0.700497312939542	0.327483951870387	0.70576966679401
100002528	0.302468114407238	0.0672470025399492	0.405515988395673	0.475637156844554
100001287	0.447535681983304	0.726736987345361	0.452501334123952	0.640092142155421
100001229	0.709769700513413	0.862779172265879	0.35095281461131	0.687475691803355
181	0.882783385743534	0.793349069187177	0.363585907985298	0.676288716928036
100015831	0.00130430008905523	0.0190743617668758	0.46246029815979	0.48739890211711
100020515	0.212614348773512	0.39880837102976	0.280548134486557	0.885510616929576
327	0.241643218940086	0.270343978453238	0.403381782400199	0.655205174669913
100009394	0.702106689731842	0.803459769089872	0.325694995397797	0.723778185414771
100001596	0.936856850170361	0.255721836512247	0.304684254329222	0.534656305182947
207	0.863042194030509	0.486824380937914	0.353997442110616	0.660383172897384
2054	0.490012489394523	0.780020996080502	0.328354337262635	0.716516310695743
100020259	0.688175226827266	0.572513532242392	0.36751877522523	0.685202376836518
100020414	0.00355560856705727	0.0402847619484894	0.24443977440699	0.667487957822585
100021131	0.765049639904347	0.295584031934881	0.321264431907947	0.65536775732104
100004499	0.858169007137091	0.740768158811413	0.331153411148823	0.673335971759156
880	0.223308917274834	0.818970786722179	0.358694087236427	0.697180087019771
100002049	0.50706739043893	0.312655243222693	0.373636530067924	0.651444110959242
100001739	0.597915767714727	0.256872598527904	0.419148085032616	0.659439570291804
100001126	0.503198207811379	0.161733740576887	0.220534789498463	0.571940108899862
1113	0.647832240684635	0.811005585797485	0.355196230846437	0.671375862245353
1083	0.866488451486387	0.282886483046414	0.38074206001547	0.607095545886288
100001730	0.0647258556160047	0.178612891336676	0.399516563446702	0.575628719322231
100001412	0.68439198196301	0.962594909046449	0.343123163966343	0.698325895365038
100005996	0.979440973303995	0.500438286540092	0.3344472752981	0.669515743222235
100015962	0.0160302125598171	0.118782434201859	0.217514037979856	0.981486777791061
100020214	0.707321444027746	0.427590729541147	0.356947216353059	0.621398039168243
100002514	0.125072649498962	0.336838869717418	0.352281390799496	0.637657719177166
564	0.163673967282431	0.0516514204872427	0.307125079186347	0.578676447533155
572	0.0238983693981632	0.0192214834234646	0.48856256560521	0.563500098146285
231	0.991750877781085	0.654544599371053	0.313258029960696	0.715212178452652
100000453	0.652955532900978	0.620897846494524	0.326498541881245	0.755698145662535
100001007	0.109606886960052	0.241001076179019	0.403255776229389	0.579003446058415
923	0.524943019126245	0.294047004869928	0.329386151021563	0.762433991914232
100001247	0.423117229135776	0.536690408169081	0.322265322013591	0.684853268200547
100000774	0.545338449433591	0.827777245862175	0.35984744656568	0.72251313641812
800	0.464073863760282	0.39205436522434	0.348847924046907	0.751892534685424
100021678	0.322037671161212	0.428606565369436	0.285604493125349	0.697670320348766
100021711	0.516218371843074	0.887266007533548	0.35042656555767	0.70639034471564
100001274	0.660441294075528	0.364338682337605	0.332372921502545	0.536056449050492
100021220	0.241479186371439	0.210460390510642	0.379810106116101	0.987032757493861
100020253	0.351583791443937	0.932908193469299	0.338214958373045	0.706153814693741
100001170	0.820757102061906	0.191422254851853	0.309495379866074	0.599866233361845
100001466	0.297700043476293	0.878175053805557	0.346133580961396	0.695869958236523
100009406	0.698036340408838	0.66134583030414	0.326726548209838	0.718927139528454
1026	0.202128452052055	0.468598635131183	0.359358809682141	0.669588938394187
100020837	0.792081642891057	0.38735278700424	0.386587997550055	0.605712651522016
100001006	0.0471518386101871	0.0667663632181018	0.340852652394492	0.843445506410559
100003674	0.80664927042293	0.135402833671744	0.33303799596985	0.687412817787938
100004396	0.348442267089158	0.435452934245452	0.38188699818857	0.597976354272155
100015923	0.369210421591678	0.807444782281065	0.383241436338658	0.683485712203876
100000265	0.487430233833024	0.733325699241036	0.344677593645736	0.675296617995909
100001409	0.0494335063865512	0.097320571735337	0.351740964001355	0.536015208505249
100003434	0.462227184463039	0.494125038310883	0.347377987200404	0.62018137586979
100001334	0.663511989124364	0.0814247465863572	0.408286300204303	0.57791495610696
100001102	0.99309770507926	0.63511441462335	0.366043219686865	0.672674738707373
1268	0.692240860190454	0.0744937412454715	0.209145956396288	0.648465067666981
100001300	0.259852556351144	0.0982349787875758	0.297225101248943	0.703148551929532
100021324	0.294509200929992	0.743161586860524	0.41645947838586	0.692057239536099
100001617	0.130920983193471	0.101593134619342	0.323743831281203	0.73655441715419
1105	0.689922281799617	0.113230639255242	0.504948876484237	0.35368211518055
100021502	0.0819841547818231	0.306926122069906	0.323199014238022	0.728506227886598
2051	0.997118887515969	0.525456223729376	0.346140256556	0.583936225467832
100001256	0.240236590028782	0.579002586024008	0.361617187486048	0.81172464994146
100005466	0.0575509192871629	0.082629575777423	0.38740724937867	0.493365254795092
100002199	0.102936939044514	0.674558014790557	0.356876707555713	0.725830729842099
338	0.014162479952039	0.0445615441293418	0.540551571909851	0.462806423535419
100004243	0.504701103780122	0.612034607524976	0.317669740549408	0.71091744118057
799	0.341882582748569	0.931583683798319	0.373406188146296	0.702573722301395
100008928	0.657304771534852	0.114322736159002	0.330650177921863	0.685955065641237
815	0.0782884312685086	0.251855281312863	0.346746048183419	0.781503144232128
100001456	0.00873525116196235	0.0875976196290858	0.311710020204411	0.616380424320213
1242	0.0790350252737445	0.0842718976480983	0.40592558583685	0.501225215633341
100001416	0.270307818330978	0.111556115083695	0.238779788743877	0.446065074885316
100001462	0.34763967505307	0.325894576953564	0.403712686281924	0.661652305262294
1087	0.214144340245386	0.0444845299749341	0.348105166485886	0.662987099981606
100020421	0.066227389913989	0.108509967390428	0.386649319272925	0.463189344861033
100000010	0.00688622689001017	0.0527400318496798	0.336420686872703	0.746108276296882
821	0.481854304135662	0.365920235995892	0.379142124563215	0.549107734738393
100006627	0.172963090831847	0.112159192349299	0.501907354462333	0.597524869979667
100001277	0.397948795945703	0.161627242532383	0.390930207694864	0.655640425485566
100021141	0.0452167140695684	0.196902418285633	0.380320695284411	0.80052484307548
100021105	0.256933879775453	0.33012702128875	0.344045525573358	0.526886324418291
100001950	0.000242881505505282	0.00581608911800523	0.457833311045731	0.890398903111175
100020217	0.842677919558082	0.298128406682398	0.245313169778506	0.531474391131075
100006651	0.0198583161946897	0.154315412941531	0.394206920669337	0.458256530621008
881	0.82496769994113	0.393040556183723	0.325849558762479	0.718517539412832
100001509	0.731071944112857	0.158566155130924	0.295967681089172	0.61758315347089
100021709	0.692558304340757	0.892266365403034	0.334301131718555	0.704113630003796
100001635	0.221693971006245	0.0253115323845994	0.387775503180105	0.645488456168654
100002613	0.450187474124323	0.122924987804025	0.317730998511171	0.787259495987768
100009329	0.631952967131105	0.7231753442282	0.311012956925199	0.817350734487911
100021123	0.892720509014382	0.632707823249919	0.348623254939142	0.621335625640107
100015760	0.229892104508389	0.158120434328412	0.28572086168865	0.737958266976552
100020205	0.308445288494332	0.385904776345234	0.406606559756827	0.514578344085958
100000765	0.833947195981163	0.358065959628314	0.3684929700388	0.649110492153431
100004111	0.329830706594305	0.167753603849993	0.373495379346053	0.672226653074121
100001615	0.370956137753024	0.625538941050294	0.353734598336777	0.70695977956193
100009227	0.189431411371338	0.109631824369697	0.477493133360407	0.852427539953338
100006191	0.411074882109379	0.58740909668864	0.366924897158169	0.650388566746741
100004542	0.52431161513499	0.391512651539674	0.352065214599021	0.743236822748588
100003686	0.340608207178286	0.133456336941834	0.459961288754207	0.63669585416149
100009232	0.0188297411940654	0.195816938156673	0.348136415461794	0.604084658855692
100001501	0.0425577800807594	0.0923647960102325	0.443936740237956	0.744582854662632
100002367	0.573767094531469	0.283215500029009	0.313124596352711	0.555017585434655
100001108	0.187947638672096	0.821985430686922	0.334221408642509	0.692625189878385
100004227	0.676728374986962	0.968943242453407	0.339394037481481	0.698910589572787
100001310	0.249607365467918	0.329397321441268	0.313490830473621	0.801525872565568
100001994	0.616899241758763	0.77646240988363	0.319649490242104	0.821622056274732
100015839	0.0104517867454495	0.0116663084743695	0.459202532402435	0.79623218324404
100003271	0.00528991265631953	0.0804894599630131	0.438453638872542	0.505797724320486
100020496	0.695817271197853	0.962961685115758	0.35056320265803	0.698366146686329
302	0.643119762622472	0.431485478338838	0.303309922890951	0.669378360562907
811	0.81247551378448	0.749964227328997	0.33111563025597	0.734686732817651
100001267	0.877923601197058	0.831259796578281	0.326672951605441	0.696905768015488
100001197	0.0125717189333703	0.281483599646395	0.405339589275525	0.720601880489359
432	0.200163042413697	0.461061895652676	0.364066321317277	0.682477333665704
444	0.00619768299337	0.0424082081072283	0.407804219829382	0.855433984629797
100015968	0.408339478013114	0.421412723226536	0.328184357083564	0.630876469281966
828	0.917468165920871	0.868938493426097	0.332870677486799	0.706583440256573
100004054	0.191398071989285	0.775731689694632	0.345339244932711	0.710355008673935
100004635	0.0848177710332079	0.128149906968062	0.752558501230597	0.426598004560956
100000491	0.510946160693355	0.620508418026853	0.328643919204886	0.616390494139019
100000939	0.0320889732951655	0.0284163639408126	0.371395977654427	0.593772369108946
241	0.250260974527899	0.605983641741051	0.358629708857989	0.71997268642349
136	0.399191398057818	0.0746733938155488	0.294802253351003	0.880450562576093
100000792	0.607060690209325	0.964653502460969	0.343305060859877	0.749011033058643
100020973	0.665502122574901	0.663786519396944	0.353992227615219	0.676651499972652
100000936	0.620051975242946	0.914465305866724	0.337220406341201	0.701711978198346
100001313	0.00777729210282031	0.14839380966034	0.359200096027267	0.757237707559769
100001951	0.0608581651998395	0.103082879292034	0.371043610625755	0.689769177463217
100006098	0.033798299941767	0.105873935104436	0.347425001442461	0.798265475375463
100000007	0.268809601154616	0.564274834480355	0.345450849744051	0.705294127431832
100006641	0.779250094381249	0.785775692306564	0.377757241476439	0.704084179685876
913	0.00949168614557612	0.0578359985407206	0.4235269041019	0.565409746938298
100001579	0.856483695419453	0.440796659789823	0.369128705975752	0.70103340049599
100002911	0.165372240411153	0.0133915538956099	0.425855689905446	0.655794226397417
100001293	0.320192683447496	0.415519810855965	0.299798862898732	0.826032972462867
100002241	0.173085279398077	0.476547194934647	0.362476596467754	0.667142585103122
100003179	0.470258273465852	0.0933694323948497	0.313847121326956	0.552443503225956
100021372	0.363730933357986	0.261695401193235	0.257593262970545	0.70466595131145
100001956	0.359558671273338	0.557766038800809	0.33980650783853	0.621512757185879
100021162	0.222149459961772	0.177672180118118	0.318692015909673	0.526814055218186
100002259	0.337559556707269	0.624538147644532	0.315845831523959	0.694199882742952
252	0.445114542212925	0.626871944547952	0.382731540417044	0.650259486664245
100000707	0.389062591484332	0.322857450610867	0.3397235591908	0.711806668272424
1489	0.654615115461928	0.0193506795180022	0.25456806721791	0.672115809739238
100020361	0.020866094654779	0.0685196531711344	0.396101114175886	0.982564108223752
55	0.685814396184248	0.918257309809131	0.336955653906827	0.709360378551879
100000863	0.23707709449438	0.253776497048926	0.29953397188165	0.739830458250445
100015840	0.143640624604982	0.0868115497072799	0.461274298912484	0.662310532312838
100001541	0.190630930244264	0.0962912572263618	0.232895452724744	0.686681512835037
100006082	0.148466538997619	0.0535220062942881	0.439978207496267	0.696331558253868
1254	0.653704559588623	0.967334100200418	0.353250581788015	0.709911084168876
100001624	0.511087375720365	0.376089527237122	0.32028188440352	0.678190339681023
100015850	0.940156986504337	0.555138589300197	0.418822379585281	0.662021105887779
100001104	0.0046423432827995	0.0159222655436582	0.366706147562893	0.974279623837098
100000900	0.117176986572457	0.389125598785857	0.352894621137019	0.705932472636105
100000269	0.194403232732792	0.0827017972239988	0.215822421775485	0.654317718791152
1022	0.333295854947519	0.863589321053776	0.3442637456829	0.69278368131926
100005373	0.172411859772333	0.0698156117093921	0.311288403126321	0.737852826306084
100001129	0.123780114215427	0.693382217915431	0.329078758316171	0.732832742674542
935	0.00729166868306354	0.105074356414014	0.460188155501712	0.561353517603837
100001262	0.1550098716386	0.204796025402715	0.355230151482189	0.72934737273687
100019978	0.494567517373185	0.51796823265515	0.341736306207616	0.689831220408243
100002293	0.869681661597392	0.841115756866265	0.33992408076333	0.700758947020918
100001426	0.141155071229863	0.238135986724657	0.354644201595006	0.530929610073265
234	0.0364961857774506	0.161294499091144	0.336061695582815	0.678403080475502
100005403	0.163427700466575	0.951254341491504	0.33919783562648	0.711154406390128
100001083	0.0639162938772942	0.354671722671536	0.355389429396853	0.715872507450521
439	0.711524408654769	0.324984941789864	0.362925286673384	0.696397540245895
100001086	0.48500785685071	0.457993574194008	0.343907341151401	0.769912746959693
100005864	0.711457398925823	0.449477764420685	0.313759541570733	0.769652909542875
491	0.528178641731718	0.912539131888548	0.337793233998035	0.702360034648847
100002029	0.473790633494952	0.441184153599846	0.324587307633329	0.568659349753242
100002154	0.934604107974346	0.521555282843133	0.300676911522079	0.676933622832654
891	0.550396423422386	0.209856027495019	0.372147674214779	0.666922581872328
100020261	0.382722026209377	0.43966580197721	0.40314248882431	0.674652751761656
100001296	0.577068650220354	0.523288979819808	0.337556501829654	0.601527472386398
2050	0.418809589948042	0.557167977677614	0.357620518519221	0.647411785128117
100002761	0.22679125741453	0.594789296837938	0.283034886661158	0.875419227514934
100006614	0.76771804036932	0.691192040728447	0.31535524511944	0.758558204364302
100001597	0.717650643162564	0.187181356890829	0.221657367365012	0.513700083066505
100020853	0.912938614667282	0.917624690000667	0.340487991689694	0.706478705347117
100001446	0.264968325130988	0.404977300873773	0.305513454392585	0.692954668718375
100003240	0.339564588603322	0.135778653287598	0.381218803018604	0.617595787466979
100001502	0.0155231112989657	0.176924340349397	0.432330337456179	0.813423912830842
100020866	0.111734140628999	0.0132579720736047	0.206540078847872	0.507173351597473
100020419	0.028093912028143	0.0917123515696048	0.371200090089146	0.444334187367578
35	0.518110326115892	0.310110153930362	0.310453282604626	0.649109102325095
100003696	0.0073891867813643	0.0423978398383235	0.522262914705671	0.645464681624974
100016038	0.842685162081929	0.922257069806175	0.336349585045608	0.691955707702738
100009333	0.188172850870798	0.167853883898915	0.34348013632222	0.732351806579386
100001611	0.175940958644787	0.337128343006632	0.430258217627428	0.677932239002683
100005383	0.946326379582367	0.369852503421734	0.330941571583137	0.731258543189928
100009239	0.242916901746048	0.119104309508775	0.434841292113738	0.516331388655112
100009332	0.287808843302304	0.227954364650044	0.34448773838558	0.665618808066471
100001731	0.151027629848527	0.635950745379053	0.348280260454029	0.675904753579495
100003415	0.2659112282167	0.389158616504324	0.339862192032483	0.724776857804602
100020578	0.123139497451785	0.192059352416857	0.321917052762681	0.593874819032952
893	0.876244357110884	0.52458976378063	0.337365042704006	0.715125189308503
100000963	0.302523620080835	0.203561244790821	0.43515575706393	0.500061396111664
273	0.181654859102598	0.331735114589919	0.38378693372971	0.694684056782693
197	0.520260906705822	0.460557769453637	0.326510310034304	0.588697517529319
100000808	0.303893859073186	0.221024007420227	0.320131504465696	0.861329305977653
100002284	0.757912046131535	0.40956694106072	0.234555198903673	0.644564536425887
888	0.851986561688328	0.0841753166676123	0.377352735264345	0.686568336633842
100006435	0.530640007932047	0.343024267064545	0.268127888312974	0.996991000232162
100006374	0.191132767193308	0.531385526547277	0.35036769303017	0.690684490995073
100003169	0.584638451518579	0.980731889982532	0.337945402606904	0.699779130846749
1004	0.583376418716241	0.791570536232695	0.324214041125297	0.681634192547496
100005998	0.238374060862045	0.773411158695738	0.329314857396232	0.689081976765923
100000773	0.674596329740726	0.549600932274667	0.344113056291113	0.68431073262544
100010850	0.0185072192446799	0.123362007583347	0.392120562219601	0.577448760148301
397	0.720874863382215	0.432737088062195	0.262992823353178	0.753127088223896
100000039	0.0689164817548176	0.223092351036882	0.280955349405753	0.757362542381396
100020833	0.767787431577641	0.763961594821297	0.349120945622265	0.744121829316374
1021	0.364686837380719	0.327508641703778	0.322217996735236	0.740914602261518
100020479	0.379430582212534	0.574909953389334	0.342946531184703	0.711763184876828
100001335	0.556523869132892	0.321831453155976	0.378333930124087	0.668336273336603
100000743	0.626412018631882	0.983195951886525	0.338328158907372	0.707646112304564
100009246	0.166669466292194	0.637664482522205	0.328553281275427	0.733992936111638
878	0.190023527501911	0.774502662401775	0.327515856430728	0.713120723009452
100021103	0.705939059578108	0.893420180032305	0.351874745415982	0.762596131289896
100021363	0.225577963155743	0.561127697011014	0.318052784527888	0.743650761809804
266	0.146475483484877	0.224451588567008	0.338686611363174	0.625996958808056
100001195	0.338287747636388	0.219270590895242	0.423944317452643	0.626254841171947
100019801	0.788336854377397	0.698873709849692	0.352933428623067	0.687590897952608
100002196	0.0599107259551113	0.304887914093271	0.343697645232595	0.705534636480284
100006370	0.236393335073931	0.950417608661536	0.336592429967349	0.703716185333179
100001510	0.0246455525116962	0.00341430834671531	0.29592744226379	0.805702384282054
100000437	0.420709472135021	0.383345948069332	0.330038876789977	0.787533110842102
100001767	0.158436770845883	0.0350893361328064	0.409600269397035	0.766810421171028
100001810	0.432412609860925	0.501431461569962	0.353916374752342	0.858582423346413
209	0.0365794343901066	0.358573279838353	0.385731433760723	0.688459960143006
100001485	0.303861452334173	0.104903946890142	0.20485282198631	0.624608366663524
100002500	0.12492869028072	0.450359979509883	0.344261797761262	0.67179180126214
171	0.0225574724784185	0.0219730213840726	0.264482352590618	0.710227434290366
100020487	0.941625289759573	0.806458818673883	0.365919932810486	0.656982389450216
1206	0.00718240342782359	0.116419246145389	0.345368168027532	0.755395677160413
344	0.0219238052543517	0.03556712313101	0.605676035504796	0.780966619852094
100001405	0.748289420176198	0.932412235967294	0.338802483989939	0.711549204104433
1239	0.976045517912447	0.521627651615734	0.373630590909506	0.70429521694298
391	0.0629017889726469	0.182216332515264	0.321010238303683	0.915422282211845
100006430	0.425614129912873	0.180827592565673	0.418765900865925	0.436953256982017
100001417	0.889323205694164	0.479066585499293	0.329281411958364	0.820083761299529
100002951	0.0960607431520717	0.546776391307368	0.326503109192884	0.628568299224703
100000014	0.604758466991065	0.669001317248879	0.32765311347715	0.73000842478486
100003926	0.58234264349485	0.476309839810487	0.364687704709391	0.681898885314109
100021538	0.52304592107664	0.367651799389648	0.390402418406821	0.613111499654234
132	0.342411307127083	0.965027723602224	0.339606883012945	0.7004750806398
100001425	0.452960270156463	0.448611343615961	0.443811151574995	0.626362132213394
100020262	0.619389720115574	0.650691165800887	0.362771114416092	0.688010151894716
100002679	0.391695896466213	0.710339199795202	0.322756705986218	0.7662644208272
100001270	0.802966971341996	0.534529291165993	0.349772517512723	0.677833610267481
1102	0.791848849237316	0.989324398006237	0.338781676095074	0.704741357415883
331	0.255390102565497	0.201228971218164	0.281825951246106	0.58966686102151
100006361	0.516843045037374	0.613426945448962	0.314436968522805	0.774136415557014
180	0.770950054306928	0.898250635574601	0.351662146234182	0.698337433898138
1053	0.279314577175903	0.401916214901918	0.520246047914105	0.780110422080279
100001359	0.645233949152812	0.918468717084148	0.351715922625455	0.69053098961307
