chemID	simpleLRM_Fstatistics	multiLRM(chem_sig)	multiLRM(sex_sig)	multiLRM(age_sig)
100021136	0.0171862389046706	0.205379014605512	0.395275546846028	0.782075838787258
100000882	0.709159858147594	0.730606443147677	0.346939245325541	0.66043039591401
409	0.0788952896252135	0.139305852561667	0.389147874331286	0.416931197276033
100002254	0.648872049080444	0.0508277531494589	0.241499802324445	0.65944631738188
361	0.00981848472550469	0.120811454840115	0.247473058811404	0.654166851336413
100019975	0.562915329135186	0.700636875304475	0.341007139646954	0.699251524031877
100000257	0.000683496897448923	0.0191805614210637	0.343946308478666	0.614089950718659
100001232	0.868861128865164	0.999504565135616	0.343058204453412	0.682392713884838
100001948	0.321956494693525	0.340834324845006	0.371256427468207	0.533144207215248
100001073	0.754898825239898	0.989194470565988	0.350169000256273	0.697720805351975
100015637	0.915740226406911	0.46091493728818	0.360124540037591	0.676086081222761
100006360	0.702568492763415	0.698243463346558	0.320299928497042	0.746362101337328
1488	0.599217049044695	0.625100543373867	0.340444179035768	0.658521593017607
100002253	0.790806376265747	0.957809441156303	0.339195099827556	0.688525089341373
1023	0.910680998187445	0.696826888296641	0.337440587595422	0.664269623717815
100004284	0.698173733158265	0.814083911646909	0.334315147455244	0.688733792606862
100001251	0.593740254734857	0.956381481340241	0.338503785413808	0.680016631102678
362	0.764601434352911	0.478393154713122	0.310327745449512	0.675111718907666
100006620	0.713013317703555	0.916377400006616	0.339704247439438	0.684266207991348
111	0.346673151403512	0.17160286091999	0.29156313463077	0.652916857646004
100009045	0.549555024203646	0.253957489582385	0.288284160460075	0.845908093153788
100002927	0.747206473439965	0.854961530127109	0.333637066005074	0.701594847199296
100015641	0.822494229542504	0.962940771955425	0.339679363449248	0.685078243673011
1114	0.0974952557309639	0.92617574430079	0.336672291137589	0.685723138183087
100020409	0.178135201762193	0.293912102186383	0.37326434472788	0.520789065967946
158	0.0910668030245927	0.206289845349626	0.450520500134197	0.715079669057203
1224	0.0394599741585356	0.15417569619571	0.265155857405413	0.726582139258124
100001620	0.45960417269005	0.406337822458928	0.300024400567152	0.683557198902234
100020893	0.296767516750414	0.0615994657214165	0.307361855605188	0.405082620442086
100002458	0.657771434013187	0.600144085540745	0.375112819241348	0.631802545975411
100001112	0.710901198833605	0.942256956032551	0.340858754727193	0.689350033726449
100002953	0.380520068844955	0.764428764308561	0.336112397616426	0.696364630518199
1141	0.51020774842606	0.0675220381747312	0.405041753406814	0.509904427605818
100015834	0.65001455034946	0.748469794944697	0.334600056310367	0.663145086559983
100004561	0.537190445299629	0.832295538684028	0.346371551740971	0.676438942434118
100020497	0.897896628050999	0.681771616904919	0.319465584541979	0.713599486897537
498	0.042905619268659	0.292434451698863	0.341200091674711	0.762059162349827
100006051	0.916871981583769	0.858682316827134	0.342506524363251	0.678132048547046
1668	0.638927063451616	0.544126308815456	0.33274899390336	0.623763562784779
100004523	0.291088196316509	0.73690422810599	0.362807568109921	0.647155131541114
100001604	0.258291844086984	0.571803643199284	0.335632346969732	0.721706134663584
100001002	0.213190221948492	0.555948678584189	0.349348759764241	0.668965762096103
100001987	0.110681340862723	0.32524763890917	0.81543618778418	0.551973904015578
100002462	0.607533312532699	0.300308236385423	0.407428355068284	0.551959953940538
466	0.614199766684079	0.0754030123192527	0.366356249369932	0.658175644668924
100000665	0.906789587060414	0.431526901026185	0.379723910426241	0.625601392475371
445	0.944578798409075	0.435088450561431	0.374700701269511	0.731771360244768
2029	0.168602761195974	0.512711743827938	0.357483537618998	0.683982267835719
100006438	0.0989741877819107	0.223347109199353	0.405702365241531	0.696132155698703
100001398	0.18068782391466	0.61264198200356	0.317770671234348	0.700651260245998
235	0.456690053483487	0.478832322056535	0.303136509510502	0.714560286917296
100000997	0.783767622433143	0.746740259105969	0.339801823990871	0.663011462299185
100002094	0.204859767820977	0.20465874272448	0.29491051808914	0.54126920637772
1052	0.746705839446089	0.946567516980526	0.344559725981666	0.698948061312195
100020823	0.341157614541948	0.576482551086201	0.317986585716255	0.670340982560154
100001806	0.240713325996192	0.573487207202632	0.405570089584327	0.693291768185761
100006092	0.848873033179527	0.90889765259257	0.343496411630729	0.674126466043746
100001415	0.116061979973441	0.0848954374906229	0.337027567597384	0.407227777323346
100000008	0.045264885508755	0.0748044475038919	0.371367583432544	0.518083388970078
565	0.0078423442840376	0.0548327711242378	0.340863101705201	0.756866603518527
100015851	0.28838941334401	0.28826693178685	0.383718788540967	0.79861119197776
100001866	0.455182735656626	0.785094748196677	0.368948776503871	0.649429982786808
100020546	0.00222356167301475	0.0243706274562309	0.623399660210515	0.883599660534107
100016110	0.510196636892133	0.385888589158035	0.277545499235633	0.78782162317467
100001254	0.00296875674995174	0.0140835901422329	0.446728977033194	0.893779862367134
100006260	0.486802249780903	0.880341240887081	0.341334936204207	0.679420292285491
826	0.69036479168629	0.863874767313812	0.340067576175453	0.676894145151393
100001872	0.496496818310528	0.831413346404974	0.339660679792776	0.681610046353729
100000263	0.310059022407676	0.363222441701493	0.424634222267911	0.674008218757535
100021198	0.768335120750882	0.0607935516969807	0.237928351812968	0.391695541434536
100015967	0.0333271683831715	0.0873290414917665	0.421866882530286	0.501367425999289
278	0.147019659190117	0.243340697626105	0.316822159750973	0.980074338069129
519	0.805769686512365	0.366241650602923	0.394207721497301	0.621205787050326
100009337	0.100510704520871	0.283276528354622	0.463267630179936	0.667056832556339
100002185	0.348570934026837	0.909336134072357	0.336321426474211	0.673163327658564
100001278	0.451653393186123	0.288207760865405	0.403063128206503	0.635717712909142
100002103	0.830494332768433	0.595788472041367	0.33908777368092	0.629120167789722
980	0.848026369966531	0.471049670825354	0.36878135884237	0.663164365826215
100000016	0.883297081590677	0.441378365221975	0.334065226486341	0.656099287390665
100020372	0.17757014304378	0.487273488640238	0.337978563467916	0.618807735544427
100001662	0.628527142423163	0.140347764600523	0.142839929348883	0.690789108152567
100019972	0.923972299146048	0.686791525482505	0.348244861586451	0.66875629003292
254	0.732124934069757	0.687349007054336	0.337126139635178	0.686161978565157
100002009	0.668672393372275	0.712092528783787	0.33595342134334	0.612263758907354
100010895	0.387724788461565	0.436289381225485	0.406909455374905	0.656130659007753
1140	0.793343684319404	0.925571879578345	0.340073688195224	0.693496137199767
100008951	0.70333719325141	0.623708487841248	0.356319850236125	0.650232947754405
1084	0.358334470034672	0.867907398237614	0.340052056459191	0.712656519177142
100002796	0.101544670896511	0.406366069994974	0.308286106503254	0.627063375840239
358	0.853182533512365	0.808337970970213	0.334259894788997	0.651150542606282
100002070	0.754278427623388	0.664765642913453	0.330622430034672	0.717887421884416
1628	0.351535167158328	0.128315136143879	0.413963401290218	0.667075904593183
823	0.722420521591304	0.628897508444377	0.309194447173786	0.727408880441227
100004414	0.507552479008753	0.0918768668442229	0.428151625851161	0.817040297585337
100006129	0.661793048555607	0.665724088451393	0.318990236018701	0.697764280842767
100002028	0.876606123464944	0.534053452697289	0.420368070475408	0.521991312207965
100021707	0.411668710125805	0.58629251388799	0.307831854749799	0.739940532761724
100000054	0.487180351841241	0.412372719499278	0.329578234509113	0.711151692210861
100010869	0.403990662049524	0.205571558710135	0.360515705134665	0.544685500795559
100004575	0.0268609013522521	0.103012120131245	0.433513911648322	0.986155022719689
100001212	0.934873575107529	0.644639990307268	0.345892462928981	0.615824604249528
818	0.171046007598584	0.4830169823047	0.401137808924974	0.624082770702302
100001092	0.000978156110499057	0.0166301242115914	0.355242525359295	0.667044880755179
100020371	0.882557573822309	0.984312613245876	0.340123957649642	0.681082887807706
100004112	0.147952053787521	0.458540719825757	0.369138433684394	0.689844357891037
1125	0.440205765079948	0.356382674776257	0.378189242584042	0.717254375248235
100020491	0.953853281488775	0.584524450505726	0.298412748843511	0.694933447946005
100003151	0.00391441954847935	0.033830278726682	0.47675532103958	0.560008709776656
100000011	0.263551329833629	0.137258744041491	0.260200861173116	0.793986889224226
100003594	0.491010640692317	0.99135180404736	0.343608865619501	0.681639182610019
806	0.75387551283268	0.161486393437906	0.336030525140677	0.486737266085504
100001211	0.945263292197083	0.57166446149043	0.351640123516193	0.662083851153451
100002417	0.751396468996862	0.51085935230785	0.332197501858573	0.639046311226575
100009335	0.513433527434328	0.182845575404219	0.27742941001839	0.707138833148732
100000781	0.64125450366288	0.930301704921329	0.337921314894213	0.679301837759492
803	0.0454946984888001	0.0432173488722941	0.302905398242935	0.560860444668576
50	0.571022784790061	0.773600172285779	0.343597557445357	0.669072953069429
796	0.501967988743096	0.0567769996572972	0.361085034012448	0.667011699857746
100005834	0.940146074863401	0.707891800178461	0.379454506475339	0.677496718854366
100001580	0.956264860167699	0.545844287312653	0.360251247947004	0.682327811830012
480	0.808648393694532	0.542935391046664	0.295507839511336	0.691709891983275
100001540	0.204569464498312	0.66058441127437	0.455316163514596	0.781249588707656
339	0.611734846037117	0.126611156357319	0.302656828641798	0.592361197842084
1110	0.970939880274059	0.997347168204179	0.340465222104731	0.693054845734236
100015836	0.263770116717422	0.229660122225106	0.446625904289742	0.838334714566829
100009271	0.556758403952214	0.516050671899552	0.376834094957248	0.661749610983649
100015638	0.975191924217211	0.437647448808038	0.356773747002879	0.662371679300676
100021667	0.966103122819712	0.54482735552761	0.374591210134638	0.664225588590807
100001279	0.659495077213291	0.387843991151594	0.361543146779359	0.801236559719149
100004208	0.0163040204423307	0.106633402270761	0.525431505508376	0.806095757846341
100003695	0.175072260513625	0.115802615426385	0.37790947302271	0.451002927956294
100000802	0.721871532498655	0.936774701219654	0.340287859307159	0.679218788909431
100002769	0.81428106454326	0.105863512135635	0.255255813433184	0.794540184638701
100015835	0.176404442789455	0.403694097399609	0.445747026148446	0.842889202123279
229	0.954423094241221	0.403447340488972	0.373140536700967	0.675606135668128
100001266	0.00477586508133507	0.0226822372804999	0.452448611283184	0.991673512391339
1342	0.286304849111996	0.348670171039374	0.294201834085725	0.699740008175896
100002102	0.871128110044284	0.575644574206126	0.379235002955307	0.776059168731121
100020254	0.180812847221725	0.639873187758693	0.332978071787099	0.704448417836015
1231	0.531360397395634	0.245752505528593	0.393922695851299	0.634491896037569
100020492	0.981572198386929	0.904334037916357	0.335862422462341	0.680577406519522
100001402	0.449523000896279	0.609378582823539	0.36624194098396	0.685713161402105
415	0.00344013433605799	0.0737693639644627	0.42040450573735	0.743406781363046
100003109	0.889227129922888	0.900714712629732	0.342967182117943	0.669446129581523
275	0.606575485778187	0.794144578403242	0.324499914165505	0.664779578034765
1143	0.140154746875237	0.0709084537741509	0.316956310140829	0.783123581055719
279	0.47341830562863	0.392664767110817	0.332884237597682	0.560313316714744
100001198	0.935603176004999	0.932535479294543	0.337694479994686	0.688746439100647
1648	0.313676600309665	0.949710057728415	0.340738832311176	0.682477121028609
100001590	0.298985171732237	0.247019930620346	0.326593167274781	0.59389030029163
100001733	0.388059777944072	0.8503602425294	0.335560715288999	0.696069432039248
100008933	0.0177247227286015	0.00252355118543459	0.451857306275787	0.635441511484426
100001550	0.30825962031973	0.514786572920817	0.318479628126793	0.631488150216164
1215	0.0667101241106979	0.223640272741609	0.289154503464645	0.635839886759255
100002356	0.312199478534608	0.117754506521917	0.396535388637414	0.689406458330908
100002749	0.712654668438188	0.746618973440029	0.342750797979849	0.689964030091569
100006379	0.132870105281944	0.141040930178577	0.40422897432292	0.41722651746873
100015966	0.0665571584684988	0.139723573006089	0.379238224160831	0.499603996250147
100001392	0.583461612318788	0.993808261655545	0.3396924694515	0.681202806010546
100020425	0.10741732364483	0.036048476228413	0.285109850014077	0.42483822081414
100004299	0.260749759532949	0.745722797795106	0.36785288147507	0.742893970085334
100001734	0.555258677807659	0.47352870626675	0.358590419628833	0.612489024804206
1002	0.852890838357759	0.828092947998519	0.340926659351804	0.680323009212098
100001337	0.267423381756553	0.754005974849527	0.31998567032237	0.683450563948853
100001452	0.810605153189147	0.743810785070162	0.336666955097881	0.650599712612723
314	0.380571837023562	0.261990918732116	0.36504242994729	0.708720275706291
100009264	0.930616897446437	0.597712183932798	0.28226720658958	0.789594407240706
100004634	0.435670295607491	0.507685914987168	0.307897158977012	0.698078563430254
100000711	0.943700687359744	0.819070011268787	0.356409714721723	0.696140548153999
100020536	0.0140011596381814	0.0776542694736381	0.436022546561052	0.79514382575176
100004318	0.230609141969578	0.50307753159865	0.357717000368468	0.676024859462322
100005850	0.960208877494251	0.511014131140336	0.412015443757822	0.631935310423503
100006619	0.351694723664466	0.152023415158444	0.37641162617481	0.668073786772354
356	0.480266236469622	0.686340640269714	0.328598212231433	0.696286699972771
1221	0.559447057390934	0.561082566756052	0.43699744905712	0.722256934144024
100001397	0.877264697094662	0.811598215908685	0.337032090386244	0.675141325496039
100019981	0.59397217759849	0.874178824788115	0.344898946948224	0.701108144791785
100001208	0.402451990284736	0.27819250131934	0.3066175199609	0.956568772590557
503	0.0103263971429236	0.0127084480345952	0.21911529599057	0.515030187830401
100006375	0.115309515217148	0.566845799265096	0.376265387931487	0.657129801139839
100001295	0.740586358796357	0.642853896264767	0.332230947810732	0.765617333003972
100020427	0.0572470826834988	0.0275801918112489	0.322306069835836	0.381375357004585
100002784	0.383197596263759	0.2973020232072	0.290399014890756	0.763164188336859
917	0.0613257343395798	0.238172233638927	0.370986719123989	0.631835789936502
1869	0.409709961422915	0.218039082482129	0.358715060927963	0.566582597585699
240	0.259092965372582	0.110861898630552	0.214425337918106	0.486249256487703
798	0.00663242159368571	0.0997329991785782	0.481743233301267	0.613930698558944
100002952	0.249785346365483	0.47784963435307	0.336704921450982	0.76605779388677
98	0.665609021521145	0.859405087638083	0.354823443836607	0.68627306443873
100008998	0.320264297605713	0.345610442760769	0.272117050731095	0.746606095866503
477	0.865165079342419	0.316609574056943	0.345766257857154	0.676822515991247
100020545	0.0821593366890438	0.134444964759409	0.393687880630843	0.851223036464256
100021666	0.984416975409237	0.27636580435423	0.387824219820325	0.671615032974535
1256	0.613328938550431	0.777247938372509	0.377526510416143	0.707984733481577
533	0.211361381978468	0.0580693705849924	0.255576132764474	0.414900731095282
100001757	0.50399398893947	0.993454626100031	0.341995279502773	0.682290046084775
1024	0.386095790644919	0.107137271698658	0.225802492104448	0.875951374567991
267	0.479702969676145	0.946010150384081	0.342911316297237	0.679048136316949
100002113	0.117514758556284	0.099476282636814	0.325115219888405	0.705727867275537
100001756	0.803997562046013	0.70530893746151	0.356064484702996	0.703425906774698
100001193	0.51703483429404	0.207705939320554	0.406315848696571	0.630081924884484
100001668	0.715416465659213	0.97907787082385	0.340626196027815	0.684091188373465
1124	0.496660458371223	0.442460262760319	0.300749575007177	0.754629121933442
100021331	0.165637891368941	0.323398416539658	0.321363845352235	0.722215695231269
1090	0.0803684942841268	0.0480026556165625	0.31190031280353	0.823122445932826
566	0.82961626742488	0.34080118039974	0.257570061209083	0.686114414629687
100003119	0.480598896887728	0.291035154406317	0.374102929405944	0.619557146939746
100006367	0.740791614763758	0.543554791303907	0.352170966762875	0.660615996792168
100004322	0.217438105767224	0.213413919898978	0.346595696045911	0.775855588407686
100001034	0.66428552559489	0.864090038612374	0.336650305537519	0.67507274354777
112	0.835527902190111	0.800834129096863	0.345365054032263	0.640957425414512
507	0.632915888483763	0.68230731202248	0.34040617014659	0.692105237242309
100009233	0.408553797110744	0.155551457327356	0.289207456182123	0.705578876971719
100000406	0.0290602149845289	0.166213691292758	0.485295813347206	0.496650444455224
100004046	0.446194424338331	0.379964239231648	0.212014039041815	0.613338667567527
1025	0.670365812840987	0.644363917259537	0.32790988391864	0.704687457368508
100001106	0.228427159998716	0.205703894683811	0.276426931033511	0.711940314588194
1128	0.0339986215136622	0.621204769625968	0.370437771179547	0.724084125423763
561	0.058270263846756	0.190989821401478	0.238273822217257	0.60218353844143
100001614	0.885558147561258	0.391065622103914	0.354524436201967	0.657850548352641
100000961	0.916713974487472	0.994513165927253	0.360322108144104	0.688240690381802
100002397	0.812902073050107	0.586682718687566	0.343047127217404	0.610634702671232
100009407	0.934088269490697	0.963258122149986	0.3464864415662	0.679334822085979
100002910	0.92946097421904	0.579792737712079	0.310262411486524	0.613443827155833
100005946	0.294770662105169	0.398174881807051	0.382197483095391	0.771212216554686
100019794	0.211013761155147	0.474944635326466	0.313151532805318	0.803396272647952
100015759	0.400592582752469	0.0836870002451663	0.268113558225699	0.690333944775654
100020417	0.652757586039205	0.573576274003441	0.325427140395413	0.653474926418343
100001054	0.611478153479216	0.975373822228392	0.339987694764407	0.681057678808205
100001437	0.52625955673179	0.493055264865664	0.288906622653955	0.625085704824643
504	0.301564459634698	0.748209495792989	0.384370311712644	0.689642061770584
100001988	0.452114243280336	0.640583985072484	0.334480953222284	0.842722988522674
1082	0.0197222931585296	0.579450211093684	0.387393158476619	0.713295412319046
100001403	0.39768686728529	0.380690999156145	0.361701921214885	0.664272384943642
100001664	0.964807846656162	0.547018199936905	0.322241939135673	0.854661381612112
461	0.361693225987482	0.245442124438796	0.49635432879008	0.657593002109243
100000463	0.682481565498379	0.996644405631141	0.345008984135466	0.681459397588607
100020208	0.54724152760674	0.532189197549942	0.384154124338113	0.571020861765574
381	0.545850384931063	0.0722599574092308	0.156744472507692	0.515466579548635
100010901	0.100031408977522	0.0885503820740742	0.334978785167144	0.79162458406518
100001468	0.370635628883313	0.913720237375888	0.347940708077294	0.671250411860568
100000840	0.848973892865597	0.872179294090428	0.33817552221211	0.695663995384423
100020014	0.259022524475139	0.607530363427585	0.333059743865353	0.69617369975324
100001993	0.468705961302725	0.443835985423561	0.249080520412515	0.915858828909804
100001051	0.116548583888165	0.0244998156944126	0.363880304341738	0.367699148913167
100006116	0.372419086124033	0.506124235428881	0.346338657683416	0.682857128227763
1108	0.850443326707131	0.935173900121363	0.344376744658727	0.676668754408499
100019966	0.455648365124876	0.151448901879853	0.386646618437807	0.652312231512674
100001743	0.589664657242695	0.386209146078525	0.33078739353436	0.665284363852227
100001294	0.104855932411186	0.189790400076437	0.251870209339275	0.738585545580363
100001609	0.241353901074814	0.111009573599875	0.327788881821803	0.772241239916808
418	0.80476414700478	0.964019122264432	0.340429123289468	0.688449641793843
100001178	0.666320067014539	0.593431757028537	0.331895490795165	0.617531218844088
189	0.985781548236595	0.681123737939929	0.31220390850078	0.648773497134923
563	0.49742361728744	0.756143282673273	0.359454564744031	0.663587665115915
424	0.695597739502056	0.480387538812076	0.36880132053638	0.665016432410449
100000776	0.132449936936666	0.340301371720161	0.387278672271062	0.683909116743208
1001	0.951842707274049	0.53834757875019	0.344733795993459	0.68448165050246
1135	0.358808196648937	0.102886144793112	0.320239958064193	0.740798546580824
100021093	0.907403613636065	0.605936460574499	0.340535106237286	0.706814122853555
100020219	0.124489949882236	0.235261259437616	0.352444588151849	0.57534395623698
194	0.420455448393018	0.837507178633706	0.346611106670487	0.656004725969028
100008930	0.800685179541911	0.649660403646864	0.362127646452616	0.66373839600787
340	0.588117259086027	0.257828251868599	0.222005492261245	0.759270172955669
100010896	0.84736839622362	0.860860422632947	0.332275776981278	0.685602705807325
100000787	0.251741950176463	0.120950599737544	0.320710802973542	0.402310376554028
100000639	0.0272288304032609	0.201889127889338	0.311030327107579	0.688258172104975
100001851	0.998997690503435	0.258264448252925	0.364140898730643	0.462168862229112
179	0.747903067445111	0.643095507062778	0.344170483259615	0.695582855767471
100000626	0.373270328341538	0.647566990299399	0.358711911782896	0.6838793414539
100001605	0.00884367326044164	0.0785316049375308	0.445878392550588	0.777966262780733
330	0.238548768806638	0.376482364530833	0.377833096866248	0.535650359076612
100001162	0.761925346719876	0.579475502188147	0.304219139899294	0.648152888295204
100001167	0.0293366901960433	0.178441054604587	0.345001688651639	0.663317257189636
100002067	0.779915837648589	0.924543833698373	0.382164782803362	0.682348632131068
100019968	0.55058031529749	0.35662261731794	0.385950033125373	0.615359178602619
100002014	0.949727846547948	0.966831757072434	0.339311995059193	0.713086152850122
100004083	0.620496032206966	0.178581470171722	0.3501125642013	0.554101042405553
100001315	0.211935670878033	0.323438067611395	0.374807417516972	0.760291281138964
535	0.161392532181392	0.475462645366182	0.380584218841037	0.672910344223765
93	0.488359542176306	0.269128715823476	0.369787852656128	0.52311036964301
100001989	0.361468508144363	0.621178974598477	0.314419134975	0.725534389136576
100001740	0.719369408753271	0.40072390139817	0.312405035967591	0.701802222953397
482	0.167829424268138	0.838323994006997	0.342562837242151	0.661815989098657
1629	0.229535000483803	0.389800280922889	0.413857545671941	0.656604312500061
100001399	0.573265474318319	0.428334772643186	0.346487219924357	0.682604820978209
376	0.890538547883097	0.156354594846006	0.204231398335921	0.794521413930508
342	0.541033279945921	0.599918152157025	0.33513430294888	0.679913460024812
100001253	0.0203802778815926	0.169326466809568	0.298187229123877	0.900673401417156
100000708	0.560258756358048	0.77147943564541	0.364674701119995	0.689244688076643
244	0.168028413476757	0.0469775390091409	0.289523206558515	0.804057013268266
100006726	0.447441227563208	0.274479575445744	0.391711187517562	0.666831650844497
100000036	0.129067149855979	0.671425842807029	0.314779932054439	0.719045891164873
100001257	0.0180212788950541	0.0744389357827959	0.485240243504096	0.961406592857678
100000445	0.692727894940928	0.600097518932357	0.374825968133561	0.636425717165461
100004088	0.00376176245592646	0.102070560101403	0.399899328513405	0.763088513130136
100001423	0.985676410710334	0.740026868177757	0.343537807132005	0.653255152260213
100001276	0.395433215120375	0.277145444930222	0.305863545425611	0.597070406501971
100001876	0.775815898776473	0.983606997490236	0.339577704762644	0.681807566758146
100009082	0.612707994568751	0.0495367638260947	0.164099857334987	0.658596132557747
100001121	0.327053994666188	0.719847703285145	0.335495649058929	0.67718947022685
117	0.309597722647696	0.631023806496198	0.321151286655912	0.701814433412498
100001868	0.0337536500351128	0.103202056884717	0.406379909311894	0.689733564548705
1134	0.770913255568994	0.336501243223073	0.235562347040021	0.654645077288405
100021012	0.274014811297008	0.499948280223819	0.348122442470082	0.705016171971574
100001181	0.804000197319614	0.270578339293903	0.412548820557317	0.613126196668535
100021467	0.663398499140345	0.269803778714848	0.348477244738141	0.58668116443932
100000447	0.247648904851791	0.247797545788876	0.386310304434497	0.646668277150045
1162	0.000502354731342778	0.012133989590635	0.442324334423993	0.581855727873023
100019982	0.508785290991981	0.496181866101377	0.354320713800614	0.666327009944596
100001613	0.978559090715466	0.474018626254618	0.354902079018096	0.651687729137523
100006644	0.23557136928118	0.562193678457915	0.323927731768911	0.714620523835618
100000096	0.239351289970664	0.00454295706465612	0.235847868195836	0.651550880247588
926	0.452742838700572	0.726031154536693	0.344011723880863	0.684701678617677
100020004	0.855881496299876	0.66878004368265	0.357551721656495	0.6807220083082
363	0.111088986257034	0.0290301671066773	0.341236224769214	0.236380267479355
1111	0.409062179766047	0.978350538686141	0.347520923181405	0.707957285350243
100021712	0.730024133251164	0.794153933730705	0.339793134022688	0.6675699891325
460	0.826474246630169	0.733521424824849	0.352566042662225	0.71505066671284
100009331	0.418539938331634	0.174693276667838	0.286970406180679	0.716443514857265
100000442	0.211524911733618	0.648361824887009	0.375550529358769	0.701829558002403
100002945	0.106102663574637	0.0204932695221947	0.431006400083806	0.637973827299656
192	0.94187945841158	0.915740538845337	0.340055154650684	0.708560530911963
100020241	0.473498588828754	0.917080822809102	0.342120006579218	0.682865524975022
100000580	0.137487292638659	0.137874995463827	0.288930861768792	0.917601517388414
100002466	0.0146480341316886	0.0415570776290755	0.270716023160775	0.445764265633232
849	0.598539364802956	0.542987676399516	0.35104298018947	0.62507085057044
501	0.537500668722938	0.393816092090754	0.372378463520854	0.638930718527433
100000282	0.742910006934299	0.145793505866991	0.415785466918473	0.580011995977771
100001577	0.0195088735057169	0.149284807182501	0.493374807451333	0.749936905467507
355	0.0993828100024533	0.344213024078196	0.292564561304761	0.588579780202878
100000841	0.848760168612297	0.964016205620931	0.352109903231722	0.695609684761161
100000846	0.834358380131086	0.34994786108086	0.329131669973907	0.675152475889199
100004295	0.942233248131168	0.429270667509112	0.313041251945102	0.633973995617272
100001586	0.114404322882557	0.0512350271708128	0.464844765055502	0.348701552213227
407	0.0171804621060594	0.0417193158914326	0.366602948626286	0.747130824493521
1137	0.797281867202799	0.735209510877741	0.32907299966863	0.71956636869028
100021374	0.0366723706012893	0.0153445654766977	0.265964656958611	0.917304672366963
100001593	0.601237990548675	0.943175996590246	0.340619831581557	0.684196166807874
100015971	0.729909618478621	0.728014832501952	0.33245695357049	0.679455324089378
100001022	0.415121738857857	0.166602564406819	0.201649669152231	0.964255961033645
1094	0.0652370947125494	0.233475475563127	0.514114770410072	0.914290151820359
100002122	0.216678345655214	0.230507237415515	0.288246779807244	0.786200363314162
100000706	0.678740098161862	0.464649424687286	0.279902081410309	0.683675416936547
100001055	0.79138853746438	0.410227871365925	0.308541188058693	0.622738534126501
1235	0.444340739529091	0.747943157454767	0.327662987910602	0.709164468424412
100020204	0.11073884813161	0.617735965610158	0.361335816499399	0.715931778491151
100015643	0.0289481623936413	0.275250332095234	0.375649935635909	0.632828255602403
313	0.0224390855172742	0.260329903685565	0.357193720358564	0.61814703110946
100001413	0.858356529406415	0.926872111764112	0.339501825130848	0.675994069186348
100020423	0.01746527642963	0.0145707617965403	0.373685491480024	0.355516329700902
892	0.498291422734999	0.153826033021483	0.367092057535907	0.710609325099212
212	0.0816998418039416	0.143023607934552	0.428163401603863	0.659139084836533
100006105	0.165143639296133	0.167748552764293	0.395269697885	0.695401755111279
437	0.821008468705049	0.618123444649978	0.32027341423892	0.695995892840764
100019892	0.56510186585763	0.650533394937722	0.340477100356073	0.720357292156735
100005716	0.068831791139369	0.103055141881773	0.371375048173512	0.766637019459865
537	0.226586642689463	0.130355740689155	0.350805082265797	0.707221253710979
100001990	0.407139187424954	0.681311140242688	0.368648835627461	0.642114198252315
100003397	0.0081229407897787	0.00119790120257355	0.307326187190893	0.350587799057322
100001320	0.125652409272956	0.22906648605508	0.424009819206637	0.447175663209451
100005717	0.128878156094018	0.0966740442676847	0.399340615805845	0.713189160733971
100001207	0.0368000202353447	0.190880046526248	0.377609859426248	0.689931622866924
100001999	0.469351565707729	0.761278589474187	0.324636679413549	0.799540930101547
100002488	0.24678756524895	0.0194868732033737	0.389240135748298	0.625550113614086
62	0.222287457262014	0.606761927142701	0.324004697472074	0.691009774999099
100000467	0.490044913702668	0.400769846701464	0.332625020369964	0.652142098525964
297	0.00498306393175442	0.128952584079361	0.350382532069888	0.648566242463385
100000285	0.0309350233112367	0.39371639849855	0.343121051288495	0.778225518476437
100006056	0.062026585232444	0.402163608287603	0.360419571101144	0.722415560211086
100002126	0.102272746755942	0.221158484792891	0.269131628457002	0.965638440317964
100002129	0.938684164261979	0.661935294841772	0.308777347487007	0.838881354485025
100020478	0.0230927100945815	0.178754244325213	0.314651426729436	0.715366693238847
100004089	0.0835680960440497	0.454647132602859	0.34876525407761	0.622310748924288
100001755	0.660867034360938	0.39273815910514	0.349492372861809	0.613577660993214
100000551	0.0297844213569184	0.961895148081645	0.343319194751475	0.686760615602567
100003260	0.487789258452076	0.301762805521847	0.38176419917866	0.761640435370471
100010955	0.703680066774823	0.369199545353071	0.276724756095578	0.568580663892129
100020851	0.174083338448166	0.415339271395214	0.375083196306054	0.706873072211625
100016069	0.723601302850001	0.823039370876889	0.342030721134038	0.671260096005308
100002027	0.861693873904101	0.386823042787994	0.21428741938546	0.863988173139706
1123	0.43139913194793	0.209088459817287	0.321452814364879	0.805440640367183
100001150	0.660358414005921	0.947786014319762	0.339745555953281	0.684686734554285
100001657	0.285830036162597	0.720057166086583	0.341079064894628	0.666746536818889
310	0.240585549480399	0.343237882665901	0.303304574092921	0.786564190959105
100001314	0.371449687530955	0.142667165933952	0.318904319846811	0.565469267248956
452	0.78512477627719	0.648082745348629	0.375349964682469	0.654282814559085
144	0.10734526978238	0.0605147384835311	0.401765580698625	0.548463791883976
100001182	0.239456199451993	0.16062926162574	0.406894132817506	0.665830920071556
100015965	0.762402296479963	0.503601428938383	0.326082744153835	0.7468556996204
100006108	0.853865076881481	0.449859308127047	0.356892659208173	0.72159224789615
100001400	0.798741134442326	0.670596801779491	0.321940516910213	0.672849931156689
100004541	0.240084621040499	0.186802058888146	0.340198654990256	0.423139716952389
932	0.880559530127555	0.275803386073284	0.369858871424968	0.721452562152623
100001992	0.637844237360204	0.668579590439967	0.422088191816487	0.609643844902955
100009252	0.137926364638212	0.194535662277631	0.404727503489442	0.662866889085139
100021104	0.384673024798128	0.446769221935094	0.266659093671832	0.862507319194848
100015838	0.0199282092221408	0.0629122077878933	0.442297246379752	0.918836500586843
250	0.00195064668358953	0.036007793651198	0.546702189635439	0.772305662833294
100002537	0.992537826262418	0.510594611766542	0.317664789415598	0.788345844699064
100001658	0.985531674644628	0.759037736778299	0.355245040361137	0.671677349976492
100020416	0.233192513970728	0.354584432473701	0.309551278394234	0.656857412193243
100006642	0.228817081138511	0.747149449904113	0.3274812300944	0.706074203231683
100001391	0.116282208641311	0.366018911282524	0.421610134942721	0.788037622637167
825	0.597077031193177	0.681319118983326	0.308849386087117	0.691036992236134
215	0.0179583800879131	0.0912636994840531	0.402907733469706	0.666053434423513
100001026	0.96116315794303	0.861099781484509	0.33643199225734	0.721963621372091
100020541	0.380021415981384	0.389795964570845	0.293532407188219	0.729399207587276
100001526	0.244647250520441	0.331064699244152	0.488736451512351	0.784981571279334
100005384	0.524738762490675	0.419776494607887	0.318195408853033	0.603873793894507
100020378	0.327926622466223	0.672723491340028	0.328342214793601	0.688811257873563
100006115	0.985516161005725	0.38875562826043	0.429839904478769	0.574541362224416
1442	0.143001802702725	0.0301840380395026	0.144830955606466	0.559958162839535
100001843	0.227282328536585	0.304854302869899	0.352505525325387	0.755486388098196
100015837	0.185850016008803	0.318173208592442	0.541685536633803	0.633185037462155
100010834	0.770011908325929	0.982126947764801	0.339265921575353	0.68457120464489
100001393	0.590124432858578	0.43022268890819	0.272369814379219	0.723938730204468
100000015	0.30722832102545	0.566222301588796	0.316732675134033	0.70337531903057
100003892	0.0589640595377663	0.0555584279368444	0.292922868257851	0.934104085781504
100000042	0.168207565740421	0.0224349652000607	0.365757288083485	0.590243390516822
100020550	0.670637898727098	0.238183501885225	0.355945343370809	0.581450840149567
182	0.387219239137457	0.327982573118726	0.333286484454844	0.703878947819935
100015723	0.125860505880843	0.409013954286943	0.347146018318975	0.663890772778833
100020343	0.307476740024828	0.425457298765374	0.310480451736705	0.684657866163942
512	0.340760770700848	0.587998703730941	0.374477394404922	0.651657049800878
100021100	0.684947652538336	0.678004671061383	0.327931588533957	0.686165166519106
100002528	0.388044225054903	0.0796151130701561	0.384431001518089	0.466888016824391
100001287	0.95737692743808	0.92103908588191	0.351855287669281	0.725030037772734
100001229	0.729678876699866	0.892798752598271	0.350269098221207	0.671806686600208
181	0.407175318655768	0.790354681683807	0.331560448576172	0.713366684086661
100015831	0.0025357857039093	0.0286453885628133	0.427055947518472	0.474877996533206
100020515	0.394975325167266	0.527354317274485	0.287922317213243	0.812897032283347
327	0.212615151689797	0.247119286153985	0.412302795855512	0.634727526870636
100009394	0.583755860622471	0.717207910593881	0.320914717857349	0.714333310111468
100001596	0.772583078890918	0.190593578805862	0.315011478150962	0.497714530596794
207	0.949468653152315	0.581354644052073	0.351045856115246	0.64823999006032
2054	0.443518399530728	0.756224275614586	0.328656116276071	0.698970054115298
100020259	0.672474923661713	0.579619279636272	0.368868242330968	0.666678936458811
100020414	0.00492798799722558	0.048880309705097	0.232731194510616	0.653879973171753
100021131	0.896858276830133	0.244055968629632	0.328221673483339	0.637751447734514
100004499	0.749586010497243	0.408497462704509	0.337082027159875	0.609331731500534
880	0.190256906620133	0.747061722548245	0.367229169923254	0.677656413239678
100002049	0.537626326959089	0.313702835024632	0.371215479760806	0.632636543716089
100001739	0.645404559083355	0.270831450047238	0.412725647231821	0.643318128385995
100001126	0.404471828384057	0.124368637115173	0.218180615968008	0.553318984370621
1113	0.689642908143549	0.825763073726828	0.353809678168985	0.65563343246964
1083	0.993106383209631	0.308951819685695	0.369253427159088	0.591273798315918
100001730	0.0868326307653637	0.197117712175959	0.389056388512576	0.560420036515695
100001412	0.579463064017921	0.969445085657151	0.340246495459008	0.687414260871685
100005996	0.701877493744703	0.589740116560926	0.327199904827415	0.653634087955391
100015962	0.00522275968217454	0.0784205378589344	0.269448785514167	0.999271120850825
100020214	0.655527544831836	0.408674213013524	0.362840030358501	0.601262052371125
100002514	0.117202017079878	0.326064865998173	0.354963544446225	0.618216137976337
564	0.205428325242061	0.0650618160921103	0.301744106209181	0.561886465650388
572	0.0376456460854495	0.0246198535446378	0.447190236934272	0.548729942465283
231	0.949834691383018	0.685930702754652	0.315731994809916	0.695115077940254
100000453	0.966012213562893	0.811984533724733	0.329949995009105	0.706293148870706
100001007	0.147784518006985	0.26617269700086	0.388191006236579	0.56613328833476
923	0.628921375318347	0.335088893062207	0.322897664408319	0.73469331208323
100001247	0.399439048430536	0.521083790303883	0.323891117475618	0.664918988234185
100000774	0.527469666242858	0.856681600142144	0.358746292407552	0.699756799092663
800	0.397323819634757	0.393591628360032	0.355801594380159	0.734841103226193
100021678	0.265400459765781	0.420323855725924	0.290350675698428	0.680291456856557
100021711	0.496222154522496	0.873636573393505	0.35226010434411	0.688477350906325
100001274	0.747280905195457	0.31885836291672	0.323819682413167	0.500182609982206
100021220	0.118964414864267	0.146148944699924	0.430841562289011	0.984297705420097
100020253	0.426280934223105	0.97240869190235	0.340223289248106	0.680251187564302
100001170	0.787311809027614	0.177886532651569	0.311602840690306	0.584113467273843
100001466	0.29910711877087	0.829389886978754	0.348318327562566	0.675191361004552
100009406	0.687321649644763	0.677125434639426	0.328671914254372	0.698194421740249
1026	0.182348912689531	0.418147571619076	0.364042190897054	0.646658890387032
100020837	0.723487031351857	0.433087948250687	0.380637604575036	0.594469734790047
100001006	0.0787037469929729	0.0848444396941265	0.323391726246338	0.805732092497446
100003674	0.707766386011872	0.109389916644132	0.340644690144628	0.672052920693666
100004396	0.345287465427294	0.421671510484681	0.38405293556702	0.578145004936457
100015923	0.517639437595836	0.934910477708804	0.359797374721939	0.676443728655764
100000265	0.465268894087374	0.692279842518422	0.346845238203173	0.652507516396546
100001409	0.0654247706577871	0.100181558553645	0.344075200910943	0.51491663640689
100003434	0.380661797284701	0.530582564221441	0.342339248529685	0.608645545775909
100001334	0.530973920648609	0.0721894966055114	0.435701549141239	0.557534459950727
100001102	0.714701004034032	0.782742841589323	0.350214812428356	0.663891664560729
1268	0.615383629216422	0.0508989040147642	0.201119809350699	0.636705356474113
100001300	0.235751686908361	0.0910135013312199	0.30187009036499	0.68654648190989
100021324	0.333908257493361	0.781812971541508	0.404614299317201	0.674406213978789
100001617	0.0984346564345967	0.0971161120627999	0.33615534605898	0.723799201897139
1105	0.843915141205504	0.153407716401724	0.466673833514221	0.369346341859571
100021502	0.0460970289005196	0.230125383056458	0.335434460764036	0.714510371294415
2051	0.815798089622366	0.563391853944811	0.338257113119237	0.576759110567985
100001256	0.127816539861519	0.500322798972275	0.387644570804525	0.819351307536814
100005466	0.0689311058486171	0.0848185372522495	0.379740880097329	0.477255778632486
100002199	0.0943965004103868	0.648296011296413	0.360111390876977	0.706730086936011
338	0.0185013668722078	0.0498968528110867	0.519732917839968	0.449213029630975
100004243	0.37576898344771	0.542316045149362	0.320017144352679	0.695143288058787
799	0.546264161818049	0.848924122520842	0.332335680409429	0.678858265704383
100008928	0.619967300840486	0.110760195598441	0.335174347493234	0.672188527730651
815	0.0709410279827974	0.273492576268313	0.351677837461197	0.75573210195998
100001456	0.00631650979076936	0.0809534849095579	0.326433606092293	0.604062024701145
1242	0.0800889583795721	0.0898335055024202	0.407972543049545	0.487931121168288
100001416	0.296730809391998	0.116549215525254	0.236855627916519	0.434591927188633
100001462	0.385822678517218	0.356682218811408	0.398092187893752	0.641833107515539
1087	0.144810820275601	0.0327749723326002	0.368406968959165	0.645468389426509
100020421	0.0740468124990861	0.10738383736514	0.38276961189146	0.446220776696959
100000010	0.00441633605691617	0.0487105038787161	0.360084484550747	0.736286247854196
821	0.488151918917918	0.355040869391186	0.381299946655445	0.528032345453339
100006627	0.273567505850745	0.147390178137732	0.462610073965931	0.581713356367695
100001277	0.40353474057734	0.169456136859868	0.390458725202683	0.639708734345851
100021141	0.0296254711664574	0.170815258560695	0.397238301498647	0.785977714372105
100021105	0.160686298073489	0.279596802241815	0.366100319516641	0.498294404621718
100001950	0.00036174446433382	0.00778683629207572	0.440738450690612	0.846651289064198
100020217	0.867757002581932	0.297294583002659	0.245125142328092	0.515919924444315
100006651	0.0386392623130086	0.218153385480553	0.371630614959695	0.466861994672078
881	0.987625809607706	0.424810257046874	0.31985303580835	0.694843773834863
100001509	0.695499944045934	0.115918847887573	0.290119874955797	0.596353010030236
100021709	0.498902730022445	0.785807397357839	0.332803792056127	0.689458184672379
100001635	0.287114441199287	0.0309359378037487	0.370448397921852	0.629611154325373
100002613	0.477770469708323	0.131253870496719	0.316125537372814	0.765168061552215
100009329	0.690412829134557	0.71126468936741	0.30842257421889	0.809703472034454
100021123	0.818349443610424	0.57694434970847	0.354903400789948	0.590509643754133
100015760	0.3367469803036	0.13129155224558	0.254193245712472	0.725105679926892
100020205	0.406306083420484	0.431621912870898	0.389676526156731	0.514967544250846
100000765	0.483402663251526	0.668226253059072	0.331751395989611	0.653211186670114
100004111	0.281209410096638	0.153179150984316	0.384789178578034	0.652363474436951
100001615	0.179745467491819	0.829527967560608	0.338720612020393	0.680166912675215
100009227	0.22217462379386	0.123019355323161	0.463588756185331	0.819093018666194
100006191	0.440900605210151	0.604131059529974	0.364577479465871	0.634572623658228
100004542	0.382808600421884	0.28200977789211	0.366413033907096	0.740957844766158
100003686	0.353535315439827	0.136015573385964	0.457066634335949	0.619308134311733
100009232	0.0245413173519086	0.213538757433255	0.344001692490517	0.586775044488047
100001501	0.0700394306611216	0.137762853533785	0.415357925748415	0.714470416610375
100002367	0.507750395385734	0.254067666383363	0.319586222135943	0.534031916159773
100001108	0.375248259807901	0.684945466189196	0.337981532605862	0.670558925734147
100004227	0.978929110899187	0.752027233913179	0.342397241502674	0.711115127960663
100001310	0.171185146684026	0.276926432841721	0.325684473332389	0.798745333401822
100001994	0.646081187877459	0.802328023720944	0.325998463814158	0.788468810672235
100015839	0.0166606409278383	0.017778320100066	0.433810299601099	0.763058120262803
100003271	0.00471798876030084	0.0701444094315698	0.445935620019413	0.481065376823479
100020496	0.926301365519089	0.893095786974135	0.334560753187384	0.69298962054281
302	0.648448686269129	0.438139285393646	0.30498864068738	0.650303238040057
811	0.803689350599839	0.809181057072685	0.334314281069999	0.708271470741005
100001267	0.845371749303919	0.667026073444608	0.311757316242374	0.676762802786466
100001197	0.0333826750688631	0.358995957518517	0.375859489973407	0.69153262911411
432	0.245545412524365	0.476864402744845	0.358242266110697	0.662365717067916
444	0.0207012303260515	0.0883681912714727	0.351940719203561	0.801670055571005
100015968	0.294706537847029	0.373724139450186	0.342150761194649	0.607766291020484
828	0.876854608768542	0.904391794591705	0.335634717978821	0.685865351839701
100004054	0.241383684380886	0.835334889082245	0.342938108836695	0.687302258499147
100004635	0.108023267258055	0.147070904779246	0.714196502896453	0.422104556497025
100000491	0.473669835739935	0.56007714212893	0.328799044241623	0.584370146278265
100000939	0.0505607808452646	0.0358297282959691	0.354709969355298	0.576344821103544
241	0.214775238751202	0.635427240564683	0.361454609239032	0.70019572071666
136	0.390616656343948	0.0749677562119	0.295839502358983	0.862856301752673
100000792	0.321993938084548	0.744835760358281	0.321609230926157	0.84231211628127
100020973	0.521959262101857	0.621907810211987	0.363304611677543	0.656180008274363
100000936	0.677765446528829	0.855505515338085	0.337376830876051	0.684313686181014
100001313	0.00692254430990896	0.157235275381336	0.364676710252013	0.73291842702429
100001951	0.0495212875080426	0.0896127209879651	0.380096768090477	0.673346008898629
100006098	0.0116986243689095	0.0731513353784828	0.400859376892831	0.805119593206996
100000007	0.267913451048879	0.571475923660977	0.345876621079453	0.686853749037259
100006641	0.689848968559942	0.978171854780907	0.341585009206899	0.681100188558475
913	0.0111369781767133	0.0595890539359532	0.418202226480504	0.546371045611483
100001579	0.814008371598648	0.429930171067899	0.372792017923793	0.682209884290601
100002911	0.157422740874013	0.0124263410186366	0.429914054771383	0.641051938770864
100001293	0.242745514472935	0.378993280882097	0.3044901537214	0.818951084216864
100002241	0.234587339518995	0.54140964297772	0.354872690461446	0.651766087782514
100003179	0.267396850850792	0.0533114114005862	0.344398630819648	0.520147245843813
100021372	0.369323163510237	0.256126492592647	0.256842702285477	0.686440453609773
100001956	0.329632291279211	0.515737618217485	0.342529980079763	0.595788147653149
100021162	0.123238907499976	0.140934839536387	0.343992134691451	0.493649026269801
100002259	0.292964971489586	0.594059276580004	0.316591493419284	0.674133975713148
252	0.433164149645205	0.610710943138701	0.386230911030982	0.629055040250184
100000707	0.495721513929263	0.35368855501735	0.332646207882653	0.68902356997346
1489	0.661752298729319	0.023043083178666	0.259482078076337	0.656439073126577
100020361	0.0444351285030066	0.122050142200841	0.361657557712212	0.948637693126378
55	0.735319984580421	0.961948327084376	0.342941760577611	0.686112923517956
100000863	0.225558410292129	0.237144235102729	0.299716019023102	0.720641238568494
100015840	0.167377581272752	0.106350837134333	0.450459486734205	0.640632123614481
100001541	0.146358655265102	0.0791531095285977	0.237284664174517	0.673450028025613
100006082	0.161820249460445	0.0622934772340372	0.434563260725157	0.674810157024498
1254	0.76096932833317	0.904318573890145	0.340930009173042	0.701320159369605
100001624	0.447853642341256	0.345117603213605	0.324497829672491	0.65781948160149
100015850	0.920161606613402	0.601621713032665	0.412023383905531	0.647078603677796
100001104	0.00166813411426472	0.0111446655334008	0.417702522875596	0.978500336987345
100000900	0.127136484809074	0.462172098852046	0.35250071309888	0.685003796310371
100000269	0.227070088904573	0.106540023840034	0.221307618098639	0.635127987224257
1022	0.239336557245588	0.929655595786469	0.341239577725764	0.677497834040532
100005373	0.28026446722217	0.0879204455721688	0.288745484662798	0.713113396530429
100001129	0.125216154721283	0.706977315462051	0.330133492132281	0.711515148876034
935	0.0138694478980246	0.130991816498236	0.430815515965145	0.547002700810499
100001262	0.212025468271519	0.255567003278922	0.34505242354125	0.704181704182696
100019978	0.35719369562851	0.613549637106605	0.334940101463123	0.66764763560518
100002293	0.718150325365071	0.75671578271757	0.34453248844186	0.683385865489805
100001426	0.187925361757604	0.264531329468253	0.345797188205502	0.520065463596905
234	0.0337449763584078	0.142905223646801	0.337101033909835	0.657786046385963
100005403	0.21982222520115	0.974421011507579	0.349716319041196	0.681197208754741
100001083	0.0720492110459825	0.47156017440704	0.352330351854512	0.696877022235049
439	0.802365128059374	0.352470998894618	0.356767264811839	0.676802641910829
100001086	0.302908872233536	0.390756179248311	0.36204696476707	0.766589100496774
100005864	0.748472988405005	0.447644231867013	0.311655573343445	0.750325365931891
491	0.518192837743237	0.912333284520412	0.338597335136616	0.683158178444573
100002029	0.485041045652889	0.432065971208526	0.324115010003337	0.550014428446107
100002154	0.694506409251412	0.403705860145299	0.300803357522259	0.656696713445694
891	0.561418731641904	0.221974315493328	0.371635967279094	0.650612726101634
100020261	0.359474043282185	0.407985452989305	0.410351831472512	0.65378429976266
100001296	0.508422290641005	0.460138622773965	0.342146891268482	0.570530303711248
2050	0.55689793031616	0.513134299543538	0.370236923664409	0.624219460265273
100002761	0.29652777800287	0.660323233098168	0.295373381913135	0.823481587226099
100006614	0.866617103573546	0.666480282898221	0.315448754044073	0.745242886529825
100001597	0.895980290765136	0.15248611002455	0.226222704231671	0.496847714430882
100020853	0.752814171325606	0.844237897511898	0.345292385015554	0.692997701529513
100001446	0.274594665110931	0.413693159665533	0.306066059530183	0.674334850597761
100003240	0.295441143297174	0.129745150681288	0.390870042306528	0.599652453065604
100001502	0.0404534716742877	0.264060715960028	0.390452705941452	0.76304415002027
100020866	0.0990825818757262	0.0132257857813614	0.214654664368664	0.495611080405502
100020419	0.03044055251847	0.0873138596967672	0.369313413532382	0.424696075257436
35	0.380836736448174	0.293812737707598	0.324066413936572	0.62665902210228
100003696	0.0220468401312382	0.0728070837432157	0.458527368702062	0.620819222873423
100016038	0.715762511168855	0.9954625503632	0.340064404143385	0.685486851118351
100009333	0.308250611327485	0.136392479089175	0.301888459241826	0.718564616452444
100001611	0.13483596439499	0.307285762703605	0.449361381918897	0.657434190116303
100005383	0.697419131532674	0.315341130310207	0.347173593398816	0.722760836979755
100009239	0.336248356319985	0.134650702680513	0.413197218761195	0.503541713682308
100009332	0.373627659900269	0.219496081779488	0.330436128091902	0.644825874170997
100001731	0.169379872189316	0.679729318763769	0.346711443743314	0.659739853960739
100003415	0.34543937110895	0.433567966133912	0.332180761217952	0.698678193883174
100020578	0.132204422534756	0.195792057356458	0.321573015896043	0.576182046605502
893	0.865117849582213	0.491434397217843	0.336676877848671	0.695801786623012
100000963	0.326882570317176	0.218567731374646	0.430377267123801	0.489811817860594
273	0.172382813354143	0.353965504408743	0.385546584303401	0.677614030548061
197	0.491760485936486	0.403797279211929	0.326290557122858	0.5584294443077
100000808	0.305426765678357	0.24563315853501	0.32252057716136	0.833600393344305
100002284	0.877379841401741	0.327615438342622	0.217204746514212	0.61869464812088
888	0.849537249826594	0.0988265583866766	0.392754689659104	0.659050662554272
100006435	0.496920337400977	0.335771882171177	0.269305642028391	0.981509546165701
100006374	0.158379656351535	0.511382117049497	0.355530990205911	0.670848972640066
100003169	0.41779468689535	0.804844833745107	0.334347034581562	0.671491727653671
1004	0.706088841417534	0.840428465239046	0.328441532257647	0.667457310692261
100005998	0.0860934831253776	0.8939710626448	0.360591861654437	0.689438322907001
100000773	0.695774415329056	0.559879353958402	0.343836150150642	0.665894895206811
100010850	0.0190971245677953	0.123578504950731	0.390931150659873	0.560890508921074
397	0.812792655979883	0.370031848822176	0.25403288785116	0.747189067420679
100000039	0.0709990710082272	0.241772012239943	0.284062286087225	0.734119464114879
100020833	0.867746564254796	0.62423286543925	0.358785004996029	0.750400050027873
1021	0.506513823990031	0.424433159660333	0.317739045456668	0.712560730822053
100020479	0.355638806485372	0.601973057342417	0.345776517459712	0.691971655553488
100001335	0.542118399058179	0.305926425209962	0.380518441455087	0.650284151590659
100000743	0.689972119988578	0.85353144159212	0.340511408523581	0.731240068320575
100009246	0.191831971641867	0.671712888524197	0.328609443253192	0.710630874569132
878	0.15177051762251	0.871967963585129	0.334235996820491	0.688729953243985
100021103	0.949360760863548	0.729841949828724	0.311400949925213	0.812243673304917
100021363	0.225652028239188	0.56462587411748	0.318898409495782	0.723257493520854
266	0.0457379668164882	0.157090347682582	0.380979803606404	0.592516698563343
100001195	0.374323665618166	0.232458328928027	0.416864109851439	0.610585636079342
100019801	0.815011628272852	0.695962987263416	0.352708927457949	0.668629143043036
100002196	0.0529173172998407	0.267160228039312	0.343576776281564	0.692500839087409
100006370	0.196532434949568	0.915532786585625	0.335409541533886	0.686550446947396
100001510	0.0319608342924865	0.00419504686986387	0.287424549040845	0.778781602198957
100000437	0.659681136953702	0.490301278413876	0.31870132637873	0.746095048297007
100001767	0.0817245876387741	0.0133332407540533	0.453830765331497	0.769399354039643
100001810	0.449025621045556	0.54827284051908	0.35194318754824	0.823492057398612
209	0.0317620541638879	0.314159444218634	0.39284744038782	0.667079081409365
100001485	0.289227387490461	0.0935485319471408	0.201272010914095	0.612265772237894
100002500	0.121276043625524	0.445546082695172	0.345648555034455	0.652604623904884
171	0.0430216630004071	0.0309392588851295	0.245162369930911	0.681193135813517
100020487	0.982560484377709	0.808826526182141	0.365628887313256	0.639963780997153
1206	0.00717067708166503	0.116776861859896	0.345686161777345	0.734146558666218
344	0.0134253850889133	0.0313738767499845	0.661086117253009	0.774139751637058
100001405	0.374478662286396	0.823783990768433	0.35333755036286	0.664774271012309
1239	0.986864593010863	0.5239891826937	0.374687723642083	0.685062959748473
391	0.0619873944578165	0.188275063664054	0.322145027747397	0.890779577340355
100006430	0.51794669441864	0.20964613221331	0.40128172532149	0.435798301541997
100001417	0.842613761574134	0.462439079368196	0.332066355134185	0.80294342470679
100002951	0.0643657976035409	0.541377658895018	0.33575390059834	0.613096120869322
100000014	0.371403092292345	0.554529603071474	0.334878578841237	0.725072434381602
100003926	0.556357483377483	0.445718602720483	0.368240123832859	0.662504389816407
100021538	0.522845462348185	0.366274676675698	0.391589133629147	0.595657481104873
132	0.338705443879605	0.92164776605884	0.340977546109446	0.681378376081897
100001425	0.563108671179543	0.504909652855331	0.422188076746512	0.614778275100808
100020262	0.624288718141022	0.652721059641417	0.363148241941874	0.669055314833261
100002679	0.444160908571738	0.812699312835636	0.329052088493805	0.726244615474442
100001270	0.677324367878492	0.579749836537865	0.344244626765105	0.660471559500307
1102	0.779050558801542	0.986001966848663	0.340310933904759	0.682390288437326
331	0.225519409119561	0.189842648569782	0.286077704525517	0.571828407995715
100006361	0.570425568974219	0.636945817675232	0.314377830702249	0.751452662970424
180	0.703360424923438	0.949826975259412	0.346855488419084	0.680227275005772
1053	0.338987116662212	0.455434853643607	0.492880670989175	0.747931164689425
100001359	0.555384669437804	0.770983631286102	0.369823815106137	0.639516796998992
