chemID	simpleLRM_Fstatistics	multiLRM(chem_sig)	multiLRM(sex_sig)	multiLRM(age_sig)
100021136	0.0209371299852919	0.218143437922597	0.257346699055402	0.770606095828431
100000882	0.829986951710328	0.668414969158271	0.238303732312305	0.646911270500775
409	0.111691453331282	0.204745202650989	0.267355380122498	0.445387791136881
100002254	0.75957453387251	0.0501159907432598	0.155292652533453	0.651792295265624
361	0.00976301618444827	0.107314812579685	0.161680301160386	0.647124919037048
100019975	0.461163001622225	0.791257350506979	0.229623789358782	0.685620062943982
100000257	0.00105680320537557	0.0246685781693023	0.235255914673543	0.607877786719158
100001232	0.88230254706184	0.979358813538219	0.231379435110336	0.675752879453599
100001948	0.440290945963877	0.431003123173929	0.248038937892627	0.550338476924053
100001073	0.752314265002809	0.820034280199062	0.273351357087445	0.638749255452453
100015637	0.87213872882161	0.495401684658149	0.245099759324193	0.667913958689861
100006360	0.501536709989771	0.654132880241388	0.239525700919765	0.603918858167927
1488	0.560198107828098	0.607612581553386	0.231354406602348	0.64925686869465
100002253	0.725395019969249	0.879593221153348	0.225269990342203	0.6894452672708
1023	0.805247417209384	0.622391927246378	0.223659441791036	0.651103230773713
100004284	0.705057270592401	0.805553097562699	0.224075367005728	0.680744309124764
100001251	0.554778550209103	0.883433794826488	0.225076552136985	0.669315163522984
362	0.665057363494128	0.51054134469256	0.208337555175446	0.667418610838477
100006620	0.658845004989243	0.965247086281719	0.228751183493717	0.674368545808828
111	0.370665496310931	0.169318164970515	0.190812547238059	0.644629844370084
100009045	0.777957489778648	0.306740133220947	0.192300989527611	0.824349986931574
100002927	0.758688016053399	0.882303830498474	0.225226530649837	0.6900079849629
100015641	0.706612193579479	0.840427522035524	0.221008870046416	0.686681683027402
1114	0.102355417275805	0.897476884034799	0.22497262798467	0.679103942082227
100020409	0.448634047952395	0.441883489789994	0.232069505964013	0.563560876421961
158	0.127664013347542	0.259419592918217	0.295239079039996	0.702451118408315
1224	0.0580162950225468	0.194017624368064	0.175436661898389	0.712109323158423
100001620	0.520122197714708	0.403592196590012	0.198556398260209	0.675985105357148
100020893	0.355151007005746	0.0768770307982573	0.21627414952037	0.410185574708549
100002458	0.654826814822294	0.664612996199701	0.258724129551725	0.632623008269662
100001112	0.786173995173918	0.99766397155309	0.228111623965441	0.674706167719344
100002953	0.324573162080008	0.74257919791648	0.223943672183042	0.689350474160408
1141	0.41733052303109	0.0621278293877447	0.300853198963912	0.4997815752806
100015834	0.431932920916021	0.983735572641672	0.229930432628386	0.675268204173133
100004561	0.59966786694703	0.876559354089562	0.23139685896866	0.669556891438821
100020497	0.984562304343252	0.595097700047763	0.205007216680539	0.714148000214647
498	0.0581847125649513	0.330985846783176	0.227410756861154	0.748024749221255
100006051	0.941911542155435	0.903655240034329	0.23080559530496	0.670873495850189
1668	0.702711991173539	0.499462937734828	0.223592910722978	0.608907230742914
100004523	0.545174999850166	0.988735008858973	0.231884648245607	0.67511624837158
100001604	0.248492433984609	0.536833403479811	0.224966445433183	0.718521741347449
100001002	0.203458572782222	0.566167467551368	0.23989197624251	0.660194749528478
100001987	0.109423870307002	0.45750992125893	0.620408224840643	0.576083507795445
100002462	0.699686166351007	0.399098513808981	0.277319296263937	0.567376979430862
466	0.506542663466319	0.065019811145892	0.249584011297	0.649436444849707
100000665	0.960605781079116	0.425213742033961	0.259008230324429	0.615808039522307
445	0.872280198546267	0.417067274965095	0.254757575704752	0.725649698270493
2029	0.119692526379342	0.463784381896824	0.24333661285289	0.676208754762363
100006438	0.0998170037201719	0.225341419712444	0.269454328184474	0.687986108770345
100001398	0.185895736474336	0.60767651256492	0.212970173162561	0.692760792986647
235	0.328328951319	0.380917960466768	0.193188025668585	0.714345897301348
100000997	0.748161985713789	0.724443343482963	0.230548710367416	0.653132080022948
100002094	0.206140233538638	0.177002837204355	0.183038541031193	0.523427199749841
1052	0.428064123982677	0.729090159711249	0.210341615460379	0.734335413247179
100020823	0.381139314854776	0.623675209313218	0.215783753937516	0.663185829776922
100001806	0.23480549267871	0.583876279054108	0.274095566992757	0.684577405146653
100006092	0.734104376526873	0.842359974274542	0.233517309989755	0.659622466224666
100001415	0.143238337634383	0.0938354860491669	0.235811033394803	0.407514912798531
100000008	0.0255152506778777	0.0542416578275959	0.251536711313117	0.495752008042519
565	0.0107806886391507	0.0597722584957725	0.231893795275462	0.748233997661078
100015851	0.11586116555822	0.166599774962091	0.301246939078766	0.819885833260087
100001866	0.403395343702893	0.766256116553255	0.249929920298729	0.637282989195661
100020546	0.00319556845335465	0.0348225921125324	0.435608140766857	0.860969747083394
100016110	0.766867366560753	0.522163787871993	0.196808816232861	0.752274617483278
100001254	0.00268875149439897	0.0121513075006646	0.301012789426763	0.889997133878175
100006260	0.397877975569522	0.817905026010697	0.232231508819072	0.670215126642073
826	0.712969763400735	0.885598730497183	0.228784174758791	0.669257266907671
100001872	0.492611648425363	0.850883021845091	0.22915875287379	0.673280708486597
100000263	0.340494908070193	0.394715244744541	0.286857860213934	0.666049386785082
100021198	0.818872367393801	0.0590298632957269	0.151075188512156	0.380434483970101
100015967	0.0387063802001146	0.0970412487777223	0.288506228508683	0.499054036112223
278	0.154394902470169	0.275948890717328	0.214431238597451	0.953378535394621
519	0.820218715968449	0.37489826276865	0.275857162219325	0.614416951056101
100009337	0.084377950924347	0.296887496077189	0.319711396280301	0.658857539493997
100002185	0.300660397477177	0.946206725354099	0.229054565774822	0.66920785793866
100001278	0.436864695028938	0.300904670627336	0.285025531289066	0.628642463231928
100002103	0.778355423435582	0.649810637920852	0.229905008232491	0.628156044698805
980	0.849306233645042	0.484994484736373	0.254504712633713	0.655327848222811
100000016	0.972067401391208	0.489943179648059	0.227355388221189	0.650321079193429
100020372	0.285540252716638	0.609952087169663	0.229584211664473	0.627423010436145
100001662	0.705503627993569	0.119367464349361	0.0815291289133178	0.683041020659913
100019972	0.871070672288494	0.725139280672165	0.234911273681464	0.662083632558823
254	0.687349358165907	0.674871742715994	0.225269804598238	0.677852815013318
100002009	0.637476711527573	0.665078475590938	0.225300528795052	0.590076871451496
100010895	0.566631343860064	0.648182520185567	0.263744137245	0.65745623798201
1140	0.914975520671415	0.957735453149297	0.227211121138849	0.670415901547389
100008951	0.72413758919844	0.595313450966881	0.24475932883887	0.640492854503418
1084	0.648002376260379	0.899820321590169	0.227857380138243	0.660572054200708
100002796	0.0947539822177145	0.35774616872724	0.197679279197344	0.612454116468296
358	0.852824439267144	0.997408108074432	0.229003303312904	0.67909589535158
100002070	0.73202754348802	0.658194684229828	0.219628029031531	0.710434388762025
1628	0.441207529788436	0.166886885453471	0.282903907888165	0.659087581868695
823	0.863064436468497	0.618058661542034	0.206583255895237	0.720360316925704
100004414	0.380651196733228	0.0828925153545823	0.302906214554717	0.813277296499167
100006129	0.0112997615885648	0.0533448566984858	0.31250938490022	0.510514135233115
100002028	0.98776188851126	0.709570330440457	0.291907465395391	0.5867185219244
100021707	0.775396581663452	0.813479606911104	0.220303837419358	0.700054158118779
100000054	0.474134673459047	0.443670806621839	0.220101037328721	0.700088767539683
100010869	0.651787227759102	0.317471399468003	0.241817287259392	0.564281863028454
100004575	0.0732780750216608	0.204952984612007	0.302418432641584	0.945837404155094
100001212	0.998927131197068	0.668003192214416	0.23121698098193	0.612602309359779
818	0.286652170325302	0.644539052278274	0.261486381293455	0.634729275277711
100001092	0.000813478260465693	0.0133952497313254	0.213999744550027	0.658163567328335
100020371	0.947017063540035	0.854140626808135	0.231896088672489	0.671824903313685
100004112	0.149355209166579	0.4501358319468	0.244187157433659	0.681974715618383
1125	0.397435034984706	0.338056065867078	0.254232744256423	0.711372287626195
100020491	0.780156620845812	0.462191910980397	0.18517416308618	0.690426452508841
100003151	0.00168341606387146	0.0198620099010702	0.354440852255848	0.548320199062278
100000011	0.336176726844743	0.151824584068001	0.166998803106305	0.780730562916241
100003594	0.464337499627244	0.990090886994958	0.233358644517686	0.674615851054929
806	0.845746226846104	0.18478403349207	0.229624360869831	0.487878882230453
100001211	0.989970043184961	0.595662102992827	0.237616745820013	0.655088964292853
100002417	0.646633109684048	0.555169674660221	0.219039662506681	0.633556200724734
100009335	0.434169159642586	0.165964803952625	0.17661955530503	0.698891790873432
100000781	0.588631056686434	0.879214334351349	0.225538735034016	0.669389185873304
803	0.0303205855935439	0.0331758287091032	0.216938529740463	0.55027526727717
50	0.540206384705324	0.741146692045646	0.233606845136727	0.659262901541597
796	0.471595925411911	0.0574523166843534	0.257503553711454	0.660046254484063
100005834	0.925769755821543	0.648950170197207	0.269054522742905	0.668627633772559
100001580	0.975077566518048	0.56988037673564	0.248051612157971	0.673863455049874
480	0.860762346416677	0.55783987085617	0.197993958195023	0.681882528245698
100001540	0.189939304817098	0.684886857893799	0.308702208029745	0.764665236949079
339	0.633653872373646	0.136144602318572	0.20917831955451	0.585479351969295
1110	0.693597298763084	0.752536640739001	0.233273770986212	0.620374394842722
100015836	0.180740171681494	0.209862392758018	0.341991522058128	0.836359605115031
100009271	0.567746406470262	0.54832868274012	0.257443288768711	0.654980866669756
100015638	0.971980540986656	0.453721972226062	0.240978455754091	0.654328712330064
100021667	0.965239459760896	0.522770655270395	0.261763881739621	0.655970597699533
100001279	0.65651921012173	0.420972206790182	0.24909525444085	0.785399564304647
100004208	0.0121539218822816	0.0966324312540299	0.362516859323855	0.801946217143829
100003695	0.253611417857434	0.168422999319839	0.249896378288807	0.470091103227819
100000802	0.69720160940124	0.968595915662919	0.228939726609554	0.67204821118928
100002769	0.807190722345655	0.0933203688464319	0.159556098455193	0.790423536386525
100015835	0.0844930815085206	0.281060726351752	0.35351870631258	0.877856024350965
229	0.895646573613997	0.40520629199283	0.259509531155176	0.667380519282067
100001266	0.014727030550238	0.0472135476374771	0.309270820711605	0.946234195560733
1342	0.0162012424147478	0.0761584879821385	0.314170786186608	0.515798811953321
100002102	0.828387518285962	0.574182212408794	0.260107227375583	0.768334142606069
100020254	0.248061238980384	0.69064526012058	0.22546655865778	0.694112997630827
1231	0.522107616105551	0.257408717486818	0.277597393670663	0.62729770334501
100020492	0.960757465715367	0.857585646130337	0.223768786536193	0.671728331228473
100001402	0.414353085892439	0.612121298301726	0.253827281268866	0.677598943511722
415	0.00705397669560537	0.0913673413078037	0.274113720800921	0.731974634033491
100003109	0.977308256973971	0.959275848267306	0.229237204617729	0.671415989940832
275	0.483248348868808	0.877403818896491	0.234231594162502	0.663806633913444
1143	0.161953544177339	0.0744277738006941	0.206200952054498	0.77356328202445
279	0.239676964256198	0.239300853301401	0.220468001539383	0.505677807006545
100001198	0.973196130433078	0.924169639243271	0.227764382222842	0.681249222449986
1648	0.458077262350613	0.985976911209245	0.228884031604978	0.672807800997964
100001590	0.178780972565993	0.17241062983358	0.207100162547444	0.565852997571958
100001733	0.29251431402619	0.754048265707936	0.222208191583563	0.696821161661796
100008933	0.01253655318428	0.00203451713618017	0.320441561764335	0.628038089886351
100001550	0.35159400556136	0.507930437228107	0.214881668804951	0.622120990162838
1215	0.0775622179764088	0.225282888240819	0.190289034758548	0.628547947856938
100002356	0.261538291512761	0.112554746252896	0.279022012627823	0.681943129354546
100002749	0.725846551179882	0.782774646541768	0.231087278882999	0.680349785158984
100006379	0.185901491589303	0.180128013452719	0.269844216093232	0.432059641447664
100015966	0.0881796272829439	0.164451023978208	0.251477597786768	0.502483330481485
100001392	0.586314470465849	0.983683756080409	0.228316837434703	0.673314220473334
100020425	0.158138761182853	0.0565089542348028	0.192979472350897	0.436972240989966
100004299	0.277765411388143	0.76530391287584	0.245761896613671	0.729900069422783
100001734	0.675908002861769	0.581621341310562	0.241338787892046	0.62031351556201
1002	0.870450911557953	0.812971597280879	0.229277947047999	0.671745375900923
100001337	0.256209139753	0.721531133984469	0.21064586308306	0.675293198848932
100001452	0.872350040774275	0.592169345388623	0.221367305511125	0.61989009498338
314	0.541466329843646	0.394269036242345	0.238210172878113	0.690739313006821
100009264	0.988660809606974	0.524704172080559	0.179442709960742	0.801243171593179
100004634	0.0126265010036927	0.0482580809626916	0.32944430588582	0.482683620824862
100000711	0.689553304757407	0.698171073166289	0.254804275582075	0.698107042731113
100020536	0.0130707687433333	0.0742826213712572	0.282639816358989	0.788214454577088
100004318	0.44482348862383	0.685113987757647	0.235657996675501	0.669664334263741
100005850	0.975282703182872	0.5613425724632	0.287323566373991	0.6294064784525
100006619	0.224790291581767	0.11509575645045	0.259194189339695	0.655531147551336
356	0.557460813423224	0.694692907704972	0.220789920380259	0.688020041387011
1221	0.441052466875433	0.505473144989255	0.31159192807628	0.719908692211152
100001397	0.895616945127167	0.843967821377671	0.228823552182544	0.667998683937945
100019981	0.5626837659641	0.8569520117637	0.232125765844019	0.695291593534973
100001208	0.30700944233616	0.185185502568273	0.18757479163495	0.99430948308496
503	0.0140074950060636	0.0114923278655493	0.138018853808879	0.51187522105395
100006375	0.1349882190462	0.594460518631358	0.251386077041777	0.650780438980496
100001295	0.654986937386897	0.58875771932884	0.220932917580315	0.770954533315077
100020427	0.0669809680896108	0.0315351260365988	0.224095240788358	0.379351448097228
100002784	0.507213984211547	0.367138699937024	0.192435902007732	0.741747005533212
917	0.0687211545783289	0.222775279401169	0.253258929005209	0.625321413577838
1869	0.418209370851187	0.228652077638409	0.248755197181725	0.561180345202468
240	0.170117982803602	0.0688825873037821	0.123850315460664	0.450815493123853
798	0.00399775828788162	0.0816056364680816	0.350011720682068	0.603992254789213
100002952	0.212361100001732	0.575397013423966	0.229623137782465	0.740411599305522
98	0.698899507640561	0.907354001595291	0.238650297624879	0.676522436861401
100008998	0.338836021129196	0.352072262758458	0.181538270761725	0.737027198951323
477	0.97292101265478	0.274706055468863	0.232134270335477	0.667842338761231
100020545	0.06965631359643	0.125444476546302	0.264948793404622	0.846673729683196
100021666	0.968639418554325	0.251279943186832	0.263671829917449	0.665007984498563
1256	0.358836249849912	0.59235965258105	0.279518693444656	0.722673108339733
533	0.213264391876019	0.0493537747682689	0.142335637097434	0.39573468408908
100001757	0.586183961179713	0.952296418005939	0.229455327510403	0.676241330596579
1024	0.227539245290952	0.0635741869861234	0.139307508284626	0.818043264368169
267	0.396303340191821	0.942979223915087	0.226856834663026	0.676218148171406
100002113	0.152970112024507	0.120432777745222	0.227620947937968	0.69570406104088
100001756	0.788544457757195	0.705731560802856	0.239152591202063	0.695267142997163
100001193	0.488495412663411	0.206913243096345	0.28874867896284	0.621632497993116
100001668	0.558012078465152	0.871747186466272	0.22746425713765	0.684012900058073
1124	0.277813306210021	0.275750268048692	0.19664095720985	0.774870160273546
100021331	0.177099099341057	0.327111421979167	0.213516520093006	0.713202619454471
1090	0.0865369618020739	0.054575431716542	0.222777155613228	0.81190393123474
566	0.991862397048451	0.265612350904276	0.157197875804388	0.678671625772434
100003119	0.560624634061642	0.335094561559373	0.257135994737341	0.616742987025789
100006367	0.814763719577639	0.602361902797824	0.237273202959737	0.655185162419444
100004322	0.310311580449048	0.303301376422107	0.239214807609139	0.754546256068066
100001034	0.764920770123234	0.780215620045745	0.224300549650511	0.662521663948152
112	0.901850875131017	0.96301892977973	0.228066455273826	0.696118857299701
507	0.787778467564252	0.809123779013608	0.227741774795825	0.679068259147745
100009233	0.260976758299971	0.168181788967079	0.205344687948469	0.693122916485285
100000406	0.00606231477743698	0.0773885444109951	0.39355307886243	0.440981958836025
100004046	0.344884213420025	0.383722772443328	0.143775874838511	0.605308270511183
1025	0.789081914532871	0.709276604284242	0.220026486390454	0.691825059848817
100001106	0.225707684042197	0.209790422887901	0.192458425546103	0.703842995288963
1128	0.0469032891609121	0.686026359377896	0.252155426356019	0.708941144554001
561	0.0508996233811518	0.166105146827844	0.153908654806645	0.590273413551969
100001614	0.935882025343215	0.409585031988096	0.241658623052439	0.650818556027808
100000961	0.723173553743888	0.910294346946742	0.264445564667622	0.662871456293423
100002397	0.984471565266721	0.701809484975261	0.230031200615047	0.624671125265441
100009407	0.907182453320219	0.937516881661312	0.234305928473521	0.668683312372501
100002910	0.800048344259048	0.63995435079872	0.211250983726458	0.615914538004958
100005946	0.211575574326069	0.314165719865604	0.266298435837714	0.781646275592647
100019794	0.142871569344393	0.374229001734518	0.235121388519558	0.807934179371353
100015759	0.25747606762503	0.0846392512634096	0.185958421066386	0.679516053618734
100020417	0.849872432523298	0.695035432608813	0.221799771669544	0.653753783675298
100001054	0.636284857266043	0.953665028819209	0.228491912831135	0.67244844103134
100001437	0.358042300190235	0.346725051979604	0.19135823131346	0.602278137656443
504	0.167974890369382	0.616021885491335	0.282093583821623	0.68627889726484
100001988	0.474759641038062	0.680758696312043	0.224453714886269	0.818599212520891
1082	0.0534735472760006	0.750879158034297	0.251033123190681	0.691677452864554
100001403	0.381376441947705	0.399975723807077	0.256312395414769	0.657277581663091
100001664	0.881208812991984	0.52427790803362	0.215317792532978	0.856243270650318
461	0.186792140992982	0.180340226456346	0.387812243313134	0.644517095279889
100000463	0.887146666817474	0.810917281386689	0.221777910237213	0.670462773899335
100020208	0.515016010296012	0.4888688181454	0.262301931604356	0.550991628181722
381	0.434913687547325	0.0467219619277968	0.0856984505892515	0.487712982873973
100010901	0.0719355651250666	0.0687183709763726	0.226584770444246	0.792712858357793
100001468	0.149190664644668	0.802230590929795	0.219727208818495	0.721386142668608
100000840	0.884456628119084	0.729213815549908	0.209544963742879	0.701123916715691
100020014	0.261614689924045	0.607041137936356	0.223962620992997	0.687971852469916
100001993	0.706757085255662	0.523511552823918	0.176093494584736	0.860918509179891
100001051	0.125977948619091	0.0257100885632011	0.259786749270257	0.363653433228458
100006116	0.446905972197551	0.557458240077792	0.233317979094602	0.674870419409814
1108	0.947087076137029	0.974398525337052	0.228851191993052	0.677304505537231
100019966	0.369584298645383	0.141015059964211	0.278087135853947	0.643925466775234
100001743	0.687317948251259	0.457449497535124	0.223232168434079	0.658711405374605
100001294	0.243453290801198	0.294515649604654	0.178828007026129	0.720628094765035
100001609	0.234413744779566	0.103493218643007	0.213207237362099	0.766378409177749
418	0.921434244863958	0.86287968818381	0.226485388535054	0.692813792862044
100001178	0.538066110818332	0.705374873927637	0.216762890288957	0.630932662234056
189	0.925574336130967	0.69348826552238	0.210004053903536	0.642026645277517
563	0.609946556972253	0.74266420812293	0.245026939860372	0.653932081747055
424	0.677522135157428	0.492488760002842	0.256442849555831	0.657275530013214
100000776	0.1372755229901	0.327248691714991	0.264563353774084	0.676329781635814
1001	0.919503298228956	0.538863991028738	0.235193562691621	0.677090234379896
1135	0.361104761845032	0.110085162476799	0.222705255769524	0.730837182870308
100021093	0.306412179123339	0.460664913801869	0.269800785410532	0.697852656550246
100020219	0.0969341859860396	0.191088032889972	0.236468801541478	0.556547714956599
194	0.678730182969109	0.639809068365867	0.238680243397379	0.605760523792538
100008930	0.807066048244	0.682595843569011	0.248163901664075	0.657203196220461
340	0.964024324341864	0.397990581842418	0.168801901666184	0.7339005446813
100010896	0.992071399663094	0.706054595189361	0.212640710173068	0.682725606967812
100000787	0.244737408745323	0.117891912642907	0.225165457716068	0.393482388279735
100000639	0.0397031949699601	0.235045380403519	0.206935278894262	0.679096707683338
100001851	0.838310461124314	0.199602092797969	0.251347641804421	0.426695027829509
179	0.484575252388296	0.676613290768122	0.225714327147022	0.685399459451367
100000626	0.409024602868276	0.752072218016233	0.238464856880808	0.67430721205165
100001605	0.00648982116145119	0.067347520444669	0.300558806201177	0.775703156430874
330	0.319264441662106	0.497403853750784	0.254192494495691	0.562531809692518
100001162	0.869947730913702	0.510875553698398	0.196300397525899	0.632391364206863
100001167	0.0363640185551877	0.209636264935637	0.222630057661827	0.654381031001139
100002067	0.63649715883432	0.872506173818242	0.286079903562363	0.653109887731423
100019968	0.777664988506017	0.437988931455821	0.255515075220571	0.617906020876398
100002014	0.965562766632698	0.990156739273213	0.228195947043627	0.691027399631116
100004083	0.354262109460703	0.112826855106068	0.25559300585045	0.527663923771581
100001315	0.323965060600744	0.400549645524948	0.243016063695636	0.738773294565203
535	0.333936007776427	0.648855214718635	0.247043147782357	0.667115369496344
93	0.501041605423634	0.310585573191177	0.262232682037471	0.528200211401478
100001989	0.348517281996368	0.587113791193444	0.207332728922266	0.721752365445899
100001740	0.72005891554144	0.391453994157428	0.205733417323755	0.693983894463707
482	0.171811984252014	0.874679599394426	0.22912934706403	0.658882720094824
1629	0.312770518873762	0.475475857009621	0.275340048090525	0.652426707662092
100001399	0.601299387540696	0.478421651601916	0.243327785981604	0.674435334250511
376	0.879559858672621	0.169795465555844	0.140016168294634	0.780784769866369
342	0.670853799347261	0.549665167069796	0.226407208305175	0.67114204767625
100001253	0.0604594858939268	0.284055856200803	0.206179211620912	0.848297596835056
100000708	0.669159273246795	0.838066161512822	0.242246327789657	0.67866050656409
244	0.21131399211252	0.0566697925666047	0.189752777098887	0.789820746376264
100006726	0.446596580418753	0.30257185604542	0.27257664503449	0.659418456795258
100000036	0.154663635759593	0.697166292997531	0.215233088856081	0.707285028479614
100001257	0.0563658748939059	0.158729345516699	0.332690609672933	0.90291368549761
100000445	0.70157863357888	0.604182808201271	0.252356411998234	0.628725882438264
100004088	0.00392804003580318	0.11389660408355	0.267375957807571	0.750010034559212
100001423	0.961215644218132	0.729519535326787	0.231943318763317	0.643027766692066
100001276	0.387369455357146	0.27045453013059	0.205638136802042	0.586264231854146
100001876	0.828145007662871	0.882131609103463	0.225520181396707	0.676580094755737
100009082	0.723069815589095	0.0443959432858242	0.101796694584244	0.655252209858602
100001121	0.375952852136209	0.744214261365909	0.225082748214443	0.669280699941633
117	0.462387509044753	0.733897340428004	0.219243521342672	0.687953740916082
100001868	0.0395251540266884	0.11626177741158	0.277222399511946	0.682496481245311
1134	0.778329110620263	0.326563561266341	0.157967425434733	0.646586529141197
100021012	0.419414454052731	0.612811488013342	0.238098949962393	0.695102520901917
100001181	0.791386642540637	0.282734876513356	0.288435113762067	0.606191516842066
100021467	0.800156009548048	0.321810916948283	0.233601827583388	0.586320407477186
100000447	0.257591635715784	0.268941851844664	0.267337492945956	0.639655248251693
1162	0.000783322962447015	0.0167360968111392	0.3100702091991	0.577634713837059
100019982	0.491256680554697	0.48020187540306	0.239537852247511	0.656874689200009
100001613	0.947664943229358	0.482949653020555	0.241949966554896	0.644346120788652
100006644	0.387222383441808	0.613117985755133	0.212104623708298	0.701400015967702
100000096	0.577357483636252	0.0260635722421267	0.144710806205964	0.640093335211454
926	0.486866781315983	0.713935657317929	0.233600130596912	0.676823938635035
100020004	0.889909499286404	0.683918686812043	0.241596098554093	0.672241663932356
363	0.221603736985458	0.0530974313989769	0.214567611695874	0.270425743068331
1111	0.404986751243171	0.984778802980666	0.234959836959605	0.703979710724827
100021712	0.669848442697999	0.817510144053989	0.227989846371756	0.660983671186828
460	0.920410932357097	0.857606626098984	0.235143480664376	0.692126992661617
100009331	0.270596736198632	0.175972038946598	0.199434778091176	0.704855908453613
100000442	0.195170504555487	0.633792615894632	0.251953289754945	0.694249379797575
100002945	0.0976018806496315	0.0191608911378385	0.307715703784287	0.631190195261635
192	0.72819758333758	0.954812210598716	0.244549789354225	0.672145107090511
100020241	0.322391174670047	0.890020971344581	0.225903437590044	0.671044134604268
100000580	0.106681597482206	0.114676728077176	0.186277129873715	0.926479214837397
100002466	0.00643895718498976	0.0210694595664689	0.18286248213902	0.419672625014442
849	0.584995102564915	0.510908341550253	0.231116997715442	0.612159152758817
501	0.546381156190171	0.414970185945291	0.256071452160087	0.632627564717929
100000282	0.537039128685356	0.109642243575819	0.296551058177852	0.55841800973993
100001577	0.076735164326582	0.311915170732694	0.324614289079646	0.722143390154981
355	0.128383834583934	0.339521159121236	0.195084381275074	0.581151039630642
100000841	0.563393109953793	0.791291911273583	0.217172328601188	0.72083790560934
100000846	0.839666780497005	0.350706341804038	0.220174687938777	0.666797724551039
100004295	0.972463816473703	0.435995921715466	0.212653478844072	0.626625740024909
100001586	0.124304697522544	0.0560541619852702	0.338355199922778	0.346171562514885
407	0.0162290496607883	0.0377604453546771	0.263377918513907	0.741529088466475
1137	0.788958150156001	0.690975293550914	0.218043845499054	0.71768652153333
100021374	0.0358178203128796	0.0148169381372021	0.172603259649408	0.918630454934645
100001593	0.641022395963543	0.901215514137945	0.227979293002991	0.677725440263888
100015971	0.705580825914353	0.701949477636294	0.221710030499972	0.670952434257277
100001022	0.21429523369489	0.106798941333387	0.11679415124587	0.999641453968749
1094	0.0748080852686583	0.285214522613559	0.359599329234731	0.885093540172088
100002122	0.259741034228425	0.241663465489117	0.186857225916675	0.775781558944766
100000706	0.655992821018495	0.537645363584301	0.192702739262813	0.673628483967969
100001055	0.855299689341664	0.373984381186581	0.202852344412008	0.609461459377413
1235	0.411194913923853	0.648734479694145	0.213499799901596	0.712391974014983
100020204	0.0835372170909493	0.494275238893585	0.250246419851626	0.720342426442189
100015643	0.0361621744185434	0.292964255377082	0.2516081022546	0.626236942451517
313	0.0241290034333471	0.264562799959306	0.243049790164483	0.609749716939891
100001413	0.972819378677072	0.76930002061054	0.217888335688233	0.651837041180236
100020423	0.0227540120785299	0.0171524725255348	0.253700697497814	0.354335086252735
892	0.507116211022631	0.162119425046326	0.254049382202208	0.702437149889599
212	0.0730729893458887	0.141040840248726	0.310608999526183	0.650902562734081
100006105	0.227591968566071	0.207634092567578	0.265936616852255	0.685815170235441
437	0.72416563288331	0.60496001219198	0.213216025095092	0.688575486719726
100019892	0.401167216471151	0.844856905445419	0.228004551192657	0.690266341057234
100005716	0.0581134615998803	0.0936239229277207	0.245761770063318	0.76190087034579
537	0.304109596450591	0.155358411688371	0.24217666644849	0.698362884364201
100001990	0.24258602554541	0.556186789454866	0.268637923569096	0.617019019169732
100003397	0.0158187964222447	0.00224791794172018	0.160372476570218	0.407679399466863
100001320	0.167072753934475	0.276433494967826	0.297381691195122	0.460213106662904
100005717	0.12994399772774	0.0910922710349355	0.270980372939773	0.707363364218667
100001207	0.020413593495258	0.144007923467674	0.261268321639125	0.682445285988825
100001999	0.438279453409853	0.715026642397986	0.213081301632734	0.811036331213054
100002488	0.254192405020066	0.0226142272993872	0.278947728584738	0.61743694427788
62	0.157179852460941	0.607292709674393	0.218366652322799	0.681389385137163
100000467	0.621907931679121	0.455880293124411	0.219476673189272	0.646933710413859
297	0.00589886022968803	0.135073203291089	0.233872687783332	0.640763322824042
100000285	0.0335781197937725	0.408675715345257	0.231948051557965	0.767851145211837
100006056	0.0643310650669047	0.376961894746515	0.242573574581619	0.716584023058561
100002126	0.127065740854941	0.24785032358626	0.173442684320857	0.994932465265541
100002129	0.864828186620308	0.72480900803018	0.212179259969928	0.802435753260909
100020478	0.027559149641388	0.189588579781233	0.201133065471644	0.705377042726156
100004089	0.0529775469936341	0.502483494723487	0.245289255006242	0.624905095975274
100001755	0.507428922018008	0.585490707093859	0.230356164739891	0.629468154624853
100000551	0.0312367011320339	0.980714184339395	0.236195488957456	0.672838063755445
100003260	0.547408096260249	0.363141435003336	0.2598657667249	0.743638869942106
100010955	0.785479147291068	0.350641367001426	0.174721008933127	0.556834033572432
100020851	0.181903656009988	0.422047765510093	0.24840674621937	0.69809260777878
100016069	0.729532800066855	0.84959057253789	0.231711821462519	0.66464401049839
100002027	0.489795123594863	0.515858115560645	0.173535538681332	0.794177538318732
1123	0.399548748358816	0.203429412714378	0.219457305407673	0.799147803250335
100001150	0.484419534478571	0.4721372544581	0.263072252819757	0.638352727891229
100001657	0.28467720208173	0.715320498668099	0.230262173182912	0.658325673681853
310	0.242815665938264	0.333072358392209	0.198519451239741	0.780216262086594
100001314	0.416062614811284	0.150314711568556	0.218803762280542	0.558996491492661
452	0.759672420089572	0.67383710280573	0.259014834368585	0.648153642428624
144	0.0600093226086698	0.0443201568639016	0.280805379667917	0.527093598725745
100001182	0.238208388140897	0.174061514011993	0.286375804170823	0.65858175614325
100015965	0.851192463280319	0.545390182113797	0.221860000150631	0.734920623840882
100006108	0.953525774803399	0.499912252304697	0.237310085571375	0.708557455640415
100001400	0.833057618823983	0.713405349716566	0.22049270474002	0.665788677069499
100004541	0.465557765356503	0.300325649544492	0.23141669310699	0.466529871142502
932	0.8158791031795	0.359904715275063	0.234807154120583	0.705424520881629
100001992	0.811876773194904	0.946900170089572	0.272441667152198	0.671948628031752
100009252	0.144187928799236	0.201857176102949	0.28178861162173	0.655076811917639
100021104	0.613343570797778	0.524792669158717	0.181996565413777	0.820797286453019
100015838	0.00714377392985985	0.0348850226072462	0.341291045458942	0.930270078852703
250	0.00157545323976596	0.0314858747945514	0.44244296345486	0.766136623522232
100002537	0.810772469721096	0.58441067357343	0.216214491825604	0.764211192099206
100001658	0.756431037548245	0.659773113544737	0.251316812628121	0.65956996357405
100020416	0.320917293574025	0.380874980103681	0.202961112667996	0.649476263413775
100006642	0.148078206124485	0.593523889216449	0.209704977074605	0.71383473964338
100001391	0.0706376768089111	0.289691287669689	0.303720998485507	0.798479905028283
825	0.718873922100929	0.557289006465258	0.193851606159705	0.688118668457799
215	0.0190870122460275	0.103064540446838	0.274665325973442	0.657348807847431
100001026	0.905350123787891	0.810526318217164	0.22423915971038	0.725744257583675
100020541	0.357409212532052	0.383926952234493	0.191138758475684	0.720655769865597
100001526	0.160422238599035	0.247718978652372	0.363011234574922	0.796198216805024
100005384	0.547731666917175	0.429646806755069	0.214903888889519	0.597719676029349
100020378	0.184720901794038	0.787434901258184	0.223270842427291	0.677717098087089
100006115	0.975149728570706	0.391008553304659	0.305185763080047	0.564573344690432
1442	0.269858276177861	0.052306978502638	0.0978337051112722	0.561758606679188
100001843	0.0870950811377332	0.15343400307114	0.246807333523153	0.782234433280489
100015837	0.0967019633882365	0.222887299926419	0.435066774922374	0.616432230147546
100010834	0.759761002508019	0.999596120647868	0.228535495162262	0.6746330826966
100001393	0.580294817590738	0.43459646710267	0.18163817183207	0.71490625064734
100000015	0.478730631324819	0.441020698688527	0.203016514496943	0.701750772686347
100003892	0.0574697046929791	0.0565794764503655	0.202655725041776	0.925929646347561
100000042	0.175062235484505	0.0254381426363765	0.24596964606806	0.581936267928301
100020550	0.549413405521697	0.209161806243427	0.249331177096491	0.567770181352119
182	0.418444313839169	0.33807803881358	0.220365597414962	0.694980069203164
100015723	0.128390820732869	0.408250673597227	0.231296270621192	0.655313533979255
100020343	0.328548680224982	0.420272501101292	0.200993312350176	0.676135867416796
512	0.354048657460945	0.637265886661437	0.251966529403459	0.646804082718367
100021100	0.683777818006198	0.650246819348524	0.216138740360146	0.678092957756337
100002528	0.329712752264916	0.072582050757423	0.278932064412692	0.455340008193181
100001287	0.634399760636552	0.97479809936137	0.275146955317685	0.679777994971474
100001229	0.722425440005641	0.88708217893373	0.23716802910028	0.662990397751063
181	0.322966839940298	0.788764666388244	0.222815414716965	0.704147654085766
100015831	0.00123621708387756	0.0175136034814801	0.314515729106824	0.455817139765185
100020515	0.381743448318754	0.505481889790091	0.191143595956439	0.811635486422317
327	0.211820266187193	0.259662007714482	0.28150740203405	0.627165733425856
100009394	0.551695599869902	0.680586300788713	0.210621849953257	0.710580361858882
100001596	0.958793106211608	0.257175078036106	0.208078317560262	0.513095556538296
207	0.837278527309499	0.481795337863621	0.240435822529796	0.633531153099286
2054	0.40536000758049	0.666634660099512	0.213534897559743	0.69728166206118
100020259	0.687786683957157	0.597278988616165	0.250834525698485	0.659385506875984
100020414	0.00206807676892582	0.0270363674315938	0.153002834214771	0.643916422416215
100021131	0.853239838541553	0.279524678814486	0.220571205483243	0.63089646698449
100004499	0.681873225430085	0.838879763846948	0.225865751961159	0.657452159979869
880	0.131650134562183	0.721971114136706	0.252918527200422	0.669234494199644
100002049	0.564918307640701	0.342156592828774	0.255571431501066	0.626761904949491
100001739	0.602708003743465	0.281712294964105	0.295426117052933	0.635785055446133
100001126	0.439137876917953	0.139755094486024	0.146159647912666	0.548959551753816
1113	0.686624630268408	0.849503180541581	0.240120901825021	0.651798530299462
1083	0.740878064261633	0.221086921901459	0.250005837386772	0.56382345933899
100001730	0.0928715822201789	0.205621404016332	0.269278440800078	0.553928636116358
100001412	0.513648685761006	0.904338381921489	0.227121435033252	0.686777895644684
100005996	0.603962924664326	0.662529176584053	0.22317278146565	0.650650410233202
100015962	0.00540643567216914	0.0699237125777974	0.1621109917955	0.9998813163139
100020214	0.644152904549883	0.400383560184236	0.242884787735701	0.591272331931213
100002514	0.135736373371435	0.347412479753863	0.239848776449748	0.612075801238991
564	0.241385890038594	0.0650821058595753	0.205674420968218	0.555358293825324
572	0.0171000973478186	0.01630099264494	0.343312406332013	0.534164501401057
231	0.970632534345528	0.6658724476503	0.210740294415611	0.687913325147066
100000453	0.988991266308778	0.820868199682818	0.223690709285088	0.69689439047702
100001007	0.1137906235974	0.244350865295063	0.276125565754164	0.552570499391052
923	0.671528348353995	0.363139080159593	0.219687121854862	0.723908996361206
100001247	0.35584611387256	0.461401994719795	0.210376919727751	0.65382815488344
100000774	0.995371960589384	0.746205636363877	0.21393473551755	0.645073683057575
800	0.381803068341757	0.374025315771022	0.242576779903675	0.730311131218149
100021678	0.245066969039756	0.344368637100188	0.182752235254141	0.673167410366897
100021711	0.459367690169691	0.883236745243537	0.240018022257829	0.679719460251609
100001274	0.729373892196707	0.360241969002037	0.217542085175734	0.508503415981972
100021220	0.101063015722772	0.139224439562192	0.28865233612729	0.985847493231793
100020253	0.392824986131618	0.95488399573225	0.227927374982486	0.677008803557893
100001170	0.778805075106339	0.185977906472059	0.211382340830693	0.577168914339968
100001466	0.320721463619018	0.922488958916489	0.233868716092648	0.670279701474278
100009406	0.675426300222097	0.630160847030847	0.217456925171633	0.692604170430286
1026	0.203291403244245	0.4585031187686	0.244751978482593	0.640659180262365
100020837	0.935222366319109	0.308115898362779	0.263667415762693	0.558965034589779
100001006	0.0920858182944437	0.0954331891749639	0.223140278468032	0.794754823313917
100003674	0.81206608667949	0.140976502139145	0.229562698554862	0.661905658207569
100004396	0.380819648692341	0.471697889065318	0.26409197804702	0.580769708035374
100015923	0.627361768472323	0.96985035313598	0.236450507039983	0.677804738375043
100000265	0.4655710618701	0.70689759413014	0.23387008513789	0.645682586033853
100001409	0.115274111759702	0.143206431988096	0.229306806454812	0.524170364979033
100003434	0.364380526689114	0.567346229015251	0.234618162044925	0.606776814468767
100001334	0.717682027800474	0.0940096938350018	0.292758368290676	0.558097916064893
100001102	0.649785002531125	0.808752907703029	0.235880109960232	0.658022582454305
1268	0.710305277520028	0.0758417698391941	0.142465551696517	0.629220940386318
100001300	0.0528402690003272	0.0259721610623774	0.165151998826719	0.679936645893542
100021324	0.156602251645962	0.604143342981699	0.320220478791337	0.660495716389842
100001617	0.0894447674139166	0.0914682576268613	0.219384958444659	0.715928707748611
1105	0.981746772291616	0.183706933487908	0.312436627177501	0.383298482496579
100021502	0.0481669972677579	0.236490902485562	0.217158473457599	0.705330910458949
2051	0.764789354951463	0.616821127224549	0.230012043851556	0.583868827232094
100001256	0.201191817372562	0.607264463188427	0.256865051275838	0.780149299856821
100005466	0.073585412431012	0.0912766584363417	0.264878502243012	0.473232215187619
100002199	0.102155874828101	0.661414537911674	0.239321237246993	0.697260440498024
338	0.0169580510613951	0.0504448707181602	0.381591702124824	0.441131684551203
100004243	0.351629458079368	0.481928553179154	0.204884175967746	0.688724229384021
799	0.397702583909315	0.991507041136651	0.244292830024468	0.672965493991059
100008928	0.650482127471102	0.121505960532761	0.233065956529677	0.664013870933473
815	0.0934753594652352	0.272742087323248	0.231630779395393	0.748576394224483
100001456	0.0141402008504166	0.127858305191486	0.2332533069003	0.605786908764142
1242	0.0612578228769109	0.0715381274282778	0.277560356359343	0.468978946769117
100001416	0.304514306439597	0.109372383537427	0.155385809403336	0.423692059105703
100001462	0.355607157976351	0.328870626609279	0.275646099638304	0.632534813098147
1087	0.223938912872815	0.0453895182015817	0.243266967114189	0.636138955498218
100020421	0.100093861257651	0.133552096395355	0.266578525102632	0.452512436964282
100000010	0.00208220468116481	0.0292406290738496	0.234254236645979	0.735324359207364
821	0.582569782190349	0.416949167952495	0.256132003999751	0.53911962914916
100006627	0.327449053084676	0.179037094936678	0.326540306357288	0.580473936803868
100001277	0.392336064749613	0.171686331925589	0.27475023786964	0.631862944205279
100021141	0.0318450901911497	0.171655058249888	0.258676500693399	0.77705554622597
100021105	0.163918244363271	0.256612082314827	0.242905312421893	0.481875230569363
100001950	0.000522005779254594	0.00907753183601794	0.303274118182392	0.83708378380569
100020217	0.96817721118121	0.314540626250813	0.163635411138931	0.513703723143953
100006651	0.0202462555248498	0.136495792011684	0.26182434532838	0.421301046480814
881	0.911294910469403	0.404020533185503	0.214112941507618	0.686547053624367
100001509	0.70092634521531	0.153589257117595	0.201653174500339	0.594073676142946
100021709	0.520886799949526	0.775031960441283	0.221136988868121	0.681542674805587
100001635	0.303852480574171	0.038528130738266	0.252300195057118	0.621983160409927
100002613	0.409019588682685	0.114673371750412	0.210231958022201	0.761660581697733
100009329	0.424133358634722	0.532868068335903	0.186019544508755	0.871679927710305
100021123	0.406356356034462	0.296640801620949	0.231211971698215	0.490078071123336
100015760	0.204142697889639	0.138165181311166	0.180977816699188	0.711383120561082
100020205	0.456990950080616	0.495071340627676	0.267535106760689	0.530148608114285
100000765	0.493866472873964	0.698340069161529	0.226681241344973	0.647667538553741
100004111	0.413714958962713	0.204566845728189	0.257983685722278	0.647146752360395
100001615	0.140115955185701	0.922642847907278	0.228959975831577	0.672532655683177
100009227	0.189923745601283	0.117362736588701	0.329528896666324	0.814140364354616
100006191	0.404561833741916	0.599176471044346	0.251706236895498	0.625945537360791
100004542	0.47127657243773	0.392154174579958	0.241736948975929	0.717977029479444
100003686	0.279164438980854	0.12673147893276	0.329961449347323	0.610237997908589
100009232	0.0284679208282833	0.216290401092939	0.227999136791721	0.57877452710474
100001501	0.036561263183149	0.0891929938313289	0.30182531058313	0.713048348626836
100002367	0.429649715559637	0.207659992770679	0.210220508950761	0.510548517427835
100001108	0.419422748334218	0.639353617120012	0.225140909185943	0.660438684741338
100004227	0.544760363124826	0.844739615127842	0.228516938940617	0.659281373238665
100001310	0.638054998906737	0.70887248436502	0.232558269418463	0.724321929082668
100001994	0.611709678319627	0.657944549748695	0.199838682324137	0.844986304873046
100015839	0.00710978702955765	0.00987167144710145	0.305218202928624	0.764748975892388
100003271	0.00535282533854215	0.0776496553469207	0.304212485714459	0.476889015317819
100020496	0.880167162310943	0.908170723551638	0.22710959012262	0.683060885057567
302	0.82261907252023	0.49748389557973	0.205928749627001	0.645822213437907
811	0.92206149785689	0.839269548272343	0.226144980246517	0.696382520049641
100001267	0.941470720012545	0.699006338178528	0.209185346210871	0.667957027631469
100001197	0.0283414979087865	0.35580318568701	0.262926626539073	0.683036810813893
432	0.220604701011174	0.471751013429292	0.245800877542508	0.653942233323125
444	0.016021366012244	0.0715801596252267	0.264788046319117	0.798992770868778
100015968	0.412220353364768	0.429658747747076	0.227338187452088	0.608677482321151
828	0.953656362122021	0.779599066059821	0.219430414263765	0.683730673766451
100004054	0.313276376270292	0.902361265442948	0.230282055324984	0.67661080860149
100004635	0.127273025800913	0.199767696186423	0.529907295150845	0.441423321674912
100000491	0.360376989459459	0.481453393291383	0.217749605964099	0.554653742719813
100000939	0.0510743843771169	0.0355154601881169	0.245638928627021	0.567144703471957
241	0.305579141196497	0.71398030039167	0.243443257193884	0.687583538954164
136	0.400789975543254	0.0783006951222129	0.201024804583362	0.853641134380573
100000792	0.430753262348177	0.788400500268751	0.216942220785808	0.806461036669732
100020973	0.48931953325947	0.591383371448647	0.244690038093832	0.645797432013765
100000936	0.894820516105254	0.770141370788687	0.226404649406499	0.677847975516443
100001313	0.00745094691020407	0.143593319762687	0.241600477836336	0.728817521330955
100001951	0.0354116178124199	0.0790649592142816	0.257796274244056	0.663872170792633
100006098	0.0130466422270825	0.0745457005185863	0.256893981574753	0.797598658214128
100000007	0.418156101985955	0.748488271797796	0.236264309630682	0.676511806928282
100006641	0.871612961807921	0.874676742851446	0.247792954223444	0.674354060184966
913	0.0126037668777173	0.0648867999329322	0.288858008902971	0.539657275381228
100001579	0.838819992437928	0.451437912015724	0.254022946342305	0.674021145594066
100002911	0.168655193478472	0.0149594606105935	0.307634161504337	0.631901235589014
100001293	0.33760891330167	0.435441875422992	0.205615247468521	0.796849902440413
100002241	0.26333455538205	0.568871166860042	0.242146936567914	0.645768633835447
100003179	0.602390469257905	0.119214298752115	0.227372884051714	0.540610710502495
100021372	0.0743971240475206	0.0559515505342578	0.110239138875878	0.687848464487711
100001956	0.382973201885027	0.568677235932663	0.231459775066062	0.598303073288498
100021162	0.138047303389169	0.118934434081109	0.208416865404328	0.478330053774608
100002259	0.263456168064738	0.516946158587978	0.20229863255908	0.664042332124507
252	0.439915395409569	0.629214095999526	0.263540757950764	0.62377168058456
100000707	0.5139123521828	0.369926021950852	0.227064983294974	0.68065106178019
1489	0.752257736332875	0.0240150526788846	0.172052019640628	0.647703694157207
100020361	0.0393969037073514	0.10596610074143	0.261539950057176	0.945914194899707
55	0.930690786619073	0.951260075358618	0.239726333033051	0.670139750220041
100000863	0.252305599596	0.249210995510988	0.196762636701577	0.711288311400467
100015840	0.106085406838045	0.0730602087831237	0.310764084649751	0.628479257629124
100001541	0.0634148544441845	0.039676902088754	0.127712305682621	0.664277161831352
100006082	0.111467401206352	0.0451659908239952	0.303238381781671	0.668549033141816
1254	0.726179169469131	0.861921355889935	0.22835625145089	0.700315426732619
100001624	0.515709907324742	0.365740329174892	0.214755575664323	0.650681006086452
100015850	0.921797118873317	0.508923701036117	0.295022136543661	0.629376504449774
100001104	0.00738178909752177	0.0235690478535168	0.274764957650916	0.937146353430006
100000900	0.156138482462581	0.456334023040171	0.237663588551597	0.678521082712285
100000269	0.283868205534203	0.0985669021946348	0.141647643476727	0.629648077914972
1022	0.210566248277181	0.992712022313497	0.228696325689448	0.674371327114027
100005373	0.218333641230404	0.0797789686645031	0.203363398996204	0.704448754301802
100001129	0.130365975976066	0.695533959491591	0.220285364225181	0.704958179498588
935	0.015240067888133	0.141799174598639	0.303169222595185	0.542543274486575
100001262	0.120433054781785	0.177975868817732	0.235376575062596	0.702361064051714
100019978	0.238486434157994	0.709072037507037	0.225854570584984	0.662987761214814
100002293	0.494435489763141	0.61048099706702	0.230588062289101	0.67648707353434
100001426	0.249151810731773	0.312410409255489	0.234567189369915	0.527176836963445
234	0.038580048259418	0.158752055824777	0.227044801126763	0.649671030606172
100005403	0.241895508265266	0.993703898143506	0.235222253639958	0.677475392589076
100001083	0.0384029444452277	0.313959632323137	0.250883114467623	0.696862322130474
439	0.771711407967594	0.352941936538434	0.247676287105744	0.668669356245805
100001086	0.301247781817488	0.391366246004864	0.240560069932061	0.758958205409159
100005864	0.719998262267883	0.447448599489975	0.208618512115602	0.741684501478502
491	0.539339518656128	0.9236242689166	0.227528310998424	0.674659313053313
100002029	0.614944206588067	0.901964432769467	0.227825374654681	0.725416086547796
100002154	0.838203105084343	0.471952664917946	0.201252225992315	0.6514455077538
891	0.555100797029132	0.223457975525873	0.259590934487628	0.642549066653623
100020261	0.404684461246785	0.477405479751321	0.276353389124369	0.649287285129999
100001296	0.572731406762711	0.519231899126068	0.23205573994763	0.576779245233733
2050	0.500181745170547	0.527923969841745	0.247005142992518	0.617922739708735
100002761	0.330607345505623	0.643546280379713	0.195765280563345	0.822256099543823
100006614	0.896446849820309	0.616946810033143	0.207494463728209	0.746765663953244
100001597	0.9175913857723	0.138906745077813	0.143601807069508	0.48174551071334
100020853	0.72908945064156	0.849985629084885	0.232008105518445	0.684422404739823
100001446	0.3466017346478	0.460154779002005	0.207771136612093	0.666205971171667
100003240	0.323724073873325	0.135917099052481	0.26892438549082	0.593143332952158
100001502	0.0310519201509436	0.234278958896452	0.279706066655873	0.761273987272022
100020866	0.107418390808684	0.0120116422061	0.136687067009934	0.486429451461759
100020419	0.0350813207001277	0.0953919893577699	0.250214501237765	0.422768000366
35	0.59015043956738	0.331844540873466	0.209129784207542	0.624246333484735
100003696	0.0142482358299063	0.057537612798655	0.344257670001372	0.612378602339523
100016038	0.971150834577342	0.769067464240747	0.22061319511541	0.638877337860126
100009333	0.174363610334966	0.15609806970803	0.22525837969648	0.703224208614526
100001611	0.143283267865656	0.320940034602041	0.304557783927178	0.64996367108211
100005383	0.507455454601273	0.239038812646303	0.232740032613916	0.722796563292293
100009239	0.369384000516786	0.155262466871524	0.2935411195574	0.503323942900439
100009332	0.265540149333222	0.209012403761127	0.225104229837941	0.634774764107382
100001731	0.166605027489277	0.654959479620294	0.235071672788639	0.649759845840102
100003415	0.391843405032347	0.482342236652646	0.224807254359397	0.688382280045084
100020578	0.145486054556558	0.19761710014397	0.214093892136896	0.568419089839904
893	0.749217372575636	0.567814964606004	0.227744234270225	0.684280013494922
100000963	0.369476870861075	0.244674682814011	0.301998247743744	0.492144032061576
273	0.240776508221254	0.418547369073648	0.268390270357337	0.670593512265476
197	0.446969315212317	0.396760752003033	0.220577131416726	0.548543188800368
100000808	0.310270602508687	0.237905573046451	0.215544825456094	0.829277242378312
100002284	0.630219777284449	0.413436052836494	0.157563010696468	0.620091243035941
888	0.979067794569647	0.104546676005959	0.251728477995217	0.655867618251208
100006435	0.488202120572752	0.310561762583531	0.171078729265385	0.990083446114877
100006374	0.240896308351066	0.591383736751071	0.236659867983031	0.664844916681523
100003169	0.51043775169996	0.906823619428134	0.225676671478946	0.668430031050039
1004	0.646089575329868	0.792422645812198	0.21789454677899	0.654752552934126
100005998	0.0615460431911123	0.777848060247822	0.252211597893103	0.689189120036076
100000773	0.720314474980442	0.579497121165946	0.233428148702206	0.658494471940988
100010850	0.0133497848949259	0.103769785007471	0.272904707663935	0.54489755375025
397	0.84331877230044	0.372907565809172	0.16961191137245	0.737479900925286
100000039	0.0673483844686109	0.206893886758397	0.181186906033067	0.732000389572463
100020833	0.673564560748051	0.841701147272043	0.233548134105338	0.702522875709937
1021	0.46670382310748	0.380084194486494	0.216602976750281	0.707451357292227
100020479	0.340970085398149	0.552774495610679	0.231969000116759	0.685526558078096
100001335	0.577504289929571	0.348929736039875	0.26236681128539	0.644243612730566
100000743	0.556288789581142	0.949934247772495	0.228133636936288	0.67185033773395
100009246	0.156704188005398	0.606989449021301	0.218132926260702	0.708752628842851
878	0.20827934298348	0.750355565480576	0.219440766580027	0.687473823656856
100021103	0.728428400950768	0.831332925357503	0.234151541808227	0.761189192154911
100021363	0.220608010851136	0.539246132551512	0.210305490830183	0.717911459325816
266	0.0923438337555038	0.168913000259683	0.227988753590376	0.591154604063244
100001195	0.367778971365122	0.247174631382905	0.297501554084994	0.604327765846028
100019801	0.83137140134619	0.741268201234591	0.238427504878428	0.662301887159366
100002196	0.0268773291676932	0.226134710931019	0.238285615498867	0.685550642114239
100006370	0.226651541871372	0.915408301729507	0.225135630514009	0.678257621249365
100001510	0.0399695086988472	0.00458784415815005	0.197209277436984	0.770124157553219
100000437	0.62975412040838	0.501332340363696	0.220299972100123	0.736369014693025
100001767	0.14477867084816	0.0346474419775051	0.289993096471882	0.738128336319486
100001810	0.409804475614809	0.514490917802694	0.240655336180594	0.826634200889656
209	0.0350791841362119	0.348700512846645	0.265441631005337	0.659142696680457
100001485	0.328943188403898	0.107751344282619	0.139603261388626	0.605781591938677
100002500	0.124508807614484	0.445663482467132	0.232486131821864	0.644017202945092
171	0.0437445501768489	0.0300986103760107	0.17514480537363	0.677079279084617
100020487	0.996203725830476	0.829003871938673	0.246860315561027	0.638412417750493
1206	0.00720481460021898	0.11545531035283	0.230950688735441	0.726448366491869
344	0.0109268077155793	0.0290429849234385	0.493890396039393	0.768409272672002
100001405	0.386696523253282	0.804504480734137	0.23630447187673	0.654525895745785
1239	0.98155897842609	0.526310332602279	0.25704446478647	0.676845944708361
391	0.0454540855071595	0.152616468362461	0.207668503436629	0.9023785175934
100006430	0.454405811230632	0.180271645117107	0.291361637280266	0.411178621929813
100001417	0.968304851937855	0.5171037622357	0.219272245397253	0.780039332684918
100002951	0.0374850167666187	0.382911442968314	0.221911035137211	0.576147768707571
100000014	0.331353348658053	0.508830364123149	0.219910296373403	0.722250204507927
100003926	0.634926398686833	0.523307730197399	0.248696058180386	0.656787278732186
100021538	0.524055947131053	0.381909761717705	0.270865873114967	0.590289978398608
132	0.30559976791545	0.912680275690008	0.229791822005335	0.673069775420207
100001425	0.635686476955896	0.59488185400673	0.284294719516044	0.620503923812132
100020262	0.656978145616972	0.696305388555806	0.245598144185706	0.66248047195927
100002679	0.281397780681183	0.608070317022223	0.210885702758011	0.764845312523617
100001270	0.710390100497864	0.584614079038795	0.23437526040283	0.652498957135629
1102	0.889192834743969	0.964706522805718	0.230016403481142	0.671431120221114
331	0.323929340088254	0.229250371423808	0.191374823045612	0.572047640324021
100006361	0.544126440522289	0.653745568903738	0.24106637648572	0.604716992778166
180	0.708327080883495	0.986853514077772	0.233253156251417	0.67267732320329
1053	0.285016094233669	0.462380768749627	0.356021183841296	0.739392349056611
100001359	0.769995896945224	0.997475583130394	0.233824330938279	0.68249948300825
