chemID	simpleLRM_Fstatistics	multiLRM(chem_sig)	multiLRM(sex_sig)	multiLRM(age_sig)
100021136	0.0163688188038777	0.17451686736601	0.340823230377055	0.771524266507213
100000882	0.662751951873494	0.791775626091479	0.29710029850159	0.650213183785787
409	0.0963507842401586	0.213801052063889	0.32948489128886	0.445272428763576
100002254	0.664515278567568	0.0417500786245327	0.199859505976446	0.645237179460161
361	0.00881985606397169	0.128130955483085	0.215089481677361	0.642201089913779
100019975	0.0621128482131659	0.465333487105103	0.306519752172342	0.60023179816395
100000257	0.000855259303926847	0.0252796187483034	0.289117565100647	0.604494008344848
100001232	0.742917249212824	0.799784938874882	0.280442593088805	0.682933487776365
100001948	0.344956303122359	0.381467384676027	0.317624830535664	0.531016426650838
100001073	0.592221671809031	0.69394834656664	0.362204416851168	0.598818362058993
100015637	0.971702241434795	0.423675229660143	0.314653950667384	0.659256372778415
100006360	0.577541262796085	0.591668894399162	0.271259524862611	0.75164351635739
1488	0.657971945654639	0.689639281181135	0.291115048475254	0.647228162809615
100002253	0.61076251648966	0.713526462198381	0.283404939424589	0.703396820674792
1023	0.966576335707243	0.745309644638925	0.289789256018085	0.651861590711511
100004284	0.675266078131846	0.816659384289613	0.28736698865049	0.672756086320903
100001251	0.388423878040165	0.697022688744922	0.284538620502493	0.653530942286495
362	0.737062380876957	0.433767656411494	0.26186851562229	0.658195763887096
100006620	0.587249165045033	0.941046622438785	0.292508718757832	0.663489137962159
111	0.418002371937522	0.155043145299791	0.234146055272297	0.635056167014512
100009045	0.374058421012297	0.118339353207686	0.232413789192849	0.903595986944763
100002927	0.507812372197572	0.638149553955214	0.281315105732932	0.715169373172037
100015641	0.748201660706822	0.92046688814684	0.289105915943423	0.672768750825069
1114	0.0833545972507856	0.96542701254731	0.290865189872484	0.667935935532427
100020409	0.338003771367971	0.350158169637258	0.294858651309439	0.533778850472693
158	0.114631247104824	0.224439217428155	0.378737865577749	0.695644367734966
1224	0.0382237057448539	0.178586978621693	0.230950623505179	0.706016313986133
100001620	0.549745257096208	0.438312129555144	0.254577314951877	0.668900169652651
100020893	0.363645302156555	0.0788448502074675	0.251043659652635	0.397855895560015
100002458	0.461653528387274	0.679895421939799	0.316391183409779	0.623039993705984
100001112	0.645618422770818	0.874048622364715	0.29517376763286	0.680813323876877
100002953	0.203276081403427	0.470619337952216	0.290692535302119	0.701109686613083
1141	0.39387782926432	0.0586155010795197	0.37827533312998	0.492220358999513
100015834	0.492960522522885	0.914000750292622	0.290613372106123	0.660030998593129
100004561	0.673879658246416	0.977853366976077	0.293535608750441	0.665008210946725
100020497	0.815875149304662	0.759254926465556	0.279131753614209	0.68933907065611
498	0.0541732898324931	0.329447388835553	0.286852319143977	0.740420466888294
100006051	0.48796925981357	0.453352293828565	0.294696339168484	0.67930823556242
1668	0.641419024257638	0.512684133099304	0.286124938824536	0.603954540454943
100004523	0.403198240469576	0.845733098237547	0.302438140784995	0.647619691892079
100001604	0.243341062784192	0.514415332433901	0.287705263481569	0.711677113578683
100001002	0.185060712819181	0.505085454686543	0.303456147657912	0.65129824900342
100001987	0.0613795555762038	0.266068878246559	0.835869757173696	0.526583529946515
100002462	0.678804097546088	0.354592207987339	0.34275852155522	0.549691555957614
466	0.556083629539399	0.0644937070313012	0.323916645923258	0.640493608714858
100000665	0.875378800755432	0.448197089605671	0.326211165804467	0.612361426365803
445	0.949300629284825	0.415976507454045	0.32382354607425	0.717073072374775
2029	0.149489219385927	0.476170869428367	0.310787017654609	0.668084025460557
100006438	0.132955743261211	0.252294561071845	0.338094627448449	0.678918712100329
100001398	0.15445684790144	0.594432045809245	0.273464462952009	0.685894230985956
235	0.360755744469672	0.270092036212287	0.241152568119195	0.716268532970404
100000997	0.899472506444435	0.92904916627723	0.291739009636254	0.66119791398635
100002094	0.288179536896658	0.248584187344538	0.24761353456207	0.540615543850403
1052	0.684851253587567	0.962467639205026	0.306500893553803	0.665287738475042
100020823	0.322207007319659	0.569438228375912	0.273906560147772	0.65415372263953
100001806	0.288259153898418	0.622415270209482	0.340160206411156	0.675656353713199
100006092	0.703753422016317	0.720410175279809	0.305451918346751	0.639571835038509
100001415	0.138481141232341	0.0962671675167522	0.272384252359216	0.392450128014499
100000008	0.0380027181309159	0.0695319483238367	0.328035122687132	0.50130211297696
565	0.00963376628584845	0.063359737860026	0.277864064824974	0.744010345246985
100015851	0.136781307086897	0.198626842954606	0.381112493364913	0.802639136327661
100001866	0.489513336756598	0.882150150387931	0.309508119527944	0.650865879095388
100020546	0.00211502179132139	0.027224932136116	0.548424267851034	0.863521111269474
100016110	0.349113569395921	0.317413736676661	0.232035818401767	0.792522966437556
100001254	0.00378817069488758	0.0148978219472507	0.362675839039495	0.87827530305795
100006260	0.380808955389817	0.804513481911982	0.29744188680375	0.662466934812275
826	0.630038891757409	0.812025672706646	0.293786481885584	0.659426624022867
100001872	0.442259913945502	0.83698286349716	0.29339077938138	0.665831715541295
100000263	0.346036714355582	0.432551453052592	0.356638217953256	0.660044813558135
100021198	0.738705257489792	0.0440223241893857	0.198729445063938	0.359616686102319
100015967	0.0337501064384529	0.0864779589256752	0.36624121984109	0.487029284820632
278	0.122275631730866	0.247601782613543	0.276980209588402	0.959738692237075
519	0.799114748480442	0.366650484094744	0.341917987803648	0.607442337368875
100009337	0.115641033665272	0.324375345276037	0.390813112120737	0.651839050354335
100002185	0.315365869115804	0.938993298598842	0.301317559909053	0.674988227343388
100001278	0.443357124503615	0.306916662463571	0.349375548286359	0.623025186915766
100002103	0.730831482067159	0.561878948978925	0.287866801777733	0.606138821033338
980	0.794330844936435	0.439387447363988	0.32250223741779	0.646466961836272
100000016	0.437029146471432	0.965687033680423	0.291437155946309	0.664042109565078
100020372	0.194480742839465	0.494672166521672	0.288579528042094	0.604973485055655
100001662	0.726155962005211	0.131007809432232	0.114205860319603	0.674580278237476
100019972	0.0279997811615704	0.172991271171395	0.281013851055891	0.765707730872312
254	0.383665038497945	0.588929247362192	0.298429314073832	0.67232079003619
100002009	0.663525774584939	0.697868458943406	0.289180930315524	0.59409984576525
100010895	0.481331582485331	0.603774921613406	0.330181068836522	0.648845345256478
1140	0.933811196178182	0.917284010572448	0.290538967320001	0.658042064570893
100008951	0.660148445485757	0.54151339828786	0.310514671893738	0.628712094061583
1084	0.279757205668879	0.656962705844729	0.293752600110339	0.739932850537118
100002796	0.0476687372212355	0.237626511215689	0.256304922613032	0.581418840737046
358	0.944018455021381	0.95868616323926	0.291451004416262	0.66435619669127
100002070	0.797768038268674	0.633547897588246	0.281577680179821	0.704620300936561
1628	0.348674453904132	0.134068455017189	0.360001679919738	0.650807263749321
823	0.681066308223552	0.476737457019493	0.250840284281412	0.731608010874829
100004414	0.435026491781108	0.0854650994324744	0.386012480118269	0.801150858783258
100006129	0.686606195382022	0.672684436603985	0.274193233800223	0.68136737154916
100002028	0.688181669877399	0.468387733060592	0.395093121235064	0.484172027752264
100021707	0.571725177451808	0.657125004784398	0.265559932617715	0.714157287505152
100000054	0.517878762932241	0.465158787477803	0.283964743470035	0.69054321185936
100010869	0.476207954309799	0.221193838011548	0.302049680195626	0.534631053581164
100004575	0.013184012477355	0.0837250805491642	0.405162120786677	0.960623499345426
100001212	0.828845918265157	0.214224351689156	0.275836071269329	0.408275657976828
818	0.262976408386124	0.643384520068118	0.322588626469076	0.628616717735862
100001092	0.00165131830717129	0.0197861816423429	0.283195839810335	0.650443567264497
100020371	0.929714597854112	0.919088481507263	0.294565997497022	0.664833158456003
100004112	0.198142068942539	0.495523948646035	0.309564946442784	0.672991403303272
1125	0.488259893123919	0.38609750879314	0.321165611792607	0.699138152693601
100020491	0.95207655500792	0.60667091683787	0.258990014211547	0.678453850709417
100003151	0.000649034395143297	0.0100087877488569	0.502914344707146	0.521282682777865
100000011	0.210871191029402	0.0502494705132554	0.195857316197072	0.815347993799355
100003594	0.516714205804469	0.957501540450589	0.29374704348587	0.663486236809055
806	0.740840261929507	0.151331001872266	0.291928083006323	0.468829569779761
100001211	0.268536720168194	0.672649067048004	0.288843812674567	0.689243835185508
100002417	0.43814826772431	0.796830815017958	0.286322364328746	0.649494209753695
100009335	0.578255953397364	0.224686401244731	0.239681348038708	0.68824619653086
100000781	0.455547143648027	0.72160786601141	0.28841057816324	0.655486289307317
803	0.0343257040659986	0.0336916232520019	0.267263224868417	0.542324534402829
50	0.52453384725088	0.718090724239588	0.297587142278914	0.650686523018186
796	0.440255441458019	0.0477699575596386	0.32172761552547	0.650197240980811
100005834	0.982805609528635	0.690327000984807	0.331580771499471	0.66212970909152
100001580	0.952594447083997	0.504612937830423	0.316574020351722	0.666437608590039
480	0.837365937835007	0.573873473203959	0.258745319279597	0.673520826055042
100001540	0.221926195379795	0.743423825210409	0.376050970880295	0.742229611074132
339	0.584467180629946	0.126415224359271	0.263915742550403	0.577734295679712
1110	0.942951085740762	0.981505280884865	0.292609967369419	0.683740073394803
100015836	0.147323385098732	0.163372873878197	0.442180813244529	0.844673987334548
100009271	0.969701522505882	0.841662255667457	0.284792302465445	0.676294114529546
100015638	0.983876584177683	0.423240207800866	0.307345032844805	0.646090413390264
100021667	0.965092109965145	0.474501339973162	0.33152744923498	0.645828286498463
100001279	0.57536094944076	0.366156580144816	0.319237243247373	0.789769984207924
100004208	0.0176009468576432	0.103828581709139	0.454029018156065	0.788632226499602
100003695	0.233137746727488	0.0979870869082347	0.301249034187076	0.411778461159973
100000802	0.60238471521623	0.963483673614836	0.291876088594879	0.664358135871497
100002769	0.850894853445904	0.0994187298467939	0.213605443997112	0.778743489511638
100015835	0.0957359846505917	0.28311654105826	0.443141854312116	0.868365911364153
229	0.902500076909026	0.392130786673944	0.326127079407744	0.659875536263103
100001266	0.00512358965124991	0.0220494826145837	0.38453001778392	0.973496874516881
1342	0.301716691705587	0.353732646282442	0.250871777845441	0.68355912661634
100002102	0.845479749568158	0.535261235151988	0.331501870657171	0.76881280107185
100020254	0.148033273984114	0.621094765151597	0.28774965210203	0.691071812406544
1231	0.523681931397429	0.259823998343719	0.341812558938838	0.621359313219506
100020492	0.990884921881371	0.907016987598431	0.289255904388535	0.66477979906749
100001402	0.385653891032892	0.597526755348338	0.322584356693001	0.670216364114376
415	0.00641464535695137	0.0864118768613098	0.337005294900514	0.725156142089633
100003109	0.963627531386398	0.982798335524839	0.292010204215334	0.673746459717169
275	0.437330094102334	0.961322514845442	0.315503921747908	0.663594458417302
1143	0.165281889330944	0.0692506356096862	0.263748551307135	0.766035459269276
279	0.496688758718528	0.426973154809528	0.285170757672703	0.553189294536456
100001198	0.883788160376641	0.836280678227155	0.283144593345363	0.681572287981028
1648	0.37515976132857	0.955910039236339	0.292636430974566	0.666538339130642
100001590	0.324128216822362	0.285475298199984	0.280926575699064	0.586062673515588
100001733	0.178151257830037	0.663732428431479	0.288660317220268	0.699678186315282
100008933	0.0138420381803349	0.0022393277678023	0.408450813815218	0.621216423764332
100001550	0.355162336768591	0.480891293213627	0.275222370323586	0.611948064491641
1215	0.0860863967270606	0.284840674887914	0.247330618989376	0.62746245086022
100002356	0.294185500746682	0.123289077531839	0.347466964844707	0.67414683224875
100002749	0.441924923133407	0.50787145158964	0.308500210426889	0.682089680285368
100006379	0.209197987511533	0.216825798782593	0.311087859879847	0.413079324727059
100015966	0.0762574810687223	0.148515789925457	0.321180772119157	0.489766739875498
100001392	0.369299401853965	0.754339256912012	0.290168315022588	0.669354875996895
100020425	0.1088359796137	0.0416078540532146	0.248456505845021	0.417930623311977
100004299	0.156033981433456	0.693260015488563	0.33076240914065	0.746956724798974
100001734	0.773993149167072	0.782008735759749	0.296881732924232	0.63918131864869
1002	0.897314592073885	0.444452375819422	0.295054829393514	0.657912866927039
100001337	0.207546859112413	0.660549306570005	0.267268113124884	0.667666878912835
100001452	0.84216812823871	0.787054497389791	0.291154097284507	0.640900978308673
314	0.517761853227137	0.376836252173027	0.304122690950225	0.683931937975772
100009264	0.970971366479475	0.545120865285824	0.234298588882309	0.787709247973738
100004634	0.453676869901487	0.509740829742522	0.26337343637274	0.681958685620732
100000711	0.739532824339828	0.677633703991678	0.323428076306709	0.691515901319088
100020536	0.0225769768080432	0.097178054544017	0.35373536615805	0.770499495395891
100004318	0.308304981611712	0.51033620689695	0.300069638354688	0.659567015006023
100005850	0.95151912227365	0.485809873362182	0.359875517020675	0.610189828568415
100006619	0.288090641678602	0.12355627837195	0.336996735440799	0.649741767253262
356	0.429697979103291	0.617349678595197	0.280835730037692	0.684235524755968
1221	0.485816772239967	0.49125418250211	0.402833602027685	0.713271516295429
100001397	0.77483363758085	0.800961575392167	0.29193000029109	0.659271573274613
100019981	0.448204964108348	0.838470083420764	0.301033600602927	0.691685699674711
100001208	0.330797785987218	0.18442001731508	0.258742189710182	0.999276020694384
503	0.0122279582335936	0.0096281165212595	0.171392702853386	0.501969952884859
100006375	0.138636903720942	0.590553895601287	0.319774538419325	0.643138385694523
100001295	0.690936344493316	0.530423605652829	0.283247061310868	0.777184043711643
100020427	0.0474115571252142	0.0263885355072507	0.288628828844522	0.367577613087113
100002784	0.462725817341888	0.368012645379111	0.251316567623696	0.73385320538919
917	0.068815154625476	0.239530086666026	0.314367043759746	0.620448925763963
1869	0.554823592653398	0.375007988116315	0.301347457066473	0.568027798214281
240	0.23408703332876	0.0974140325551437	0.183056929112744	0.465896483170828
798	0.00571702113020046	0.0974987182204734	0.425582099895835	0.600489412712321
100002952	0.287703567821625	0.464204143925315	0.293242100812364	0.75063016268408
98	0.645726453164137	0.918952822102259	0.302687112902153	0.668590259300258
100008998	0.362560628707615	0.362215843052995	0.228683789448948	0.730477717656463
477	0.919575806566135	0.268586048427612	0.300373517117336	0.660051576942516
100020545	0.0696022226586335	0.124419395148464	0.348823293723999	0.839642720165431
100021666	0.976535231442635	0.220337212542443	0.332399371207493	0.656928710147798
1256	0.492200243038379	0.782628732199077	0.332750887027013	0.693049042688307
533	0.323167832549856	0.056966250737819	0.197671048580636	0.398757520406855
100001757	0.365422214345781	0.729882783099943	0.312715271762599	0.649862073820255
1024	0.322323032413219	0.0959886665019493	0.198207872674398	0.880902883774199
267	0.530217429862029	0.929371809224159	0.296908347904797	0.662401198221477
100002113	0.119589997503503	0.102037736969101	0.278273469298729	0.690946886511731
100001756	0.857487123420632	0.729599738573382	0.304210506534601	0.685450977466879
100001193	0.473611120355572	0.196885639973539	0.358598162191133	0.614463987034938
100001668	0.515831789054631	0.795937634607084	0.292989878949449	0.682519688113175
1124	0.271435507113903	0.284703880217752	0.261583690261889	0.764523529148346
100021331	0.16577063480965	0.325933599468081	0.275828539988653	0.70591720308887
1090	0.0713986702646049	0.0488136659458107	0.27394161849577	0.806688791293627
566	0.902671602833154	0.289047275253594	0.215017963282181	0.669372060772397
100003119	0.591983089964354	0.385244169471885	0.313025901082984	0.615338805152289
100006367	0.511765275482663	0.666880480471591	0.292673139898424	0.691119706803126
100004322	0.224031423569031	0.266837616903327	0.300141443564404	0.747986530430327
100001034	0.720729224361985	0.827477387113943	0.289612693262314	0.657525044958817
112	0.983378983752179	0.979674484276312	0.292487661764998	0.673376909807628
507	0.723524224035352	0.783310581335535	0.291437896869411	0.672278992525234
100009233	0.346589361045317	0.223171672198552	0.269396453961469	0.683926252704445
100000406	0.0155467851615126	0.125679007208822	0.47519068413445	0.46684815653451
100004046	0.311455453727663	0.435011241620297	0.196579317302608	0.604405597504455
1025	0.773569496122715	0.742006481635064	0.283518945207827	0.682176668054657
100001106	0.200101833417849	0.215230105356534	0.243634009646468	0.69708272148455
1128	0.0347103715720107	0.698843149100567	0.314704878988257	0.700647970008586
561	0.0372337276110887	0.170930841445217	0.207785408819096	0.584211034419376
100001614	0.317328507284216	0.85918100901552	0.292875768414076	0.658029473330297
100000961	0.891768521823703	0.987791380824936	0.316349257956726	0.669451251834253
100002397	0.825392574221863	0.756876753104483	0.286380583966267	0.623857283985671
100009407	0.804705901320046	0.860646842414536	0.302070545290468	0.652226422037831
100002910	0.87613826578065	0.565307373685494	0.263946426683132	0.595309196057858
100005946	0.127614084412341	0.358992870511294	0.368662614829929	0.79125169954314
100019794	0.0978112600780773	0.291250634846712	0.293303006808972	0.823015614966603
100015759	0.358889070521427	0.122145042082304	0.248922013129263	0.672395059494629
100020417	0.709954092718055	0.610499047735696	0.279400461670226	0.640525708792627
100001054	0.591907231363063	0.881270233735932	0.289826272155504	0.663578323490648
100001437	0.276517693276786	0.32063570263021	0.247299283328957	0.59198047610441
504	0.248677237336009	0.696264469175244	0.343565503627417	0.675731661934746
100001988	0.469609485587265	0.679449283182581	0.287334265779344	0.810468583925515
1082	0.0236845948153807	0.554564045638569	0.3322865581789	0.69913180328218
100001403	0.357137448162266	0.401185110822707	0.317973893641171	0.650443670795749
100001664	0.781725330526752	0.438823586144142	0.279648255977658	0.891282640037378
461	0.29064560590035	0.205365300977421	0.460817141149499	0.639408148688836
100000463	0.71199818593031	0.936691567543797	0.293228035147016	0.664630102673563
100020208	0.543990638904777	0.51037134667899	0.335176541194082	0.550414121048937
381	0.475845766985007	0.0571635963165146	0.129813359920672	0.491682943269591
100010901	0.0856888697531678	0.0752842018845258	0.292129855340539	0.780402229081404
100001468	0.283543095410601	0.928678717761	0.296928573326132	0.65883853810999
100000840	0.883590083792184	0.954688324616134	0.304761530069273	0.671363507135589
100020014	0.239545257076613	0.594809445410855	0.2869810675111	0.680918929586137
100001993	0.762546923191785	0.61165530133494	0.244862024928675	0.81660499585714
100001051	0.115802993522789	0.0180812283463263	0.308262735509786	0.339836510302791
100006116	0.389579434705782	0.516742809631207	0.296985179737152	0.666994356002753
1108	0.932119653854068	0.980988720076623	0.294172960087209	0.665402997348548
100019966	0.386123873108144	0.149713287373002	0.345626731895745	0.637912393683953
100001743	0.64018834185098	0.406299318211411	0.282082908996751	0.649346398269466
100001294	0.105667360541842	0.174201073463654	0.210207957357149	0.724494062167984
100001609	0.300462759272933	0.121072433810506	0.26982049194301	0.754408960161147
418	0.981709192219544	0.984846923891653	0.29318159964467	0.672060717932254
100001178	0.363548762342817	0.919442565975423	0.291725707937822	0.657709797345985
189	0.961927419832089	0.70253071854599	0.269935275113445	0.635943538688271
563	0.535600838963859	0.757991720880227	0.311850169840759	0.647808271042908
424	0.653471928875375	0.480214749227772	0.32097452251762	0.650076625913721
100000776	0.0774062674597936	0.226721347643848	0.356552068724114	0.668272782366097
1001	0.995249419614582	0.485248771855299	0.298527126468725	0.669607455225176
1135	0.305259631777651	0.0902465778879029	0.284743067150471	0.725977667205609
100021093	0.367363947389515	0.483241156306387	0.337905502004845	0.688440001620341
100020219	0.133318003218111	0.250226541472929	0.30117918053796	0.564859973836184
194	0.392154462592829	0.954963256410695	0.295410628668659	0.664311571816891
100008930	0.796345042321601	0.665411278357666	0.312007312676248	0.649280245756361
340	0.572710357911667	0.217510973147421	0.18044302625695	0.750075836324275
100010896	0.946902576501577	0.806794077615892	0.281965205053223	0.67181648954138
100000787	0.225265329898982	0.109034668589835	0.282483191123876	0.383788303127885
100000639	0.0347971638282409	0.250796740516581	0.265935589606871	0.672357555648045
100001851	0.853994465588062	0.306913983022857	0.30483873570735	0.460679341198862
179	0.582782616510135	0.608983605560428	0.28711606084019	0.680437154577387
100000626	0.384095070745885	0.689399839533442	0.307294308348015	0.666652378042679
100001605	0.0111577105913272	0.0853718923565093	0.372362493502887	0.759245102416903
330	0.28679171993673	0.507081102675982	0.316671279138128	0.559062823387371
100001162	0.816913661495772	0.544072153182467	0.259797535181699	0.628784762368685
100001167	0.054463299621603	0.300011900913856	0.276730535530891	0.65190724547973
100002067	0.595807867397675	0.795074309149541	0.368969179846286	0.615399744087569
100019968	0.658918959063352	0.390191271686665	0.322796769606135	0.606259367591754
100002014	0.944829836786656	0.986805573890798	0.291966978109921	0.691225130565279
100004083	0.471592074923196	0.136899593002724	0.321931639275605	0.530921189268832
100001315	0.238894019470849	0.310341560134121	0.317750871675111	0.744350185708318
535	0.267171224697858	0.622828875233706	0.310798039367948	0.660345801863438
93	0.418872385149727	0.289990351840275	0.33063344697649	0.516675163919418
100001989	0.357300327756826	0.624404312026718	0.270391719362519	0.709043455008622
100001740	0.769671351359055	0.409787117343922	0.26652344597376	0.685240634321755
482	0.189304173496982	0.953780642910964	0.293064342738551	0.662684858694838
1629	0.247558774928514	0.411895543709546	0.353456774318033	0.642241970624595
100001399	0.55480060099396	0.495494336167035	0.301134895482183	0.668193944316299
376	0.779860069224775	0.146234467018804	0.178366524681606	0.777307782089405
342	0.564096195969662	0.594146552877414	0.289903766565491	0.66365708753806
100001253	0.00991757844160177	0.186468846645109	0.257292669246796	0.908582690397526
100000708	0.670640569646174	0.862689776295502	0.304977141633006	0.670468496108413
244	0.192108686235959	0.0539832861240664	0.245485895636384	0.781894958656561
100006726	0.451160252176049	0.318991981058549	0.337550257311641	0.653014177142473
100000036	0.208768008571603	0.530245353068994	0.263444669019032	0.717988527231167
100001257	0.0109591323391847	0.0683706706616557	0.444574826572535	0.967520178785025
100000445	0.626369969923239	0.587879569965966	0.321390256706593	0.619190097203754
100004088	0.0047670957561035	0.127659322194144	0.336272227057605	0.739664239025663
100001423	0.914393525819349	0.8833238347784	0.293705922675391	0.654554329747614
100001276	0.411349120307481	0.338362773659161	0.267346305757936	0.592782962001121
100001876	0.765434481352282	0.955806393344628	0.291347555010947	0.666905118790857
100009082	0.633571568982166	0.0463586934186367	0.136426851814098	0.646982564243122
100001121	0.334273304000451	0.726014553705979	0.288230099492421	0.661669072290031
117	0.322565226353122	0.634258661823062	0.275262906354685	0.685744923694522
100001868	0.0393934063530948	0.118755578830359	0.344773619306199	0.673896803639589
1134	0.724264029905652	0.323680153484282	0.201464536169062	0.639482252224314
100021012	0.255275297867134	0.483034677893734	0.301030502388962	0.690275345997295
100001181	0.81251510738293	0.283736932952511	0.356932993049039	0.600314784870442
100021467	0.775117166392065	0.332702690029359	0.294332150210927	0.583569543524205
100000447	0.319803744365576	0.408034377565939	0.321799667284423	0.641702228479897
1162	0.000584798648892457	0.0149226770402588	0.376342645959077	0.571127072873312
100019982	0.26341183411596	0.805521787366108	0.295107107308876	0.660782971808906
100001613	0.139823429130289	0.849343915990997	0.290389595572912	0.684133153605273
100006644	0.391045073678318	0.67422547015091	0.277049820492578	0.689463928208035
100000096	0.54134326391393	0.0244523266942557	0.193661117067363	0.633773635041922
926	0.527236473303218	0.678274537779095	0.299243344448786	0.669609115935665
100020004	0.856469108273588	0.646174287356267	0.309493231790857	0.664176101311968
363	0.196164665186326	0.0307681472367262	0.252548169094894	0.225182935110407
1111	0.275830410956262	0.73858566602833	0.274587987804671	0.834244385753851
100021712	0.66891291708431	0.79184844276769	0.291294129046256	0.651724963938187
460	0.895110426810101	0.71058694727795	0.301575211781056	0.702103492067903
100009331	0.366366439404213	0.234835353759556	0.263616593635349	0.69372636447337
100000442	0.266622889666986	0.712692460139716	0.314768825799836	0.68164842683909
100002945	0.107482479584178	0.0212761875095377	0.373240373491816	0.625980781101626
192	0.865623111033548	0.946355860044393	0.29834652509782	0.686182346791549
100020241	0.381130046002752	0.982578524312485	0.291890648935694	0.665212652160559
100000580	0.0809977786039926	0.104131145208271	0.257168323413478	0.93446454677484
100002466	0.00879561967563244	0.0313333875497296	0.249072839824014	0.432691776643576
849	0.717892088552289	0.579713296621885	0.296162929103488	0.615056613138086
501	0.819634580943218	0.779720483584578	0.304064874664022	0.648136364776478
100000282	0.702969403027148	0.141838000917294	0.368238817321145	0.564447023681213
100001577	0.0281666622719298	0.16917940183383	0.40755531737486	0.728736075664152
355	0.109996912810301	0.33818681720159	0.246208425892506	0.574801575100918
100000841	0.818791375416645	0.935144395238369	0.317450039501556	0.660081984159316
100000846	0.813378226369432	0.349189771594548	0.282327303488844	0.658909744183429
100004295	0.868836249635604	0.39036169894162	0.270508911786001	0.614872128288057
100001586	0.116556770328012	0.0353767505409594	0.398254245052207	0.300581239023026
407	0.0149441553642467	0.0393267057970165	0.320828037412669	0.736057908321538
1137	0.5214517063915	0.474125634645889	0.276670475437367	0.750517595440015
100021374	0.0398724477402272	0.0152450397542198	0.220698455404001	0.933843691676489
100001593	0.453097557808403	0.980501785051928	0.297915792619427	0.666927124149505
100015971	0.780841140971951	0.759904509979777	0.286000593644648	0.663817033432362
100001022	0.381674302735478	0.208332704003259	0.187459958405768	0.917289671440296
1094	0.0776700222316723	0.317532551186096	0.422481241774189	0.86789619007704
100002122	0.274584134888162	0.25048170001325	0.240810284715339	0.765230662203417
100000706	0.646922523054442	0.450140453368329	0.237768991102071	0.664391269100189
100001055	0.572463605698063	0.641462903114917	0.27360107579177	0.631282499696264
1235	0.460767712029553	0.686811789302756	0.277468794131887	0.699790322183192
100020204	0.0970802276144434	0.607946642924023	0.313752984411827	0.702409525917467
100015643	0.0330731047527077	0.294272025859606	0.319941625791118	0.619865581153393
313	0.0219300627298312	0.267641555004157	0.308144750563544	0.604698484945267
100001413	0.865240125311453	0.847050965545625	0.286354545630077	0.6522500952373
100020423	0.0157002116436151	0.01310565201652	0.328535977892281	0.339281877763716
892	0.496714827789526	0.159767792506728	0.317561271609903	0.694696598377466
212	0.0543972842677181	0.117091063875615	0.39654772379529	0.642361408886942
100006105	0.16772206438146	0.155236025310542	0.340941824190951	0.678410207916855
437	0.816364241052297	0.56649231886152	0.271687414774287	0.682678850335063
100019892	0.501951152981863	0.749231501633234	0.291868772221603	0.692046938544733
100005716	0.0612479151643766	0.0975793900782645	0.322601662523333	0.751142084783295
537	0.301980766280494	0.195861628604306	0.293390417624538	0.695257034033116
100001990	0.302493983179695	0.610737679430865	0.332815973042574	0.618025524631503
100003397	0.0326520269876934	0.00394494350840725	0.23142345408862	0.423781571356658
100001320	0.141700155256687	0.241581275607121	0.358845503203245	0.437381649514865
100005717	0.127439142483356	0.0947343099384953	0.344777023703465	0.698849771302881
100001207	0.0353902270174532	0.195976591058819	0.326163326529125	0.674575729757516
100001999	0.550838133283544	0.858273986630511	0.286681361785208	0.745274558106042
100002488	0.216659927188275	0.0178593973924479	0.350809836561888	0.608226274859937
62	0.221835106629895	0.722064025998106	0.284398576254854	0.671556019313247
100000467	0.619184643831538	0.45512102730977	0.279735254641305	0.639851774499498
297	0.00528474357285768	0.136717876508429	0.299585606423361	0.634157524447695
100000285	0.0235422528431542	0.340589904982366	0.29785407282333	0.772784239954813
100006056	0.0753134614186214	0.407107192597315	0.302967912794268	0.707079525085603
100002126	0.126586629927348	0.257685718308503	0.228252154620505	0.990130002427804
100002129	0.77499795558466	0.842983970991735	0.285807748467974	0.748144398624338
100020478	0.0289309879438694	0.18641675800497	0.264650357520726	0.696485500807943
100004089	0.0707544302542457	0.563178799681887	0.309903490965978	0.624677536092304
100001755	0.528154256064602	0.543309545658155	0.294320425484332	0.618011452173411
100000551	0.0416275740401944	0.810367000629477	0.284338268902159	0.685062536938295
100003260	0.600248791055629	0.40047979863019	0.317012046591158	0.733079243630649
100010955	0.794576606752592	0.375596864163514	0.233361301119974	0.555939928591269
100020851	0.217703206896085	0.433300777017584	0.315863656832711	0.689218178602974
100016069	0.953896627783926	0.816534505400824	0.291717482917113	0.678007407224327
100002027	0.479543721369262	0.545342999308781	0.227281961476008	0.777362329703076
1123	0.359133737784338	0.186001150067664	0.282859249270998	0.795061988849204
100001150	0.762693893914081	0.999464782255604	0.298073192750436	0.666025163566663
100001657	0.293849798674401	0.657118529940257	0.294110120497629	0.647434707506994
310	0.260420319375766	0.352292389271544	0.257885490761195	0.767946448976919
100001314	0.3762137607453	0.132843361787954	0.272281404594728	0.54879456450102
452	0.792548073365674	0.704098264687415	0.320509791680914	0.643732662169624
144	0.103306903003495	0.0707980915893952	0.353128162085575	0.539750928087792
100001182	0.221298875538052	0.165062894699083	0.357062204210238	0.650553213044202
100015965	0.744764938115573	0.462628220810504	0.279104207219713	0.736699749220946
100006108	0.963472400774603	0.475075961050596	0.301544651826493	0.70247272947128
100001400	0.787213257273136	0.748129362915505	0.282059386238916	0.659646356012057
100004541	0.357484042834218	0.256254063449683	0.277174706676344	0.441320814937191
932	0.846749981382799	0.344004907655219	0.299361911717083	0.698721559264337
100001992	0.451321953015922	0.573299706892167	0.405328725850598	0.572923976107451
100009252	0.119072649398794	0.178291404399889	0.35780244777938	0.647166533248506
100021104	0.632599854539295	0.570409535894919	0.242596029216728	0.796882568504996
100015838	0.00353070070006188	0.0277137132375304	0.472927771410416	0.943035906743626
250	0.000856468415639441	0.0198543980331101	0.543818664104635	0.765563866177407
100002537	0.935895345684414	0.527825554296517	0.271673943497402	0.767983155453839
100001658	0.843933201355296	0.675336435748083	0.316859042813576	0.652652515854967
100020416	0.317223335412959	0.423965107436858	0.263776407438612	0.645638110885973
100006642	0.252595764256246	0.856812713096783	0.286645619084219	0.680482360801796
100001391	0.0880926907485281	0.380270230814848	0.374318933966477	0.773625493881021
825	0.644131574760578	0.562230033795554	0.252093243544698	0.678729006978554
215	0.0193725976796253	0.112576619816021	0.346286081035541	0.65140794977545
100001026	0.979977442753489	0.895078532272788	0.290827468974789	0.698433888455519
100020541	0.442990664896783	0.441404457046416	0.25258948960081	0.70685909762098
100001526	0.136756555715872	0.255547605820915	0.486450684757995	0.796438233087678
100005384	0.622113796721013	0.518358100227751	0.272827562246895	0.603336493369105
100020378	0.157820032087314	0.914177488742938	0.290173979265282	0.667923497333197
100006115	0.833511797460757	0.452912157820944	0.359154211094616	0.57005460713612
1442	0.208363635776657	0.0309102970842354	0.112666502463095	0.540220779099069
100001843	0.164678103085499	0.218340942854739	0.312469450508398	0.751994000091551
100015837	0.0983588006488275	0.213159172297529	0.558449403887852	0.606930655618457
100010834	0.829380618650684	0.541702920637947	0.295421777385597	0.724456466338432
100001393	0.657018880033415	0.367774980820771	0.227024047156214	0.712197622619701
100000015	0.337348758694247	0.534749198406103	0.272263798921225	0.688345601793292
100003892	0.0490003507113716	0.0529551659539065	0.257254720645346	0.919685586968838
100000042	0.218053098816	0.0339882700002077	0.306598177632706	0.582254438855627
100020550	0.586255464062502	0.22586313137874	0.31764053302074	0.564901983560604
182	0.396994947590631	0.419576984472024	0.288668679259736	0.686926034896237
100015723	0.118804010529569	0.400685059326611	0.299629468399904	0.647436056156262
100020343	0.208739777991049	0.269266329221233	0.256955573193209	0.666229245466282
512	0.353283560222867	0.650235521396416	0.319218120198909	0.640961938368741
100021100	0.351423248007116	0.241229193687584	0.268069157786411	0.674182775156094
100002528	0.390987051277336	0.0805285830309396	0.33286930606159	0.452436068956296
100001287	0.442742865369001	0.746760861084468	0.395081225233564	0.612552072484482
100001229	0.573123849846992	0.951677339432024	0.290811928422973	0.672510262620112
181	0.360175035857379	0.815546450405771	0.287339598819348	0.692403014753882
100015831	8.0549309678846e-05	0.00224527765671723	0.515588958052342	0.359080468276906
100020515	0.321316166458263	0.461143682506197	0.241765726847077	0.816539560034042
327	0.175317013449505	0.217770076784665	0.368373717280315	0.614328732663313
100009394	0.607903685412866	0.725417570731319	0.275808412569206	0.696931566168026
100001596	0.985369464503443	0.233410071805851	0.254539827221004	0.49538360422763
207	0.936380874836098	0.560865577720594	0.302609505484166	0.633413137589927
2054	0.315667464957828	0.617058400848459	0.276813509810413	0.69484612014957
100020259	0.562632782468846	0.561693496633724	0.261868762396281	0.692038468490225
100020414	0.0035749867141319	0.0442322188150978	0.201199267535355	0.64142907490029
100021131	0.812327449389369	0.23558695205154	0.276466821804639	0.618923380498862
100004499	0.817007716817249	0.795512151814713	0.286927428275969	0.645663240637523
880	0.171987980226572	0.767624024845308	0.31726833974025	0.661993331148474
100002049	0.548815262794998	0.348481144570738	0.319738194225782	0.621276240711995
100001739	0.571932797462915	0.262582870972103	0.366699391144589	0.627809200492374
100001126	0.349523287598227	0.106834370559759	0.186528109667918	0.530591476610082
1113	0.868028786512784	0.858722446716799	0.286792111092868	0.700194348320688
1083	0.86643009715381	0.418877341983609	0.309699052332241	0.593553776138657
100001730	0.0850463428896272	0.18839222244559	0.336964400431721	0.54427539584858
100001412	0.431966510542588	0.799757087702371	0.288684029302537	0.692295839662278
100005996	0.141429358404311	0.727860895768555	0.321887374899545	0.696246396648455
100015962	0.0072665629571725	0.101963185847412	0.225340670758601	0.961260279252567
100020214	0.715701349548057	0.412751563767038	0.308896856724355	0.586672394878015
100002514	0.120798436390567	0.332246832336076	0.305001158632791	0.604384502064256
564	0.215499001934344	0.0547158111099344	0.251077055921492	0.545022178907209
572	0.0267735259569158	0.024626161922331	0.392297329340244	0.529674653002684
231	0.989965458061669	0.686302655080199	0.272242418442994	0.67934282836732
100000453	0.887491543794683	0.774029887537507	0.283595312574849	0.695026924192878
100001007	0.0750168089468782	0.0916215637327473	0.360028410527891	0.458804183820791
923	0.619151594068396	0.354037016733316	0.279740680202047	0.71696537479045
100001247	0.294595794083795	0.385521817090556	0.27654719258061	0.64080211531875
100000774	0.610628731294176	0.945075990878819	0.300829716573218	0.674090862802586
800	0.40223431874046	0.390880894202522	0.305423893521854	0.719886426181715
100021678	0.227252153786805	0.373462708957976	0.24546856363607	0.665386466693681
100021711	0.585883479874835	0.942173271435014	0.292113819977531	0.662631724473454
100001274	0.858250291027406	0.478336845487224	0.28109391354	0.539953259360969
100021220	0.0831163406179158	0.153083867438762	0.391009552312251	0.979478264786116
100020253	0.318808828917687	0.923670378715798	0.291638719104819	0.67158917620216
100001170	0.763348821093293	0.118669426398793	0.262929603086304	0.548737113455249
100001466	0.277890392220983	0.882523679040375	0.299114487181409	0.661432525527338
100009406	0.187348191656862	0.136191119107669	0.27182127123943	0.738449656424417
1026	0.184327296162613	0.448967006207744	0.313277704175106	0.633130855079505
100020837	0.69427778498617	0.365413467450757	0.330756462445068	0.56656670616305
100001006	0.0673622061549321	0.10018363803468	0.285900291910696	0.789903006938735
100003674	0.748151724119858	0.122287297925838	0.291865675578441	0.654710414721839
100004396	0.478299805149041	0.679272891625828	0.309860628585282	0.605858097469943
100015923	0.483204408486414	0.836731706481807	0.323865711133799	0.65087141748276
100000265	0.449306969374933	0.641813500928814	0.300074716543964	0.631134620203097
100001409	0.1172744386519	0.182079857323707	0.27865791709026	0.526976219551733
100003434	0.412102555584713	0.45963362555873	0.297952311448028	0.579766300219241
100001334	0.635443706835289	0.0881190966722173	0.361843032588387	0.551413383350653
100001102	0.156298772466755	0.456389093533341	0.272306173141347	0.746727964999537
1268	0.597282194109028	0.0537925333588337	0.17654900753342	0.617804824436276
100001300	0.222097364028525	0.0710614490686543	0.257281935219739	0.668756503712426
100021324	0.229266092738781	0.757423618402307	0.369772616829826	0.658004793247031
100001617	0.074494897959818	0.0596752462700429	0.290189031797158	0.709772202720016
1105	0.913368955334581	0.147882464895617	0.397924357008321	0.357128736576693
100021502	0.0489032926462323	0.232900242493665	0.285983531534578	0.69628163526949
2051	0.713550265621664	0.708107123336937	0.290743170455061	0.60153640607896
100001256	0.110278756844862	0.336508932300708	0.350889321518279	0.862956193727272
100005466	0.0782948488709652	0.115840478824044	0.326227421763998	0.479941793127497
100002199	0.0640406674480903	0.503921357640707	0.320559916271784	0.701936834069876
338	0.00933927728161408	0.028996737654795	0.45543369351426	0.37998416792618
100004243	0.454317351800501	0.583957018899317	0.273502021728989	0.67765155373283
799	0.411733205230436	0.962153337609139	0.305343240811038	0.664847799030461
100008928	0.568955399686275	0.0845057940900141	0.292652192612324	0.653998756546471
815	0.103766266195355	0.304444226298985	0.291816374330744	0.735924134787433
100001456	0.00621067946696328	0.084778912181391	0.281093289303391	0.592548285064523
1242	0.0927163253303267	0.0854557028003522	0.341225814675173	0.470742193065581
100001416	0.295355516740718	0.108459332375631	0.201152466786267	0.417506552106533
100001462	0.337984680399	0.307563622237414	0.352919417106808	0.622988983247972
1087	0.231116384604435	0.0541574322717197	0.299850632793602	0.634195799443788
100020421	0.0666320741245211	0.109636055601362	0.337494983179079	0.435264652064119
100000010	0.00464138449004255	0.0484794463595611	0.305208967040286	0.722530706570331
821	0.683742777623645	0.487357342811916	0.30896437767808	0.546181304412553
100006627	0.387099616329604	0.233452675394412	0.380592893281055	0.572785634894722
100001277	0.419563515991757	0.183366478835751	0.335507213987206	0.626960603766189
100021141	0.0167043011907714	0.107447088117682	0.357683919767311	0.788968435043819
100021105	0.206666970343194	0.316428393089982	0.306338733516635	0.499448676204499
100001950	0.000368446761758014	0.00687639307643129	0.37443122031383	0.83309475939551
100020217	0.921003209286552	0.367887596174662	0.210279233366678	0.516573608776569
100006651	0.0173622704456095	0.124696837502852	0.347948585046148	0.407937200896242
881	0.926149195514154	0.372718254497997	0.274996516707248	0.679391761999842
100001509	0.730853389256688	0.170379842592752	0.25716735266012	0.591728623443344
100021709	0.498453980853306	0.726852321020964	0.283695199089804	0.675319732750713
100001635	0.306591939349039	0.0370324834297566	0.318945551855724	0.613937274475099
100002613	0.4579046261835	0.120888887026189	0.272198531330374	0.750636664236967
100009329	0.514960113944962	0.688787768448916	0.26451956814257	0.798933668709679
100021123	0.969071825102725	0.729638058302619	0.296166871905895	0.611645813461816
100015760	0.279690087484279	0.189888265477103	0.243327508945826	0.699920848917354
100020205	0.47337455430863	0.406604714139849	0.330171050808143	0.471544158287127
100000765	0.569936673053082	0.639985950664013	0.288404139430935	0.635156038264897
100004111	0.309930265616935	0.149948418099046	0.32715683030726	0.635602465842664
100001615	0.134658162478473	0.996881185040214	0.292719255438402	0.665531812127406
100009227	0.186315849290618	0.114078131847615	0.415163676520478	0.806093741684663
100006191	0.45541699222126	0.714597357589412	0.309941766147297	0.633723951401854
100004542	0.498010525099332	0.375138403430191	0.304763894867642	0.710985371280549
100003686	0.361001300130917	0.158567183274482	0.395481513314292	0.608689588264068
100009232	0.0313408002546217	0.241710833070829	0.290401275069652	0.578534346313964
100001501	0.00947782160644779	0.03245457825722	0.460121176955086	0.714650211772722
100002367	0.511884896971935	0.231545728630104	0.273215334747976	0.512379907045952
100001108	0.38260868740339	0.610945100228779	0.290496908295781	0.651397800072326
100004227	0.718867047731311	0.989284767694135	0.292432307920777	0.666179388964131
100001310	0.187396635195379	0.282191215119069	0.276028505672476	0.780263630273098
100001994	0.857806717345149	0.922291180924439	0.311279707003078	0.723795957037858
100015839	0.00465831428955239	0.00946294585670607	0.428944471560339	0.761285457440718
100003271	0.00597842954812495	0.0861934364810605	0.376980348719349	0.478860562104937
100020496	0.840297552674387	0.983481225148742	0.296299706325856	0.668571456613171
302	0.740388409897699	0.45690509968894	0.259091631815942	0.636330629258542
811	0.80924376890006	0.726268802839993	0.284020245540091	0.703502862360312
100001267	0.994288890584093	0.778029045132094	0.277016452545974	0.662327926202268
100001197	0.0180257071375307	0.335185167386075	0.339104650734249	0.676810018643461
432	0.227348947262176	0.494008302499447	0.310859128563685	0.64784454880804
444	0.0128060905572159	0.0639854405030634	0.323070514812822	0.794432264502422
100015968	0.320037910319921	0.348680352051906	0.290157502597442	0.589319908277037
828	0.933008436389097	0.898161508321571	0.288597784342494	0.670455805688945
100004054	0.156846039003126	0.698522523964845	0.300518607667263	0.676434909804966
100004635	0.0922376052374113	0.11741093175779	0.685398619126383	0.389259815468654
100000491	0.460533591130858	0.595178250223913	0.285398990322624	0.579703330413247
100000939	0.0520143560219587	0.036102363683343	0.303345651380162	0.563181843242802
241	0.24667523306077	0.657641601392924	0.307468995581961	0.68363095849774
136	0.346385095567563	0.0669251165824574	0.257957313596479	0.850207973073672
100000792	0.568271858611072	0.954371883831404	0.29574276058466	0.721784713314436
100020973	0.604813283925454	0.65026094081144	0.308387338229888	0.642895101754154
100000936	0.836540382033596	0.720999534206475	0.291705461333512	0.67052533097038
100001313	0.00876521303557069	0.161895014901953	0.304745119412988	0.717830948277195
100001951	0.0576519685817863	0.108874371986524	0.321648359595906	0.658906229447015
100006098	0.0197355385767807	0.0909675002411151	0.323270557163102	0.780324442491677
100000007	0.287217843262626	0.649965559424569	0.295890592033109	0.670966013033153
100006641	0.907695084607987	0.825014799493123	0.318587970143806	0.667055730007857
913	0.0115758725769104	0.0622814171074462	0.360637035945732	0.534193294297586
100001579	0.800425927101787	0.424393921436647	0.32297274913752	0.666326519862165
100002911	0.141849644681311	0.0120899228161554	0.384185931978167	0.624253050270275
100001293	0.155020780263476	0.226266950056968	0.252738922996388	0.860388142318606
100002241	0.24130313997657	0.614712695032775	0.304246250722051	0.642311984501429
100003179	0.395392149586385	0.0641885589313823	0.276424345053893	0.510634170368202
100021372	0.343665792177287	0.238294662636945	0.219250422838279	0.671034385897513
100001956	0.317628553662087	0.524272235759773	0.296337083755629	0.583056719670923
100021162	0.255280960848836	0.202778331723569	0.270192269597922	0.50609974127874
100002259	0.216739098615733	0.444681556358279	0.262738692209858	0.653179661594038
252	0.495368861317629	0.626545638032807	0.328496588183602	0.615604536734427
100000707	0.44395269405828	0.340675284365956	0.28961268474485	0.673413933021091
1489	0.64676130605849	0.0182414560836263	0.219505216510843	0.640777982005332
100020361	0.0257075352541577	0.0695679472786613	0.330040496480999	0.968173662782222
55	0.776036511031064	0.952369376584356	0.295366407575245	0.67120162706643
100000863	0.188232322047626	0.218598963453876	0.257977806399784	0.705247297039858
100015840	0.160182723581079	0.102801313231925	0.394607784462771	0.626606509366706
100001541	0.157873218804425	0.0894344418127252	0.203799606043042	0.657943725913342
100006082	0.144061928262865	0.0617660747276329	0.387090856852753	0.661655019499017
1254	0.78322278311713	0.784800505283444	0.276430788265227	0.70537117711907
100001624	0.530510961986388	0.369874396888053	0.274246806049465	0.643314586380908
100015850	0.956097291522064	0.603782776054261	0.361640129040514	0.63188758179851
100001104	0.00323888297540063	0.0123656500766605	0.327360855006142	0.950552356182344
100000900	0.145850740261147	0.497387754997083	0.300206194455328	0.670868823951147
100000269	0.258146983091055	0.103866739551374	0.183775243361416	0.624584408844786
1022	0.213366154403612	0.993055474874735	0.292472268194833	0.66678326033364
100005373	0.250983743089947	0.0864827865344181	0.251577357284313	0.698551443189283
100001129	0.107395560723751	0.640204257714557	0.281969538475565	0.702491902449727
935	0.0124252000778479	0.132313301631852	0.378717598104819	0.534328756227742
100001262	0.158323172992932	0.228228659087415	0.306611163877869	0.6917690819177
100019978	0.0555330782879609	0.797707180900099	0.305192785437819	0.673492329787435
100002293	0.634110368049152	0.701383961105168	0.299971495222184	0.667587811586309
100001426	0.264165366356261	0.367463691453459	0.279894415423667	0.524586856861876
234	0.0301939025334704	0.156007853579826	0.294194786193516	0.642755233846487
100005403	0.273505630602968	0.890116833146923	0.313501344959411	0.653961443016295
100001083	0.043754127476017	0.334986260752102	0.317748990616228	0.688073596308791
439	0.754257641295189	0.339768393661341	0.310999371056141	0.661430687162738
100001086	0.360452658108121	0.421169002521347	0.30526926110454	0.744494558799964
100005864	0.735377928173086	0.442673247266075	0.268103984011816	0.733864282714257
491	0.502807500748591	0.907885273180675	0.291334273568506	0.667518962592772
100002029	0.455281255681872	0.429275209074105	0.28215553743671	0.535544929453612
100002154	0.922614437782596	0.773920721596142	0.278508547683487	0.657025264441827
891	0.54499335941613	0.220057923222063	0.322737295478794	0.63611631603596
100020261	0.59932494913851	0.836341152011269	0.312449813154523	0.656879181403234
100001296	0.529174224867405	0.459832652652951	0.293606018572204	0.555624235307858
2050	0.439172251385495	0.575894153084708	0.310593127012076	0.618014121088106
100002761	0.34243942842424	0.704050726778279	0.261702505352418	0.790492273690144
100006614	0.966801384488144	0.615950063952305	0.268674619084689	0.740743242658553
100001597	0.896134408332512	0.135382574194851	0.189731895507616	0.475246191929886
100020853	0.80614686627022	0.876123880193422	0.295538478337608	0.674820649737292
100001446	0.265724550861411	0.371662453173022	0.259261557396156	0.657500290428604
100003240	0.278738521817176	0.113254923779251	0.341278942141957	0.581087055565205
100001502	0.0336010139466195	0.277488805390067	0.343306646901775	0.747929458300709
100020866	0.112684204043827	0.0163317145270704	0.181807147732706	0.489562672103781
100020419	0.0280562719698197	0.0911331663437859	0.323503448737217	0.415098225054111
35	0.586166808734417	0.371747182113333	0.267870467071023	0.622474588036053
100003696	0.0163231309728588	0.0680367565738642	0.41585289790669	0.610072594391367
100016038	0.758022099295169	0.983741952990666	0.293112977068563	0.673256345143802
100009333	0.229491168336017	0.206730121784276	0.290410198570414	0.693127228407009
100001611	0.188541451818338	0.395581018747741	0.365070469597701	0.646972044441516
100005383	0.626971448723238	0.224451412400122	0.302682130870509	0.713637964561523
100009239	0.474823204635739	0.144717537795304	0.382430366460402	0.389909824450268
100009332	0.364180794856848	0.293329200739752	0.291632161504232	0.634975228993792
100001731	0.145561210541424	0.63651483736101	0.301183269903139	0.641351919439264
100003415	0.324380247855221	0.423100076871813	0.287689310824888	0.682604179673307
100020578	0.141107575228972	0.197381021181468	0.274366872493485	0.56259610492879
893	0.778580256383321	0.604153724561578	0.289402729439038	0.676779121514866
100000963	0.350129678857649	0.212653469401922	0.370438413423427	0.473445420182175
273	0.13859259276796	0.303900491965893	0.342520522209892	0.662450502216252
197	0.547345092819249	0.519644822398073	0.282813753706788	0.572357003426527
100000808	0.269739502278429	0.215945554772428	0.278439761800641	0.826696858800347
100002284	0.728288283225308	0.330297278291663	0.182191612202712	0.601594920568185
888	0.970296609887488	0.0998754426442651	0.316339353816892	0.649329873228261
100006435	0.380972260580495	0.218780226722332	0.214813000809727	0.939900952218103
100006374	0.210750368619759	0.563730115532256	0.300053770273962	0.656693725270937
100003169	0.596548926844757	0.988953876386636	0.292326941230087	0.666446589867316
1004	0.593257882730672	0.780734410185992	0.2784847045591	0.646405053038738
100005998	0.0610593769468429	0.792002863249339	0.324513628003468	0.680833713579755
100000773	0.920305067060739	0.972507565491246	0.292320353617833	0.666641592374239
100010850	0.018875108337238	0.131652684721676	0.337841843054744	0.549871175047651
397	0.895748382052847	0.334323531440888	0.214849612057189	0.733481403062253
100000039	0.081910025093913	0.249326891909471	0.239293550529738	0.718729192882275
100020833	0.75318964575624	0.719357998236042	0.301879662162849	0.714471114746409
1021	0.410173485755712	0.345102793032608	0.274511878036001	0.702809024364565
100020479	0.322254617429776	0.548578925896131	0.299496685185967	0.678049610250217
100001335	0.619947341663412	0.381128735087912	0.320974816091896	0.63962687763599
100000743	0.596547015920132	0.968576658156458	0.29187507614153	0.684416096468991
100009246	0.17604347465687	0.649228694751466	0.282269118311234	0.696820402023075
878	0.19845940601814	0.730414327105398	0.280189341543027	0.680694649596331
100021103	0.75490482283651	0.853525862665466	0.29756819473103	0.744923563713529
100021363	0.241414247241692	0.578281912511275	0.273250196217492	0.705811842099721
266	0.139685990330257	0.222179117324975	0.293654887439792	0.59467483070995
100001195	0.311963588468003	0.205715237798797	0.375110724565453	0.591546699876441
100019801	0.327309985808345	0.25611704005191	0.256034396861006	0.740147137117784
100002196	0.0376950371329454	0.272712894572506	0.307896709189565	0.67603884816247
100006370	0.259070943686614	0.974938800211567	0.291675314856534	0.667443647457469
100001510	0.0327487786144519	0.00419047337986872	0.244882360333825	0.76340720218118
100000437	0.559347567330499	0.481669756263034	0.279432399203652	0.731323494817104
100001767	0.124399626444119	0.030058636944094	0.369311408071263	0.732013149796621
100001810	0.304869926280381	0.469113050738546	0.316452633868616	0.84342864644173
209	0.0324414384595391	0.358236908113182	0.336738245910319	0.652559517900861
100001485	0.249394112346548	0.0854611180948629	0.174374772286675	0.595192430595726
100002500	0.119591747764965	0.448268286230558	0.297576364910777	0.637669658361738
171	0.0339282796345719	0.0301033871348176	0.219589990933815	0.670164340203871
100020487	0.906900356617761	0.923208668624613	0.304056006019967	0.660076471167258
1206	0.00706327478956001	0.118890456265654	0.296742607524652	0.717828606989694
344	0.0126898211267401	0.0296179725461828	0.586773112386613	0.759831070205889
100001405	0.464997607917842	0.867550456405652	0.299854261069445	0.653810794981994
1239	0.941171924750436	0.483016236535589	0.329630122398534	0.669354366321142
391	0.058090885414843	0.177238220877431	0.275942041139688	0.87904070969606
100006430	0.521721754869532	0.20209348129463	0.349814635057995	0.41805919024579
100001417	0.874755040354712	0.408724191631758	0.281109184568496	0.79970205518772
100002951	0.0634029604089629	0.502375104940764	0.287137144965235	0.593674884136655
100000014	0.400130531364965	0.529169351469768	0.285078054151635	0.711051518994809
100003926	0.696691868824405	0.41381596511568	0.30564145243707	0.641309135830242
100021538	0.492924937549387	0.3574923367005	0.343735732170701	0.57932810559344
132	0.318746767534695	0.957919429002865	0.293221981340572	0.665519518334642
100001425	0.728477260576521	0.640671224977651	0.341320994846676	0.617199597637457
100020262	0.615603998971744	0.381775937814659	0.256364922115693	0.716531997319746
100002679	0.308864550161776	0.721986067886788	0.280278481772154	0.730462654360042
100001270	0.326181864076624	0.946100396228525	0.29199980614594	0.663171228548062
1102	0.861265158303705	0.946867207681604	0.290780640456791	0.675478327862698
331	0.25828777743066	0.209467140681595	0.243841562737351	0.562229556619909
100006361	0.473749358850281	0.540981199415957	0.266073945410501	0.753690613132803
180	0.730361932604815	0.954246303155913	0.298954369927062	0.664621046457587
1053	0.310024734046533	0.442941181970069	0.438773524977588	0.733409301745255
100001359	0.75946471118697	0.994800214649884	0.296097003913145	0.675426075839236
