chemID	simpleLRM_Fstatistics	multiLRM(chem_sig)	multiLRM(sex_sig)	multiLRM(age_sig)
100021136	0.0136115560390491	0.178434796464197	0.253120296575645	0.823375146717015
100000882	0.796707564839022	0.42749715383085	0.241337349472212	0.648995356710334
409	0.089132515313677	0.182066782253656	0.264281758870457	0.461782466874717
100002254	0.74883071437821	0.0493735001845788	0.153760244897623	0.686042011749785
361	0.00953074466165573	0.105839738193321	0.160127510420168	0.682652312282719
100019975	0.510121899343024	0.749449087660534	0.227789372982091	0.724612443231216
100000257	0.000688823538706533	0.0187467008033786	0.227120133564162	0.641696781244641
100001232	0.998867052814301	0.955422082566572	0.234072335778188	0.706786508676668
100001948	0.44356327613524	0.4311754410667	0.247276998371527	0.581245199485996
100001073	0.517750312506645	0.624966047764069	0.295484731885587	0.620367088699872
100015637	0.651312608081331	0.246025097228113	0.245890799148793	0.700924787415045
100006360	0.572795190958938	0.640308156876072	0.210768997003862	0.787037951011144
1488	0.554061516663932	0.609398105194814	0.229648825359294	0.684250054134607
100002253	0.937627743670046	0.964761473825347	0.229525439663918	0.707518029544603
1023	0.90437877871904	0.676480925104974	0.223289044292472	0.690920664698383
100004284	0.70457808297386	0.804063477152861	0.222261195979249	0.717560278541141
100001251	0.612962499540039	0.926159984038873	0.224941826419202	0.707303055979101
362	0.738554837902644	0.470351820330409	0.203463517464171	0.701969180433462
100006620	0.733782711930978	0.914221283720234	0.227222607415066	0.712441858792812
111	0.489643488369033	0.209557647018344	0.197085324033614	0.679694275866329
100009045	0.551960549914125	0.238225547212372	0.179698401553781	0.884201860136083
100002927	0.927161534795258	0.901310155087669	0.229287338371943	0.699870717290548
100015641	0.848570552936218	0.923535912495195	0.235927168786895	0.703292628016933
1114	0.139621799081566	0.980660498955759	0.225986918253992	0.710976068470753
100020409	0.420782672029179	0.423110305672731	0.22998446729558	0.59092647240542
158	0.152174686793727	0.28376098784211	0.292513405425552	0.735716627042121
1224	0.0723428539653056	0.22191620451896	0.179089622175579	0.744999448364946
100001620	0.445510654070943	0.363430691095795	0.192689965237632	0.71290195712811
100020893	0.347124328927876	0.073617198704481	0.215211971255146	0.432340734847948
100002458	0.743675793153712	0.600034176111121	0.260419634903543	0.658177504577729
100001112	0.874022287288823	0.958080265505654	0.225953812752874	0.706707711526784
100002953	0.332094612274094	0.742934296754072	0.222158864229624	0.727016817095731
1141	0.400887868220886	0.0587414583007627	0.299201698594472	0.528743902562821
100015834	0.427131119226938	0.977790117157517	0.228264585378026	0.712110916509131
100004561	0.537889464751333	0.828120956494672	0.229860732137963	0.704506390905195
100020497	0.973509767213672	0.593688224454746	0.20295257929174	0.755041275343713
498	0.0370693964899515	0.257545813410897	0.220193839923064	0.800422068793222
100006051	0.923919901212142	0.896063988417377	0.229150835246486	0.706910941643337
1668	0.712792023765444	0.497482014077962	0.221672847426683	0.643691047027972
100004523	0.486319940770503	0.934088263365484	0.232199814053723	0.703269348275435
100001604	0.20393176367984	0.484985051204348	0.221062358373682	0.761916317016135
100001002	0.138144549216296	0.482917457768892	0.237115001125323	0.695834328964017
100001987	0.0414964391620669	0.244161226080124	0.754776731503833	0.559812117394172
100002462	0.606615303207341	0.34913629375976	0.277144747372252	0.588943231563785
466	0.136281819934032	0.00438579678151954	0.236837097212344	0.662735075560747
100000665	0.81672374594976	0.298282245772584	0.265968206288086	0.623407994727775
445	0.868179836139396	0.4126536571367	0.252636579502668	0.764158653484409
2029	0.157482511213478	0.518423546075176	0.241605080280507	0.711614568315325
100006438	0.1595345148972	0.286175120825077	0.268496673610331	0.720175173326279
100001398	0.188511969964532	0.609328546561468	0.211441815485705	0.729442876591614
235	0.496359000380728	0.500328119785288	0.203291667942172	0.741069034237553
100000997	0.691347936471817	0.697012562340944	0.22857990484936	0.685920774247875
100002094	0.215419905712666	0.185122478108702	0.18248138683472	0.556971076361617
1052	0.460531274206011	0.760588169721567	0.212015256299447	0.76594407490239
100020823	0.3587441853911	0.600856392142655	0.21288928069579	0.698780672234215
100001806	0.26285523716561	0.618142253711959	0.269452940848805	0.720072432611762
100006092	0.712048648197512	0.832683820107994	0.231837753390026	0.694992587987961
100001415	0.122055208697366	0.0822600058717487	0.231916866989317	0.425265218482902
100000008	0.0497540884925093	0.0821844564165895	0.255988561750392	0.544127549328939
565	0.00557176320723412	0.0404951275665094	0.220150796810421	0.795706207841836
100015851	0.0992849348632341	0.148319401895393	0.298648492496679	0.869443945621458
100001866	0.515243582051521	0.879515309121744	0.240751029321929	0.693311317376417
100020546	0.00159103950158865	0.0219262028760364	0.433572180784898	0.922479146474388
100016110	0.608534183988874	0.425062635837059	0.184582786814887	0.809796304741311
100001254	0.00297614733066093	0.012445838526315	0.302215868942559	0.927973544139497
100006260	0.477821291351	0.893570466664876	0.229804840951169	0.707602442493315
826	0.750725131500445	0.911512986578337	0.226868246481141	0.70642421664029
100001872	0.513407902423135	0.864054083917726	0.22742636689216	0.709694549446838
100000263	0.370995208134629	0.42223212793376	0.283520598175953	0.701154908419331
100021198	0.883249333971954	0.0651930329000413	0.153961406090471	0.412834250650166
100015967	0.0288597814692836	0.0796730411129709	0.283737759620255	0.522873438283217
278	0.150387984273498	0.263840137644834	0.211633216774636	0.997702548903117
519	0.430053356320136	0.193187571517315	0.29313210746686	0.608488725807817
100009337	0.169014212131594	0.419539551109234	0.309831992547089	0.692853617756345
100002185	0.428138775828946	0.815732286558774	0.219068143725246	0.690275894608948
100001278	0.142101877156068	0.125873271987539	0.308739377340569	0.630709889671955
100002103	0.877506310759854	0.591602698149846	0.226917668220588	0.655336218393089
980	0.350010351512224	0.21281330741826	0.268209779838078	0.670259198624523
100000016	0.842632792077212	0.434104579070743	0.223417074103113	0.683595362171814
100020372	0.205773489401682	0.517277329157542	0.225606724584158	0.648877942241934
100001662	0.756120406279179	0.134540839979804	0.0861814256232401	0.720104121524533
100019972	0.913912423282408	0.704963780034207	0.233254685591594	0.697174877947419
254	0.905542809327314	0.877542070715735	0.227603019802862	0.711425734762913
100002009	0.631344759975163	0.674183942354475	0.223704584366648	0.626029997287973
100010895	0.404574570972465	0.523321900043371	0.268384743342474	0.687607645422837
1140	0.999889723299336	0.915873616862452	0.224936887924579	0.701293882255856
100008951	0.649886076065283	0.560790775210279	0.243330071561084	0.672349689164877
1084	0.372811514340734	0.816456347681634	0.226414767489209	0.751212136939512
100002796	0.128084392347326	0.409582133508934	0.201291873146599	0.654295458478216
358	0.947304089912825	0.859865347153666	0.222558499811907	0.688470508955542
100002070	0.736842464173155	0.66039277369923	0.217872831626612	0.747381008700012
1628	0.366183457929122	0.141803017362379	0.279456686411257	0.694201547305249
823	0.650093828171663	0.502815684534356	0.19403411941443	0.774283830780604
100004414	0.100740256394213	0.00999988948954717	0.336482572987622	0.986657503637011
100006129	0.654846201152247	0.631841999400706	0.209403894446312	0.728224597471915
100002028	0.639161639166214	0.456040317642021	0.320469442679392	0.512045749144587
100021707	0.601097383049418	0.673270494339058	0.208244673955384	0.756438828418436
100000054	0.502035920161362	0.45795922222784	0.21911993859484	0.736442602166411
100010869	0.475796753945122	0.223793670311089	0.235950594785753	0.574076576289993
100004575	0.0172361871515171	0.0780748719516962	0.288923062650914	0.922213424576942
100001212	0.97900249500744	0.663694989151754	0.229291683960846	0.645999459591353
818	0.165654804471713	0.505556826095463	0.265878819431479	0.653386095517671
100001092	0.00495613760610586	0.0461820909272478	0.253886885519585	0.673854900387753
100020371	0.931605436981043	0.845281430688452	0.230132590088967	0.70850911116937
100004112	0.224121548592852	0.546476021584878	0.24253566471286	0.715213006063192
1125	0.456494950124886	0.368198596060893	0.252379489027654	0.745046778389522
100020491	0.880712967082685	0.523045288092923	0.191060285338935	0.726777044728966
100003151	0.00070427258979803	0.0125940327811754	0.349083962232218	0.580602717481472
100000011	0.270096203143289	0.125783766668406	0.158098922979383	0.830085429854766
100003594	0.433896746830299	0.959682410221142	0.233006232804631	0.713173154433657
806	0.783088634213815	0.167677631076188	0.226032668379526	0.511396556667304
100001211	0.968083803296815	0.576854917187727	0.235760335678269	0.690037755082103
100002417	0.537606383975459	0.626661736914205	0.220209739750102	0.676958186504043
100009335	0.613793116292415	0.222524282857833	0.185965758845793	0.72942047729488
100000781	0.651678203733367	0.920350320350802	0.224937062113209	0.707285411345314
803	0.0372853594308647	0.038167191261298	0.220595632654934	0.579827547473018
50	0.467952398325156	0.690997590834929	0.231934671936704	0.69238869500177
796	0.291486626156423	0.0298734383390229	0.248831651885991	0.691241993779274
100005834	0.908137829661787	0.643243959221253	0.267797296224531	0.704549877934619
100001580	0.669499611962999	0.356123812127048	0.254811757560352	0.711039820137035
480	0.68016909161503	0.667793585565599	0.207339969925865	0.715673727113487
100001540	0.208580290633329	0.710747643003592	0.302062024170223	0.794393131113343
339	0.546066862565795	0.11866928671275	0.20336467064927	0.61643299528609
1110	0.98276863236659	0.990479769377428	0.227724300344503	0.723660807013125
100015836	0.126383718748082	0.155183990276832	0.34793497942071	0.902597566711505
100009271	0.553988082849796	0.542370167126983	0.25579952572309	0.689914166936966
100015638	0.433806858319054	0.145979160769733	0.237354042764241	0.662726822942114
100021667	0.899948354963403	0.481855634225023	0.261761314887516	0.690363732456102
100001279	0.518647262753456	0.338297972741876	0.24618048646927	0.84644861235296
100004208	0.018922394975203	0.121565320412751	0.356585619091677	0.829883940510357
100003695	0.223938790333746	0.15537739132558	0.246824590413	0.492068237077758
100000802	0.758730435399944	0.938151271021205	0.227742917089216	0.707180362410202
100002769	0.917133245373855	0.109766739730497	0.164246727330792	0.823661505252007
100015835	0.0795191327784654	0.262236248312132	0.354536174041703	0.929083660715489
229	0.447966749116477	0.179835680511911	0.272859182774358	0.698935697721889
100001266	0.00594627072294389	0.0256285779151888	0.29184032939586	0.98498149653421
1342	0.281180924420952	0.324801130694396	0.189915903548717	0.729975902516345
100002102	0.681499345123327	0.479342609067691	0.261694176628127	0.83204162382673
100020254	0.135279015473924	0.521459916061936	0.217554415582906	0.743120948153564
1231	0.211066803808722	0.110695834150598	0.290907926235254	0.633184682961326
100020492	0.968484331997209	0.907734947538227	0.224459383046818	0.708758233628941
100001402	0.401359564299359	0.595398757041464	0.25265509325139	0.7140162845529
415	0.00613386130281299	0.0853542951756567	0.27134904966735	0.769106697402993
100003109	0.940730575735839	0.917302819872775	0.227840258539927	0.699858787661351
275	0.494591972239176	0.866756505717216	0.230949262782583	0.698842726557312
1143	0.12819348840887	0.0635044803257823	0.199602822354628	0.81849280197709
279	0.402009566389309	0.346326978075607	0.227029442540874	0.57299281312012
100001198	0.894138415676497	0.992363588280861	0.231186703373077	0.711623234294529
1648	0.452009434038801	0.992647107943149	0.227090030202289	0.709390867947682
100001590	0.261171451497807	0.224740201513876	0.21207522324996	0.616944083703103
100001733	0.529352688829632	0.969508224524357	0.22651597469652	0.714097882053362
100008933	0.00243401767224139	0.000274770005172407	0.328107944060257	0.646928180100425
100001550	0.286552532631193	0.560760508600247	0.216266427395428	0.662651634797832
1215	0.107743189029516	0.274732453473098	0.196138111965126	0.665033505948866
100002356	0.0430679641143357	0.0151633005462707	0.299748960001299	0.729079155812278
100002749	0.795908635143091	0.829064635759067	0.229204259742759	0.714790494588569
100006379	0.206363534778523	0.197481223013689	0.270149942603565	0.466395574717716
100015966	0.0596591425348745	0.125234387045051	0.24455922218155	0.518643331041661
100001392	0.593505738160418	0.98344955688877	0.226558717211761	0.709878447136572
100020425	0.156243979673868	0.0570932285803899	0.192108022061693	0.465510456679666
100004299	0.245420597555553	0.713783232251931	0.245737711187872	0.779223295172001
100001734	0.718592100137468	0.608037798657944	0.239795202014224	0.657811793023515
1002	0.720216829674763	0.900717114734904	0.2272271708825	0.7086787966521
100001337	0.390789243578719	0.844223301946354	0.21881217486131	0.711123821492954
100001452	0.950607396113092	0.648844023124936	0.222469871451845	0.662799866681178
314	0.502702887790038	0.377942121647688	0.235711474777097	0.728185743665343
100009264	0.936507235670499	0.555159266720534	0.183282235537421	0.829287414508888
100004634	0.427832546940798	0.477132124735248	0.200469528744556	0.728421352369008
100000711	0.679717642007909	0.690556481837997	0.253335793780781	0.735369346183526
100020536	0.0219294982101489	0.0975578528645087	0.283688203748551	0.815529053289951
100004318	0.228907474656011	0.480317049290564	0.231570997504093	0.705312453504813
100005850	0.997130801522573	0.580798965834577	0.283906405370789	0.665558888213862
100006619	0.411985720024848	0.184043960921032	0.262739524870506	0.693121989691783
356	0.536838833049151	0.683416454932056	0.218663657138187	0.724331679333379
1221	0.587081388818361	0.616628400603882	0.29490597591608	0.744791258543445
100001397	0.662945171685138	0.6783614071398	0.22456625098081	0.699714579629755
100019981	0.68678425108769	0.93835713291535	0.229314308316409	0.721133943664454
100001208	0.38783878291012	0.226651728514711	0.192605152746005	0.986145252960562
503	0.0279012941036537	0.0196774457058621	0.154264772537929	0.541406807225759
100006375	0.145594154228615	0.615743362021654	0.248855787174014	0.687610603550389
100001295	0.601012788143065	0.551774852830406	0.217115416858811	0.819667795453429
100020427	0.0702242670444387	0.0331519936204464	0.224816570483937	0.406396404633837
100002784	0.589380282397471	0.403813370760961	0.195088280593294	0.774246196068458
917	0.0697401528174443	0.226224971716555	0.252028078094396	0.65798925875057
1869	0.418354071955137	0.23084525308721	0.247269659513322	0.593922385439285
240	0.239928759135715	0.101493815588626	0.137254952915219	0.504960183588729
798	0.00454145738570487	0.0848292341907787	0.348250335486258	0.640311650667296
100002952	0.29464335590198	0.457527372031786	0.22537507501726	0.803322269032641
98	0.68614977598273	0.892652248207417	0.23770390010625	0.713242822183117
100008998	0.306510861794326	0.326915613161752	0.176305569360884	0.778367555276806
477	0.781824587444483	0.140708808403171	0.224211387088787	0.701778406274228
100020545	0.0605689812681866	0.111581985927341	0.260792383420863	0.896797950495144
100021666	0.92558240527763	0.216927376594577	0.260613794835711	0.702710925752384
1256	0.610325996322099	0.793713865048133	0.25896209943059	0.734018899663233
533	0.350067302753052	0.0829179425622473	0.159113251767617	0.457169180705253
100001757	0.393228593512222	0.868617235850733	0.235019084424143	0.702691223735464
1024	0.225072096586091	0.0601626433390095	0.135505802694742	0.768201883472237
267	0.437620960790507	0.987783265218888	0.226907176238835	0.710445643701064
100002113	0.22476055367384	0.152590397011415	0.235960533502122	0.723117450877531
100001756	0.834198811944009	0.725408756285492	0.236966632053792	0.730768094573379
100001193	0.26274822688652	0.113260201651559	0.298513586467647	0.636556985290756
100001668	0.58450361913279	0.897052997384886	0.22621157187634	0.718823265545148
1124	0.468625105599973	0.35117090496557	0.204950130631473	0.803624527660571
100021331	0.224613015307862	0.384841701024384	0.216532065108252	0.743994596161351
1090	0.0467063094461133	0.0355544082750479	0.208961415904855	0.868067201462089
566	0.715264715685947	0.382711695835153	0.175574959342445	0.71152914561252
100003119	0.138553717606748	0.0807250696492087	0.268486986658706	0.573085191070707
100006367	0.755308663998488	0.573878339751509	0.235391820688883	0.689155312823413
100004322	0.170658052858747	0.214646104839389	0.230253052148191	0.806161053512813
100001034	0.732463647330447	0.790997629656716	0.222961328969846	0.699867389639686
112	0.986118225129363	0.968284515783663	0.227629857832988	0.71269021757908
507	0.786689967841024	0.804728612415315	0.225966196278381	0.715795281946307
100009233	0.361827425746595	0.21303792046018	0.210736034718432	0.725081561272408
100000406	0.0287934625026916	0.191918250391516	0.368685687389852	0.527472818226072
100004046	0.283575321847244	0.455690334432351	0.160194642170343	0.648471931381026
1025	0.759635037531427	0.686440259293142	0.217285028181181	0.730397990540363
100001106	0.143711340358055	0.145387788688859	0.178669352798414	0.751131740462458
1128	0.050879443131302	0.70279275593235	0.250377611936338	0.743448946687421
561	0.0804928919253005	0.225582976074641	0.165436495162188	0.631670242817097
100001614	0.914389384268724	0.401557941786154	0.239762443961471	0.685530834742268
100000961	0.681090106199579	0.885702340360522	0.265631211499995	0.693999290351944
100002397	0.994237058847945	0.692404867395489	0.228260904996259	0.657080461911922
100009407	0.967756483271013	0.980005028168585	0.228328400714333	0.712805456531544
100002910	0.899566211213046	0.585774591099579	0.205690367008517	0.64055607937289
100005946	0.24792391901166	0.344026988358869	0.263889027790408	0.811909578287127
100019794	0.087033358428929	0.270188229071422	0.227257331976512	0.87710919360744
100015759	0.38450360300088	0.114297961004612	0.194634805111244	0.710570021169548
100020417	0.834301328079578	0.683863491577207	0.219733485594333	0.688056977750665
100001054	0.594776057776179	0.919039253451113	0.225370242247848	0.708631681068374
100001437	0.310985230021228	0.318211463777283	0.186119466224381	0.633345526023433
504	0.221933643627931	0.69262501703551	0.272285501288934	0.720066408606085
100001988	0.495266519017717	0.684238834739901	0.22285788822263	0.852316909496612
1082	0.0256417729162963	0.569736282383082	0.257357632291475	0.744047076091872
100001403	0.254455228512878	0.294081838109409	0.25330749818928	0.691539236136645
100001664	0.835785942281085	0.476325283573125	0.210531409571188	0.916934080890964
461	0.296034832019867	0.244575042574078	0.37166446003822	0.684670396370765
100000463	0.711357583319072	0.96011680716185	0.229582993918838	0.709018793966492
100020208	0.646106748870332	0.610307591722973	0.256147636026863	0.617276019648508
381	0.649624610478124	0.0817115578518164	0.104618246310947	0.540756934849307
100010901	0.0630380413267633	0.0624703501188851	0.221953950314926	0.837850079220026
100001468	0.200829219509833	0.880320667471572	0.222257348984456	0.741375267159366
100000840	0.937420916045571	0.771365878991605	0.214071618200118	0.734351874532019
100020014	0.263975535647256	0.608598744107364	0.222274683705577	0.724538629253182
100001993	0.863943801006163	0.640970354910485	0.196150923121292	0.849474315468281
100001051	0.122932241907081	0.0253149491372105	0.258890570668149	0.386687861011421
100006116	0.379111221544144	0.511805472084851	0.230751149865798	0.711231180378777
1108	0.964739101119975	0.909252602036455	0.225019104988098	0.720357372885072
100019966	0.157147744641293	0.0685403926458782	0.27768575493607	0.671390939811742
100001743	0.734241554169867	0.484223900226149	0.222992308490075	0.694169694113014
100001294	0.241339487557285	0.292330172002304	0.177783528508758	0.750341349531247
100001609	0.213889090940118	0.0949154872327233	0.208915067685517	0.809912459740841
418	0.984030689222347	0.81106161581811	0.222647402488978	0.737221954972487
100001178	0.325513283975626	0.951410692615223	0.228113482727303	0.705862524741166
189	0.843721615885307	0.747402859568498	0.213172744242398	0.683059336334525
563	0.591646732365856	0.754029486059365	0.242645764725625	0.691323763059589
424	0.379513267454657	0.323350558699421	0.26336169775367	0.682992633556463
100000776	0.0807571199338887	0.231197917928244	0.266437642850949	0.72000466119058
1001	0.752285762285662	0.629674187259243	0.23460651781608	0.709648957421633
1135	0.366466953726918	0.110700620033471	0.221551376863404	0.765920718491252
100021093	0.325983570909476	0.477670351689026	0.266924416746555	0.734086479672064
100020219	0.122135282436369	0.228444620577027	0.23791295046819	0.597782524923752
194	0.498144278851136	0.812284853696412	0.234358663176845	0.677734870087917
100008930	0.489654086553893	0.497669793208691	0.256254343831709	0.679117268016413
340	0.899424327847588	0.34290264767168	0.159067760247904	0.771160017106037
100010896	0.857355137582303	0.794751990831743	0.217909703331008	0.716041031456002
100000787	0.247339699667789	0.123564617591991	0.224867211973463	0.423209651265465
100000639	0.0431929249472459	0.244241027645563	0.206722368643818	0.714706040600642
100001851	0.976143176862531	0.280214146240924	0.253336229741635	0.492089167847524
179	0.500027248788674	0.662257071582175	0.223739172051916	0.722096786427314
100000626	0.457110657157428	0.792632930626289	0.235714989551039	0.710340923761327
100001605	0.0106480177956679	0.0870566320434263	0.300145848149775	0.803919028099647
330	0.282406627134895	0.470206786635905	0.253187377642216	0.585527256491242
100001162	0.567866718850485	0.706701744470204	0.212248248864282	0.68523109176302
100001167	0.0328881264790929	0.200230338528939	0.219347860838899	0.693156164509603
100002067	0.589255912040996	0.835607620369865	0.29105365039832	0.670196545994906
100019968	0.730289720056013	0.410392028829955	0.254551684401645	0.648856616321366
100002014	0.957673445701377	0.988427351535374	0.226405367963734	0.732614248303964
100004083	0.498515235188979	0.152671248579438	0.259902021891912	0.573129489077986
100001315	0.242513423978715	0.334727558881238	0.238601366873817	0.788269773395762
535	0.220308095514058	0.5370430400519	0.247344271195304	0.701830926913748
93	0.44581276151503	0.287440388168659	0.260113926351959	0.551548327898839
100001989	0.449126249478919	0.685874880570453	0.213139119994749	0.745811657737115
100001740	0.732911423012651	0.396354760038413	0.20448789516986	0.730867935435395
482	0.255451921839786	0.993694334800198	0.226750347444004	0.713745351684095
1629	0.298956864336463	0.461818987419561	0.274257349037273	0.686706818520076
100001399	0.330712576051113	0.301704293279869	0.23673031737536	0.715253303667482
376	0.957124716524887	0.187478631326145	0.143555172246141	0.811307963775587
342	0.648871485560113	0.565579676545696	0.224998482209883	0.708043763640982
100001253	0.0226039623235333	0.157706730509869	0.185921926496346	0.939933322135369
100000708	0.501640473892619	0.717685684031923	0.246078709395163	0.720515105576767
244	0.207128464644611	0.0551182467217492	0.187592302546297	0.828388823432935
100006726	0.349452501205015	0.25445165847909	0.272984676952108	0.692136498421642
100000036	0.122022845889978	0.753968426012548	0.217399027617657	0.736815270086027
100001257	0.0179228653183415	0.0742035221576814	0.320179319110333	0.993189203858459
100000445	0.68604044517585	0.618697386420427	0.249839668766674	0.665769694552409
100004088	0.00365327837366462	0.105552788417965	0.266284772893177	0.795072292584329
100001423	0.899846882956676	0.825589703837022	0.229712018274529	0.690547033523933
100001276	0.498217805961261	0.338016090533079	0.211130255675097	0.629815305488726
100001876	0.86770637239432	0.856817434187333	0.222835199522138	0.713971144174491
100009082	0.590340356356835	0.0355380495461814	0.0942904308112113	0.688410632328077
100001121	0.371543349261316	0.741566554197	0.223282636079693	0.705579153981435
117	0.310590294861276	0.609414981977419	0.210978483589312	0.732235591249371
100001868	0.0237777569863436	0.0906303316980145	0.270941791124675	0.721112604342334
1134	0.785061599503755	0.329877799365031	0.157472114767918	0.681068826889899
100021012	0.21211745841451	0.436607951283858	0.232750815316042	0.739217178823219
100001181	0.394571166963054	0.11885228695095	0.31451869688648	0.593076086277703
100021467	0.792290902682141	0.320947901608818	0.231836622407229	0.620523606092426
100000447	0.246992941228265	0.260348176834962	0.265425643812999	0.674596013720405
1162	0.000649814086201007	0.0148929130599213	0.306223711336684	0.609113978856576
100019982	0.473568503550577	0.499549104533526	0.23739294051653	0.694601795180197
100001613	0.953860747526036	0.482557281318636	0.240197342612505	0.679086390139587
100006644	0.477396188581906	0.691162256727331	0.215262944539021	0.731601747426106
100000096	0.647791714545237	0.0294643555960186	0.1479809387609	0.67725052272222
926	0.483890163610517	0.714093782122597	0.231839090802789	0.713053968019351
100020004	0.775824931673291	0.75702880028232	0.238155125929141	0.708450423467322
363	0.179066660002769	0.0438612218408764	0.207757872372903	0.278695308772349
1111	0.377094778008252	0.97144755421833	0.230170700463096	0.757247234947583
100021712	0.78006499552958	0.74558808322752	0.225102351881267	0.692212260324385
460	0.758274220520778	0.656959709388077	0.237254755543338	0.753896387502386
100009331	0.387427546530288	0.228723829090431	0.20603998425717	0.735311920857658
100000442	0.239255306025144	0.699054868493497	0.247476724666983	0.727012327416365
100002945	0.034721657313528	0.00649878645962697	0.308599310775431	0.654215471026751
192	0.975673283538346	0.800347857878365	0.217844033035546	0.764528800255085
100020241	0.4003434239894	0.971828868469241	0.226185556556266	0.709026845817356
100000580	0.139193435314746	0.136011756689183	0.190789905820995	0.950800327706038
100002466	0.0125666925405831	0.0340103685954415	0.194836015228808	0.466113803313961
849	0.81080609468773	0.669329560459539	0.231777829810015	0.668385311679363
501	0.546635656671876	0.416370334387891	0.254283601981238	0.667443164440244
100000282	0.695114836485163	0.148253634166039	0.294679255145786	0.605040503748387
100001577	0.0178151647825329	0.142591293140116	0.324582895137953	0.783337488327158
355	0.0963874664376739	0.291906286665606	0.187776889892379	0.604844316264365
100000841	0.62115248076371	0.844882486907966	0.222542826750385	0.747521887630541
100000846	0.841160043521157	0.349885840980994	0.218362220120421	0.703357579217019
100004295	0.925632194854855	0.416107066651887	0.209617194218285	0.65940593762607
100001586	0.110230072229361	0.0511707696258209	0.335795241466493	0.365715663987703
407	0.0106008450428403	0.0291482810089259	0.254461725150504	0.785627038563285
1137	0.828243684007534	0.699997802194935	0.216894470798799	0.754707063937864
100021374	0.025575922838681	0.011399833950574	0.163138933880895	0.860949016874335
100001593	0.568668156803351	0.963013411201723	0.228832011901664	0.711288954341337
100015971	0.725711103744773	0.71507204503686	0.220493498023353	0.707796361069527
100001022	0.244224627643861	0.116838797177029	0.118623113913056	0.964765772334855
1094	0.043913554023386	0.208000626275673	0.371660491067556	0.962468813226291
100002122	0.195965988693635	0.195757448711063	0.17710308596949	0.828548983225524
100000706	0.833318849211265	0.41920104388884	0.173537607315124	0.712443745835923
100001055	0.695256977457406	0.457854208071061	0.208522710163148	0.654010019968883
1235	0.431394147508832	0.665108010137282	0.212766484465293	0.747650710963101
100020204	0.0766314996094383	0.478166859956076	0.248227273236035	0.760260155676362
100015643	0.0366190624525263	0.295028542673215	0.249904459442425	0.662317508189086
313	0.0237346327270233	0.265262914861939	0.241018798007002	0.645706370115622
100001413	0.918675782764506	0.823578190684263	0.220527369655194	0.693622388983329
100020423	0.0276562567076567	0.020260447199326	0.257675636168145	0.383815106964365
892	0.202395093219826	0.0566462947890821	0.248936949325751	0.757245601759349
212	0.0839774452337592	0.153396170292263	0.30915859581956	0.685441197123897
100006105	0.160922364362505	0.167658223283003	0.261500332978946	0.72469972614753
437	0.736047850272498	0.597983558739576	0.211157992618302	0.725263042745967
100019892	0.624115270365623	0.672217607987325	0.223496259460575	0.747498650532606
100005716	0.10620436766288	0.127958632562614	0.250820663213621	0.788003532627832
537	0.226966239589804	0.127557415969757	0.236240426807796	0.73521060166849
100001990	0.223175091283457	0.535354026229885	0.267595291087597	0.649727579221593
100003397	0.0291382966603952	0.00356973546043585	0.171072112307768	0.455245733472822
100001320	0.149771411070229	0.258289776232837	0.297173552392861	0.479817269545725
100005717	0.124745961960843	0.0883766665992463	0.269089833734492	0.743212932605523
100001207	0.0315228834514005	0.18550210101095	0.261549149203364	0.718043382011569
100001999	0.566581719959043	0.8349470435893	0.221120666172903	0.796481738896056
100002488	0.259362397684435	0.0230617309001058	0.278052681876878	0.649433395065023
62	0.206374758346067	0.681676173038174	0.219520857873618	0.716009054209707
100000467	0.502051740836671	0.386565666360375	0.213003107763503	0.679922229501034
297	0.00625475758879352	0.13947750686642	0.232790727253699	0.677058022132073
100000285	0.016617112426019	0.313423299651027	0.225121175640536	0.83086742669276
100006056	0.0651859334574883	0.380876186770827	0.240274577449204	0.753926398214285
100002126	0.145126959159211	0.266979698037451	0.175281768476026	0.971485118227687
100002129	0.814628843516004	0.756520185904799	0.213969602392468	0.825259530046781
100020478	0.0286358868354005	0.187142417672583	0.199587890305447	0.746166755251232
100004089	0.0651961964743516	0.551555213868194	0.243121778599674	0.665109708613522
100001755	0.483379437581065	0.611072457488303	0.228860356088107	0.668001512080912
100000551	0.0258346714042208	0.941644450414388	0.237126685811866	0.705329634097762
100003260	0.366648617667735	0.245232269410012	0.260332862106401	0.810784606530337
100010955	0.888576163153483	0.42167879980217	0.183279350281929	0.606413119887279
100020851	0.203047683905152	0.444235098847747	0.246475342102902	0.733976535496601
100016069	0.707185285260696	0.840458978228665	0.23005259545895	0.69995603711318
100002027	0.399876818766966	0.594971678285684	0.190257616299971	0.80935275926879
1123	0.418875920667512	0.20898104431203	0.218544843048184	0.83449921758635
100001150	0.89321092060107	0.915831060749899	0.23632833751554	0.705621452083663
100001657	0.314863081695609	0.682877688787063	0.228167165765347	0.692655819107136
310	0.23695979004684	0.324674991747361	0.195807554848975	0.821081499293305
100001314	0.346659635589844	0.130079648011224	0.212988793745015	0.585738013764283
452	0.380901486615075	0.435297126076829	0.281235941584228	0.654162037472302
144	0.129003880939975	0.0752952452193054	0.286682375527301	0.576111049742516
100001182	0.123343466917266	0.107316085557118	0.29012366501276	0.689373489935519
100015965	0.679937778461437	0.437879100152202	0.214519585112817	0.787661483707489
100006108	0.808966213002024	0.430986317298604	0.233724011377748	0.753664334917474
100001400	0.554316819934216	0.50578663178088	0.205879326461037	0.698696435530521
100004541	0.302112423479053	0.213678407844748	0.222137760970919	0.457928428556366
932	0.774446437896306	0.376049657871195	0.233689253614991	0.74017529769695
100001992	0.350563797781218	0.501451020341751	0.34094846791454	0.59338800484796
100009252	0.147405216924042	0.204507245677196	0.280068997103308	0.689738224147615
100021104	0.738905703255788	0.608625605720189	0.192863081943386	0.829784356658241
100015838	0.00849772221287758	0.0323893935769483	0.349687852829239	0.984691061844442
250	0.000568128795507681	0.0174116573479985	0.443157429466326	0.821302914542377
100002537	0.997382629315795	0.497496176264081	0.20877459173635	0.821381743436963
100001658	0.85942338764499	0.719780940784917	0.247123180460673	0.697975035923439
100020416	0.248412429724687	0.332062910560453	0.195835983397622	0.683521799409878
100006642	0.291608569185407	0.801907808497443	0.220217597785575	0.728945047667604
100001391	0.0695499569890662	0.266466515532254	0.308770943723496	0.852990589449789
825	0.544795368679363	0.664353491958203	0.204321814805227	0.719886904936832
215	0.0221140740202696	0.109729301321373	0.27429412500224	0.693768114235195
100001026	0.951353510160053	0.841420226540052	0.223816517928719	0.754727658892302
100020541	0.438550674337819	0.443032595078877	0.196100818453951	0.752737336336009
100001526	0.177219957102235	0.26030378666289	0.357715298615385	0.831879219364579
100005384	0.612906542966578	0.470874431716511	0.216264437334616	0.637245226387818
100020378	0.272653685439069	0.66356447175824	0.21623412901303	0.718242560147266
100006115	0.987925224165348	0.410610617348694	0.299314861559705	0.604024678499972
1442	0.330631352803248	0.063249875685578	0.103644153130703	0.595177462939934
100001843	0.149358377016513	0.214407836048814	0.247827674951545	0.798466235615869
100015837	0.0735402270772903	0.188678132583908	0.445111961291753	0.652202151393869
100010834	0.725925861622053	0.982516866806066	0.226982272636714	0.709232327409747
100001393	0.487236976566967	0.486117194761101	0.187048057582696	0.746203205784019
100000015	0.267494595312921	0.62445246582954	0.214470484994146	0.727545144212397
100003892	0.0371615842566734	0.0428300979709157	0.192195048361922	0.984695574351804
100000042	0.20373121893397	0.0280258772779128	0.247773352197592	0.616844669846518
100020550	0.546011131896945	0.205887433346244	0.24770803142573	0.601353217362085
182	0.415319323487618	0.33668041830234	0.218404633791982	0.732058148488796
100015723	0.122827637968239	0.399525917312871	0.22903182157377	0.692676030126585
100020343	0.369478040251393	0.441187224772343	0.201421597580638	0.713991116533308
512	0.368847864613583	0.647737020258699	0.250033483536403	0.683864176448335
100021100	0.714339758973004	0.66577975126808	0.215273925787759	0.715429240045916
100002528	0.397454432547494	0.0778755684889413	0.285712485660831	0.482623559010006
100001287	0.384448811144779	0.715582072012564	0.323525954776168	0.645006242820193
100001229	0.724101760042648	0.896624099873826	0.234927797789606	0.69990712889775
181	0.404765106463006	0.859489613900994	0.22356793186242	0.731596560610223
100015831	0.000563619865645847	0.011283150578493	0.306466299083323	0.477233553989154
100020515	0.366336110558228	0.484147272196984	0.187135084092158	0.855421785146336
327	0.292187544685684	0.314311945534624	0.279098597647888	0.665779367574669
100009394	0.625216062149245	0.714208942128786	0.211488476214459	0.744775053697173
100001596	0.993663186984628	0.279095754669929	0.209160066852282	0.550399268880127
207	0.982270516898153	0.547042478563183	0.239291839034373	0.673553629792107
2054	0.449367792106684	0.709947226523767	0.214758125959214	0.73141104483223
100020259	0.613793724938661	0.558145744086219	0.250142365112421	0.693491273130913
100020414	0.00187668378182974	0.0256522493869833	0.149616282788979	0.684644376537493
100021131	0.736056146154115	0.325788337845779	0.222539862277389	0.667674984083815
100004499	0.765195526068657	0.781704780095348	0.222738769936603	0.686599459449386
880	0.185124381172931	0.81858029276816	0.245609543083149	0.706224135474232
100002049	0.229097674167793	0.172418072399017	0.251751166244967	0.639000994043057
100001739	0.288400553082947	0.140673509053713	0.317565183011811	0.649949320625156
100001126	0.350019949500067	0.113255105501107	0.135812843683894	0.573099087932225
1113	0.79358521108352	0.932241757294139	0.234372357489179	0.70234447570822
1083	0.938432286020319	0.344090879869999	0.252858996448097	0.621961647097131
100001730	0.0737331132762189	0.185047121651686	0.266317543771089	0.582369841932062
100001412	0.5630029453891	0.949549492828362	0.226898753583684	0.717773554746629
100005996	0.69435448750496	0.610060057824269	0.219591713227462	0.682229468698755
100015962	0.00360173273976853	0.0526045788313514	0.151064437260773	0.926551970729218
100020214	0.775290762883309	0.479038525855491	0.242045080585665	0.637939328707134
100002514	0.129737864530399	0.34290819237636	0.237892660295918	0.646331564117636
564	0.25179291655215	0.0686028840303359	0.205975576946001	0.586032655813707
572	0.0328663399226253	0.0259677060974001	0.34932390178161	0.571054012714256
231	0.961430808094772	0.619392176756705	0.205317042326641	0.727569633092914
100000453	0.714118354500973	0.601873242947986	0.209379406740177	0.765394203858843
100001007	0.149958481422763	0.291314293698229	0.274491550740263	0.594990590323007
923	0.57869845091182	0.310198332321888	0.214093303126452	0.767714259854495
100001247	0.40965577211811	0.500975136796674	0.211402523440542	0.692873715544834
100000774	0.582416415328812	0.902777567198818	0.238184317175016	0.722475403399397
800	0.383031496138763	0.367569038342536	0.241000219064163	0.767981064929877
100021678	0.255658636055087	0.356216464472377	0.182455555548764	0.709264166926417
100021711	0.473184284183917	0.899388523079101	0.237494894979011	0.715031900268135
100001274	0.850361659860912	0.425255603211563	0.220389184749939	0.560448388875496
100021220	0.129608511811875	0.155939908648784	0.288484263757696	0.959409388658067
100020253	0.321785546884072	0.882255377064183	0.224679541882002	0.718851494913412
100001170	0.869719849183516	0.214471278266995	0.214022893768131	0.613876080175209
100001466	0.265660174026045	0.865054389293288	0.233919737381006	0.704447092690289
100009406	0.653654836696337	0.605730264576948	0.214500566343512	0.732518943961156
1026	0.221299026498721	0.47552928628429	0.243384599427211	0.677886156194134
100020837	0.663368700963511	0.452337506396701	0.259029572101752	0.623662801682541
100001006	0.142168524387231	0.109424799200421	0.232840555983768	0.828595984414218
100003674	0.789403661855089	0.135931852511306	0.227163055018251	0.697720571407287
100004396	0.269479928948026	0.383209148924009	0.26429191710545	0.594100483161987
100015923	0.534832984978488	0.953145840073382	0.242660210595075	0.706270474443546
100000265	0.490501363362891	0.72929071029437	0.232110823408495	0.683687576305358
100001409	0.107039129648732	0.137175696866056	0.227157215999614	0.552663843336097
100003434	0.327951866907419	0.608802115753975	0.233324092399859	0.647444151311334
100001334	0.662672491358075	0.0864343158736027	0.289806722645424	0.587517346595565
100001102	0.704679593173829	0.778144196838827	0.234796810580022	0.691139309885454
1268	0.696925008004739	0.0747073344407163	0.140882929522201	0.661781525440057
100001300	0.151450942484725	0.0518247567030577	0.185535150529548	0.71647891125651
100021324	0.146964989642338	0.59337245875441	0.320823096690903	0.697340068026348
100001617	0.0998648653331788	0.0972594767090927	0.219012163917128	0.752928966764681
1105	0.829529717368827	0.142819510348691	0.310980223993781	0.381925320151537
100021502	0.0592235423977117	0.246877633779925	0.217904921770535	0.74481977398292
2051	0.873663020235055	0.554922474554104	0.226982559038722	0.59912596820725
100001256	0.122503622300169	0.464246441873024	0.258824168374485	0.859821057306963
100005466	0.0918623800426125	0.105535762831023	0.267066723385745	0.508003762652774
100002199	0.109470613709259	0.669694793186796	0.237557702691494	0.73470880372385
338	0.0187773991789034	0.0541066082778106	0.381061723659434	0.473067963000974
100004243	0.422142883415252	0.543932940961511	0.207667315391678	0.723625871848034
799	0.5127806745347	0.870912392147033	0.228003203764323	0.707452588940258
100008928	0.421366003151038	0.0627083842280994	0.220420164114616	0.697418915575187
815	0.091028097837772	0.267764371505578	0.229512812481369	0.786399129002441
100001456	0.00751693444597588	0.0843725818953967	0.221548505456377	0.630264286908183
1242	0.0751396901506381	0.083126539754437	0.277631271287106	0.508469043031006
100001416	0.303324322743037	0.111765974236104	0.154947714475032	0.453307807967566
100001462	0.332601666124623	0.313527024941941	0.276850020278685	0.663329431217274
1087	0.0827909093421029	0.0161363811239621	0.227849386138158	0.661106965216138
100020421	0.0841897352713491	0.120225826716875	0.263678986289499	0.473901651906425
100000010	0.00491717974392	0.0479193386317471	0.243047566235431	0.764220539858606
821	0.62120774502147	0.444149720786099	0.254719742811719	0.577523588865702
100006627	0.20566252785526	0.124958852661674	0.329683664132729	0.599094293039642
100001277	0.077868886428341	0.0330052369609706	0.290011055669379	0.627990062444466
100021141	0.0333323040492318	0.170221241502625	0.257136767967755	0.819101778676816
100021105	0.176073293188278	0.275402996337109	0.242476629112196	0.516375175674734
100001950	0.000214390404356335	0.00498450367303377	0.290705042722018	0.897768089343637
100020217	0.946053501568927	0.309944646208931	0.161594294027825	0.543483241989965
100006651	0.02568255087104	0.160509223542497	0.260803675852332	0.465467223768179
881	0.791432534283979	0.354992405511952	0.208025784903914	0.72704820705177
100001509	0.75190697230816	0.166118587537104	0.202796145147918	0.629518112284682
100021709	0.615064965366093	0.826713549939075	0.221569226183838	0.71684014388721
100001635	0.295953027023393	0.0380013661205196	0.250158745582545	0.654289025648142
100002613	0.424457450779307	0.117234174698921	0.209057652018767	0.799689271396753
100009329	0.514714064615055	0.611853691258875	0.195035318595883	0.875150752184899
100021123	0.912601565161947	0.647385475385248	0.236112084958673	0.633425609861077
100015760	0.31470652689442	0.186469947550338	0.190032207186087	0.740005188154551
100020205	0.396607929370746	0.45106721006493	0.267231247732766	0.545197242380287
100000765	0.591018810405673	0.626759904835049	0.222983197083671	0.676908123299647
100004111	0.274998652247507	0.14985978798757	0.251246790113347	0.680571244392312
100001615	0.226684137277854	0.762897088105937	0.226330186675656	0.70850058624185
100009227	0.151916911794777	0.0952814702728002	0.334522178885365	0.866209669861535
100006191	0.441027833502719	0.631095093860355	0.249025373512088	0.664634700333879
100004542	0.534871557706285	0.418371292229571	0.241061735153744	0.752084098799932
100003686	0.0756194497450203	0.0303645245379664	0.391496754201815	0.596784668910918
100009232	0.0421295293637256	0.264843575107068	0.230579139145464	0.620427400765369
100001501	0.028325770108995	0.070396872831885	0.302742014790742	0.761946294712952
100002367	0.434774367253457	0.215136942698677	0.209045506957395	0.546547992777277
100001108	0.37378388720751	0.680582947672126	0.224375192898677	0.698437489124403
100004227	0.680852040289171	0.957658145868853	0.226971617160833	0.706791218383816
100001310	0.165746808075217	0.260057758891518	0.210430401254449	0.834602797336622
100001994	0.930087004227366	0.949181446481845	0.250471541883898	0.754102741318785
100015839	0.00563953019000991	0.00788787546983918	0.30110105151539	0.818587492490085
100003271	0.00486560156756362	0.0755885395815164	0.301478848364926	0.508305505532437
100020496	0.929394429189703	0.777421268416821	0.214307034285907	0.734899111933599
302	0.62979993543827	0.399314651642378	0.195210923563824	0.675754877929476
811	0.728364075931137	0.70650124671368	0.22024323957815	0.750951897510796
100001267	0.969327065363984	0.723683026903371	0.209781118184541	0.705746874313228
100001197	0.0214551877278744	0.309293647105487	0.263873127142249	0.724098031720902
432	0.225222510014579	0.472890094260519	0.244287368190817	0.69037847849114
444	0.00548412371538828	0.038603312727815	0.250082299872838	0.864380126056647
100015968	0.165480356684784	0.2136608635137	0.208103594428695	0.610666466903974
828	0.993139426879812	0.804189153927906	0.219141699425308	0.719646181774729
100004054	0.258708232138325	0.822605244603995	0.229808654451435	0.717408496574704
100004635	0.10145533575686	0.172173966811288	0.539221697337302	0.455065800184495
100000491	0.492482578754762	0.599004886017186	0.221406757805495	0.619809974193084
100000939	0.0477080903799724	0.0342863987103689	0.242935970672248	0.600992400025071
241	0.219654657575793	0.623616067361848	0.24272473906437	0.729325190465269
136	0.349901051366269	0.0667220400243417	0.195164280321917	0.902125115931519
100000792	0.611922106932117	0.960323089341267	0.231231433600226	0.75955252174739
100020973	0.568173179400279	0.646773504077699	0.241796533025851	0.68538962556602
100000936	0.690405192002722	0.904162299973984	0.226159062351755	0.711192206537057
100001313	0.0104163831362942	0.167906482575665	0.242813263782207	0.759539731331864
100001951	0.0268204886260034	0.0670931110322469	0.252715748259598	0.706840387028488
100006098	0.0309781907393259	0.120212896732596	0.265177604030332	0.811347773002261
100000007	0.162049380162907	0.440907737142978	0.231857667539027	0.719830694749165
100006641	0.835666695691654	0.845917663519727	0.248178547893899	0.711161621088716
913	0.0130968974992335	0.0665468294572333	0.287528290376354	0.573357553056534
100001579	0.266723872869351	0.143463854755721	0.271194898207486	0.714975357052685
100002911	0.161183625167755	0.0144089031375796	0.304908049842639	0.66462952476421
100001293	0.212309818998014	0.327204870477	0.19270073146959	0.867203687843145
100002241	0.242553431957567	0.55003238548578	0.240495293854612	0.679693705609303
100003179	0.370422332355257	0.0754702040837177	0.213300332912826	0.557592805461996
100021372	0.197574718871551	0.142136353633052	0.145222465251764	0.724359912812524
100001956	0.37775945036908	0.570800253602757	0.229807084592395	0.632571951453656
100021162	0.17744147890806	0.145150337827127	0.211995605331157	0.521175262805873
100002259	0.327929061917497	0.579997936652329	0.20578423166275	0.702532405018583
252	0.44773815543839	0.639532581424264	0.261023119469661	0.660122363627767
100000707	0.331132974331699	0.280335284756725	0.218870350791024	0.722194801959411
1489	0.656245097843123	0.0195775207877754	0.164701551550861	0.680761774265452
100020361	0.0197427709526934	0.0692829539848255	0.250863664670572	0.976918878669923
55	0.723263162023241	0.894258013916016	0.224871558959811	0.720617963248424
100000863	0.2685448295723	0.256525643806533	0.196348948872389	0.7477958102455
100015840	0.0865360184970305	0.0624752001456233	0.306893848343501	0.670523235062128
100001541	0.152309996526157	0.078421560186073	0.149589550889872	0.701386295408479
100006082	0.142943992210371	0.0550452183675039	0.304217616577618	0.702532128868282
1254	0.726860482406102	0.854817276186918	0.225690116694305	0.738388895915359
100001624	0.430673542996694	0.322154798056737	0.209271382459935	0.686077810535714
100015850	0.891929407219037	0.494886150669333	0.293558396263161	0.665411273672958
100001104	0.00235519340312417	0.0116047337495863	0.252033924444789	0.99139060156057
100000900	0.16119071593738	0.462361382645924	0.23618640318319	0.713056874577437
100000269	0.271051987605424	0.0955982966493735	0.139678860228464	0.662378218714713
1022	0.178002717853937	0.934681791221491	0.225837176074466	0.715107573048937
100005373	0.246029178209727	0.0875850834065647	0.204609269180318	0.739457123255336
100001129	0.120778372412191	0.678756330363659	0.21782158658351	0.743620684597404
935	0.0139710312610092	0.136909991036346	0.301194777364745	0.573211529214883
100001262	0.188214917752797	0.228873487981464	0.238354145355394	0.734347884350675
100019978	0.294106452557537	0.645653926314762	0.222543079154049	0.696769823492558
100002293	0.670004957763033	0.736965868054592	0.229874478279958	0.712125280256026
100001426	0.238788672591644	0.304346708788824	0.233007374969307	0.555342948275802
234	0.0485796864624339	0.1777899144695	0.228625776270564	0.685476588447233
100005403	0.246984830928046	0.994406723696512	0.233477751047694	0.713549662208743
100001083	0.0326239277650575	0.292334272250844	0.24832601343186	0.735618131772469
439	0.375860163103376	0.15505235163711	0.247696460889506	0.70130382511757
100001086	0.383548109741388	0.449340640126654	0.240133902696242	0.784685184684763
100005864	0.695118027050825	0.429746138311263	0.205445752806648	0.782593940014749
491	0.541855319707562	0.924510095499677	0.225751340634744	0.711160698148168
100002029	0.41259073717985	0.379504935632072	0.214231621906433	0.559363695129582
100002154	0.756265145458654	0.424764193639381	0.194952382969639	0.686043603230298
891	0.131836806281704	0.0475424183517348	0.263929475496465	0.646009241782327
100020261	0.354912333247431	0.442054373008503	0.276881695904211	0.682095889816363
100001296	0.58951830711928	0.538400922468155	0.230835680468585	0.614078287434929
2050	0.602157222938675	0.447693963391684	0.24746411573224	0.637112393872224
100002761	0.350920834320427	0.657532581707538	0.196460427784005	0.853032303428945
100006614	0.69722767093286	0.71707796006578	0.213653620262684	0.766030285478533
100001597	0.957302764194167	0.13162877374712	0.140151318593965	0.510603366143458
100020853	0.755027027885103	0.864812774633804	0.229959715787937	0.719839691732803
100001446	0.228167960679607	0.357551683378621	0.196363902705046	0.701527425023016
100003240	0.0472718804429411	0.0187450217157936	0.278091216465744	0.544626251549399
100001502	0.0423359594941189	0.266194797059661	0.279806467223548	0.792576148641404
100020866	0.119420199761082	0.012823211799464	0.138651381090858	0.518007784661294
100020419	0.0399947181883413	0.105607746354237	0.251087476101544	0.456749280661329
35	0.611509560013223	0.34091152606594	0.208559355590393	0.660168576383036
100003696	0.00922277579472717	0.0456186405654931	0.341406266634288	0.647643795855865
100016038	0.714629285701828	0.983812815516817	0.226421092029407	0.711366759696848
100009333	0.242802234798811	0.197593091624841	0.229269278390367	0.734296814750927
100001611	0.155030834676745	0.334821342997329	0.301377518542769	0.686583025249568
100005383	0.70558882164227	0.31750265599654	0.235898286773253	0.750921614503246
100009239	0.293904029610834	0.132940657251832	0.290223057799933	0.525120013577806
100009332	0.419199454697651	0.289347134299715	0.23087926535869	0.672311640852244
100001731	0.132465681978605	0.588223722176366	0.233306709738939	0.681552193143282
100003415	0.417857038078987	0.506092188534586	0.224286014325642	0.722629258329065
100020578	0.118136948563505	0.178727048385121	0.209615971915136	0.598296395593868
893	0.915083171674117	0.490459774844304	0.223254021428997	0.723659945105383
100000963	0.323459904557179	0.223341931440533	0.30076162933966	0.514096127156445
273	0.15562295584306	0.333031481630908	0.267866038378872	0.705237459865346
197	0.599003308511398	0.499793003023392	0.224152779669388	0.60616715152247
100000808	0.301075047291474	0.221464247007037	0.21279611662901	0.875855334940388
100002284	0.781792859170204	0.337003229327559	0.140486648961553	0.646262606168276
888	0.986056461825399	0.11047165795114	0.251100812248448	0.689568930889722
100006435	0.55217417053471	0.341559361866372	0.174318103077307	0.992243266447899
100006374	0.214506376924007	0.56438688025056	0.234812196698201	0.699461104050063
100003169	0.564117783652827	0.949757855533064	0.225090404771041	0.707170220132842
1004	0.754702927924723	0.872716858858171	0.221447232474995	0.698247707163847
100005998	0.0868601802087034	0.871190154795836	0.244160203411988	0.719350520847462
100000773	0.683400313035745	0.561868057741879	0.23138722354853	0.693370869305964
100010850	0.021466662037793	0.137237060689261	0.273691160607776	0.588722831865901
397	0.758906173130243	0.410674919140321	0.173916884419934	0.768507024584289
100000039	0.088325830815597	0.241110564585494	0.185420886713875	0.76254313257013
100020833	0.76375427173006	0.756612785132986	0.233403428702176	0.754447459424038
1021	0.344873344480075	0.312304297945955	0.208939220594383	0.752461170461193
100020479	0.373950877091433	0.580457246735992	0.230739003987549	0.721323053128259
100001335	0.230705363863916	0.150434935463962	0.272408176774686	0.655891562821445
100000743	0.561295109674621	0.973426837813678	0.226393283301904	0.713104762754442
100009246	0.165262011090875	0.620121582877755	0.216917682028795	0.744789560421791
878	0.222795282238071	0.727548336508703	0.21636554473203	0.725986281502299
100021103	0.652190623945161	0.887169740980794	0.242649090696618	0.774279405052919
100021363	0.236619194356925	0.556326671713924	0.209715095745893	0.753275405162629
266	0.113285465603281	0.1926640711652	0.228952791561267	0.629369996693321
100001195	0.153415390465224	0.118989147625585	0.318017713627782	0.602442615707605
100019801	0.79559758822614	0.725451418722455	0.236963901689633	0.697356304756878
100002196	0.0326553970455485	0.244815585836008	0.237499548275074	0.72264798066995
100006370	0.35599038182939	0.913782657598074	0.231250880955408	0.704431684105711
100001510	0.0218897256547807	0.00304620489320125	0.18221687647856	0.81821366686817
100000437	0.444772613446307	0.37749218511047	0.210669822397855	0.795579466974224
100001767	0.130725121773633	0.0304489760792926	0.287245314512421	0.781740286437188
100001810	0.365908616589539	0.467947773614639	0.238123438578098	0.881159228918805
209	0.0435863222137636	0.385070339650281	0.263257054279921	0.695724145105602
100001485	0.337019888263259	0.110961913890178	0.139898983177819	0.638228850465125
100002500	0.127230444459508	0.451708363924294	0.230844475088932	0.680326632294386
171	0.0351896390086877	0.0257125045722066	0.169507683380582	0.711042753449665
100020487	0.810655154356724	0.989400430445729	0.234173296706914	0.722783079984531
1206	0.00709980390523531	0.114549491380261	0.228836868811888	0.76465985720909
344	0.0199386363102911	0.0420471551923125	0.491613629148138	0.792268695774615
100001405	0.746517277635752	0.855157247711973	0.223122511224594	0.728935031196792
1239	0.395619397993774	0.192633412241221	0.286593600186504	0.72366701125871
391	0.0793867082077025	0.209917212216691	0.214476556931843	0.909779625815138
100006430	0.514950182297941	0.218000821926685	0.287653261050692	0.459965462249632
100001417	0.891872554935274	0.471888024559518	0.214793586777811	0.830293694039226
100002951	0.0609003004941892	0.477031378148589	0.22441610746673	0.627136978866581
100000014	0.383294936495661	0.547827523169728	0.219774755007137	0.755288518455468
100003926	0.247330868968896	0.233536030017851	0.256805184599083	0.672473507836802
100021538	0.526498304367088	0.386684787528223	0.268869286877114	0.624541569486515
132	0.332073298927719	0.937430879608384	0.227792723951564	0.709644636754858
100001425	0.613456770376662	0.575587677434881	0.284723550130832	0.651678289441286
100020262	0.57849443727145	0.645169240392167	0.245277017018179	0.696415711735436
100002679	0.432732994664678	0.737086314754657	0.217186821351599	0.771540328191452
100001270	0.641048638393079	0.628518114056972	0.233163452338657	0.688933307251575
1102	0.700691592606402	0.910638375990877	0.224078145484825	0.724732967339625
331	0.36282346896186	0.252090721206109	0.193572158451767	0.607498632060625
100006361	0.454636750011586	0.558454126320315	0.204846120827336	0.796764044354085
180	0.98278976084228	0.807191684019212	0.245140188796857	0.705051505667065
1053	0.261848253777282	0.434916972749345	0.358864133093619	0.780680905993553
100001359	0.584963856254516	0.885540599266289	0.239577984365652	0.691726550621274
