chemID	simpleLRM_Fstatistics	multiLRM(chem_sig)	multiLRM(sex_sig)	multiLRM(age_sig)
100021136	0.0235378511703747	0.227321028342593	0.309887244441937	0.786122529536829
100000882	0.826731071822403	0.652546299870392	0.294973265289844	0.658651738681577
409	0.0612992211531617	0.105236872606077	0.341598153543529	0.396803860068284
100002254	0.759729332135911	0.0571929549432216	0.19706527051674	0.672992779914265
361	0.00690267544648318	0.112343558405998	0.208685951070901	0.653427424209712
100019975	0.569094881719909	0.630290092553378	0.284815431967447	0.706533849258834
100000257	0.00052469016700672	0.0189223214321393	0.29257686620729	0.611101694295578
100001232	0.986248340750743	0.943250324486355	0.291990328845846	0.682301053608481
100001948	0.338407850139834	0.274210836268232	0.303451604523787	0.521942557188595
100001073	0.613057732308641	0.66614467233778	0.351412981566315	0.611645576923012
100015637	0.93001514333242	0.425285278184342	0.302832492224271	0.679906706800667
100006360	0.722077202536004	0.974624955772471	0.287014291909396	0.687336674703583
1488	0.632614531009613	0.855489587398805	0.283803838420698	0.67750457793371
100002253	0.805499048321133	0.874546536146479	0.278663705060847	0.702897724865152
1023	0.96524359341793	0.83844578114598	0.280588917378469	0.677157413490246
100004284	0.675174432504991	0.788472461745029	0.276990540329246	0.694748438209291
100001251	0.663191228307783	0.997930401295634	0.28330441999496	0.685981739969923
362	0.695020885962751	0.484985471119744	0.256211967897599	0.682141454010188
100006620	0.767843111469382	0.870730288063504	0.283589359791593	0.68990300396148
111	0.344956647175152	0.146121026078316	0.23991045537528	0.655002140215679
100009045	0.626894798214697	0.222394286061448	0.228328003949886	0.860679874069953
100002927	0.736035866411809	0.891028144670175	0.278926599100047	0.701516576967391
100015641	0.794939462994806	0.940738085848127	0.281113085638423	0.691704567511908
1114	0.115863946551036	0.904344440663331	0.285844590171821	0.681682435896039
100020409	0.359304916392963	0.405846049629388	0.284997875610409	0.566694401267928
158	0.15410746259062	0.332324529441429	0.33989500621616	0.714712492607607
1224	0.0489655953068995	0.208495873180305	0.225540941242149	0.718669732713235
100001620	0.485787816922406	0.390412165124636	0.244334753645346	0.692471207777281
100020893	0.248601071329629	0.0325481482003616	0.26373616438096	0.376174042090393
100002458	0.760513575077845	0.452459502759392	0.333179264758238	0.616780134683767
100001112	0.802970028219663	0.965323913163859	0.282344311695545	0.691603715169939
100002953	0.414653855136514	0.828174285992422	0.279059428721436	0.697276407203967
1141	0.368156331986755	0.024176485406561	0.36111939483613	0.498537861221484
100015834	0.463598882228817	0.972267053170138	0.282546245540932	0.684880415555665
100004561	0.659206029309142	0.894846534178208	0.281076236563473	0.690476930903719
100020497	0.800515530318432	0.741885197550646	0.268785468014183	0.710723538138502
498	0.0471225831785828	0.367283866252987	0.283226337700254	0.749780737110343
100006051	0.847624439766221	0.830275021781631	0.287128730563202	0.681409213097213
1668	0.565646269594643	0.73925938561075	0.280703429316744	0.654743462948834
100004523	0.430753140265807	0.93350452456328	0.287796843393066	0.680173812898645
100001604	0.26158274160358	0.608841887423335	0.278354319294574	0.722451013227505
100001002	0.134048830770161	0.369132055374674	0.299284393281318	0.670025147875306
100001987	0.0603606431879521	0.265248013595676	0.81050983860658	0.547173766683868
100002462	0.628842531784901	0.36984918080094	0.337474498838028	0.573633594981364
466	0.580716495216548	0.0553847312775067	0.311903585241864	0.661397356475942
100000665	0.89015498469081	0.417677576968674	0.319207448807381	0.628451074722423
445	0.969976015576601	0.402895192897114	0.311365617458725	0.741287860543655
2029	0.247880129511997	0.867249216107981	0.277753076098122	0.686807305457728
100006438	0.140031797219623	0.307484647292859	0.323179423430991	0.696099753366157
100001398	0.159543920474338	0.635179232574768	0.26631247599321	0.702978565164547
235	0.382425539830957	0.347102359689854	0.242838397672317	0.730498138063052
100000997	0.673465150605757	0.658400680334526	0.286457987873785	0.659983336718407
100002094	0.241638416574433	0.181361206731867	0.235493158645948	0.542729621978716
1052	0.634219889483782	0.948015712858299	0.286190805107275	0.70283235067095
100020823	0.31427899490323	0.592802341808972	0.266901938588805	0.674158915219289
100001806	0.289867202380432	0.690490772405334	0.321606159876717	0.694105209116443
100006092	0.920320258402547	0.871667923742622	0.27766836502155	0.699614982722508
100001415	0.0824272966301492	0.0426819775664946	0.297606125748117	0.36394600745589
100000008	0.0310647796367787	0.0441419032443461	0.320164515482967	0.50400026152838
565	0.00886857906264326	0.0796841953420096	0.283249706129515	0.750964815787005
100015851	0.157188635654151	0.19686591656248	0.355618025694949	0.825952254740384
100001866	0.56747158313152	0.987986721963325	0.287096120038677	0.693240830452779
100020546	0.00257912627480694	0.0316010877016216	0.508393837676063	0.875537829596276
100016110	0.490650951147756	0.273750376071927	0.213006310364862	0.82121784155021
100001254	0.00339396393959942	0.0160186737725367	0.360587812073311	0.891992648101461
100006260	0.42400685149282	0.918607957447961	0.284318418689673	0.685107834975706
826	0.673601820010251	0.887515649915415	0.282833373970627	0.682397110659051
100001872	0.449372513391859	0.848399550606955	0.283426748777738	0.685642217293963
100000263	0.355064489423551	0.397568838541222	0.343799401271021	0.681790918920681
100021198	0.823881259730148	0.0503466671054169	0.19091679483565	0.39388726377556
100015967	0.0345419450053229	0.0928627514739853	0.352160357911838	0.507320908867802
278	0.114206379845048	0.162825908052443	0.258966629104833	0.964881006923281
519	0.776840574778249	0.377592322847233	0.333270700205058	0.627679519250348
100009337	0.117253005168106	0.377779146854018	0.368609413897856	0.67296012773853
100002185	0.310232828268924	0.912248983835896	0.291616888317084	0.699010137500206
100001278	0.395991720296655	0.290000613731424	0.346249337720698	0.638880627882279
100002103	0.819682920458159	0.620370976814504	0.283193165919551	0.638244326811939
980	0.815854654477336	0.483806371499114	0.309808756921983	0.668504631638576
100000016	0.758526557349703	0.258473834501991	0.275942632334066	0.653079428981784
100020372	0.211747348964819	0.705712825735719	0.282255327265521	0.651876390519075
100001662	0.753687039842824	0.151852662561927	0.117666928998095	0.699750471875065
100019972	0.968295569587934	0.591949652122584	0.293278393214123	0.669151575519179
254	0.763554071815852	0.701688448390637	0.279328871711238	0.691074214327288
100002009	0.66024489210778	0.719310880922639	0.279715087736561	0.620307999724531
100010895	0.419289348780129	0.478568427801187	0.330751743974773	0.665560224221592
1140	0.889162173479442	0.989443736928095	0.281659279327574	0.689426968423658
100008951	0.644016165268854	0.554894948900898	0.300731986885773	0.650469811143396
1084	0.40073029441269	0.977822730017994	0.282664842413152	0.696442954177844
100002796	0.105776048725964	0.377227337458956	0.248945030547853	0.632509700129147
358	0.958378192350911	0.971966361670435	0.28207834413506	0.68691494255796
100002070	0.86080284784505	0.776013580606841	0.276011613850349	0.710822567668744
1628	0.300810420566963	0.045154228234638	0.359452886394195	0.678395671957369
823	0.722465415584015	0.574589290519948	0.251881744613434	0.738968714215268
100004414	0.42657282298005	0.0512882035763938	0.378299035502114	0.83827618835037
100006129	0.682012202301878	0.671031658453868	0.264704046041966	0.703109162577964
100002028	0.684323849489062	0.450586636437738	0.3834318794424	0.495304532029299
100021707	0.538662938346963	0.832086911287321	0.27361426937593	0.708725724820235
100000054	0.481818105014806	0.414682156515192	0.275974366369521	0.711037586193525
100010869	0.432776685298163	0.136689651263507	0.292520611667345	0.531180979726016
100004575	0.0271606222079417	0.0934599593069489	0.348703594819534	0.965071408208192
100001212	0.988552313735014	0.625855187577672	0.286913878776037	0.617166716374226
818	0.159412818721996	0.346170470025333	0.34847809159903	0.609818365725533
100001092	0.00163924057187904	0.0273334955061402	0.278812713368739	0.66933483380534
100020371	0.911905900093941	0.966014979263202	0.283320823457797	0.685730098497301
100004112	0.133563177522063	0.346944895159234	0.314050854529913	0.690370198949485
1125	0.437211511243586	0.268421070362639	0.314606202049325	0.733066033592602
100020491	0.970226672633489	0.618277300723598	0.251663345417409	0.698733466808544
100003151	0.00192024235925135	0.0180091996680328	0.416011836284573	0.576030690093162
100000011	0.332751546341873	0.159048103310533	0.212417295563877	0.790519638251314
100003594	0.478378526631949	0.958543001071051	0.284349750745648	0.684183594349413
806	0.744126803930007	0.108757413471627	0.277496778880492	0.472573218679599
100001211	0.80404974507447	0.283044905108786	0.299742722730796	0.654263798889854
100002417	0.659292070700809	0.416957000367242	0.269136998019298	0.636116890840524
100009335	0.587741386843915	0.245163051047184	0.235298524156789	0.707462635674147
100000781	0.703307111257909	0.956018971589804	0.281357276743558	0.684976234480782
803	0.0302691219707153	0.0419538983149532	0.27743451287439	0.559932514634743
50	0.500537525956765	0.715448720520305	0.288033170416699	0.671532084982722
796	0.409642418809882	0.0316548016751702	0.315521486952308	0.67329633382177
100005834	0.959715752074947	0.648290872656596	0.32846945311056	0.680510212071489
100001580	0.988263810214256	0.547974810149898	0.303222919270852	0.687366424663437
480	0.779189988196033	0.60701085124021	0.252984915582916	0.693386002417528
100001540	0.243904147180515	0.710867080067907	0.363168205262596	0.771366808045743
339	0.533044460241828	0.0908516093970902	0.258043066801734	0.5876333131417
1110	0.82310581224626	0.659157121106175	0.295605551807837	0.607933700349588
100015836	0.17354793301453	0.181387882705243	0.410302304237023	0.857290853286461
100009271	0.522235660830695	0.493404666339254	0.319815303238909	0.663571609167632
100015638	0.996730679246054	0.41166611661966	0.298032310491079	0.665272028983355
100021667	0.879754560362914	0.291261769718915	0.332197611470947	0.667122925615606
100001279	0.604250949598045	0.364692485582223	0.307440695327368	0.807810710760947
100004208	0.0232063349004559	0.175506001832118	0.406686949873712	0.787465343071195
100003695	0.211128378074075	0.138462847825763	0.30958855242329	0.467660519813832
100000802	0.814133031470255	0.861176753804572	0.286061550802942	0.680319651369586
100002769	0.973030041475998	0.1648613730939	0.215663545044616	0.782994582423078
100015835	0.0968845506872563	0.229681925326543	0.435291703352803	0.913325560816601
229	0.864646422392142	0.3482960168371	0.319798735799095	0.679609281210276
100001266	0.00634815279546974	0.0241933742748966	0.350007581201239	0.995028106025711
1342	0.29706361575235	0.353682763066051	0.241987562128991	0.705670719370053
100002102	0.912819301427352	0.724394662620989	0.307224330761594	0.745261110419555
100020254	0.178067608846138	0.687837436467432	0.277742512926849	0.70508748584191
1231	0.475200582457841	0.238717514151518	0.339207353761511	0.636414423191742
100020492	0.959501525450836	0.995660043142896	0.284212185742155	0.685911909456175
100001402	0.359550024381961	0.481145429978356	0.320362776353551	0.691822059746618
415	0.00656076062655702	0.114391650734049	0.322827020072668	0.741820847734504
100003109	0.991828550199424	0.968785088562088	0.283296162790486	0.685701418620939
275	0.552113042929677	0.811832135232355	0.274795068678901	0.671383016984889
1143	0.20390233559891	0.146834438820897	0.267279364721838	0.758799172403952
279	0.363418113410936	0.294719432321322	0.286505991793922	0.537890467277398
100001198	0.979247732072123	0.891802120610374	0.278273807884897	0.697414852105627
1648	0.258544183434744	0.453264564631579	0.277769113748547	0.706004532391329
100001590	0.341413165448045	0.298515626984697	0.269421380348448	0.610897888115484
100001733	0.393441547891143	0.898858027672269	0.279867333901676	0.696645175427488
100008933	0.012791579066077	0.00107470700714592	0.397024510504698	0.636550585662583
100001550	0.345477989172016	0.441464300177602	0.264417160175094	0.63014532886682
1215	0.0598941027240395	0.191372825128808	0.235896983295347	0.637226498399935
100002356	0.264479633971266	0.0955229427504371	0.344091411373358	0.691710793940047
100002749	0.701770057577651	0.776071528639779	0.285329548683972	0.693320255099603
100006379	0.15179475997038	0.153809047485706	0.334898281407192	0.42709085405587
100015966	0.0779114006930034	0.157140516170126	0.309166287889618	0.510716701724947
100001392	0.672931080685803	0.925246821966862	0.284767174428629	0.684270527402591
100020425	0.104871132121243	0.0258675239995331	0.233906119627412	0.420092841087902
100004299	0.318102760831866	0.846883163295087	0.295732009904584	0.725131051542601
100001734	0.483117272212493	0.319522996522571	0.307271542318492	0.590329852190723
1002	0.850108009669934	0.812614316297979	0.28407453428262	0.684567084476229
100001337	0.288225496497552	0.764172498115294	0.265883629483736	0.688866550081631
100001452	0.772574907084332	0.812397663483524	0.28054007206645	0.66499544560177
314	0.521150626537491	0.362059124561639	0.293972230819508	0.70489381114533
100009264	0.985524534771367	0.509260956438168	0.220046034828803	0.816287360661778
100004634	0.448610226929923	0.51102917076789	0.254410035039425	0.703390453072421
100000711	0.808100725239374	0.885282632215045	0.295800785171907	0.694968846302948
100020536	0.024913315325372	0.160048753191133	0.340448506429657	0.766991240082641
100004318	0.278400996648907	0.518831604177791	0.293954668617387	0.677571387038007
100005850	0.873751480220192	0.362210230050767	0.372921081396335	0.621995076651798
100006619	0.308586313984241	0.129023055166935	0.324416393667098	0.670198208714809
356	0.519035683030554	0.750455997313143	0.273701843575891	0.699439232001042
1221	0.587626681852936	0.572702828260192	0.361789151820158	0.72643625471687
100001397	0.659215283786429	0.49348454676631	0.281380720616714	0.669038356484152
100019981	0.708986958877752	0.847606411686745	0.279592609152172	0.669294440486578
100001208	0.440152178778225	0.234682567247619	0.242531991825868	0.982543187604561
503	0.0133632828401765	0.0154389136947416	0.173230255918651	0.541581513691283
100006375	0.13962286873304	0.619097770321242	0.305850935939876	0.6656329779916
100001295	0.780178556916236	0.677944887512412	0.274657176720217	0.763637004578139
100020427	0.0434349968621372	0.0132438376206509	0.269879786398567	0.363148528068414
100002784	0.495601384550871	0.346975782186751	0.238973540446387	0.757220056384761
917	0.0503035843660544	0.170789433899699	0.309598827453741	0.634331312104198
1869	0.369120797731624	0.190641453568666	0.308022310557782	0.56307639119491
240	0.232289760661333	0.095180753428116	0.177724292891222	0.484754330700199
798	0.00332948821678419	0.0558574547100306	0.43659068385818	0.607202466182217
100002952	0.258691875708475	0.438172534697935	0.283250015249618	0.773414269344941
98	0.615024922707138	0.764130030781671	0.302452102217446	0.694705056993773
100008998	0.324248576828043	0.391104258544526	0.230536137365671	0.745623373463835
477	0.827556257507381	0.324878673118504	0.288108578629606	0.681780347230171
100020545	0.0883272737859513	0.171093114913014	0.326894766044242	0.835285947417757
100021666	0.936111251867908	0.263456325755069	0.319821098266802	0.678416761059066
1256	0.591000741383057	0.822521640408008	0.309592212020363	0.708771699709959
533	0.34653025593651	0.0973957357883014	0.207926418819622	0.453209867419733
100001757	0.454267355311366	0.97040928938423	0.286623698147013	0.684951631487431
1024	0.317790662277223	0.0741408552767032	0.180597554574222	0.820848219566016
267	0.500012368325866	0.825643651692114	0.290540903291118	0.678053991159226
100002113	0.143256351882625	0.186108191871864	0.27184738079976	0.708800981792719
100001756	0.858320471043023	0.703765854860117	0.294477779731924	0.707704295836115
100001193	0.435136473489641	0.159095725067203	0.355908870473035	0.629033790165783
100001668	0.726771251764622	0.875268346307801	0.286271431923581	0.677613607501056
1124	0.381133519255164	0.422130555884423	0.255429619002488	0.761110913316558
100021331	0.167180282476341	0.332539430306507	0.266990300830822	0.723974445929767
1090	0.0637377022377178	0.0400343979605079	0.265455802295448	0.833944273382703
566	0.807010052514099	0.368248132352874	0.21904249929568	0.689608877996327
100003119	0.427171634261069	0.231854895290431	0.321502459027022	0.614576887742751
100006367	0.722224607687003	0.490962770152275	0.295563739529577	0.661554180646563
100004322	0.22438025074945	0.264771351694909	0.290743294260559	0.763975142819549
100001034	0.677481673887015	0.818633114866062	0.279478015135954	0.677498133144003
112	0.728403317149737	0.406392948060084	0.293360840192977	0.532741572816333
507	0.727010628053858	0.768372357183139	0.281679840744575	0.692444045016092
100009233	0.349380965122915	0.234312432436552	0.26149732018867	0.703670840069069
100000406	0.0167773269462839	0.138103316693541	0.437743591509428	0.497522838341804
100004046	0.362555744704673	0.351381011655006	0.168306434332917	0.61591339301646
1025	0.780771721117343	0.732386982321665	0.273745937000815	0.702381018003105
100001106	0.157388695366283	0.155268820849333	0.236613306554343	0.71424863565672
1128	0.0243959768054863	0.543358437295155	0.314474513533283	0.737603438817263
561	0.0441101095350852	0.18591448172231	0.202630668067557	0.603673038809598
100001614	0.831951978454427	0.304869650412302	0.30009179677741	0.657589650208164
100000961	0.948070112193193	0.662469035423829	0.248201549846577	0.760051627439675
100002397	0.81741138519018	0.417724359149504	0.283506882742458	0.579806965548996
100009407	0.92060381441716	0.865609023298861	0.276540737630611	0.700393496840667
100002910	0.855599456778296	0.692167303779147	0.265319419772313	0.639523112999745
100005946	0.258628801381911	0.327210264149807	0.325477046162717	0.789011043466974
100019794	0.0943748410310852	0.293107993881954	0.28121075703159	0.846763447454954
100015759	0.357759660464315	0.122568388764576	0.242685003677974	0.691719334813303
100020417	0.685528201561018	0.442625415139289	0.257655084573732	0.653385727097168
100001054	0.751660731591193	0.877201686743262	0.289809340975105	0.687093990360624
100001437	0.316399436835446	0.340830849069066	0.238167723903715	0.616763601838475
504	0.253888511697085	0.737559881097225	0.324356437037247	0.69572298999008
100001988	0.459998469284766	0.651724847578813	0.277421371155175	0.838720279736754
1082	0.0324612375999549	0.76685727107756	0.300101511667043	0.704433988867377
100001403	0.290173470179276	0.282179391141683	0.322287766498236	0.662065375526607
100001664	0.983289086619844	0.682186966149555	0.272224414797921	0.808799510824719
461	0.226321977904176	0.115997764205996	0.492274954608092	0.656055425026847
100000463	0.699674571578007	0.946299408526191	0.284098401244273	0.685523938684916
100020208	0.617169075797457	0.618811731327089	0.309709849941968	0.601267723573891
381	0.57432933640667	0.0793732621899704	0.131703227006768	0.533056551057269
100010901	0.0920643069147902	0.087093683578943	0.280457526584351	0.797269709041167
100001468	0.23909611819624	0.906485087829362	0.279057519818816	0.710861223560664
100000840	0.930136749383777	0.869570730637583	0.281123321613845	0.700759814693243
100020014	0.238340079698588	0.613079073993699	0.277835083077335	0.699740868088916
100001993	0.763345520428452	0.606097504502056	0.235877262468667	0.836708892225042
100001051	0.09546201497031	0.0134091466812097	0.314622205525694	0.354452576930728
100006116	0.386095146971903	0.518246114709773	0.286815662811613	0.68725541148872
1108	0.960596644151455	0.93027310247108	0.281226623957037	0.694604152155949
100019966	0.379120761620972	0.151441140208812	0.339094827874358	0.652586074592062
100001743	0.599558560889295	0.38145055268259	0.276559118047088	0.666619937966823
100001294	0.111680285188036	0.154437451110659	0.194363736796802	0.754276044593257
100001609	0.285518691769189	0.122603335344672	0.263454465546676	0.778492725928981
418	0.741534684447167	0.911727594500513	0.287650868877228	0.67796771118185
100001178	0.369216259601096	0.852119530002658	0.278743408393733	0.667433935347528
189	0.971009756426476	0.716975621611166	0.262885505832461	0.657446531622196
563	0.471225055473572	0.905344273956585	0.292376167741749	0.67909952379452
424	0.635239924379852	0.519608097811854	0.311282746158577	0.669676684471048
100000776	0.133662335922308	0.320297978782956	0.317582749622861	0.694921100418972
1001	0.801659048391408	0.152148980584508	0.299269884460509	0.696958012057349
1135	0.319431616555289	0.0834086510346751	0.274233370747823	0.747266476781841
100021093	0.350232701868844	0.471045615791913	0.328798064600537	0.710167088493076
100020219	0.125677491183573	0.305780451818852	0.297907503050314	0.589510548202082
194	0.487317839393487	0.7097019643536	0.297362723603581	0.633571444513828
100008930	0.741922767342877	0.702483833999555	0.302818246782868	0.670268923990876
340	0.625091881613743	0.216083610305927	0.170446749108444	0.778577018660104
100010896	0.881306938800772	0.889274928424526	0.278919119157722	0.688995314003925
100000787	0.203761779739151	0.103114069953045	0.282147776868152	0.39354141670215
100000639	0.0326479419131118	0.265044694479629	0.259623243425376	0.688472434411627
100001851	0.913614278686041	0.158007672897176	0.321670885750507	0.417193772112013
179	0.707908381524843	0.271090047018315	0.269687468374452	0.724253216383541
100000626	0.387809104314468	0.746481296066326	0.29547878116496	0.685259241191075
100001605	0.0119153300927596	0.127318208831436	0.356444561756167	0.76391853569042
330	0.206743749100098	0.315538058296901	0.325975523717717	0.518740060201099
100001162	0.775919060580309	0.531202412645999	0.249842598302339	0.648433713188395
100001167	0.0281599395806473	0.153920240060098	0.286396908416116	0.657910769133828
100002067	0.587052328931504	0.823051349516222	0.350748932148119	0.644790733517436
100019968	0.664723700774441	0.401092875038225	0.313465919368364	0.626015034619848
100002014	0.941582256594156	0.948995169424384	0.282179258322531	0.721971984650247
100004083	0.459735330491828	0.138197624981108	0.313522042364734	0.554962457475482
100001315	0.307517115001407	0.377060349234023	0.295922609330639	0.756533526199185
535	0.156864651327796	0.277833611035583	0.320699505839392	0.679941157589783
93	0.36966176222461	0.175840690047027	0.331231280740447	0.494568693608388
100001989	0.357369605095006	0.643223269540225	0.262847312646853	0.726152808341091
100001740	0.760416402559773	0.387070503355849	0.256557939929243	0.708012138840146
482	0.177177112800898	0.877118965822825	0.28417378434718	0.671849668253101
1629	0.169583494362694	0.113589858276312	0.390184080057404	0.652944997715021
100001399	0.433359169798272	0.330549435470359	0.303708140000039	0.684113179119832
376	0.865649956900934	0.205761150858813	0.186400161267884	0.781134115305149
342	0.470414621111834	0.930618820653125	0.283009588317453	0.685390947142375
100001253	0.0253293522610333	0.184884680076114	0.237290417671979	0.897922784393379
100000708	0.629451081776187	0.788943449975388	0.299647705370353	0.69352279666301
244	0.177198199063223	0.0386301140859618	0.236866353775525	0.80673351204476
100006726	0.393711194607917	0.255513583490192	0.337212674779784	0.667113672514507
100000036	0.151810423955647	0.712367731527587	0.2675048578807	0.716736151985793
100001257	0.0224056388372677	0.0812916618655821	0.386646870535301	0.956060827019183
100000445	0.594262938446568	0.660818660855536	0.305731677492045	0.649508243105705
100004088	0.00409680476942594	0.130189522947547	0.325483192878137	0.757836248039698
100001423	0.988319344558612	0.734794974386809	0.28753556550089	0.657184767195313
100001276	0.331625986562212	0.237112988445945	0.258825672950976	0.593188600423457
100001876	0.764713009425833	0.914993666235579	0.280109731762448	0.688965559075536
100009082	0.642914486802932	0.0323249938980757	0.120150435735878	0.681341912702191
100001121	0.336246885521618	0.744404653427063	0.278844714635716	0.681918984616909
117	0.323109721752676	0.663052162561266	0.267570265108767	0.704202742679654
100001868	0.0397376227022383	0.130686138434771	0.330035117499954	0.695080423348366
1134	0.604715008964443	0.184900691257387	0.170828550200534	0.648976066874536
100021012	0.251079337946667	0.485008811436155	0.291478271379411	0.708168503288634
100001181	0.764064748661734	0.243310176344233	0.354504097978824	0.613674335357125
100021467	0.83156779294172	0.425156721989668	0.284372825550485	0.618793322866338
100000447	0.23214388073746	0.24443432591651	0.328151416444633	0.649039544728073
1162	0.000425612033474324	0.0138065117060748	0.378520665877353	0.578210241258229
100019982	0.509340473794125	0.37043152714783	0.299652142049896	0.664898868180099
100001613	0.953013216574954	0.362173960537483	0.301234391560367	0.649213311300866
100006644	0.38758097564125	0.658199930819967	0.267279742913946	0.709402797375661
100000096	0.546708348489724	0.0139134646712327	0.179067847429427	0.656457191948813
926	0.512973709202155	0.632657435166608	0.290260640455149	0.689934933269757
100020004	0.868650194303579	0.634737225276978	0.301824155173245	0.683396532562662
363	0.173998520108786	0.0371501579019505	0.264343983743279	0.261016648545644
1111	0.445978017464308	0.73210050392031	0.315059259907787	0.604702229607555
100021712	0.661833016249657	0.788040656225931	0.281339855769472	0.67261024499212
460	0.868989368876201	0.741689494530273	0.291301195839343	0.718698716594507
100009331	0.365461514159536	0.238585127895408	0.255133700503082	0.714735251177568
100000442	0.26331444333003	0.787908054875903	0.299916607400408	0.697735320075938
100002945	0.0912060384929142	0.0149937320338856	0.374021783932183	0.639881242946936
192	0.855097333977777	0.978486847141119	0.297317511456931	0.689807573318575
100020241	0.441969944683526	0.900680182520411	0.284810548170069	0.687633303040044
100000580	0.120263036113475	0.104305417885834	0.237999779304763	0.941602463105718
100002466	0.00634495352319216	0.0203461954342155	0.244381220175346	0.427786483221643
849	0.777473524534584	0.777016870475892	0.284898764494396	0.661151964272335
501	0.495697976999	0.36461390700471	0.316818157389305	0.639660832869437
100000282	0.646277838328557	0.0958038473812066	0.373820876195813	0.570760941041182
100001577	0.0292503085396354	0.183241538218537	0.382961107533491	0.750080636400291
355	0.0795574896378159	0.241012237621552	0.228776930353512	0.579831057918498
100000841	0.765204896983345	0.973199190161265	0.293746042454571	0.697866286679486
100000846	0.814289636073108	0.311452072377584	0.272147868834414	0.680120934362693
100004295	0.876518679671717	0.370633172411644	0.261576121107089	0.631998428507787
100001586	0.136617519999808	0.102121913308291	0.376245904449923	0.399710731253243
407	0.0124973446297558	0.0325691060033552	0.314362165124721	0.758006135874001
1137	0.801528027116414	0.608880721636628	0.265691810307718	0.744745412908587
100021374	0.0340116981657847	0.0103483460815068	0.21063417003047	0.889596824048719
100001593	0.688266978176059	0.831117415807906	0.277950610558663	0.693142368361429
100015971	0.712661166877098	0.678387542811959	0.275947689311636	0.682076176477842
100001022	0.333948558217704	0.133663293708027	0.164196310560782	0.987811592094599
1094	0.0530510490083616	0.201126970835942	0.453282819466888	0.925005983985344
100002122	0.253464982348102	0.22303508850314	0.229780850329974	0.79537095768567
100000706	0.673699683347987	0.398511054390692	0.225333587250333	0.68691340796911
100001055	0.799352488430317	0.365997079357577	0.256531749149582	0.620445903379806
1235	0.504600360022086	0.801488435668058	0.273293162007183	0.709509006032274
100020204	0.0973747075032596	0.585384458193278	0.300706763492512	0.724956718584588
100015643	0.0311671954158355	0.298352303188279	0.309326989259897	0.638093814251549
313	0.0206069673291354	0.29676419014844	0.298678041825986	0.625976455179827
100001413	0.788384170259094	0.968365507126868	0.291642667729613	0.691183877151904
100020423	0.0171322128977321	0.0109296683222319	0.307720748018257	0.355298011280193
892	0.449625142033421	0.120631538099209	0.313302281157264	0.715229606513389
212	0.0552842423703436	0.0913358394960023	0.369797315052143	0.674369131215572
100006105	0.192481966394998	0.174670733927655	0.321195402071562	0.701769620531934
437	0.831258079978438	0.481963768474168	0.258011920200652	0.707590614707659
100019892	0.50572900406766	0.599234360990767	0.280735824575753	0.728791824787907
100005716	0.0528603407104839	0.0499797698564791	0.309741826195933	0.7869643117774
537	0.201374746852439	0.0964542216971602	0.295471518280158	0.712091898545288
100001990	0.311697222490167	0.72901168965518	0.311280885241666	0.654324072499398
100003397	0.0298086119556312	0.00254431651004031	0.223841059011734	0.436600930860483
100001320	0.119538001110852	0.239806929699252	0.357709458165322	0.458444312165199
100005717	0.102597184595619	0.0427185854777498	0.337739499775597	0.727275552745478
100001207	0.0403502180966748	0.360880044971082	0.312289940528322	0.68825039071351
100001999	0.516400607908392	0.828047091102832	0.274789127506502	0.774843847750696
100002488	0.226691830781078	0.0151526450713057	0.339492784818088	0.628186696621119
62	0.31960215887575	0.643807095017489	0.288549745300999	0.681942650532806
100000467	0.570822889030588	0.418678688860279	0.27384380513684	0.654746957814478
297	0.00467374360699124	0.145959958271244	0.292033540737746	0.649849996550423
100000285	0.0279880435089077	0.419814625588492	0.28410931621532	0.775088196515437
100006056	0.0702538428248495	0.454625371826586	0.293696758832643	0.723525844780082
100002126	0.12379329362837	0.256444923764304	0.220779315932234	0.99157114851817
100002129	0.790265835177885	0.750974063114512	0.2657608386737	0.800128509822118
100020478	0.0296990846686903	0.189292823554475	0.250523508927828	0.722258137612647
100004089	0.102193013937909	0.857583587228359	0.278845600491422	0.703220623511979
100001755	0.535426675621329	0.476595857050049	0.285679833033658	0.631026195372118
100000551	0.0270884487097711	0.987987674404031	0.289183639907929	0.686263232963479
100003260	0.412914485200155	0.18239807355895	0.332171168098745	0.785940332279002
100010955	0.876935533842437	0.418038290306973	0.225198447001445	0.589841876001511
100020851	0.213373787206581	0.467752807600495	0.304966562709309	0.707127293074884
100016069	0.628662798506756	0.795101147708015	0.287456530748331	0.673608130942639
100002027	0.494763868497353	0.51402984749247	0.212101534102468	0.803170874258498
1123	0.38526838334302	0.181576278988185	0.270714240292414	0.815677532766985
100001150	0.534767819231188	0.554854395383667	0.25380415932418	0.709540216027346
100001657	0.269750024153674	0.664462401193306	0.283400513694748	0.670041995621408
310	0.256031239587489	0.356924012128132	0.249397933620556	0.788710764047173
100001314	0.306160892712573	0.0653403103846264	0.259644178049015	0.552007148186943
452	0.697741435083446	0.650112456576626	0.318423330197075	0.658362981557899
144	0.0790590891863164	0.0423077867657578	0.358263937101046	0.538608777377744
100001182	0.201575326036972	0.138644213283527	0.352624152076037	0.666111404247775
100015965	0.728577426674651	0.419811623160594	0.268256838286334	0.765653190068499
100006108	0.976405158097234	0.501684900916563	0.29142757384158	0.720769435523117
100001400	0.674811257189709	0.580450512780771	0.267501281180839	0.673148013989972
100004541	0.244901122442646	0.146193067315933	0.28382132171733	0.400277299488192
932	0.83739687630525	0.304682247905384	0.289779424529735	0.721511878352346
100001992	0.442606311850828	0.546551746332071	0.397034138556478	0.586432404183201
100009252	0.135913586143585	0.198826265146682	0.329904288821033	0.67785219190157
100021104	0.617091976884084	0.554874460786247	0.232870968212634	0.818551459102693
100015838	0.0100063085735328	0.0389045822341135	0.396897946534511	0.941600627573783
250	0.000921839558808513	0.024876269396898	0.497106127454885	0.79266916084817
100002537	0.954006585523814	0.489813272536288	0.260564647193379	0.798940576979962
100001658	0.881229215424715	0.809716232876582	0.297535457961745	0.678776681739524
100020416	0.27595400098486	0.337352372664454	0.251157043394466	0.661210138652636
100006642	0.224176159101056	0.813044987265702	0.275534185348638	0.703093717920603
100001391	0.0919539120511295	0.297790229368661	0.362228102467465	0.810557392747578
825	0.514955215444214	0.862078828180372	0.276090111699006	0.689630800178898
215	0.0159563007866683	0.0878172611470021	0.340154558030591	0.66548030140556
100001026	0.98911246987158	0.887257998132034	0.28103771350944	0.719590862838749
100020541	0.393944264235052	0.40491457236196	0.244937971013201	0.727690903151345
100001526	0.225807357259158	0.291049029541746	0.420744894358561	0.796242525073278
100005384	0.450229627655227	0.291374656546505	0.263231605095207	0.583199790852925
100020378	0.326918032376794	0.386331703740869	0.258152729431743	0.703608544365284
100006115	0.981021388097864	0.352842011235755	0.374571446503483	0.570809187344493
1442	0.202008261063414	0.0388074196093397	0.121171052456562	0.569107436446456
100001843	0.168735888301084	0.260155273748242	0.299686454803123	0.767686241379126
100015837	0.126544304040601	0.195037549895061	0.52246851199315	0.630940762050686
100010834	0.67120010900214	0.866308795842775	0.28483456258457	0.67481393650307
100001393	0.632370918510102	0.312318547529198	0.211217102682351	0.740084899803044
100000015	0.255984283839669	0.680373358998756	0.268808664545924	0.703199421474976
100003892	0.0455855488095577	0.0424630847074772	0.243981684216843	0.953173636388151
100000042	0.188637112502159	0.0231943510035465	0.302737239769843	0.598116418938166
100020550	0.619414964561359	0.253791240822072	0.305914515661795	0.589715580142955
182	0.465576382971476	0.407038163103034	0.274030579075954	0.705082726525282
100015723	0.132687290622037	0.423154602168372	0.286326742723159	0.66873814213086
100020343	0.36708877423459	0.411627016109024	0.250161511491392	0.692600797824685
512	0.335338855840646	0.598160255243519	0.313023847039056	0.655574454761672
100021100	0.803468138232311	0.765748906798434	0.273690409496618	0.690206136259452
100002528	0.349820666410918	0.0744253258763063	0.329919207904227	0.477702235027023
100001287	0.460968923795277	0.750672473038268	0.378081045776917	0.633489800901446
100001229	0.693380443597304	0.930759360963382	0.289274318240022	0.680448676432794
181	0.366482005153958	0.81707395083497	0.277149359116819	0.712981748787096
100015831	0.0012368429558352	0.0164514918014837	0.371835392787575	0.481076968250866
100020515	0.342086166192566	0.529793614657484	0.241761150125438	0.812384912276269
327	0.183131272531742	0.171105674522253	0.358610543024466	0.627920667931237
100009394	0.653516343527017	0.717373786826918	0.264826560538972	0.719449824298989
100001596	0.915175152283975	0.227883677133846	0.256555126874306	0.518542754240319
207	0.792368596686177	0.36997440498616	0.302080459688509	0.634515478302639
2054	0.531674800881722	0.910294834490934	0.280997396092421	0.693241122216372
100020259	0.65068998341678	0.5487095498447	0.311053996558376	0.668995108203648
100020414	0.00316839982839951	0.052851368825428	0.207698214536617	0.663334403104149
100021131	0.930744148490072	0.139862477756415	0.268455700283907	0.636081050838933
100004499	0.826474820718472	0.738688739481341	0.27517217591741	0.661050672741718
880	0.101932775731942	0.391792124398456	0.342843540686053	0.680345411787693
100002049	0.500480723002139	0.288644883526271	0.315484096923553	0.635074282454762
100001739	0.557274011648085	0.258247520095872	0.358289350479442	0.645825914035242
100001126	0.430990252660906	0.157101182006169	0.188856850026964	0.572266409209383
1113	0.552665802034025	0.591753131102356	0.313212174095193	0.616922134554698
1083	0.923947845755571	0.208108397728103	0.323792513755249	0.570515479041177
100001730	0.083151468140729	0.207152712747505	0.324435528612184	0.571849674224271
100001412	0.602794618126133	0.956824256969463	0.2862346791793	0.683575748058658
100005996	0.771416576129627	0.471314027908969	0.271625487386563	0.648357230626329
100015962	0.0070045229413039	0.116278026539175	0.221769727375303	0.960102844150103
100020214	0.723531033007708	0.436032397919591	0.297395031951844	0.612802860590546
100002514	0.11395791975552	0.324478204412302	0.294969588754527	0.624974530196271
564	0.187567060991304	0.0393979949022185	0.24074921496518	0.568711289413575
572	0.0194715052523667	0.00980047054885324	0.426939359014028	0.542898399194608
231	0.992372498589201	0.682353729091204	0.263592723553542	0.698584174125575
100000453	0.841145365414215	0.623102547761833	0.267274589069523	0.733441625799311
100001007	0.105683189070947	0.20469254780485	0.338584126460516	0.560553923783818
923	0.584357208014911	0.257973257266768	0.267628736854512	0.748799295639461
100001247	0.445009302142094	0.524505700929349	0.264729243359853	0.673046512109127
100000774	0.591291701892943	0.963341381349559	0.28948415182841	0.692573514399134
800	0.280425849954665	0.17124228999548	0.305765579721078	0.774036340379607
100021678	0.270029297467241	0.399419435005191	0.237891120960186	0.684512536433528
100021711	0.399416976665808	0.760070486740121	0.304499492644705	0.698227282081503
100001274	0.744268926761781	0.31872211421352	0.272456927703533	0.508293077251063
100021220	0.147462259633346	0.189621807913438	0.340116755475155	0.987830141948235
100020253	0.41032883755029	0.957538119017149	0.283256089546936	0.683937084328305
100001170	0.700623160314603	0.0998839039560629	0.260996187746741	0.569032548365308
100001466	0.276627396424694	0.962745250651337	0.285653366956037	0.684759525113112
100009406	0.733528619976608	0.662585817437143	0.270294236747257	0.705696544621198
1026	0.179861579554207	0.421169504785342	0.30403026881008	0.649308203517443
100020837	0.793982791383381	0.230221699485329	0.337630013566822	0.558991298212751
100001006	0.0683652975187799	0.0736305866238193	0.27121295437321	0.812096902349588
100003674	0.744957163064943	0.102459214582501	0.283924286903919	0.675624168323109
100004396	0.308779130008136	0.40348215933519	0.328996492640608	0.577218593580515
100015923	0.542921548305663	0.943268303188881	0.286415507316395	0.693442792568917
100000265	0.352954524352961	0.381132724550473	0.296226645012348	0.622462718417118
100001409	0.0656007424007259	0.08834609776422	0.288527586571625	0.505464134490697
100003434	0.4153837968278	0.449250026659274	0.291032023126214	0.598139335369825
100001334	0.571442728644263	0.0395321506102465	0.362871194652652	0.553497096045219
100001102	0.787868192996976	0.532571736606255	0.301641215869054	0.647683311855601
1268	0.604632364261318	0.05297942568611	0.173213305911559	0.642772616270785
100001300	0.230561402274606	0.082958657992052	0.253514478317006	0.686951367757385
100021324	0.227963273878624	0.610488520722278	0.378976050657739	0.678390971114518
100001617	0.175249163974198	0.78157248509365	0.285489604835959	0.688201024196242
1105	0.917561943427685	0.119264330464203	0.398505813567278	0.350825360167167
100021502	0.0549177959741368	0.230736175161665	0.26957092315393	0.720657326691097
2051	0.90794047116733	0.390216139935071	0.28472005351026	0.530754173598803
100001256	0.16232676166143	0.612229113239954	0.306815589177316	0.792185238247372
100005466	0.042296285773542	0.0346632487084245	0.334390505428227	0.442302940067934
100002199	0.164590510427505	0.943294769137128	0.281647337180979	0.683101458763027
338	0.0145259107993425	0.0425300485647195	0.46210481271712	0.445769039017101
100004243	0.470993199511261	0.592381761943096	0.263443840884592	0.699104550106734
799	0.438234850188899	0.976920574081484	0.295686858184028	0.685717947573678
100008928	0.620308023692915	0.119527155458558	0.284231677910366	0.677408272546729
815	0.0714239785906766	0.215445206017931	0.288994883841903	0.763717741788335
100001456	0.00572446178347599	0.0915973606320565	0.272020591225782	0.612706714985841
1242	0.0732680172144861	0.0721341251541198	0.349124965293171	0.481437447578689
100001416	0.280789662120353	0.0999844323876192	0.195986873249598	0.427200382895709
100001462	0.308793042418367	0.206130524198789	0.351533579651802	0.633709543257317
1087	0.204141192933644	0.0450008853706195	0.299424638673034	0.646092146441605
100020421	0.0514925099104055	0.0488645191841885	0.328456440175368	0.410718753181708
100000010	0.00398164833591466	0.100315859142187	0.31171883119659	0.713710788878704
821	0.454972958223902	0.208735688476479	0.329780379821182	0.479921363260451
100006627	0.225096068191194	0.0855587994062121	0.418057702383664	0.567798449402924
100001277	0.365602122809255	0.162156248962699	0.335385252172971	0.641871333802187
100021141	0.0421698195987796	0.198068294037502	0.312282424764156	0.786487937069015
100021105	0.181407675262181	0.278635395344586	0.297856153538169	0.508323740636613
100001950	0.000382187919991914	0.0089158532552286	0.346971910206717	0.858572780959398
100020217	0.860423647982525	0.233178422410389	0.19285101395223	0.497634049672835
100006651	0.0249881616150059	0.164891462750115	0.320501591654566	0.455521684341085
881	0.942330530322149	0.382050820494683	0.267022361041621	0.700164230158205
100001509	0.64682315757504	0.109563028035512	0.248825445250109	0.601317775881802
100021709	0.583639903463918	0.793093273603232	0.274922397146914	0.694358150177661
100001635	0.345204920744602	0.0489923848918107	0.307112186205171	0.63833390831204
100002613	0.456620739919521	0.107357330939507	0.261820187956397	0.775862142987446
100009329	0.516371749342132	0.580935481011883	0.241604943157415	0.858122506366427
100021123	0.892691387675548	0.667724392062791	0.292487954949619	0.617595566143629
100015760	0.273219379038159	0.186727222832934	0.235621121809036	0.721062734417282
100020205	0.367741062207323	0.381399207607879	0.336993523570199	0.500047557107356
100000765	0.659167522410351	0.319420385472206	0.272564175864074	0.624560740026311
100004111	0.333669208917817	0.153163126868062	0.310525171736973	0.66117024831281
100001615	0.190620931177941	0.767237208978902	0.283159930570419	0.683377925196319
100009227	0.165703578594161	0.0578657841008508	0.418176726045653	0.85032082630705
100006191	0.366731934004958	0.559863122754887	0.311916491698854	0.632733755196981
100004542	0.441615441015802	0.352639764043826	0.301777334470915	0.729149369290924
100003686	0.292920079790349	0.105673817420761	0.405135688659615	0.616601436367689
100009232	0.0259888717481428	0.225994078398876	0.282155220145681	0.596287390579773
100001501	0.0466036042250888	0.0914551100165458	0.357290757186176	0.736761673287687
100002367	0.502806601110284	0.229245016429703	0.26476482561337	0.534135762261113
100001108	0.330593915620813	0.628307824756567	0.278702226785331	0.675071489899934
100004227	0.747791061679029	0.942824478843951	0.282224414361254	0.692860020512686
100001310	0.193953386654582	0.313888546702294	0.266674759500892	0.794833740205445
100001994	0.813768803040854	0.922516646314626	0.29944818727139	0.741479370116426
100015839	0.0111915841013745	0.0090501527317905	0.364154690475092	0.794784647234815
100003271	0.00439769453087155	0.0672548303474421	0.371008236421121	0.486452062410284
100020496	0.826020102196354	0.981471295331069	0.286142179536296	0.688940029230579
302	0.740555075377835	0.500393795241889	0.254600191030398	0.660764577225879
811	0.823176020441845	0.857210308152635	0.278934683517666	0.70725119185791
100001267	0.962469723835125	0.839476846277097	0.27343560247619	0.683445268431837
100001197	0.0321881947585019	0.561841256243876	0.308114667479424	0.689537674338886
432	0.179609198090852	0.380598127970425	0.309277542818754	0.659458640517486
444	0.0113925874986795	0.0636097967588766	0.313924262275817	0.814804373537838
100015968	0.351222428904597	0.399525351901793	0.278725464396886	0.617627152409727
828	0.912244795512201	0.86668480492899	0.277401959137928	0.691901696520363
100004054	0.25856515686022	0.900422399075109	0.283489290365789	0.690074964003981
100004635	0.0882340430486307	0.121898290872837	0.662015962498409	0.411566691962573
100000491	0.407943130568039	0.499216152167555	0.276566651965344	0.572355115155092
100000939	0.0451341824065537	0.0322224355630597	0.30067811876751	0.582121791115587
241	0.236523155067018	0.786695153097678	0.294266053401591	0.695417747954047
136	0.393535708332347	0.0785184426850407	0.248287545303317	0.86218523616615
100000792	0.558007434078596	0.95956963617496	0.286153462331118	0.736633461992392
100020973	0.711728457287474	0.999689886348317	0.283552728802256	0.686716860685678
100000936	0.733236056509538	0.895666848980624	0.281875637965808	0.687484916604346
100001313	0.00678729637712965	0.144347013710821	0.296262644536494	0.739968419229619
100001951	0.0492159392502053	0.0993378247552058	0.317510776877853	0.677070012953654
100006098	0.0240898156968515	0.188992411308484	0.314021656115126	0.767463212380816
100000007	0.222802769884517	0.518269412787868	0.291876829518084	0.69167110115658
100006641	0.89835097302532	0.825395843299303	0.307578036558681	0.688264310958819
913	0.00985884985891606	0.0540453832443667	0.350577840306468	0.552035684706813
100001579	0.791351857794589	0.378684779109194	0.314729633584058	0.686108533734218
100002911	0.142171645211193	0.00856136200800221	0.374177636794853	0.645505534967114
100001293	0.295054796105647	0.507709326942471	0.257703180621774	0.7889319603484
100002241	0.184401815616669	0.4654706132935	0.301877243978011	0.649395568646455
100003179	0.438689831808531	0.0905981303589458	0.267194926211331	0.549816771970918
100021372	0.304917668865027	0.180254818654282	0.20558472595334	0.6907717647774
100001956	0.326919243641769	0.557681657933281	0.286475362568061	0.609177688801421
100021162	0.259659481175673	0.299424010634451	0.272852614457042	0.553562252703454
100002259	0.354142636600782	0.616151125761692	0.260292154944103	0.681601593823733
252	0.411313628594756	0.646299495476786	0.324819180663683	0.635716191668186
100000707	0.415475921479626	0.267146752836839	0.278870956598739	0.695276766865147
1489	0.810619943717201	0.0398226116388019	0.215664911812945	0.670893235349348
100020361	0.0274857291819382	0.0769954762007159	0.311107653639028	0.983005715986313
55	0.795707670071015	0.923896657418142	0.298579445092856	0.68059644277705
100000863	0.255328363284633	0.248441072835543	0.244893462860482	0.725737188257804
100015840	0.166140708606038	0.0746781269406841	0.374448099255885	0.653578634540785
100001541	0.148883998334488	0.0774930132796914	0.197503443404829	0.672050994807209
100006082	0.152419238808473	0.053106393951986	0.374046470487029	0.676070865524911
1254	0.689354707645585	0.836597334162522	0.2757995676157	0.717819758237713
100001624	0.493852711314147	0.324753178057038	0.264212643046881	0.663199100853448
100015850	0.930592255942898	0.458055516211127	0.365601049962949	0.640811098703118
100001104	0.00394764867390686	0.0213367577874483	0.313359335501034	0.945027855462938
100000900	0.120231335071909	0.440767769001077	0.294298405837322	0.687205769609488
100000269	0.253528147453665	0.101033039665506	0.17532762446242	0.653454285591434
1022	0.246798277777	0.764901309368341	0.286645750074023	0.671995611780155
100005373	0.244870796253253	0.108694354091396	0.253609350046588	0.717541306348641
100001129	0.138916430919447	0.830205354144607	0.277116744765281	0.703200497221116
935	0.00837852741599091	0.0764682420792928	0.379367801503128	0.532935123844195
100001262	0.130307331592363	0.128873896877174	0.298052232346676	0.716654732858962
100019978	0.326784171182021	0.493991102572798	0.27524761178639	0.667742494453076
100002293	0.691833586536386	0.67260004977416	0.287912589553086	0.68875933134023
100001426	0.168894826711272	0.208730667238094	0.292269964111683	0.501893619807028
234	0.034020365666642	0.164822145338621	0.281538747567054	0.660823096289508
100005403	0.236298994195904	0.897886069511359	0.300486384477634	0.675585149042931
100001083	0.0368462699759894	0.348600320137773	0.311906800712359	0.702594116528394
439	0.741997770738286	0.355474396171285	0.303680288604735	0.679565042167924
100001086	0.452652686177089	0.799981919788539	0.288328135042733	0.7106927529052
100005864	0.742228810842077	0.438746396977141	0.258379636818626	0.756552440670444
491	0.505266763269687	0.923442905109709	0.281571748997698	0.687360640205089
100002029	0.474806831694952	0.435265307625316	0.269304766616559	0.558209045446173
100002154	0.81731090325265	0.454263606701352	0.248794694336593	0.664469943188863
891	0.540345155320323	0.239582047296897	0.315108745936524	0.655478922294109
100020261	0.367362177872384	0.432937828025289	0.34283616353722	0.656343358766881
100001296	0.504207845217748	0.496570437563504	0.287683066538967	0.583606774211541
2050	0.468907433892792	0.493771736100521	0.306363869878473	0.626837052941481
100002761	0.329135729829823	0.717988022570385	0.255607000695263	0.803086035204967
100006614	0.812772395685257	0.727297776677292	0.266385298162006	0.738374885824086
100001597	0.827262718482067	0.19157420823684	0.195583907291104	0.519416426167509
100020853	0.920118786909776	0.755848322694143	0.274637964383882	0.671293906349977
100001446	0.215306143831881	0.261457157021577	0.245174285230691	0.676465659769008
100003240	0.263005354623478	0.0843977807457597	0.332910574974192	0.595527561497384
100001502	0.0280568486296891	0.243141987723319	0.335946530971157	0.768881530454958
100020866	0.0910429353948626	0.00791118684650204	0.17474721089113	0.489214686941615
100020419	0.0230009960373614	0.0508968525488523	0.313388778388873	0.398656237300377
35	0.529524856865145	0.316795792783146	0.260984874237541	0.634051319298571
100003696	0.0158491667681125	0.0714157802073939	0.393015031590262	0.635421060089527
100016038	0.839252557252542	0.802875597944836	0.276391061668881	0.658390955964635
100009333	0.238571198125998	0.239773317908429	0.281708659355319	0.709686402717462
100001611	0.198836801210065	0.501252451319744	0.338009271652109	0.672333194267721
100005383	0.796692724471744	0.528646485120125	0.289003006444144	0.709816157719484
100009239	0.285464497071271	0.0972518940059731	0.360215375620908	0.494893675632087
100009332	0.393610854654595	0.371540781917999	0.283590061114401	0.656863881127492
100001731	0.153730613386009	0.725751559434791	0.289378750388907	0.667005121721502
100003415	0.325291767392635	0.325388848324187	0.267377027816593	0.717207910502027
100020578	0.137146237179912	0.199262034074878	0.26552354718694	0.58551598357953
893	0.827120186697723	0.522788245434664	0.281036160357691	0.697555269297357
100000963	0.295872732824565	0.171064137803304	0.374825355109729	0.476925295013706
273	0.156987776814689	0.359678450097005	0.319763627069875	0.687779774409507
197	0.416779366472283	0.310781150350778	0.273424340918263	0.538990321200209
100000808	0.304184853278187	0.214379213125517	0.260827388566505	0.852607897057613
100002284	0.768315353412874	0.327278190843179	0.17878249837881	0.623830705687375
888	0.990346328043201	0.109317829108878	0.307023381127807	0.67020969650302
100006435	0.572961584114375	0.404557443160395	0.227222094569059	0.946764220881004
100006374	0.21648662351781	0.662708238794793	0.289049447744954	0.678407657224786
100003169	0.538256723669162	0.969643542812558	0.281274476210144	0.684651213507923
1004	0.59035446251585	0.856115758002065	0.275005149879132	0.673064316425416
100005998	0.102339942372005	0.944636442701025	0.285559474816069	0.683265057133426
100000773	0.616295677644477	0.450089152998772	0.289876464726881	0.665712094282871
100010850	0.0145264708029821	0.130341472868406	0.338767702222897	0.561995027639647
397	0.790545434371223	0.476428434406889	0.228768453684716	0.735194908696682
100000039	0.0722656367329714	0.24050162154045	0.232251151331969	0.739480221243036
100020833	0.78619187286587	0.580366137960389	0.296449841654498	0.759479744727521
1021	0.46453423151281	0.458977092340866	0.267937623900935	0.716969626112872
100020479	0.3451193306628	0.575179307599274	0.288766074658769	0.695648867179043
100001335	0.509837037244197	0.310045395775116	0.323645757350398	0.652395593764247
100000743	0.654974025273222	0.694151240390061	0.281655368544935	0.775086666443898
100009246	0.179859871206619	0.712051942584081	0.274389202234437	0.711388093784365
878	0.0859877470747221	0.638071763785078	0.304596088728963	0.66840622975049
100021103	0.748934002735245	0.796537308979241	0.275834977318657	0.784205028689118
100021363	0.277781939730988	0.805638240509629	0.275027775373676	0.703327754705075
266	0.134920872477935	0.246364497151108	0.28697759592262	0.61734248630387
100001195	0.331622510468932	0.24172562705288	0.358087334676927	0.615677018432828
100019801	0.762548712667002	0.672866293970252	0.296947063116419	0.671230184465474
100002196	0.0415475814734217	0.329128646335315	0.29500690723532	0.693121055667936
100006370	0.299904931695527	0.66072434267902	0.300301931980039	0.668901857236441
100001510	0.0292903760413822	0.00256544591520428	0.23138443329579	0.795834011304555
100000437	0.494525382587008	0.361809120553677	0.269836859441026	0.766394288156779
100001767	0.141120883350392	0.0273268003160293	0.349677502085338	0.755389086295208
100001810	0.455920440194771	0.650161045322516	0.29058626870522	0.795900997200554
209	0.0310604368910864	0.355401414155302	0.325487333477767	0.669618589749209
100001485	0.254069643107617	0.095502067146754	0.174463805987568	0.618637747183913
100002500	0.11761444654454	0.460621978303735	0.287313046079318	0.65890804149504
171	0.0239647611921213	0.0175127873838004	0.216975646949396	0.67693443802839
100020487	0.984663248281443	0.740402927107529	0.312364848802712	0.623315070556933
1206	0.00672593609756736	0.124909549852644	0.286628840739229	0.734580410062492
344	0.0118191727259115	0.0256150850254908	0.561026810644694	0.792677951632667
100001405	0.486941358462835	0.957686480111339	0.285902740765502	0.683597961698071
1239	0.953920158546338	0.424508873527732	0.32052704010659	0.691201449273765
391	0.0470559213894056	0.100568178932194	0.258053662933371	0.951197970214344
100006430	0.420507623298526	0.117797709041943	0.365948081602646	0.389032089519714
100001417	0.957890414921426	0.419668447614088	0.267355866693399	0.818125256577915
100002951	0.0568123600424947	0.539289331103273	0.278659560863466	0.621384780933183
100000014	0.423599576864634	0.606284686128133	0.27702888854003	0.722327829025003
100003926	0.54755662008416	0.445640730982516	0.309555128561822	0.665249564293981
100021538	0.493513184037486	0.340560386483272	0.334606817629067	0.595187707990488
132	0.307762074098413	0.947543123127656	0.283667006691228	0.685713295313389
100001425	0.507459945853791	0.335228007787452	0.387912327552326	0.589631920599727
100020262	0.606101147975853	0.643736906463969	0.304915652219231	0.672244139191299
100002679	0.363381220532167	0.752218404689475	0.271093345746705	0.741948419991443
100001270	0.74788452114243	0.493739173896042	0.292644898761863	0.658123555339364
1102	0.89268448289357	0.819566561243519	0.289125866903126	0.666245796472886
331	0.242892797919198	0.185050009512854	0.235604105837562	0.574822650658472
100006361	0.585606004187517	0.933066058340669	0.281923082399208	0.702093759988825
180	0.77380147458488	0.966527899651	0.289031999234743	0.685065192308372
1053	0.336165008400302	0.530154940293482	0.398302717437219	0.742104448192771
100001359	0.539427078946375	0.58637764952199	0.324340910280161	0.602609217329906
