chemID	simpleLRM_Fstatistics	multiLRM(chem_sig)	multiLRM(sex_sig)	multiLRM(age_sig)
100021136	0.0230428201470711	0.208592790993402	0.312611524172017	0.794720131767818
100000882	0.779542334867875	0.746658615772822	0.294569820275015	0.654567698729454
409	0.0693901269519202	0.123705628283893	0.320078645507072	0.42095909619489
100002254	0.709308270118439	0.0502151648631888	0.196610001997849	0.656330930054471
361	0.00767596594820033	0.106021058184915	0.210421186903481	0.636819999940459
100019975	0.555754584109903	0.700037012955419	0.286901596247036	0.692076593711154
100000257	0.000692757712404133	0.0200119461145166	0.278985626567576	0.627542497527848
100001232	0.911074005879762	0.923508685149609	0.284132000139654	0.68208886341847
100001948	0.358221349581906	0.355550542021055	0.313764920297173	0.525989659281258
100001073	0.616385057371369	0.679173049607704	0.35321512054859	0.605135774387044
100015637	0.961725846835134	0.401659399002112	0.306893243857481	0.670513694018335
100006360	0.630233950222518	0.850188319209392	0.281490190184269	0.70237815691248
1488	0.568470897078279	0.662443425665829	0.289289906014378	0.65269640431335
100002253	0.828828232669397	0.926001155256577	0.284402632722125	0.686362928602091
1023	0.973549525513297	0.712388448298728	0.282549383501758	0.659472513958118
100004284	0.67910008414153	0.815429428358765	0.280944810180534	0.682343412154737
100001251	0.651172495771217	0.948986015665371	0.284741597931004	0.673371070837336
362	0.690878863778358	0.534527266757665	0.262241718969025	0.669805878994194
100006620	0.764087120150947	0.904949935366746	0.287039714322727	0.676243030378077
111	0.382668504276469	0.189852367204021	0.24303401101922	0.649316448210164
100009045	0.566057176177989	0.177858486832671	0.228343721281211	0.865202969298695
100002927	0.694749403341502	0.794318450008792	0.278420602460308	0.702577451784083
100015641	0.764829642111966	0.883011278038078	0.280208117318393	0.684999726741472
1114	0.115255891290328	0.975938208469513	0.285063970580884	0.676361542577735
100020409	0.341546627303764	0.323842846464656	0.288547035702736	0.533487447337684
158	0.133062823769657	0.258039074769762	0.358281892968348	0.707750232988619
1224	0.0535176186161588	0.205087968938036	0.225145047277089	0.711273050427129
100001620	0.485820682324753	0.414724790865901	0.251230659641855	0.676075910224214
100020893	0.286832960132899	0.0628150206071525	0.2669036920375	0.399822314887515
100002458	0.753702751294224	0.558414951184441	0.329549206282332	0.617080494115177
100001112	0.760592444404959	0.901919498609183	0.286769661777951	0.687292346964091
100002953	0.361673789023344	0.693328505044792	0.281713612723642	0.69340987354658
1141	0.380861236712561	0.0385072557738278	0.358679578094355	0.513187763996177
100015834	0.47285520624455	0.949148950624431	0.285394908833332	0.671562157043548
100004561	0.578597843916967	0.836183682166032	0.292599719248651	0.665960411321762
100020497	0.828034725548116	0.698302893251771	0.268954365610166	0.702817200964285
498	0.0481764782929308	0.333057023780492	0.28774615538822	0.736430984255892
100006051	0.868871748320748	0.870198803264893	0.289780977286077	0.670166678410779
1668	0.657699091071411	0.508761293476088	0.27983832245623	0.615462696063983
100004523	0.455365561133538	0.964952834313731	0.28913834960863	0.672801983769584
100001604	0.254079782049095	0.562985714819286	0.280652725718058	0.718745453387702
100001002	0.180379065879879	0.555226182030293	0.298109005316934	0.66186424540815
100001987	0.0617788139080221	0.272241079227195	0.811756068235399	0.54042440218742
100002462	0.588927127666945	0.306224161961121	0.354883127237523	0.539706925697839
466	0.600757476384844	0.077601965538226	0.314570186466416	0.647390971605755
100000665	0.759968209361414	0.583206732152641	0.307655596577715	0.640355248104862
445	0.955782515397677	0.444839508136703	0.316091789064529	0.720882996369615
2029	0.158395799309615	0.652230761545619	0.303180150713435	0.667001060601968
100006438	0.127340621637569	0.255205953581991	0.333051469602721	0.68598204790809
100001398	0.158947860639214	0.593484340207888	0.267872612927561	0.691578625522306
235	0.411650833875182	0.437781707631912	0.254744249084687	0.704221826873072
100000997	0.724519532724942	0.750104191560645	0.288645421603181	0.654891552205263
100002094	0.26130704937726	0.210281308569761	0.237581112485684	0.546359839553473
1052	0.625052705096004	0.957276335515605	0.297721288385138	0.67236491437702
100020823	0.347310526004565	0.654066738437594	0.272094144966667	0.664334939426094
100001806	0.2848273031876	0.650088906664784	0.330628477910239	0.683532875863146
100006092	0.791617074005686	0.837683497664239	0.292777270957729	0.660390388790867
100001415	0.103283710694267	0.0730576431032645	0.300797110466075	0.378140235923504
100000008	0.0240059793118749	0.0341966444613633	0.301699482912532	0.51918724039801
565	0.00778897357279963	0.0542773530319578	0.287228892437126	0.743033360385393
100015851	0.142263069520847	0.169483035967664	0.373060753528454	0.816132317808522
100001866	0.52385812958797	0.833454161540268	0.304488720291418	0.652156104309458
100020546	0.00266875695280404	0.0294678964376776	0.507887549680805	0.8805864932739
100016110	0.550078818765918	0.390889966651891	0.22816617147645	0.789615025615371
100001254	0.00326054165776599	0.0159058725292394	0.378634894030732	0.860080418158652
100006260	0.399455568615866	0.863892037402572	0.2906736924516	0.670184844169444
826	0.676487292497417	0.865063223076745	0.286201103539814	0.670469165209952
100001872	0.430773160108268	0.752285928115628	0.286864040698101	0.676043901131229
100000263	0.348031971315497	0.383235074257479	0.345398897416306	0.681020403184402
100021198	0.839881367890019	0.0627896816016103	0.191279084543549	0.402097258736543
100015967	0.0373255769406413	0.101066393377293	0.33977029245087	0.521702890128391
278	0.13330562131131	0.262999265902055	0.271433537158838	0.946628638749902
519	0.806742661274586	0.416255558991835	0.333038228128322	0.620642231378798
100009337	0.111132599128118	0.332253158883223	0.382448682597891	0.662072342239685
100002185	0.322922667888182	0.971881738875731	0.291903804272653	0.680489745555344
100001278	0.412384063868343	0.313374229876628	0.347703745091579	0.627978867031044
100002103	0.846732044692656	0.589322163529103	0.287498620515411	0.620805259040361
980	0.799466158842755	0.480536233195207	0.315481409748177	0.65404028078404
100000016	0.842931279785644	0.407048771033828	0.28159934301945	0.649576885547411
100020372	0.190517590225276	0.516054745917103	0.283799021396643	0.617058669721291
100001662	0.713595736365776	0.139250261744531	0.117368884754625	0.658852405767096
100019972	0.940261742683319	0.666112874243255	0.294688626671812	0.660463742382125
254	0.7631179831121	0.713395515789666	0.28270369948906	0.680390675213992
100002009	0.660747973833124	0.696940221852081	0.283578884400491	0.601811867658683
100010895	0.416145565273095	0.484955884187926	0.334083478589466	0.658240385386006
1140	0.919859083650338	0.932186843385699	0.284149996482208	0.668814782426772
100008951	0.642537891359783	0.548840078438087	0.303658677226569	0.640496627456276
1084	0.351625586480305	0.843651647038604	0.286818965620986	0.706354053406012
100002796	0.113391204940248	0.390410429970643	0.252213766412072	0.625967457448593
358	0.968127646659245	0.922697150406039	0.283946180839064	0.66616639376559
100002070	0.798088693956963	0.714828736754165	0.280197347709691	0.699051241926071
1628	0.358219993986294	0.11899572250653	0.353546970404786	0.654349240033144
823	0.71406697702259	0.586555427418305	0.256754008612749	0.721418014780836
100004414	0.466897941748186	0.095828180078292	0.372412938343881	0.801049921225985
100006129	0.682548844236338	0.66892983229442	0.267642465134904	0.692491729080231
100002028	0.679872323791727	0.454877630697735	0.38921164346113	0.487876874030854
100021707	0.52153307522141	0.65802674754826	0.260879488027449	0.725395498371452
100000054	0.517228277719635	0.457094367828094	0.275686907706248	0.70477276352626
100010869	0.49265636384813	0.235902121550179	0.283472543452222	0.568475619688906
100004575	0.0273213774042145	0.0955665196506905	0.359435722295561	0.982431324943693
100001212	0.998838414792329	0.658954181968322	0.290550375294649	0.611386141183163
818	0.226374081167368	0.600118737206718	0.322360407639255	0.633716645152574
100001092	0.00147554270989811	0.018847077773831	0.283770297532447	0.656587722099992
100020371	0.99402559374113	0.823860364899565	0.291229160051204	0.673356908387787
100004112	0.191358649492875	0.511295795531229	0.303860089681473	0.681019430795959
1125	0.486959667838268	0.386245900633274	0.312623130774814	0.711098939717284
100020491	0.921097243532852	0.545709646765488	0.247813639109664	0.685836570809302
100003151	0.00240126941816761	0.023643385494901	0.41955942786338	0.572339436806442
100000011	0.258347617956312	0.0910554483150251	0.208747289421003	0.775880032815044
100003594	0.45898683290736	0.999851850914634	0.291775604243437	0.674736174681891
806	0.788044291953728	0.169953574524172	0.278576926585584	0.494345423351435
100001211	0.93484786498302	0.529098668203547	0.297015420516204	0.654264231103042
100002417	0.593952671174754	0.562983564316604	0.273999112582989	0.642246736642337
100009335	0.548121626910789	0.200638349197339	0.229148606596803	0.710971261024957
100000781	0.698993574527109	0.942688002825543	0.28438637539209	0.673477093273669
803	0.0303856830025727	0.0381660852757564	0.283254372081805	0.534118921750745
50	0.519452748234871	0.742669215707967	0.290316068625428	0.662606805306777
796	0.447850292624443	0.0574946544485298	0.318145759357624	0.654653577228353
100005834	0.99419008409059	0.741972552474061	0.320724113200673	0.671191998178603
100001580	0.979739058682597	0.573830614160042	0.307607548743804	0.672810273974618
480	0.792118127821599	0.54266077692983	0.245727069415849	0.69546787711254
100001540	0.244218622030894	0.720381879685157	0.366002532648306	0.757863849513055
339	0.475775573475327	0.0420079791099656	0.232189120535105	0.597627436114292
1110	0.945637028880949	0.965644557913607	0.288540512634132	0.67841736613987
100015836	0.184394538210138	0.221025900539331	0.40089675016667	0.843719459997313
100009271	0.536118925753128	0.52128983142882	0.32167231481345	0.652088135358698
100015638	0.979859267719874	0.413017334349188	0.302347504369369	0.651631262764414
100021667	0.938787057447281	0.509335990326193	0.326641480044074	0.651393590625236
100001279	0.609315309436641	0.386781570460028	0.307933194781025	0.794193582336583
100004208	0.0205056883659223	0.141694606386567	0.435110622226097	0.77096969010867
100003695	0.214201704586367	0.132753168658958	0.310473570730751	0.457112317752805
100000802	0.780052533212643	0.918343242536506	0.287648219854811	0.671086915849097
100002769	0.854706864007424	0.0996118179600866	0.211646176468525	0.775806248924284
100015835	0.107463672308914	0.310088525803152	0.421431730199032	0.860205800037289
229	0.899015825320989	0.425880469905068	0.319083073813367	0.667642256187036
100001266	0.00541100679672486	0.0220921705921837	0.382352216773659	0.951205670238658
1342	0.299607492004	0.351821213782663	0.244565367774367	0.695981870428782
100002102	0.817747596245039	0.494733085600239	0.327791991741375	0.790035041785129
100020254	0.178564920202088	0.617052124364018	0.276784803200081	0.705238308819745
1231	0.485700532231952	0.256937631384865	0.341754811691294	0.623964152122495
100020492	0.986069257354285	0.866975477166665	0.281004832842718	0.672665445772227
100001402	0.383068098336894	0.577780311272594	0.319206725507376	0.673920756636127
415	0.0052567716232856	0.0886068169532302	0.346911724684518	0.710408766015877
100003109	0.991276648737402	0.935249102525457	0.287430414431134	0.668536935359357
275	0.569323602003623	0.800185644427073	0.275647935321874	0.656231873510025
1143	0.164170955118454	0.0734472110092606	0.256963674600021	0.781394221945931
279	0.395299120147324	0.343612178984316	0.289667335320429	0.537899394908408
100001198	0.98045828123868	0.839016103096362	0.277150800293798	0.691163890612415
1648	0.389225829301464	0.952897117715797	0.286318500592651	0.675084312954739
100001590	0.325488786293807	0.264063171937131	0.268422801645734	0.602064821275529
100001733	0.38431750917436	0.842972559846739	0.281401637821479	0.692184231404198
100008933	0.0164083136961729	0.00251150302919069	0.389432299515043	0.632597065811226
100001550	0.337730943776338	0.525030099819747	0.271258568950024	0.625550139535087
1215	0.0677737511438228	0.225175974828532	0.244241838055402	0.621963906208532
100002356	0.284946960896769	0.125317198701587	0.34471451945347	0.67587451549313
100002749	0.646802872252081	0.656733378095733	0.291545736699168	0.684663081476388
100006379	0.155356255357031	0.159438327975101	0.347771690815156	0.40629462227226
100015966	0.0824263990912787	0.166162781574953	0.297499708554044	0.525984436472654
100001392	0.647480460751248	0.997062609839689	0.286183449368236	0.674544249944131
100020425	0.110393076294501	0.0296412791930563	0.22049620942699	0.437362236309789
100004299	0.316803920541848	0.83092794834995	0.30063701567863	0.717376283257759
100001734	0.555874232547114	0.44232359531277	0.292499619023767	0.620331390579376
1002	0.867764577275272	0.760819648843204	0.286906453043992	0.674734699194315
100001337	0.262405183565522	0.67525163008366	0.26164048610774	0.67641514478995
100001452	0.793261612836285	0.79396658257841	0.284234781795702	0.650450023021899
314	0.519842306247014	0.366855126361194	0.296470669437111	0.694907141234605
100009264	0.977770097624284	0.578888494890468	0.234695878868289	0.793011569659304
100004634	0.452885616455458	0.51688194779473	0.258028960768239	0.691900854034694
100000711	0.744384341304599	0.744132195862581	0.311271252986686	0.695054904560722
100020536	0.0217766308226834	0.1077859594275	0.351876158241492	0.766935727010814
100004318	0.281259144821688	0.46475867371713	0.295273985642009	0.670736692047133
100005850	0.874250730318878	0.467750164010544	0.370850018420835	0.610636015973
100006619	0.312660516751401	0.137919659881997	0.326772045838657	0.657264486024019
356	0.482331682664555	0.663367160414753	0.273394824136956	0.695538033340208
1221	0.550176214407733	0.5383200379259	0.380374265661127	0.710551369203974
100001397	0.770918425167415	0.764065649303622	0.285394094129538	0.666579685134115
100019981	0.618802408020148	0.873474553788834	0.289141879369888	0.695992941189005
100001208	0.361035005563804	0.18776126070507	0.259231536559506	0.967499692191975
503	0.010464232198986	0.0105486313121427	0.185183482850314	0.488777009095835
100006375	0.151370162463868	0.661313038084242	0.308918170096464	0.65455903504165
100001295	0.690996801156418	0.544682093243139	0.276732194512402	0.784657934245137
100020427	0.0371772357193317	0.0106306386410585	0.245947313930524	0.372887003253633
100002784	0.507448578073356	0.390071126752729	0.246427575788603	0.736257051307105
917	0.053903626810996	0.214568730362183	0.323097152944849	0.606778040974944
1869	0.346837390563465	0.148281582921782	0.290450737375843	0.578155067446722
240	0.242175863651646	0.104795608038253	0.181829990161517	0.478149773483061
798	0.00557874190610316	0.101281855163246	0.422275696698225	0.600230828231428
100002952	0.262304341647424	0.498481993393577	0.284648009730418	0.754474858116637
98	0.614306886618732	0.771339621063851	0.305437026760262	0.684830600705052
100008998	0.28728488359394	0.336372560390018	0.232974532336862	0.720975001421654
477	0.831737834941832	0.350249662153166	0.291894162646719	0.668152737234407
100020545	0.0871094371659856	0.141850036801632	0.321096679410654	0.856678568947871
100021666	0.934348988749078	0.291015483677518	0.323526053216418	0.663295960877736
1256	0.549497818176413	0.764049392424171	0.323647639426197	0.701910078397903
533	0.340502889010739	0.0887977014964391	0.206834876165582	0.436577896696689
100001757	0.449847423607893	0.921635977781286	0.292549451138664	0.670943714048987
1024	0.298365531377775	0.0838580049046119	0.193826960918076	0.865897660598575
267	0.4968622090127	0.869717951095975	0.292141058186607	0.668869039770805
100002113	0.107100943039955	0.0910165816212972	0.263827382654584	0.729966774535306
100001756	0.860318540560933	0.73460281617215	0.296776840093249	0.694929177825728
100001193	0.467941449533193	0.209551393786469	0.35448858038264	0.618413163102556
100001668	0.643743399296522	0.892550962428148	0.286114510052814	0.682638471539116
1124	0.326993243925845	0.313494624330502	0.253644377229048	0.766584356949449
100021331	0.169882558649084	0.335210597605432	0.272738980850344	0.703447740212823
1090	0.0626563642923866	0.0498373007852657	0.281231596940451	0.791390355031268
566	0.837394407043715	0.337071655591508	0.215597781062245	0.681486233593266
100003119	0.468353046387685	0.299297892284797	0.321448071486073	0.607163385143351
100006367	0.75270181900316	0.563785996967758	0.297968427121081	0.651318303192375
100004322	0.212551538397741	0.233458843189168	0.292918740285006	0.76336106298625
100001034	0.686544478137854	0.808108805781449	0.282510593282338	0.665243372829274
112	0.916165620295377	0.861640128956862	0.287880097631763	0.651328704068818
507	0.724241057576447	0.774079180633611	0.285752662788447	0.679142681929177
100009233	0.320404204088159	0.189005731302175	0.258091524728044	0.707014877110497
100000406	0.0194795422877096	0.160082896454366	0.440125958191127	0.49588501317052
100004046	0.36620001294453	0.394294000599465	0.182719145266486	0.601758996509135
1025	0.768997911662	0.7054592681865	0.275901264082231	0.692676695985875
100001106	0.166679514557759	0.174470160768897	0.242685317656571	0.691402009852325
1128	0.0273435733065949	0.568373511244191	0.3190035107136	0.72060994208829
561	0.0416111940156421	0.154471132275244	0.20204208060273	0.572491779338379
100001614	0.875957345281858	0.385472792342434	0.299994721269345	0.650946044210125
100000961	0.844598840080448	0.95521041104595	0.315170018961096	0.672030591023137
100002397	0.887296367824389	0.570849127844655	0.284492781079625	0.604540071459104
100009407	0.998226171080945	0.93537238165011	0.293288869452791	0.669760180927143
100002910	0.907115738653892	0.60711389334971	0.263758891112942	0.610085023533331
100005946	0.251673991807354	0.335614193207458	0.334307201119585	0.767233018425162
100019794	0.0822662526385848	0.256494985663588	0.296378259743031	0.825790485659069
100015759	0.329547531032749	0.0988867717751375	0.236472641491571	0.697918770312319
100020417	0.708196819543282	0.587904758344082	0.273859098545902	0.643288564277911
100001054	0.714081834316173	0.987627816338191	0.288205357418503	0.674500576242609
100001437	0.318875044165873	0.328477231744086	0.238191165334022	0.607142834821212
504	0.24975931435095	0.734110179343197	0.333006063210687	0.680794725929329
100001988	0.464725104845081	0.665544710364883	0.280168318986499	0.824288910549491
1082	0.028655579764796	0.677603476757279	0.317070822926114	0.691560093679769
100001403	0.314598430894655	0.337981208462859	0.32013722851415	0.65259632196749
100001664	0.901373247337288	0.483614812649326	0.269918581786379	0.870928680383694
461	0.265793788131379	0.199046172703352	0.456996366883207	0.65303383536698
100000463	0.692611801544091	0.998129772296257	0.290720965001612	0.67456237933726
100020208	0.570146992783989	0.535047397170429	0.330291476677649	0.558475825176918
381	0.530665978882863	0.0615952315286423	0.125793363772661	0.511400518057654
100010901	0.0860005272577933	0.0778840231367583	0.284162527187499	0.79235528253173
100001468	0.269163785820081	0.979371613703393	0.287776956440628	0.676914009575924
100000840	0.919619099215935	0.989085463886362	0.301693659809484	0.676071205660016
100020014	0.243321890390303	0.593233255790741	0.280273710205487	0.689962118401522
100001993	0.768319505593609	0.609820261736194	0.239350877430566	0.823129041903527
100001051	0.102006753151579	0.019763520949809	0.323697876073377	0.350603406954799
100006116	0.383227603285326	0.512094463512066	0.290754184276829	0.676040709995083
1108	0.940375067598522	0.997700257170803	0.287360502259914	0.675999941964123
100019966	0.344072315782007	0.125203782586006	0.35087867689693	0.631299402312953
100001743	0.608290631755019	0.390190207679082	0.279025801881536	0.654399150985843
100001294	0.129089195168722	0.209644704163744	0.205998958704986	0.737797921998165
100001609	0.254514735606778	0.0941426433244802	0.263000255424401	0.787561837508851
418	0.798480286269908	0.973826511829788	0.287167313558444	0.679887667029464
100001178	0.361068001785131	0.910657159231772	0.284983745917884	0.665182899759182
189	0.982929216157005	0.683415411969177	0.263038128440962	0.640526484660955
563	0.499461381299962	0.776371196129373	0.30109261796257	0.661425936823459
424	0.638126691488348	0.515419035268734	0.315014366833382	0.657865023899504
100000776	0.132025296598268	0.310417801516798	0.323507129658568	0.686178199219731
1001	0.997078753959026	0.50688902028815	0.293378258875364	0.675739661304794
1135	0.318756257732814	0.0899301496635654	0.276495073602477	0.733002820055694
100021093	0.365524986069295	0.535909823280131	0.328577645102874	0.692412999397699
100020219	0.121962713838416	0.229674285510004	0.298881402162924	0.568506406157195
194	0.441464574935042	0.873767151279533	0.291917564788642	0.6571120907431
100008930	0.748230565248163	0.697109619498604	0.306863102222709	0.657754991208609
340	0.628306002499202	0.242572998735923	0.177959181020799	0.765935189179303
100010896	0.874051371332095	0.871839699422103	0.281032866108707	0.67914293977676
100000787	0.193061056089599	0.0752126840421939	0.265221168510319	0.381136647648884
100000639	0.029797783782228	0.207693918048442	0.260358464670666	0.675597046028728
100001851	0.965077974249999	0.249705500642149	0.317305252893095	0.451465765211596
179	0.596665737381394	0.515434754117575	0.275956130766087	0.702528208075924
100000626	0.393077139854122	0.708185430611911	0.300298207668715	0.674038871531638
100001605	0.00988579481182477	0.101705028244253	0.381924989648802	0.736122339575028
330	0.245217123421462	0.407644902759591	0.308396028290211	0.552833702911719
100001162	0.747212666336073	0.602447068922115	0.258130954305516	0.643566898693556
100001167	0.0435301508299336	0.237736539788413	0.284018236615534	0.654151832333147
100002067	0.581447623925287	0.789633554391332	0.363496934725141	0.621262990299352
100019968	0.621941949262927	0.299900351132496	0.315765216512571	0.614947463457716
100002014	0.945374116020929	0.980007658102568	0.285608558375883	0.701720551820636
100004083	0.451132415531096	0.142002000853519	0.316974168007951	0.546835083929831
100001315	0.259852130379244	0.263565714157538	0.307415200504107	0.766251144117499
535	0.225842131922913	0.518314862233715	0.305381818919676	0.677968933125216
93	0.41423127880531	0.243259702856039	0.310871673598976	0.531337148763838
100001989	0.351686782990213	0.611586430725978	0.264955518378072	0.713412826622031
100001740	0.758325744238354	0.407913580763461	0.26055474531333	0.695970906506779
482	0.197902934672653	0.889235725112287	0.286590022939693	0.662838306050473
1629	0.249550320512468	0.368108824351642	0.349978823182778	0.647880078528413
100001399	0.478235302676135	0.39674605564961	0.296878853817798	0.684487372869191
376	0.796762724437897	0.146956516773446	0.173074736578654	0.790272994972283
342	0.580225099173105	0.6079525599269	0.283624380682476	0.675710509725554
100001253	0.0243239287706298	0.197108903320465	0.250650857903941	0.859915143789237
100000708	0.630125386192143	0.801427956390276	0.302735741871885	0.681890090944151
244	0.188636386059062	0.04919590133138	0.239200688479047	0.790052266054475
100006726	0.432539118934227	0.31775846610034	0.333697626193164	0.658313403108036
100000036	0.175178884778763	0.638891230736461	0.26421812036236	0.717022599508325
100001257	0.0203884591428338	0.085400172815522	0.412014433616967	0.909367949810378
100000445	0.628670012270688	0.627757031356303	0.312629188346221	0.633372517683147
100004088	0.00424953629609338	0.11760047568099	0.333564037898116	0.746750836137175
100001423	0.985501244515285	0.677941709162117	0.288858395564515	0.643445230902899
100001276	0.370683968910823	0.274396630188341	0.256095422466439	0.600084141598326
100001876	0.771068993845905	0.938797387851272	0.284437016909842	0.676598390529824
100009082	0.650183214632016	0.049611088809831	0.134807979068531	0.652034374389191
100001121	0.333756441669462	0.692193800416547	0.280475456663693	0.671825365355939
117	0.324118057718551	0.642050286796404	0.269393877764266	0.694828448053544
100001868	0.0353427201600527	0.110285887030047	0.345758540975048	0.67205236775409
1134	0.66440419006674	0.297940463667479	0.197647659609526	0.631673973335417
100021012	0.231796427125482	0.432865940206301	0.299014360141566	0.69456975546548
100001181	0.844016930556121	0.335296403838481	0.343701750082707	0.618049992288886
100021467	0.780862685767272	0.331368014332837	0.2805633372913	0.607252697717182
100000447	0.227609917660004	0.217467926125132	0.32548441044936	0.652992672274186
1162	0.000506706429633527	0.0128606505251922	0.377510884948495	0.571767005227558
100019982	0.501723449763794	0.406627470714485	0.296816850682613	0.663939735140337
100001613	0.982688086885451	0.481461688355263	0.299693496910541	0.646321309118367
100006644	0.400978396655797	0.634879605493915	0.267161358133525	0.704324662225871
100000096	0.582224746835325	0.0234674871371002	0.176758253449086	0.672112091234314
926	0.511319895557339	0.687218668443757	0.292766365990416	0.676598836111602
100020004	0.869053351452558	0.675510934299891	0.306064736438398	0.666091298140736
363	0.182783154648952	0.0416168216727496	0.256559950749555	0.26912611816192
1111	0.388320678398198	0.912924914597941	0.298286292006358	0.672125631939628
100021712	0.680924422313354	0.785397055150272	0.284956438532997	0.660902166081656
460	0.850469517291751	0.727393986784857	0.295149794137736	0.710537291282798
100009331	0.340522547336224	0.202715458905101	0.252527571837031	0.717194361934381
100000442	0.250575146419305	0.730950274115199	0.310355288995324	0.685217016544035
100002945	0.098748178634504	0.0211434602673666	0.376325287678768	0.624479425209019
192	0.891799443131912	0.91029288100067	0.28774820540086	0.70409075069488
100020241	0.401196675627061	0.916622482721272	0.284012805300295	0.673454724851342
100000580	0.133511758263822	0.138667605270037	0.240877877549315	0.912602279359106
100002466	0.00958401095517344	0.0329937660917014	0.23889745041387	0.448149375524955
849	0.681678959374227	0.56285785800745	0.294093722863155	0.616812450578659
501	0.493460111032952	0.341855543451252	0.310411084428403	0.647741585943089
100000282	0.670502437204763	0.117784152171973	0.364279311620275	0.574080486010112
100001577	0.0274173055208778	0.159567915950142	0.402352832519523	0.73653685625591
355	0.0934196871970025	0.305232733219025	0.24380385174639	0.573196217434775
100000841	0.776238658666681	0.845457209994011	0.319923836512352	0.654647554557396
100000846	0.816309940086492	0.349888858515949	0.275940111613198	0.669650053482443
100004295	0.829571511284213	0.257808761785468	0.249174184804795	0.623883982727899
100001586	0.103294955054452	0.0425814911565114	0.40252282762475	0.34528937299043
407	0.01252771455797	0.0321302910843864	0.320257837272079	0.746181495582978
1137	0.793580779579796	0.634466138615183	0.270776630657709	0.729583034890412
100021374	0.0344518106181616	0.0132739915602547	0.218181972557623	0.916249533178244
100001593	0.699521556496132	0.823450650901566	0.28124817121188	0.679517044474401
100015971	0.73428308057739	0.716377579754761	0.280388453479206	0.669044022066765
100001022	0.332306262269941	0.217752851151072	0.1904341397297	0.89359815680144
1094	0.0610085730179508	0.261022178360593	0.440743742816648	0.879998387173014
100002122	0.211564220730008	0.250307591963494	0.250782829571593	0.733608156801877
100000706	0.620573824857849	0.550049303482985	0.246125805220007	0.672385659265937
100001055	0.70803201992031	0.494129104684743	0.259048659298727	0.635686379748879
1235	0.472807721532833	0.726315652215776	0.273415189122637	0.704485177592408
100020204	0.0939875342207806	0.522069765159422	0.308695133496457	0.720651204792206
100015643	0.0305329390624386	0.266374684309127	0.318687331971392	0.617257003203993
313	0.0200556015952784	0.24806286401193	0.305877048621118	0.604583017621341
100001413	0.823129497829823	0.890288017896903	0.283712092190613	0.666076597613418
100020423	0.014491806960316	0.00868451376901702	0.286770442832682	0.367221021041413
892	0.498181676355206	0.174747218654869	0.311585261417148	0.701871048057036
212	0.0617348609605686	0.128804719116389	0.388275965236932	0.63587226622467
100006105	0.192014382136773	0.181854150539801	0.325529115464882	0.690891654821614
437	0.796457219588539	0.572345338384252	0.265632497245222	0.691179151180873
100019892	0.498560810497541	0.632232740873494	0.282253539055695	0.721131207119701
100005716	0.0537494215882963	0.0548574742729546	0.30721096196659	0.798231076461855
537	0.241311412883971	0.149090740419617	0.291782801862941	0.70585352901064
100001990	0.286628441443587	0.593460007197248	0.328229245977484	0.625573575314257
100003397	0.0361838332841796	0.00470971415032507	0.22816250011885	0.431385659047606
100001320	0.112771614891095	0.193746794874477	0.361500237964041	0.436573367885642
100005717	0.127294348380176	0.0783140524306383	0.331372632220803	0.719516733941654
100001207	0.0295780160224711	0.181035063867368	0.333329779905024	0.670484111726443
100001999	0.523897562393027	0.825980158220905	0.277854992499209	0.76408191220938
100002488	0.21752023316857	0.0150315206086286	0.342665644850813	0.616690457308226
62	0.185038419980643	0.677816142265994	0.28035572878748	0.674581245700067
100000467	0.581261727004873	0.395934777333786	0.270728138098958	0.651827953879732
297	0.00493483645888424	0.128605252097194	0.297831054465148	0.631359967162522
100000285	0.0252671110540577	0.397875305025472	0.294385398912484	0.75705233511574
100006056	0.0705480027428722	0.513686374796007	0.302235989197024	0.700057381491377
100002126	0.127380223842377	0.257644198573341	0.222566848907459	0.995007340814634
100002129	0.785838020071284	0.798523923563898	0.274454420866131	0.771519013424311
100020478	0.0292004476862712	0.173686686478368	0.251531878762251	0.720321291097931
100004089	0.0658824946887957	0.54719211181401	0.305080194517116	0.631784671935242
100001755	0.526680251180731	0.549695885335501	0.289486256662468	0.625098640151191
100000551	0.0318351376328612	0.984946118618556	0.291649620027951	0.67779838470054
100003260	0.484629982581486	0.307847674921501	0.320409303407831	0.756915032732284
100010955	0.82755489958612	0.391683963566856	0.232188239115472	0.558648897756096
100020851	0.21745793951052	0.455195568452843	0.3073468086248	0.700014689701687
100016069	0.644239122855807	0.818557409265822	0.291097540163571	0.661925780158655
100002027	0.496932439843957	0.542625676046486	0.221957297087624	0.78233467690388
1123	0.388147719932068	0.200113416402371	0.273980481140437	0.799383488393022
100001150	0.707293562687468	0.938688851871793	0.286315181314849	0.679117444366358
100001657	0.287225094525502	0.671662658079405	0.286380798702835	0.660766698259123
310	0.256077249357263	0.35093450275414	0.251572765264331	0.779947850637404
100001314	0.373810659963048	0.147077551814581	0.26276983492935	0.57686771377612
452	0.730971035018178	0.700333767708908	0.317416647360777	0.65057360038899
144	0.0901178588387181	0.0511949270459991	0.345598444295071	0.549523593484711
100001182	0.223561980171232	0.176888176479684	0.351024267104352	0.654404778470408
100015965	0.76270678975973	0.53724561944717	0.27612441295917	0.73305681838899
100006108	0.875644692055701	0.371515317914716	0.301780221356285	0.717578999201233
100001400	0.70788528399259	0.610403366281485	0.269240889494851	0.667887223262001
100004541	0.2865200666382	0.200547058502687	0.285655718404385	0.419826656600078
932	0.833927291036002	0.350934400856418	0.292824674618359	0.70507067625315
100001992	0.443540407600394	0.56033694022086	0.398096514183284	0.581253047549196
100009252	0.121794937851044	0.165791460233249	0.336984790944351	0.679006823837375
100021104	0.624327840494724	0.560611318399084	0.236276214754524	0.804003051148778
100015838	0.0105246855547478	0.0422191965918875	0.4017344920559	0.936900033380721
250	0.000854772823796124	0.0190312951541508	0.527683746692158	0.783160051886136
100002537	0.888094037795966	0.681661923344438	0.276259655725091	0.736815259986886
100001658	0.811072408712957	0.658266376955827	0.311477940486675	0.662827443407439
100020416	0.305006855285219	0.38242752357266	0.252468905805058	0.660546092977391
100006642	0.237810724424773	0.765045383536578	0.275628926861418	0.697995138569809
100001391	0.0940581205305909	0.315296974636223	0.368683161238742	0.791679954480111
825	0.628942021228142	0.621105295855325	0.254742599497035	0.679737476423505
215	0.0184773352781885	0.0979467162086527	0.340040605092587	0.658083224190665
100001026	0.911139273783982	0.834931645522067	0.286174518127077	0.708219652089309
100020541	0.406710386333824	0.439924774462149	0.251843009760065	0.707149668819194
100001526	0.226124183405473	0.295391353303961	0.41861014176196	0.796139363984417
100005384	0.492372434094931	0.405798244748756	0.274817680280556	0.581777587117483
100020378	0.279725368266182	0.566848325238441	0.267111650941421	0.691724476527011
100006115	0.996111948102678	0.352606258478631	0.366097074153788	0.575939238067625
1442	0.218083794218342	0.0480417964755941	0.125167403131384	0.563479211124766
100001843	0.134422739323253	0.235788800551511	0.324457974418428	0.727728737430987
100015837	0.14062322749506	0.257841862912777	0.494190610994331	0.632952673419652
100010834	0.724851040433628	0.986459971873523	0.286327134565155	0.674701841718622
100001393	0.577263231459579	0.460760059684653	0.232558008310394	0.715366219190085
100000015	0.301603881598979	0.604214550935577	0.268457242693135	0.69562887893066
100003892	0.04950451156942	0.0549814030437456	0.249335040789599	0.930898789788888
100000042	0.187271031180526	0.0274053579750853	0.310028133945462	0.579158391022672
100020550	0.626877549612091	0.245461237786801	0.291987419096901	0.606170026759555
182	0.427791778742281	0.332319829930672	0.27494631322828	0.70096208406127
100015723	0.128377022776866	0.396425148008579	0.2935818090327	0.650578948014147
100020343	0.358869370863681	0.401865805308023	0.253002351951103	0.682620205793323
512	0.362868613040572	0.630309293001599	0.30962860947907	0.653472571076173
100021100	0.783189237925061	0.716227602904708	0.274005711283644	0.682764223905727
100002528	0.330777689955279	0.0752547736265578	0.348912248790305	0.451025292465737
100001287	0.468107758378003	0.763168644304211	0.378655508224177	0.626432455014536
100001229	0.360316215643199	0.576373252744862	0.25882288773507	0.721222088905571
181	0.298201275312405	0.631245388524153	0.276768418886382	0.726787173725884
100015831	0.00150097831796284	0.0190231161217348	0.384343928044404	0.469740114826327
100020515	0.333843513776448	0.482519890546435	0.239072913383019	0.814020746720961
327	0.236414811618581	0.284184347712336	0.340484136765755	0.636293358973746
100009394	0.532053446223405	0.525933661317042	0.254610119791949	0.730430647191849
100001596	0.901590914144171	0.235184916943018	0.263451800183878	0.502089212546976
207	0.897270937870179	0.555618075399943	0.300167258773001	0.63634857142917
2054	0.501155177548715	0.773398949899067	0.276154410667251	0.691169459251121
100020259	0.661107611004028	0.575274190423515	0.313755382745106	0.657004625487857
100020414	0.00310193126864174	0.0404534779561302	0.204634494604545	0.659801477410051
100021131	0.853298228626071	0.285986939696305	0.281784395797647	0.621840454661884
100004499	0.846408812516332	0.704861070904101	0.276509987161225	0.648762308942138
880	0.153784715607146	0.675106246771262	0.317267946046016	0.67321968928615
100002049	0.499987909061067	0.293424119526149	0.319318190477995	0.62207560180853
100001739	0.575528797203761	0.291233441499001	0.358489714972744	0.635657719765025
100001126	0.423634713426719	0.154112204731717	0.19039787591198	0.557617560704986
1113	0.671070177814262	0.880520022497979	0.29675877624781	0.658673991593846
1083	0.978459681989332	0.305801764491121	0.31866250027015	0.577675950238464
100001730	0.0720544737081875	0.157261251531776	0.331897535345349	0.552233379550027
100001412	0.585846650402012	0.979492245663419	0.287118119590866	0.67955805631744
100005996	0.7404978571481	0.55273877609311	0.275669273836571	0.644397826854828
100015962	0.00712488936272567	0.0976809296897762	0.221398243846183	0.957558492257139
100020214	0.700062108923674	0.417489486575226	0.304007775363248	0.596430116558601
100002514	0.120508861930721	0.333354605601939	0.299368230456589	0.611803219596658
564	0.197887089502965	0.0571335860458646	0.253798203913681	0.555620762600868
572	0.0231138071655263	0.0170872609876835	0.419767031494733	0.543966532144839
231	0.988824890671299	0.649160971824424	0.261897395819013	0.695182643542377
100000453	0.911801183118493	0.774453869034484	0.27660921907964	0.705734016908001
100001007	0.113297480142241	0.228515911298609	0.342053946764762	0.554043379094455
923	0.618852996204137	0.334330539229606	0.270512801019772	0.732666955298907
100001247	0.442018725095239	0.516578620698837	0.266732582269895	0.665680780320123
100000774	0.567657667825023	0.893982948593893	0.298082077209609	0.689391202249034
800	0.356914405289976	0.34104301401711	0.303913235639768	0.730738523932436
100021678	0.273354727893927	0.390871901449312	0.240201119293614	0.670339949051729
100021711	0.424715850643413	0.845910103535195	0.302977646648969	0.680051669661667
100001274	0.810080386915702	0.419637653596622	0.27221989357996	0.537739957370566
100021220	0.134974196401174	0.162037307950745	0.349790157916171	0.999588797738018
100020253	0.421114389892243	0.982206968870433	0.286516320922863	0.674057834347369
100001170	0.812051803992295	0.22681021745974	0.270319334907628	0.577332537137825
100001466	0.274383340032746	0.906340131391988	0.290907639216748	0.672163141800098
100009406	0.711547612604242	0.634486237781299	0.272241938624329	0.698114984521597
1026	0.188240637056241	0.41532439124988	0.305950669982426	0.640540127778129
100020837	0.720365639684424	0.395521855237698	0.323288443739902	0.584982935539509
100001006	0.0717399235661543	0.0807848132204038	0.264931626802371	0.822636492351954
100003674	0.744697928105136	0.110445329668795	0.282471102181468	0.669835004291007
100004396	0.320017822964411	0.415064786770834	0.333949727408082	0.564306804750872
100015923	0.455395345984618	0.752513509167426	0.325522841689977	0.656043871920037
100000265	0.468779901861314	0.726658300010737	0.293133262025537	0.647298055540271
100001409	0.0771834321274705	0.110933491058657	0.294434943932843	0.492974632761959
100003434	0.421844728861731	0.476257085479708	0.2928485997379	0.592681325484506
100001334	0.638880898439508	0.0804172808933802	0.347151472491756	0.569642129405416
100001102	0.677303066893914	0.816856611414053	0.293438404027565	0.660151011915191
1268	0.612181448002648	0.0608219161812049	0.172158570294865	0.644627314272832
100001300	0.231733424074773	0.0879687359901191	0.257628397116625	0.668371277630627
100021324	0.254018157129985	0.732826619370945	0.361913168691206	0.66619662870965
100001617	0.114185673275026	0.109737412757233	0.278647935063352	0.714952194367498
1105	0.916564212308049	0.086975066677121	0.391751004193231	0.329085734251929
100021502	0.0542757910233189	0.220909528364462	0.273812799482042	0.713005182627479
2051	0.827814415617581	0.538185434933588	0.283565428672522	0.569271436577149
100001256	0.150479318056925	0.579175019209723	0.319539339567445	0.781684846698981
100005466	0.0685795577161905	0.0959734492754283	0.323168976301967	0.481297005400068
100002199	0.121401640167843	0.68111554050936	0.296405649273996	0.701251392972641
338	0.0148099822053143	0.0383862361067764	0.464900191297469	0.438734610781714
100004243	0.46575605225217	0.574742767406089	0.265460374078619	0.690045456779699
799	0.453242053068388	0.937699690075899	0.293798203589231	0.673086444161351
100008928	0.588321490540444	0.111123296591208	0.290407986942833	0.65793503096803
815	0.0848330821573341	0.287865290066102	0.294716211074122	0.732132111261739
100001456	0.00608324613342705	0.0838944738666912	0.27610353154243	0.599136214078736
1242	0.0790074700681445	0.0834125190555374	0.355317662257624	0.468081284528295
100001416	0.287554925272962	0.106382576556207	0.200504553772988	0.420589352991621
100001462	0.365892485889948	0.314808371785962	0.341139205215213	0.633547746042872
1087	0.201365859052592	0.0437167587575543	0.296153594163417	0.644463690293881
100020421	0.0491656280076706	0.0594536917828087	0.30781350176934	0.436369524428075
100000010	0.00359504932949601	0.0345885471237913	0.300194390678943	0.743845964383422
821	0.548976635754642	0.421104265579134	0.318898273232804	0.537916004621686
100006627	0.256605658193129	0.140941863215714	0.408817036477019	0.561822062755502
100001277	0.373864859803344	0.17665610680285	0.338241090989306	0.628675289511236
100021141	0.0383481187815772	0.165037031922188	0.31826904935309	0.793931475617213
100021105	0.178835511689935	0.263884610543979	0.307770552690841	0.485668741937973
100001950	0.000334620084332642	0.00615602658406687	0.368917101922318	0.844583306997245
100020217	0.885921913774071	0.286183575480024	0.205723522319148	0.499224824452189
100006651	0.0287697426711609	0.181881508069567	0.320826677544459	0.456526977341186
881	0.969133346907575	0.426885836659661	0.267860077501687	0.694508002332567
100001509	0.702287426952579	0.168291049527549	0.254491585602641	0.599045655377107
100021709	0.555695781707295	0.73546675045204	0.276217185192976	0.685942785257137
100001635	0.2957665537339	0.0358259464020801	0.320275973075551	0.608862878943518
100002613	0.451264119405275	0.122745450940374	0.267906095818806	0.756741201900489
100009329	0.588406858638522	0.782388138283207	0.270864894871326	0.77377433341481
100021123	0.882642336463508	0.646118320361503	0.298653499856446	0.59817368518729
100015760	0.256638578804434	0.16071389540463	0.231240873476604	0.72584837259143
100020205	0.388677345309725	0.427424174844381	0.338968907231524	0.504092246814484
100000765	0.58600668371871	0.547318119829134	0.279127812782536	0.639178598784634
100004111	0.336869709855721	0.173002719429564	0.314233357740872	0.650824988291092
100001615	0.193327016695818	0.822449161283806	0.285977489985872	0.672862907767236
100009227	0.197520245647771	0.102729519809419	0.398416267214624	0.828964209061963
100006191	0.454522996640328	0.802174726105466	0.298646126909188	0.653797100947926
100004542	0.4461147385391	0.356637901686742	0.304781899715503	0.715816490266951
100003686	0.315556888729276	0.138748548981085	0.40242741771927	0.605794006033405
100009232	0.0313503908950324	0.264163222273085	0.286419442146908	0.589095141387634
100001501	0.0474829357955496	0.0963346856459126	0.365202962965644	0.725359263553505
100002367	0.502975283168482	0.238647346345367	0.268279986672574	0.528161271041754
100001108	0.339933141880365	0.706549944518962	0.284523256795505	0.662760738474456
100004227	0.723988983285439	0.984361630338092	0.286092691427285	0.674404390339006
100001310	0.190533197022452	0.285683632880551	0.262771739834478	0.807477764178848
100001994	0.818344682100354	0.907470409320832	0.30003852153867	0.73566017250831
100015839	0.0130333397995003	0.0141130017403035	0.366535022606597	0.783631782226561
100003271	0.00500249197414162	0.0697549931251141	0.375372319176205	0.478375066357779
100020496	0.860522080651712	0.90395085211461	0.28299941596624	0.684100479044418
302	0.688710015552945	0.410626730677279	0.251188826883693	0.64411093270959
811	0.742985904291268	0.791321120639175	0.28375357682564	0.695083303403611
100001267	0.98429079908862	0.723425086670423	0.26604970654382	0.669141757471489
100001197	0.0227177948495781	0.308322237970205	0.322365562930928	0.697220554688589
432	0.213579858242349	0.459100332922316	0.306779761447254	0.65382669021548
444	0.0107399189133466	0.0562150673819683	0.325386865273175	0.799391792951672
100015968	0.371201894747647	0.436108257825247	0.270954022399517	0.631221793439029
828	0.861267222519155	0.953782876611475	0.285450351700328	0.677313706142178
100004054	0.249220398921523	0.817168766568058	0.287268410210835	0.683577512910233
100004635	0.0936827351898947	0.13879641966838	0.649844446906686	0.414505964169892
100000491	0.441671945351102	0.542628928229446	0.280604696694377	0.570961554782299
100000939	0.0425300207970166	0.0300308903886849	0.308750637025241	0.560189353296007
241	0.234837116558946	0.677092400867822	0.300578328551752	0.692602326665716
136	0.368300722089354	0.0721579263917916	0.249229159530813	0.858172854940308
100000792	0.563830567292572	0.954227514225861	0.289322499727082	0.728421329694338
100020973	0.591082106055681	0.676439346226457	0.30189657787306	0.652971239299418
100000936	0.736881765646254	0.895416303792838	0.28517524663883	0.675963976869766
100001313	0.00791836573739041	0.173326919226457	0.306528614124985	0.711769280516805
100001951	0.0462423187586211	0.0948722211012348	0.330913130246031	0.649895434436751
100006098	0.0178878769217195	0.102617530617806	0.32890012125351	0.766110027559494
100000007	0.237308256106492	0.542894216797278	0.293136040407949	0.683160267344667
100006641	0.914376238085506	0.897907971998296	0.3037145072401	0.676164261960319
913	0.0101829830544926	0.0534410984593598	0.349397921454859	0.550464118997858
100001579	0.801546582881146	0.423461096539251	0.317054961157246	0.672528851618573
100002911	0.144021163594877	0.0111677738599925	0.377964096465871	0.626490488482505
100001293	0.244016322858295	0.348992901828465	0.252314737330519	0.814775205815224
100002241	0.222690472339845	0.560728928070865	0.300077553479578	0.646714051607736
100003179	0.399410994493326	0.0718231341876279	0.26834496151625	0.535398487263692
100021372	0.327137949683357	0.244121838935614	0.220932646192268	0.663991751252026
100001956	0.331926991777207	0.544319243628362	0.279600846326538	0.609053977489123
100021162	0.206803434559423	0.162237601218275	0.269397214609228	0.508137973594549
100002259	0.356761850374715	0.604956777791181	0.261410700227917	0.674697021345264
252	0.416670962801038	0.545535747673045	0.333081632296304	0.615032322523478
100000707	0.446373856684918	0.322052351854252	0.28067001598148	0.686689210246092
1489	0.699357005735955	0.0238574820402714	0.214454104680934	0.653044871097026
100020361	0.029330064931387	0.0929080031611076	0.319401843140261	0.94963921676196
55	0.768688812270283	0.974087964125152	0.291564190370524	0.678589289163509
100000863	0.253694977443147	0.24982788587483	0.246713577114614	0.719267696030115
100015840	0.173839977181099	0.0977210398783931	0.371594332664815	0.651967405445205
100001541	0.14881965985658	0.0744343998825434	0.197719846641952	0.657615112670269
100006082	0.160875201574262	0.063794043397599	0.365930135333583	0.677568281108405
1254	0.720884856015361	0.824832517054137	0.277101817243308	0.707116359802036
100001624	0.499861377961062	0.39403082589152	0.277062216357118	0.637742740781324
100015850	0.88739762641023	0.594630196408117	0.345481505577933	0.646560764427822
100001104	0.00299054445370513	0.015360095348961	0.335766183451272	0.918834016943653
100000900	0.11871884383496	0.377684271624759	0.292786836377384	0.68897863782362
100000269	0.240743242206103	0.0989397045566438	0.181215528461058	0.630573263071361
1022	0.17724414900339	0.988234853035519	0.286190942532092	0.674161988388137
100005373	0.199610166844049	0.0635157847908219	0.249800938455241	0.720957909250502
100001129	0.121109624855095	0.678361777611956	0.276157921259564	0.707360101478752
935	0.0108290400719626	0.106074312910594	0.369439193158409	0.545152834096834
100001262	0.159894685260623	0.19805572211602	0.297857717043873	0.701939822144172
100019978	0.308654426350688	0.566728228775365	0.27621898425955	0.666286621658311
100002293	0.737648022878112	0.828991598967858	0.290504956130776	0.672672363976326
100001426	0.176026544117885	0.242327038553331	0.304827336425152	0.483876278525125
234	0.0298258412219555	0.137092122763405	0.292298193308168	0.63253467602495
100005403	0.239520423231523	0.955524829688244	0.29773088762473	0.671665730993681
100001083	0.0411955485336113	0.325417322360394	0.3138068645786	0.693987129171987
439	0.753562693752483	0.377143535316577	0.305352039476111	0.668977265648695
100001086	0.346363270977645	0.439514016730823	0.301297830160894	0.745918303409685
100005864	0.731003728692076	0.456970743837302	0.264149924969886	0.738141186167413
491	0.508933961367217	0.898240425147212	0.284867318508633	0.676588580581972
100002029	0.474133699798852	0.429549907409189	0.272793742845662	0.548416765395921
100002154	0.810236892611498	0.466042723167833	0.253969438115117	0.650096607479561
891	0.529560666425236	0.234136896442644	0.31947283196236	0.641866938912935
100020261	0.375870633644655	0.447558458740336	0.346689365444514	0.642021798906195
100001296	0.522203987059568	0.487072181386519	0.276928666579248	0.587873464213488
2050	0.325881928078478	0.735143017904991	0.294735329657432	0.64896128856391
100002761	0.335474764132439	0.700851965360697	0.255593609166758	0.798090678481602
100006614	0.853026566917921	0.651735312265741	0.262413496658288	0.746491252417877
100001597	0.859430263100205	0.175029621533827	0.195632732449756	0.495153631470664
100020853	0.79486577591726	0.904759937827113	0.28859723108524	0.681626379127186
100001446	0.284456089229502	0.431767111695595	0.254438189213741	0.67664033698359
100003240	0.285929424398	0.116798727847759	0.335784932963872	0.585645228831733
100001502	0.0276939665054814	0.218871066436891	0.34308150307678	0.765685113737726
100020866	0.104871928835671	0.0127920087082132	0.174400380645377	0.500448879290658
100020419	0.0246330475692867	0.0552376218162028	0.304460080357232	0.405087595353746
35	0.532973820363974	0.307601196151755	0.26144809964709	0.623238599466861
100003696	0.0149262913402605	0.0631738902793152	0.414291232552748	0.611858264638014
100016038	0.78297166216067	0.96889702826032	0.285087883847641	0.674479651605166
100009333	0.2098828305882	0.169080103391448	0.280377788362954	0.715119734740939
100001611	0.159499111655136	0.322186531990773	0.367360579310841	0.660382141578649
100005383	0.662071822190311	0.29183361871046	0.293037621968217	0.721828713205106
100009239	0.296806331543664	0.11531599519553	0.358229628199114	0.497085177354696
100009332	0.338462443147482	0.241419803906771	0.280804995372561	0.650824548721656
100001731	0.156698990207262	0.651934840054531	0.293879297399285	0.650379632383818
100003415	0.344899854922129	0.443369521200244	0.282231919141886	0.684555512533271
100020578	0.139516454769897	0.2121873611698	0.274384010592734	0.564913554662859
893	0.826223078678142	0.535398478270465	0.282214979120844	0.689385728256422
100000963	0.305416120534145	0.192191513984226	0.378517499711291	0.471245113157152
273	0.147619183669881	0.323028257790698	0.327490675149245	0.680270393455873
197	0.453389647753069	0.416048596395051	0.284330507975521	0.545834229378074
100000808	0.284135892748793	0.215143399445124	0.271553189329206	0.829087995969599
100002284	0.748452277914747	0.372461898079567	0.189579295805886	0.619291290976839
888	0.988830968119939	0.123427891445532	0.308198375874144	0.659313070245146
100006435	0.512992640575811	0.334556626179215	0.225078886802745	0.96160480518043
100006374	0.208379241898703	0.628489583913412	0.295535294897356	0.661866678043865
100003169	0.556137533050872	0.959926708990385	0.284433535267323	0.672549777521193
1004	0.578941938299006	0.802521010381487	0.275028044124455	0.652950409270213
100005998	0.0952422018759102	0.90242575079605	0.302841484014502	0.681464999684138
100000773	0.660387468345518	0.549966643296266	0.292764119500675	0.655422867641015
100010850	0.0161768199528797	0.122877501387876	0.344091355572005	0.544216298830117
397	0.854734164368576	0.372172009178485	0.214478893856385	0.742590638175342
100000039	0.0693759716757573	0.27735780506609	0.245208421240522	0.702159735651844
100020833	0.742196999640408	0.753732400652318	0.294680350543649	0.715711144696112
1021	0.371541619522287	0.308396698139033	0.272435646273805	0.704048341256664
100020479	0.356932657905716	0.575218098428624	0.291943556405161	0.68251826695355
100001335	0.534968575023437	0.34824156338972	0.323705724554688	0.642532507061887
100000743	0.582074033762757	0.978746785671372	0.285554835898136	0.68977673825081
100009246	0.17827332493321	0.669362555857698	0.276827304637568	0.703178451676225
878	0.154227881814392	0.917698329941556	0.284268939117911	0.677583588872478
100021103	0.737226496884843	0.852964161140345	0.291332165009311	0.750959146953652
100021363	0.238873146908308	0.576227018572238	0.266634144795783	0.716660364605271
266	0.125860366464378	0.198068653331032	0.287176431317371	0.606140423239448
100001195	0.332244764073854	0.245774950232307	0.364763748028271	0.599540721047918
100019801	0.78027333021577	0.709145806192147	0.299368593773897	0.660114466026608
100002196	0.0349211077699021	0.236537874020666	0.302375187758153	0.684130186588827
100006370	0.238259756540072	0.951806211380469	0.28403181453464	0.677645655052407
100001510	0.0303049206056299	0.00384628869101203	0.241970650841668	0.771559750230877
100000437	0.549878152681173	0.464715836868208	0.272324665917	0.743481811250776
100001767	0.142739308940277	0.0322404876815586	0.34538618706605	0.757268036633824
100001810	0.40423845398082	0.486565121190192	0.296444390095098	0.843738918126983
209	0.0326478773502215	0.336760083740169	0.33333237765302	0.653178444402152
100001485	0.248884825957246	0.0880999664947808	0.172509428020955	0.604488217412359
100002500	0.121682243645683	0.451681840850198	0.291777921558321	0.644461794908165
171	0.0289746229946952	0.0253639335402286	0.222083856617787	0.657806100549931
100020487	0.987007564652714	0.809918105993917	0.310234646423251	0.633436068561212
1206	0.00716798854329146	0.119120791163482	0.289872729788246	0.72516284854911
344	0.0112197887402794	0.0247576087540359	0.596505010910201	0.758833937128309
100001405	0.457529761267406	0.896702558527182	0.29405257969654	0.664342193431293
1239	0.968133351531319	0.502012837167984	0.321845524669051	0.674254219027171
391	0.0624604085475805	0.187649446988311	0.268824397295042	0.878540641332569
100006430	0.452852466508449	0.160015793981609	0.340972792738337	0.42576969114125
100001417	0.897957994625602	0.365039409691619	0.271565792476602	0.823533305199418
100002951	0.0521156373550804	0.436243670966611	0.283437883690631	0.588987028807787
100000014	0.406966915710013	0.609796262641613	0.28363663042879	0.702397094181531
100003926	0.558624811688499	0.47079546709178	0.313091417700941	0.650697179012436
100021538	0.497421094537659	0.354783370890887	0.338979916165218	0.583099399059321
132	0.29915528015471	0.852655367468639	0.288543508022166	0.674946879190707
100001425	0.580175650765035	0.547514349887105	0.354882419250156	0.612856646075794
100020262	0.612464692812266	0.654183890765046	0.308384836272801	0.66006471119062
100002679	0.348979303685928	0.714240284605508	0.273144741096856	0.736978776893965
100001270	0.709550929579003	0.606700211897628	0.294080634404247	0.650633128881308
1102	0.797320935517367	0.982630449861743	0.285438729948337	0.678186624102988
331	0.248279873375301	0.189211753407816	0.239554268164932	0.558505916977631
100006361	0.480677254333336	0.736756688591133	0.276059407808528	0.713064666715859
180	0.754984225977355	0.997133417077577	0.289458569022438	0.674315690297898
1053	0.305858534021436	0.444488694918455	0.425539200834547	0.748464107910139
100001359	0.66561547452455	0.896451333583047	0.298875965708714	0.660676391487432
