chemID	simpleLRM_Fstatistics	multiLRM(chem_sig)	multiLRM(sex_sig)	multiLRM(age_sig)
100021136	0.0224933025599411	0.219387650887332	0.431622915166612	0.708930302453631
100000882	0.759771720487835	0.679848917027081	0.394469701117274	0.595388450440428
409	0.120681837613296	0.196893344210806	0.419065338366504	0.404199586465694
100002254	0.760921508249443	0.0523366681049968	0.26389075546203	0.606749870689398
361	0.0066512484181839	0.0991585789268859	0.287637578195646	0.589724050727827
100019975	0.515842395976323	0.736190648154635	0.383096922541256	0.634320327633078
100000257	0.000801817633417001	0.0204935254164878	0.384480160643833	0.555201944992754
100001232	0.855798166547601	0.982808229273643	0.388269924811933	0.618200773028894
100001948	0.422161275871878	0.410006356605225	0.404371483677924	0.498494732097422
100001073	0.649895577419388	0.668669019067586	0.464245006940431	0.549256613429015
100015637	0.84786904147825	0.479040801675925	0.401411327625502	0.615321460214374
100006360	0.569687695035428	0.67885879080969	0.364333045089152	0.684570093332047
1488	0.586010435003728	0.604771503373425	0.385304040594546	0.596212902793967
100002253	0.800663665194998	0.968616679221704	0.383228385339567	0.624558012431347
1023	0.924928039781579	0.684110800977598	0.380282052915295	0.600908543560857
100004284	0.698670408941126	0.821823770316723	0.377560412268954	0.625224941670329
100001251	0.56692149169082	0.930545325345705	0.38101876968602	0.616123089034258
362	0.712594974085688	0.498167763026314	0.350124097389184	0.613818217451087
100006620	0.671493480666652	0.935120196345311	0.383025602918986	0.62108642771378
111	0.322810809848468	0.148153394783122	0.328086304712965	0.588205712337857
100009045	0.720411459197777	0.320368497532216	0.322253039008691	0.763611041706741
100002927	0.657919509654111	0.83227618445569	0.376384552130882	0.640601380236275
100015641	0.706039314784162	0.892368588219671	0.376559398148231	0.627390087874691
1114	0.13337558948268	0.995430735940079	0.383148890966824	0.619238398711129
100020409	0.41146165959159	0.403490606817481	0.379471341539544	0.507982773286091
158	0.140448667613634	0.256164787201326	0.473465304774778	0.645883737381004
1224	0.0590736397195965	0.212408950151411	0.30572977713382	0.657604097875048
100001620	0.426123433075977	0.377490839375415	0.33837727832825	0.620087978401434
100020893	0.304980896742084	0.064583474194321	0.351244928883503	0.363678773623557
100002458	0.869611986928263	0.475121875680464	0.452106177171003	0.550043203004439
100001112	0.76140239547151	0.985074900244816	0.383219666620691	0.621908316284033
100002953	0.332210980833472	0.779973728673147	0.381210278479279	0.630429162390208
1141	0.366800729118253	0.049503574812042	0.492669659495323	0.441651923880256
100015834	0.410565448594649	0.961455868405079	0.386374667127733	0.622047719702515
100004561	0.700227929083842	0.949791493967199	0.384919316963258	0.617312303334645
100020497	0.808031153840243	0.782978141076922	0.368250160795991	0.639961711385147
498	0.0344680906025578	0.261356573943905	0.389062938029044	0.696322826589641
100006051	0.920578100450468	0.865770430545205	0.386365010763022	0.615744908155502
1668	0.671363959610278	0.529808098529577	0.377569366044274	0.561813686403306
100004523	0.496226632716914	0.905947477712261	0.389804008445425	0.609917999135952
100001604	0.204990863453855	0.504278850971349	0.381698992713994	0.662973304868719
100001002	0.12015942764967	0.46176895924455	0.410201766596703	0.599032343965696
100001987	0.0586297533716056	0.206611710288646	0.955138554754191	0.457425227723907
100002462	0.611089851165652	0.323284899016154	0.4554509461701	0.500815713398088
466	0.566160393500411	0.0715971196067242	0.418384705373458	0.59462406954166
100000665	0.846357001756842	0.45282410507865	0.422115244899743	0.568006101612042
445	0.882823799685091	0.410073010604648	0.42511433357221	0.667773696824595
2029	0.232873429599104	0.605034536382683	0.394690145220695	0.623448050415585
100006438	0.217587972298744	0.313032851471878	0.417206563646908	0.637837793615489
100001398	0.181055217535767	0.617149248654374	0.360010620216133	0.637993702123386
235	0.399638956034397	0.46856742152439	0.345871480081566	0.650619139768847
100000997	0.689636736261636	0.668812942019498	0.386760502615806	0.594903477309185
100002094	0.338383724997321	0.24734640207072	0.322412157933609	0.501693569968323
1052	0.572465446852231	0.929125573829918	0.382520947216272	0.638973397406753
100020823	0.362765806673281	0.620876371364123	0.362468755979425	0.609957625494622
100001806	0.27956272598368	0.602213843279298	0.443647527347541	0.627953641898663
100006092	0.784140215420616	0.86539083530121	0.390547066565961	0.60753288883296
100001415	0.127579896699568	0.0841304515494968	0.378404478876	0.363963728467606
100000008	0.0489545949500163	0.076519762686163	0.417894463934701	0.465405702119067
565	0.0106811285872933	0.058723474382606	0.3701319880711	0.698506371386405
100015851	0.149022727191542	0.184843264240179	0.483075226860908	0.753356536904381
100001866	0.714401784470111	0.979786024861179	0.38904390010037	0.620880119289873
100020546	0.00279181194251323	0.0279405068413638	0.656721172774235	0.806164301957555
100016110	0.510462218672626	0.422818267441831	0.320201765255083	0.713495125064983
100001254	0.00243145697006518	0.0111059013039608	0.502383662152658	0.824205830512158
100006260	0.303107415288999	0.743245552093144	0.39455778257958	0.612432905641357
826	0.747856309068992	0.899140964081568	0.383029672159989	0.615365356522288
100001872	0.481333978554135	0.839958025749595	0.383894749834332	0.61872467695543
100000263	0.553787434725848	0.511402793942814	0.427655740208951	0.620755637998926
100021198	0.777787558843513	0.0604462095805288	0.271810783778231	0.345256006873164
100015967	0.0356640817216577	0.0869107023345017	0.469325539950724	0.446401284303938
278	0.16941746268378	0.296889562649564	0.356584217994692	0.888300823391884
519	0.825929079488491	0.34934119362714	0.442567270260306	0.5612720398212
100009337	0.15694724507325	0.366157896163025	0.483129858092633	0.609060068461603
100002185	0.285297034626419	0.969346954619744	0.38530747906525	0.617544912538736
100001278	0.450484829803594	0.282234988867503	0.454099390609514	0.576104667012096
100002103	0.975347354331377	0.544918396343695	0.38996788828133	0.558683224114154
980	0.839837658736529	0.459212083778043	0.416300838893944	0.601578429313674
100000016	0.658631027123771	0.340217584934975	0.387813398162977	0.582400344315112
100020372	0.161094352134962	0.460840064480413	0.384356796672434	0.553296993820003
100001662	0.555558102336831	0.126102979679624	0.159138192770279	0.621609239382911
100019972	0.890730710150252	0.690838841126608	0.391606167109205	0.606924856805339
254	0.710646341091693	0.703361888066898	0.381425409943077	0.62186511436008
100002009	0.620999636269632	0.664452176257896	0.381523437119185	0.540866570696474
100010895	0.460253553697499	0.527814325620478	0.437484165681517	0.598550372709536
1140	0.962160037934146	0.900944370068621	0.381990653339916	0.609239268265749
100008951	0.658662770272757	0.543417216304434	0.406035202861221	0.583043568905156
1084	0.379322548123569	0.838159009500168	0.382349131987992	0.655660430946475
100002796	0.126304216147008	0.436269592418821	0.347982109473833	0.570435056377449
358	0.953319963548562	0.94895099283986	0.381640209225098	0.616464596902307
100002070	0.670275736077661	0.654323781524426	0.37506913061938	0.652550446613993
1628	0.408393135220781	0.140838094066727	0.450242975092468	0.606467994309109
823	0.696448704792746	0.57509273574985	0.343625008377273	0.671022492021748
100004414	0.483292569779443	0.0959878481709219	0.48138314195604	0.749369571960243
100006129	0.654078934527875	0.666689945163863	0.360496082459554	0.634376902821565
100002028	0.602197597896369	0.381519251188995	0.538789922855235	0.406896799802452
100021707	0.592617593559666	0.694943494419167	0.354482660225625	0.662876405228564
100000054	0.525539962675818	0.468932751102803	0.372527138089885	0.643464334883199
100010869	0.579578707173383	0.252219915423896	0.382849869589109	0.504879202691723
100004575	0.0320905776031327	0.110730164551758	0.466817288835154	0.940041965068131
100001212	0.967286719779211	0.681473336411782	0.38657131537833	0.564757937269065
818	0.227803686466938	0.538106692937453	0.434858757612561	0.570121630583131
100001092	0.00244207971105287	0.0262232795431977	0.363624252446187	0.613099245920927
100020371	0.859863151194409	0.940183425811348	0.384777780446275	0.618068228792954
100004112	0.228338816037162	0.540180635886456	0.400579453909096	0.626363175571055
1125	0.481806432488901	0.364577641266237	0.41912684082223	0.652316292340506
100020491	0.971311158380092	0.649261836891501	0.345193180158452	0.631582083833663
100003151	0.00237360441093174	0.021850856236656	0.565634249951392	0.497175333393259
100000011	0.351759197441288	0.169154430073725	0.290398363168495	0.723844968889748
100003594	0.543876577059434	0.970955521922866	0.384979819541937	0.617619567110612
806	0.706670769021941	0.139374650594214	0.385251842044751	0.422096658090978
100001211	0.946926117896817	0.546864225849796	0.396473606245601	0.598844363710388
100002417	0.512604549085781	0.640979408774736	0.370554628564822	0.591246351781616
100009335	0.529282717448498	0.211627446124073	0.319335186765726	0.641566626973048
100000781	0.619889501810319	0.932864840411223	0.381555128580136	0.616287458884968
803	0.0311984388910583	0.0349697592315725	0.36721357304387	0.501702401181215
50	0.461843057234112	0.678591247306736	0.393539213331107	0.600715245543092
796	0.397689361659679	0.0442517072175772	0.425123510808432	0.60186092136972
100005834	0.911396711603465	0.684634159355688	0.42719904350527	0.616068854649204
100001580	0.974868997701216	0.541552568659207	0.407095464824402	0.62062271508565
480	0.969296557157102	0.54567254348812	0.340571952118647	0.624107845496424
100001540	0.270605043999934	0.723904320515949	0.473507098062238	0.698615480760225
339	0.590687329295105	0.128613829579804	0.347475697809303	0.536075807341786
1110	0.982486888806298	0.941314433479532	0.386233023966194	0.618029743483784
100015836	0.135919785680741	0.158874191407277	0.563594662662082	0.789164643573624
100009271	0.528338196546503	0.496151256464465	0.427450759949108	0.597871558683009
100015638	0.923174031077993	0.456387494962719	0.395898623731867	0.602706783091119
100021667	0.780190413477324	0.424310842819654	0.4483513202524	0.592456021922035
100001279	0.625734601052626	0.394759411852368	0.408785671798859	0.734594456531121
100004208	0.0281654975471119	0.137044380254129	0.537287256968333	0.734410125501066
100003695	0.193739871803747	0.136842532797416	0.420983701067302	0.408641216576015
100000802	0.725364742952656	0.921507176209048	0.384312097414457	0.616052779593154
100002769	0.758410158790897	0.0986175344243727	0.28978148361676	0.728781718839693
100015835	0.107258569204913	0.292529153054027	0.547958489719079	0.811716578437836
229	0.924190866743764	0.395667722297408	0.422365914722249	0.613990503827568
100001266	0.00968182720956942	0.03322490772279	0.453318542281273	0.910606574353785
1342	0.281216012789842	0.347543603873774	0.333687032186442	0.636011958961836
100002102	0.82890497122993	0.543179193222586	0.429329016035388	0.718243811145743
100020254	0.305134099485238	0.710296751640911	0.370045687044143	0.642046448507638
1231	0.528252118610438	0.24012266109899	0.444101957829208	0.575025404458783
100020492	0.960092325297059	0.892848123992836	0.378364617977305	0.617465327774717
100001402	0.314407609564935	0.494096630263867	0.434844358313601	0.620273494312675
415	0.0093371925890695	0.0993490545258048	0.427355122221209	0.680831089524238
100003109	0.963185534290173	0.973553413644973	0.38379728666016	0.62006893697162
275	0.609998640127655	0.837650630551121	0.37348881366642	0.606589823612185
1143	0.163470268578796	0.0772756574878214	0.350825597260432	0.715390739004389
279	0.421335013718598	0.353551862499624	0.382496041333812	0.495466967526041
100001198	0.94182599328432	0.960320566200409	0.383555656635645	0.623127547280982
1648	0.451667019046432	0.998838313273502	0.383561981475714	0.618605288012961
100001590	0.191630755145162	0.205237572348093	0.385467329349424	0.515797982829548
100001733	0.320998020681205	0.819096347031932	0.379202552410051	0.634696939424036
100008933	0.0168637222419602	0.00226180310889332	0.506397256678543	0.576562125931134
100001550	0.35574002455249	0.513111341536142	0.363584385992216	0.570862570987649
1215	0.0524868249755159	0.194226458703355	0.330612041788417	0.568493339208149
100002356	0.31532333918662	0.11876124503473	0.444922120469035	0.629057049921306
100002749	0.636569016888389	0.717235967460672	0.389300814591958	0.626683852358014
100006379	0.194012242454466	0.176136955779292	0.430393256026329	0.39109368609625
100015966	0.0816966664438764	0.152680729746602	0.415524191074414	0.451533913792121
100001392	0.590703704284317	0.981984679686618	0.383577700405142	0.61813109411176
100020425	0.119889653759318	0.0458268497128053	0.3275393077939	0.385441332957723
100004299	0.357698255331744	0.840512767922221	0.398654172099522	0.659958825820427
100001734	0.643803357526899	0.536693913247996	0.397905380506216	0.563091123713707
1002	0.92872919100278	0.776147260572391	0.386484610059749	0.616385161630854
100001337	0.256142611188773	0.781262193601803	0.364828568635691	0.619346780604441
100001452	0.986587033674403	0.701380561537006	0.384783816094713	0.58163853399007
314	0.552136835890544	0.391208332187362	0.395071192733511	0.636294969755351
100009264	0.926108664347045	0.633252799955612	0.326748599092949	0.720461521264849
100004634	0.430403693736248	0.508081137462705	0.348566417753302	0.634615724626781
100000711	0.75692918507276	0.709251664002681	0.416868407023739	0.64160427398545
100020536	0.0258388144836865	0.102519176130522	0.452801045436095	0.722715997743864
100004318	0.483893998977986	0.674046173697898	0.382404198102485	0.619026368027982
100005850	0.878222683321794	0.458516338375043	0.477270682910205	0.56436991783268
100006619	0.277448898962917	0.129813752041353	0.43860333228897	0.600513353371742
356	0.425215555807478	0.625067416156575	0.369943615642107	0.63538377225482
1221	0.517699287281213	0.505257928500689	0.501885239813321	0.660743331214972
100001397	0.724489321756939	0.720909882657753	0.383193725185748	0.609099970303578
100019981	0.881424042750694	0.934221963896619	0.382850390430487	0.613567063814777
100001208	0.395157758936827	0.251139907323371	0.340174832141757	0.899446693042995
503	0.0159050031598289	0.0135129241518808	0.237268318052793	0.478018183378315
100006375	0.164406440863542	0.618668704182562	0.411980007909458	0.598443364247151
100001295	0.705488180379515	0.647402227484623	0.375609027271738	0.700767761609743
100020427	0.0622332543709135	0.0289019281007371	0.365468680253848	0.3405932930492
100002784	0.491356689093741	0.384440304361708	0.332099409325202	0.683489578895094
917	0.0865170437222385	0.240090735122658	0.404204169955076	0.578156261845918
1869	0.399267671907684	0.214781610311405	0.407724862238497	0.509467467480169
240	0.227067551623825	0.106005034466798	0.252320469388132	0.432197441526299
798	0.0101968424002406	0.107953100652125	0.514723501340434	0.563443802502038
100002952	0.259236286952639	0.532869311220186	0.381127101306363	0.691825776502168
98	0.660429338633262	0.845677251312877	0.40058361062559	0.623685873747416
100008998	0.298923610141242	0.357899349449303	0.313195218035755	0.680920428497718
477	0.82861635658339	0.300893172182522	0.386326384231392	0.616453562111578
100020545	0.0785025783957345	0.135138834811981	0.441268779115634	0.780235782625779
100021666	0.994217270870865	0.229409426096232	0.432691595254086	0.609996682392052
1256	0.616339057318195	0.761117793888893	0.425916757241726	0.647725789558156
533	0.283703485872965	0.0749605767480834	0.285455418684449	0.379657828199158
100001757	0.464624337960635	0.928894050894072	0.390818605229535	0.615223014043178
1024	0.245701432157228	0.0817482789578237	0.270670743732568	0.913473711643567
267	0.472394184106444	0.97446973191195	0.385241194948623	0.61758061588334
100002113	0.141670625112752	0.10687101101608	0.358532979383819	0.649955267627833
100001756	0.873593414376866	0.718656970379577	0.397462562383873	0.639103714654886
100001193	0.507949227774461	0.196327431617689	0.458490363129158	0.570380588556164
100001668	0.682586810963933	0.979842268900262	0.384209936944897	0.621318970521893
1124	0.269423749135243	0.296826563086952	0.346698704071021	0.710268176406866
100021331	0.18797254036075	0.346778178345629	0.359675657766033	0.657859701280614
1090	0.0883242280787799	0.0536994806598942	0.351034823371567	0.766285834992279
566	0.946933891003774	0.280429674000649	0.290423731373499	0.617998736317709
100003119	0.544187562004935	0.308537357155353	0.414664496989866	0.563862029719888
100006367	0.724612940217618	0.542370041239085	0.397915872033896	0.597463970578613
100004322	0.193499371552965	0.226723133089085	0.396329702209814	0.704029316489026
100001034	0.874096309134796	0.746492543128298	0.380915148462363	0.604595572902205
112	0.867162069507599	0.862280473488557	0.387911717121364	0.597927576102286
507	0.783155981019336	0.802183255378528	0.381322476863473	0.624788289123443
100009233	0.317929044030456	0.200962611170143	0.35621631081291	0.636650373825361
100000406	0.0194484760907343	0.132205536192798	0.58593759222223	0.429123926315713
100004046	0.356827454284876	0.471170677163449	0.268675136793555	0.569304028614701
1025	0.8498583972149	0.752828534655354	0.371340353954282	0.635051235603539
100001106	0.154475340081984	0.171476747260364	0.325559610214226	0.648902851211059
1128	0.0392989551603905	0.619670044961808	0.41365772551999	0.661959596593951
561	0.0330783545995184	0.150448554167775	0.277888350153153	0.531401861256715
100001614	0.904975671528011	0.3822791407899	0.398049912030954	0.596877986940213
100000961	0.864626858882032	0.938055418190941	0.419863047796044	0.614640617577443
100002397	0.91202008312277	0.62361691863403	0.382737382330476	0.559185037791745
100009407	0.865613875245276	0.964639203069232	0.382854890550927	0.6230589356763
100002910	0.997058737742613	0.54293973169354	0.350060281053477	0.545773433914517
100005946	0.2656658749927	0.347046113610446	0.434749121951792	0.715362482825099
100019794	0.0779139029736166	0.26375763600563	0.392224328780096	0.77831322884257
100015759	0.361078023947497	0.114780966319852	0.326948198578891	0.627955323849159
100020417	0.768702100089096	0.637523024075216	0.366144597227417	0.597691118061905
100001054	0.697212247296369	0.976318928933211	0.38581689672666	0.618893597832204
100001437	0.302484168407151	0.338779681231735	0.328081306309258	0.549547869321295
504	0.183188330837165	0.604498346066181	0.467534013019348	0.627657315525802
100001988	0.49239626461303	0.698567051509302	0.375905770280759	0.757776482351795
1082	0.0397345576028374	0.665939596092298	0.414296357130194	0.64428895383859
100001403	0.24440386363008	0.280139768198873	0.439283830009266	0.592550211450007
100001664	0.723088110237607	0.461759303850777	0.370222786879738	0.821037421647398
461	0.260776917301276	0.201504981176582	0.591183797995831	0.589825989351134
100000463	0.654387934976242	0.962562406581285	0.392389210581651	0.6190618617157
100020208	0.513945768762456	0.473647787136307	0.441027706927673	0.496807920187768
381	0.317344933768376	0.0407864618912049	0.17574898346267	0.423884351694206
100010901	0.0860579459724175	0.078124107920491	0.382761758596933	0.730933890884173
100001468	0.259715750784711	0.992261236767885	0.384704708646029	0.625120054874147
100000840	0.994538082460614	0.899478077438535	0.382378353404802	0.629329208244846
100020014	0.258345398835524	0.606494615390945	0.376291976250398	0.633129644592666
100001993	0.824033302594513	0.696414412747804	0.340862461835452	0.743244059157014
100001051	0.102740279995635	0.0207174624028398	0.423244292477415	0.317240087168966
100006116	0.354514318775829	0.494733801518989	0.391741811415635	0.618772030851351
1108	0.971892311359039	0.972045285179705	0.383186794095084	0.623023876972406
100019966	0.323245921261985	0.122573857038988	0.459094519938908	0.585815147915846
100001743	0.670218852287246	0.44531864706321	0.370666659445348	0.606052554594953
100001294	0.129055292175319	0.203504572060007	0.283005718520685	0.675593113706559
100001609	0.2749149884524	0.108003443636639	0.359281912598442	0.711434270731962
418	0.644202356637093	0.907941748951131	0.391383486193294	0.610464262752459
100001178	0.335386794170289	0.944247254749007	0.383428462557054	0.615359178870753
189	0.982033780273917	0.701514324507962	0.354925541545226	0.59022734650267
563	0.509923883767963	0.791274498578248	0.402778369743467	0.603946224762114
424	0.687659646601883	0.467059358260846	0.41685610086203	0.604195110037354
100000776	0.109510176698012	0.292516543710643	0.444065071433635	0.617652480917184
1001	0.849588408019709	0.503528171737314	0.383073089564778	0.627066371538447
1135	0.365863257845736	0.108554314294212	0.361679357232557	0.680138290296517
100021093	0.335032989376913	0.472315345867426	0.44301461649269	0.639780987357387
100020219	0.106250840767657	0.204685937728749	0.405630366591802	0.508175071954904
194	0.41861410844334	0.856903361055169	0.390582848465743	0.599709976699841
100008930	0.810135049365634	0.643425834289451	0.408308981731775	0.602330802367921
340	0.628589180292289	0.25717876700596	0.249337612901512	0.699510542221163
100010896	0.8855895230749	0.820972573508448	0.370583203810061	0.624726370510092
100000787	0.284361240675338	0.12783116482543	0.361693210285272	0.36632323629771
100000639	0.0208381832114728	0.190600618064607	0.357847450305781	0.619108758029362
100001851	0.970042842954571	0.25786086039205	0.40979687366487	0.415204312387226
179	0.611196497225549	0.58556961697782	0.376541213380234	0.633850357706023
100000626	0.429906220393187	0.745604266704418	0.396858044586112	0.61962228381805
100001605	0.0122220247093118	0.0892302149324803	0.478648791414791	0.71032201836452
330	0.321085103719631	0.461243587103318	0.41140950615956	0.506642417605472
100001162	0.939341023855575	0.50521129132501	0.341517142896214	0.576153959240606
100001167	0.0498048276307944	0.248413778920708	0.377026800215037	0.603402405086121
100002067	0.542200759401428	0.693449950762115	0.503947549773712	0.534216043328185
100019968	0.674747271027751	0.374566514050838	0.4192407411566	0.559064394799053
100002014	0.983046290611833	0.984723279138452	0.383048946080085	0.637722547190912
100004083	0.331754292575278	0.107474194685174	0.447081213621878	0.470271005510146
100001315	0.422757204427471	0.442881100136811	0.389056705488027	0.683782641341269
535	0.311811223314471	0.572704857728802	0.404491759174176	0.614114219334622
93	0.444448267430713	0.269613704045918	0.426652030434308	0.470339076583562
100001989	0.372014319021905	0.631546798469348	0.355642166848637	0.661370839525549
100001740	0.786990161812213	0.417883037318492	0.350893665522678	0.639170614881558
482	0.251225227845352	0.975500327129428	0.383217774647578	0.618914463485529
1629	0.284070291841229	0.411178051397208	0.449743250371491	0.59589215707493
100001399	0.454256382263888	0.373647712375124	0.4034687588182	0.619360571512579
376	0.644738221963977	0.130749819450684	0.23984421712856	0.730141772827092
342	0.678235370955884	0.55612961220046	0.384587492151335	0.614971152587851
100001253	0.0275452819856352	0.1884831956603	0.32986390084586	0.825159812085914
100000708	0.723701531408417	0.831224933441708	0.399189721898439	0.624643676868722
244	0.2026066470409	0.0558092967926964	0.321881540137945	0.734586601416049
100006726	0.44097115712835	0.281492146379942	0.441047193152806	0.60518995630691
100000036	0.207024339725701	0.642772187718117	0.356613778967543	0.657532670153011
100001257	0.0326231889157468	0.100748401406903	0.488621433162326	0.877596118838648
100000445	0.653192285828226	0.616441696125567	0.417431141474615	0.577036875580661
100004088	0.00409093800445601	0.115659955031193	0.445780738264826	0.688917175631074
100001423	0.936482378028886	0.783807903365008	0.386416234189121	0.597142130387908
100001276	0.45646575826953	0.291361791667533	0.343484314039865	0.543988515100974
100001876	0.659125914216805	0.989878524640725	0.38388720583433	0.618878925740084
100009082	0.586788372814297	0.0403798815198812	0.182714508695618	0.601909069675459
100001121	0.370849072404086	0.742348068305074	0.377896288341788	0.615016796734833
117	0.303293547713443	0.627742762786295	0.362972308650941	0.638227963484586
100001868	0.0640175827171807	0.137011977027182	0.425662758598114	0.637288574384111
1134	0.570868111632956	0.269817526630227	0.263170454300202	0.587711106983369
100021012	0.258048323872523	0.468389316581848	0.393762708674121	0.643383730912144
100001181	0.856083989579798	0.27787848329833	0.45759371359238	0.556058574431535
100021467	0.763168778484561	0.304881205137592	0.385711293748586	0.535045744549883
100000447	0.252093241357324	0.253172591661323	0.433317034114739	0.586201018651387
1162	0.000591130593951403	0.0131061949343637	0.488642722724753	0.523398005403563
100019982	0.46419048292867	0.483609016276062	0.394827057383448	0.605275051945291
100001613	0.947355705027333	0.461260135125754	0.398319480430257	0.590861772634163
100006644	0.414020551476354	0.648994792407167	0.361350205409593	0.644200395687546
100000096	0.557359307999765	0.0246889029402892	0.254809841310435	0.591244510292656
926	0.481718353766108	0.698847619891803	0.389205624225047	0.622678054218546
100020004	0.988207580629272	0.609017500414857	0.413063818764382	0.614087719867209
363	0.19736838731645	0.0450566481477278	0.353413798851592	0.233207070127875
1111	0.316584032035649	0.974232339745802	0.385292775319813	0.671613458330775
100021712	0.73998913995679	0.779150732428077	0.383430572486695	0.603798981237977
460	0.827931129742706	0.697494693185398	0.397304198102756	0.655603957600171
100009331	0.324882954792889	0.210937381573607	0.350049365176019	0.646209395939229
100000442	0.367684659978386	0.826763466617821	0.396941272612441	0.62998425835817
100002945	0.106766392433639	0.0185056757086371	0.480246180258571	0.580759733925472
192	0.907842313219077	0.972260390422005	0.391647602632908	0.634762457145812
100020241	0.381182219766984	0.973732118782933	0.382611627755768	0.617880011391266
100000580	0.103909454082908	0.123647183847014	0.336213051251442	0.853557191703574
100002466	0.0105011719043906	0.0295960813263577	0.323601442893808	0.394832435854371
849	0.795800434533061	0.651571511937094	0.385372185739636	0.580261459566346
501	0.52493693298133	0.38860476492532	0.421000785457886	0.577465079098689
100000282	0.664808154313572	0.123312977991791	0.482287599469058	0.51384065823128
100001577	0.0457431009701155	0.209311454875858	0.489705923701203	0.68093164303845
355	0.0878784314641817	0.294894874913471	0.329610816166555	0.521834141611967
100000841	0.656637492652539	0.955172973504983	0.389078280620638	0.633854730123599
100000846	0.840309621915519	0.353830056229887	0.371855190068223	0.612416845846107
100004295	0.87430934879967	0.40255911677599	0.35654385138218	0.571054523388774
100001586	0.112282886403286	0.0476577712763473	0.527263230834543	0.30298832102272
407	0.0198654767701839	0.0408976480069269	0.403782833243498	0.695499145522487
1137	0.732218728282877	0.697063999842353	0.370402844612771	0.660044733761043
100021374	0.0298064475303122	0.0140286973241126	0.30572224884492	0.981682200687455
100001593	0.607239735197758	0.944398750325337	0.383889229798555	0.621783284357736
100015971	0.649265108596259	0.690210502679637	0.376295731004723	0.61472732760938
100001022	0.301594617412442	0.174674047436276	0.248178564490417	0.883048114912375
1094	0.0889755972731516	0.26974311461316	0.537544896240197	0.836148078869411
100002122	0.248659660190017	0.255561975401635	0.324035632245067	0.716116676114015
100000706	0.511136692169406	0.652527358364975	0.343385361674696	0.621655942764873
100001055	0.774560991474771	0.257127144977328	0.365247798551719	0.522824144835436
1235	0.365992380932508	0.663245277813235	0.366588564341732	0.652836535332892
100020204	0.146245170893705	0.59289368556663	0.399640192878396	0.659004516150595
100015643	0.0313838795614356	0.271059600205758	0.42064991599503	0.569475010349617
313	0.0195037661711881	0.240912675093988	0.408048894082594	0.553272348834427
100001413	0.816482240527608	0.941231187251403	0.38414121171698	0.615170585332002
100020423	0.0221571471467887	0.0158282318910722	0.409663427343285	0.317103314173454
892	0.521878420424418	0.157848294897068	0.409885055798794	0.649605112774759
212	0.0941248504142018	0.146648833946345	0.471970776434959	0.604441563621728
100006105	0.1879312490128	0.172846407756463	0.435454805125214	0.630544949404642
437	0.741957901488087	0.609330490100849	0.358507172212693	0.634784559093567
100019892	0.443359668695288	0.790218166362013	0.381079480531538	0.641184790613855
100005716	0.100964434086179	0.117131640663867	0.399749970730549	0.703696269068013
537	0.219306730382156	0.125500884658955	0.395797414220634	0.64405270776137
100001990	0.324920839604949	0.620148279243543	0.429527429014853	0.573979794484577
100003397	0.0244228336486272	0.0032829351479868	0.318054213563209	0.370546597368758
100001320	0.146015831416622	0.231090821676268	0.469488073844062	0.401436517374971
100005717	0.171833301983822	0.0997595648502114	0.429516730255862	0.655075654177274
100001207	0.0382325290777827	0.196473776208985	0.424540885800468	0.628998618089263
100001999	0.581195873011526	0.896502603138642	0.379327830816842	0.687557226985346
100002488	0.262350293501142	0.021454589068009	0.432564202409516	0.571182787506187
62	0.266825888809539	0.773642660019442	0.37425166971521	0.624232796987994
100000467	0.75163639039919	0.508467132189529	0.363195619483349	0.600825188972614
297	0.00489328334354296	0.125145223052075	0.396634271808832	0.58382258951619
100000285	0.0396841504088899	0.436788978820242	0.382310660538001	0.70801458679619
100006056	0.0583184588394501	0.365918005564272	0.406717068111446	0.659780875472478
100002126	0.146413587686705	0.292057007595084	0.303719495784843	0.924902147490038
100002129	0.713441713940736	0.892511253640708	0.380888892852673	0.686933682291726
100020478	0.0347399533103405	0.220517241570017	0.351007491711556	0.64703818779817
100004089	0.0716782310866325	0.566547574598933	0.406103069820372	0.578281497463367
100001755	0.460039202780269	0.61191496804476	0.382438882646827	0.581831103369962
100000551	0.0376898453972843	0.991428889913699	0.390127717135673	0.619459843367627
100003260	0.549856912906009	0.344482779157977	0.419599631458823	0.691554869477215
100010955	0.574278139936509	0.278957439678768	0.306313627472375	0.479089595672316
100020851	0.203618387498913	0.441540892960865	0.414394452465658	0.639809491239337
100016069	0.693428047852566	0.804722016538832	0.38723021461404	0.608150928409547
100002027	0.535513063732147	0.584992211728969	0.306880292826236	0.72187018647413
1123	0.397642983834542	0.1990330714596	0.365813039265893	0.744178575825174
100001150	0.63687844790966	0.94132729037966	0.382345606227861	0.62194816454727
100001657	0.280251211669814	0.725927003244501	0.384582841468612	0.605110816722047
310	0.23583103792244	0.345868489232453	0.343183943556557	0.719379924529491
100001314	0.467137783761551	0.158158172318207	0.349591920963904	0.520140769787227
452	0.786332313916642	0.640228520780968	0.423409644852838	0.592774913864005
144	0.0753538188466798	0.0503275127203281	0.476107518836775	0.479950530886597
100001182	0.256018633305183	0.167609062612979	0.453018463866208	0.606449460337268
100015965	0.717839564856219	0.475969317444556	0.368520683646893	0.686597074605304
100006108	0.917578209628836	0.543163779783469	0.388276187306047	0.652630371532993
100001400	0.711926881644146	0.637728412656583	0.365006858696253	0.609958941181696
100004541	0.329121348232975	0.211034667465373	0.370704159488469	0.389459749394269
932	0.812263741689003	0.349221694835763	0.38795593455568	0.65205890705144
100001992	0.38354476778486	0.473334728702668	0.554110386205947	0.50056231978441
100009252	0.147602743323624	0.190986777481855	0.45051268398303	0.602236655164178
100021104	0.668415249547105	0.616899838512447	0.327536431135202	0.738501464909359
100015838	0.00825204181011494	0.0356975695610398	0.556679476726448	0.863228168787265
250	0.000915448419478308	0.0202458607731449	0.676709536669521	0.708722002238151
100002537	0.937805661949912	0.501420166848454	0.359908180424209	0.724273651731125
100001658	0.844971877825584	0.69860835123033	0.411512494725959	0.606794239495986
100020416	0.459955957469482	0.442528038232232	0.338670475217288	0.60598532844734
100006642	0.271192828401673	0.786095531788269	0.370906133422789	0.640221049623577
100001391	0.0812802702408189	0.29449552752631	0.494526624817561	0.73487267065117
825	0.582877670392206	0.696956922633387	0.350693383923823	0.628893893792393
215	0.0213555356767658	0.10441205175891	0.445706925446474	0.603439292184212
100001026	0.957727683575404	0.869631911413665	0.379672471547758	0.657602554821754
100020541	0.426041616685826	0.46907908339949	0.339083014446559	0.657886906979989
100001526	0.223419766870799	0.276853092286317	0.554988165298432	0.728113045976962
100005384	0.463665822065495	0.39164445617259	0.364305548488261	0.538846008512409
100020378	0.314893468340537	0.606097756941894	0.36529094545831	0.626919486577607
100006115	0.988865095766578	0.387202885163138	0.482525100458918	0.516557480520168
1442	0.174891963703104	0.0411703082943238	0.173917504547012	0.5062298425194
100001843	0.105609929604233	0.176525441606747	0.428078070150287	0.704439525647383
100015837	0.184770817871642	0.281421382147149	0.610386964157643	0.572515688915691
100010834	0.719317691141623	0.967567145623131	0.383990579365782	0.617186851573446
100001393	0.829457135878054	0.352736442377084	0.304435203311638	0.660399010141352
100000015	0.444687645527212	0.487686240651115	0.359565016489347	0.640329526968794
100003892	0.0380290968572437	0.0475881888381895	0.347084840882261	0.871594717028711
100000042	0.146836888096098	0.0188548970769834	0.419259462652148	0.521696947283738
100020550	0.6101784347625	0.221615617826529	0.410342917360476	0.521549673960371
182	0.450913845983912	0.357930875445789	0.370737324881818	0.639901712750403
100015723	0.132093908457841	0.422185499264633	0.390625988288881	0.600841659759994
100020343	0.349691845721899	0.461287670408809	0.351116288531657	0.62006653641171
512	0.340591426428247	0.610101637316869	0.419727400067857	0.590320660028216
100021100	0.767575850939973	0.739745006256551	0.371404929289389	0.62210683938284
100002528	0.294375739297563	0.0621894571829794	0.462168999905697	0.40161727650156
100001287	0.541199017836981	0.77227873425325	0.482842128808886	0.575669369055797
100001229	0.650599370074747	0.893613947094494	0.39307581632266	0.609867132128618
181	0.317912595571864	0.813230823603135	0.378121559132538	0.644575793689361
100015831	0.00161724149361549	0.019169937397574	0.51084206850887	0.412617633759542
100020515	0.112661295873777	0.260262627600626	0.301633336726741	0.846965382606164
327	0.270413616768566	0.279784640335643	0.447617350730964	0.578398048376789
100009394	0.626839416113874	0.763849093462487	0.365811470861197	0.645218737329075
100001596	0.886921286818757	0.237440084668396	0.350897358385338	0.461283445348128
207	0.984224675261634	0.526336661556594	0.394010805144708	0.586198735273595
2054	0.51297979745858	0.806301383956951	0.372890444378248	0.632597161857908
100020259	0.670194099836909	0.55986923070443	0.416135756740948	0.603458081195634
100020414	0.00283659672897889	0.0375559429394851	0.288798148084578	0.591497576801828
100021131	0.973352830895776	0.222186051859053	0.380255595841568	0.567540197669909
100004499	0.939479368104435	0.678124018661196	0.374769758355453	0.585553338530189
880	0.14676062587481	0.738931548295345	0.41897036286165	0.61293992127277
100002049	0.543680790403721	0.320249388850993	0.417841720865732	0.57277394400075
100001739	0.608477014937873	0.259285313233081	0.468979858031687	0.582717326943748
100001126	0.333324995565266	0.128449678554273	0.261757834044298	0.49416652363724
1113	0.729657855214737	0.834801922338238	0.397568627042104	0.596647847345602
1083	0.951358298601444	0.325748658155656	0.410891219182113	0.537607362790962
100001730	0.0907707814277845	0.192658003416937	0.437719719460342	0.502265248214397
100001412	0.55135848865132	0.962656387536136	0.383455667710448	0.625472616610852
100005996	0.693130638541994	0.60299704099184	0.370363954385859	0.593832951528208
100015962	0.00597551819923165	0.0815954451758964	0.299288548142656	0.925182669845458
100020214	0.605008125399315	0.380998678943215	0.413930491700868	0.534033619833965
100002514	0.12375074059514	0.326662272784247	0.399653040807183	0.557348905092281
564	0.260811946449403	0.0673621263046165	0.327894688796454	0.517057486394881
572	0.0208515589820667	0.0164892194518357	0.55817442653889	0.480407769816552
231	0.884037781815454	0.616717960371969	0.353451567478333	0.633465235024124
100000453	0.74526511640794	0.653167257233034	0.367424738194779	0.660539319934102
100001007	0.104425621482347	0.222133717099444	0.459584657902884	0.495256783617723
923	0.601555813260743	0.335393040268421	0.366787512637669	0.670291280229284
100001247	0.37115217807877	0.500457502028641	0.366627285854286	0.599511222869306
100000774	0.512055392536005	0.823788833888627	0.40635520852602	0.639291337704248
800	0.468917258123373	0.416622147184813	0.393537618445293	0.672969822792383
100021678	0.385804707074621	0.4694619146217	0.326073016137995	0.624417860226973
100021711	0.452567073859049	0.831087379818678	0.40147515424905	0.627611691806036
100001274	0.852425854030194	0.433049538289778	0.368307915716013	0.487412862207976
100021220	0.155158344260318	0.177830439574831	0.45558698481297	0.928598187395679
100020253	0.602394662771417	0.905103865091942	0.387949683934084	0.612227091283715
100001170	0.791357906183345	0.178567574196342	0.353629080752745	0.527213803714005
100001466	0.215354935719815	0.791852644214703	0.399454986682116	0.609966005381203
100009406	0.653393159894218	0.647038996551354	0.370326423726526	0.635564207133071
1026	0.227221252094778	0.474361683779871	0.402682531103776	0.589597792029599
100020837	0.647310866033289	0.431732294777251	0.42125527440587	0.538417801894673
100001006	0.044909097727415	0.0670550306984751	0.384916124792362	0.738539265978453
100003674	0.653743644843667	0.109284616264788	0.389625993204224	0.602927100625229
100004396	0.365025911371657	0.430454325123924	0.430341921383528	0.523287948666981
100015923	0.601377124665625	0.942102297471666	0.401048243895365	0.614765622333548
100000265	0.523730243676721	0.735187550352881	0.388616467301806	0.595769310061686
100001409	0.101489770612205	0.128323316535765	0.373344996824318	0.474289353374351
100003434	0.367331446079246	0.546630367215	0.386196429057253	0.554103068457096
100001334	0.70291775830638	0.0850471176033752	0.454063074313819	0.510515979530491
100001102	0.663856894199653	0.770200762683824	0.3936889473784	0.601309241586905
1268	0.510697742463431	0.0586639871452165	0.248527923789377	0.57101822104136
100001300	0.273733193147734	0.101950594959172	0.335442104921439	0.628938447349103
100021324	0.231809246867069	0.670911782044939	0.491454436266657	0.606158479860498
100001617	0.12363378665034	0.11155537137664	0.371440568983743	0.659651047072587
1105	0.902245691549945	0.193393056771263	0.47179926344619	0.356248779084219
100021502	0.059912210950869	0.267264687108088	0.374070305964022	0.646012992357999
2051	0.875638060481311	0.540901854172815	0.386383150361333	0.513824225674741
100001256	0.133082058183112	0.478445713721136	0.431547153262574	0.757497123581983
100005466	0.0852521599806557	0.0937700091921478	0.420093827468854	0.433878350100987
100002199	0.165307789379404	0.771319401332923	0.3922339877656	0.635144785610874
338	0.0170589839283362	0.0447815393292601	0.590863961617054	0.392607153602185
100004243	0.550209008726261	0.630965602175483	0.359503367320528	0.631399419555931
799	0.527856846761119	0.91858734361807	0.385617082996936	0.616983104631013
100008928	0.619879242489936	0.105312089493058	0.377748264738268	0.613251055560882
815	0.13465630535036	0.314430666711327	0.376436800033846	0.691194702994282
100001456	0.0050377533369731	0.0674731034846364	0.377226892497238	0.538909012040807
1242	0.106253711205308	0.0990011949898588	0.441475814315646	0.443851498413624
100001416	0.29808068889801	0.116403325359953	0.272909828990591	0.389328414857181
100001462	0.508274793739227	0.373483839980168	0.431810784180896	0.587035290411024
1087	0.237860142268227	0.0450164342934332	0.387181140850554	0.590714236527807
100020421	0.0719227600985624	0.101339862571669	0.436325770038594	0.391401767337135
100000010	0.00412386147858352	0.0438735204992277	0.406558874904331	0.672003549688518
821	0.583221478645052	0.396018916006633	0.41722768730885	0.487193731521109
100006627	0.301971539143301	0.148352927441668	0.508941105860292	0.525528150374755
100001277	0.399249001357142	0.161849440032466	0.440091132525271	0.580057023949516
100021141	0.0298600673035367	0.167883865251866	0.442423016615219	0.713123374480408
100021105	0.214553727835132	0.286921812325379	0.401146751123971	0.449992852211779
100001950	0.000415919668119093	0.00747106185177427	0.479354952805606	0.78011106947029
100020217	0.786312273886265	0.274350332972674	0.279709843936699	0.452931350885913
100006651	0.0666419160426174	0.230605066585375	0.396014593675016	0.431626527166093
881	0.935755962121408	0.420162913181557	0.364062420705717	0.631495148482045
100001509	0.496653275924236	0.114326104392423	0.354611861826656	0.526455756260972
100021709	0.525418226206674	0.808584040924494	0.376036395835162	0.624638066537363
100001635	0.311136705895291	0.036105415736219	0.41258278896901	0.569397227406994
100002613	0.426421978136001	0.121628689355052	0.36115622169991	0.701528843552238
100009329	0.498951316071387	0.674971629036515	0.345012401793728	0.755375692950233
100021123	0.818524097788407	0.589461575184459	0.40070087247416	0.534770711337115
100015760	0.249434411075917	0.169830768680615	0.3235036167689	0.653055391716497
100020205	0.385186374638156	0.413949922640814	0.445489535941091	0.45591151771382
100000765	0.640389350480549	0.588867935418251	0.379606387789875	0.583295417538619
100004111	0.31007863232843	0.153626796089143	0.424691676764758	0.588683394324552
100001615	0.183839362644989	0.827922710445386	0.382245442800239	0.617792421683953
100009227	0.264595482422434	0.130328978959954	0.500566880259861	0.755633637739169
100006191	0.302984216440351	0.510347784687339	0.4297972432378	0.558111992005847
100004542	0.515956465995916	0.403846596262153	0.39742927311668	0.662176888305153
100003686	0.350398654516906	0.132183059658108	0.512724090301103	0.560035473679372
100009232	0.0275056203211221	0.208507329149801	0.38563683853207	0.525966071646232
100001501	0.0365294711571577	0.0877364011289374	0.504925184200211	0.649683665129859
100002367	0.528171562743442	0.254299228511436	0.360554660420221	0.480783852537614
100001108	0.399735144507049	0.669468077373663	0.381844432802877	0.606544184974805
100004227	0.772131264406192	0.999322261165683	0.383211913837942	0.620174765127361
100001310	0.166145561889435	0.269359847766165	0.366540351747269	0.732430996374329
100001994	0.878717793775293	0.995191440653372	0.422631395550526	0.650037849521065
100015839	0.0109848862302843	0.0124979497041747	0.507857560797188	0.698934881982698
100003271	0.00698655975530836	0.082702406480246	0.483783992874701	0.436088919394467
100020496	0.8636685051757	0.982166186742411	0.386929262801504	0.621704145736048
302	0.651562054761277	0.435304532424649	0.344632002684909	0.587665144704735
811	0.737647832601308	0.719897665962157	0.374697801889417	0.656486909671983
100001267	0.888782732462719	0.724269864438445	0.358341482048307	0.6135375196437
100001197	0.0447084012112952	0.41163913812589	0.414655469184272	0.631842812975796
432	0.232519621770436	0.476750807929465	0.406323962938282	0.600296197509399
444	0.0170348878996888	0.0703334541872104	0.409770464610485	0.749770755463679
100015968	0.354186610426176	0.384730744676993	0.377720478573958	0.551258414229261
828	0.949273881308681	0.819494238854937	0.374403452098753	0.625643367869094
100004054	0.235656709816554	0.813685812415737	0.387202641966652	0.624526013587239
100004635	0.11399192479981	0.141888267422632	0.782566962036747	0.371536946000155
100000491	0.536052098346803	0.609838457733333	0.372288201506448	0.540902938547296
100000939	0.0528393706906017	0.0351891457264223	0.399129139729428	0.520566142782609
241	0.249606089417329	0.638310336801592	0.402984378389303	0.637106335159558
136	0.407257476695701	0.079351924311397	0.332272688654889	0.799052134837941
100000792	0.61940286312476	0.97347470019683	0.396793230262464	0.649395736647673
100020973	0.624771130375081	0.664176392078299	0.402018539523043	0.597581352047165
100000936	0.778790020018092	0.850165482996662	0.382215473112581	0.621181746988329
100001313	0.0124912023950838	0.178622819599431	0.390580989391309	0.673096923088569
100001951	0.0393637376148791	0.0856691803906095	0.439168786652229	0.604928092232611
100006098	0.0321052777856483	0.115308079804763	0.401893737687323	0.736430570088472
100000007	0.271402561779251	0.553462064697829	0.390041183153251	0.625969896415314
100006641	0.799204672272276	0.792096592391409	0.422233519070496	0.618993332193984
913	0.0114506677803734	0.0584462297566791	0.470210930622103	0.486628850556293
100001579	0.840504644619174	0.430859774041476	0.417156852036557	0.619822004811461
100002911	0.170884013544845	0.0137380866501971	0.474229845329029	0.583188685313977
100001293	0.205200482619366	0.352304026405075	0.344873128320889	0.757574230871739
100002241	0.253086083912279	0.538285831862391	0.398893034054958	0.591214141179427
100003179	0.439986566000763	0.0857251988038158	0.361655416590558	0.484007494113344
100021372	0.30997316421016	0.233611216664728	0.295164645153529	0.624178043932401
100001956	0.364302596818575	0.55005581957404	0.385737524893866	0.544594615859277
100021162	0.246764101917137	0.163670024671046	0.357316173188899	0.455858825050454
100002259	0.332545854581751	0.613892966545871	0.357546788716066	0.611389432526712
252	0.439729947760243	0.593732009627088	0.435362122309117	0.565745058125783
100000707	0.356440709765281	0.290856215453291	0.385686530407511	0.623134837148566
1489	0.757161302099864	0.0244738614504857	0.283410784364373	0.604349090645848
100020361	0.04425028614909	0.107091592366748	0.403803058946369	0.895223275814184
55	0.650217409081151	0.901069372908495	0.378376930193131	0.628202689871419
100000863	0.245968227374637	0.257702388222072	0.339175966094431	0.654545392649793
100015840	0.194790586862708	0.107303088225096	0.489028806482272	0.582082626386465
100001541	0.185839980120902	0.0935579603189737	0.267077994824859	0.617711355801641
100006082	0.131062470346822	0.0487136920133805	0.501833694232823	0.607890607931327
1254	0.820464649890302	0.890204091466648	0.380205637677691	0.640315616233286
100001624	0.509168934075129	0.377022339602001	0.363640208921018	0.597475145568557
100015850	0.801070929208212	0.635233195221633	0.447206377052408	0.590156594997714
100001104	0.00385577797117666	0.0150682297117951	0.419913992365235	0.895796776636044
100000900	0.146767257350938	0.440284984064491	0.39333254602675	0.623794649565804
100000269	0.184051190315449	0.0802362897815253	0.248703908008327	0.571223902250112
1022	0.279927809479377	0.882284941829744	0.386886463542547	0.611445690174271
100005373	0.213681014915673	0.0791598856041476	0.343643589385208	0.651338601516961
100001129	0.120447945508211	0.69403746676906	0.372542873892905	0.648951289143391
935	0.0145454380621191	0.127244801665091	0.483680412777112	0.489274260524658
100001262	0.221256733639951	0.245288420983443	0.387338619372856	0.647379053755555
100019978	0.283007966636285	0.647695244792296	0.374432820151412	0.607820951942219
100002293	0.725635307809773	0.771091926711431	0.388099137988096	0.620061261548148
100001426	0.216407366211694	0.27599180219634	0.386043783861639	0.470666162692959
234	0.0264708750053327	0.135387256159271	0.389668534928406	0.589933301894019
100005403	0.278925922179153	0.905850418821175	0.405405285995626	0.609772683724087
100001083	0.0474734770075354	0.336071823428681	0.413016481783427	0.640357470369466
439	0.773429485866067	0.339692812162922	0.404480667143642	0.615994349331333
100001086	0.404852587074436	0.45811555658628	0.394922526642323	0.693015374022385
100005864	0.710180267288221	0.457731717409972	0.355228310921492	0.683703166406535
491	0.53616213932109	0.919132387738053	0.382044409524989	0.620025427431056
100002029	0.395343791887724	0.377086029606568	0.375286698292633	0.476626117896141
100002154	0.869418292645496	0.507480695726548	0.342911359319153	0.601683313951026
891	0.550079740116662	0.211279749788172	0.419841943737095	0.590499169379593
100020261	0.397061649095099	0.437058023147663	0.451252554064397	0.592980713389351
100001296	0.516671002702442	0.485772075766978	0.387857409967945	0.519590838247417
2050	0.418134027021032	0.55968193132671	0.404231258590474	0.571612063247984
100002761	0.364934340421126	0.769873864663668	0.356741469497753	0.722797220968508
100006614	0.903540776180795	0.651792159276535	0.355135248780945	0.684272021471316
100001597	0.913188387667253	0.149352918023051	0.259445737448639	0.442980033590428
100020853	0.85390848256052	0.926260238021148	0.385357605024265	0.62446685668747
100001446	0.28791222947187	0.423129828042786	0.346479124968806	0.613055588465886
100003240	0.332066573473006	0.131408872357713	0.432140076863475	0.54303086949265
100001502	0.0268562562151011	0.211228469374482	0.458111261133366	0.705879646795676
100020866	0.111207488314027	0.013685103134543	0.241142048824633	0.449057821606774
100020419	0.037469239497265	0.0940766381245912	0.410195444234205	0.382033083390478
35	0.367701513275758	0.257448521890971	0.362402325166828	0.554755293332696
100003696	0.0362728402946446	0.0803049400061537	0.48141220950138	0.583102656250134
100016038	0.729456878437557	0.967602389029172	0.382239138548006	0.618729972877773
100009333	0.215725123262322	0.184063994723796	0.38191214915643	0.645966333504099
100001611	0.25826274982115	0.398411543602382	0.455719194394276	0.605465902227122
100005383	0.501139561246142	0.244856866838256	0.408496375694288	0.658242258702274
100009239	0.379753552095408	0.143769199255039	0.457257332206095	0.456919999029134
100009332	0.366749222403165	0.263133800165864	0.380461773603089	0.58735398736029
100001731	0.165297325723126	0.649394262076775	0.392275334686833	0.595750369782653
100003415	0.375191023375542	0.464368879802779	0.373024149224497	0.635406205311291
100020578	0.121884274235236	0.185869091882489	0.366737935384993	0.513857048834786
893	0.804904984326312	0.539200278970482	0.378478670859064	0.631440209255152
100000963	0.367916954383183	0.222215098339007	0.475191938973671	0.441122927374775
273	0.150064719085205	0.302544875477154	0.441541428454017	0.614796762391924
197	0.484485345366734	0.429552246111363	0.373576178925578	0.509392244355193
100000808	0.28310529692175	0.229833092000605	0.364081683879686	0.77230031934521
100002284	0.83656034352651	0.36588495551429	0.256700548904965	0.562778178090169
888	0.996405983876981	0.102670228805014	0.40666887716485	0.605502349715605
100006435	0.5604302561258	0.383269867244935	0.307199714300748	0.894418530880679
100006374	0.201343449517959	0.54613065420826	0.394893310339965	0.60873235502154
100003169	0.599754772078968	0.986510641228636	0.382432090336359	0.618028163004552
1004	0.481807923738648	0.730630655257365	0.363202138518785	0.594049360868778
100005998	0.0900127558636088	0.851927629908313	0.408638327651641	0.62852094386057
100000773	0.561354873501935	0.466300036734185	0.395884564646735	0.597271346812248
100010850	0.0175661057971892	0.116570399488206	0.446900123490239	0.500949402726121
397	0.946022418955402	0.320944820791781	0.28777064716413	0.684328017457132
100000039	0.0862875064142146	0.255060009905431	0.318087489301529	0.673160589780461
100020833	0.752286949975803	0.773966626417239	0.392370456725195	0.657875319817214
1021	0.356336967736536	0.335340187209343	0.365712436745248	0.653411158166689
100020479	0.318199055132081	0.53936081264008	0.392287707612059	0.629023385612125
100001335	0.578723857599234	0.32538351791149	0.424251199643686	0.591310263684818
100000743	0.596876745253126	0.978640479280347	0.382778660740028	0.625788304389853
100009246	0.15922361738798	0.62832818518657	0.37180283524289	0.650212229467734
878	0.206159801878767	0.782608659878406	0.371281780888977	0.630703015122203
100021103	0.712105590297913	0.938941789416457	0.407343287236996	0.670475728682811
100021363	0.219924127814504	0.562553058559565	0.360523013464581	0.658885379773698
266	0.147570820123038	0.214335301689304	0.383820177453264	0.55035758597158
100001195	0.366970689517219	0.225564409329471	0.470832700247082	0.551563548448674
100019801	0.837100343681831	0.714836723150889	0.396456694448409	0.607341805367787
100002196	0.0398688654610298	0.272748247624129	0.401919699864614	0.627799377533283
100006370	0.273198226271917	0.996206228552999	0.38391495903527	0.619178405967357
100001510	0.0243249486333805	0.00357060775880315	0.335484229220122	0.711560894856658
100000437	0.450863864079322	0.386802339647157	0.369212498486013	0.694590578498264
100001767	0.147118115651901	0.0325275352177002	0.462498729021784	0.683805095687188
100001810	0.398587779485068	0.500568482518465	0.399662828980408	0.774266174168644
209	0.0412816469994846	0.35775515644585	0.430429241470268	0.606041847546906
100001485	0.208276899044134	0.0865755050545124	0.24249871411119	0.548256825817071
100002500	0.121302068658043	0.439132059495184	0.39051624721244	0.589664786085053
171	0.017462457288659	0.0184048368722785	0.307863656215084	0.610786510877956
100020487	0.813353615995017	0.897325775012594	0.39725870077402	0.608098262319883
1206	0.00712684301932887	0.11560977726705	0.390173136844883	0.668323409341987
344	0.019268772367438	0.0314804558134737	0.685433471677648	0.71964003793902
100001405	0.474558357615748	0.879426840503135	0.391500165209655	0.608548780188958
1239	0.995017728746554	0.509015270855612	0.422262315362131	0.622408394961136
391	0.0650547933396141	0.186449852565325	0.359303934215918	0.826655704590637
100006430	0.480662536672862	0.185434317042439	0.46387277561276	0.3780517880789
100001417	0.913990314613977	0.571289127320825	0.366458853203716	0.714507658574724
100002951	0.059469727064822	0.455610196928837	0.379391789632146	0.540339891064701
100000014	0.410868550381372	0.588116312481833	0.376030992162982	0.657280873963248
100003926	0.595129165701156	0.473965520998939	0.410576452107462	0.601437213799534
100021538	0.527206877786627	0.360275125879109	0.44067161767422	0.536236527346561
132	0.30761019803288	0.920136300073217	0.385412177018248	0.618217207493539
100001425	0.584936606788961	0.505862244659615	0.469760542273441	0.55482721794301
100020262	0.634141638404023	0.652003026883582	0.408283877442032	0.606599924838805
100002679	0.378669975910596	0.739612839989525	0.367387239469636	0.67963607801359
100001270	0.683750008299325	0.578209317365187	0.388941315413659	0.599394379001391
1102	0.832961391058922	0.974525246600282	0.384949803660986	0.618607281107954
331	0.258679230034188	0.20697814776189	0.323466374209924	0.518340711226355
100006361	0.452479342924426	0.597426348965031	0.356842834893907	0.693301149698305
180	0.698891686749962	0.936307876170337	0.39211674514049	0.617211273533134
1053	0.346796658888292	0.452589897409584	0.545034330515323	0.683604715778623
100001359	0.683555018000023	0.878837297907814	0.400517488830576	0.602835607852172
