chemID	simpleLRM_Fstatistics	multiLRM(chem_sig)	multiLRM(sex_sig)	multiLRM(age_sig)
100021136	0.0221170757684237	0.20893893220086	0.335637654046672	0.839265070131307
100000882	0.716797177385229	0.782048721763774	0.303726755276405	0.716044222532681
409	0.0572942864507161	0.137403809535068	0.347151098181253	0.464610125005373
100002254	0.633606292818098	0.0395224817235929	0.201959784827602	0.716960982132637
361	0.00955510624680097	0.132295451970673	0.219417184946137	0.705981246904684
100019975	0.57971301161545	0.713218863640556	0.298138621900102	0.752616349084767
100000257	0.000392818853412565	0.0105096354144025	0.303230299899654	0.664874488298399
100001232	0.808499222080344	0.863620018078193	0.289770215857906	0.747200718706826
100001948	0.36052444220632	0.426481480390587	0.317034366042323	0.606608550269877
100001073	0.4396125549307	0.394518964590412	0.439896110003815	0.570626614996814
100015637	0.733684195804958	0.661242113240874	0.307695404253226	0.7288102556671
100006360	0.671450662541786	0.7137290757969	0.282725940348225	0.79319261460876
1488	0.57924285051239	0.665045591092343	0.299327797416534	0.712871950264163
100002253	0.941543075337509	0.937851810399321	0.301838376834697	0.728588547621278
1023	0.947879556976203	0.66834648895789	0.293508583119884	0.714368458996709
100004284	0.656678457812371	0.82190355241502	0.292127195675145	0.740678474535597
100001251	0.292512573626106	0.592523082123514	0.283112504192897	0.731268008968411
362	0.785467265297937	0.454372792055899	0.268363043415242	0.729762286282201
100006620	0.365842385364858	0.771752151537037	0.297050769894185	0.73297426518953
111	0.300347293484716	0.0938923062714999	0.242686775997309	0.693223820769912
100009045	0.72460840731165	0.32631346182725	0.251429106773575	0.872828020986737
100002927	0.81573017898696	0.959845867907573	0.296014357103414	0.74067295074199
100015641	0.561749908296063	0.673764906434557	0.275433437237801	0.765896029694939
1114	0.137214686637842	0.961956097031162	0.298429007552905	0.732301900207125
100020409	0.294602822851149	0.333326214337163	0.298909982740372	0.595041014105436
158	0.163002488441509	0.330863434205802	0.36304477967595	0.759545834392966
1224	0.0362970522400202	0.177091079719496	0.23152804352983	0.78842850253891
100001620	0.573421129857635	0.457414252925722	0.26310884412752	0.731105219280175
100020893	0.230762648931819	0.050191335065439	0.275119246627082	0.438724760082278
100002458	0.858522613785338	0.496094902978985	0.347919329947908	0.67100822092033
100001112	0.838702994282679	0.996324610332849	0.296490181938664	0.735005634905894
100002953	0.471927317869137	0.883451730712901	0.294695904682929	0.740801629479903
1141	0.376417131890653	0.0540411475647641	0.382277648088391	0.551577260127672
100015834	0.545467354050509	0.923640057895754	0.295457755869685	0.729137429391248
100004561	0.645797174050289	0.866144693180229	0.300470392946906	0.72896088932184
100020497	0.913847534989286	0.67404559986622	0.277497837165987	0.770109739153731
498	0.085337673758462	0.411421214903955	0.29120939357853	0.784089223721129
100006051	0.938704594418229	0.957735871158836	0.296131329679501	0.735434399423742
1668	0.623120188168818	0.513661613256237	0.291242117900086	0.665482145417118
100004523	0.328452626693694	0.815688483195194	0.308754839783111	0.712014516057271
100001604	0.268788876455609	0.597516870848985	0.293283320019389	0.772885347593915
100001002	0.157735933715682	0.434023268860686	0.31369454643554	0.715279805807358
100001987	0.0630130655960145	0.239533670189201	0.869201957813851	0.578640722636006
100002462	0.530270339624023	0.30120633004941	0.363042741655453	0.604256945744024
466	0.7354857591857	0.11284865673236	0.319241883919386	0.705067861330025
100000665	0.701279707953935	0.633407931573101	0.318302865531932	0.696374703748291
445	0.975071490221053	0.439882469223772	0.326695654088032	0.780951126490393
2029	0.174860501346583	0.527688431493516	0.313270254076699	0.735029530512098
100006438	0.150465431450031	0.262678783044583	0.342697958603659	0.742203868349187
100001398	0.13141790257488	0.533029998524733	0.274417012462643	0.761641710390174
235	0.37914901953189	0.436272570301887	0.263018052107595	0.775406447417593
100000997	0.655457784891019	0.697931499251709	0.299444621260595	0.71287207408364
100002094	0.248200906795821	0.249891723424977	0.254044528873314	0.605794309142461
1052	0.742349273450292	0.970942964710904	0.309714782976449	0.733220152736574
100020823	0.330889968070456	0.664287188465178	0.282836966885905	0.726482120053612
100001806	0.305857878138999	0.636853289572861	0.343944376559617	0.742433051941715
100006092	0.897682812176027	0.926080809351971	0.299727549744471	0.727811765244726
100001415	0.0948176329356712	0.0745471816791949	0.299524141768127	0.442501580205148
100000008	0.0371161590820787	0.0723987227972752	0.330002787222892	0.567203772763625
565	0.00765110263497294	0.0368113371920137	0.294458704974372	0.807950839812517
100015851	0.183825196927854	0.22400013402738	0.373572146206582	0.859500992965275
100001866	0.423958199414176	0.797685599662982	0.321005718893221	0.704113161657603
100020546	0.00309434106069386	0.0325727924492975	0.528695180328929	0.926358310392046
100016110	0.579748959797232	0.476499723620959	0.250494796438948	0.823383107966697
100001254	0.00464136301165058	0.0154708149294954	0.377061924674216	0.927536876633296
100006260	0.331162070070816	0.774424406360065	0.302767292564699	0.732557509170208
826	0.591710577624271	0.784127466881811	0.29861561045876	0.727753553027169
100001872	0.522279067941301	0.836563466396578	0.297348158651706	0.73273819941251
100000263	0.381070889835518	0.448394385361319	0.356640524634227	0.726459020369809
100021198	0.672403858422282	0.0480895737919513	0.200941209601711	0.426217800458404
100015967	0.0300633788773878	0.0837213867496358	0.370734160816158	0.550565973190934
278	0.147821638330211	0.270655713618941	0.279292707389935	0.981931789333966
519	0.895668263351178	0.462626900194875	0.33907349940692	0.680824878429345
100009337	0.131206650737466	0.342799643284789	0.393406971423961	0.71608138140766
100002185	0.495162079875099	0.801329523038386	0.286344004563433	0.714277067002153
100001278	0.590391015974012	0.446113523952479	0.341875499835104	0.693597136439091
100002103	0.875245411465294	0.646360865219933	0.297747732361806	0.688554563119792
980	0.880626814703158	0.735929397871342	0.309982592688249	0.721722579827968
100000016	0.80973702248866	0.408300593169724	0.293552811801925	0.707128447017209
100020372	0.199005363122313	0.512639259066799	0.294163073889148	0.671223746457066
100001662	0.750769878090044	0.169923954025734	0.129986130244872	0.739564639110801
100019972	0.935821945547271	0.660377328021871	0.30561225703644	0.719415859132008
254	0.753371300831118	0.718091355375172	0.294491479468556	0.738336551503927
100002009	0.615153879014293	0.658935877909665	0.293631631647373	0.643996354017293
100010895	0.415549431114224	0.538299867933714	0.344546931640245	0.714358639374137
1140	0.872832602521252	0.815310312448593	0.297637221608499	0.758824133500247
100008951	0.623699676953236	0.568296343669429	0.315565213106679	0.699295361922129
1084	0.445245462648629	0.919925039291798	0.296785966370107	0.753543581236469
100002796	0.0687228968287768	0.270037512119975	0.25720804549896	0.664266070106317
358	0.977851877873304	0.896012212901928	0.293678990917644	0.719199143445294
100002070	0.762009356104046	0.746011744079969	0.290155237411831	0.76482600715327
1628	0.322780877944882	0.127065143430325	0.363567368333096	0.728234066082169
823	0.678324197424782	0.449509621389465	0.252944154961722	0.803703979569358
100004414	0.82916390739451	0.249416595373579	0.356969756944033	0.822802247607616
100006129	0.697015256093775	0.680813369735768	0.279321079589438	0.748333165318939
100002028	0.585569037185089	0.366106978743387	0.42748263582848	0.489358733024421
100021707	0.474777847460036	0.48590171634788	0.255626342137403	0.807064464835272
100000054	0.490087846290279	0.456919343923402	0.288834386672587	0.762386474900551
100010869	0.363532724624866	0.201229296350648	0.310523812287018	0.602656389299546
100004575	0.0438272411114367	0.130500681617722	0.365313282871903	0.972016296990499
100001212	0.971371069766652	0.669537220860792	0.300269955719402	0.671201012762892
818	0.18199274002747	0.452237263570167	0.351632350944987	0.670747434280621
100001092	0.00232690424993227	0.0260934303073102	0.288661366342869	0.701957130514617
100020371	0.905622172706619	0.925738487470548	0.299163130872608	0.73289471972314
100004112	0.234147399228184	0.547034667534689	0.312742479154866	0.737053518502907
1125	0.437734815607409	0.261517156123734	0.336107460307817	0.774826963165924
100020491	0.836459023066402	0.500278067246574	0.251777055452498	0.754316623532598
100003151	0.00295821961861234	0.0259925090809423	0.439390360299039	0.60725723562209
100000011	0.367793035216035	0.151370660714193	0.220490215347619	0.833062630781976
100003594	0.433523828540189	0.917443987312746	0.307341561308174	0.740946646097851
806	0.629381252944176	0.123349563533809	0.296540562919216	0.520635732239596
100001211	0.902134525219383	0.534725016615644	0.308710480879978	0.713815215600102
100002417	0.681444671820478	0.533302002893027	0.286300134297592	0.694459859318605
100009335	0.524023561314598	0.182031558379343	0.241166084783418	0.757049135992051
100000781	0.48846746863428	0.768922817118584	0.291706116463151	0.730020518429432
803	0.0382652419803593	0.0519569726463509	0.282537095381874	0.61345985068609
50	0.470578861623941	0.667762409497962	0.304409045256477	0.715933959924957
796	0.444675366367844	0.0537681412513829	0.32755721579655	0.718389339108598
100005834	0.955996292443338	0.669372445163803	0.340910329675187	0.730940811212189
100001580	0.760232957138813	0.805680134187671	0.305737627841067	0.732250009755568
480	0.902595455616085	0.46259200217151	0.250416358954074	0.746685046262535
100001540	0.288696777374047	0.746147193779174	0.374548952228203	0.80614836397246
339	0.48875782244686	0.0975663935695132	0.269056218929079	0.63864221103733
1110	0.920479354707593	0.919118190814703	0.30040891209991	0.722566443396929
100015836	0.18623190012572	0.213192604121458	0.424216402993495	0.900010785014931
100009271	0.560520053005089	0.518023251478957	0.331576247021082	0.712182959254555
100015638	0.725406394561288	0.710655189747744	0.302640506777929	0.72230116110913
100021667	0.703616719111349	0.919943048130707	0.304914208948001	0.730067559757583
100001279	0.514498797181406	0.326092365490376	0.32619805586513	0.881476466474828
100004208	0.026772260187776	0.141765092870193	0.436962148540769	0.841055082584914
100003695	0.192994656106012	0.179804545926818	0.319828264464057	0.534362342299035
100000802	0.886444228936757	0.795454159183139	0.301010568275653	0.727687718101411
100002769	0.725094829100905	0.0750021314138631	0.212417647784912	0.875806087417532
100015835	0.146196325829577	0.36944495044464	0.41698783994298	0.900524306413608
229	0.761263647641763	0.70012232292231	0.31265633681207	0.727533341660989
100001266	0.0121917352503888	0.0427863256263282	0.362683650479642	0.987293480853768
1342	0.303401217501995	0.356576244408645	0.255592171679622	0.750557600628072
100002102	0.986851462680945	0.622762092122286	0.327779533843263	0.812615007118212
100020254	0.154632002705313	0.505383233254365	0.288236164363515	0.768055612813623
1231	0.726200070097842	0.422701235014457	0.333924937119487	0.6925988736939
100020492	0.917339128615965	0.839189190154446	0.290165944216277	0.733513501293465
100001402	0.321661827460403	0.510653962090379	0.334897679032659	0.745502353136258
415	0.00713316656421887	0.0846030541565079	0.346705986001755	0.786459222862317
100003109	0.89928245917333	0.934870944118559	0.29580034842902	0.750613309099437
275	0.570027965983336	0.851232575250921	0.295351917974224	0.721222138518963
1143	0.179553199169373	0.0724062544835896	0.269521019368817	0.830306534584334
279	0.466681339752931	0.420782886483928	0.295645429509991	0.611841014461186
100001198	0.977947959613977	0.889130051888346	0.292064333571331	0.745417031967686
1648	0.361890535091135	0.967118499650642	0.297222003674471	0.734863973970653
100001590	0.251487935017179	0.277668189855527	0.286138182374435	0.659334586743969
100001733	0.413593192590136	0.878179806313635	0.293905013379405	0.745665872244753
100008933	0.0247509669655573	0.00403757988364912	0.39546677171075	0.677897673767305
100001550	0.352920707499727	0.498664887922141	0.280223818091938	0.679491274735453
1215	0.108984529820797	0.28635142806771	0.252749302030991	0.677725226158729
100002356	0.472047157126197	0.217994229264955	0.339881756305575	0.728030417317864
100002749	0.748581829885977	0.823021546895981	0.299017302637712	0.739685228110267
100006379	0.181938323227461	0.199285202633506	0.33854270472883	0.486654479893793
100015966	0.0668495239155653	0.14046546162383	0.325638058111977	0.550369129229135
100001392	0.358973414800653	0.725397068717202	0.291789223956882	0.746150800539792
100020425	0.0896461952996995	0.0417117792321449	0.249586035624407	0.485720432062783
100004299	0.389718966715597	0.857261045264906	0.310280168067734	0.768194383208193
100001734	0.470057451744199	0.401661217564265	0.318304730705499	0.652617585673105
1002	0.986623723158069	0.757964166522361	0.299161120479723	0.735515355870624
100001337	0.206700186678025	0.600100509173213	0.265044005159645	0.739868329446986
100001452	0.952755135497901	0.683485799367456	0.294862007697937	0.695784957476687
314	0.570352102931498	0.419698746860593	0.306909044315874	0.750867306127293
100009264	0.970379139575549	0.529334737003524	0.234621962923393	0.863280480501038
100004634	0.461468167725081	0.517338692883998	0.268403972164547	0.74889173188872
100000711	0.813922858229345	0.734815834906034	0.323391806859785	0.754170659069494
100020536	0.0270468538285616	0.102301572894726	0.359421054698899	0.830095221488653
100004318	0.395618587638175	0.625997775411391	0.302485863167648	0.724936121892508
100005850	0.807828644093551	0.435400607040932	0.383274998770869	0.67750491271402
100006619	0.256114843209887	0.12392465350799	0.340789733979755	0.729196646915951
356	0.45351017720177	0.615041672790966	0.284442421117026	0.753640798261569
1221	0.474385849620659	0.453529953508962	0.410806692942708	0.79446076783294
100001397	0.658397794559482	0.677259752026412	0.296557718178535	0.725591685629578
100019981	0.605971288986042	0.881621171914946	0.301034051838419	0.752978097539814
100001208	0.493749251181325	0.263608268449894	0.260152271728039	0.995508470491218
503	0.0143776081425247	0.0207385730962407	0.189291266281255	0.582513720943746
100006375	0.173621799081441	0.663888047882144	0.318656884506321	0.713575644586736
100001295	0.866096082499313	0.743568198282385	0.291652388193001	0.79344781916662
100020427	0.0414216703014921	0.0251306832529274	0.288512976212925	0.424227767289995
100002784	0.387264558385211	0.30706697424294	0.24889621341403	0.823797995989724
917	0.0938833103178822	0.310585248946609	0.31715080877939	0.68558365714587
1869	0.342548190887995	0.195077644543064	0.320991068487819	0.612347386559776
240	0.218258939592574	0.0982336927919716	0.186566986446635	0.525182199167094
798	0.00877557687356093	0.116107953600779	0.420820799458295	0.656127654563131
100002952	0.316077731428978	0.439197904045963	0.297227678461606	0.831110094343163
98	0.647580699792213	0.968957984616031	0.299001350134904	0.732575487273222
100008998	0.247396145932168	0.291674422134861	0.231997698644539	0.816654521342229
477	0.766778526187462	0.380169906176431	0.301039802383879	0.727552081224623
100020545	0.0947751763574958	0.149914810345149	0.340528696569771	0.896412335273631
100021666	0.934629841007768	0.294494998344401	0.332849408994377	0.727564818767039
1256	0.569941444377166	0.722269669925958	0.340607450930913	0.766915678726169
533	0.238284775820062	0.0673015284831911	0.210815649445616	0.47799972989091
100001757	0.488500308654612	0.955919799588051	0.302039107536249	0.731577328464298
1024	0.353343282627855	0.0865816750949362	0.200145858821274	0.812871945479637
267	0.456390688380584	0.920621158504549	0.300967109888531	0.729840945879468
100002113	0.0985402273980604	0.0788394856095967	0.28784515661057	0.761752640917591
100001756	0.924422501547225	0.748520146867854	0.307807263844781	0.751567177206085
100001193	0.675011526572931	0.342464289079798	0.346131756953591	0.686514527654837
100001668	0.77121155221731	0.877467690063467	0.300568485528906	0.725287249186306
1124	0.419337442909479	0.417267227948883	0.268977826858466	0.807530846867979
100021331	0.219348249972256	0.436046941892579	0.281304432313784	0.763125526578502
1090	0.0493609331964511	0.0347573523206588	0.284773843695283	0.898931198509566
566	0.952777887592153	0.340317362218985	0.225495120526346	0.748033239683422
100003119	0.639825450605978	0.41807103794179	0.320023367055372	0.67787506530071
100006367	0.749024316124957	0.55417446003233	0.307661659216778	0.712943709649434
100004322	0.260752320485696	0.282734759392305	0.303357320218706	0.811414542678351
100001034	0.759715943965974	0.794556748973602	0.293084172939862	0.72526446334538
112	0.79911104650464	0.856658156965254	0.300315497105742	0.706257005482175
507	0.726530474988971	0.823074225191681	0.295904877559101	0.740497099005381
100009233	0.29464667282347	0.16417926712829	0.27331441851658	0.75395683388207
100000406	0.0208094533660255	0.178008286919544	0.450592590445896	0.549626610487292
100004046	0.373793356428835	0.423883906815212	0.197439257042152	0.667157595842356
1025	0.682870908985192	0.634037895226568	0.284140721974679	0.760564488161467
100001106	0.12309606679623	0.13809580893261	0.244144808226511	0.784657836230147
1128	0.0306792774920151	0.546604269140338	0.331156014200087	0.785968673133642
561	0.0328603740171369	0.137835689850756	0.201951929001725	0.649774731516105
100001614	0.856229320959962	0.380304457373453	0.311562844572628	0.710353189616578
100000961	0.940687108879101	0.816665119658321	0.287663383331243	0.774050939327609
100002397	0.794323210024512	0.56959462284619	0.297603512331579	0.659372591902694
100009407	0.699255450061444	0.652061259778508	0.276418248814268	0.775850987639859
100002910	0.972926648598804	0.560640725942081	0.269971917917897	0.662442675452425
100005946	0.24900626873104	0.28159918447011	0.348748313439842	0.849026758804651
100019794	0.108056288110791	0.299461026899653	0.298563706278262	0.887552465234451
100015759	0.322195493577926	0.0956867941647128	0.252549337545143	0.737809321570392
100020417	0.774291879260611	0.601265080295208	0.282323511381395	0.702246227787524
100001054	0.706658791692638	0.997169474765587	0.298651837328038	0.733768354378054
100001437	0.266188005147602	0.333448730683173	0.250361142711094	0.665618390608268
504	0.286528814332792	0.723447679202983	0.344144045116645	0.741867441696018
100001988	0.559226127137743	0.826813252904367	0.29438892093033	0.819220194950477
1082	0.0387849636041751	0.679393504268911	0.323663503721425	0.756812496679395
100001403	0.232027478642368	0.268429980933206	0.338610979673606	0.724150489705105
100001664	0.861757650214601	0.42370807924306	0.278564681691138	0.963175734055896
461	0.257151162824354	0.200098302109353	0.475063390341721	0.710372688536177
100000463	0.748728317805351	0.991187036696328	0.302723925623013	0.733646702500673
100020208	0.451514152669638	0.470105355606171	0.343377252711632	0.605383574074765
381	0.401101738420266	0.0474532453651306	0.125516035953629	0.558742438049125
100010901	0.121118938171402	0.101260715805826	0.294435180497452	0.830214664333544
100001468	0.350345521485634	0.888170085152154	0.304024459381463	0.717428701050713
100000840	0.851882619106443	0.97415380040309	0.311983279632273	0.737052057415313
100020014	0.224168864973213	0.583392795206319	0.291430700068083	0.752289365086923
100001993	0.882095119520413	0.810858671163857	0.291398886038045	0.812775206914985
100001051	0.0712370916446032	0.0173134156720518	0.333944655421379	0.403385781815229
100006116	0.401293168358086	0.520755710940664	0.301708200879233	0.734571672061289
1108	0.8022243070845	0.956451371586244	0.299912650740245	0.731064209235021
100019966	0.54877827623283	0.254998092058941	0.339168550527834	0.703768168770586
100001743	0.555023606966841	0.346099054382188	0.287807129036486	0.717503792432747
100001294	0.164283926620506	0.244979938573571	0.221182635344417	0.776093408870326
100001609	0.296607567470303	0.103126109106904	0.279500650384951	0.816599623824324
418	0.741094220907368	0.951981747868062	0.29753245549869	0.74124032984418
100001178	0.402048708968982	0.876564169121487	0.294018853404961	0.717898466605939
189	0.912425926241686	0.616028215142295	0.265979414410153	0.694630452767096
563	0.727868783843575	0.469108835079413	0.343901331388902	0.692960471277438
424	0.824026323828438	0.646981241586392	0.316359962423223	0.719733889549336
100000776	0.138005460576673	0.294953665162504	0.34085286298736	0.735198001885697
1001	0.788814324833671	0.608418566291251	0.300345012375563	0.730035788651429
1135	0.279301365759154	0.0818353248221583	0.287667795986894	0.80786105895357
100021093	0.367264244178616	0.449453592623646	0.348072580895782	0.756439074074092
100020219	0.117848162047063	0.20820074027032	0.310002062059822	0.61551566307542
194	0.538834930214374	0.728159539371953	0.310025350472203	0.683800751920856
100008930	0.900741938736219	0.813772417725176	0.309167451043359	0.723397518638368
340	0.699368359831748	0.33851138528937	0.205887218563506	0.800023429248699
100010896	0.936986332505711	0.814663957319166	0.286885829224393	0.740541192257271
100000787	0.156118049556927	0.0933227337496423	0.292382446079135	0.430000844618267
100000639	0.0371555638904816	0.233018417970155	0.26898909358512	0.735883352884416
100001851	0.892118921442835	0.223644132956899	0.328185533291093	0.489631599168452
179	0.646173339023559	0.563392854398683	0.291282669621127	0.754023868958675
100000626	0.431613271763346	0.814288442366769	0.305817046229676	0.735147123962719
100001605	0.0153608013205163	0.103026406539144	0.374503189402751	0.811987248854637
330	0.187659766651962	0.376089379959056	0.333733672667769	0.587878641171911
100001162	0.912386526577695	0.521810621393984	0.261197860667088	0.699955663908839
100001167	0.041340872590597	0.20650260488868	0.293050332925297	0.713465849763068
100002067	0.523632961002458	0.727496675581976	0.392194633839077	0.646968437685584
100019968	0.500362973496236	0.299898902874524	0.336586768500064	0.668398297309997
100002014	0.96628581497925	0.922844146238249	0.296728489038742	0.724754751757974
100004083	0.48046823632136	0.131712399495846	0.330555601460978	0.581976435350307
100001315	0.380265913436435	0.403362640103467	0.310846331143322	0.791657477809277
535	0.204925860037915	0.500423698149587	0.324551266676794	0.728132401560287
93	0.29337898900218	0.199972646163065	0.345443441208737	0.554595355621613
100001989	0.441890471763538	0.84101962887077	0.289899690720674	0.752903905317341
100001740	0.795360425989925	0.41493898396794	0.271507320073236	0.751424975373922
482	0.211611336435186	0.93632520769468	0.296267582004057	0.745630698253167
1629	0.243787718689007	0.430411777169219	0.354386401096128	0.715139674405181
100001399	0.360660281357143	0.299755483049614	0.318604064471265	0.745015476286007
376	0.659838612426507	0.0903887346782314	0.165108088350283	0.875700581502989
342	0.535789001033767	0.595129309391088	0.295232310551187	0.727992936822817
100001253	0.0379403948602136	0.219376912088734	0.254734856021469	0.921857425165476
100000708	0.692361488863148	0.815653025102054	0.313284296738359	0.739337007641759
244	0.155502832141867	0.0439589213542379	0.248387907786838	0.869924813449793
100006726	0.849438712738716	0.660280376887293	0.317845070700461	0.719260526266528
100000036	0.232710211813323	0.471074660517751	0.262081993038483	0.798744494863453
100001257	0.0361858436438738	0.111013538666787	0.395048945502009	0.967177303698322
100000445	0.522624527769216	0.841758788784805	0.30916206765141	0.716468009831349
100004088	0.00785446440835398	0.161124871599314	0.335246840405176	0.787213860795169
100001423	0.899071526472057	0.702018519612186	0.302313398863226	0.701868878496153
100001276	0.347217302944961	0.252957162315789	0.269124327734219	0.641451997072017
100001876	0.782784836719268	0.915649069205154	0.294538691369976	0.736394571929647
100009082	0.682375246770372	0.0514709289311113	0.141021972884972	0.704182074687423
100001121	0.316024946623422	0.714853756366987	0.292562385893036	0.730942854010304
117	0.329435064803822	0.641831866180413	0.280192030672182	0.754095951009128
100001868	0.0463542775896613	0.121945607683812	0.349103008104558	0.73448588343596
1134	0.681744929255587	0.339474352382879	0.20984182717789	0.707400116250225
100021012	0.292245732758041	0.494874206675981	0.304649925395757	0.755807888722564
100001181	0.956890217428161	0.397939312884566	0.349310604019906	0.675152748806564
100021467	0.626630642595437	0.25155808588436	0.302574200511404	0.63753204073923
100000447	0.207268940844671	0.229406352915762	0.345448447054865	0.701863937463139
1162	0.000525541545586439	0.0155959364487397	0.385184089509217	0.641591898640957
100019982	0.468817381465922	0.53504375656562	0.307451729056755	0.720047213966857
100001613	0.978255363096964	0.451541820635815	0.312487659131361	0.702977422509892
100006644	0.398968240538932	0.713874535638006	0.283265399207514	0.75680951663638
100000096	0.466823339720281	0.02053722002268	0.193021772261926	0.716904840346393
926	0.495967146563151	0.719716479261368	0.302338584530711	0.737881371448079
100020004	0.901425381115819	0.637618436553762	0.315392880938857	0.73406254276475
363	0.163616329721105	0.0464231461933506	0.274821718970925	0.300570712434572
1111	0.383313536617938	0.885703952715956	0.291880793836454	0.817112210746459
100021712	0.598590231612592	0.847098211994948	0.296061610331434	0.722255164082307
460	0.864522129492622	0.687169198670814	0.309043978996088	0.772918090096971
100009331	0.335799267627925	0.197422400268955	0.267741472044692	0.76294263113217
100000442	0.307129465626396	0.766565500534979	0.316169802793851	0.745096210829502
100002945	0.170409187066925	0.0352692608631855	0.371316343899661	0.672753043245537
192	0.678764514439155	0.886922615222257	0.326000211858843	0.71639378646514
100020241	0.554310993531919	0.659102069469128	0.306450265473073	0.740067511043342
100000580	0.149047181622651	0.152182393109234	0.253521336818866	0.960284504018739
100002466	0.00611673042851615	0.0241352245566573	0.251469745292698	0.485378459871646
849	0.799911435016518	0.672553960987193	0.299989696980662	0.690810187409575
501	0.467652426789902	0.366529361769477	0.331653020694311	0.690124100614323
100000282	0.526616745390795	0.0886885198671765	0.393367846521993	0.624398126233908
100001577	0.0429093777437759	0.206974291116783	0.398729034292884	0.782023456036756
355	0.14419758735701	0.484195668293358	0.263806105050381	0.659076966408863
100000841	0.861216270494164	0.91515730482995	0.324534506913851	0.722897256749766
100000846	0.799717461629107	0.348323541081578	0.286944182372433	0.724786517133794
100004295	0.82069531607922	0.35841238565624	0.272978558856495	0.679358044273286
100001586	0.0731736682127926	0.0379388412837567	0.433467808425103	0.37667746393552
407	0.0167063637830646	0.042422623572994	0.328890468743712	0.796383044970041
1137	0.806539611072792	0.672648971554468	0.283933378720647	0.781773781922486
100021374	0.0395487255680018	0.0221365500750282	0.233022806772374	0.866097381178625
100001593	0.501745933453024	0.995681910650549	0.301447912856438	0.733773287226062
100015971	0.833830186535104	0.762123089878396	0.29075747981673	0.729327104970294
100001022	0.405882099302288	0.206247137559272	0.191919943710943	0.979674315773638
1094	0.107333112224935	0.458461247595364	0.402678203665165	0.887895329344062
100002122	0.31083480188222	0.269851270738077	0.248222637403322	0.822870498702529
100000706	0.68798764578388	0.494448815885215	0.248501705424715	0.735698593235694
100001055	0.929896601600872	0.350954742380863	0.267361497840213	0.672323793219562
1235	0.631503345978046	0.925691063851186	0.294723903580898	0.742109496935643
100020204	0.129368964522924	0.5866877527198	0.317043533593342	0.766861408875749
100015643	0.0469363561460992	0.358004241867794	0.318942278419808	0.687799412675173
313	0.019275686222445	0.238269184582371	0.314361034725562	0.666668116533358
100001413	0.791740131824382	0.971217371584213	0.3014628774616	0.732150100262673
100020423	0.0139107160368843	0.014387445495618	0.326590141165892	0.40315796482888
892	0.766992757541205	0.293843870133641	0.314483144974731	0.745386651383362
212	0.0563763440420034	0.0951030502494379	0.402833121722612	0.70780025854735
100006105	0.210040936149497	0.186705137169081	0.338217755649083	0.743819881490076
437	0.818601379255196	0.583776993618377	0.276715201416797	0.75225831034847
100019892	0.277448410427782	0.914427490580567	0.296641735147904	0.726991907985344
100005716	0.179543721771701	0.249857843296774	0.30969104605389	0.784095614016579
537	0.194377789391825	0.132751606696568	0.308547169083576	0.771047575779096
100001990	0.116693750131888	0.19964735941279	0.421986811265905	0.607981316242514
100003397	0.020957687929636	0.00292619622121401	0.234869098209067	0.485904706034918
100001320	0.107053321858633	0.242798436966347	0.375054213784266	0.499689493596817
100005717	0.233493274404523	0.166331037676788	0.334618323636939	0.751363932081535
100001207	0.043028946086449	0.239047258787043	0.33140503840563	0.734768221986552
100001999	0.673677259220269	0.944456854358953	0.309606130067454	0.733762033535958
100002488	0.195349147947577	0.0154913075551012	0.355962695412886	0.681683977872674
62	0.227603828019148	0.71173073096127	0.289106486370839	0.739147515848041
100000467	0.675795673051512	0.468592787467772	0.28470067598474	0.701655079140659
297	0.00597508968416117	0.146813443411673	0.302706046244227	0.701177857901369
100000285	0.0394524420488903	0.441111472169861	0.298988485970952	0.818516020833535
100006056	0.0906738483682625	0.44084727445469	0.309898208626748	0.767251305987873
100002126	0.165376487933374	0.346600670171501	0.241146177502276	0.994844501800849
100002129	0.575421781293472	0.882324795395798	0.327719042239788	0.710598616679496
100020478	0.0197443938532698	0.149741735811327	0.266835016290674	0.780384310129997
100004089	0.0816035884982485	0.582864781968309	0.313973352095209	0.690070706221987
100001755	0.576238641699154	0.525773979586966	0.299314382792071	0.68373660941957
100000551	0.0414879864244408	0.905073048301231	0.295710089051231	0.745186042282838
100003260	0.43869253798043	0.263875266617778	0.340148947985824	0.824493227100334
100010955	0.73032708396609	0.365532198650047	0.234760644756507	0.62225928935238
100020851	0.256324068231289	0.501889995359041	0.317424781888796	0.752450912834163
100016069	0.932005376181584	0.923059683353392	0.29567608987262	0.741088478273765
100002027	0.273854870377533	0.984487881029936	0.377047265372103	0.737104694376033
1123	0.338282956825048	0.171793167486597	0.285695064972581	0.878369138942076
100001150	0.824038107932412	0.931873513225073	0.308239686591109	0.730926253370311
100001657	0.369036818503789	0.583071012644651	0.300323704661457	0.713637431811924
310	0.273632220423886	0.364813540424098	0.263462989563393	0.833592260507645
100001314	0.428345606619643	0.184228647582296	0.280257144908777	0.618904312488335
452	0.875425078773928	0.824011572568889	0.316023505956207	0.719586231734097
144	0.0914296052733485	0.0715225264600758	0.35980886580249	0.607545276986586
100001182	0.548741528218071	0.471236802172213	0.332007603958131	0.710649280524482
100015965	0.781797804298606	0.479425692247761	0.28448885064698	0.800986853741442
100006108	0.956695401699625	0.492723814761521	0.306082268343762	0.765371327867328
100001400	0.598647905130721	0.556039185941979	0.278908514580559	0.726439141581138
100004541	0.282631404703077	0.273789817359953	0.291142250201492	0.509454627733201
932	0.828981293807412	0.358509858792853	0.303203490646961	0.767756799628016
100001992	0.425860417931464	0.505853216434501	0.429629620855844	0.614885681977909
100009252	0.107675207111978	0.166757890989831	0.363289083369187	0.721434630526192
100021104	0.730231304994748	0.718295877334291	0.270250667733333	0.820823784834223
100015838	0.0105817566036866	0.0339922673496857	0.434626778076676	0.989086881421656
250	0.00104065151962884	0.0216180473095265	0.541499982209708	0.83544443151744
100002537	0.880237407672335	0.505224408580527	0.275634624271095	0.837981633278198
100001658	0.537933593991144	0.354383209543995	0.359786364800345	0.712355316320923
100020416	0.218758582309079	0.329728042761462	0.263694956151351	0.716188862204115
100006642	0.213724941388482	0.757642659259959	0.286345409238304	0.759896207974611
100001391	0.129265209876851	0.354800094666223	0.37396656485605	0.837540107616052
825	0.61621315976923	0.667615588100257	0.268490077732749	0.744788322247857
215	0.0244762062643118	0.113861179063418	0.347486966271234	0.710726032811315
100001026	0.943528605233995	0.913703576919723	0.296328143438801	0.760266366729814
100020541	0.662405428154402	0.681244546811193	0.276209210170467	0.747733940096809
100001526	0.198604681836805	0.254854101164472	0.456607613266092	0.863381688417718
100005384	0.522349453517793	0.42144623785834	0.278946869532556	0.651580316418118
100020378	0.314359787081996	0.602197627695711	0.281802205195581	0.744936524304891
100006115	0.855259367222061	0.318365551796786	0.399789208626243	0.611639350091512
1442	0.162449118047741	0.0535531415985803	0.13236910192187	0.640225015939261
100001843	0.201318687090909	0.282894621751646	0.317004814157284	0.806646078233473
100015837	0.165076491826793	0.282945480314618	0.504009969768108	0.679175084281946
100010834	0.663571095977686	0.949237066053417	0.297875787638554	0.730347472360371
100001393	0.673238646111392	0.352452893829025	0.227635750603511	0.786411006580762
100000015	0.379230606543122	0.478467952090897	0.273354695776693	0.763949253943038
100003892	0.0463699226760004	0.0481397178818926	0.262196006921438	0.999729740850425
100000042	0.135030194826387	0.0202300997258324	0.322097349996425	0.650233638906621
100020550	0.532823090034862	0.205262529193241	0.324021012632551	0.62742307641426
182	0.381716398721541	0.277652826121811	0.287346585069224	0.76044653025018
100015723	0.17759391853675	0.495951890051539	0.299468696817177	0.714777217640609
100020343	0.291853766645301	0.365242677484212	0.263234129848047	0.742307405180367
512	0.406656895817575	0.635788652996684	0.323483973230667	0.703783915631874
100021100	0.71211557014081	0.707433998769581	0.285975025496271	0.740314660966551
100002528	0.29825150531799	0.0655082475315587	0.356870632443005	0.504273379961509
100001287	0.292977185616143	0.402164392051753	0.533316977838922	0.572136129795192
100001229	0.726385962684434	0.903422716598387	0.305519481558886	0.725251888925499
181	0.39399655651165	0.838956926681006	0.292399495141015	0.757452720634985
100015831	0.001678053608141	0.0209128861632488	0.397788796572879	0.512734196248056
100020515	0.301773865808545	0.461982891939499	0.245552341038578	0.892664611825605
327	0.256798580542705	0.269558673707568	0.356583480113255	0.682306954715067
100009394	0.661033070022373	0.717838374450104	0.279193523969252	0.766120046101485
100001596	0.807405147663567	0.223826736644651	0.269634145958913	0.561363507439901
207	0.859130126713042	0.500013521770072	0.310681595451682	0.694779509738579
2054	0.471369362807195	0.714571185387653	0.283430728032097	0.75504089703818
100020259	0.706629398647042	0.554463867129312	0.324648240670306	0.715068154194932
100020414	0.00298566884415249	0.0259051355676215	0.208259206273173	0.682477256319731
100021131	0.75295726478416	0.381073073187437	0.287672468317231	0.696934263626134
100004499	0.96349228902143	0.694718102395244	0.289300817816159	0.703476329268903
880	0.160447767542419	0.844600410944211	0.315682137910389	0.733047659293578
100002049	0.470950651786052	0.243555840017062	0.333752902102475	0.674139135600541
100001739	0.81122698560955	0.45737264028554	0.348026768864519	0.701385083790753
100001126	0.339481039985228	0.12095451300713	0.191819201735462	0.606053972536913
1113	0.527612830019585	0.62644651544072	0.326792856857872	0.668260007606451
1083	0.971951422549834	0.366340768465618	0.321888194817967	0.648982734455272
100001730	0.0742526619988059	0.195774970340664	0.344108875391277	0.61252369135753
100001412	0.593644155890731	0.987179403395784	0.29922410475212	0.734194701106557
100005996	0.6201800342152	0.727447806887661	0.29017134882937	0.713977656596646
100015962	0.00847168736273574	0.0895281793601982	0.224676179717434	0.964920159362817
100020214	0.735754855592732	0.44482967889061	0.313178509997363	0.654382178048017
100002514	0.111417733768077	0.333159458207355	0.310038125864852	0.672533479974815
564	0.247179701124125	0.101442488904591	0.265023382530244	0.622742567510961
572	0.0225658530537929	0.0196194248729095	0.434453364224484	0.598135094199503
231	0.910275574583508	0.542377512411627	0.2650514747153	0.75617004210318
100000453	0.761182539571817	0.621888023107373	0.280552760670368	0.788483131177366
100001007	0.0944360993682599	0.220851517343976	0.357593800109194	0.608817314806079
923	0.704497196602413	0.34377012407861	0.282193977797846	0.777559337079837
100001247	0.221438270936514	0.371124268406591	0.27669097862624	0.728819527850543
100000774	0.607847636470075	0.837942766802313	0.314342887194948	0.75294100655167
800	0.486938898148039	0.413752903802805	0.309702697456443	0.777785303138683
100021678	0.269192145387101	0.37123210993911	0.246300009546624	0.732601414599163
100021711	0.567819537412891	0.942148459369264	0.304938500203079	0.736026603203573
100001274	0.704609130036686	0.375403127512838	0.286507822044635	0.569864740902999
100021220	0.163177482281411	0.171463672714064	0.365091592778972	0.958633287746948
100020253	0.399466789602205	0.910444587004762	0.295552458093465	0.740532179084226
100001170	0.705131806821249	0.174983487743922	0.276202400017814	0.637183542674878
100001466	0.270628535009023	0.89200155696119	0.303718157943451	0.730022281815764
100009406	0.591564003611513	0.535584743714827	0.281422147831501	0.763581723648854
1026	0.236774327903962	0.478854052124371	0.313862783481442	0.697781618238027
100020837	0.840681729149864	0.337644774097895	0.343263551886859	0.63005523427509
100001006	0.0924148764517805	0.0964015748850326	0.284148623681206	0.846866231519594
100003674	0.702544871150349	0.109121919956129	0.296470878317958	0.726084802917627
100004396	0.31891964229865	0.426764884054153	0.339652068011052	0.628185059331051
100015923	0.456562485185157	0.833440464098678	0.328914666690544	0.718823723517595
100000265	0.650614220485723	0.980701695788296	0.297197725639073	0.737765784612965
100001409	0.0766803302074377	0.114887117929073	0.293396764744632	0.57007262250883
100003434	0.463808317559166	0.472073327237019	0.304006209997127	0.648247095639851
100001334	0.551235410447746	0.0512597054686544	0.377320975361007	0.598506728277213
100001102	0.740218534430625	0.736626891525684	0.30809070882358	0.712321268164947
1268	0.457691310502924	0.0384152075608544	0.175171600210628	0.69474905663287
100001300	0.231627852368606	0.0923839691354196	0.263579987931592	0.740776217382775
100021324	0.225420170785504	0.76582100775633	0.369917415436189	0.729079546594257
100001617	0.119303505252063	0.0999119674815413	0.289151750879708	0.772056528970609
1105	0.799450028016893	0.141715613553335	0.405257945042958	0.40729267618152
100021502	0.0599957865827984	0.250433348325136	0.287436830043835	0.76517881522202
2051	0.917134994939046	0.365466463164603	0.301060763522854	0.563877922939695
100001256	0.200105114791499	0.570066696815579	0.327245508437081	0.845322092150727
100005466	0.0742677814800555	0.0969678091129501	0.334445074462753	0.524283065628033
100002199	0.0997738774168669	0.630506702722341	0.312888324199103	0.763750943519024
338	0.0133840642345374	0.0471037990672092	0.47574534335292	0.498009901173721
100004243	0.507815479159426	0.638393511843561	0.280103940634611	0.743341387308289
799	0.378056076209861	0.953656256844798	0.322386208400437	0.735244208895186
100008928	0.583193919516545	0.117121958731134	0.298211263938504	0.727121373563385
815	0.11363848774631	0.287657126676885	0.298747663717986	0.800101620461782
100001456	0.00431511221298273	0.0720357554133355	0.288183998467999	0.664930645541995
1242	0.0716553087724488	0.0831328198004204	0.3592788564831	0.534071789397407
100001416	0.276011138740303	0.110051635476739	0.206318644288266	0.470601371777901
100001462	0.653351316192219	0.64852442800763	0.323146785845605	0.708739929775341
1087	0.339168939877823	0.100943291636691	0.303943530597443	0.694037915763997
100020421	0.061589796831324	0.115030309029769	0.338392173667285	0.499800592090082
100000010	0.00564439588037338	0.0515229873391637	0.310671477162105	0.779599891149386
821	0.545429884669958	0.40906507258514	0.327183550146844	0.589435092696864
100006627	0.529941679329439	0.343391412203816	0.370782553360155	0.643792136911068
100001277	0.542698001418197	0.271185522363957	0.335891872902174	0.690894395857044
100021141	0.0437076692796135	0.205893949268564	0.333647857395642	0.834462828010105
100021105	0.227744899933998	0.325863644330758	0.311512945235175	0.554097432913271
100001950	0.000334039229640657	0.00623250639797974	0.383420658327962	0.914099015843846
100020217	0.881855422476646	0.328785517028245	0.217825396268655	0.571424099572049
100006651	0.0257458077662092	0.167633868825611	0.337357710261832	0.491183710940308
881	0.822903709346944	0.36959705083154	0.280488581465264	0.756467326337779
100001509	0.601114091383184	0.129038725603059	0.262593960457231	0.653019115900476
100021709	0.462701819033319	0.707011547213961	0.286814664126814	0.748324419619586
100001635	0.249414168132619	0.0306133616368444	0.327723930825641	0.688231592732971
100002613	0.477815571619721	0.120914874487578	0.277010814130363	0.817413070941595
100009329	0.634913723237497	0.767056778838608	0.27904166476543	0.832926186876533
100021123	0.769167577812058	0.544045750726579	0.310837172008567	0.631982992148232
100015760	0.242701799011576	0.146832978217155	0.245165055271537	0.770656831831338
100020205	0.333005320474805	0.394444258368373	0.350634864661956	0.546897432978554
100000765	0.677969105003297	0.569263153344734	0.292612579788748	0.698995093583107
100004111	0.3826070845116	0.178910915358252	0.325867995988491	0.697373519961261
100001615	0.186562057652602	0.873582106270089	0.296865194552031	0.732933038483666
100009227	0.502326768663963	0.345587164107753	0.37109566363255	0.816108230614247
100006191	0.323200925644462	0.542595630432474	0.328246111905455	0.680373098755711
100004542	0.386251524354659	0.261677954476546	0.318801501330198	0.794913532404406
100003686	0.552841334304019	0.254851848568897	0.38232793506403	0.668650569451535
100009232	0.0279243663357002	0.201067603073287	0.296536871493589	0.629824917629978
100001501	0.0509390025609881	0.0914818115597584	0.385516493700523	0.770724840144672
100002367	0.566493578714032	0.291478190729412	0.279928885579218	0.584413422793526
100001108	0.275839745775062	0.806798270560262	0.295081670258448	0.725935746556628
100004227	0.822693742933316	0.953731344315965	0.296619761175046	0.740748824156587
100001310	0.179837218225488	0.270283834398929	0.280829348798156	0.856452736185587
100001994	0.965698248443443	0.795454343568383	0.386751901227899	0.676971871126587
100015839	0.013881004554892	0.0127379052416428	0.393125229528605	0.818439065322726
100003271	0.00565317933503918	0.0779499796169395	0.385025404262226	0.529162092663148
100020496	0.952587471678831	0.874517751178448	0.291013186202449	0.748621933867482
302	0.799506066908065	0.530759352972276	0.269384627506943	0.704862899222092
811	0.903808785014096	0.875100526473584	0.293992805682231	0.75098903253933
100001267	0.914162536294829	0.707977883981589	0.274614432779831	0.731038661141209
100001197	0.00636461420049941	0.1292742089505	0.372883578594233	0.76911536858131
432	0.25545390920054	0.476690976086514	0.315865754513509	0.709633549104111
444	0.0173471913676836	0.0825272711099513	0.328346057845985	0.84626888684699
100015968	0.287066552148904	0.327214345840744	0.293252423445656	0.656418199404558
828	0.813210814666336	0.988277429433407	0.298117660024462	0.734558937896927
100004054	0.257689421074102	0.832304087933134	0.299312466368229	0.740055009434454
100004635	0.0622598652414873	0.104257841597794	0.716829904110612	0.443531841487021
100000491	0.359585166065396	0.496035024619209	0.2887239387449	0.617911564917027
100000939	0.0402037827326393	0.0339130069520519	0.315810286483732	0.631621117071869
241	0.235283462605173	0.567259060336198	0.318332293229063	0.754654080662166
136	0.324676246975119	0.0604601991461719	0.260596780926614	0.934940363454047
100000792	0.743554063615376	0.815491553629982	0.327945083813476	0.681978272745986
100020973	0.648563586123	0.676865790765253	0.312340699098077	0.710062726517868
100000936	0.782866980968757	0.834351893785216	0.29587369152132	0.737685722906121
100001313	0.0109756770931283	0.178097327363259	0.310378263154049	0.777873971098429
100001951	0.0453426051995639	0.103040688577096	0.334595992817156	0.732863498292782
100006098	0.0237399840304196	0.0973750030785691	0.330385868862292	0.838256752347921
100000007	0.295823985002335	0.557452023346623	0.304096452192349	0.732687721983838
100006641	0.92489071126896	0.790290805385684	0.327946730441591	0.73428311715079
913	0.00958191532277759	0.0599871963534293	0.368199314974346	0.6010418436708
100001579	0.660613355114652	0.843779721176009	0.303776847919453	0.730768345264628
100002911	0.128292797839967	0.0105359418018407	0.389681382734924	0.698738505433017
100001293	0.307932835132059	0.463014654620616	0.268041386675876	0.849689195639438
100002241	0.170390866990468	0.446977149330182	0.31686210354041	0.698810826773455
100003179	0.283206775871336	0.0506243049402268	0.285303936909611	0.577117967879725
100021372	0.321415113426224	0.246804976665296	0.225612616305689	0.741775301063066
100001956	0.292814986748687	0.518174442138354	0.300235562125228	0.647794886600304
100021162	0.196465058303542	0.141852791349527	0.28147189636801	0.539687059360743
100002259	0.153938980731219	0.370117426064722	0.258871054709367	0.737429186418206
252	0.373836558922498	0.588322837458491	0.342481544173647	0.679322312340156
100000707	0.778446650438694	0.851908899315925	0.298989942741154	0.736784316146869
1489	0.643649105271608	0.0198611474934676	0.222778731700023	0.712534139672786
100020361	0.0419226033588982	0.115898489139976	0.326355131190046	0.993471307867656
55	0.80580970404062	0.985963989564436	0.303424489133885	0.736026193061657
100000863	0.286272680727856	0.266404132945818	0.259999297077019	0.766255580191065
100015840	0.209778877316376	0.108265878932076	0.389007976532873	0.682335680930319
100001541	0.136146502078178	0.0626257178903163	0.199737200245554	0.72367016904423
100006082	0.154901024126869	0.0650302863643305	0.384401849905274	0.732442747133771
1254	0.656181312361871	0.898843545547192	0.299539812924678	0.753630425839108
100001624	0.568297197182992	0.385698823278376	0.280098307928078	0.706185472470026
100015850	0.864826158842918	0.574930173692018	0.364941593513372	0.693413792911808
100001104	0.00529797582161737	0.0210652222186197	0.328142454220349	0.990819097467265
100000900	0.170452186604693	0.410644239093722	0.305568207012423	0.729169191941026
100000269	0.264411054567992	0.10474037867711	0.189346669203649	0.68334040402286
1022	0.286609686353374	0.883659354260632	0.29943141139052	0.727371115970414
100005373	0.147036086124445	0.0374043943980974	0.262977382732056	0.779270782129081
100001129	0.14311489097937	0.72526877478887	0.28819159361472	0.76203554536833
935	0.00923300096165273	0.118165727625758	0.388528677355097	0.599693620358841
100001262	0.213777744858116	0.243354726302102	0.306354988929995	0.750770277197831
100019978	0.307123696266185	0.671990646208502	0.291651516496158	0.722525231860236
100002293	0.810988836876486	0.7915921011483	0.300176217362847	0.733448517599628
100001426	0.219831927356577	0.298610699541395	0.299478686655098	0.57280805743228
234	0.0354432948156888	0.133848340876597	0.293882806232659	0.702574108460383
100005403	0.442501388111255	0.573559317128969	0.36514578720074	0.679455333941588
100001083	0.0512222900584039	0.35241626765818	0.321507372745293	0.751990921275928
439	0.942958267866405	0.498912098346893	0.310365171047251	0.726258363509336
100001086	0.387353318422831	0.426945392063022	0.310929445567098	0.810055795568737
100005864	0.769160977099601	0.462290943798257	0.273650803001641	0.798649500319482
491	0.488871236436831	0.902898468872977	0.295922805821643	0.736548643254215
100002029	0.408848602973766	0.400991274673809	0.285412356600233	0.589886627126823
100002154	0.73397457876914	0.449380057889366	0.262002244788144	0.714805974816396
891	0.676400778400867	0.312104638908232	0.323008359871386	0.702291117208058
100020261	0.38387394586992	0.414109814137078	0.358662816502903	0.703640154950135
100001296	0.444626476134455	0.461472627720054	0.300880877885289	0.621940256869097
2050	0.456548821409937	0.595310781817002	0.31516156597391	0.686549824609177
100002761	0.648634192740002	0.792543518997744	0.376986135198527	0.680409071060801
100006614	0.506110211901695	0.0590814376168028	0.193393636662532	0.874444484754051
100001597	0.995009784357414	0.139972370162616	0.195256896207127	0.543101890145964
100020853	0.857143585096933	0.904242276094078	0.299566909988021	0.740725889650403
100001446	0.24004763072963	0.459958257874186	0.270189947142512	0.734372865617361
100003240	0.478828565353413	0.224723658986395	0.330229436719878	0.65396720630977
100001502	0.0320690846311635	0.240884180440725	0.353831553857881	0.82171108584722
100020866	0.0767038588541497	0.0108945762297698	0.184100337009261	0.551255021826797
100020419	0.0274479194862444	0.105807787425675	0.322336378965153	0.486214921463627
35	0.395742452375141	0.203722402990395	0.266578392407198	0.675701252248653
100003696	0.0160974342779818	0.0566228549573526	0.427781609865924	0.666849530239108
100016038	0.673843896255774	0.908062346310649	0.300629942357721	0.755123886697224
100009333	0.189137895075602	0.145583101678102	0.297616249162997	0.766355834539613
100001611	0.16503608991625	0.266691685534689	0.396837008128425	0.70017827430086
100005383	0.597680222637507	0.266638394741643	0.308062222847182	0.786150568067805
100009239	0.237611792001377	0.111926681753243	0.378296634720719	0.5466711529565
100009332	0.278510700009824	0.185446815449902	0.29856426954996	0.694922363536246
100001731	0.129055156168498	0.572354984324735	0.306837542623511	0.705481716353797
100003415	0.412220069288227	0.479162386681155	0.28958868673722	0.742650059631241
100020578	0.148799593234845	0.20667136257356	0.279366325835593	0.62516819194259
893	0.72978417810235	0.665268128787317	0.29447683671281	0.742748333268196
100000963	0.238255067295822	0.17640709439177	0.394068376262812	0.524076390824248
273	0.127107756242059	0.292177689277576	0.348762736355855	0.73492451982107
197	0.456754829986176	0.455217128543133	0.289374015132809	0.62069658925486
100000808	0.309893977250555	0.185668208468089	0.278375169144165	0.902027783272401
100002284	0.736136044586963	0.476235142976937	0.219325497864126	0.687127318593743
888	0.938073432678974	0.0986620411422338	0.322598465834455	0.71953433834668
100006435	0.586096415103061	0.328548586434439	0.230120100408144	0.968650565182508
100006374	0.237001588349472	0.590984406468253	0.304527552153687	0.722871814314784
100003169	0.569581780157235	0.964115864205509	0.29546743252075	0.732317068228285
1004	0.64216896256384	0.806140477019622	0.284801070269572	0.715173857918604
100005998	0.0673252974751531	0.642786230108421	0.342338125739422	0.762734061748995
100000773	0.62410058204253	0.530860274427271	0.302796614420129	0.718711451013194
100010850	0.00932531473314381	0.0883869443474193	0.359093352493679	0.609941379894654
397	0.977781379728974	0.279762151020467	0.20921480814859	0.816795241996956
100000039	0.0924809119270848	0.257493058510205	0.245788149020025	0.779277869244324
100020833	0.831395584221195	0.72428820170805	0.307010658191815	0.787549061569819
1021	0.413931496898366	0.346275374669144	0.279558553173381	0.771389806397925
100020479	0.332696906048099	0.578809261592365	0.301884244129782	0.749054665145037
100001335	0.764789635088298	0.543438529730414	0.319847084771526	0.709128515799856
100000743	0.639334747801728	0.978803815687727	0.296425982305843	0.749747825808047
100009246	0.195392427208996	0.716481281464592	0.288760166161298	0.759703818759716
878	0.229150157177064	0.572994187009219	0.275554717115869	0.758638637425204
100021103	0.687676008224164	0.893204118519982	0.311389354747026	0.793775740880596
100021363	0.244802245286656	0.579138179205178	0.277983779500538	0.774819900133552
266	0.104796887615704	0.185907679882743	0.302666466445203	0.658634303222149
100001195	0.492189087883029	0.416256269408685	0.350785417143834	0.677989829219092
100019801	0.799191859409869	0.704698586896366	0.309415216963914	0.720704763441647
100002196	0.0532088958330805	0.301389510980419	0.308933741435636	0.736223215931509
100006370	0.0899201599467141	0.514013762101981	0.269817782265229	0.773142738021968
100001510	0.028207232520009	0.00321707258327254	0.25152500756364	0.835919510574785
100000437	0.423612185470794	0.338121369343278	0.281603834704288	0.833750118005869
100001767	0.102095465501215	0.0198441866772092	0.377484623544627	0.81810803290679
100001810	0.487937920144657	0.586339083192795	0.30784849207859	0.861355016311002
209	0.0328584396634795	0.348358550329732	0.340543914793527	0.722372464007402
100001485	0.150622293776971	0.0592498023920299	0.170004407562788	0.672942439982091
100002500	0.113923667348726	0.446636597096242	0.302061549794652	0.706597842652203
171	0.0351009713005517	0.0275804830938057	0.224026634383011	0.727456986448625
100020487	0.870989181947574	0.989266840914486	0.301507817608912	0.752589924492688
1206	0.00642224651576897	0.114617488391885	0.301619479890993	0.793567239979911
344	0.0201579359421403	0.0530086701205544	0.559253293524313	0.813960259023524
100001405	0.568440080269366	0.981238770916834	0.298320779691243	0.737865646274623
1239	0.642207366682142	0.852240009413168	0.306797115516325	0.733092732145643
391	0.117200295321802	0.327038214964954	0.279819325088066	0.885033186457933
100006430	0.346245719962293	0.146602450015088	0.378890913710335	0.449165167576723
100001417	0.869097359371843	0.554953306636441	0.28557958841114	0.825184820463911
100002951	0.0773125778349431	0.537924811821507	0.29257217120786	0.659725138980378
100000014	0.492063221972615	0.627675488837547	0.290578667544678	0.767780278144728
100003926	0.626185383733689	0.496002923797296	0.319330661412804	0.712911322507082
100021538	0.474167041949467	0.344859802226381	0.349296653153531	0.642524534732596
132	0.34190338669609	0.964761704198048	0.297569813922504	0.733849412275976
100001425	0.589324058717467	0.584181632142303	0.359976010509916	0.677421689331501
100020262	0.643039555946717	0.657792546502866	0.318058836693837	0.720109963608332
100002679	0.441198133368829	0.691748657420355	0.281440460123666	0.799084276490913
100001270	0.572891116598063	0.720170062910089	0.300326805518738	0.71713495803057
1102	0.963850786249447	0.84956632274294	0.303677603681601	0.716742551171362
331	0.168788037127715	0.141328247228895	0.241420135203314	0.616950462415336
100006361	0.543462855472493	0.634700430984816	0.27650368754262	0.802296034719833
180	0.5662819904541	0.819741501527853	0.285242089117904	0.739154701668542
1053	0.340106383396994	0.415562147582395	0.452615471081796	0.803720806044879
100001359	0.513278099667371	0.753096575098426	0.32414476490809	0.687354097746908
