chemID	simpleLRM_Fstatistics	multiLRM(chem_sig)	multiLRM(sex_sig)	multiLRM(age_sig)
100021136	0.0253537355595113	0.246312588154229	0.324412955496924	0.768918002973836
100000882	0.79883380110562	0.696785222795441	0.298444368554888	0.653659341353739
409	0.0727896299249755	0.162979601789528	0.338124512709107	0.429397723447319
100002254	0.687468847512424	0.0434503203503556	0.195538445868422	0.656853802761914
361	0.00790367239216065	0.108537262522905	0.209685065996156	0.650726303103938
100019975	0.552404663065618	0.721413373814489	0.289671420809406	0.693681749246016
100000257	0.000633938696223722	0.0192175353912483	0.294649427759989	0.611297074184773
100001232	0.966509844101734	0.968798438777152	0.295504259969271	0.675658862805835
100001948	0.370523680665088	0.352744133094763	0.310406613325714	0.531564627014844
100001073	0.59048938314143	0.683220223460549	0.359997495396215	0.606690601206877
100015637	0.914210933692916	0.472135132600317	0.306779148540084	0.671821653833874
100006360	0.643732075083561	0.705334494962391	0.273928126291579	0.73929911576277
1488	0.593874209630506	0.647044226868074	0.289860020524923	0.655279260362248
100002253	0.875601601559082	0.982720853699226	0.289797701517044	0.681386542617651
1023	0.929678261419201	0.7066858742651	0.286349137181113	0.661033178311947
100004284	0.672586403344487	0.82113291566081	0.283825895386966	0.684157164947161
100001251	0.668915958224485	0.989440356349842	0.288961010442385	0.676880626657694
362	0.688139889403297	0.502206034626858	0.261969192652332	0.67071034705875
100006620	0.778409779982522	0.878609578879808	0.289425275932359	0.681423873247184
111	0.378101443755499	0.189290294308802	0.245584794620227	0.649756701207762
100009045	0.630549672293689	0.247069385421714	0.236152468161641	0.843870063239777
100002927	0.758448635025401	0.871456727776915	0.28398158769792	0.695067533612942
100015641	0.775596107794963	0.886708379793678	0.283097596485007	0.686861626406684
1114	0.116509332433689	0.947268626570332	0.286546367757455	0.680343902272158
100020409	0.364377920465946	0.375342783435034	0.288430788198621	0.55088679552683
158	0.134000586260729	0.2467581329334	0.365371863684738	0.706391789893709
1224	0.0599820347478255	0.206787510782128	0.221947219168312	0.713187406460321
100001620	0.497868117113979	0.426819327511922	0.253283521192915	0.679631235976287
100020893	0.277831372125108	0.058237903909725	0.266383199158676	0.398639231510465
100002458	0.795945502499704	0.543257355935494	0.335785692595602	0.619968744571681
100001112	0.759784551806863	0.994206968774922	0.288441545014341	0.679662665354776
100002953	0.359837288640102	0.737364366151296	0.285332587440622	0.694118304799418
1141	0.388476952947381	0.0486530513559756	0.375327370214699	0.494749198906974
100015834	0.472451812604348	0.992457967452377	0.289363992717294	0.677502548730715
100004561	0.660968901898432	0.908376134164063	0.290806837785711	0.674340011373909
100020497	0.835370429683377	0.744907456623636	0.274788021531681	0.702832112785823
498	0.0542211473398683	0.317891936765853	0.282137027701692	0.752613268759638
100006051	0.873692176711052	0.856914385751758	0.291957447895109	0.673859703614626
1668	0.638475905007189	0.526391063558913	0.282548271976043	0.616710952157615
100004523	0.404631344044856	0.892116580573915	0.296830561273719	0.665544340785581
100001604	0.213643762984757	0.457172927370341	0.285085396644795	0.731974411707114
100001002	0.113626853182932	0.395039088154678	0.312676589065264	0.659449221108839
100001987	0.0593631985653476	0.271311145879524	0.832715648906754	0.538472681271865
100002462	0.564557203642928	0.322556621856649	0.354615830958788	0.554036829222804
466	0.568012830748995	0.0712072464120276	0.318942417568297	0.654586117877441
100000665	0.901907456899821	0.450346657468527	0.323798231137257	0.623851748198835
445	0.986303667079207	0.446266095666207	0.316641179100637	0.72577614767812
2029	0.153670145918514	0.494240428322319	0.306257363560544	0.679809208307687
100006438	0.134716913436009	0.253581678269824	0.333414813210313	0.689840716440929
100001398	0.150877910323753	0.585742685634502	0.269751717720422	0.698416190466669
235	0.43569601810688	0.469847758504412	0.257084426853261	0.710742251072704
100000997	0.775680662088474	0.709720257724655	0.288379978700205	0.655111582989587
100002094	0.266326116444205	0.220956500462255	0.24310755136817	0.542523242618647
1052	0.632599807950355	0.933299376465868	0.290204509566479	0.696290562756064
100020823	0.355219327257496	0.65465003190807	0.273725470978212	0.66789577734123
100001806	0.290835408933197	0.630223822616096	0.335211763478409	0.686897640968071
100006092	0.81626152943034	0.886654901264097	0.293209950895071	0.667942126608107
100001415	0.104023421579226	0.0737734786464547	0.291937502283611	0.39650830826052
100000008	0.0480809016343139	0.0864510986199713	0.316076859253767	0.515619987213761
565	0.00845816946520139	0.0503367184561242	0.277796739612132	0.752774884050847
100015851	0.157893213225453	0.186413106519781	0.368653299043024	0.81557262494419
100001866	0.511181569679939	0.899138708966295	0.303764332452776	0.665136018969486
100020546	0.00291116645093087	0.0299091973971202	0.514084979340313	0.868775862263977
100016110	0.557910269772501	0.41718139199657	0.236447789039713	0.775496856278278
100001254	0.00325391395740379	0.0112666399003137	0.36718946151336	0.895481960573686
100006260	0.383887485921925	0.851370715959277	0.293042313525077	0.67498600942185
826	0.666479600970163	0.857472997466906	0.289265130958575	0.672542335859168
100001872	0.428824998812132	0.731060606323296	0.289978040243712	0.677465040056207
100000263	0.318952676798184	0.371604793294787	0.362304017675396	0.670934388856596
100021198	0.771558891524655	0.0597251000405049	0.200561784051257	0.387452141349075
100015967	0.033988180351499	0.0898562225059271	0.361548798692389	0.499762041778161
278	0.14991647705084	0.274746564987771	0.269901308465068	0.95556163682218
519	0.765892273935679	0.360942371163539	0.341286269264807	0.616748469355629
100009337	0.116724135263593	0.331843450028917	0.385296197347529	0.663033941841972
100002185	0.372676259759688	0.876763332232856	0.283650768270748	0.665245140692258
100001278	0.418430866611978	0.300533748888278	0.349684600906825	0.632100776942123
100002103	0.907669773911223	0.550050675200081	0.291803281020882	0.618050833522256
980	0.790913239352704	0.464968585295827	0.318164764657764	0.659039821292156
100000016	0.8653468560913	0.458815255034777	0.285514970476196	0.652849622605994
100020372	0.200449079315804	0.532426711575665	0.285480078778588	0.620707751756937
100001662	0.694471029017888	0.148223790188665	0.118238661765805	0.689115270372849
100019972	0.93112706334828	0.694687847479345	0.296433173115128	0.664984022025739
254	0.744340246326186	0.691206194729751	0.286122315174197	0.681680469417262
100002009	0.653606018733397	0.696137056141083	0.285743964833493	0.603847128507805
100010895	0.420264536175098	0.534015165190011	0.336805612922059	0.65664860809434
1140	0.912369648918564	0.938343976520496	0.28700613055221	0.672046411160658
100008951	0.653442943587737	0.540210924739491	0.30699372402221	0.639464286871813
1084	0.376201496894532	0.794054244926768	0.28733554216474	0.72282597220234
100002796	0.123172647756537	0.425015842061043	0.258525874519287	0.624926199773509
358	0.954273550585389	0.844164139693872	0.28303426282307	0.653073043948528
100002070	0.857034945454917	0.757215636260509	0.281609119809916	0.70335829328122
1628	0.379506446223133	0.146815242369932	0.349601705472234	0.663196301464771
823	0.604266557033605	0.43912974676453	0.24527434368334	0.753398429368057
100004414	0.431985588888879	0.0888526952981619	0.382248562122239	0.815582451683105
100006129	0.687798245838121	0.67242558506999	0.270655278460975	0.692954395572709
100002028	0.639485356118246	0.450636884280134	0.4004288046936	0.484801898425641
100021707	0.504061320120699	0.612462273302577	0.260034955921633	0.731434300118718
100000054	0.551110519427314	0.508982872026925	0.280247781341834	0.69997501484708
100010869	0.447296980976268	0.222122168812722	0.302166239423288	0.546212344665733
100004575	0.0323322964067752	0.11016282080915	0.354491744957495	0.997608554066262
100001212	0.970536743856557	0.659341838501989	0.293185565285782	0.61520177777943
818	0.185497653496409	0.542053832691411	0.336164152930785	0.628063460602963
100001092	0.0018221664346422	0.0226179331043741	0.276745128421881	0.660135478112632
100020371	0.924263789535996	0.914374460499347	0.290907471740712	0.676272816478856
100004112	0.202591842253347	0.508042351815651	0.305006251519852	0.683979471498549
1125	0.46633264134891	0.357910315006394	0.319913606996865	0.712876445279869
100020491	0.91522490358064	0.576791244432897	0.253001493776046	0.691324079207603
100003151	0.00239843707960638	0.0205531872966191	0.434116101544077	0.552854022287446
100000011	0.341536253590932	0.151469952654566	0.211849808524311	0.783760742105245
100003594	0.53007360292003	0.944311175671589	0.289221002964887	0.674204397414277
806	0.686504088507271	0.138994466034299	0.293518560842653	0.472665650329401
100001211	0.936522863656867	0.561659599400242	0.29974424716212	0.657818759900145
100002417	0.629014838146282	0.579804971025952	0.279937586842405	0.64182233019799
100009335	0.562861752191054	0.223922848197935	0.237417863165582	0.699429515406417
100000781	0.679546217863666	0.935399725592813	0.287058726269925	0.675236736083586
803	0.0197168576175902	0.0197393826037289	0.234209863600721	0.513658830043969
50	0.513312226620765	0.748945713078624	0.294111531857928	0.663780504567266
796	0.411835891158649	0.0492398712721909	0.323159953049182	0.663785394582087
100005834	0.914772270788228	0.633497093176167	0.338679922968234	0.673262367233932
100001580	0.950550276701532	0.53304753032382	0.312032430278992	0.678377235543712
480	0.80124158250583	0.630523806981207	0.260597343464488	0.684678558427987
100001540	0.265235976956692	0.766527118014024	0.360133635407656	0.7463073286853
339	0.573087665169839	0.131818354444968	0.262581433148688	0.589043163033308
1110	0.899490785999133	0.948254410294201	0.291795557479067	0.676079531883022
100015836	0.189558800842652	0.206329502838205	0.41143626358145	0.840190977507432
100009271	0.565155401134769	0.545873719532131	0.319961136824868	0.658559809388536
100015638	0.994254517059797	0.439966988800069	0.302891367345242	0.658551606063982
100021667	0.919942658857137	0.465980167676107	0.330877068251501	0.657254377656207
100001279	0.594928224089215	0.380176766411846	0.313573544156732	0.799135962584171
100004208	0.0217980772069337	0.129602545777937	0.431165040332904	0.792840421635773
100003695	0.245249009481188	0.12585726004184	0.294403990140021	0.434745714186244
100000802	0.770526785218858	0.968711036882641	0.289180179270792	0.676146902515382
100002769	0.826501197623267	0.10210821124635	0.21315798610175	0.793641305484987
100015835	0.111550282142552	0.298178491796568	0.426265920054535	0.873896177699867
229	0.881219031719569	0.392680640721739	0.323513372370485	0.671294782531829
100001266	0.00718488264157485	0.0257959733055276	0.350586820902439	0.978398158552755
1342	0.302339936215742	0.353647390872191	0.247554058823924	0.694966547691004
100002102	0.854528849797496	0.511453025902888	0.329162858818738	0.788213786088894
100020254	0.174996165779191	0.602301876353518	0.281668778959456	0.703225522621728
1231	0.48983006756223	0.251234626562416	0.342445596340748	0.630719730477738
100020492	0.985039554558574	0.906717350937553	0.285630353914249	0.676425676503794
100001402	0.366174436377301	0.558584176499645	0.322742743782877	0.682771108944816
415	0.00651253579368777	0.0903885799468389	0.328849730014239	0.7333841559488
100003109	0.980039483838229	0.947796132588222	0.289402090444881	0.673410142072714
275	0.611109796708324	0.801718424490248	0.278342852069983	0.661336103600355
1143	0.170513600148526	0.0733516173499071	0.259803886216411	0.776586062497831
279	0.332126559966466	0.311821484767397	0.294544428542827	0.535033631697164
100001198	0.971517293688276	0.944823472835426	0.288825692061833	0.683387430142405
1648	0.388682991610649	0.953562646136504	0.288877249198297	0.67821210661522
100001590	0.294653938648939	0.271459358567639	0.279775984175066	0.59413547313573
100001733	0.371397623604586	0.839168738447286	0.284908443638239	0.692912370896719
100008933	0.0129439830763913	0.00179956904483317	0.406098626373558	0.632992336773007
100001550	0.363424780324366	0.499002512471328	0.273053640750647	0.625712095952628
1215	0.0723811602478699	0.216391136174166	0.239799653006696	0.630012007001381
100002356	0.283503891486736	0.12080410610595	0.346008898924028	0.685348932603749
100002749	0.72912454236519	0.754464527616499	0.290773023707195	0.685044529641439
100006379	0.157959432678754	0.142625200909706	0.336801402531583	0.41290322326924
100015966	0.0752642301521249	0.152668584923611	0.318147609034905	0.502191831507325
100001392	0.667518045318437	0.947428618554963	0.289978063026566	0.676161020127456
100020425	0.140246585729162	0.0487466033211296	0.233881517174739	0.431595396105237
100004299	0.335196732533938	0.806256513303655	0.304390169854582	0.724831794546232
100001734	0.575682304565743	0.547226573737545	0.303917407909766	0.619350953498981
1002	0.915024710482579	0.796183631531196	0.291049264247576	0.676388609508092
100001337	0.287214124498672	0.755973122701862	0.271149059499807	0.679079993145283
100001452	0.850224659387275	0.755076550197708	0.287287253241185	0.648092287878743
314	0.5204212861236	0.381032698852803	0.300248055462805	0.695783087397037
100009264	0.985468210186547	0.543414926540775	0.230876291841688	0.800167781493919
100004634	0.455931086698677	0.513898543268564	0.260233072697031	0.693351471262922
100000711	0.75616245301809	0.705539140669219	0.316792661601423	0.700868630936918
100020536	0.022786516556161	0.0963301547034913	0.34875758918616	0.781440120094098
100004318	0.334499921225402	0.570837342214543	0.294235944913167	0.671816807259862
100005850	0.864824921226856	0.47539088312821	0.367748594111252	0.624089985017455
100006619	0.322414817851155	0.156454810666176	0.327297620520489	0.664206394737296
356	0.424552184923879	0.610033631163791	0.277143087642045	0.696871358966464
1221	0.599482648924043	0.619724994856719	0.363801948692146	0.712210050948202
100001397	0.729015751731764	0.744308318362047	0.288806225311434	0.66903583472474
100019981	0.645061591044562	0.927107713130475	0.291182972648815	0.689755471516846
100001208	0.450574872245795	0.259272272466693	0.251052528690687	0.95664920668091
503	0.011233201703133	0.0079447191619055	0.160820215106151	0.49986432028702
100006375	0.153719155481377	0.618375288441314	0.312470354217548	0.655899102719613
100001295	0.745915473118363	0.604867035327758	0.280145139573785	0.770756858866889
100020427	0.0568097432493156	0.0270071641198815	0.274590160878665	0.375962173614001
100002784	0.453335923916035	0.356714638406916	0.247319888589797	0.748952159663335
917	0.0664155725745819	0.218001556197456	0.308023462090111	0.625411489608142
1869	0.366104010087087	0.204360439778052	0.312893330571196	0.559888988701876
240	0.244106533532199	0.102256142743553	0.180065093516655	0.477515949471625
798	0.00619380785055385	0.101882702494843	0.412548331994957	0.608559502929711
100002952	0.275746655855416	0.491172750019465	0.288864085385058	0.758832612900515
98	0.653932220397064	0.837858474987789	0.303908713103194	0.682727135591255
100008998	0.314358744916281	0.350630839184631	0.231119116020589	0.741120048431526
477	0.907131509812748	0.287842925284579	0.296190991418623	0.673216491306963
100020545	0.0930831150952934	0.144031745920442	0.327373375139961	0.841154087927996
100021666	0.9649331719462	0.221372635354929	0.334165770226282	0.670371772951063
1256	0.524996750617883	0.681854570395431	0.337649888294319	0.715106107909971
533	0.268169569110518	0.0739425318249118	0.210464312410246	0.425303509561963
100001757	0.458546232615993	0.920231264359326	0.295503140838352	0.673208081820516
1024	0.29406372325717	0.0771181637304132	0.193078747945763	0.840326966988518
267	0.4955924835904	0.872769567786463	0.295325497235893	0.67106992835347
100002113	0.119781675230733	0.0985591604131763	0.272823108288112	0.699709139432567
100001756	0.879336852631977	0.735750890651497	0.299597167963118	0.696595928220602
100001193	0.477248365830895	0.205559758298726	0.353975461466827	0.625772559665434
100001668	0.690540183200319	0.975978025136692	0.289596207199761	0.680018891111516
1124	0.326860793987651	0.271029875534444	0.25027484459904	0.779914065619551
100021331	0.186119239794567	0.299699597052879	0.250347548595126	0.719337188692289
1090	0.0686520320722224	0.0451059870123947	0.270548227827323	0.818930815248495
566	0.903008504175347	0.308325907060737	0.215349015090038	0.683109696171799
100003119	0.467771884251568	0.289120504891403	0.320924028228755	0.615315704638435
100006367	0.771284391450637	0.578123729494998	0.298229797326818	0.657934402718426
100004322	0.231894221319212	0.250583924937064	0.293977504524892	0.761406211795364
100001034	0.596216455260493	0.87309257182666	0.285676960632701	0.670983556998159
112	0.868843025159314	0.895763532044818	0.291570317022378	0.662305784563373
507	0.76251264923666	0.793299411053287	0.287108850396413	0.68343069072639
100009233	0.339870089036159	0.212681062160958	0.265513762810194	0.694492556337314
100000406	0.0175625536505097	0.13470986598886	0.460883110418558	0.481750071171588
100004046	0.399693857957135	0.370639921589931	0.177243844299386	0.608341532602374
1025	0.752392724478242	0.701498976999011	0.278610689677678	0.69642768001472
100001106	0.15904531177105	0.165645291240007	0.240615089291201	0.712040867722712
1128	0.0317969404239426	0.58742226030377	0.316794256481502	0.723782069134847
561	0.0511727728354889	0.180934589010287	0.201553143105496	0.596213384889922
100001614	0.873942010540749	0.383907563681742	0.302667583222561	0.653598108068872
100000961	0.865675389198112	0.937580361677387	0.322576850895588	0.671835462422322
100002397	0.845300557270248	0.594365163988654	0.290664826256867	0.608407704707338
100009407	0.998150343984312	0.997068785572808	0.291859326668813	0.678290959150337
100002910	0.947600406891289	0.580212923729037	0.263868856260184	0.609733598920365
100005946	0.291299497787159	0.364515771193464	0.326053305590109	0.772622706758707
100019794	0.100635935903085	0.294474708536146	0.288717848939566	0.833564650946206
100015759	0.347575516717973	0.114215870083846	0.245267721549039	0.682235193231661
100020417	0.66820850684325	0.58629852406292	0.276291640520132	0.650728940362839
100001054	0.715776111935418	0.985875067835631	0.290828984426955	0.67736522518313
100001437	0.335385444413148	0.335307284196205	0.240223868107313	0.604227572812619
504	0.266936386550805	0.720183999408879	0.33488642136778	0.686264780092944
100001988	0.4670190701714	0.657073534607535	0.283305909144752	0.831341513794481
1082	0.0262517612616519	0.553755405706303	0.327095717343	0.711622085262335
100001403	0.294408138275825	0.319965432884875	0.325453845712095	0.65899183996886
100001664	0.928561919523553	0.530747280276907	0.27393233557547	0.856638992835895
461	0.282101604768224	0.224793454394363	0.453190366545963	0.652625715454574
100000463	0.647573618950762	0.992942607717075	0.295158932914305	0.677363986476606
100020208	0.525449367496396	0.509115284965428	0.333328658463116	0.560540228329514
381	0.524212659276716	0.0682356760673165	0.13099266586089	0.510016464600516
100010901	0.0856635861972917	0.0677818214285506	0.285770992390891	0.795518544552928
100001468	0.266799282918465	0.959189132573776	0.287703661793949	0.692400393535272
100000840	0.910103058501336	0.916580904932078	0.294518238920892	0.686295901361189
100020014	0.240478042891988	0.597711447046078	0.283467014293959	0.692580557479385
100001993	0.802069588407859	0.561793795976064	0.230546956891301	0.852889040904748
100001051	0.0884326260098178	0.0204102070555677	0.330415535999056	0.3572227223169
100006116	0.390829470687087	0.516162222888001	0.293189800525311	0.678449546778468
1108	0.917479516707339	0.984347580572644	0.2905091667663	0.677248559855297
100019966	0.358535373954477	0.134961177154823	0.345828362835407	0.647752870909178
100001743	0.59129740185081	0.409098604317095	0.282162840056963	0.662024512998178
100001294	0.134446486528111	0.197106892463734	0.205072679249961	0.732172741493893
100001609	0.170240800007776	0.0624760236767781	0.283961156461536	0.794694263271479
418	0.76976782344117	0.984758921071785	0.290325430009604	0.681654920025206
100001178	0.37810995221655	0.896053907438087	0.286860152948977	0.665555380519391
189	0.927741751839396	0.644655440356236	0.262112150016271	0.640786114731103
563	0.557035852596024	0.775340640079949	0.308117300626469	0.660995592333382
424	0.642890536857214	0.48889863274347	0.317951778452916	0.660968074676341
100000776	0.12107000819541	0.287629329514565	0.335090825920105	0.681596109918532
1001	0.957906519366088	0.474480645414792	0.292498089619526	0.680364959221352
1135	0.373539216144765	0.111109297117023	0.269532990606291	0.732990576293335
100021093	0.374145274703802	0.501325404369571	0.331831416505602	0.698976255105429
100020219	0.12413844104837	0.229972955266793	0.30006929378834	0.570330741908371
194	0.474158672972393	0.832440242806446	0.297153276065148	0.650910788439492
100008930	0.753779667834196	0.671458744885902	0.309959829779436	0.660554149564243
340	0.653475931079555	0.22539861089545	0.17422097512031	0.760067835091741
100010896	0.877228254695378	0.784767068903258	0.276013080784782	0.683588212264015
100000787	0.179901526891555	0.102945890727855	0.289973315128911	0.386237843812863
100000639	0.0278612713964736	0.183307347848884	0.258384466636161	0.683723404646358
100001851	0.904395263878191	0.228099896741445	0.324287153039254	0.445131529324114
179	0.611332050530793	0.587638252034614	0.284004939576385	0.693570643040651
100000626	0.399376782541878	0.687698173100627	0.302856775792985	0.67848506644808
100001605	0.0115501812908849	0.0881859189903169	0.365261599491717	0.768692095025826
330	0.239177285978955	0.450813900664166	0.321277307966642	0.553413695830771
100001162	0.773544485573075	0.622844149763236	0.262763254832616	0.647733896327205
100001167	0.0380227080904183	0.241017303768935	0.289204870326816	0.661574077859094
100002067	0.553617629820711	0.743931914112415	0.380183427325315	0.604832529519815
100019968	0.611947411330895	0.342423496281041	0.324183284914824	0.611059011317531
100002014	0.94312741897249	0.978606034217586	0.288303451648468	0.705100976866484
100004083	0.469625589787494	0.139244172979675	0.317861685963921	0.540485153997014
100001315	0.335548145389843	0.390615234541878	0.299897548300719	0.743469416264505
535	0.223611184149453	0.554616470636597	0.313543537486833	0.670438421258063
93	0.383632522196429	0.265180182264913	0.332395623802083	0.518464981764392
100001989	0.377813860434008	0.609380271350852	0.264509434155413	0.722398181892457
100001740	0.742163651036343	0.409813450002855	0.264342850362802	0.697331151799359
482	0.232106627938356	0.985683075720243	0.288551298397653	0.678638328973219
1629	0.255255379886531	0.417162729716055	0.34775025877848	0.65440611732605
100001399	0.430008326149663	0.368420598783291	0.308249189602619	0.679834523701636
376	0.760733392536054	0.159120883002911	0.179787217644976	0.790267260981015
342	0.601200058241171	0.580912877717838	0.287578430261017	0.675386034847115
100001253	0.0285878245354015	0.181537966341772	0.241866526251635	0.888864387713216
100000708	0.605053637792199	0.749267076457136	0.310572252776947	0.685921250031811
244	0.183520814681274	0.0520686244516646	0.24313471702324	0.796555749961207
100006726	0.42704636460806	0.302793711044454	0.337431553876641	0.663051265994657
100000036	0.183763096434279	0.67003545775399	0.270193276976799	0.715073390097777
100001257	0.0260059697496489	0.0882842055816989	0.386076755809175	0.9419715307844
100000445	0.576380786246753	0.650117708797705	0.31154274867166	0.637830788269107
100004088	0.00456742446311881	0.113569588078206	0.331191586780647	0.753418339468832
100001423	0.972189858055541	0.745425281669683	0.293424687395163	0.649871233691353
100001276	0.37784729191452	0.288381594551028	0.262403561487193	0.594673504357501
100001876	0.76190804670442	0.951675040216464	0.287567800463293	0.678550473961084
100009082	0.631881061397508	0.036795725477168	0.126807253517183	0.654724875712232
100001121	0.34950287371312	0.741135418279109	0.284464897013003	0.673356319844979
117	0.325544037645564	0.635737284896743	0.271737938363595	0.69724496980099
100001868	0.0393807716546708	0.114115831726721	0.340293856747239	0.684098083172786
1134	0.617814451269191	0.282760034962912	0.194948248938175	0.649507007430457
100021012	0.273298242890476	0.491387515277324	0.295510913636705	0.701108671158474
100001181	0.806174162007739	0.289072485290604	0.353603854408426	0.610843586820724
100021467	0.690700354097684	0.280951996604023	0.295222119854727	0.585173354997356
100000447	0.222747653859304	0.240446891182156	0.336703473896596	0.64258028505324
1162	0.000358846060531077	0.006463781040197	0.38534272311736	0.560364103903821
100019982	0.500915854359096	0.470271690863275	0.301469074009158	0.661786442200909
100001613	0.995339803708796	0.456960192235915	0.303724687034774	0.646832569123358
100006644	0.365267852959657	0.618897691520208	0.271041367922542	0.70569039107231
100000096	0.529346087580955	0.0243795459030562	0.191650874787626	0.648312206793439
926	0.524014658621671	0.677419349899951	0.295337613845728	0.681437715868765
100020004	0.841430797717559	0.718681260394692	0.302641060197254	0.676462809852857
363	0.158307983148696	0.0344769836543582	0.271387489764787	0.245076938313906
1111	0.414464969366236	0.96912981402302	0.297390015456531	0.700081429118722
100021712	0.785051638035888	0.648814311270383	0.290102015623455	0.651952565103877
460	0.877632377718738	0.703617290217693	0.298530351611361	0.714114602518169
100009331	0.359940037183411	0.226639261977142	0.259908208069405	0.704642751534297
100000442	0.27055219628102	0.75717157746774	0.308576475849607	0.690865004985902
100002945	0.100167750548301	0.0199843882177167	0.375006104826972	0.634506896926148
192	0.889045407854412	0.902865757807588	0.289231367891668	0.707277418860984
100020241	0.469435051718026	0.981542602048432	0.289332697051222	0.677470473343716
100000580	0.119323790349207	0.135686343147647	0.249385223733425	0.919073921313166
100002466	0.00922026537684977	0.0296486813798026	0.242487682151567	0.438019257768645
849	0.738310717418181	0.603824952852031	0.291479111332316	0.628932452672372
501	0.491879461847495	0.380517655580013	0.322516930356318	0.633980736465583
100000282	0.62324799981938	0.13147549747712	0.377304178549282	0.57348296734262
100001577	0.0331805499290146	0.185793600271336	0.391053038054829	0.737341193083534
355	0.0929342335301153	0.273477422136625	0.23883671266577	0.570276091656298
100000841	0.782598744807922	0.99421205216972	0.302641477514859	0.684664531932682
100000846	0.811763818695774	0.354207708017515	0.278673162442847	0.670612355205105
100004295	0.997772931671718	0.477447728073628	0.266160253940614	0.63138131706621
100001586	0.0905712135267262	0.0288867550808938	0.436279242081525	0.305593996195917
407	0.0122440721020683	0.0251861891520437	0.318647629548212	0.750156992542391
1137	0.791318480025846	0.663494764337104	0.27569852020265	0.726266655433242
100021374	0.0396755009474882	0.0152894429027692	0.217702575298945	0.923083831566751
100001593	0.732293145764354	0.840852377508661	0.284510120981394	0.684883483353426
100015971	0.69983148243394	0.718759170466973	0.282856188120931	0.675575663493342
100001022	0.350731497774598	0.172995703503211	0.178844370764349	0.946767683450135
1094	0.067064293952699	0.24114839470977	0.439191695052402	0.905269766690397
100002122	0.274585031234904	0.249451511478212	0.237277972192002	0.776358700995425
100000706	0.636518671576968	0.568538240433379	0.250314859072321	0.677996017677533
100001055	0.816018579463569	0.414599397653719	0.263919620972262	0.619435813752651
1235	0.489461979751302	0.689680419573795	0.272982194041094	0.711219859724489
100020204	0.10315686512429	0.532969235121285	0.309942449947289	0.719620099737056
100015643	0.0292566739294102	0.250149768537994	0.319315366623445	0.625850781741911
313	0.0193828382683924	0.223697003280885	0.305371251738138	0.607626840377043
100001413	0.831472408717909	0.951605204969749	0.291284496856593	0.674207441690791
100020423	0.0210178162183709	0.0143351548675983	0.303740179390368	0.34671979566509
892	0.476327764697399	0.157703892871276	0.316367255553764	0.706529159750701
212	0.0621166936747258	0.116486293769641	0.385528285073362	0.654068384664239
100006105	0.198431796663981	0.183669043252731	0.3286674855269	0.689813017692902
437	0.82608025033388	0.564166037399485	0.268285369039928	0.69487140434113
100019892	0.477596700782509	0.776365464741262	0.287749026400838	0.701239867470171
100005716	0.0660988710675064	0.0916492256381823	0.315987723520877	0.766471400685135
537	0.2319067009672	0.138886531476555	0.298585294257107	0.703628133814077
100001990	0.306084126432458	0.626545196326373	0.327350157001408	0.630892206968777
100003397	0.0370357080487476	0.0045931417941078	0.224452920835666	0.434243959415727
100001320	0.109928453174614	0.199054316469946	0.375747910571822	0.429322889169224
100005717	0.135173563721937	0.0921616561114926	0.337779800347105	0.710447499567435
100001207	0.0324419137046092	0.180366214795692	0.327333041071709	0.685161682205968
100001999	0.55408375379785	0.787946379585122	0.276623407612927	0.786289967205989
100002488	0.275696212825467	0.0206743474502248	0.325365467425708	0.612503684666838
62	0.222343809506198	0.702566524152444	0.279927273332769	0.682980929713759
100000467	0.611139676018556	0.418455994541002	0.274318922266079	0.647888097881407
297	0.00456764937247017	0.104450168420904	0.293040406667032	0.63996599385159
100000285	0.0321106301818795	0.40510764168118	0.28932147091049	0.771005019346543
100006056	0.074282064464958	0.423917867620037	0.301201779448615	0.716460550623742
100002126	0.127830585564765	0.248514027454479	0.22359980649997	0.991308599286511
100002129	0.763527064635616	0.827860945940805	0.280518946942727	0.764873124572965
100020478	0.0360456222293029	0.223085899003122	0.260909779875582	0.706303917062933
100004089	0.0736660885190786	0.568673883644728	0.304874800304668	0.635592943529169
100001755	0.537843857764481	0.565192854216903	0.291312640526041	0.63229633254554
100000551	0.0341728950193955	0.990487303549662	0.295310154423454	0.677866891979695
100003260	0.47209961319459	0.319605025292552	0.327330149048672	0.754432179918896
100010955	0.793888773838531	0.383450276672875	0.231361138519373	0.569293869275569
100020851	0.224453326819062	0.454118855458098	0.31075882966219	0.699865543596406
100016069	0.656366656624151	0.789540736608163	0.292610079231112	0.66501194543597
100002027	0.449905313952797	0.555304393450793	0.227232729568498	0.787204018424021
1123	0.411069126638493	0.186006171902125	0.271482621444204	0.806887324971519
100001150	0.751186665544704	0.988148996719491	0.293192829469461	0.678238241720716
100001657	0.30035422848271	0.631772103813657	0.290678755893601	0.657406182860115
310	0.264246148274075	0.357265410434503	0.254604707453327	0.778645338829069
100001314	0.399083605479727	0.145618165354069	0.266007432350989	0.559377881413323
452	0.720263952773223	0.660221238506144	0.323144010008269	0.651058806278076
144	0.0865501506769235	0.0601241066142924	0.357985892573631	0.545089279020877
100001182	0.230884633459746	0.173252804810202	0.350840460631505	0.661436312824308
100015965	0.753509156383622	0.476712549469691	0.275725256353036	0.746412133841986
100006108	0.950592328493163	0.460695732477426	0.298388655768733	0.71568181818066
100001400	0.682821691602737	0.609973508304917	0.273606351351255	0.667270202509276
100004541	0.281909706705318	0.205158398580417	0.283552425558672	0.43018479374662
932	0.862477775576635	0.336940005651057	0.296456127101209	0.711685076377608
100001992	0.399703483933047	0.551706099387105	0.415650545979518	0.576949689838757
100009252	0.120901870707727	0.179980744095859	0.353110073614974	0.659492977025095
100021104	0.670139052069737	0.423687596995235	0.205475204143961	0.886083447233685
100015838	0.0110398337697186	0.0411089889586834	0.414410874416939	0.921947829046677
250	0.00100927088902339	0.022489907006681	0.52631710808784	0.775842368372692
100002537	0.968974104914653	0.502063064835211	0.267668606331192	0.785862516168087
100001658	0.857244371483608	0.691538715659616	0.311476363509407	0.664480177639753
100020416	0.309081563426834	0.376911130235887	0.256661429583665	0.653496265896513
100006642	0.214635645808965	0.739370086790872	0.277847781340199	0.703111943776788
100001391	0.0960025967874967	0.307268596165915	0.374040686004844	0.797733898206486
825	0.651331930359045	0.617441869151708	0.255713524236523	0.689552684039858
215	0.0155638559413693	0.0690447231519652	0.347235699504584	0.657167563792122
100001026	0.991264813507867	0.878984232662624	0.286490896437589	0.713461994555148
100020541	0.490528548557815	0.457265420830695	0.244164393313516	0.71666140118805
100001526	0.239787565243349	0.304938687495701	0.424460141696874	0.784737170339578
100005384	0.482260039433467	0.410883208264183	0.273018239648191	0.59878976508887
100020378	0.276964361948392	0.693165825842607	0.277906706852003	0.684467161817337
100006115	0.94264944483773	0.358081478809813	0.38311097959453	0.563787860902264
1442	0.1989391360187	0.0466510638363395	0.12628232635785	0.565421279517184
100001843	0.145760307022724	0.206274384990146	0.314521808226571	0.766431481690198
100015837	0.141729526320008	0.236693336610604	0.515857906620743	0.622036131181471
100010834	0.701206512706837	0.970912682256296	0.28925460647283	0.675874944886826
100001393	0.571719782592606	0.4814702862475	0.237268091827676	0.715633011430375
100000015	0.339210937142985	0.556108653639884	0.270244367408373	0.699967057575134
100003892	0.0228391834600642	0.021810566352161	0.259116606800879	0.993553662177463
100000042	0.165268357163365	0.0243711598639234	0.314866924095255	0.587636963528218
100020550	0.60356271760879	0.236308211366105	0.311991368668513	0.576840339820028
182	0.460954158532827	0.358530873000455	0.277398631778939	0.69716225279083
100015723	0.122428147428226	0.377477147025133	0.294805041538082	0.65842879922396
100020343	0.385356123826174	0.461937602199633	0.260602486730618	0.679613752315678
512	0.331080404941848	0.557227279412527	0.323090700451026	0.643963172427404
100021100	0.758562097639306	0.685985656943513	0.276741312802381	0.681673490092454
100002528	0.259287687790856	0.0501269057118561	0.36532834994771	0.440873404953854
100001287	0.452802893375312	0.762488129228965	0.385910738385162	0.627628023892613
100001229	0.684488527267949	0.921819979084167	0.295716025741889	0.670723768678351
181	0.37326584914452	0.828752547395335	0.283928893069407	0.702570268803292
100015831	0.00154089805303989	0.0186314789836383	0.390249889666615	0.462484779707864
100020515	0.349370459722645	0.482063965582193	0.239847895723004	0.821916095466648
327	0.214112712993965	0.253909790249252	0.352793055388676	0.63143332668526
100009394	0.593108541739167	0.685574347297427	0.269326461687223	0.714494090408661
100001596	0.856433423469153	0.219224191286593	0.263663561910516	0.505223556637339
207	0.847398187933113	0.506786486698503	0.303447018631884	0.639702531669958
2054	0.523435456280912	0.803401436671954	0.280384614886354	0.69118228685738
100020259	0.697692874023025	0.600881434704258	0.312446314434288	0.663134865905321
100020414	0.00310245515829499	0.0399544706329301	0.2099281773945	0.650280555196287
100021131	0.875844546340302	0.25562931139447	0.278771367426679	0.633794004530648
100004499	0.865085316550235	0.704952709551969	0.280968021933046	0.646627649504115
880	0.188669507739827	0.831541597017889	0.307633330999973	0.674498411779331
100002049	0.495151588042806	0.307682409768409	0.321439380038232	0.628321201405731
100001739	0.563955808701812	0.266156026237228	0.363398127850094	0.638826945658785
100001126	0.445460590060933	0.157767644571502	0.189431429378202	0.556162234416473
1113	0.665357457120543	0.863875741910144	0.300388427862047	0.658347382613068
1083	0.968738131607537	0.288943295229204	0.318657913475613	0.583079129675723
100001730	0.0776361047259173	0.184707723417154	0.337051419546492	0.553751740000853
100001412	0.552042942562108	0.956457840934167	0.28887179484749	0.684810404069041
100005996	0.742584713949768	0.586523108004159	0.27947542505707	0.649327961643212
100015962	0.0071138818149829	0.0794490307420838	0.214522173620977	0.994799455598431
100020214	0.733151896647589	0.439667942852876	0.303445572545277	0.601703161700898
100002514	0.119886525786907	0.331144799732173	0.301499378728631	0.614995535816542
564	0.211662212053079	0.0511120330490449	0.245606071970112	0.549724412101823
572	0.0281932892810518	0.0220197541415332	0.40598068224519	0.538886636394413
231	0.900326849683549	0.604885862466654	0.263884327580673	0.696177801953748
100000453	0.842231913941413	0.71523790342376	0.277670381384637	0.714623166786677
100001007	0.130573938712232	0.260668763909232	0.337537076160366	0.559772504374585
923	0.617034393784722	0.304051391714626	0.272777584762632	0.73346544296331
100001247	0.453784833999736	0.541994696063413	0.272701546777268	0.661317045579164
100000774	0.554076628494927	0.893599102859345	0.302271596086876	0.691495181008803
800	0.337985261919849	0.327370508954934	0.308234322224406	0.739906789239812
100021678	0.292551549695764	0.386672281180529	0.238363807481071	0.675790865992777
100021711	0.439679951265002	0.856973962821767	0.303082464582247	0.685145478532288
100001274	0.722448384581946	0.381467309518815	0.281716492501589	0.52009781872803
100021220	0.146748100111665	0.165934245811296	0.35232975999234	0.993942264609673
100020253	0.397096186908023	0.998368051872562	0.288661247129645	0.678051446874598
100001170	0.767964433062274	0.19557419862182	0.269494547667078	0.583069672836466
100001466	0.285699600783648	0.905199655739139	0.294356193401882	0.673669680881464
100009406	0.704843472310567	0.643672226396108	0.276814442862306	0.696028242943014
1026	0.177435177065551	0.368231036661742	0.311662207323069	0.63629863781617
100020837	0.7522530562865	0.395760753945051	0.329725402162022	0.584772774671551
100001006	0.079516570848772	0.0848760675419346	0.271346018847551	0.799791840721661
100003674	0.743130955507745	0.125561410973233	0.288854617174309	0.66725222860987
100004396	0.340167590849971	0.424862505269165	0.32919118519903	0.574408369336525
100015923	0.514820041822922	0.930234496499704	0.307861020385487	0.671854324749347
100000265	0.455560374705325	0.71233820525711	0.295459607138591	0.650518044003809
100001409	0.087873611843433	0.128034326994472	0.284811596165712	0.522489404401565
100003434	0.423121203277706	0.464822980807524	0.294929067262984	0.591640305842869
100001334	0.592421530362989	0.0735168600911443	0.363755103536227	0.556887154416278
100001102	0.708703924004676	0.769297625224222	0.298298318479284	0.658807475718411
1268	0.608429693806746	0.0707731764365648	0.181295367353439	0.633780839409913
100001300	0.229771054961065	0.0876622211112902	0.256491783452493	0.682761064249011
100021324	0.271414105272117	0.765124738867135	0.358101498571935	0.669559880411733
100001617	0.112120910125475	0.10109475468261	0.280567348596177	0.718259984176097
1105	0.974123720151872	0.180343561235384	0.378656853535642	0.384441320019681
100021502	0.0579705995619508	0.265407228742909	0.281197611047403	0.707442194579436
2051	0.920457851837643	0.517051549957072	0.293236948374379	0.558920420521738
100001256	0.159540102904461	0.512669495218044	0.321464956284659	0.809813178094555
100005466	0.0666062509011791	0.0907683668059551	0.327954285474603	0.476573738608204
100002199	0.126297680364122	0.691692647665264	0.300755372710607	0.698857337781586
338	0.0160313839997052	0.0476723280420393	0.463748190480818	0.444328249748645
100004243	0.425588310892228	0.570711670198554	0.270326489930736	0.690553156080671
799	0.471459699801497	0.924276062427652	0.294702740838742	0.675811543918933
100008928	0.571750328764515	0.104089363599346	0.291113194306526	0.668351911390279
815	0.100687445999992	0.294750136766754	0.288515875682183	0.747762740187626
100001456	0.00613905185272772	0.0791737613391372	0.276698125727485	0.600036511939614
1242	0.0830425388894357	0.0822390728635482	0.346978622335696	0.479785468763549
100001416	0.284798441430197	0.107961868061343	0.200055204673875	0.426352178239601
100001462	0.360028667567958	0.342011179788539	0.344399573461529	0.638031620652896
1087	0.189715081792006	0.039452275624809	0.302434035636013	0.641255206556588
100020421	0.0747281246865864	0.0990914148793661	0.325597038416604	0.434406607035412
100000010	0.0046169949767592	0.0457142524371878	0.2995687670072	0.732345145069587
821	0.511249976484569	0.384607833472733	0.323301148626817	0.533532284196069
100006627	0.26119402926754	0.146998531197605	0.403063147215676	0.578169064507913
100001277	0.379053179772328	0.171937973365142	0.338309464584397	0.635753736817816
100021141	0.0444343232637537	0.19263627098339	0.323495537275572	0.774926555877824
100021105	0.189133103028661	0.287151180123256	0.305725371728883	0.498332392471033
100001950	0.000375131530373479	0.00702194537887262	0.370496354381437	0.84554830500836
100020217	0.827707906241356	0.271616468743631	0.204160646118449	0.503257195333902
100006651	0.0293721663849548	0.17548673725577	0.326367263181968	0.448317886949252
881	0.903193062409419	0.406303000998822	0.274667796976131	0.691866562640317
100001509	0.601870062949371	0.128547114914114	0.258868583218844	0.595338521086356
100021709	0.583298640386428	0.820433890127616	0.28245033495785	0.683843471918738
100001635	0.281249232229606	0.0355955893461422	0.320296538679761	0.626209734207703
100002613	0.460546266770118	0.123925505552454	0.268684893484569	0.762286802223567
100009329	0.59396497950363	0.716067891538287	0.264160542403305	0.798654175927849
100021123	0.84937370230725	0.639754121039536	0.300633224439485	0.60184689817939
100015760	0.272994701938338	0.179711852341762	0.239163290284545	0.710714488323495
100020205	0.377562169150011	0.421562604349774	0.339292986177413	0.507815243080816
100000765	0.589656174839407	0.639206978833283	0.28555687475224	0.646676183548847
100004111	0.350994374446601	0.169790098711961	0.315672321788919	0.647884597171347
100001615	0.1921877517699	0.828186184416094	0.288475313620018	0.675890994763988
100009227	0.199870981378955	0.117091741803096	0.406297874885165	0.818075268146937
100006191	0.361668079977979	0.568695777068578	0.318526682850572	0.626210207460271
100004542	0.441340146985543	0.361673442790545	0.306285582242093	0.724982942927966
100003686	0.320825573913983	0.138191453816235	0.401537828928945	0.615509077671841
100009232	0.031862687428704	0.248136894726414	0.286681900597055	0.588534670815884
100001501	0.0445858939990601	0.0866614635485673	0.379853027693437	0.718588714872956
100002367	0.507527417167537	0.243982384496486	0.271156037576686	0.526726749365164
100001108	0.318900869492613	0.704953722009462	0.285514940036724	0.666708396647458
100004227	0.748943018205061	0.983382884670225	0.288678390515967	0.677169548579814
100001310	0.198768086703847	0.290389500417375	0.270475316713657	0.790174741391579
100001994	0.86714523848889	0.874673052968537	0.299261777771335	0.755806044602831
100015839	0.0127465888184242	0.0111517756213842	0.37982360874732	0.765794472949091
100003271	0.0044916937121362	0.0588633217234479	0.384943146036155	0.463920458599598
100020496	0.868348500255415	0.955462111520044	0.289982999334017	0.682825850226241
302	0.670936627235934	0.384447753873035	0.251561586916034	0.641879619605735
811	0.740854002153434	0.682212965753679	0.28058881368792	0.721280700773781
100001267	0.97084228936908	0.756170881038589	0.271561530464186	0.673707031811074
100001197	0.0275439557988157	0.350676171111767	0.325579394564251	0.68704475707011
432	0.184583259300802	0.352925618228395	0.315567107777796	0.650429062488982
444	0.0113794096701119	0.0514141474570134	0.314123540695137	0.810819962583809
100015968	0.322482216726692	0.367315641620244	0.286908943304698	0.604410562638156
828	0.857489436955352	0.93961430397214	0.287235992171928	0.680089239120364
100004054	0.253420051777342	0.809577157146062	0.290994241926684	0.683996353024666
100004635	0.0874693478074284	0.145996883185479	0.660782601335215	0.417734666661034
100000491	0.429427734436386	0.578177052888694	0.282814403052391	0.585616680103917
100000939	0.0436112556093717	0.0335862621274761	0.308313638852425	0.572371858321503
241	0.231225392418085	0.655391924715288	0.305501058050899	0.695202229408192
136	0.358198883462242	0.0673977547202473	0.252764313501977	0.863419072984096
100000792	0.583697922979709	0.956030360040272	0.2924692204969	0.731739528745425
100020973	0.583800635923977	0.634257684546566	0.306044456306335	0.65290448607058
100000936	0.752059538168999	0.888440096431956	0.287833158782894	0.679414215782884
100001313	0.00892615285049433	0.161552665301398	0.29920165232627	0.727579615045747
100001951	0.0489791857349444	0.0917570092659948	0.324991372236036	0.668420795942564
100006098	0.0196872615967227	0.0908456367199754	0.319536903505557	0.790845026748342
100000007	0.256315755752095	0.516797317553911	0.292798967463982	0.682076706711018
100006641	0.896558121339385	0.856430091678758	0.311953368337558	0.678530820738723
913	0.0115618923143058	0.0607768473209483	0.356391565878575	0.54289122755266
100001579	0.820166689437837	0.445553297429755	0.317405297779346	0.678064112118632
100002911	0.156276414886958	0.0139279777373087	0.372763591037536	0.636235904934342
100001293	0.283501099877379	0.380940838028514	0.251944502786397	0.81391681601235
100002241	0.201676665228764	0.519580611887672	0.305686195391092	0.646624866801713
100003179	0.36922907980911	0.0803444326632633	0.280716059312184	0.53164297004387
100021372	0.318928985653901	0.221448157156037	0.215783605799685	0.683272466385328
100001956	0.319312659681379	0.529988772864239	0.292567520805347	0.595104640235329
100021162	0.200598238758373	0.149664662286084	0.273268557798693	0.497186537302274
100002259	0.361863419661425	0.642354922271158	0.268758218227932	0.670910220948609
252	0.394207174842407	0.560887032831121	0.33860320407413	0.617255892555545
100000707	0.436465599972343	0.33282591301522	0.286196107320823	0.685604233489396
1489	0.681956213682622	0.0204463593072561	0.214178984411326	0.652811094365472
100020361	0.0298165396378245	0.0750540668310111	0.313326659849247	0.979470717043867
55	0.742299333089674	0.901200398785213	0.286205320230977	0.687412656885248
100000863	0.266092330659774	0.258897990107871	0.250835946371901	0.713381466271204
100015840	0.168247173655633	0.0823926760389318	0.389512219379999	0.634024537617749
100001541	0.148207131115231	0.080092392087627	0.199455105450964	0.669367322870812
100006082	0.153655360862151	0.0560842859913951	0.377046439053775	0.671711131262931
1254	0.707566534898821	0.88197079759118	0.288695370848969	0.700911607367887
100001624	0.525464188212364	0.36729153897078	0.270751550402865	0.653935848583189
100015850	0.907344169906723	0.543802672838922	0.361239263157754	0.637168699574666
100001104	0.00362335836128611	0.014025922842511	0.311876666577345	0.958132141531263
100000900	0.123869313661425	0.425734594430884	0.299652656847301	0.682525159434587
100000269	0.244654012926477	0.0956268873079479	0.179865247959359	0.632355430153908
1022	0.248101087288847	0.938413303122356	0.290222599634949	0.673870896084171
100005373	0.221178019193408	0.0861855980453445	0.257669001138464	0.708888532402865
100001129	0.133737548813681	0.709151905622505	0.279247988472121	0.706964379594305
935	0.0118634750449965	0.111972815901957	0.377523179606812	0.534807624292222
100001262	0.179388773582769	0.222654634145432	0.29752264649691	0.702022565462276
100019978	0.314611913874054	0.625154654089835	0.282863175324349	0.664049618306166
100002293	0.719163060998127	0.772907813736847	0.292858128480658	0.679029372273235
100001426	0.197295375245831	0.278346333421841	0.293312910588589	0.520951103483788
234	0.0330975285360443	0.129571149129518	0.28329686107397	0.650473833409419
100005403	0.241995361747988	0.957796424740566	0.300662015927693	0.674738181790046
100001083	0.0466723770027453	0.339607986943845	0.311223002866731	0.698425030431946
439	0.748370361295917	0.355195724001476	0.308035588100225	0.672701381615501
100001086	0.358905859653193	0.421628633281924	0.301716849607293	0.756032795240206
100005864	0.747459499348259	0.459382928998545	0.265205450428669	0.743439864712859
491	0.516141903725089	0.919645105390187	0.287595501240821	0.678829666831177
100002029	0.437067928627617	0.399763586444251	0.27865277259497	0.536951246056517
100002154	0.776250756440283	0.458284710801712	0.25603401914994	0.655389640068914
891	0.536839597963659	0.225259550460751	0.320309472139536	0.646527281621549
100020261	0.438594729518613	0.517170458974232	0.335604558228368	0.653651001171683
100001296	0.490451849650979	0.477651456380806	0.293279412704932	0.571357362828534
2050	0.46157485531778	0.555429403739565	0.308519929690614	0.62616644939395
100002761	0.342454708061586	0.701546174991061	0.258019368150213	0.802971176841912
100006614	0.853888305347203	0.652938006222243	0.266205848629021	0.743470692539996
100001597	0.919805513915259	0.155783990083437	0.193808731924538	0.493996731730969
100020853	0.81007549408117	0.883123312372716	0.291642041904641	0.685854036893638
100001446	0.296344296634811	0.44386487314508	0.259467608984782	0.670052912510015
100003240	0.290334046018238	0.123273764361453	0.335023303392734	0.595166229347884
100001502	0.02890619102257	0.209112631639241	0.34611727165114	0.769258631166228
100020866	0.0995454072475503	0.0108465824934719	0.175652453071554	0.488051928859618
100020419	0.0321129386971968	0.0759014777569902	0.308143061234916	0.404953840630463
35	0.486482750345449	0.243567967563311	0.260048408212383	0.61814633753324
100003696	0.0154572892818724	0.0564175313087795	0.411031128915213	0.614038406992796
100016038	0.794644488686545	0.965133767460128	0.287706232216397	0.676230202738239
100009333	0.224148712490857	0.190675804497696	0.286467460445653	0.703999762493726
100001611	0.128266644347785	0.275100728186334	0.394300004364616	0.652981870067635
100005383	0.680713257208016	0.296734136451972	0.295930123725552	0.719753740909904
100009239	0.294332619241351	0.126348765761568	0.364984555753124	0.496668734113337
100009332	0.352237150944405	0.27168451057164	0.288345694177603	0.643262846385933
100001731	0.162242552398093	0.650757337366172	0.295528835963904	0.653563848135554
100003415	0.32563211834262	0.43554495976614	0.284496087732025	0.695162776154204
100020578	0.141794693312043	0.19881530179977	0.270696191513091	0.572778359262115
893	0.874642949926428	0.501031775715522	0.286900545489807	0.691125467092512
100000963	0.28822203192798	0.201325781063959	0.38139100225076	0.480068071857332
273	0.16253858039082	0.341423274543781	0.33082022246456	0.6733665228816
197	0.460373887158131	0.422013076622726	0.28125967635127	0.559898711951011
100000808	0.176119862010683	0.0973637973477272	0.27623727051567	0.927918396530902
100002284	0.815808098689116	0.348539825159242	0.186721784675384	0.617545329763443
888	0.929877491038635	0.0957327599729159	0.316757063337034	0.661659979384816
100006435	0.560187153167851	0.381384176584127	0.229179468452599	0.955635575741217
100006374	0.210075680088938	0.553124316239226	0.296313309153174	0.667258870339264
100003169	0.539778992575299	0.956792531297927	0.286996890611103	0.67520999652123
1004	0.618321659223956	0.822874042219609	0.278065617396465	0.661712413451285
100005998	0.10516161943369	0.912812245682674	0.303569470859722	0.683808014968779
100000773	0.706841924895292	0.561270940528479	0.291713746146026	0.661183997891907
100010850	0.0173069038328904	0.126580167129235	0.338980344470462	0.557957037709412
397	0.842686912174773	0.403616568800989	0.221828373661478	0.737532646627978
100000039	0.0784320050293479	0.235468376839163	0.235302706353714	0.730420471894367
100020833	0.768792075188002	0.764445233463571	0.297638580990103	0.719811173888197
1021	0.421121690134213	0.315833112510097	0.266535519380315	0.71650735804434
100020479	0.387078616244404	0.63419522016401	0.292010140226452	0.687234841268443
100001335	0.540425777878167	0.340700874359976	0.325154857066385	0.647543158050711
100000743	0.60914885676288	0.997207584527269	0.288112070917336	0.689090527155156
100009246	0.175299370487862	0.646613650997326	0.278735844612931	0.708844828301439
878	0.185148855348918	0.772776073383941	0.278750399159626	0.690096843626172
100021103	0.698888764355938	0.899007602504586	0.305613242124979	0.739027216098782
100021363	0.241354778271531	0.574580524914331	0.269584163861945	0.717819293937763
266	0.137343652779589	0.224560005205446	0.291024713440118	0.604663549137838
100001195	0.355134999168523	0.243082357162221	0.36089433381409	0.606622841370914
100019801	0.8323315776238	0.725511108295992	0.298913206296425	0.665287395280797
100002196	0.0427871467029683	0.272867797392935	0.2993267494296	0.686229770172733
100006370	0.255662846789551	0.960758648672144	0.287216753116883	0.679714800033033
100001510	0.00541096992981674	0.000203155379455524	0.256809227237072	0.833172100274058
100000437	0.488686744824831	0.416924336740412	0.277239829027075	0.754331723085799
100001767	0.128929872756647	0.0313736345962759	0.36332094463618	0.746031687709956
100001810	0.43601357414424	0.477817028402033	0.299125603988914	0.845363147670782
209	0.0377289711667495	0.367332508589132	0.3280399905048	0.663482855920398
100001485	0.245329718691362	0.0970536103545234	0.176592482706173	0.609166973560493
100002500	0.119867828367069	0.447201128221185	0.293921225623407	0.648848443525941
171	0.033497357235171	0.0257228814668342	0.211331992781804	0.676528240512902
100020487	0.940910237835056	0.797523202740767	0.315882671520775	0.632356773489177
1206	0.00707300578610862	0.117942522998645	0.293283520792192	0.73005694860812
344	0.0131478916044447	0.026967856653266	0.574476028753486	0.770386952650991
100001405	0.495475277811389	0.919154774908365	0.293689713586251	0.670632709461702
1239	0.983676763911619	0.521446890013208	0.321459569290194	0.681089207493655
391	0.0625893804826364	0.169855274074922	0.251770491220973	0.90633624673401
100006430	0.416610719309384	0.166016987366345	0.368403511991157	0.410113289049777
100001417	0.964886454726389	0.454858989936274	0.274931235180909	0.8009043495691
100002951	0.0585728822517103	0.479104811085487	0.284666306216526	0.599702033363374
100000014	0.436390683727331	0.57718412940582	0.281121287947287	0.717869687771202
100003926	0.588318531974203	0.504328731813065	0.310711174986206	0.660135546506467
100021538	0.495768576516969	0.360295959076001	0.339069805055314	0.590865227612752
132	0.304126786290869	0.907008557732501	0.290629197731499	0.677225711171422
100001425	0.548718896702593	0.513147260684218	0.364233175923306	0.612265315373366
100020262	0.638641023611503	0.675992365986155	0.307970636178086	0.665529706640767
100002679	0.354673327765814	0.666676225790244	0.272191063706742	0.75281443113324
100001270	0.711711413522094	0.585003132806826	0.294712139330941	0.656444576160897
1102	0.890090587041236	0.979530691610773	0.290287790215432	0.677353579082993
331	0.256422071888293	0.21287831325406	0.241177355629642	0.573099100087476
100006361	0.518280191060122	0.623335549403999	0.267491630507942	0.74891836788783
180	0.763365433987477	0.961137621926306	0.295349358949874	0.676269611514748
1053	0.323289005159201	0.463539866721733	0.427544630487765	0.742306848900302
100001359	0.642461731660586	0.954510315577269	0.298308920492902	0.675759784249221
