chemID	simpleLRM_Fstatistics	multiLRM(chem_sig)	multiLRM(sex_sig)	multiLRM(age_sig)
100021136	0.0251610861058978	0.226568909689576	0.315150694588766	0.76645078425472
100000882	0.814674022107223	0.683376309542814	0.293046547993556	0.646448974411281
409	0.077799228239066	0.170128384426606	0.334289717621032	0.423289871747968
100002254	0.680762655805946	0.0445654077907834	0.194045972989103	0.648814764582194
361	0.00802697821547626	0.10913111586641	0.20549632174004	0.643872983620497
100019975	0.560563071064425	0.70950154663895	0.284514986035621	0.686919021550648
100000257	0.000622055882423902	0.019104677388812	0.293451383555607	0.597824352567028
100001232	0.966841050395542	0.963519145794784	0.29004018628728	0.668614756359917
100001948	0.373344304201099	0.385816341686842	0.304162247089306	0.536985692690847
100001073	0.608538725834273	0.666019859422852	0.353672384154697	0.596039581152406
100015637	0.877642743175052	0.498732469740983	0.297939526184257	0.668771053561967
100006360	0.632056068525927	0.697041262974833	0.267474360064474	0.735341151412717
1488	0.544036937924953	0.622176914336168	0.287039313764345	0.647176293988663
100002253	0.787117492174252	0.969733646429379	0.28257879501615	0.675892137157957
1023	0.927075650664104	0.668462945597775	0.280964779379417	0.6503430704247
100004284	0.678550548587019	0.818279869472019	0.277850738624109	0.677797327751559
100001251	0.622958416346255	0.919977462510676	0.280534305752193	0.667675794061821
362	0.748250050272415	0.448562305668631	0.25611065399685	0.661505901130417
100006620	0.7246311510252	0.938688161775584	0.282742757531628	0.673172040670054
111	0.354336068878547	0.159587213497915	0.239352222589896	0.639564693639341
100009045	0.658224406888857	0.299465451440687	0.236212090377499	0.82457005338395
100002927	0.729749892377069	0.860832871335162	0.277765998165564	0.690065013178848
100015641	0.791193468306696	0.904508593919471	0.278603899082082	0.679544609491138
1114	0.108878025587199	0.938099390836361	0.280343254759716	0.674144221847781
100020409	0.368192216153723	0.388438837752073	0.281526138717514	0.549742519141279
158	0.124755836302318	0.232464316190517	0.363271222434024	0.699709249621689
1224	0.0535098028321976	0.19824410945151	0.220077462694585	0.710434207677897
100001620	0.474044172756596	0.385885884855388	0.245268795419788	0.673812234936654
100020893	0.268467602858432	0.0583690836216744	0.269806537782394	0.387655307767187
100002458	0.726270138388705	0.562325971098835	0.319436763527139	0.61754838194587
100001112	0.807427587154653	0.998942583015877	0.282298795001474	0.672483518581115
100002953	0.424565463027981	0.840346371679635	0.279614729083647	0.680868395090559
1141	0.398675644436666	0.0576964973040909	0.369302393631833	0.493184354941825
100015834	0.469364213517784	0.987865814629842	0.283166949186161	0.670585026398482
100004561	0.621239160480427	0.926885848170269	0.285531911330726	0.668331005869185
100020497	0.808924064810013	0.742514951446193	0.268723427738786	0.695543431706476
498	0.0485944150023075	0.305919055254655	0.280353536522074	0.74800236139585
100006051	0.865364322498333	0.862106417673326	0.286333352250438	0.667174559329594
1668	0.661277986356611	0.536002467982075	0.279594667719137	0.611382731378344
100004523	0.423088821620922	0.888484499183055	0.290815041148217	0.658368372155964
100001604	0.252450287316774	0.552244955003947	0.277599385238328	0.714573608829243
100001002	0.178301276780805	0.544019837494824	0.295087746772825	0.657944886311813
100001987	0.0620411743969556	0.270204278694106	0.81222797167723	0.532855906495556
100002462	0.610178903141676	0.334415928127667	0.34020981003787	0.550933563408619
466	0.59516446267462	0.0744450534335277	0.308827384308639	0.648364522469135
100000665	0.756930563806136	0.476632092766322	0.310682217744566	0.620333566936409
445	0.957986567109596	0.434164287844738	0.31117045968646	0.721472032610286
2029	0.157694228783553	0.517517673299808	0.298432170653093	0.673930015291208
100006438	0.121375362712563	0.264097161338957	0.334480676322938	0.683930783167936
100001398	0.166537851325665	0.606599925892958	0.264026108074645	0.690663633782149
235	0.433531916460219	0.461192181641398	0.25049210684947	0.705215353912244
100000997	0.703746674968419	0.70561715751685	0.285414441439912	0.649017362611052
100002094	0.262157915365236	0.226682187943551	0.240651448072505	0.537717718987182
1052	0.594096320515039	0.928100489501439	0.283012822473144	0.690246734938717
100020823	0.322980703646266	0.564545324256507	0.264445240580249	0.658437360422753
100001806	0.282977396259589	0.634489402465205	0.328568528490674	0.680832619572232
100006092	0.828239633626147	0.90475489704408	0.286374067765059	0.663108842438483
100001415	0.101613653710009	0.075463289709934	0.29353113024475	0.387699756059038
100000008	0.0421252626291139	0.0775802124849959	0.30376413110779	0.513990662763975
565	0.00693249588641829	0.0479750942915069	0.287696182896265	0.744595080491974
100015851	0.116004692552722	0.163073394643815	0.393559648813332	0.810184339432748
100001866	0.543582430553494	0.885287037823636	0.296995777764103	0.656365620319165
100020546	0.00243292153634638	0.0276342665923358	0.530724071959494	0.860108180062891
100016110	0.539186527608189	0.424151973192595	0.234318578242412	0.765604728168194
100001254	0.00326122302105725	0.0134804100266366	0.362385372103982	0.886567501169165
100006260	0.388644360924054	0.777221958498086	0.287598988340739	0.666758207255898
826	0.656532874985442	0.84118373500561	0.283745288816841	0.665069698740904
100001872	0.459466663625724	0.838207297861485	0.283495918047931	0.670703501367807
100000263	0.332667866169967	0.368221423450439	0.355300558123459	0.660975921457031
100021198	0.806325367608838	0.0549384881043356	0.192615438171276	0.374870820566866
100015967	0.0356587037401711	0.0911260875727906	0.353464345532705	0.49288292485249
278	0.145376411337249	0.268081842905855	0.261768737258848	0.956358054787446
519	0.768009313140966	0.356188617578426	0.333356354167235	0.612147934029388
100009337	0.111559820030595	0.33961273781046	0.379757128082983	0.657872241054651
100002185	0.371585229367938	0.884972443360158	0.278407691225915	0.659639569732278
100001278	0.405822472315774	0.29083915877476	0.343459812086085	0.628489492631916
100002103	0.829712273599633	0.630680261579911	0.283488591553197	0.62367177209837
980	0.825514210033653	0.481857276628997	0.308009126294293	0.656182576191407
100000016	0.85075920541502	0.424833609706059	0.279225846966418	0.643874166108644
100020372	0.186310781525724	0.495085057608054	0.28032465274111	0.609865651320436
100001662	0.725827145977805	0.139028235912496	0.113435458501921	0.679115683551179
100019972	0.936895834375527	0.681187498426887	0.291059327325143	0.657432904595216
254	0.769012730932452	0.72435888934126	0.27977122208178	0.674851382859613
100002009	0.659610613561963	0.693014284306234	0.279644435125852	0.597013774616776
100010895	0.42723442719983	0.512018538809716	0.329008036250926	0.649667632473139
1140	0.929887320484667	0.943605812727218	0.281256095875979	0.666128910507775
100008951	0.626869295168552	0.530262383045248	0.302722046166821	0.632136728838856
1084	0.36436357977285	0.809194226461267	0.281597855675363	0.7135663499752
100002796	0.101847166542894	0.368897660719193	0.252740389038714	0.607615102902524
358	0.923618198692194	0.99688624362822	0.283514915034971	0.676371659630536
100002070	0.806435319571774	0.697756249291263	0.274774789571775	0.702555660924117
1628	0.363849276799768	0.134815203775352	0.349483909963228	0.65220591370251
823	0.670497496006969	0.515348308419015	0.247923106855259	0.729505966480431
100004414	0.467674015453158	0.0968189428238203	0.368450963343031	0.803530134127085
100006129	0.683148194887471	0.667881205658335	0.264619293148473	0.68705923159087
100002028	0.678306506162999	0.452398030635986	0.385738012174065	0.481268017540697
100021707	0.494447082376723	0.594836109931522	0.252906056969778	0.727273956096071
100000054	0.544991063221748	0.505628898780227	0.272692230053176	0.697401814760518
100010869	0.471828300998047	0.23816214577237	0.296726335261139	0.54130334186174
100004575	0.0281846484292299	0.0991203088421057	0.35351166738165	0.99031174614486
100001212	0.995275151170061	0.664527037908128	0.286127198506453	0.60974495196117
818	0.201461010548101	0.550715185192451	0.329346839408093	0.619995337937857
100001092	0.00157646214735769	0.0224518941766713	0.282173722475894	0.657001378722468
100020371	0.957075609982541	0.912685700736884	0.285380049581373	0.669719899119611
100004112	0.194346076219057	0.529337875166541	0.299954791526862	0.678382043573853
1125	0.468702401518011	0.356076886754	0.312926359224108	0.705764225767574
100020491	0.931659404197975	0.576498735622119	0.247959718069159	0.683153628818417
100003151	0.00236583298591929	0.0223623818325888	0.429243813389144	0.549063914748372
100000011	0.311064059154103	0.156166958047989	0.213485847897457	0.779033463750176
100003594	0.457537172404105	0.992572125302621	0.288673409723585	0.671690959955866
806	0.753661380852779	0.159651322930241	0.285516215949931	0.473387889600864
100001211	0.93957050232465	0.550308185344832	0.294028689363165	0.649926215042942
100002417	0.606451871342522	0.55067336212711	0.272082939453393	0.631236856948174
100009335	0.553561112955594	0.211834422448418	0.230073487450014	0.695701115351439
100000781	0.675129569432963	0.923964794323206	0.280963427256909	0.668011944790897
803	0.0302267981813583	0.0351319680965692	0.272037074730888	0.54857187937499
50	0.488514563458217	0.683288250456647	0.289947134383701	0.652816921005552
796	0.439633854170835	0.0531022460923001	0.311915232244603	0.657482383071999
100005834	0.96796349421904	0.676224698724905	0.325790908827458	0.666990890440109
100001580	0.970624874675519	0.550637845721645	0.304426352293999	0.672409779097394
480	0.789433904193995	0.593931523614348	0.250885474212357	0.678333585559093
100001540	0.250791649652027	0.742787398925929	0.357350138765236	0.747619539812347
339	0.551197773357223	0.118583802864743	0.259638647150456	0.577400978512751
1110	0.942662098539682	0.957090789159199	0.285217876596558	0.671999028696979
100015836	0.172676165915192	0.186444927000633	0.409910266910878	0.842438689691425
100009271	0.535578317682872	0.520182228856326	0.317467113381684	0.650711222347592
100015638	0.962772417987128	0.468870301148378	0.294022306456335	0.654999576066707
100021667	0.921689253113702	0.465207571661682	0.324476805827689	0.649866428326723
100001279	0.58952459660426	0.374419315312822	0.309736668654908	0.790844212373214
100004208	0.0204561114250576	0.125033730266424	0.424232874202118	0.790681430870095
100003695	0.221201017846102	0.154516594986661	0.30759018508312	0.46183421513935
100000802	0.786139646041529	0.922469125803598	0.284368882860404	0.66771864138585
100002769	0.86578798697708	0.0899301327106437	0.198866942766387	0.791175104843331
100015835	0.111249483156132	0.314732468247038	0.411638934894921	0.862822360473107
229	0.914097566608405	0.413959800097171	0.313936980410387	0.668900018267509
100001266	0.00613473734366464	0.0264712845788024	0.369733551870487	0.963849137849112
1342	0.300019021238491	0.350794961557391	0.241824433446648	0.689433847603667
100002102	0.828714192109301	0.537357885931834	0.323061539538398	0.772761700255244
100020254	0.171250492390427	0.578147555990416	0.27480439832055	0.69853311890942
1231	0.492695570353591	0.248138352714445	0.334545081864629	0.627617129639202
100020492	0.997408425116695	0.903880684876209	0.279629883308855	0.669492588930125
100001402	0.39378140764275	0.580827366423523	0.311440269228687	0.675863032608776
415	0.00506047812606746	0.0796019859462149	0.340982358440453	0.726467703479085
100003109	0.994821884238895	0.966333862874354	0.283570615384312	0.670103947173402
275	0.553406295086909	0.857132023928928	0.282605360232286	0.659312352954425
1143	0.164973306376813	0.0745230974652455	0.255181726404641	0.771603016896556
279	0.392322149220693	0.359239619098132	0.286727744409849	0.540297277846253
100001198	0.970652943825589	0.95272332893942	0.283538280082715	0.675912431750185
1648	0.391001947960657	0.961268245645451	0.283030198267424	0.671272049253789
100001590	0.305338805134264	0.22824256373002	0.268818652201197	0.577049623149093
100001733	0.387027445354718	0.860475238051969	0.279308275742559	0.684254282274742
100008933	0.0157414261174774	0.00232233559845639	0.388608412849512	0.628594727681067
100001550	0.35178959404892	0.50529060388377	0.268166546607944	0.618796682486546
1215	0.0667896229979869	0.229867424597722	0.241055469788137	0.62446885147835
100002356	0.278481341384901	0.117427670151648	0.340196417471849	0.679558250108343
100002749	0.705370470378385	0.7537884518401	0.284696648863135	0.679382782486101
100006379	0.160777050234799	0.167373539591369	0.332513772765972	0.422428198346397
100015966	0.0800334176983319	0.152905899330743	0.30967338916811	0.49515214904404
100001392	0.662126255759786	0.966736000238197	0.283703723483195	0.669824129453951
100020425	0.119544905520359	0.0454399504675131	0.241908435296178	0.421459758870552
100004299	0.315203061572067	0.808173557800355	0.298708405472603	0.71857219453902
100001734	0.576271859570566	0.519429124448657	0.298610158642733	0.608528599591267
1002	0.851212500132257	0.812116887402064	0.283824976278715	0.669273019611638
100001337	0.277584343682453	0.737018213918568	0.263907660884474	0.671486755048956
100001452	0.814086621946017	0.745486813291774	0.280566725126523	0.639604346321462
314	0.534594176434413	0.392794049327502	0.293018065214656	0.688946645950831
100009264	0.990441989422133	0.527300274552304	0.223154059558624	0.796667445248966
100004634	0.452655699991616	0.509375398883438	0.254220073578413	0.687640461754224
100000711	0.731605740008947	0.703768491126101	0.310738035513931	0.695257022397046
100020536	0.02143716933403	0.0981511843631626	0.344426027568972	0.778150740908265
100004318	0.305267275140029	0.585857311322324	0.292315667312399	0.665106464622435
100005850	0.900053705974754	0.485241156987858	0.353961298799236	0.619640932166337
100006619	0.309479504542957	0.144352691774865	0.325885544968318	0.653109485192831
356	0.444373963127486	0.612092270271111	0.271324649655398	0.688388369477421
1221	0.575966145503525	0.569341767613956	0.36416949821947	0.710977494573363
100001397	0.760309124295535	0.747744807790645	0.282361079141902	0.661871487743536
100019981	0.629318036180956	0.892661520360141	0.285648239841747	0.688127213477136
100001208	0.427103619209379	0.264501079840729	0.250589964840486	0.94901918357499
503	0.00982062325462788	0.00916230789545104	0.177159752877332	0.49888736133237
100006375	0.147203083367186	0.619107612716029	0.306350647051014	0.650450210144404
100001295	0.731278482703746	0.63404938660079	0.275916971423228	0.756461668001142
100020427	0.0504997991862443	0.0250463001931624	0.280201871887431	0.364201834661671
100002784	0.485275649008433	0.323505680762958	0.234332268780743	0.746898810583581
917	0.0528702998273937	0.196368946143272	0.315798644105212	0.61600189117922
1869	0.379211500735548	0.210760646226475	0.305954569059726	0.554323807508914
240	0.235774586445102	0.108335652523367	0.18235374083938	0.472843295266001
798	0.00422122656778297	0.0839351222852202	0.434918059873322	0.594278448114588
100002952	0.25994037509199	0.518748842427663	0.282567160627553	0.746697432535823
98	0.648501561712659	0.8541984832462	0.29625330808238	0.676054486048186
100008998	0.295253745463827	0.330932319750335	0.226399175603953	0.734434323212441
477	0.860199203272256	0.314207574066881	0.287460456006236	0.667663262046057
100020545	0.0788709901671291	0.132236950009651	0.336557139954733	0.835087231222584
100021666	0.997188672195454	0.214706777150869	0.32351532317867	0.661640240428287
1256	0.530684462846564	0.710303820432506	0.327236767508266	0.704771899400136
533	0.320660492433766	0.0737382380781984	0.200908374011193	0.418609282525348
100001757	0.448209403850401	0.913357884446934	0.289875516617827	0.666298749530867
1024	0.296615377398363	0.075271779760598	0.187741666207318	0.845549114581049
267	0.453811426020267	0.994529315340111	0.282936737663306	0.671031296007566
100002113	0.0998399264558523	0.0846382606251249	0.278170933422228	0.69176816584661
100001756	0.861598552355634	0.733441345801289	0.293615559505947	0.690604617067958
100001193	0.474810859847975	0.203141791673739	0.346424833942734	0.622988699437945
100001668	0.688762090804929	0.990954423053724	0.284166219091716	0.670899746859498
1124	0.327082472044531	0.295917635882624	0.245991772244375	0.769947630897833
100021331	0.171541886293027	0.328887358079996	0.266878111190608	0.709372314191514
1090	0.0641932507409854	0.0437921059681284	0.265841022018401	0.816814129269245
566	0.846276358620045	0.316281660810845	0.209146466435979	0.675456339563506
100003119	0.469002191551552	0.300488346700336	0.315789754139814	0.609843393716287
100006367	0.758363253445842	0.569749182244673	0.293109048434726	0.650820784853891
100004322	0.220056152185252	0.247130744795567	0.289030399554121	0.756879720000961
100001034	0.671898924392496	0.832754052511075	0.279395932641663	0.662811252867395
112	0.920897942441401	0.915046397927468	0.284695657627084	0.661042752334033
507	0.742932244915818	0.799597254956925	0.28170046823943	0.676810630253526
100009233	0.325878707797441	0.201229792654638	0.259246195200088	0.690826721214238
100000406	0.016459029373967	0.129775634726858	0.465049154194759	0.468070142318121
100004046	0.361872764057267	0.400634440879093	0.181671144314427	0.606428094766952
1025	0.75434242355504	0.689097988578821	0.272664735235821	0.68955708340854
100001106	0.179049428649716	0.188410294137561	0.235647701223548	0.703155178588586
1128	0.0284487567713326	0.582958431962054	0.314281713193665	0.71760306708809
561	0.0504691602217172	0.184451927987229	0.197223701547338	0.593915871064514
100001614	0.855939754949293	0.370998082271624	0.298762784403865	0.645251637308629
100000961	0.843210967121282	0.996390293715554	0.306946654791558	0.675912335460825
100002397	0.896186014563932	0.61742866877485	0.283020487938883	0.606319097240988
100009407	0.958609978565681	0.962325253102363	0.283075234563679	0.675466061959078
100002910	0.916256860204102	0.540701383582752	0.252837992934183	0.594570222083033
100005946	0.263611153881754	0.352236664852577	0.325041158970738	0.768966782003484
100019794	0.0730898960419847	0.266619400763143	0.297756064554707	0.833242005873625
100015759	0.33402484825957	0.107261961607399	0.239630644040618	0.67818993218524
100020417	0.737343175621023	0.616176723350987	0.268053773906738	0.647248501319021
100001054	0.661324277872103	0.975795764482521	0.28319944717893	0.669985220591422
100001437	0.315117782301867	0.312269841722588	0.232748915224119	0.596145328904263
504	0.249407430059883	0.700343379080209	0.331102880505449	0.681241342720968
100001988	0.466417556560164	0.668665144419307	0.277742363305938	0.819601319699443
1082	0.0302334246349575	0.619107887783936	0.313232001505116	0.699652527892404
100001403	0.31975739904009	0.347627374431014	0.31411916785703	0.65281374540227
100001664	0.940522237686399	0.532103835369572	0.266063953405264	0.85177574455525
461	0.276791074330768	0.21750158085091	0.439884614953591	0.650355104484187
100000463	0.701689528498901	0.976694247088136	0.286154165100582	0.670194173578227
100020208	0.574754548199719	0.533505719658134	0.321470967648991	0.561120283825149
381	0.526865505820338	0.0589030082806327	0.122023537189746	0.49637323646718
100010901	0.0781845787739728	0.0737721860438675	0.290085102457949	0.781975431093336
100001468	0.243389593208994	0.970101840000037	0.282039055889052	0.683199895224411
100000840	0.948447393201479	0.892652110707068	0.284115999560527	0.68178987803362
100020014	0.256749017740617	0.628172912688191	0.276032993762708	0.686392665064875
100001993	0.771492140815491	0.615516973826725	0.237792576522887	0.819672840786034
100001051	0.0994674735102591	0.0194601739993384	0.320513053332828	0.347131665610402
100006116	0.386019603068467	0.521227486010461	0.287622951836818	0.672012819536807
1108	0.945982107666897	0.977212638939449	0.283139174029083	0.674519473068073
100019966	0.375274947176948	0.1435591585698	0.335772978690809	0.645085502568141
100001743	0.62165674698281	0.399321706160785	0.273057300064065	0.654265388602337
100001294	0.0802133208517063	0.138801382316877	0.200836109281137	0.723597259538944
100001609	0.261166019328859	0.101875222642245	0.262925779992527	0.765724675972042
418	0.794510696597413	0.954031672721301	0.283370340168825	0.678954419990794
100001178	0.353410890411627	0.896230081659293	0.280946180812905	0.659158194891606
189	0.996935515769216	0.656602222774146	0.257186413166257	0.634592328940428
563	0.487746670776917	0.80526711619791	0.296330500983128	0.657196987917667
424	0.634045890722429	0.484903381615542	0.311247863345518	0.657715824517158
100000776	0.131106308570699	0.307706037616139	0.323978590577624	0.674202114642138
1001	0.971260283040756	0.452911683880518	0.291451974210876	0.673207185044799
1135	0.318628368609508	0.0959692997710352	0.275997944946076	0.727643848128834
100021093	0.360868554821809	0.495300646101692	0.325146402557962	0.694679301728291
100020219	0.119334561870897	0.230109859664245	0.298078402421761	0.563051344610431
194	0.470551559297316	0.824426566406088	0.291942625219418	0.642549360501922
100008930	0.752655484564112	0.677507303197139	0.303100740955743	0.655862883370273
340	0.542566872668748	0.184964055672693	0.1679623438204	0.753234872381398
100010896	0.943990174891527	0.751300777516393	0.26863635550374	0.677191580128436
100000787	0.21441577493707	0.111130661461744	0.278446070485454	0.388171667322011
100000639	0.0332254560663571	0.230669035081047	0.255187748312562	0.678140221195811
100001851	0.951382192551133	0.241038335178882	0.314247990585399	0.444943680278776
179	0.586596372304512	0.596254100041338	0.277873194277359	0.685224703689828
100000626	0.424372867782641	0.781285772105847	0.292350629784504	0.672018481139671
100001605	0.0106317556316585	0.089164535768469	0.363718550448069	0.766125807474645
330	0.241723777873619	0.425506675949147	0.318199049682162	0.53855358387958
100001162	0.741709517948025	0.581006217975759	0.251612846617689	0.638270144872602
100001167	0.046208102697437	0.258639258062385	0.275845793828069	0.65837423476251
100002067	0.57492368505968	0.770071047426786	0.365008296171758	0.609696414709693
100019968	0.646822395284891	0.354008933107097	0.313298213670531	0.605985560546692
100002014	0.947707032569448	0.984302153125752	0.282356125156492	0.69675996450844
100004083	0.447705491061607	0.13426927529653	0.311216005632116	0.537464968227379
100001315	0.298926292760892	0.396474981652286	0.301257549843961	0.736019607463863
535	0.228958853528096	0.520206719609147	0.306533156215293	0.662974686108062
93	0.414286423941227	0.262816521349182	0.322761218342751	0.511309307373215
100001989	0.358608703950889	0.623745096616793	0.26187075385094	0.713328217910163
100001740	0.763262499740878	0.431982944486021	0.260164301638356	0.689744277486638
482	0.202462192249707	0.940948372601012	0.283602404543167	0.665714176552425
1629	0.256978174858093	0.416187515681931	0.343054396358698	0.645320857989989
100001399	0.469846596521448	0.394583711666177	0.298118580568534	0.672099482073841
376	0.793575744403178	0.139706518263696	0.168200221436624	0.785465806303867
342	0.584142398459661	0.596653950986165	0.280431475826278	0.669658246630384
100001253	0.0264716826652054	0.179189847590508	0.238225680173987	0.885171794896341
100000708	0.625196890243175	0.79208530090528	0.300556112877067	0.677713876007564
244	0.19427342297875	0.0548426922747418	0.237971012677345	0.785868025736924
100006726	0.429229931159689	0.298156186157082	0.329664270208382	0.661102172373989
100000036	0.179525840770682	0.636368453868349	0.261901360898232	0.710427033016606
100001257	0.023277929613144	0.0843422576521423	0.383930102663615	0.94303022776036
100000445	0.645374104712567	0.605258583509846	0.312286000735433	0.625366243511596
100004088	0.00404018071642227	0.113430882449291	0.333975148189478	0.744006803403617
100001423	0.996113317000204	0.75808780538977	0.287280921488012	0.644289145260747
100001276	0.333414261009419	0.246238736238374	0.259854639078738	0.575653838817025
100001876	0.814709278953593	0.873873388542469	0.279257688673228	0.673664053828233
100009082	0.629915742770579	0.0410004274586188	0.126636394768689	0.65361407023435
100001121	0.344362327358127	0.730081873550129	0.278566283942516	0.666539131544501
117	0.323203250448561	0.634166869518369	0.265850202391438	0.691022354068532
100001868	0.0340936176807231	0.101321987812533	0.341433776542518	0.675697712153061
1134	0.655218426183	0.292344953453355	0.193099463881534	0.63833451039998
100021012	0.25258424417109	0.463532706855719	0.291014845291783	0.696290140794733
100001181	0.827820592414904	0.278507203401257	0.34688716885533	0.606146634617724
100021467	0.721950408915591	0.285523189913311	0.287928525545886	0.577884413243383
100000447	0.233920830954305	0.247407300050387	0.328159426480829	0.63495497701098
1162	0.000526989751133756	0.0138706237185562	0.373127434825893	0.573006668242391
100019982	0.498553573352611	0.471655613243032	0.297245421941957	0.653188441737732
100001613	0.981651177148487	0.443689054661314	0.299293847847976	0.638502636589767
100006644	0.394435684772452	0.631697280132726	0.265312677204958	0.69685330364372
100000096	0.567514410343869	0.0208777912253057	0.178787140496889	0.637045682188855
926	0.395768792915033	0.757767824920191	0.284494900721241	0.677109929981116
100020004	0.852180006467546	0.691010197316321	0.297944527282055	0.669373518827527
363	0.182966831094135	0.0451649309907208	0.263951514713567	0.260062634758011
1111	0.401975778829951	0.980598594006651	0.29128156755	0.700652830357915
100021712	0.683269123908602	0.80048527048165	0.282240897606369	0.657083483340991
460	0.837431952124157	0.702060859208568	0.293445854399384	0.708488196225286
100009331	0.345939466798687	0.215565842164123	0.253716989549605	0.701099057234699
100000442	0.261246946446488	0.742151353326154	0.303648759639953	0.685519471161829
100002945	0.095194887702612	0.0187166184885817	0.368661936826685	0.631435077412364
192	0.89668534471827	0.915733811176169	0.284689205402311	0.697573664244459
100020241	0.429444409559098	0.992412062456308	0.282593311564442	0.670316219620491
100000580	0.127473230952612	0.134973891353394	0.243632924235297	0.904402553357141
100002466	0.00834380442694845	0.0281387702330343	0.243327468088976	0.428431472593788
849	0.707199658642894	0.602518960887022	0.287137576465077	0.623332192746984
501	0.508859524658372	0.391381332776514	0.314439990532693	0.628136243763643
100000282	0.668463305834541	0.121309383722788	0.365800137868043	0.560134242839449
100001577	0.0307749760677206	0.189604269575764	0.387650334978386	0.734014166390361
355	0.05082922280559	0.268310029888066	0.245139172904122	0.547743217873265
100000841	0.75098811955765	0.97641425050042	0.293145821637778	0.681261966540647
100000846	0.816003502709271	0.353040969350639	0.272797322280184	0.664509731499045
100004295	0.880090958986081	0.396140723200805	0.262228468666253	0.619262741602562
100001586	0.100734808730822	0.0457020818439978	0.416526788464432	0.330470095107099
407	0.0111101486757142	0.0304603795842137	0.3283288499696	0.735522294704928
1137	0.816563816071028	0.685312202220264	0.270352847622475	0.715758211399751
100021374	0.0366491963095073	0.0155252914895565	0.21768433970579	0.927658667225083
100001593	0.67902011123001	0.878765169986007	0.280386389000113	0.675912763561158
100015971	0.756552481587163	0.747171489185205	0.276629893816183	0.668717173244358
100001022	0.322230637530017	0.163591810091979	0.176569439174706	0.942181190818842
1094	0.0624734479782206	0.251773785170359	0.435195568433258	0.89628935217964
100002122	0.258283955929184	0.260995849049941	0.23618076448621	0.7725306436587
100000706	0.616247399524019	0.568632295229363	0.24518441238107	0.669742952081523
100001055	0.792951942363035	0.384307993670096	0.254396709609471	0.608216923190741
1235	0.386696317614617	0.685194953324789	0.271393035633232	0.702831337433699
100020204	0.0940956067362969	0.513617022981745	0.305667895209365	0.716383412342923
100015643	0.0352529803467349	0.304849847800906	0.307735360409329	0.626230360119075
313	0.0223495413932195	0.273171299999991	0.295010076493114	0.612144050032273
100001413	0.803785362184352	0.910035959524927	0.28236741414026	0.663709304904897
100020423	0.0173356429331126	0.0136051201485317	0.320724265750623	0.338246602836672
892	0.481079020365822	0.157048622979878	0.308455403495715	0.702874394015539
212	0.058604721577908	0.123575983124577	0.386138534900938	0.64278260747163
100006105	0.192411336123426	0.184072665467341	0.323249810282002	0.684128009904393
437	0.800913785773325	0.564685404954117	0.261947298530683	0.687705244590238
100019892	0.417603326285426	0.830913270163572	0.280611779092524	0.690827726568817
100005716	0.0700295226519747	0.101963965840303	0.311454423193546	0.751262470997618
537	0.22624378883751	0.129630544895075	0.290800134877922	0.699426975432602
100001990	0.289228489579118	0.594591385119392	0.323895948816786	0.620941581461053
100003397	0.0316980051286309	0.00377065174264977	0.227172958360902	0.421247679528651
100001320	0.112809673912041	0.214752054170985	0.37127064857576	0.428780367976241
100005717	0.133623209366495	0.0921285415384326	0.332540047522895	0.703034039200018
100001207	0.032215371919273	0.195649986387309	0.321432545897269	0.680837539661978
100001999	0.528648709180603	0.83290034218468	0.275270707361013	0.75943851413037
100002488	0.221869741460436	0.0186175150484794	0.341529729931207	0.610448569124151
62	0.208641860179702	0.705500345289261	0.274917384742523	0.67714014201391
100000467	0.598025360593745	0.469148682063107	0.273802902827439	0.644535837071707
297	0.00569896636183564	0.143792027687567	0.28657970376086	0.641859877837551
100000285	0.02967419479162	0.402507040420313	0.284687828763719	0.766565774072108
100006056	0.0625373837492537	0.409516682480621	0.300706406403134	0.712297402843051
100002126	0.128423052418431	0.259263019759854	0.220861123306077	0.993138446908919
100002129	0.774094602073139	0.827910491390439	0.274855683888588	0.758884991306612
100020478	0.0338361439915639	0.208844089002335	0.253878444327956	0.701453379560844
100004089	0.0691708814339921	0.573419266462074	0.299826686314456	0.631066708285891
100001755	0.521969073807589	0.572792289670228	0.285499380609597	0.625718078854488
100000551	0.0332579633317331	0.985567478030815	0.287720075071588	0.673406221179546
100003260	0.480398874574789	0.32078546207614	0.321228871211977	0.744821426310319
100010955	0.828077371052957	0.393611285214531	0.227713539625997	0.563255732372289
100020851	0.221794786537689	0.466146519279917	0.303509421641742	0.694141074060047
100016069	0.638893361812249	0.801058038483856	0.287480770350315	0.658899689643978
100002027	0.493850765582272	0.555301062879451	0.22279873951031	0.779466995043283
1123	0.377042962447758	0.19371827078471	0.27356082797506	0.796272908025194
100001150	0.703468189082442	0.993872164065484	0.286804767440268	0.671291700445932
100001657	0.285865670510987	0.711263591425955	0.284229124425089	0.655853138291965
310	0.259733147347207	0.356156143230119	0.24877633313646	0.773788278258373
100001314	0.333913603992047	0.123868079032328	0.273156670765314	0.545262605623513
452	0.725605224631051	0.669887156909666	0.315551883847111	0.64634308581693
144	0.0899518156763333	0.0558427332634133	0.352193492179636	0.531984631288773
100001182	0.219301603710618	0.167794746038538	0.346852832452798	0.657248972120138
100015965	0.742232637460878	0.478654966027084	0.270112865146999	0.740633534293974
100006108	0.954076858406723	0.519375142489068	0.294453209205943	0.704902489983905
100001400	0.706586055826376	0.638382716219559	0.26927740594831	0.660672241266944
100004541	0.283652859160814	0.206491781736623	0.281063573246833	0.423106314442035
932	0.840721511084042	0.325404548277237	0.287323668108132	0.70586793874443
100001992	0.44344504982171	0.556903811899884	0.396163426129541	0.57365490704445
100009252	0.125236173268767	0.183954625332539	0.34648072757388	0.650339966754882
100021104	0.631022314356482	0.568846134452826	0.234530857248913	0.801987414375537
100015838	0.0098288351576	0.0367603905313391	0.408113008901898	0.925168625098954
250	0.000935464916455716	0.0215640425086528	0.518971282030022	0.77102401173315
100002537	0.969607085970523	0.450169714419553	0.263672504492566	0.790794868811053
100001658	0.821546949911397	0.693414663523905	0.306575721869196	0.658586022128237
100020416	0.291523850032484	0.374585401230881	0.253812239828069	0.646158209195508
100006642	0.229757199988441	0.72902974606446	0.270995141273011	0.696643234625389
100001391	0.0912999170548365	0.303778750190223	0.370423140739057	0.790128009278612
825	0.61453046590542	0.635430792634219	0.251790874827299	0.682107386501075
215	0.0193559354927082	0.107145296938553	0.336432957603342	0.654954560671225
100001026	0.999397782598025	0.892355270640942	0.281199470464574	0.704379035611026
100020541	0.418745265624587	0.450269583023206	0.247310632329458	0.710928775390417
100001526	0.216912382490352	0.267503945486418	0.430899094049002	0.78722433542483
100005384	0.502122451988495	0.423033415033409	0.268603456671033	0.592162240355862
100020378	0.273258172966629	0.666108123018777	0.271229028337635	0.677152485347327
100006115	0.973207164686146	0.36994054951	0.371912934188781	0.558921957081545
1442	0.213838581847444	0.0424199166994008	0.117567414921687	0.557195294119031
100001843	0.14207272866443	0.201638843058697	0.310828698685928	0.757475790046412
100015837	0.131229291821598	0.243491628718421	0.515629471157845	0.612783324077785
100010834	0.72264180794948	0.982768583975046	0.283057808497023	0.670406885999077
100001393	0.596170194657379	0.429136572869292	0.226139856538875	0.71222261822323
100000015	0.323890858884844	0.53836982964432	0.262961608314569	0.692621176238346
100003892	0.0481011125048687	0.0537135377121334	0.24908825920297	0.931187711692509
100000042	0.1728111308054	0.0197468882167713	0.301877625717783	0.574275784922196
100020550	0.575407939820979	0.212889566557174	0.310321686689413	0.56459505657697
182	0.439891146672094	0.35666126686847	0.272769366845288	0.692951317471606
100015723	0.142819681476839	0.447532316503662	0.286418836437849	0.655015731682913
100020343	0.38597136597704	0.461903644267992	0.254429306646429	0.673678284028186
512	0.372808364303574	0.670398541388881	0.306414475351053	0.647783419551015
100021100	0.7815438581442	0.720162245604001	0.271863075410689	0.675011214561998
100002528	0.308587192724835	0.0636762799652513	0.350298331363847	0.442169192314952
100001287	0.461260536997858	0.749700226682599	0.381008510363143	0.617946482720284
100001229	0.707068278213245	0.896300630351377	0.291326219823156	0.661633627174749
181	0.385568680467761	0.862014850826031	0.278903060660888	0.691465598176197
100015831	0.00157014948125942	0.0199386842028946	0.381324519066943	0.460691061010148
100020515	0.333793773898322	0.482158848210604	0.236248691048344	0.814032460554309
327	0.231883180230322	0.275917547925936	0.340313981459215	0.627745009980829
100009394	0.612732647777172	0.691037556471669	0.264102257974435	0.705426317466994
100001596	0.908406334922947	0.240517668263093	0.256361449627287	0.506749204499286
207	0.836611932389654	0.474381125486627	0.299832198084004	0.628244777957412
2054	0.467610700622065	0.734973565943187	0.272214095633959	0.687680883594884
100020259	0.656142001904058	0.567881686509265	0.310324220893257	0.654952197167544
100020414	0.00225185651662122	0.0327190802842205	0.212804373043758	0.63213128021348
100021131	0.868157402776221	0.274201803410619	0.276681728649636	0.626049256859959
100004499	0.872893656219182	0.691136531100407	0.275186203635773	0.637833563850552
880	0.171982484548946	0.803725090354833	0.305494180650913	0.667099831648083
100002049	0.503510038896032	0.307986961322786	0.315592119434881	0.620105149319367
100001739	0.571638218657996	0.269691781743122	0.355900628834694	0.636179794190774
100001126	0.399633430112361	0.137179389134606	0.18633134693602	0.545572916541982
1113	0.627829596378214	0.810475851159056	0.299348525091076	0.641891871332509
1083	0.980043123229159	0.316537102593379	0.313180809594322	0.580714403754251
100001730	0.0790893742622628	0.189182408718037	0.33151113605642	0.54722087239955
100001412	0.588485081093629	0.96680918706821	0.283401776811658	0.677021824109717
100005996	0.737800697918777	0.584694222322427	0.27456613025357	0.641396840782323
100015962	0.007568519831367	0.0927033592107971	0.211415011855084	0.97591361645481
100020214	0.713138757097095	0.433438922347682	0.297780073155664	0.596111727426608
100002514	0.119438088521796	0.331946524516002	0.296201701652616	0.608075220987505
564	0.176665380448991	0.0508942123052296	0.258749629556851	0.540239453820637
572	0.0228073434488044	0.019411277414566	0.426790068233866	0.530876958885629
231	0.994024041767988	0.670703059821051	0.262070187543758	0.684870324120583
100000453	0.885063830052728	0.729114693019463	0.271975115994194	0.70497603705726
100001007	0.11795280301918	0.256378493287028	0.338228075769186	0.553722002009515
923	0.623334636722776	0.341657690022884	0.268114908129522	0.725135558644953
100001247	0.39943060133476	0.46283761395997	0.267106454678565	0.647072409003711
100000774	0.569040938947336	0.885098186308945	0.295409130253694	0.686161448273102
800	0.382570371096319	0.386812934627804	0.296980819186145	0.728892207879153
100021678	0.272316187657344	0.374920350048122	0.234132146755377	0.66984370818685
100021711	0.435882629886684	0.859047483329135	0.297336884545063	0.678092772567761
100001274	0.765880827855661	0.395238569546405	0.276703977954923	0.516267829476308
100021220	0.132384777102806	0.156453004709584	0.352515314673858	0.993780609657699
100020253	0.407152083054265	0.966446453502375	0.282180249274751	0.673624593035027
100001170	0.762829002431937	0.172358656248741	0.261749013585217	0.571468694277014
100001466	0.26358233662895	0.84857392170113	0.29041088255016	0.665387138970847
100009406	0.715059776288269	0.645109191440491	0.27036425387345	0.689528455349484
1026	0.207728592698367	0.485681706995359	0.298509643972476	0.642038738069745
100020837	0.729305980647963	0.406622791227483	0.322316150077691	0.579287339180779
100001006	0.0687434921145148	0.0779983048811261	0.273106041499119	0.795425254414791
100003674	0.755518438346077	0.117575737512425	0.279833380498543	0.659524171453817
100004396	0.320967819911104	0.421419065460769	0.327656538861859	0.56676893641422
100015923	0.534511929790622	0.950310284979487	0.297655310317966	0.66730158675347
100000265	0.454675302890638	0.708625247091294	0.290609568425803	0.642496058015762
100001409	0.0796428947070185	0.119759137027833	0.285897563440574	0.509279309250155
100003434	0.423222386799032	0.504572819322184	0.29164625725299	0.591618003526933
100001334	0.624417991750757	0.0742380535130541	0.348284546387292	0.552068031897451
100001102	0.715841492952505	0.750721720289267	0.293312979038821	0.650332885265945
1268	0.604945738778321	0.0553630535006807	0.16754619218451	0.625200646972611
100001300	0.229418688777057	0.0881034007990821	0.253990068937367	0.67210090155694
100021324	0.246643474958097	0.738506232602647	0.361549961897982	0.661364803062755
100001617	0.111493630960944	0.103631822738518	0.274765091916453	0.712412049311968
1105	0.943536248703176	0.167396949310892	0.379866872974245	0.372894678481696
100021502	0.0639292528218628	0.27160018992924	0.271837258771398	0.700939995041287
2051	0.834721267759725	0.552036349533249	0.282688754657862	0.563675774295917
100001256	0.148767027831271	0.505380646593137	0.314083493158074	0.809187288667245
100005466	0.0625969449022917	0.0854143542158377	0.326861358131873	0.466820516692252
100002199	0.129228617862238	0.722029749071272	0.292392932260872	0.690977764394114
338	0.016577665870739	0.0498308494045738	0.45320126046742	0.440887029526559
100004243	0.47705249516266	0.598290193740152	0.263620799795491	0.683333502242597
799	0.446205478764155	0.949710824591086	0.292999383734618	0.669600787296087
100008928	0.569182450060773	0.0947255894009974	0.285389516527933	0.658564997640643
815	0.0762812788967699	0.255339441579394	0.291849201895361	0.74332561534264
100001456	0.00547384090508952	0.0692458482617187	0.273066091910477	0.590488990587566
1242	0.0812520462069738	0.0895020141608276	0.345383981711896	0.477847956833722
100001416	0.286528130143051	0.108066878610552	0.197116809610539	0.420311469504208
100001462	0.376330512756885	0.34766021636868	0.336647390848291	0.631375657819698
1087	0.202856654740241	0.0414696344712775	0.287190023436438	0.644431696597187
100020421	0.0684893047387951	0.105250520791529	0.329971384006341	0.432579963742622
100000010	0.00301206448931602	0.0420095478580814	0.315876849636768	0.720304452839977
821	0.520949493869576	0.388025926178908	0.319636513993288	0.525691581756235
100006627	0.255647741630058	0.143891513437913	0.401783056442823	0.567763330619258
100001277	0.373631067475418	0.167392107365147	0.330467507543367	0.633028794463267
100021141	0.042096009227501	0.188267087971216	0.315491405092138	0.771865854271838
100021105	0.188597927027248	0.283472648318843	0.297423609400962	0.492861546521424
100001950	0.000348169213994577	0.00650842350795948	0.353580833108767	0.846924147224389
100020217	0.898752729160676	0.309064039096933	0.204638342964357	0.509359171481559
100006651	0.0258548274670674	0.157767209507644	0.327450351006979	0.431687312984118
881	0.933554140070926	0.374892973386553	0.265162063579876	0.684354199902694
100001509	0.670376246731113	0.131039926915792	0.244997849419019	0.588695504411465
100021709	0.597798392559402	0.823825041964139	0.276355542517406	0.677145899074986
100001635	0.29596544955065	0.0361500554284991	0.313431352973755	0.615412772714337
100002613	0.452297775839832	0.122122126926914	0.263481188293085	0.756197697458171
100009329	0.553045505486004	0.666561424209038	0.252530328077885	0.810571074794316
100021123	0.869385976847582	0.603653830092476	0.294261837345511	0.586743967716438
100015760	0.261034878240037	0.169918950035645	0.232698590291824	0.707950127397291
100020205	0.397604603966024	0.449922284140256	0.328948601411038	0.512599315599622
100000765	0.573405174583996	0.625023209215135	0.279075063578298	0.637995175454402
100004111	0.332026653029498	0.1717084804838	0.313696766061885	0.642805794430027
100001615	0.20291426012162	0.790816635629555	0.28327173847614	0.668339271369943
100009227	0.205868007366946	0.121559434193312	0.397369931096178	0.809029712784552
100006191	0.382572516136004	0.568597031251375	0.310512567207041	0.619336313987904
100004542	0.459260528976831	0.379276674857702	0.299391897826189	0.714687886574564
100003686	0.322843124332053	0.134232001749353	0.393187083471274	0.613847517259388
100009232	0.0266873735090075	0.214325252314251	0.285228434892509	0.574953305685703
100001501	0.0465217840332982	0.0929370280165301	0.368636187219008	0.709723376432536
100002367	0.504950974802125	0.254761958622234	0.268003927406792	0.524368820039087
100001108	0.356082711345256	0.641913603058498	0.280942406176344	0.656628330075325
100004227	0.72418794573867	0.971684556499203	0.282823683529148	0.669372567678812
100001310	0.191745930793716	0.288024364294328	0.26337414240059	0.787741877159534
100001994	0.823317766469129	0.914092836325468	0.298402723545043	0.731061636016885
100015839	0.0121398532066066	0.01194816171527	0.377019098933811	0.758620354640417
100003271	0.00587310925999167	0.0868588256270834	0.364567208894131	0.483890000995787
100020496	0.838878692519146	0.951865209059618	0.283969977902085	0.676289592471877
302	0.685407124190529	0.436023873318984	0.252480929153971	0.637594945062848
811	0.749417413323404	0.713006314266644	0.275751925982954	0.709801643542526
100001267	0.99990056474747	0.758666529262646	0.266098805708927	0.666549545235186
100001197	0.0254723118562607	0.341393141478235	0.321113048291216	0.681330149552235
432	0.224531232340232	0.509755075208818	0.297001081946023	0.656702330588894
444	0.0108257750516281	0.0589467194304018	0.323602129391336	0.7992548465329
100015968	0.344223627809552	0.379903346347366	0.280421171368247	0.598102436512893
828	0.890426937804323	0.907456028213998	0.279565763925667	0.675151077999343
100004054	0.25324069282542	0.826902488849922	0.284482283932812	0.67715353958557
100004635	0.0922877611779781	0.142751771299174	0.652743965499477	0.408095108113571
100000491	0.452113717294141	0.573015564321212	0.276509939890885	0.577618291500299
100000939	0.0436856539118852	0.0323687970979839	0.303683288460756	0.562463415531676
241	0.217857915004359	0.606135518608887	0.301606253797327	0.691031245027769
136	0.358894528246869	0.0701806041195075	0.249537858458061	0.852128387027906
100000792	0.571506832055691	0.960879453871535	0.286781277473387	0.72340175988686
100020973	0.583402413266791	0.64995086250102	0.298853906293222	0.648219779933379
100000936	0.765397728461661	0.851145818530956	0.282087381472043	0.67306888592833
100001313	0.00575547829107815	0.143306795797316	0.309427931086597	0.718649048937477
100001951	0.0476158656328496	0.0917075671771655	0.309373880052916	0.668602583709213
100006098	0.0178220816824916	0.0933077531069414	0.320244978352827	0.788405547144692
100000007	0.229995350727094	0.536196807648397	0.29293202533957	0.675656044470739
100006641	0.913526118127212	0.869687426187565	0.302740564803103	0.67235227600471
913	0.0104423061969756	0.0610823753260386	0.358167779066719	0.533387008328075
100001579	0.853096367320298	0.462321427865348	0.307592191541179	0.675242936247108
100002911	0.145369211365395	0.0124319339587302	0.374211820484415	0.626023591016509
100001293	0.266215762127631	0.38580301419928	0.248374823282052	0.807758724467183
100002241	0.204053320963914	0.515791585380419	0.300453604708628	0.638456366704515
100003179	0.382710771112644	0.0757420079707845	0.277197180658967	0.516368502019227
100021372	0.313431040097813	0.226601712134064	0.215146692226962	0.671356881959061
100001956	0.333900393861631	0.539410398567592	0.28645652046206	0.590150508931967
100021162	0.185936052678897	0.159870658668393	0.27719604239067	0.49008643631532
100002259	0.338109456214456	0.573028448280262	0.258811813169143	0.661627669336486
252	0.439940582960966	0.628955843348168	0.3227481768767	0.621257336341787
100000707	0.443173773888079	0.327204095973385	0.280038228463701	0.677408619584463
1489	0.672979309393241	0.0211122790279599	0.21283442917196	0.645846981389012
100020361	0.0292898701465829	0.0888397593475336	0.315456186166522	0.956061106907232
55	0.666176348960624	0.823255610203155	0.272510962708814	0.687121294364553
100000863	0.246028071568549	0.253239317384912	0.248673664555032	0.706070308225392
100015840	0.169203177392533	0.0958027573025008	0.380953955426046	0.628319485320441
100001541	0.151560824878995	0.08111327538898	0.196642682243436	0.658647252681216
100006082	0.15339435732119	0.0570525755206074	0.36996643902132	0.66580816898022
1254	0.685046787295328	0.891871459419382	0.285055555757825	0.692768911529175
100001624	0.512106231674548	0.383000307605883	0.267645981538279	0.649205534459875
100015850	0.931334234439023	0.561793112695901	0.356165808576403	0.630781661239665
100001104	0.00333521557868659	0.0139657534625749	0.314647571412435	0.954665166039182
100000900	0.123816074153736	0.404712248072738	0.293540593818239	0.674816139123115
100000269	0.23297221965898	0.088958247871074	0.174691528618307	0.627547462752218
1022	0.231356066004671	0.937376942534662	0.284034299054647	0.667094526882731
100005373	0.199670504236993	0.0720093098424242	0.255825694315755	0.699356537799044
100001129	0.129662079880994	0.719270946521676	0.273989663511777	0.699806565175048
935	0.0119012822607045	0.127215309861079	0.37316743136424	0.533563016246987
100001262	0.145690927221972	0.200251104934432	0.302640351298685	0.691929949931917
100019978	0.316371242316577	0.615891739437861	0.277857235956032	0.655988873601144
100002293	0.724170082015065	0.768357440995857	0.286998979368429	0.671949069578038
100001426	0.190881820045255	0.270709491512466	0.291637938039548	0.50977594070554
234	0.0365638997259077	0.163702414327743	0.27886359725499	0.649840266767791
100005403	0.245023759340618	0.951770254637306	0.295200020580184	0.667339423866956
100001083	0.0427416716350861	0.343089293514533	0.309239211838503	0.692523423083986
439	0.754612911114388	0.350863887855836	0.299548048995351	0.671127859119699
100001086	0.348240382158447	0.424382899487309	0.295745263079346	0.750444010430697
100005864	0.737919743831249	0.455774817616346	0.259416508943046	0.738010864507754
491	0.514550800033617	0.914147392784528	0.281668559016204	0.672272762402069
100002029	0.472490290514976	0.425712630199571	0.270144842174456	0.539536267085819
100002154	0.799030910954491	0.459748375845684	0.251040525275838	0.646616781267161
891	0.527934678306856	0.217018720320843	0.312141466214651	0.644743658098831
100020261	0.379818292965705	0.45257060410601	0.339978308022718	0.644493321444472
100001296	0.515448311927064	0.490783694048982	0.286367876475292	0.568134431190696
2050	0.380637927238849	0.582631454709619	0.297176745468939	0.624184607023435
100002761	0.339591569432785	0.703365769605505	0.253113161889191	0.795438232601678
100006614	0.864522527350422	0.629621171951474	0.25828970433702	0.742247340058075
100001597	0.896196941330444	0.126791089181185	0.179555302317048	0.472150971736426
100020853	0.788973429784243	0.883333606214771	0.285794680911717	0.679468596919684
100001446	0.27464257445747	0.394871449150798	0.249514756700624	0.665257375923458
100003240	0.308093052308138	0.133420321786643	0.32392395079035	0.593497750721198
100001502	0.0276766430401007	0.223371322453081	0.342448009726269	0.758874059060583
100020866	0.0933642969349567	0.0108536016718933	0.178698099509374	0.476261284101934
100020419	0.0297219034079531	0.089137293445143	0.315976184107103	0.412863256494044
35	0.528148030448402	0.266153190911245	0.247238138570955	0.617557299058676
100003696	0.0138005353253599	0.0536499757838999	0.411201133878485	0.610321703668633
100016038	0.786533866068848	0.965081144974892	0.281756290077994	0.669740017789163
100009333	0.210607533362417	0.186057851788427	0.284884915683774	0.697777984865148
100001611	0.158385186300482	0.316000869711085	0.368614972236083	0.647639907632743
100005383	0.653858064616405	0.301822388579947	0.294329869382298	0.712062315703008
100009239	0.296748562051943	0.12792240345173	0.361157393983244	0.488586678440872
100009332	0.341749790372901	0.254567295933539	0.282093089757839	0.637187691312404
100001731	0.15471917618706	0.645364115686905	0.290938544069062	0.646340523636018
100003415	0.360446091986994	0.445720178134114	0.269936923388064	0.692223473861678
100020578	0.138198472047908	0.203950024922401	0.267398947208526	0.568001921073416
893	0.790600061837816	0.562915238680037	0.278085613782261	0.685355493429508
100000963	0.305812706286124	0.207134488777984	0.373626439121959	0.47407812059152
273	0.132465953984791	0.290678985246	0.336797441031756	0.664035517728905
197	0.455528690883823	0.42380705231294	0.278182961877037	0.552190768179797
100000808	0.305103816339549	0.237496758869779	0.264474726795224	0.828267595221789
100002284	0.754655676104937	0.373089701447328	0.187635080972583	0.612701796521842
888	0.943706036773331	0.0756386450447448	0.305863030942783	0.652343378394802
100006435	0.52274320331007	0.310937543075148	0.215304848606556	0.987740488611085
100006374	0.201521488070165	0.559602699385844	0.290695422082587	0.662097460406155
100003169	0.569259750634878	0.980229537783487	0.281755626879892	0.669788047624894
1004	0.616238022501062	0.834047229886845	0.273170178839093	0.656343438719104
100005998	0.0970475342928764	0.898430962615658	0.298497556065985	0.6787333767161
100000773	0.655781166939891	0.542243162390317	0.288887741428688	0.653857197048532
100010850	0.0150926154555012	0.113423247648645	0.341172542324326	0.544062510358027
397	0.858003601676254	0.358908530796289	0.209456254355916	0.737155792080961
100000039	0.0686915384652689	0.230605082460133	0.234507554938004	0.723540618808016
100020833	0.734783189235648	0.776527958269063	0.290477663799804	0.709804385899339
1021	0.412844924278485	0.349362281652364	0.263242910837295	0.709876039555102
100020479	0.364029389910659	0.565255496672122	0.285711168631133	0.683372498227337
100001335	0.539715649496886	0.33876193477329	0.317805613767976	0.644136370097528
100000743	0.560825033397934	0.976653467193382	0.282332112062365	0.675848336096567
100009246	0.177822894583669	0.649200266146098	0.272426247035442	0.702248222156723
878	0.183915944948394	0.772417795110053	0.272711403178277	0.684119884077804
100021103	0.726864273605817	0.876667170431206	0.293956528116672	0.740982802131326
100021363	0.239129623238006	0.573407084025675	0.263711660073609	0.711714180747258
266	0.118651687631656	0.201865309074151	0.292488005371245	0.591736719762969
100001195	0.33238911103091	0.233244006685496	0.35814103676794	0.602680360982664
100019801	0.778106202770754	0.707883384103583	0.295617972579658	0.657895806013567
100002196	0.0399076400763844	0.278297978998467	0.296384350978725	0.68153633097306
100006370	0.219363854886292	0.898598693265705	0.277960883410945	0.676428914920596
100001510	0.0302031722061451	0.00391160941254946	0.23965345476643	0.773460072774064
100000437	0.545792061183746	0.453937501255035	0.269132382463413	0.740915054277301
100001767	0.130889830143448	0.0256361573891817	0.354757332851493	0.737363070879757
100001810	0.393371316417189	0.466220981591892	0.297934503381304	0.840767512996775
209	0.034512483397745	0.359345435699334	0.326004313613399	0.656307661651613
100001485	0.238066626152786	0.0864553253835307	0.171736796350333	0.595771741961592
100002500	0.121920327325115	0.44922634056153	0.287850144570085	0.642079233388911
171	0.0291102016498794	0.0247040185434194	0.21419511012114	0.673594987967284
100020487	0.983827705836295	0.850222896185425	0.303315598591212	0.642388150028351
1206	0.0072300196258561	0.119420041817156	0.287050497606338	0.722264980397226
344	0.0117742548292755	0.0259961726053805	0.580905956195198	0.766242111462262
100001405	0.47979815237531	0.899093505519885	0.28832402389124	0.662145011175438
1239	0.974266048730187	0.547990406714482	0.310880644362134	0.677044368948954
391	0.0624691854462046	0.182657507360771	0.265383268719839	0.880969465324779
100006430	0.44297618378106	0.169102096843901	0.360456436472293	0.403254815471459
100001417	0.985655925070834	0.547994465912965	0.273371231329622	0.772228803026266
100002951	0.0541546856787327	0.445871117261145	0.278075116702166	0.587582193203501
100000014	0.426382216255315	0.589566918419736	0.275922975703292	0.710800680403321
100003926	0.562171877174467	0.477685344936432	0.3078346211274	0.651751452021341
100021538	0.497856554579743	0.359120395902442	0.333543938046642	0.583310045728245
132	0.337935890060205	0.97812222489391	0.282989950555926	0.670476917998876
100001425	0.560145561176923	0.53412078017671	0.35742757751793	0.606568504832529
100020262	0.614235865823426	0.659158657598226	0.304150529181987	0.658085012573012
100002679	0.353486911922121	0.692587236135347	0.267810950708026	0.741242877116835
100001270	0.732210468139427	0.565503488247554	0.290564839291287	0.648070255080546
1102	0.856950460239294	0.952772875956625	0.285227791533467	0.667346580893426
331	0.263703292511121	0.209309091379656	0.234467746335575	0.567089555106605
100006361	0.50904118762067	0.618138558773153	0.261224664960547	0.744540282617814
180	0.738059811353001	0.992200276501307	0.286852053352496	0.670240153298187
1053	0.301426558026126	0.434862101614172	0.429155808739225	0.739905727736031
100001359	0.646961356737677	0.913429918521234	0.296210667016732	0.660398763813391
