chemID	simpleLRM_Fstatistics	multiLRM(chem_sig)	multiLRM(sex_sig)	multiLRM(age_sig)
100021136	0.0220702482724593	0.20329430574207	0.391114989704074	0.741646452973119
100000882	0.99297318736734	0.611741637796982	0.368730805300104	0.611416409040368
409	0.0858169990942105	0.167402617547	0.394410481164565	0.407002339686715
100002254	0.733497656070047	0.0478206215485975	0.233746440695602	0.631896478264469
361	0.00368773469336349	0.0896407472370407	0.269218999525014	0.604422170819082
100019975	0.507321137662276	0.736486929177363	0.344511045202294	0.661097001683403
100000257	0.000651634997779417	0.0191987862910643	0.353637610065199	0.576673294004949
100001232	0.927819001392091	0.945275876584659	0.357449951969402	0.641579125603135
100001948	0.370993049291501	0.328361558304863	0.370207401510459	0.497295758785338
100001073	0.594804783063116	0.626748519385196	0.434569747879838	0.561532798112182
100015637	0.96247771144681	0.428371849054537	0.369496588383118	0.638625062161126
100006360	0.587731377225031	0.680649871101452	0.327750964775288	0.711314819980326
1488	0.44842888532767	0.591720349640776	0.356268072879072	0.617049912103456
100002253	0.953718573358718	0.887975794847598	0.354859805853241	0.634513594535551
1023	0.826473624463439	0.637797233821561	0.345314053202247	0.622916668043058
100004284	0.698485199707684	0.814559348190654	0.339699860512432	0.652124585133034
100001251	0.604514784257903	0.932275651817325	0.343013098179532	0.642829463111271
362	0.584758878178104	0.479069446667179	0.304962339999022	0.64482431679686
100006620	0.740521082942676	0.908135941204827	0.34536117421783	0.648280123161932
111	0.353712960321741	0.180332662450705	0.297895035782408	0.617080699835597
100009045	0.722804261763756	0.332729134803381	0.289570428161946	0.787882779725108
100002927	0.657604795436787	0.822082633508902	0.338559179217123	0.668378324245334
100015641	0.696510757399245	0.865066246948338	0.336942296706327	0.65597524571193
1114	0.126593464296664	0.960005208656352	0.343314323594296	0.647757067017932
100020409	0.377408454703489	0.382323229498889	0.343485391744255	0.525489205314581
158	0.141751913836436	0.258729927713916	0.42762273171164	0.673425325362953
1224	0.0404817059995519	0.19186420244045	0.280201511365992	0.679342836062185
100001620	0.493564260891456	0.409185055271844	0.302692330874125	0.649029277603312
100020893	0.275960553462158	0.0580889060753031	0.321061941849782	0.375099239614396
100002458	0.707246070683261	0.582228731861228	0.386030984763074	0.595402192977069
100001112	0.998439222743429	0.970010638823974	0.34481871240597	0.644104575785706
100002953	0.51978961940111	0.885675600791851	0.341324210419889	0.653243230348169
1141	0.445025903598996	0.060038281658245	0.42625472426943	0.47843116128514
100015834	0.388367398525855	0.955804786067955	0.348942022061179	0.648838873669335
100004561	0.553292033669732	0.824271824534124	0.351903794928256	0.639180964143817
100020497	0.830172951922491	0.765813466814888	0.330489444647379	0.667772905401484
498	0.0840804296732607	0.39652774090489	0.321304703354422	0.722784477289896
100006051	0.90270326559405	0.885310589828003	0.347827751832593	0.64251051031759
1668	0.651803521253862	0.557441597046057	0.340117596902414	0.590974429242194
100004523	0.455289617446601	0.897114052534414	0.35233812362783	0.63473451565117
100001604	0.210224762688785	0.51090779481646	0.344304145654043	0.689286599645803
100001002	0.248529839623984	0.624378627854249	0.350123107999371	0.637543720647016
100001987	0.0702519550685849	0.244982680870865	0.92642749913292	0.500212748931644
100002462	0.634481481630249	0.341937679592768	0.407453283874725	0.530259371969603
466	0.498367796141163	0.0645873203066366	0.392291948290457	0.61425012782591
100000665	0.998551933783596	0.417886105697299	0.395724493683255	0.584850417828174
445	0.937219307565637	0.419501438932417	0.380958620996125	0.695380916639226
2029	0.144705462584961	0.508662698416031	0.367238600985329	0.646264763420512
100006438	0.129210929817346	0.244859101596365	0.398575397011586	0.658050241277717
100001398	0.155255557329092	0.582480500475123	0.323043314241132	0.665461870594248
235	0.467656154743855	0.5029687225019	0.309545938546423	0.677692444241992
100000997	0.63419393761532	0.708936837395663	0.351228664694086	0.622735209082695
100002094	0.206311981607618	0.20747875965181	0.302989493885608	0.505182119964725
1052	0.587855751836858	0.929773216914058	0.345059857685259	0.665083121108772
100020823	0.328101793452046	0.563796313655467	0.323193813752173	0.634252658621049
100001806	0.274309959540961	0.596054513455961	0.403444385524398	0.654890584624535
100006092	0.810916379255447	0.824842617958871	0.352750145531843	0.630350147781059
100001415	0.109845886148831	0.0763520280589208	0.34704855878011	0.37553629320088
100000008	0.039112039051936	0.0693747088620534	0.386348221954724	0.481674024936884
565	0.00840630730480334	0.0501235043070421	0.337752943489296	0.724847047065442
100015851	0.179115855162504	0.200822762335301	0.42267253126726	0.782688806686474
100001866	0.550872313043961	0.892317253898649	0.361034495398034	0.632596673231418
100020546	0.00229893504339768	0.0241118025140387	0.626125126166622	0.836288538701368
100016110	0.498065141383533	0.373357536224761	0.280572768703329	0.751738522919374
100001254	0.00334755970243888	0.0134852228944745	0.438533738161797	0.855174631559834
100006260	0.427977056702092	0.867919259653292	0.348399597173866	0.643102781638641
826	0.638661263535726	0.823049047363459	0.346790015513071	0.639079964121673
100001872	0.266647081418346	0.886683839327462	0.35100420072118	0.643232548144672
100000263	0.396510950382848	0.390695551698771	0.409775323747123	0.641399554914292
100021198	0.844127031145042	0.0685220880613598	0.239703937595709	0.37437832980308
100015967	0.0358873977014616	0.0871953819231774	0.424520759750186	0.469693098768351
278	0.139542123582952	0.25771930579924	0.32358746943315	0.931729430186513
519	0.639657611550079	0.314058504025134	0.422427729165939	0.575385922303327
100009337	0.109370950626047	0.315112340433443	0.460470112805543	0.629451634908421
100002185	0.430905769368588	0.870831130612555	0.338691893097927	0.632591810693242
100001278	0.328108282930531	0.25889590348865	0.433023124715737	0.592514505910026
100002103	0.862738738677001	0.569115850517118	0.34643090910564	0.590106679380154
980	0.678433100238595	0.414261612945974	0.390290171982759	0.621396503888508
100000016	0.874142249557581	0.45551288486438	0.34086052764812	0.621243756947996
100020372	0.182321576028245	0.494726643275102	0.34371977468453	0.584955768873195
100001662	0.650762232347494	0.149178610059754	0.148887295265917	0.652168619004456
100019972	0.907543197116881	0.695799410896734	0.353109849058361	0.633243684272642
254	0.781338255999963	0.652579658732448	0.339270908650059	0.651451730009812
100002009	0.632748973158106	0.677940249154286	0.343097158415481	0.569119019887111
100010895	0.44763419076067	0.470286587250743	0.401265623891742	0.622543852146561
1140	0.877098276373174	0.947368295974808	0.343324134577734	0.641343408476903
100008951	0.709854414059524	0.537502104267889	0.362019568590479	0.610145771645035
1084	0.360528853281336	0.746591377644505	0.343077142343505	0.701450075379071
100002796	0.0994803908732287	0.38298803484587	0.312358056382554	0.587982128255295
358	0.992557116192845	0.938495343233586	0.343263248767718	0.640535461127968
100002070	0.861525318051163	0.73562579596822	0.335598104130633	0.674053914903686
1628	0.394723271776256	0.12772743947345	0.409072297703881	0.632743424664061
823	0.672485686782483	0.562668925322091	0.308597592910508	0.698465618713892
100004414	0.419371025851535	0.0884682337807559	0.454090515940925	0.77400546603952
100006129	0.662300845949789	0.666689250299982	0.324239336605986	0.661095279498785
100002028	0.703776734738041	0.414477295534313	0.468407136784713	0.444564284938817
100021707	0.604874226516702	0.684190909683561	0.31633955830247	0.692322994339797
100000054	0.588022702112995	0.508383766677774	0.332419532714577	0.669929729732447
100010869	0.445055978436415	0.196176829473759	0.360533118177864	0.507834267881337
100004575	0.0499171960316328	0.129258534331576	0.374473583474117	0.989148028055141
100001212	0.970023843827294	0.682208933739745	0.347921307166858	0.589984824853907
818	0.225560829509784	0.566700287707342	0.390713840904809	0.599378225377149
100001092	0.0016006302033148	0.0217082286843372	0.342781340368617	0.629722350170449
100020371	0.95510640743408	0.849844048517124	0.351949096323649	0.643047579492844
100004112	0.183619904594199	0.497320096535038	0.367669504510062	0.651411927292031
1125	0.53422851613807	0.407973675759319	0.372033782500468	0.678194589024982
100020491	0.887780697732671	0.605147076331104	0.308095716492842	0.656580130853397
100003151	0.00137764992902465	0.0171232068851699	0.554227842654856	0.507777015344729
100000011	0.274533699817164	0.13598495813743	0.262887863161645	0.752311818258618
100003594	0.414749390315797	0.934673778453292	0.356547351894829	0.64979828828323
806	0.840440461713844	0.170320563361632	0.33135239978698	0.464196415134673
100001211	0.973314575341484	0.566218803633712	0.355817911372635	0.626466625489113
100002417	0.701044822107611	0.508458845209033	0.336041109027167	0.601176908138084
100009335	0.531596513663255	0.208882002245537	0.286090810549921	0.668045114977601
100000781	0.637786932188674	0.915621338505661	0.343068969482475	0.642338118431546
803	0.0292449415812084	0.0371990851547317	0.335988874773146	0.52417824503041
50	0.594875491130023	0.757378411527037	0.347860085591672	0.633539613918409
796	0.401498772311416	0.0518142517185099	0.388413084359515	0.626594404881911
100005834	0.859243677080974	0.60498215538165	0.409644819402602	0.637361148087889
100001580	0.884542801056558	0.501189219554018	0.377560969125654	0.64384912338256
480	0.726706445779609	0.621821189564235	0.30841736434377	0.654893745317878
100001540	0.263333990350735	0.687270612010897	0.440331051875097	0.736220091133209
339	0.6451429269052	0.131821869258793	0.303812290388874	0.565333022773454
1110	0.909613141126984	0.948846091786865	0.348620642891999	0.645611330670239
100015836	0.146297163471901	0.164346138767626	0.51330989158751	0.81640890638307
100009271	0.567747471909925	0.532262290089297	0.38077557722978	0.626866878573757
100015638	0.990745383988041	0.427851070021667	0.361549949335017	0.625904534940062
100021667	0.996877376114191	0.554574081522175	0.381972550076673	0.629450369798517
100001279	0.683982192929745	0.410580811392112	0.362601119159233	0.761216947590381
100004208	0.032792507091234	0.180201041898875	0.472803423549571	0.765755213477058
100003695	0.238489437074579	0.16022195234282	0.366475306813924	0.446124732390045
100000802	0.749581315499531	0.999307792022564	0.344976298311916	0.645087258923312
100002769	0.765804814856983	0.0891127838227281	0.259475228375455	0.757173733185151
100015835	0.0941297295336376	0.27156957915675	0.517335804124948	0.846216214535922
229	0.795452513829431	0.379478397313257	0.393461371726273	0.63575783609435
100001266	0.0100291512511031	0.0281217576593399	0.387434309522706	0.964068397562134
1342	0.286847491540935	0.349424063329838	0.299267840825263	0.662861373690837
100002102	0.815712302762434	0.511298245421832	0.392725339932936	0.753136514429251
100020254	0.14098864765537	0.517403641161821	0.338638788683997	0.67524304784387
1231	0.417497507521494	0.222868600487737	0.419028600576415	0.592921413667595
100020492	0.994966242518933	0.943152925843112	0.343651104624902	0.644490576204241
100001402	0.414279496399012	0.580351406884958	0.376267047974519	0.650423073087978
415	0.00641390570082375	0.0887844088216034	0.399524313724489	0.703097929181849
100003109	0.810651687386791	0.984141349566636	0.34475003077527	0.652628712698896
275	0.626597409110481	0.810100306123105	0.332158597705774	0.629912308515841
1143	0.16614909792057	0.0569970135944666	0.303644693916884	0.757831868008484
279	0.389464043665336	0.352848199797891	0.347925238688612	0.517593015259104
100001198	0.789490374570346	0.975260049548472	0.356244237361616	0.644385507643749
1648	0.429578801768953	0.978378254334597	0.345216770560323	0.645610422739423
100001590	0.275441318488389	0.247666170387725	0.338130826116431	0.556287463993601
100001733	0.380758525120521	0.796611156154834	0.338816617415234	0.66508945698801
100008933	0.0142726609756765	0.00211826371817348	0.474025942294327	0.596832177321634
100001550	0.337546731001876	0.576185861007678	0.330615540623577	0.602139416037207
1215	0.0385175693871486	0.188917475933362	0.306690845479513	0.587358738469524
100002356	0.221046378649879	0.107182431759084	0.429030977845584	0.645564925267813
100002749	0.613767469673235	0.714387334197957	0.352367452911415	0.652920062634965
100006379	0.162546032795191	0.165192025374938	0.399906392614655	0.402897192141824
100015966	0.0747948811057033	0.141241716440293	0.380303501720316	0.467755891768726
100001392	0.633813441618923	0.999791891173149	0.345187092135294	0.644951749638101
100020425	0.132230602803389	0.0471156181482545	0.287243788591801	0.410930315194833
100004299	0.330963780102055	0.72127176489889	0.367566983683927	0.714380444629876
100001734	0.633232412778265	0.54120190646981	0.358095771730397	0.589130787481276
1002	0.860017602921409	0.816023815566876	0.346609247166924	0.643769939033894
100001337	0.329259248148582	0.806472645258847	0.329432062197393	0.647127876987636
100001452	0.759247662460549	0.797320722416233	0.342128350138114	0.622549449156333
314	0.537983062895854	0.38382025568977	0.356756296608187	0.663149224996694
100009264	0.955260771967983	0.57549368298288	0.281587044095793	0.762739440268116
100004634	0.435459849144702	0.507958959779668	0.313060597538788	0.661335692359776
100000711	0.680487402832783	0.675920970452998	0.383571413049339	0.669682026443872
100020536	0.0196609964293247	0.0933226457333184	0.424021043903108	0.746710719104877
100004318	0.253955403847767	0.499369177553515	0.361397548698434	0.636719421057845
100005850	0.912892705593125	0.481384887693188	0.426951206304845	0.59364806060764
100006619	0.357135141339121	0.152425505614129	0.380036095357414	0.634743875759764
356	0.432956476109714	0.587165473964745	0.330382637159474	0.665062446676856
1221	0.630671899948374	0.609196502798217	0.425655464945039	0.680989449583562
100001397	0.788848265906803	0.777586904280401	0.343928995379424	0.638125284375589
100019981	0.68667410152937	0.873626400234556	0.347798636945952	0.666020897209559
100001208	0.400026447407675	0.24055012806006	0.305393843604145	0.932875331577953
503	0.00890874305660328	0.00870926511790805	0.221360194854166	0.480560908192911
100006375	0.146436612971072	0.622258967338826	0.373812574246469	0.624137163259924
100001295	0.810126577147164	0.644887505279917	0.333570825294951	0.731216520238388
100020427	0.0602693545199034	0.0274345088069961	0.325562343588717	0.358270232482788
100002784	0.508177720122586	0.371555310501187	0.29499431063237	0.713482633463605
917	0.0639353832502376	0.230566159009645	0.374583395262814	0.598231886318911
1869	0.407771749290278	0.215300112105502	0.365094911850889	0.534735131961027
240	0.192174964061069	0.0928277171212903	0.228160564533867	0.442050228503296
798	0.00449040333042154	0.0822907413086627	0.51323886569702	0.571334465643873
100002952	0.229125902022292	0.51114480859388	0.339981973497503	0.724139064472432
98	0.674246720630729	0.797671578834984	0.363952534072688	0.652669772723313
100008998	0.342193872597503	0.369391188704012	0.277497996778404	0.709983267808015
477	0.946111160428299	0.277827410654156	0.356873037098779	0.638175261703429
100020545	0.0696552561700843	0.124135658165133	0.41124075068597	0.810030913709067
100021666	0.955100283604118	0.232713821591638	0.398462801167912	0.633539623271783
1256	0.521816331142718	0.687225711536882	0.39924503691952	0.680765252537225
533	0.356772757527135	0.0958145792374113	0.250355809159405	0.419039227981194
100001757	0.430291655970245	0.915917309597817	0.353881228916242	0.640825914071057
1024	0.286220004860793	0.0843768848093199	0.237589876821442	0.886943215627862
267	0.509025250465811	0.960415788886069	0.348261959255429	0.643361506997697
100002113	0.145764972225944	0.111453890719446	0.315179073433963	0.679291510774761
100001756	0.831160338236173	0.718256582947612	0.359976683350154	0.664988327794963
100001193	0.413245092691934	0.184961295122439	0.431996287154503	0.588827693181438
100001668	0.671988428944393	0.964490847637467	0.345824357611991	0.648859923192841
1124	0.348913667093238	0.317107991155797	0.304569514986968	0.739003900150505
100021331	0.156812287269414	0.300804865158049	0.32704929568475	0.685385793632253
1090	0.0701315800810213	0.0246106970561	0.297744012885595	0.829359472325905
566	0.879948331567746	0.366211839867999	0.269877045644884	0.648404634449344
100003119	0.501513541066166	0.303486660900196	0.377549790971762	0.587249535562539
100006367	0.782861997869481	0.586306595567567	0.355421803766577	0.626850936410677
100004322	0.247886970223205	0.273829666480983	0.349009964237729	0.72708068450479
100001034	0.612360053626685	0.871166239721089	0.341603252326404	0.639740343131129
112	0.980097484396472	0.938672655883183	0.346149916804945	0.642675623356018
507	0.669799782357139	0.744359861648807	0.345512632259974	0.651953077948293
100009233	0.30551903081535	0.196778172396112	0.322252791357185	0.66213298916632
100000406	0.0226151532999983	0.138157733150257	0.517125247255222	0.458873023531841
100004046	0.357468843823033	0.473683016142718	0.243713645746569	0.593423721248616
1025	0.712415857818793	0.67409850380873	0.333462248821343	0.664759091069345
100001106	0.192692760591168	0.186222601060047	0.28468783559243	0.680406779141592
1128	0.0323572654462746	0.523871892730897	0.379200831032692	0.702998585196667
561	0.0546812293039601	0.197491866225481	0.247078056998551	0.572705498881059
100001614	0.870890846290504	0.374277728150615	0.36107184373533	0.62155789644617
100000961	0.868581939951183	0.95585089428773	0.376856406814902	0.643677838745668
100002397	0.921973104388947	0.630259672514963	0.343921907232138	0.585615024010723
100009407	0.978314288680521	0.923562522941223	0.353550013216764	0.639545293685329
100002910	0.8783972241715	0.651427426860142	0.321074205499835	0.592193581135467
100005946	0.265648980978544	0.358878200151835	0.393309784654497	0.740254352621911
100019794	0.123773147396668	0.340010125252842	0.33615548945259	0.793599525558735
100015759	0.291981921223345	0.0991910869818093	0.301741110000543	0.647847838230109
100020417	0.809394875719738	0.652559774189391	0.327702959301107	0.625701165883603
100001054	0.6266415114585	0.992788485272276	0.345969345405475	0.64495597480939
100001437	0.285716777262861	0.308382709880676	0.29226065312703	0.569951045284206
504	0.29609977114642	0.691654962927434	0.396396070786013	0.656785450573855
100001988	0.487549237442562	0.686604840013048	0.338081291300596	0.788252911610886
1082	0.031501286060236	0.591501340902001	0.381800975605875	0.675280639315301
100001403	0.343820713182362	0.3371196596074	0.375809673214223	0.629254110787109
100001664	0.903649846352883	0.553680097071011	0.330117737126343	0.814096020003687
461	0.33893477926488	0.240650956831394	0.507100774811399	0.625277664407285
100000463	0.674782104630639	0.941957542551494	0.355290005565842	0.645936881119703
100020208	0.598068155719325	0.527480787061022	0.385753010811479	0.538040925247929
381	0.584915658714332	0.0784640269734419	0.160159022550148	0.494187542957551
100010901	0.0892126764846922	0.0784866708966483	0.342475799147789	0.759389174047236
100001468	0.243290201700895	0.942616263495941	0.342984190537707	0.663749847271139
100000840	0.97149152127206	0.888999001372578	0.343984462460284	0.657021728811294
100020014	0.259051976884317	0.60967327781078	0.338183976802907	0.659980229258828
100001993	0.80118469532639	0.661819581834747	0.299729529348419	0.780835900664238
100001051	0.111556230191948	0.0244983271092161	0.377584946420864	0.343176263324285
100006116	0.363159313457788	0.502206216553614	0.35277537454166	0.645501194216397
1108	0.944582166173294	0.905163023086946	0.342976470063161	0.655356234091391
100019966	0.356796317122825	0.136220542358056	0.410831187022552	0.614541818127714
100001743	0.656945180297918	0.464729701349963	0.335126985855513	0.631923452208227
100001294	0.125391164012362	0.220659447257287	0.257322520110681	0.69910633080109
100001609	0.311606874057789	0.129893680041121	0.31753740726375	0.736190865627333
418	0.852300992650316	0.934150331014008	0.344962348787315	0.655555995934231
100001178	0.391944853313416	0.864077346186491	0.340799487988492	0.629289541577217
189	0.956489948036689	0.732082287505913	0.322386416272057	0.619447530235676
563	0.541018365411544	0.729552407544864	0.369296947384501	0.625058797179742
424	0.525395626363421	0.426612002851408	0.391413777464064	0.624001221405328
100000776	0.134487630600057	0.288993347704151	0.392550190195519	0.649382993088781
1001	0.912299133927414	0.467500587494677	0.358786105784988	0.646456114397368
1135	0.351601412175655	0.104130325443265	0.326023064947682	0.706830355331476
100021093	0.304645669744237	0.45375654477558	0.409674598781029	0.66563322545356
100020219	0.115942557078346	0.214576778167259	0.362129786767153	0.536749049480804
194	0.522222462073864	0.784277667003175	0.359225491766756	0.60977029599263
100008930	0.661004455048916	0.607243463684198	0.377970156035368	0.624030235786273
340	0.581980183754648	0.239332473309734	0.221392367508706	0.72562357433929
100010896	0.91652454456033	0.790697201186429	0.330996708970155	0.65190711729768
100000787	0.243374095188617	0.11493291371098	0.328971462262015	0.375982796359363
100000639	0.0235118769328603	0.236539658458742	0.324997003174129	0.645632259943417
100001851	0.984189481938774	0.242583710671525	0.3738127021439	0.428466185932568
179	0.518746516084051	0.636166274159435	0.336730946352951	0.66018026980071
100000626	0.316528328809559	0.760420889562755	0.364177331794982	0.643684878934435
100001605	0.0168653384202593	0.12572830069711	0.410509819863615	0.746963758398597
330	0.273410560706454	0.437755357906062	0.376746629220572	0.522841129101158
100001162	0.751027864877266	0.620958901118891	0.314025251719687	0.616543920829441
100001167	0.0459411638404233	0.246606429687344	0.340917789285494	0.628720400801496
100002067	0.592077609662332	0.725937352817882	0.446006836916556	0.570134904478987
100019968	0.669098366173325	0.357588141801423	0.378773058518667	0.582854750824466
100002014	0.971887625446478	0.998090515674578	0.34478609403264	0.666954031932826
100004083	0.447555754793429	0.153349199089053	0.385688950806333	0.515327655534023
100001315	0.327775553554701	0.404011221700931	0.359481358152024	0.710482240657335
535	0.304871691390195	0.576401441933504	0.362281333080151	0.641326160578797
93	0.454570300306421	0.274541298419211	0.382119350656148	0.495716361812635
100001989	0.376055088419933	0.628174797659837	0.318927934412033	0.688851229909923
100001740	0.739341308785762	0.409934454445872	0.317256698896484	0.66443551709346
482	0.153678779382375	0.83209208956265	0.349607037710759	0.624641771245752
1629	0.282455051960883	0.407760777393713	0.406578250818598	0.622548590551919
100001399	0.4902173007644	0.376499636373627	0.359320085493282	0.648178022495646
376	0.816120413925455	0.171437853046594	0.218400905066625	0.753579163969423
342	0.610396048004751	0.611597668221351	0.344939512439652	0.642848506143076
100001253	0.0302295768151027	0.199565880676286	0.293342349255907	0.850080267648343
100000708	0.63480108022686	0.7751614629033	0.366426241605359	0.652533334538901
244	0.206895848872332	0.0554057793145634	0.286848566007893	0.762860804238889
100006726	0.422571276291635	0.289058362135208	0.40093277267325	0.63046694699382
100000036	0.228432329574717	0.599982410643634	0.319696389103566	0.687319354899828
100001257	0.025369231730442	0.0889070340951547	0.45988258331924	0.907608020894133
100000445	0.641179733787301	0.633490305825545	0.375881421073435	0.604851410503762
100004088	0.00789681651473242	0.151373874785191	0.358280744425574	0.731912680312982
100001423	0.926588047393391	0.777596379829434	0.347225862123492	0.622723992918633
100001276	0.451289965223088	0.350086907366707	0.313321106046364	0.575936919985258
100001876	0.707753252133029	0.847710584740127	0.338274378228786	0.650873776283732
100009082	0.590240427847735	0.0409906722105901	0.16353038797703	0.626553379909902
100001121	0.36059095341926	0.739640283756432	0.340007217190526	0.64148624721617
117	0.309587137759251	0.633026934776086	0.326444966428658	0.66483528386386
100001868	0.055535140153401	0.156357627879393	0.386996036815709	0.658926014370235
1134	0.616556067645665	0.331046674096866	0.247175605177447	0.615925154418863
100021012	0.236609154249621	0.47089884874824	0.357783460260229	0.668589537054744
100001181	0.662525753303236	0.246606085138949	0.440524351614831	0.568886680794286
100021467	0.542631894968522	0.151159361692557	0.368702089762928	0.512536116981984
100000447	0.246377501485231	0.244295782130203	0.392438500618901	0.611568858448589
1162	0.000529666110957983	0.0131512588915409	0.448289780456803	0.54672101301713
100019982	0.438728302530112	0.488786630541693	0.353345868992651	0.63255375431931
100001613	0.990982576216256	0.445865688631449	0.362617282209581	0.614432265559045
100006644	0.446311734608875	0.660342118901516	0.323722437500694	0.671411280227159
100000096	0.511567300727724	0.0245304107514902	0.23648908196724	0.610424624900255
926	0.566383881439532	0.722640175970364	0.35502736886393	0.646773588050898
100020004	0.837659265630247	0.667675038580017	0.362211745332584	0.644448576298381
363	0.145194105952179	0.0365589938271876	0.340171120796573	0.229259368550208
1111	0.310653373503863	0.968388002972282	0.346305397857916	0.697938754096084
100021712	0.72543902281201	0.793740626050265	0.34547757476681	0.631082393662696
460	0.828847964346309	0.631134587095822	0.359850578371017	0.691875378180875
100009331	0.325461839798997	0.210422865294744	0.315113595116318	0.672675603459061
100000442	0.269461159228182	0.749087873639321	0.367894585834733	0.658868320264991
100002945	0.0624579403532282	0.0155730097072269	0.479739717028905	0.588855597951926
192	0.866164147186498	0.964415830776113	0.353356680414919	0.662600974332636
100020241	0.395759320712016	0.932952036139745	0.343529252658032	0.643749614981427
100000580	0.156130581330789	0.158706917765317	0.287981344395314	0.874162336111935
100002466	0.00593155803432279	0.0250413930819741	0.312330769995101	0.398128210461111
849	0.648602191437202	0.568105992201673	0.354421532418682	0.592481442719762
501	0.535530392267665	0.391690160272106	0.378413608470308	0.604193587687106
100000282	0.771036344918263	0.143563337166093	0.416673864292694	0.550422240607802
100001577	0.0335896534293924	0.147684689140693	0.463631288157197	0.718419787354396
355	0.0933464712426525	0.307830226201675	0.295151533168961	0.55002254565199
100000841	0.735042924226085	0.983029288562182	0.356763524526666	0.655266753569159
100000846	0.8319729159978	0.350713029485564	0.334597288558203	0.638685781705169
100004295	0.927179129745815	0.41684074265242	0.318065185480499	0.599650191981027
100001586	0.110904680741077	0.0463200096211267	0.479198062775839	0.319634215443411
407	0.0122435584529502	0.0321519759483821	0.388098042343835	0.713127288625184
1137	0.923182087932815	0.730251981848075	0.330179602342342	0.68654770969037
100021374	0.0404880093185906	0.0148134504877871	0.258955306414699	0.94645376465099
100001593	0.660462107028393	0.900576902149073	0.343036833562844	0.6499345310706
100015971	0.830874976477398	0.842054415568178	0.340323167620119	0.644498971268434
100001022	0.347310850075434	0.181268189279589	0.218891714353507	0.911156472908777
1094	0.0688814272337388	0.234196606574952	0.511700609205328	0.875668842972769
100002122	0.277917047227832	0.291334169034833	0.291801071100585	0.738537090153236
100000706	0.734074572872074	0.572963364917594	0.304183502048055	0.642294737517811
100001055	0.81738628393388	0.387993642422623	0.31399265615132	0.5849719926731
1235	0.511038567717787	0.7377471381094	0.329943186457689	0.674936245836341
100020204	0.0784638077914229	0.489378673494793	0.380470159255257	0.689125738533845
100015643	0.0284193221788499	0.297410489385314	0.383675381257323	0.595655256947872
313	0.0175986407328324	0.269676081923705	0.372313738506675	0.580149526580559
100001413	0.838034631050609	0.913291080291921	0.343714604834073	0.638731419766285
100020423	0.0203598836415449	0.0140852732733759	0.369745355028177	0.330946731414185
892	0.441252640625152	0.151617597847136	0.381901621581551	0.67117910366185
212	0.0639691780203935	0.13160782294853	0.452522536368986	0.620892002485062
100006105	0.206274066060359	0.199963356994217	0.388951065628467	0.657730502047612
437	0.795979422837228	0.576415833256763	0.321288529676431	0.662046208831663
100019892	0.425568780507469	0.81400666031596	0.342922499697839	0.665459137820894
100005716	0.0987612497705166	0.116473909648304	0.356771827306938	0.73200489900005
537	0.201260806046962	0.106906833914166	0.359546022535918	0.671259478706337
100001990	0.264366412886257	0.568805832854715	0.400527841238614	0.590664379895554
100003397	0.0204826642993649	0.00272167853622192	0.294928714486569	0.387804680704206
100001320	0.124920567026539	0.202271299902877	0.435163605849645	0.407170895201159
100005717	0.150450355437326	0.0943847344957782	0.393177302016213	0.679626987975315
100001207	0.0290779444304667	0.164604325786547	0.395707357782409	0.652406281121712
100001999	0.559161712886421	0.883821403518725	0.34059423336836	0.716873325673925
100002488	0.234116767874247	0.0193897785907404	0.401253916485943	0.591217614233742
62	0.167615210025387	0.650720456591992	0.337656472319433	0.650814836982129
100000467	0.545024258072119	0.402170828136863	0.333978047482648	0.614988428928833
297	0.0041325261303485	0.133092405510924	0.36470447804851	0.607500013375506
100000285	0.0251443777239934	0.375797923696223	0.35232561441627	0.74227761197521
100006056	0.0527836038925397	0.333544376004079	0.370163036828473	0.6897029441885
100002126	0.141273197511242	0.278813507965054	0.269835350985896	0.959735824738377
100002129	0.762121529280612	0.86882152100785	0.340075663417466	0.719593905943005
100020478	0.0350918658625092	0.198090968594788	0.309006173523226	0.678235435456149
100004089	0.0638338412071533	0.55654125349077	0.368723756403104	0.602756857276912
100001755	0.506742360399766	0.565762992953226	0.3458732535617	0.601656594483209
100000551	0.0410827679123403	0.986476395168574	0.351133828700567	0.64532668310062
100003260	0.507649224607275	0.316383067563281	0.383473478638146	0.721649022407224
100010955	0.755629349290886	0.36279496684017	0.278465900096009	0.532858155163146
100020851	0.207522399421609	0.449293944332908	0.37374802502647	0.666587900005041
100016069	0.647664041702184	0.833219666600316	0.349556953208126	0.635577813401387
100002027	0.522195779001204	0.577841479671299	0.275807293578762	0.749598060078883
1123	0.426025921753159	0.211886733773936	0.325807494553638	0.770095175066555
100001150	0.700032429640399	0.963458440718698	0.346838591241221	0.647556306484491
100001657	0.304441544144142	0.700741385645066	0.347797931568909	0.629464125352222
310	0.251913641884303	0.357145031306461	0.307421712101247	0.745795956095327
100001314	0.354024479516901	0.137768415613151	0.327884291114587	0.531490438132747
452	0.624915526709785	0.606075451665198	0.39564675289878	0.612864759805346
144	0.103786387436536	0.0611648388281447	0.41124649051127	0.517369932628043
100001182	0.20439331735737	0.162693800671907	0.424319721683733	0.626819670334493
100015965	0.73400813811668	0.465218530798069	0.330196089415129	0.716047023172145
100006108	0.907349140622618	0.464862533586342	0.358871341348589	0.68161904547224
100001400	0.711534536072993	0.609217818029625	0.326073616107362	0.635796600375237
100004541	0.35353067373565	0.238876877825785	0.327935543007219	0.424250099924004
932	0.807913255524474	0.350732779375171	0.349112058165579	0.678818713700495
100001992	0.434706991602998	0.527667323181241	0.484103195820857	0.541235198919724
100009252	0.138599405400432	0.186117281946022	0.409719853302209	0.627958930980206
100021104	0.678127051913958	0.616626059641108	0.29427905123773	0.765237720889718
100015838	0.00790371042961654	0.0330956112600797	0.513380850757626	0.891345251441365
250	0.00108259560424969	0.0173557364486559	0.600466294605683	0.755990509045124
100002537	0.979461718108247	0.506668364144991	0.3233275810139	0.750753725069879
100001658	0.785795214103583	0.677586492767229	0.375948568906056	0.631379272486178
100020416	0.245095803198205	0.368111978903092	0.315821629178075	0.6185731520862
100006642	0.274434691225245	0.774562541063871	0.332142177708947	0.668597985202096
100001391	0.0858832077641693	0.291069274659333	0.449126268760229	0.764857689012405
825	0.646388416998932	0.623370880085913	0.307023866783425	0.656962968231496
215	0.0136890450976744	0.100115764241444	0.425448807007889	0.620977286445403
100001026	0.930556290236118	0.991740769106604	0.348495178496814	0.657532406116039
100020541	0.446115808000906	0.499682556830859	0.306242101068925	0.682685116604468
100001526	0.215445073969038	0.261229510757579	0.515258369320097	0.759335428057718
100005384	0.602756637188634	0.500104590565564	0.323165750625345	0.584177235908934
100020378	0.258914470953216	0.686493191110067	0.330887343590761	0.652708470774754
100006115	0.904222524314197	0.308886796405342	0.466965606902211	0.51857289473553
1442	0.166432818065405	0.0487282391369635	0.162829619812229	0.527108865088627
100001843	0.196999110679557	0.280172747452764	0.361285516063119	0.726744468291146
100015837	0.149188507136515	0.245754383044868	0.586126262890703	0.59200120584251
100010834	0.732814721881219	0.954915740135986	0.345832589546586	0.642419173952617
100001393	0.6008572114251	0.460069024969394	0.282585154896536	0.684699400328199
100000015	0.327333305423591	0.653459201424756	0.330037028127038	0.660916075542338
100003892	0.0364291675059989	0.0447682756659389	0.315434571649294	0.901373448188675
100000042	0.140870683629066	0.0260286501569777	0.396265178724547	0.540576020140514
100020550	0.60197913270393	0.232310677015692	0.371589157332795	0.547207861143321
182	0.404910161634588	0.342688067938079	0.337894429077046	0.664683985288733
100015723	0.0881929890425979	0.405874699607616	0.364521097371991	0.620841049933359
100020343	0.430592183564534	0.476837960143874	0.310208802964921	0.650409224557116
512	0.310045688900792	0.627276594291309	0.382171369072239	0.616363611311957
100021100	0.774267596454778	0.697084285858765	0.331418415892265	0.649798456858379
100002528	0.324634961019723	0.0726880528008964	0.411833009612396	0.432400380681053
100001287	0.461466018480409	0.690332210858306	0.470701176376066	0.578181433806603
100001229	0.766179691925205	0.838262508257036	0.360838873913467	0.629950876674038
181	0.389737334170574	0.851722505223187	0.340184064031775	0.667452789447788
100015831	0.00103849211633111	0.0147870211785741	0.490572809525571	0.420582546456142
100020515	0.329703302004065	0.513699312994987	0.2942039484072	0.779365356311524
327	0.187785801894526	0.268461146862468	0.427369213309634	0.594764328766483
100009394	0.700452759925656	0.797907353850489	0.331011002289001	0.669018000717246
100001596	0.922659479482868	0.235346383721855	0.311140976771963	0.48488687809245
207	0.796740673128532	0.50924051011809	0.366397209302089	0.605347961786956
2054	0.458592159238686	0.764153864303042	0.334156228665468	0.660976975911886
100020259	0.674448362904098	0.586572752270855	0.374305487537386	0.630637079367184
100020414	0.00171989032555338	0.0277716072290479	0.268338109736135	0.60649970847758
100021131	0.859371524860937	0.284874585698532	0.33434922539438	0.604913850267971
100004499	0.763555711919015	0.782901244895277	0.337077498691667	0.624859592253674
880	0.161353484683129	0.741069974535514	0.37691133155621	0.640197633677446
100002049	0.444560043379889	0.260087158628538	0.391112144097595	0.588477024956349
100001739	0.456889977494672	0.233058013846328	0.450293859194863	0.598779294416175
100001126	0.336627270360239	0.125738647889137	0.23431849804028	0.5168459481962
1113	0.617869769371448	0.833401464434543	0.36234338463554	0.621380131122051
1083	0.934528952021471	0.298283739189202	0.38372297321947	0.55268735333615
100001730	0.08888550293223	0.197021794210476	0.394689701263385	0.528218216902803
100001412	0.586946595045967	0.986861336840285	0.346414893634055	0.649281206852467
100005996	0.669768674310106	0.620582513185679	0.332727969988244	0.621452137133994
100015962	0.00564038623770532	0.0849894932728661	0.273238065523327	0.946758035654034
100020214	0.656057954697567	0.415555404856902	0.370269346609334	0.566088762081353
100002514	0.126010804886444	0.337828232886705	0.359075181378965	0.585034246448226
564	0.176814314995838	0.0516167515763857	0.312274102104212	0.52339227977331
572	0.0259943735153269	0.0189629491802068	0.489592875807319	0.513878113004305
231	0.831816555509628	0.548529770628883	0.313991699630701	0.66200798126039
100000453	0.942690352113565	0.76101745765596	0.332672431362062	0.677047878713069
100001007	0.13304754099558	0.248221887783614	0.400645556071605	0.53105017685164
923	0.549124121460401	0.313205274190964	0.335435499530812	0.696515507247052
100001247	0.390988476383588	0.498935775712984	0.329059318613836	0.626446706725519
100000774	0.558373447943143	0.832760313836725	0.364433038942369	0.665863081899504
800	0.369795521141982	0.345757761064611	0.362905670123609	0.703648180186621
100021678	0.217243070283337	0.344325238095851	0.291003428170206	0.641279447575509
100021711	0.425687233009942	0.875154324909086	0.36070603905923	0.651491846609579
100001274	0.804515594025547	0.398411521655217	0.331501625996148	0.499551575836365
100021220	0.130841404522964	0.162310231174465	0.425702961110939	0.961019709266721
100020253	0.344408643075372	0.897174231118115	0.344042192264326	0.652281707820827
100001170	0.559960927514237	0.143825861555677	0.346374285679847	0.527383616494117
100001466	0.288720501683117	0.878098200741831	0.352463680911011	0.640838561566506
100009406	0.69281007393822	0.624955803540942	0.330756711015318	0.664701081393179
1026	0.164009832990606	0.448511977121121	0.374484039512425	0.609360436380519
100020837	0.713862760912155	0.382613300109016	0.388059727996519	0.552664657831078
100001006	0.0758828726611104	0.0488059255146834	0.305731738067691	0.807484885597634
100003674	0.818646339264823	0.137990416021576	0.337099582152387	0.638240491499974
100004396	0.349231820129754	0.436506434631925	0.389636824428838	0.548516824317891
100015923	0.529202639127429	0.90520767091914	0.36873410420726	0.637447034804433
100000265	0.51870511475112	0.770338969446603	0.349475303001329	0.62506583543803
100001409	0.0938602617560039	0.132876219874499	0.338818646839022	0.4973852846076
100003434	0.389134594648626	0.514931619425057	0.348746804764425	0.573027119998062
100001334	0.455678828061411	0.0317820069476457	0.472993919499949	0.490524063639069
100001102	0.681307524197385	0.767580136514095	0.355186119510621	0.627150133825096
1268	0.597317742404405	0.0759056367312922	0.224215512248114	0.602388719623342
100001300	0.21151339016878	0.0860661734397503	0.313636233764836	0.646740564583596
100021324	0.225236459313288	0.667960360757931	0.450810424763308	0.632246729984889
100001617	0.103872082427836	0.101723440285046	0.340270739490225	0.684063131111924
1105	0.928423090033903	0.152444247467974	0.45991215077563	0.346093840901164
100021502	0.0852965952077413	0.270663963286332	0.319399249439782	0.682442403702671
2051	0.781813460861421	0.588218315611786	0.343283058331491	0.552246156352782
100001256	0.147899210623039	0.476676341142165	0.38677629029285	0.787979406472461
100005466	0.0664759474632635	0.0923048539744556	0.392364369933121	0.449670876317607
100002199	0.141186041848936	0.670652521467094	0.356439725207244	0.669815960020036
338	0.0209276934454073	0.0457759977182224	0.512632311239009	0.421743511627045
100004243	0.407722352263322	0.575610840803105	0.326151675967512	0.655384544261105
799	0.445502775367446	0.988523516873535	0.364771363957145	0.645272792666069
100008928	0.471807145066846	0.0998131392129201	0.367579602235403	0.625366323489106
815	0.0802738395889916	0.280870051458668	0.353558701823437	0.714861673791315
100001456	0.00687934607300566	0.0848287571180033	0.328083572274095	0.574389354235822
1242	0.0915403097852199	0.0941285016026294	0.405975201850862	0.4618368375326
100001416	0.291298182293622	0.114157139109274	0.243501764118569	0.407308893903758
100001462	0.426428963296381	0.326754167649118	0.398385088276497	0.607611490858578
1087	0.183432894197729	0.0353400849808317	0.361005406568644	0.608400148538716
100020421	0.0753306188781771	0.100717968835961	0.389063060264447	0.414133788172392
100000010	0.00452523198378097	0.0516185227211095	0.364775726087103	0.699131075534934
821	0.514909419069449	0.396395115883203	0.385500719912023	0.506720822084218
100006627	0.300590725236053	0.155152305330715	0.459553211128171	0.552045509657631
100001277	0.292814393777497	0.146751187481949	0.420708193281617	0.595729953453928
100021141	0.0485638924322063	0.170759715489243	0.37629943914364	0.754494165426502
100021105	0.141541518077164	0.246054781090472	0.381729021198379	0.451066411850216
100001950	0.000358242634790384	0.003926580803028	0.414103311234212	0.846211642621315
100020217	0.751800728927048	0.227741403960852	0.243148626731558	0.454799023663556
100006651	0.0224063419002468	0.144976172266209	0.40386301814138	0.404099508410926
881	0.850839673415726	0.408876194559488	0.333304307562986	0.655057550191632
100001509	0.650836277179925	0.137253586988745	0.307201738961073	0.56564107800459
100021709	0.695927831174589	0.839915162449442	0.337061260377124	0.652302517373973
100001635	0.338856172234508	0.0400301867179239	0.365260936525524	0.599133962714493
100002613	0.43455595999527	0.120697279846501	0.324900827891175	0.729045814778378
100009329	0.531461063588939	0.687922575044406	0.312119172430383	0.777225075118781
100021123	0.920003917188949	0.632573333469321	0.354449418476359	0.571713274073107
100015760	0.232091193628545	0.164288937481802	0.293074229640405	0.677902070046888
100020205	0.413070989743257	0.435663845001335	0.396362152171899	0.486850410366087
100000765	0.549464130204885	0.63669806260793	0.339048956053919	0.615545517640296
100004111	0.379758019984159	0.203504695364609	0.372372121208137	0.621396828550256
100001615	0.182150882092204	0.818488010568469	0.34401507857191	0.644224331321904
100009227	0.235971611560709	0.125137937021974	0.461295452312815	0.782278086519499
100006191	0.386034155822316	0.558675175173313	0.37758895090134	0.593452276250141
100004542	0.493831953761896	0.34475897896585	0.357988874987912	0.696362316050659
100003686	0.312655320225446	0.128657485048411	0.475356062837608	0.582024925956559
100009232	0.0255728462835821	0.235978129783442	0.351713284816527	0.554206154514998
100001501	0.0413730336905508	0.0868582337889255	0.453783635450473	0.680522314994211
100002367	0.479482128277374	0.23746002165571	0.329435028951951	0.496384190502026
100001108	0.326270133597453	0.732119486056898	0.342159571696124	0.63637512087053
100004227	0.6136958527936	0.922224930545108	0.347169760421353	0.639019227320986
100001310	0.218832930620546	0.307854147415748	0.319562712769494	0.758502426446621
100001994	0.821173281500973	0.964745031956536	0.371945232336945	0.688579104927461
100015839	0.0121760690950103	0.0127475082420153	0.45568982880551	0.729185108241509
100003271	0.00616742225130165	0.0838328676108025	0.441779291542405	0.458519237948625
100020496	0.838300523859825	0.989810160786634	0.349785254150964	0.647495541394548
302	0.672218983711843	0.445831623681224	0.310046105990481	0.61474459116528
811	0.853804799271854	0.866340632009317	0.340983302017639	0.665885252924914
100001267	0.94307100499371	0.817192545465066	0.331141595582479	0.642937972674056
100001197	0.0296428804936643	0.297533786267323	0.38120633453717	0.66250280260707
432	0.186037434145011	0.463960324988734	0.374335460956196	0.6229719304982
444	0.00690617668629762	0.0475770523556638	0.413766879071109	0.769282803016385
100015968	0.333506302465492	0.359343165686507	0.341664563327654	0.57162167529226
828	0.951905356426023	0.909587702397835	0.341493783736228	0.648983627679326
100004054	0.293287875124827	0.846567480650701	0.345763912912734	0.651337194228201
100004635	0.109382663624401	0.150119570419107	0.72109957913493	0.39624095596575
100000491	0.43516173126359	0.598069008750223	0.33999401472186	0.560206054032008
100000939	0.0440268813018303	0.0306720924277064	0.365917782567511	0.540133290021228
241	0.18589242353927	0.559959556317214	0.373679627295958	0.665997857553345
136	0.39341896599037	0.0744173620108051	0.297644545245459	0.828760629904111
100000792	0.568019987904237	0.989749341165786	0.354873067394454	0.679369210811537
100020973	0.533184144029854	0.61397139891307	0.369252734585354	0.61879773922046
100000936	0.883590486581716	0.849502997111903	0.346462014436454	0.646632986762486
100001313	0.00884176938285007	0.176845701058525	0.362129219191081	0.694803374000117
100001951	0.0566929893789338	0.0939769229501418	0.376886581302213	0.640878151111181
100006098	0.0203053670507625	0.0937741434734428	0.379932759025965	0.759160938039819
100000007	0.202457667746257	0.531705389395345	0.360784129674136	0.648536291309969
100006641	0.782770098084247	0.804561104251479	0.383132609393747	0.645093423269697
913	0.0121723617150525	0.0643246542811654	0.422190611806952	0.515194419087153
100001579	0.768487361084457	0.425602742631727	0.382582196688424	0.643956569191248
100002911	0.150041359538222	0.0112162328841644	0.440150403839869	0.605105405972957
100001293	0.286471807388095	0.346447905274874	0.296039363610033	0.799292266061701
100002241	0.214841351061978	0.529093519477212	0.363294929719992	0.615110744831095
100003179	0.490877211041619	0.106849947220935	0.319879786241001	0.516075542467278
100021372	0.275136912305107	0.214515353311523	0.266401362931412	0.646613164844389
100001956	0.356750643450325	0.563373744803222	0.347378354462692	0.571998218254946
100021162	0.230212330643992	0.178072213568339	0.324672560687352	0.483915351381516
100002259	0.290320160018085	0.56878633382273	0.320428664810539	0.635570591077736
252	0.459255810862363	0.656775355708821	0.386760103085247	0.600533048172498
100000707	0.467253170376438	0.339551930157384	0.339438770414809	0.653656075103952
1489	0.722770614843681	0.0217407156151252	0.252753009113713	0.628817304052429
100020361	0.0221562500417196	0.0754720562721831	0.398223089227712	0.934265929610156
55	0.765258711561544	0.914896600381518	0.343404144007618	0.654597108826006
100000863	0.226764663747436	0.249562138485068	0.306835389673199	0.680181587445288
100015840	0.183017042180158	0.102925557129903	0.447889792423708	0.606669126021854
100001541	0.119460561853125	0.0760264347027928	0.250444997516481	0.630143408756023
100006082	0.140285603349832	0.0494237665615924	0.453839037543966	0.636036825422027
1254	0.720098360379755	0.902677805216107	0.346701567687366	0.665567355823919
100001624	0.466771576220263	0.35856834447043	0.329910184491264	0.620912822680841
100015850	0.835533817194333	0.599534550924801	0.410735073689584	0.612947694668626
100001104	0.00376708169033571	0.0164359188861199	0.381392914352253	0.919793973504145
100000900	0.111167580895475	0.425257200265175	0.361618654732136	0.647337033667099
100000269	0.263565818581517	0.106298306022251	0.219512624472063	0.608639335770395
1022	0.194559919587082	0.964168547599832	0.344893653295667	0.648054671989664
100005373	0.224492486505942	0.0883818394154803	0.308588891129483	0.677730980568089
100001129	0.115330186767252	0.690148558199529	0.335443279219596	0.675951823053782
935	0.0143122504140238	0.129977278466795	0.435719142618101	0.515334005670635
100001262	0.18490630866892	0.254445591899552	0.35646186500145	0.669628780260461
100019978	0.269702570307264	0.648117964233247	0.335933450931346	0.634510487542036
100002293	0.687620365861512	0.85154388197784	0.350307807003302	0.645310845703938
100001426	0.205880289508914	0.288460487470466	0.349905895055309	0.496109858220721
234	0.0378513570130523	0.16351001714882	0.341271926979301	0.623174777123159
100005403	0.225423147038427	0.940904891411554	0.359458636391059	0.640752751297081
100001083	0.0486587190251421	0.344282277161388	0.36999105532569	0.668042590826652
439	0.644065043410879	0.30586668859997	0.376607816315764	0.63733897192293
100001086	0.326147108837898	0.406474057712343	0.364063076289825	0.724469225450622
100005864	0.720497956272954	0.455787537302648	0.319056011546481	0.711225138723227
491	0.530307158318888	0.920143832070037	0.34387882229976	0.646628190373841
100002029	0.463352764697461	0.404577356393597	0.331409759637197	0.510676320492877
100002154	0.619739986864417	0.34973791804459	0.307067831277957	0.610089230067083
891	0.438941773204665	0.191498518068672	0.394628146776771	0.609067984820403
100020261	0.404726331217211	0.462241184540329	0.405139818131158	0.620690441620453
100001296	0.542998878864816	0.526784748680409	0.347636372137446	0.553737037783416
2050	0.564934873083002	0.502064224164472	0.379264077423419	0.584810579819543
100002761	0.347621290450252	0.767334360700272	0.321400400630568	0.748528950422704
100006614	0.948163134326366	0.605240986139158	0.316682907193366	0.71891277536808
100001597	0.962816319602349	0.158915037131197	0.240609477064092	0.463793409934677
100020853	0.75232804468664	0.864056839915311	0.350210431727528	0.654645525954288
100001446	0.293170949653041	0.413999327067584	0.308459226128929	0.640357870057857
100003240	0.289183394330442	0.122197720862681	0.398772063441177	0.563227575298023
100001502	0.0321077325775377	0.190172326735417	0.4027414430807	0.748034385829627
100020866	0.120548515792217	0.0119577876116379	0.201737832591418	0.474025046966551
100020419	0.0356865682938041	0.0937282481828589	0.369028714257818	0.402829094253911
35	0.56081808119187	0.287848859126302	0.309321236630711	0.59635240463972
100003696	0.0151257001551905	0.0462714164122768	0.487243514158823	0.585856716660137
100016038	0.909777681708767	0.870817712303136	0.341595333984945	0.628820223943236
100009333	0.193778136982054	0.170318924945972	0.349351873925837	0.670831235029309
100001611	0.155044973781563	0.331486649550874	0.445568009631837	0.620355267305086
100005383	0.631412755754824	0.285842091846426	0.358090472285506	0.687063468488297
100009239	0.341167286614926	0.133606930296117	0.418989248249678	0.474420405347275
100009332	0.313919945340818	0.235906877597797	0.34876653607133	0.608239067702317
100001731	0.145595787084207	0.606339075705208	0.356071695197307	0.618137541890093
100003415	0.401852397496573	0.482063788066679	0.332240664325037	0.663377088818277
100020578	0.158963949114334	0.224601682007472	0.323843144898293	0.550327359027893
893	0.822693031659702	0.503516771739241	0.340027382536108	0.659349332362966
100000963	0.33683010342273	0.226048970582836	0.436101879919868	0.462581990431782
273	0.125546531230728	0.241050960203303	0.410079883024029	0.64059799512114
197	0.39781383008208	0.425195079882568	0.345098706908053	0.526934677550829
100000808	0.343584306101629	0.257346144253443	0.32055454848223	0.796196358654327
100002284	0.827727919059276	0.415086701967429	0.242907245943616	0.590796265302243
888	0.943483778823862	0.0968816594589826	0.374384926707729	0.628014913988568
100006435	0.474334264267162	0.326475301881283	0.272988228443573	0.947383021332684
100006374	0.180292224388188	0.53258864133424	0.358493161344583	0.633968668730329
100003169	0.541164498457777	0.983173228852243	0.344090503654611	0.644440816338292
1004	0.537440798058302	0.797898436085653	0.331651397752425	0.627088601441412
100005998	0.0708647161591241	0.799216909209371	0.379067983320745	0.657762153430507
100000773	0.678657894628627	0.56553789306994	0.350476248329921	0.630245986723735
100010850	0.0165396305970489	0.115930245638516	0.405611668219673	0.524837621010061
397	0.879544727972293	0.404675898426822	0.268547784996224	0.704534135614112
100000039	0.0633791738439295	0.228172629635761	0.289986388854347	0.697012830916278
100020833	0.640163031038294	0.821702751938288	0.349365503022091	0.678592483625926
1021	0.422158109103523	0.33684417013865	0.321971310264736	0.684845764622888
100020479	0.392034249812821	0.592646007485169	0.347529514619778	0.657101599263108
100001335	0.47047988741104	0.313759128573603	0.396524533119225	0.611333371761477
100000743	0.473969625522452	0.905815524604768	0.346160803772899	0.634086583167049
100009246	0.165123241992489	0.628878202437749	0.334005331011363	0.677470115301226
878	0.213369389307771	0.750888554542046	0.332745296713933	0.658754797688612
100021103	0.729626583403383	0.926240613215731	0.366225599671572	0.699266212226919
100021363	0.226054158978263	0.568764307671907	0.324175335585688	0.685440063669105
266	0.136669514859802	0.224491765631879	0.348703550511531	0.575364125915791
100001195	0.269369918094956	0.206465278058576	0.450684248362898	0.566352336485304
100019801	0.802311388030565	0.717232238572863	0.358255203517891	0.633367188454461
100002196	0.0498393804108039	0.283852724150188	0.352275284840842	0.658780609069187
100006370	0.227637522763463	0.957413921095065	0.343108469341886	0.647733099515261
100001510	0.0242388460805939	0.00327906808409956	0.303522737606828	0.738571693992232
100000437	0.594097579391332	0.455465131377129	0.324731951241184	0.716936378181747
100001767	0.167347643299479	0.0336778041782623	0.40655783566219	0.716190192707725
100001810	0.437839539809878	0.499251834102124	0.355989271685861	0.804970497147804
209	0.0248202533182677	0.340780201396921	0.408572800206472	0.624991691658093
100001485	0.278099215965193	0.106474381014406	0.213628651911093	0.58456409210581
100002500	0.124602620048015	0.451439436837379	0.350865553263969	0.617195581133034
171	0.0230754713328086	0.0221306974032208	0.273004231547225	0.641409648113781
100020487	0.959573447632347	0.825571543764051	0.368253881510994	0.611577458205706
1206	0.00733770645655297	0.119002028999555	0.35017816074701	0.695905061938293
344	0.0176175638175651	0.0358551877414051	0.626836782457985	0.743020547116402
100001405	0.495632855286719	0.925803781003439	0.350472297800955	0.639577580943078
1239	0.971091854744281	0.512345427351585	0.383651669723863	0.647968598817446
391	0.060105459177178	0.186226892028299	0.326787176618492	0.851627495528978
100006430	0.368194913119195	0.151156652143372	0.456058597130507	0.369943817307054
100001417	0.987643417164371	0.531398240669746	0.33166873681295	0.747658064553048
100002951	0.03997934043242	0.433679600231003	0.349042960338218	0.558066259332339
100000014	0.764832632664261	0.994099878699104	0.347613023888372	0.6479981194956
100003926	0.573744235918117	0.514127871434874	0.371658695418329	0.627828547565994
100021538	0.515779518237921	0.355078227650616	0.399825901678083	0.559977763061916
132	0.23886319948781	0.909804602462375	0.349333286090438	0.644187388707185
100001425	0.565499046334336	0.531410868854345	0.426114524578613	0.582773489895056
100020262	0.640932369724365	0.671708178103247	0.366975743484647	0.633754446640624
100002679	0.327478809636098	0.703537281595272	0.330090203735863	0.711661947156898
100001270	0.734384733694865	0.592360506847592	0.353469677203757	0.624547382952862
1102	0.718125651998519	0.90737716819477	0.342012290785175	0.659606343985081
331	0.280509822477177	0.213250465417823	0.286454572430766	0.546232284290855
100006361	0.471385727101892	0.601632697171235	0.320809414369481	0.719957270470012
180	0.814432129475801	0.907354353410319	0.358078339944332	0.642882292482533
1053	0.288445818795755	0.404208096676055	0.522936956080045	0.715234535506919
100001359	0.744713138575733	0.974952824743261	0.351598370199278	0.648663237693515
