chemID	simpleLRM_Fstatistics	multiLRM(chem_sig)	multiLRM(sex_sig)	multiLRM(age_sig)
100021136	0.0247318053870698	0.242649358320563	0.320652107054762	0.748047037877545
100000882	0.813182699168236	0.692997156825473	0.296290283576164	0.634940876126303
409	0.0741270266511413	0.149908523902163	0.335922521362048	0.406979300509202
100002254	0.677596660002537	0.0396892784741674	0.194949253537194	0.63855599451821
361	0.00857985549259947	0.133810487434319	0.21223818192102	0.634297619715413
100019975	0.558488054506762	0.69523917594581	0.287409614456259	0.675213651940998
100000257	0.00079854892767849	0.0268607306497986	0.283792529413293	0.599401862140629
100001232	0.973503448557876	0.963741699974093	0.293061008636702	0.65622594946989
100001948	0.331702099965045	0.266836012375541	0.312437383924434	0.487792892099108
100001073	0.593467761836079	0.640104220081603	0.363328214162464	0.577544741786261
100015637	0.941087180640163	0.427196915548061	0.305999472099006	0.651802739395759
100006360	0.590294696534523	0.610121471330112	0.266056737467261	0.739070282045193
1488	0.535585328519689	0.598336119177002	0.289677894886714	0.633828178546709
100002253	0.856342619313518	0.976061441646041	0.286422286878495	0.663154134138831
1023	0.91461543615681	0.927037570006682	0.283842215453632	0.654544840521986
100004284	0.67647995992534	0.807658689910788	0.280481599450246	0.665566949220324
100001251	0.659139288853222	0.975218582544798	0.285370226594551	0.657321110972156
362	0.712279828974887	0.472000426875335	0.257955729079016	0.652278780945344
100006620	0.77048603075793	0.877703364104447	0.286467904127091	0.662030894283611
111	0.357951661725945	0.165314662042806	0.243131911799557	0.629688910729671
100009045	0.666944294429833	0.294956653170914	0.237960105755617	0.806454928776443
100002927	0.726840904015872	0.846045512683457	0.279944186751508	0.67913027524102
100015641	0.774341491873597	0.928831876241096	0.283083800385665	0.664479242554746
1114	0.103318306401159	0.913875679676258	0.282231019205479	0.663009782622079
100020409	0.342775236578029	0.296576083671004	0.281302608364584	0.511391177960934
158	0.112035547253282	0.182031250316894	0.372755462439218	0.690635435899632
1224	0.0462547864699823	0.171785217010882	0.221666661396686	0.697266661563185
100001620	0.482698511279647	0.419701382422393	0.251742747557711	0.660944531758695
100020893	0.308838150292302	0.0672887811964684	0.250698391708369	0.392278524260446
100002458	0.496568951353141	0.95532718118848	0.292399988335269	0.655524829839705
100001112	0.808714291970305	0.993165549676269	0.285212568815103	0.660627509604913
100002953	0.409218443714408	0.805078192615803	0.282064044333799	0.669965506743727
1141	0.413690467006202	0.0518861319600392	0.36259458103462	0.48303421546478
100015834	0.489547082277534	0.865787520522392	0.282303178652693	0.648924759611556
100004561	0.569624621442323	0.903867486741985	0.289941565654186	0.654915170865175
100020497	0.717192481068654	0.8691141965894	0.27996023838037	0.672010018125259
498	0.0438764707540497	0.342305558718582	0.287997890338734	0.729866410707979
100006051	0.860730394580199	0.84955657127612	0.289397112517078	0.654502152674975
1668	0.705457699403162	0.397915984847221	0.280049391625237	0.577969553014635
100004523	0.464589374061446	0.984072176406502	0.28736025833239	0.663720427470481
100001604	0.171156214045611	0.861750171806591	0.286960929436451	0.673546021703418
100001002	0.153024586124336	0.436372375640745	0.300479182592212	0.641853388536243
100001987	0.0624851006892671	0.277127794322009	0.808042140324428	0.523662462276477
100002462	0.605633660923488	0.321891779888441	0.345975612516888	0.536548414888606
466	0.582274320560757	0.0642125207758716	0.314826200634054	0.632755608367266
100000665	0.895055373260518	0.434027418990784	0.321750615412452	0.60329745827474
445	0.95203949338638	0.414298379646115	0.316309038760545	0.709226470047982
2029	0.131319670001615	0.445561360603023	0.307287553303082	0.660150998963527
100006438	0.145784942846167	0.395925243459699	0.325631483287961	0.669005500483459
100001398	0.15106685352597	0.547074356467965	0.263867228947988	0.68056776915875
235	0.370418539702894	0.282143915104202	0.232404403922207	0.709286915710889
100000997	0.7310832219306	0.762550001905331	0.28729525740053	0.641637887995417
100002094	0.293660560146577	0.269810158998851	0.242542606031865	0.540558734669643
1052	0.612188857657306	0.982771394721643	0.295171200170448	0.661555371099959
100020823	0.319730557677916	0.590912020862176	0.269339683843471	0.647350614617385
100001806	0.260098274729758	0.585038060981968	0.340540662005981	0.668492825146652
100006092	0.837640538638501	0.979091905544027	0.286783061818001	0.657570778524288
100001415	0.11173470809162	0.075963084857846	0.275325258690708	0.38387093685198
100000008	0.0418079484820441	0.0750947687485296	0.317806450324911	0.499161854044129
565	0.00791271821964818	0.0607748246973871	0.286613832659714	0.733062111037178
100015851	0.148375335266413	0.210287338188079	0.369656817642554	0.788244900206865
100001866	0.579896144196024	0.983108212441258	0.289735274928955	0.666284180023408
100020546	0.00258319778113998	0.0283934763212096	0.515334556676492	0.852140292227509
100016110	0.568913607763624	0.431904517349463	0.235216869461141	0.75248201702558
100001254	0.00308479351646413	0.01430191625638	0.374647379784331	0.866782516372039
100006260	0.357164422812059	0.67937463977556	0.292716658372814	0.652497262429205
826	0.684794411918443	0.89217818677143	0.285666999005346	0.654782742357235
100001872	0.41890712335368	0.718411805274176	0.28692106099116	0.658184122284954
100000263	0.359403913060599	0.417383465647338	0.346249699661741	0.652114429583764
100021198	0.814896576542389	0.0306648711991678	0.168334610517545	0.335078170314967
100015967	0.0342678469684989	0.0861669530033848	0.357743872034385	0.480357793113664
278	0.151441966875551	0.296929121513823	0.26738954144624	0.921761120598687
519	0.741071293782557	0.343154201282781	0.341348631588988	0.597123559383742
100009337	0.125315069868562	0.459528345226736	0.364845774723083	0.648314967333935
100002185	0.352249170632114	0.872604137511605	0.280300502634873	0.646018828535844
100001278	0.387951119057608	0.279668274422215	0.35119437766842	0.612666160703619
100002103	0.837299481791901	0.544498646447785	0.284205031034584	0.599288572037033
980	0.774476997721438	0.444121115554695	0.31718831437401	0.639101013948389
100000016	0.922606005455104	0.515368106928015	0.281557497097658	0.637640126138733
100020372	0.186931536567353	0.526067278098654	0.283897656776487	0.602882748471625
100001662	0.730030507593049	0.141702303162799	0.116083345918144	0.667457704280493
100019972	0.897430545676495	0.736437582114247	0.291836494772091	0.647860996318941
254	0.768549397801944	0.715526134730173	0.282557160657717	0.662140709171331
100002009	0.659811575437947	0.696639678124149	0.282380561889986	0.587511728669918
100010895	0.419234126333974	0.546687671272363	0.333510483706807	0.637770201150774
1140	0.93911972132605	0.881241001424818	0.283212622259565	0.646322849844178
100008951	0.606188673566993	0.493783012527422	0.30792671484224	0.616752694074497
1084	0.291848887475382	0.620754687973211	0.286622131200425	0.73845847548102
100002796	0.115040705701761	0.402679772283484	0.253462255082011	0.605549926102375
358	0.981245381154221	0.909950615348864	0.283046168588319	0.647918074104991
100002070	0.789840513322985	0.65875104694977	0.27655603633947	0.693951314943497
1628	0.396814195484972	0.153778625388155	0.341579133820189	0.645259036709162
823	0.709216820994061	0.538955071514793	0.250691987809077	0.715507276405884
100004414	0.449508701321803	0.0806500110292014	0.377881798444263	0.791768641652286
100006129	0.682662768943701	0.670328556565975	0.26765260295747	0.673917131827755
100002028	0.658735657922193	0.411700351195354	0.400512420042313	0.453791527355271
100021707	0.471334142280254	0.525850580406338	0.24899347169918	0.725103565843809
100000054	0.586339746714046	0.600160280946521	0.278558472876146	0.676989515136865
100010869	0.509960331632996	0.248291985336747	0.288004288791352	0.536195040682558
100004575	0.0280439748365712	0.112707709212805	0.363027027621513	0.977485027281554
100001212	0.986037253542439	0.674238173300747	0.288615602843522	0.600676367533002
818	0.223618498314381	0.58758598276368	0.322446354792362	0.615709942635657
100001092	0.00200896783303292	0.0426320516971953	0.286250010708082	0.648771287862061
100020371	0.975558334202606	0.743297541618919	0.293365913612927	0.65546712511235
100004112	0.180084484670992	0.522813121251246	0.305540288338998	0.664472139304425
1125	0.449578885143569	0.315089644123343	0.31870534619739	0.6954611890238
100020491	0.946677207130131	0.716250623521727	0.262791220542729	0.668457916020882
100003151	0.00260199221016027	0.0307626272623394	0.427464569627104	0.547736056263484
100000011	0.342477799911079	0.167545787888648	0.213111321392679	0.76176382516062
100003594	0.497367806759147	0.937313448641836	0.285945478183107	0.654539371553848
806	0.819898799090715	0.192897218939547	0.278786817424622	0.481213225161391
100001211	0.946020975584419	0.548714494349346	0.296636856589264	0.638030760857083
100002417	0.589036071271754	0.577217797334585	0.275579365836815	0.623057230419847
100009335	0.633967250500099	0.385084525136753	0.251437951558569	0.676141535048605
100000781	0.698593497257784	0.952468708605636	0.284343484637752	0.656687508423045
803	0.0331341946695345	0.0398825029031986	0.267586995827937	0.542910755300497
50	0.521866004066152	0.768018409953305	0.290281734133341	0.646323029013384
796	0.41288087416523	0.0432528922385526	0.32288589310183	0.64083333080738
100005834	0.971387295531774	0.700497998211169	0.326245836167319	0.654372811283017
100001580	0.952106960723479	0.521321758445886	0.309583722036493	0.658775002364279
480	0.71930467027556	0.666941865556058	0.259425076345905	0.665337271347242
100001540	0.222743001617341	0.677262023714021	0.383148448351667	0.750650841137191
339	0.544388746309613	0.0898685535915469	0.253446269861368	0.561187141363324
1110	0.988737570724144	0.968534157388341	0.285682862613107	0.679257005940651
100015836	0.172681714267295	0.205908959634242	0.415369942583582	0.818974627432032
100009271	0.530861966221817	0.508193431878423	0.321291927609103	0.637935702979959
100015638	0.98902456743848	0.399543663623859	0.299950279320657	0.637655174694531
100021667	0.895066699071751	0.418073919746501	0.333148686769937	0.63511358935911
100001279	0.611331812925723	0.391327492431249	0.309125907988636	0.774667900038347
100004208	0.0114170682867274	0.0652750817639182	0.4895826617	0.794650054601604
100003695	0.217022272525973	0.123526753586076	0.301129979265465	0.437221402887836
100000802	0.765425306577788	0.912843589640027	0.286745510918539	0.655183877097256
100002769	0.90205742473402	0.0843600618676093	0.19409780263919	0.780648843785261
100015835	0.114128979799952	0.402440981829605	0.404281803317266	0.818446668564839
229	0.861814771880585	0.376144607000083	0.323051366620676	0.651476727812597
100001266	0.00622720519172014	0.0362614321906581	0.372762162968432	0.941324917388247
1342	0.298511168719425	0.351408088844567	0.244643954346024	0.67621928032238
100002102	0.838963987210135	0.539610762397721	0.324607411470574	0.759247430614167
100020254	0.18942390162541	0.69538496124666	0.279873851727966	0.678155562269987
1231	0.465437293500466	0.228417917676724	0.343108551586256	0.610224585418777
100020492	0.95679557248775	0.947530348203381	0.284892482322935	0.657608881442783
100001402	0.394916114312903	0.554472310574152	0.313491706570962	0.663699767785974
415	0.00429226951572922	0.0565417844489137	0.337446834494115	0.722792407518319
100003109	0.90984587676336	0.767439584855716	0.290999849117062	0.623484211697544
275	0.547522923754323	0.817036738747333	0.278899593381079	0.643574114762863
1143	0.129601452888724	0.0431361135947419	0.260511505153718	0.766553832427905
279	0.407370696044657	0.359376399298197	0.285176836017293	0.532846472840548
100001198	0.95217907395114	0.957633972812049	0.287015582973442	0.66309628432343
1648	0.419709299932364	0.924833816823361	0.28625777917694	0.656315533642433
100001590	0.312317105198456	0.229655952157765	0.268933528317312	0.569675839538969
100001733	0.401603582481845	0.912198702193033	0.283362181328153	0.667160074020959
100008933	0.0135453784835399	0.00129732228437587	0.392722677358137	0.608129857283409
100001550	0.328630828648867	0.519746650516556	0.269842126660719	0.61023909889052
1215	0.0706586317302447	0.227511198229161	0.236481722204714	0.615487730393021
100002356	0.27941578332867	0.109261807706131	0.34171044212782	0.665831098889377
100002749	0.704936297978556	0.743680840644235	0.287734768269714	0.6667580163595
100006379	0.151289048155952	0.121670714141646	0.329739361276584	0.387110396989105
100015966	0.0774977422783724	0.147266860732583	0.313309220039797	0.482892329704504
100001392	0.673081065926162	0.927016040200249	0.287526696874224	0.656580621977598
100020425	0.133432595188683	0.0510579492453614	0.236593527141851	0.425298891286456
100004299	0.321083432886917	0.856442493330104	0.298904477392983	0.695138681024533
100001734	0.653247293074843	0.643541051522783	0.29398161954235	0.615593030841642
1002	0.817357226463186	0.846178457155763	0.285853630635631	0.657344519921089
100001337	0.305959448176093	0.793467938621499	0.27119448482362	0.659886943067777
100001452	0.799788217466376	0.729186011518091	0.282270495735414	0.626255048485775
314	0.517686773686717	0.36492720244716	0.29728012481472	0.676548198858636
100009264	0.997084874541735	0.560003412622986	0.231705302786595	0.774863262163714
100004634	0.448516483986792	0.504727275228617	0.256881913539998	0.674544593615445
100000711	0.706573722648156	0.701125513998921	0.31680414329475	0.681510772574752
100020536	0.0115931353226539	0.0509454052170034	0.380340260738761	0.776228925844455
100004318	0.348475295738551	0.73222257426894	0.290786017621133	0.655595513223968
100005850	0.802018226113263	0.837276468747358	0.312559383558664	0.641402599337213
100006619	0.18236654583596	0.0191625830667235	0.32706397770322	0.632019553015431
356	0.430135949789889	0.565436918118491	0.271864710991614	0.679248903115677
1221	0.579052076701762	0.592401948472562	0.365250025604307	0.694661528217572
100001397	0.752964606167825	0.627834896521831	0.280306035317502	0.645783463738015
100019981	0.645643462519171	0.94892653634943	0.28743999128538	0.667776247582815
100001208	0.469811870092976	0.360710959340002	0.258026910160062	0.889395459464144
503	0.00808428951782605	0.00448015281022644	0.156751696948825	0.480302064902436
100006375	0.129624352812559	0.576348647878399	0.314772225762717	0.634613856067269
100001295	0.707338086910793	0.553697673017339	0.276340580343623	0.762440030545908
100020427	0.0530816616874576	0.0244485843646455	0.274090682577738	0.361593888530447
100002784	0.464540455821477	0.292132093944791	0.23610444322997	0.735833919006273
917	0.0508933914956056	0.16727409226935	0.308472144101633	0.604948581306129
1869	0.437122256042831	0.298664673218804	0.301598160863338	0.563592975897675
240	0.216420940387368	0.069354881430124	0.169600455422951	0.441330283826287
798	0.00461018734349163	0.078364930315299	0.425552324648505	0.588314034672709
100002952	0.261439742857312	0.484762499953137	0.285949056142086	0.737991244429606
98	0.554603568199642	0.780176283948259	0.310379217551866	0.664833309835134
100008998	0.287018794957986	0.317268955950208	0.227249367761757	0.724723187738872
477	0.882030863236385	0.28467945602083	0.292732253527326	0.652808979007255
100020545	0.0861842775527794	0.136303129708826	0.326252148650058	0.825563767753657
100021666	0.987995815441909	0.208781649725305	0.331962251820844	0.648207678233823
1256	0.416077322633181	0.495606529070729	0.3724517252103	0.717827106171393
533	0.311896052629146	0.0531540973554801	0.189297060333624	0.394271204131675
100001757	0.449481513945874	0.928913421998375	0.291917928998514	0.654683615869691
1024	0.305066123559631	0.132428086241462	0.208143570795628	0.912721926019921
267	0.481956859008233	0.923166746432502	0.289592472411628	0.654600473397245
100002113	0.0906841109373661	0.0681783103272146	0.281417215719805	0.68306771679917
100001756	0.859429501031982	0.722758634494757	0.297200102688569	0.678107182145039
100001193	0.437896495353756	0.173614400167842	0.358503424666218	0.603491683927116
100001668	0.685150682254173	0.926994129141522	0.287630206081744	0.653566285378854
1124	0.304729881668645	0.259193955136089	0.24958002343787	0.759895719178591
100021331	0.167129989130135	0.285301773804625	0.263025916591699	0.70237594735915
1090	0.0681686110706828	0.0518247241355308	0.272172865828942	0.795528228224852
566	0.807673967213778	0.378795401004764	0.221713562989778	0.66244815101237
100003119	0.451206575651031	0.253470249247835	0.319374196399864	0.592384598129802
100006367	0.75527751589622	0.571347427371962	0.296572378974002	0.63855870560331
100004322	0.223174376059845	0.425858317919688	0.298665691859934	0.721672736862806
100001034	0.762829983997227	0.529136376925747	0.27386032867103	0.632974958327601
112	0.953273151146797	0.979941421336998	0.286086103071782	0.665722671694934
507	0.710667794656048	0.729610947309778	0.284558678458684	0.66602502688439
100009233	0.373550302266211	0.33024798993743	0.271271851384507	0.673639609468734
100000406	0.0213538202699888	0.192908702303181	0.424627994870362	0.49151766185326
100004046	0.351944866101551	0.387037766717264	0.179412089398285	0.592300781642536
1025	0.766330982315365	0.701872854324056	0.275488872121699	0.676632827381644
100001106	0.132204044765866	0.0768912378254896	0.220139036888308	0.697296762623495
1128	0.0270978253515729	0.572714849443235	0.313699468089442	0.707223824292911
561	0.0570370893734201	0.245856266413213	0.209690895550563	0.591629449817384
100001614	0.851812349668398	0.355023119563309	0.302062378977288	0.632589064488699
100000961	0.822825536200006	0.899294984881123	0.326166461176353	0.64621773267335
100002397	0.908758136338906	0.647641082420109	0.285937969619954	0.600716828485059
100009407	0.964572647777806	0.84853225276103	0.298652559342808	0.645325668627027
100002910	0.920975132825402	0.585492368371086	0.261509028494068	0.593187761498939
100005946	0.248454316689765	0.311894943579774	0.333405311787407	0.762380826337263
100019794	0.0956206710504541	0.29231591519028	0.285334596099655	0.815320998592635
100015759	0.395534315732855	0.22142385929316	0.256886800958891	0.664944210683024
100020417	0.729143961747816	0.6487456249663	0.274678336392372	0.635659534818639
100001054	0.696833971104552	0.995337132369622	0.287240544643932	0.658020834917305
100001437	0.336714433137903	0.381849299794547	0.243525129469674	0.595196400597891
504	0.253012920398113	0.715590551313204	0.331365523718917	0.667857667208029
100001988	0.461991669503963	0.665953620489002	0.28081962109783	0.807318088231216
1082	0.0229647822467751	0.508527307489656	0.327984886112699	0.69485090667683
100001403	0.316873229765413	0.308615540774794	0.314444716344921	0.639272989954307
100001664	0.934188693550498	0.587235401442681	0.274911645597868	0.814829773133296
461	0.296181234038535	0.293415891274843	0.433815568732424	0.636995424687812
100000463	0.714846073870948	0.815662518419241	0.277952242862984	0.655238452490329
100020208	0.583820778048229	0.558196385268835	0.32155770480923	0.557677337845365
381	0.593018707837265	0.0925771237742513	0.135783356551761	0.508267469718272
100010901	0.0736033351138834	0.051361031202984	0.284995618892039	0.780991237899488
100001468	0.326247507826158	0.439904918901616	0.315919326264692	0.540090774778535
100000840	0.941601159853126	0.994341864387328	0.303572236161625	0.659019511061628
100020014	0.245253298528208	0.618125788194509	0.280609090499893	0.672393046385174
100001993	0.762470979991823	0.600878175875875	0.237256273027154	0.812373623650683
100001051	0.0968046986891611	0.0170967212534425	0.323013935026717	0.337406190844081
100006116	0.405594565531407	0.585869985969447	0.290171450873245	0.659304475274084
1108	0.914115374264982	0.910182706328655	0.289747524679134	0.651016203175154
100019966	0.378119093094432	0.152357879761564	0.340699137962541	0.629704610491777
100001743	0.660182413187706	0.477650912928205	0.277351018912455	0.64517595441596
100001294	0.120143670797987	0.181801644528072	0.202920629667854	0.716290840403794
100001609	0.240079320146959	0.0865146855553148	0.272994716177287	0.751488982353889
418	0.783029116490548	0.935859607777978	0.288959199387905	0.653026949384368
100001178	0.367966988752014	0.885262625425734	0.28335414424858	0.644996856951966
189	0.992461636037546	0.620071352127828	0.256096348460003	0.619152664854317
563	0.477958196544945	0.915200630536843	0.294570308951954	0.652509193201118
424	0.611905103799656	0.474028603848635	0.317050625732805	0.642163256132048
100000776	0.141723687250577	0.377869178334005	0.322995481755065	0.66211888802537
1001	0.92053575929956	0.623857208247798	0.289201766993476	0.661721974195504
1135	0.320408545238459	0.0893420365121946	0.276414777336279	0.717683589541906
100021093	0.348768387903801	0.453336360036561	0.333317568845618	0.682379772327479
100020219	0.120255656666343	0.253306695699152	0.300832286278995	0.558011921021213
194	0.435350396686403	0.835527814975626	0.29249323983379	0.633015634715193
100008930	0.728095842448198	0.665601600080811	0.307957920251745	0.641874077786032
340	0.567490857103516	0.153703373380876	0.158534638751142	0.754700032980504
100010896	0.890334614100522	0.813703488607804	0.275688308997566	0.663940787729957
100000787	0.232318057343451	0.132766408739546	0.277751520531959	0.395491291989945
100000639	0.0277637543183743	0.191087288395197	0.257450206834576	0.663653452305096
100001851	0.978885827697054	0.285389917792108	0.305454595617252	0.455083546052957
179	0.581678501606298	0.588073055264052	0.280575973061844	0.673249498352156
100000626	0.367331105797948	0.608083273727805	0.302890483072516	0.659205087870738
100001605	0.00477981543521181	0.0435528765679243	0.40993520451881	0.762821451119305
330	0.247782510538909	0.40549568428399	0.316452180355864	0.525193021414398
100001162	0.76086464008706	0.524912388928473	0.24961455760618	0.620508205949318
100001167	0.0379933416238531	0.186283383483756	0.278957793455266	0.63918218108328
100002067	0.559991184297656	0.730507030810661	0.378600875459629	0.583098469095288
100019968	0.719343878556642	0.407909128758848	0.304962858637476	0.601898176876717
100002014	0.950278861079337	0.988584072937546	0.285235294208858	0.683091694331713
100004083	0.415600614884178	0.095265577701828	0.321396119261602	0.508756871852449
100001315	0.298519976209998	0.346045318249215	0.299717436499836	0.731059379942203
535	0.215735807019522	0.473834580343275	0.311912899367437	0.649875394370521
93	0.462299333130026	0.342712603206047	0.316458812704034	0.525880863587733
100001989	0.34071454208477	0.571215111218219	0.260882986327749	0.707099956563738
100001740	0.759309639110639	0.398910203214904	0.259960153903335	0.678037442114319
482	0.200198929763405	0.937237892392403	0.28625502859475	0.652983828891935
1629	0.285596662391003	0.498943777084809	0.332979513485319	0.639641477382701
100001399	0.459210384076795	0.343621317085348	0.300223498043911	0.659595744958398
376	0.822290198504618	0.173253550834738	0.180807738856623	0.762470784492197
342	0.616334058251715	0.503647504008261	0.284371253942129	0.654948386856279
100001253	0.0224438023514793	0.167107632528467	0.245109052967788	0.874082825307745
100000708	0.604278347331288	0.734267842345181	0.307627401861307	0.666930604203113
244	0.173674198042565	0.0355277859674496	0.234757313309825	0.781337907559037
100006726	0.417375586565123	0.28618389940493	0.334828135790517	0.64354055161455
100000036	0.172387040468339	0.635070795626674	0.264418847529564	0.697741796109793
100001257	0.0226364041818755	0.08275245249568	0.393481396752559	0.924454512225599
100000445	0.609621699546433	0.68145666063932	0.309204361058511	0.623780385534471
100004088	0.00452831425951567	0.136459875860412	0.329573342138495	0.730125123420378
100001423	0.982870577479353	0.681599343466043	0.28762439117076	0.623615458828022
100001276	0.383316723919052	0.292737941840263	0.258679888441224	0.579460768312574
100001876	0.767317667419007	0.987217785792832	0.285567528400754	0.658416663557658
100009082	0.613742963316912	0.0359226300633348	0.128829723880161	0.63720302431716
100001121	0.333049506992318	0.691564804941754	0.28030974118529	0.653766593634788
117	0.320510135304735	0.640286556232242	0.269185875774841	0.677743167258182
100001868	0.0241653478860035	0.0962381876744989	0.358184354859532	0.66277790563048
1134	0.688678201017018	0.243993010701963	0.175748452146331	0.628253793656811
100021012	0.254487759075531	0.484912431615917	0.294277433686399	0.681911348079184
100001181	0.758290304209334	0.254896996422473	0.357683332850667	0.588510597293478
100021467	0.917604380901006	0.490204066992989	0.280510270996891	0.599611286336548
100000447	0.243840742446801	0.269630053348064	0.327472652991784	0.625422655648543
1162	0.000448791032226755	0.0114509755580311	0.377707120957193	0.558736521982868
100019982	0.50446993968784	0.429805749259513	0.301212174951321	0.639658913605543
100001613	0.979145590695383	0.426237905468242	0.302531417533616	0.625671646640188
100006644	0.399923092194604	0.691580040712851	0.271770409507981	0.680094538598268
100000096	0.545150880127612	0.0141130434124352	0.176787014372334	0.622688991576289
926	0.508666469233042	0.683867920430109	0.292355315618252	0.661646033225602
100020004	0.845034697823183	0.696491224005567	0.300715199960683	0.656918957234706
363	0.218540358958063	0.0688431012381702	0.251619981548531	0.280169547957148
1111	0.359291688848601	0.951099135967927	0.286255715593928	0.717562172581786
100021712	0.678013003608886	0.7809920092206	0.284679416617378	0.643609631483063
460	0.855946209985909	0.729595863261454	0.295230196818183	0.691862783844241
100009331	0.393249226709165	0.357513265886052	0.26759797984337	0.681147347225934
100000442	0.217305714224001	0.624269854691201	0.31917639333242	0.678137268033519
100002945	0.0957024232051065	0.0180367595669763	0.373171981983594	0.615732338371059
192	0.964572140109261	0.856975566213168	0.279993000680402	0.699812213035557
100020241	0.371640727684071	0.901424352224356	0.28377456123188	0.656090724499297
100000580	0.137089114769404	0.136107260128836	0.235296577770986	0.897381804415595
100002466	0.0081684853987825	0.0254394665486977	0.240249549133305	0.419450698599237
849	0.695866047164664	0.64339207641226	0.292235379833613	0.615923354199084
501	0.548853865501393	0.460254906340199	0.312113043582279	0.622475979639953
100000282	0.718160395644239	0.152655848515597	0.356948233765178	0.56144051676765
100001577	0.0319529368957574	0.252176607068264	0.385263980859843	0.711718500493013
355	0.0858153380088142	0.253794448508274	0.231983261235218	0.551101584593557
100000841	0.717532568924291	0.96764327806796	0.302497110852418	0.65879614641865
100000846	0.816740820774871	0.33355385232729	0.275633866994035	0.650912992772583
100004295	0.852779090714835	0.298511625766704	0.256382088304306	0.596494089782285
100001586	0.101687896663282	0.0353770396659273	0.40046411182894	0.311440027144792
407	0.0100653536446338	0.0208041649225305	0.326248529130976	0.730981922737164
1137	0.823659831668076	0.699904531207653	0.273925460286866	0.700571375589608
100021374	0.0167317822142018	0.00189578272319341	0.215898005288898	0.831171392292591
100001593	0.632253965745035	0.84799915605365	0.280875341848755	0.665363650317343
100015971	0.775271624569081	0.77974453448513	0.280073762903133	0.65654652361526
100001022	0.295887918130403	0.165305325566902	0.180383722152475	0.935631381361381
1094	0.0647928787150113	0.282061505951704	0.428546861023207	0.866084755850143
100002122	0.185719582578232	0.121338053136073	0.227059993405543	0.788478420945257
100000706	0.608139385947356	0.568700946530607	0.24767177705755	0.658040196229673
100001055	0.775757241033262	0.396381745464921	0.257655647782526	0.598883442571651
1235	0.457803066375957	0.681265474769341	0.270607293571262	0.692685923581993
100020204	0.0954767551331382	0.542358376633819	0.307241312723531	0.699954053192994
100015643	0.0310736843749872	0.27629608084099	0.313947385184837	0.610406041727914
313	0.020317057156859	0.252553259575407	0.300726212426841	0.595933479589836
100001413	0.804796529515628	0.966299545621814	0.289560966805996	0.656489387537777
100020423	0.0193212433482993	0.0144773560058779	0.308494881476855	0.341737372355961
892	0.477021705895379	0.147651938063412	0.312213928609504	0.686788030335743
212	0.0745389507081475	0.169752041999117	0.359464280444312	0.641544829557648
100006105	0.189906460387457	0.174485691754445	0.326481253396313	0.671320013775922
437	0.783825443005612	0.588768065187094	0.266383786351791	0.674120282436734
100019892	0.45368283663342	0.779878694916238	0.284270982746565	0.681104295446799
100005716	0.0647026199735325	0.0747483191001752	0.308699672576988	0.747168594627997
537	0.280035964154861	0.208639095161239	0.291779641800545	0.683037125946274
100001990	0.288224203279662	0.591054264523336	0.326810917156612	0.608528271422041
100003397	0.0446640055963597	0.00729708908294786	0.218655031161578	0.435933386451192
100001320	0.123157110036903	0.227321031789189	0.353706718789708	0.428636926938057
100005717	0.127991955257584	0.0755043406491976	0.333415033069201	0.691092745826878
100001207	0.0306758908641356	0.187298289329122	0.32542148407881	0.66694151510558
100001999	0.526964542082761	0.83214245452843	0.277989372482093	0.747505113463238
100002488	0.226020549867202	0.016123010496507	0.339379024730766	0.600159694474809
62	0.198645472835577	0.675050011231168	0.277032679847705	0.664906293838205
100000467	0.642653236834953	0.572794182221463	0.278083993771113	0.638973107967019
297	0.00482661282577472	0.125423471332517	0.292151294942152	0.625574039789388
100000285	0.0265720440124697	0.406866043147724	0.290705114642209	0.749939122862618
100006056	0.0551920592283481	0.326355529155805	0.304660216752018	0.704995563974544
100002126	0.126741528888355	0.256594747433852	0.222534727964918	0.982341043675943
100002129	0.760333025568318	0.839577441412592	0.279007017226451	0.741402458458309
100020478	0.0330452863190664	0.207430876544752	0.255649768535085	0.688841166871283
100004089	0.0656490880784563	0.568939498679085	0.303619147904078	0.618321649093665
100001755	0.559986954587253	0.335272419400032	0.284161382582731	0.581180795661534
100000551	0.0318984722587967	0.952369444223073	0.288240143959159	0.664061100330074
100003260	0.482827615488881	0.297069019378388	0.322540973845202	0.735952657554456
100010955	0.825536031852281	0.384870948706704	0.228710006992444	0.551229489330564
100020851	0.187653597789375	0.389212263643078	0.315372755799418	0.682886207058297
100016069	0.64136411541132	0.795585444521988	0.289917152429851	0.646552164786002
100002027	0.488782820158069	0.553413266373272	0.224462436650361	0.766443876676938
1123	0.388847734251144	0.199611491761185	0.274743946522159	0.782189582886519
100001150	0.67379843534553	0.919015322879633	0.283923551205976	0.662594410750495
100001657	0.310615521528439	0.569034336402265	0.288076883793276	0.634567964206107
310	0.257607202380179	0.369865352234523	0.254111147468822	0.756306952445717
100001314	0.38028947583624	0.148879742085124	0.266054068922801	0.548411689157838
452	0.687909472134141	0.631492596893185	0.323692444110856	0.630245353938122
144	0.0645649460461779	0.0188732868382198	0.359498457746564	0.489990274127258
100001182	0.210873405054215	0.150823491822522	0.352177086249959	0.64158501217271
100015965	0.692492531245176	0.375381542957685	0.271691387760345	0.741952841882716
100006108	0.991554365689972	0.546970175074194	0.293449487445007	0.689547074311292
100001400	0.706845215172829	0.636034803019196	0.271685316275632	0.648589000060999
100004541	0.293301460936062	0.19988161227156	0.276979033237926	0.414216291202309
932	0.848379244426788	0.320665369865429	0.293377317545022	0.691538098154823
100001992	0.447247282600018	0.570515872367732	0.397111215426297	0.565518167661931
100009252	0.122385174842494	0.178689780157897	0.349759402740306	0.639451539602429
100021104	0.616866629450325	0.544350705976693	0.233320242875291	0.796325366565886
100015838	0.0116584610225489	0.0558606044215776	0.407082469262817	0.887554868994727
250	0.000852682661151852	0.0196507209925318	0.519488478271553	0.760424341874128
100002537	0.977316392736903	0.482159600672314	0.26374057380485	0.770359269051106
100001658	0.772126747609711	0.562404895609667	0.319474076953441	0.639794187482419
100020416	0.32567584495087	0.428604026264554	0.25586582505172	0.639166234365438
100006642	0.241285458186003	0.84343583944269	0.279601470532308	0.673642304930262
100001391	0.100575560056961	0.399106313668647	0.359703904384711	0.757221300300928
825	0.628253112172028	0.608873122916963	0.252161628348796	0.669684287741967
215	0.0169401286758879	0.0918492143377635	0.343057938453669	0.640768042494646
100001026	0.995581298224073	0.928608396971653	0.285703828324829	0.683229027697677
100020541	0.447139296161733	0.500819217087884	0.251635646360376	0.6950083081309
100001526	0.213652095864894	0.323041173972807	0.429874180247033	0.761333113024357
100005384	0.525356461557174	0.398118439121507	0.262636678754989	0.578597430467743
100020378	0.263523939650964	0.655870160628314	0.272852391034169	0.665645564764093
100006115	0.947451992290558	0.419581378342966	0.35766465436163	0.559966323477048
1442	0.201371105307982	0.0371359599144773	0.119258026644442	0.541875181139327
100001843	0.145888726848812	0.19103012400447	0.306976232024985	0.749156243718264
100015837	0.135023385213286	0.270007685081702	0.503929651850228	0.607454021042003
100010834	0.760921980694763	0.9442257342656	0.284701850084803	0.664674370281583
100001393	0.575815468865804	0.407925579533847	0.224159948864561	0.7019837777579
100000015	0.296897467962421	0.57013377698107	0.266063656477163	0.67941342404796
100003892	0.0382540784359586	0.0873355573160571	0.267863169836964	0.898466757955081
100000042	0.17159059083386	0.0218379469773706	0.312182021112951	0.565441125229619
100020550	0.568937127417939	0.188047779149543	0.312613853538604	0.548914773354345
182	0.30119617424525	0.282040146376179	0.289597845402219	0.678930634017251
100015723	0.136149548627629	0.433039400533932	0.290187299186153	0.641420280394075
100020343	0.392133916585811	0.469136953713866	0.256998039761157	0.661169808213909
512	0.33467225310636	0.569959328241745	0.317947304394945	0.626624857302209
100021100	0.780821712269434	0.716695753158293	0.274681882209081	0.662160100059443
100002528	0.336301755063813	0.0600706412692543	0.325731194641614	0.4345106914518
100001287	0.443359279749251	0.705411670961087	0.397777322048866	0.5945975238252
100001229	0.730907898868137	0.869838027701775	0.296838675314705	0.646488643525758
181	0.38621366673896	0.867243773408767	0.281779304751626	0.678084002687569
100015831	0.00166783156894433	0.0236786343041801	0.379620240758987	0.459399573566035
100020515	0.35784266515997	0.55802876041162	0.246640497285454	0.779337746349664
327	0.190137051549776	0.18264942898177	0.359923028109916	0.602066237396398
100009394	0.664448532594125	0.741372581685176	0.269475904118314	0.687612565533683
100001596	0.967754330150729	0.292670015910324	0.258386528574994	0.513217830220654
207	0.950884349345563	0.564581388450254	0.293093102054459	0.626892425396323
2054	0.490109392860064	0.76783732767409	0.275853132518671	0.674297745055912
100020259	0.652460651789565	0.554912977665946	0.313788064505122	0.642397019670136
100020414	0.00288514704443027	0.0603039359834527	0.220184026731811	0.634923559734936
100021131	0.879915520747118	0.225995386567336	0.275397712354333	0.611694537383342
100004499	0.874815750821709	0.614212376162025	0.27371645395733	0.617764166271043
880	0.212885965157654	0.998946764249213	0.29044328141054	0.657944491112647
100002049	0.490475315780723	0.281166922712199	0.319889511129027	0.606564163182999
100001739	0.536157708912122	0.237625664866369	0.365313366098772	0.617842643703764
100001126	0.409924773147142	0.133853251441161	0.185293817282392	0.536661752439282
1113	0.727159438403072	0.953946027422883	0.289939192766939	0.65584680951217
1083	0.990445238154687	0.281278066651762	0.312883807845427	0.564017317794253
100001730	0.080580365740495	0.185828135993031	0.32927241451543	0.538710768115165
100001412	0.54014995421579	0.95735671675374	0.285858623660964	0.665306689236225
100005996	0.752613153550725	0.532688123407913	0.275728671426522	0.625738821308897
100015962	0.00639595436377496	0.100343042899761	0.223540193481908	0.952607974611136
100020214	0.701957958499365	0.398958655240622	0.302244170493896	0.577934063550858
100002514	0.116499798994353	0.327012053820889	0.298678645171047	0.597292896988797
564	0.194025207696153	0.0461622265141384	0.244355845544668	0.536105407326879
572	0.0285852345145705	0.0293557663174988	0.406800405226768	0.535723716628243
231	0.945958521035857	0.78810426780738	0.273821808767316	0.667349181675793
100000453	0.868264018956307	0.667570839168143	0.271372932469593	0.700050721705525
100001007	0.102024271339108	0.179191350452607	0.344838032262307	0.522573822286962
923	0.594993390753687	0.281799150923288	0.27033308080785	0.715793166210987
100001247	0.448238258876783	0.533991811280491	0.268922516157437	0.64291408027812
100000774	0.586624825486547	0.966427724506534	0.292932595808741	0.664072910964123
800	0.486635530757421	0.600744964776309	0.290173580273241	0.695646845973842
100021678	0.283581628821699	0.417141415097858	0.240848191272902	0.65818288228755
100021711	0.435000884671069	0.84541297387488	0.300484998792135	0.666373273308196
100001274	0.863368482560478	0.49837687464753	0.273413442217024	0.53986443888781
100021220	0.132816703898188	0.147703740049039	0.352980077476321	0.986542393453812
100020253	0.435010989143709	0.899250959888098	0.287340546557709	0.651915457763484
100001170	0.755960762608239	0.159179515009579	0.264886410021195	0.557538162774484
100001466	0.252212001721861	0.861570171106873	0.294091797549407	0.653058205565029
100009406	0.726686598524767	0.667809809595414	0.274148408028409	0.675526802700462
1026	0.178379312916005	0.398650066976898	0.308032811196543	0.621263291521545
100020837	0.7751135597342	0.1752047439114	0.338882211871911	0.508561997410847
100001006	0.0690996900729699	0.0726631726573636	0.271051686284747	0.785337567467844
100003674	0.743952226996423	0.102132781950944	0.28293178575023	0.64708404540939
100004396	0.320432109397665	0.412908760730194	0.329502329192656	0.555225390678694
100015923	0.513864132019741	0.909941929460964	0.306303611019898	0.650980562968726
100000265	0.383263869988151	0.546480725210582	0.281791267845956	0.609421873817969
100001409	0.0907775990296299	0.129154959853	0.274479581343246	0.508256638977972
100003434	0.391798804643547	0.469762504821394	0.288633664033716	0.5756566268354
100001334	0.604779945330365	0.0619329480855648	0.359871915963435	0.533823321525201
100001102	0.719093569616335	0.72887974702708	0.29707714057538	0.636432457369207
1268	0.628431212808405	0.0663909154031962	0.176968845674246	0.615494642195018
100001300	0.236746700350597	0.0886755818224816	0.253756749470701	0.662334707459512
100021324	0.293744640636547	0.93889808104072	0.321478815024053	0.656300442154981
100001617	0.106653116869956	0.0940406178399742	0.278156952484589	0.699424357521639
1105	0.908425282277839	0.103236146070202	0.399640850902796	0.319728164755725
100021502	0.0602624089787106	0.254774764899456	0.2742934977047	0.687905326795079
2051	0.798293454723711	0.617811103937902	0.285289707527273	0.571790970317771
100001256	0.132346676626621	0.473738076691014	0.327233733112143	0.80117801534444
100005466	0.0604965755920646	0.0736965163197447	0.314252337020753	0.451992038686714
100002199	0.129331563043882	0.747663396774837	0.295082720940444	0.675672731126041
338	0.014311937350541	0.035283049840938	0.456366579284826	0.415879821240399
100004243	0.511331349090997	0.703297400556313	0.272188801671409	0.667000787157229
799	0.334718464979639	0.701702557116233	0.359522207605291	0.662105762015323
100008928	0.562842248299025	0.0900373108293538	0.290451286974276	0.646816639148299
815	0.096893032286182	0.321482349778578	0.288348501707196	0.72451353857621
100001456	0.00465076780543302	0.0790244725387382	0.28446963013609	0.581081385287666
1242	0.0802863799523887	0.0783971022980645	0.332587271708143	0.463353660864379
100001416	0.291434102206522	0.104019097730451	0.194816687637969	0.409564921814565
100001462	0.352682604439138	0.265819674682553	0.341282564953574	0.612218338243115
1087	0.176386406635215	0.0329183637380498	0.304502229285135	0.618014980609125
100020421	0.0748498931369695	0.117713210432595	0.324251213863569	0.436180248876439
100000010	0.00411345146848562	0.0443627751508394	0.295347609741913	0.717179421317911
821	0.564433272183394	0.391485260070737	0.30923923323963	0.518183545378766
100006627	0.242716710134075	0.117147561193597	0.411356481255395	0.55076348086274
100001277	0.359361401901791	0.157993393142771	0.338536660903208	0.616250610730368
100021141	0.0424663047412238	0.195906486346102	0.319677874452333	0.754599535417086
100021105	0.181889851421228	0.264745641399358	0.301566650880983	0.476130936306211
100001950	0.000306456910776429	0.00531341022948602	0.364961880714974	0.830696179384874
100020217	0.911780692478527	0.282142810700881	0.199142252244726	0.491282652563001
100006651	0.0281804449537818	0.176954445081998	0.318742679543731	0.437089943073671
881	0.94249624000044	0.369686859455946	0.266900185319689	0.672644106192704
100001509	0.637580005052735	0.0882513131552553	0.240594742980833	0.566107811357924
100021709	0.606037967128431	0.83672331060677	0.279549913321155	0.664108422063013
100001635	0.297472757610442	0.0333584020996905	0.315113948874022	0.605200500881632
100002613	0.461319689479069	0.132706408867739	0.269485882305454	0.739408172804468
100009329	0.506138392128975	0.804720550410838	0.273142398345745	0.754884091148637
100021123	0.853152774942055	0.495181018568008	0.296772453673105	0.547312806648161
100015760	0.304479294757672	0.298772717396346	0.250351788285167	0.68707560959916
100020205	0.399452302731655	0.409276612267313	0.328729303300064	0.486435026846375
100000765	0.356619513053782	0.926474714470038	0.289024958777028	0.665762614430257
100004111	0.328673672247185	0.155640152026869	0.315806674091998	0.629605621516355
100001615	0.211794836612752	0.706595229147664	0.286426181090405	0.654962085207741
100009227	0.18963818834483	0.0948049912861933	0.409005963065121	0.801252345946337
100006191	0.376684684739125	0.585418323504815	0.313710546620358	0.609858824436332
100004542	0.496301574051135	0.419742074005595	0.297478185225263	0.699758744842558
100003686	0.313781599773891	0.125317387577875	0.39880590124794	0.595498332263749
100009232	0.0228146126522567	0.216994438194324	0.291461954948705	0.565293123579949
100001501	0.0496605514907849	0.117275739552494	0.36924871162512	0.695396486162592
100002367	0.500575032629373	0.25569641581933	0.272351365677026	0.513776007956835
100001108	0.345776520744587	0.6856685309953	0.285021719753247	0.646701684507243
100004227	0.732702962706944	0.988153005584432	0.285581574350938	0.658525804376428
100001310	0.189698272296873	0.308030806566303	0.271482367681076	0.766339458732051
100001994	0.815211963076424	0.889806282963747	0.296272630352694	0.728509461845526
100015839	0.0128788011361583	0.0204441658970634	0.387295661506551	0.740839716481794
100003271	0.00489653556585492	0.0733475728816469	0.376037701090247	0.464922165033783
100020496	0.735159176231702	0.884794946571551	0.30384321917964	0.6486025865541
302	0.686131575963489	0.428906223471682	0.254016671792244	0.626912355316404
811	0.727990502774111	0.626522850221397	0.275137605568579	0.709054233239368
100001267	0.9212717683807	0.881323299942913	0.280324193470145	0.656523960570969
100001197	0.0268795612350346	0.378051093109752	0.319032131652969	0.668996263555227
432	0.198391482657911	0.415614001325792	0.308589023404711	0.635989390539186
444	0.0105863539155338	0.0648531601450434	0.327589280839588	0.783729172858424
100015968	0.329393944838266	0.341595116971779	0.282949614144378	0.581011345829292
828	0.911503098511411	0.896625314717858	0.281897743584636	0.662763919511546
100004054	0.274900076391739	0.965180064225221	0.286238779494426	0.659471646871331
100004635	0.0917203094244287	0.140188965137579	0.654310948944041	0.400312475207982
100000491	0.434847262576029	0.505777912849816	0.276341117827917	0.54979062691101
100000939	0.0448829966339677	0.0323104703667096	0.30365850344867	0.554679428502729
241	0.259667895829549	0.853635398820076	0.293840931534372	0.666122736680186
136	0.349592912104486	0.0576558999698654	0.249697199170672	0.845756311267074
100000792	0.579546031704501	0.993444497758966	0.293193780215701	0.697591036835058
100020973	0.538804363841738	0.596744956926655	0.307145540681958	0.631105160313906
100000936	0.743530656914424	0.87577574762349	0.284683289858161	0.660329819669951
100001313	0.00772409262437489	0.155680932787943	0.296876441559403	0.711350701113712
100001951	0.0382407244998859	0.0755591521622423	0.333397504493475	0.646097981486462
100006098	0.00949705715688404	0.0719380118250858	0.344353225121214	0.777661379072346
100000007	0.256666794563064	0.664070737657074	0.292206883856814	0.662712596557248
100006641	0.880873674676112	0.792050316876438	0.315026406554484	0.659820395286398
913	0.0104655944336981	0.0546918727756273	0.352566469957924	0.524953976970559
100001579	0.794736189035053	0.387454696100856	0.31665689800245	0.658350538584391
100002911	0.144932399457502	0.0107305545526236	0.376212290448896	0.61594373739939
100001293	0.256942177145674	0.372592389883474	0.251978388330918	0.795391838237207
100002241	0.208179488459277	0.497895187577299	0.297915163563874	0.626788462138535
100003179	0.395447369888852	0.0682184945409418	0.27185629414246	0.508841788502847
100021372	0.339358102052643	0.241667083956198	0.215009038031128	0.663551305435325
100001956	0.434928670158488	0.847541723549796	0.285426625023839	0.636947959961985
100021162	0.177251127390224	0.117650380154967	0.272923139147263	0.466563758377616
100002259	0.363570628491508	0.630030185791499	0.264260788804282	0.652238685540117
252	0.422630636430174	0.56190905171333	0.331189705020165	0.599471866195767
100000707	0.397497652519475	0.232536210455028	0.27960723138197	0.666315206658376
1489	0.660551544634034	0.0170839486426771	0.214768842268051	0.63377257934246
100020361	0.0305771864077188	0.135537375730202	0.323051428279308	0.913362731304611
55	0.779974994366815	0.843694163291747	0.308536278025944	0.645316311161114
100000863	0.255677897456913	0.259813807548937	0.249955018606936	0.694251981808561
100015840	0.170164624650288	0.141724893513889	0.386794431657228	0.620943132053728
100001541	0.160938997483229	0.0847473808685979	0.196507489717597	0.649922155918541
100006082	0.138602752926863	0.0409038169309942	0.385355873592786	0.648419525914901
1254	0.691602449037544	0.851924146991205	0.281199015556143	0.686410043326045
100001624	0.496385262669848	0.338828025926328	0.268179520154219	0.634199340251598
100015850	0.898897971267011	0.660088503222816	0.345687776379678	0.629108095265842
100001104	0.00340161201997239	0.0151570737042735	0.319307686983853	0.933757716210859
100000900	0.170974989593797	0.645644253642115	0.290491842070157	0.662108784518111
100000269	0.261914719754936	0.128109109511535	0.188135757832602	0.620801294736474
1022	0.211684076053744	0.990086447224605	0.285690991773092	0.659403536415062
100005373	0.223079005729165	0.0938894576653539	0.258205789302414	0.68928764539765
100001129	0.122874320517512	0.701477900205453	0.276456307742775	0.688427575102237
935	0.0116812865975295	0.121321675739284	0.362881634353679	0.525119459174928
100001262	0.184285502704404	0.275872691279434	0.296927504987481	0.681440144519473
100019978	0.319978331913503	0.576728604322633	0.280236082276201	0.642350280790461
100002293	0.74155527352189	0.767093994748778	0.288556454037465	0.659918776345439
100001426	0.20056343370994	0.258842522050726	0.283917530600504	0.498614463456276
234	0.032937769072098	0.146834240887375	0.284070726352997	0.634047663206841
100005403	0.262791118372476	0.864116945395985	0.309243559527969	0.642988163982643
100001083	0.0248437524133015	0.192236067712728	0.330891366744006	0.684727204030345
439	0.726788661125218	0.333815156769381	0.306172178349264	0.65358516608724
100001086	0.243624125589786	0.438073873252346	0.312840114157603	0.737061292538097
100005864	0.708485757219899	0.395250561668325	0.260065603157321	0.732437467950209
491	0.521353666674597	0.932188757381353	0.284435420557466	0.659479424237824
100002029	0.471895545831345	0.443471450369408	0.274986257130332	0.53337834819948
100002154	0.803200814302191	0.450580158123297	0.252077781442932	0.63515822865297
891	0.50810773687157	0.208994401401742	0.320405684376856	0.627530402589798
100020261	0.371282760687463	0.422403654000983	0.345684340972212	0.630638284751865
100001296	0.661517725108426	0.850400191790239	0.285628152253858	0.635083635605321
2050	0.480387803494222	0.509320667272992	0.309531989331535	0.601516383659098
100002761	0.348118851904968	0.745927305562995	0.263213693978658	0.767305903251635
100006614	0.857435775954518	0.650821224043783	0.263426274618518	0.724100899261348
100001597	0.880279085156031	0.134605345103973	0.184074304562256	0.47084113957617
100020853	0.687667761109922	0.807325032541665	0.294026124207909	0.671562369891657
100001446	0.295418800422272	0.455983648090809	0.252710443115896	0.654298512987124
100003240	0.280153159461808	0.0995705029307893	0.331283417676957	0.571224712245161
100001502	0.0278336295687286	0.223809735320319	0.337136490862436	0.747915258605964
100020866	0.0913511918821317	0.00685608709330898	0.14923568802617	0.4614223676054
100020419	0.0308685477487351	0.0882306799795912	0.311337910629043	0.409084402155136
35	0.542913485155351	0.317327972665664	0.260493222907985	0.609764872991572
100003696	0.0130899810917615	0.0487940982533166	0.413749790894865	0.597812322959608
100016038	0.785058371827335	0.939846394434314	0.283828663316183	0.653265054184176
100009333	0.233422114957759	0.241400470000642	0.286637648213374	0.683217252468507
100001611	0.144467917405726	0.254012354471933	0.381081148528216	0.631759254909764
100005383	0.677776145552318	0.324680352425081	0.295302026778003	0.697883881864675
100009239	0.347185881883181	0.164367654367847	0.34489389077184	0.497221398912698
100009332	0.367612189327766	0.317760556630109	0.286612354218401	0.628774489874629
100001731	0.0829559036979272	0.307562247224825	0.290037321368282	0.59979141959799
100003415	0.345371140943929	0.457108464617615	0.281060719287058	0.67349661851945
100020578	0.142512563108952	0.21797441954644	0.270474340924321	0.561282958703139
893	0.889179731378455	0.441557134711732	0.284019263393045	0.672141708821862
100000963	0.304991913050609	0.183022101870746	0.374568086610079	0.457244494380579
273	0.128269203890097	0.257879799099855	0.338774036051854	0.654358500932579
197	0.441090421518576	0.326869282656265	0.271872017019943	0.516166393876501
100000808	0.310337611022522	0.239984479463096	0.267293867216865	0.810467686277769
100002284	0.745846279189115	0.379792448190585	0.191353239526246	0.602614297736306
888	0.942914437604144	0.0848172382114178	0.314596192911681	0.639597143835509
100006435	0.528146787717004	0.369272348581191	0.228468478548978	0.937717155025628
100006374	0.172569810774867	0.533794502946112	0.298005511488602	0.64765661303748
100003169	0.556414636688367	0.975858539861229	0.284461629625262	0.657155676168998
1004	0.600229875509313	0.819891770309038	0.275111148171715	0.642817370124579
100005998	0.10461817597441	0.980383032125688	0.291704864067204	0.657560814605212
100000773	0.695879641136468	0.607368561065718	0.289717451836104	0.645001310215175
100010850	0.00849515260681171	0.0414104628537926	0.346028302845598	0.495236203549988
397	0.834588911740778	0.416115760471645	0.222406138794256	0.715539871185008
100000039	0.0744547350119631	0.241549750401194	0.23465208325517	0.711205323193939
100020833	0.760054782714959	0.689317050076845	0.296298541002638	0.711323650299344
1021	0.405731359756361	0.352589832436131	0.269349270874623	0.694602745765645
100020479	0.297129272324649	0.34700909565889	0.288665091389956	0.677442422703027
100001335	0.515428091489052	0.319424311743657	0.325162129997713	0.627740727335443
100000743	0.593880130689473	0.91061808406901	0.285071713805952	0.69090078804863
100009246	0.17593365761356	0.673200388264006	0.276541703372351	0.686905821362587
878	0.191644965370352	0.72214685667265	0.273252911283228	0.673475983284754
100021103	0.718994915090231	0.881162760425288	0.297838410246406	0.726885304898347
100021363	0.238308967635307	0.585974680732629	0.267316821716	0.697263604233402
266	0.0897110454722499	0.0971300021832971	0.292726380682351	0.556954827295634
100001195	0.30790343703577	0.203598200481803	0.368754097306543	0.584210352421692
100019801	0.778364938880388	0.700199061322865	0.298445500503509	0.645502942555419
100002196	0.0373163386936279	0.257042902978983	0.298343352557624	0.668687825165518
100006370	0.233988488079782	0.955341757145652	0.283780203609043	0.661014819494512
100001510	0.0227909646625046	0.00859012845574538	0.262097901824997	0.770868004349818
100000437	0.507462024127022	0.341660445967074	0.266764528508159	0.744895947567175
100001767	0.139983015446362	0.0286624953445863	0.35240040232143	0.724233971406744
100001810	0.363712287344511	0.382279277054705	0.30487091755539	0.858501444955964
209	0.0310581840758074	0.329052375557604	0.331623308433435	0.643302806698174
100001485	0.242969791428595	0.0724195060599472	0.162822947960875	0.586944878141112
100002500	0.120051246245486	0.453665920396373	0.290456125454567	0.631105073459404
171	0.036374366252744	0.0391006085692923	0.218983005684611	0.66268139005043
100020487	0.986608060933357	0.78424552021893	0.310061773419393	0.611085819264106
1206	0.0069887554935642	0.121331067058206	0.289622061836429	0.709372231149962
344	0.0129541853654306	0.0317859496985429	0.565453135059633	0.751332241118913
100001405	0.485773712901801	0.924676667744699	0.290236051697966	0.652306108100186
1239	0.965071396814193	0.444299410486392	0.321640854263506	0.662071765802689
391	0.0558479966930383	0.18407038796933	0.27312055756453	0.866436160757959
100006430	0.482890646205847	0.182456833507342	0.343307668169709	0.403784775216236
100001417	0.978636301021888	0.575156278278234	0.274929085727667	0.750462382977024
100002951	0.0509307405429188	0.429042671564166	0.280146523179621	0.574116338034296
100000014	0.403359448344254	0.534848460916641	0.278256896167949	0.702531401853991
100003926	0.551094170738163	0.445096415598254	0.311818453289809	0.638729807930685
100021538	0.494782399558343	0.349073339289561	0.337314277096174	0.570645813668961
132	0.321956449714156	0.980659291836008	0.286080592206072	0.657917171763375
100001425	0.582350334444819	0.48333269482354	0.357180166197508	0.588812584483482
100020262	0.606837061776611	0.639432935455559	0.308134098624433	0.645008873744799
100002679	0.343911927364938	0.719891715995194	0.273227367807347	0.721017440680497
100001270	0.739159656985919	0.528939982009157	0.2938959168596	0.633856966272308
1102	0.79937410745982	0.980929722088188	0.285137356625477	0.663350808416332
331	0.306399666352795	0.291029460301122	0.242695082507819	0.572715886226066
100006361	0.480939686233913	0.557918995622959	0.261000442293743	0.741956330539145
180	0.796452158081349	0.929515574554549	0.295193581395905	0.656588448259347
1053	0.282381304901057	0.369464680142829	0.452768234796818	0.735830239696339
100001359	0.694922172079275	0.958908424702246	0.293119600126108	0.657935402972752
