chemID	simpleLRM_Fstatistics	multiLRM(chem_sig)	multiLRM(sex_sig)	multiLRM(age_sig)
100021136	0.0227776362136052	0.218320923751226	0.297802659652153	0.78404877143435
100000882	0.803421671196326	0.676865762312721	0.279021082553093	0.658827653176093
409	0.0867399564358598	0.176449010276112	0.315351642410755	0.438998533430889
100002254	0.686590053353728	0.0426485860964339	0.180090156789329	0.665496156130475
361	0.00828309351139705	0.106456109713689	0.193061876700996	0.656473095383498
100019975	0.535997556274896	0.720105902396225	0.268843719461042	0.700809135599688
100000257	0.000732677838855819	0.0210271707963367	0.275428653168768	0.615222790160144
100001232	0.94093376563552	0.982955046666204	0.273183915913083	0.684171345544196
100001948	0.386237166795119	0.402010111501859	0.290546018016608	0.552212545451819
100001073	0.582509318717799	0.655586682165416	0.33597153580216	0.606309111644511
100015637	0.94602225539466	0.44111734313209	0.285831144940968	0.679435910470757
100006360	0.641223852720266	0.731802265947934	0.255191417216561	0.741614072358923
1488	0.575586951425679	0.636024456253945	0.272390109028757	0.661125833233073
100002253	0.819277020846337	0.947803003620877	0.26669874163503	0.693072562444165
1023	0.966929574105011	0.722016986632134	0.263860551794289	0.668942833518056
100004284	0.686054231783891	0.812063118945804	0.262349260276697	0.692095586765114
100001251	0.640771972076753	0.894678767173982	0.264606007504649	0.680843480849047
362	0.739914741793153	0.466537202012111	0.239508012350063	0.679080407753153
100006620	0.757384274004497	0.953901094420619	0.266958368382069	0.686558122425165
111	0.361886656663836	0.162441601891949	0.224747389233711	0.656181070022799
100009045	0.618379019063865	0.25815384799918	0.216442360258122	0.849730163385507
100002927	0.787423303400937	0.975671162854186	0.266872146576772	0.689862101034472
100015641	0.770738982342828	0.880525336572527	0.261597715200785	0.694825001511901
1114	0.113561107716977	0.955365048041467	0.265480076773128	0.687306536605974
100020409	0.363443718014286	0.382817540204628	0.268500248918655	0.559453437965121
158	0.119560938684741	0.243338434534207	0.33771041155318	0.716329284926334
1224	0.0552183059025689	0.203632040104575	0.212041054093292	0.720632073305085
100001620	0.507956673442232	0.4244124778159	0.236996528258882	0.68489853705416
100020893	0.293022558300426	0.0619240294459802	0.253232016822763	0.404800450470713
100002458	0.746539617311736	0.567292913516517	0.307678315446377	0.629960071353392
100001112	0.766322536164145	0.966583700745578	0.266905654415185	0.690083559063463
100002953	0.392795127546641	0.799172157939161	0.263330396226901	0.69750619784275
1141	0.419724946442462	0.0588218204320761	0.355212915450999	0.505308891371921
100015834	0.51854893518392	0.839459530529005	0.261718272367388	0.673974593894527
100004561	0.600751636943161	0.876600294023898	0.269801023341131	0.681088870607262
100020497	0.863075837089716	0.636615126553341	0.244475405406734	0.724237123263574
498	0.0492800686645967	0.309648867189145	0.271469622558976	0.760836035278207
100006051	0.882906240809994	0.885043438269341	0.269793247182018	0.681770450950653
1668	0.67776484140774	0.487622451997565	0.261673666004518	0.618999091939968
100004523	0.418553602912774	0.852667488795232	0.276028312355307	0.667230849867177
100001604	0.250089189256582	0.543391739973508	0.264053588480461	0.727801414222448
100001002	0.168155067500681	0.502631306797091	0.280927632790592	0.670786473042489
100001987	0.0559455025864975	0.263585212227391	0.795305369946353	0.543531158812161
100002462	0.327544838400053	0.158121569744318	0.318173002555969	0.478632319830521
466	0.590220845349969	0.070726235396972	0.294970954167151	0.660864821665178
100000665	0.889696107360067	0.453221560183514	0.299382273837179	0.630949554857247
445	0.955027775971386	0.438606000975817	0.296266249370489	0.734351379349978
2029	0.147270789615745	0.510749664759284	0.281836918153384	0.68764658678403
100006438	0.119586441636407	0.237147995526599	0.312177612517869	0.699478893785018
100001398	0.161853241553129	0.579111385578118	0.248157853740417	0.705940042902247
235	0.435416130216423	0.45748159848034	0.237408408619271	0.719286326928052
100000997	0.732291172615403	0.723432574374451	0.270400779036893	0.663870174912065
100002094	0.246935183381502	0.201057960917056	0.220241888153097	0.54492810601967
1052	0.632845911252733	0.932939225303215	0.268840583634768	0.703718954362734
100020823	0.346072664520011	0.611650499587968	0.25320647676471	0.673413468206379
100001806	0.271537998122226	0.613879476690211	0.314003879859381	0.695280675165441
100006092	0.806887602969254	0.889243363184299	0.271080705284807	0.67551219806434
100001415	0.11103354766865	0.0762696737894909	0.281220409746078	0.397639303074206
100000008	0.0443927264979936	0.078649700151241	0.302463923974437	0.520459832189855
565	0.00784622923518871	0.0507563720193069	0.272019479304692	0.760268777263708
100015851	0.139097801857963	0.156151506083371	0.356056023091558	0.838494193322983
100001866	0.431613343843875	0.745509605557154	0.289971058116405	0.6454472669352
100020546	0.00239115891055571	0.0275307427798903	0.487395471054565	0.884034228936621
100016110	0.529829299557175	0.39576934989661	0.213028779966289	0.79066339775704
100001254	0.00340312136015835	0.0145281038800257	0.355211909524592	0.892441389353428
100006260	0.416062772478107	0.846407550036883	0.271777163728087	0.681739972830881
826	0.501977657269242	0.926851128354987	0.266928891746151	0.688576160212748
100001872	0.461714578706616	0.82131987138356	0.268411976266971	0.684649723474831
100000263	0.324658241243063	0.361852923376553	0.331692725030834	0.678622589877473
100021198	0.836917896366266	0.0622666949024164	0.184211291629247	0.394597600643604
100015967	0.0362556560085296	0.0936878702175394	0.333403578058017	0.507040975444676
278	0.139556600639153	0.243364339520246	0.251880865345704	0.983213703894264
519	0.755059647442735	0.343466836368264	0.322713154881177	0.620948793149688
100009337	0.104728654013053	0.305138342824091	0.369038772556474	0.670224590169709
100002185	0.331527774548796	0.91717440243892	0.2651427986376	0.677043315705565
100001278	0.402085703499546	0.284657214245304	0.332010226010308	0.637032096978298
100002103	0.828825288094964	0.619717684385407	0.268398465465728	0.635327835205115
980	0.799164169069487	0.460112563588166	0.297624417702584	0.665140767001946
100000016	0.879936964291753	0.451381122413473	0.265495843005242	0.658876016607554
100020372	0.183850925863003	0.492602424317554	0.264614242492003	0.622823416618685
100001662	0.703696536457879	0.119726264150539	0.0963136503334869	0.700149711295646
100019972	0.930747779196297	0.679926006811204	0.275076211830357	0.6715734864723
254	0.747709772011265	0.711903226303092	0.263989265477015	0.689100126068741
100002009	0.6490568617914	0.689213115590441	0.263912303383628	0.608528430511399
100010895	0.411916036248739	0.521099193825465	0.311505548412888	0.663539997874082
1140	0.918596695643924	0.977772237828037	0.265940410591732	0.684243647028892
100008951	0.60902652491574	0.518952660094945	0.28536232802937	0.645690155761262
1084	0.39847783911559	0.931909004936402	0.26772634127805	0.703580767945479
100002796	0.109612997551884	0.380798000724732	0.235787995632102	0.62803140655719
358	0.916998560634626	0.971830863016612	0.266694226657371	0.685560959461298
100002070	0.770969334029369	0.659423267936965	0.25646307377702	0.722933085888202
1628	0.357333749507755	0.131649375439502	0.321636504873838	0.671910093212892
823	0.705697619239666	0.532019146443225	0.234321852681928	0.743509949991692
100004414	0.458327717963944	0.0901212962525959	0.349817755028303	0.820858250560628
100006129	0.675582992285278	0.658450975182206	0.249237322524478	0.701618583403867
100002028	0.641345886369077	0.435138951193213	0.369253646255704	0.484119305472658
100021707	0.510871025364572	0.633749471191915	0.242030371227028	0.735925388159597
100000054	0.518811166694494	0.468126840641182	0.259409719156599	0.709814230580183
100010869	0.490960416300413	0.248138774872762	0.277458722878672	0.558098470717501
100004575	0.0294376025213064	0.112984136595692	0.338811922440835	0.993488151862667
100001212	0.983601899028623	0.673789531521708	0.271064038515117	0.624842491102396
818	0.220181685637418	0.560894133421031	0.312129344104259	0.63536199835234
100001092	0.00154714566034243	0.0194609524151	0.269241109237527	0.668451721262773
100020371	0.986151551260949	0.867284610994975	0.270679637462814	0.683600570014998
100004112	0.183987522262351	0.487721890895655	0.284559294757448	0.692687366881918
1125	0.443263422989685	0.340840225061288	0.294340338015761	0.723585679516618
100020491	0.974879936367014	0.628432180386792	0.237918329627916	0.696131586533057
100003151	0.00213064550553004	0.0190782034811944	0.418814436614694	0.560378693891194
100000011	0.318863349925486	0.151348548980605	0.194801993732079	0.794291091602273
100003594	0.483824236880268	0.986186106917962	0.270642851176418	0.684438378943675
806	0.785662014743217	0.167553334197391	0.268606501264649	0.490295730985164
100001211	0.960684967703442	0.564608935701193	0.278182306721607	0.664636565769444
100002417	0.577412216797425	0.637065652874661	0.257732436680146	0.653282498163449
100009335	0.574266708896506	0.224279509172639	0.22278184997747	0.704393601927152
100000781	0.687198460317189	0.894966741303016	0.265240506428647	0.68119667204207
803	0.0316845721271995	0.0357350014023179	0.262211342944228	0.558437436327797
50	0.492717231504852	0.678928120124284	0.274446749183297	0.667091112723086
796	0.446794430393018	0.0539604472777703	0.299614319394817	0.668499519317575
100005834	0.980552090364091	0.66311711773411	0.31251916151825	0.679531150421368
100001580	0.971375906494617	0.542765121476479	0.28977325069273	0.684816270734961
480	0.747944910239039	0.62587236363378	0.241327723489476	0.69098234943677
100001540	0.225190854773679	0.713206387455619	0.345750041900169	0.769781854504546
339	0.529706096547476	0.0950808768883132	0.237850993274098	0.589525112033211
1110	0.974229280177502	0.974092137133507	0.269562892234498	0.690292356236407
100015836	0.164956244878048	0.177580748130687	0.435956580484604	0.862921581059842
100009271	0.549674641908196	0.531784565559724	0.300927529019932	0.664797372071445
100015638	0.983051604182601	0.430286725365258	0.279180940953423	0.665905581262701
100021667	0.934025026398977	0.485801286570836	0.30646999047855	0.665178839438919
100001279	0.610911971819267	0.382643937074888	0.290663607659894	0.805090331955973
100004208	0.0192789739905514	0.118217687882027	0.410061185673611	0.804853017942661
100003695	0.227512207569557	0.155526428672718	0.292011730329039	0.473653047545282
100000802	0.757151118954476	0.944015766081268	0.268073354031456	0.682583662547763
100002769	0.851547877645042	0.0899825647406803	0.189722117444901	0.806128022949233
100015835	0.113443275330102	0.327656844354563	0.409875407061791	0.870662199852077
229	0.882790036492759	0.394480187881854	0.302631314371337	0.677874932179646
100001266	0.00618094343660065	0.0255526606828227	0.335844308314393	0.989260823353934
1342	0.295765170192923	0.345031101394675	0.227463959049437	0.703637436626516
100002102	0.911623550655822	0.655502243919929	0.299342940002543	0.761572022434668
100020254	0.15989667742733	0.567050394920914	0.257996017190174	0.714252891812938
1231	0.484008024430296	0.241728428315026	0.323642502622556	0.635746927023143
100020492	0.705795784109951	0.472088698977813	0.218668922135271	0.692167418034262
100001402	0.365675997644186	0.554413813518692	0.29463085103509	0.690928446184159
415	0.005323015961905	0.0784038944259118	0.314551530550399	0.746950974137021
100003109	0.978371612439091	0.932961665125592	0.268023585985963	0.67810882268742
275	0.509455299979389	0.884259766382137	0.271884770117896	0.675415316731967
1143	0.155214743027242	0.0719710737516199	0.23804140310208	0.78809748372323
279	0.412506926973925	0.353005421877177	0.271274438510047	0.551724650165442
100001198	0.98099179773169	0.95496006340454	0.268668990085117	0.690040166545519
1648	0.402015750271566	0.974665804491675	0.267417813631849	0.68512004177623
100001590	0.260586866032485	0.193101725086532	0.245545541404161	0.588288434327199
100001733	0.367676496197715	0.8367726607308	0.262816845340475	0.700881200143123
100008933	0.0160144079287166	0.00231444635981198	0.375843262180219	0.63716577780894
100001550	0.339418927681075	0.499595321915007	0.252832984782212	0.632421111883611
1215	0.0722106364875434	0.230666665713964	0.229398833972521	0.636838795841627
100002356	0.282781206456839	0.114942812035552	0.327291917088216	0.690877739867868
100002749	0.72355216469007	0.812669758179614	0.269672041284922	0.690437632413262
100006379	0.170015058137761	0.17192561453928	0.321762440895875	0.432216098848275
100015966	0.0808456649721681	0.157056541167727	0.291648401059179	0.509728479310182
100001392	0.652090650272762	0.998257971968082	0.26718831414902	0.684532934692594
100020425	0.130789029397142	0.0484501539126874	0.226212734815627	0.439856150898475
100004299	0.303207177478894	0.789784215772598	0.28420053167966	0.736006023279077
100001734	0.613410708184264	0.555149479605966	0.283962261189091	0.625895552515834
1002	0.83293095468909	0.842342142403285	0.267947827700568	0.683493066012683
100001337	0.288176313714932	0.769982480228177	0.251298927474149	0.686882980300919
100001452	0.803387650529685	0.77441410392158	0.26523393181904	0.657795684608489
314	0.529129068587717	0.381165669368164	0.278195033774074	0.702924551041246
100009264	0.971387126254779	0.554737228195546	0.216006969011286	0.80349007707029
100004634	0.447648778865531	0.50462009702478	0.239598209440525	0.701726684790724
100000711	0.715580149776559	0.687943643138484	0.296988148174235	0.710039020306376
100020536	0.021057124418405	0.0932752582303341	0.334328670756827	0.790052270771849
100004318	0.286069651001042	0.536126557081918	0.271897687783838	0.680764838419342
100005850	0.870795725163537	0.462865301208334	0.341032150447248	0.629884759745474
100006619	0.308895358137562	0.134609629713057	0.304126866770936	0.671986142533088
356	0.428374781398725	0.610335071718003	0.252995746748624	0.70515002047267
1221	0.514655826833643	0.517657441511317	0.352674974673872	0.733155239700177
100001397	0.782184829620585	0.791500973054287	0.266602115083857	0.677515734663983
100019981	0.616174353798824	0.889607943760655	0.270528219144215	0.7022121425408
100001208	0.418238156813663	0.240619229602918	0.229211500482447	0.978482114408125
503	0.0113570065967247	0.0104843822961866	0.162001518857055	0.522518527240268
100006375	0.137527549296094	0.592101083161795	0.292098311512454	0.662203470950786
100001295	0.698787087147346	0.608632365839533	0.257735386424424	0.779083908034824
100020427	0.0539471012793167	0.0253973519233909	0.262000316594242	0.37892896961032
100002784	0.484795772557152	0.331522775473344	0.223334903531285	0.760610285616534
917	0.0564958330483292	0.19369817582678	0.298609026804389	0.63181903774666
1869	0.38755136555085	0.213701359635876	0.290361515210672	0.567653778315693
240	0.263102165805263	0.120909077264487	0.176357138301264	0.487620939369535
798	0.00563641878468357	0.0990674442475303	0.398140887678922	0.615778752210272
100002952	0.272612510383661	0.464983263859344	0.266138517203016	0.77199960488692
98	0.607441640712552	0.817697806421128	0.282535698967303	0.691397892050306
100008998	0.320924751768372	0.349128742505021	0.215359318589576	0.747816881327341
477	0.871235896207483	0.288206457778316	0.275262854002841	0.679755039444484
100020545	0.0835457721066889	0.136597198340401	0.308146116183784	0.854314493233802
100021666	0.970125134673637	0.237716205189569	0.309090488137129	0.675539264811682
1256	0.548523462250644	0.732326311588672	0.310166931662694	0.715851235832165
533	0.332839827426656	0.0763136029070112	0.191174518433415	0.433293007889853
100001757	0.451067832249546	0.946332114690532	0.269186292246872	0.68979481437473
1024	0.315100703952321	0.0791069162496927	0.182301870087484	0.834128530369523
267	0.46365941292844	0.969864411644036	0.269159612585289	0.683351911276432
100002113	0.105880724454908	0.0903622517186148	0.258504022593683	0.710501188073456
100001756	0.841580421938707	0.72397218783788	0.277986829273118	0.705355718920655
100001193	0.46739338128492	0.199894690923247	0.334805128357061	0.631222373421585
100001668	0.65855914783792	0.961566645714325	0.267776754853425	0.688736169250857
1124	0.282905578919249	0.277324961364975	0.226787971258898	0.791248893686272
100021331	0.179692073291394	0.335099793639782	0.253341790398084	0.723271049783121
1090	0.0618014882469554	0.0383063481427383	0.261565611738233	0.832910131309927
566	0.872670522927133	0.303235646434281	0.193231494580233	0.692041119421874
100003119	0.485358684347938	0.300623051172359	0.301673265875414	0.621913207878771
100006367	0.761523130127128	0.558642976694654	0.277999903049581	0.664115387735696
100004322	0.202203877940423	0.232837777820626	0.270740901219641	0.775375317980556
100001034	0.675637082608162	0.837507807458662	0.264214881333121	0.677030061990094
112	0.917604373978736	0.907000089394815	0.269101370088892	0.672294114936151
507	0.748404150288297	0.806678326525064	0.265991451880354	0.690417886996932
100009233	0.346291448494372	0.218691891518661	0.25569930132246	0.697214340273538
100000406	0.0198025848728784	0.163826184830169	0.434845299468861	0.493718314471527
100004046	0.346688347684675	0.410138708066051	0.174840412811501	0.619761396827824
1025	0.778899721892709	0.7088102896265	0.257831862402665	0.702997279412141
100001106	0.181798070900737	0.184410181418866	0.222947655796276	0.715958758423902
1128	0.0303954288439142	0.606851786465226	0.296921459075044	0.728509163648588
561	0.0499869099983029	0.178263489635973	0.189392256439937	0.60119983984642
100001614	0.878855375226335	0.381017001414291	0.282330400883928	0.660082807111037
100000961	0.866521973512521	0.973133083990967	0.287019635224476	0.695634371679984
100002397	0.898797885632682	0.607676705175765	0.26795127840265	0.617685242307377
100009407	0.963365330362908	0.980360539421758	0.268749925711274	0.687841568974418
100002910	0.905520502078919	0.583904575200245	0.243933637721498	0.617055378265482
100005946	0.252789502500993	0.330286798512804	0.309121747011179	0.789240523152952
100019794	0.0939865124794466	0.2851031126085	0.268910950623702	0.845102482954143
100015759	0.35716654062082	0.116951070968665	0.237587187019473	0.683718930104668
100020417	0.736341241806475	0.610010313728429	0.256039449929417	0.658498998298596
100001054	0.715718845742602	0.979568464951247	0.269463026109532	0.684846266867983
100001437	0.31894246257131	0.323534149447634	0.223528044015238	0.610473054645252
504	0.227694934382949	0.683719787308355	0.315875938331401	0.695964938807459
100001988	0.475090759077722	0.672562206023006	0.262672388260619	0.83185314879562
1082	0.026536141483228	0.624594212377014	0.29497076787286	0.713409979920393
100001403	0.309310377008008	0.335173771381621	0.296161946270479	0.666919841016522
100001664	0.935156229641447	0.551565190605053	0.253468891044034	0.855922330722967
461	0.263331698388198	0.204319403010921	0.434995521590958	0.659522289126158
100000463	0.664157859950161	0.970700908605316	0.273926563735269	0.68516060309018
100020208	0.572465679577175	0.53420885619579	0.301912585669499	0.574957084389366
381	0.55261723005553	0.0697744944759754	0.121217418319429	0.51607860031578
100010901	0.0830817535884446	0.0739080992814833	0.266557556687355	0.802054026272342
100001468	0.294090669556039	0.946055404515779	0.270125487509979	0.680708354418154
100000840	0.932349293932388	0.851797079084174	0.263149430729282	0.700101269417484
100020014	0.234790458587989	0.568777268577317	0.261061608525491	0.701693250816938
100001993	0.800965680327463	0.625671765891123	0.227017997143008	0.830056350461826
100001051	0.109489153840747	0.0229385323419856	0.306638719373971	0.364225914397419
100006116	0.389283697536303	0.526893271453106	0.271769486203156	0.685658001470703
1108	0.857375984472206	0.96383986592589	0.267997253008131	0.682572638607365
100019966	0.360363306480386	0.13417531972262	0.321785590251202	0.654557524526567
100001743	0.635788149079149	0.414623353382622	0.261403785756141	0.668092118739207
100001294	0.116097344570351	0.177892352728456	0.186095101051502	0.746131115920389
100001609	0.259884863553259	0.108861359603207	0.251255298260519	0.777060909708103
418	0.816644298443527	0.945412159868397	0.267567742476878	0.694147835731002
100001178	0.369953814939583	0.893470920063513	0.265461022666843	0.672445953835855
189	0.983810034097148	0.645840752170854	0.241619444590353	0.647840453242556
563	0.492120382525066	0.818230153769524	0.282379943679759	0.671070110687266
424	0.624930880170176	0.470018386005671	0.300341146035913	0.66661729859752
100000776	0.123412953269765	0.27768697789523	0.313204551737711	0.689403708815145
1001	0.998092738631039	0.462674801972692	0.276302760137828	0.688559352277061
1135	0.328347047192384	0.0955327635019782	0.259053374112911	0.744869619452059
100021093	0.374043638807248	0.53923161310021	0.309854615226921	0.703660660674699
100020219	0.123022158515697	0.2278921452576	0.2816325466115	0.5761058362568
194	0.440957872371756	0.84732003161792	0.275797629524042	0.660731624567161
100008930	0.740566614306883	0.651127289145963	0.291321281938839	0.666129022730972
340	0.590692919845551	0.209465722721773	0.156913080850885	0.776105824761384
100010896	0.889872326376905	0.79747899124343	0.257103915753114	0.690475343922621
100000787	0.216890876853335	0.108254124674436	0.263637264442769	0.396359996610089
100000639	0.0327245458797456	0.220907807273284	0.243426533687054	0.689734536374418
100001851	0.988071135778745	0.258995044059016	0.300090477029904	0.462357684281472
179	0.571270700677748	0.598145195049861	0.262624155009685	0.699993849859591
100000626	0.429286346713772	0.778561333078492	0.278203461460331	0.685030480860038
100001605	0.0103993610065122	0.0860115451482171	0.348803409290635	0.777895811328224
330	0.260999961113146	0.435564460117813	0.302003892865198	0.553773181475296
100001162	0.759203948937254	0.588829174623852	0.238765184799889	0.652357554766876
100001167	0.047469999424733	0.259508511134751	0.268441995413844	0.66551453174979
100002067	0.547595537234107	0.762558464214051	0.34767903811824	0.618850108729538
100019968	0.64603951378503	0.37240964068034	0.296185023820247	0.621885715105805
100002014	0.958185088339174	0.987752964631816	0.266822207734536	0.708845120152871
100004083	0.473911894195972	0.152625210850493	0.310149858625131	0.546709399037396
100001315	0.284074938290584	0.356824619524657	0.279820276525014	0.759011169443
535	0.249354122417584	0.583387286939698	0.290680776375292	0.676580713102018
93	0.425935193481907	0.265984115660436	0.307060936708638	0.524407088875147
100001989	0.380182661719122	0.642525906848162	0.248684330410135	0.725411040067014
100001740	0.747307356362296	0.401586960575888	0.242221308622559	0.705460443436744
482	0.207331675452868	0.943231728966931	0.267657784308835	0.679877914663256
1629	0.252535338178819	0.395692994908013	0.322706928146266	0.661019822707259
100001399	0.474492472507074	0.404107719607172	0.281669821064785	0.685572196037771
376	0.837418731233538	0.161512915558938	0.166517096861203	0.792258695328733
342	0.590044886346641	0.593573357724583	0.266516693005964	0.682727426810599
100001253	0.0249501493007917	0.175651741876254	0.222954945945968	0.90202102706859
100000708	0.601392088142822	0.730627871376965	0.290641416489026	0.694327572746401
244	0.19463594767274	0.0518323809842649	0.221577799527357	0.803955612138721
100006726	0.424268171292476	0.290290363906585	0.318631216930963	0.668369883181728
100000036	0.173426986758314	0.642387615243988	0.247650469438195	0.724844316767237
100001257	0.0221560633487666	0.0798617719580799	0.373187632156287	0.958507443479082
100000445	0.643890664120077	0.629662591697489	0.290954736171288	0.643528626786449
100004088	0.00325562191236619	0.0881508394026635	0.330558649459553	0.771665553007339
100001423	0.995560074185008	0.739861166812297	0.271089222999028	0.656376123363197
100001276	0.373597163339279	0.267899688827398	0.24685310847248	0.59590182731597
100001876	0.81333114141924	0.884180655480665	0.263663606565398	0.688201270761398
100009082	0.635504363122771	0.0428661668022359	0.12070721279119	0.663464813600416
100001121	0.343159156838847	0.742877690641033	0.262688626114922	0.680774008365267
117	0.318807775502922	0.627813347804604	0.250643320867682	0.705421278954681
100001868	0.036909701218867	0.112653039438195	0.320058829370339	0.691874440129405
1134	0.694026491026135	0.304815772361883	0.182452958408724	0.655822412706385
100021012	0.270253701341835	0.508108053725269	0.276195219647135	0.706976939388086
100001181	0.781698927826062	0.274008327454585	0.334892731456632	0.615547289242579
100021467	0.737919072456826	0.319758490371681	0.267667697995802	0.596393029121607
100000447	0.235330207516058	0.244845144200482	0.311053379598244	0.649212848666745
1162	0.000527994150441067	0.0132703951165036	0.357750519289093	0.583905480353644
100019982	0.478041414809395	0.481529288541414	0.280107406959057	0.668747223316278
100001613	0.99891690276178	0.451970326631193	0.282903072587738	0.653244419635484
100006644	0.403225866957451	0.644126756449587	0.250826581638127	0.710416640421677
100000096	0.59741438739987	0.0264666970241998	0.177541427920237	0.651683427542447
926	0.509465352540166	0.692441702072446	0.272649494424342	0.688444112653434
100020004	0.853267055523561	0.693131904755788	0.281157435317771	0.683835793021949
363	0.183194403577305	0.0440829123139402	0.246849508308944	0.267299463979928
1111	0.382367340099964	0.982192267915259	0.271329395872228	0.728659103184238
100021712	0.698849975114818	0.785752118676323	0.265561770370174	0.670475140187204
460	0.817716172017463	0.692569067070992	0.277438062637978	0.723677026987436
100009331	0.369909802660982	0.2371684717973	0.251021051437062	0.706668943651124
100000442	0.247321014437727	0.699918309284975	0.289506100966387	0.701934794441166
100002945	0.0956592254898541	0.0181505514849119	0.358812268545311	0.639538426164491
192	0.877390950017909	0.900526832558253	0.267654884338264	0.715353644018665
100020241	0.436908265147445	0.961548113129416	0.268070556365164	0.685169721245672
100000580	0.139216385314212	0.143577775215051	0.231645075513446	0.915334481723997
100002466	0.00941696752987242	0.0312371072190879	0.232885706734647	0.441435858382202
849	0.687066450711881	0.551265938731854	0.272751540412486	0.629424994262947
501	0.514076240480308	0.39307010020888	0.298827145361848	0.641396232292543
100000282	0.689688452955268	0.136243690799747	0.345802314137876	0.579840433808235
100001577	0.0279489457921694	0.175435639449899	0.370028066548264	0.749006728804849
355	0.0952523115385393	0.306729570100375	0.224831514972708	0.585853437143347
100000841	0.787341531195223	0.973049308879929	0.285338573496275	0.685788943021853
100000846	0.823011100258016	0.349214798397386	0.257635517425522	0.678490605666131
100004295	0.844672166937053	0.336142728687256	0.241078807822581	0.62877839924737
100001586	0.110412784114295	0.0513364171426072	0.393018608729203	0.348156596436139
407	0.0128839773948099	0.0325364856940273	0.307118683226805	0.753732089753659
1137	0.808432350524344	0.695969554414855	0.255127525329269	0.729159391910204
100021374	0.0374258242198669	0.0160853480235164	0.20489551212036	0.916756837412992
100001593	0.705836811010992	0.816439839485855	0.261250333574986	0.693677396668632
100015971	0.78566948724062	0.772544194953103	0.263211211911242	0.682195332829858
100001022	0.349348451111871	0.1741420699936	0.164037303685844	0.95503840866449
1094	0.0632138563010155	0.255998110840853	0.413542077018146	0.905709306172579
100002122	0.266250159355306	0.25928996866179	0.222945002243172	0.782018629192805
100000706	0.568134397251999	0.588614329659166	0.234108141683614	0.684050083074755
100001055	0.860816392937064	0.313823033681639	0.228334652260339	0.615316904427265
1235	0.451738613892173	0.699893348725382	0.252772842634707	0.718559146721493
100020204	0.0919796329244819	0.534005679019192	0.288476351947843	0.727941683126318
100015643	0.0353397643146332	0.298458964002651	0.295430634040484	0.636814277704043
313	0.0228273325893444	0.277480947622603	0.285958748305659	0.621464919841219
100001413	0.852168453211656	0.871917026008522	0.26373330358799	0.673952217356951
100020423	0.017950035469791	0.0131185314295258	0.290564130774382	0.354658892927326
892	0.484233112169504	0.152621392680301	0.298613031433364	0.71189597013406
212	0.0603093198397692	0.111376798335067	0.364063107313541	0.661809599729876
100006105	0.195940498979291	0.187713924874906	0.309091972265092	0.696473507340297
437	0.782480042915994	0.576845650208566	0.248532040372901	0.701072873910599
100019892	0.464959259671213	0.767154876756946	0.266260929313842	0.709499744021115
100005716	0.0770157492842062	0.106812427426757	0.29083524415881	0.768098369561811
537	0.2222397151547	0.11957097295892	0.281106112558256	0.710649936860024
100001990	0.273753489781	0.591514483605407	0.307011689013836	0.633837369075114
100003397	0.0347187987753945	0.00392053999635843	0.216428564901498	0.435332202803739
100001320	0.123756136832756	0.231730633638037	0.346919037987416	0.449554912733634
100005717	0.136141219051696	0.0911009186517449	0.316503452722197	0.716888473192326
100001207	0.0314215185434604	0.184987335151596	0.307293560287196	0.692791387295588
100001999	0.549945121902692	0.84584361788588	0.261280682263765	0.767960858834406
100002488	0.227904188094641	0.018470668898178	0.321646916733127	0.627371940728513
62	0.196386925474931	0.680064249151274	0.258381181451377	0.69159770237561
100000467	0.572639477291036	0.42545729056267	0.25285395267323	0.657964979214438
297	0.0057517931413436	0.143334775737366	0.276084675766746	0.651103893441351
100000285	0.0247912897805058	0.370370039787938	0.266744215734963	0.788718134021836
100006056	0.0569594475421219	0.357417656583193	0.279674364012599	0.732245976950987
100002126	0.134377427565616	0.263754342348675	0.208985662298951	0.995150584084084
100002129	0.75573284769162	0.81896266820557	0.258964894051989	0.775114966182463
100020478	0.0289430504669216	0.193265313140246	0.235159528997959	0.719482209096771
100004089	0.0649551581851637	0.566585699636568	0.283407426266877	0.643322433883915
100001755	0.511353859938904	0.571510979737504	0.269523964816612	0.639807148533938
100000551	0.0338058673503421	0.96546967342038	0.271241415243358	0.689528032082729
100003260	0.48886334871412	0.320897424405278	0.302455751271187	0.760911804945916
100010955	0.841218597142193	0.399372904238335	0.213377063633614	0.579638443859878
100020851	0.21175634810869	0.452399693953903	0.288322156356699	0.708169044401193
100016069	0.66586325139488	0.836609228195447	0.270675525124874	0.674983632556008
100002027	0.463053826729839	0.564116918416785	0.213503840683198	0.791374799680441
1123	0.372010298870434	0.185596732436549	0.25297829170883	0.817360768880165
100001150	0.691464888241233	0.94774036154897	0.268404411789827	0.688027503103436
100001657	0.308581878380444	0.648800981047899	0.267873668498525	0.666777473910636
310	0.254062595323882	0.349310102610914	0.23438542813513	0.789016971629083
100001314	0.328087188514747	0.122960182150756	0.244240856914094	0.564980992325459
452	0.712773128603899	0.644949762974746	0.3036605284637	0.65648061397737
144	0.0948076465547693	0.0566947141718779	0.33539780350437	0.547561408830468
100001182	0.222431043006073	0.164996254876076	0.334556804666969	0.666818176745087
100015965	0.724012589049701	0.451289045940534	0.254575639635856	0.759197509719504
100006108	0.944942669006239	0.491027699336823	0.276128923952264	0.720929357676652
100001400	0.722303418004384	0.639002126611187	0.254347018348912	0.674848730063692
100004541	0.295096575615277	0.205587815764817	0.263754558865836	0.43500899312282
932	0.838012621860913	0.339528761176184	0.2737985733956	0.718340994840851
100001992	0.412376864879072	0.536064404316754	0.381851396748578	0.580570327182389
100009252	0.109516593733412	0.174563495150095	0.317904849022072	0.668405028700429
100021104	0.66211554242856	0.581425441226627	0.223598036295527	0.812350991535127
100015838	0.00954314738588439	0.0351075261385144	0.413069908505213	0.940101844019683
250	0.000874602735777663	0.0198017034484348	0.510937292316061	0.787541943966944
100002537	0.976238016477897	0.494326510135052	0.247815491285265	0.795851381657124
100001658	0.784506328046898	0.637505450917778	0.293502783708579	0.670589902625787
100020416	0.277489216814149	0.345316862611252	0.233691370114441	0.661402958988393
100006642	0.238500016627849	0.755385947028931	0.257180858350583	0.708392823877527
100001391	0.0895863878021056	0.283285735291463	0.361428394586614	0.814435746686666
825	0.609873268070599	0.646265955478878	0.23860392134837	0.695759774433531
215	0.0199103774659978	0.107628391095464	0.320200689265458	0.667589550912609
100001026	0.979771669975686	0.864317755323319	0.264564940067338	0.724599119972629
100020541	0.440167415780298	0.466138822031617	0.236617364035625	0.722547336805307
100001526	0.207071350230585	0.260851480876905	0.41171994837019	0.805517307849329
100005384	0.499993469504678	0.390126164295161	0.249286865558131	0.602325230195682
100020378	0.251107271011024	0.686448362226499	0.257218354958826	0.6913186356855
100006115	0.99597259799496	0.409802806911896	0.346998972551793	0.580996773309732
1442	0.219886648294124	0.0455014024975677	0.114180386032831	0.57046170662953
100001843	0.147860964989148	0.218372737568667	0.288308356197481	0.771931005230298
100015837	0.128625267510553	0.238477653117399	0.483324473618001	0.631928694630196
100010834	0.736011626297409	0.994098344569023	0.267293046558259	0.685458936412192
100001393	0.601231864786749	0.402025596364768	0.209488541425074	0.730398394899329
100000015	0.305794990433211	0.579507442355622	0.250573407848364	0.705216194280857
100003892	0.0465667498155883	0.0499658010575573	0.232220231710161	0.944712822813957
100000042	0.175463927258391	0.0216519053498629	0.288850084130672	0.592890244563705
100020550	0.60432551401174	0.226655188655388	0.295584981921503	0.580242852706691
182	0.417688607129294	0.337260563857959	0.256171532258446	0.707590154909906
100015723	0.140694638402074	0.436424756788755	0.271172402680118	0.667711741597492
100020343	0.364872990124381	0.445688583661578	0.237913682403898	0.688688393178691
512	0.365963361083802	0.636063778678038	0.294885742670162	0.657816940170333
100021100	0.744392808485054	0.68821825477438	0.254679717183773	0.68991934784571
100002528	0.322355911481873	0.0630079281420402	0.328211167228396	0.458080687395258
100001287	0.436458877331388	0.738570727839048	0.363721855370867	0.628294345496419
100001229	0.702102451241538	0.894122643772107	0.2766729200565	0.67502651234612
181	0.38039436650037	0.866608131995666	0.263505774694588	0.704953278816597
100015831	0.00135208393850844	0.0165516907153951	0.368145002033275	0.466534234079062
100020515	0.353437501662014	0.490547741273869	0.223659079573826	0.826502821294501
327	0.238164750012129	0.283980530432658	0.327058361921733	0.638836397760898
100009394	0.627455869686739	0.719386643662883	0.249978852073914	0.718067410049775
100001596	0.9188325231467	0.243699849664227	0.243653976085561	0.519242523134569
207	0.874986101656289	0.489576959143059	0.282524105216445	0.644473209625338
2054	0.485476478632455	0.755726121631342	0.256155528324557	0.702898903472502
100020259	0.673048726883115	0.580532314452863	0.293267435309976	0.669509184552695
100020414	0.00261190746342236	0.033234552766398	0.185285647028298	0.660520786958345
100021131	0.865061807472616	0.27950924705333	0.253898162985279	0.643625996116469
100004499	0.842202115443101	0.726987451224153	0.261315409652688	0.656160400082037
880	0.15509276629169	0.74071765326698	0.291338006761715	0.681213703553204
100002049	0.522242950180419	0.318026736751954	0.298689611251623	0.635137663753646
100001739	0.559847277181754	0.262455119957287	0.34372978055359	0.6443844801517
100001126	0.413822420752252	0.14453521194638	0.173610667124281	0.561624974006654
1113	0.65452842104231	0.842375902662856	0.280013823784901	0.661613376818202
1083	0.965207725255576	0.331760897896214	0.301226879057051	0.593988942714077
100001730	0.0830457077689995	0.195550995375764	0.313718883792312	0.562324971374104
100001412	0.579352361126105	0.977455157530344	0.268216699232492	0.689670572215806
100005996	0.711144189268395	0.609106547630853	0.258905750251493	0.657702597111715
100015962	0.00733023589616375	0.0907165005773313	0.19972885408475	0.989528695473328
100020214	0.697952507148786	0.426543013730277	0.283023554335174	0.607499868032492
100002514	0.123029029637574	0.338028599127138	0.280036710173661	0.622453120015456
564	0.198059203117173	0.0520982065690869	0.242492112490325	0.558802874013982
572	0.0254204768823175	0.0216331574795247	0.400629114888284	0.548025872534779
231	0.957568380438776	0.691136003826083	0.249679155441919	0.697287172088239
100000453	0.908651318479031	0.765017940110601	0.258550772832501	0.714858830402446
100001007	0.12440673579531	0.266967458179407	0.322501126519087	0.567378386390224
923	0.684213647698178	0.383342770864496	0.2668961544677	0.728958683248049
100001247	0.428342783264707	0.46044827976564	0.254195075276674	0.663211813796688
100000774	0.524817558601855	0.847492392446032	0.281634785651233	0.70462366878765
800	0.369780489837145	0.339473847451627	0.287970424707141	0.74465210211536
100021678	0.268357850218664	0.376848676701632	0.219225673257183	0.685286457873712
100021711	0.456219402102572	0.882902151309235	0.280537227595171	0.690815000575065
100001274	0.807476563988483	0.406703670046541	0.261255817833494	0.533144908066664
100021220	0.133162378530338	0.163367331768862	0.332540138141535	0.996013542832672
100020253	0.394410683530981	0.964925608212374	0.266610257100243	0.687754627397005
100001170	0.804687361818949	0.192089037561568	0.253892461545121	0.586236984079132
100001466	0.257959691636624	0.836288990077718	0.27665557372573	0.678480875690533
100009406	0.695115738032021	0.615740726736446	0.254593373806004	0.705834380997347
1026	0.20182223836431	0.452399883027981	0.288019697066715	0.650954381609963
100020837	0.701982891772926	0.416853039432718	0.306261730697485	0.594013221556406
100001006	0.0708048706808666	0.0823003097331324	0.255305885123991	0.8104784411164
100003674	0.780582295234224	0.132862403999548	0.268637526204092	0.67298243234834
100004396	0.332727261511973	0.426852968126755	0.310189989709698	0.581306177947683
100015923	0.520724856387188	0.94322885474387	0.284502546443332	0.680436364248114
100000265	0.488263126890923	0.736279073490732	0.274432424877971	0.659298103106024
100001409	0.08869726727002	0.122818628405117	0.269925874618473	0.524334528667718
100003434	0.426541491448791	0.456343288190791	0.274212864417542	0.597649503735642
100001334	0.62998154465538	0.0809322874609662	0.335192480971982	0.56433987281225
100001102	0.700613353505859	0.76216325772496	0.277093786850505	0.665267904513077
1268	0.63596152724395	0.0681249220530734	0.168287985875151	0.638099961789479
100001300	0.246376451687461	0.0941747000951274	0.239889321819236	0.687534698793422
100021324	0.26205592721676	0.756648936348396	0.342082423409948	0.675903582314005
100001617	0.106611222626982	0.101032122812112	0.257879405333166	0.727390572254984
1105	0.939331663699215	0.173520511945529	0.354425411781961	0.385583003682609
100021502	0.0590909735136809	0.265914169775146	0.255479119102047	0.715434044056682
2051	0.826454124395217	0.56725112456058	0.269295235086014	0.580373597480927
100001256	0.136018975469418	0.487757344502041	0.299779142628118	0.826948894717711
100005466	0.0665782412948709	0.0880107396061116	0.315137443059667	0.477583199858791
100002199	0.115203846968843	0.679758069542022	0.278134190436161	0.708008867881273
338	0.0172280895949802	0.0525399914925185	0.441361781492292	0.450348044343833
100004243	0.439514818237973	0.540115836335639	0.245199265789084	0.699686423669399
799	0.469093314513526	0.907852738011186	0.27315849913445	0.683253819785156
100008928	0.590082973874629	0.101370336899084	0.272433795162028	0.674184387183851
815	0.0757333909006088	0.229191584227625	0.267608765644431	0.76968354860711
100001456	0.00523807909714794	0.0683759995336872	0.253716327769035	0.606631774614932
1242	0.0857507150522265	0.0945683147871876	0.326156707912626	0.491966815441202
100001416	0.294190825735296	0.110404076816777	0.185482435170667	0.433147413279053
100001462	0.377250897730475	0.339076281312725	0.318901015278499	0.643994016117536
1087	0.199801563083015	0.0428612484487311	0.281464572957377	0.647987995198688
100020421	0.0726989490843781	0.107241862763494	0.3081183976335	0.448274920941006
100000010	0.00379997647328803	0.04115196442685	0.278637031855328	0.745513264787892
821	0.563462193251462	0.408521749831998	0.304135254273795	0.543000340181268
100006627	0.261488382783978	0.145512132402463	0.375752349493973	0.584366366178832
100001277	0.370504084376827	0.163363194611968	0.32050821880077	0.640879868882368
100021141	0.0372433157970767	0.17338012747574	0.300091608013848	0.790895669659655
100021105	0.189640940747758	0.294610619102115	0.28515434169087	0.506825716298924
100001950	0.000346022213339994	0.00694148265911698	0.340154211698629	0.856125551397589
100020217	0.908618567835735	0.286711199939215	0.189684750251167	0.513951703297808
100006651	0.0269757312602407	0.165132731800719	0.305437472254001	0.449479964787597
881	0.944415034657755	0.418489715547082	0.250977721012894	0.698648364802157
100001509	0.674022559575777	0.144873306056441	0.235591347429347	0.60476431577713
100021709	0.568469019868104	0.807161633661547	0.260008350254809	0.692253607843198
100001635	0.31075297293712	0.0374160435274889	0.297704460274271	0.631060585576157
100002613	0.44943431903861	0.120421039487878	0.248359811423545	0.77169974493562
100009329	0.537286469234624	0.645079112309428	0.234667492155796	0.835837627452967
100021123	0.87852068271584	0.594399260260494	0.279978075161393	0.596970418847503
100015760	0.277806998516576	0.187494928397493	0.230266365970544	0.713250511836825
100020205	0.413126774513827	0.466476560534187	0.316113209255516	0.527735151591361
100000765	0.568553885775518	0.634788068287661	0.26298030092991	0.653414868167499
100004111	0.332818815759048	0.169326648227176	0.297704645061309	0.656002449412779
100001615	0.180261214465691	0.846210571119381	0.267696576733975	0.683071266023235
100009227	0.211097045755516	0.121441853492606	0.379954384760557	0.821315095446769
100006191	0.387952497466448	0.579041756150588	0.294460826574716	0.634089992090941
100004542	0.478985320055354	0.384178850303056	0.285178617419557	0.728682094284648
100003686	0.31954919468762	0.134695498506451	0.38222631369897	0.620107997746476
100009232	0.0277506388023506	0.216582107625474	0.268241980314671	0.590451957217143
100001501	0.0465022444481493	0.0932821478752207	0.353116832456269	0.725329633328778
100002367	0.517315796533559	0.256905843044728	0.255360721069114	0.536205723499429
100001108	0.350048362005174	0.687877001422934	0.264120666648954	0.674154235200255
100004227	0.707639279555732	0.987586666974927	0.267174913732843	0.684887033003021
100001310	0.16619521003161	0.190982614782182	0.254374971624694	0.840863381958483
100001994	0.859789405949831	0.932462995401212	0.286764009530572	0.737264932998449
100015839	0.0116985600259785	0.0105694088392459	0.372937482959308	0.776447654828246
100003271	0.00563814043913863	0.0809437223146807	0.355200218727188	0.48921682799815
100020496	0.89648048791523	0.8390449389196	0.258975369924293	0.702837910656453
302	0.676261535969887	0.421849917632731	0.232552385003404	0.653769633298744
811	0.771207671256266	0.746377806635872	0.261606297214317	0.719441492977878
100001267	0.895445069312431	0.593032118828061	0.231735344044273	0.681484922237262
100001197	0.0246081339217969	0.334790920508578	0.305470108560909	0.695580545452616
432	0.214367168567699	0.4700310687179	0.285440107424921	0.665346215632746
444	0.0111517423692892	0.0588281402061542	0.301582085618935	0.815638335752435
100015968	0.346814480200775	0.374199045792644	0.262816544582175	0.61216526934394
828	0.945161757336847	0.836749339346316	0.260011014790221	0.692864475375676
100004054	0.246847815269144	0.801363052656282	0.271645592018877	0.691611904718427
100004635	0.0979771587345686	0.157495430493236	0.615648613879389	0.428002234106998
100000491	0.480608361908208	0.603044516968081	0.263126380219882	0.597330158436746
100000939	0.0464026101652895	0.0336633433774594	0.287597756449707	0.577491139142658
241	0.227121211273647	0.657329457159475	0.283200660446639	0.702098602127823
136	0.367083515615283	0.0689773120470593	0.234229150254605	0.869983666923919
100000792	0.599721839979995	0.981606251082477	0.273041886386443	0.727233215353257
100020973	0.57249002033944	0.642727098506886	0.283825022637014	0.660910007521205
100000936	0.796280473862579	0.800734388698425	0.264909773875094	0.689229066771278
100001313	0.00673313141147242	0.132098323941235	0.280691770405259	0.743035329527027
100001951	0.0415633684949891	0.088353742545119	0.294742370505719	0.678944702128098
100006098	0.0180337113834222	0.08720918870056	0.305579087476956	0.800125201553015
100000007	0.244118738435016	0.554140666351381	0.280512088603096	0.688612251499981
100006641	0.950353121487515	0.957911642718435	0.281294908192984	0.684707064817373
913	0.0115797475388951	0.0626483091398312	0.336732757039423	0.549524517674171
100001579	0.817578991600112	0.433055284835149	0.296770897021687	0.684789081100445
100002911	0.14736069729874	0.0125624124776223	0.348759156276283	0.6441377508117
100001293	0.247155916148274	0.369560256207878	0.231754125512257	0.827425864896421
100002241	0.216940511633679	0.527141447041934	0.283780324761655	0.653375636397956
100003179	0.41213218675345	0.0800883642602178	0.2578561110674	0.536579293678191
100021372	0.353261027860978	0.252447714080143	0.20509599041179	0.687287820851517
100001956	0.337532682785464	0.531280183950773	0.270548233864364	0.601817447373421
100021162	0.213577255658456	0.170751808334991	0.258093550685002	0.510757204256286
100002259	0.32225287953422	0.504576091865248	0.24143701043873	0.674712339692374
252	0.457602701674877	0.679770607678075	0.301403423579041	0.641333700607803
100000707	0.467867192405553	0.35356736998776	0.265278078930348	0.691379772682005
1489	0.670234678501653	0.019125627639282	0.197652745923228	0.662046181708249
100020361	0.0262403680339427	0.0846852717782565	0.292513707358643	0.978347350142173
55	0.827036039805114	0.979719164472183	0.274946504189783	0.684029934973908
100000863	0.243155229355446	0.245357260422001	0.2297399237018	0.724052527110801
100015840	0.15881084032191	0.0859881069420863	0.359208217699007	0.645728547162075
100001541	0.16171155085708	0.0812380410553716	0.185526978570163	0.674387252964012
100006082	0.149366861420144	0.0543119448230708	0.351347772728592	0.679698742954003
1254	0.703725091091713	0.8762244673379	0.267799225986511	0.709764065368326
100001624	0.505581072627999	0.368009999397155	0.251326911077921	0.661953772776462
100015850	0.945873848443942	0.531920127209977	0.337658535033422	0.644691491392358
100001104	0.0028434985827641	0.0125217084964004	0.293924413694288	0.977816231352211
100000900	0.134806589266619	0.437956144775222	0.278374496096458	0.688268510447456
100000269	0.24588382779907	0.0958485142219732	0.169724194981636	0.637495284788399
1022	0.220375252488165	0.986332037143311	0.267679844084588	0.684405705553365
100005373	0.218767140603419	0.0801431510809166	0.242716752982837	0.714953693999855
100001129	0.122937592161524	0.694797047857306	0.257648228401305	0.716401756317666
935	0.0127272037590053	0.13072352590722	0.351506151064935	0.54904087192508
100001262	0.149883986557609	0.177796169146598	0.278592557666635	0.715664989067951
100019978	0.297601455470334	0.640012566960786	0.262573595973298	0.671450036591068
100002293	0.771107610114479	0.827154694414643	0.271344473244019	0.685237458367529
100001426	0.209116648426651	0.286428517601253	0.276998583164665	0.526568528921834
234	0.0353912158207793	0.153106793290443	0.270670908034237	0.658722061697561
100005403	0.257816185225053	0.942843930080506	0.280068841322999	0.679981464289652
100001083	0.0418657254283556	0.330431198782422	0.29169136245882	0.707418730545267
439	0.738972833178908	0.338159727922912	0.290680878996604	0.678508938287636
100001086	0.346373899009221	0.416814778297095	0.282332533316555	0.764404720482408
100005864	0.732827561900837	0.452423198574242	0.244908189804918	0.752682439153237
491	0.509486722216835	0.928944593045436	0.265872523650925	0.686030872909192
100002029	0.449467621826223	0.407497332665011	0.253268556620473	0.546267921254792
100002154	0.658892873292017	0.347267460830722	0.203811850890848	0.658767837013424
891	0.519862088016852	0.21299625048986	0.303073619588271	0.651977526822461
100020261	0.393425178720488	0.461796855112333	0.323228904124051	0.658346855199104
100001296	0.507821984026652	0.461228869072256	0.270959409251455	0.573500649200436
2050	0.470979414995658	0.541524412949027	0.287068644880003	0.631473772583219
100002761	0.356679291325347	0.713090155239283	0.241053860868979	0.805574667945895
100006614	0.880207921435273	0.631633360948471	0.243787217862788	0.756174705462414
100001597	0.88802888457309	0.139821782125937	0.173029554226676	0.494478325421319
100020853	0.793521359238468	0.897242684060814	0.270099307526303	0.692246498146871
100001446	0.269265679599079	0.402597702951142	0.237644920983322	0.677956950984754
100003240	0.308578690168282	0.131150887594436	0.315504276250264	0.601082795542763
100001502	0.0288784417207123	0.230793592902126	0.32341445899184	0.772094008867842
100020866	0.105741359827045	0.0122826072043021	0.168890465026969	0.494352692388125
100020419	0.032224857820139	0.0903366163013654	0.293526243521462	0.428813899992223
35	0.573992703347134	0.345958008265137	0.248782296927724	0.634442562008287
100003696	0.0114797709367665	0.0408608692846076	0.419425566392285	0.617109777287643
100016038	0.755939331160833	0.958725714783961	0.266036570133102	0.68246939680619
100009333	0.1915208321763	0.174133886869781	0.292008193913805	0.704113474710132
100001611	0.157534495523261	0.325534405523804	0.350717921277623	0.661737681404067
100005383	0.628180269636975	0.269250219525218	0.273041698853541	0.73278919867699
100009239	0.312755026979504	0.134354791389081	0.34085809156112	0.504851961365112
100009332	0.357356558022654	0.262709731148053	0.276865843640804	0.6453014299487
100001731	0.144000061992678	0.612116104189769	0.273362802119066	0.658834371237373
100003415	0.360074128051525	0.451899576403216	0.263253439897408	0.700082907832497
100020578	0.137532401219481	0.19540166118681	0.251532922297415	0.579163373494396
893	0.834902101232426	0.516912268000963	0.265536978965517	0.697472244278273
100000963	0.322646206437223	0.220983074251013	0.350435942096238	0.492512475839348
273	0.121478137707296	0.290511009112931	0.308536916787048	0.683963671629685
197	0.491005647494237	0.467785868773043	0.260979308332204	0.575423366198541
100000808	0.27113917155574	0.203063111230066	0.246105055033656	0.856030073391181
100002284	0.725703447567226	0.386801941440314	0.179744792916287	0.627943848086714
888	0.958860282019578	0.0922900086168471	0.293930900357448	0.667651258235852
100006435	0.541046578130379	0.324345525771135	0.207056007806458	0.992758247121643
100006374	0.190610559413256	0.532091953543203	0.275731027835092	0.674813006584631
100003169	0.57535229105001	0.979555763295404	0.26614124399954	0.683744783333374
1004	0.607727197212313	0.784022938867541	0.254630764779089	0.665246015017857
100005998	0.0898922398868592	0.870591215731041	0.285584402600887	0.694498181308606
100000773	0.677102466913738	0.554319610999885	0.273369738094162	0.668302697733753
100010850	0.015366827976049	0.107990740167526	0.319732414877848	0.559033315559446
397	0.830925038762458	0.382437047016902	0.203027048518414	0.746694588553419
100000039	0.0691584068886044	0.212487657687715	0.214960278521315	0.742939666476923
100020833	0.723016991292558	0.76456191224543	0.275200875999839	0.726512120357585
1021	0.410156067978448	0.362809097294201	0.250843121181539	0.720916797626614
100020479	0.291916670644653	0.53064258103673	0.264375394148724	0.701308707682973
100001335	0.531170440632531	0.326309438673355	0.306802391633397	0.65289330797651
100000743	0.555505586434176	0.989983554269958	0.266703746447052	0.692765111469666
100009246	0.174119042940832	0.645836305778168	0.25721446470092	0.716584772090771
878	0.172214518936375	0.823235978843022	0.260900970274792	0.694440798361572
100021103	0.690630257154935	0.887548664732462	0.280841787472514	0.750156823094345
100021363	0.23475409956322	0.565458382855076	0.248424832286521	0.726672490306925
266	0.133737121546175	0.226123484660371	0.271917571577526	0.61093677921598
100001195	0.329376286355453	0.228951039575755	0.345714084736225	0.61161656728342
100019801	0.79663622809567	0.725580461251423	0.278561891488683	0.672714996755458
100002196	0.0375173298281327	0.268364183084366	0.278875332306928	0.695551110264772
100006370	0.229384423126314	0.932702463728644	0.264297408108336	0.688872515275691
100001510	0.0291171184509988	0.00360954978770317	0.222039694719306	0.786420223056869
100000437	0.548554342527618	0.457532580376653	0.255045590236758	0.753390222202112
100001767	0.142872002237311	0.0316553935673363	0.339897737177799	0.750411788479332
100001810	0.370551418319946	0.462611526749665	0.276654431583355	0.860587014615012
209	0.0363973740332244	0.367419947354229	0.308607787530617	0.670023782440793
100001485	0.263014410741586	0.0923352998099877	0.163664239968461	0.612127231386557
100002500	0.123683116034908	0.452606708049021	0.272031764299584	0.656074396810385
171	0.0270413749912243	0.021083090271007	0.193721458107856	0.690118478122985
100020487	0.971810798702957	0.85267560487573	0.285416564896641	0.656322893313831
1206	0.00733826281747062	0.119924359733364	0.271023985206929	0.736656128879021
344	0.00869600236119182	0.021627091128507	0.551516551717351	0.794136976349767
100001405	0.460545718165827	0.881096410917826	0.273417239962489	0.674104894760912
1239	0.990819105302471	0.521407440204282	0.29936179627555	0.687835172143304
391	0.0614233991819553	0.172860144649616	0.249290539532686	0.90357872114417
100006430	0.48354776380308	0.209917654831396	0.33774347323373	0.43496477637762
100001417	0.9544548238351	0.499968317426278	0.254198464267101	0.796836796355538
100002951	0.0601471884680573	0.51178778255782	0.265373510323471	0.611143099704588
100000014	0.405642036779477	0.564615647903876	0.259401684694708	0.727815623511344
100003926	0.58193901701546	0.490522559204134	0.290971944766233	0.666270055020022
100021538	0.506718825393928	0.364950914280573	0.315638349617716	0.597907390140403
132	0.325534449074996	0.998336111696009	0.267127459500784	0.684410052245571
100001425	0.605877796769221	0.566774908967373	0.33783913972219	0.624292657776746
100020262	0.626761221246558	0.669330271697696	0.287607094304666	0.672420092451422
100002679	0.323770875765585	0.633562454114618	0.249140086966477	0.769607000604261
100001270	0.720052277616694	0.586862353715157	0.272491862806316	0.663797394955155
1102	0.793273525181708	0.966224980134809	0.266521330098141	0.692130813742153
331	0.261252127262202	0.19832650355628	0.221605092534121	0.576312948652228
100006361	0.521226198756833	0.658358241498561	0.250058217174996	0.749842129378262
180	0.769777917366652	0.942928855404869	0.275882803168923	0.68317584036863
1053	0.29019506413046	0.444814640502333	0.405354271323127	0.753455646039897
100001359	0.703134693463578	0.960663090050987	0.276769217362516	0.684495977463365
