chemID	simpleLRM_Fstatistics	multiLRM(chem_sig)	multiLRM(sex_sig)	multiLRM(age_sig)
100021136	0.0132307122840446	0.184566085767254	0.301507274625624	0.517181471895193
100000882	0.768692587337612	0.700713614710755	0.275900227996417	0.442518333600036
409	0.105600684030229	0.177656641990132	0.306661243023213	0.279613245539419
100002254	0.737955306837714	0.0479727749655447	0.180998789947258	0.451626558216715
361	0.00924865954624611	0.107007986346518	0.190833086748513	0.439466078047406
100019975	0.775870183284195	0.507002398033564	0.267352721880581	0.467941771783602
100000257	0.000908348283167529	0.0230790213691682	0.269264160644202	0.420741016464017
100001232	0.964950986416476	0.938953968252221	0.275213829013586	0.456788918036639
100001948	0.493644801150602	0.458690416888094	0.284948765089551	0.381838520148657
100001073	0.598392275656768	0.612344002086845	0.345228381762314	0.392569802021739
100015637	0.863384758436102	0.328775828030549	0.289312464489055	0.434352424154563
100006360	0.64994969005658	0.749219416095391	0.255597478862129	0.514150887281553
1488	0.530996671466421	0.581069059239587	0.269112203544907	0.435767688555238
100002253	0.816525650174319	0.941456017250366	0.265558931317894	0.468968828692359
1023	0.924719531887661	0.733797378597469	0.263784182808866	0.451012997582177
100004284	0.701606222429498	0.812470543511913	0.261578083487263	0.464946622721814
100001251	0.840130318587023	0.851088044520722	0.272064934752136	0.458877122893166
362	0.726948976607294	0.444949713344123	0.238837621071271	0.45463227718537
100006620	0.923944765803987	0.71274410301628	0.267470146637414	0.461287354476911
111	0.354474451315562	0.153449816036737	0.222240278623071	0.430789822027702
100009045	0.567040166326773	0.25499877259207	0.217981916072066	0.594759708122009
100002927	0.681766116317984	0.84980098159666	0.261275029388591	0.477306025693199
100015641	0.761265530274153	0.900108516701871	0.262079689478691	0.466776970452334
1114	0.100430522350358	0.919630559612059	0.263279582065945	0.462611442752369
100020409	0.404802620668743	0.372598242313125	0.267036909962837	0.364822936871996
158	0.0827939289388499	0.194777920615795	0.349175647470696	0.463624943465611
1224	0.0682540964371801	0.235314824613085	0.212216588760019	0.503815039975879
100001620	0.549765151165414	0.416563277373849	0.233584462344954	0.472745964318215
100020893	0.363290256111857	0.073111986611173	0.247189680123739	0.272474121778882
100002458	0.647777141097072	0.648247120629155	0.298979023194399	0.433391872495354
100001112	0.743367839765317	0.991420357831781	0.266002458241285	0.462290363715682
100002953	0.41308208747046	0.807918179206561	0.263416715240265	0.47082866572876
1141	0.467339187855846	0.0657796584843283	0.34355271084075	0.338158146815796
100015834	0.543065181519252	0.835624502969345	0.262010200936424	0.448585004238744
100004561	0.567411970158728	0.797736754282648	0.271017161312689	0.452989062208064
100020497	0.7824824217707	0.812804936372537	0.257491601347454	0.476282059913631
498	0.0329831765021708	0.246620152635368	0.261787970441741	0.513988314221307
100006051	0.837102878191547	0.803961361238466	0.270607355653224	0.455055064464135
1668	0.218722569371355	0.733609008399869	0.265729468677222	0.456150781776544
100004523	0.432114359180444	0.836998679425716	0.275695341515855	0.445369509441431
100001604	0.248090252123029	0.555054701509443	0.262866097084006	0.498177017776801
100001002	0.158219302715978	0.517912648589934	0.2785242380227	0.442206179319717
100001987	0.0507430324432713	0.237185195377163	0.829473428614869	0.33713501370178
100002462	0.701770663370247	0.387326518772103	0.31779610320056	0.383923466331508
466	0.576552672896254	0.0690583613428348	0.292757314880122	0.440302038881543
100000665	0.874943283026763	0.439320455115528	0.299750437376054	0.416513469737497
445	0.913399943400757	0.443374712651331	0.294858246886765	0.501589464205149
2029	0.172707323953583	0.540410431161882	0.281986656686374	0.465320134788427
100006438	0.150035153292518	0.293945690448174	0.308879957876559	0.48094063444665
100001398	0.144207163447154	0.537434124946026	0.244774177753261	0.475199541707684
235	0.513914206752355	0.552602446766554	0.242600879991805	0.493121425370265
100000997	0.71990966273939	0.67333902369698	0.268566719569294	0.440584255471869
100002094	0.259542417674565	0.182885902955924	0.219238237082402	0.337177857799222
1052	0.58349871215373	0.95874501082174	0.270856035911861	0.474389720268305
100020823	0.330969023628438	0.604818457761517	0.250096493444762	0.447450780496109
100001806	0.272159278267145	0.627509377025466	0.312591932176014	0.469469866394437
100006092	0.99166162035775	0.969811072713933	0.265259037476998	0.461839878134732
100001415	0.1438038653265	0.0824418269466537	0.269671023425762	0.265958326425949
100000008	0.0485722776933424	0.0772736693523506	0.295989433063435	0.331498925011763
565	0.00758309187277374	0.0525449841034695	0.264872356614741	0.523969354424451
100015851	0.132969721753751	0.193855169550419	0.345231646811441	0.577542944611088
100001866	0.621346440174136	0.925958243666784	0.277928188799213	0.456185643006002
100020546	0.00160258306667658	0.0237968418296029	0.499382446204046	0.600845960944405
100016110	0.539322109375617	0.449671149418893	0.220472148855052	0.536396949819877
100001254	0.00185921945728573	0.00974024976437381	0.3498747127699	0.618504233843968
100006260	0.401652466102276	0.869301036836937	0.269465313337718	0.457101990921221
826	0.690083098377438	0.865773808195064	0.266702445879324	0.455601512910892
100001872	0.437066628810287	0.848095158738311	0.266741884562628	0.457900694935928
100000263	0.265814598929585	0.301604426663131	0.342119375575515	0.435785750282057
100021198	0.977748430965249	0.0740214355894978	0.183941976095098	0.259988883606983
100015967	0.0348918266056666	0.0787716534566726	0.333742570082938	0.308591835650012
278	0.120806445067333	0.277020666757128	0.250172297508278	0.717959154088352
519	0.74716227214008	0.323494001861944	0.320948400969314	0.409147781224942
100009337	0.120581531871657	0.363432943690782	0.356212854313467	0.454695980627725
100002185	0.302307883046947	0.979120375291012	0.26895525418897	0.460743360310842
100001278	0.432333488218289	0.292427643116975	0.32731931330966	0.431550214880024
100002103	0.740258862329441	0.674802927815431	0.266980499890849	0.430556822119591
980	0.811207114967456	0.466463981844636	0.294480064741897	0.44768901235812
100000016	0.849660103776091	0.433005949529746	0.262570738968561	0.43562728604433
100020372	0.15665483875185	0.405050560731269	0.262474057819197	0.388955671954762
100001662	0.772851952911916	0.147255024329053	0.107722303550764	0.465359774479719
100019972	0.945644275984928	0.659350470290877	0.274429083936119	0.447659289606622
254	0.782126767568802	0.758950410921328	0.264257761943728	0.462638888140447
100002009	0.76049713609509	0.578884238437329	0.263262961523605	0.380596533513107
100010895	0.382245919057025	0.483417841925799	0.316250463513506	0.435105814696843
1140	0.789053947949895	0.922713937209861	0.265944493715187	0.470177184319667
100008951	0.571510513273593	0.467036399606017	0.2880503616131	0.418149072721012
1084	0.2538957507211	0.717092227742051	0.265003535277687	0.50500545186369
100002796	0.227563291235632	0.637135719873698	0.250559386731858	0.451422201878807
358	0.887823848890961	0.953281248578412	0.265307017888933	0.461476956950744
100002070	0.948541562966553	0.802391988574097	0.26165573678645	0.487643442696436
1628	0.326596991777114	0.120736545712391	0.326698994946188	0.434146728046752
823	0.755423036551992	0.570558240624592	0.236622978719587	0.514043353682803
100004414	0.448446881497997	0.0999584144437651	0.348203001069401	0.580855067889706
100006129	0.660866360204603	0.648629581048296	0.247948869795713	0.472268896552358
100002028	0.720887769815582	0.417686631842712	0.376417041310119	0.310066858042053
100021707	0.418574783663043	0.562619335989585	0.234606181995525	0.501935359046855
100000054	0.585207726027998	0.540542044006062	0.260102834482866	0.48425755258039
100010869	0.508516315002899	0.230960938464644	0.275364880629951	0.359476697934483
100004575	0.0163874062157519	0.0891751377618313	0.341586027971931	0.74363538845204
100001212	0.928518493358187	0.66682721355332	0.269330708530497	0.415154678150252
818	0.205273526819332	0.507035777811849	0.311164617678662	0.414041025276025
100001092	0.00353435653685085	0.0480233393771226	0.268004093509702	0.53556551301639
100020371	0.946545994400436	0.850249426355075	0.270417905265814	0.455848003948095
100004112	0.243536975886527	0.603678304332434	0.280716998837232	0.473336651519477
1125	0.396303577061802	0.345205616710092	0.29573304126773	0.478368495300588
100020491	0.993595947555263	0.606106827214379	0.23547013408051	0.474121395142288
100003151	0.00269331076452184	0.024157837760586	0.406011756121225	0.367223467672388
100000011	0.317670392851286	0.1307609317193	0.193312160082407	0.567816087234433
100003594	0.488241211707342	0.973904871332997	0.269093146493715	0.459692227068401
806	0.77749498156599	0.143897025967511	0.262551273961312	0.298808831991721
100001211	0.879277681738844	0.490387224517879	0.277938481823986	0.436058104183063
100002417	0.605020181714705	0.60279935690892	0.256780981460124	0.427405685578998
100009335	0.49995701271445	0.190531197228445	0.214354005649268	0.468049697028571
100000781	0.917032495056431	0.806376076256003	0.270524517371033	0.458148856296
803	0.037724412187514	0.0358308100070499	0.255646947568187	0.381734361362063
50	0.454127356627018	0.642434233930492	0.273365965082346	0.439630237046442
796	0.367372915494782	0.0450696750549683	0.294358837627342	0.424496995592457
100005834	0.912788931390135	0.664637942146225	0.308637436008005	0.453718812362977
100001580	0.936608701633235	0.521667824573537	0.28876751375319	0.460461307361179
480	0.687243046968844	0.691929851747527	0.245668840730822	0.469819056315539
100001540	0.232781057619662	0.812139716207328	0.328855009964253	0.520051675191034
339	0.591782501695765	0.117021922456427	0.240644483850597	0.389879572128226
1110	0.950991449894477	0.938806490798999	0.269165855878823	0.463224892455222
100015836	0.159068112330517	0.232706786433441	0.383887950256111	0.59724450867161
100009271	0.512379006644636	0.473196373378237	0.302933228851662	0.44112544932569
100015638	0.973192878298919	0.41401549836967	0.280199726359819	0.4417478782586
100021667	0.875163138324929	0.415358283156754	0.311561592315892	0.439840852370993
100001279	0.627782891105008	0.453372344428089	0.286408551245758	0.560486378627678
100004208	0.0227058687540037	0.149706422909717	0.400947488921417	0.574857245845873
100003695	0.273209118620984	0.160308313655832	0.288236953624509	0.311192056516102
100000802	0.83966926849811	0.808905552257324	0.269460779828982	0.452949654836556
100002769	0.955521983416455	0.144530755272949	0.199761837907155	0.565810018639044
100015835	0.0993881077645497	0.352539537300011	0.386941105894854	0.624037307242797
229	0.881166282891795	0.391083611383822	0.300561643759269	0.458584000029232
100001266	0.00275524414541882	0.0178258702308963	0.342333180383094	0.678158838367078
1342	0.285810710743516	0.332906911404581	0.226105317715618	0.470225211020028
100002102	0.697418737966221	0.508839099078122	0.305874805066648	0.54794700209222
100020254	0.134768832436147	0.526914507205081	0.257653227636394	0.476555069130293
1231	0.493528755204407	0.236706508599308	0.320180219369819	0.426546629760097
100020492	0.934709450655838	0.942507796136398	0.265358813194263	0.459358262349569
100001402	0.323013921630627	0.487491304829557	0.301478551456421	0.455694159647889
415	0.00287803403142213	0.0544752056200393	0.319024192479466	0.482826749941026
100003109	0.704595802911639	0.760024127239402	0.261561756054888	0.492788252560093
275	0.486307417657071	0.895099686133018	0.273940077795684	0.454544039785649
1143	0.206541736402563	0.0958885313862055	0.244967208444179	0.568212993686663
279	0.492212312588056	0.378106544186083	0.266976084209149	0.370822086864124
100001198	0.988307156219926	0.949673168237681	0.267019887386882	0.463935118187954
1648	0.354588695259624	0.911421453278837	0.266216540387428	0.459905388289247
100001590	0.340222458190091	0.24971111916673	0.254181665513933	0.391380743823406
100001733	0.426648673805616	0.985504236615223	0.266087418446346	0.463110446444464
100008933	0.0125046188166979	0.0016581136053876	0.372155302595343	0.411228949177119
100001550	0.338633348878642	0.481365321110895	0.249947745683648	0.415615121678413
1215	0.0786552929702524	0.220271572637499	0.223092826780698	0.427324759500261
100002356	0.265292657962594	0.105420768959742	0.32389061455035	0.470135429334203
100002749	0.656958067503868	0.741171029044992	0.26931320934483	0.464824380011517
100006379	0.195603738934246	0.160647468576979	0.311339595598086	0.274414405056509
100015966	0.0791021757970233	0.131812030818473	0.291111525215602	0.308713640292106
100001392	0.836891162049393	0.773825317424963	0.270841584464962	0.449746625542159
100020425	0.152391450699352	0.0499320752742199	0.221512493818855	0.277225332881097
100004299	0.241060764365525	0.752836096164624	0.28624097334215	0.50973671888797
100001734	0.630042395199828	0.524314376092845	0.280625328512888	0.413733124719511
1002	0.796438686560041	0.870899367147748	0.266743708122821	0.45934834101096
100001337	0.365760155192483	0.852676937796903	0.25779104118366	0.461627849857045
100001452	0.682002309855801	0.859476724846912	0.264869051318904	0.449072143725421
314	0.472238529969445	0.35892661334545	0.276883510448124	0.469056834132819
100009264	0.971659092205303	0.588771592273608	0.220693042106646	0.554525787269354
100004634	0.433926009611743	0.485984429300046	0.237790059413377	0.471105302015975
100000711	0.745552515575779	0.768426584849746	0.289346695734609	0.478523180825282
100020536	0.0223322737304029	0.0996310617728756	0.329905086049195	0.56804639076568
100004318	0.35876804576117	0.553175259302059	0.275380057653842	0.468009109616251
100005850	0.992756207479081	0.5588720850622	0.328516804256864	0.435255161219539
100006619	0.348911252338428	0.153964086125775	0.303377598688088	0.460500150993022
356	0.466971653647348	0.648198115642621	0.255541874800001	0.473604473786523
1221	0.614177061688177	0.708518472864188	0.325228982377763	0.488765777696429
100001397	0.644855028374713	0.604292611198151	0.264419838954505	0.440152105610743
100019981	0.578276430482461	0.920007239468117	0.269022034192106	0.47200046435289
100001208	0.367017134872928	0.252485983444382	0.232274917573474	0.71238056540501
503	0.00896500045588356	0.00784337909897524	0.153404354309173	0.28853324932942
100006375	0.238267248287579	0.823540598470872	0.279109742464983	0.457656976340693
100001295	0.615310027379948	0.615201266358784	0.258990464454805	0.533010383065238
100020427	0.0665615270904316	0.0275795977946048	0.256733476802689	0.23610844975303
100002784	0.542874078678025	0.435051049180835	0.231447966626334	0.515138556513357
917	0.0532819415933341	0.173314620788178	0.294961932294407	0.41344911871156
1869	0.411390053581092	0.20989673243992	0.287467945802644	0.371170197613886
240	0.309324979987265	0.11709555682883	0.169750035541033	0.324678304322138
798	0.00638985077547989	0.108804834251589	0.392278588874841	0.411531018507979
100002952	0.29924556615044	0.552400153752362	0.264699159845168	0.51127561577674
98	0.499587626306312	0.726312889122666	0.289391189951928	0.46074522583445
100008998	0.29008521596889	0.315381167409484	0.208222707690379	0.51422951920885
477	0.915045179449257	0.29076454755794	0.271603932280764	0.451517417673897
100020545	0.0617056952674527	0.121829658774643	0.309371118105148	0.586518644933483
100021666	0.896623846273859	0.18689340047463	0.307966698408785	0.437998943372378
1256	0.441488579898461	0.670211895586253	0.314662111159014	0.489318789275287
533	0.436349709004764	0.100941374067992	0.193137767920172	0.295247206100763
100001757	0.419399743339018	0.868181444835558	0.275776869255135	0.453450393400467
1024	0.235090296776877	0.0825292572229333	0.176131922890937	0.879804043645694
267	0.512938314664737	0.983072481016568	0.267531629597028	0.459557037804097
100002113	0.0999657483174117	0.089265902467066	0.257015303042041	0.473946543246399
100001756	0.793510403964435	0.712788666382261	0.278267194501676	0.47602909791491
100001193	0.477138235967251	0.198431099941366	0.331362741236932	0.42295752061917
100001668	0.646276152877448	0.970030439919336	0.267124483208129	0.46275510128937
1124	0.27846129863119	0.275850887522227	0.232607019929014	0.53816621837414
100021331	0.204891515419037	0.384153622568434	0.252197718562417	0.503826540592392
1090	0.0749736369140525	0.0459292987980066	0.256392204663353	0.625979814087739
566	0.708404969203384	0.43873893753753	0.212653792850007	0.470837878853056
100003119	0.46038908965849	0.257498970049667	0.29957453071662	0.406691812577959
100006367	0.701312048340131	0.493417889049815	0.277721785462904	0.436381636468482
100004322	0.207712322912788	0.255200558700475	0.273713692319905	0.531876818273644
100001034	0.616867635386446	0.898374396567107	0.264654608094531	0.456357990776485
112	0.991705293622623	0.903466155536587	0.268273704714883	0.456340652583635
507	0.801797558291101	0.847731445839527	0.265338026690246	0.465055623048316
100009233	0.298070169620782	0.189397098027848	0.24435521772687	0.467376697785216
100000406	0.0231393988680848	0.152941411411723	0.423374854615609	0.322191384729068
100004046	0.29786485971059	0.427394651906128	0.178645381779608	0.416505552842375
1025	0.829352167356785	0.767460254531589	0.258918792539352	0.475182632895965
100001106	0.164630187845592	0.164657674161294	0.218044801656164	0.481417485165964
1128	0.021827831013529	0.56392815556578	0.29712402789188	0.496998480984306
561	0.0589456174179857	0.183865007677045	0.186202436349624	0.398599464510803
100001614	0.772981196649163	0.311205290710072	0.28130863334578	0.427704421705117
100000961	0.815025062749126	0.925111566892532	0.302236165575107	0.457470345837928
100002397	0.994524917880263	0.670497147301404	0.266526417939111	0.421096015869685
100009407	0.925106439422159	0.969791887794298	0.267136966410355	0.463270088296009
100002910	0.808717870256544	0.61070892669764	0.244194203931664	0.41296573572576
100005946	0.203586618409343	0.319669406183055	0.30967944459423	0.536850313227045
100019794	0.0786319360596473	0.282783749252957	0.268234028011506	0.593344099887685
100015759	0.307915237094856	0.100684931518218	0.224454366993079	0.453714984221461
100020417	0.811552899591677	0.672166596687451	0.256590957000566	0.448242995533719
100001054	0.938742429086097	0.612118083581683	0.282046350403094	0.439806603770255
100001437	0.361124697069692	0.327401038292344	0.222229403674022	0.406500150477893
504	0.190302091988963	0.642594650884572	0.322965822690059	0.463410089282634
100001988	0.429084130219923	0.780390410805413	0.263364942486577	0.56661526168875
1082	0.0203135870746282	0.535744545061993	0.303168506659363	0.481992016770057
100001403	0.273552040752097	0.285213867741098	0.300020126928405	0.432647107210881
100001664	0.802367024959967	0.547146733316592	0.252591047277504	0.611288717165163
461	0.238533970091516	0.222874965244475	0.427784434061128	0.429333803094869
100000463	0.627444843979435	0.959233725044157	0.274198099455622	0.459954539078557
100020208	0.63617543292726	0.542848727251386	0.301172326814455	0.382039734606502
381	0.642855894409794	0.0778269231175546	0.122255910650682	0.343866435645534
100010901	0.0615555678634872	0.0644459663614411	0.265186772281795	0.537551147556949
100001468	0.232000724555512	0.973165460098688	0.266054993389492	0.473405200591545
100000840	0.913768662768317	0.929913690148288	0.274354459945925	0.467283639927456
100020014	0.260042738467106	0.622329416057183	0.2614050280109	0.472959793871733
100001993	0.76641016542253	0.676881623971565	0.236275730796635	0.581785851290382
100001051	0.131629907820487	0.0248708020482031	0.295702968647777	0.231931886675297
100006116	0.361319642563204	0.497177254980706	0.271006947269538	0.457686650020101
1108	0.9130780621812	0.877445977532341	0.263210749801786	0.4682230963421
100019966	0.373981386809451	0.154131860762746	0.318392758733999	0.435565199482145
100001743	0.5811993327979	0.377354725826994	0.256911676797357	0.43845221998986
100001294	0.0831881358912238	0.135830113696372	0.17764203341496	0.478034958402522
100001609	0.184081744002436	0.0793640371110942	0.247912861797446	0.509376081023557
418	0.887488783991001	0.894267770565109	0.265156091397813	0.472164687322474
100001178	0.323819906156698	0.903055742399534	0.265125002473208	0.454095766879346
189	0.847476254919866	0.741745444884016	0.249584744830023	0.442750784778769
563	0.468674401166453	0.807956786135144	0.281273966427233	0.450741295609577
424	0.584479962984813	0.453920470586157	0.297338684779689	0.44314319847286
100000776	0.162253239118818	0.339455262136877	0.306933953068212	0.482344694750738
1001	0.793700980098352	0.337213368517402	0.273587729120262	0.442134857176368
1135	0.320613751566402	0.109712451379223	0.256063875244771	0.504563401323752
100021093	0.340324674377074	0.496012423885558	0.310087059198346	0.479020037073988
100020219	0.102017948411324	0.174306461765988	0.278002832903511	0.347714044813222
194	0.349209742776819	0.933884964243022	0.270575395728359	0.458815927158988
100008930	0.736061809934423	0.63969329974158	0.289165277134468	0.445890675477772
340	0.5183973502855	0.189975553782062	0.152944492931615	0.504271470158473
100010896	0.830851978496809	0.838851770676843	0.259298391070469	0.467048538692003
100000787	0.276342788324987	0.116738573810381	0.260849720174327	0.256908267053876
100000639	0.0359862771569466	0.237532811484963	0.241238146653475	0.466153979533461
100001851	0.941294315768518	0.236262432364121	0.294926585777192	0.295597640004848
179	0.720901339931876	0.542415499569649	0.258866114331326	0.459526091676185
100000626	0.39049110112771	0.769265517753026	0.276437045907846	0.458299021526699
100001605	0.0142125922380744	0.118964965425236	0.342146455130026	0.561765948978033
330	0.28404027762006	0.427275979509203	0.295549576958453	0.360180770595961
100001162	0.657841587466657	0.650861485944134	0.243881995956095	0.44098507430029
100001167	0.0597371295422787	0.288573120329231	0.264234406297132	0.46214282250015
100002067	0.676461181437351	0.762119313284539	0.351392143466826	0.424966303229784
100019968	0.665655967513529	0.365049440263039	0.296452071442491	0.409403264704434
100002014	0.832770820900048	0.895983206427399	0.266360849278847	0.460376985213654
100004083	0.541296943644208	0.172267999824717	0.297903354504901	0.376145156724568
100001315	0.265999942986833	0.317522354849655	0.284807042239961	0.52937851075631
535	0.201069553284509	0.494819930119834	0.291668435224254	0.446908072711655
93	0.478422895277509	0.270280703942091	0.302631515406665	0.344201384859774
100001989	0.400886055100541	0.694560348939635	0.250533289855677	0.495304681554111
100001740	0.719314556238259	0.392467400487659	0.241409171627041	0.472021072163924
482	0.225513916606601	0.922043529476478	0.267004534320441	0.454968071294878
1629	0.194710107309677	0.32350176680052	0.331354223209506	0.417982580655474
100001399	0.388620334621327	0.306614181306969	0.283168654141744	0.448640191430482
376	0.76404414581174	0.151251776633617	0.159993389890132	0.543888041218832
342	0.566811148909088	0.625360865927485	0.265559331942583	0.461129853849779
100001253	0.0177947482464789	0.161585986183989	0.222765611593643	0.636004400229216
100000708	0.62102817134465	0.824885108504261	0.281605586910998	0.464875623900733
244	0.0843924354999052	0.0299706607752708	0.201884971674787	0.501274616663855
100006726	0.394409505049421	0.265208376901656	0.316590792904767	0.44746666955298
100000036	0.182261628177485	0.681509027647016	0.249352659675798	0.490031769934364
100001257	0.013599728852053	0.0714135925582427	0.374607637005453	0.676983825482685
100000445	0.403420102284881	0.890865844123703	0.275849654092601	0.454503827557438
100004088	0.00281682454236989	0.0983953516456423	0.311971815317384	0.503313275999432
100001423	0.979743904626168	0.732609663462863	0.270237641821575	0.436746058924614
100001276	0.443280631946982	0.275386801819398	0.242428896239532	0.40525357263656
100001876	0.79966479757379	0.857489636107026	0.262248787102284	0.463452924418305
100009082	0.67328004458608	0.0414631438820068	0.119782662734486	0.4537831653947
100001121	0.366306675587003	0.740612168460075	0.262325177566501	0.456610126779
117	0.308247321035386	0.623285254320414	0.249700606665947	0.475139702048142
100001868	0.0413430233269216	0.131499695823868	0.316755502280953	0.470974921292978
1134	0.738501472281223	0.294974376046209	0.179339070344911	0.444327567995978
100021012	0.233308298375943	0.472579606856008	0.274215895879567	0.476850936584479
100001181	0.808299791243208	0.27274500435307	0.332147957875064	0.410715211249217
100021467	0.689194616531187	0.260120350223226	0.268914419183269	0.372327124187411
100000447	0.2532591556094	0.26298973182489	0.307946443513148	0.438608050227355
1162	0.000579006036486777	0.0139844335868982	0.350340925479826	0.38145626502267
100019982	0.544648812762012	0.430083377522704	0.27838268253919	0.439653296386221
100001613	0.988668644208988	0.435509142065129	0.281266675475287	0.433461591533404
100006644	0.273300004047508	0.566825775342789	0.243304735549386	0.466091553915799
100000096	0.587496964359363	0.0279194266440534	0.171968706744927	0.430490132931326
926	0.572740727783367	0.630793953239004	0.273132985711119	0.460602819672039
100020004	0.856540476908039	0.658908385616775	0.282576309437305	0.460911571054182
363	0.223081600980936	0.0428371803697769	0.244187834372161	0.154711729975805
1111	0.289430702660671	0.998930764772271	0.271814320125016	0.510385975964438
100021712	0.471142562478362	0.812667587031284	0.266603484540017	0.457224862069785
460	0.776063107829416	0.673151905231975	0.278458051599276	0.495332865454903
100009331	0.307236295774469	0.197613650084892	0.238239983898905	0.473973585660123
100000442	0.276430832955585	0.776262149683031	0.284775908846059	0.473892827168108
100002945	0.0910543098680281	0.0161245447019857	0.353733579041109	0.429822894535971
192	0.96922614581109	0.896921703608636	0.266546849456402	0.488585624898834
100020241	0.427488718885801	0.984218466282365	0.266667530091284	0.4597224697972
100000580	0.0961185507261557	0.110368438461632	0.221348346772771	0.659278596535766
100002466	0.0146957488159785	0.0368805371148294	0.227719302917998	0.309915769458436
849	0.924158175476529	0.930196112187695	0.267776049046891	0.457216689446397
501	0.539104836214515	0.399335051741522	0.296511160302098	0.429396779826963
100000282	0.701236731560683	0.13471673091306	0.341896492649308	0.380629564158213
100001577	0.0169008690122147	0.137819656555872	0.381835294764628	0.487550416029494
355	0.100082575625569	0.254004124593908	0.219090394652485	0.372573264988008
100000841	0.734400020011198	0.965637253494952	0.285767334181988	0.463178867928197
100000846	0.835803909210856	0.343923678343339	0.256935986030238	0.452443127140756
100004295	0.944040167281179	0.407614898162471	0.245949191884698	0.423729331482316
100001586	0.121698268966817	0.0451394035656914	0.385217552781245	0.209402718426595
407	0.0106558707211454	0.0291238180133313	0.300400243372229	0.511033900106596
1137	0.787302473738193	0.721840347270502	0.256171437601832	0.493316521601302
100021374	0.0317737248911463	0.0155516015315262	0.205065938625548	0.830153947850077
100001593	0.818764804493527	0.710238552205354	0.254717577320158	0.461257646324692
100015971	0.81987091473018	0.798344104730748	0.262067342032534	0.460817456678663
100001022	0.304891787729586	0.178031134840091	0.164298369762253	0.686447993730034
1094	0.0578564272536423	0.275078670596868	0.407867372146471	0.665413017125014
100002122	0.293669536351901	0.297087645174159	0.225289058457891	0.55086419469981
100000706	0.515007044919361	0.643811499061778	0.238251894559645	0.464854698882585
100001055	0.676435226230763	0.463079079822944	0.244377997542737	0.425657325129077
1235	0.429510471291151	0.679629069146137	0.251925621482734	0.487419327726735
100020204	0.0617691729220833	0.44071860806987	0.293227717840655	0.488992436395599
100015643	0.0382010014073192	0.303779720775249	0.291058736170989	0.423593680595329
313	0.0259030639584447	0.282969181654925	0.281104060453113	0.412774443443804
100001413	0.545617496068469	0.817069957014973	0.288126536716372	0.465759803027009
100020423	0.0243399846886601	0.0158174923747083	0.291056795272693	0.220816525203635
892	0.424166744268971	0.130030973464425	0.294275747492952	0.48263386316271
212	0.0717065847570404	0.141715365014262	0.353576610946669	0.452379830123519
100006105	0.178307788578956	0.172761029240187	0.307235175214655	0.468833772610786
437	0.854580403412153	0.540646796267887	0.244764905980727	0.470070482160889
100019892	0.672423056939691	0.670102483933895	0.263583768259149	0.473187220366955
100005716	0.0551910860463139	0.0881047144182495	0.288766364687682	0.518615603102587
537	0.20696269348091	0.126923443685917	0.275384282739337	0.475152600544363
100001990	0.317452756628698	0.581866027570418	0.310284307326577	0.422819411175831
100003397	0.0457074409954695	0.00468736538380175	0.209443964165435	0.28758617805772
100001320	0.14381278618448	0.213887962913204	0.344158515321886	0.281864923361153
100005717	0.116188430576129	0.0884178928133285	0.312851158343806	0.477204723137509
100001207	0.033222260177905	0.190470422667239	0.305292090275408	0.473654288613344
100001999	0.532219315007289	0.947407131824219	0.268653560492973	0.518627074811433
100002488	0.238002262400239	0.020734214667721	0.317525765278509	0.423133539770732
62	0.242992838054163	0.671341553840969	0.258700479111935	0.476581983748927
100000467	0.594447977303294	0.388002909796922	0.254150271194714	0.437025224190747
297	0.00595077449626961	0.143186242787645	0.272007490162079	0.431301171392397
100000285	0.02257127294925	0.363726350348439	0.269647305136823	0.545739499632985
100006056	0.0635191964940084	0.372187080072803	0.282554427721755	0.501176850401823
100002126	0.131757156939641	0.312184311570529	0.212998444950656	0.74557749362761
100002129	0.875928881148212	0.85828866322559	0.262810253270833	0.53601482701088
100020478	0.0386975293204088	0.233095626879908	0.241595797850581	0.488233835614749
100004089	0.10190942962783	0.630687159303863	0.28297260127355	0.444101965186444
100001755	0.481918290739558	0.571759446723542	0.267982962837297	0.426518777894485
100000551	0.0343292475806998	0.972547542713365	0.27480756991346	0.459192109782145
100003260	0.46971782735314	0.350105697738397	0.299284759350105	0.521009489869622
100010955	0.940214373835826	0.424426642058261	0.216203574130419	0.389273407907299
100020851	0.237631941089914	0.50713542978283	0.286499185223495	0.481753832915447
100016069	0.716067921158467	0.827627887238358	0.269840151034806	0.453515055565065
100002027	0.487439652177702	0.570578726961459	0.214552508131541	0.554491618449133
1123	0.419115619617897	0.236521257111504	0.256878558478691	0.574445893260139
100001150	0.678212596867227	0.916392684759275	0.264809190443173	0.463287972177689
100001657	0.237987918291959	0.751702775468976	0.267961109625385	0.453358612364351
310	0.230578487326491	0.341082724223642	0.23378449829276	0.544517393755702
100001314	0.273033066085885	0.0893596717013395	0.24556511990532	0.322798014595996
452	0.747941714906195	0.645632967187672	0.301225201209053	0.44101206606212
144	0.111817390760098	0.0649813712986647	0.326991120465019	0.36570572134322
100001182	0.219678000279303	0.157145739400388	0.330533337880268	0.453300009707854
100015965	0.715862171090074	0.469510331643465	0.255106986586322	0.523063029550907
100006108	0.918769189688492	0.464476492235022	0.276725992431285	0.49458131163694
100001400	0.739125049103442	0.640566007090869	0.252914639699787	0.453395613487572
100004541	0.333211552431151	0.186894588273391	0.259578951008919	0.26673605960249
932	0.839649340075761	0.181783031384043	0.271639663803764	0.454301299610022
100001992	0.44563857182452	0.530002742149436	0.386048368181927	0.380599715290421
100009252	0.142894745514545	0.201108211526402	0.323341888661156	0.454025315202788
100021104	0.60288592922903	0.587290500459286	0.223070726564359	0.573138826869245
100015838	0.00789086172423464	0.0426581829852285	0.390045189094923	0.665019910653593
250	0.000904248117909979	0.0226616316042631	0.501006853423061	0.55581528941661
100002537	0.959996431183456	0.512033706750558	0.247326914221665	0.55214191639694
100001658	0.936496761095101	0.768959122520981	0.287569099563248	0.466015407378166
100020416	0.287234563183157	0.341863743611707	0.234564617131751	0.434551381321951
100006642	0.16949366056601	0.704671140427895	0.252851680608601	0.473934204902904
100001391	0.109717912969159	0.416723280063218	0.333862018532607	0.556186405231856
825	0.547462285022129	0.735260595127832	0.247265310872907	0.466769958474918
215	0.0191144298337673	0.107753212656557	0.316436811639294	0.443366299220801
100001026	0.935490068924443	0.879730170636664	0.264540010145498	0.495508259648334
100020541	0.472280972590044	0.513074197358179	0.237260554868056	0.498257163142728
100001526	0.159939868765399	0.254748434986206	0.414370501819061	0.545328994714873
100005384	0.625727036063637	0.457975674348981	0.252131922928261	0.41513880035989
100020378	0.310460152521958	0.651267899286727	0.253407238179021	0.46006631286215
100006115	0.937338218529921	0.415545819446408	0.344267387679634	0.388575305512183
1442	0.229633210033869	0.0434325576449111	0.110400874775905	0.360618187212984
100001843	0.118622750347373	0.199177141987981	0.289689791499815	0.52265655852744
100015837	0.140767083092197	0.260507122495393	0.47697762983529	0.423647475243566
100010834	0.760861647449582	0.969641430026432	0.266766407948039	0.459002910019373
100001393	0.596361121085525	0.445805102575878	0.214144756862809	0.491708400332142
100000015	0.25780558578076	0.674016877436138	0.253913192469928	0.478956432772582
100003892	0.0490941754367868	0.0588892349612711	0.235735883448995	0.695385033276976
100000042	0.145411557414442	0.0222698024481302	0.284110772635469	0.346184405350216
100020550	0.641551906653139	0.234619167447733	0.289659611608982	0.386702243202209
182	0.398910926126151	0.326105989672765	0.257059536961635	0.472542094824242
100015723	0.147912603510857	0.452365652262663	0.269980079610602	0.446089630359659
100020343	0.437749732643206	0.517952480773538	0.243482059146347	0.465887584593362
512	0.353741455455414	0.65983407191567	0.290394206836137	0.437250076321559
100021100	0.777259413488904	0.725040253668193	0.256569027613808	0.462230210919729
100002528	0.347600789116966	0.0684899188860841	0.321000276189893	0.289924917557651
100001287	0.449262128586284	0.689544391774754	0.378511538117527	0.41018554292896
100001229	0.681085010085831	0.888060213419394	0.275523628421725	0.452547262520879
181	0.477794734545107	0.913607170255248	0.269134496689964	0.454901031079696
100015831	0.00201665543737079	0.0223547583957123	0.362255615894012	0.302074660955896
100020515	0.391756133957989	0.597417125918558	0.233705759316015	0.573169056744743
327	0.245686807911611	0.278525871799813	0.323255971054988	0.429464039111318
100009394	0.601738058872118	0.724051588432118	0.250156743598658	0.484249908364596
100001596	0.973057195405222	0.268986751062513	0.242712541393534	0.347561205367057
207	0.851999341849107	0.441973561779264	0.281242791594129	0.424710479817717
2054	0.7379613019044	0.893634681749329	0.27611249915292	0.453137126190574
100020259	0.648792284905986	0.543579361432959	0.293789858453394	0.4467497997141
100020414	0.00425840171714372	0.0501570141091723	0.196345468341652	0.459245342360158
100021131	0.749597348253433	0.314716846139688	0.258471163241327	0.441362231500683
100004499	0.877183442044851	0.443811700333514	0.248516206848794	0.384001129414425
880	0.216375539537413	0.896954194634126	0.279843541700733	0.459452491571432
100002049	0.534429791405564	0.318278838105261	0.295584218231307	0.422774189872368
100001739	0.57844015272703	0.265340047657056	0.339478888353501	0.435866472051446
100001126	0.536457298409506	0.162275151269909	0.178297253293102	0.390435707555556
1113	0.68824586256281	0.780153621275621	0.283009601549532	0.43566254765838
1083	0.894732019528003	0.373628555475052	0.290872838912133	0.408009876297435
100001730	0.0855596147170775	0.180361220448427	0.311709565897493	0.358773507367321
100001412	0.489071352281207	0.902694241172398	0.264630741568639	0.469372493592657
100005996	0.689896164135876	0.581845151249018	0.257135204510973	0.438763709634276
100015962	0.00584897087733662	0.0913646877457937	0.20016109835888	0.718820538041168
100020214	0.837727010553462	0.473230935522565	0.282489484532365	0.416960603150965
100002514	0.127612978019048	0.326432827662692	0.278304190896651	0.407214975917248
564	0.143989210279493	0.0369439786876114	0.227869036570777	0.317499281290409
572	0.0216635698837187	0.0155069111065892	0.400707815934566	0.342079145771126
231	0.959364624286307	0.679658428402759	0.247228266891386	0.473554315159111
100000453	0.629546177651959	0.498403409898734	0.241943342028662	0.490771000358525
100001007	0.134156354644598	0.250556794477112	0.318859318479066	0.370038786060699
923	0.501353573576926	0.268366891454727	0.250535957424247	0.490922641772034
100001247	0.619033517652837	0.725194723270761	0.258440859097746	0.460993832842209
100000774	0.543222991928857	0.919911146180669	0.277090873168892	0.470783693076957
800	0.40586554390601	0.38253494778145	0.282353751020983	0.521409410789514
100021678	0.26935898901438	0.370861406027483	0.218995946378939	0.453869151281016
100021711	0.44680983906869	0.873085891848774	0.279201647154171	0.46741753530102
100001274	0.910862399083779	0.422922495378892	0.257376345547377	0.356495426413495
100021220	0.109164855460102	0.174318765071343	0.331638610792491	0.741792835538739
100020253	0.342717261524314	0.92234403138635	0.265070498189293	0.463113470525265
100001170	0.841740725556747	0.193531576689552	0.247539728295164	0.393525303725475
100001466	0.205509501694894	0.785669248345829	0.277282359068515	0.448587448605398
100009406	0.763303559455008	0.725084894252448	0.257847106066569	0.473755211892509
1026	0.192448688082159	0.456642042196358	0.283652512891752	0.428684902971028
100020837	0.71128435290506	0.367053569683285	0.305864064292933	0.383889382524
100001006	0.0643684862852035	0.0816849160191193	0.255520368031699	0.563116782877146
100003674	0.834989875605925	0.144867126904728	0.26608773024389	0.46514281072655
100004396	0.340058323359011	0.385888969512528	0.310244819778085	0.373220995883268
100015923	0.590805004353333	0.98816870215033	0.278342728391811	0.459950815173374
100000265	0.463100308334648	0.649531084598294	0.273471233309819	0.432410245410303
100001409	0.102070904807368	0.121519382385808	0.263047103725073	0.342335619393619
100003434	0.402957545375054	0.508511278468732	0.271604601617241	0.398734968128928
100001334	0.680364812559409	0.0872509064923323	0.332158908577192	0.37714761507405
100001102	0.781049214489235	0.64827297008772	0.280155073955444	0.433203106599287
1268	0.689037819142676	0.072054951631299	0.165820388959348	0.438304669575925
100001300	0.250620306575011	0.0937176487804842	0.235691461227901	0.471360312743634
100021324	0.305607292109279	0.851741264123512	0.31909378097833	0.459852900376661
100001617	0.118565009737645	0.108092054495247	0.260443914712259	0.502185000838067
1105	0.94921539867672	0.173626336784317	0.357065672950641	0.246873273921551
100021502	0.0807060602625175	0.345971689477067	0.259177452341311	0.488886440840193
2051	0.85610455337754	0.478408725790242	0.266268831358953	0.357630784662841
100001256	0.0991775638404202	0.458801723508335	0.303948246508271	0.581108795777921
100005466	0.0722488304122683	0.0746372547414646	0.306877892442378	0.301025279895791
100002199	0.143136426105397	0.782652393746142	0.275086183515937	0.475754123107087
338	0.0163564508942259	0.0421512580541811	0.436798049523713	0.270559735107291
100004243	0.390708704660905	0.507151366235852	0.243417356718953	0.460958416264309
799	0.367613655346298	0.967969647996857	0.288267299504963	0.459629263560051
100008928	0.595989943383975	0.111210019670669	0.267579285825976	0.455831331640315
815	0.0632202061506572	0.221344765023628	0.269133835360909	0.518071308596172
100001456	0.00539486857905593	0.0657690465329827	0.255203517999301	0.383620408857399
1242	0.109937184038879	0.0995221123418985	0.323128892316869	0.332337712296785
100001416	0.302356471908856	0.0916859036534894	0.177966036223824	0.254152767356061
100001462	0.328865310824156	0.292791731636991	0.321863026389258	0.416825525681484
1087	0.19760580151253	0.0414528117535114	0.278700912406201	0.431586943370102
100020421	0.0871378460799602	0.108087133156894	0.304902577856674	0.282074929753154
100000010	0.0043690804091136	0.0295913052795619	0.295771678198723	0.62246010939892
821	0.57608345945652	0.353127981797884	0.299019130035536	0.344703327811467
100006627	0.231751443669879	0.107379482125483	0.388488512923931	0.365790687415241
100001277	0.364692386346788	0.156127778459028	0.316681871287825	0.427944668099984
100021141	0.0261354150004641	0.164481987340353	0.30228491790335	0.52361374821215
100021105	0.171944561298577	0.201448390241667	0.285919938795246	0.287273811818818
100001950	0.00038373972119295	0.00787821616028254	0.345380333677336	0.618053591587345
100020217	0.963323222252273	0.323959247362934	0.193512606718218	0.347682818302665
100006651	0.0496480111802769	0.235129097075208	0.301390943631384	0.31826817224196
881	0.947287465169624	0.405433668258766	0.25109064212896	0.472179065067356
100001509	0.74720378775932	0.162518430291671	0.236317785981402	0.406604940569831
100021709	0.59179144317717	0.815933519970051	0.260165850850994	0.465148455637394
100001635	0.214302197177054	0.029087972724318	0.289559566438558	0.363567712651488
100002613	0.427007457614869	0.121597653465194	0.248002974217097	0.530076517106346
100009329	0.494349722488037	0.684201356247704	0.239966515938819	0.584488965371264
100021123	0.984265677782261	0.643507253240854	0.276044756674931	0.408120075844662
100015760	0.238796525901027	0.160688908951515	0.21876219575945	0.480668304361356
100020205	0.481563081540581	0.479126141954191	0.308118992574115	0.35342098643998
100000765	0.595027561814494	0.607156296327533	0.261439511381954	0.428497979548028
100004111	0.310522160313137	0.148323086280697	0.297293973088958	0.432600908635146
100001615	0.224907547606897	0.788994942741803	0.265888546390671	0.455466809839552
100009227	0.162823445631358	0.115068488985186	0.376923481674625	0.569883459535647
100006191	0.423014254244457	0.603705341261546	0.291022414392978	0.423952990528032
100004542	0.517201767912666	0.432530182652624	0.280282136821882	0.504842570907372
100003686	0.308389772713496	0.124270211023607	0.379424303801202	0.411734456268478
100009232	0.0203345442031123	0.150300389606164	0.26509233943063	0.355431525653869
100001501	0.0465991835557798	0.105136274293403	0.347176821263661	0.492268854631169
100002367	0.439846883217599	0.178437458225131	0.245840234657563	0.305845360450612
100001108	0.253649172476913	0.857371991139087	0.265334742042077	0.457685465858878
100004227	0.664661685538291	0.898165224999965	0.266920773006062	0.452903891360202
100001310	0.146657411019398	0.248267556145053	0.249176191821083	0.549705971148181
100001994	0.817940287512777	0.989547600959841	0.299019246275618	0.505469693145382
100015839	0.0129872444248648	0.0143982425709433	0.357726022675571	0.545875089921188
100003271	0.00687164167287181	0.0826333963096785	0.348994835279447	0.310492690179724
100020496	0.828214583855823	0.996224479869789	0.2723932073435	0.4610053939184
302	0.831798988663123	0.3850467135866	0.231428353762862	0.454121579979757
811	0.615014632155682	0.645178756124009	0.257037022277689	0.491521781011495
100001267	0.987281726937697	0.765601814970575	0.250834848805397	0.454683409764164
100001197	0.0238500757377066	0.351058271285276	0.303275361635344	0.464107649717352
432	0.229735023932611	0.487430047001179	0.284669809721595	0.445391057097574
444	0.00935936020990767	0.0590018825590108	0.300988439263347	0.560046762677292
100015968	0.325919077934074	0.329444075965365	0.260674756642554	0.387915729672852
828	0.971204595073377	0.830374950622635	0.259292325567264	0.463778763550557
100004054	0.28536151901531	0.919673636634104	0.267576037412563	0.463131841681739
100004635	0.0985934417847474	0.136111968148428	0.625753443924213	0.259265566217058
100000491	0.532356058770735	0.56744984534399	0.259184506996758	0.390067116680768
100000939	0.0512272807743314	0.0351089767278458	0.283136924528571	0.379120994145253
241	0.190204690778298	0.581526519915508	0.28590654275897	0.474643433370201
136	0.396232795087084	0.0852965103678864	0.235212442867654	0.633507935315426
100000792	0.491826190718305	0.997357419342756	0.27501562621857	0.510043969117928
100020973	0.606282782809457	0.582915530141494	0.287462553744611	0.442287855380915
100000936	0.724524131618725	0.886745869735544	0.265399462553686	0.461928353273832
100001313	0.00486072884997941	0.115450054551519	0.281802047205392	0.487119773839016
100001951	0.0461818340005826	0.0981248430506645	0.300751323434503	0.445295808022239
100006098	0.0222063324937719	0.108490659163747	0.300965169865161	0.579489705294637
100000007	0.200008752790367	0.504285827157884	0.274559620987381	0.456170064507319
100006641	0.831872209308648	0.832247308745141	0.291342201081982	0.459707939331676
913	0.0105152683310967	0.055191343478474	0.332690364593653	0.339018427091092
100001579	0.725525975467328	0.389777212971228	0.296730281941019	0.453893587197055
100002911	0.133676627036539	0.0109714049912782	0.350311442082095	0.416735555655689
100001293	0.180016205132498	0.328707534211874	0.229787564948007	0.569872450452935
100002241	0.192229984067694	0.450228207745738	0.284109121948164	0.427373199270528
100003179	0.42584372205428	0.0772000637188155	0.253125507224483	0.343011918324192
100021372	0.381385118278552	0.2595494203081	0.202702866884884	0.476296103326152
100001956	0.374725825979165	0.525607836237317	0.268808159058415	0.395331191560407
100021162	0.194386537884741	0.127974971661607	0.250390507861885	0.302799183325013
100002259	0.415611850892169	0.688173599612668	0.250239577148206	0.457137423726263
252	0.447531363744246	0.626224156558691	0.304612549062791	0.419304438632556
100000707	0.440860819228526	0.325639911975259	0.262840638656967	0.465587527299
1489	0.733816306787515	0.0231712360222747	0.199272852129446	0.455287076583907
100020361	0.0196171860456947	0.0838447540372126	0.29797318529838	0.699036589123958
55	0.67237978724324	0.854397637656482	0.259464282182101	0.46931634789323
100000863	0.260173041630426	0.271582379767881	0.232721246948928	0.489080858503011
100015840	0.1625094438235	0.0898166741575314	0.361427272963063	0.42516600499384
100001541	0.163332654729848	0.081358656185538	0.180909588164058	0.451784052159834
100006082	0.148225016421755	0.0578620988178979	0.350522610741276	0.455420308915799
1254	0.739414252609722	0.879492524780968	0.266970475736141	0.480038337430079
100001624	0.804487618870715	0.596578986114583	0.258016963978676	0.469737688393058
100015850	0.866292762326225	0.595114279576566	0.329399546961009	0.437646461940505
100001104	0.00178610339276587	0.0116033248079679	0.299380802646084	0.672784780382267
100000900	0.103536225171018	0.335826820719754	0.278173066844581	0.462011566685952
100000269	0.296961064273929	0.107495971993935	0.169314822134495	0.443734139851585
1022	0.249852174596367	0.926130886861624	0.267610664144574	0.456462995132831
100005373	0.247044606558144	0.0934908908574158	0.239639928305085	0.503829982883054
100001129	0.122673641251965	0.711040061988909	0.257813300092497	0.48492536246526
935	0.0137736892811589	0.126117671305754	0.3486069933808	0.351905121848374
100001262	0.117954636884402	0.173234508868731	0.276884784409822	0.460482601956703
100019978	0.382954365734358	0.5214604039946	0.257985478858916	0.436276090148934
100002293	0.841559474458077	0.867251435877421	0.268827714828397	0.463932520931133
100001426	0.253288541219094	0.29038439547134	0.270849194187647	0.351127931504044
234	0.040221813020792	0.175076151015916	0.264196112177112	0.443062042917028
100005403	0.259115728407373	0.912007757950622	0.283292379904685	0.454695413925152
100001083	0.0533933488403272	0.365737205952668	0.291684982058965	0.495835482584675
439	0.666312626167333	0.309794125677052	0.286918850581521	0.450375512619575
100001086	0.325966025957273	0.43107252062848	0.280113890347026	0.527970182104207
100005864	0.71863591042373	0.468431841227774	0.24532723168534	0.515836081188849
491	0.528511790785457	0.927480318697855	0.265226176482829	0.460538957712941
100002029	0.537006809660275	0.448207710245881	0.25608660352727	0.365782890222734
100002154	0.856514511348891	0.486243533334856	0.23636536937787	0.444747384249297
891	0.512405495158312	0.205869985360585	0.299333864521104	0.436500874742816
100020261	0.387047324434187	0.435967723288346	0.322650658727007	0.441513389666666
100001296	0.571166206933424	0.481015706631518	0.269095749248712	0.379908625020481
2050	0.425830571168018	0.550258334625376	0.285902828813378	0.422221194834139
100002761	0.374657068968153	0.831747078250118	0.260850138689538	0.547518411278446
100006614	0.935481295472506	0.644255477168221	0.244601997160452	0.515559011892497
100001597	0.78756482589673	0.158394857974795	0.175840974718581	0.324443691807638
100020853	0.806535873907937	0.930907799297843	0.268224647831355	0.465163060251076
100001446	0.220045975108921	0.347295531522632	0.232571395508126	0.434683147600333
100003240	0.265672363122494	0.103497296164734	0.311799344435925	0.381888744558503
100001502	0.0241552035156112	0.228841441428345	0.321427019967171	0.529973864737635
100020866	0.128354802217556	0.013494861509704	0.164444448168175	0.335688050926795
100020419	0.0402660920452771	0.0935003922467958	0.289785123124874	0.268891873213462
35	0.506273101899186	0.263993433661673	0.239138825994598	0.408574093345438
100003696	0.0186684511112991	0.0563953835055539	0.401234365852812	0.45617707657451
100016038	0.640273302924322	0.982340047411594	0.265940903745702	0.462441872916494
100009333	0.191254396198022	0.172501000847238	0.265246680318474	0.473648963433807
100001611	0.141404389394286	0.301896876034663	0.35364314564434	0.43441929454226
100005383	0.624887173212098	0.310812427918913	0.274308646956634	0.489036548771539
100009239	0.33976754317604	0.129417910691356	0.337296940729836	0.324099089991944
100009332	0.308072101240685	0.229354982115661	0.265495344288869	0.419536337122639
100001731	0.190619603383915	0.697688452682084	0.272747295715761	0.446610476126232
100003415	0.400362081118855	0.509601641540552	0.261752764304172	0.481824792457366
100020578	0.188862182650488	0.379516243069926	0.249006736259637	0.462674227779637
893	0.970196573209967	0.429315584450132	0.261823184527761	0.454613621256056
100000963	0.365474564368791	0.217713625823542	0.347357051053195	0.318744566947348
273	0.150571615348265	0.321509507870033	0.311944448778436	0.461270189186904
197	0.598667235822479	0.474699287331237	0.260261962402967	0.387136669061087
100000808	0.245196415675608	0.2108408554084	0.249900769199713	0.593756971840853
100002284	0.663505047206028	0.388609748741763	0.178847675960753	0.418275541490812
888	0.663082890493778	0.039953450359422	0.290580758060744	0.380672308069261
100006435	0.427185826712844	0.333712399025142	0.20516369644109	0.725114909623364
100006374	0.269122535168803	0.681787642587846	0.272658260623413	0.459681655366996
100003169	0.62380056335459	0.998510762636385	0.26581930883385	0.459324896563357
1004	0.679537741843072	0.806148571009939	0.255254717413031	0.4469460677476
100005998	0.0945846876659316	0.93440682003451	0.279999644459076	0.465028328617797
100000773	0.634762732693313	0.499765337879669	0.271744266535569	0.443002588261926
100010850	0.0231719991689621	0.145170434019388	0.314075992418091	0.383427649104414
397	0.876943628584907	0.382113227869958	0.200468363390479	0.507902768779454
100000039	0.0626270317209051	0.200082087911748	0.21358819316756	0.499499831454762
100020833	0.775552916213851	0.814519234663806	0.272097624534473	0.489669863543644
1021	0.667275687097647	0.575786885973203	0.2577469936652	0.508242698535688
100020479	0.406342681090738	0.639633329679342	0.270213736234141	0.472932068198493
100001335	0.52885953854672	0.314217766078859	0.304015674922244	0.437773811152258
100000743	0.664298570160776	0.939915340738166	0.266013413989534	0.461530640519401
100009246	0.177756123741617	0.681401155735753	0.257783352683481	0.483922046348699
878	0.196419619960133	0.771754716957114	0.257150078175235	0.470357066913915
100021103	0.845417806992404	0.841687304220019	0.271637850643623	0.538446840527999
100021363	0.225286828796715	0.569225784712164	0.248109974833211	0.492968607423788
266	0.103018275493522	0.158432272304858	0.269320600684352	0.376218565477821
100001195	0.346592370441668	0.220117597389216	0.343426816085611	0.409774010652013
100019801	0.785343239542424	0.68901407027757	0.278867803893834	0.449088626870056
100002196	0.0434588461453412	0.241354191000663	0.284542925849332	0.496917795970803
100006370	0.239894596588494	0.957032905439808	0.264677339045325	0.461769115902258
100001510	0.0338882636554923	0.00433645032313979	0.2259924290213	0.563403800116175
100000437	0.304879083696889	0.245809732408852	0.243394594231216	0.505139211823337
100001767	0.146409545784713	0.035577990986609	0.33240863625108	0.527370896364736
100001810	0.317372718780215	0.483426961158876	0.279639706576986	0.598594743853077
209	0.0327189028923702	0.344863516329641	0.306885766891192	0.443453203574962
100001485	0.312373419950788	0.10123909651525	0.161948931050919	0.421446490686194
100002500	0.126200518443113	0.441823642727775	0.270792153507501	0.434473944754242
171	0.0318377896380496	0.0255559063933506	0.199077204621242	0.46304132264453
100020487	0.890654802595252	0.829284237353145	0.286399927337817	0.441604154397627
1206	0.00730206017890695	0.12211187903704	0.269927414307156	0.50310330634199
344	0.0100305630431506	0.0301929363072408	0.550322075099335	0.531123978886252
100001405	0.504242311610089	0.907660400964998	0.271969604262864	0.454543521129315
1239	0.841597486733974	0.445321372662804	0.302577687930118	0.453027558596943
391	0.0338635480249661	0.134694376831872	0.24488824728838	0.634265281143819
100006430	0.532108917163187	0.191957369053353	0.331995451522901	0.275692469626146
100001417	0.861172356669296	0.451349857210396	0.253946972039228	0.563967099002414
100002951	0.0513879609332314	0.356641470991519	0.262239099749108	0.375926547152421
100000014	0.460678755542614	0.595779057483153	0.260992427681285	0.503147329083854
100003926	0.515722439110406	0.399865404960873	0.293357317623494	0.438601936110303
100021538	0.518806319435855	0.350407004214503	0.314639415647644	0.390953877805239
132	0.316598245795484	0.956966414602579	0.267042505043317	0.458926105657121
100001425	0.55326907727456	0.479304447397793	0.341461276128731	0.402541391297994
100020262	0.60265254526205	0.6258016627073	0.28839163001459	0.448605794651123
100002679	0.267533325646347	0.593831062183745	0.247182450477977	0.536537424596785
100001270	0.948555565651166	0.394235286633882	0.273568294829742	0.408615356325721
1102	0.741296195020789	0.993524129500431	0.266552197981713	0.463021052169518
331	0.3124791506526	0.207065850142954	0.220750899306186	0.385761049302313
100006361	0.532264451457609	0.663600050552735	0.249805902893973	0.524837633564891
180	0.832794397304379	0.901912250957918	0.277569724314779	0.457246078446128
1053	0.294050297976969	0.485250793354572	0.397593681987683	0.519813431008471
100001359	0.744697785701399	0.938621788835806	0.276015242386567	0.460075516682292
