chemID	simpleLRM_Fstatistics	multiLRM(chem_sig)	multiLRM(sex_sig)	multiLRM(age_sig)
100021136	0.0251584543570512	0.245537531574268	0.329159458222775	0.756952150184197
100000882	0.823595875540003	0.65023402687486	0.304255767216881	0.641575597447942
409	0.0751821358068862	0.157740891457791	0.342899123327823	0.417120032955503
100002254	0.790829993802607	0.0498809517876657	0.191453005530657	0.652007928066621
361	0.00717258702534473	0.0972915043355051	0.211526865741618	0.639544332366752
100019975	0.559098961483471	0.710491970885098	0.293806399249975	0.685174638402902
100000257	0.000581854094265871	0.018597129617211	0.302607683631898	0.595351254350976
100001232	0.97720009872403	0.932256982558481	0.302571199245502	0.663892194962025
100001948	0.396405620754805	0.405501532617688	0.311576527480619	0.540525822700133
100001073	0.589960275390639	0.65037525844722	0.37021195260547	0.589291963801117
100015637	0.908846880293079	0.420323844566865	0.311400173213648	0.665591407604617
100006360	0.642326707376415	0.705403464019815	0.277676567798902	0.731283119508979
1488	0.537047515094625	0.576739930078976	0.296065354950961	0.642798504730387
100002253	0.797600074835303	0.964945129220321	0.292683188431356	0.674360077658796
1023	0.937674684995795	0.705823812298458	0.2903317158894	0.651135064311585
100004284	0.67281687978069	0.822507929080498	0.287827167870673	0.675372516098647
100001251	0.684136938052633	0.995562938741266	0.293662374000364	0.668440714012574
362	0.696374878241849	0.500477715082145	0.265865691830551	0.662980387953388
100006620	0.798851227666167	0.852545999431976	0.293847907171284	0.673133868924473
111	0.363301758287307	0.176123964418577	0.249235154776109	0.638731747091049
100009045	0.637296216292769	0.270043111263642	0.242336983790286	0.826998016146238
100002927	0.720635134912372	0.8708115152801	0.288228828158301	0.686214168584998
100015641	0.744037263871395	0.944855126970567	0.291324569789092	0.673197041428233
1114	0.116357256460094	0.963215417759173	0.291213231802524	0.67063452990995
100020409	0.376347419118603	0.384122492842389	0.291392864920497	0.546594253507582
158	0.138088482157264	0.263944270393812	0.367437916140629	0.696916596326784
1224	0.0411638392121137	0.171804969375307	0.229337013229319	0.706290872423394
100001620	0.492877975131992	0.39837362659538	0.254456891734709	0.671996067498351
100020893	0.294670754705207	0.0639515865716724	0.26813596340205	0.398341896797394
100002458	0.717172867930134	0.603661885159594	0.32973443492614	0.619606440469928
100001112	0.809556703612318	0.979605891070591	0.292021094825861	0.667961329891497
100002953	0.420029789985378	0.833399157923298	0.289817560761092	0.678595940652843
1141	0.398344979579976	0.0584282143719441	0.378579545839016	0.491785601274998
100015834	0.487054816160088	0.977205416227097	0.292848420337255	0.667522655227524
100004561	0.649495500838437	0.910380185973574	0.295027686414683	0.665851531048019
100020497	0.753944802616164	0.792197472342135	0.281240250381646	0.689533887090321
498	0.0528312242469844	0.312895259031962	0.286813062434205	0.747664111687383
100006051	0.851849601536968	0.838643813101327	0.296775021533567	0.664423300343889
1668	0.653291899263136	0.524811994930871	0.287351590011787	0.608940347610348
100004523	0.44609187220723	0.887121742316299	0.299844726221592	0.656201547736872
100001604	0.257895248217179	0.549942538109578	0.287776858474541	0.711585613886681
100001002	0.17317310736534	0.532536419180148	0.306241518293092	0.654950473486921
100001987	0.0613960683799851	0.259536759925378	0.843994705187021	0.525890612558961
100002462	0.597390701628042	0.334992818320811	0.354306824503811	0.547727459120722
466	0.575944147401996	0.0637476907576863	0.320812939256775	0.646520606265376
100000665	0.87468877442547	0.411903771963478	0.328353945877715	0.612080461292702
445	0.963177213801985	0.435113684591423	0.322366880436927	0.718987142347214
2029	0.0920084617878857	0.381431978252089	0.323349286821558	0.67118313220741
100006438	0.131855944879167	0.256679225112427	0.339053986776663	0.681694086305982
100001398	0.164369508050752	0.582837018848145	0.272091588214434	0.689852752184219
235	0.399840973402363	0.455735516755213	0.261697115687887	0.701041619522616
100000997	0.704870969721239	0.690878769485993	0.294926023607603	0.64604898214893
100002094	0.252733084203117	0.206780587904967	0.246531041105824	0.530785141898291
1052	0.639122915982173	0.931074826413591	0.294181433874254	0.68848793867949
100020823	0.340446385958767	0.592737139458659	0.274622301763264	0.658286976629453
100001806	0.289361746790034	0.634295396197303	0.339380894351183	0.67831734181618
100006092	0.820000221514997	0.872255017445168	0.29772337718775	0.657842017561374
100001415	0.111769432949734	0.0766853796188934	0.292614194199271	0.393390710205309
100000008	0.0400689639722525	0.0689680216649836	0.326502468972355	0.503443914305927
565	0.00722758971161112	0.0469225965610876	0.292315892011685	0.747269434572895
100015851	0.158088239575267	0.200952090566464	0.372803251010659	0.803264133349492
100001866	0.505007304996261	0.873816943028451	0.310376231646248	0.651836879709389
100020546	0.00293136138671995	0.0303082079919765	0.518207578070574	0.865353159560906
100016110	0.538835879171359	0.430147953380119	0.242354517355997	0.762471281737015
100001254	0.00323117034109966	0.0132160948607837	0.378140722504449	0.881799810999997
100006260	0.402867855768338	0.82363109863415	0.296881045502493	0.66551768098392
826	0.664828914495883	0.859514952501286	0.293368236682756	0.663586023837148
100001872	0.473999960742765	0.839236828635346	0.293080466561284	0.668596916643376
100000263	0.353516905661719	0.386917670068538	0.359009623360027	0.662223028069475
100021198	0.812670979675258	0.0625954300577614	0.201899895309782	0.382719462381251
100015967	0.0345748230110098	0.0894842094511167	0.366223433840643	0.489571653306375
278	0.118467195303326	0.237046021721506	0.277231507257543	0.967669942663962
519	0.741463311900125	0.309762036042966	0.350324195293345	0.603885607220988
100009337	0.112858575630379	0.328969529421972	0.392401292470229	0.654546762652538
100002185	0.365486014427644	0.860653903751467	0.286421827684171	0.654850700895524
100001278	0.399815405064479	0.248078394625468	0.358629103788474	0.622819988736194
100002103	0.856018159748499	0.616420429631644	0.294482717264336	0.61835558391996
980	0.796408038632789	0.409231328046374	0.323779420372781	0.650642345676227
100000016	0.94580243815701	0.489211124800787	0.286917971717149	0.645735134817198
100020372	0.188099365095889	0.492139689501685	0.290041457435609	0.607404723514949
100001662	0.61185101283214	0.112384736310712	0.108891774517278	0.667347373278415
100019972	0.938149920159492	0.682095085500879	0.300987854501766	0.65535717986246
254	0.764672840031048	0.716517533779871	0.289984325825931	0.672594469491593
100002009	0.665823986038155	0.697519420156802	0.289653040334157	0.596203500179592
100010895	0.429331974878054	0.539137274110232	0.340244860016842	0.647162713981835
1140	0.998917896240862	0.960477884436428	0.291529672021261	0.666027766963957
100008951	0.612938684820733	0.529971584384563	0.314077712266974	0.629584575253061
1084	0.388538439997175	0.842839651854108	0.291642004630812	0.705027649752488
100002796	0.105328200283994	0.402633693656628	0.263750637155855	0.612466302144109
358	0.987102119498789	0.920239824470036	0.290485705995174	0.659731669843429
100002070	0.778825268674672	0.685539107557311	0.284628221072667	0.701503675831934
1628	0.381405559241986	0.145311246395692	0.354031243499881	0.652887391702979
823	0.76372401903095	0.578080312726554	0.25936371103368	0.722753388628932
100004414	0.48307451707226	0.0718128633301837	0.378354316838028	0.826622257143759
100006129	0.688010282502242	0.674370667780598	0.274574640716486	0.684511322860073
100002028	0.677051117036662	0.4493639553315	0.400862864907942	0.477897919045643
100021707	0.536474898125413	0.672025375485407	0.268697989081404	0.714387666973815
100000054	0.514902106694879	0.466744674656825	0.284492142330628	0.693367352182464
100010869	0.495723113512055	0.237198520364526	0.300149837077686	0.543193706994157
100004575	0.0291930924648819	0.106843961942278	0.36815670301763	0.995651567056123
100001212	0.978659834150495	0.659571106244042	0.29726522512296	0.606108733748957
818	0.205633886882442	0.548601004721864	0.337587123677934	0.618916763624027
100001092	0.00173194232920548	0.0230064492291106	0.287018726127419	0.653604700850496
100020371	0.968727678850502	0.836011799765463	0.298822075445514	0.666546070115987
100004112	0.201718013980308	0.519657010685135	0.30937078242882	0.675767939485443
1125	0.47962220782791	0.376188893777095	0.322556400108727	0.702092049297936
100020491	0.943730286238003	0.580425926138308	0.256377121233977	0.681937539150942
100003151	0.00274764140841742	0.0259944989558169	0.433729340440026	0.551946347619377
100000011	0.329744503670259	0.149592992894338	0.216005084517826	0.778710472669018
100003594	0.515022678867736	0.965618341156238	0.29460858033556	0.666791738921882
806	0.80116027521793	0.173026189709686	0.287202359648094	0.480789457736809
100001211	0.949140379967006	0.563672039735033	0.303401461755232	0.648673623400238
100002417	0.595548171201937	0.607259933015319	0.283801258581048	0.634823055450458
100009335	0.533506625294508	0.205756896130408	0.24055525061563	0.690589819934993
100000781	0.700948101462648	0.979014493394681	0.292123268374966	0.667627372907803
803	0.028557613504025	0.0295507612586404	0.279256826606277	0.544345381638515
50	0.502292689032067	0.710760720442314	0.299008902007827	0.652766188767087
796	0.420790009630894	0.0488428822949054	0.3256664670298	0.653325003132756
100005834	0.985039644253651	0.642552076646926	0.337868228001122	0.664937348301031
100001580	0.998348776357489	0.488507669877775	0.31496616157304	0.673205784990486
480	0.743115961193777	0.636836007985268	0.263580846820042	0.676661058424149
100001540	0.26992024749369	0.771855956157546	0.362400850800212	0.737597594514194
339	0.550548553286889	0.119299620697339	0.266761052288349	0.577479824004812
1110	0.946570141460236	0.94138788029083	0.295500027589469	0.665739376594487
100015836	0.178173203261781	0.177091433624619	0.425161556961378	0.848244302807638
100009271	0.525480861491488	0.509257614839497	0.329230104651133	0.647834165188182
100015638	0.982518739401366	0.395863042994856	0.305706041850907	0.650685099308682
100021667	0.957836434423215	0.508825807104897	0.330534241207961	0.650226033379242
100001279	0.578811699633988	0.364258747514776	0.319198964266833	0.792341918717297
100004208	0.0205606823094287	0.126233053130537	0.441353086009469	0.783741280279161
100003695	0.216422093884447	0.148155812654329	0.31770003001411	0.457226480700072
100000802	0.794040405193599	0.906209663040909	0.2944134645444	0.664949974105145
100002769	0.881739539218569	0.10787361119873	0.213002090139517	0.781633224966788
100015835	0.119513900782286	0.321781942075537	0.420887901523618	0.858538144004319
229	0.92890152855593	0.342428756993492	0.326662930141227	0.668104143618886
100001266	0.00633483564367616	0.0244004056618601	0.373584043110933	0.973691699736852
1342	0.302623852509784	0.354667803380852	0.251153044664851	0.687000281517661
100002102	0.888116437796339	0.585974530743057	0.325658381073685	0.76163497865815
100020254	0.178710579779298	0.599537643524174	0.285042462902793	0.694710339810612
1231	0.487138446009548	0.21173494474726	0.347647612329784	0.62257455332943
100020492	0.996623922854686	0.904284375887492	0.28948574290934	0.667367480800612
100001402	0.411779575503562	0.560879418958846	0.321759265833875	0.676214592268037
415	0.00589557022631534	0.0852135259416188	0.343823634007207	0.726907796985908
100003109	0.95975498565136	0.931034275064722	0.294370018258	0.661796292491209
275	0.581487532457582	0.829563702361166	0.287080869555718	0.654496034925924
1143	0.166304270200562	0.0742144513385439	0.26488654409085	0.769540016832796
279	0.417950397987417	0.361777229823814	0.291586754634516	0.542047960282547
100001198	0.941838473692446	0.995445586595241	0.298073789672545	0.669146643367081
1648	0.385561972481734	0.960826457258152	0.292980261419817	0.669052946521074
100001590	0.340429622934146	0.281690422389873	0.278994640132751	0.587368614027926
100001733	0.373878832267311	0.850877635984453	0.289198076009233	0.682629484287117
100008933	0.0155894697295401	0.00206367908670384	0.399259448576268	0.626418052145167
100001550	0.346881132738392	0.505982612293278	0.276308356270364	0.618008530884455
1215	0.0641681917965734	0.222775872142368	0.248826667167425	0.620151347916961
100002356	0.278946728014947	0.0963180304923272	0.349566374026554	0.683278916610687
100002749	0.685804275833129	0.752435347892616	0.296152957725093	0.676275803494837
100006379	0.166653307582919	0.167021180569811	0.338831275847461	0.422244007582902
100015966	0.0772447001580983	0.152702666932582	0.322107134776491	0.49217163053313
100001392	0.695151216764737	0.917189120364028	0.294990485127287	0.666614144612956
100020425	0.118279552868331	0.0470964746088606	0.248718862957525	0.423926074710859
100004299	0.314964891851109	0.798233283683227	0.310212222520241	0.717862386220015
100001734	0.592395297552555	0.529015337436042	0.307183382377095	0.608444110776501
1002	0.844715124458493	0.838035065659243	0.293637782711747	0.66706635286573
100001337	0.280136050546572	0.810885062998347	0.280035181534542	0.668817603708296
100001452	0.794894064120813	0.797639639529623	0.290813913971435	0.644802439839036
314	0.529190227756052	0.380588715117569	0.30359438382246	0.686907900569017
100009264	0.99211099796279	0.553939479049875	0.236042508055693	0.787303845271461
100004634	0.455796108808441	0.512834765990739	0.263791792930094	0.685226788533781
100000711	0.72761965471608	0.700273991142433	0.322646097466992	0.692497613716427
100020536	0.0212227241588078	0.0981632595100873	0.358899802465668	0.771338464805038
100004318	0.293205366015437	0.552075063995794	0.302317131485319	0.662244386503774
100005850	0.948663540560257	0.528128998805283	0.359311707922284	0.621582377621466
100006619	0.304128064237818	0.147861605083123	0.33523059857208	0.651619013081107
356	0.481690059644929	0.664750843195879	0.281576434666802	0.68442222363901
1221	0.590974364231494	0.579583289733859	0.374147948631202	0.707823450067511
100001397	0.794667619819902	0.75416330274464	0.291052794902648	0.661041422116826
100019981	0.628501047688718	0.902289320735512	0.295947799188263	0.684215234638141
100001208	0.451189401452597	0.257886900690691	0.253382373667608	0.952830518115322
503	0.0078355862117412	0.00927796511928957	0.186987507806191	0.49181220189321
100006375	0.150215300829561	0.623237005325881	0.317338261446807	0.647632905777699
100001295	0.754131504487203	0.656902270574912	0.285579677236053	0.749441021579597
100020427	0.0504808313299282	0.0263728777411261	0.28733278760905	0.367186844292086
100002784	0.503694133015439	0.38409792800195	0.251083082094517	0.733611167072081
917	0.0610600045921951	0.213869421523956	0.319336493906052	0.619283158242114
1869	0.364978980692424	0.203141289515486	0.317942094021819	0.549553535902051
240	0.222286649665427	0.0993524961726646	0.186236820283935	0.467136905580903
798	0.00557346627166565	0.0973768516882361	0.430394534665819	0.598682295285364
100002952	0.239177321921011	0.532236881306431	0.290544642749958	0.743152081650921
98	0.618849001099612	0.82482691895749	0.31013170939623	0.674167603494429
100008998	0.316719028556279	0.342960720674625	0.232784446423031	0.734915814453752
477	0.912278345162472	0.272648463689374	0.300181259410466	0.66400206192799
100020545	0.0929020210318606	0.148032037485045	0.331557113959111	0.834910178033345
100021666	0.95056165256138	0.217745811800547	0.340739077978532	0.656716022538769
1256	0.507360165298886	0.651316620320451	0.347526028313449	0.710911342573513
533	0.30752853064593	0.0800484947921766	0.212608931994753	0.420360657452579
100001757	0.458960711353302	0.922039647144806	0.299502413637901	0.664548331841298
1024	0.325583246701335	0.0916499853703924	0.194871765533291	0.866897164031483
267	0.462884080284605	0.998516854674287	0.293226515992645	0.668651255383836
100002113	0.110443535540184	0.096543319641661	0.282346313367081	0.693441877311195
100001756	0.870662668040907	0.737947991110094	0.303842264339473	0.687838475319269
100001193	0.47664093097843	0.147973953386357	0.361629036572406	0.618136159714851
100001668	0.688687643474804	0.995262306705855	0.293934956964349	0.669748079695173
1124	0.32375391681301	0.316814205452133	0.260492589889856	0.759749588006591
100021331	0.202533222789965	0.349429450808071	0.266808368974348	0.714991837839984
1090	0.069148657550645	0.0454131364820662	0.273258997669463	0.815728008993934
566	0.847356952122777	0.352477435220532	0.223646320551069	0.670399157986638
100003119	0.483582644661541	0.262285301040903	0.323148637137149	0.606553640935199
100006367	0.745651244385662	0.556383842660729	0.30380171309345	0.64786064960508
100004322	0.233596114792468	0.252917310331661	0.297392846266015	0.75483035344983
100001034	0.666609530414467	0.859958142568452	0.290053804124676	0.661802115694413
112	0.918716953608618	0.922839950011864	0.294584435581433	0.660938644167599
507	0.744184059920932	0.780502997039084	0.291336163508035	0.675175632923468
100009233	0.319437339760479	0.197540754802437	0.270431249356161	0.686400783488269
100000406	0.0135146974041982	0.12344925892116	0.487691640823285	0.460339897078047
100004046	0.359003160673029	0.424396291416924	0.19461188831262	0.606700920977168
1025	0.764799398521042	0.704534028198479	0.282369223273253	0.686876182426257
100001106	0.177802479302324	0.172099194639771	0.240696878790554	0.703962250394037
1128	0.0299771150824095	0.584493093495096	0.323448735569565	0.71559578033053
561	0.0499887544361324	0.182647962853619	0.206169699875412	0.589126506145417
100001614	0.846802536925989	0.36845981111214	0.308661086293528	0.643301307166451
100000961	0.863471937544075	0.991020260283981	0.316972292220037	0.672669897656836
100002397	0.869493598900425	0.60766809912526	0.294059915203085	0.601727738396205
100009407	0.981094174733921	0.986251988106964	0.296973613001416	0.668532114162192
100002910	0.896790561933117	0.592581061123329	0.267269990670955	0.603988384794801
100005946	0.250220197333061	0.326413895527727	0.34006927365952	0.772491532335106
100019794	0.101395400576726	0.297151206023272	0.291924095283652	0.826505246416966
100015759	0.319984651854639	0.102281971111696	0.250275376774974	0.673346608229207
100020417	0.686527008082422	0.584122757348819	0.279509025004531	0.640135878137396
100001054	0.698235515109776	0.979613247414902	0.294911953167126	0.668608284805253
100001437	0.326540765076102	0.354078199817834	0.247465186230681	0.59807454064593
504	0.232314499943228	0.687422671018603	0.347376564013453	0.677900389877652
100001988	0.462477753245875	0.663608989655036	0.287376293124853	0.819626275837812
1082	0.0286787181404355	0.588043512258526	0.327521646460152	0.699308730764141
100001403	0.31534143423973	0.318692095887208	0.326027029710378	0.650989600815618
100001664	0.939321836082262	0.564275792942472	0.278795919356677	0.834416524268182
461	0.243714477465085	0.216307038222863	0.47692833493924	0.636745339643139
100000463	0.729846945536836	0.9593300803292	0.294866328855041	0.667725557907863
100020208	0.565863523317867	0.532045792324115	0.332462621482679	0.558742316505303
381	0.556800326370504	0.0736373223616158	0.133480797370556	0.505706496563041
100010901	0.079845807703578	0.0755245956353541	0.296186619614603	0.780778061362913
100001468	0.278400962985853	0.998539484816577	0.29389011426241	0.675239036000775
100000840	0.912688598122248	0.912228478177374	0.297807540303843	0.678264811460797
100020014	0.238790233180032	0.594315220239801	0.287503425100259	0.683159711291105
100001993	0.767930978127996	0.613058469485426	0.24540199563696	0.819029875902026
100001051	0.104198803550535	0.0213157557278545	0.324687745507547	0.35360564432012
100006116	0.359284777576866	0.48634774515281	0.299139802213592	0.669523037245978
1108	0.942679865551935	0.968016011351942	0.292738678382364	0.673176190722198
100019966	0.347198419440175	0.106823924717945	0.353018282702965	0.640559769429901
100001743	0.616584911062037	0.417698837553039	0.284789351732255	0.652325271644216
100001294	0.123923867938354	0.193746594700079	0.210960488120818	0.725364045024027
100001609	0.265934426417196	0.112185046676888	0.276354155626924	0.759124472454816
418	0.79382430209103	0.961722294813123	0.293545518686913	0.675748277694828
100001178	0.383315423908536	0.886897147533406	0.290393791643297	0.655369064509036
189	0.886571721284215	0.724620820324775	0.271326332960555	0.641951215903549
563	0.49893949914338	0.763129688624345	0.310622943178022	0.65162880648061
424	0.623963799906829	0.419904567542154	0.325056178380987	0.653072260153029
100000776	0.147300138254696	0.340266628933749	0.329938269083507	0.67297294657697
1001	0.973109344022802	0.500273365884452	0.297596727895577	0.673253483274895
1135	0.309011652112816	0.0935021909427379	0.28486996180666	0.726593614203967
100021093	0.369602451549246	0.497509474606418	0.336791224372322	0.691953638999046
100020219	0.125139434437801	0.229429240170213	0.303986105982672	0.563225193350248
194	0.473757829787974	0.825545608752235	0.301608197226838	0.640896406400234
100008930	0.742526949822969	0.600250460042759	0.317377365095802	0.649849613913064
340	0.595708458450994	0.240653045959671	0.185103589459358	0.746665477145987
100010896	0.939749427804324	0.762977137111111	0.278636794960464	0.675415625314822
100000787	0.200622906666858	0.10185373309964	0.289808815003406	0.378830661305297
100000639	0.0317905943876526	0.222428726302317	0.265655030906931	0.673681359396861
100001851	0.950796561085922	0.241987058999069	0.323224377593506	0.444338009785115
179	0.561691756242045	0.635465647814263	0.28745738206302	0.681848988591953
100000626	0.381518452091808	0.710195446439128	0.307235280774019	0.66929566859558
100001605	0.0110858264316153	0.0901135995109299	0.375032581106178	0.760572989876289
330	0.226927739906911	0.396490562614358	0.33009389435181	0.528655326202226
100001162	0.750085691086087	0.611019852846148	0.26489847759693	0.637688876368208
100001167	0.04339904613911	0.231755766258635	0.28919471980423	0.651354871758482
100002067	0.585283581002805	0.788266840409476	0.37214515443187	0.615087909303238
100019968	0.624186740770529	0.362961382341091	0.327327680985374	0.603245838621155
100002014	0.939975400685624	0.977555845883137	0.292330715722493	0.69688445694333
100004083	0.443566251325359	0.127791121008085	0.326564839063248	0.53236654585953
100001315	0.304763435302254	0.381320379292578	0.308657576029498	0.736609127853255
535	0.254834521135486	0.590994828218522	0.313705810938598	0.661450575548347
93	0.407108976359522	0.257851456461729	0.333708528583269	0.508032499853516
100001989	0.378419766710169	0.636045509874598	0.270634455162607	0.711082512418361
100001740	0.772445533151001	0.413674482356084	0.266750098491131	0.688774837848356
482	0.16438794077554	0.873960330379597	0.295130419854057	0.653632364146352
1629	0.254196451123241	0.411172012442145	0.353252262764639	0.643494682992132
100001399	0.469229464774576	0.371105661304755	0.307962431305842	0.671407452813956
376	0.824587328058142	0.161981454754554	0.180063322812372	0.779328354597948
342	0.592955839343064	0.57764215096724	0.290991694419493	0.667250087085968
100001253	0.0282194219333103	0.189317965202247	0.247914774162369	0.877857359167875
100000708	0.612706777290273	0.768779725925409	0.313102202308115	0.676294825570441
244	0.191571553670442	0.054780509290154	0.246051781197189	0.78283363609286
100006726	0.421926273892546	0.227372262882285	0.344461227318268	0.659407356474565
100000036	0.165310540054717	0.66456157553735	0.272365241255771	0.706747137596327
100001257	0.0242141192460077	0.0855600258845146	0.39904373993978	0.937407472382545
100000445	0.653857028963769	0.637433913972987	0.321365227917391	0.626664619933117
100004088	0.00487060335194745	0.125980401705086	0.335635231021401	0.744719747315981
100001423	0.994336008415942	0.76582073079564	0.296914015966777	0.643044390290005
100001276	0.39325938901357	0.290569293033645	0.264706018957891	0.588207801384065
100001876	0.744700590156625	0.943666866968581	0.291289152924845	0.670014474640734
100009082	0.655064952467487	0.0417445470250764	0.130633835870245	0.654026648475205
100001121	0.335639090148417	0.723819935400171	0.288613491217777	0.663897199066692
117	0.325767972378002	0.636214972807415	0.275574020943843	0.688511665613374
100001868	0.0266187662292083	0.103017443819072	0.365184328901363	0.665629558696831
1134	0.69635657299097	0.305502555864722	0.199320420189346	0.642315875759009
100021012	0.27015219047314	0.486105234678697	0.299734891642978	0.693699973909033
100001181	0.80339904896752	0.232530807152563	0.362788517417617	0.59905618083726
100021467	0.708265820339331	0.289569414929734	0.298617399387207	0.576551707465346
100000447	0.227093727881545	0.240002521079897	0.340345471024634	0.632147212632251
1162	0.000517217239948774	0.0129720146831235	0.384006968367688	0.569606507470029
100019982	0.508071971550613	0.470731726952074	0.306378867197455	0.65175418970957
100001613	0.980078718672632	0.44273688675019	0.308900388068791	0.636817144944305
100006644	0.38096082695684	0.630636561042352	0.275126059929339	0.694266718110012
100000096	0.579855056919699	0.028467702710952	0.193015803455895	0.635132010218078
926	0.515392319990925	0.680959555178616	0.299036802752247	0.672228879633572
100020004	0.892737059795032	0.674289893197927	0.310695244043017	0.666196217748155
363	0.166384211125462	0.0378732650079774	0.275496381919655	0.245649867582469
1111	0.399177911889705	0.999142142968582	0.298587484703534	0.707053875095573
100021712	0.669541971120069	0.808567860097574	0.291794070167887	0.655796959658379
460	0.843939947565526	0.679773677564196	0.304191332229512	0.70949978710711
100009331	0.334237457360883	0.210401048420936	0.265093663229219	0.696249134972468
100000442	0.268242191078133	0.734338739358664	0.313942108436579	0.683460621286166
100002945	0.0929873035298565	0.0145963431129205	0.379542156393582	0.631322996877064
192	0.846556718196544	0.959745636612459	0.30090897314455	0.686516845615046
100020241	0.345894434046621	0.957260219061633	0.291879955652734	0.667200592230765
100000580	0.12680707822665	0.137410627302229	0.250897128198087	0.901418634081027
100002466	0.00668115818012353	0.0216894874664568	0.251078995902888	0.415047971924435
849	0.695174827985348	0.601299602768387	0.298194519859238	0.619836294150613
501	0.490703512707072	0.379188135820006	0.327317288089504	0.623910686575066
100000282	0.730487718625617	0.154956316858507	0.366721162493672	0.5677790773656
100001577	0.0264125017923818	0.155477072965134	0.414564238632413	0.735257056361182
355	0.0847146774549506	0.284990161093207	0.24776947236332	0.564854692250452
100000841	0.782679460586837	0.999931638828465	0.307679752209594	0.67508418282653
100000846	0.810918899169937	0.355575517401415	0.282527775206717	0.662538355532037
100004295	0.867824405612045	0.39298336918556	0.271175206243612	0.616994267166213
100001586	0.0988282338041507	0.0450205373272218	0.425319837013939	0.330193785211732
407	0.0126483053958049	0.0338640928133803	0.330000745218007	0.736002783282093
1137	0.840892394088296	0.748291182005378	0.282980306218571	0.704504101744205
100021374	0.0347111776845208	0.0153310918020027	0.228196680702096	0.933460327722775
100001593	0.67725221095997	0.866015762602856	0.28942025312174	0.674564474352519
100015971	0.785387324050381	0.774546546295344	0.28680169382518	0.66690703197915
100001022	0.37406752819256	0.189932603881605	0.183030702693066	0.932242751889301
1094	0.0649448839129575	0.2279910968147	0.449094535481365	0.910048580388855
100002122	0.270034727610117	0.251057755481285	0.241552208581002	0.770109907330895
100000706	0.636309381775915	0.566916458095962	0.253716794260735	0.667967452787988
100001055	0.79573936596912	0.416703839088893	0.266923501063547	0.609691035735019
1235	0.40850839722267	0.662153035978497	0.277913884196609	0.704348723357563
100020204	0.0991155740833003	0.539194531922488	0.315644668012872	0.710752941493864
100015643	0.03669591562708	0.29665422053329	0.317231261025015	0.623376478736576
313	0.0203085288698257	0.252477723107196	0.310805550253803	0.603884552899493
100001413	0.82610692676588	0.915138719772996	0.292277067636971	0.661861163874115
100020423	0.0179471675714156	0.0148985989828526	0.32530709130736	0.344255870032621
892	0.480507555994473	0.130137084359969	0.31708052984044	0.705834781790973
212	0.0659517590219095	0.132269162924542	0.386132690282753	0.645404710348743
100006105	0.197749932229102	0.18569796438761	0.333231902493751	0.682029931227258
437	0.796942232515239	0.569708363679312	0.271509557778394	0.685569690860323
100019892	0.437960432497024	0.772705612758783	0.290626084713394	0.693672113613173
100005716	0.0678075123148764	0.0835262429888477	0.316818667436313	0.765067291382097
537	0.195919034253171	0.116903315827019	0.308017815753461	0.69188378531544
100001990	0.294283783513201	0.603846720114169	0.334925390111339	0.619739359124888
100003397	0.0313721954139424	0.0039263920944764	0.233739653175893	0.422692100372333
100001320	0.111338209079032	0.210774203417453	0.380428637375841	0.426395678763794
100005717	0.13863924092243	0.0826947958220125	0.338217136660537	0.708142252995783
100001207	0.0329581649300026	0.179765417283642	0.330019446369115	0.68079763788852
100001999	0.531160952049323	0.828194469696437	0.284423344456552	0.759548886150188
100002488	0.217624306345588	0.0184586757398427	0.35104434872815	0.609649944155017
62	0.174459638120027	0.620405345277036	0.28352739655512	0.676429596591608
100000467	0.579418988202052	0.437187886447408	0.281967284352505	0.640544625496384
297	0.00535288413864979	0.133664060863605	0.299913098352067	0.635716864004322
100000285	0.0256759404631671	0.36225090112973	0.297132708466555	0.772286433595555
100006056	0.0613964441624319	0.355167836190997	0.309759540413558	0.715422866276296
100002126	0.124931955820812	0.254721074558712	0.228349737081509	0.993862629564018
100002129	0.786382699588299	0.791820857707963	0.279966395117821	0.770616792971385
100020478	0.0282072209626112	0.206568962401719	0.268577927411167	0.695211880835615
100004089	0.0420383571379206	0.431625816015243	0.324571250241148	0.607796805763787
100001755	0.533579492812098	0.561389575580901	0.295191375488418	0.622641974464502
100000551	0.0308067345059585	0.986692168684743	0.300416889273094	0.668610021878013
100003260	0.55735599301585	0.368225290281829	0.324061438736292	0.742310963297392
100010955	0.811649612982406	0.391275659941246	0.235410374754038	0.561209716333824
100020851	0.228331416369109	0.472302692671577	0.314193702542469	0.690702354041015
100016069	0.636163996384231	0.775092660039107	0.2974632747567	0.655432516084772
100002027	0.483570977546468	0.560545970549389	0.231604913432069	0.777978434086911
1123	0.365174028114175	0.186397415711565	0.282316259810866	0.797062536682003
100001150	0.702194948662923	0.962295034055877	0.294538157598048	0.670754569156641
100001657	0.314946144874614	0.647283908997303	0.295661044122626	0.649539992975983
310	0.261731627893395	0.355488262911044	0.258143570851292	0.77131960297422
100001314	0.350601308447509	0.129978500867455	0.27677072882751	0.550546371946004
452	0.706979660936264	0.596525077350459	0.332746189467	0.638209357659175
144	0.0900962089641867	0.0606425453332204	0.361917954923991	0.532424032003362
100001182	0.220044225644974	0.136199872023157	0.357111882669004	0.658605496276095
100015965	0.726865292372339	0.472377329613792	0.280917846240809	0.737829129097853
100006108	0.949331630220086	0.47325670801262	0.302319020063009	0.706926205981799
100001400	0.693624767413396	0.615249127190119	0.277416257657411	0.658209925836199
100004541	0.308393971847433	0.208917962636865	0.282917873605192	0.426458318400277
932	0.849355498683403	0.340249365316682	0.299570509940928	0.701407616470879
100001992	0.437337323048909	0.549609811704487	0.413375944493591	0.568926526591319
100009252	0.118902533568044	0.177564459456892	0.359047924970817	0.647532158118836
100021104	0.640660155091651	0.576224274087899	0.243615933614999	0.798375433549146
100015838	0.0112443173291692	0.0430331036170677	0.417752078145539	0.913457274124308
250	0.00109513590513173	0.0240496796041003	0.522004789053712	0.771380245238515
100002537	0.926744672659185	0.533244689325512	0.271591354688921	0.771381153715465
100001658	0.811443568490016	0.67035489241736	0.319005231588302	0.655264473641912
100020416	0.313796011287439	0.381769647856182	0.260289939946977	0.64700316509686
100006642	0.242046538427813	0.781635404865223	0.283166469505507	0.689530332937121
100001391	0.104321122808071	0.342667263711433	0.370981628699799	0.780744022708908
825	0.659665314693701	0.602135660267525	0.257648539713933	0.680194658483196
215	0.0205486320282147	0.108046828276511	0.344207416996517	0.65328978148671
100001026	0.967056086089236	0.832823689270643	0.28870867367637	0.716346487617071
100020541	0.421603168039018	0.443915116804932	0.254904237690525	0.710188338952615
100001526	0.218380786507179	0.27003780006892	0.443817051376881	0.785472989090613
100005384	0.532505356546885	0.421462464545218	0.273556807653694	0.593050075966844
100020378	0.203200351865433	0.779096268989738	0.284087534052524	0.673559294099231
100006115	0.966309522280004	0.37968974940903	0.382551940519738	0.559284225050796
1442	0.208972753599386	0.0456839759963856	0.126940281822755	0.555587986891205
100001843	0.14775731790865	0.213940643556974	0.318355393247052	0.754461537713607
100015837	0.14482676554113	0.275528744970153	0.508954908168262	0.615936610224371
100010834	0.722734679247565	0.985022731084205	0.292973683276424	0.66837161302153
100001393	0.577016083776382	0.453571502610547	0.237019970690408	0.708582723343396
100000015	0.310162790150844	0.590433288423352	0.274590774722369	0.688384241479582
100003892	0.0463640764725894	0.0484649626308986	0.257117552579951	0.929157799761542
100000042	0.2060413036973	0.0271229280689495	0.304281116683575	0.585197072023291
100020550	0.547779269320503	0.206657812622853	0.323090046343194	0.560149290769545
182	0.41991004569436	0.340435344464868	0.284419677839868	0.689184096231207
100015723	0.135201255952127	0.428616934654283	0.297912318676048	0.650683994889446
100020343	0.385508539215753	0.483852472424806	0.266323520715357	0.670100180169389
512	0.350796257558973	0.631186207999847	0.321139459408202	0.64147448425253
100021100	0.791068515027525	0.723999962980725	0.281834537650522	0.672696204059745
100002528	0.344932006471431	0.0748104173518935	0.346090270494145	0.454386364511192
100001287	0.455570866148052	0.739779654102196	0.39610384678431	0.613150760228743
100001229	0.734031511413011	0.84971248394033	0.305061876737493	0.6544521783019
181	0.389093431186707	0.879777110198765	0.289416157941422	0.686716897746229
100015831	0.00170273880927986	0.0220695778593841	0.39340399179178	0.460052617821913
100020515	0.330735210739192	0.470798311179509	0.242687602734107	0.816784965523832
327	0.216204602454985	0.250316787120546	0.357397183040607	0.621643334160282
100009394	0.667935061672645	0.777531941846968	0.279307883837169	0.693906788622795
100001596	0.890686718415209	0.239921856524546	0.267265753306632	0.502941035172861
207	0.871264893324823	0.490537272633595	0.306244527175494	0.629709449790516
2054	0.50300567081286	0.782234511888771	0.283287106980382	0.683951689899646
100020259	0.649134055815976	0.559594149284516	0.32115235249978	0.652713254354534
100020414	0.0028369168154068	0.0355421148500342	0.212607617583419	0.641657263857758
100021131	0.919731255442993	0.253654545651173	0.286709769413556	0.621491259848931
100004499	0.788631086900761	0.781500140604976	0.286259099775704	0.646773026451155
880	0.159359826697698	0.725430831790815	0.322620804176213	0.664165030774159
100002049	0.496643035775637	0.306315738657649	0.325948126345565	0.618082095029394
100001739	0.575217303236373	0.223842673455429	0.370282934946475	0.632263818348784
100001126	0.426580276583981	0.133724088013948	0.187058181412444	0.547953558245284
1113	0.674351471566941	0.824354645691532	0.306235667409956	0.64294014818127
1083	0.957555868523266	0.301556861965052	0.324323214544183	0.575983804267088
100001730	0.0810671670824007	0.192796498517101	0.340491075211643	0.546987466044954
100001412	0.571542525798723	0.995718966597464	0.294250475311715	0.67121352100061
100005996	0.753186854309326	0.577964087993514	0.283641400224441	0.638994800558172
100015962	0.00642679459865078	0.0839236145095118	0.223571708682628	0.976458473323261
100020214	0.726936863152394	0.433922876570963	0.3081317773963	0.594240936492092
100002514	0.116479508245798	0.330483678334666	0.30688238179354	0.605311654383971
564	0.192208484356987	0.0549869921884499	0.25984605540063	0.547693664745589
572	0.0211450113451704	0.0180578831648368	0.440225086066703	0.528002083863762
231	0.935227898330819	0.696903479606156	0.272328419363267	0.682659189708946
100000453	0.903198051585612	0.723820962010734	0.2805727650793	0.705107426494761
100001007	0.105120511051554	0.235137151551222	0.354869169041405	0.54420290603597
923	0.642587183417563	0.345283137781142	0.277065638118694	0.722003357649219
100001247	0.459881795220256	0.557836571189441	0.277218286512344	0.653554564834825
100000774	0.600944010952969	0.893267735367547	0.304622144825587	0.683170968268675
800	0.367536421944979	0.366013330345754	0.309368909734802	0.72417934660349
100021678	0.280780204790936	0.395060263597572	0.244617339775798	0.668289861657317
100021711	0.403410582087147	0.823770027532298	0.311035616446178	0.677242673663786
100001274	0.769722489581342	0.390512244347767	0.283208731507302	0.515351605421632
100021220	0.135130504286445	0.163062618547651	0.362570017626711	0.986879221062289
100020253	0.412550321139297	0.983718214220569	0.292470325152756	0.670144580120571
100001170	0.733947797611517	0.176929639145278	0.274912029129433	0.568109539730224
100001466	0.235226850694046	0.840133858810085	0.303198261695011	0.661827860781024
100009406	0.731041416731919	0.675843708777068	0.281481591439527	0.685385720024012
1026	0.19794996865782	0.458434231706845	0.311967140464005	0.635932367895498
100020837	0.761243564474779	0.386814650431464	0.33600909904438	0.572589776257293
100001006	0.0673264502921103	0.0783614427347363	0.282811585826555	0.793748848091938
100003674	0.790455250076131	0.136893548877549	0.289600752231513	0.658495720544257
100004396	0.313991392700047	0.410233168055478	0.338814216044777	0.562626802434583
100015923	0.508322864459228	0.905340561833482	0.315175047828931	0.660512776538628
100000265	0.485961152718009	0.704121355695159	0.298071026254621	0.641528102925311
100001409	0.0863289890990014	0.116879279009251	0.287922128604802	0.511612264357926
100003434	0.444891564489818	0.48599642134321	0.301422555886471	0.586671531376037
100001334	0.643193135537577	0.0811982117648938	0.360674940527701	0.550682632480168
100001102	0.715318127532714	0.749359797544315	0.303268651623217	0.648260344027789
1268	0.644762815855914	0.071276156448344	0.181050456527666	0.626897199208376
100001300	0.222775225028455	0.0853434828750895	0.26138411103546	0.671629477515512
100021324	0.236456074158213	0.686175804865584	0.38319720095813	0.657739033734898
100001617	0.102911218726887	0.0934897546714894	0.286212880894905	0.71148294677074
1105	0.935123133491363	0.161560565015743	0.392959753637768	0.367946904996829
100021502	0.0572137940943478	0.264688082294575	0.28564008179185	0.695853970596751
2051	0.823649629728743	0.56807954485067	0.292910389879877	0.56687145495085
100001256	0.154531185513431	0.507136364087666	0.326856777164211	0.804384576141824
100005466	0.0669586778846135	0.0862957379064763	0.331760010680836	0.467960054768333
100002199	0.129414802099657	0.713304060038908	0.303988641477401	0.688599527301199
338	0.010720744455563	0.0382150993286267	0.504927873679511	0.413549586122215
100004243	0.458025888395074	0.571036823158529	0.27274102256715	0.681030112302678
799	0.430925959841503	0.984487684560317	0.313130027310467	0.668661328347946
100008928	0.561540154381148	0.101873832979106	0.296450940915423	0.657095455502797
815	0.0843125061097645	0.244290428854985	0.295102781611428	0.749649004609365
100001456	0.00529872737627428	0.0741510119026176	0.286234891680675	0.586883004165011
1242	0.0804272630793209	0.0854075081963297	0.354966348979651	0.474604182014735
100001416	0.286945531002242	0.107711622354421	0.203182624047414	0.419647052515011
100001462	0.384691979335223	0.285930459707988	0.348413401858351	0.628471001320958
1087	0.184786981160517	0.037017977075433	0.307025429277276	0.632966034107438
100020421	0.0671653641508771	0.105388158879593	0.338955897905092	0.431861788000205
100000010	0.00367284843236991	0.0421651304645838	0.314942789192123	0.722100700702761
821	0.549335678407254	0.388564567713607	0.323350872503627	0.527645023571855
100006627	0.254441792391953	0.14068016108616	0.4114605961778	0.566696579831453
100001277	0.364195203704211	0.142723203572262	0.34403404845887	0.628354669514103
100021141	0.0455267153221641	0.203268030468955	0.327127594316662	0.764711674344165
100021105	0.182932003535834	0.28221386181725	0.312207462351225	0.488673079337502
100001950	0.000422234253821814	0.00765031403947006	0.365740080035196	0.840593630846802
100020217	0.86292687190914	0.291338212955171	0.21009232791469	0.500418636988053
100006651	0.022464830864961	0.141204946416002	0.341863849603351	0.419842748559992
881	0.957261721059727	0.411081327593531	0.275750630350997	0.683044809425663
100001509	0.672135499196499	0.148475623123471	0.259461829570412	0.589417414108009
100021709	0.593648473510132	0.85496072923394	0.28769343006884	0.673305394463096
100001635	0.310479542708049	0.0318956533327344	0.314910456044799	0.621633045602968
100002613	0.462217526982788	0.124318357228278	0.271927108246333	0.754657064199503
100009329	0.5565050139945	0.682403851239162	0.263558459871548	0.802600208153125
100021123	0.813770409756166	0.587467869212807	0.30806753757955	0.578775615649223
100015760	0.256837255908711	0.16732876934068	0.243031517251274	0.703577335655533
100020205	0.395164783029175	0.445022090145134	0.340718724899317	0.508477234154067
100000765	0.51935013467242	0.673028123562331	0.287579546962394	0.64159478336504
100004111	0.346791857681762	0.174649929057124	0.321151248165396	0.641924802975361
100001615	0.21694639695761	0.779046665445063	0.293340024317427	0.666035202634578
100009227	0.219081792309706	0.107870604894557	0.403721891329062	0.820374893177041
100006191	0.367054349463045	0.568058804447952	0.322835061938551	0.616284949099683
100004542	0.470549661460692	0.364679678056058	0.307258045200281	0.717278465179556
100003686	0.315546498347073	0.101163575017382	0.413694283210564	0.607320719974129
100009232	0.0320483779230402	0.231454333781051	0.287259311556723	0.581493635082495
100001501	0.051561017122788	0.108919216453604	0.375817043258126	0.705855930095753
100002367	0.501551339220042	0.246611653955844	0.276517496107753	0.520432007464182
100001108	0.333496640972485	0.718435801369077	0.290372976199377	0.658582486596693
100004227	0.739677641236375	0.998077481127477	0.292674718565714	0.670074811249488
100001310	0.203359278606704	0.306212301552109	0.27430430463577	0.780444510436738
100001994	0.829524455952693	0.916206375020863	0.309325753972799	0.728630704092983
100015839	0.0140934392005345	0.0147373875373799	0.381655739273634	0.756884286089499
100003271	0.00596702766793184	0.0821022800952035	0.378168918947757	0.478623265476444
100020496	0.776972951375658	0.989657445444752	0.300085720152836	0.66880117657395
302	0.721763639115754	0.456165620757456	0.26021687954493	0.639305269300025
811	0.769925519020847	0.744572408376055	0.286108987204568	0.703661468714759
100001267	0.953606819542595	0.796736711527327	0.278891093251461	0.665509572680694
100001197	0.0279417301879312	0.355547188936509	0.32945780695199	0.679568261782374
432	0.215525924595362	0.458622755720192	0.313310037630404	0.648855132092489
444	0.0118793155106591	0.0592195755102033	0.326958389937305	0.800396589537657
100015968	0.34533138400097	0.385139960336275	0.289268051303016	0.597191897575426
828	0.9200346324379	0.864858906829939	0.287171674318848	0.674527128876615
100004054	0.273475407412835	0.871214018903122	0.294067800356138	0.673175511550873
100004635	0.0879013055472814	0.136810383909567	0.674739932892297	0.402706535249763
100000491	0.46231106012765	0.605818495265727	0.286437242560706	0.582875198984989
100000939	0.0420172593163908	0.0323826776743376	0.314335926708799	0.560302997368121
241	0.237261117280532	0.631591143221821	0.309349784739285	0.688452783021852
136	0.348526396330685	0.0687170005768883	0.258090737028881	0.851354711646858
100000792	0.577027695622952	0.96288753729158	0.297234340308011	0.720762039216492
100020973	0.54464319666971	0.606694991949297	0.31336638039588	0.641973188895087
100000936	0.744282433361657	0.852391727143713	0.291412164025131	0.67131688582953
100001313	0.00827359446164651	0.149824841192018	0.306038763506445	0.723831733274753
100001951	0.0489397214011749	0.0953907714668642	0.330215393502318	0.659368100802705
100006098	0.0183200882868713	0.0927297550348688	0.329312650616668	0.780963039310458
100000007	0.240248205842489	0.551375532020206	0.301066559271593	0.674072909114331
100006641	0.893241421537119	0.832175393183902	0.318827696869007	0.670263965480699
913	0.0120199658161594	0.0651277400299586	0.361005831811301	0.536381518072816
100001579	0.826654406720433	0.377025073931614	0.323394794107096	0.673670312571679
100002911	0.144716259362826	0.0126067470190231	0.383393640548399	0.6253577900312
100001293	0.246941840741137	0.374044441547393	0.259751909052306	0.805536523888311
100002241	0.219380737039667	0.497431613220461	0.307331370469199	0.637734593978465
100003179	0.414292178780456	0.0869527798369806	0.279950389253494	0.522805641149665
100021372	0.32318188922314	0.224590605464018	0.219138148825137	0.674092583860725
100001956	0.366994737879843	0.535507476543169	0.292086305102915	0.588970206971969
100021162	0.176288915080775	0.144477792745724	0.283225151527875	0.484789383681615
100002259	0.380148125960826	0.645211538678335	0.271987337671367	0.662684990533661
252	0.410687533702545	0.590569295993186	0.339080983995494	0.612506986024964
100000707	0.440747218932804	0.327726123439974	0.289507366187351	0.67648280972229
1489	0.787451030392875	0.0230977505878279	0.206293663766865	0.652601821539006
100020361	0.0307516120385326	0.0913807345774155	0.324196094919918	0.951752549651006
55	0.780685702331536	0.974207501029984	0.29814104176709	0.672061023855664
100000863	0.259736805029123	0.253349687205599	0.254360323485575	0.707027056523483
100015840	0.186284612789351	0.109265368181784	0.384118379726062	0.62987405084334
100001541	0.15068635270164	0.0779598552527327	0.200853251959031	0.660298881363908
100006082	0.143387452106514	0.0504283466135448	0.387877496819826	0.661949182360478
1254	0.691016571018962	0.916116957809446	0.298195288458452	0.686367456216621
100001624	0.522692584930884	0.368773391968334	0.274898650292255	0.647095559579241
100015850	0.916105253781245	0.610600813406802	0.359048531448918	0.633434657177552
100001104	0.00365874247866158	0.0148777491548164	0.323063306007352	0.951905605138444
100000900	0.112393092474006	0.40060202309733	0.305832770958506	0.671872512196923
100000269	0.25440965664828	0.0958430359997999	0.180685119231767	0.62786858420846
1022	0.242955816539577	0.947006189739107	0.294044468989687	0.665483745968501
100005373	0.215145925718348	0.082189050420987	0.261769117172421	0.699372383875765
100001129	0.131600186314189	0.707440705572381	0.283238734546188	0.698624878130657
935	0.0111640917835856	0.121274285293395	0.386077766058461	0.52942174406858
100001262	0.157430421975698	0.197193637536942	0.305739658623449	0.695919952227672
100019978	0.32356513806846	0.620362644125362	0.287323411229361	0.654251652461271
100002293	0.762164564888727	0.810672616121783	0.295565777220426	0.669828662809443
100001426	0.218303871952402	0.28481481464279	0.292512117706105	0.516868375101384
234	0.0354302030788447	0.157973616418845	0.290827909657179	0.644418940694169
100005403	0.237846885094836	0.966273410385427	0.303741718824282	0.667100879141102
100001083	0.0440077780145254	0.345847101947425	0.318609906702514	0.68938622072502
439	0.732856606379348	0.296588175964409	0.312170762264771	0.667634336403898
100001086	0.347451356146397	0.429009500692522	0.307222628095106	0.745679551306245
100005864	0.723571112148504	0.452309326804771	0.269695463302972	0.735325491690255
491	0.507020311720499	0.90715462768951	0.291693744117651	0.670079051810455
100002029	0.454928427126017	0.418802448022041	0.28247235206856	0.53408169865815
100002154	0.790872302724033	0.448758876561604	0.25814584936046	0.645290676486365
891	0.512639762256596	0.184215601464339	0.325542735718616	0.6396866172094
100020261	0.362674766307216	0.427810642482905	0.354733175651726	0.640623656067483
100001296	0.551124783860678	0.495734973171732	0.292933990223911	0.568686364370746
2050	0.47307051853571	0.508288068798974	0.314838723795623	0.612203072478787
100002761	0.33181181830817	0.694892888733481	0.260406151112832	0.796452481049081
100006614	0.91291307091552	0.648764346104252	0.270836265181101	0.734347802428895
100001597	0.925218015095741	0.14533281172053	0.195005151850297	0.479635250155774
100020853	0.801440729875176	0.88709326542261	0.295726039063803	0.676853377428296
100001446	0.302329046521843	0.42498563410344	0.260176081478911	0.664481774445681
100003240	0.292334735185821	0.0982115148853254	0.337561723174891	0.585040440024391
100001502	0.028050846326439	0.2219634020531	0.352447200316569	0.757297540836715
100020866	0.100581810549217	0.0123112920796948	0.181629677860672	0.481719065994757
100020419	0.0284701947213605	0.0882845455813436	0.325078555702944	0.411355832970909
35	0.538720411747899	0.317406329309431	0.267272633968342	0.618915921768138
100003696	0.0158529142064321	0.058170100317163	0.41507158209339	0.613003162752951
100016038	0.814680909178348	0.909768933139861	0.289972136860266	0.65826946883819
100009333	0.207904877044295	0.177993552522791	0.293250908721236	0.69546253532378
100001611	0.164460520535307	0.347977723260662	0.378080333960344	0.645029970927464
100005383	0.687201670666545	0.304480288103516	0.299419766163949	0.712186288934517
100009239	0.284561751112641	0.125875985617257	0.373398542006309	0.485533185967678
100009332	0.302398595579646	0.234572473475063	0.297274247051612	0.62901121456524
100001731	0.148107518475366	0.635526308429637	0.301643695438571	0.643157624995252
100003415	0.321236932760469	0.423786548952076	0.288778089630958	0.683288798098167
100020578	0.140588025532302	0.196782880715143	0.274867195177455	0.565173888170799
893	0.869354191165866	0.500222175940701	0.290597230197882	0.681679977046034
100000963	0.299121295962158	0.200804555304795	0.384820211259656	0.470574972531638
273	0.151681867019226	0.322173378582543	0.338833580928095	0.665889002318218
197	0.440242631882591	0.396980543826113	0.286224747771956	0.544254016046334
100000808	0.289600005081701	0.232524257214296	0.277603724670421	0.822763384642588
100002284	0.777426328934173	0.373126972494774	0.194726454073395	0.609994561301597
888	0.923018674415258	0.0909747765575022	0.321464772176318	0.64993413655009
100006435	0.537946628806079	0.33484697809731	0.226399208072251	0.971242162769638
100006374	0.206805093553092	0.557947651365885	0.300980501084499	0.659176531578306
100003169	0.547547950662948	0.954139868814143	0.290948121217797	0.666123347595437
1004	0.587957837902596	0.759580913425454	0.277119450034872	0.647037926699313
100005998	0.104140237207423	0.912629262146139	0.30780755004707	0.675388944178528
100000773	0.658980617522384	0.542295038685987	0.298202000415502	0.652165284337834
100010850	0.0128441828216676	0.104293267968674	0.355966457505484	0.538279470598072
397	0.83873607240112	0.386652428822311	0.221956975874068	0.731613256574589
100000039	0.0761201121693308	0.224677814375971	0.237414994878836	0.726191589069803
100020833	0.714626048867058	0.782519117304395	0.299404640264664	0.707472219336123
1021	0.447050540618735	0.380934692749471	0.273802737126377	0.704854837600111
100020479	0.347105751706935	0.564713039844271	0.298346651455953	0.679433831283611
100001335	0.541528294428584	0.291375482953977	0.32945052806979	0.640305427560492
100000743	0.542197843615027	0.942665421200113	0.292444512439832	0.665351897860226
100009246	0.181817567460422	0.656371350249747	0.282478386667499	0.699254797193194
878	0.174315413438071	0.787639056032926	0.283247002515102	0.681077025730229
100021103	0.7279308708169	0.873465688859965	0.303069339272281	0.740227612253004
100021363	0.241540434599044	0.575474079756006	0.273371898839299	0.70908756419424
266	0.109160484793448	0.18896794387036	0.302110639318816	0.588143797053178
100001195	0.314661351623702	0.19852471071611	0.375952100760086	0.594716191510147
100019801	0.773753587126428	0.69726485614869	0.30589678149385	0.655405886939641
100002196	0.041410435922599	0.266842339798738	0.304578263909703	0.681081749404808
100006370	0.222434160193042	0.99978819932026	0.293133184874451	0.668605763538074
100001510	0.0290821593278956	0.00357404338107571	0.247595796346021	0.768368712655158
100000437	0.535243548626862	0.424572978208554	0.277877967939874	0.743556680963434
100001767	0.153831935811727	0.0360261009378905	0.358860447607302	0.73354128665961
100001810	0.419798560960968	0.527458323919741	0.305235663980031	0.817787344130319
209	0.0326408398003671	0.342117738235852	0.33845668190352	0.652934121016997
100001485	0.274952327491874	0.0976141837612743	0.17521753126656	0.603960067763351
100002500	0.120800446030072	0.448191963268267	0.298072594988251	0.639550728506482
171	0.0264337696613684	0.0221603452502782	0.222664587163766	0.667724117640039
100020487	0.963277089658222	0.829369128114231	0.313366745504684	0.634206782351273
1206	0.00708016908596201	0.118104026435636	0.297429879996216	0.719695573095672
344	0.013882719518077	0.030451445637121	0.574509619030835	0.768679403119105
100001405	0.487990073635482	0.91638787162418	0.29809415252781	0.661600439934762
1239	0.976879007486808	0.460649942573945	0.327352505905102	0.677137579413113
391	0.0547364499298608	0.171236492792688	0.277441045420545	0.88382185137654
100006430	0.445122272170004	0.184006753067224	0.367352554405143	0.411345086915144
100001417	0.97946356151291	0.500496535634726	0.280000537586181	0.780205087946456
100002951	0.0586334844755507	0.477465316744299	0.288921495843983	0.591320840961257
100000014	0.408636628891053	0.55706300917513	0.285810675754967	0.711750475823309
100003926	0.552140897014171	0.47072332418173	0.318470088655894	0.649204487886661
100021538	0.488881626145413	0.353893754674424	0.345275346537229	0.580201762092899
132	0.305795736990046	0.922982944623897	0.294431868390503	0.668063263316077
100001425	0.597042982767402	0.542496733335845	0.360021361653247	0.608632494967658
100020262	0.606593487643881	0.64836260721371	0.315125567197858	0.655540128357404
100002679	0.361993960494804	0.69492622933618	0.2775235520912	0.738335924885111
100001270	0.764654623995028	0.534183840597305	0.301577817912413	0.644137348585004
1102	0.797517901304102	0.973146649547893	0.292074410006534	0.674671928391002
331	0.292013681264864	0.218139390758595	0.239529206014019	0.568770378826619
100006361	0.51613521571553	0.621790684575354	0.271053359979435	0.741361797752763
180	0.751581095647546	0.899957119609643	0.303659058980948	0.666618897052158
1053	0.322027295836015	0.463582092410118	0.432599560379596	0.733928228195489
100001359	0.667481777793737	0.905855470776893	0.305440691005369	0.656626521296879
