chemID	simpleLRM_Fstatistics	multiLRM(chem_sig)	multiLRM(sex_sig)	multiLRM(age_sig)
100021136	0.0383505382348361	0.267513907283641	0.406786586731285	0.737208621594812
100000882	0.904042598377664	0.626526200717617	0.393588808335248	0.620251200997622
409	0.0915271188962544	0.175196316800288	0.424685837717959	0.414339986695547
100002254	0.697441423704821	0.0484900419065397	0.261904199415573	0.629654976836533
361	0.00300159839849578	0.069274269818015	0.286145189869627	0.614576340491117
100019975	0.614837550221842	0.68842519290506	0.378914897764567	0.667356341485632
100000257	0.00064933979373811	0.0184294195003389	0.384565459999606	0.581987564263229
100001232	0.912715218419873	0.871278244837617	0.395574961556008	0.640104981298613
100001948	0.491620740608302	0.44683441847769	0.38925401821289	0.535371832433562
100001073	0.579007222367187	0.620817166317312	0.471097071596478	0.564119400701378
100015637	0.983871831978659	0.424715113419181	0.404520216900424	0.643671795260678
100006360	0.561743946650889	0.66718898326622	0.357064842721317	0.719010920586966
1488	0.414271819423758	0.520188735379294	0.387928100718308	0.617185778613177
100002253	0.710102124014429	0.907770531760792	0.373346029384918	0.662231074657045
1023	0.995707674778734	0.714151402934415	0.371792307332206	0.634230491045722
100004284	0.706433147814448	0.816765141070775	0.370504915690647	0.656614963924434
100001251	0.673134098715976	0.991729733797922	0.376559283168291	0.649338410397771
362	0.708972618437175	0.501740504869354	0.343702216337757	0.64414467621814
100006620	0.760627076865899	0.885921083753463	0.376758055918625	0.653520028021368
111	0.256653756469823	0.142955748996733	0.329821980537429	0.61566356059384
100009045	0.51622235820639	0.249005492736643	0.319762758464406	0.812031424490121
100002927	0.691963895309436	0.85366377171268	0.370121474962252	0.669753013080782
100015641	0.778418057320609	0.915618750547372	0.371616540248989	0.657026377185067
1114	0.086326796914838	0.892109960760015	0.371792453947215	0.655555816906192
100020409	0.43684513567683	0.423404389555267	0.370139122811313	0.539521080303601
158	0.130871323916622	0.230897860279086	0.477094239000406	0.677589002553705
1224	0.0431904480405014	0.184102592517209	0.301592199885471	0.687624272226296
100001620	0.385280246164993	0.357130723657189	0.331950589881358	0.650693731965572
100020893	0.321278449805842	0.0695097799062515	0.340648201662196	0.389621628261092
100002458	0.691535711934372	0.594481441617631	0.417560545476747	0.601145572416971
100001112	0.909253157174132	0.942423967491022	0.375135110877916	0.645504287849336
100002953	0.492124324275915	0.875029227503495	0.37284869146155	0.657878842805153
1141	0.50937188483231	0.0680643170784565	0.451571930381276	0.486223394417811
100015834	0.405594933675495	0.952957087492259	0.379741133531851	0.653845069859802
100004561	0.504765743589604	0.808715527184921	0.384475424277168	0.643301197518072
100020497	0.650940224375003	0.850732995225201	0.366668538450733	0.665476345324743
498	0.0426612210238902	0.284906650026447	0.376797195836328	0.728848339894318
100006051	0.797953818134452	0.809553936918241	0.382712621795211	0.645010482181315
1668	0.740037081751806	0.493062527330448	0.372453893873924	0.585220898525268
100004523	0.505859893176779	0.921271700920711	0.381873783060355	0.642459228655939
100001604	0.238184474328032	0.526941920498316	0.372169047630682	0.694099085767508
100001002	0.186291576652644	0.539007968875896	0.391263187572676	0.636594760396003
100001987	0.0925908857593561	0.265272261566944	0.952711464548122	0.510254414592823
100002462	0.72254171934516	0.379694111385846	0.430117998271924	0.543596764146717
466	0.601776254695773	0.0739496020764563	0.405995849716174	0.627706941904844
100000665	0.878523523121117	0.443061723889452	0.416671215397124	0.596176760894478
445	0.962778251444471	0.459901979902331	0.406853313629098	0.697074389526409
2029	0.146863609835777	0.490052047782591	0.399383442610715	0.652179087445938
100006438	0.143257921182176	0.254276949741263	0.429308043549174	0.663316215601182
100001398	0.174555623207161	0.608659218404795	0.353243131959353	0.669246307830536
235	0.469011394056832	0.496267652701507	0.338060234460777	0.682626878317214
100000997	0.622314889908569	0.653757006353566	0.381835628910941	0.624004498465809
100002094	0.292640177259385	0.238075421794446	0.320175398275644	0.523551819849833
1052	0.436201576463284	0.823257241791337	0.36261511654436	0.689611207417174
100020823	0.42728070000038	0.665544065699855	0.356234707385798	0.642037657795334
100001806	0.544318217711524	0.812517060421702	0.397599118083533	0.656252652691722
100006092	0.713905425081395	0.829183974148801	0.386143971162236	0.634833822215639
100001415	0.0997783549536031	0.071729450154703	0.381778514092782	0.373689872182134
100000008	0.0488211454865813	0.0776923372093865	0.40995451051153	0.491486573100304
565	0.00804803597895857	0.0488134450510757	0.373768459601647	0.725929341735515
100015851	0.162605166871082	0.190151295936274	0.470604637315473	0.78632862232344
100001866	0.656672249401725	0.941378976552445	0.385993046543679	0.645298215339917
100020546	0.00133184584208458	0.0175447565541197	0.717799120770607	0.852266735747628
100016110	0.501369027513049	0.411209890632614	0.312625810008437	0.749366679516501
100001254	0.00269702746363669	0.0114200096066048	0.48981359988604	0.862554289043885
100006260	0.516928185909731	0.898778966965736	0.377779159757713	0.648320969193286
826	0.667998960680623	0.856175912194132	0.37720977665896	0.644724586776096
100001872	0.425400489358811	0.801711447444594	0.378233631844647	0.649581649112516
100000263	0.228850843850155	0.291459827355513	0.492562799308117	0.636874149301914
100021198	0.874017636292263	0.0714126666345486	0.260762522162045	0.378779185486582
100015967	0.0410289886154732	0.0958864714366376	0.450345175633579	0.479263071899071
278	0.140807648743912	0.2606174672647	0.354689367842453	0.936105783131149
519	0.672571204301481	0.307019009262371	0.450645842189477	0.58197650079971
100009337	0.128824507749164	0.326403962695163	0.489326132351853	0.635754533678616
100002185	0.355435585919793	0.921558661449346	0.373323619431719	0.643139172705711
100001278	0.313564153355281	0.236031272779698	0.469228737434029	0.596930382227179
100002103	0.849660068442417	0.609891754308053	0.376923250758116	0.600528267935298
980	0.750887876911661	0.429561736189198	0.415419751319308	0.629561167917216
100000016	0.850073195927193	0.440511453348891	0.372115512474894	0.624530204180024
100020372	0.157619975428237	0.460417653790667	0.37702722444462	0.58314997996662
100001662	0.523585081141368	0.115140539712578	0.150556276448949	0.656850897935509
100019972	0.950191618700053	0.67392271124739	0.386485586463986	0.63647307973716
254	0.763635753163461	0.726081245541557	0.373271373444161	0.65351538841771
100002009	0.622900196941931	0.676159202698212	0.373727108249822	0.572427567582486
100010895	0.456602395273255	0.528697944142833	0.430179437607626	0.628944490722946
1140	0.922061769868629	0.961049407872226	0.374743107035413	0.647468001412181
100008951	0.618703932541563	0.526232006073933	0.401137320958638	0.611450557633214
1084	0.295519335652071	0.756448725371605	0.377755537280109	0.701851396583555
100002796	0.172234823335817	0.487300274642473	0.339859030302805	0.606308443645754
358	0.971855176934218	0.944444814829926	0.37440128170502	0.646034857139911
100002070	0.855758352580786	0.735854417047725	0.36673902205749	0.67790184223291
1628	0.316946854244765	0.122291698398588	0.461681438999618	0.631766157944203
823	0.648084832706797	0.537549460670848	0.334431661152028	0.706520937474023
100004414	0.454190054982464	0.0895670290532903	0.480185919298838	0.784099991809184
100006129	0.652854292663017	0.664485149785629	0.353613580703453	0.665734374219513
100002028	0.715907934271395	0.455005989717189	0.495126540684645	0.465598364509264
100021707	0.583957846071493	0.696925147607265	0.348447783022542	0.692431093740027
100000054	0.635668579528814	0.524254238567487	0.362791761665371	0.672948778338648
100010869	0.515351026799123	0.24852980456956	0.383028613170915	0.52834715188336
100004575	0.0185630056534915	0.0803501727573361	0.494826106370708	0.998709713787666
100001212	0.941135928414397	0.701755911851177	0.378245466406292	0.598033826274471
818	0.322670602986006	0.635273948750541	0.409734833147144	0.612262545610306
100001092	0.00214114335873117	0.0235888959215103	0.36163308607147	0.639639433143036
100020371	0.988935008940742	0.873296344331486	0.381437389066403	0.648298939223484
100004112	0.244222311069369	0.539726081666056	0.391885241622849	0.657254771612069
1125	0.726831993287422	0.455881579738905	0.393277793240238	0.681005469530229
100020491	0.976896318364923	0.634769071651176	0.336963527417994	0.662095923604307
100003151	0.00403419787914337	0.0272021539867349	0.524210738457846	0.534084090122629
100000011	0.242914288752818	0.132880091404266	0.289466554874239	0.758936528826345
100003594	0.428660960186228	0.936302935842633	0.386945435230055	0.654571931821078
806	0.765538702111781	0.151590134779608	0.370553973038884	0.454088292369894
100001211	0.979435247254306	0.568780037777508	0.387527528415127	0.630806818792062
100002417	0.500160070976494	0.650224905880321	0.363691120033295	0.621612108938879
100009335	0.434170758783933	0.184334352384748	0.316155782102377	0.671791661799056
100000781	0.779423006010709	0.983269874713117	0.376920860792266	0.650008438873168
803	0.0265024350550536	0.0312967152376142	0.365067791557344	0.526659330657499
50	0.446938244989905	0.673524086118107	0.386849489096221	0.631373231895273
796	0.355627608110931	0.0437352431014095	0.424762686787046	0.633240900839816
100005834	0.819310692627951	0.561939339200438	0.449689015417806	0.642467511584512
100001580	0.888124083547725	0.491265997027834	0.408878125725885	0.65017295759176
480	0.775693139389595	0.648521581329167	0.342114729264715	0.656704095985694
100001540	0.332577973461807	0.798671695776399	0.443630372404356	0.711648032205758
339	0.660187678176281	0.140564684843275	0.335731110501836	0.567563504468268
1110	0.907934108594654	0.973181407503187	0.376280388115242	0.669605887125345
100015836	0.151075854912183	0.165833095878033	0.54669840214732	0.824954595092595
100009271	0.573163274240704	0.524583005846993	0.414580457840447	0.630874264547889
100015638	0.879609471253078	0.395105918294631	0.399702935663378	0.628470818587333
100021667	0.928619847307017	0.479024386015013	0.42462601754529	0.630054121736409
100001279	0.561333046063926	0.357147549638867	0.408722224326028	0.775925066453674
100004208	0.0258995620352855	0.12650509983515	0.537418361332625	0.76610845143596
100003695	0.283122055727807	0.175942403342981	0.389407501101069	0.456803738479868
100000802	0.88161563497567	0.853800494500975	0.380466438412737	0.644313396973285
100002769	0.985538775577855	0.127014347198726	0.275234772084738	0.759135945516513
100015835	0.087469734491878	0.256107966934251	0.563566836248906	0.861052343163033
229	0.745441890872681	0.341207600034366	0.429824118875758	0.641701638481668
100001266	0.00377998813683739	0.0192360986049801	0.50262309892996	0.959037885291058
1342	0.279965471486393	0.346240877387363	0.327204362042084	0.66750689974538
100002102	0.898291611844339	0.568233213155255	0.418205551012785	0.746905668409075
100020254	0.287550830341752	0.706430143427482	0.364738793574589	0.670016258525733
1231	0.360114790078268	0.195655681882414	0.460641557665092	0.595504917032659
100020492	0.926225233795088	0.952159966593973	0.375300915771539	0.649178915425712
100001402	0.381942724156036	0.558164093735947	0.41481860913035	0.653665432856604
415	0.00598533538463419	0.0801669071073971	0.43893044705819	0.708309852085182
100003109	0.858189079052954	0.871710549550994	0.380756892064905	0.633249583053905
275	0.453741722612214	0.970781109605801	0.398907891604181	0.64859406480224
1143	0.168054787161991	0.0766397464268888	0.343474330185731	0.747472051931269
279	0.377755040498828	0.340667679421144	0.378492415023833	0.518450614904409
100001198	0.834430129156847	0.93252866850305	0.390093471122305	0.644819146837333
1648	0.417385187490908	0.971620333543948	0.376351023483295	0.650235788484233
100001590	0.462990484645666	0.325173229443997	0.35107042610914	0.578018583336324
100001733	0.422678999092427	0.88700055124848	0.372629298027424	0.661074786560472
100008933	0.0206620437595509	0.00246224173812695	0.484692211663417	0.610129207324704
100001550	0.501954288140265	0.426705913876522	0.359481371686998	0.587428054098441
1215	0.0946761927555237	0.256766221780953	0.317409362015182	0.610382355638605
100002356	0.266126174382759	0.108220634277556	0.44790038194492	0.657192890481595
100002749	0.854016604651109	0.828446415594232	0.37652444025358	0.656271710803003
100006379	0.210301096551463	0.186880493269891	0.41625245680498	0.41891659799089
100015966	0.0939819248664656	0.167952189655797	0.399334935904137	0.485057556610173
100001392	0.752955053414023	0.894710356326771	0.380105603723089	0.647524388427107
100020425	0.116458695518699	0.0478288582621788	0.321973511484245	0.410878926760345
100004299	0.219209198727737	0.676245988727155	0.414509911590524	0.724784929120759
100001734	0.616087860962948	0.52864054578068	0.392130223839915	0.590748362199805
1002	0.774619997343621	0.856332826880264	0.376295030182964	0.648862038560319
100001337	0.415750767375478	0.898331318772523	0.369465687332692	0.650523437609722
100001452	0.727326893550928	0.82668146907776	0.373293296531955	0.630454268637137
314	0.550049954350907	0.389799380327822	0.388240580558103	0.667515952439905
100009264	0.944495752041718	0.55539105237873	0.304256832737069	0.768338987005158
100004634	0.42590023360552	0.503521275038147	0.341772717872013	0.666089796521568
100000711	0.672134417892884	0.654348726154049	0.418529844944518	0.676962922941685
100020536	0.0451773470598272	0.126345637871045	0.417559557834211	0.753453306409071
100004318	0.205321236758896	0.470091473578186	0.397458165870098	0.641239673531924
100005850	0.997140974056182	0.523162464476399	0.448944102492545	0.603853072020746
100006619	0.354372933124008	0.154185578920457	0.416423034666487	0.63821971347578
356	0.424844177376195	0.623499587783524	0.362926937834882	0.666881141657085
1221	0.702021725996598	0.626101592297569	0.454017867502399	0.684538380437822
100001397	0.7249827340732	0.737369309747662	0.376155508018966	0.640726492405324
100019981	0.637238685135017	0.897493921147075	0.380079364553162	0.666243520766701
100001208	0.34087490414675	0.219357042899554	0.337733177913344	0.951700981684743
503	0.0190269937822904	0.0141657649417032	0.225183123095644	0.499722878553381
100006375	0.146450854140214	0.591459455740413	0.408425015626083	0.627044060085628
100001295	0.806475541501392	0.675009542015695	0.367049348824924	0.727158334263909
100020427	0.0488619579461433	0.0259027575328914	0.369060311213719	0.353223904617514
100002784	0.591649195204063	0.421291651378538	0.325098663752109	0.712246285263258
917	0.046299921886513	0.183798177126737	0.418453033537101	0.59551913201011
1869	0.419293671925138	0.222350151807716	0.396937044086014	0.539443292906015
240	0.243145942979209	0.115530803208461	0.247130416390571	0.462504105496819
798	0.00986647417397331	0.106552501786267	0.510236958676687	0.58808332732338
100002952	0.294037408144058	0.494260905531954	0.376291439196779	0.729356037480106
98	0.575933342139805	0.786842255491494	0.401090036703592	0.656652588003355
100008998	0.260601105062189	0.322060623268141	0.305030875907444	0.716465243382912
477	0.901362694149587	0.294669018182503	0.383686221291713	0.645889473810758
100020545	0.0536520383498014	0.105301272661966	0.457248703836236	0.82667023396665
100021666	0.967347864105111	0.224348661798279	0.427600862449136	0.64094976915937
1256	0.47415174540585	0.645520031444132	0.442616138411383	0.690440765841017
533	0.413951130296106	0.101136492809928	0.268516694530066	0.425748115864715
100001757	0.604955996132099	0.989035885667021	0.3775195128074	0.650589803353046
1024	0.23544600329561	0.0761669061594259	0.265839709386272	0.86946949092289
267	0.483517905620999	0.966868384006951	0.3786325208129	0.648239392895902
100002113	0.219439344553684	0.134302997097384	0.333549622035826	0.679843589191321
100001756	0.895235952660251	0.740782394668051	0.388935865820656	0.668767841218637
100001193	0.340428205420414	0.155004042332017	0.479058597469807	0.590521427223697
100001668	0.558083702383771	0.902312531376657	0.376813462970145	0.657698823379695
1124	0.281134252744068	0.293471045878336	0.338599628826055	0.745420920703667
100021331	0.182662316040802	0.338278675132559	0.35372917989198	0.688308415123561
1090	0.0391572069391156	0.0345267064056827	0.376283211784728	0.795835683889617
566	0.901875549455933	0.337475603296793	0.289210253450727	0.65468693587727
100003119	0.444948658573456	0.277449414922363	0.417882020861283	0.586098555417584
100006367	0.754283902683443	0.561672398106665	0.388769493069437	0.629767866701339
100004322	0.203575373368142	0.236224697517619	0.388161029158896	0.735624431326254
100001034	0.639399394335564	0.874739943087696	0.373001170340789	0.644072194056443
112	0.972895792545858	0.942519657799617	0.377422727422599	0.648129842829837
507	0.794943809199568	0.805596961564673	0.374217442331305	0.655707096289623
100009233	0.226934602715457	0.164507288222931	0.358710006860414	0.666244619733075
100000406	0.0225502336488032	0.142960456091243	0.562694461970206	0.461893949859965
100004046	0.298766792584596	0.522807655519137	0.280848502021656	0.602765110270309
1025	0.559365652687305	0.594186116133707	0.363714888005796	0.674093918381034
100001106	0.125327257501285	0.153872782152981	0.322644093657692	0.680122023201403
1128	0.0367997440167667	0.590865120067513	0.409951735530097	0.696016617500705
561	0.022497429159883	0.127869155657796	0.270866108431975	0.55591844251622
100001614	0.836633925623128	0.365562447152813	0.395054562445576	0.624948351896516
100000961	0.980286257401681	0.976740553128729	0.392792227864612	0.660200842015248
100002397	0.999888465108941	0.681497318901309	0.373141673752117	0.599421210828443
100009407	0.819605857927123	0.935108152410856	0.373641982492626	0.656833738343976
100002910	0.789280941142181	0.662533766476141	0.349481280117019	0.598516941580059
100005946	0.15138210283748	0.256601912946355	0.461400534000679	0.765418737058929
100019794	0.070354895141799	0.246515488459055	0.388814070287441	0.819401827564508
100015759	0.235403654202733	0.0873445641428972	0.333200272594265	0.652447040665444
100020417	0.814421128639028	0.66751802454736	0.359727735586712	0.62995791612262
100001054	0.715322731865628	0.962166555663217	0.379513726238502	0.6501280144851
100001437	0.271236815657382	0.31131678608277	0.320065880761975	0.575010129115475
504	0.340594210136652	0.753967721341974	0.420742995677137	0.658450831859705
100001988	0.481573885689891	0.677397585945086	0.369515951483648	0.796334754460178
1082	0.0360498826817931	0.611674013136311	0.412740189224164	0.678170958888772
100001403	0.272544250318862	0.307212898991496	0.423906176521652	0.627932731566035
100001664	0.844490790609795	0.512652420396532	0.360062755939114	0.836206566791326
461	0.397993391594769	0.253880897387639	0.538381194607261	0.630425734931356
100000463	0.726547995440681	0.985320606906089	0.380073360372048	0.649501263059917
100020208	0.75319498900386	0.639611913739696	0.401339303015515	0.572331784271247
381	0.471592258872918	0.0668245471673153	0.178762636570389	0.481196781285128
100010901	0.0712565176472857	0.0692536575451366	0.383407902378784	0.764740225903354
100001468	0.222655916338631	0.952103765954553	0.374413244805568	0.666308167138934
100000840	0.79752259994048	0.780092166826699	0.353538161224442	0.670844704867079
100020014	0.263333572828413	0.609491573098208	0.369246894388917	0.664275421654394
100001993	0.667445495741915	0.588364311060785	0.308915925930137	0.809289003907486
100001051	0.148431973244676	0.0273374402702767	0.38764081946875	0.353699960062792
100006116	0.36806006970908	0.502214160980283	0.3835827092398	0.650647502336938
1108	0.724097012376398	0.891459231224426	0.385292938275061	0.640422709210423
100019966	0.345694315715775	0.124337570141812	0.447157024946663	0.620747367181671
100001743	0.666443879702135	0.444781727430303	0.364076545402044	0.635737750373814
100001294	0.0928701622423431	0.173116035838466	0.278855083465519	0.706570470569203
100001609	0.218260330982709	0.100590191071406	0.36417208436288	0.74124489151601
418	0.720074144922015	0.980116811783055	0.379520979665307	0.650162110118759
100001178	0.305353208741331	0.983824553964125	0.379518980144143	0.651763674002865
189	0.906961023266363	0.735546405426088	0.351351486682384	0.624332753952689
563	0.517243310991437	0.786063584890301	0.396034223065746	0.634147252030196
424	0.512245608444065	0.404269312132357	0.424888205115358	0.629246164281608
100000776	0.136135694721123	0.310658888445928	0.427149315783977	0.651638889212775
1001	0.809388973117448	0.410679011701865	0.394439467968319	0.652481765681745
1135	0.32608185466066	0.0996359373396072	0.361832986115128	0.708932647702962
100021093	0.371277077677055	0.491418619627428	0.429208150261619	0.672185337063387
100020219	0.102237261834378	0.204458822277719	0.398770403217664	0.537159384524039
194	0.383212126591999	0.903777571812765	0.380961846406321	0.638690862143764
100008930	0.587029803731495	0.553964158848305	0.417173456698451	0.625589194527006
340	0.486080445912134	0.211314051443946	0.239197272901648	0.733830547615774
100010896	0.964491765796224	0.727672177196917	0.355952553128919	0.657620226487804
100000787	0.269149832513672	0.12638494508068	0.35696856824093	0.384749877626517
100000639	0.0340276744836023	0.225019024141194	0.343121067230584	0.656039728131872
100001851	0.97085477034594	0.26593092467231	0.401130036590893	0.441370631362547
179	0.650519485357987	0.575252186668272	0.371274995862506	0.664482591219743
100000626	0.306968310239801	0.664001902349751	0.399661946948635	0.650119758230484
100001605	0.0112999107362411	0.0829557401884257	0.475500052188217	0.74283439636315
330	0.27054477539187	0.435765985837954	0.410848092412825	0.525529194471211
100001162	0.687888774751885	0.652255687282723	0.344635063535138	0.623869222998629
100001167	0.0643518980932407	0.27559469320589	0.36364530860086	0.636421118495514
100002067	0.574209262020168	0.733866239038997	0.479512810562447	0.577060248598725
100019968	0.79332075646108	0.418004831004367	0.401635114653622	0.595228479631704
100002014	0.986765262283244	0.996307300198856	0.375875881048459	0.670778991600849
100004083	0.541787774104267	0.157590145285714	0.402256199941388	0.525340487432334
100001315	0.190290118190848	0.300015167159816	0.414653231776654	0.726475883484698
535	0.324611979220758	0.602562750595978	0.396136267603063	0.643244414235431
93	0.322296118800909	0.206991262375175	0.441669976231837	0.46967305450016
100001989	0.397022562373025	0.657359523441018	0.3507350531673	0.689495316490724
100001740	0.700620320717286	0.399624038083809	0.346965700959383	0.669193086416614
482	0.201733757618971	0.928391358432068	0.377273820168108	0.643242463729636
1629	0.264285489992594	0.402800849824108	0.445982051331294	0.625665643363674
100001399	0.431083509092157	0.364702969512141	0.399152764121166	0.649210793346739
376	0.736734583515606	0.158423460319509	0.240014196541755	0.759065884243675
342	0.57083559860246	0.616882302603423	0.373391675122296	0.648316294961653
100001253	0.0188691843613131	0.158221972640238	0.329390805830871	0.870695304834964
100000708	0.697777615501443	0.813706242018976	0.394282576603502	0.655891167698459
244	0.24662550653482	0.0624466950317761	0.310322401177975	0.765839375934775
100006726	0.33391180719698	0.244043309642235	0.449913058785995	0.631240273484223
100000036	0.249202249240487	0.599138021409696	0.347879234766071	0.694234290127804
100001257	0.0159869324552031	0.0657772308335318	0.533904861709869	0.930739082971261
100000445	0.675034348251805	0.603889315821053	0.411564890187172	0.605470730898311
100004088	0.00720490153326309	0.142199509872425	0.417163717925381	0.722810213912287
100001423	0.883272599576121	0.813320755787329	0.377972050438486	0.630851927976462
100001276	0.334424272652121	0.267180833409401	0.346510357904544	0.563838222896286
100001876	0.658446149077505	0.98702025086711	0.376637949989509	0.649964981854092
100009082	0.543996587411067	0.0383475978146289	0.179634867994333	0.625912535951938
100001121	0.37024297673927	0.741872091364534	0.370913118533317	0.64586266300723
117	0.302844186232407	0.625806024778943	0.356082306913747	0.669965929231022
100001868	0.0284009748930905	0.0962612723817212	0.454554329550314	0.65518531832427
1134	0.788656096782218	0.357705932148482	0.268468451037055	0.628480881939837
100021012	0.210129692999439	0.437142010487534	0.391890231597272	0.676056177369285
100001181	0.695288371812794	0.241311993185461	0.467873979931126	0.576799867681629
100021467	0.826113742312791	0.326937944216281	0.374504778806857	0.567751591130914
100000447	0.26235984440787	0.258771840844399	0.423403489547011	0.616808979962849
1162	0.000380494311859788	0.0104489184194738	0.502321861005691	0.545767715046019
100019982	0.612504895947052	0.420355244135339	0.398942825968646	0.630932529792646
100001613	0.927197625254125	0.425705185167453	0.398214083623053	0.616479702147502
100006644	0.471049549859302	0.694547069183706	0.356543431745044	0.672296497631153
100000096	0.417382962492085	0.0211657075764374	0.263000901261451	0.611532711061624
926	0.465748511446437	0.708418154021899	0.381583415077736	0.653462923916018
100020004	0.961767343271583	0.632800069443169	0.401346287953734	0.64774226404951
363	0.240303894180498	0.0575735493315732	0.334178411611255	0.26608915358859
1111	0.327389380916648	0.958028531561145	0.376627042505487	0.707409998994469
100021712	0.802625262763918	0.748334135811893	0.377425353730945	0.632193498340855
460	0.971453320645549	0.748342922589457	0.38506203526583	0.682116724294555
100009331	0.246592343013029	0.178424928831497	0.349955090581984	0.677645955992122
100000442	0.239099675460442	0.675680836114943	0.408186391496424	0.667343031830807
100002945	0.0811660166700808	0.0159994553204589	0.490644879107209	0.603603901431655
192	0.90367840789311	0.832863136672575	0.364223480778237	0.694969233780152
100020241	0.689312830012564	0.820390668682746	0.386289598327812	0.65126281167356
100000580	0.128341488651495	0.137315957062562	0.324015467907997	0.883696910721833
100002466	0.00665081902671827	0.0244128707034706	0.329996245358281	0.406066859186696
849	0.729891777007954	0.604459312509004	0.380536391571685	0.603145368368968
501	0.547874464240608	0.397957512486447	0.411011192319998	0.60872839694971
100000282	0.799205653605095	0.158995655972924	0.451327259975729	0.554958522135472
100001577	0.0194698349973997	0.139755780414086	0.537197270316838	0.713465060859263
355	0.0846645268596286	0.290495495964338	0.322563326373629	0.549804424810531
100000841	0.534242655114494	0.875087230304428	0.368804473579206	0.679518673884348
100000846	0.841394699925283	0.354373158488707	0.364885223130619	0.643377771367648
100004295	0.923855336656415	0.421053427893761	0.348312973097674	0.603431796184918
100001586	0.130790669850467	0.0538144084943773	0.50074934728936	0.331769595559588
407	0.0104919205891719	0.0288279508771313	0.428301801333818	0.71837790136529
1137	0.891345757402324	0.760948025099971	0.364060249935615	0.685034694941289
100021374	0.0243916901469234	0.0124856234005676	0.306749045795052	0.940687027892539
100001593	0.678367139867003	0.888967340076536	0.372964879314433	0.654826913805838
100015971	0.93177220284501	0.849191226625143	0.370483026273036	0.649119538009435
100001022	0.201633435424271	0.132259544300991	0.239744532080946	0.944013491890299
1094	0.074760601120569	0.241167779004177	0.549406414184076	0.878281507934164
100002122	0.205969593504991	0.223422508846189	0.319289951164675	0.753149347786451
100000706	0.707595229174483	0.563761734238874	0.32828807925605	0.649509453118965
100001055	0.648549359951707	0.479539969360321	0.342073162967024	0.601918096653123
1235	0.387526460355887	0.662186445693184	0.358859789254228	0.685933149743234
100020204	0.0931819765873335	0.504013746271554	0.407448294505949	0.694650930599653
100015643	0.0290800659527353	0.266364915978312	0.414867208497806	0.599282911868564
313	0.0184712843841715	0.239591074573343	0.40138497347639	0.583499429955848
100001413	0.870895850836456	0.906248162651391	0.373554984644671	0.642468802671333
100020423	0.0199814597048843	0.0156078687212827	0.406713955896329	0.335005286105062
892	0.429144945190364	0.139855235028711	0.413792561421611	0.678586837040926
212	0.0581398895671028	0.116020730632844	0.495497048825743	0.625102795985313
100006105	0.164663386772216	0.166271938910366	0.434188389464284	0.661220962661211
437	0.753581288204699	0.602080787634245	0.351643358396766	0.66563915581081
100019892	0.497957014174271	0.767912286164634	0.375150196070338	0.674328209726125
100005716	0.112450641159672	0.123934366521677	0.390010793281398	0.732566325799229
537	0.214261911547199	0.121664927864978	0.389397060724385	0.675765748969611
100001990	0.253941150217068	0.548516558249587	0.436645052486479	0.592632211592599
100003397	0.0391688423128825	0.00442618421501151	0.293321018159615	0.415402249381423
100001320	0.140150234656745	0.228455758428509	0.462424421136852	0.42301600951456
100005717	0.148871583357693	0.0926247449749097	0.430694273566076	0.682199384188425
100001207	0.0223493889259841	0.152468141623087	0.441567886155919	0.655154953247265
100001999	0.493531326665747	0.809562919697277	0.363692858565991	0.748714977250382
100002488	0.247691774160265	0.0206821599469759	0.430475790158291	0.596194923207373
62	0.209135664406806	0.683491598559081	0.366116505132061	0.656770614096199
100000467	0.418513736425284	0.362006653890314	0.37089152579583	0.614954392372364
297	0.00397565762333843	0.116850779592853	0.394038114292628	0.613728460187531
100000285	0.0216260706008924	0.351925139588297	0.386479473111271	0.75339214710357
100006056	0.0853559148130866	0.40975138510309	0.390095806285709	0.690424217715444
100002126	0.136786374140043	0.273652421722356	0.298252668548815	0.965174820729341
100002129	0.768578009919962	0.845321729761482	0.366461989569441	0.732627224542941
100020478	0.0518356282940097	0.252856631037402	0.337981965955013	0.679177062163784
100004089	0.0884158296229816	0.580558541303852	0.393610753768588	0.611049934708167
100001755	0.52235070011035	0.581269482435511	0.377779025044442	0.60706763281759
100000551	0.0476346555607759	0.958832632734851	0.377948226206577	0.655108950513564
100003260	0.489066310573945	0.318581441212357	0.419931700851619	0.725394933370694
100010955	0.960520898087919	0.482763166273343	0.312691981394955	0.566111696259899
100020851	0.402575917894752	0.579003152791493	0.3846182233707	0.670574341775684
100016069	0.567929865557493	0.740934632932089	0.384572680283297	0.634352032737843
100002027	0.596418894064442	0.540638420959938	0.287491269990566	0.763743037562018
1123	0.314779349684331	0.175022246988954	0.368515689255528	0.780598149726598
100001150	0.637718825832406	0.930234505867647	0.374349393207302	0.653723764271276
100001657	0.383839360362185	0.628366552878582	0.382302838591411	0.629293578332972
310	0.247500783935637	0.352346117280123	0.336205465608818	0.751267181124737
100001314	0.359092660367159	0.135157592346836	0.355453759479322	0.53427637169644
452	0.55194695636603	0.540258723294109	0.439051842692356	0.61178424577095
144	0.121669904474523	0.0663555518762526	0.438578658242508	0.524468411762114
100001182	0.178083580928036	0.140399779711167	0.46615137480557	0.631306749300136
100015965	0.671826693471841	0.4486404190551	0.363222236182936	0.722327961177584
100006108	0.819010945581277	0.441061589299846	0.395031674423096	0.688116433107184
100001400	0.578459798882184	0.566968974066146	0.358766806166682	0.63626510189939
100004541	0.285826446153676	0.203156296420326	0.368828960554842	0.407271558320527
932	0.781915313715723	0.362943199866983	0.379721991703038	0.682358565473701
100001992	0.569162613049542	0.616385171142659	0.482530404024799	0.569953395456854
100009252	0.114383852497414	0.167871063133502	0.457613691997726	0.627448221918873
100021104	0.50963758499146	0.521586689017757	0.306387161000003	0.7960222505138
100015838	0.0100242028784615	0.0376570977572475	0.53563282810542	0.896592992531903
250	0.00126134096240948	0.0228579869749528	0.644848249818264	0.748434138471896
100002537	0.908775093621228	0.478951701337774	0.353070186293877	0.762413315848424
100001658	0.67329755972237	0.597877934316082	0.419966226051423	0.632054963787133
100020416	0.311666004593564	0.389180674778597	0.338779579064884	0.626826238248754
100006642	0.258471335640401	0.777254187529422	0.363962347438551	0.671390960332893
100001391	0.10295149401487	0.31551238768909	0.475889713117761	0.766662569082393
825	0.946235120704247	0.478704646865951	0.318344669399345	0.667052104051634
215	0.0167101003927225	0.0939360912876167	0.448202521107002	0.631256713776437
100001026	0.893570914722946	0.963044129886129	0.377783021547607	0.668366311633744
100020541	0.396514554560703	0.439813048610225	0.330988696109137	0.692052987658557
100001526	0.20601319424469	0.257760369584005	0.558471249050394	0.76602515013331
100005384	0.601292894264231	0.462631286747321	0.351746813746092	0.582168984402938
100020378	0.412929880997646	0.575623423830034	0.361627867990615	0.656441163232941
100006115	0.918382455900857	0.414968751149918	0.462992340288053	0.551810888797649
1442	0.146729747760205	0.0356747671878956	0.165908046619859	0.530980838431561
100001843	0.146396097932176	0.205287127316966	0.407172438760111	0.738834863124322
100015837	0.197821104660672	0.285415747521626	0.595076413422445	0.603015013841534
100010834	0.725944295607002	0.974104688390372	0.376710878786503	0.648704639903324
100001393	0.713427452316673	0.409393817586101	0.30360611895213	0.692661432762329
100000015	0.281813237027713	0.619878942048633	0.354220054667504	0.668400191053275
100003892	0.03383906550601	0.0436827510031277	0.343790202669913	0.912616463096031
100000042	0.23848300330554	0.0301524718243645	0.38566622647637	0.566286885346451
100020550	0.631433373190659	0.230945601771768	0.400129351538074	0.551996386741657
182	0.339824523486895	0.306105042286198	0.37187041874341	0.670397499416542
100015723	0.104368900886652	0.383245835889318	0.388449481419873	0.629634261844531
100020343	0.505725320879653	0.544185088662071	0.343698924269577	0.653079382414705
512	0.33640473333327	0.606969520389655	0.412454857905798	0.621071368967691
100021100	0.851372923227297	0.768563080794749	0.364716126674961	0.653174785053883
100002528	0.33287036724186	0.070413348002927	0.441242472077672	0.43572525477591
100001287	0.442620148148291	0.683934434179812	0.510400285903191	0.580449344138744
100001229	0.795394006358095	0.824644171178405	0.393963114264456	0.633007310535511
181	0.369622867920883	0.850539695616276	0.371444143439364	0.672006204308539
100015831	0.00281292367745853	0.0255637668616343	0.469157600725773	0.452346354177883
100020515	0.152441603269136	0.343723921903058	0.308047184622798	0.841389979419716
327	0.169324551914116	0.223699682816273	0.466081635124778	0.598777369600603
100009394	0.856306678468791	0.869844529156197	0.367172089381103	0.666029221544686
100001596	0.988710532993554	0.27186994352991	0.338725533060779	0.499816818824725
207	0.713645422052875	0.430455485366664	0.402168733819746	0.603228308689127
2054	0.478758534803477	0.773492290025412	0.364232377672566	0.665559274051985
100020259	0.686254066242662	0.571726728742788	0.407153688762421	0.634910252362137
100020414	0.00322219215202095	0.0394951821574532	0.27916293004822	0.622055085799067
100021131	0.803323180647943	0.297186881622443	0.360470942249246	0.61122325487775
100004499	0.753307077396357	0.78961249880942	0.368277826153448	0.62939612906068
880	0.123851609954736	0.687283793751533	0.41916033082034	0.643590973455859
100002049	0.533930438305091	0.315891164762718	0.411390426183705	0.601267552902468
100001739	0.432176065797123	0.213009631972941	0.487510780534837	0.604840218507877
100001126	0.390199426261025	0.141265899957468	0.253368431120042	0.530198933322098
1113	0.71181826778914	0.836952339785422	0.390616955392662	0.626791040770163
1083	0.894938476010344	0.352721985534336	0.398676814161334	0.569984373973057
100001730	0.0858172625742077	0.19048301958037	0.43149754771483	0.529257717313777
100001412	0.414963332586372	0.855085013822469	0.373815984312139	0.669025848423602
100005996	0.827129026931544	0.552946068529327	0.366055641379214	0.618495193377765
100015962	0.0160595813245342	0.133688626788688	0.276364609827193	0.932578912359724
100020214	0.653908588769953	0.407331792148826	0.400587321782644	0.57020162199903
100002514	0.0987730058420706	0.304059388052332	0.397511250365231	0.58336844455101
564	0.180754016502175	0.0539050827107883	0.337860806661489	0.529440068478272
572	0.0211301250360428	0.0175274048941763	0.545800497847697	0.512736233416098
231	0.946728065393858	0.703131052944454	0.352066407562822	0.662774376564178
100000453	0.821304851403154	0.715461052581918	0.362612972475049	0.685441527677943
100001007	0.112836269722789	0.234590609360737	0.445799341681931	0.528794356295749
923	0.705528796720285	0.360953993629754	0.354278242337585	0.701094624401955
100001247	0.448716610170839	0.548201466552474	0.357723537983987	0.634250049330211
100000774	0.638147201231958	0.904520041449893	0.388892650201289	0.662626341319413
800	0.301972197719761	0.320820049670642	0.404181085171877	0.709326625427376
100021678	0.207290825158984	0.346877531279877	0.317566363903721	0.648206303892982
100021711	0.488321861588885	0.868453313333968	0.390423772809437	0.657018176757197
100001274	0.902615254900916	0.451377440005522	0.358589455624427	0.519250801621872
100021220	0.224884218440329	0.208821246512216	0.426761816038526	0.946335475187392
100020253	0.488029761194801	0.969475474220639	0.377179890098099	0.648307016601561
100001170	0.588533023261948	0.145897716806165	0.362595291529808	0.542614478727268
100001466	0.20621488519669	0.77784508370224	0.393430046585087	0.641195536233633
100009406	0.774552030599714	0.696629847209092	0.362797331502547	0.665643808570609
1026	0.179553940938539	0.430726746187136	0.402739276747498	0.615182528786965
100020837	0.814411689456355	0.367095201966648	0.430638259441879	0.55128514454511
100001006	0.0854609259650545	0.088396489595479	0.356348288289699	0.773919987524851
100003674	0.808399745089331	0.137885499993388	0.37008103693701	0.640121882697005
100004396	0.310826978151928	0.400825490638581	0.43107647739734	0.543609571947419
100015923	0.660319238165289	0.977684041201359	0.388114610702173	0.649043544007374
100000265	0.564122675387468	0.766737553674198	0.379841978443723	0.629189286186466
100001409	0.0889832429775029	0.121390953383809	0.370370533801059	0.496493974108315
100003434	0.551495724139131	0.4290704898291	0.39292385779949	0.557393445875951
100001334	0.691815155139053	0.0832969634936974	0.448052033668839	0.534784620297516
100001102	0.692615369633381	0.762609164807259	0.387473052459362	0.630915553029938
1268	0.596466154043786	0.0694697027876861	0.241234787056563	0.607823916094493
100001300	0.184139468507217	0.0784833343678597	0.344354109028614	0.651979426202786
100021324	0.221486763749693	0.641007585025636	0.492548575625544	0.637479665726496
100001617	0.0965568796828272	0.0973306443733298	0.372150476723829	0.689457281419888
1105	0.908235172605283	0.199714335622721	0.462483505640672	0.378580999157175
100021502	0.0960324318720026	0.312566271317823	0.357636702658219	0.679290120323533
2051	0.679254900503742	0.655337521049894	0.372134484278538	0.57382182498875
100001256	0.144886962319054	0.484590923884401	0.422436789508183	0.790123540016836
100005466	0.0485051511494556	0.0691095571943582	0.439927123825426	0.432762443738425
100002199	0.227734433649983	0.83191242917277	0.380313170017591	0.662606780496994
338	0.0243408548148039	0.0553875854215156	0.549570224411109	0.430743947175396
100004243	0.697732350078318	0.723990358741958	0.35687808374886	0.65906635105601
799	0.690402392137198	0.824130850149453	0.36264124675626	0.645308783776359
100008928	0.50253387458703	0.0924512607376752	0.384739991072084	0.639250794349886
815	0.0989370828711723	0.273928296009245	0.378013106992263	0.723631554742094
100001456	0.00224221484719227	0.0411112622171872	0.388951914325177	0.555984998871409
1242	0.113976158921151	0.101939324567602	0.428667906436654	0.470038942880662
100001416	0.301207888575817	0.119707142280624	0.266634882529765	0.413480122180492
100001462	0.385639399151829	0.326048204451087	0.440241358356377	0.609330031161214
1087	0.150085935600399	0.0355094975101203	0.402642660469598	0.612122171637176
100020421	0.0798240267916728	0.11192290825671	0.421519378071968	0.422934115475982
100000010	0.00191388927646683	0.0301537593875626	0.425685948628456	0.703546526496642
821	0.622680726505803	0.420818201116315	0.40452035149441	0.520806451610828
100006627	0.282074916995879	0.145507692926134	0.505739931155351	0.551743081486147
100001277	0.297321460068899	0.139099189885161	0.449738867426742	0.603639621564811
100021141	0.0748411456021967	0.236965293141354	0.401046023865647	0.741721800826621
100021105	0.20992226596253	0.297693383350255	0.394032700294147	0.478415386481229
100001950	0.000571148716820297	0.0083141584342594	0.454575256178655	0.81908474401023
100020217	0.875331133313012	0.305537265870513	0.274294386992642	0.491268518458488
100006651	0.0348973100782577	0.178028195686407	0.418183496439011	0.427070793151406
881	0.989459783774457	0.449368602873568	0.355739328750641	0.662800449481464
100001509	0.66269714362192	0.148480890383651	0.335083680989325	0.572575605706708
100021709	0.666661073061016	0.882582143755301	0.370906919423454	0.654027286662001
100001635	0.360992208410591	0.0423934190061929	0.396263431914151	0.601986021516655
100002613	0.425242082254878	0.120589057764785	0.354646437216716	0.734731625978559
100009329	0.342159804525869	0.539672554750465	0.321352319080923	0.842061335116132
100021123	0.980412959651557	0.673407465339639	0.383484105576537	0.585300298325933
100015760	0.180139135501049	0.141296191859466	0.32307859011842	0.683884922296045
100020205	0.477765410517712	0.482738184703403	0.419658763387854	0.507128881819369
100000765	0.54703633655204	0.660985861008474	0.370418594963248	0.621526623665139
100004111	0.257674705578552	0.143373754531596	0.426939603883888	0.617015905869112
100001615	0.236999902533908	0.774627414248493	0.376778307867926	0.647694744770747
100009227	0.222832556721026	0.11653447993166	0.508013800303348	0.788669292547205
100006191	0.450990967852957	0.605353912506194	0.403460276119246	0.604530116202217
100004542	0.486894628941623	0.388499611009017	0.393047176309579	0.694084614448817
100003686	0.327771910891978	0.127937693002361	0.510032872207116	0.586968679426335
100009232	0.0445095475426124	0.260226780553678	0.367545021828916	0.567127834244108
100001501	0.0535569744461475	0.102360377193239	0.473891181446463	0.687230967659214
100002367	0.458362001415315	0.235676401707337	0.359779075715069	0.499398162839841
100001108	0.361185967903276	0.696845898469044	0.373487171332632	0.639163113770474
100004227	0.75000787102099	0.994843096730337	0.376201337092976	0.650755994682378
100001310	0.170436266832063	0.276147912031989	0.359671580295254	0.765169506196434
100001994	0.842356989079771	0.967458384015493	0.403505977461551	0.691830538045772
100015839	0.019242739697621	0.015729432614984	0.46531450248222	0.736884420823449
100003271	0.00566464330973394	0.0763829453319651	0.483935604134553	0.456484070938462
100020496	0.663738970214998	0.926710997505191	0.393003658945372	0.644129076826843
302	0.5646076142855	0.398471551023269	0.338252677960469	0.614582482809975
811	0.685066367584917	0.693290211720158	0.368280531103467	0.691239058070872
100001267	0.847337465629854	0.858489222315694	0.365923731786803	0.647844733150315
100001197	0.0314635162485702	0.350634384473357	0.419644082798998	0.660749933316506
432	0.223601409670816	0.4638971777521	0.400265574609111	0.630243348824011
444	0.01448379102965	0.0628126219706234	0.411419883391854	0.779187586327495
100015968	0.431921959283289	0.435533098317064	0.364563201800447	0.588849897228952
828	0.939428737227419	0.811331507522854	0.366965987629134	0.657956840024376
100004054	0.215424874977897	0.784617032892189	0.381401385537562	0.656753360706132
100004635	0.125812354462721	0.155176663009976	0.751911021594955	0.403055793780742
100000491	0.336126461088724	0.491789453919834	0.372296657018672	0.535058031885086
100000939	0.0499409046830974	0.0345413637185669	0.39420769976965	0.546095487174582
241	0.278536370530884	0.657362358198422	0.393268053882233	0.667432865749852
136	0.28268922775187	0.0607120870398537	0.341068737990617	0.836045205784293
100000792	0.624035747828095	0.987042008068721	0.387362430878007	0.682645269809227
100020973	0.584761171117542	0.634332644714203	0.39769297766395	0.625280252649921
100000936	0.958093375483436	0.754883890394489	0.377888660055426	0.653968606679743
100001313	0.0100248921467011	0.158012452642213	0.390864526834895	0.702323121652103
100001951	0.0292266852083664	0.0732615875462463	0.442003296913744	0.636582928895934
100006098	0.0224204475146717	0.0937449630561793	0.412344559379901	0.763305574639507
100000007	0.250859126284692	0.546681590341271	0.385416259156494	0.655498933373494
100006641	0.828585002037756	0.99077802263665	0.38331173586106	0.649772644096437
913	0.010227100645789	0.0567541842329085	0.466017706556779	0.512584952830175
100001579	0.832893974121595	0.429257641059264	0.410363934330132	0.650898423945644
100002911	0.116003478803548	0.0105652906821986	0.497475838876234	0.60203977242383
100001293	0.20742987826286	0.346756532097205	0.3374213812143	0.795725888216722
100002241	0.202809295284121	0.500602564157948	0.397588271848439	0.61684318568484
100003179	0.451072024555209	0.0899953148591516	0.353785227050814	0.51090150493653
100021372	0.277463577087746	0.218311865327401	0.289584218853198	0.653929961614135
100001956	0.379960233265228	0.563044300763291	0.377217883686343	0.575922910761568
100021162	0.221489410006135	0.169007885939598	0.356203576724791	0.48277733605419
100002259	0.415336926338215	0.672374933437384	0.352676224518368	0.644127171693442
252	0.590306844881772	0.690621901115687	0.409093796550768	0.610896747051006
100000707	0.470071775708087	0.347690921818995	0.370970174013717	0.657769737999119
1489	0.674178555841687	0.0216564917252367	0.284693970466623	0.624840653522705
100020361	0.0295889105644481	0.0849859573658067	0.417249531921381	0.937412678167626
55	0.653652515999229	0.907102080978917	0.372174424808569	0.658981130421209
100000863	0.237418242951324	0.25185326348086	0.333032663163288	0.686374157542026
100015840	0.213220244921445	0.111100951952006	0.474038610220239	0.612707244698012
100001541	0.10904604210771	0.0718220291878249	0.27152168910061	0.637704100365955
100006082	0.148169225459368	0.0527896285663765	0.483020340318645	0.644653392394319
1254	0.695564162538875	0.955669448655768	0.387265857671756	0.661630022799409
100001624	0.458426831264432	0.348421685567333	0.358309274810362	0.626069419106312
100015850	0.764794611347815	0.64483935442309	0.436013182197481	0.621012472200487
100001104	0.00184423636114176	0.0103868248242954	0.446611902269244	0.937753310049662
100000900	0.196271451874636	0.476661716135065	0.379896699000045	0.655897305728516
100000269	0.155359199982084	0.0746577300070629	0.244573892780841	0.598122701908386
1022	0.184824998107244	0.978849516069378	0.376189494228115	0.651669204753748
100005373	0.192044483915695	0.0756129056074118	0.341481893649065	0.681349802838312
100001129	0.107991475247894	0.672329517022206	0.365777811682547	0.682796870798095
935	0.0142295131079218	0.127406686238438	0.475805374166262	0.516658397997185
100001262	0.199559984350838	0.228102031240427	0.384497640042298	0.675728621838975
100019978	0.371161981540907	0.593917830587575	0.370184472433631	0.634495403385356
100002293	0.782831672713448	0.80236868997802	0.379336756049485	0.651211511021916
100001426	0.199857699804271	0.269564217078454	0.381021058577739	0.494272781079907
234	0.0219811594969966	0.127534104071796	0.386343931885233	0.621877019787831
100005403	0.227499762619715	0.965690904555988	0.388078404283648	0.648564919484399
100001083	0.0229470162966278	0.255522343072945	0.429702074976693	0.671101243364903
439	0.664683551673669	0.30873045261184	0.405295064286372	0.644583819879458
100001086	0.346577522203563	0.412038291879905	0.394068059897976	0.729530962572263
100005864	0.690772389299153	0.447046589093478	0.348977894035236	0.717050111982791
491	0.535012804411173	0.917343898718323	0.375007471624687	0.651194730691354
100002029	0.448559933498437	0.417233640396938	0.363295295543555	0.51785153483344
100002154	0.893453013213344	0.517544119062476	0.336623636083777	0.631605108705945
891	0.462865089397771	0.191813707799433	0.421971969174929	0.616787563402735
100020261	0.421679483619047	0.455789426759048	0.438863680086598	0.625141734577545
100001296	0.5929197891405	0.526470702352067	0.375585140543067	0.558138478318985
2050	0.49572345110894	0.520942391526998	0.402758402863265	0.59509759989407
100002761	0.286752496358111	0.67527699685951	0.330277361608802	0.785916876192011
100006614	0.928643211832978	0.633232722702073	0.347352488840451	0.719250482647185
100001597	0.993234438523727	0.14486600767371	0.257500259838247	0.464883312603379
100020853	0.756646200173663	0.853949454522225	0.38172248986075	0.66011135171353
100001446	0.361446445960202	0.473619909364793	0.339001956270483	0.645505069857576
100003240	0.303846581884118	0.124406810713346	0.429041341521149	0.569491955499514
100001502	0.0305261878007386	0.217892972698191	0.445788126821465	0.739875826417621
100020866	0.109196890337143	0.0133381387034394	0.235765050593174	0.472109548692748
100020419	0.0321665135536551	0.0908593402108387	0.408224686008702	0.401829524784262
35	0.504009089441577	0.306556003447467	0.34660648327389	0.599338485507635
100003696	0.0120496992576207	0.0485816275406185	0.544198651081027	0.585033100728923
100016038	0.735262269913783	0.973460406064372	0.375469330582653	0.65035788197507
100009333	0.15223323123766	0.148856132066943	0.388096594631062	0.676274526533774
100001611	0.199320098661619	0.350139748660961	0.4667305060258	0.628540258288551
100005383	0.538512888281617	0.255069630142776	0.396643834479377	0.694923368722233
100009239	0.344969947364155	0.137878034460466	0.455592931522239	0.477948154577936
100009332	0.238525026978442	0.205238215956276	0.388518842698724	0.608432565718974
100001731	0.185622650568717	0.673532515938996	0.382779169387898	0.628478784839589
100003415	0.425221272676135	0.501084227004912	0.363720525201089	0.665669734804388
100020578	0.12806479725429	0.19110809337649	0.357806189368728	0.544908601782732
893	0.928927396612286	0.493703538458715	0.375390279201731	0.662976193525028
100000963	0.388595116198067	0.232578031243375	0.461358102317339	0.469754725351816
273	0.103879338593117	0.266119355786943	0.450790908360084	0.641748896427143
197	0.455768401709408	0.415033970105325	0.367156603626912	0.533071600781395
100000808	0.344177855615724	0.249918304599439	0.352126236822297	0.801259222437152
100002284	0.846631107849342	0.372368399469056	0.253115229307076	0.593478430825041
888	0.981011136705887	0.105947553566032	0.39751935883074	0.635105753795451
100006435	0.528269895111159	0.356199482087408	0.299642866070514	0.938297810455472
100006374	0.210787518922516	0.547218802354738	0.386767149811854	0.639787814336952
100003169	0.610405504781129	0.988998165618395	0.375487455670599	0.649236396505668
1004	0.280347592199771	0.592573515024358	0.347623711708679	0.607786094018383
100005998	0.120548116745592	0.920139853977618	0.391632869803506	0.656144344703853
100000773	0.658896728850495	0.541095448605529	0.382682211495019	0.633735027748018
100010850	0.0202519343932689	0.123788472219418	0.431838033404518	0.533274242001224
397	0.90894199425856	0.38646628227672	0.290574245285408	0.711416715348329
100000039	0.0556494008684101	0.205647096214738	0.315347994061003	0.705101303238925
100020833	0.753753179187814	0.766397475060634	0.385750628544107	0.690736713287331
1021	0.42009115466389	0.357515955214056	0.35465641032356	0.687343426064196
100020479	0.339785518024331	0.552134738363564	0.383237510191836	0.661500782429011
100001335	0.413929632972059	0.273789101104285	0.435862126477288	0.614069134095401
100000743	0.5264470835941	0.943087937862855	0.376083889815361	0.64746939884184
100009246	0.163241182579845	0.633336952888809	0.364878009982157	0.681879784208302
878	0.217718519542099	0.766233731856704	0.363573443517131	0.662739942834092
100021103	0.768456002071	0.891109764889335	0.385749402530217	0.716135444257351
100021363	0.22010237245364	0.559546074540616	0.353642120085872	0.691265194544247
266	0.172472954050255	0.234693073915595	0.371590918104294	0.583107817352318
100001195	0.235346678320187	0.177641915855956	0.493794001139612	0.568479129371536
100019801	0.747073187651926	0.680735436191497	0.393415631912348	0.635982632874723
100002196	0.0478022332253757	0.281278152598318	0.389703989797776	0.660692384439721
100006370	0.289026555983975	0.996020270556617	0.377484479316289	0.649767691864281
100001510	0.0201839510252362	0.00316216216176286	0.334832476145481	0.74642810859285
100000437	0.529004535742162	0.442062914999564	0.360035362009967	0.720076953434394
100001767	0.170845029713779	0.0360318715537537	0.446210123755913	0.716589952415215
100001810	0.357094553613181	0.45970963853618	0.398517360757975	0.820625330068275
209	0.0234746759247538	0.29024782783079	0.444522510849402	0.631171242355162
100001485	0.195571543322138	0.0836083061665965	0.236602573346736	0.578212370948343
100002500	0.108908438190854	0.426090904415792	0.385072245581978	0.619416649763393
171	0.00500871466854837	0.00938189706499127	0.320841393879734	0.641554034684423
100020487	0.935561421781839	0.842548311230725	0.398126433863257	0.620789978097297
1206	0.00715081655369411	0.115135007046988	0.38317590567135	0.701355049855299
344	0.0245587181300436	0.0325929076308377	0.665167773661925	0.759896943165886
100001405	0.613628197463802	0.980379405544942	0.378659579337284	0.649648378022863
1239	0.982763950350703	0.513964267096751	0.414047080071101	0.65390792619958
391	0.0626445743241136	0.185067941770879	0.355168531342709	0.859979201711425
100006430	0.514317721375707	0.199675982985377	0.446767743873539	0.408409424751141
100001417	0.788890624700992	0.443762187857605	0.367468061092528	0.772367930128967
100002951	0.0672563463355317	0.484879674546632	0.370553389484059	0.575025889451666
100000014	0.327351680679045	0.523756152642155	0.371962853315877	0.694913675279917
100003926	0.585349610781423	0.477795926084751	0.403727960042779	0.631882484566968
100021538	0.527813869317471	0.36493130502449	0.432047143033827	0.565725231915026
132	0.282650207930224	0.89306798401581	0.379379928878265	0.649420708344539
100001425	0.653932825511699	0.554132215024882	0.448136118317078	0.592644942380058
100020262	0.636629756997017	0.657735950604876	0.400492565561506	0.637645856450016
100002679	0.318840780006623	0.666313014273005	0.357762581667908	0.725101628642969
100001270	0.761961203614054	0.551119918487553	0.38531568001292	0.62745191955095
1102	0.811061228276508	0.996566493560615	0.376737693460304	0.652195147588565
331	0.201837834919705	0.182587017950236	0.320407110317981	0.53836792167194
100006361	0.44572479027456	0.586706889601737	0.349703241145638	0.727812623651674
180	0.934758977775104	0.829170049445	0.39986265802671	0.645611851321938
1053	0.55813851070496	0.555571162852815	0.496104276646689	0.707193262711544
100001359	0.76788460435235	0.959867030242951	0.384023100806331	0.649961085991326
