chemID	simpleLRM_Fstatistics	multiLRM(chem_sig)	multiLRM(sex_sig)	multiLRM(age_sig)
100021136	0.0326595230211445	0.250987581321504	0.365723982108486	0.74232146902187
100000882	0.913147139214382	0.630573451440562	0.356302877456245	0.619844391314021
409	0.087237977754695	0.173302944827998	0.385565552757645	0.413782793270426
100002254	0.618069539770157	0.0365858775570172	0.234475782744763	0.623434584829506
361	0.00913577804420401	0.112940721076856	0.244770249108445	0.627884538388903
100019975	0.502127200532545	0.73911415267584	0.3371332860211	0.665890291390493
100000257	0.00093332882184334	0.0224549590959849	0.324633179333533	0.592418966974119
100001232	0.99095761102399	0.924853212116745	0.349811771066885	0.644858752391399
100001948	0.442308464243951	0.412262896954379	0.350815087888121	0.528130286147149
100001073	0.613825748240452	0.65480680631889	0.419151122739034	0.573731299217332
100015637	0.995810172633704	0.436321912767556	0.365696984120361	0.642084334385699
100006360	0.595351451651851	0.689401375493513	0.321427058365184	0.714658251843755
1488	0.497327580252034	0.583325064734055	0.345272400071448	0.623700648153533
100002253	0.940666316947394	0.96178721565473	0.343225284984379	0.648060793663994
1023	0.988231216723248	0.714808192323174	0.333318591770936	0.634636083602873
100004284	0.547316518665085	0.878835349521751	0.333163728782987	0.655574610983523
100001251	0.766395515124107	0.95871241728917	0.341867278883277	0.650793840491705
362	0.769759488442151	0.464349817820535	0.308300113725875	0.642409265340055
100006620	0.984991280537207	0.780738483159732	0.345918359007119	0.65468582036705
111	0.397156186829353	0.179449501558846	0.283597650885195	0.625819002447516
100009045	0.566812733778102	0.26329081284322	0.287229064278123	0.805478496775746
100002927	0.675678190162676	0.847715608820972	0.332499729783177	0.670237083116858
100015641	0.819306708633997	0.92163936712893	0.33458306620341	0.657153375845818
1114	0.129054878318112	0.966689688092318	0.336591939735922	0.65215679399631
100020409	0.348699327015072	0.368586640467324	0.340852120192421	0.524575048816813
158	0.162886373032588	0.259262780055578	0.409683193325938	0.681621238422489
1224	0.0510180464927502	0.194307704168645	0.26734246636727	0.688335329998755
100001620	0.493547813014897	0.396638351512824	0.294429458322387	0.653952024771576
100020893	0.334306060712168	0.069075696928154	0.296786717136657	0.393143196238262
100002458	0.681842214453997	0.594821238539004	0.374834640822245	0.602245624979967
100001112	0.948295353103434	0.92840140885045	0.33748630516731	0.644124795486402
100002953	0.402528880826526	0.821892454421251	0.335157425383424	0.66050794552901
1141	0.469300633395898	0.0629302540999413	0.409745597394175	0.48605843733921
100015834	0.605257896345725	0.906785976906683	0.336781034737317	0.643237510298718
100004561	0.594688294604722	0.870110937828389	0.342563014157687	0.645780947458878
100020497	0.742236582610572	0.796866418959984	0.324956404836235	0.671189592658484
498	0.0400374677711911	0.280801545651485	0.342087542528043	0.727383923757762
100006051	0.792779021368077	0.818279902294814	0.344856124110277	0.644964180541197
1668	0.713268097961369	0.500592011127374	0.335507475750734	0.586068736946272
100004523	0.505070344752193	0.923868190370186	0.342550161277423	0.643176646060655
100001604	0.215609043763633	0.515604549369819	0.336919696141202	0.694332280864831
100001002	0.202471064014662	0.556367222277834	0.34848935753993	0.638691081317824
100001987	0.0790721928369414	0.273620137372294	0.874068579685816	0.51557194436764
100002462	0.640554609424076	0.345149688170127	0.397925080173855	0.535542637863556
466	0.570993501886912	0.070847371546325	0.371302761861835	0.625386889457756
100000665	0.892132424098191	0.439584860827569	0.377156375513864	0.595749968072313
445	0.908105307939594	0.417747195569797	0.37637314288895	0.699391582376995
2029	0.134423770102566	0.483703248200515	0.362532164073955	0.650623730996875
100006438	0.103424741449385	0.227884731918488	0.403598472760213	0.659438940799246
100001398	0.0824983427359647	0.505837985550997	0.321896799066403	0.669474623155245
235	0.478919958951855	0.497748975703028	0.301251539810907	0.683661185425216
100000997	0.644181082168991	0.672438097852957	0.343667271983036	0.62523289938927
100002094	0.182660996584797	0.188340405133753	0.298898321817934	0.501435557243702
1052	0.632847979819922	0.954888525139525	0.341713644891269	0.665490899415154
100020823	0.356024715715287	0.612825377043377	0.318065927585148	0.640973738711779
100001806	0.246610963485135	0.581806849330172	0.40276152227551	0.65870494086362
100006092	0.776458877286126	0.863384048328113	0.345115821716597	0.638396284847261
100001415	0.122747311877802	0.0817024210056445	0.330331793900039	0.385216555685487
100000008	0.0424746281023844	0.0725479814215645	0.37445171146652	0.488316184873689
565	0.00937745333094663	0.0535767945210594	0.324785846969383	0.73140958789786
100015851	0.182519942265632	0.201345393537707	0.411951936661754	0.788392515716302
100001866	0.508412138158964	0.863224688502535	0.358286445306132	0.632137780812137
100020546	0.00212028531535418	0.0244078257909644	0.627260224546056	0.838399888820629
100016110	0.503462024553298	0.403772870380823	0.279576989669075	0.748693479163827
100001254	0.00214436324787402	0.0107796291996439	0.46475171406051	0.861021871014603
100006260	0.449799365193414	0.855454024312079	0.340493414130403	0.648082117452156
826	0.708207711983356	0.875483307463653	0.338011482003208	0.645941208579205
100001872	0.490697049536434	0.846541105063952	0.3380418801211	0.650295812075549
100000263	0.351059473201267	0.378669070344332	0.412503987917442	0.642273461057703
100021198	0.887640278655309	0.0688464637651094	0.227336849538747	0.380136005105807
100015967	0.0359248245488376	0.0890650820231685	0.416757073152311	0.474221753709302
278	0.145892017161071	0.263684046686507	0.315595181704336	0.934370752926637
519	0.726512974972976	0.324601940337623	0.402518931275998	0.585591871509636
100009337	0.0872488559643152	0.289377249127003	0.47006959600126	0.629993363156919
100002185	0.387014448184014	0.887982760295438	0.332889099927661	0.639604955647567
100001278	0.362767146484577	0.258558183659651	0.41775995511343	0.60037917923961
100002103	0.737998979477795	0.647556745003011	0.334033247415666	0.607433071557908
980	0.710542599579406	0.418511604151147	0.379769565354973	0.627511174515118
100000016	0.854105480842998	0.43954859625465	0.334319977749153	0.62481014744688
100020372	0.179949062810209	0.483149678451064	0.336701335276688	0.587504550558422
100001662	0.694966661558073	0.147749627400266	0.142591059955188	0.661107147739229
100019972	0.923666226901456	0.686781503600954	0.346592051357737	0.637524284610011
254	0.798959485859819	0.728951736317381	0.334044749068375	0.654018464297131
100002009	0.632803926229476	0.67959958780335	0.336052095539097	0.573828254508119
100010895	0.589251416028223	0.599513938004903	0.367771722521023	0.637042324767806
1140	0.869985577828663	0.992065222732673	0.336913109257609	0.65141441697044
100008951	0.606351516707865	0.514821534347068	0.363265862131917	0.609322446300081
1084	0.335372491076975	0.794108877871109	0.338464235196416	0.69446751870535
100002796	0.126312354482794	0.433130498756711	0.304365289854049	0.601005557661118
358	0.881404629781389	0.986657739793126	0.338522186662469	0.653877566325192
100002070	0.782175607924469	0.689223402330497	0.329161179060191	0.682285063503447
1628	0.432154084036566	0.149787268261546	0.391227849542016	0.640274312000111
823	0.602759492273494	0.509104486666546	0.299194267840307	0.708741288651871
100004414	0.472911437982174	0.0929815946442537	0.431409400512931	0.782644182817841
100006129	0.663823985791207	0.666838515122875	0.317537004497603	0.66586909223583
100002028	0.695934415606318	0.445965676887195	0.454446651264092	0.461855746627144
100021707	0.503909505516145	0.627370050273597	0.306678588732309	0.701823191697264
100000054	0.567198604930695	0.493998984359613	0.32589744315085	0.675267143239026
100010869	0.541747650132809	0.253726728438512	0.338320680436884	0.532884516638627
100004575	0.0307796413867489	0.103430593468776	0.417221694549357	0.980636725810549
100001212	0.969834033318792	0.683494313113717	0.340654256549718	0.594691119174121
818	0.257809711693705	0.574648501218098	0.376563247236726	0.606122320313692
100001092	0.00110655369881105	0.0179873852039205	0.353846837381672	0.626146834211016
100020371	0.959046850643193	0.896877677156269	0.341530312833273	0.648805175646444
100004112	0.150717920232977	0.46098295248522	0.368272635546579	0.654608093652671
1125	0.470240574041831	0.367698067885291	0.372454317127102	0.68374112771232
100020491	0.973764513484725	0.606583257914972	0.299035507834889	0.664045677242375
100003151	0.00315599513172162	0.0245012440946481	0.479207667030819	0.536171139027172
100000011	0.282735480305368	0.143720748125241	0.258376327124852	0.75549382661299
100003594	0.465109876485513	0.974958315843986	0.34486609125186	0.652282331640873
806	0.799506026204971	0.169409421055821	0.330009110314151	0.465725381782981
100001211	0.979328700563055	0.567061396505944	0.348058154179311	0.631407202622561
100002417	0.519527068914613	0.628089004550647	0.325041542817053	0.620794884193849
100009335	0.660447249387637	0.230730024474926	0.268579792827515	0.679818664057143
100000781	0.812244437104059	0.981386606179486	0.339267992580943	0.650189384530256
803	0.0309607659212898	0.0345460082874641	0.322087151862983	0.53150300487494
50	0.631012133236204	0.769663497743903	0.338958315512388	0.639296605548086
796	0.43247714348215	0.0516080351447254	0.372492826299986	0.636941415019708
100005834	0.958034549012121	0.668706620533998	0.381158534509971	0.647116588344725
100001580	0.894969354662019	0.500368624905795	0.36946450955516	0.649276296137105
480	0.713665332287445	0.659822842697765	0.306539104308106	0.658392151465
100001540	0.228902778296155	0.696568067058772	0.438121267086896	0.735677790278778
339	0.594849696035482	0.127117529740128	0.303145025315586	0.565445087164538
1110	0.97840238301409	0.968701449980349	0.339939132862512	0.654980644145868
100015836	0.222905285954854	0.208709000364816	0.454188931832617	0.818697515521926
100009271	0.559277341001351	0.522026157597735	0.374348844496226	0.631106080652298
100015638	0.959090875675261	0.424654021931581	0.356730306980585	0.629593190670482
100021667	0.949130450846915	0.521135394992442	0.371072651773801	0.635064132740237
100001279	0.6893820254443	0.407834992574774	0.354094905173602	0.767480224669725
100004208	0.0151220407412105	0.103450130849002	0.531245158988725	0.7654227095207
100003695	0.252871741847048	0.162775419655615	0.352884210848544	0.452667695034137
100000802	0.878385547149423	0.867287788668857	0.34251039667062	0.644711165781738
100002769	0.826590432539003	0.103272525166498	0.251966922780234	0.76113509984994
100015835	0.13666399525834	0.331731095056215	0.465029109541034	0.836873804776535
229	0.799719026484855	0.362936660952122	0.385862927744245	0.641398770626263
100001266	0.00773538200637737	0.0285173125250396	0.412257467606686	0.946000687300964
1342	0.288432895287708	0.349686540297824	0.292835218203445	0.667708551577874
100002102	0.837494411985138	0.538272144188793	0.381788652845176	0.75180036815942
100020254	0.119288318049911	0.528376365163248	0.336695711864405	0.67719379582115
1231	0.469282800782602	0.229940003760044	0.401372995026781	0.602235501405205
100020492	0.957031308692844	0.934365973071251	0.336157968627606	0.649416926856512
100001402	0.39220681958659	0.575165894474253	0.371956107888243	0.654370370220788
415	0.00610939659707404	0.0828734094300098	0.393194914733928	0.708996215690277
100003109	0.971336143473148	0.915607505289508	0.340177211833662	0.64108984652369
275	0.499302096759299	0.904233152623165	0.34672020356131	0.643555376192089
1143	0.163145834190117	0.0681114644307247	0.304995336702453	0.751238391242433
279	0.370943381044996	0.314398319027099	0.342228307359763	0.506786705525528
100001198	0.935762356973116	0.988721948617301	0.344468551782665	0.650225270017198
1648	0.438850969071022	0.99122842540113	0.338244623229562	0.650092215540651
100001590	0.356357150542613	0.279370762988926	0.319083641205639	0.571987176007763
100001733	0.403767541457128	0.870479241322965	0.334180830829503	0.662763426245555
100008933	0.0139697642583545	0.00208904394763269	0.467206726387783	0.602617891143735
100001550	0.336972244349637	0.504047997928761	0.318461018831023	0.599647585700295
1215	0.0872466638701863	0.244236191995438	0.279647732699016	0.612449448151411
100002356	0.267220881675606	0.108968015243402	0.405688378569547	0.656400489113062
100002749	0.670112031124504	0.746067678624049	0.342648923401174	0.657667021191215
100006379	0.184812615017876	0.172976069766192	0.379609111792946	0.413521432945828
100015966	0.0741840141799354	0.144852960814991	0.374428543376793	0.472138719733573
100001392	0.743289112748475	0.909185325319105	0.341722898327862	0.647734803223376
100020425	0.151258922250807	0.0542598034036757	0.273947378629616	0.423501587618526
100004299	0.335233373763617	0.796898562120669	0.3557212409453	0.700098706121373
100001734	0.608305568953177	0.532173717860489	0.352668201210422	0.591882812321381
1002	0.79347547125623	0.846718888540798	0.337989819575914	0.649228825529838
100001337	0.289782412906203	0.800954900070015	0.322778231949294	0.651093463295568
100001452	0.721733050637319	0.820935200343309	0.334629679026941	0.630394711964573
314	0.529668760601033	0.376706067559088	0.350222979311387	0.667545932042968
100009264	0.920949501825814	0.605711527927077	0.282097468868746	0.760597145776425
100004634	0.436668231532216	0.507659195272665	0.306452489012752	0.66617050102153
100000711	0.639189893522309	0.64964750594527	0.38156716989531	0.676070997464407
100020536	0.015938227365686	0.0832338441098736	0.429303140330257	0.752395110954054
100004318	0.260946231427469	0.518520420713345	0.353641925728331	0.641657730545033
100005850	0.944166707564999	0.49459452005151	0.412983823608864	0.600799284416294
100006619	0.346400341084057	0.154374852583281	0.374839835766901	0.638141025895147
356	0.460817051435336	0.634746050298688	0.324950555612934	0.667217314869618
1221	0.519083278299685	0.541691256141834	0.44608604148382	0.690158743757043
100001397	0.849952217505058	0.798483631774145	0.335316358658341	0.644275952050397
100019981	0.629424748539087	0.900661177980911	0.341600690952145	0.665981594819035
100001208	0.396404969491908	0.244410064722075	0.300700546960674	0.935207339848987
503	0.00845101631122568	0.00971768234829767	0.222647698560075	0.484639076952549
100006375	0.131133335619569	0.574250247625675	0.371992749940015	0.624928750088948
100001295	0.746903600162874	0.649907454523906	0.329825629665638	0.732615927660106
100020427	0.0659927189808747	0.0303987503709331	0.311894845762029	0.367547219213681
100002784	0.566169956591386	0.400355550523964	0.287416401857363	0.717059870785367
917	0.0535024708510276	0.198388994872496	0.373973239698911	0.59807488337217
1869	0.406098350216358	0.215777642565387	0.357600776767202	0.538948919314338
240	0.236965256255648	0.108703537707265	0.218858745014368	0.459800516001173
798	0.00491981630746263	0.081749327959978	0.499733796994085	0.576702499103399
100002952	0.219410150502873	0.534549766667698	0.332500036252659	0.7251916392185
98	0.553505299288766	0.77915423705165	0.364606840622574	0.655861824866025
100008998	0.359419941977534	0.376318593498195	0.27002616384655	0.715640610269228
477	0.902589780742214	0.297740286241055	0.346460767437882	0.644915877852159
100020545	0.0700629460419308	0.125938816096922	0.404259809096396	0.81464059018507
100021666	0.920076044118502	0.243906420583492	0.37375759329832	0.644663170011532
1256	0.557221576665104	0.703604866792115	0.38658599480814	0.684612527957043
533	0.31418784700175	0.0823787935924777	0.247638813982152	0.411571361402195
100001757	0.554730043190938	0.954552441772225	0.341648735241123	0.647977565850502
1024	0.369830199387876	0.0992683627116511	0.218275841793544	0.884927326842817
267	0.431932051875957	0.999429970567066	0.338308486017524	0.650092928125761
100002113	0.110684500860559	0.0908432132455845	0.324115619699781	0.675235619499141
100001756	0.825645906508576	0.715779016020578	0.35311760154996	0.670064718289184
100001193	0.450388698359101	0.187676491240157	0.41596040707128	0.5972933101434
100001668	0.624226435912113	0.954737731761453	0.338866695342072	0.654066793834091
1124	0.302640389951539	0.308118025455645	0.303629581870634	0.742934161400973
100021331	0.179826382838242	0.338870092516744	0.316978472704579	0.69005033751349
1090	0.0554470328701121	0.0411894273124057	0.329596498701889	0.790393153342295
566	0.883745559249205	0.337646711843542	0.258943626159131	0.654348625230636
100003119	0.40057044601115	0.266681007052331	0.385847063748947	0.582359672663358
100006367	0.763486926845006	0.565804654563074	0.349296125090963	0.630362801162879
100004322	0.18982594387657	0.230869918317429	0.353324304336391	0.734374549528304
100001034	0.677211262623389	0.847640905321721	0.334761243601275	0.64289276713317
112	0.994725982998367	0.950984646621332	0.33867969047262	0.650407613353046
507	0.708806861158187	0.771164955371997	0.337510271902595	0.65653983749087
100009233	0.43066365629362	0.21953161662	0.294012887455061	0.677173095819228
100000406	0.0234833219234738	0.15130318065743	0.501380237026659	0.468893995935479
100004046	0.326681894496013	0.457494286919884	0.232975624547041	0.598007758420309
1025	0.804667853340005	0.722625428772265	0.326083833049619	0.668096045573031
100001106	0.183428899282384	0.18671463082036	0.281387122535974	0.68334846201105
1128	0.0413555559375487	0.618692320249004	0.360564620249905	0.696251115836047
561	0.0622503968337056	0.201006200550638	0.23592888888407	0.580935998951978
100001614	0.880795874956856	0.376786352753891	0.352749150225608	0.626732412605288
100000961	0.923565481449739	0.999692876547789	0.359204505281215	0.65602440053959
100002397	0.944121515255312	0.645383367121367	0.335773408362728	0.593186598020776
100009407	0.876875022973346	0.960999851995592	0.337463143444673	0.654631612213983
100002910	0.917510972008148	0.599904184280252	0.310831097822571	0.587563806956826
100005946	0.241525022296883	0.328431789948699	0.393437487337742	0.749482423080392
100019794	0.0811047104392201	0.269954039554784	0.347850394338022	0.810089472841856
100015759	0.402604146015158	0.112953344997193	0.275023889791614	0.663448930454047
100020417	0.813880776145066	0.658105664165111	0.320786817993432	0.630737507875622
100001054	0.719564943870811	0.96634632507575	0.341116798247605	0.650299479748948
100001437	0.313534773896741	0.33703186385437	0.286484376494268	0.580271187684696
504	0.225932212801581	0.665234577313289	0.402693513657484	0.659327988284836
100001988	0.482489046691906	0.681400224985059	0.331258120598279	0.795022553601594
1082	0.0279881853803959	0.583346992029049	0.378240549310314	0.679592622416901
100001403	0.328921205436139	0.345295021463607	0.371526071673912	0.632560153546438
100001664	0.869516141668936	0.520229711917765	0.323800383420387	0.83143035486061
461	0.352230155252487	0.24460699387898	0.49243956286175	0.632392132721125
100000463	0.635926944933299	0.961568993566871	0.347827345190108	0.650244461984258
100020208	0.636659732955194	0.564752593937285	0.371181574861429	0.55319454168283
381	0.551574696615592	0.0741691793620904	0.156868434506234	0.493504799994817
100010901	0.0750683831429502	0.0709525262617106	0.345083118107817	0.762520829116513
100001468	0.296434266711337	0.978466385405374	0.340761498930891	0.653313773784753
100000840	0.927606366102183	0.920505551031474	0.343444234463651	0.659138626114022
100020014	0.2585253237176	0.607368339973917	0.331093339113115	0.664916325103542
100001993	0.713706471290882	0.610682607231314	0.282638343303795	0.801154626933496
100001051	0.111154694035907	0.022430360267509	0.366743646688851	0.344679250924697
100006116	0.369409638981725	0.504452027768972	0.345125227161204	0.650535036700362
1108	0.959804277116537	0.930654944309231	0.336679387332321	0.657792817270802
100019966	0.337356456312118	0.129906506976012	0.407560371628498	0.618670728690514
100001743	0.528381142393862	0.384058149170986	0.337081876865309	0.629129883842515
100001294	0.0979006798035495	0.179694302354841	0.25094143542244	0.705145272444259
100001609	0.329343523954145	0.127962120361115	0.303943500743017	0.745695562533057
418	0.909581034248379	0.901000768396345	0.337514012689595	0.663785306479387
100001178	0.329846839278535	0.939702410741941	0.338391016826006	0.645422054173211
189	0.966979074075273	0.695999678997731	0.311563056980485	0.620371989912796
563	0.506322099719706	0.788240197382573	0.356159239939784	0.634669493252762
424	0.562054805090158	0.428513667914649	0.379934319100654	0.630576869800786
100000776	0.198874595498384	0.350348697158829	0.358734607231225	0.661377909258621
1001	0.94616986768923	0.471669003695535	0.348963607049196	0.653122909035802
1135	0.35401769131861	0.10390126466155	0.317830782855254	0.712284281019452
100021093	0.330638316945368	0.462197927179269	0.396724719699226	0.671450349796858
100020219	0.117228399076339	0.22043888553418	0.354773000105818	0.542262926329825
194	0.395602136364563	0.878862037313126	0.34301230164573	0.634110758816722
100008930	0.672411002516887	0.598120996089102	0.370240218669346	0.628791816459297
340	0.541447755343679	0.225076332305453	0.215931215270442	0.729936591684468
100010896	0.855683001219046	0.676711899329469	0.318994042138953	0.656490809887388
100000787	0.223236860936869	0.112197523001704	0.328551724969607	0.375477210923897
100000639	0.0384549994213929	0.235538108080979	0.302550047310734	0.658864321674791
100001851	0.988327421666367	0.258422020968456	0.361701353124739	0.439490666906268
179	0.506954879925552	0.643987913204893	0.329303437105035	0.664969809602917
100000626	0.403925679031588	0.748523295943403	0.351716668003574	0.650773612087358
100001605	0.00721336102070766	0.0718429423140142	0.457622292585375	0.738894734021497
330	0.260723144592289	0.431034780191896	0.371886731406095	0.524480789273983
100001162	0.73489096227822	0.621308226676194	0.306791561817852	0.621678426850909
100001167	0.0545225325560001	0.2575200733464	0.326041666605424	0.637315461860659
100002067	0.598993863468379	0.764825375030337	0.427506673239051	0.589714553362317
100019968	0.702034125957415	0.383749209550553	0.366842268316865	0.591516336426217
100002014	0.974807163091144	0.999226013685092	0.337691279927085	0.67247213860364
100004083	0.370590217250078	0.118978112691354	0.394471655913886	0.504538756201353
100001315	0.260188936198563	0.354213108492039	0.364618084379868	0.717846664106939
535	0.302630049492541	0.597419650234023	0.354484412685293	0.64627346714791
93	0.476688090875779	0.283998304713009	0.369561085430134	0.503669217043947
100001989	0.371139554399475	0.638782613201948	0.313625800627286	0.692368804985705
100001740	0.719054663571521	0.402945903431492	0.311375741697708	0.668915205328684
482	0.239641232451066	0.975859205821264	0.337906131218872	0.65002314047512
1629	0.299165091604725	0.434003374529873	0.392965977352061	0.629297570896898
100001399	0.49190631228728	0.397626086509865	0.352128652406795	0.652422889937256
376	0.745755449232594	0.156634686128222	0.214176040413192	0.758372363247897
342	0.649776086958785	0.568020439203494	0.339692783374239	0.646491723096997
100001253	0.0242211906986619	0.17683657662371	0.291768558169556	0.861465995843367
100000708	0.616090474054546	0.777207220395991	0.359944880344509	0.656953676568787
244	0.220549556812075	0.0579728442811412	0.277060005315369	0.769399004468963
100006726	0.420669212265311	0.274453774632899	0.39346408229964	0.635057010985319
100000036	0.20307351935844	0.64606491901397	0.31531625321918	0.688583386588452
100001257	0.0214265525065432	0.0803319804118985	0.46747257383516	0.916378140106568
100000445	0.403540593708805	0.730977251899064	0.34971452105609	0.623993682427199
100004088	0.00417777961564117	0.112341179207254	0.394517178985521	0.723307212021241
100001423	0.919881299589467	0.790484552146879	0.339752423298653	0.628830079541689
100001276	0.36304862208076	0.280565900347454	0.309296472766216	0.568476397152295
100001876	0.805068269312132	0.90114340424968	0.334790498096747	0.652555998313547
100009082	0.545664980301949	0.037522537396567	0.161536669730753	0.62542270049603
100001121	0.336724439910557	0.722754521283949	0.333633439303449	0.645590479548652
117	0.311671751651739	0.631622571567083	0.319441106267183	0.669863974601505
100001868	0.0304261350261063	0.102845059384098	0.411627735103958	0.653350329950895
1134	0.681361923594347	0.311522449917564	0.233665957129356	0.625835435042681
100021012	0.237616941817141	0.460230572821216	0.350451213786462	0.674272674549912
100001181	0.767370067076054	0.260823950963986	0.41595790896974	0.581114989671343
100021467	0.79217180880865	0.3114871619932	0.33621412028092	0.56673964070265
100000447	0.256464909917042	0.25539152088832	0.38125411696741	0.617793037505311
1162	0.000597916709398504	0.0136604789855895	0.42997015230896	0.555506469188303
100019982	0.434699797641693	0.501608320073291	0.345522430928612	0.637508052733927
100001613	0.990254524288795	0.44640904023149	0.355236361276608	0.619220651892358
100006644	0.436093379906372	0.673467776658541	0.318496187348655	0.674965510122067
100000096	0.643440717012058	0.030017286553636	0.214356074205346	0.62898268769749
926	0.486395042291806	0.694542132100821	0.343435756576434	0.654135055102981
100020004	0.782359235574237	0.720460153208004	0.350317352762882	0.649998194567914
363	0.210689655264286	0.0507912409571602	0.302223107221597	0.259700967497891
1111	0.371046411214413	0.993683471775277	0.343851455488402	0.686271283059609
100021712	0.730295019569821	0.782187281380225	0.338510178863918	0.634919780278083
460	0.782110297680572	0.664314638288732	0.354599673191639	0.690480333892621
100009331	0.466405976053216	0.2376440068004	0.286985863576207	0.688033121842513
100000442	0.233323453092523	0.684004578374564	0.368981661770247	0.666217521092457
100002945	0.0873384109556751	0.0171038882576137	0.443110782129831	0.605982398152852
192	0.873282503668878	0.958386716784692	0.345361058945948	0.66852292122222
100020241	0.46208561159733	0.958074153843851	0.339361228288444	0.65031487961919
100000580	0.159045047419104	0.152895405556437	0.277885091386697	0.884539235996694
100002466	0.00742972716482013	0.0256803615709861	0.295510699141895	0.408034411758523
849	0.637551730243455	0.5574888795815	0.348267332599063	0.595274764705602
501	0.533651723550729	0.392506857842338	0.370845745251875	0.608818957976967
100000282	0.760137868567564	0.150009717563231	0.409418507872521	0.555000789835568
100001577	0.0294884738506727	0.173335461969404	0.463516172539529	0.710333831310737
355	0.0860906352674686	0.295573461742632	0.289682372313546	0.551026018606493
100000841	0.796578992500011	0.976698024181166	0.357898734441259	0.652659256888675
100000846	0.833427948714867	0.352406626387785	0.327851512436779	0.643365412354997
100004295	0.925735545751397	0.417458410046376	0.311202019391809	0.604389916945388
100001586	0.133052266977848	0.0524697320936951	0.44391185452369	0.332708943599722
407	0.0132094186809375	0.0323949969351097	0.374840866555637	0.720283575239156
1137	0.900289853510768	0.74938683670857	0.325293317559037	0.687350132863332
100021374	0.0318211161021887	0.0145440987313748	0.268975957829756	0.949107804286987
100001593	0.771902176885605	0.821993642137347	0.332689080825249	0.656697659083334
100015971	0.861042457996173	0.800314778296519	0.330415105640523	0.649814009245849
100001022	0.352871456327775	0.182261964943903	0.213422441068773	0.915821235676018
1094	0.0743528750788293	0.252716375414162	0.49262383963223	0.875556625054083
100002122	0.23605685346381	0.239240916201774	0.284984927285773	0.749844732596451
100000706	0.654583497790281	0.576283926989321	0.29557382377222	0.64974904885871
100001055	0.704476484252235	0.443971181780934	0.304215015453864	0.599388953006264
1235	0.399867239218459	0.671467991001149	0.323137909658505	0.684100760484722
100020204	0.0959618608976387	0.518699847923052	0.365290973450465	0.693512366837197
100015643	0.0348397507154531	0.29320002684586	0.368251963026758	0.604306334422939
313	0.0211731320896338	0.258450536194533	0.358145811555402	0.587380553752139
100001413	0.922524263232551	0.866673011714357	0.33277451293811	0.638315170260825
100020423	0.0246513563426344	0.0174113035574955	0.34693587374924	0.345864502799211
892	0.430246792884107	0.140009313754242	0.375419635501826	0.67681756117059
212	0.0758936822885208	0.135604124019963	0.428976198415635	0.631929328346989
100006105	0.172565597274299	0.17211650934527	0.392231099743884	0.659980198823502
437	0.788177590154256	0.582022499017392	0.314633587517086	0.666744918928711
100019892	0.44450907413808	0.792894474357378	0.33599419946747	0.672220676341742
100005716	0.0647869789866838	0.100736917385842	0.37278310071198	0.731149502253101
537	0.251454020283716	0.130070631215735	0.340318802801291	0.679449407276021
100001990	0.281998281735736	0.571217546568668	0.3901432596979	0.595736999820908
100003397	0.0357139142627807	0.00412789076436209	0.264370734161877	0.413288502118535
100001320	0.152218672397032	0.239699955169739	0.406267451397159	0.43071655862292
100005717	0.129991237023723	0.0889548989484988	0.395425907249011	0.682063620804312
100001207	0.0268188945006026	0.171009778268982	0.394125172930174	0.654593529966627
100001999	0.535922278940695	0.844709185301281	0.329809705441908	0.735828164115522
100002488	0.239062868392029	0.0199026780532758	0.39035792332951	0.597346973277758
62	0.163375443313567	0.648727990211349	0.331198945910623	0.655535529055059
100000467	0.544001691782657	0.422106634522872	0.328789084596503	0.620308532601752
297	0.0057037839786198	0.137499769111546	0.345267917846972	0.618745852997072
100000285	0.0305202574387788	0.39712129887067	0.340776765902018	0.745405067423261
100006056	0.0463420056891105	0.342217343586678	0.368032968178866	0.691443007193298
100002126	0.139942661494476	0.274937741402582	0.263672943587798	0.966639463506859
100002129	0.785596397438347	0.829783853134851	0.327819079540116	0.738667914253079
100020478	0.0385506898994296	0.225756555323509	0.304579992695839	0.680544892516369
100004089	0.0581619678428366	0.528465790642105	0.364657556614615	0.603774030898353
100001755	0.489626855964088	0.58728832771175	0.337869306448785	0.608776839056279
100000551	0.0435508248979806	0.964097197917583	0.340225567962497	0.654626040221213
100003260	0.519417288187308	0.331430813733686	0.373913381495703	0.724748521216708
100010955	0.922833262066812	0.444161573933128	0.273393934810032	0.5603664686952
100020851	0.179343201857682	0.423422787212492	0.373345301495374	0.670825639185315
100016069	0.586955923446125	0.760239228902616	0.345786444483675	0.635420205314312
100002027	0.586945543971524	0.536072144908135	0.258553340147148	0.763386644601428
1123	0.429163414666887	0.207776345872419	0.317287000163051	0.776943385034572
100001150	0.695790047744981	0.959162848386182	0.339361824605826	0.652513530248369
100001657	0.329272126939789	0.662215735169194	0.342386694900319	0.631363397731757
310	0.239174286013767	0.344624512279004	0.302122341481219	0.752050216733162
100001314	0.326998711927008	0.126774938232997	0.325258275286302	0.530828241195235
452	0.671239853271067	0.601435194351509	0.384581084571419	0.618645515020875
144	0.105446533073706	0.0623217382015931	0.401447056123201	0.522384786305137
100001182	0.199708953962264	0.148733211699521	0.41791578688145	0.631173040345912
100015965	0.717777810964741	0.469247883185927	0.325066366297585	0.719541652964241
100006108	0.927306084308084	0.478934990587887	0.350347726494797	0.685748243313004
100001400	0.728865757557556	0.634643233613696	0.320297827910594	0.640849993984234
100004541	0.275663920609381	0.202668652319625	0.335618324926192	0.406737651462957
932	0.796983106221805	0.352813694642559	0.34076376844482	0.683956937109435
100001992	0.521002328512509	0.584133585353516	0.446919811349993	0.562412136172783
100009252	0.140427898716668	0.188568191797848	0.400566848842728	0.633075605558389
100021104	0.618321468136961	0.579594979640418	0.282827396831167	0.779103785035509
100015838	0.0161719112851914	0.0442660886497581	0.418851560308307	0.92352993905441
250	0.00133005316602702	0.0236846721104462	0.569069628919552	0.753918875791637
100002537	0.970188949897805	0.487530683305282	0.315837697516606	0.760311453310842
100001658	0.747587452884616	0.63906385210917	0.3739145000941	0.633710512279047
100020416	0.217982007128744	0.337505599960918	0.310311405545122	0.62017012076131
100006642	0.263527168879595	0.786780049113546	0.32661496285864	0.671802500836994
100001391	0.163353297302851	0.385663434737018	0.385854025504906	0.771315336015002
825	0.679834608185287	0.616920237492611	0.300768742541037	0.660857264161391
215	0.0211676321909578	0.105006359036668	0.393492563410161	0.635276285849552
100001026	0.962362935183742	0.869253002115884	0.335112767827766	0.688459311478731
100020541	0.492330241802905	0.4933058805586	0.294416970364656	0.691435750129842
100001526	0.252379193466832	0.291194411072255	0.484347473125785	0.761625493179472
100005384	0.515795560075209	0.419759100820197	0.318017621565499	0.574962998816446
100020378	0.229509254530164	0.721221398988386	0.324644040824204	0.657301713504756
100006115	0.976073750928972	0.39250339267843	0.426645308589288	0.547130969017278
1442	0.201861776940526	0.0478424493615529	0.152282716337396	0.54177179679659
100001843	0.126877975092627	0.199632502362382	0.375197376978289	0.735874343090891
100015837	0.224472831389741	0.297608712960589	0.518527458314857	0.611910226050593
100010834	0.755972880596799	0.986895264780098	0.33810511995124	0.650139620562892
100001393	0.528325615687463	0.474277013129855	0.274899679703094	0.691577457906169
100000015	0.257910049148391	0.620456527176248	0.315841360323881	0.670824485972141
100003892	0.0401287929685518	0.0465647317290432	0.305645283771153	0.906263705980427
100000042	0.163976027157169	0.0243783404744883	0.370219206213221	0.557029362620418
100020550	0.625370156701626	0.22836855230447	0.359330356722983	0.552862694604465
182	0.455852320980116	0.343289616063391	0.324108914098826	0.672124266944453
100015723	0.12971251206272	0.425016301935877	0.345674812487254	0.632297689590353
100020343	0.400583745892846	0.486453172050629	0.30730576636968	0.653317508507454
512	0.40961446258419	0.665109781773558	0.362122649223782	0.627414271183892
100021100	0.747673243744198	0.711543233942202	0.326430932803073	0.653565060549035
100002528	0.323644673043591	0.0690580357109268	0.402971292470417	0.434899946383191
100001287	0.47535562101776	0.733682522835098	0.448381251780025	0.594299829612122
100001229	0.703470683852595	0.870794985296602	0.349415910715648	0.638427568062986
181	0.350711872402206	0.842797047229318	0.333860904725869	0.672676565512643
100015831	0.0016565323629628	0.0186253241768143	0.449557633067413	0.437781439641632
100020515	0.375378742261255	0.516316026564893	0.284766795096475	0.78683513921376
327	0.26350915991252	0.281987944635801	0.395842014550498	0.61020859871516
100009394	0.617260539628811	0.753562388742093	0.321774734580912	0.677602897286909
100001596	0.879570752323461	0.234187959429536	0.309753734619878	0.486026835527127
207	0.90821125155379	0.50555118007486	0.350641278642233	0.61410004150171
2054	0.471623449178928	0.768709440388093	0.327246642324425	0.665764785469207
100020259	0.680180967246779	0.572312788910438	0.366809006477863	0.635318459522463
100020414	0.00269178683989415	0.0373382064529203	0.253996825707174	0.621921391216064
100021131	0.833411105773748	0.282037540007851	0.324151207648098	0.61060039457061
100004499	0.822846131674337	0.7482507313733	0.329885011576552	0.625348985943797
880	0.213074975940805	0.816135066825983	0.357562876762832	0.647630128645412
100002049	0.526165118755963	0.312850061166428	0.370913487415483	0.60209833312117
100001739	0.536584583971735	0.243427508807055	0.42704119736763	0.609231295777206
100001126	0.469556556175275	0.154078157479171	0.219523402955586	0.539218019781891
1113	0.676130578165175	0.814272213833248	0.353496450975885	0.623132836515783
1083	0.960498778746149	0.32905421188706	0.362505696253201	0.567316449284429
100001730	0.0897589833257332	0.196897859725494	0.38592555914429	0.53281412499792
100001412	0.563411490496855	0.972918531761689	0.338708192362581	0.655488902809912
100005996	0.689225875820022	0.605973078429212	0.325741549205714	0.624808960969788
100015962	0.00720436941338271	0.0904250037200034	0.259489678135685	0.952195531900907
100020214	0.640835945208226	0.402861887301757	0.364961931285735	0.5679327792983
100002514	0.126342201271618	0.335580940828515	0.351480024660937	0.589378468674134
564	0.18991746152577	0.0553254797277871	0.301883720677328	0.531931724694344
572	0.0294996510937046	0.0215584786501719	0.466110496753636	0.524473649042958
231	0.915485637974842	0.636197813884736	0.313102780575262	0.664323490129486
100000453	0.93421418263935	0.771013940155449	0.326670151201185	0.680332656891244
100001007	0.127718000805629	0.252635880838965	0.395346817399884	0.535342082508043
923	0.583919302565845	0.318166720519858	0.324762957474803	0.702763033994931
100001247	0.581323196518006	0.609456048912206	0.315618422034391	0.640915876085602
100000774	0.504943028317662	0.822777215747733	0.361098361779347	0.67078786474341
800	0.37641981141902	0.362568941072351	0.355027226139344	0.706777098370798
100021678	0.213243500013504	0.354655951529024	0.287358032978947	0.64550179841457
100021711	0.473638011656213	0.865550082139639	0.351541915577669	0.657516467484781
100001274	0.850096326116822	0.423114403117021	0.32150164717724	0.512013472831476
100021220	0.139687045822744	0.162053194769919	0.411956271516881	0.968650077188887
100020253	0.31807699153876	0.916694447197042	0.337744997428159	0.655522480211439
100001170	0.783113636300199	0.187221355497279	0.312410177874833	0.557739795036148
100001466	0.309831171447248	0.882707685683683	0.344028338775489	0.645991046036716
100009406	0.84174458289697	0.708097107286763	0.323189470412951	0.667310442340749
1026	0.223118163825708	0.473480649019142	0.354669306609019	0.620698575872393
100020837	0.664548329734976	0.418021960058336	0.373275627079714	0.564607469371964
100001006	0.0979409818155583	0.0921770315852588	0.304323615452657	0.781981267886556
100003674	0.787794226543178	0.132867055643362	0.332799169066143	0.641186317406479
100004396	0.357085889215914	0.433329225077654	0.380246809777604	0.55267779298077
100015923	0.554942859592618	0.921078764142433	0.35842007457	0.643809912185043
100000265	0.450199784147833	0.71164276961474	0.34646085926675	0.623133431355535
100001409	0.0947936945551123	0.123522707817261	0.328282155883386	0.498737234864231
100003434	0.451828263523453	0.49679794437287	0.348682901360919	0.571427331203308
100001334	0.658371745936561	0.0791729869607842	0.407520018533661	0.535466274448726
100001102	0.672150356255907	0.769224945894145	0.347443038001526	0.632101591294367
1268	0.619836336819138	0.0698038561569489	0.212682395634112	0.610254881889072
100001300	0.225518328685417	0.0895968837606962	0.303443420780702	0.654519871619509
100021324	0.296120105096372	0.754188234369902	0.411391260748534	0.642930463417893
100001617	0.102939112740284	0.100432498697771	0.333606994377204	0.689113330130892
1105	0.858631051628583	0.141707375493565	0.47186554044837	0.337628345324983
100021502	0.0678197467170647	0.272675768642965	0.325195660190899	0.679277375133052
2051	0.767412026210202	0.599742944705185	0.335309187512584	0.559603104235093
100001256	0.113431999504231	0.453316977923416	0.393470238312617	0.796454528704484
100005466	0.0806471053019956	0.0924926965463308	0.36738264598437	0.459884033172056
100002199	0.134100978282292	0.715681271292229	0.350027452752436	0.669629693490191
338	0.0209701932859346	0.0520650682812099	0.502348137376914	0.42991008963982
100004243	0.373293907909819	0.540607911097764	0.31965184803993	0.660244556246498
799	0.500215064286714	0.949375722668004	0.346061156859176	0.648847149753438
100008928	0.537197563996463	0.100183821061575	0.346537392641717	0.638228707410796
815	0.0926932218744577	0.268726362097699	0.339744045814867	0.7245028149646
100001456	0.00599402819382575	0.0751532554726036	0.32557593560456	0.574639573684135
1242	0.091358962321908	0.0912411429207255	0.396775261540676	0.465110393336504
100001416	0.303575918615997	0.115332333333403	0.23470964782421	0.412689005212279
100001462	0.300738474964026	0.300677822562217	0.416022253283727	0.603223134183882
1087	0.178397231242468	0.0402933132768433	0.359002087674777	0.612164361856984
100020421	0.088924914445793	0.117769773672349	0.369672175443977	0.430297989062581
100000010	0.00545953216756777	0.049143582833368	0.341038646119045	0.712035078637356
821	0.578212629078851	0.400489017792306	0.36736421665128	0.515841149786277
100006627	0.280261319152879	0.145970044978646	0.458515523872012	0.552667577667776
100001277	0.338509915377601	0.15150943249649	0.401516331028678	0.605865610028626
100021141	0.0565047071456368	0.21189095826666	0.363387246723503	0.748636400095569
100021105	0.144364496719013	0.250300815095133	0.37384663673808	0.456794562463182
100001950	0.000523822120258559	0.0077508545737595	0.396007672741704	0.826676337050993
100020217	0.905966678879449	0.311968601752862	0.245548954443542	0.495349751141913
100006651	0.0197660307796105	0.144400041432471	0.403277078791016	0.405058098416443
881	0.968358261321541	0.449402574279756	0.316533229309341	0.664939753795148
100001509	0.710782681028262	0.156689713681237	0.296344923469346	0.576799755506046
100021709	0.65240435967246	0.874085631102751	0.332575989121308	0.654910043721443
100001635	0.298255342287107	0.0373452971740106	0.369383987515374	0.598282942858298
100002613	0.433532253210271	0.121280022056646	0.318515559965244	0.733982714732158
100009329	0.530280056623022	0.680030356867719	0.304570316616774	0.784898100847597
100021123	0.957080491595347	0.650341167062365	0.344551445726441	0.580566874010965
100015760	0.32444040722438	0.182773876746305	0.269606098291612	0.691956496736102
100020205	0.443216354972971	0.458711359278537	0.381522284274161	0.499586104346428
100000765	0.509007494954408	0.671096316322207	0.330996102044716	0.623909277102841
100004111	0.296944397807863	0.156174898730458	0.381453728675137	0.617646786068037
100001615	0.194272659056214	0.811829850116243	0.337417283358168	0.648631056529091
100009227	0.231301665367951	0.12183062271943	0.454235759683928	0.78993965372879
100006191	0.42237445453629	0.590390149078356	0.364753438588791	0.603170291170216
100004542	0.542336182140189	0.409162621548383	0.34655960444331	0.695434093533903
100003686	0.312161760109247	0.126973276994049	0.466743450678879	0.587061949093523
100009232	0.028759263794559	0.22586261518478	0.33907307592175	0.560051097205187
100001501	0.076510773201805	0.111119326429387	0.383774998492562	0.706061731141068
100002367	0.478333903968204	0.241257143387519	0.323367046775086	0.501387237814162
100001108	0.230541728778402	0.773537805618178	0.331927259842485	0.644221853092482
100004227	0.69577815392432	0.967795520941538	0.338500674132225	0.648434365421327
100001310	0.199003331903233	0.30143859978842	0.317825606910734	0.761530006853027
100001994	0.781092423561669	0.914730085183482	0.351681321182012	0.711693610269475
100015839	0.0175396825503463	0.0132639566803344	0.405243826481725	0.750330851579845
100003271	0.00720791287911427	0.0871723016374904	0.421726029628977	0.467725390288504
100020496	0.782453448860232	0.994940783783652	0.345298808509891	0.651004642565609
302	0.636728152432371	0.425611818038578	0.303979537957331	0.61684393553438
811	0.700795283810147	0.71019332401417	0.331571799695849	0.688850454240825
100001267	0.96597616864487	0.79762357573339	0.322230862670296	0.647444152260174
100001197	0.0318222906455779	0.360260871361776	0.374074508065018	0.661924111483966
432	0.199549205065089	0.454460036275344	0.364559773555095	0.629009653028372
444	0.0107132677600158	0.0556391086232249	0.382899338480466	0.77875428602518
100015968	0.355892459436229	0.380737601951707	0.332014488627486	0.580057795178448
828	0.941991872683037	0.863636563888215	0.331808456638219	0.655939287535177
100004054	0.369640123536401	0.923259137829916	0.336664476652162	0.653867892511665
100004635	0.118749221729567	0.156537115916013	0.692979755399552	0.40561341951285
100000491	0.535517939570682	0.620472060752368	0.326298946387136	0.572474862567803
100000939	0.0519472848802895	0.0349738105558598	0.349485427005507	0.550230644465101
241	0.161182883543124	0.563821609651088	0.370780434413468	0.669242414863165
136	0.393873759834425	0.0750516001757234	0.29090336275778	0.833552296672335
100000792	0.553569322485979	0.960728822755158	0.341707050148915	0.704846173463747
100020973	0.507707289297513	0.603309949467177	0.364408256677421	0.62212251289651
100000936	0.785226232837506	0.854711015862742	0.337422561417486	0.652638014933048
100001313	0.00722669358403937	0.143928357550193	0.360131266149371	0.70127698077846
100001951	0.0516371358916897	0.0907819395895619	0.375415167247409	0.641538207847026
100006098	0.0122480028686198	0.0751789921687447	0.399637380756506	0.761603260456312
100000007	0.257873679042993	0.553626449794744	0.344483632317573	0.656754100210808
100006641	0.849322792622476	0.812646393147202	0.371350712145771	0.650590410332679
913	0.0126648290953714	0.0631366452765799	0.410634048465277	0.520265113807914
100001579	0.802573484489006	0.424088978655648	0.371955524063556	0.650377610519471
100002911	0.163551391418448	0.0132925913757067	0.422899343150145	0.612747180724983
100001293	0.240234471930253	0.373340776285853	0.302291623884064	0.786342831543346
100002241	0.163506120435801	0.486343248495221	0.365103062530862	0.614413665887508
100003179	0.450917241356719	0.0886024944676961	0.314031395358321	0.514426274365949
100021372	0.407148677677716	0.267544135994892	0.250501297666329	0.663441602912891
100001956	0.357205777599381	0.548658804434654	0.33960255778496	0.573755271320736
100021162	0.228980329230493	0.169105923073986	0.315715861200084	0.484764772141083
100002259	0.352772796132665	0.62605899569372	0.314659040638297	0.643365200932736
252	0.455211206539997	0.618295626023064	0.38222829886988	0.600048125286433
100000707	0.49724555136175	0.354791943081664	0.329876611607174	0.659383159739137
1489	0.591090435658673	0.014258581065857	0.259329019352495	0.615820381644193
100020361	0.0260162526518142	0.0825312611620614	0.38278169497114	0.935964860858399
55	0.785551639546384	0.967354228935117	0.342866416888443	0.65438718626918
100000863	0.239495725015281	0.253094650035996	0.29865898257173	0.686296395305687
100015840	0.232164480241398	0.110241165172972	0.411599354718123	0.620276396276358
100001541	0.154142564189766	0.0860345070919225	0.237373317365686	0.643089962494666
100006082	0.189236000327419	0.0617853688637041	0.410401022756661	0.653120822866926
1254	0.730277492614637	0.92064308302335	0.34260861130983	0.667162842186259
100001624	0.475446529883467	0.354629973859876	0.321879368348112	0.626105227692248
100015850	0.679667400938737	0.654116507236174	0.385505522638771	0.624125492095444
100001104	0.00283923707311669	0.0132817609772241	0.38950132251061	0.927399922861103
100000900	0.123633160368428	0.41500190547714	0.351051190489579	0.654098955999943
100000269	0.248378146985399	0.0927776497649948	0.210588898855959	0.61035743451537
1022	0.220180782479389	0.967296975781138	0.338768657408019	0.648513987537452
100005373	0.260678336168838	0.0879414983664591	0.288607472869846	0.689869286709318
100001129	0.121925111377387	0.702651705920542	0.328403161220945	0.68010126493043
935	0.0145042184268666	0.131766787725595	0.426267077320265	0.520329526695961
100001262	0.16239617318025	0.207324836544066	0.352358814562253	0.675150059717514
100019978	0.274358855969235	0.651022616127964	0.329204572360207	0.639062061285279
100002293	0.783009978598907	0.813028701686042	0.340376822833728	0.651993425370132
100001426	0.237870614454406	0.297484733289446	0.332871492302864	0.505971908164291
234	0.0460611765986415	0.172043097139461	0.323824811479379	0.633392740636664
100005403	0.244252677570975	0.945399654073849	0.352622486259906	0.646063981710976
100001083	0.0332123381884937	0.301411735036703	0.379041099107369	0.669226163324019
439	0.674125740734614	0.314254984596955	0.366070792197116	0.64370930534325
100001086	0.299852926745404	0.391138569340549	0.361115479055051	0.730846300416498
100005864	0.729411899667377	0.462632361731786	0.312325983445171	0.715671371998797
491	0.501913128324871	0.903091681532027	0.33711549975506	0.651659525375957
100002029	0.468703253440474	0.423523336156332	0.325169121933292	0.520069644548211
100002154	0.796093663196032	0.472733162364956	0.301235718565139	0.6290698937482
891	0.473298074169773	0.196496758131663	0.381429113502934	0.616831472986067
100020261	0.410151248563216	0.453404622481691	0.396738817195917	0.625526642033124
100001296	0.550149980329796	0.501891651073391	0.338618944475361	0.55313362810932
2050	0.452143633237631	0.54036892185669	0.359477971116091	0.598582746242325
100002761	0.362168336750356	0.740617088926965	0.309490489272253	0.763886557789809
100006614	0.926745580986592	0.627581879322754	0.311689530140712	0.719798400464258
100001597	0.970541146482827	0.143972269057068	0.231667132920843	0.463230893171317
100020853	0.740846139857769	0.851057373817092	0.34377287601804	0.660285937729308
100001446	0.242845458513598	0.395089608261805	0.307373011335154	0.641096705518388
100003240	0.252015566950592	0.115791439637514	0.401859257359429	0.563645116931676
100001502	0.0429343295500715	0.251124185035255	0.375748836117391	0.743793891727146
100020866	0.120039888087361	0.0127170773117053	0.198241572805012	0.476628707087009
100020419	0.0417167144892779	0.103584288841468	0.350332997778916	0.415113136027297
35	0.514349218168725	0.312466437462721	0.311351302776278	0.600652534191653
100003696	0.0187802019678458	0.0597214166014705	0.460178597266342	0.596412451127589
100016038	0.88586871838516	0.899468760783749	0.335195178336731	0.638383617260209
100009333	0.281429181102473	0.19963423119914	0.317203267039899	0.68578380592752
100001611	0.222273980210397	0.373852052705323	0.40705585044421	0.635246785904384
100005383	0.575692444944313	0.269825160592936	0.358004762530132	0.690746408907886
100009239	0.351256923201815	0.138987164480876	0.40709596314387	0.481128002648105
100009332	0.530519967710735	0.281670786344311	0.305284588902304	0.629226584899941
100001731	0.168722682435066	0.657152224799165	0.345071318649001	0.62760324304182
100003415	0.412557128298663	0.486697709722875	0.323676157431231	0.668713175358455
100020578	0.13573591783717	0.196368920150099	0.320075820372031	0.54732038485259
893	0.901169026793102	0.506751150170565	0.337926035305994	0.661765714455495
100000963	0.354038193350005	0.216779588711514	0.422036840624414	0.464864683725788
273	0.156793972040799	0.313530135687651	0.387944671426845	0.646944249099434
197	0.528697945007826	0.452284739258876	0.324468342011615	0.544526769775221
100000808	0.295647399146818	0.228605826973302	0.319194141074927	0.806141889022579
100002284	0.784742969072108	0.390542297715907	0.230375306944393	0.596672759998305
888	0.994830801563256	0.100268728295323	0.358506499222367	0.636124954629477
100006435	0.537231762313535	0.356046099163314	0.266625962270697	0.939244934761136
100006374	0.174118754450523	0.515551509527558	0.352418247051401	0.637822439636545
100003169	0.557429406665818	0.969092477905596	0.336606987842354	0.648511650745092
1004	0.535029707388312	0.765921406456491	0.322203032927911	0.628867127176755
100005998	0.0830195452539981	0.850764842434255	0.36392199822145	0.659840216445057
100000773	0.6717106836746	0.547091125126076	0.343365151684668	0.634407134799093
100010850	0.0200173070805686	0.125741527616876	0.385491181422495	0.535700722503001
397	0.931780598025037	0.36996568771135	0.258852343301503	0.712177024191127
100000039	0.0573905999709611	0.210394956545676	0.284012592203967	0.703040256071331
100020833	0.638624253330233	0.822931179159093	0.342025363928263	0.683235341560014
1021	0.422609926120164	0.350261163820697	0.3165346782966	0.687275891866919
100020479	0.308735308598856	0.536124170417846	0.348888747846436	0.660120623140715
100001335	0.48640234928047	0.301624794860504	0.386577481849574	0.616873836013012
100000743	0.466734169728009	0.914555945866839	0.339190993888926	0.64085793444925
100009246	0.157469146383577	0.631090468579061	0.328300022407274	0.681524536021622
878	0.213013041667548	0.758118508689295	0.326394935212539	0.663092805559408
100021103	0.739266760733342	0.896226867303602	0.35172848771552	0.714891057404523
100021363	0.227127486263485	0.567438955263	0.317289201112889	0.690566125884085
266	0.140040606538297	0.212213572717691	0.338271878034795	0.579059626814022
100001195	0.34648241686183	0.224497849039238	0.420455853049107	0.581201679312015
100019801	0.749914426424915	0.689132189022794	0.354323812856256	0.636264578453317
100002196	0.0313852363324122	0.249755903626459	0.363064934924296	0.656965394575222
100006370	0.249773506148962	0.957697611566522	0.336197341087161	0.652635774096877
100001510	0.0271571620733959	0.0036997660245376	0.292763623598452	0.746603472151928
100000437	0.549963794106205	0.451282956622795	0.321758004420076	0.71994103322476
100001767	0.169374636870445	0.0357882232726148	0.397252725250596	0.720519192278134
100001810	0.440656660957425	0.513621250482848	0.348536993854661	0.804456305121292
209	0.0393502264010215	0.359239444977045	0.380870111241926	0.637505493451004
100001485	0.26467034853239	0.0978242754240917	0.206753031050095	0.586731654077486
100002500	0.125598658875312	0.449705695611698	0.343385967822114	0.621901383471696
171	0.0373498623261648	0.0268374473610551	0.243314884434457	0.662693707881987
100020487	0.993250828028209	0.814044369019151	0.364337249099869	0.61231583246124
1206	0.00739942098182628	0.118695095498723	0.342796145197064	0.701190962375223
344	0.0116416176235073	0.0264870223651361	0.674040401374304	0.741867744040216
100001405	0.429031973606446	0.856964245448725	0.348462400661858	0.63677993525289
1239	0.966994682903113	0.502107930739162	0.376789836540178	0.653147943021126
391	0.0689657658286346	0.194166353044996	0.314231865687854	0.856547342336014
100006430	0.568148795933211	0.213395897510766	0.387288550510743	0.41795816437388
100001417	0.88820292300288	0.487358017757054	0.329115747074159	0.76056234356987
100002951	0.0403526386853635	0.425565475551061	0.341845844271772	0.561169964182617
100000014	0.399506704688091	0.570432366563288	0.331898693288946	0.690492810727116
100003926	0.570201008207345	0.474898425791644	0.364839097776125	0.631889309864409
100021538	0.520798270241815	0.362322438227006	0.390683612835307	0.565774606919174
132	0.351755088772056	0.960407337634505	0.338533769752628	0.649781422297301
100001425	0.654620348803808	0.559974060457432	0.402204541072977	0.594934337534204
100020262	0.642383934172525	0.663917860993103	0.359695881595245	0.638371050331986
100002679	0.295521880857809	0.660578400983412	0.322223650818986	0.725669743352891
100001270	0.824776915103456	0.528765394931924	0.35274324015737	0.623900390751823
1102	0.783151120099202	0.987584843776937	0.337762471006407	0.654334535418368
331	0.277067108718351	0.211994720690275	0.280260068630044	0.549941296701298
100006361	0.474736573599059	0.607355193587742	0.314575135217953	0.723900537805584
180	0.793917776048571	0.901338107509364	0.350787477789736	0.647720687495138
1053	0.308761053154842	0.424091589311232	0.503985844857193	0.71833039104331
100001359	0.728359244578744	0.939435091724102	0.347415955938677	0.645875059263278
