chemID	simpleLRM_Fstatistics	multiLRM(chem_sig)	multiLRM(sex_sig)	multiLRM(age_sig)
100021136	0.0259312968599544	0.242858600775496	0.298369436835965	0.77713907208193
100000882	0.833560668121839	0.659753071426705	0.268476039725818	0.663667427461658
409	0.0767781255049945	0.159123613668647	0.284879376855324	0.4411007208204
100002254	0.647258253030318	0.0194359970981387	0.196809475919617	0.622944677965397
361	0.00805015363587513	0.102407365362893	0.181234942207802	0.66669676965458
100019975	0.55532027219643	0.707582111718877	0.260084056944396	0.707080564882728
100000257	0.000633261448182042	0.0179607302550783	0.245860203785492	0.630167036921984
100001232	0.982093767878346	0.937273599271741	0.267786665289544	0.68529317143694
100001948	0.355309587920872	0.354418547000786	0.273095292553968	0.546678526491146
100001073	0.609117371641329	0.692526995520795	0.327713556591775	0.619292733965806
100015637	0.940179601123067	0.451872193005706	0.276151932949203	0.684556855343317
100006360	0.631099479205595	0.700387228488166	0.247233942952412	0.752065839899592
1488	0.541391127606321	0.598617768192089	0.260246336740221	0.666322097272356
100002253	0.846078578354701	0.973036715158536	0.26049894010865	0.694509577928479
1023	0.97163431817369	0.718082374585583	0.256983432665219	0.67376009826657
100004284	0.678917787749671	0.819456836062871	0.255696283641474	0.696345335459946
100001251	0.650399509896515	0.959206141130283	0.25917976354694	0.68797437752577
362	0.722991249323161	0.470071154042413	0.236667565907412	0.681165439615313
100006620	0.759415478083637	0.894632467811477	0.26070688065481	0.692784709910489
111	0.36585823000158	0.169279059725173	0.21636966822832	0.663305041468431
100009045	0.648686533783491	0.280993161331874	0.214717748357386	0.845533953573573
100002927	0.736907283834026	0.8904037743264	0.256380679613281	0.705963929771251
100015641	0.774022385434866	0.892202105162358	0.255320801112586	0.698398715488588
1114	0.11363591994851	0.958751585626403	0.258446950358216	0.691750637179942
100020409	0.361689746053607	0.38213024897007	0.260692074509419	0.56415557315078
158	0.134516425299021	0.271687210570765	0.336688783253387	0.714522271002974
1224	0.0529039749321654	0.193365242435757	0.19973039583582	0.731094320749951
100001620	0.477198017781012	0.388768214465676	0.227542246772558	0.690802003543591
100020893	0.27925302405868	0.0579973834033513	0.234136020980798	0.409720745929689
100002458	0.757289890392102	0.562235400517734	0.29657926049201	0.634608879913275
100001112	0.799688046894031	0.990479723059488	0.259883118971549	0.691867424224442
100002953	0.421882131537727	0.845982702976896	0.258669562634798	0.698070957684041
1141	0.384421431042253	0.0517511114596605	0.319996618515399	0.514067739653496
100015834	0.4579843580668	0.99780496201887	0.261394338800217	0.689840356181793
100004561	0.586880089223342	0.848085209437539	0.259925628771819	0.686574881455175
100020497	0.808217779652175	0.718210508814481	0.245244877132881	0.717085825886813
498	0.0481480302110291	0.297342533473531	0.256063178858315	0.769575893720813
100006051	0.863470822831339	0.847358596369423	0.262448423231423	0.68613631763444
1668	0.652498051973157	0.538160180867657	0.25652992514241	0.630299401898713
100004523	0.434029365263253	0.905574783878771	0.267533935709743	0.679134869529509
100001604	0.248683211885136	0.547970130851008	0.259671720254169	0.730398687602311
100001002	0.179876394909985	0.553680622640045	0.272094264530405	0.676580634645
100001987	0.0587217155344256	0.275101264346672	0.77864803551619	0.547114022975105
100002462	0.607254810068835	0.343023626258897	0.31370012171585	0.569905350051061
466	0.587550184422709	0.0724992168403523	0.284073487582963	0.666348438995833
100000665	0.897216433046428	0.443648114985275	0.291120119963131	0.634887283556959
445	0.956386958091301	0.443530389822549	0.291276477532929	0.736504888121875
2029	0.135696190231968	0.517013844606462	0.268522276395198	0.698472886912075
100006438	0.128640118707316	0.261638758856336	0.306630209135632	0.701431362634395
100001398	0.163519379940132	0.587951343340788	0.240893247464039	0.710967460904419
235	0.433796257300261	0.462520785758873	0.230174200007407	0.724128180301251
100000997	0.6988498115229	0.69015644886375	0.259904975652127	0.667729531838256
100002094	0.238371222791072	0.194941527592819	0.198669330040557	0.554660234445002
1052	0.629687469004204	0.923856156387807	0.260910527497751	0.710244379822445
100020823	0.329788616659266	0.579618278588312	0.244240326521552	0.677380888947838
100001806	0.282127325803146	0.646910557184628	0.305928172172226	0.697512866664248
100006092	0.801468532590283	0.862897191013626	0.265008711292149	0.677575577160444
100001415	0.102088294759464	0.0668013958798245	0.254264478417186	0.400374333966992
100000008	0.041759296213306	0.0738553409494689	0.288514069257454	0.524961182847874
565	0.00778150733293324	0.0515921490164836	0.262532669947829	0.76554677933396
100015851	0.150407915256924	0.193945681105289	0.347167782675212	0.820873165641178
100001866	0.542982327355011	0.913231906475533	0.274982861324148	0.679157365978721
100020546	0.00264779901142016	0.0307414046545868	0.51230154692731	0.868515788962246
100016110	0.56905649077786	0.432852521782311	0.217084092266355	0.782141707033098
100001254	0.0032727919590022	0.0141057440264892	0.346711382634042	0.898845194187796
100006260	0.403603187283118	0.834108285087956	0.26439366601122	0.686281881235906
826	0.668390422287365	0.858217927905918	0.260166096406532	0.684762469730338
100001872	0.450665664312011	0.821230563617381	0.259260118219389	0.690426860148491
100000263	0.347610727349046	0.401991168076769	0.33333763373373	0.67665945204154
100021198	0.815937265013291	0.0581110927620844	0.16999854961781	0.397930748821327
100015967	0.0365251138933097	0.0956216854528671	0.331995024080758	0.50907313052649
278	0.139113554812619	0.253489434354788	0.239004966298361	0.982750756190381
519	0.722947946936237	0.325050632136083	0.309961996489681	0.625200359700546
100009337	0.111323752236	0.34293957455079	0.357425101501886	0.673154767183447
100002185	0.381836914691253	0.810153107243858	0.250942475861857	0.668900555574064
100001278	0.379005672822847	0.267239672451252	0.318536383365615	0.642774585195159
100002103	0.826600499926715	0.633807732089096	0.261685688954365	0.641690839727784
980	0.770766332594979	0.4422211148082	0.286392906112263	0.671057062015075
100000016	0.851536125381444	0.42576816000811	0.257078887842694	0.662111396625807
100020372	0.187543697527787	0.502386431546539	0.258893893551787	0.628357984676998
100001662	0.753007247511366	0.150138372633194	0.109232866957784	0.694721745831223
100019972	0.936025538300423	0.679708486429049	0.266945013260642	0.67645057580175
254	0.766414921011311	0.727754271444933	0.258624565066247	0.692584922283716
100002009	0.660327938532337	0.700078233081499	0.258216361204924	0.615788884984776
100010895	0.434970514233656	0.559588291198539	0.309559734708476	0.666315501824567
1140	0.91036854161192	0.974319997666051	0.258786904241097	0.688551914226252
100008951	0.63552221348344	0.548209411576486	0.280837141300423	0.650822433943358
1084	0.367031623025181	0.83278748718126	0.260054317268015	0.726795227183595
100002796	0.113856689539023	0.393427876414793	0.229532424308463	0.633757104503027
358	0.959451674846895	0.929729831869383	0.258088487852414	0.682076254120184
100002070	0.828178496642928	0.725833765878888	0.25610849753307	0.716515179110754
1628	0.363319764083889	0.130777807775151	0.308978086314736	0.678066184003098
823	0.724959317413088	0.574032268755535	0.233416116663309	0.740984222233813
100004414	0.463550325745193	0.0939674332007591	0.342418813928194	0.821629391584596
100006129	0.682971506408637	0.666136494543675	0.243568619993473	0.705553267411736
100002028	0.674759030475	0.472414994002042	0.365956415505932	0.501854916676632
100021707	0.510295591119386	0.624281423629407	0.235503815146042	0.741150254519012
100000054	0.50452269422138	0.450255452439902	0.246706487089529	0.719308253179108
100010869	0.468147098825302	0.217086955920034	0.265133344936838	0.556069629267133
100004575	0.0278099897402334	0.101041165624294	0.33130200284348	0.97788046802772
100001212	0.986044377483298	0.687440109687763	0.263249899437941	0.632318959502986
818	0.206469444611106	0.548616193569293	0.294588607545012	0.642186080137864
100001092	0.00162407344823302	0.0220715390997196	0.252144582891572	0.680025628330419
100020371	0.957979494571813	0.917285175690329	0.261885956261719	0.688739553486527
100004112	0.194164206868389	0.523633746687572	0.27949579981194	0.694943289069103
1125	0.485876536126996	0.392414230192414	0.293820443118884	0.719104958457788
100020491	0.933611342319339	0.543755815629511	0.222386780610247	0.705360381667998
100003151	0.00223699045743246	0.021914763875067	0.390933302673817	0.568396657215195
100000011	0.321947924818247	0.145468032936193	0.188888468965011	0.801500408471689
100003594	0.462513246975135	0.963850453161026	0.26491846582617	0.692949161936323
806	0.767328749282552	0.162433122724888	0.253971355575236	0.495627698057045
100001211	0.938864121188366	0.546955148744207	0.269266537110145	0.669001209160106
100002417	0.604076797289399	0.574145128911971	0.247637245112016	0.654684418295466
100009335	0.543803986478975	0.201536965240359	0.213861115524903	0.710777620152402
100000781	0.694287784980142	0.95215426380803	0.258802587681755	0.687862347324391
803	0.0303705797500515	0.0364040101576184	0.268380393017909	0.555940281717995
50	0.500759346813914	0.708866258668032	0.26661329257719	0.672937289692987
796	0.428518638911445	0.048553674577706	0.290589123701607	0.672166571129428
100005834	0.93453953530631	0.62231662440958	0.304243767241588	0.684810344168305
100001580	0.963543641835575	0.543938808720563	0.283410638424824	0.689109465281662
480	0.791485271323822	0.590516764091245	0.228169017352732	0.69988978606794
100001540	0.247938885827626	0.766473584490781	0.331405584812384	0.757427499206986
339	0.560120153118467	0.119374228844597	0.228634076746854	0.602515325746567
1110	0.924717470323894	0.908987222637011	0.263200991221224	0.677396145509745
100015836	0.16790291516141	0.181255748494543	0.400073150553811	0.85583990429056
100009271	0.530923469558692	0.513284209234286	0.290459178184246	0.670088358074566
100015638	0.990868643806431	0.431835797718687	0.270241239799212	0.671612988503907
100021667	0.938973112028089	0.501508815764905	0.301240108376565	0.668074795049602
100001279	0.599362717550279	0.375051307559897	0.278999692452493	0.81386874182881
100004208	0.0202125070268198	0.128584689519743	0.413376584041475	0.79872415037483
100003695	0.224402450212489	0.156843742217988	0.281763700618122	0.47937834028048
100000802	0.774592777529054	0.923188833811422	0.260963953879251	0.686721455526155
100002769	0.925050387418319	0.113560080122668	0.206118638094802	0.795147457309201
100015835	0.108246785986366	0.311287196164638	0.394366504565899	0.877248171789861
229	0.863352805788462	0.385395308197697	0.292903644712317	0.683480117229337
100001266	0.00626745904835479	0.0237760391497966	0.345582653865318	0.989218460655506
1342	0.300019882624276	0.349980059108473	0.222728723265632	0.707685888602596
100002102	0.858851194141251	0.593441220337315	0.29437993544909	0.779764020495751
100020254	0.167360913365909	0.57099294319725	0.250275316340952	0.719598698667319
1231	0.462189451841458	0.230600260595724	0.309900330132489	0.641970836586554
100020492	0.999623197394183	0.883230456464478	0.255970852321056	0.688494572070231
100001402	0.388725393454381	0.577516559787634	0.292348782261678	0.691747487263711
415	0.00580581107592943	0.0860307599869725	0.31212969790562	0.746353527829701
100003109	0.988955749760202	0.973158662936993	0.260978145259725	0.689806866872513
275	0.543413873730953	0.846703438229477	0.259484877218573	0.67726636897947
1143	0.160237032532473	0.0709515316784756	0.232502215650791	0.792586083557235
279	0.408815811453936	0.36575584515234	0.265660808091387	0.558657593195801
100001198	0.939852024813277	0.998894117832769	0.264004403393848	0.690510871248635
1648	0.383005181931326	0.925054746844164	0.260930769242958	0.690331395181691
100001590	0.333915575018312	0.290982934125712	0.256644894742865	0.604445403336086
100001733	0.391605644736776	0.873478786505227	0.257673953964803	0.701328331004496
100008933	0.0148068284704227	0.00213480819694269	0.352167405031127	0.647207264177892
100001550	0.348222936186894	0.501821453102619	0.243703758012922	0.638428091371573
1215	0.0652624808359842	0.202761513296526	0.208341369191358	0.646998124037078
100002356	0.269198393222081	0.110324484894745	0.310501809087122	0.699217799626474
100002749	0.708474050770092	0.788649891525977	0.262494992712214	0.696654060387761
100006379	0.156981678750317	0.154211868667293	0.299354856137277	0.432491603370913
100015966	0.0821669273804493	0.162619295771953	0.292420725783241	0.512188061890514
100001392	0.662687053528079	0.955343730095797	0.260761735121658	0.688482099964476
100020425	0.119902184887918	0.0425035668546697	0.200500599748988	0.444792636443523
100004299	0.301595205664487	0.772701836583188	0.277795262738079	0.744224221090257
100001734	0.548003522957843	0.472338404282944	0.267426310423043	0.622272641520571
1002	0.847201320783516	0.822485927188038	0.26030730419305	0.688519485247765
100001337	0.314286804307111	0.810790493803458	0.248459315680104	0.69053305447156
100001452	0.776739354012107	0.820606292661311	0.259990195733816	0.667742203373187
314	0.524498563317196	0.378148404943411	0.271464656631235	0.706713009190589
100009264	0.99869071850276	0.512263899784697	0.200565796692469	0.82649340739946
100004634	0.452451289968206	0.508220943385896	0.234158079727982	0.705927440390349
100000711	0.726609308250415	0.714181615215254	0.289368136495135	0.71133946844313
100020536	0.0211303510623224	0.0982071263089138	0.329985959253945	0.789465253919717
100004318	0.304295024166499	0.545732820708716	0.265260585139965	0.685221373440697
100005850	0.884855111959824	0.486981808063532	0.330037301839219	0.636319098222286
100006619	0.325854694116058	0.154368828817318	0.29809116308528	0.674003943301091
356	0.471333188085023	0.647289165168181	0.250442058020378	0.705945445889519
1221	0.575510202572467	0.599169084054659	0.338533236369505	0.72423945736276
100001397	0.752737727346979	0.724639637435771	0.257792066909807	0.68063442680307
100019981	0.627627503124675	0.910995812887894	0.263666327430771	0.70345225651021
100001208	0.439331801078874	0.264173035725073	0.234157363061808	0.96237265316335
503	0.0116376910082909	0.0109055233395	0.158270207587853	0.52863669967035
100006375	0.139253902064248	0.592616509633079	0.286824447076418	0.665257835051359
100001295	0.751908445305298	0.669575180686613	0.255891737720674	0.767066573203944
100020427	0.0506082394299738	0.024420931162542	0.234151769607216	0.387516989033976
100002784	0.511635972380282	0.382079640337322	0.221982873929469	0.756755317915757
917	0.0577988002209376	0.207022429514365	0.291965420423402	0.635306179314149
1869	0.375391931102158	0.20480748530718	0.276687476882939	0.572509848934739
240	0.229520643310817	0.089837597317562	0.144921851870246	0.49008598487797
798	0.00544201958133098	0.0974905595661151	0.392873544072563	0.619657566408386
100002952	0.268093824965945	0.469365623264403	0.2595373160595	0.774262015454496
98	0.644321985133409	0.869013689084112	0.274527817844622	0.693216818388772
100008998	0.303406703720828	0.31832238696669	0.201326469503796	0.760532189128725
477	0.871617261515529	0.306995771772984	0.2659848444838	0.684795955933759
100020545	0.087274639798239	0.149254185964591	0.31403959904001	0.845409251014108
100021666	0.999364741079297	0.226493420594477	0.294182638347174	0.682561725570039
1256	0.508518630405461	0.674550631421087	0.303674529215372	0.728981287327849
533	0.334108023189526	0.0827688863369974	0.184797127837314	0.443830731457279
100001757	0.448824846673163	0.930523238614234	0.267329487345974	0.685623231412975
1024	0.311396190706088	0.0883303169954146	0.174646820569789	0.847514566345169
267	0.468852725382888	0.982440183748362	0.260797699407908	0.688685129242738
100002113	0.102584593142037	0.0827810350396896	0.259886606328509	0.708293105647557
100001756	0.843392717131434	0.714607607082285	0.270957168009208	0.710632040907115
100001193	0.44749715929413	0.189830340792716	0.321275899907525	0.637378665710578
100001668	0.695219030323204	0.988857076590373	0.261286056517678	0.68932499912607
1124	0.330921124009313	0.31756616904002	0.23706031471941	0.777116592999863
100021331	0.169496457605706	0.312090671992094	0.237081844295494	0.735286180611567
1090	0.0611152565098865	0.0398052433380916	0.248344671041568	0.834678961224313
566	0.824651252550856	0.347283038738207	0.197760631703067	0.693680514278768
100003119	0.458114670550705	0.284580526365369	0.284917483915625	0.629047380777341
100006367	0.751207740438904	0.558359234124255	0.267341563837165	0.670130319884578
100004322	0.219958225253826	0.251522098324946	0.274245062780624	0.769981263924791
100001034	0.685548956397487	0.807911194337706	0.255925383557671	0.680370486612315
112	0.911283962144484	0.901547805654314	0.260709655089962	0.675363437151062
507	0.735665905224664	0.779810947630133	0.258243082191304	0.696625255752876
100009233	0.318929878154918	0.192901005974069	0.242449289656885	0.705578941867325
100000406	0.0154917060511337	0.126729772199559	0.403271879021297	0.492780856461049
100004046	0.352531207676081	0.392094662893779	0.165971564225912	0.621339048975214
1025	0.762869167598095	0.687488609064379	0.248500862978978	0.710520471361458
100001106	0.172814821791494	0.170473471618563	0.207982649715775	0.727563140896398
1128	0.0279124635217828	0.583478401265232	0.286043416783937	0.738955820469004
561	0.0499969618421485	0.181079403317733	0.180560857475529	0.610719050391039
100001614	0.858247343518751	0.368424793923529	0.271319085904163	0.665857833589807
100000961	0.844144082999017	0.992623773423101	0.28388988699763	0.696766569408825
100002397	0.890335619006565	0.606360433618966	0.257883394411402	0.62289081683965
100009407	0.98206633940892	0.995054596484702	0.262506858411255	0.690113693370101
100002910	0.918763161926841	0.571918700782258	0.235402976221383	0.619515890794399
100005946	0.261549262801112	0.348556538645891	0.305595511631024	0.785718351532879
100019794	0.095761951669019	0.294225358251722	0.266403079108619	0.843792665248584
100015759	0.327037749634082	0.100818446411887	0.222192852851983	0.693387189536864
100020417	0.704386318247254	0.567279763342587	0.240851772537937	0.663993234084119
100001054	0.727972662366102	0.94986432693727	0.262877917192271	0.690046105975758
100001437	0.31648710955317	0.32459937562513	0.214821941238165	0.616935771881789
504	0.239918151011982	0.690090255606914	0.310186931242877	0.69888210392762
100001988	0.467513453805971	0.66122090439898	0.253917488316506	0.842079046932527
1082	0.0292817145539843	0.637799798591586	0.296044196103579	0.7131433297976
100001403	0.315197688669024	0.339261762320737	0.288760329553551	0.671252563037184
100001664	0.950921521846912	0.575723855938195	0.249184937308087	0.851599027051196
461	0.270217083196159	0.227961914661654	0.410942458928591	0.666438708997193
100000463	0.702983044648345	0.948401518077889	0.262757237241854	0.688892502503506
100020208	0.592161364301431	0.573437181625189	0.305305741509355	0.584542918052467
381	0.541312895484779	0.0664104206943737	0.111491447070427	0.524811975480237
100010901	0.0860283769123928	0.0790323905789779	0.269133113870209	0.798997729174147
100001468	0.267117237608932	0.967977182816682	0.259641671551681	0.70264660743083
100000840	0.933945809785348	0.882636171695642	0.260681697818426	0.70170931294451
100020014	0.243255756481147	0.591592528225529	0.253400388649184	0.705785213715424
100001993	0.775337468769534	0.579852876974958	0.211275598725578	0.858109031981895
100001051	0.106613568721229	0.0231501671967296	0.305838093016915	0.365723259608966
100006116	0.386003320097949	0.518976140567397	0.265804443226681	0.689910349814028
1108	0.951771006474391	0.971698777615069	0.260021194363476	0.693338445115108
100019966	0.365634726271461	0.140818486928792	0.315161534705307	0.658698472396634
100001743	0.621017018151741	0.414955658529923	0.246915376810329	0.677115682579573
100001294	0.124193010038771	0.194330387137785	0.191010913351998	0.742466860034843
100001609	0.272726891875762	0.122510349394708	0.256622501110106	0.772694713936433
418	0.795914261349817	0.961420578330457	0.260860391649958	0.696436660175426
100001178	0.369063606134583	0.882879334262492	0.257765459963903	0.675538270346654
189	0.980556490125625	0.668932182779677	0.236142336973212	0.656209750249462
563	0.522818680924724	0.781780730651691	0.274059867733136	0.673814032498852
424	0.589393411988273	0.439352198656927	0.289755059890788	0.67209677086166
100000776	0.132375692622744	0.320565357214572	0.306147062509435	0.688512668263892
1001	0.997839918112508	0.493835320312053	0.267020171839753	0.693001642696549
1135	0.321593568004805	0.0940579477214119	0.243649320248136	0.754539594216659
100021093	0.361924727492345	0.520999416950663	0.305711968584814	0.708410699674664
100020219	0.121752616246564	0.229494192494634	0.273298258653624	0.581061862507957
194	0.473864348583064	0.79108207359085	0.265487658102786	0.65479723809387
100008930	0.700625745093691	0.614313617011193	0.28159456902946	0.670670785850489
340	0.633752439736268	0.247957273856434	0.167462306192512	0.765809158234717
100010896	0.925576607574526	0.751816071310624	0.245641854306572	0.698435953524554
100000787	0.201800912177397	0.096535560407407	0.238936741062187	0.395952033432503
100000639	0.031944002395381	0.22094553719808	0.230216180285127	0.699371209715801
100001851	0.942942235732491	0.224581788224854	0.282467349235345	0.454128192237258
179	0.578218474889069	0.605647698040876	0.253169780842277	0.705870794208803
100000626	0.406800775807727	0.755340601026354	0.268215206156122	0.691712531064392
100001605	0.0104448279614952	0.0880436443350869	0.346258502721704	0.778522212055285
330	0.242060408577302	0.410118852804032	0.282832424444456	0.555394426487352
100001162	0.720284444433042	0.636090574296652	0.239433295167506	0.658515422861726
100001167	0.0426682252911419	0.227731888853722	0.251754244785928	0.674233443681559
100002067	0.57760074639296	0.816884923325083	0.335927604838744	0.644609951116318
100019968	0.643805973526937	0.365969026634019	0.288032952612986	0.625808436262762
100002014	0.947230408572199	0.976938111701166	0.259571747753626	0.717212398253975
100004083	0.449386806870555	0.145184938184281	0.300325524904289	0.551323959264879
100001315	0.299891851633944	0.376462786709827	0.271560997084636	0.760648920833466
535	0.224720272538999	0.531676415903968	0.278951874574107	0.683427068742981
93	0.407831125809248	0.253202898916592	0.28993799610113	0.52763027473216
100001989	0.363540180310508	0.604731929877893	0.2378023908442	0.736086574007307
100001740	0.761923847345739	0.411928635505299	0.23818756233727	0.708495678331974
482	0.200612425593865	0.92218083356834	0.259892020891614	0.681702418552566
1629	0.257221274527549	0.402810719495298	0.313557044632211	0.664883468300302
100001399	0.456262057605028	0.369429680872563	0.270667763383084	0.692828694391709
376	0.806196858347013	0.150852471205394	0.153886721629612	0.806650048314078
342	0.581864292700669	0.617710379099412	0.258508326460173	0.68857216663899
100001253	0.0267022835375978	0.184396596077212	0.22383320069707	0.898360143163654
100000708	0.611506693242055	0.778929127484329	0.276746098711012	0.697275938248884
244	0.197634477033752	0.0541151812836644	0.213922295507674	0.80953514708973
100006726	0.398302009595936	0.270807034139834	0.303927600963226	0.675922501356423
100000036	0.175525463488877	0.645091824436817	0.240225926534409	0.730221002245089
100001257	0.0227525321484982	0.0843093293980066	0.377179624877967	0.950631123335797
100000445	0.63059166659134	0.636970664148393	0.286384458664101	0.647578021535062
100004088	0.0044773860289148	0.123475508768828	0.306020920316412	0.762132597881407
100001423	0.995289315328778	0.745508872364058	0.262092073778545	0.662220382758199
100001276	0.358425311626535	0.262504862150547	0.2326183735259	0.603189662197263
100001876	0.790074564100689	0.890167561754556	0.257460731557641	0.691824093325134
100009082	0.634450030895943	0.0416199132210006	0.123041313816919	0.66229735343594
100001121	0.342913432249116	0.723135553629272	0.255254756615694	0.685626808247903
117	0.323083177454598	0.632094158973403	0.244220262099535	0.710000478118665
100001868	0.0326738961947024	0.0999550500102883	0.300577457801735	0.702681150079574
1134	0.673980525862322	0.276148012502265	0.171436078555224	0.659732452972904
100021012	0.132652515404757	0.366202669895754	0.238132795731185	0.763512688688843
100001181	0.75431020372649	0.260236791586042	0.321464541646463	0.620494167877981
100021467	0.724228490962249	0.288089583188159	0.259776387405431	0.599093296494916
100000447	0.233626206785821	0.246588151334492	0.300221121788417	0.654487522691642
1162	0.000483720771263514	0.0125359810588332	0.328540943850303	0.596255339759109
100019982	0.495226824019497	0.466632900707539	0.26947420080862	0.674185241951902
100001613	0.982870094367698	0.441655819067898	0.272157810268718	0.658735343658226
100006644	0.392016709539283	0.612272547186918	0.240771453574878	0.719002840938497
100000096	0.57338044892022	0.0250589042476465	0.157983187867494	0.667282136366789
926	0.498949170539757	0.705191153087618	0.267402854689951	0.691881380129238
100020004	0.863526138258873	0.665840290071952	0.273567996852448	0.68870585082958
363	0.181231841132302	0.0443854873894024	0.226474398227699	0.272966162534976
1111	0.400437608969281	0.968565570781407	0.266803305961826	0.710231627194978
100021712	0.679019312645007	0.806005739042718	0.258641443272711	0.676660828468344
460	0.827293438738753	0.688030800143451	0.273038570614534	0.727292483364445
100009331	0.338901647019308	0.206297868935277	0.237035090185932	0.716131553916257
100000442	0.259452669869651	0.737821628057465	0.283010492307021	0.702825434705578
100002945	0.0903591719345236	0.0172269606114033	0.339808573044677	0.646976391225915
192	0.866244738966085	0.949082429042033	0.264580328026882	0.707992056495469
100020241	0.423369215640221	0.986078138688697	0.259701215415915	0.688938141094955
100000580	0.132282241198618	0.133051453516122	0.218622036514362	0.928818696076162
100002466	0.00879601912970088	0.02773343669552	0.220736786946469	0.444811971042241
849	0.712974841871475	0.615836368138604	0.267416529306431	0.641455108220819
501	0.501595878204366	0.383475076132551	0.288148513629936	0.646451847802361
100000282	0.661192750896036	0.12795582310275	0.318673071074172	0.588511448607409
100001577	0.0299000579883682	0.185549171765721	0.373267844212107	0.745255034715195
355	0.0931365485594011	0.291758836304009	0.219240815743436	0.586155275459772
100000841	0.772157469112764	0.978556223898011	0.271912163523543	0.699770779603174
100000846	0.816220791137616	0.354769254305687	0.252090823301798	0.682331876802954
100004295	0.881864391514528	0.387382318234795	0.235938753460144	0.639689006511239
100001586	0.102448038832691	0.0464476524284826	0.365609607245201	0.350784157294596
407	0.0126047995198817	0.0325772107287901	0.29603910114745	0.758448269038707
1137	0.831791548528037	0.716177091895097	0.251098802916077	0.729054112489351
100021374	0.0356221564251492	0.0139528331246854	0.199524418359198	0.905204220750441
100001593	0.677445365930011	0.859657910840817	0.257014606636414	0.695524975756313
100015971	0.736433485387716	0.701913445059733	0.250816288768976	0.688447293136482
100001022	0.347500695736982	0.166310472218843	0.156566738044851	0.966961415514977
1094	0.0594503092551593	0.239622783269914	0.400388839307361	0.921115533753633
100002122	0.260550390525125	0.249946235802464	0.219016340806997	0.78716314783968
100000706	0.603739815618322	0.571516576775523	0.223578393972073	0.691518983608511
100001055	0.756591183621547	0.44121344225424	0.243209057748499	0.630079954158302
1235	0.470708764140958	0.706273743342733	0.248292317114233	0.720902197474667
100020204	0.0958286282139889	0.541695311879832	0.284458833361288	0.730391645777803
100015643	0.0330341458439721	0.290143517710338	0.279120395150776	0.645374625990766
313	0.0205258907204836	0.257677669365163	0.268379392659259	0.629519554959289
100001413	0.801942194860174	0.94591919957831	0.261869257435345	0.685498307221341
100020423	0.0184059045806245	0.0144352085807813	0.269706454148847	0.365874311720097
892	0.460574799912923	0.144865239459306	0.283484866319851	0.72043129925816
212	0.0594499842242698	0.119600269363283	0.336261334783067	0.671625619119535
100006105	0.188256782878923	0.179862054733434	0.297644017579229	0.702923825660995
437	0.802871045576854	0.529789239887053	0.241433857958092	0.705386652585182
100019892	0.473893949995097	0.757387781374674	0.256863114920922	0.716758421231288
100005716	0.0721680156581517	0.102888973540214	0.270930695406443	0.781729300640198
537	0.211791377229847	0.113761691443169	0.284836294952067	0.706428881571465
100001990	0.290307824706126	0.621153214702159	0.302788543999369	0.640311377507534
100003397	0.0337255563855576	0.00386240250398277	0.204893852405126	0.439993723581288
100001320	0.11304086947343	0.207754314990912	0.327187706764267	0.445929801666787
100005717	0.124757921510029	0.0842466058807332	0.293437321460734	0.730207052601161
100001207	0.031795016971509	0.191898865083021	0.301440305410017	0.695787105846556
100001999	0.530985257905763	0.808414874262041	0.250837119335345	0.78847025747953
100002488	0.222443294499024	0.018283945454899	0.302196484916406	0.635491845916083
62	0.204802103199888	0.688221046149709	0.254184575775845	0.694622682977517
100000467	0.592167384578722	0.434650394104003	0.246822374266225	0.663346691001734
297	0.00517323011252374	0.132101194116252	0.257447212219154	0.662049612498495
100000285	0.0286406480071941	0.392737309648287	0.266418403851846	0.78425246093818
100006056	0.0631761781649456	0.372090541330363	0.275168671502772	0.733077680667288
100002126	0.128725539006376	0.245676233932693	0.194471325161915	0.972244444389861
100002129	0.779271624680228	0.786484537543141	0.248422712915206	0.793970887839874
100020478	0.0345714931925711	0.217691584363095	0.237737293965053	0.71714592201021
100004089	0.0680981019678367	0.580195719157842	0.282023164945959	0.64687400380103
100001755	0.516615876886815	0.576264548058339	0.260049413035653	0.645923441519902
100000551	0.0317892182376761	0.997987290606343	0.266802952139902	0.690678707703112
100003260	0.47598524419095	0.308926368726942	0.289363840493115	0.770156484654115
100010955	0.879063196225329	0.426354038122472	0.228916417431076	0.564530373102076
100020851	0.220654820745876	0.475100303947231	0.281812049537079	0.711234048857832
100016069	0.641815148810561	0.791701732720493	0.263072389065383	0.677716281867447
100002027	0.489945705624793	0.52098024932066	0.197163990374392	0.813969424269866
1123	0.37866423917166	0.187694068618162	0.243224224621649	0.823516141093215
100001150	0.710004871233747	0.95090479759914	0.261414503456242	0.692549015755259
100001657	0.282656981599603	0.719459348015299	0.263013876467756	0.673887891754149
310	0.258849678579202	0.355058637030609	0.230429170616186	0.791304314972699
100001314	0.351091925470917	0.126565565531045	0.248482914524157	0.565873421662984
452	0.680103508829418	0.614053588659627	0.294887405301876	0.659738751850912
144	0.0939154826981583	0.0606704808978358	0.314209443630996	0.557854711757726
100001182	0.208502994457981	0.155874907331029	0.317123516504298	0.675458800169787
100015965	0.740494293999174	0.477447236686009	0.250688113073559	0.757827315660041
100006108	0.924591944308349	0.459790948053029	0.263772484274097	0.731714698597059
100001400	0.703694664683512	0.615169365097954	0.243276684663929	0.68111341632254
100004541	0.282564200469714	0.191288965818342	0.24889704117552	0.432779796718643
932	0.84826527687039	0.33387475650429	0.26247268620097	0.725634736877336
100001992	0.439366689923599	0.578984420642647	0.373036098677495	0.59366904461413
100009252	0.127137632880521	0.185636957614255	0.314287359742945	0.671953678347595
100021104	0.632340732116178	0.535370339719952	0.207977831376162	0.837420139153634
100015838	0.0101631383137319	0.0407603435389466	0.386013210445584	0.932656012253388
250	0.000966847731528931	0.0241320782968029	0.50859165143722	0.776503786170671
100002537	0.95648540428272	0.531025816501504	0.245390324284253	0.789302075569691
100001658	0.828001609767817	0.713525520470241	0.28419970003826	0.6767390109203
100020416	0.270095728938181	0.344493723849528	0.215704443395341	0.674513345369285
100006642	0.229060132553083	0.717829919175205	0.247341321566088	0.717774135197044
100001391	0.0924992404940572	0.317408401262003	0.334056505542518	0.808815623664428
825	0.624930494694829	0.603402477653939	0.226253121272323	0.704266037849275
215	0.0185841776351178	0.102416438813981	0.302901087876923	0.677145987396492
100001026	0.99532038581827	0.883313049207412	0.258579327198496	0.724075095261041
100020541	0.413771407663449	0.424680141021034	0.221760179910474	0.735030430753093
100001526	0.220956735063409	0.296135974510818	0.397421320955323	0.797132097643117
100005384	0.493358664761395	0.37545931275177	0.237464550373581	0.605432303605781
100020378	0.271386441582477	0.653138173890021	0.245562129827998	0.699319678581956
100006115	0.969324061768809	0.377190423853701	0.335530821336452	0.580653148631937
1442	0.221712636677227	0.0476140618140324	0.110728435764187	0.578732296308194
100001843	0.15441905949737	0.231995251852347	0.292805623889872	0.769632560900433
100015837	0.128115567280273	0.238305909335687	0.46642922416664	0.636061932721716
100010834	0.718691561668551	0.970556896742539	0.260135589749099	0.687870486303993
100001393	0.573475315317041	0.442788367803581	0.212338199174521	0.726884372070714
100000015	0.313443627352628	0.573026517307636	0.242615935975563	0.710944030685573
100003892	0.0461200141222175	0.0473440991819494	0.223520299337654	0.953950410386347
100000042	0.180536294078122	0.024717668681531	0.277533656793089	0.598032540377006
100020550	0.579703925977544	0.215854675999004	0.279530751827888	0.586302172641533
182	0.434780015324115	0.350116813228898	0.25518700595555	0.708346495237521
100015723	0.136721660539101	0.426709462772945	0.259719813311612	0.674812763344347
100020343	0.3930755331697	0.483289118011201	0.237991307848059	0.690264075445802
512	0.358492238180927	0.648224243817069	0.281778997022075	0.665140513136132
100021100	0.779002305877721	0.722085257930515	0.251050355711545	0.69278182174464
100002528	0.325220814777722	0.0714610765685521	0.310432042147073	0.470296089702932
100001287	0.456355229754792	0.766076844876445	0.352361162177757	0.639303658242931
100001229	0.734875223891932	0.861606749383528	0.269882973805938	0.676548795639309
181	0.390156611523901	0.876849638390312	0.257379781778459	0.707663513355104
100015831	0.00139820269557264	0.018176041860347	0.344241600216214	0.475655285681031
100020515	0.336955440847913	0.458265444866307	0.209820600366881	0.846481766640935
327	0.218059044038264	0.25603175572612	0.312423338800675	0.644767182566862
100009394	0.665603245845409	0.758443355538053	0.24695623655536	0.716861081654017
100001596	0.922209684415749	0.254168098546344	0.239109279078992	0.525889989237627
207	0.833187853455799	0.450947733233185	0.270449694928488	0.647251557668655
2054	0.513901233605281	0.804431988007829	0.253806671487178	0.702308182566561
100020259	0.655583991538858	0.566784113952492	0.283564285417188	0.674710039128104
100020414	0.0030185085149043	0.0398152895625124	0.197673414188627	0.655561450073726
100021131	0.857650046537274	0.272844251081291	0.24571502534203	0.650456380200317
100004499	0.870307425915218	0.697073699659183	0.250917587020626	0.658567075321934
880	0.163323304527943	0.7624423752363	0.279754470540749	0.686950787133945
100002049	0.505826529981187	0.304710455510437	0.290350135894064	0.638033032882175
100001739	0.534124964275089	0.250315827992118	0.328992493212623	0.65107938512459
100001126	0.418701923053777	0.145899554065802	0.173929756033501	0.564947934259428
1113	0.627078122766113	0.793867858686699	0.272780559254977	0.658038912876792
1083	0.970709366801537	0.296843962585459	0.280385834020848	0.598773814424746
100001730	0.0795248250036917	0.190881515861978	0.299585588315987	0.567917728561212
100001412	0.595458849022165	0.996067175018959	0.26171178590777	0.691077874210673
100005996	0.727578572729302	0.584878878776186	0.250346982576008	0.661479413766781
100015962	0.00747401322806239	0.0967576643051692	0.205695281538081	0.982320743635031
100020214	0.711756492941709	0.445192741645355	0.278682814668097	0.613333671632769
100002514	0.120016350778364	0.332701040861969	0.270397719960079	0.627466110721742
564	0.196247489612069	0.0557349929911088	0.233916284386172	0.565407034277116
572	0.023492443793621	0.0193512979330467	0.381192100017393	0.554052375998543
231	0.995579756643711	0.636323712662439	0.236317933187332	0.707298837909721
100000453	0.878785507215245	0.705309516851378	0.246693361660781	0.729313427662595
100001007	0.111582111027493	0.233875594472336	0.307279445117452	0.56724760071403
923	0.60061404521185	0.307358962951885	0.245154301895315	0.746501460099652
100001247	0.437125137409268	0.51743688651447	0.24390570731739	0.672872467303839
100000774	0.565656139638992	0.90386979540728	0.275026028739015	0.701056542084708
800	0.372448456760185	0.368254600000485	0.276253877625559	0.745405214885679
100021678	0.273203433777561	0.374166159071066	0.211164701686347	0.692277678608513
100021711	0.433342589846553	0.843004756875979	0.273854154403885	0.697991210783009
100001274	0.773461198381702	0.379567199480131	0.247209992008581	0.531200876551873
100021220	0.132834471980827	0.15890312000999	0.330924600556516	0.991738478934138
100020253	0.39766210020055	0.955684805752842	0.259177513332557	0.693287836726945
100001170	0.775335753078404	0.184991765270064	0.244825615045687	0.590376992120267
100001466	0.252483456061426	0.835961290100222	0.267547294714677	0.683614613196329
100009406	0.721597558052353	0.664514199363377	0.250927114987682	0.706004545960605
1026	0.194854242555552	0.456375865211198	0.272605122022562	0.659555279834579
100020837	0.736848838574597	0.389637447594185	0.290050234831981	0.596858613815843
100001006	0.0710063425899204	0.0808057144236603	0.251725668390846	0.81400852952755
100003674	0.761543152630718	0.128402668484237	0.256049980288303	0.680431426570206
100004396	0.320844492077746	0.413762370333676	0.29851102417026	0.583973188207925
100015923	0.510300995876389	0.934202307986082	0.277137106566477	0.684286599326764
100000265	0.454295251771848	0.687157688691866	0.263035936896737	0.660973012028243
100001409	0.0809127036211031	0.111317660658484	0.246027104984888	0.531451298053388
100003434	0.416396402968812	0.510101124642708	0.263330728634792	0.613384844416569
100001334	0.599177202904933	0.0591202868355008	0.342924909894427	0.55000362199886
100001102	0.715937960559326	0.75053609200698	0.268615180861526	0.669392497832984
1268	0.611306740704924	0.0636140330562969	0.152755247839272	0.651363143291356
100001300	0.236894377683613	0.08892907690251	0.227453779503576	0.695838646331811
100021324	0.247485723032915	0.738387860540058	0.330344343727724	0.681229597384131
100001617	0.110008993594923	0.103421177496888	0.249101584061089	0.734319371547249
1105	0.951738891931823	0.17490843269174	0.360239996168654	0.387600637529386
100021502	0.062768058231405	0.270549912920527	0.255326045674563	0.715889790483242
2051	0.852145457753222	0.53978982654813	0.254859067967627	0.578786822014106
100001256	0.148719272797544	0.525418453964663	0.299090741620159	0.815205890536406
100005466	0.0578579245399669	0.0733937508866744	0.287632687781003	0.479078816182669
100002199	0.126187389314512	0.718995478817864	0.272797168007854	0.707813067130461
338	0.0151501998083443	0.0472476828424723	0.404719863998437	0.458938740764567
100004243	0.455948415387174	0.567109643499043	0.236881737277409	0.706212454873231
799	0.418144767437979	0.99655740257534	0.275032051410718	0.689377907199113
100008928	0.580549511622854	0.103613028089389	0.260371956664004	0.680102148572044
815	0.0874547805206796	0.265905824098985	0.26197814205057	0.765610293524397
100001456	0.00581008086047151	0.0769631637057895	0.257562581175954	0.608145164043642
1242	0.0764947505902362	0.0803314889073049	0.302703363312145	0.494831023894188
100001416	0.288022096117174	0.104424889875808	0.174487628471888	0.436115076325764
100001462	0.350864565595909	0.312680518405054	0.302305784462954	0.65127109060414
1087	0.194005611736057	0.0421033404784089	0.264508484709294	0.658903636443065
100020421	0.0683345587423972	0.102524437542843	0.28581626842879	0.453787814149546
100000010	0.00412262760139035	0.0437278473653991	0.271511665593897	0.749293369887346
821	0.51811282345024	0.356409497149183	0.28814483019792	0.53535110637547
100006627	0.254227648925275	0.140061928844525	0.359675788348119	0.589857118468318
100001277	0.351423364928276	0.154519666121016	0.304637590097754	0.648309946383727
100021141	0.0425225879422201	0.196836631603173	0.299318266405242	0.783460519578019
100021105	0.18323314720581	0.28056608754608	0.27474003206475	0.507276188703483
100001950	0.000373631835065444	0.0073472221293206	0.343842706142341	0.851906330176379
100020217	0.898249454374638	0.287943245736828	0.182494624185475	0.520404388060165
100006651	0.0216983805535956	0.141863700468643	0.278103883216739	0.445232423334856
881	0.938320323850914	0.348060928040785	0.25358167440026	0.695835821872852
100001509	0.681359588166821	0.150513431879985	0.232635146553224	0.608339248266725
100021709	0.601929564660228	0.838910581909894	0.255125192622574	0.694851095088669
100001635	0.298589438776817	0.0363892644458859	0.278528401375082	0.639960444487881
100002613	0.454187600628773	0.123200860860943	0.24295995687289	0.774915522647499
100009329	0.564956132732647	0.676514953095767	0.233632666176054	0.824826867480472
100021123	0.879401711856796	0.626051884651416	0.271460858720901	0.609376027463925
100015760	0.2561701944338	0.164192059833881	0.21727079331317	0.72290275888841
100020205	0.390118716987153	0.438133246908495	0.301810052850029	0.524747686731341
100000765	0.570864550735434	0.6250149212137	0.254927703230271	0.657493999432532
100004111	0.313294395245268	0.152446975486858	0.278814980739641	0.664900968525276
100001615	0.198768733646105	0.800831132093581	0.259627075445023	0.687943376511951
100009227	0.192375523698417	0.108816358215362	0.358239597194522	0.837500959330735
100006191	0.383258898721807	0.579736199875788	0.285947325555459	0.638777829017715
100004542	0.445763114562979	0.359644035952608	0.266240288552051	0.74200805758954
100003686	0.300510855342636	0.126968192004594	0.363793135795862	0.627102873591347
100009232	0.025644581219509	0.201803457016114	0.254730229630822	0.59327993596579
100001501	0.0477549712586914	0.100677360677071	0.349140046760829	0.722763576818557
100002367	0.501161935580962	0.244527119287716	0.242368486873388	0.539668714658023
100001108	0.339617283664108	0.701718515826826	0.258715318497506	0.678388904840342
100004227	0.72711964258746	0.997023563984813	0.259979372205334	0.691066346143744
100001310	0.192453623890443	0.301673913274547	0.250905711938343	0.797438165578223
100001994	0.832053139569342	0.883513315761809	0.272285325038199	0.762561292846803
100015839	0.0125259464401595	0.0133850536211801	0.35012921043301	0.775336037144813
100003271	0.00530348414217775	0.0801549639444893	0.332092805483006	0.497865944659483
100020496	0.836861229760366	0.929475246856348	0.259750769507427	0.697268065851404
302	0.704594487061507	0.438881001332698	0.229819298331443	0.658494057855028
811	0.779115627879239	0.772323526752208	0.256828525216547	0.720097926419019
100001267	0.997575608338915	0.737527216899386	0.24237231992686	0.685423410993267
100001197	0.02544203373239	0.353562121180911	0.30384317577685	0.695437870898719
432	0.214641515521891	0.474564952661557	0.274879060046123	0.672369407515561
444	0.0110749348424795	0.0581665709731804	0.305913082990097	0.813940024734846
100015968	0.354439395233512	0.410348380552525	0.273231955175309	0.611253968107505
828	0.904766234628086	0.873097596405898	0.255271303165586	0.695581807868401
100004054	0.253305673807694	0.843007727765864	0.262281713158036	0.694902443417398
100004635	0.0925613808572227	0.148638590170683	0.604522882076248	0.426951621254642
100000491	0.445115768111996	0.549869234342407	0.248817701999971	0.590621875072867
100000939	0.0440623897927349	0.0323478734908786	0.270346765539239	0.585398447662567
241	0.224506498323644	0.639875830368762	0.278586874347629	0.707112032591173
136	0.366973826284708	0.0713443537571301	0.22501729988956	0.875492087007936
100000792	0.575315099685866	0.937696727333644	0.262766345195774	0.751822917286946
100020973	0.58153685366054	0.658807591150582	0.278844478265651	0.665253023119683
100000936	0.742679312627963	0.875802383604148	0.259289376254192	0.69164059878558
100001313	0.00774762981244959	0.150020579443177	0.276496021405846	0.741779496332859
100001951	0.0477343631518027	0.0924390446929195	0.294248560994481	0.680486075773233
100006098	0.0183555609063691	0.0938257383822612	0.298646998401657	0.802195924006478
100000007	0.226116275566527	0.515833802401409	0.263611165302143	0.69849427186439
100006641	0.910490406511898	0.912610033879029	0.27944718542268	0.689445235561364
913	0.0108791738878524	0.0612151274519513	0.31625630237069	0.557867992103205
100001579	0.802185087285167	0.428687340858181	0.285845775555398	0.69106970837233
100002911	0.145448789075271	0.0122668391528203	0.332957996635884	0.650838305445254
100001293	0.266481251780906	0.396379260559495	0.235232738580063	0.818621930735554
100002241	0.204656928462692	0.503055097229341	0.273903083138513	0.65737333463835
100003179	0.408238833509189	0.0829502912035957	0.245810899993541	0.544553635585859
100021372	0.322733353856919	0.210479511000787	0.183036573007029	0.702345274759403
100001956	0.332516714402865	0.52983184465246	0.260246252412288	0.607234739558289
100021162	0.206520028454721	0.165659434133237	0.248353668493426	0.515002001914967
100002259	0.351376279757283	0.599239158307782	0.237342006718365	0.683432797182933
252	0.406417216228751	0.577801270284526	0.292630149878849	0.634471190461862
100000707	0.444486655758328	0.328247932139805	0.25321806685688	0.699282697097253
1489	0.658628678776119	0.0121559499451147	0.237330332155376	0.618908112574485
100020361	0.0283674679201761	0.0867547884559967	0.307762959223984	0.968279145890873
55	0.752271775645307	0.923783363704995	0.260196609811763	0.697456719789032
100000863	0.256750183445034	0.258568051913778	0.229653548552232	0.724395235628341
100015840	0.169984156667091	0.0960274983516326	0.361569110179565	0.641910269219151
100001541	0.156676973060113	0.0797987677287949	0.171582515554789	0.685782366605506
100006082	0.152898142034454	0.0576266715523207	0.344143661449868	0.68326773263866
1254	0.668865189454598	0.922190359668095	0.266867002824116	0.706251614980444
100001624	0.510443431360857	0.370278600511679	0.248382659720571	0.664769791404622
100015850	0.920812209675378	0.580392632297022	0.32116518843068	0.653185197929528
100001104	0.00341644862473539	0.0153172884071099	0.305133936435538	0.962457929183932
100000900	0.126547354953578	0.42073596483965	0.266023942710533	0.696453989192458
100000269	0.233901033887153	0.0894920569409552	0.165384031186072	0.640261654837755
1022	0.233379290755633	0.930136049516609	0.26072011390342	0.68548789479859
100005373	0.213339565384506	0.0796212526764814	0.236092971308162	0.719010101210538
100001129	0.129120772029165	0.712439717977932	0.252669803278823	0.718404939792845
935	0.0120468295604215	0.126384937089615	0.335078313296247	0.554821434662367
100001262	0.162074804625603	0.203797524796582	0.272622145949332	0.71455048748936
100019978	0.314249522838296	0.607913669474558	0.252040084550093	0.676724506676463
100002293	0.723977342621813	0.765529567573374	0.262447485282168	0.691714973869041
100001426	0.195421725638283	0.264150739569686	0.259559748585276	0.528886888277027
234	0.0339688971261276	0.152334525895931	0.249402329701159	0.671245927148741
100005403	0.244957864896373	0.983080934798153	0.270091525296864	0.690331240730899
100001083	0.0375832809586382	0.294086443801264	0.279170157509989	0.717008845210135
439	0.70700996434662	0.318455604686617	0.282226332760089	0.682868808359356
100001086	0.347431162052915	0.429135448271437	0.276070345556915	0.766214174915639
100005864	0.738628678247042	0.457519324691236	0.239696956007036	0.755829231185933
491	0.513162039537392	0.908115661434564	0.258773956708612	0.69130259027639
100002029	0.471351421392747	0.433043642564571	0.252330690279135	0.55645942644887
100002154	0.828159098403438	0.482348573915295	0.235398339520726	0.664153762801088
891	0.496540833643333	0.201669298693763	0.290197521511956	0.658504414049198
100020261	0.372994714356329	0.440008371512063	0.309810072788337	0.664462676638875
100001296	0.506669579513128	0.471969997144091	0.259341943920737	0.582203638368286
2050	0.481170838770768	0.522722435155252	0.277412679722552	0.63468278785384
100002761	0.343463806269869	0.675025043461806	0.227842886300465	0.828256683679659
100006614	0.855685706607724	0.653546405972053	0.240518964488757	0.755175587050869
100001597	0.85474104986396	0.165047048651733	0.181859379560789	0.501649960713677
100020853	0.78859643158807	0.890848031641922	0.26365227214433	0.697154819460983
100001446	0.274752805962208	0.410119155324269	0.230331959645021	0.684496744324446
100003240	0.292020415415751	0.124621100683046	0.299519157792578	0.607953578278882
100001502	0.0279661592237693	0.229185815822886	0.310928167333443	0.781329127623874
100020866	0.0995721902060603	0.0108066374446709	0.155723355074944	0.499967130763302
100020419	0.0298801232175901	0.0856071200820222	0.269167377085847	0.434490363973458
35	0.538248731094893	0.313866970368565	0.236161328367135	0.63979025331826
100003696	0.0124973382774834	0.0482739544824224	0.390499490559369	0.622092237779017
100016038	0.807536149325092	0.895404765766209	0.256652355167698	0.676557038722912
100009333	0.209711019030688	0.173981518847143	0.262166081823301	0.715696509056498
100001611	0.161153129970649	0.340237941027402	0.344349793774431	0.664232497466222
100005383	0.670178869688489	0.308122032690482	0.274069151867093	0.728563710737677
100009239	0.300717574396866	0.129899882245111	0.324632926048175	0.509696308279674
100009332	0.32757239090498	0.232020773036989	0.258720766752663	0.652696991085
100001731	0.152296598068659	0.62677135470804	0.266351191805	0.66403987921311
100003415	0.34074413518023	0.421887885205017	0.246513206932615	0.711537663468624
100020578	0.138291717256699	0.197949959141438	0.245921593094136	0.583698282158706
893	0.849255957828933	0.508279120007555	0.2570801935153	0.702615203766043
100000963	0.310607930840441	0.209403741717689	0.339103730797764	0.493352148013254
273	0.14521121117916	0.321804015927274	0.306816669291084	0.684584529634605
197	0.453566291572139	0.399251232344089	0.245800890958517	0.567592001843059
100000808	0.30251835809747	0.238803775818188	0.253487334522384	0.838861605318405
100002284	0.748914990618844	0.338166994685517	0.164441424339645	0.624490990619428
888	0.943020987197944	0.0917117956019672	0.274929378532506	0.676650176286425
100006435	0.542232638434892	0.347458997796785	0.205990558301594	0.979057777759683
100006374	0.158142217377245	0.446476528195937	0.265340773368488	0.678000968921935
100003169	0.549257007744753	0.939986170211941	0.257830234237426	0.686538062113662
1004	0.601775341530381	0.778546678672423	0.246923695294235	0.669897563113944
100005998	0.0890163907165899	0.88691925096785	0.274208226992057	0.698920553499407
100000773	0.654107979365116	0.533751910151866	0.262387347566687	0.674151679742193
100010850	0.0166384330557066	0.123433074613469	0.309492182720251	0.568043441246542
397	0.848649529915077	0.376878952040154	0.194400441619593	0.755325939929732
100000039	0.072876398886569	0.226232154656535	0.215148570401085	0.742392576325604
100020833	0.736912746119275	0.761878642788739	0.265808397302183	0.73226900437116
1021	0.416650722857849	0.368493068989605	0.248267726140162	0.723687819790782
100020479	0.355423967068696	0.553802668273697	0.264739379980723	0.70102184364167
100001335	0.506216812205232	0.30965285397878	0.293133478603848	0.659519668114612
100000743	0.569556158366715	0.997714493737566	0.259678063393798	0.699504646836674
100009246	0.177269132468465	0.649545178338658	0.251190400855814	0.720479480640252
878	0.183278935324297	0.781686221897882	0.252276162988915	0.701128066614285
100021103	0.730173819703675	0.821632711403737	0.263261650663976	0.783026108422022
100021363	0.239021733149209	0.571488660288639	0.242417993606127	0.730716028256982
266	0.126046386378488	0.206638773807061	0.258902408612963	0.617425706710167
100001195	0.306327236724365	0.211983766001336	0.327242056060334	0.618557053823322
100019801	0.777083149085218	0.700268751809935	0.270667976498461	0.6769795305178
100002196	0.039977303498275	0.280414840023074	0.275713344125549	0.698513676899117
100006370	0.245206124159527	0.968694206612498	0.258873634904127	0.691413171564336
100001510	0.0294150582660017	0.0035253601163435	0.215629877506608	0.79068378930518
100000437	0.527330939776132	0.420054900634918	0.242089450618753	0.767903989503893
100001767	0.133074898494792	0.0305526767140803	0.311258452680464	0.763353532325683
100001810	0.411913131337823	0.520671907121713	0.277284874489048	0.837849110097689
209	0.0340198575316891	0.35015817749118	0.29532833160011	0.677629451045593
100001485	0.253257636764903	0.089071169804683	0.150941018492123	0.623423282014638
100002500	0.122506423672728	0.450432053974392	0.264058301497809	0.661058594953886
171	0.029773503573081	0.0237352302075321	0.19166914500231	0.694466961959424
100020487	0.994460378282102	0.807371429273588	0.27898336619155	0.646901888389989
1206	0.00723770082067113	0.118611467222317	0.261728570099011	0.743101891466728
344	0.0121007677874476	0.0297467719307695	0.542486626163943	0.781301152999987
100001405	0.479623670977623	0.920966315910112	0.266312007621241	0.682608575292471
1239	0.980587468621594	0.521098826504316	0.29038800087473	0.693160570012721
391	0.0613835265631365	0.174914502182551	0.237463640273981	0.909070536067883
100006430	0.438798544543666	0.169439979507312	0.310986299481197	0.425073036552691
100001417	0.971308522723066	0.505985610303293	0.248856631712339	0.798849649773674
100002951	0.0560229008828023	0.469428065322498	0.257226092423574	0.609657141521333
100000014	0.423199274052161	0.582860038163053	0.255195344449303	0.729013266866985
100003926	0.564428290960815	0.474810919312263	0.281058480000617	0.671571473904548
100021538	0.499499825055955	0.362306652383909	0.305351769454247	0.602516511447193
132	0.324214853874997	0.946542260205992	0.260502073194465	0.689389126177616
100001425	0.560449358641356	0.513565890748867	0.325102996514388	0.624130396846042
100020262	0.611750232271677	0.653767414011865	0.278625737685646	0.677299078195924
100002679	0.354185998486113	0.6986813882208	0.248017957735506	0.757090429512736
100001270	0.733215586768406	0.553751024586293	0.262210169953962	0.669071778479735
1102	0.854179144995592	0.961108822811738	0.261308600080739	0.686952352320431
331	0.257192432526093	0.196541006716221	0.211160085465119	0.582862308834066
100006361	0.507552818683753	0.618524730636458	0.24164735774279	0.761640833481102
180	0.810314289722928	0.904481644899618	0.270072612747472	0.687442174202065
1053	0.305184342796292	0.465566602505206	0.402935321806144	0.750361128857623
100001359	0.646621863922827	0.897616375368219	0.269687395732774	0.675286278858064
