chemID	simpleLRM_Fstatistics	multiLRM(chem_sig)	multiLRM(sex_sig)	multiLRM(age_sig)
100021136	0.0261986324474496	0.248946708139921	0.307988700252891	0.769270323106933
100000882	0.815572934487253	0.684848174744588	0.281735216027258	0.656066237479943
409	0.0831216401825151	0.168822007680214	0.299820246383095	0.438024668843478
100002254	0.682646959292544	0.0417356603811245	0.180520539152286	0.661334025621155
361	0.00800992620648276	0.100382331226742	0.186395699010933	0.658915422225746
100019975	0.551452106441474	0.721457977036733	0.273861973092992	0.695975066445544
100000257	0.000696715605264015	0.0208763735924199	0.283760086163831	0.609954799688012
100001232	0.971865225910641	0.940993948613894	0.279946481725429	0.6765550903088
100001948	0.366734178768866	0.370982441458417	0.295005670986913	0.539851670609633
100001073	0.608202423337183	0.683239605129219	0.339692606678793	0.609239068304872
100015637	0.934053473820305	0.467948175183708	0.29572941361641	0.672223847427245
100006360	0.624824776695431	0.699429692977687	0.258421722735877	0.743256703996758
1488	0.547945111007007	0.603683562931679	0.273889819914931	0.656597444440034
100002253	0.850622753787765	0.998176136742771	0.273193629693061	0.682305153415743
1023	0.974610908528773	0.725507397591083	0.269061068944719	0.665083014277672
100004284	0.681918997697148	0.818615179778236	0.267202914934548	0.687346800906492
100001251	0.659824700185658	0.989436339580131	0.271864843134503	0.679981346133204
362	0.728666449071611	0.477589345946181	0.24931705274256	0.671878063636447
100006620	0.772379922178581	0.864017143929583	0.272332080042076	0.684827597446534
111	0.36524378047455	0.174672320587142	0.234283770603254	0.650265958159751
100009045	0.643400514332092	0.279586209318732	0.226629306644075	0.834513928465969
100002927	0.723899946813995	0.872538751611181	0.267900413483902	0.697679932993827
100015641	0.76339340588088	0.90357233846092	0.267504375053471	0.68819627431515
1114	0.110985849502639	0.948990222609968	0.269714330332413	0.683330499192557
100020409	0.358783761435038	0.370836861702664	0.271474529558256	0.553129972423039
158	0.129823648439856	0.265940993202791	0.354933426084124	0.704682557068855
1224	0.0537874239213996	0.203211936972882	0.210993537030656	0.721699253555276
100001620	0.478160758446418	0.386619142311494	0.231327882374687	0.686759464663227
100020893	0.276889832681263	0.0531201979297507	0.247066346773132	0.394194826010474
100002458	0.751849961273394	0.562813083466652	0.31069766511357	0.625427769034995
100001112	0.800240225477948	0.992031104137503	0.271317401763656	0.682875737303713
100002953	0.412364963860697	0.81049671021049	0.267265644490705	0.692821969524283
1141	0.396841776409147	0.0528680583304562	0.356718483478431	0.497442857494739
100015834	0.465847240951865	0.973827439235473	0.271834459355841	0.679205915642716
100004561	0.614957001278309	0.861167675324366	0.27204402826741	0.677300929889793
100020497	0.828602468288311	0.660842072157066	0.256594565065736	0.711662757715204
498	0.0497044792126247	0.313160892030165	0.262946268880186	0.762315068051514
100006051	0.864072970248227	0.837440718804873	0.274878430561709	0.676560722371961
1668	0.662205547799121	0.526531566738017	0.270195705061157	0.618786428792495
100004523	0.425435937113456	0.86381978465878	0.27803946467385	0.664921880944184
100001604	0.24425224544621	0.532385793614671	0.2678733366719	0.724864834229722
100001002	0.180480742083754	0.556613358816125	0.283114513811953	0.668361431575045
100001987	0.0612210132958538	0.278515056770349	0.80666301453034	0.537468112082005
100002462	0.609173735953306	0.342572045118361	0.329318694826189	0.560793478443455
466	0.589065344453344	0.0745052987216967	0.305567270833497	0.653598371786078
100000665	0.894551208299608	0.438165548382007	0.303845888103339	0.625429250936283
445	0.950791127112655	0.442744228128637	0.303821790019819	0.727946729893257
2029	0.155701410251994	0.518682885027193	0.288223674997761	0.68286105277574
100006438	0.125837105370602	0.248319763880113	0.312843131685857	0.695723482384273
100001398	0.16290370839847	0.583075894817613	0.251371561685135	0.702078862577846
235	0.432102067270956	0.455888907352279	0.238412634840292	0.716664325411114
100000997	0.717359165148776	0.758760898174742	0.277139946805013	0.661538316054747
100002094	0.251334813779207	0.217691786869336	0.238791057541871	0.538677594463522
1052	0.635530636839406	0.960036955757115	0.276038886923499	0.694459578860997
100020823	0.329581250619841	0.572784231047577	0.249847881790935	0.671588229672432
100001806	0.279451568498466	0.627823477913084	0.315581303946776	0.690977406904936
100006092	0.81441695409812	0.893286933453148	0.27654627577081	0.671459196309891
100001415	0.103955304905931	0.0667471526462016	0.261126571852992	0.394296122814265
100000008	0.041596533630138	0.072554703770197	0.302690214223295	0.515246562692303
565	0.00762980698499729	0.0517720088614248	0.276575299394208	0.755732055310894
100015851	0.147746106517502	0.19400421920702	0.362550267061357	0.812430857344749
100001866	0.53620241529559	0.885941021914543	0.285987724723417	0.665905331620603
100020546	0.00258972605445611	0.0298366008927047	0.521048061368248	0.865235737666014
100016110	0.553356917474876	0.42794134527365	0.226729072608834	0.774307850188234
100001254	0.00317414923027669	0.0133341501770476	0.339266476724769	0.905759195303681
100006260	0.399760754802839	0.839678084446178	0.276846719195916	0.677182067261229
826	0.659405329753739	0.835489193115828	0.272215559350908	0.674782297576346
100001872	0.463304204022029	0.836805505022513	0.271091214919085	0.681157154738751
100000263	0.341059048067423	0.37616485663356	0.331785835699547	0.674824028698025
100021198	0.81134961878628	0.0579563099980176	0.193043862282866	0.382343703088322
100015967	0.0360205674438356	0.0912047470096133	0.333660265615414	0.503824535198111
278	0.133764241940769	0.266453794943003	0.265946823961647	0.958863728030679
519	0.727818287688363	0.329194130126695	0.330838244364885	0.613797253641424
100009337	0.0890785591799114	0.283037291304024	0.350965655999446	0.673894440249305
100002185	0.37406081903127	0.846830753213254	0.26470615859497	0.665083247789947
100001278	0.380116045221478	0.263789778237668	0.338881610135976	0.630548118610539
100002103	0.84216530358788	0.59630910022969	0.271493629950262	0.628036660976782
980	0.768385648282371	0.445889091921249	0.30830092178321	0.657926860377693
100000016	0.85801483397069	0.439704606537267	0.269291933149593	0.654300160993855
100020372	0.189234086522091	0.510001203872907	0.267680019991967	0.622207434103985
100001662	0.733438004002983	0.122963911349179	0.096308675672874	0.702680540797211
100019972	0.929225415682734	0.697611953644554	0.280664329574568	0.667414103475556
254	0.762418939111542	0.725305979323284	0.269711214268822	0.683994102379923
100002009	0.656759609377212	0.697300841326823	0.269603741952504	0.606892455941418
100010895	0.424322034787854	0.573005258789333	0.326207015705808	0.657650217510133
1140	0.919115686320387	0.959358502900956	0.270256178021111	0.677752843131522
100008951	0.637890740674531	0.550516467181947	0.288961523759838	0.644383291536328
1084	0.366422265635567	0.839161087793357	0.271530836553293	0.716983177123304
100002796	0.118919081594033	0.426227176426216	0.244944103090543	0.628355860464895
358	0.946619336940802	0.940946943352517	0.270156763087272	0.6753621055309
100002070	0.818263172968604	0.738954634231314	0.267202929589221	0.707302712090392
1628	0.373285320103967	0.142972710930199	0.341899648732753	0.660690936444988
823	0.684420570645773	0.516173657099891	0.238409263086581	0.739804430166733
100004414	0.460211226783915	0.091248332403489	0.358928599812528	0.812314268586888
100006129	0.680182188352644	0.666821004977965	0.254616591616149	0.696491291234751
100002028	0.669558670071473	0.447773994401157	0.369895922046185	0.486988407038578
100021707	0.510671244315928	0.637389991545761	0.246946526574395	0.730777126656131
100000054	0.518908325479741	0.472528009834693	0.264688469463691	0.704794095845918
100010869	0.476742132563005	0.225327488098815	0.277938171132506	0.550086229218734
100004575	0.028850130141567	0.110651382333469	0.34997322757679	0.99712272523895
100001212	0.993018582014319	0.660695380793038	0.273116519104079	0.618707771894332
818	0.213968870542616	0.55252134807647	0.307091658174665	0.633518626594315
100001092	0.00160501403132513	0.0212632225591535	0.253084988662936	0.675093874341504
100020371	0.952733488378763	0.920872258564187	0.273858496582856	0.679601016185027
100004112	0.185525853838425	0.487878582378213	0.281924539819316	0.691601017021339
1125	0.466410048934348	0.378727811788449	0.310338466548666	0.709873259023815
100020491	0.874592957852598	0.446541351286357	0.231985162783594	0.687621716351249
100003151	0.00235497151307098	0.0243131931452672	0.432579411901576	0.553287697713141
100000011	0.322218342277767	0.14956278352248	0.202075454633662	0.788135259795988
100003594	0.466827762810636	0.997654574567881	0.278106062988781	0.680716434391283
806	0.759419239672547	0.145274555268806	0.261543246906107	0.479569012534203
100001211	0.952667157175709	0.583820307621485	0.286419355858631	0.659706130810109
100002417	0.597147483986912	0.579581028252954	0.260825307334302	0.645098808724769
100009335	0.549392791597522	0.20890704859398	0.21938753745716	0.706324905603923
100000781	0.70580638536845	0.982458446427363	0.271147306873256	0.679753812339132
803	0.0295766672949226	0.0315985310082964	0.251084243157375	0.558583965684957
50	0.4994801229562	0.725333506276038	0.279986231117738	0.6644483514437
796	0.429641646769375	0.0549178480718046	0.32580349464717	0.656679916230479
100005834	0.935475501192943	0.624745366912989	0.325088628902086	0.673018697221231
100001580	0.933982857923595	0.499243890451454	0.300049143955094	0.678659726701499
480	0.779694730427109	0.613079753944201	0.24195143993104	0.689074959271472
100001540	0.242786195759729	0.776608444089189	0.352194378996483	0.745198437359141
339	0.542408474789799	0.127898419626641	0.276321414005255	0.575407141393031
1110	0.940986154010705	0.92348616414384	0.273584084408024	0.672516019888895
100015836	0.173125934436502	0.195258564348496	0.392653013470046	0.85009729607141
100009271	0.537612795163857	0.516845188335456	0.30339317060522	0.660999972129816
100015638	0.992116100768424	0.432571031668559	0.287520278714257	0.659797412726623
100021667	0.932823993901976	0.474059291988951	0.303656683385965	0.663239829086723
100001279	0.587416656985929	0.352401381967437	0.301927799315302	0.806137849197495
100004208	0.0171056821694088	0.113119020565861	0.386966763789443	0.820972021793669
100003695	0.222286381616069	0.149363937607494	0.288040185041085	0.470224209068846
100000802	0.785002265438223	0.887153972281239	0.272861299257726	0.67652731703207
100002769	0.860911164374683	0.102631383519934	0.206416232780823	0.787283061455359
100015835	0.110489457645269	0.322678360901496	0.398276576326306	0.869338509763175
229	0.853293192530786	0.369184924873135	0.310099129306056	0.672150293007709
100001266	0.00672338809987632	0.027361839142649	0.335376421296747	0.982722492584398
1342	0.298463525441041	0.350494342717223	0.233199769581362	0.698538732188434
100002102	0.852088953718348	0.56909642657772	0.303217731847576	0.778226089289814
100020254	0.167320376021838	0.579035285774172	0.266835337814257	0.706590129726995
1231	0.462581976588528	0.226035208781973	0.327201423147378	0.630621337780515
100020492	0.961337445520008	0.832159050230459	0.267555448476434	0.675712463491244
100001402	0.387012920625672	0.570398291754802	0.301547064890818	0.68467881888527
415	0.0057740440556235	0.0862095979848081	0.323793290448006	0.738741199071394
100003109	0.989971536094995	0.976293378299556	0.272049493200441	0.681303042698784
275	0.551899378485761	0.811435579892492	0.265629284765212	0.665883104364144
1143	0.159674177373484	0.0706179198675655	0.247738028327486	0.7800836939511
279	0.402555778837008	0.346195406722743	0.266090569363292	0.549950569803479
100001198	0.947248902307576	0.996767982992145	0.276201263687246	0.681855389183501
1648	0.398837427142175	0.956617742970408	0.271518838018384	0.681381892771433
100001590	0.315801104694785	0.27688705621578	0.27066724554345	0.592954729328154
100001733	0.387981036788203	0.869419616750748	0.268736434968704	0.693118893683604
100008933	0.0153000229520856	0.00217565795691373	0.37007168657413	0.636530127197192
100001550	0.35064328682464	0.492743693122004	0.259011258113017	0.625432467918919
1215	0.0688310898971947	0.213819207732644	0.222408165546684	0.637026287430724
100002356	0.271561764544246	0.114026390728555	0.336839661864134	0.684153894429424
100002749	0.692957682466747	0.762254173729286	0.276038926327126	0.687396933866429
100006379	0.160061501505909	0.155463082746	0.306799575646927	0.427471885713279
100015966	0.0808664775918647	0.153690603133777	0.290772861402923	0.506754997385094
100001392	0.667495524409335	0.929330346608605	0.272916193880812	0.678984890737896
100020425	0.128393985140333	0.0524946691634603	0.237371522422337	0.437547913105039
100004299	0.310041886409495	0.796999587719255	0.287281819824321	0.730591340597172
100001734	0.586004099278951	0.530546849007268	0.284897251906182	0.620500594869932
1002	0.852706612547426	0.805827967424589	0.272646639864865	0.678986143039275
100001337	0.31056063918937	0.818578493791165	0.260343684700954	0.681501451737413
100001452	0.806507223946695	0.775720059417899	0.270682795020814	0.653171917961154
314	0.531495393032016	0.402698264537966	0.287081981018583	0.695977543014751
100009264	0.999107343931932	0.534549297885851	0.215768597604848	0.805279034484685
100004634	0.450079133848127	0.508743811408948	0.244983453639826	0.69682175633975
100000711	0.713432738241839	0.684054063820968	0.302103615039274	0.705534884716468
100020536	0.0167368475494024	0.0731397454144023	0.311612281273054	0.807189450966868
100004318	0.314362178745435	0.568533589648278	0.277062517778796	0.67659045132253
100005850	0.883683375807076	0.47616398013834	0.347387617118614	0.625405619095946
100006619	0.322328702499834	0.149731501871091	0.308608305151232	0.666020605762904
356	0.460217240378844	0.617757103368874	0.257549372730917	0.700315394774757
1221	0.565140811889321	0.602985912367147	0.362290897694686	0.712821657147475
100001397	0.757426229869114	0.768241775880988	0.27493788482816	0.670671071220491
100019981	0.627274053271195	0.906590682714167	0.274186209077747	0.695916117889335
100001208	0.431655205070616	0.257784290973163	0.240286208284286	0.959624741417156
503	0.0109797909091491	0.0101907103796129	0.169974530028069	0.514433626756299
100006375	0.144393213732977	0.61304209003422	0.295073493240488	0.659382193373973
100001295	0.734390113497557	0.643922029477571	0.266225449671208	0.763612278371359
100020427	0.0542669188352032	0.0275458265547034	0.265949999168422	0.379620907910856
100002784	0.479484751889337	0.376790459658538	0.242670541824968	0.740848510982274
917	0.055273622612473	0.19424435726036	0.30162177854163	0.62647272008182
1869	0.377736415214926	0.205330903849803	0.294674065245062	0.56144714666554
240	0.244167067060848	0.106551940891382	0.170742946050819	0.484495729329595
798	0.00509174760478443	0.0919039617954389	0.389434988205627	0.617613165518677
100002952	0.264441311603222	0.498712869154093	0.271388453377294	0.759578229997118
98	0.641215490516133	0.862944248360477	0.285509770538126	0.685007577996754
100008998	0.313534639914103	0.343765990993145	0.21290615113299	0.749510728014948
477	0.878018178571198	0.305376652137133	0.2826223259797	0.673283747321427
100020545	0.0839033092298084	0.145364765563565	0.329395514523748	0.838300309919538
100021666	0.978873843797329	0.25335209692505	0.331466623496298	0.664494054318521
1256	0.536772177661776	0.729480258217936	0.311697386579216	0.713197505231569
533	0.327530657188128	0.0811925778455831	0.198282860241287	0.432454967119208
100001757	0.449955698362902	0.930575792265047	0.277634912084106	0.676980521862969
1024	0.308254577301652	0.0912303844937236	0.187921407611447	0.862450021224486
267	0.469070268366953	0.968849115668756	0.273192167351056	0.679048395625995
100002113	0.100475097796588	0.0837169201454512	0.273058422759853	0.699401079328526
100001756	0.853438325616317	0.735132562749023	0.283672043820529	0.699439531629732
100001193	0.435771056779444	0.171676741635998	0.346004399313224	0.62111399696686
100001668	0.686922967411894	0.988867545251126	0.272918848343535	0.680386261914592
1124	0.323425445626625	0.319430878607686	0.246964422045235	0.769349390229561
100021331	0.169200980280308	0.329854792917285	0.263211462289058	0.715776615557998
1090	0.0610780095465062	0.0449010155962358	0.273113576134601	0.816417104403164
566	0.850550585757176	0.321660444824972	0.205359940279088	0.681970029223197
100003119	0.464054096309892	0.283328345425766	0.300642706886669	0.618164849852788
100006367	0.762918569633601	0.57387812542226	0.281076561682945	0.661026007879878
100004322	0.216997436276835	0.246678908405639	0.2810980645548	0.764858189207916
100001034	0.67277913920908	0.838219872321853	0.268438962591409	0.672856429400274
112	0.930127314898337	0.929449475675641	0.27289610731913	0.674077711866458
507	0.7402627165253	0.778554656806111	0.269311586386199	0.687860061358951
100009233	0.321866297150221	0.19961938509108	0.25049655821152	0.699402723830834
100000406	0.0174025582928988	0.132205043766915	0.429390387277589	0.483413594343112
100004046	0.364119312952994	0.364377121860561	0.163630036371921	0.613064395749674
1025	0.770410185350275	0.697310006637062	0.260713925442496	0.700234231861866
100001106	0.150558503462327	0.166823549142184	0.245451167862246	0.699879703932864
1128	0.0286542715315435	0.581202661196325	0.298375098880705	0.729646268113341
561	0.0489228550242665	0.187893579333621	0.194347517146184	0.600446964693219
100001614	0.866150615608545	0.380476588164497	0.287987930076435	0.655361565074609
100000961	0.838606972984262	0.966494445757994	0.29790657388733	0.679932299444752
100002397	0.899456609126133	0.61261485248848	0.269359206833097	0.615551551163551
100009407	0.963120159557666	0.981006736890301	0.272845019209695	0.683351559445131
100002910	0.910227209951357	0.578666142474699	0.244875002703039	0.613398215213033
100005946	0.25899137471135	0.353264134225913	0.320707704757991	0.775202803982554
100019794	0.094500999317284	0.293663567031382	0.277533947726085	0.835650080232836
100015759	0.330863563725028	0.106080086845854	0.231260401160038	0.686887923314468
100020417	0.722158213305585	0.580001232650235	0.251714521239385	0.655901819953912
100001054	0.721087244532805	0.957424887151615	0.274576305265412	0.680858987209998
100001437	0.312879173879306	0.323862005544557	0.228647770682985	0.605271498634149
504	0.245037566659528	0.716696902618659	0.322448352277988	0.688429117099287
100001988	0.469279247741582	0.661941404040443	0.265090431846929	0.833104447917378
1082	0.0262310509960322	0.567485517242121	0.298865388197466	0.71590470314606
100001403	0.310131605576125	0.329020403764157	0.309945171837871	0.657792709554654
100001664	0.932795743890979	0.555955302814255	0.26134491005421	0.847850180123854
461	0.267312961117554	0.212152008821799	0.443359206475612	0.651145557666174
100000463	0.690074079815444	0.977351875724131	0.275869673841057	0.68002948106731
100020208	0.579536037452644	0.54230573446263	0.309329764210601	0.572319333302746
381	0.540072423738252	0.0711418108449089	0.125678787259691	0.513212885320578
100010901	0.081034247889229	0.0712343174296012	0.249810290443605	0.818543220897033
100001468	0.272755621467971	0.988482797669368	0.272181749673709	0.689528914327511
100000840	0.935940168985347	0.894325360755555	0.27412322849867	0.691931402237613
100020014	0.246502779465036	0.597525537689733	0.265293186327539	0.69617473455533
100001993	0.781807857667887	0.592565632865289	0.223197327497881	0.843801107417787
100001051	0.104623563899758	0.0220397217376901	0.306009171432165	0.362371432694016
100006116	0.383471238125295	0.517475106070548	0.277485142463426	0.681138331868923
1108	0.956752769242718	0.954488105100399	0.271308696568243	0.686643356601708
100019966	0.360868908505504	0.13874110975848	0.332181048732893	0.648177916849244
100001743	0.628189299222424	0.416715900941814	0.260512670572185	0.666183731376965
100001294	0.125193806666842	0.194304318409416	0.191053703308409	0.742606959086409
100001609	0.269330117565315	0.116858992152212	0.253513667996204	0.774231816987256
418	0.797671254187081	0.984108034442992	0.272795688907045	0.684483510619389
100001178	0.363415111700567	0.902025133958748	0.270329711435038	0.669538533844314
189	0.984534815484018	0.64168757435802	0.242791747663467	0.644679602698945
563	0.519065859575994	0.773207412228974	0.287741278517984	0.663677857416774
424	0.589138736859969	0.439844444867723	0.307924413903455	0.660611472049867
100000776	0.132275045384116	0.319453106447883	0.302592168090904	0.688301167402704
1001	0.997594422419327	0.495032240596062	0.278484625293096	0.684383856957687
1135	0.157481930348739	0.0489251932950321	0.390996896072723	0.704501967491839
100021093	0.354339690041862	0.507731230944034	0.320074407901024	0.700070809216072
100020219	0.122260249380755	0.228559664425832	0.277680413899569	0.575972257914591
194	0.466993679250389	0.79921252768861	0.279489854122672	0.6470509455346
100008930	0.703171395855466	0.616397102334593	0.298562238615926	0.659766075671905
340	0.612964407717879	0.235000485971311	0.172080383305093	0.759643349212128
100010896	0.921444562449329	0.727511896815658	0.253245332768896	0.691445022944798
100000787	0.209775889831609	0.0986631589169709	0.249424768009436	0.390037316963574
100000639	0.0321288111059457	0.217629898782972	0.241240481279755	0.68891550830864
100001851	0.954011689496869	0.223745379208569	0.290108824538388	0.447379974977408
179	0.541790255419944	0.666587944996368	0.270948633460794	0.692336033751654
100000626	0.4158354138699	0.763472225245636	0.282093043522386	0.681414433718298
100001605	0.00872455481563595	0.0780501927011801	0.323934865167058	0.794959359783025
330	0.254246269576744	0.431045027300325	0.293002088671906	0.553482361869264
100001162	0.752988102305242	0.591055451826648	0.244173551401751	0.647692851172089
100001167	0.04365413824067	0.233342198150457	0.268556639267463	0.662354477274527
100002067	0.572014944702536	0.796126479388737	0.351806354813784	0.628387814511959
100019968	0.64350991488241	0.355478954699857	0.299528390293389	0.615928451187647
100002014	0.949383991228857	0.977215943645117	0.271211557888956	0.708578503540653
100004083	0.446161903748105	0.141510329134331	0.303561879314682	0.546604401178705
100001315	0.307016004912122	0.387366926739708	0.283298364057822	0.7501328501227
535	0.233315683473668	0.566878463612994	0.298304998279793	0.671506484469942
93	0.424268612363449	0.270968060735497	0.301839660081624	0.525303834406071
100001989	0.367640629414698	0.613876532143474	0.247422489184241	0.727674579614381
100001740	0.755479719280581	0.409144178892536	0.248701088504354	0.699749720231931
482	0.212131358088419	0.969280808226234	0.271314971334898	0.679255345663695
1629	0.26617107115408	0.425208149661758	0.325254793497637	0.657415996948896
100001399	0.443305117909139	0.35893112588993	0.301339271732689	0.674520973899292
376	0.805198623768139	0.154240227366925	0.165746409418185	0.79184930871463
342	0.594982472780618	0.596696682115861	0.272637177040748	0.677393497409146
100001253	0.0263212146364314	0.182578773376917	0.231843186812254	0.891673597012516
100000708	0.625327093936539	0.794501311193599	0.287724339667702	0.687771304201247
244	0.199171558668492	0.0544044731812926	0.219998057886676	0.80316833131887
100006726	0.409866468831415	0.281995826980223	0.320073209096069	0.665728836463867
100000036	0.174314361142201	0.657988929928119	0.2537820954517	0.717755864662564
100001257	0.0232306548056023	0.0869842554544164	0.370562952815765	0.949371966583186
100000445	0.619914977786831	0.657562897658956	0.295482243668505	0.642499319551435
100004088	0.00441966532006467	0.125099691073664	0.302757192129742	0.762966503453339
100001423	0.993315432299835	0.764362803064233	0.27536584407194	0.654960266207044
100001276	0.371386265070897	0.282556016211052	0.24515413287576	0.598531962825392
100001876	0.794791767482935	0.898969847902835	0.268914026067473	0.683090326478838
100009082	0.619335117407348	0.0400737014876925	0.125336463206373	0.657725811906224
100001121	0.243346581851757	0.879715957031225	0.274736126073419	0.676562213630421
117	0.321189061835212	0.63206865649595	0.255508130928263	0.70076568962839
100001868	0.0363108962333641	0.112285686321218	0.329864452757568	0.685338277760509
1134	0.674940150331492	0.286330856175229	0.181203630306196	0.652536574494332
100021012	0.257346751167581	0.484166312689597	0.280381388703966	0.704870514638391
100001181	0.7598623008927	0.257898900894957	0.338446950404777	0.609845857886674
100021467	0.727655009771775	0.289357973085005	0.27632313404633	0.588214929187091
100000447	0.234552824469038	0.245415593162505	0.314678061980836	0.644725945236301
1162	0.000501558005078539	0.0125237908047824	0.342504550270867	0.586105633548876
100019982	0.485502067388465	0.481741471856271	0.281303765569525	0.665883181113991
100001613	0.989813332042502	0.455955924661322	0.290212748102817	0.64798918489466
100006644	0.397910671780161	0.618851934223375	0.25009014130701	0.710938881846091
100000096	0.590252041076542	0.0284461662839793	0.178728885912196	0.651549589035071
926	0.44066267038083	0.773185361146913	0.282494685632517	0.681634823235072
100020004	0.845109110174744	0.693512295558942	0.284029231981098	0.680170705294904
363	0.182054024480838	0.0413626593059555	0.239977191258321	0.261574680146056
1111	0.387559166172759	0.975057908664429	0.277640414784526	0.705072291042266
100021712	0.677241034762105	0.819530275700939	0.27256476957453	0.667586437461819
460	0.827869551653544	0.693691338746837	0.28335762274739	0.718508638332189
100009331	0.34125001097646	0.213017236258163	0.245288160607486	0.709578365043148
100000442	0.222346325030465	0.674209925522261	0.281429003181298	0.707697857107842
100002945	0.0919183189577683	0.0174866775288827	0.357801251188861	0.636539215414163
192	0.888366102013838	0.920894015782477	0.274554349240347	0.706301846270564
100020241	0.436623862921551	0.934476160282798	0.272333481561518	0.681550926837856
100000580	0.124671946981881	0.132320383838328	0.24546444025695	0.911522182086637
100002466	0.00858633320697964	0.026922057289224	0.213066078199531	0.442194684775635
849	0.701543775664053	0.567240507418202	0.265948970272801	0.631101890292904
501	0.505235382962593	0.384345530128526	0.302757216465456	0.636667883085318
100000282	0.684248460822983	0.138891368887961	0.345545545421274	0.576823820861696
100001577	0.0281775239708891	0.178436206519298	0.359666311950845	0.752986141680359
355	0.0936571949925261	0.292737830903083	0.225532234493783	0.580798673456121
100000841	0.773718452157072	0.9907711272668	0.286156626802003	0.684817633341505
100000846	0.818976625017475	0.353762719032108	0.263345777313316	0.673479184528258
100004295	0.889125789919993	0.419803681599304	0.26068656819902	0.627391484661819
100001586	0.104137751556486	0.0451992290225285	0.382183532871305	0.34171989304935
407	0.0123552816466608	0.0311727723679883	0.293291066343141	0.757884073524798
1137	0.828724486371066	0.721808313012824	0.261740166437478	0.72013357232235
100021374	0.0357007859878284	0.0155553506689196	0.218041068534263	0.923765611778744
100001593	0.678803599889517	0.837638105938526	0.266639854104936	0.688428645147032
100015971	0.756777371883731	0.77452060952894	0.268785867413853	0.677475430228105
100001022	0.34301782942488	0.175397364356946	0.172795591010689	0.945155991096019
1094	0.0610868439145064	0.242091929477752	0.426813939103991	0.905627827618063
100002122	0.257782478555579	0.241288185486551	0.220279035427633	0.785963152675723
100000706	0.604386952459925	0.569531558756563	0.233936344538748	0.681701271996672
100001055	0.797886929579371	0.380090645784542	0.245729439097267	0.61559484191559
1235	0.467400914523527	0.691050044630574	0.255713746150424	0.716110492538044
100020204	0.0947648772967908	0.53887466745676	0.296534609500539	0.72204768276788
100015643	0.0337155279231583	0.286235348785674	0.291506236876748	0.635364663666208
313	0.0211466348198765	0.254582778804879	0.281861726370419	0.618751193797878
100001413	0.818549959835248	0.924973572036193	0.272061733302515	0.674548517327047
100020423	0.0194236715164935	0.0160884150685613	0.307512831928197	0.35591816259963
892	0.461874040582958	0.149888119243095	0.307343285355413	0.705532378576925
212	0.0588683200480602	0.107925503936242	0.371069658100719	0.652472934043135
100006105	0.189878110514163	0.181911243150377	0.313707454166771	0.69225163256794
437	0.818393160706042	0.527509230882661	0.256586853731268	0.694122249698833
100019892	0.445700928562602	0.828516243311179	0.272933910458881	0.698085785355864
100005716	0.0744185500518678	0.105236338078932	0.299437816995504	0.761378891199031
537	0.220093734035772	0.122657665003281	0.27781687648919	0.708860975177167
100001990	0.285417282946416	0.616607190351761	0.316592816226348	0.631129989061342
100003397	0.0334619329759754	0.00396248771186489	0.218071644942682	0.432449921459501
100001320	0.11604731071254	0.205224828004151	0.34317627587303	0.43611765490477
100005717	0.134335052643961	0.0916961854998725	0.31938392089632	0.713107075338852
100001207	0.0304373603439821	0.190868872620778	0.322965821944057	0.683499284245377
100001999	0.535680799644632	0.822893839013792	0.263371500736331	0.773858862613408
100002488	0.156449318870274	0.0133375936323526	0.452997525862683	0.572952606915442
62	0.198250395934705	0.665671683607075	0.263768249863105	0.686856628322451
100000467	0.595541195608967	0.429572461453568	0.255534392944347	0.655008359395649
297	0.0053609756560169	0.133033282071385	0.268929632122495	0.652276017579331
100000285	0.0291233881617242	0.3956406093866	0.272887488992809	0.777888176831472
100006056	0.0626489138477305	0.378496273628061	0.277043353978882	0.729749016084333
100002126	0.130807261967603	0.257049419211328	0.209313173348787	0.993365566435643
100002129	0.772977099937652	0.791439661109211	0.259959831997287	0.784359138920262
100020478	0.0351977576727479	0.222417041305128	0.243874606388829	0.711781541960203
100004089	0.0671507279350611	0.562170180774854	0.285545824329564	0.640303712090991
100001755	0.502530781161595	0.608229587623787	0.275064111303211	0.63931919887198
100000551	0.0309904773944548	0.989606268542006	0.277434411715946	0.680750399031768
100003260	0.485769449097004	0.317253172331132	0.306455407716919	0.756636733746846
100010955	0.839742354489791	0.387839681115904	0.214201217027623	0.57411663792275
100020851	0.216003892190121	0.45254419531342	0.292458986102268	0.703841659151806
100016069	0.639349166356625	0.773800497254784	0.275326178100547	0.667379287074317
100002027	0.490061683085252	0.537401469876687	0.209945935968624	0.796510265525848
1123	0.299244309524329	0.179605604478736	0.30700111095251	0.798248932557406
100001150	0.706628766871866	0.95619450170479	0.272873263979313	0.682962824861933
100001657	0.289625589008621	0.703763006277687	0.276831631103436	0.663122832858896
310	0.257320055756501	0.356613403316337	0.240829020842984	0.782205342393798
100001314	0.355315469909117	0.129492856066694	0.247117070797468	0.565746153450993
452	0.683353302083844	0.607679521765058	0.30998265637863	0.649471500036117
144	0.0936790825549693	0.0611968970107592	0.344640124355952	0.542690102935797
100001182	0.211519190106042	0.15766851144841	0.339196946619106	0.662349126190074
100015965	0.734039319415552	0.471094087811116	0.261027398461534	0.750179322154043
100006108	0.946611638337813	0.486275856601874	0.280076618306814	0.717269266342115
100001400	0.695074548074095	0.616252885691655	0.261208778636431	0.667105889811201
100004541	0.289312223850426	0.196307451885053	0.251859501097274	0.430771384741817
932	0.832112501381225	0.360409089594801	0.284775180055484	0.709947397921681
100001992	0.436562447414797	0.561931430176301	0.385769104875279	0.58247808358668
100009252	0.127818991972816	0.182596132879218	0.325626539026172	0.663457492649579
100021104	0.641761040211863	0.55993472000654	0.222447552255069	0.817828299688102
100015838	0.010156017492618	0.0414883126036008	0.407021477525705	0.920837050636204
250	0.000986047639182115	0.0243678670541808	0.508024235683426	0.775570567214523
100002537	0.979505194861945	0.514092224721391	0.256069723181085	0.784024824588935
100001658	0.809708809882066	0.696546336519016	0.300590836543358	0.666097622090536
100020416	0.288097527481336	0.365333916229389	0.246072892215653	0.653384473969313
100006642	0.231453813324676	0.723806876035773	0.2568769963081	0.709868841030991
100001391	0.0952004979116785	0.32671250529669	0.355744147209168	0.793401751136094
825	0.609009656884805	0.636274270019243	0.241121882688197	0.69308383221075
215	0.0192358187003521	0.104343077000378	0.31478631407933	0.668405863129347
100001026	0.995278896560742	0.884088934619113	0.269777275150799	0.716044927085686
100020541	0.404181828899319	0.485264060096399	0.250221051161844	0.713183458954943
100001526	0.216500524123685	0.275205120043814	0.405131473029966	0.79746561802656
100005384	0.506034392289636	0.387584324017647	0.246793813400129	0.600103865086497
100020378	0.259505432068944	0.692732471824021	0.264249137627854	0.684965877689711
100006115	0.974746478914304	0.369547252209637	0.356912612636877	0.567897629526566
1442	0.213050384471245	0.0448006091353966	0.11698125161622	0.565640410122708
100001843	0.144472050066339	0.201882267655751	0.299673492517498	0.767520789259597
100015837	0.141214040964556	0.273601380047237	0.485226537687327	0.627149478003125
100010834	0.72862049788789	0.983306009910876	0.27179065574444	0.680129647007295
100001393	0.595278295880355	0.428508388682828	0.218815843856264	0.720774367343588
100000015	0.319855855050215	0.547460721518203	0.254433449269914	0.701280175557502
100003892	0.0445356506127603	0.0511529461469582	0.253890035583921	0.929509485023277
100000042	0.180795172626641	0.0242571450456131	0.28892906790538	0.589172007271336
100020550	0.583273001394306	0.212766290601161	0.291000444034156	0.577041310313659
182	0.437586892255763	0.35322597807703	0.259507889336225	0.704339550565605
100015723	0.139269941877641	0.425808597963808	0.271413156677932	0.665249640854411
100020343	0.387809068853637	0.482278589498769	0.247921421973935	0.682223798312533
512	0.360659479410978	0.633482220033806	0.2951566000464	0.654644383896321
100021100	0.782072009054951	0.723304491220109	0.260195822191532	0.685571535092281
100002528	0.319681525051384	0.0646313329630962	0.328309560258311	0.455112345796957
100001287	0.460759814915546	0.759731197481338	0.363658422000028	0.629775229626228
100001229	0.723318450278482	0.869746381682104	0.281246551244659	0.668526517355329
181	0.384821046586081	0.865192882044949	0.268182234333308	0.700662754637703
100015831	0.00149445691753434	0.0209992388795888	0.391979944953353	0.461960122374504
100020515	0.341929016042337	0.489643700941587	0.228025030406825	0.821921705743448
327	0.222651950057888	0.256375412621212	0.328344942779505	0.634396601228197
100009394	0.66971823076017	0.781478525909487	0.259491961886548	0.705774424134366
100001596	0.912168743885007	0.239179824521362	0.241481525596967	0.516706665132111
207	0.850661886597289	0.458084793415398	0.279761081121951	0.640152460864218
2054	0.503290808096837	0.78681821979177	0.263728973033653	0.695078669610402
100020259	0.662104175563059	0.568610267461478	0.29629472398511	0.665546700383924
100020414	0.00292125674490093	0.0401396507522707	0.206611528949095	0.649048037403151
100021131	0.861126214074013	0.256969878383702	0.257212965388209	0.638221351901352
100004499	0.842179969471393	0.762677301463642	0.266733757220299	0.655972101443853
880	0.170600876709797	0.760823393300303	0.293881297179151	0.676959055040487
100002049	0.509679812806317	0.306661088557271	0.298987278882748	0.631531717344057
100001739	0.528687216947288	0.239070155496765	0.355236290981002	0.636000452458091
100001126	0.383380796434381	0.127925267433221	0.186079383885278	0.542179341615123
1113	0.640779710848278	0.801198401721052	0.285474398766741	0.650336882454548
1083	0.980571935084844	0.297834351819737	0.295326293952788	0.588741161921503
100001730	0.0808434175747797	0.190532306967018	0.315336028460798	0.558098876847344
100001412	0.591695998887548	0.999385599288777	0.273423420024502	0.682638993656162
100005996	0.734704718126097	0.574887415342356	0.264190925045734	0.649919312109961
100015962	0.0074608701171137	0.0953971149525957	0.20836314283866	0.980884168458579
100020214	0.701500965410478	0.437900788228656	0.293744673601179	0.602596107382346
100002514	0.121155186415339	0.333362164202194	0.28267293935564	0.618672008570381
564	0.190679947908172	0.0526103142570901	0.2449407944311	0.554705580960343
572	0.0241432695818761	0.0198061491483132	0.394413001795184	0.546969975854265
231	0.993787966542618	0.63918368300233	0.246476577447925	0.698546153752489
100000453	0.859057251390563	0.711074631206352	0.266763396480863	0.71418951788195
100001007	0.114989929724827	0.236933049949346	0.320137141601592	0.559519654508348
923	0.608507208974532	0.317646504405984	0.255279842135464	0.736995830483687
100001247	0.447385179756171	0.553291867695532	0.258865187733106	0.664575621743568
100000774	0.555036382285952	0.882243642494925	0.28680866635045	0.695080254485864
800	0.345782703795805	0.342267605137478	0.300987259886525	0.733901117442412
100021678	0.270606576798791	0.394404667911781	0.231672852691084	0.676763403160585
100021711	0.432747823708578	0.839604173384488	0.287754267909346	0.688564150641603
100001274	0.78357287327655	0.385662148720809	0.256742597442905	0.526038689354015
100021220	0.131568510979368	0.161977454361218	0.34967292655792	0.995725477274905
100020253	0.401100406098721	0.973281220094562	0.271334527119933	0.682675764466025
100001170	0.766824574895506	0.180436193388607	0.254609126836071	0.581674050111433
100001466	0.262998511487955	0.874249955760683	0.279695561541493	0.675547740623645
100009406	0.720040036791922	0.672431719643627	0.261816198945096	0.697356171525909
1026	0.198460473357761	0.45093142137665	0.286189181939287	0.648996818881054
100020837	0.726938775311755	0.394530766100735	0.306376761313215	0.5875380980885
100001006	0.0699244805968406	0.0817754668533703	0.267242853753528	0.802471038009923
100003674	0.758791777372856	0.12532425455046	0.271019428993621	0.668747115363444
100004396	0.328771044490776	0.440800338937341	0.31663873272923	0.57953087430163
100015923	0.504858368747805	0.899664783644022	0.293765371716175	0.671765711938724
100000265	0.452342854595338	0.67819251693508	0.280717379049008	0.648032851521121
100001409	0.0823181119471279	0.108384813725257	0.259355680514899	0.519210156739775
100003434	0.402819495180943	0.543270160899365	0.278990222488802	0.608866633451964
100001334	0.619287435658246	0.0768268565179069	0.340325292027403	0.559501564256746
100001102	0.707602772521869	0.768211727112722	0.281748385542808	0.661411132258395
1268	0.603958060157245	0.0655338198267136	0.176072475425186	0.629345638773494
100001300	0.237572358380569	0.0894124612905629	0.238411313468212	0.686373085676722
100021324	0.250189344729996	0.724390173801177	0.344221237079805	0.672113434455894
100001617	0.109587681220838	0.100706100015887	0.263082308842275	0.722426700420556
1105	0.941442892497067	0.163309084524316	0.366743958304541	0.377020320940943
100021502	0.0634036485477	0.273137618917751	0.262450952734193	0.709777744794527
2051	0.824271978725476	0.60021053434529	0.274560264073748	0.585443459374318
100001256	0.146647277436698	0.504332557543067	0.301689847973604	0.817821452481501
100005466	0.0623738713187962	0.0803577579248503	0.29767476718184	0.477646477045783
100002199	0.12501435215534	0.707723211992574	0.279777615529403	0.7023011811717
338	0.0160497573294745	0.0469820850482571	0.431384774290213	0.447146896132208
100004243	0.459407496637932	0.591748518407257	0.257461106667442	0.689932854228355
799	0.449741587903913	0.919034549749517	0.278571224324089	0.678893269350544
100008928	0.58031939520937	0.105342222510211	0.278027069945728	0.668246395208024
815	0.0838722023373847	0.247985320624402	0.2691556155821	0.761006773946982
100001456	0.0057559223658721	0.0744411828493697	0.253449174679564	0.607507220438047
1242	0.0806714163382421	0.0834068447106244	0.328016962738039	0.483856116490866
100001416	0.289121674759415	0.104781690165021	0.183357208334282	0.428571370769302
100001462	0.375767335232429	0.342207822065659	0.325117265348451	0.639921771477469
1087	0.197278219215108	0.0433500021821323	0.287124176541991	0.644040789656081
100020421	0.0739088642147204	0.114957464910869	0.314422495684217	0.448758150215031
100000010	0.00423209738666845	0.0475449235378717	0.294087114270898	0.736010115051844
821	0.528540180747252	0.362016460111591	0.293933727791242	0.531339991737277
100006627	0.261382827621555	0.142218891706274	0.377574390477164	0.580159581686098
100001277	0.355204354906661	0.15708278976908	0.326537865656279	0.63557934777526
100021141	0.0428839902516609	0.204455533473301	0.311392185323113	0.774321492802906
100021105	0.184301729640478	0.28971957266656	0.295162838075389	0.499958446460448
100001950	0.000376803590760902	0.0074536234828252	0.353526228825547	0.845121112341914
100020217	0.901038452579165	0.289390974885307	0.188579285403318	0.514667296359654
100006651	0.0265752734809797	0.171244857017263	0.322760731869139	0.44475634684224
881	0.960793495095902	0.437695263356019	0.259660456436393	0.692345102374262
100001509	0.65770181377966	0.136684159230332	0.249709017391199	0.591258679087282
100021709	0.6021845897301	0.847862142331951	0.266620557821679	0.685882041095311
100001635	0.302943413110607	0.0364313734954455	0.28954278483198	0.631177752345824
100002613	0.450584952166511	0.12098533221553	0.253478083383342	0.766084144394769
100009329	0.555753552289504	0.698537401532649	0.2478147922504	0.806696764188281
100021123	0.885051282864632	0.6260393738401	0.278386484579892	0.602652182030145
100015760	0.256950530114756	0.168996318369716	0.226139737962359	0.715619406128404
100020205	0.390462224704424	0.423953516217923	0.315747739953084	0.511302528013773
100000765	0.560237360719833	0.650251442711556	0.267698947674915	0.650757456073113
100004111	0.327528510572097	0.163831245454083	0.301686333448423	0.651186717546843
100001615	0.19668309306278	0.813418487480366	0.271795066050373	0.678784015858102
100009227	0.204356709698206	0.116818052903572	0.379303329155908	0.820666439732159
100006191	0.383760304556846	0.57815424927089	0.29883694936206	0.629781330266959
100004542	0.462951787096138	0.36935333173204	0.279087790503247	0.730390756388119
100003686	0.308124217983127	0.129082184130526	0.377318168531866	0.618945966484859
100009232	0.0279065048861655	0.218754569039809	0.264555173616485	0.590225305682593
100001501	0.048661299170679	0.105187650213837	0.357045981235639	0.71713417012695
100002367	0.501893442419479	0.245662157052896	0.257593408904057	0.529872829409252
100001108	0.340488318521764	0.708395676943746	0.270735024482103	0.66967291408199
100004227	0.716802882378079	0.988354270819227	0.271946982331842	0.680796894340202
100001310	0.189770605630747	0.295975934265887	0.258286061691407	0.792076334956684
100001994	0.832466992859743	0.904437010175347	0.286244703900062	0.744510669597451
100015839	0.0128993229465895	0.0144049717025871	0.367624122769684	0.766687144564784
100003271	0.00543243022855246	0.0794333462878883	0.343402357790901	0.489720581067688
100020496	0.859549144742723	0.89280056433621	0.267953967495207	0.690906399784255
302	0.700431444959661	0.450923995991055	0.245430549138212	0.647935249887952
811	0.745305432090947	0.701777335906618	0.264980452995703	0.72096346053891
100001267	0.981319182725882	0.710702080058597	0.252154493613256	0.673641206826824
100001197	0.0259351683993171	0.355185675476189	0.307192582712065	0.691725192105741
432	0.217593347427397	0.468252729226592	0.287723823504317	0.662312907660349
444	0.0104510206522117	0.0514175319266794	0.305415449476248	0.815559376434439
100015968	0.349757309231969	0.374634230496551	0.263493881857315	0.609605909936286
828	0.898815246751524	0.897373467904738	0.268172968570497	0.685046344757289
100004054	0.252910340507792	0.838803644389072	0.272114223748876	0.687103746226583
100004635	0.0922257612312536	0.142432951519459	0.610990505669531	0.419803964041508
100000491	0.45958721736975	0.575641236745452	0.263920038439455	0.588143164720405
100000939	0.0448891151551651	0.03243116680248	0.280076950621802	0.577521176745701
241	0.221441104029692	0.646435347921802	0.29174911836315	0.697633764457387
136	0.357837090702501	0.0663888218122929	0.240121010448343	0.864249033452006
100000792	0.576249482541661	0.959283585106256	0.275395285334	0.732883180383366
100020973	0.567990625051128	0.620297464972595	0.286051207719475	0.656166993311544
100000936	0.760074327981277	0.8517369328171	0.271558477643769	0.682596745848605
100001313	0.00785316998176519	0.152694307799891	0.286103331700017	0.734240980329903
100001951	0.0476926436435934	0.0911475443942901	0.298681506801969	0.675460064080533
100006098	0.0172469384233034	0.0846847066285461	0.292013014861038	0.805321659831455
100000007	0.235893202275829	0.552275714494096	0.282223883516666	0.685261091650798
100006641	0.901810314639867	0.888781123532523	0.290868664604738	0.681366744185321
913	0.0112657571756053	0.0614801311613176	0.330183652564546	0.548928172412895
100001579	0.801297220495021	0.422817840028973	0.3013466427099	0.680378381621285
100002911	0.132846309450245	0.0115716790613193	0.408122549820515	0.617184406403785
100001293	0.262745891048882	0.388269468612227	0.241134006115532	0.814962287285328
100002241	0.209178877544073	0.509526383945677	0.28491468102225	0.649446569588008
100003179	0.406705883857513	0.0841944421358853	0.265811794512563	0.532818462488173
100021372	0.331204140354347	0.218296466703988	0.195060047803397	0.690475655613658
100001956	0.337072890683888	0.530901772337255	0.271572263760527	0.598960611750779
100021162	0.205884951584765	0.162894813557551	0.25508310290535	0.507935727063983
100002259	0.3593825120086	0.643138311850314	0.254440100268635	0.67319234269984
252	0.429802526325311	0.595685049468736	0.303103618534812	0.628196627914576
100000707	0.441678310923415	0.35089397644041	0.279304740990907	0.68271258982111
1489	0.671301307801032	0.0192352780641747	0.196708971003227	0.658646983720865
100020361	0.0284109480898668	0.0854466012677296	0.309066683331138	0.965647978910639
55	0.746497091195837	0.917647989369819	0.271143237453064	0.689049609009706
100000863	0.185017430825303	0.138678448990631	0.20019267443619	0.744288490936675
100015840	0.175024793083865	0.105162701673931	0.363840975306685	0.640831084751623
100001541	0.159086489248367	0.0878354608219241	0.191410035172917	0.670477158379277
100006082	0.148683405087664	0.0521954029312455	0.364093419557464	0.670725888345625
1254	0.670921719909748	0.935028210655085	0.28091339281202	0.695566686056622
100001624	0.503928491908725	0.362289552765319	0.256276175256833	0.657429929284786
100015850	0.905893301051711	0.60645817785349	0.334401477825379	0.646088416190236
100001104	0.00289697277175449	0.0124401232512284	0.274965721780008	0.986654404025799
100000900	0.124814284886597	0.405193892907615	0.275470413311277	0.68806242738598
100000269	0.234172435726668	0.0891979878186982	0.165225840559772	0.639415105504477
1022	0.231441796313948	0.941683285418892	0.272956858953096	0.677052590344272
100005373	0.210086242116624	0.0782005752275575	0.245115504991341	0.711303279231298
100001129	0.126243019511803	0.702398538114959	0.263317114745153	0.710710769871576
935	0.0124400727902708	0.12759980249827	0.349972501231464	0.546329480025468
100001262	0.15400704854756	0.190111121795051	0.289924493669993	0.703464647407583
100019978	0.314817596015092	0.594475930737517	0.268890357894123	0.663246412620828
100002293	0.727611523518514	0.769991160762378	0.275747144889444	0.68173842652228
100001426	0.195198309981242	0.254189130775515	0.266768561508873	0.518057756020004
234	0.0355861834660493	0.15639304457538	0.265855140739083	0.659034132076673
100005403	0.249182451347032	0.965334314957342	0.283538983489841	0.678881339071036
100001083	0.0402196421608214	0.344108884710174	0.308455998721642	0.697370061261309
439	0.709901858790031	0.327478266511282	0.295424028875655	0.67410768127514
100001086	0.339646779974544	0.404153496910756	0.279823137191124	0.76578747839422
100005864	0.735157700196845	0.458213245547911	0.250708403246516	0.746631717573026
491	0.515326462183976	0.989135904168544	0.270662906188638	0.679922419235163
100002029	0.467999305137048	0.428434563441579	0.26195368865357	0.548019731359412
100002154	0.806704524301523	0.457722925142248	0.241481052206489	0.656214535905161
891	0.497567397545516	0.204710223138852	0.310763185995305	0.646142931194498
100020261	0.381411343234027	0.446282049324245	0.324739072297257	0.654758981110671
100001296	0.514352949665439	0.475431461700539	0.271436627801987	0.574419519511821
2050	0.476302997199096	0.523687531306644	0.291277747317512	0.625236714456313
100002761	0.342597461724171	0.705317012057195	0.243708044257438	0.804142711808806
100006614	0.868522511950446	0.6447168449578	0.250884628160123	0.747595306080381
100001597	0.891676503885247	0.141528213924891	0.180551515074109	0.48692190304657
100020853	0.775359376129104	0.861125786068498	0.27531045620404	0.690572949054119
100001446	0.267823886935682	0.408488678911125	0.247777917545421	0.670474650196818
100003240	0.295582380609452	0.124857797892864	0.311398721429942	0.599683657117314
100001502	0.0271751554641952	0.214926824113033	0.319370786826284	0.77561885203835
100020866	0.0958041948281555	0.00884015688285886	0.154220700275202	0.487627400849511
100020419	0.0332615749889902	0.0991454319003586	0.29800020264644	0.431539406357141
35	0.530214031754725	0.30250026801402	0.247795150973306	0.628334212105012
100003696	0.0141029795615932	0.0575610926498685	0.397834117395497	0.620039180637909
100016038	0.788137608167811	0.905751183515947	0.268340767236274	0.669549298879712
100009333	0.211240847551827	0.179300167986783	0.272702530104714	0.707739988306318
100001611	0.156242633706981	0.347028376739381	0.36846333466992	0.652679763031835
100005383	0.657730473821173	0.300473302404428	0.285623798430841	0.720678940549625
100009239	0.304166986047228	0.128411867601975	0.337104627241287	0.50127808171648
100009332	0.339700793775041	0.25214170836715	0.270291344950522	0.646764566371662
100001731	0.156421876756094	0.658317485240495	0.280961205580896	0.656427006355276
100003415	0.350398432963602	0.430375022077966	0.25753162009176	0.701651698500309
100020578	0.136551237239631	0.196877993806006	0.25790212087111	0.574749574088792
893	0.823464129066586	0.557212500252604	0.273379728640278	0.690992495329515
100000963	0.312829120904952	0.209168777434268	0.356211364755428	0.484703646578007
273	0.140703042504874	0.305177693290073	0.309002979842972	0.680750192532992
197	0.462584375542623	0.39805534575773	0.257715976749529	0.557966354621559
100000808	0.289629552824251	0.229483754205105	0.264927252505027	0.832982372580485
100002284	0.744241125261358	0.368032462032444	0.176836659857555	0.625082065396014
888	0.961153972425439	0.102953335502812	0.324020312069725	0.652559605334548
100006435	0.529594611406751	0.357986056059583	0.21989604552836	0.964621610486804
100006374	0.194281542919892	0.53398251926798	0.278421085239849	0.671223329003579
100003169	0.552966010171312	0.941521205171939	0.269519453600356	0.677551556107402
1004	0.605833074624541	0.779770810649478	0.257489508009655	0.661647170789772
100005998	0.0965229641493072	0.905092894787918	0.287561037948591	0.687519735357202
100000773	0.671082950208368	0.581917020556146	0.280991166392857	0.664087442821228
100010850	0.0162150831295751	0.126402427087956	0.333346787423863	0.556651902378207
397	0.855562112288112	0.37845203415142	0.206264962979642	0.742782891046543
100000039	0.0727379160339322	0.22525922935079	0.220678441246808	0.737020228750571
100020833	0.72701789572372	0.779513383815889	0.27821229329721	0.719624046591859
1021	0.398624081521455	0.351444359748858	0.26159584554063	0.713945676597052
100020479	0.357145135447797	0.56730598711589	0.278099009458098	0.690975423146661
100001335	0.514147424817224	0.320328544604098	0.312633383391736	0.648130326162642
100000743	0.556554495034261	0.964975514856139	0.271322084531598	0.68247019969268
100009246	0.177204526409163	0.657224934997292	0.262878431008579	0.710783863947699
878	0.188364015243188	0.777455152334621	0.263282716649177	0.692540428992073
100021103	0.722240399703188	0.871614901970403	0.281722140616305	0.752021606036567
100021363	0.23736595915631	0.571466561046685	0.253710890642317	0.721392721274328
266	0.115927249398196	0.197402853447554	0.292482100813761	0.594849471166789
100001195	0.315166557640932	0.213874245381673	0.346685129899136	0.60725340836836
100019801	0.78295201864148	0.704142749550933	0.283379906703873	0.667792684990655
100002196	0.0316270422367191	0.222824434112963	0.270388188616221	0.698477765022116
100006370	0.239325779910489	0.973308363323311	0.2705822451534	0.682084393545874
100001510	0.0300413835369899	0.00396634583938237	0.236856729592962	0.776049079554075
100000437	0.507504986091358	0.419919116930235	0.27150825328876	0.748843328682616
100001767	0.142159338877867	0.0347701690771236	0.345484353892657	0.74335888340241
100001810	0.402045483958241	0.511654613375877	0.290148268747222	0.832118696214638
209	0.034513513370202	0.346569234478428	0.307159330041965	0.668490788887238
100001485	0.224343234628321	0.0794781693426773	0.172168676043147	0.593492423557313
100002500	0.122698937635111	0.45009132746933	0.276141765177562	0.651999857956185
171	0.03008933595555	0.0242157297400097	0.19871267031643	0.687793606733659
100020487	0.97070105745493	0.824694672991173	0.288288406123596	0.643993614892337
1206	0.0072933817845181	0.119134163119907	0.274139274553711	0.733266616030099
344	0.0108718839080603	0.0289714004240583	0.618084648610552	0.759298400146966
100001405	0.471106983004104	0.90079563444297	0.274249183582624	0.672412758642104
1239	0.975171956881593	0.509597306966391	0.304631071311882	0.683539064305384
391	0.0584050330037027	0.204443134603697	0.272986997633086	0.881614322260834
100006430	0.455643252452472	0.176391221655356	0.325226876913059	0.42120440821051
100001417	0.973614168597523	0.502455708487346	0.257690043699111	0.792131332087888
100002951	0.0559821336625164	0.472679721285043	0.269442348475054	0.601587676159069
100000014	0.425270553660467	0.593404097899621	0.265687626711495	0.720075255671404
100003926	0.566984802222505	0.471925898941968	0.29333132950664	0.662437457681364
100021538	0.501750637014135	0.359594405566537	0.318079562915092	0.593657210278429
132	0.325816863249693	0.935907235199151	0.272246061484791	0.680383601875182
100001425	0.567448813070218	0.505256847072841	0.334403247836952	0.615473536450072
100020262	0.617518794622503	0.657113575390955	0.291179829544015	0.668213167394403
100002679	0.347170611360851	0.680154763180574	0.257030572581858	0.75306263775265
100001270	0.729859618999157	0.5613941213772	0.280168015137076	0.65709582439563
1102	0.84492674844362	0.992844549313259	0.273173919408627	0.682501462705791
331	0.257882853613629	0.201761263165274	0.226882021723689	0.572618477979967
100006361	0.501664639322899	0.617306523494583	0.252696987693904	0.75277595523418
180	0.807706814452349	0.901550921729736	0.283278612843104	0.678101532920292
1053	0.298603599022778	0.448958466808871	0.421042913338784	0.744380769115659
100001359	0.671287935272988	0.920181295965172	0.281592243691988	0.671318460296475
