chemID	simpleLRM_Fstatistics	multiLRM(chem_sig)	multiLRM(sex_sig)	multiLRM(age_sig)
100021136	0.0291252931992369	0.224992007018794	0.348245548521008	0.761185319417997
100000882	0.887440090542801	0.659267383161466	0.326090675137449	0.644693329616963
409	0.111720785989122	0.16603967911439	0.35349803574327	0.422217139708822
100002254	0.609903542720921	0.0265551379683484	0.210263012554391	0.652160731243615
361	0.00542106739429502	0.105866408330688	0.231139634024183	0.645678699930176
100019975	0.448858651658843	0.853072041413333	0.313540180336329	0.678087977824479
100000257	0.0004763823588624	0.0246786612464759	0.319074760833481	0.614904049977951
100001232	0.994948161035806	0.987726886343967	0.316736000751308	0.671512246681781
100001948	0.414084214178412	0.46940118085695	0.33136497704318	0.559991668102171
100001073	0.598545167339247	0.695552167434736	0.382612963168417	0.603593059268974
100015637	0.992037848218619	0.410123136871733	0.336922923035845	0.664187067851122
100006360	0.538493656172269	0.646111347319135	0.295334817701454	0.744325969849875
1488	0.366960846593531	0.492462971171257	0.320818565221718	0.640388049782941
100002253	0.589755007777344	0.846070160739806	0.30846703139065	0.690903079741275
1023	0.792321066352784	0.917953576290521	0.313022046302718	0.674407651870716
100004284	0.655765118707126	0.798798796681068	0.3080551869588	0.677393493334175
100001251	0.769264927185857	0.909859804941448	0.318267721572683	0.672675916687184
362	0.680193139186874	0.385151666118155	0.278108534690874	0.660587776882862
100006620	0.908397814607778	0.788497446483067	0.315609504871598	0.67730706085151
111	0.234151414508658	0.100478415440769	0.262596099288033	0.639742877231382
100009045	0.660193353145724	0.292027973378514	0.26436547084992	0.816739249839373
100002927	0.271776195388774	0.515128104669052	0.296983736507895	0.743015134727513
100015641	0.839692754321529	0.953983799636914	0.312845491195275	0.674103209939866
1114	0.0829823893268772	0.939657254614905	0.311188870867431	0.673438556451617
100020409	0.34932565355867	0.393618784572805	0.314354458296468	0.550746947594634
158	0.138074967816076	0.23768723946686	0.394181076834153	0.698466397318035
1224	0.0384828774024959	0.204694118339751	0.250732223293167	0.709758600350255
100001620	0.295371254601801	0.285293554622632	0.268205434588855	0.676896103567468
100020893	0.357567179348204	0.0755271839283759	0.286801272694521	0.406899615029678
100002458	0.759196107368458	0.532684839053705	0.360417201905835	0.610683227620862
100001112	0.992205268054899	0.852089569448443	0.311612258344211	0.656674448667574
100002953	0.47468340973102	0.846178052736208	0.310643360800497	0.678624294179542
1141	0.45167463833559	0.0430955491953132	0.399860433234798	0.484637650308428
100015834	0.520076354933212	0.834676198411707	0.309217537692923	0.658165709787863
100004561	0.647499997321628	0.918919583842318	0.31614962695243	0.667169291652784
100020497	0.688010255547192	0.792137914168317	0.301805998258203	0.689303322231809
498	0.0310804743960434	0.207472855112222	0.312361282512617	0.766714256605656
100006051	0.766602544063032	0.774976548414997	0.319672271742805	0.664777065627042
1668	0.585325882439935	0.576170603120033	0.308534925751608	0.617129534342105
100004523	0.55703157046556	0.619275684045391	0.332411060660429	0.611504032091727
100001604	0.24774313681704	0.572646140647536	0.30987411491594	0.709166494685278
100001002	0.195590953563899	0.544869091670616	0.32559999934537	0.657423660878824
100001987	0.0695001108509577	0.296116546681574	0.826004908130437	0.539627227598946
100002462	0.840283587817223	0.610230432709866	0.344889516801752	0.606298204969625
466	0.542758234590184	0.059271208103487	0.345362624555552	0.645382636065805
100000665	0.907025635942741	0.456366502802494	0.348898187209444	0.618637282298934
445	0.994775570140862	0.409651838626506	0.345912906580042	0.720404443584342
2029	0.18866574668572	0.59700540602976	0.327112913382605	0.671701824853758
100006438	0.150574501525493	0.26651506358006	0.359197182745946	0.680649885027346
100001398	0.123590278941547	0.31549909636333	0.274505968647688	0.704073191262938
235	0.346382395531273	0.413167445651086	0.277549933511923	0.708656597237154
100000997	0.563976092633867	0.604447485020547	0.318121439700763	0.641845618838348
100002094	0.272100874376622	0.1883872085692	0.262578644296886	0.527034794101351
1052	0.529838362328452	0.892906181568169	0.309783207158056	0.696444004911306
100020823	0.354968733933448	0.630239371531205	0.297095964039214	0.660125026381495
100001806	0.305396900566487	0.646534423811112	0.35991706985354	0.678569206665532
100006092	0.767218838508412	0.824474647378487	0.32094935248904	0.655258500400087
100001415	0.133191360039162	0.0957748160134154	0.31217062742314	0.407791882289449
100000008	0.0271681087408034	0.0624143974719187	0.351998145758936	0.506398784655274
565	0.00403907642572063	0.0323097321055481	0.316781418195702	0.759264440323306
100015851	0.183179619061326	0.206178203286311	0.393518957977447	0.798388166584628
100001866	0.695056244480477	0.94126284133116	0.313836198993508	0.685324057500154
100020546	0.000917534163774207	0.0181614596230369	0.605301023905601	0.897245326884113
100016110	0.360148869358647	0.255779817702122	0.239521222020553	0.80747786633092
100001254	0.00324639737390803	0.0152028428116422	0.399976182808025	0.878719287619675
100006260	0.429221662825361	0.9631783702701	0.31516090118156	0.669034864777267
826	0.669853702072663	0.894933538526971	0.313777709969312	0.666753402303013
100001872	0.378263913781973	0.712288854770491	0.315876325450236	0.670149667729691
100000263	0.391866897247749	0.555859185293052	0.362383262641198	0.665819067659391
100021198	0.833319013792617	0.0699744443361331	0.220487445768352	0.396916003197882
100015967	0.0360074313627805	0.10405227111966	0.382813366495632	0.500799140620127
278	0.130043106657495	0.249867045189081	0.295311222149682	0.95544448684671
519	0.607418755457792	0.271297847859209	0.381519219257683	0.601581843156375
100009337	0.128131758805366	0.337660936631815	0.41151654871975	0.655447610826637
100002185	0.457280693340058	0.680825447748043	0.293908481601128	0.634816925262847
100001278	0.304621188537203	0.225427016932082	0.390726239255209	0.62140698383379
100002103	0.556923740105416	0.967529035275116	0.31363548472855	0.668485610727003
980	0.65738395637309	0.393887702631572	0.350840453343314	0.650718430971696
100000016	0.772764651093479	0.39711053646378	0.310961802671493	0.643044541740017
100020372	0.129237735538528	0.364651421471235	0.312090164431317	0.590538394705231
100001662	0.861552678506959	0.247625773302157	0.162995217849915	0.676218512160684
100019972	0.95182769314068	0.638365176829881	0.323291973940045	0.655181497245034
254	0.839043165212479	0.757121878366623	0.310990491801371	0.672569194851719
100002009	0.683621502711885	0.73520377257871	0.310594944736684	0.609992512619601
100010895	0.383211695155359	0.435700584299482	0.374629814494532	0.643995040752376
1140	0.940805008395903	0.955268405281904	0.312742414255242	0.677227671941361
100008951	0.615602361578638	0.595177493323974	0.331626728910867	0.638975798506032
1084	0.320059756806575	0.868529897652011	0.3142902951838	0.650941537853405
100002796	0.145688530118488	0.463053867502759	0.28419633195188	0.622506309622899
358	0.997475926288222	0.962225805247497	0.312791586046656	0.668925917669447
100002070	0.761344538452391	0.686268637326179	0.304986905305846	0.703246952580085
1628	0.300868229778176	0.0597876669934141	0.397349567073206	0.650277500053163
823	0.607334492895715	0.538974255297028	0.277935531414878	0.728411709501682
100004414	0.494578919301014	0.114563740623975	0.397863633872511	0.793011143819625
100006129	0.695363549743713	0.685408054793018	0.295559056828202	0.684224665596427
100002028	0.687039732785896	0.43741202247963	0.425524988955211	0.47505067419816
100021707	0.504650371501061	0.496896850189675	0.271721224827051	0.740322259220513
100000054	0.405720645407898	0.364274682410853	0.304991130088307	0.700861342587281
100010869	0.963434563082162	0.840119112898047	0.313773350090933	0.648300790256169
100004575	0.0143920617139349	0.11069524459954	0.403373759495764	0.989855077587762
100001212	0.912748552212389	0.775543995299067	0.315479710816933	0.632453718100638
818	0.259989755083921	0.568959299336857	0.353643538132583	0.62389397838441
100001092	0.00156748586579316	0.0238521919192324	0.308625768606122	0.656582131298067
100020371	0.884051435124807	0.792232664789718	0.32102527767736	0.668457085487948
100004112	0.218618871224921	0.558376215629074	0.329416157622964	0.675519535417867
1125	0.489826620334112	0.318208957992194	0.347265538437546	0.706043949598397
100020491	0.869380032655299	0.466525943059013	0.262975789655303	0.687150961949594
100003151	0.00172938296932446	0.0138362891496684	0.477976176820046	0.545462794510437
100000011	0.402724639524798	0.213282058761513	0.24411504066233	0.760880081733548
100003594	0.597309417846209	0.834135906590821	0.306872016701724	0.659063217338914
806	0.804507718833461	0.198430974887389	0.310393562260067	0.494069172349172
100001211	0.877543006820938	0.497981855888708	0.327163203260981	0.647589591244682
100002417	0.253122725264188	0.985665345891936	0.313951157044119	0.672288103775405
100009335	0.519201141303481	0.150497813397906	0.252340043937025	0.692066149639492
100000781	0.880973434646996	0.879248956436137	0.317311255429757	0.673537299849945
803	0.0178601593704636	0.0230355967909551	0.304550459430088	0.543606316465664
50	0.560746806880425	0.762195399792175	0.318279174006437	0.657543847436047
796	0.326044815988326	0.0212673737111336	0.355398770970085	0.652486418860655
100005834	0.959850149900597	0.687427347407622	0.355868419188132	0.666556193590362
100001580	0.867018726422185	0.498948436452772	0.340559691783833	0.671983883833491
480	0.866400195521755	0.568371987745708	0.277424717949882	0.678466315499252
100001540	0.246414815048288	0.883178141598065	0.364794348031253	0.70980625710179
339	0.71009275309297	0.21206903098016	0.288894444015362	0.5980592397036
1110	0.906844018048262	0.999885940664213	0.314505072554036	0.68245395728393
100015836	0.153218599631198	0.17598126421758	0.456440116824723	0.843459538746947
100009271	0.521221512108253	0.487357823523858	0.352053869744241	0.648772094902607
100015638	0.958950075129974	0.440837688344522	0.328803436768795	0.652104115378733
100021667	0.791422738938661	0.819056702154846	0.327680494127422	0.663369291045387
100001279	0.859908301808743	0.652378897525387	0.324617012148945	0.732887243256079
100004208	0.015948576440318	0.102654249283878	0.477995048795327	0.794621463593455
100003695	0.211367279095196	0.131070785742393	0.338378088292596	0.452722976792374
100000802	0.772194957326868	0.877399211268898	0.315701306898585	0.665558015481374
100002769	0.720589304803489	0.26626235240777	0.25003056067296	0.743454893659318
100015835	0.122868572542601	0.34797858732381	0.441779642208201	0.844675412143158
229	0.875065121655944	0.417184053238473	0.348577103650316	0.664815783641136
100001266	0.000693479514499541	0.0085069564734602	0.444862485631816	0.93602079134923
1342	0.301781853658415	0.360572785696095	0.270848464188611	0.686819465161407
100002102	0.837372015965753	0.495069833010541	0.358207376758275	0.781074477241804
100020254	0.0232925221820146	0.0638056303251911	0.301688236867953	0.772022850262318
1231	0.400458565763337	0.208473740771294	0.37689166710609	0.622061461174046
100020492	0.962361561023069	0.966325719655118	0.313721638887265	0.669293143173374
100001402	0.403740447316226	0.680226828245151	0.338245674343581	0.673351152153645
415	0.00261530873906683	0.0545229053451445	0.378143562835569	0.73967982775071
100003109	0.762002568244769	0.606231762983396	0.32325094265799	0.606836955180786
275	0.358430099377038	0.84078315728458	0.37569664877865	0.686028107166635
1143	0.158512637628561	0.0554322152148895	0.284341726832311	0.773081352105031
279	0.58810434845359	0.559217373191091	0.311227120574881	0.589002359820325
100001198	0.837414956771246	0.953580976877355	0.322956815193804	0.666965299914532
1648	0.331180844299483	0.917709967334632	0.313834202616034	0.671580860651092
100001590	0.373545681585007	0.292461412335827	0.299743435368241	0.591491475024154
100001733	0.456651094165393	0.980945409859646	0.313243533539815	0.672509439786955
100008933	0.012573073612123	0.00178254578867756	0.430801719574122	0.624812236165223
100001550	0.348188322142714	0.510425827892404	0.297311744226433	0.62118918758912
1215	0.0471355601102489	0.167541755168701	0.261642372531659	0.620382801156036
100002356	0.219632834208795	0.0884814902733223	0.381376416981543	0.679263823318291
100002749	0.44924310310783	0.567727648715065	0.322530013107957	0.686845433545201
100006379	0.182478364417112	0.149526596285894	0.360747561022366	0.412905446410853
100015966	0.0766087198855039	0.169474613644234	0.340059636696982	0.503285386941423
100001392	0.81439897400477	0.808668190858007	0.31914454818073	0.66642853396813
100020425	0.123796847810131	0.0450022102094891	0.263311090493834	0.430433327112232
100004299	0.273252239360458	0.741733985592722	0.336755267616275	0.730995238184961
100001734	0.642680284434731	0.405072974594625	0.331687755996818	0.587507983773255
1002	0.714659038554252	0.985137187559006	0.31258011875929	0.669645093680122
100001337	0.352672634069641	0.840880719442495	0.302756595147357	0.670708981929901
100001452	0.596962231308355	0.974676335146879	0.313200008107079	0.675871417847054
314	0.494051220064717	0.292103153384712	0.327371087646494	0.690646915887509
100009264	0.864225302526001	0.666540169474874	0.275801211301015	0.757030259209626
100004634	0.455202089728977	0.520481736543027	0.284264771497452	0.685007368972133
100000711	0.657555440249554	0.974385395552214	0.32076049468446	0.673098228529177
100020536	0.0242522549217411	0.0975027607580671	0.378051193068283	0.770619028337589
100004318	0.316838636638046	0.558925993155402	0.321474324518523	0.664626957330632
100005850	0.832163936385227	0.436220242100704	0.401851055937034	0.61207965547462
100006619	0.321644143235054	0.130167754075831	0.35441627148009	0.655779957925587
356	0.347484902497669	0.546188908913935	0.299390884534275	0.693811608615815
1221	0.824968115420761	0.948000900261841	0.335425231414009	0.675045471199488
100001397	0.629610984642787	0.677933601939133	0.313682520938795	0.659903097692637
100019981	0.783737713235656	0.885743332957172	0.311478378374145	0.657986473531861
100001208	0.481759636793714	0.252838652839158	0.274553730146037	0.946328692810768
503	0.00669082175615793	0.0113337025292562	0.201058457562668	0.519590214316837
100006375	0.0399843779355529	0.177061814886103	0.3935500262663	0.610938364497749
100001295	0.665108938710518	0.590183481819578	0.306218227790073	0.765168719845695
100020427	0.0516471865062883	0.0208481401518581	0.301869048559803	0.364670599361042
100002784	0.908350668190694	0.690636435219892	0.292413424840172	0.698748546480694
917	0.0309258648330305	0.225760312343589	0.346128029882259	0.628188866629371
1869	0.3481536807286	0.191975549836625	0.338858263640078	0.550994405453121
240	0.288380035486816	0.138696826851965	0.207910008712749	0.490576936054557
798	0.00499754589608989	0.107043968418582	0.446890943167919	0.609002045201336
100002952	0.0472920587053022	0.703957932416448	0.315524480540717	0.629368023285274
98	0.587639786760045	0.741155252783953	0.337939694107337	0.678276326724318
100008998	0.499280904117471	0.768278149310831	0.296894212884247	0.690756954940734
477	0.915859602476018	0.264804301462119	0.32107759846157	0.664946346716858
100020545	0.0236694495458816	0.0885810725531593	0.389253301456032	0.890715266131409
100021666	0.955681535558144	0.26442411670168	0.352815123729195	0.663107188643521
1256	0.539093842217848	0.504500948272703	0.389826015782721	0.726492770730733
533	0.391806537446571	0.106730809591152	0.230669813404017	0.445887457167751
100001757	0.478652964785239	0.984770292384863	0.317197585712277	0.669201624716379
1024	0.373538077073925	0.0968057072212904	0.214845104600311	0.888431499837732
267	0.395338826603352	0.984903383978822	0.313346156933959	0.670789259273111
100002113	0.0815204832629278	0.055726982629292	0.304868510260071	0.699874322103756
100001756	0.899180353963289	0.974182347635087	0.312953350987032	0.668683867722243
100001193	0.400261024157447	0.18072128647787	0.388061932128247	0.619002346891884
100001668	0.626578523741699	0.959796123057672	0.314390895865254	0.673561235554994
1124	0.308757500040277	0.389897220319557	0.285337054345419	0.750426473253676
100021331	0.145758180308761	0.314922585773133	0.295703916750316	0.712694581252336
1090	0.0567573815934732	0.0319548211111021	0.299334754194792	0.816802584875218
566	0.938613087866275	0.405513873905674	0.249758034168541	0.676675591356236
100003119	0.387462288569286	0.233216654644851	0.353269833684706	0.602693911216514
100006367	0.695370551169609	0.496113911557995	0.326935773004755	0.646613562782326
100004322	0.195133482454392	0.17224465930816	0.323596628457256	0.764402647448055
100001034	0.616134050467105	0.958037309152614	0.313078136506535	0.667960700077823
112	0.952549006429442	0.717091505813433	0.318882283813025	0.60749724161764
507	0.67466292370245	0.784223104779714	0.31282201326573	0.676512053892935
100009233	0.258287992073846	0.118090570464859	0.287660421552248	0.689394942349568
100000406	0.02053925806952	0.165695265956431	0.473165809457662	0.491531535045037
100004046	0.388369514936452	0.386265047849024	0.197354850827036	0.602962858704169
1025	0.795516827519697	0.682956527374999	0.30185422431912	0.688925814997678
100001106	0.158139573698884	0.216560578060469	0.267350059932817	0.701829160721511
1128	0.0293164836183837	0.63378967159763	0.34142130543197	0.710371534015767
561	0.0271763956525684	0.150516084567253	0.219859903841912	0.588907648740295
100001614	0.805358660841291	0.317407078562709	0.331534845125001	0.642787589919449
100000961	0.460561437081429	0.497767804243785	0.463346921222063	0.58161354737238
100002397	0.641358233571731	0.897397960169401	0.316281465878725	0.696491670302037
100009407	0.900570168194213	0.999828617617382	0.31606156098332	0.671148557936895
100002910	0.785221827614128	0.677058678938833	0.293354902845185	0.620846188735309
100005946	0.266335172576318	0.353156157453923	0.358517487035481	0.765768242435256
100019794	0.098318580853902	0.283143208595599	0.315293514677092	0.828184982939593
100015759	0.249160112834571	0.0502727026189252	0.263279364429171	0.673370764207686
100020417	0.812088748234925	0.977245966421749	0.319410468000899	0.672305288214962
100001054	0.807373149010343	0.938280657920531	0.318141506647926	0.670499458770609
100001437	0.365858846793762	0.421793077901309	0.272460722243536	0.611375072918673
504	0.270261548353522	0.809767243784735	0.349402439486569	0.676281180346357
100001988	0.433334764057298	0.622303934913772	0.307837248300335	0.836098399532753
1082	0.0429775821648102	0.892394900216878	0.325071301356002	0.678138551411054
100001403	0.369911364470874	0.552097114191721	0.33507786749777	0.659288806432202
100001664	0.973464837153633	0.662371858649206	0.303120146761795	0.798429762916399
461	0.434003326154012	0.450470288266882	0.418545751172969	0.654615068374975
100000463	0.571181763500846	0.830481940705655	0.332790083355203	0.672208392310263
100020208	0.658544412635734	0.595425963813177	0.345932757161247	0.577412685368969
381	0.386089755981052	0.039106072574385	0.131516303821579	0.490338551953772
100010901	0.0409521149459519	0.0342701520673178	0.321716029498714	0.808535146177218
100001468	0.246116816043867	0.914661504630008	0.310240198866482	0.692994573780178
100000840	0.945308103072085	0.798845070298839	0.298448046361288	0.689743438985952
100020014	0.218264920204842	0.59746270345723	0.308268040788112	0.685569839491414
100001993	0.713242632644276	0.554844361461933	0.250141660658942	0.841814397171303
100001051	0.193508568367016	0.0242517685615849	0.329366135284251	0.349394083768997
100006116	0.394211687937979	0.523054246991345	0.31854652501157	0.67068316022974
1108	0.915865018174174	0.971204589140391	0.31580648199053	0.668427316215332
100019966	0.426299173116525	0.198762643725231	0.363379955871938	0.645125785412415
100001743	0.669387288289474	0.299497273852276	0.300308035330078	0.645539046468027
100001294	0.00957773200594868	0.0149592956118448	0.172423066780432	0.800127219141872
100001609	0.174123296977777	0.0591839558333894	0.299828525616847	0.777424252602625
418	0.797597059220187	0.986704459137912	0.316098147368623	0.670520653576681
100001178	0.401551997571891	0.839098653576791	0.308511381883867	0.649216793138674
189	0.718531998484064	0.98680403941601	0.320058899930006	0.670242924843042
563	0.215564621680725	0.762178602730125	0.300094725825381	0.690774770993471
424	0.466807557514282	0.392936008676869	0.354485167143869	0.652872741767236
100000776	0.219042777875348	0.486633280876126	0.340720292209	0.672059051973019
1001	0.836564301988439	0.396489820347873	0.324718226104507	0.676170532702808
1135	0.369639030737504	0.0847927782569413	0.299389741865456	0.727076683404122
100021093	0.404412550237009	0.561605797313757	0.35364260404516	0.687906210732988
100020219	0.0713147303871758	0.115423539669685	0.336430047686228	0.533240485225199
194	0.278829138949503	0.875037425937931	0.31114985059751	0.703803837649028
100008930	0.59845088087914	0.56388651844978	0.344884465214174	0.649273988210963
340	0.298800628033241	0.126538741448988	0.169806604836079	0.791237687143842
100010896	0.924730106895598	0.892410532297213	0.309688127227381	0.673080771438989
100000787	0.294188284492304	0.138990092109112	0.302275023206422	0.40509512749427
100000639	0.0231571346898473	0.20418046574546	0.285738295133781	0.677386972482531
100001851	0.849037346486858	0.311043350293576	0.335156554908769	0.472129613952524
179	0.648693054082868	0.48335444749631	0.306809598114008	0.689455366219633
100000626	0.371560247355849	0.665475137065635	0.32979360292524	0.670766826461862
100001605	0.00563372089399001	0.0569875909985669	0.416657423719864	0.776159298687614
330	0.332063949917801	0.440317484664646	0.341551405353195	0.542553444788229
100001162	0.772781503801787	0.512981487530332	0.275332364858083	0.63063329697427
100001167	0.0330308309581069	0.164891268845531	0.31004952233792	0.649710951392804
100002067	0.627938635072531	0.851016985674604	0.378388129224509	0.641087059685267
100019968	0.725377455572617	0.283452819188172	0.34948160117888	0.592950128296992
100002014	0.909708552803035	0.926296932302881	0.313299604638694	0.714396534960822
100004083	0.4798663046527	0.186659091863283	0.345046210493635	0.551771615409628
100001315	0.241055258770874	0.334393187881394	0.334309197275246	0.745900931954779
535	0.180084939275174	0.349463694119483	0.352138468376908	0.65866028142693
93	0.571962907154433	0.271921034982309	0.34720274978225	0.509903749376096
100001989	0.400070903972788	0.497126266237516	0.278614304875027	0.726233208566413
100001740	0.742562804850935	0.352370845337632	0.284536963071814	0.690588221356789
482	0.199010146378993	0.88943340860339	0.312337265176196	0.687927283502694
1629	0.207474167824847	0.334033907012418	0.386322907703279	0.64411068451165
100001399	0.380160606915045	0.348030589692396	0.333839862958652	0.673249727887737
376	0.698839245895812	0.116507085182178	0.186949342870156	0.790079370882984
342	0.517819941785772	0.720977345131686	0.312685594406108	0.668182039471406
100001253	0.0205292597994982	0.19196240246528	0.271208692811509	0.876629714449902
100000708	0.750169254803317	0.900557929217088	0.323439171020499	0.672891768573144
244	0.204926989075701	0.0319491684487205	0.257379346581323	0.790136350302827
100006726	0.285810328104652	0.208248372303001	0.379118636542825	0.654539981560874
100000036	0.145159795184403	0.640749893612479	0.290949787371787	0.707430530499296
100001257	0.0196785511639593	0.105291683265383	0.424647333259784	0.924898844377571
100000445	0.489133526777673	0.911878347657621	0.31030565993662	0.681815547794738
100004088	0.00422425649457918	0.118322495077716	0.361086771311666	0.744698358192725
100001423	0.990232145899465	0.699251043542205	0.318375183560046	0.637398059671663
100001276	0.303178589516891	0.153942099036905	0.278749684294496	0.560001673194012
100001876	0.678530657177549	0.967090168627859	0.315517847187601	0.668771461314716
100009082	0.227373263662937	0.000952181546339603	0.0870290091587217	0.64635330575096
100001121	0.314176501549944	0.735897619510772	0.309499090496721	0.666496579835131
117	0.325077865937062	0.658773879894393	0.297405716683807	0.688197310258245
100001868	0.0343711454349907	0.107941994340811	0.370928346955607	0.678909494695547
1134	0.821313491665032	0.35601442500108	0.224636274976553	0.641544522762005
100021012	0.287686534603474	0.623398723449724	0.319586995377908	0.687107486587954
100001181	0.712940808787558	0.241753082720506	0.389665533257627	0.600163650033018
100021467	0.827808046896209	0.292827508146658	0.31536260042524	0.580332382896323
100000447	0.220180384363962	0.246289639981669	0.361196544093182	0.635662678501939
1162	0.000297680666432462	0.00970963840476623	0.415389340912603	0.572472050376482
100019982	0.0524918357942464	0.623535121216793	0.310695094708562	0.685459467565226
100001613	0.902528732447231	0.353454294172732	0.334234194324587	0.632517802095486
100006644	0.365239032477375	0.536006376295615	0.2889393299049	0.703230718356579
100000096	0.751307542134721	0.0328576044679607	0.207500019300961	0.634461920196663
926	0.581894264985881	0.619064651817434	0.322405748808693	0.674734435238417
100020004	0.572664941367341	0.799090875224066	0.306607440362103	0.669817304682779
363	0.297609412239818	0.0740740435246171	0.283024769000367	0.291788253433157
1111	0.224001603435338	0.851874226962225	0.304881726816402	0.776379352326119
100021712	0.847261402493912	0.779559682283537	0.313765090006594	0.655984403571832
460	0.983460597323271	0.884904671894056	0.317999037568392	0.684944389517798
100009331	0.248653909118185	0.115603732001869	0.280015508617237	0.704011289891574
100000442	0.274121163369869	0.734074140746769	0.335755094837299	0.683849859115322
100002945	0.0672078243246771	0.0123228004563247	0.415592276534595	0.627125922994675
192	0.890477685494463	0.62274763911905	0.278158241595618	0.766551272366621
100020241	0.315513318019143	0.961191900927239	0.314303855694628	0.670015330090594
100000580	0.234749763668119	0.234529087626362	0.269831648532457	0.854429969757286
100002466	0.00687992805315448	0.0254429828626679	0.267077618725817	0.432243129589489
849	0.823335045015526	0.646218372762989	0.316611677564825	0.627349951066399
501	0.470259457200064	0.359469938060657	0.349684530881259	0.625142440423444
100000282	0.784223486586359	0.0919835297527337	0.399566982024642	0.551332949419468
100001577	0.0361016052522165	0.225032190581425	0.414204468702084	0.724694214991384
355	0.0485917909552157	0.162700756345648	0.253136912416034	0.539540241702018
100000841	0.657819513246377	0.949559087004664	0.319765979765692	0.685664623312267
100000846	0.797933958752999	0.314089291304981	0.302854010669511	0.660894392681745
100004295	0.905486641946881	0.430030100631288	0.292029038858962	0.623677113341798
100001586	0.138844633841878	0.0573518545819618	0.428739204694167	0.347459627281933
407	0.00929694362025953	0.018971905548744	0.356277638651427	0.745074733214878
1137	0.95652632375129	0.876180619318558	0.309195576417456	0.68795570525522
100021374	0.020804200429462	0.0070808106584208	0.243231494305826	0.890612826598484
100001593	0.668932860804739	0.874258225573897	0.310619779766686	0.674959917226597
100015971	0.823702880972042	0.839121342928022	0.309801264237953	0.66816925867922
100001022	0.316859913886669	0.132035338111461	0.187713061796509	0.962496928435761
1094	0.115433799797337	0.386250673831772	0.426891554633724	0.834677051476152
100002122	0.280220261189464	0.237611577719936	0.260596181765003	0.767983446016348
100000706	0.662155136522299	0.497688359721239	0.264226292823386	0.669524177565294
100001055	0.800139565746709	0.363871502343739	0.283027298694051	0.605608407936967
1235	0.22302495173	0.407172556661862	0.284200036298248	0.743042881891899
100020204	0.0226423132870456	0.352088370292678	0.360493923901974	0.743311685620869
100015643	0.0230756454364915	0.273179468821457	0.34432242755876	0.624366984064429
313	0.0113807826306705	0.231809358546942	0.334736838025676	0.607867937644039
100001413	0.758484889219425	0.993874728723022	0.320251589472052	0.670547615134523
100020423	0.0183590128261676	0.0160457710326419	0.340613150141412	0.356817486197678
892	0.372248347937247	0.111769438105404	0.348655134691271	0.70241954712391
212	0.102092853090427	0.205548401877312	0.389036413116651	0.650036725026628
100006105	0.196259475313651	0.176292930209311	0.356905579775094	0.682744911107555
437	0.876337893194445	0.53606052482798	0.290742654428154	0.688883958578494
100019892	0.552301595660481	0.674069568926264	0.312966020331594	0.703649283655337
100005716	0.0824169400163962	0.0847629122374124	0.337427712111278	0.75170061574767
537	0.194730151532575	0.0610726557157072	0.326062989603458	0.695159930252492
100001990	0.337584552324554	0.705628294766182	0.345818002994559	0.635241448442622
100003397	0.0588437091456699	0.00689925377713426	0.246412777732523	0.44200466239323
100001320	0.163495765474932	0.312586460827244	0.37819484945558	0.474981576772943
100005717	0.113711185176767	0.0714944685334965	0.369380524539513	0.70302662872766
100001207	0.00734703237358204	0.120156592944347	0.379186969781116	0.693196055031623
100001999	0.474971361509489	0.726113576286517	0.295829289247511	0.800724574061785
100002488	0.256926741043873	0.013046689967873	0.368702720356561	0.605197380214958
62	0.238023228250572	0.740232595217655	0.306182189271206	0.674799842060709
100000467	0.537317230310432	0.359925363598797	0.299987306101726	0.638045538799525
297	0.00273157721690333	0.118320198577182	0.324501260363072	0.641127242720333
100000285	0.0161564224232324	0.293848508942708	0.320252010492703	0.786964667178401
100006056	0.074267699019747	0.503435813531055	0.326075226022982	0.703214772893337
100002126	0.110245757666927	0.224466883698392	0.241796550586455	0.982273798537742
100002129	0.822075517042979	0.731606530408414	0.292304259857713	0.792526967162517
100020478	0.0472951935367251	0.241275952395698	0.28399812757727	0.694840654670068
100004089	0.0608868834179688	0.601876662676158	0.33122703979317	0.634049475215042
100001755	0.534818599720925	0.274386199576813	0.3162076778119	0.580474724070367
100000551	0.0337304146342631	0.884696011121076	0.310513078381513	0.681661546513468
100003260	0.518408983696157	0.394829813974903	0.346280072714817	0.734564173671241
100010955	0.908940535063789	0.4512817683144	0.258763450218936	0.575676382782808
100020851	0.185203279785093	0.399713234178681	0.34151709793698	0.695767236515207
100016069	0.537913872050034	0.737053657274992	0.320053180284006	0.655245556775199
100002027	0.519278774528602	0.49606993160943	0.229511659373136	0.791547721354676
1123	0.43537644861071	0.225323696513312	0.301075626788639	0.786083781043517
100001150	0.578769743580402	0.932835727206859	0.312639809180806	0.673840785475992
100001657	0.289945272543251	0.9679375860139	0.313762807308788	0.668442646332171
310	0.250626682239841	0.35919488663957	0.278998774268595	0.770259441474822
100001314	0.0785620555978987	0.00779385704109656	0.305363376289489	0.466793316467174
452	0.597819475323333	0.559841525397256	0.360688143305578	0.637110048019536
144	0.128267848510649	0.103844149055662	0.368452154714577	0.557344732527087
100001182	0.159634139205246	0.124164879030974	0.391378703348737	0.654220670265198
100015965	0.723981111867008	0.454676605322094	0.300753103136129	0.741078675848236
100006108	0.936126873410033	0.568373937069954	0.321228893942623	0.698318255531666
100001400	0.690879108396079	0.774095936861122	0.305316225613433	0.664647948526329
100004541	0.475318773316739	0.43549846483547	0.30559306197145	0.515638257059121
932	0.909217364905623	0.282881674288445	0.322409861271827	0.706806637618081
100001992	0.454687762745919	0.615992423797776	0.419599014323102	0.587793387794395
100009252	0.101479135444372	0.154946774414263	0.383394212662783	0.653334345529661
100021104	0.565758239750698	0.475843195694927	0.245018809407964	0.830293051266112
100015838	0.013867086701992	0.0694416295156254	0.43053477635956	0.887150668176827
250	0.00108972106493856	0.0227250143377756	0.553925044918303	0.76808477516511
100002537	0.999595446303634	0.44918468820018	0.289667123588965	0.789420192340149
100001658	0.910195295245654	0.798829613933597	0.330235918065836	0.661926332127609
100020416	0.222559290755659	0.212432780211399	0.269517394924743	0.636325134191922
100006642	0.303267751718442	0.473833332265782	0.280428458892384	0.719052850088918
100001391	0.173156369742121	0.738065607372987	0.345283180284052	0.71236806179472
825	0.551776086211982	0.766526084203548	0.295387197485232	0.676732514761461
215	0.0121171353818179	0.06633694320419	0.379063623694599	0.652506541734786
100001026	0.927745210583087	0.914748161391865	0.312993763477973	0.696984304917448
100020541	0.521614769832005	0.578637406484425	0.284912297204444	0.697758745283837
100001526	0.265498388999028	0.3421930482056	0.444659893546431	0.767444020846142
100005384	0.468829466917306	0.365342852211358	0.293911451054433	0.583879631388779
100020378	0.3281943423593	0.510823943306108	0.294178880040263	0.680957717612109
100006115	0.737520713460078	0.729615147208163	0.350855578397755	0.628263824226668
1442	0.130743754883897	0.0292614814320136	0.130006049348241	0.553984607122378
100001843	0.11272234371536	0.27560777738306	0.339747407967065	0.751745536633392
100015837	0.142948385480294	0.258950555137545	0.534906597570851	0.620173197192169
100010834	0.733075221083067	0.996759454330063	0.313528605382692	0.671457100169718
100001393	0.750369993491186	0.307248765356068	0.235941093735778	0.724223084043578
100000015	0.285216913749777	0.617464825843541	0.296323423669639	0.68822950581011
100003892	0.0381095000021412	0.0348711098088885	0.276722056627055	0.940303552672298
100000042	0.483230487699259	0.115418947457968	0.31994515533678	0.602182857408822
100020550	0.987194773776772	0.332675017751831	0.326027764659015	0.580505970497601
182	0.346769826885686	0.724509484353409	0.311325430960918	0.682336200204933
100015723	0.0988021303970294	0.471415218517406	0.319628575877818	0.656986933971303
100020343	0.446863207126081	0.484981580342262	0.285205254129377	0.670708378624921
512	0.319021967323069	0.598721300571149	0.344842218951467	0.641540690739345
100021100	0.788596996864888	0.743932507300549	0.303669475462553	0.673185660828454
100002528	0.480365172008086	0.0895810115162793	0.360420480878416	0.460671156730129
100001287	0.465757811232741	0.779940000467015	0.405979945485946	0.625424454502361
100001229	0.777665710032842	0.850032700846071	0.326324667665272	0.656406131781943
181	0.424518357574776	0.907356194678778	0.3110305261699	0.683962009381517
100015831	0.000826916412365402	0.00842852337835188	0.437243052432211	0.438733261514215
100020515	0.288126670882298	0.462399584285479	0.260856564842776	0.819897891830745
327	0.256469163038616	0.298233613691468	0.370852974803124	0.627384243357474
100009394	0.763851225809892	0.786094075807106	0.300170847015053	0.693029856317936
100001596	0.87364798597372	0.204751386304884	0.283729230549626	0.495252454441671
207	0.877492442813657	0.359162263277549	0.331893170367763	0.615839814190486
2054	0.574333393414499	0.891260883568977	0.310595897950381	0.677286448824981
100020259	0.605337670937835	0.506590117299398	0.346502590710431	0.652547941109572
100020414	0.00165040333412851	0.0267404772044703	0.228315235692093	0.646349295019931
100021131	0.887447444436949	0.290941918618264	0.304599057808678	0.631380444981668
100004499	0.844046522446804	0.572304043530349	0.301093103402617	0.623327500234196
880	0.151706230656279	0.711127438311011	0.344292865740153	0.665404560317942
100002049	0.602249020751928	0.436862694152081	0.337360428356532	0.633917130328295
100001739	0.49037578799456	0.253607862293124	0.395123577871204	0.633327047570091
100001126	0.260424742305665	0.0923285232311916	0.199134948468891	0.536914391888413
1113	0.77006939874303	0.704145450685921	0.335028437947805	0.620674861361793
1083	0.951806622082749	0.301154016117968	0.342334716566311	0.577223693799296
100001730	0.0695995389680212	0.169340679669318	0.364460240365726	0.547106744577182
100001412	0.411608875987486	0.750499668740907	0.307031992190378	0.702457109174579
100005996	0.695375754670327	0.562648283389467	0.302682055313342	0.639531307123327
100015962	0.00769393537890263	0.0769145089442096	0.234151718349879	0.983439291607175
100020214	0.716574885283014	0.522024768376891	0.32851893071178	0.609540806101288
100002514	0.104969060979641	0.321806556241213	0.327390669903082	0.61033031234175
564	0.0685571547138057	0.0176908556167659	0.282489999455153	0.530224491578973
572	0.0205928216775007	0.0168813548428518	0.458687209202029	0.535621811632042
231	0.753745864916005	0.837370170934856	0.304550582850219	0.675962911148242
100000453	0.753575486245933	0.663038666618452	0.299106873377671	0.713761258760354
100001007	0.156985184700925	0.388334724153292	0.354368994646671	0.584068443804454
923	0.591664206034786	0.23386770334945	0.296518593786266	0.731362663409176
100001247	0.55093237964398	0.614965140322253	0.299210995283325	0.656238443886664
100000774	0.561311739515235	0.927726457049047	0.324339533180547	0.679917005895464
800	0.403456725983781	0.279057621220433	0.331570150230537	0.732143188331206
100021678	0.165415157457029	0.17650109758952	0.237581620718266	0.668107024108841
100021711	0.373991952219198	0.716197731144425	0.339768633938257	0.685030663495964
100001274	0.902415108445525	0.300357743235482	0.296527887482397	0.481212373849437
100021220	0.156929598461636	0.172592067187192	0.382291922093081	0.97506182767582
100020253	0.0974312433585997	0.223149633538446	0.306599834648316	0.744224674238921
100001170	0.581551539357909	0.107491553251203	0.292310306975713	0.557920130947995
100001466	0.286278893932292	0.882961157628776	0.320602827382146	0.665443261714153
100009406	0.831085327643207	0.767473427607203	0.305328642106863	0.68141267863848
1026	0.159604592205899	0.405671207902181	0.336423580107018	0.635098100786301
100020837	0.561395583901059	0.616956216521668	0.336585262388573	0.616113199085753
100001006	0.0602486964962742	0.0716534727485763	0.303294440370675	0.797191196068514
100003674	0.745279205032806	0.0931216187109298	0.311855072618422	0.658810494406201
100004396	0.262085732116743	0.317861519938961	0.370266317970212	0.54433056940532
100015923	0.634759973832375	0.921681146460305	0.332559912396844	0.66354328145562
100000265	0.466696587723431	0.646286820544694	0.32122226505301	0.636069420611189
100001409	0.128188313351838	0.203885250988976	0.307293929928285	0.541184129946144
100003434	0.390032209158515	0.5390570188596	0.319268180748427	0.599339016733909
100001334	0.511216968604241	0.671571701823948	0.328773982261327	0.635467141149083
100001102	0.76880070979507	0.662594561035006	0.328573922959895	0.642544897407634
1268	0.486936417828822	0.0314150845243082	0.184877855784131	0.619602146181133
100001300	0.204306918099917	0.0633539674705375	0.277527426216813	0.673999044494586
100021324	0.336552917892802	0.946559575811953	0.328606364488726	0.671307806482044
100001617	0.106576594681856	0.0877435418468649	0.305957346810189	0.711423233417566
1105	0.965703665790296	0.165596443930936	0.412678427208156	0.373430680112635
100021502	0.0799654086097856	0.282826621038816	0.30234535234169	0.694846167378993
2051	0.850397605385777	0.671626241149727	0.314575318351579	0.59757039355021
100001256	0.203722995115253	0.723247365968472	0.333812130005598	0.74453652987078
100005466	0.0552366703155161	0.0435655379077118	0.361626712996002	0.435179319092851
100002199	0.17153555329388	0.845934471712397	0.319635770964736	0.680094013759816
338	0.0281020070819015	0.0797667875707953	0.461827128120882	0.46108434887163
100004243	0.472327384254494	0.545197037365938	0.291189097030041	0.681935636639732
799	0.371719191602353	0.827387716208796	0.359662679510714	0.672698373162371
100008928	0.451311991518818	0.0698258480447833	0.31972563101093	0.662939170352194
815	0.111628691052509	0.315896065757204	0.315339939951863	0.734010335467543
100001456	0.00100527959022686	0.0180276198326533	0.31310342626139	0.573134202317493
1242	0.115758222339892	0.164523801836296	0.360996874906518	0.513736641755707
100001416	0.287076040872338	0.101037361328469	0.216836550468124	0.415230212429194
100001462	0.244071584987135	0.183796612646544	0.394400892632832	0.614919597712506
1087	0.149201287999899	0.0370981423809253	0.331643284571782	0.636519911187571
100020421	0.0758176284283961	0.0902077145669795	0.355439858980838	0.428366362480151
100000010	0.00216813828913826	0.052125325705746	0.336813648375835	0.735881311308715
821	0.665483431433458	0.352935610550885	0.345129912579005	0.512838881403378
100006627	0.198187371969195	0.088452598443885	0.455700916234138	0.555740107900501
100001277	0.286985867943468	0.127879510990718	0.374601377815805	0.627112051659692
100021141	0.0567263697781722	0.21354220431212	0.346767290277846	0.759464664194112
100021105	0.0854024862223315	0.110362006944114	0.349023415719239	0.412143573083708
100001950	0.0003595524719564	0.00686434116345073	0.397442435625013	0.836848766501663
100020217	0.932987679660999	0.419148042366333	0.244448761710266	0.540751217614688
100006651	0.0256660819553069	0.134072923190742	0.357062804691813	0.423583329829586
881	0.829432549618436	0.63035772240639	0.302691119343019	0.677400913559081
100001509	0.614351685273855	0.123441227470453	0.278309681793674	0.58879056127564
100021709	0.72828804996385	0.91550327328885	0.310456781703817	0.672488638734594
100001635	0.808849687276847	0.186950507557931	0.321216642001655	0.631609720945479
100002613	0.466366751622368	0.112842391590975	0.293223222250587	0.75338885376934
100009329	0.448176548308711	0.57984555393617	0.268489143833892	0.845215693778831
100021123	0.739126203766014	0.966893435037964	0.314991208125537	0.672524735347795
100015760	0.182137723793218	0.0864248332271666	0.25360173665874	0.710742947680352
100020205	0.587480448528301	0.739132376424622	0.334738981656105	0.606604820102811
100000765	0.241568837484373	0.662010685235399	0.322542325503227	0.703249972214303
100004111	0.321193172310467	0.147387254295871	0.347555400247539	0.640612165629912
100001615	0.195371007787213	0.752144707985626	0.313515005833629	0.667163913447484
100009227	0.221533528222441	0.125152990779649	0.428323284547217	0.801681161802697
100006191	0.335541582705345	0.518090397979436	0.347051352841322	0.61304836026913
100004542	0.650283762484479	0.672417153185296	0.320346025849956	0.691938927800613
100003686	0.258654700686641	0.100050811540824	0.444916531718775	0.60330120191855
100009232	0.0234085247048864	0.19031986422789	0.313941042784902	0.573625286313699
100001501	0.0640210933264193	0.151086954680843	0.388011962568626	0.705353075180623
100002367	0.417368820844208	0.191387787913073	0.296868302451195	0.505397678596506
100001108	0.266418881245049	0.789206617428856	0.31459297197373	0.675606807327084
100004227	0.376187068494593	0.84503098293047	0.316550442739545	0.657104354478549
100001310	0.217181291196821	0.291399375540595	0.295351580097718	0.779443455780974
100001994	0.776116342413559	0.843854755688358	0.31273057242788	0.757253244978404
100015839	0.0131326739076558	0.0169694829950142	0.408754848986805	0.756518342142938
100003271	0.00290660340754624	0.0681020417678049	0.412464650069585	0.477427502201719
100020496	0.697665792994662	0.971056998088572	0.322444819880542	0.668440786143197
302	0.405927413285258	0.320018537223929	0.273218330745612	0.635816750063101
811	0.576789652779752	0.584665433418287	0.303866493185852	0.728208758090329
100001267	0.975566973143144	0.758988494279345	0.295490880350404	0.665983663016694
100001197	0.0295412533527198	0.361548272373182	0.351084358927471	0.679382474058169
432	0.159609861001133	0.382528007837433	0.340368475773292	0.647495932814214
444	0.00609462016404889	0.0617390244870711	0.358598083371802	0.807444319300861
100015968	0.412059324559707	0.545390300205095	0.309710906772774	0.621395173466264
828	0.979151675301748	0.750623393123288	0.301778931921792	0.681207981324652
100004054	0.338313467625528	0.976323371248279	0.313936348517539	0.670535394775223
100004635	0.187066288536811	0.204319598043119	0.628214309661798	0.432610640458115
100000491	0.382247286107111	0.376089623541377	0.301918409633394	0.522617178809225
100000939	0.0336937321265414	0.0196005477661702	0.335251778536388	0.557914057420597
241	0.16002265122211	0.584244703742998	0.336264143724674	0.69340171354073
136	0.493702344774764	0.124312400167722	0.279067039111245	0.82287417893888
100000792	0.57333760124174	0.967896598242991	0.318268226494389	0.718451335681205
100020973	0.663392425815017	0.691987223557867	0.328278896366201	0.649732863361525
100000936	0.815683744348302	0.75653751600828	0.312518969334336	0.674076609370813
100001313	0.00326483777442475	0.0752774875083312	0.338710877449102	0.736033935294427
100001951	0.0294121738163392	0.0686374023331782	0.360152284248996	0.663828775053567
100006098	0.022145012905191	0.0971993665698368	0.347296734244662	0.777724376620651
100000007	0.132408238293772	0.369527753993793	0.330957734481951	0.680976016349779
100006641	0.872575904614592	0.997114204500178	0.322436062890943	0.669532904602517
913	0.00801567785790953	0.0481702516896787	0.390211448893537	0.53552955342671
100001579	0.802279779792972	0.447243552200604	0.343502754663148	0.670629168683555
100002911	0.124830121649954	0.00436680714032332	0.416552669270262	0.622742131711965
100001293	0.154983197883189	0.385669053773991	0.28156291820777	0.81169380114884
100002241	0.130490121745239	0.117230561258888	0.355159319019651	0.577758355434925
100003179	0.403520455306824	0.0355634186939299	0.294773519765342	0.493565549495269
100021372	0.470926652111593	0.347651228327556	0.250392970229947	0.670492680874328
100001956	0.299337453079341	0.428682932424406	0.317303345258259	0.567466703467651
100021162	0.33465490872152	0.270863500024209	0.297456780518931	0.531111467838851
100002259	0.402371963927504	0.610636307658784	0.289950926258049	0.662257251150682
252	0.487375988204554	0.664501289521293	0.349770374136293	0.626357033860707
100000707	0.380019192338475	0.297971762655675	0.311309710543265	0.678934598635379
1489	0.587132945606978	0.0106280763933471	0.232604076985205	0.648379811219421
100020361	0.0244358550379005	0.0847457167227249	0.350983211934674	0.957051290986886
55	0.793113296831843	0.969172961519237	0.31810230836588	0.673576944758091
100000863	0.24543304548418	0.254050119158546	0.276054029879638	0.706103945450242
100015840	0.194885138831612	0.101500984037601	0.409734872714754	0.630000099231515
100001541	0.147617193188198	0.0648223982617408	0.214111018286276	0.657847113009325
100006082	0.21365133153363	0.0572366446432233	0.397875166036055	0.655744637229468
1254	0.609303105855289	0.973671792993661	0.328196745987818	0.678057282861877
100001624	0.540727168485134	0.348243901556036	0.295426270677266	0.644742268892251
100015850	0.825284726724492	0.658513167730386	0.369420199762473	0.641339161620966
100001104	0.00419199063356522	0.016008449984278	0.347224217068974	0.937489746414544
100000900	0.2125398550796	0.747947375760754	0.316764246478043	0.672106049775777
100000269	0.0870282873269898	0.0235818265489539	0.172182850849515	0.616278208291513
1022	0.258264883290675	0.858415969886231	0.316581960692168	0.661158816611316
100005373	0.178966980932693	0.0584294116002339	0.280985341830204	0.705296488833559
100001129	0.123781373236103	0.706109075500906	0.304240938246217	0.699390177953834
935	0.0103279310230088	0.120943799738364	0.404435836163631	0.537570901699369
100001262	0.0389281412656013	0.0711747076670469	0.344680419824626	0.714671597426834
100019978	0.28370381103278	0.600898513402899	0.30676265665423	0.65483991434879
100002293	0.88234063795645	0.809978020409393	0.316149070520607	0.670081038858993
100001426	0.278564475063817	0.293771976466147	0.31289568873491	0.514894534374831
234	0.0234988206775006	0.12911973461365	0.313753747211802	0.646942121919988
100005403	0.2375760841617	0.960208305412279	0.325509651827108	0.667561773772883
100001083	0.0271207286796303	0.262566481154142	0.34772858488101	0.697964662499974
439	0.620433719357899	0.308223113330211	0.338628726136122	0.66674674668083
100001086	0.390144406730329	0.42632445918469	0.327420528168483	0.744802530816208
100005864	0.743161956689872	0.468082535732171	0.290238109486066	0.733600906077794
491	0.483303378065933	0.905082851737256	0.312605853225672	0.671856028248365
100002029	0.480513062786297	0.529487395184673	0.304249972881635	0.567617757686508
100002154	0.780448013523906	0.440499251476355	0.276615182833993	0.64645579735685
891	0.398560283851283	0.167037652569599	0.355479840902264	0.638790222827381
100020261	0.378583297507556	0.443473131149121	0.372942101631485	0.643817475070835
100001296	0.492359085206019	0.41779049332128	0.317123018599898	0.550434276082883
2050	0.460247291733276	0.570706461582268	0.333785376292578	0.621956851771981
100002761	0.342545429017235	0.711896481029165	0.282154171934138	0.789789492942717
100006614	0.80257027103974	0.75679663607864	0.298555567246033	0.716221551607873
100001597	0.991796771759786	0.128142478236801	0.206538324037989	0.481133198111069
100020853	0.766247607202457	0.871398903236242	0.317529129271453	0.679180887289899
100001446	0.0885739472077326	0.137945634713288	0.264719694974507	0.662676180693653
100003240	0.225727253129456	0.0907120985095844	0.368584112359822	0.582479103019732
100001502	0.0256215681247887	0.24088083275178	0.372774701952626	0.755291457963005
100020866	0.0751360463416285	0.00621052028222088	0.19135064460124	0.472652847615841
100020419	0.0299940559932894	0.0755371698264668	0.340109224604184	0.409184992914733
35	0.537001700417853	0.298507607098264	0.286291396561433	0.618932609938161
100003696	0.014022212883608	0.0417676465968264	0.45440438440056	0.605349261919504
100016038	0.54546874420272	0.707524802634097	0.325802667143019	0.725189552276364
100009333	0.186523574808209	0.116976650290376	0.314042887219846	0.698851827375476
100001611	0.0816218543481267	0.203980037050198	0.438959879810917	0.644611364449619
100005383	0.660891063450803	0.507845932792376	0.32113634929736	0.700999423613259
100009239	0.352722052861101	0.099797132643418	0.392059168638604	0.476370632601913
100009332	0.262104421048559	0.150986758309831	0.316046389400182	0.625985925396644
100001731	0.199209152263699	0.858042393947052	0.316676471629583	0.661184511270588
100003415	0.622741354400723	0.572733218774249	0.303176768284853	0.676713150439901
100020578	0.102754909005028	0.139323272552067	0.295077710059281	0.554124412718475
893	0.974792986534221	0.42410405290756	0.311960395200207	0.686162000159235
100000963	0.322885748759953	0.152169739403814	0.412803982914009	0.451725507804357
273	0.111816740642114	0.260738352232551	0.370296912952147	0.668778950283259
197	0.564797566262103	0.504551568937321	0.305340374060597	0.573349767537993
100000808	0.3576453030996	0.31547569862034	0.298543088210928	0.798746999099575
100002284	0.689192934518784	0.411103199228129	0.218449350769604	0.616531363404417
888	0.844330271696058	0.0617278289764577	0.345910871794506	0.652990374933295
100006435	0.376120984782852	0.221693169295851	0.230402697731468	0.951887368652106
100006374	0.0498256256330494	0.131563860871612	0.347176768141215	0.644085469200552
100003169	0.556510058809716	0.972565787991139	0.312368190988326	0.668698283762052
1004	0.50175623322809	0.681947619225084	0.291565968564304	0.641316953158615
100005998	0.0833653251637101	0.954587299223502	0.317891175991533	0.667173427246173
100000773	0.557680698050761	0.453119632927729	0.321829441884941	0.650766612993982
100010850	0.0143319051345008	0.113476755138861	0.368749968203465	0.550159806099914
397	0.99345053690685	0.292784857716689	0.226255252628033	0.744650177085767
100000039	0.0642994738753757	0.204460739800997	0.256931903162387	0.725681873000706
100020833	0.307347031606696	0.876800424986	0.316100736875865	0.692266738931931
1021	0.43269238581377	0.48610196563181	0.300500194482239	0.699268881006921
100020479	0.355884131674437	0.567907752178364	0.318253486586631	0.681647357650093
100001335	0.42207680483531	0.252748890719048	0.361814165258432	0.636522735271438
100000743	0.324877839867851	0.949297473245704	0.312845719663746	0.692378236500389
100009246	0.175636934954728	0.731587848265913	0.305883194865699	0.6936016905353
878	0.202628488011201	0.739857853344599	0.301524176056095	0.684413023666771
100021103	0.806784722792139	0.729231148250796	0.289207016174806	0.795518049629172
100021363	0.241094531724253	0.601003945843804	0.295283908330278	0.707105936536037
266	0.187483878405548	0.326058170201186	0.314482844073473	0.612521181299528
100001195	0.242447016193061	0.182938428749677	0.406111338095868	0.595685258014086
100019801	0.693662531124265	0.613125111008277	0.331435343756768	0.653596104600974
100002196	0.0532548604118498	0.340461768790039	0.324645711569646	0.677293103497541
100006370	0.204042275504039	0.953757169170434	0.311552883921131	0.672885295223688
100001510	0.0224087012788536	0.00146669687677787	0.265880735107682	0.767197535818319
100000437	0.43118345050568	0.39756054079142	0.300096820539326	0.749292286587222
100001767	0.114543508063644	0.00828305065821722	0.400618630160924	0.740085329741919
100001810	0.13801397670875	0.20513279320657	0.355612667043472	0.984075298685244
209	0.0211459815661196	0.294232482898905	0.366106007600825	0.657039263599769
100001485	0.258832185113291	0.0771800989907715	0.187807359385231	0.598211573966046
100002500	0.110940802881105	0.453520300801352	0.318730375355406	0.644026690249503
171	0.0159837753335312	0.00738525909202005	0.230481225446569	0.665071075063339
100020487	0.66924543634279	0.718199301575315	0.294837901134091	0.779622713665349
1206	0.00599378914522503	0.11946806116881	0.318379847852653	0.722688318776565
344	0.0122798761343331	0.0403921304910245	0.599544804878685	0.762393749772979
100001405	0.533779510171236	0.9119832905783	0.319031807527016	0.66228510573226
1239	0.987970981567899	0.545151858193647	0.345557326536828	0.673385990749791
391	0.0386845841795641	0.135058028177316	0.296107511573109	0.907974375635984
100006430	0.713526207653946	0.417091748092902	0.353205828146383	0.507778451990168
100001417	0.975618093426398	0.49124939526353	0.301444598871444	0.779504497189867
100002951	0.0067901688435066	0.0849853932979151	0.315405587158475	0.478131831520597
100000014	0.40284051888299	0.53025895599788	0.306181438624475	0.714145044264609
100003926	0.47249004951419	0.383848950435301	0.345504766882294	0.64927360265893
100021538	0.470743306201529	0.327069626971249	0.369421939403699	0.578691108631422
132	0.311768258849105	0.923150827214972	0.312181622594262	0.669302599261424
100001425	0.702872837951367	0.528971647610108	0.383938077946639	0.60462511606513
100020262	0.575300092779971	0.606645314316283	0.339250057274028	0.655597447405732
100002679	0.254959373346233	0.434509324636034	0.283956814311647	0.799562226913572
100001270	0.930710638712728	0.390807626927701	0.327359427028728	0.638168587411734
1102	0.821565850142573	0.853595903744906	0.319573583989085	0.653707157076355
331	0.186558129539063	0.142292459734672	0.257168692159973	0.551469325993883
100006361	0.398275158026215	0.544336824135331	0.287309699430038	0.758519133802039
180	0.892979965166643	0.866754232691965	0.32905218948166	0.667474435539973
1053	0.27978894184486	0.427594898738945	0.468713281504409	0.7406266015808
100001359	0.751922852147968	0.824072548603851	0.332415224566076	0.640115640939749
