chemID	simpleLRM_Fstatistics	multiLRM(chem_sig)	multiLRM(sex_sig)	multiLRM(age_sig)
100021136	0.0156677010556824	0.14915737245836	0.282264610536526	0.781530647189081
100000882	0.76358283568409	0.753470843768953	0.253208857536102	0.645248090071566
409	0.0381417080154421	0.0721928666267811	0.2852146518822	0.34492150845679
100002254	0.740677344175521	0.0474600502057094	0.167276323396706	0.646061156398469
361	0.00862546256420865	0.104657940785171	0.174530491839763	0.636874316848283
100019975	0.607714172145905	0.649344127666105	0.246220787263903	0.684923637073797
100000257	0.000569598640505259	0.0176528521207376	0.242716535617142	0.593120093658717
100001232	0.898459874255974	0.950800088815929	0.24617215611029	0.668961224373042
100001948	0.314386677543402	0.347578526920237	0.262363644532528	0.517243477242758
100001073	0.523542051361643	0.607004613016885	0.319574500366654	0.573269628439481
100015637	0.86144351235085	0.508124459837832	0.262369737988832	0.65984332094325
100006360	0.600521912699764	0.678029230714151	0.231169909132245	0.731557759478186
1488	0.633219496456942	0.685804592539132	0.248995075885383	0.645803919129751
100002253	0.798491821207593	0.945605069314627	0.24506618809215	0.672557877862319
1023	0.969114132279382	0.751493079847781	0.242648428435893	0.649815465147199
100004284	0.69725834397712	0.805053251869215	0.240897332002931	0.671618256685233
100001251	0.575814492569014	0.847769234503031	0.240768203053328	0.659129809470222
362	0.69866870982594	0.501447642798608	0.223256250894953	0.65812609677598
100006620	0.690846839310672	0.991422370800173	0.245455154755826	0.663860876550411
111	0.305439744865829	0.138813142586014	0.199548236470733	0.631893027214464
100009045	0.645094192687533	0.264482303085541	0.201896208137469	0.824232012424195
100002927	0.656873219686143	0.802789681948287	0.238775142472861	0.690307915309347
100015641	0.672306561589317	0.782877360988666	0.233570843877752	0.681932012566626
1114	0.11551867266303	0.913019137062454	0.242580618100853	0.669236056649722
100020409	0.355426571478627	0.343960862904182	0.24644263064268	0.531259961578936
158	0.0930123854029201	0.195278092136673	0.321382129821035	0.696624564280044
1224	0.0488893989510526	0.206873613482133	0.188334616027935	0.698929075412526
100001620	0.624742243230822	0.525214678567224	0.222853250924664	0.666426494827111
100020893	0.263418461167075	0.0627287400343931	0.220919361848159	0.387439458786223
100002458	0.711363688785403	0.606106278525429	0.280828126326143	0.616756702987565
100001112	0.730101097508277	0.878814168694187	0.246620117614969	0.679151729665428
100002953	0.406155038962892	0.804445760163898	0.24266080654334	0.67611861811663
1141	0.320072273501236	0.0404251681727502	0.318529817629997	0.475072778380574
100015834	0.444990258686137	0.988777298907031	0.246888471949412	0.66585696120829
100004561	0.647346318582219	0.971688381232144	0.247028013875766	0.663347920652627
100020497	0.893793903652912	0.690696177004774	0.228673922786658	0.693863537327445
498	0.0768215839934095	0.471243853316907	0.247706231799912	0.721515354052044
100006051	0.936382203073591	0.944765585036525	0.246978360610517	0.662764029112957
1668	0.670611693139696	0.500579864088739	0.240908179618824	0.601095977631974
100004523	0.282484293246484	0.615623308484606	0.261760008701407	0.610491735907368
100001604	0.240838492168474	0.538408230419638	0.241695951088597	0.707640537818621
100001002	0.167143994508294	0.557109930189715	0.255523934629865	0.650876519329056
100001987	0.0459068444454123	0.244514149219983	0.783737444883932	0.51772410819292
100002462	0.673138794102447	0.417938955814621	0.293119190166331	0.56329817218726
466	0.599767001853616	0.0812666735869425	0.269381879543624	0.640758403584972
100000665	0.952526480708941	0.471002359202829	0.272907863134584	0.610667057489472
445	0.899841479215432	0.411909231427322	0.273398869759767	0.716543014024151
2029	0.231494090943778	0.671491668605308	0.257993913374396	0.666019420604854
100006438	0.12383020960679	0.246107819604402	0.289131745382381	0.677865659278418
100001398	0.155444837400292	0.542013008497304	0.225681927534345	0.687501532294333
235	0.446070586327795	0.451940118671942	0.217116718590736	0.699683106820875
100000997	0.738396494128811	0.814190107389348	0.246482551731511	0.650429359797874
100002094	0.306474564978669	0.278372111866604	0.209982453322948	0.542583394246026
1052	0.652347706621457	0.961698726793459	0.250323148067368	0.678057602814776
100020823	0.293955572184175	0.491801307937577	0.224953556160197	0.650493552034448
100001806	0.263517760890537	0.621605484863579	0.289614502883683	0.674062943522303
100006092	0.816912384101245	0.916997381797433	0.248506984414741	0.657638497765965
100001415	0.118733747745515	0.0868403702761866	0.248384352841104	0.396079152623494
100000008	0.0127523940091018	0.0222867884018797	0.26976042851357	0.448724200550829
565	0.00660006538276468	0.0430670594954115	0.242411288290527	0.743969099658907
100015851	0.147734747565695	0.168127984124499	0.328507080513269	0.812577151670671
100001866	0.344873914925019	0.74937190379914	0.266918750508234	0.624396854694859
100020546	0.00231578906898425	0.0247149849115036	0.471656294969169	0.866241038314835
100016110	0.503763560161848	0.381325886522362	0.194482589360392	0.768953779628885
100001254	0.00290206546470077	0.0128282640119053	0.321536223961953	0.877487683820775
100006260	0.298471137737131	0.733449351759618	0.248879247368548	0.658721654967606
826	0.638517491948138	0.814033220364125	0.24630867804326	0.657973975788627
100001872	0.444219163796437	0.814782653495895	0.246152134910984	0.664202876237131
100000263	0.272399802374467	0.285953596737505	0.318315889266493	0.655461721216388
100021198	0.810066138128111	0.0482290098969659	0.160832642548738	0.366532502407393
100015967	0.0359486216545915	0.0900712512826491	0.308578606266455	0.488285553164688
278	0.161084629249376	0.369536047305418	0.231865366242446	0.906465909882295
519	0.79621110619712	0.388178268531384	0.292213193483502	0.607699488126693
100009337	0.100112211068552	0.325417287762182	0.335935399319435	0.64977175641107
100002185	0.337804454369327	0.905708880804982	0.243294306958642	0.6556843342152
100001278	0.424831358375761	0.316857394313307	0.301271762925676	0.6213149742714
100002103	0.736694460612727	0.710231881099087	0.247049752939918	0.628657467870538
980	0.84838141439905	0.505327082562978	0.27104401140116	0.647787037724666
100000016	0.764928849992158	0.359499750899912	0.240295749472063	0.634035823627184
100020372	0.188436493659628	0.494644805557043	0.243417614637794	0.603183868338929
100001662	0.817750725261153	0.181860759960606	0.108006398693489	0.671450178158151
100019972	0.919291860367243	0.696144986459596	0.25247709029245	0.652036524693449
254	0.734697627877984	0.692970909323979	0.242869434708626	0.668406390303604
100002009	0.627845750596677	0.662900296469407	0.241940216709393	0.581550160227384
100010895	0.385643073230511	0.433781951394393	0.299772512196207	0.638997006732438
1140	0.897947501461426	0.986148271202435	0.244457935500658	0.66492034095352
100008951	0.654938825737585	0.563097988673561	0.262629594401772	0.629217753593164
1084	0.375152950845758	0.776335281145487	0.245763480381207	0.714610120133937
100002796	0.10160612452666	0.312371416058367	0.212155547847353	0.598534358427473
358	0.866554897607936	0.993422247647474	0.245894091630565	0.669314848665973
100002070	0.960658376330271	0.865033557578941	0.242817071475752	0.679468787150047
1628	0.388167092827149	0.159531110788408	0.298635068601966	0.649635964808485
823	0.857504997475485	0.68655462827657	0.227109410399267	0.703195405334953
100004414	0.489902034728558	0.110520377578316	0.321875115773873	0.79201665638498
100006129	0.66320819812829	0.643658207258777	0.227934998515283	0.68123846428529
100002028	0.575333413593086	0.388287446491728	0.352593680705117	0.445147219747816
100021707	0.527946258400544	0.675572734078008	0.225423673952508	0.708687028419231
100000054	0.332222641892477	0.392050186048804	0.229787685438949	0.690010347646161
100010869	0.437206257312214	0.197266031984217	0.252888358316079	0.52627546836434
100004575	0.029215851291456	0.126008545631108	0.31090707006488	0.975233459678854
100001212	0.971397283484281	0.652344712000152	0.249173132644433	0.601546428367842
818	0.185946004247326	0.544842488440818	0.28287734408232	0.614136545790611
100001092	0.00196475645832905	0.0240806962835541	0.245946948067567	0.651779248665156
100020371	0.98290377386434	0.854525854940088	0.249245551274199	0.66273078734665
100004112	0.193635140492986	0.528125340997161	0.26108801264157	0.670686909724098
1125	0.408895031717217	0.334971401706832	0.272292477176927	0.700285981914057
100020491	0.845190795097856	0.550822140963471	0.20899702918825	0.676588223175865
100003151	0.00213564031022001	0.0208023145661412	0.380496687619377	0.543271804209181
100000011	0.39117570787509	0.177236967459123	0.187141198469203	0.767616586876179
100003594	0.6072743544644	0.854253969499909	0.240980959707918	0.654464894567959
806	0.746012201840135	0.163219057037211	0.24099137177185	0.470862550151834
100001211	0.833574066441129	0.460732630125905	0.255930414778888	0.639142890664335
100002417	0.692521358370388	0.442473152933878	0.232336920311581	0.614687553266064
100009335	0.518017971929123	0.189060401937117	0.196573867223242	0.687646505204215
100000781	0.615705567219441	0.814544937821583	0.241155093932965	0.658536947896046
803	0.031487455312294	0.040743866467078	0.232492279262607	0.541605243946953
50	0.477931544261318	0.716004785977229	0.25039777854573	0.648452655461899
796	0.390638247085625	0.0565972780395995	0.267340793894541	0.644481255337068
100005834	0.966815070347441	0.708532210644906	0.28111661312818	0.660320231297889
100001580	0.979803920319131	0.597531395938587	0.264099807027146	0.664984040186388
480	0.808749715366673	0.633875993819705	0.220243830406958	0.670116359441232
100001540	0.195017230921515	0.670555718407783	0.331205652867773	0.758917488786192
339	0.488332444069555	0.0823261350464138	0.216194425281667	0.564337060803287
1110	0.959922580666427	0.998185537249153	0.246733898356263	0.676666004617102
100015836	0.143569383091152	0.158105477001128	0.373734383773414	0.846668630932023
100009271	0.568599498816507	0.562052894457832	0.274585248018869	0.646824484463507
100015638	0.897775606333382	0.496264440409209	0.258477548992893	0.648377588681547
100021667	0.964035517935422	0.573808400381244	0.275549122023143	0.647863168928795
100001279	0.523007851681999	0.362295763184287	0.26438300163336	0.788435542269731
100004208	0.0172460124550971	0.118088313595457	0.380358729749529	0.782142575857731
100003695	0.243092445913514	0.182389543267601	0.265085544846003	0.467694186767121
100000802	0.681184131559619	0.920900132283159	0.243960674690652	0.667068150380711
100002769	0.666957486093857	0.0363689208141335	0.151098612972796	0.816008119509507
100015835	0.0959793374484363	0.285126789984044	0.376002267180957	0.866379803955726
229	0.907882350709639	0.430588697321322	0.275768697407516	0.658667645113622
100001266	0.00784060124248171	0.0359995674810739	0.315239841097868	0.947039189626731
1342	0.287100270214932	0.332870560685577	0.207377534075093	0.682339406529563
100002102	0.935164363224527	0.703014464129704	0.270137116006425	0.731437689153731
100020254	0.141239442970536	0.475297822649488	0.236247709757852	0.700299789456128
1231	0.511642184536196	0.274335655892373	0.293663761882795	0.62004350781371
100020492	0.96497301869942	0.901955170334102	0.242696521055127	0.662984565849207
100001402	0.225651795042887	0.410727742665502	0.276793367595763	0.667178057792079
415	0.00585693876477975	0.0772830438073567	0.295686944189852	0.727270549591107
100003109	0.996069010253871	0.998777706595587	0.245583804897191	0.669366930256971
275	0.463084684488891	0.944774292828318	0.261213313301968	0.660843371491777
1143	0.17184653371573	0.0712928296403199	0.224078836328725	0.766930746450598
279	0.355364479345028	0.295029238742101	0.243639279717651	0.518012722631781
100001198	0.969942907260847	0.876984314005589	0.240859038529241	0.676395024071083
1648	0.427194710382218	0.98894733599662	0.245938487865936	0.663885762090215
100001590	0.325051921385764	0.269156970182608	0.234328269408889	0.580739371379385
100001733	0.349758483698481	0.735962243139215	0.239712084894345	0.69030032863457
100008933	0.0132401688508255	0.00204289702489128	0.340331358250637	0.618178812370011
100001550	0.311217051361823	0.53490784311228	0.232950896348326	0.61738641693017
1215	0.080532654060347	0.272690299988447	0.208530869125529	0.621416680032099
100002356	0.297172900143591	0.129814271498945	0.297528452244775	0.671941101241284
100002749	0.596977896938083	0.6727317922712	0.248063699120902	0.674568497138286
100006379	0.177478640181458	0.173832157314052	0.288764731649407	0.423085014267498
100015966	0.0830041345191631	0.153726023612476	0.269705923129073	0.491289978772389
100001392	0.575451872045629	0.89561295587419	0.243397610336296	0.66598437258527
100020425	0.0825927641750683	0.0236389345024981	0.189001177730138	0.387847394285703
100004299	0.271855048994153	0.736281940301908	0.265153761294677	0.727052745856275
100001734	0.558660503451482	0.510126788362171	0.258615028689641	0.601071926806615
1002	0.838076922784273	0.853114702617913	0.246019778320201	0.663022383908346
100001337	0.276688255801976	0.716226372207364	0.226710640022196	0.666120916616694
100001452	0.785882972564974	0.780011804444542	0.243812511848891	0.638535084522968
314	0.511972627607128	0.370029132826194	0.255491441788968	0.682888828485637
100009264	0.990457450032791	0.538328145887534	0.1949238759644	0.787334561334035
100004634	0.435585656426914	0.487180418889925	0.218567463467162	0.681086985392502
100000711	0.833413337644875	0.846714541677926	0.262269159227193	0.676957164390913
100020536	0.0172896597901664	0.0892033507795119	0.302120912587428	0.769634394873576
100004318	0.36364390116458	0.614480597005218	0.25335089381065	0.660698912873568
100005850	0.9709901329648	0.564280598038605	0.306196735658766	0.622298604992432
100006619	0.301061769284885	0.150499291455096	0.277660748129458	0.649210324031768
356	0.352704827420887	0.556333236752001	0.230233786123968	0.684655413656035
1221	0.460090179661981	0.516017379326558	0.329224291710861	0.708017401166119
100001397	0.722667421391355	0.803694625222775	0.24425670303319	0.656845058173441
100019981	0.532294319678578	0.726608411218745	0.252816121750553	0.705670053952508
100001208	0.415526961293838	0.235985303792795	0.212403758370781	0.95814167642002
503	0.0103172473662334	0.0072626736322338	0.143477312181081	0.497607159753992
100006375	0.187877492846984	0.764299244510116	0.261458425202619	0.651303772945522
100001295	0.620535926103063	0.486789256632534	0.235313311842693	0.790213927087597
100020427	0.0351768906949906	0.0159485109909617	0.225834186412851	0.340072433333503
100002784	0.354232559424596	0.199116246324918	0.186673284303955	0.766666114023349
917	0.0503037546295043	0.183715139285707	0.270154611060698	0.611418424543345
1869	0.358588816078988	0.179987668138802	0.266370780318319	0.541473193292168
240	0.256116346579918	0.112933156570186	0.153377139949668	0.47209435458735
798	0.00465940810265448	0.0912074914932706	0.367728111124342	0.595237562394147
100002952	0.376036208089078	0.361870111933425	0.240610517407614	0.770706082386383
98	0.60306758035662	0.843944503131138	0.25927010861271	0.669345828316417
100008998	0.249813114823806	0.280264065688505	0.183893938311799	0.735995976421171
477	0.820040753667252	0.353608710691345	0.25092694760066	0.659765652725038
100020545	0.0839707581822166	0.1340410852565	0.287522507031073	0.834271318942314
100021666	0.937933542387323	0.285565450708853	0.27938307457142	0.656557297224048
1256	0.588475922319287	0.771905030172213	0.281392558256784	0.692020822891542
533	0.302504834326348	0.0584998428840632	0.165355653421203	0.402837714863254
100001757	0.474922808613314	0.737874721365555	0.268950070535637	0.650673035710189
1024	0.324678482502435	0.111769502293664	0.167233295690384	0.897711462389438
267	0.509086028377172	0.897919183305823	0.250079411131698	0.65949237411143
100002113	0.0742234393695414	0.0614557890337743	0.230180771885883	0.690271153633087
100001756	0.687175515328351	0.715806548229507	0.231082900739489	0.640580337006379
100001193	0.501494344092007	0.2209698132623	0.306187006983623	0.615707880396002
100001668	0.665884074722884	0.989138341545601	0.24669480319041	0.666031929597502
1124	0.236283895672301	0.194630227607351	0.204690485840582	0.787224579260666
100021331	0.188717438764972	0.349665914479304	0.231603727547148	0.702990895731067
1090	0.0667589536537282	0.0472450944738294	0.234361647992587	0.805541007225411
566	0.955531154374546	0.27969685685353	0.172202601451113	0.666482264101496
100003119	0.511883249606046	0.330688456746396	0.273697989943954	0.607576763643174
100006367	0.796679932830794	0.624624861992878	0.25358517046189	0.647066277736274
100004322	0.20643405501557	0.235674034569469	0.252142901291067	0.751414057872027
100001034	0.631216961060768	0.848764254029055	0.243359899126883	0.657354987451674
112	0.759586756209339	0.722565827951507	0.248860888184237	0.603176264750775
507	0.699701172325479	0.746189642856471	0.244123020483981	0.67182105247341
100009233	0.311961707843318	0.187381259966937	0.22512244243384	0.682833921095267
100000406	0.0123000971609626	0.104539330261068	0.410244377931735	0.452605812016221
100004046	0.307815370788158	0.491568100971983	0.181173409371508	0.60964659906312
1025	0.785875170902775	0.683675064118977	0.236038798767273	0.684652923297977
100001106	0.154704822230345	0.155179917487079	0.197384848946127	0.697395048373933
1128	0.0238192941629551	0.474192668457263	0.283887691909213	0.728948722888336
561	0.0388115304519242	0.159535417799216	0.161935803648135	0.57566102991434
100001614	0.883978848502511	0.380396199761992	0.259041644138358	0.641051590037245
100000961	0.850071830815859	0.984483135258129	0.265887152443901	0.672974993944013
100002397	0.942168599798448	0.63431737956082	0.246495792591533	0.60414811213446
100009407	0.937287737932627	0.91457843291294	0.243233215672591	0.673671108669912
100002910	0.823093575868883	0.634245122877512	0.227018493720595	0.607176728898792
100005946	0.225882403685956	0.306385329511903	0.286687397150487	0.772059488723394
100019794	0.128884996724064	0.356954729706489	0.253195007984811	0.806901214593233
100015759	0.323806064887215	0.0996101257676078	0.206823168969199	0.66995587624923
100020417	0.635814798731705	0.562385133688311	0.229379349141593	0.633493408688322
100001054	0.813803488981513	0.976593720310053	0.246342626067711	0.663944898470087
100001437	0.252028652945619	0.289254993201165	0.195981770819318	0.58161851166018
504	0.304560905201862	0.845461181172524	0.276196528522337	0.669396332454113
100001988	0.490181389556869	0.6963227842049	0.241979907203105	0.803083709703583
1082	0.0378215270747796	0.736307046658571	0.267737116127559	0.683559592110191
100001403	0.220803345802082	0.266590313724953	0.27165377654947	0.639072057054609
100001664	0.899102072155416	0.504862345048402	0.231445327556082	0.854636199432542
461	0.265821983953949	0.257913012982908	0.38773112767719	0.639541248639261
100000463	0.701425392012159	0.977628946423253	0.24944357331746	0.66393038253717
100020208	0.624497441885007	0.591559089248247	0.276634835051898	0.572457846610633
381	0.55151411215069	0.0713537758324081	0.107739417231	0.497205466686265
100010901	0.0788381502475849	0.0572675397393746	0.2481883565985	0.792333733110558
100001468	0.280388007473817	0.931307548136294	0.249820603659254	0.657933297188764
100000840	0.892766673424482	0.934404947868856	0.254384427185711	0.67164286933932
100020014	0.255335413148688	0.609295411137207	0.240855353183816	0.678707429856534
100001993	0.855279914206021	0.663742794200157	0.216137249272242	0.797146080355432
100001051	0.112862220943065	0.0267222081848435	0.272750946436932	0.356692722775806
100006116	0.415069639334664	0.525344457024185	0.25092042785457	0.666066396987295
1108	0.951299079048886	0.958958574354782	0.24537702468312	0.669781441443255
100019966	0.398835113365383	0.166302513952976	0.294511812533457	0.635965816833397
100001743	0.657629408769439	0.423451897685227	0.239340772418088	0.649751097235166
100001294	0.0917497464609605	0.137961220348232	0.161507528915079	0.7271430948546
100001609	0.198883612579857	0.0760837770499758	0.224988706863599	0.764314011628904
418	0.507194119409318	0.806208502457934	0.24960214440125	0.641171167272658
100001178	0.428514257643165	0.882522631841435	0.243427601112639	0.650149876828007
189	0.981723346848674	0.64846253154256	0.221645493436324	0.628182211744804
563	0.546565563791893	0.826178620095264	0.257762895661351	0.651347487470098
424	0.652432945099858	0.523289741532467	0.271629471206994	0.649150786195164
100000776	0.133301584898685	0.276027306357733	0.29028644804442	0.670809888417926
1001	0.913318400201173	0.49120797497364	0.254699100030404	0.670423234732825
1135	0.210727140246809	0.0804306181838978	0.219750874324696	0.719630847375757
100021093	0.334838201476767	0.451511303368347	0.291464292220875	0.689731670566253
100020219	0.105881844710938	0.207524448728135	0.254218506954915	0.551561177906244
194	0.456387256275489	0.844084702949469	0.252662560312381	0.640817238902118
100008930	0.783084498063586	0.717015781814738	0.263321078339428	0.650034689348487
340	0.54488240728015	0.179313690919157	0.137124176852463	0.755582238659368
100010896	0.957248630569567	0.770628978972799	0.233637908735183	0.670700155787744
100000787	0.233367007419296	0.113014842914508	0.24160041362104	0.385900558081761
100000639	0.0304870115333107	0.204242944844105	0.219734852413351	0.670263622851012
100001851	0.959819428244299	0.232877308449615	0.27245832633363	0.438048589733966
179	0.652823676470482	0.547167689048409	0.23862888743461	0.68122858221864
100000626	0.45087234660322	0.792151322184647	0.255009571928065	0.665197550301818
100001605	0.0104551782220054	0.0964037716353456	0.318989194126213	0.753108436084295
330	0.121927915835656	0.222556047917255	0.277585514731162	0.457639897205511
100001162	0.766842431325117	0.602766980130743	0.220125328681573	0.632207036523433
100001167	0.0305290668801123	0.212893450537761	0.236211225674925	0.641864418874041
100002067	0.492771152223184	0.699610338384115	0.337398758785962	0.5754504010286
100019968	0.407212144833184	0.183648202648677	0.27930016929035	0.566777877141072
100002014	0.97990085323464	0.981965182978535	0.245202032151438	0.679587127318656
100004083	0.390829433750352	0.11037368397669	0.276136625859282	0.519869353835648
100001315	0.313694289374259	0.373946317622513	0.261694947067413	0.734724191217739
535	0.228588407714609	0.595969377069809	0.263968394865769	0.656589293401104
93	0.266396965677131	0.181002857577381	0.27511729037662	0.468899975753566
100001989	0.353398331395332	0.565259663529103	0.222216123329391	0.715487286056756
100001740	0.230251749874021	0.717954187302539	0.256095231956238	0.646369972755029
482	0.143910384324729	0.783616640233599	0.246306236842517	0.636530171662452
1629	0.257794918345094	0.465591143714132	0.291772045987847	0.641753169976793
100001399	0.352087972395708	0.351081212740318	0.254464485208615	0.661557710887033
376	0.7512784455795	0.146025217384438	0.143219163293518	0.774871799293086
342	0.623353906919258	0.560123361943277	0.24404026743192	0.662261483379089
100001253	0.0236535249029782	0.165776611728578	0.204786833842005	0.883158790037991
100000708	0.649270041828092	0.808355487213218	0.261773143105713	0.670884033338768
244	0.199110803184462	0.0556431619189704	0.203410847316565	0.779671331184485
100006726	0.451562752360731	0.31411269347354	0.290381520963345	0.651043732679579
100000036	0.242966870905841	0.47756607219068	0.213120002717577	0.724652636539886
100001257	0.0214024374760079	0.0861919150525265	0.343678146684886	0.929609243172766
100000445	0.563995250656706	0.730173296178716	0.264270891346133	0.635470157635292
100004088	0.00593282429037349	0.163515819362765	0.285945892761023	0.731363592952349
100001423	0.998074320253408	0.752540141514296	0.249001007505387	0.637745893162349
100001276	0.283974187402585	0.215886920735751	0.214843818246141	0.566754204759385
100001876	0.867197258284198	0.845131543802106	0.240993939370445	0.668288142184091
100009082	0.658637257082436	0.0410931837197263	0.109523000376811	0.644856191091263
100001121	0.359321249565397	0.734964819048354	0.241865408036446	0.660165803344057
117	0.319219577885798	0.633157080375885	0.230285139334705	0.683935567186665
100001868	0.0401275905884198	0.117169949440933	0.296559998793764	0.672637373542381
1134	0.621809004875425	0.285647766737068	0.158947264771412	0.630957963181454
100021012	0.251407023734288	0.48711596102329	0.252603445235768	0.688142264996231
100001181	0.759632176392076	0.299451652391862	0.303331000217381	0.59832176880082
100021467	0.622530323440508	0.191574504485869	0.247635238299913	0.552454791194614
100000447	0.237873759710397	0.247011780453229	0.286619736112746	0.630167257321786
1162	0.000550280503198377	0.013189119747	0.32864757271208	0.567551363634607
100019982	0.460145558683321	0.497938348214372	0.256968153438785	0.650411057521351
100001613	0.985334561877849	0.4446356073714	0.259418535570116	0.633253779380891
100006644	0.41289876644388	0.639395538145525	0.230216978907082	0.690310740844582
100000096	0.421653697814226	0.0103661239071804	0.136963544664752	0.627343411283136
926	0.504861809520345	0.706451690798268	0.250627396561845	0.667738975388469
100020004	0.900816637083771	0.700607088817162	0.257745535435938	0.662629527057631
363	0.192520307348683	0.044939872485776	0.226487847462439	0.257194054341718
1111	0.365115642899371	0.94738991923039	0.246655148301036	0.725627963332199
100021712	0.453697184749187	0.936953010945183	0.244938825701728	0.669266713685414
460	0.854181632784446	0.706540456552595	0.256390203513434	0.701308461274693
100009331	0.327764434223262	0.202645691727064	0.219469273757209	0.692872751074376
100000442	0.279049550091892	0.756650388259105	0.265047025836881	0.67816614237378
100002945	0.099880355467812	0.0219328717624066	0.324841767270765	0.621738413418179
192	0.62157720490778	0.77987472241471	0.281086976940351	0.623812636201963
100020241	0.413053429442112	0.931103225173146	0.247333850511822	0.665460210403806
100000580	0.171406887035042	0.176857277427926	0.215489110595706	0.882744355740626
100002466	0.00699937488061296	0.026903848475625	0.197684365566345	0.415249856518521
849	0.735825092970791	0.510179368998771	0.253739350348441	0.60444234940873
501	0.47733670575095	0.348934068616692	0.276654614773565	0.618335449754626
100000282	0.588942591498947	0.140221617886694	0.309413226254478	0.554936587508381
100001577	0.0332309047802807	0.202722702669868	0.343262942547823	0.723772572573196
355	0.0935910271202649	0.282546188729888	0.203670484190859	0.561625291109276
100000841	0.822038649836783	0.957280283667067	0.264922928021197	0.662836176153751
100000846	0.829864854181121	0.346499929796867	0.236728315119449	0.657756504786773
100004295	0.766115815072929	0.283668822802187	0.217628074888967	0.59998560566132
100001586	0.103152774144647	0.0436142811682769	0.35988907071594	0.328433431771815
407	0.014840139681513	0.0320541195524787	0.285255793338427	0.740356084901511
1137	0.741699328225628	0.618349746044114	0.230963003170269	0.719113017602655
100021374	0.0296745820727877	0.0132002448493246	0.182256698322717	0.927891678402585
100001593	0.605595177671512	0.956508506047276	0.247379276268173	0.666484054740179
100015971	0.85488581699661	0.849817083253588	0.243242228155701	0.663164878269255
100001022	0.414644860686272	0.219924196204198	0.16023490499116	0.909061357726423
1094	0.0634099522571787	0.293818763850911	0.375602230082065	0.870184790171471
100002122	0.327295380711927	0.271371339864281	0.208848546655893	0.76441127766844
100000706	0.581790428004854	0.545717273234651	0.20963603219418	0.665341771180765
100001055	0.792773634293141	0.415539308983761	0.22154231235827	0.605947454026586
1235	0.426664932342792	0.573674514682368	0.226801069344494	0.713928847160464
100020204	0.0793936669487069	0.488133738356254	0.267873758027273	0.710924643398499
100015643	0.0277586053456868	0.255374419419924	0.269274059361387	0.61327872490515
313	0.023132161435108	0.267721049173769	0.260526581753451	0.602629278054725
100001413	0.842852252763332	0.819224168550467	0.238745101799297	0.648412948721933
100020423	0.0113758176970525	0.00727938260506935	0.26127090749922	0.312208702850176
892	0.486925757710739	0.17103859035862	0.269652071762084	0.691333161214534
212	0.0743041749610098	0.15480314959341	0.32775093091561	0.643536292157838
100006105	0.174286024203045	0.165894137046407	0.283894761361027	0.677832608004646
437	0.822701780409183	0.615868050328872	0.228040861908752	0.677851917493425
100019892	0.455767782735668	0.809101957647024	0.244590917466421	0.684572227165943
100005716	0.0619278886175677	0.0958336159268151	0.263729625581478	0.749164086103687
537	0.191759533987865	0.117886036520747	0.251586852626999	0.689207980266507
100001990	0.263633241887176	0.554954745016002	0.288412808598075	0.608431809079526
100003397	0.0378677034283694	0.00483448192291338	0.191508558842891	0.424262267515457
100001320	0.113748747908772	0.203519811981344	0.320286077376189	0.421673817160918
100005717	0.094836963545251	0.0680691990357615	0.287658562734484	0.698575888100381
100001207	0.0239075725566612	0.161316637447902	0.279592109990512	0.670717910615341
100001999	0.593544199236355	0.895919559634228	0.243996913272954	0.730343110155041
100002488	0.17004552072939	0.0178117782689165	0.282712224822191	0.596538133175335
62	0.293984809069079	0.828380792477604	0.242156500843604	0.66784166901794
100000467	0.799130538700742	0.575007304468488	0.242013080863249	0.646359374615959
297	0.00549772590589675	0.135569770454076	0.251018791375238	0.631586628837402
100000285	0.038369814076581	0.478171275828445	0.249702550111445	0.744917936877712
100006056	0.0649837746319149	0.406949570954207	0.25882015888744	0.704090712423112
100002126	0.144682626080227	0.280678380388604	0.193197570214747	0.97561484000348
100002129	0.70407882027909	0.866056511474478	0.243396878090478	0.738824328134023
100020478	0.0201155845728401	0.144037115071496	0.211924914792514	0.698556320535316
100004089	0.0891130110636535	0.623411766778526	0.262466515899513	0.629895782411026
100001755	0.530413817534016	0.515353765062494	0.247609317769602	0.613995769529857
100000551	0.0442360937567766	0.816814674499934	0.239328641369919	0.683638148878335
100003260	0.449963635791979	0.321736149712277	0.276632659217272	0.738977392107576
100010955	0.944237224992787	0.454129701145886	0.203540309136608	0.573277413130228
100020851	0.229368785630253	0.504087327169983	0.264672526031229	0.684195984799289
100016069	0.718757045585791	0.907589129442374	0.247595184119498	0.659059344765359
100002027	0.406250818290517	0.602508538324248	0.20651343978604	0.762884394029049
1123	0.329797091338866	0.184425556880889	0.230803024695014	0.792616312527078
100001150	0.705500852868393	0.979682330544122	0.249095629348187	0.665649097912014
100001657	0.298195127331322	0.707399174862906	0.246823638940507	0.648832738770114
310	0.250572782662032	0.32565955207997	0.214386771574562	0.773157729059043
100001314	0.281744079177881	0.103541347407415	0.223940153748552	0.534529981186249
452	0.750527240249746	0.693228799894307	0.275111768293891	0.641093891233039
144	0.0586693682015435	0.040995844175889	0.298115507169657	0.516727288084563
100001182	0.22321168129427	0.172340752251095	0.304231985047886	0.649010690883425
100015965	0.704251453646743	0.454998540504952	0.233659968826027	0.73644473672353
100006108	0.981227258281346	0.482264275029153	0.25612890354316	0.70213754851918
100001400	0.705194192019897	0.634958111184826	0.232419503090642	0.654410719693898
100004541	0.362836716788015	0.263832558420216	0.244046332803944	0.446629711702342
932	0.839632459759591	0.387773788122218	0.249737078979034	0.693413922315792
100001992	0.359820304970896	0.48854009498307	0.36716812325919	0.547455659547598
100009252	0.0695012683849333	0.0971933295405243	0.308573829247547	0.640042958056805
100021104	0.724300701937746	0.624784808939963	0.21138536322358	0.780216650072776
100015838	0.00617562298031279	0.0230647016997332	0.375873946290815	0.943242038877991
250	0.000956464121325079	0.0217724798481483	0.473469804442003	0.766244415047008
100002537	0.986210615665175	0.536850619337076	0.228243439965939	0.763947638720206
100001658	0.755653650173613	0.646959644010381	0.269786366100663	0.649729844749976
100020416	0.324375614207345	0.429806404052989	0.220779815364857	0.642323946789583
100006642	0.219887695968264	0.692335094633607	0.233000413242357	0.694043811604545
100001391	0.0617472014016482	0.218814927321835	0.33828844243588	0.812343346511017
825	0.607157462208999	0.561060046630021	0.211007644029608	0.679146278680614
215	0.0191790581216257	0.102201145719137	0.294362995785197	0.648776807826314
100001026	0.948296700276328	0.823579939376622	0.241734569976774	0.713488440462957
100020541	0.505544453577483	0.516442922483445	0.220177040999018	0.700680833163324
100001526	0.15002375214884	0.210222691952741	0.395654620320613	0.7949426521339
100005384	0.520555126487101	0.432403722897294	0.230275375487322	0.589052746854468
100020378	0.295164373766011	0.655855271973577	0.233536345761077	0.671456154641916
100006115	0.973400520145464	0.357015118209962	0.329684154253713	0.55232318857166
1442	0.222414926675674	0.0458818653500916	0.101687771918895	0.550538495490905
100001843	0.10258917766756	0.191048132223843	0.26210620188902	0.7526458873134
100015837	0.123126406132432	0.248206495582454	0.44983746536502	0.611423188963266
100010834	0.739171520040634	0.999686521686591	0.245555347377622	0.66561525132527
100001393	0.683553088160868	0.376945149792999	0.186224411615462	0.709095565495567
100000015	0.330256427732234	0.521931837345737	0.226701484548212	0.688606899538879
100003892	0.0587998412911756	0.0605898629795856	0.219887859670189	0.913071120229835
100000042	0.215609030692462	0.0293224888378255	0.2687526041597	0.579026411889865
100020550	0.483211742651651	0.17021855511234	0.265187123041905	0.547950676157058
182	0.424911551262322	0.31636099260817	0.237604184093045	0.687763729993309
100015723	0.0975772189124437	0.339088326786335	0.246411009011903	0.642437496545084
100020343	0.336374419895618	0.387755657878869	0.215402985309026	0.667261045725239
512	0.387494477651952	0.667954762735372	0.268744935502714	0.641010839713969
100021100	0.704050491919015	0.607601956079116	0.231252716087193	0.670011776203515
100002528	0.291331831251584	0.0672389734451051	0.292895011195036	0.441633123704891
100001287	0.382717907627994	0.688475184926077	0.351589780752655	0.595213376226537
100001229	0.992265031929841	0.714085378767334	0.261690590035901	0.633742202157415
181	0.344953825247619	0.791856566286318	0.239990973019846	0.694271447072341
100015831	0.00139269017082894	0.0188180366995438	0.335944675041735	0.451391710698055
100020515	0.280656400259153	0.427770525209846	0.194813497206307	0.825643862793075
327	0.150175326444422	0.191616417228508	0.304053343951528	0.60956308083351
100009394	0.638262165043269	0.676804874866903	0.227566561090834	0.702263210230447
100001596	0.990575619677727	0.278116603175653	0.225717670788085	0.513561892667412
207	0.796703386226212	0.467411276049891	0.257062499750244	0.622332941658451
2054	0.731791022040162	0.879974969094955	0.243730071472062	0.676566524265274
100020259	0.694888894469566	0.606184012858777	0.268319326029974	0.650832432885149
100020414	0.00175072721446089	0.0190663272450557	0.162286016867996	0.632338598172429
100021131	0.837786046541795	0.356880144422943	0.233966239654155	0.619553188689337
100004499	0.791934135778959	0.798983669654534	0.241344383714272	0.644303653373051
880	0.192713814354173	0.939689019827721	0.255646223282357	0.662876911288855
100002049	0.287299515036524	0.283430043408708	0.266602085248715	0.591706530780395
100001739	0.579894833067713	0.297546664515169	0.311034466139476	0.627919563911024
100001126	0.348679560660564	0.130653299676266	0.14971138166067	0.53033140214481
1113	0.560796063420447	0.690288333574839	0.266183373586738	0.613789231851769
1083	0.993902282759571	0.295011309105737	0.273892378712696	0.573712891406028
100001730	0.0778163270699331	0.188879518229979	0.286876776508593	0.542026366023858
100001412	0.605399736658308	0.978675655086351	0.246583212439601	0.669239028718138
100005996	0.670511771843198	0.66128472713608	0.23888942952	0.641477286295435
100015962	0.00621209637633863	0.0729181202777789	0.17894654175011	0.987008771440312
100020214	0.72692671292423	0.450333517010413	0.260906710953745	0.591966475480661
100002514	0.125836821192797	0.341832994726169	0.256855746891836	0.603410525278981
564	0.156669044148184	0.0423173066933289	0.208872620083673	0.534947509816688
572	0.0123461336536204	0.0110055933875667	0.364587466194445	0.512951695451039
231	0.990889397128105	0.607384002146261	0.222515993104305	0.681766496789087
100000453	0.851761818220211	0.770150372708393	0.236997857385957	0.693362820288384
100001007	0.0983880655098765	0.22545580575989	0.294381572237656	0.538940226961027
923	0.633283412441384	0.315527832306884	0.235062677731361	0.721074377246564
100001247	0.374709028070435	0.42516112356485	0.225984359038257	0.643531434231423
100000774	0.726916357163161	0.84782215299974	0.240046067642574	0.648930583636057
800	0.453722374321429	0.478199032431065	0.258989751333285	0.709419618607248
100021678	0.264073892409596	0.321274411565029	0.196765157116354	0.664939409247813
100021711	0.495932866948806	0.965672054665252	0.252629420711208	0.666454045660673
100001274	0.795979076698431	0.401223453487496	0.2363530809248	0.51548255896146
100021220	0.100938118003506	0.123142269749567	0.311270820313526	0.982852600308036
100020253	0.330993402164156	0.851461834222398	0.243007968827741	0.674877976826729
100001170	0.773272529145859	0.212041387403517	0.225992266015215	0.570278879644271
100001466	0.24989417537807	0.843585149843151	0.253656190199844	0.658305324176838
100009406	0.644596517571699	0.559161604591775	0.231325484898678	0.688000675725329
1026	0.21405511335682	0.470952060296651	0.262792383778318	0.633582013738917
100020837	0.676797026178786	0.416835358951771	0.281434941315277	0.577430707364046
100001006	0.0619001970378734	0.0795495529412099	0.232263406248874	0.788019007907632
100003674	0.707122043885182	0.119538746864248	0.241687880626879	0.65214184179465
100004396	0.354066536147351	0.474328495112923	0.280995284990018	0.573245412625983
100015923	0.581080305344932	0.992642462828954	0.257438292497442	0.664927040330725
100000265	0.481659265195219	0.778283391003216	0.249801283565686	0.643693637498661
100001409	0.0932544331030398	0.135781153265881	0.242344325912754	0.512895605222771
100003434	0.633099065724314	0.340499707055937	0.235944347572787	0.521120537982626
100001334	0.675897344450201	0.0912322438976663	0.309846606271734	0.551098382122983
100001102	0.740758981901255	0.720531935631876	0.255735648068582	0.641691988999596
1268	0.590560002811642	0.0667479365749761	0.146834193454882	0.616740430579125
100001300	0.266888828558614	0.1023340378181	0.219627151324495	0.670254967234531
100021324	0.236634926889662	0.709260659572046	0.322187731292195	0.655082647112351
100001617	0.238485556277676	0.231725199042746	0.253768541491156	0.70085842420267
1105	0.924344575334973	0.142047749684033	0.338583886213858	0.353417790189911
100021502	0.0443064282102684	0.207868003449372	0.233046141536847	0.696966355395391
2051	0.899214737228444	0.498991820198687	0.244987607916875	0.542106796009596
100001256	0.142591149503994	0.515905122704833	0.277543711038301	0.795553714209738
100005466	0.0702203349082618	0.0913717607974565	0.282602998229232	0.466655540363438
100002199	0.098062336760046	0.528777609566977	0.265230273586335	0.702417442482562
338	0.019889339410493	0.0649613362055599	0.398037615625314	0.445688793312178
100004243	0.541396460270209	0.717541156975533	0.234943029782533	0.671831506051441
799	0.421945046546561	0.992497235198633	0.261760985081247	0.664020123216428
100008928	0.498505342380567	0.0965582414826801	0.240400430094908	0.650419866667929
815	0.0623126878876806	0.218146136964818	0.245078083572593	0.746112008637817
100001456	0.00520507493783006	0.0645030818133018	0.235146265829995	0.583890584431591
1242	0.0843377590869897	0.099855981455485	0.296523609151234	0.476658032900312
100001416	0.296760714163688	0.109313288941404	0.167312474765445	0.416706144691033
100001462	0.340247953265276	0.316205057160172	0.294636638521304	0.62218410552655
1087	0.182514444118289	0.0408133528471247	0.255143296680858	0.627477427024232
100020421	0.0541399021667132	0.081748600478284	0.27933933778752	0.412445900545396
100000010	0.00439268779719344	0.047076749480101	0.260828850052572	0.719842942740744
821	0.527156035716575	0.405789138141088	0.272136056388717	0.526939343296174
100006627	0.278203699551961	0.178339923198734	0.342194523620792	0.570308061453856
100001277	0.393773239621775	0.185810510993813	0.29137594731994	0.624415410729134
100021141	0.0275584997567452	0.12047496279583	0.284357645992318	0.78616363341962
100021105	0.21345157793751	0.353973082283336	0.260341984853285	0.506863529654967
100001950	0.000383593202978089	0.00781575458464845	0.319191023401234	0.828845269562577
100020217	0.986091962689707	0.37413677373219	0.185276056961691	0.524026369758364
100006651	0.0203178071352116	0.109905920503045	0.287006262343741	0.397232993746283
881	0.973976209896096	0.460800329913164	0.234070152026	0.676858946950448
100001509	0.649358860013299	0.154962683430671	0.213688975524026	0.58354502870503
100021709	0.49943880165436	0.721590912473588	0.235785333388675	0.674138815093353
100001635	0.335362598091225	0.0388143878028697	0.273871226457019	0.615962829410677
100002613	0.437028190253013	0.120095078934651	0.227524014173316	0.749764979918297
100009329	0.473737626230284	0.598809952804477	0.209500823849321	0.831428921667946
100021123	0.881361707433686	0.649130449063137	0.254069722406345	0.592065168835831
100015760	0.241524774096244	0.155174039113702	0.199891466168525	0.699405929378057
100020205	0.4435973677362	0.549028841082261	0.280998176766153	0.539528423119393
100000765	0.654937712937754	0.620282202638835	0.239054211598056	0.629319978881233
100004111	0.29199759796823	0.141611660063855	0.273349912254184	0.634260650436428
100001615	0.157541633361622	0.910766933805555	0.245875756971824	0.663535393963285
100009227	0.168584170711353	0.102219599790363	0.351468030886893	0.809016234894481
100006191	0.383774406854517	0.606038394005289	0.268395018940755	0.617770061918661
100004542	0.351644923416695	0.313993631889503	0.256805899440384	0.714298115474798
100003686	0.344557822270812	0.156393882730575	0.346775870742688	0.605825704594141
100009232	0.0205856324119822	0.185209192433004	0.241768425183284	0.562350520965239
100001501	0.0361171088874585	0.071017155153927	0.329500946226893	0.708429031203964
100002367	0.523173796940057	0.282260704040318	0.231705137874113	0.525068281778492
100001108	0.298170422104449	0.760053866017995	0.244443151462342	0.656199267644087
100004227	0.671314497692573	0.930482014529607	0.245896744488855	0.658920424720435
100001310	0.167722724946011	0.269853636568668	0.228858074539937	0.781012325534479
100001994	0.92996050031213	0.992733054976496	0.277429466757722	0.695798804160206
100015839	0.00874572291294693	0.00811253723764552	0.334635156645488	0.760007825811443
100003271	0.00607242782029827	0.0854969487914883	0.324098312671598	0.475845751057522
100020496	0.966189694701137	0.856916843931044	0.239462000902741	0.678397935691728
302	0.86414747077933	0.56963598189487	0.226126019636467	0.641814313314428
811	0.874060551359553	0.826444864027311	0.242697453981649	0.689341189957033
100001267	0.96211722685103	0.731930508577878	0.228062195166229	0.659497444430952
100001197	0.0148835877013278	0.183921117546633	0.304545185745491	0.68579361365619
432	0.222062704634271	0.472416053473861	0.263800294894864	0.645242870043607
444	0.017527533034474	0.0776664682706268	0.290102380124262	0.793754656513304
100015968	0.313128800093746	0.301210399584232	0.239946559821118	0.580530569964798
828	0.829516143834445	0.93210007649411	0.243987180320477	0.667387007916576
100004054	0.225589623708356	0.69954450814412	0.249901270817549	0.676227633650168
100004635	0.0859989357852772	0.152256853499694	0.575240658806941	0.410566218362876
100000491	0.413652810567042	0.572722729387227	0.236830627182708	0.570026550071233
100000939	0.00976018903866503	0.00595588091280672	0.248040069310042	0.519211591981992
241	0.240953614804603	0.65453354713035	0.261714004283508	0.682212538328931
136	0.353917918748247	0.0643766493646432	0.212980375477045	0.852784550651029
100000792	0.662243412956945	0.950948057605959	0.257674156267629	0.680270534030575
100020973	0.625951996165247	0.656613858124833	0.262122880102948	0.64233099586225
100000936	0.903541329841256	0.70848831881202	0.242785104017607	0.66962945223407
100001313	0.00472908317734007	0.111151166476762	0.256589413970889	0.721399387930174
100001951	0.0339957016684925	0.0650875392242541	0.278480081810061	0.654705939176695
100006098	0.0171797343264863	0.09072852645519	0.27693699415278	0.77764450920537
100000007	0.197130598177579	0.445232711310138	0.253907093535677	0.671831891284439
100006641	0.872705930330571	0.818057539644303	0.27147305851345	0.666191208292989
913	0.00878713284410184	0.051849663823444	0.306612040169753	0.524925719844713
100001579	0.871722126941824	0.476631131717459	0.271123889933697	0.665296321138948
100002911	0.141469174991516	0.0149140591416886	0.319358985681171	0.619724612418482
100001293	0.257052693274882	0.373479308962679	0.215398733524658	0.802485858577754
100002241	0.153231219123528	0.415883352176621	0.261171426535857	0.624434916405001
100003179	0.309363169549515	0.0441479028983046	0.226109960681987	0.496559523824853
100021372	0.261226164399856	0.175362915888513	0.169150699251283	0.667530461447644
100001956	0.36669494284869	0.557744207176567	0.248606724162527	0.588462013760577
100021162	0.208437812281378	0.161375303691302	0.232884079179663	0.491348545729844
100002259	0.292721488137832	0.479182011452775	0.216757574708663	0.654593941627624
252	0.366360382162716	0.49851596614688	0.293858228522814	0.594266959816419
100000707	0.452162575761771	0.339469243824005	0.242273842497491	0.671910857805942
1489	0.736097736792683	0.0222853512591242	0.185005252914695	0.643435995931683
100020361	0.0419968646320765	0.119131147807322	0.281926205550291	0.93066709937203
55	0.702211818724051	0.896651851878849	0.243539110759751	0.674438693818977
100000863	0.254505733021606	0.252204252884352	0.212789632282256	0.701108988234776
100015840	0.167143516099252	0.098035469070439	0.333049677805193	0.624713172971689
100001541	0.14758037082011	0.070572958755197	0.162034154760892	0.655389428742761
100006082	0.161775225468433	0.0591662209360842	0.328260275545882	0.660696699709169
1254	0.664482560917447	0.866887396372683	0.245120858099956	0.690601929452532
100001624	0.590469927994162	0.353293435120451	0.234717547442482	0.643957002583517
100015850	0.986073840176764	0.510090524418205	0.314982831844418	0.621195559568522
100001104	0.00278298722426157	0.0127045762428634	0.275929334516291	0.949063846507305
100000900	0.128552709713923	0.444546775876456	0.253529077159855	0.667999428620679
100000269	0.31538488389829	0.122662058927315	0.16060763626775	0.624693609329275
1022	0.22618063475725	0.941236590065373	0.246781315847793	0.661062536763949
100005373	0.112115425888927	0.0433202243142394	0.201259736998716	0.695683062210814
100001129	0.169945658602874	0.843044558819554	0.24123937634212	0.68062918639129
935	0.00723290994332793	0.0746318595524864	0.334601434457957	0.505548089979714
100001262	0.122359703135378	0.167780693151158	0.252982609921517	0.69168926815736
100019978	0.300555369819686	0.64077393721724	0.240671786132401	0.651691678161556
100002293	0.734532340150111	0.811608217049661	0.248389572237656	0.665335109994149
100001426	0.215700938889145	0.276438508001726	0.25079566901016	0.509490264834721
234	0.0359152182030903	0.163032716826474	0.242793637753093	0.640253999815218
100005403	0.288421313143792	0.911418682762786	0.261335400243183	0.655455385838119
100001083	0.038643805140465	0.345040735339822	0.266889434571018	0.684207571182674
439	0.775181191140624	0.388601465565306	0.263413416964204	0.659721001113603
100001086	0.324042088046478	0.411397816872601	0.258214403153232	0.744401248813397
100005864	0.710259702832465	0.440240412028799	0.223884239587863	0.732869922111604
491	0.523828051120911	0.914961328856301	0.244556453199707	0.665747964235027
100002029	0.406882658713084	0.366265715766988	0.230804171928559	0.513266127243905
100002154	0.752466585409632	0.398255895413164	0.209742099954483	0.638298275795113
891	0.543710537290956	0.240079157856593	0.275441265512357	0.634632820582253
100020261	0.40990969509305	0.487284481459405	0.294452916964106	0.641206499897754
100001296	0.571667849611928	0.522621506413946	0.249489440372012	0.570395201377262
2050	0.574992249775191	0.501510868675516	0.262570461009573	0.603687399002973
100002761	0.391983896381962	0.750686680329502	0.227897933495739	0.772752416718622
100006614	0.9198375193107	0.5217148835256	0.216281443351874	0.759489519125348
100001597	0.947998473381872	0.122220153686661	0.150864907881939	0.466158459947306
100020853	0.753856114844516	0.878547392242699	0.248515555651091	0.672987980731545
100001446	0.31691835121281	0.524975837203148	0.224979525097672	0.657204123900031
100003240	0.334083507195822	0.152901759396278	0.285658178809395	0.587476115005375
100001502	0.0196785380187291	0.162151883386283	0.3051827675077	0.768851724020099
100020866	0.101499245454303	0.0108928571929035	0.146717879412173	0.477782511695309
100020419	0.0211406153318205	0.0578848211208709	0.26407442559254	0.382453805752455
35	0.532843348144354	0.308543321149697	0.222382243481663	0.613770974342252
100003696	0.0120814492656523	0.055469214869776	0.362371084273345	0.601610135176409
100016038	0.777257721758667	0.951539373407662	0.244347823369664	0.661072317534076
100009333	0.213042389788636	0.163032201836104	0.246883641461664	0.694975703640756
100001611	0.177466586325733	0.350339371555361	0.324248785948181	0.643904489175776
100005383	0.671979541786855	0.250300887226714	0.257655403758187	0.715246539606276
100009239	0.317154679453816	0.141237985309032	0.310967782633912	0.491156491275392
100009332	0.311940015370152	0.221297997085682	0.244731218203403	0.627170604099596
100001731	0.169091135977651	0.65117969541412	0.253032185908852	0.641155263741201
100003415	0.305893321048809	0.470692020934691	0.236681539189792	0.67697716230369
100020578	0.129704347808039	0.186768181537378	0.228839539703937	0.557246636542673
893	0.756529660180185	0.612895074163271	0.24419293767506	0.674157514187703
100000963	0.343520133497955	0.224497866313397	0.323995493052837	0.478967276698819
273	0.0879120095291527	0.251190568058064	0.288388180877717	0.657377472956667
197	0.534141431861116	0.472188454857402	0.240752727512531	0.5605335646315
100000808	0.256634910130616	0.198444293378199	0.227892812067508	0.831678206852788
100002284	0.675974260410679	0.401089117478251	0.167276979938451	0.610742879252187
888	0.969313206483499	0.121583832372804	0.265304052630679	0.645272271181339
100006435	0.503255830723639	0.289506975951783	0.18310084224445	0.99470508681562
100006374	0.226670008848914	0.630375816182775	0.252579102170512	0.655921954877061
100003169	0.547815124268688	0.944139116056802	0.243692484786641	0.661377716039892
1004	0.70258839884466	0.855823381161991	0.238755670779037	0.652040726480668
100005998	0.0828496364056841	0.768757701481031	0.274081244993152	0.681994037725524
100000773	0.66887480212641	0.624466493867031	0.248546709623385	0.649793831801801
100010850	0.0144243210231153	0.0900658224502171	0.299498050724049	0.534215604248989
397	0.895010679849941	0.347750643825533	0.178814562702776	0.730455607998455
100000039	0.0768435467909671	0.225378933949946	0.199737140200811	0.719355417901607
100020833	0.737387104194957	0.834470034746467	0.250254849068693	0.694384866563431
1021	0.479350218095899	0.365924648832754	0.234287409274307	0.702778256499869
100020479	0.409731555608164	0.614441050365911	0.250663648287185	0.675398172395792
100001335	0.556268402947561	0.359510646605632	0.278909822852394	0.636010896611853
100000743	0.607140987896444	0.997873910339703	0.245172997023462	0.674706552797829
100009246	0.170474111863591	0.64683309351277	0.2362710116391	0.69516432517554
878	0.0991750902283864	0.950694322566375	0.250451027140995	0.661667580527805
100021103	0.617127631448383	0.960664999619173	0.27505539325947	0.704640643959292
100021363	0.227812063256996	0.557448808983923	0.227584148867458	0.706028620676684
266	0.107486593807622	0.177665222913647	0.246931124859485	0.584090082092669
100001195	0.355913676151524	0.26544826171091	0.31316135231859	0.598158138843402
100019801	0.834309615980397	0.769499907658165	0.254685619956569	0.65450459738681
100002196	0.0517560276243402	0.293016149805912	0.26335894393678	0.676859132960841
100006370	0.209320309989774	0.882345605453247	0.240343363997492	0.670922617171511
100001510	0.0354532581457534	0.00404566673243366	0.210929440636942	0.765603809138178
100000437	0.446759251190362	0.451247516042372	0.229221470202178	0.732976804528251
100001767	0.0861497171769694	0.0255664498129608	0.298746334837765	0.728199832414935
100001810	0.409040935671241	0.46651320392487	0.260870752738261	0.837019365661908
209	0.0377756893465316	0.358672372431161	0.284989847548583	0.651381317088073
100001485	0.250606335163877	0.0997730227124983	0.144151188138783	0.591986759288882
100002500	0.124404870662107	0.451303358295342	0.249789142586162	0.63579750215081
171	0.0347215520274909	0.0251202922739964	0.185770808279837	0.668543617875398
100020487	0.840513520124224	0.972604258209239	0.254268451865569	0.673766234830286
1206	0.00727496894820268	0.119873430624439	0.248581032615702	0.715471007697992
344	0.00916481304979695	0.027478135896083	0.515276569959572	0.756577998729733
100001405	0.479371574516771	0.901046558768926	0.251304451211686	0.655886676569918
1239	0.959799923778747	0.568731151558766	0.272960704332923	0.667729106945742
391	0.0586493090629736	0.19892242785731	0.227490825952492	0.866619401130753
100006430	0.375834416048706	0.126897407887431	0.312695027854638	0.374023542521982
100001417	0.957624193332118	0.549847494970955	0.237944237542072	0.763756507571762
100002951	0.0909542360655475	0.700977347270736	0.245383461224729	0.62187436733774
100000014	0.549715361512211	0.70084809005628	0.243091736835119	0.69367886111797
100003926	0.603694519252056	0.536899690373232	0.26485522699855	0.648241467941384
100021538	0.518301297993295	0.374069379590507	0.290120348349608	0.581259485696854
132	0.334336290311917	0.932800574905861	0.246792170428264	0.664045366825025
100001425	0.575564185422492	0.580020385589591	0.30313173785514	0.609102765314475
100020262	0.636190022435033	0.684481993974975	0.263637071923237	0.653180265619576
100002679	0.273219775520155	0.487684888191461	0.221124432943313	0.789222782602489
100001270	0.653575478452684	0.692625627650826	0.250048380490693	0.648615845471466
1102	0.875065422778523	0.954014111976459	0.244492595257572	0.673570401094187
331	0.273072911971252	0.226212877111872	0.203048176129847	0.561699971693079
100006361	0.475762661996086	0.589896769102906	0.224825522102637	0.742040820495749
180	0.738714581517426	0.992861120071453	0.248634102793982	0.663977366246037
1053	0.26882692226667	0.441167601697381	0.380431548773835	0.732022239358826
100001359	0.67089151786529	0.93029037999307	0.245872006196839	0.689957536409476
