chemID	simpleLRM_Fstatistics	multiLRM(chem_sig)	multiLRM(sex_sig)	multiLRM(age_sig)
100021136	0.0248930553821545	0.236918294986589	0.308157157184158	0.764357754648407
100000882	0.827806900436531	0.659358923050839	0.285712662921146	0.64541311835326
409	0.0820087567850801	0.170268050578799	0.316617417113005	0.428983783814673
100002254	0.686847513807597	0.0434169661694602	0.185550884941521	0.651716341774969
361	0.007599052152201	0.101831961933566	0.196377435705751	0.644634845943131
100019975	0.548649363186439	0.71241786033894	0.275472382762065	0.688760233358734
100000257	0.000643060914244583	0.0191681734866227	0.276788500244489	0.60495161628838
100001232	0.970978785347489	0.946429560944485	0.282969577167068	0.668539561507842
100001948	0.367915407301092	0.378438948092281	0.295806916861401	0.535882510978446
100001073	0.604126441934204	0.672893997054294	0.343876909483633	0.59907228572675
100015637	0.932456831663133	0.45520825975431	0.293319430433447	0.66640504061883
100006360	0.623348140202882	0.692745042271713	0.260048934261115	0.736644584215629
1488	0.541314988016041	0.594567848111931	0.277678646515773	0.647162504133472
100002253	0.843101516050832	0.975107985876425	0.275218121885913	0.67697001289194
1023	0.961955623257365	0.700121841840798	0.271528773618552	0.655084791024106
100004284	0.679131041309375	0.816853184829422	0.269918949966394	0.678996602878985
100001251	0.652981612501033	0.975662835775314	0.274338186940831	0.671069641322003
362	0.723112680275794	0.474976159636498	0.248420671508579	0.665523391361024
100006620	0.764368918770993	0.879792832263286	0.275153070565805	0.675941251152097
111	0.361737424549988	0.166472189709748	0.231408342466702	0.643339644693416
100009045	0.641582945532989	0.275088557465089	0.227434914747646	0.827806203914886
100002927	0.725254295254856	0.864293758011592	0.270026179745345	0.690709285931073
100015641	0.768722267593088	0.894211976397571	0.26982571326744	0.680945384778172
1114	0.109133178099097	0.944930972589626	0.272483086458449	0.675145289509734
100020409	0.355713482107852	0.371053763468694	0.275289776046568	0.545235831869964
158	0.127853449306601	0.251162136167247	0.349879062688666	0.701066791756994
1224	0.0508479404860583	0.191143546314549	0.213299704505353	0.710939364898349
100001620	0.46901582277477	0.381453325335483	0.237974520395226	0.674614299074185
100020893	0.279775599411597	0.0590348303267037	0.253029080740821	0.395401278888545
100002458	0.749811378932414	0.564421876958308	0.314729781024264	0.61759297613544
100001112	0.807037799272877	0.988389962937974	0.274037092017072	0.672413831727308
100002953	0.412497976964953	0.828663708906224	0.271816782617478	0.682398158884458
1141	0.400487053795004	0.0556680383552548	0.355160111974888	0.495486254083027
100015834	0.457081123897645	0.993555591898124	0.275397874313246	0.672241026851912
100004561	0.61763391020958	0.89060785188089	0.277602053370444	0.668595886510785
100020497	0.797324272714542	0.752278397397346	0.261387865676046	0.696286838237155
498	0.0473774437210457	0.303012988862184	0.271602109650809	0.750362976255329
100006051	0.867181092446545	0.849732236778337	0.27797872617464	0.668344255318602
1668	0.659363080264177	0.517783488117566	0.269852197617319	0.610815144266549
100004523	0.423046374438863	0.874630559741073	0.282539427303416	0.657803715869808
100001604	0.241503715822029	0.531539877447106	0.270628384813137	0.716534197053089
100001002	0.174121442114638	0.537464339079996	0.286932469385755	0.658919992625157
100001987	0.0591356077930552	0.267332863319782	0.807679177005685	0.532540789079538
100002462	0.605226675304287	0.334830768487714	0.332053912663542	0.551918411126877
466	0.585340133801713	0.0700567356990205	0.301381123560542	0.648314298622711
100000665	0.892950912646635	0.439723101174565	0.308528267181696	0.617212042834926
445	0.95026693235431	0.432230108177296	0.30414010013429	0.722251792790301
2029	0.150900664100361	0.506041411060647	0.291506327524606	0.674481455291544
100006438	0.122699583803101	0.24482472386533	0.321337621728346	0.685448063835557
100001398	0.160640119176745	0.589888835254036	0.255659720193302	0.692322368104163
235	0.430855270329197	0.465729306665705	0.243982324931432	0.705722764737684
100000997	0.704484138849384	0.696852620962562	0.276696787210489	0.649871120958024
100002094	0.259536316752881	0.216126455668135	0.230947129523628	0.536592224169269
1052	0.627114644865564	0.935742109119989	0.276500178094059	0.690568578471856
100020823	0.328113648658067	0.587730644167794	0.257691981133254	0.660960169756552
100001806	0.274212739078581	0.619894610149843	0.322205466016602	0.682043108774594
100006092	0.814091177030642	0.88476755939716	0.279082322029155	0.662433984873785
100001415	0.104618922684371	0.0729455496088236	0.276810647517335	0.39156513366285
100000008	0.0406517747302689	0.0723111913673517	0.305708234529858	0.508335506886949
565	0.00715758309714535	0.0477939759401485	0.273115751333358	0.750714267147213
100015851	0.145834761030605	0.184938502540488	0.356145068722902	0.811244140316908
100001866	0.533135664220547	0.886721850776907	0.289382799793158	0.657768350792628
100020546	0.00243950694410397	0.02779083826146	0.506045472156618	0.867292874712269
100016110	0.555730958139316	0.417544403709832	0.224494872035151	0.770077342534427
100001254	0.002955232089132	0.0124891756737621	0.358165886635673	0.887363996438605
100006260	0.39721630573681	0.822911831489853	0.278666805974018	0.669002720345311
826	0.669338271886824	0.861045186835891	0.275070819100886	0.66727170897188
100001872	0.454468346282484	0.826392851508474	0.275311863602717	0.67201870752807
100000263	0.338747529140416	0.380647280638627	0.340927737079391	0.6647246335376
100021198	0.82127814192239	0.0598071051168651	0.186227480568282	0.383541581992996
100015967	0.0346195690307028	0.0893740792330777	0.342133600978289	0.49428058607191
278	0.13813062473341	0.256825168088675	0.25673031829786	0.960362750372663
519	0.731408954926282	0.327907267543907	0.329424309307343	0.608025251237228
100009337	0.105902413178087	0.319730878398709	0.373349832885284	0.657893553750119
100002185	0.366557493582749	0.882818370403883	0.270283579922951	0.660668116844309
100001278	0.381310171341244	0.265801984415479	0.339170147824273	0.624576418436541
100002103	0.836190931697114	0.610280261660271	0.275230727953181	0.621883985113499
980	0.774762865206807	0.440551237675688	0.304604684205588	0.652712647964037
100000016	0.85812508363721	0.436006129131458	0.271147489218051	0.646264071409381
100020372	0.18232280724469	0.491096232854565	0.272376762420387	0.610279456167728
100001662	0.733517653012384	0.139666780929375	0.109391584772009	0.681355492771295
100019972	0.931500087338919	0.681375246282016	0.282298431903086	0.65903178507862
254	0.761325164557234	0.722001043006272	0.272203435537645	0.675772762635985
100002009	0.65460505110636	0.691612083206874	0.271758149025514	0.597580412971787
100010895	0.420796710850317	0.522200265219307	0.321612984930567	0.650499248042171
1140	0.917082708636286	0.962208855617495	0.273247971546788	0.66969021235508
100008951	0.628485858514076	0.536561563182848	0.293766709203306	0.634269135059596
1084	0.359173150310383	0.817985525429428	0.274123124873787	0.712583156978206
100002796	0.115684168936399	0.415074707547473	0.245781785520568	0.618985408463085
358	0.950576675749629	0.944975891422107	0.273261873783178	0.667875851321129
100002070	0.813447506569021	0.706571118202221	0.266804821020567	0.703272342954017
1628	0.371889853102032	0.136491622325043	0.334440245435927	0.657239170223898
823	0.701070706960669	0.540188639181383	0.241281656434194	0.729282623086463
100004414	0.459483748793658	0.0901422650889845	0.359192933362625	0.807070033581723
100006129	0.678194977181222	0.664288541062173	0.256953795402729	0.688117113037556
100002028	0.666866700801126	0.45053784679558	0.379323798087877	0.480961863101897
100021707	0.508764598660409	0.635726092674806	0.249196076903175	0.72248186022674
100000054	0.515703905484535	0.466719712763623	0.266622554492387	0.696962510939493
100010869	0.476060847169682	0.230233478958665	0.284059712803177	0.543003323146089
100004575	0.0273758180981658	0.102988145996559	0.349025961349575	0.996980813385423
100001212	0.991031689246969	0.672869169962689	0.277689230908675	0.612853653748491
818	0.212045178400071	0.556271130808052	0.31547409858519	0.624224582727914
100001092	0.00149056365132389	0.0204739051876697	0.270429491035538	0.657335780151354
100020371	0.961042414141863	0.902706525717716	0.277479320042186	0.670903119681399
100004112	0.186063605380297	0.497399508621811	0.292558473702388	0.679323822446614
1125	0.470222425905233	0.366060533448903	0.303972775964874	0.70667801529625
100020491	0.944575887891513	0.573045468622818	0.239389171824177	0.685609105674803
100003151	0.00228836500648206	0.0231626960488184	0.417193816748991	0.552481755688753
100000011	0.31992464244714	0.147424556767975	0.202696096081576	0.780424228544433
100003594	0.480389595192784	0.998865556059528	0.278899654424385	0.672568980820844
806	0.764692956440669	0.157381966991547	0.272019310251697	0.476809357382787
100001211	0.946772892240952	0.55508725456118	0.284915962009135	0.651994473642638
100002417	0.591817398492233	0.591460439734201	0.26540589834059	0.63734532457736
100009335	0.539649334406897	0.20127055012909	0.223680199498055	0.695166560411803
100000781	0.700168587941867	0.971585370678478	0.273858599630456	0.670951417515267
803	0.0288450352682348	0.0322239540842679	0.261952216664788	0.548167994434969
50	0.499163239785803	0.7102088302449	0.280589382048212	0.656279535654139
796	0.429930190250284	0.0494411262475105	0.304576797128221	0.657315006188057
100005834	0.948462382768579	0.63643562587832	0.320608864173248	0.667433890785262
100001580	0.948995047226559	0.517148208248102	0.297617990218015	0.672869746547949
480	0.77994392822024	0.615917106796142	0.245875928266964	0.679240559853073
100001540	0.243689511139213	0.745433526890095	0.35052007359228	0.746635382596203
339	0.560892139839267	0.118374324123862	0.248429773920365	0.581353329867327
1110	0.940831914445654	0.945313486812098	0.277237010309536	0.670153315290637
100015836	0.167588708738491	0.185545136219882	0.404114475635078	0.842458725155872
100009271	0.533586070775564	0.514222897391296	0.308397581091397	0.652131511884304
100015638	0.996800775808354	0.432254858815969	0.288272532545388	0.652796971714765
100021667	0.930289330066093	0.48470633905048	0.313661696434563	0.652747472753778
100001279	0.601716422228159	0.376145855646422	0.297641026422434	0.793982217804066
100004208	0.0188808588032556	0.117809744634742	0.42084876664931	0.791368439756714
100003695	0.218688668403424	0.148558317498874	0.296766373955218	0.461045818187434
100000802	0.779539239523837	0.905191263529501	0.276046774237512	0.668575948746274
100002769	0.868356770084463	0.101881276798102	0.198830638742026	0.785674037826736
100015835	0.105942249170335	0.305107564416855	0.407960583873329	0.865619425127272
229	0.862313128423677	0.377690190593118	0.30996173190289	0.665875012616422
100001266	0.00630595721881866	0.0262088293645827	0.350308213164071	0.971227662975708
1342	0.294904145514406	0.346424495469382	0.234892372809675	0.690107396464016
100002102	0.84318555383672	0.55775537537249	0.310731420380074	0.770440415238721
100020254	0.16827381242174	0.582755939104912	0.267482610924437	0.69916262352428
1231	0.462748665176593	0.227131747720169	0.329904821077082	0.62357858964636
100020492	0.99171207650491	0.904264970198915	0.271565537299102	0.670969479878944
100001402	0.385507796471194	0.574675293416056	0.304411344991301	0.676585689547708
415	0.00532862300245554	0.080376470907544	0.324676657086444	0.732216271240443
100003109	0.998096277334337	0.947885870001821	0.275504465086361	0.668146105626199
275	0.547820293610996	0.841319252685973	0.272464462647641	0.659355965233485
1143	0.160094529680409	0.072212642017804	0.249140648964592	0.772384811750234
279	0.399209328830644	0.350179368285298	0.274790050824083	0.541375813301448
100001198	0.951197994574273	0.987927212017994	0.278406452107002	0.674143899521473
1648	0.395269296589541	0.964178900501672	0.274775929507844	0.672590552468123
100001590	0.317186433438656	0.261004624298511	0.262536301670968	0.587038761331311
100001733	0.383213823478239	0.860107239030215	0.27128432679128	0.685527547921574
100008933	0.0145185960249294	0.00202000088136402	0.380513717468498	0.626716385178457
100001550	0.342684675011121	0.504882827049727	0.259029441092091	0.620957335175221
1215	0.0672206612500913	0.217352513704437	0.229976210353538	0.626162073547479
100002356	0.269535542575046	0.109010051058715	0.331837881638133	0.680073274168539
100002749	0.694690434863392	0.757689160504965	0.277548202846262	0.679845152474573
100006379	0.158510151267155	0.158955758478557	0.320464552275411	0.420585478605458
100015966	0.0786463908782243	0.152970207013591	0.299767868197466	0.497164891611669
100001392	0.661547480547723	0.947581004371624	0.275822161692054	0.670789325022117
100020425	0.125797245231348	0.0475838618672206	0.228757223770837	0.430004757651249
100004299	0.304838478218126	0.792006230027728	0.292265446294219	0.722606718431238
100001734	0.57744360037777	0.516854898528143	0.289295968061404	0.609869643205008
1002	0.842991159825667	0.824250615561392	0.275455976067549	0.670758791150802
100001337	0.307044407135262	0.805583728215904	0.261897875476988	0.673227804268007
100001452	0.79729253595472	0.785096902780136	0.272637362472169	0.646705067107321
314	0.52479800130165	0.380330792348013	0.285282498894693	0.690178904092886
100009264	0.994971775802364	0.540033808947508	0.218711749590098	0.79523983293707
100004634	0.446945403401507	0.504972559844303	0.246923282866057	0.688494973178003
100000711	0.716636518044446	0.691981258779291	0.304346644666549	0.69686019519432
100020536	0.0197510604469315	0.0909309261078098	0.338682419021784	0.778936850540599
100004318	0.30809313532942	0.560719531337902	0.282106789534429	0.667024236289906
100005850	0.886120687017532	0.478516131630281	0.348538220473521	0.618919896558201
100006619	0.318943683059078	0.147001193678408	0.31169297349311	0.65815644311375
356	0.463232378541662	0.638306779650336	0.263329111890472	0.689428498134632
1221	0.568063081979053	0.575748238189638	0.355849735681532	0.710866846818016
100001397	0.767537691374851	0.757905374741066	0.273870783064479	0.663870300689356
100019981	0.619816484016805	0.89747526645623	0.27792566940335	0.688350472017398
100001208	0.428202005462174	0.249752363461842	0.239487526599448	0.957171781468389
503	0.0108011213094772	0.0101074966941057	0.1670753487485	0.509841866633479
100006375	0.140194264544901	0.604002119402456	0.299902276848294	0.650064895460288
100001295	0.731700825637689	0.633359078523399	0.267834272700174	0.758151735990866
100020427	0.0525270783783131	0.0261995702624323	0.265070447141744	0.372000195222742
100002784	0.50055569793397	0.369101907656567	0.233474100777473	0.739887268816935
917	0.0559108673847634	0.201868271182456	0.301712305713367	0.621521556460046
1869	0.376644914052568	0.205682520830154	0.296240167565137	0.554865258084765
240	0.241257787833395	0.105403696411786	0.172309184621366	0.475838055650153
798	0.00494541836528737	0.0884495049602387	0.408872543629109	0.603696098331619
100002952	0.259139676847711	0.501574608547884	0.273845438485508	0.751048493315568
98	0.63255665533107	0.840772556627628	0.289774908014138	0.677365319740191
100008998	0.306008717391195	0.33731918806705	0.217942330508789	0.737595390262202
477	0.87673614581614	0.296615690454293	0.28030042292518	0.667431182399369
100020545	0.0835028656555252	0.138828363634375	0.317800094606594	0.838732283894948
100021666	0.988678612237651	0.231544356292767	0.313860484227451	0.663969523246881
1256	0.525465840158765	0.704488068009723	0.31917900484745	0.70688673921502
533	0.327762670515794	0.079747413433732	0.194693197174596	0.427008902128956
100001757	0.44155045565761	0.91428899283665	0.281872638347846	0.667566421665084
1024	0.305311190836768	0.0860127939761962	0.183813407329812	0.861078736778052
267	0.464600325610233	0.980388384112912	0.275941917654615	0.671133162632837
100002113	0.104103190664118	0.0903227632573131	0.265659873664006	0.697090130729816
100001756	0.852547715070449	0.728175202674042	0.286118510340192	0.69194359301935
100001193	0.447455251801856	0.185790949476585	0.342079915849876	0.618903862592631
100001668	0.68381019766393	0.989249961257825	0.275697663205421	0.673680902101102
1124	0.323763094422153	0.306743444761257	0.24264173298421	0.766254448978669
100021331	0.171386060988617	0.325667097476954	0.257263687556392	0.712225555938395
1090	0.0612147690483373	0.0420917198195159	0.261109440400565	0.816924319322224
566	0.839180227506958	0.33207073985958	0.205921527075424	0.676304207144479
100003119	0.461981815366631	0.284279382120532	0.306335656507313	0.609519010938863
100006367	0.756933688469156	0.563202464482993	0.284533694396829	0.651954737748551
100004322	0.213769145577843	0.241280010608433	0.282142679911013	0.758373817865046
100001034	0.668857524225316	0.846585792542204	0.271796202681822	0.664697006767279
112	0.924465831043176	0.920849252857293	0.276287124754183	0.663771575557655
507	0.734397668008029	0.777187613343971	0.27342437315109	0.678703531751239
100009233	0.315103133304161	0.191549590756292	0.252967177374794	0.690416495848159
100000406	0.0173773771415697	0.138585715899778	0.439272157482297	0.478911536770865
100004046	0.357720940128148	0.397968459387697	0.175882203931417	0.606436390875669
1025	0.767765890902823	0.699007987638355	0.264405853775428	0.69097794077694
100001106	0.173909624374809	0.177057868471933	0.22701079447628	0.704499921893778
1128	0.0275140229276805	0.574700578477878	0.305410829783492	0.720389009711906
561	0.0471362543336501	0.173141871141164	0.190823562429383	0.590606719764799
100001614	0.863360302792756	0.36999406174177	0.288710433654994	0.647653136033021
100000961	0.836778465763069	0.97676155167359	0.301599297115893	0.67358196897497
100002397	0.899097577773001	0.62217189951995	0.274609670377542	0.608650236702013
100009407	0.972871957897333	0.99660442912618	0.277101973053059	0.673557947253634
100002910	0.90915798621467	0.59182159724404	0.25081566478263	0.606587611253555
100005946	0.258690732978382	0.346794006639941	0.316989294844458	0.771394234474905
100019794	0.0922278394617052	0.284369782441723	0.276715700888392	0.831800430885393
100015759	0.324013594216023	0.100600511461806	0.232944506270832	0.67760882802246
100020417	0.720061390858822	0.602294548639879	0.26141288699208	0.646061343931245
100001054	0.717896213067232	0.965079281622602	0.277437967558739	0.67228503291487
100001437	0.314664788723137	0.328731609605039	0.22948448468553	0.599333586153474
504	0.242435604827366	0.700915481618023	0.323937028911716	0.681848612928847
100001988	0.465597781728668	0.664809211610403	0.269374088861862	0.822857083955495
1082	0.0281926843701933	0.60350561397323	0.306728662154358	0.701519578407066
100001403	0.314040209475627	0.338989492069143	0.305955645189104	0.653625817168658
100001664	0.934052341933463	0.54491539597132	0.26075180381699	0.845494551003621
461	0.269152862246693	0.217629702492072	0.438872799686432	0.64711019841928
100000463	0.688121879056817	0.988799276974716	0.279077052904691	0.671716912493062
100020208	0.578200758603793	0.538854993483228	0.310521825933948	0.564614076241236
381	0.535853677741956	0.0661940262105908	0.121994015809539	0.503791971535137
100010901	0.0819761041223025	0.0731847443488746	0.275044221773267	0.788358185676214
100001468	0.272247135788409	0.995583938557703	0.275822409883946	0.678023351519669
100000840	0.93920434891899	0.887679201816273	0.275824824946429	0.683740955542147
100020014	0.242184348152713	0.595402254919524	0.269146153817151	0.687116317534944
100001993	0.779228126001028	0.610474038059803	0.229925346000359	0.823519143490922
100001051	0.101422439239616	0.0204398578486554	0.305249859113303	0.354002982772621
100006116	0.379846458422071	0.510420199538481	0.279424064454128	0.673241824599608
1108	0.957814590207743	0.96695212631787	0.27456723780163	0.676643939928318
100019966	0.35566189923392	0.131016071607815	0.330068632185386	0.641977572363178
100001743	0.624927764307696	0.418924078961756	0.266390135775012	0.656285562566293
100001294	0.119878242153028	0.186448850950897	0.195884541174615	0.729531093525014
100001609	0.260320232968289	0.10952709703774	0.259587818598952	0.762647620498172
418	0.797692101036329	0.958076282844562	0.275329164287655	0.679605065584993
100001178	0.361528013886286	0.901499822719537	0.273207210834203	0.661121812203939
189	0.980191750677915	0.673514372822948	0.25078281776968	0.63859497310582
563	0.512267363604569	0.79325554932154	0.290471110469595	0.656864171841317
424	0.593012239002173	0.440445967540561	0.307198206876169	0.654375961155043
100000776	0.129578668898522	0.31427892455292	0.315338208034967	0.675461751392455
1001	0.990635567819232	0.478225860448218	0.281177808272169	0.67600458272128
1135	0.322029036316799	0.0947189826754951	0.264189929257537	0.732213248897648
100021093	0.351047177913815	0.491221943890255	0.319457212838193	0.694616069129168
100020219	0.118324208183515	0.223060712689582	0.286922590260973	0.564114812481917
194	0.459614363605307	0.834840502627215	0.282423770814738	0.646215142944148
100008930	0.706005880071491	0.614933791233882	0.2993392563256	0.652529991097543
340	0.616719161477563	0.232481694790096	0.16998176478241	0.754192444834296
100010896	0.921049110478877	0.763718921508533	0.26121605068811	0.679221305003352
100000787	0.210788244584769	0.105583119625129	0.268386197160765	0.385734431114804
100000639	0.0309334663689181	0.217846280562941	0.247910386666854	0.677938588981418
100001851	0.956414297744696	0.238717292672959	0.302922246532971	0.446118636398051
179	0.573607410628229	0.606454872669123	0.269259255593686	0.686886912633158
100000626	0.408724118762051	0.749824516830746	0.285784123256249	0.672934672099093
100001605	0.00969418060060906	0.0820205674590138	0.357532291229838	0.766731719362895
330	0.250543515709822	0.429703954516512	0.304528725331381	0.54347954476177
100001162	0.747251211443714	0.597103813541653	0.246935777487963	0.640111834833642
100001167	0.0429219152302989	0.236584231910375	0.271041451543918	0.654740818297223
100002067	0.569556520164381	0.781340606915695	0.354091438162104	0.615344598775185
100019968	0.646155722277675	0.366109697930455	0.305238880089092	0.608695775871582
100002014	0.949035936082938	0.982168721429922	0.274220840991067	0.698779981444517
100004083	0.435721930397692	0.132332798764459	0.308550065525412	0.535191259988335
100001315	0.30029244939425	0.378872261401807	0.290144651916558	0.740499781201708
535	0.230719280036595	0.545260778323873	0.297828545889626	0.664482987389717
93	0.414999705645846	0.261378894856208	0.311900083411535	0.513026222882802
100001989	0.362399902633863	0.617223216987312	0.252819598022312	0.71625497931327
100001740	0.754849845951613	0.405241057607205	0.250220413583639	0.691810967476783
482	0.207539715330439	0.952357423921572	0.275032532931135	0.668581226157014
1629	0.260796353328259	0.415332881745041	0.330343037278855	0.648521500118592
100001399	0.463956091844413	0.384153887787861	0.289815438977	0.673336828624296
376	0.807111668946902	0.154482456418187	0.167202109801287	0.782650635541283
342	0.591181930066635	0.59081328229204	0.273471271719738	0.670044759556044
100001253	0.0251800706327326	0.176956841147324	0.232524233403912	0.886094231504933
100000708	0.619223735110915	0.789517636830866	0.292582162088476	0.679020164975916
244	0.192859427020681	0.0518391007122682	0.228202857123869	0.789885215175253
100006726	0.402847951170595	0.272726071688232	0.324688342609811	0.656982697800113
100000036	0.171535634646263	0.65362067536256	0.255128940796	0.710534353832467
100001257	0.0219317219062633	0.0824292399355278	0.381897434352354	0.94155475073785
100000445	0.629285061392374	0.629678021004063	0.300397453194346	0.63086323095427
100004088	0.00424494941903031	0.12191603227339	0.319340989907492	0.746980628913733
100001423	0.994187351672605	0.759492836706974	0.278246363177549	0.646135207049641
100001276	0.362015228736118	0.271448693994027	0.249163882043461	0.587035906344582
100001876	0.788673282009015	0.906893303205574	0.272031031499655	0.674481522758676
100009082	0.619772513739733	0.0385610326392901	0.122487363929559	0.651158388915421
100001121	0.341000172703392	0.725147848862814	0.270338747776517	0.667758967167612
117	0.317825192576788	0.629526104582648	0.258085025541672	0.692292631157197
100001868	0.0351113558547543	0.1082274057706	0.328453398117162	0.679654449327595
1134	0.674965703926248	0.289484224774924	0.184188675598466	0.643249234984434
100021012	0.251896651237734	0.472418529008057	0.282891153532157	0.697207409102332
100001181	0.761889722946111	0.26009037491224	0.342670565197421	0.602555703594635
100021467	0.730691698597134	0.292849320526432	0.278278858229508	0.581745753761748
100000447	0.231874409035088	0.244457192424103	0.318139309915141	0.636899499735995
1162	0.000473079017961088	0.012536501446631	0.361767948602386	0.573151854032545
100019982	0.48644655537591	0.474464744989864	0.286222994752387	0.656411468533235
100001613	0.989056924160658	0.443266921659629	0.289602938943884	0.640614793031296
100006644	0.396075600964762	0.634508440033819	0.25733412388909	0.69834005898435
100000096	0.577996664892965	0.0257493094256124	0.177751662396078	0.641026618556429
926	0.51018483121831	0.678567574370723	0.280624967654932	0.675902895848278
100020004	0.847697010208081	0.693431645275017	0.289095334124328	0.670966040013291
363	0.181995276236154	0.0445732050078707	0.253571268875015	0.260678751884177
1111	0.389611597557974	0.99018418298408	0.28085024353414	0.704574721710442
100021712	0.674883945832385	0.806775974308991	0.27387864612811	0.659001437016799
460	0.825354978833159	0.686265765361351	0.286269337632604	0.711203464565263
100009331	0.334892645708991	0.205046717040211	0.247232952720773	0.700984165123355
100000442	0.251920000678275	0.712946358695871	0.29723565776081	0.687990423187919
100002945	0.0895623173111763	0.0167413175682902	0.362038986700868	0.629027979826088
192	0.884691469406921	0.929858180315506	0.278514254565922	0.695935723901924
100020241	0.42973827008343	0.984758132901332	0.274916274715978	0.671987519658579
100000580	0.129958205412918	0.133747954101627	0.232211082273539	0.909701334636309
100002466	0.00827672442678141	0.0266564734791602	0.230687639018206	0.430129274806907
849	0.698095145135687	0.586552589563143	0.279270999411575	0.622110037814097
501	0.50322328456622	0.383259094283128	0.306049055602361	0.628671245107632
100000282	0.682849456165506	0.137589422921704	0.35047431655316	0.568903832145192
100001577	0.0284483948113352	0.176431349608561	0.382510775044723	0.73465336420856
355	0.0915179441622496	0.295344410551312	0.230639766924382	0.5718772099898
100000841	0.772382668462881	0.997933108981949	0.288675044149969	0.678723246252496
100000846	0.817275359908401	0.349916195273515	0.26532282285034	0.665411257868533
100004295	0.887864852236095	0.394735668994874	0.253047005785436	0.621409333915566
100001586	0.103039022300694	0.046507735092821	0.395041205973551	0.336746705283836
407	0.0118939413963458	0.0309805860235299	0.309359451920844	0.743399666047786
1137	0.828206943692654	0.71886104591207	0.264125439913311	0.712212800534736
100021374	0.0347434671229751	0.0141020148420284	0.210386962239973	0.922333940666584
100001593	0.673898168726625	0.870794571092323	0.271850444014155	0.677697528163821
100015971	0.753587858763282	0.742400315373899	0.268513085190001	0.669896234216796
100001022	0.346063162108046	0.172869845933162	0.169458902146417	0.941590687749363
1094	0.0592099528620156	0.235274160655542	0.428156275351805	0.903094588920019
100002122	0.25276951217554	0.239861148978205	0.226798522006302	0.773828837316104
100000706	0.599123876598652	0.581001215210652	0.238625266217549	0.672203720733795
100001055	0.783734367595632	0.406452568670765	0.248660311831171	0.612886476491145
1235	0.465718174856481	0.70626410004264	0.261391911381326	0.704125797565103
100020204	0.0914051144404255	0.518767457764656	0.298533862524552	0.716248163797509
100015643	0.0328331605856715	0.28758179866919	0.300582470192261	0.624899259140162
313	0.0205249540128704	0.256824464098013	0.290427787444189	0.608675580831769
100001413	0.817108308721889	0.916236732737748	0.274519081974764	0.665420862296475
100020423	0.0185597486082439	0.0147266070737468	0.300367121390352	0.349240355446925
892	0.46146310892062	0.143929345327738	0.301954970174091	0.701739804316672
212	0.0619526436140516	0.124607820963874	0.366344875079015	0.64941258634351
100006105	0.186995170139743	0.178593792892501	0.31562236511968	0.685081293080838
437	0.795623931890694	0.567923225164446	0.254439525895651	0.688924206289438
100019892	0.462509148684423	0.778175356042786	0.273411535520525	0.695513112514538
100005716	0.0736480028112035	0.103677867612623	0.29721695948569	0.756414839907409
537	0.215859973690387	0.120232028956853	0.284523763884051	0.698740545408314
100001990	0.282823035026356	0.598163260335837	0.316471836402191	0.622112588373687
100003397	0.0327670049933133	0.00380091394910866	0.214539939986657	0.427230410967172
100001320	0.115973624643988	0.214430693782055	0.353732996026648	0.433219725561451
100005717	0.130347227192846	0.0875048129018426	0.322717133495332	0.705381428557008
100001207	0.0299943515562379	0.181547652864124	0.314374484809467	0.680537835943715
100001999	0.531596832061793	0.82690840160499	0.266764062617479	0.763346557327081
100002488	0.223041004697164	0.0181485061810778	0.327246538411612	0.615092557600084
62	0.200189645497766	0.680139143172374	0.266548208637792	0.678461204530551
100000467	0.594371909063272	0.440483906166883	0.263327846288418	0.645028118656688
297	0.00512425943058929	0.13313947558171	0.280848206446337	0.639550078116631
100000285	0.0276416236019469	0.388604299910816	0.277720098158722	0.769494160080515
100006056	0.0628894149385054	0.379875803378297	0.290201169728249	0.715137954585305
100002126	0.127770806098463	0.25463296242642	0.212288456665947	0.998607903333544
100002129	0.774657581056517	0.804771068319521	0.264362299297913	0.768519049268548
100020478	0.0332828746499329	0.214921570577013	0.248087757234442	0.701743722579488
100004089	0.0650122198983659	0.553730067118985	0.293051799107135	0.629490926444168
100001755	0.512622198347866	0.573593783559198	0.276181826998374	0.627809398060081
100000551	0.0311277573483471	0.998010918848752	0.280828593085063	0.673576947017057
100003260	0.485351576089183	0.319678261935153	0.310056271199881	0.748103278444612
100010955	0.840575155743883	0.397648011017991	0.219631030556188	0.567267196654367
100020851	0.213210629847904	0.45366520359463	0.297183191581977	0.694815086554148
100016069	0.641242556352792	0.788047686231594	0.278791878342073	0.659699079511173
100002027	0.48522063943626	0.548309018834527	0.214929732473634	0.783120482315554
1123	0.381517140197114	0.191460960089906	0.262919889569104	0.800444819289719
100001150	0.709243377465861	0.960054257047618	0.276398112339826	0.67442214112528
100001657	0.289293820773268	0.688462596899383	0.276315915369093	0.655617970576325
310	0.25308428503955	0.348572033441095	0.242037145421085	0.775332906173757
100001314	0.349667507966803	0.12828015142394	0.258958853703956	0.553157551241141
452	0.686368348409502	0.615676521277873	0.312530856847494	0.642283841586733
144	0.092505041213429	0.0584604994983656	0.337045023068232	0.538475065003751
100001182	0.208864834764628	0.154014158178245	0.339488056933206	0.656021066753649
100015965	0.73317333412352	0.467635303416691	0.26276733778859	0.742712626521253
100006108	0.9451324615298	0.484251946519469	0.284282272081404	0.708451500573731
100001400	0.709978472322468	0.63131223661209	0.260381897199254	0.662266318406609
100004541	0.288440469073364	0.204075057682016	0.268498182553426	0.42526486762789
932	0.840514638691587	0.336962177280584	0.280744259124338	0.705673798570074
100001992	0.43270950936142	0.554322906050939	0.390113904142482	0.573507340150992
100009252	0.125206872903946	0.181169782626954	0.334370475469796	0.653424857916884
100021104	0.637376086700256	0.562694309040221	0.226263696946169	0.805979082397139
100015838	0.00966233307418127	0.0392001211653117	0.402514202315844	0.919790543812412
250	0.000884208951826808	0.0221347914585081	0.510297935306342	0.771041041876418
100002537	0.974512667332355	0.50829260732102	0.254984172983741	0.778999508899599
100001658	0.812422955835244	0.678539312582731	0.299271538915942	0.659049728331186
100020416	0.295179588710261	0.372506965250266	0.24460133941289	0.648512216387731
100006642	0.231679338287937	0.744994569428836	0.263761032146566	0.696664009597267
100001391	0.0936509595500318	0.322544368302396	0.355425970347948	0.788243161336533
825	0.612612096661874	0.630235586038626	0.243925252968337	0.683330602899498
215	0.0182971801888016	0.100982449313949	0.326819149946082	0.656122035196219
100001026	0.990429156723292	0.877586720975895	0.272586256769338	0.708577832169079
100020541	0.416823804767413	0.442245690674686	0.238802522448426	0.713231297932411
100001526	0.216569148465791	0.283543352968774	0.416563770922122	0.784545790639647
100005384	0.507194587248291	0.407436564106035	0.257448689264993	0.59279947457061
100020378	0.261827498572136	0.682975582830357	0.263295335846316	0.678978955925358
100006115	0.981022603918977	0.382791412497074	0.358557795105937	0.564279674211021
1442	0.212909221570438	0.0445608323238977	0.116258548192147	0.558454990862322
100001843	0.146146395153173	0.208911073771749	0.298681084550792	0.760095834436517
100015837	0.13651563994469	0.256937346903739	0.488288936838033	0.620145710957613
100010834	0.724521297104476	0.980820952463038	0.274874460434651	0.671476790614133
100001393	0.588795298040344	0.431286228864678	0.219484751972819	0.713541544523994
100000015	0.310656280877097	0.572110548508051	0.256562139017063	0.692993796027108
100003892	0.0457972474957533	0.0487913322497283	0.240839963832568	0.931433712777618
100000042	0.179904577556959	0.0245617540901536	0.294928776437781	0.581263527680511
100020550	0.581028532180219	0.214370464096941	0.299033462020089	0.567908693231372
182	0.427358600047773	0.341440853270958	0.265820662506986	0.693363870244517
100015723	0.13686014783544	0.428867158298985	0.278610188824201	0.654985300462609
100020343	0.38340397886971	0.469603313970495	0.248255034206692	0.674362297080888
512	0.358377898106372	0.639478437254148	0.300464375768277	0.646119514902176
100021100	0.773214313318898	0.71718136394111	0.264363658954161	0.675809781278558
100002528	0.320273643650263	0.0670981934693464	0.331039827671083	0.451485490500997
100001287	0.457230354116851	0.757148782894298	0.369944642424689	0.621209226345965
100001229	0.725043940364907	0.868412399131666	0.285187623904883	0.659877942965646
181	0.380995840411485	0.860919217641632	0.270898965274505	0.692805235709652
100015831	0.00146055031939889	0.0197757862269882	0.374045853743656	0.460952353852744
100020515	0.340232911215724	0.481245844903389	0.227965318062834	0.816937481225778
327	0.222029116899922	0.261089695387706	0.334054415652024	0.626446499336938
100009394	0.661758702658297	0.762824184503861	0.260876771072855	0.699181772883533
100001596	0.907009468243635	0.236321906934777	0.248395394509141	0.506266863637495
207	0.855756096369036	0.480321657842394	0.288380876975561	0.632002411545681
2054	0.502571244252778	0.782514978253161	0.265676607997009	0.687398527038351
100020259	0.659438493955627	0.56803932602228	0.300742395578632	0.65686820399068
100020414	0.00279965001345645	0.0366865954978026	0.19809010385735	0.644779118088169
100021131	0.853929771144009	0.271792137966692	0.264847906146405	0.62988463549959
100004499	0.854529294544014	0.726407420398994	0.26782105949408	0.643899670920924
880	0.172406472318548	0.783825482071664	0.297280359479758	0.668471966283391
100002049	0.507556223794748	0.307838759364637	0.304880081484584	0.622661681175273
100001739	0.536980840215557	0.246560553827374	0.351040185175295	0.632291818719107
100001126	0.404141483063337	0.134658047187511	0.177874083283947	0.547621313128898
1113	0.640617911207907	0.812639478446633	0.289261223679561	0.644027025734558
1083	0.984147347897608	0.308100227200878	0.302150001751145	0.581884260746157
100001730	0.0790047032998731	0.189354912831009	0.320105402150895	0.549879246194908
100001412	0.584113386717935	0.982270566734465	0.275722546566459	0.676338272429102
100005996	0.725574630075612	0.583014937823888	0.265138682061302	0.643615813647268
100015962	0.00694656417244924	0.0881371770261994	0.206645331789656	0.977917263936185
100020214	0.701815835096914	0.427151531005458	0.291369916100295	0.595268967854192
100002514	0.118197136523273	0.330194323260607	0.286951430207165	0.609598741657663
564	0.190848857702715	0.0529126548657052	0.242204080980532	0.550392911995786
572	0.0230858310812509	0.0189717648762669	0.406657558053129	0.536717499407519
231	0.994511655560326	0.657784760857197	0.253248579958599	0.686754991194255
100000453	0.89338824261867	0.739760096006663	0.264364540859104	0.705340977593516
100001007	0.114774773698583	0.24488763508162	0.328439366273078	0.552706973077793
923	0.607860988151901	0.323922767016724	0.26146265520102	0.726044988491446
100001247	0.441982701192862	0.537308707321562	0.259543901495258	0.656042481004175
100000774	0.552808809803308	0.868053717620531	0.289294749515711	0.68880257215758
800	0.364691354958257	0.355625635146681	0.290324900012594	0.72988707238635
100021678	0.27351090167332	0.384552297486943	0.228032637614946	0.67148038966711
100021711	0.435045436501214	0.850289695365239	0.288975003133322	0.680077922595665
100001274	0.781802553430778	0.393009373795299	0.264571213204199	0.519592845944204
100021220	0.130452694213507	0.157274152997171	0.343233713806931	0.995304080209397
100020253	0.402146080549002	0.974266584569376	0.274219303384743	0.674294464844126
100001170	0.76775337755449	0.178396780371965	0.254227277644834	0.574808197958908
100001466	0.257182110496437	0.853618962706271	0.282923875961349	0.666484722983782
100009406	0.714770942283986	0.658524062812716	0.263548764756256	0.689731885689525
1026	0.195819901720947	0.453811595343262	0.292763782841997	0.639553705576101
100020837	0.723719220959093	0.400836010073598	0.311926614741636	0.580370827136395
100001006	0.068583440177651	0.0783679223020587	0.263553750224166	0.798604366451604
100003674	0.761542864078656	0.126059978686254	0.27324251314638	0.661277875294171
100004396	0.323389679763131	0.4201679025213	0.316205738295155	0.568992229304105
100015923	0.510172601923045	0.921610113777021	0.294373379403713	0.665660861225315
100000265	0.465995683363564	0.712045748304934	0.280611183432671	0.645081676351195
100001409	0.0833973236438639	0.11745376406975	0.270924710972524	0.513890855007002
100003434	0.411977508133105	0.507789665495508	0.280401358429457	0.595428728826415
100001334	0.614941393652121	0.0737023179194666	0.343702895986839	0.551128319512043
100001102	0.707798705895214	0.755830044256007	0.284343188886518	0.652317843270878
1268	0.610662016336971	0.0637571640224113	0.168532964566617	0.62714621368408
100001300	0.233688843520268	0.087478924316277	0.242246139878398	0.676914253120597
100021324	0.248058121838141	0.726645170091942	0.351541438291313	0.663148388988204
100001617	0.107618661324664	0.100218538011808	0.26773792766661	0.713290941613897
1105	0.942134666256552	0.161985167210302	0.369290291209529	0.370982938018352
100021502	0.0611719778894846	0.268297870053737	0.265637774942252	0.701122723715152
2051	0.832672297789641	0.571362806788694	0.275389305946082	0.570488547210855
100001256	0.14345241062909	0.501883510353948	0.3098645285935	0.807749390471243
100005466	0.0617531852430066	0.0816079019175266	0.314379127675088	0.467305023380553
100002199	0.123475950665084	0.712648962894149	0.285829203865715	0.691983254491087
338	0.0154825183208091	0.046659754942729	0.444836650421146	0.438667175528919
100004243	0.464293463931641	0.583265334367374	0.25607551805163	0.68394630009748
799	0.439057686806345	0.965962408580642	0.287086098916375	0.67118893895572
100008928	0.578641795023632	0.101755288929942	0.275715673493128	0.662450662266997
815	0.0849562423890055	0.261283541467025	0.277731186121164	0.747707631586761
100001456	0.00534631831916376	0.0716030225184149	0.264647968106428	0.593652787045062
1242	0.079561873607202	0.0846649271813985	0.333159097400883	0.477736056323626
100001416	0.285945997331327	0.105737425898598	0.188674009684422	0.420749663415822
100001462	0.36719519520259	0.325410948079127	0.32783663725992	0.631027201981115
1087	0.191790767983046	0.0401584733682745	0.287244931171307	0.635983890705555
100020421	0.0706739434926691	0.106662985910532	0.314306154809891	0.438114436741519
100000010	0.00390785556166467	0.0428739247983486	0.290904640433105	0.729381704241356
821	0.529431776717724	0.378383257922109	0.306123689992975	0.526938840668335
100006627	0.258923238641745	0.141986651984578	0.386117172288358	0.571642484304995
100001277	0.352720876582058	0.152985757871289	0.325887474217015	0.629251750999816
100021141	0.0410199369717626	0.192484986199309	0.310326542526163	0.769956524132098
100021105	0.182243977238846	0.280563456981704	0.292338418547665	0.49154244717653
100001950	0.000340489269895326	0.00695791967492169	0.354460431659443	0.840078854808185
100020217	0.899025690603905	0.294795599909767	0.195045105873697	0.506791815612602
100006651	0.0264850941053356	0.164985774063482	0.314089319928604	0.439131353636719
881	0.953776025521049	0.41851545949535	0.259375163445275	0.68515265906788
100001509	0.67270297487823	0.14430958111212	0.242216812665911	0.59212721301478
100021709	0.597986594595649	0.840622290154486	0.269177031880427	0.677655238747856
100001635	0.299784275358144	0.0360292234954619	0.300829019901715	0.619748142944819
100002613	0.448720959936178	0.119719914753374	0.25589048154045	0.758125830879525
100009329	0.558303503441259	0.678362352389247	0.246650329228714	0.807511911182704
100021123	0.875901670320813	0.617253183110617	0.284972239799738	0.591793274422163
100015760	0.251581488048724	0.161993151394737	0.226907752766409	0.707314781873686
100020205	0.390740608717741	0.436903071988643	0.320780931655905	0.508986585039655
100000765	0.562844696091469	0.635537397539572	0.270553663361159	0.640830488584002
100004111	0.325979425768388	0.164245848068592	0.304993187668838	0.643515267417044
100001615	0.194420903542758	0.804362099350831	0.27445021952915	0.67038142278874
100009227	0.200140247621352	0.113222349550704	0.387600903553087	0.812933110633835
100006191	0.380950309660944	0.575252905676027	0.30149870911012	0.621627289233402
100004542	0.462642359251584	0.378969007804026	0.289503013211698	0.71724132751814
100003686	0.303126689051809	0.125500821445919	0.388369169391469	0.608640692035446
100009232	0.0271851596176728	0.220800348389498	0.274834178146211	0.579457061955296
100001501	0.0465239109318296	0.0991554320063626	0.358055084354771	0.71094939741758
100002367	0.500545954457025	0.244994713803765	0.258879820564918	0.522821063290515
100001108	0.338635925771519	0.69585335151442	0.272317302410211	0.661380301147594
100004227	0.718812313353781	0.983603706152808	0.274719461029249	0.671819841486174
100001310	0.185830742080071	0.287303385689778	0.259223119578459	0.785964221002684
100001994	0.832553349706477	0.909096194550706	0.290118234719559	0.734510197999197
100015839	0.0119875486451031	0.0128517466086691	0.367649082444972	0.759875576667204
100003271	0.00528650329673056	0.0794793702557582	0.359699528930723	0.479034648364258
100020496	0.826823900194573	0.962203417422309	0.276952622215604	0.676717340223008
302	0.702411304318532	0.440242664531475	0.243196680866241	0.641144621998992
811	0.754209677892654	0.72327583105625	0.267931478485608	0.709968606384748
100001267	0.988503395668202	0.765656301265225	0.258873171602681	0.668253475547418
100001197	0.0243397697660668	0.340657631234283	0.313160631235523	0.682426570403093
432	0.213093484536375	0.464188553815849	0.294182117337842	0.65238479500533
444	0.010509619792919	0.0555883343373834	0.310988938423284	0.804219361880178
100015968	0.346431188473269	0.378535907747806	0.270329641903061	0.600428618766824
828	0.905852229917192	0.872195499295223	0.269702474727399	0.677774751872019
100004054	0.247683792444881	0.831837067477407	0.276881273009848	0.677890277959705
100004635	0.0922712205108641	0.145191368237619	0.629405178496626	0.413681250216507
100000491	0.455919289847173	0.575238736570575	0.267491850831635	0.579892885065767
100000939	0.0436047051473629	0.0319444332310911	0.291930932748023	0.565792890877816
241	0.216929291944073	0.617692814408276	0.2928105784383	0.691767733926803
136	0.361271161564581	0.0685077227830363	0.239544781645527	0.856923741232147
100000792	0.575733996109898	0.956925507585622	0.27853819291184	0.7265388466439
100020973	0.56954447100619	0.635769128646851	0.291972937113192	0.647893882681907
100000936	0.75405946542765	0.84991542065246	0.273509510295132	0.674735208655152
100001313	0.00727324687634196	0.146027713561016	0.290374243663423	0.72555397163807
100001951	0.0465459570173039	0.0910676075046017	0.310910782654093	0.66341147454332
100006098	0.0169336057145625	0.085356636691348	0.309980964276026	0.788688386955198
100000007	0.231619557979655	0.535493685368676	0.283084333493168	0.678001178342587
100006641	0.891736044130692	0.863285862014652	0.296699312063928	0.673096660461565
913	0.0107716388204248	0.0603204740198196	0.341874473183862	0.538085436779317
100001579	0.802729729456113	0.422543538524866	0.303812723611008	0.672695092131805
100002911	0.145719066763639	0.0120310377115034	0.359537903601467	0.630637687043494
100001293	0.258210687220349	0.378707198744277	0.242229351679581	0.809071273097034
100002241	0.206818509409542	0.513158565200748	0.290263765798408	0.640583410339471
100003179	0.403031670324521	0.079412922218764	0.261599801773727	0.52567573545987
100021372	0.330579149465857	0.229930191631159	0.204812565007691	0.677438648129947
100001956	0.333871600215125	0.535257185749854	0.277236108129291	0.590938439626199
100021162	0.200335173503584	0.15771809971316	0.260962974127175	0.496755175589746
100002259	0.356089932280661	0.622259777927738	0.254124047589649	0.665151460408643
252	0.434691593547045	0.615639671391623	0.314550874759753	0.620690940528947
100000707	0.450362882036128	0.336990115564485	0.27112581539661	0.679750513522784
1489	0.67262301294642	0.0196753759859637	0.203705332613921	0.647801434043387
100020361	0.0277178820619503	0.0842677969648834	0.307569020654759	0.961116687413946
55	0.753507298699271	0.943156010329354	0.276548245294213	0.678233946479962
100000863	0.249630260491429	0.250330446652682	0.238993114780939	0.709295202015068
100015840	0.16921710268959	0.0980606947951021	0.368475858726069	0.631818905433861
100001541	0.155610544912795	0.0814369721210448	0.187468421047665	0.663355649146973
100006082	0.148215496257187	0.0533002391964804	0.361915804629036	0.66638631863354
1254	0.675196700829929	0.922122533964262	0.281543960680286	0.688861088381437
100001624	0.500667201352223	0.358385009641342	0.25861285887159	0.648907191129519
100015850	0.910018531877557	0.587457451190536	0.338762021169374	0.636786803215617
100001104	0.00309564618913097	0.0135838343807355	0.309923191283594	0.955288691206532
100000900	0.125580393958587	0.417458170896368	0.284330912039269	0.676841714154042
100000269	0.22734768007218	0.0854876626882894	0.168814733805693	0.626725759941959
1022	0.224378688964385	0.963089017216411	0.275427090836159	0.670121322093585
100005373	0.207309757864127	0.0757333835130997	0.244632056165621	0.704511379341463
100001129	0.124251396161231	0.69978984834672	0.265621594619033	0.702706225903019
935	0.0118569067439168	0.125767460025826	0.358562617615026	0.536888534380842
100001262	0.16176295231064	0.207617181909248	0.286182437790915	0.698318729014951
100019978	0.306490505931297	0.620966976029038	0.26873106674017	0.658487203176458
100002293	0.729966306582213	0.776764437596307	0.278261857442627	0.673516003510207
100001426	0.195502261942497	0.267128625818072	0.278628390507879	0.512636839250068
234	0.0339112096955223	0.152426329675994	0.27232063948693	0.648310204072849
100005403	0.244781045889188	0.960607209440964	0.286294072407291	0.669821624196354
100001083	0.0409137029210614	0.327833033835168	0.300318844461984	0.694518343679549
439	0.708547055192064	0.320273450492738	0.295516931702236	0.667291883701732
100001086	0.337705815727194	0.410539157879118	0.288979453857432	0.752873138554903
100005864	0.733471328501347	0.452970668019431	0.252253041036182	0.739198112092218
491	0.511665304712151	0.910190788501011	0.273516635022005	0.673649771221538
100002029	0.464209433790912	0.422058535726715	0.263657390147971	0.538801948653811
100002154	0.811833772187833	0.461464071301114	0.242020906279295	0.649637765419384
891	0.496210673350041	0.198723517175936	0.308499124545684	0.640256187168373
100020261	0.377534107869076	0.443844868093395	0.330323180883105	0.646003970864601
100001296	0.512393837645862	0.482675875423572	0.277570862394705	0.567463199037
2050	0.471641552096164	0.529411691125436	0.295308886457667	0.617715502303126
100002761	0.341416140558798	0.696266892325608	0.244639790260163	0.799762580121286
100006614	0.866579085983525	0.638218724119496	0.252092031640993	0.741007568255836
100001597	0.880217720779459	0.150542358497239	0.180364568811052	0.48751479646046
100020853	0.778229085663955	0.871611671714415	0.278171221921328	0.681384349089638
100001446	0.270326164739688	0.405000855858151	0.245578030301528	0.664719987465397
100003240	0.290583726440662	0.121784615871228	0.319113347502263	0.589519203722894
100001502	0.0268444125383009	0.218474549115702	0.332116698476179	0.762328679372887
100020866	0.0982276795326264	0.0110598991765206	0.166996459431743	0.484522306753511
100020419	0.031328567737825	0.0914456768610682	0.299093095842619	0.420249786339635
35	0.53259469957544	0.307828643649058	0.249834198658236	0.621487395074317
100003696	0.0131280015850313	0.0534002332098924	0.404067964376861	0.610736311528724
100016038	0.78844575465533	0.935447779562487	0.272741120694516	0.666015743327697
100009333	0.207409431670824	0.174324767549466	0.274278746764867	0.700140964654908
100001611	0.156875015792346	0.32821185777843	0.358916670907619	0.649177092979334
100005383	0.655383350745609	0.289628500429137	0.283522128116392	0.715566438604579
100009239	0.301431819146106	0.128156856450771	0.346725256415747	0.49245916047531
100009332	0.331597122141181	0.241998943478923	0.274784894957332	0.636383679664373
100001731	0.154349747314416	0.646965047931221	0.281886913366958	0.648162705703862
100003415	0.348366707503224	0.443037541639971	0.268190110859108	0.688388443940497
100020578	0.134109656511713	0.192390509290663	0.258161133908994	0.566666118677634
893	0.840949787316498	0.518319687646812	0.271989754419348	0.684803149817736
100000963	0.309729556600572	0.206106508882118	0.358755013865576	0.477247533882554
273	0.140944705334654	0.311391732753519	0.321397298324103	0.668727178885484
197	0.464482392813688	0.416617900346537	0.266929053785614	0.553539309553222
100000808	0.293118260702256	0.224772996586241	0.258593758936301	0.830622909585008
100002284	0.743542005628006	0.373940440498281	0.181636935489827	0.61468443722087
888	0.954356904252138	0.0940128046768031	0.298884016645295	0.655207985408099
100006435	0.532215480042056	0.338479644972362	0.21309671369461	0.969875851786653
100006374	0.192272116008587	0.539346968069674	0.283666455599831	0.662027238061908
100003169	0.554454132453251	0.956988372799572	0.27296678503462	0.669843606314306
1004	0.599790947232624	0.784611634630187	0.261662177184053	0.652817722994025
100005998	0.0939056202775419	0.901245784954523	0.291190438413573	0.679350046756914
100000773	0.659951718239937	0.541001955442243	0.27967407918199	0.655750122567424
100010850	0.0156188547602039	0.116603338538935	0.325603991727508	0.550207131123587
397	0.852707456074573	0.374769329277494	0.206465807928676	0.735412077968942
100000039	0.0700674599307739	0.220224655588417	0.223534652894788	0.727611277751618
100020833	0.724579388424944	0.781295524618278	0.281464184802838	0.710849787346737
1021	0.40319682309396	0.34796058598566	0.258156429980312	0.709088534084414
100020479	0.357951012101346	0.569799340582517	0.278877022383256	0.683683890394171
100001335	0.509475327869608	0.309365011008491	0.312954750736407	0.640752699378812
100000743	0.55617397484141	0.968779709798289	0.274195051787542	0.675158412574382
100009246	0.173625768690384	0.648404681591192	0.264942969930875	0.703230608194247
878	0.186068335072226	0.769523416941802	0.265067268973748	0.684996560231909
100021103	0.721443306852135	0.862677976738952	0.283506846096306	0.747487125749556
100021363	0.233999296527406	0.567485140139817	0.256018883622906	0.713240859435567
266	0.124564067386431	0.203420166247435	0.278785049642273	0.597025641355973
100001195	0.312619295891406	0.213330794805271	0.353049151640684	0.598847723491093
100019801	0.781394753248325	0.702918804339677	0.286712374829465	0.659338871565495
100002196	0.0375021811088008	0.265217666050106	0.28873563596069	0.682242126331294
100006370	0.237450279074187	0.956127530508469	0.272889103504439	0.674661499109889
100001510	0.028730476934457	0.00349664432779837	0.231060580202235	0.771525574888729
100000437	0.535791359294296	0.437862261251569	0.261339885721729	0.743701348650473
100001767	0.137777046587311	0.0316356687801492	0.341934920745833	0.738659263415762
100001810	0.400636719545287	0.495020537713983	0.288121839702491	0.831563945075896
209	0.0335183965391233	0.347539517958358	0.316012337443745	0.658050765135756
100001485	0.249604883015457	0.0889575414665028	0.163729535997491	0.602009623081506
100002500	0.119753998367563	0.445945454901231	0.279277145726411	0.643304505444881
171	0.0282336809574657	0.0224506421620029	0.204705009052087	0.673956984913839
100020487	0.974427992743066	0.841093335118295	0.293921279922506	0.640965566900026
1206	0.00684393939007612	0.116272424505924	0.27821115809187	0.724502154569218
344	0.011425163145725	0.0272366766763642	0.567442738453419	0.76773776021463
100001405	0.468966739379466	0.893704982701594	0.280844403330142	0.662721639962518
1239	0.975663186798879	0.505532525481857	0.307376353274497	0.675763800549638
391	0.0620413532386896	0.184752788564817	0.256863825867168	0.882465637433659
100006430	0.45386075150554	0.18173534526719	0.342855326692535	0.415082155264182
100001417	0.973465264307256	0.510151550761694	0.26359136086162	0.77977196031808
100002951	0.0538162913589109	0.461966377047375	0.271366928192349	0.59170637205678
100000014	0.416558929727297	0.575188113039227	0.268172757477925	0.712976810787874
100003926	0.564589884554116	0.472719152893387	0.297943965453323	0.653715916838428
100021538	0.498214598180734	0.357110144961883	0.323108671747056	0.585046383265782
132	0.322373255623258	0.94147765816858	0.275621161502645	0.671734686786687
100001425	0.568899677062969	0.524243383391473	0.344054540754794	0.608595552099007
100020262	0.614459835916227	0.656124572213952	0.295158799784948	0.659628691079439
100002679	0.343988736465963	0.679585215961637	0.259867766194277	0.744576695016103
100001270	0.723931209128712	0.562232707117537	0.28107713777876	0.649982137110147
1102	0.836372649455915	0.990701000257994	0.275387400501286	0.673509357200631
331	0.255978871682472	0.198769489467435	0.226711574934925	0.564938739090176
100006361	0.499791244049936	0.610577160149854	0.253884421920052	0.746222691907597
180	0.802691994364555	0.905303720410022	0.285714151653455	0.669851860555723
1053	0.297371736530647	0.440949307699711	0.418616923651325	0.740342145093748
100001359	0.667979348128956	0.924775596925452	0.285439699267404	0.664103190591395
