chemID	simpleLRM_Fstatistics	multiLRM(chem_sig)	multiLRM(sex_sig)	multiLRM(age_sig)
TAG52:0FA20:0	0.173009540648794	0.0519938847044238	0.196778049725958	0.743482252546998
TAG58:6FA22:5	0.434486177119425	0.6605054208878	0.248832489841483	0.795551404174284
TAG50:1FA20:1	0.489661978929538	0.215417098189995	0.206116349780394	0.733339964966231
TAG54:6FA20:3	0.682612033341508	0.337496995605387	0.227825839794075	0.815627270915229
CE(24:0)	0.262961443918805	0.742968331738838	0.225057025131985	0.788634508098441
LCER(22:0)	0.851464681370934	0.874703697897955	0.23641649496535	0.767114203841691
TAG48:4FA16:1	0.717619337868698	0.503828112506798	0.220010217734042	0.813855901952156
TAG51:4FA16:0	0.965852648588433	0.759115411215186	0.238494424729779	0.766421739601265
PC(16:0/18:1)	0.796128065855551	0.626963965761075	0.302877054539736	0.707189992354014
TAG50:3FA14:1	0.333036552028932	0.344950875401626	0.235217716910211	0.726343531495492
CE(17:0)	0.896145778160985	0.337787240995102	0.300515877192347	0.706746576240264
TAG56:6FA22:6	0.577661621869199	0.672082823733733	0.239730854806314	0.811717405792762
PC(18:1/16:1)	0.486253778177384	0.941395022440486	0.285787201967517	0.756923336643532
TAG53:3FA16:0	0.93973970643544	0.85361260179778	0.237649423192572	0.76419556537075
TAG54:4FA20:4	0.534040264372831	0.814262805052849	0.232442580139783	0.763892103890896
DAG(14:0/20:4)	0.114600966455148	0.024086924302031	0.213858177683742	0.68633886656482
CE(18:2)	0.250770640221143	0.357855783600015	0.154200688057349	0.831743784036733
DAG(14:1/18:1)	0.922268391455868	0.898094086217429	0.24714841013082	0.767942301194773
DCER(20:0)	0.309347087054035	0.0782143084723259	0.190004972972702	0.893704507553799
LCER(20:1)	0.400665274369423	0.106027830253663	0.414627647362895	0.630668192094864
TAG54:3FA16:0	0.821096733184843	0.894173140999494	0.241338600720912	0.773164063969783
TAG48:3FA14:0	0.877288658890097	0.861158942840227	0.236850559869579	0.77427160251537
TAG56:1FA18:1	0.463359314427834	0.222191935959237	0.200399925720753	0.724110264148236
TAG58:9FA18:1	0.107620035060833	0.306034764862276	0.25823556527278	0.867276344864004
PE(P18:1/22:4)	0.449148933244554	0.901318253440254	0.246490081405252	0.781644617375732
TAG54:4FA16:0	0.89908267583417	0.979271217676254	0.240722110709936	0.764564970500188
PC(18:2/16:1)	0.839290812602069	0.805886733275192	0.248346389220757	0.812331651209209
DAG(14:0/18:1)	0.700995219618239	0.395174590748809	0.219118310265024	0.732345831610606
TAG46:2FA14:1	0.163316981138975	0.352435734762004	0.226524627090726	0.737900416211985
TAG52:4FA20:0	0.312495758402613	0.27302636821364	0.222799672641234	0.780952460635182
PC(18:0/18:2)	0.957549910323967	0.795673378811339	0.352967846594635	0.734100910649169
PE(P16:0/22:4)	0.22524255182143	0.831099774026176	0.252228120592703	0.775703434431449
TAG50:4FA16:0	0.992112559312919	0.312521961095603	0.224029959164843	0.80080428101419
DAG(18:1/20:1)	0.636139603323454	0.997147061735276	0.240175169539606	0.765053160770653
LPC(15:0)	0.723402797978342	0.0714578149078852	0.134943578532045	0.88544965812207
TAG48:3FA18:2	0.624821456356559	0.855682339082639	0.240349844357705	0.772730241220863
TAG52:6FA22:6	0.862853389922207	0.910430696931867	0.240200464331225	0.755850585526626
TAG56:7FA18:3	0.390380656403052	0.484379206157886	0.234346210433665	0.783204999936284
PC(18:0/22:6)	0.830275496432149	0.883489217092653	0.238284304444048	0.803274250459235
SM(26:1)	0.460255045503077	0.597360051838636	0.302705636892577	0.713918149550745
TAG48:2FA14:0	0.633326268451223	0.657725767027498	0.238026283159455	0.752555533504582
TAG48:3FA18:1	0.383711599898657	0.773493126801972	0.244569995382463	0.776369783331636
DAG(16:1/18:2)	0.779485148555365	0.61004878696794	0.217714024636921	0.799795532966249
TAG53:6FA18:3	0.719888608036811	0.836476857696482	0.251373288626537	0.767134996716257
PC(16:0/12:0)	0.388563617064942	0.851024725762875	0.233481021309073	0.796059477998718
TAG51:5FA18:2	0.302522841726512	0.473172514658513	0.231735148176494	0.778060697137927
PE(P16:0/20:4)	0.968507027063573	0.996312770165289	0.240482988139392	0.763624618599905
TAG49:1FA16:1	0.272509252369794	0.56664655420298	0.234176439086366	0.758898457598708
TAG56:5FA20:1	0.0673868306112898	0.220659542891128	0.230775952625646	0.795628962422945
LPE(18:0)	0.814737877013866	0.20871887419163	0.1435541335544	0.833564147280434
FFA(20:4)	0.901703936340123	0.920044295945398	0.238165519796885	0.761448311625827
TAG46:1FA14:1	0.227844035491457	0.114128710653578	0.135478575650861	0.777155751435595
TAG46:3FA14:0	0.830918352423544	0.705530838287462	0.235726498298694	0.750797752473501
PE(P18:1/22:5)	0.498353750682748	0.264074258889777	0.346758403763672	0.687442621166479
TAG50:1FA14:0	0.592851483448235	0.282013496636003	0.205567379993003	0.723738940455625
TAG56:8FA20:4	0.880537605592584	0.940621253355778	0.240625069369206	0.761821225207512
TAG56:4FA20:1	0.181280978274395	0.345330081108326	0.250065347392747	0.800273524486215
MAG(18:3)	0.352356058993286	0.606418584099666	0.324235796895722	0.732124729737535
PE(18:0/20:4)	0.808139789210711	0.44737412809347	0.198722505711383	0.83550076639827
TAG53:2FA18:1	0.692820592147441	0.495659564871351	0.229772829009129	0.728261988851142
TAG54:7FA22:5	0.557910033457113	0.484474273878426	0.24639357114825	0.799792972855615
TAG60:12FA22:6	0.422644925696756	0.922080896970843	0.239642070141964	0.774680797670927
PC(18:0/20:2)	0.515233450849982	0.351371557090813	0.447965334700622	0.706437087123069
LPC(18:2)	0.0322584941400214	0.0787306636092923	0.224275530831384	0.519525174160278
PC(15:0/18:2)	0.708738206893389	0.339472245887914	0.431316055328521	0.636657508804807
DAG(18:1/18:1)	0.579314638269426	0.60492911553094	0.238359421817703	0.802729936234593
TAG56:4FA22:4	0.457601364786935	0.716586694716926	0.22634470584852	0.776332757675553
TAG56:9FA20:5	0.0998879942219854	0.387598096824921	0.255795934585925	0.81988026886394
TAG49:2FA14:0	0.42183696274277	0.34482856697924	0.233400838010757	0.726289373555859
PC(16:0/18:3)	0.455933697130892	0.268365292895704	0.15266329654931	0.860251979215116
LPE(22:5)	0.881856929459787	0.913254060333686	0.24186740169848	0.772201410220773
TAG54:6FA20:5	0.20411201685767	0.385862800042085	0.275175173253734	0.834024030908917
TAG56:7FA22:6	0.309219250262849	0.471968749395433	0.24415320226708	0.841152941220556
TAG51:4FA16:1	0.887645393397997	0.429366102868294	0.207790834520164	0.846009798964341
TAG52:5FA20:5	0.654036116583463	0.88587520480706	0.244016159523609	0.76939734696555
SM(20:0)	0.0881511073564694	0.296172388634775	0.144295841501059	0.870177890947199
TAG55:5FA20:4	0.441600528788231	0.343360269106941	0.210857608619368	0.734867746715644
TAG58:6FA20:4	0.989491814195997	0.773030024550687	0.234268962618149	0.745647158471488
PE(O18:0/20:4)	0.83062982318493	0.672241923081309	0.246042024370908	0.753928278795955
DAG(18:2/18:3)	0.309570691858006	0.215371180848826	0.220045027882096	0.778794134657909
TAG48:4FA18:3	0.302987154636411	0.368522325715799	0.247931502390806	0.801188527302745
TAG52:0FA16:0	0.756755180151622	0.561473636555049	0.21654685247033	0.755526262064208
TAG58:9FA22:5	0.12045630194495	0.29555063302822	0.252355572680091	0.810002740733322
TAG58:9FA22:6	0.093526900152071	0.288869380100959	0.257526339504414	0.873843779415547
PE(P18:1/16:0)	0.638469474379953	0.719074939234951	0.263190946573297	0.718779727659766
DAG(14:0/18:2)	0.77847147444215	0.524757718287763	0.238088172484081	0.752154501796132
TAG54:0FA18:0	0.636613599079176	0.962769160865663	0.239581049714293	0.761703765547265
TAG56:2FA16:0	0.337280267705637	0.260006042843569	0.208704010477314	0.755580542708728
TAG56:8FA22:5	0.239583322002235	0.322554598747069	0.234958433705917	0.836143333105621
PC(16:0/20:2)	0.926031768038493	0.768273046372418	0.296003311414008	0.729217847062019
PC(15:0/18:1)	0.512583633342009	0.319091487470258	0.418261352073032	0.600890985515103
TAG56:7FA18:2	0.369951817793881	0.560459319152834	0.235697113029357	0.793548118314172
LPE(18:1)	0.902582370897944	0.991056791531745	0.239734227904219	0.77079680084818
TAG50:2FA16:1	0.311325198028063	0.953844249679609	0.240974364274975	0.762147971929816
PC(17:0/18:1)	0.815184411010472	0.0824147611955584	0.422106302887247	0.484210254764893
DAG(16:0/18:1)	0.745020001883	0.72469579265897	0.236073267105334	0.758170021539465
LPC(22:5)	0.202051859701029	0.501072277747066	0.238021859178436	0.714406667477514
TAG46:0FA18:0	0.53062982560755	0.838107834988131	0.234283710208676	0.755734340820192
PE(18:0/20:5)	0.542732598239146	0.922347085852051	0.238641194508284	0.75603171580395
LPE(22:4)	0.328085795291244	0.311302997752013	0.22085178420365	0.944251750479607
TAG46:1FA18:1	0.894695773897199	0.586385211424968	0.224593197333798	0.740836007949051
TAG58:10FA20:4	0.388220792307591	0.282966997903187	0.244801022896757	0.722933047252758
DAG(14:0/16:1)	0.184183591560052	0.199219790426475	0.227141380513832	0.763482109217161
SM(24:0)	0.401746467986713	0.356099930350018	0.327791838408875	0.729530958727305
TAG53:6FA18:2	0.662255591930371	0.45656883596989	0.237985592450028	0.769668484622164
HCER(18:0)	0.107108456569823	0.104840609656516	0.102432169209889	0.990981447494931
LPC(20:3)	0.932486856380007	0.843129548098766	0.24047104185548	0.745247812420779
TAG53:5FA18:2	0.280949149990213	0.401548675508491	0.245090957618514	0.756142695885339
TAG50:1FA18:0	0.384250452323255	0.3448607239293	0.213337690530177	0.749346609949322
TAG52:5FA20:3	0.642960324114118	0.875851083295375	0.240621506629246	0.754849182030072
PE(P16:0/22:5)	0.741202909850549	0.962424702495749	0.252676479185167	0.761927458903981
TAG44:0FA12:0	0.533541262591159	0.935797110839623	0.238819574660988	0.760710988835479
TAG55:6FA18:1	0.440457239851454	0.715256655909579	0.253070344688836	0.773843007422079
PC(20:0/18:2)	0.32002297406326	0.713685006222631	0.215730039207288	0.811987178243779
PE(P18:0/18:1)	0.670954212531886	0.400303766288287	0.319070877292789	0.673790543191742
MAG(18:2)	0.475182863212233	0.807646102138503	0.235563887523936	0.743936414683387
TAG52:5FA18:2	0.1207428539397	0.0937823633190572	0.188250083953128	0.829651041907995
SM(16:0)	0.909202079791803	0.839887605292262	0.295234803690126	0.734872761610621
TAG49:1FA18:1	0.242547709389477	0.151183945544825	0.203345382545131	0.728901133479921
FFA(14:0)	0.845618080154645	0.966777601834128	0.23888958373582	0.768224731615542
TAG56:4FA20:4	0.954833567472432	0.991734183172	0.241065475545041	0.763523498094137
TAG46:2FA18:2	0.538676460128529	0.91791283075854	0.238154653261865	0.760661152702292
FFA(16:0)	0.730626801706779	0.882721098801741	0.236866342014536	0.767902089536152
TAG52:5FA22:5	0.838419187583154	0.750019796230789	0.241786172755808	0.766695617273485
PE(P18:1/20:3)	0.185790122127943	0.182506446888688	0.361504812433332	0.681193585232978
TAG56:8FA18:3	0.505732290181451	0.341481598240792	0.228657055517846	0.795419660471943
TAG46:3FA16:1	0.77636758495128	0.8187854795189	0.237327223749109	0.778230003093382
TAG50:1FA18:1	0.484394402798526	0.688186584653126	0.232071477989489	0.767974054979132
TAG44:0FA16:0	0.603451914789833	0.878861658442878	0.236039946238572	0.759152736506485
CE(22:5)	0.905703546508421	0.977842303748309	0.257622488934503	0.762513515220735
TAG49:2FA16:1	0.302459145830338	0.697468424991016	0.242020250877597	0.745156442160403
TAG53:4FA18:1	0.943225861958139	0.686065595336155	0.237217017600385	0.734642626763931
TAG52:3FA20:3	0.351684092564128	0.582895823855403	0.229854700560508	0.772423483367983
TAG49:1FA17:0	0.251981193164047	0.212549726122629	0.213218444566724	0.7450881006531
TAG56:7FA18:1	0.197217143799109	0.265571804090101	0.254691140120647	0.865308804316324
TAG50:2FA18:0	0.647403876111127	0.390912660009045	0.227848408725701	0.750854393222594
TAG44:2FA16:0	0.740808607401861	0.377660067054806	0.203306036665283	0.788943002290507
TAG44:3FA18:2	0.852151358069279	0.607162895752439	0.221092508498024	0.786620286293911
TAG47:0FA15:0	0.480537408185685	0.518990060054725	0.218403764028082	0.767161618199456
TAG54:7FA16:1	0.940542992998238	0.536364054271524	0.234488028541418	0.819396610624284
TAG52:3FA20:2	0.665805040342666	0.886816668171746	0.24181123142856	0.755888576218175
TAG52:5FA16:1	0.180592977672891	0.106385799209364	0.186956785813153	0.883011941527076
TAG51:2FA15:0	0.657578919248896	0.530334052690203	0.227648018417981	0.726183329872153
TAG54:7FA20:4	0.733426856718032	0.564245581962636	0.244267892184105	0.767123705421702
PE(P18:1/18:2)	0.882588366586268	0.562949455466448	0.329851127765402	0.699494129644002
TAG52:1FA16:1	0.366004397579843	0.456143904128152	0.232492854015378	0.73544489135989
TAG47:1FA15:0	0.313864861715841	0.293099005979701	0.213991588088508	0.735058964699569
TAG50:5FA14:0	0.22054731951041	0.368522385093337	0.232265357485775	0.780030205483425
TAG55:1FA16:0	0.227118104989829	0.396380528039851	0.246741435932364	0.841912016704704
TAG56:3FA18:0	0.999601659363055	0.874517850541736	0.239543673177067	0.752004774909958
TAG50:2FA14:0	0.825130469963969	0.695910119109416	0.237332934666147	0.737807743424097
TAG56:2FA18:1	0.834543758987721	0.88688416844785	0.236080188937884	0.760105553399961
TAG51:3FA18:2	0.826057383291022	0.886025259652567	0.2411811833472	0.756564542185021
PC(16:0/16:1)	0.121357431958501	0.181551176366177	0.374469132948386	0.662607914172094
TAG51:1FA16:0	0.272623507351994	0.255501179781125	0.208998061359267	0.765780611665862
TAG52:3FA18:1	0.669766739499875	0.376001214062679	0.228307889933308	0.814266760975416
TAG56:4FA18:1	0.354184972534859	0.466747750316342	0.238442048689544	0.825743844070898
TAG54:4FA20:1	0.28922073023719	0.283992427793668	0.211378387822798	0.851230740862899
TAG56:7FA18:0	0.134191433286688	0.475656445976659	0.258479658149107	0.825441375220481
TAG54:4FA18:3	0.0959134238805006	0.134858377326831	0.222629275404967	0.79246249325384
TAG56:7FA20:3	0.655950178456633	0.909898480709586	0.239158081657998	0.765076097471377
PE(18:0/18:1)	0.477135164438292	0.715380075322043	0.255134953858619	0.760970471561684
TAG50:4FA14:1	0.77479347688957	0.845741191482509	0.241694978903479	0.757150286915837
TAG47:2FA18:2	0.670551288434661	0.300486074104482	0.220048398810062	0.742920602630832
TAG50:5FA18:1	0.5261334865001	0.365977298142674	0.234639274695571	0.817284216103882
TAG53:4FA18:0	0.844051741815707	0.400914194430818	0.225353988020249	0.784746226294034
PC(16:0/20:3)	0.104659632930219	0.173155166058706	0.427315864138542	0.672390927252865
TAG56:6FA18:2	0.446790865343406	0.69146882940904	0.239092870450415	0.775989567789194
PC(14:0/20:4)	0.435853520699448	0.177703037321757	0.343200507748587	0.757413067516823
PC(18:1/22:5)	0.513074920214165	0.431921482007052	0.181307668626223	0.763665446814988
LCER(24:1)	0.742900880370249	0.769809108055761	0.227835892198794	0.754379460988024
DAG(15:0/18:1)	0.419759419030985	0.251761412233056	0.234543752166376	0.79632683965594
TAG45:1FA16:0	0.298065438221988	0.255290602020889	0.207596167113852	0.74531069935925
TAG56:4FA20:3	0.976822027368842	0.864019789131434	0.238678514700239	0.751437717498455
TAG60:10FA22:6	0.414749751252579	0.801604609642414	0.241365225556117	0.790014651067992
TAG54:5FA22:1	0.0578847316283851	0.120438701000298	0.215920563543228	0.748236697461983
PE(16:0/22:6)	0.893956619514503	0.424565794270726	0.176968233499304	0.993013912607384
LPE(18:2)	0.187338665643309	0.190395245872895	0.195025231435571	0.594266683257768
TAG54:6FA20:4	0.706671445165579	0.800260491921488	0.247681547538384	0.761021740969477
TAG54:2FA18:1	0.462967101548331	0.521520091493507	0.258335075052181	0.785787842526277
TAG56:8FA16:1	0.258018033164125	0.366830443426029	0.227851217167934	0.857292266909956
TAG58:9FA20:4	0.230899942493926	0.22521734652817	0.219906262985114	0.761968442177289
PE(16:0/18:1)	0.111529389061028	0.358196803748966	0.291667971325773	0.720202493217355
DAG(16:1/16:1)	0.627103502675056	0.603496933334618	0.239560182187987	0.787702849435941
PC(18:1/22:6)	0.727032514652737	0.757176252518094	0.281713494264825	0.716769695504261
TAG52:4FA20:2	0.604519868617366	0.569665014439053	0.224132436510366	0.819974388157146
TAG42:0FA16:0	0.661119876899486	0.788650196148103	0.231142492776984	0.756306138951748
TAG52:2FA20:1	0.462607149853709	0.461175811644714	0.233636569852282	0.728159662775293
TAG52:4FA16:1	0.309027489865699	0.141701803301512	0.189269813537401	0.900473960875466
TAG58:8FA22:5	0.136967592900881	0.272435232113476	0.254041833623839	0.82651830836247
TAG56:8FA16:0	0.266341389290544	0.47970070580309	0.245668481323907	0.824216967497665
FFA(20:2)	0.304310430519302	0.554400061606546	0.266310626556243	0.808225073928537
TAG46:3FA18:1	0.97611825745855	0.365732915891102	0.198595430409881	0.790224354924335
TAG50:4FA20:4	0.372448230624744	0.398716649328644	0.215554623059982	0.767663617604792
TAG53:2FA17:0	0.6851273746779	0.464452073016186	0.234277277500241	0.718881310924594
PE(18:1/18:2)	0.996704340943633	0.728545821589955	0.281438748350318	0.75228765050328
TAG51:1FA17:0	0.241090179850021	0.216023313447208	0.20956869679196	0.754692331311664
TAG54:2FA20:2	0.91670632841565	0.936136854012958	0.238963849763959	0.759646031560501
TAG56:6FA18:1	0.579214888034771	0.711743748515965	0.244817046199751	0.788777313000931
FFA(22:1)	0.303000629585466	0.686615530968395	0.232853270555788	0.741659630271647
LPC(16:1)	0.451563067645464	0.787427043581767	0.228595727221329	0.76838330481836
PC(14:0/20:3)	0.130634042653011	0.294919723460385	0.386965576223553	0.706666248685045
TAG48:3FA12:0	0.380776902210544	0.826342942555097	0.243125432147468	0.773508381811574
TAG54:6FA16:0	0.740764236305597	0.505449236630985	0.25865739756939	0.78781501107201
TAG46:0FA14:0	0.620593397874364	0.570872997624119	0.220770343830219	0.762864301332504
FFA(22:5)	0.554369522341785	0.650636152637863	0.228810065365644	0.739927489202161
TAG56:2FA20:1	0.708393544743746	0.99902508807487	0.241577085486285	0.763661306089098
TAG58:5FA18:1	0.932027163461152	0.90483879550041	0.240580519499915	0.770376704564319
TAG50:4FA20:3	0.581448146925412	0.582840669487424	0.231766854050079	0.736813681217914
TAG52:1FA20:0	0.14071465486668	0.044783698901158	0.211013751484968	0.6764070883509
PE(O18:0/22:5)	0.916143689031618	0.67030000561576	0.267643478438952	0.75222018587575
TAG53:7FA18:3	0.320974961947713	0.582213043177018	0.256320012700679	0.75811528816531
TAG50:3FA18:0	0.856031584841418	0.496701799927346	0.232637636219005	0.764160955345987
TAG46:3FA18:3	0.300808668407328	0.768081450399173	0.248480436900605	0.769977900966595
TAG54:7FA18:1	0.045905127215914	0.113953358734507	0.234487100900486	0.822334914146167
TAG55:4FA18:2	0.3897061857356	0.79325809000929	0.240199249898759	0.753635367780378
PE(P18:0/22:6)	0.734618541291349	0.650965487473608	0.211507885419732	0.908889985377999
FFA(18:1)	0.927112807248163	0.665940700389715	0.230076964286399	0.789735538543143
TAG50:5FA20:4	0.478623152082115	0.582774746247066	0.225262734164809	0.750603574715449
TAG53:3FA18:1	0.868834977286854	0.944138091294542	0.239724476790587	0.768579434228855
TAG50:5FA16:1	0.721032246505634	0.0641722270807909	0.166903923522361	0.939949625672545
TAG50:4FA16:1	0.750642593152912	0.103754365755359	0.167447329788788	0.91058262540507
TAG52:4FA20:4	0.396334844957742	0.655849908327467	0.228256083348979	0.777775256992977
PC(18:1/20:5)	0.21631736092578	0.871392995396989	0.235404903989321	0.787641267939605
DAG(18:2/20:4)	0.508853560991487	0.548476982260372	0.243740286589445	0.767588606083381
TAG54:7FA18:2	0.0313717854173383	0.184603771942894	0.217828421317891	0.707383542619099
TAG56:7FA22:4	0.697622653048583	0.46186475779572	0.25159044312163	0.77257526450034
DAG(18:2/22:6)	0.264205119841922	0.627163716619198	0.239431521280243	0.808440112400653
TAG49:2FA15:0	0.446386778481547	0.479668789421052	0.235364068830588	0.753318143183256
TAG46:3FA12:0	0.412901394774148	0.771891660307027	0.241187897657979	0.778141611473958
TAG47:0FA16:0	0.551622066160555	0.561072270942046	0.220343942645424	0.76540633447906
PC(18:2/18:2)	0.37101135405632	0.934431168430852	0.250353194629618	0.764422183185876
PC(18:2/20:3)	0.566413533031401	0.531017694437998	0.376242210431238	0.738408633014481
CE(15:0)	0.890866392892544	0.350030463649419	0.326198035443096	0.6713583906315
TAG54:1FA16:0	0.357883077667322	0.121845271099554	0.186399626799185	0.733045957292545
TAG49:2FA17:0	0.298475722893388	0.206734023492204	0.233624509525442	0.728060214881518
TAG54:8FA18:3	0.0232105822427238	0.108540087656853	0.215152381217091	0.674190231923056
DAG(16:1/18:0)	0.145259664566085	0.276001077719634	0.232152066090118	0.744643777823912
PC(16:0/18:0)	0.656647445221221	0.624462771110867	0.340245976586805	0.717828255045588
TAG54:5FA18:3	0.0200163048873894	0.0206011530678132	0.202705196732373	0.842674046691813
LPE(20:3)	0.620743989980441	0.808271487511499	0.25959021931527	0.773571359320905
TAG55:1FA18:1	0.105704483271977	0.34179340483796	0.272885231822549	0.842213717659435
TAG55:2FA18:2	0.11971426485186	0.348863644944544	0.250445293672872	0.821996338224505
PC(18:0/20:4)	0.804481498427037	0.830348267165485	0.235476128027906	0.760605334681402
TAG54:5FA20:3	0.959994023133268	0.787251630704645	0.243338672844586	0.772054118491512
TAG56:3FA20:1	0.288790863816243	0.45595342754251	0.2617652036316	0.797047093174324
TAG48:3FA14:1	0.246470493546425	0.6122350050585	0.242172133940959	0.751102794739063
TAG56:8FA20:5	0.0733021911054719	0.276560192923393	0.266375941330818	0.847727797826483
DAG(14:0/16:0)	0.529166436625551	0.279521449491877	0.207820977979699	0.757960280347621
SM(26:0)	0.939911141893784	0.414645765253201	0.354558167932541	0.70040167353094
TAG51:4FA18:2	0.538392149855545	0.657115916400165	0.234000490562024	0.780068980075234
TAG56:7FA16:0	0.212663949498676	0.357910508993882	0.239377448000699	0.852656487705977
TAG48:4FA18:2	0.17831729443154	0.479120466725946	0.244836872634637	0.77190120160325
TAG50:5FA18:3	0.358120762827096	0.285633964666422	0.216924932336483	0.798245205927354
TAG53:0FA16:0	0.266863396809779	0.331713844170564	0.272994538134051	0.828388215008918
TAG44:1FA16:1	0.500726372468262	0.397220807637158	0.227990139758055	0.726009147729359
TAG60:11FA22:6	0.352983328741274	0.815709912554812	0.240025732719556	0.791855304441822
LPC(20:0)	0.0516306810677393	0.123932271820761	0.171621572323391	0.72411422576313
TAG52:4FA14:0	0.556793193013561	0.431298953293103	0.232140410073394	0.723520969506235
TAG53:6FA18:1	0.803488537071549	0.730412158311236	0.219983570557345	0.769932273796665
PI(18:1/18:2)	0.932314274218375	0.676030134762565	0.295699052761908	0.811793864101237
TAG52:4FA18:0	0.67454574690505	0.386707334372173	0.22082935914248	0.823295050335336
PE(18:1/20:3)	0.262967899766989	0.819711832066489	0.281729790142592	0.741815828982532
MAG(16:1)	0.474309676190689	0.746998950179586	0.245008099578996	0.752523765350483
SM(22:0)	0.886709136549312	0.85039689675563	0.294300111786062	0.753176375703041
TAG55:8FA20:4	0.756741571101794	0.207895668143578	0.275670121966547	0.688522430004517
TAG58:6FA18:1	0.701770079594159	0.696117075351989	0.244241673365324	0.792620670581717
TAG56:5FA16:0	0.727302088231949	0.955530967763038	0.239533505647242	0.763269328387939
DAG(18:2/20:5)	0.213244892691157	0.639042754842279	0.240099857895946	0.79231488439789
TAG58:2FA18:1	0.982661120331501	0.992328484432707	0.239938266928277	0.763898626884494
CE(22:0)	0.790191515143151	0.224838574338114	0.344928704480468	0.618882133863781
TAG54:5FA22:4	0.348994445414556	0.739182029413359	0.229825179143692	0.772606409295685
TAG58:3FA18:1	0.959582065590353	0.943746447879235	0.237976274113515	0.762150501868277
TAG56:3FA20:2	0.688905699011325	0.783907491433019	0.241006663750227	0.790149977682396
TAG52:2FA18:2	0.856200010371423	0.767749386462832	0.241084800484195	0.76917323385765
TAG53:4FA16:0	0.970095073746469	0.962574603752634	0.23948529535265	0.763980306157857
LCER(22:1)	0.420052982914691	0.685489632368739	0.292353886714069	0.772003274601449
LPC(20:4)	0.219648292495423	0.129158677993269	0.460256232423403	0.523100756456084
TAG48:2FA12:0	0.508196828019606	0.966345840620349	0.241217348152219	0.766180120549991
TAG58:7FA22:4	0.750643960259518	0.641168250062181	0.251743023375124	0.768572369901798
PC(18:0/18:0)	0.612763354321642	0.964301908118907	0.26100304600868	0.761358065435797
CE(18:3)	0.934529362775691	0.658715404693905	0.313930449995532	0.746431156507319
TAG51:4FA20:4	0.195713602311997	0.189121966837924	0.20356839981452	0.761908675527317
TAG56:4FA20:2	0.430449592076935	0.566109877973539	0.229808790371697	0.825007142516898
DAG(15:0/18:2)	0.464753619520685	0.639096288927043	0.26117647870523	0.78474690797115
TAG46:1FA16:0	0.965536437524928	0.629384682476884	0.226757207986777	0.74874513043488
DAG(16:0/16:0)	0.540457464954108	0.584565931858525	0.231262633804153	0.770814924274674
TAG54:5FA18:2	0.0675298730709664	0.138048074655046	0.217133223621001	0.734861995151228
TAG42:1FA12:0	0.407638151901728	0.915392274380853	0.244414582273471	0.768540022546835
DAG(18:1/20:2)	0.724299743491416	0.388938577905685	0.255398050647434	0.678874098548824
TAG52:7FA16:0	0.802923811549354	0.675879893444096	0.225719137997093	0.764461721146391
TAG55:5FA18:1	0.543341248141571	0.78368293451353	0.242206866368235	0.768181107874058
TAG52:2FA20:0	0.76405668241143	0.517632811056672	0.233031232900794	0.742275058845514
TAG46:1FA14:0	0.394982568496491	0.37307094347142	0.219346505252327	0.738045120293943
DAG(16:1/20:2)	0.230849990921771	0.227340141894978	0.293994337716852	0.702842849723638
TAG53:5FA18:1	0.575145371913394	0.553613722079223	0.242877305687103	0.755378249957077
CER(18:0)	0.575207534055663	0.909060631771947	0.256319437192767	0.753869779149646
CE(24:1)	0.398764407809592	0.46431221045418	0.265051083495339	0.748931236970765
PC(18:2/20:4)	0.973327314447473	0.862046486361791	0.263328253386773	0.780387073998521
PC(16:0/16:0)	0.908258929115549	0.761202216719937	0.306312538322041	0.726283533028726
TAG50:6FA20:4	0.90604553881746	0.914739780384969	0.238066184646535	0.760483576216813
TAG52:2FA18:0	0.961676498314127	0.881404872052472	0.240726962632895	0.764504610148584
TAG55:2FA18:1	0.303695959142436	0.732243079807648	0.253491030463645	0.770486768117558
CER(24:1)	0.884843188916545	0.913886853816531	0.258666713073333	0.749563113784933
PE(18:0/18:2)	0.998265276192399	0.770793567425219	0.225566944121537	0.790990504434248
TAG52:0FA18:0	0.868448252381877	0.724290055015678	0.225124408422093	0.759061811076823
TAG50:4FA14:0	0.389756181867639	0.587740725558595	0.231949093144014	0.784302090181828
TAG52:2FA20:2	0.491276179397624	0.671908572517508	0.236089823733658	0.760905881785886
TAG58:6FA18:0	0.386359231832074	0.258813230968028	0.237505795273392	0.869356008714952
TAG55:6FA20:4	0.418391323857603	0.422972992925066	0.229446744013012	0.747690955180192
PE(P18:0/22:4)	0.441843225503003	0.796248398648426	0.236057771329079	0.744572026906849
TAG51:2FA18:1	0.463610852769318	0.515715111531001	0.231060052942852	0.725063629610451
TAG50:2FA18:2	0.807837776803411	0.977634026109999	0.239984847129663	0.76303026312263
TAG53:3FA18:2	0.972358480388437	0.796421497710398	0.242870940811415	0.750549204638639
CER(24:0)	0.529069200717652	0.0611558368718136	0.293231670138269	0.490607508889043
DCER(22:1)	0.852286190358927	0.745013285477656	0.23992250777506	0.765620642357352
TAG46:2FA12:0	0.550721096959175	0.997079735460227	0.240349988555288	0.763889134755253
SM(22:1)	0.897205853811963	0.839913670465465	0.246169719693155	0.789599202992801
TAG48:1FA16:0	0.287694542953464	0.379874691593726	0.221374627787928	0.766045723698419
TAG56:3FA18:2	0.862870154069104	0.949620025975983	0.23887653262279	0.763052664866022
DAG(18:2/22:5)	0.5503801555824	0.792479830130632	0.236598801511592	0.772984513356357
TAG57:9FA22:6	0.843702608810548	0.958587946971563	0.240072619991268	0.764639901364763
PC(18:1/18:1)	0.894584435932475	0.81485545632643	0.288522425082363	0.748578216879187
TAG52:4FA22:4	0.530261122856218	0.477215520933407	0.214073785366355	0.783561964662296
PI(16:0/20:3)	0.449314282356175	0.399865242283981	0.369129761930711	0.724890066876987
TAG50:2FA20:2	0.474117792921615	0.392765194472797	0.227456313537896	0.737364846967979
TAG58:10FA22:6	0.0992608876493477	0.350794634692713	0.251582017571841	0.846994793769027
TAG54:4FA22:1	0.126131183229948	0.107676807422539	0.232103971085384	0.811183138397221
TAG42:0FA14:0	0.544843184245678	0.963742891911133	0.239697601422295	0.761669130507258
TAG47:0FA17:0	0.556519211381383	0.380380864461601	0.209424073163355	0.762041029725679
TAG48:2FA16:1	0.27343776819041	0.831782781925438	0.242412571916178	0.757784930059108
TAG54:3FA20:2	0.781691814770814	0.883471330296349	0.241468248157723	0.774526144160303
TAG42:1FA16:1	0.668931424429017	0.463447476765526	0.218459720847595	0.746587333997849
FFA(18:4)	0.375450874822292	0.330383789961235	0.333776685929301	0.735175134325317
DAG(16:0/22:6)	0.91106313959653	0.929748204686194	0.239403887948322	0.774142484337602
SM(14:0)	0.678958540484569	0.882143893127869	0.241675375032193	0.798584229583412
TAG47:1FA16:1	0.313488104765642	0.556901250563591	0.235078905164634	0.753647138247685
TAG51:4FA15:0	0.507029280751368	0.770428109440827	0.23951319961958	0.7755712084961
TAG47:2FA16:1	0.272648655864218	0.666081660439436	0.242438768012131	0.742925912012761
PC(16:0/22:6)	0.379061999427928	0.532852694350185	0.2031879698223	0.902614605188205
LPC(17:0)	0.186639625963321	0.293907977444385	0.199537840665014	0.81302412880305
TAG55:3FA18:1	0.465106199220106	0.846618889293863	0.248121211937391	0.763362802435978
TAG46:3FA18:2	0.884705029860161	0.605647482395788	0.228130926233016	0.759662561801213
TAG53:1FA17:0	0.420021071471769	0.211755051783574	0.201971695925953	0.738654522544945
HCER(24:0)	0.483073234984345	0.523379264705006	0.203905228832426	0.845788743518637
TAG53:6FA20:4	0.488041556736657	0.867265064403239	0.238446766380872	0.758225988733245
TAG54:3FA18:2	0.355331987824156	0.40663814427826	0.240254393457744	0.78790934863179
TAG48:5FA18:3	0.0895034403765783	0.293706046978704	0.250211634356183	0.76078803363406
TAG50:2FA14:1	0.189439590026239	0.124223464013796	0.200881257737445	0.731184887064177
TAG52:4FA22:1	0.267886268529135	0.139265751184256	0.207027990485773	0.848426516067144
TAG52:1FA16:0	0.774609482889719	0.813892460704667	0.233640093755098	0.760136555813412
TAG54:4FA16:1	0.542782202473076	0.458086830149417	0.216543455628842	0.844210488974981
TAG48:4FA12:0	0.155706797725725	0.483504876062886	0.247115905271319	0.778899997578288
TAG58:7FA16:0	0.74857002702221	0.448300719076341	0.224707357418624	0.784700252801228
TAG51:2FA16:0	0.317918249986324	0.500659484247704	0.2366030873533	0.748013133149842
TAG56:6FA18:3	0.216641622792255	0.419476142036161	0.220715202065507	0.802336978936624
LCER(16:0)	0.694666565734694	0.81251655577609	0.258074817834891	0.779854334404637
TAG52:6FA18:2	0.0999071222493458	0.0506516400070154	0.193843430161902	0.879645601859587
DCER(22:2)	0.581538374004405	0.593413266772763	0.270308365707538	0.69054212982933
DAG(18:0/18:3)	0.770756517747098	0.894909722518719	0.238406307954369	0.766172627769266
TAG48:2FA18:2	0.802468440726411	0.58619463877223	0.23457190613566	0.75534085133814
LPC(20:1)	0.282945228867411	0.130421874986749	0.190461092529384	0.747143859572602
TAG54:8FA20:5	0.158459207006321	0.32824698825446	0.260522202472407	0.839683586036344
FFA(22:0)	0.713983622558147	0.833958858381074	0.233757059825288	0.767125049083986
TAG53:1FA18:1	0.86488986106971	0.492874885716727	0.214924841274516	0.751832646492909
TAG55:6FA20:3	0.739947867948885	0.783398017713617	0.25320166438972	0.757907125677553
TAG51:4FA18:3	0.813191026117466	0.507337649670242	0.238067279030684	0.786943154464864
TAG58:10FA22:5	0.109876481014307	0.370112407646167	0.254820327498394	0.808585344129872
CE(20:0)	0.146973061862339	0.75760416148772	0.2283242532772	0.757713769893164
FFA(14:1)	0.653266221395438	0.886987855106522	0.250781771800701	0.765947888266848
TAG48:1FA16:1	0.283519323372785	0.690009759760975	0.235650367998263	0.771542102495628
TAG53:2FA18:0	0.49164058748019	0.315022827814258	0.224786597699007	0.750898803404848
TAG54:6FA18:2	0.0596033844699879	0.201156028148004	0.215989648874063	0.701508944924571
FFA(12:0)	0.616644381832933	0.948534632204873	0.239601682607342	0.771481786210227
TAG51:1FA18:0	0.258913421619658	0.116103257660172	0.190557197340069	0.741653887187676
DAG(18:1/22:6)	0.434389005042419	0.824022529579369	0.238218258362232	0.790852141474502
DAG(18:1/20:3)	0.50062854579292	0.456023854259618	0.230117093122337	0.740549177171772
CE(20:3)	0.138488588131559	0.132648773837467	0.435355085357672	0.768377009964835
TAG36:0FA12:0	0.330890826356773	0.619776605731889	0.236949117207088	0.789817314901694
TAG53:2FA18:2	0.973165030105889	0.598937454490694	0.233907681279876	0.7611995678155
TAG53:1FA16:0	0.602532578451656	0.99657399588039	0.242100956159026	0.763456798126596
DAG(16:0/18:3)	0.862713819963173	0.527779792678765	0.234600419934172	0.754993135846493
PC(18:2/22:6)	0.692581301341606	0.387914165051012	0.329324392021914	0.666054379322681
PC(16:0/20:5)	0.186698990579125	0.83685020629756	0.235634635321415	0.795570133083516
TAG47:2FA14:0	0.53941713293896	0.33506140419158	0.224366363793736	0.735231650899809
PE(18:0/22:6)	0.697516822281504	0.870453437724425	0.240689990938379	0.811516512506872
HCER(24:1)	0.368168438038467	0.294857323506059	0.177923038797541	0.849395096413696
PI(18:0/16:0)	0.793598066511057	0.60431132260426	0.212694358672696	0.707243096192636
TAG53:4FA18:2	0.65001987117891	0.859535564954081	0.236857020539471	0.770824264820803
TAG54:5FA16:1	0.999641435574935	0.628666861392093	0.232913692930388	0.797649406876733
PE(16:0/20:4)	0.524172693878601	0.822274960087723	0.232515937828771	0.794705871410701
TAG52:1FA18:0	0.736115642125947	0.717163363139396	0.228019279630192	0.760974011316539
PI(18:1/18:1)	0.298177738135526	0.121186808451265	0.343013006205698	0.940907730303558
TAG54:5FA20:4	0.519038633739415	0.803414873619546	0.231719531418277	0.767201583548493
DAG(18:1/18:2)	0.62314315031162	0.506290240489824	0.221888158651917	0.802746829779743
TAG56:8FA18:2	0.221916320403986	0.442557500474601	0.242140540743087	0.817864896997968
TAG56:8FA18:1	0.108801701558606	0.352847273142837	0.263308187917625	0.841965190760344
TAG46:1FA16:1	0.280874096865867	0.463856797009312	0.228930329922228	0.757428256966575
TAG53:5FA18:3	0.37653980418691	0.253628465580364	0.217515684926349	0.80346663021118
DAG(18:0/18:1)	0.885935308826541	0.907126089043412	0.238058665724537	0.75815614570828
TAG42:1FA14:0	0.677979064089586	0.366756237187862	0.206275761331196	0.735720928538859
DAG(16:0/18:0)	0.31803102126466	0.296957647610881	0.210320805705801	0.760867479371147
TAG46:2FA16:1	0.440333662332571	0.678089093860083	0.241226195885049	0.743281634414489
TAG56:7FA16:1	0.278329913969594	0.16219045033774	0.217145646257599	0.925897329255197
PC(18:0/22:5)	0.418525411971968	0.567642645830369	0.341662073151847	0.714032115746324
TAG47:1FA17:0	0.545431019509192	0.241454992346826	0.213755938110785	0.731518018268312
TAG49:0FA17:0	0.451744406351285	0.501512775103663	0.219543002375931	0.769007534268213
PC(18:0/22:4)	0.128160111537559	0.138655797156605	0.315176263103088	0.995723251805589
TAG54:8FA22:6	0.379490348186381	0.471979777227171	0.242417212889655	0.831187512429046
LCER(20:0)	0.746752867709025	0.891465168878421	0.238292372606871	0.76550225976456
TAG44:1FA14:0	0.901756110471837	0.623867580937257	0.227224013828483	0.740223987987753
TAG50:3FA20:3	0.235684604328593	0.222770150007122	0.207085068254559	0.754442002101322
TAG54:5FA18:0	0.0962747501829569	0.210380480993016	0.21401871781822	0.750214301555185
TAG48:1FA14:0	0.398063452894113	0.299243886701252	0.214443675073975	0.743828523935414
TAG40:0FA12:0	0.328094049184	0.732227058901302	0.249239431324801	0.779762329600433
DAG(16:0/20:4)	0.20337577930701	0.158874615768956	0.229204178298382	0.794916282237144
TAG52:6FA16:1	0.150234776576472	0.0444525024695398	0.175771064972561	0.904902965469806
TAG54:0FA16:0	0.252445480548944	0.0303000488153916	0.166686237393713	0.696593604793708
CE(22:1)	0.397926818369927	0.530185822042023	0.192601679164036	0.819360990795143
DAG(16:0/20:3)	0.203109651446433	0.183879020449889	0.237833219107413	0.761698755951217
TAG52:4FA20:3	0.389999643857842	0.754296837674177	0.235304489237309	0.758555146705072
TAG51:3FA16:1	0.50905309680503	0.890090194537503	0.237473560157953	0.776175055738844
TAG52:3FA20:0	0.560664176307901	0.408192676734889	0.235703691668515	0.791033236275904
TAG47:1FA18:1	0.352367269823708	0.172727180136788	0.203199448868112	0.717128525060603
TAG53:3FA17:0	0.943043975477419	0.856152537091559	0.24290332576711	0.751814389598763
TAG54:7FA20:5	0.162944335112599	0.327552456676979	0.268186046158549	0.839376115594508
TAG56:6FA20:5	0.175155762076938	0.645505578004795	0.254587047828619	0.811594810541841
TAG50:0FA18:0	0.638166083632517	0.628011999734362	0.221698363913694	0.767384249794267
TAG50:4FA18:1	0.669845361307513	0.597587783267224	0.232798231085052	0.791617790455828
PE(18:1/22:5)	0.320221087456882	0.956483419146414	0.261734289178001	0.759709679123815
TAG46:2FA18:1	0.665429208279142	0.322330093416274	0.206114866381178	0.734176345800988
TAG47:1FA14:0	0.327833640415285	0.237304963146468	0.207777387318379	0.727408296236238
PC(18:0/18:1)	0.4212120732466	0.393483455879749	0.388467765885559	0.693487900809108
TAG50:0FA16:0	0.572452177556659	0.629610674135017	0.222773768972782	0.773014815954002
TAG54:6FA22:6	0.922130088933806	0.900032992056968	0.240961283051221	0.774470887422607
TAG56:7FA20:4	0.8108445260485	0.943578115652192	0.242374694837425	0.761681362932037
TAG52:4FA16:0	0.307266198207148	0.291622732260819	0.221863764774143	0.782814183827543
TAG42:1FA16:0	0.612958641989333	0.376750501740409	0.20204342461037	0.773362522911664
LPC(22:6)	0.0804255269051174	0.111191300502614	0.265740686055766	0.888147198212254
PI(18:0/20:2)	0.467784196231668	0.806259044087327	0.30619716866776	0.727782370651246
TAG52:2FA18:1	0.863474268603254	0.788042746888388	0.242786813356922	0.778069136003191
TAG52:3FA16:1	0.649555693493228	0.259731448394366	0.209572511409255	0.86805035446736
TAG51:3FA18:3	0.919082163127646	0.964337059532357	0.239565188171046	0.763674106190489
TAG52:7FA18:1	0.847363374534853	0.821875949796756	0.234932783626956	0.757000484417401
DAG(18:1/22:5)	0.535873995564313	0.572267704234143	0.235465590843365	0.80982766203303
TAG56:5FA20:2	0.195195745924505	0.42846676341705	0.216984305312506	0.851615613688362
TAG46:1FA18:0	0.619115436538279	0.171593247327418	0.18145128260295	0.749860955986829
TAG56:5FA20:4	0.601782288680693	0.837306390328021	0.246324016841908	0.774202038853112
TAG56:2FA20:0	0.664934278502223	0.868914596103789	0.245658489278813	0.767661887038935
DAG(18:0/18:2)	0.949686774174778	0.988828835425045	0.240416432554925	0.763201433385205
DAG(16:0/20:5)	0.800685958267658	0.360759286020867	0.230572096038553	0.730674154681034
PC(18:1/20:3)	0.116369150346409	0.154644397807677	0.517277851603101	0.705863784777219
DAG(14:1/16:0)	0.626992002630794	0.451349665379112	0.223183194885493	0.814950615081202
TAG48:5FA18:2	0.101320105271573	0.38063354425328	0.249679522846095	0.757690573376316
TAG54:3FA18:0	0.308813162859645	0.329177437223976	0.238066566715792	0.795449336822318
TAG49:3FA16:0	0.772512145201903	0.893237751529708	0.239187926879512	0.765389262052238
TAG49:3FA16:1	0.639414688661271	0.728011343457738	0.231516307352916	0.790846647366392
FFA(20:0)	0.616248960552285	0.589373504586377	0.218499718680593	0.814808506784719
PE(P18:1/18:1)	0.607389783417268	0.105099069392361	0.417605801935451	0.623817763467767
TAG54:8FA20:4	0.48156474354255	0.819633312808174	0.240166531911431	0.768320531212186
CE(14:1)	0.13567833325215	0.0585198354874058	0.362693523660013	0.726450743621042
SM(20:1)	0.419337814874625	0.181988865570134	0.093802967016445	0.984615943834906
TAG51:0FA16:0	0.745936177548203	0.576174663833083	0.219717808268474	0.766802614276191
DCER(16:0)	0.0473514593111458	0.0776332867916631	0.349695358464146	0.684033406939677
TAG56:6FA18:0	0.343397700390044	0.623075529006998	0.245115865872886	0.796502645355527
TAG48:4FA18:1	0.173265865425126	0.481209359687014	0.254476021723736	0.78446131376145
TAG50:1FA16:0	0.462504247214695	0.682423416720688	0.231181020491871	0.772040370727117
TAG52:5FA14:0	0.508576962030543	0.50902361355313	0.227363205868872	0.742090135784444
PE(P16:0/18:2)	0.467869849171747	0.915150065157481	0.263875540507288	0.75185029485485
PE(P18:0/20:5)	0.41496624863225	0.554619167176603	0.254239490928747	0.678716748986821
CE(18:0)	0.419989887737013	0.408772607774038	0.327430955717209	0.737973963345675
PI(18:0/20:4)	0.638192639124791	0.967543692736073	0.245954220376622	0.764125616195504
TAG49:1FA14:0	0.330062190154417	0.168347639913837	0.207526222514908	0.720337922478304
PE(O16:0/20:4)	0.922218123207397	0.553325661610425	0.254812583496937	0.753900229744797
TAG53:3FA18:0	0.452842212333188	0.563118988307334	0.246905935207189	0.761320996026548
TAG56:5FA20:3	0.863199152285309	0.853139453570742	0.241765246876814	0.774535872479669
TAG48:0FA14:0	0.556514751133309	0.364113129866365	0.208738984744144	0.745908798706428
FFA(17:0)	0.185449242285748	0.419404396302112	0.276376524069711	0.758177722354855
TAG50:5FA20:5	0.925730864351304	0.542243388767545	0.219510697292871	0.739643430578521
PC(16:0/14:0)	0.143403731961103	0.0602682622893599	0.455655586860766	0.539969845904593
TAG48:2FA18:0	0.357591638804649	0.875074456601551	0.245146847825949	0.767485525357873
TAG50:5FA18:2	0.393516116560841	0.544279453378303	0.230188161731025	0.765991354144047
TAG52:7FA20:5	0.442969885176489	0.904572253416662	0.243967777801152	0.771672947116672
TAG48:1FA18:0	0.680086993453616	0.761635454328895	0.230830064131522	0.752527663285632
TAG56:6FA22:4	0.824189616646989	0.875670326264258	0.24648656094318	0.75913929228617
TAG52:2FA16:1	0.733157873485197	0.771920988627168	0.235836575117554	0.784563807522888
TAG49:0FA15:0	0.298011288708124	0.186781322227172	0.196360841746113	0.754774665496797
TAG46:1FA12:0	0.73490065130294	0.762646291278907	0.232376288412109	0.751159767209256
TAG51:3FA15:0	0.878457056217946	0.982003536887729	0.240358203622444	0.765419009562916
TAG54:7FA18:3	0.027411897965883	0.139165238529638	0.213844749838151	0.696772098240875
TAG57:2FA18:1	0.104920492147163	0.334321029058594	0.263268638610602	0.859786247486363
PC(16:0/20:1)	0.225345892208018	0.37822430578295	0.263684712371094	0.719428385133225
TAG38:0FA12:0	0.389085931821849	0.6504897278357	0.238070645130669	0.787420546257285
TAG49:0FA18:0	0.404041369096128	0.232119226660991	0.19751364619491	0.748660236673967
TAG51:2FA16:1	0.303641679565401	0.681745431520674	0.245052280520296	0.738410078837217
TAG54:3FA18:1	0.18832645869634	0.15995351096799	0.265141716490375	0.833974155282039
TAG54:3FA20:3	0.476159301875445	0.695729153667327	0.229045246960168	0.756099255084978
TAG58:7FA18:0	0.275774670416393	0.502366185541723	0.243326548073792	0.833125939133606
DCER(24:1)	0.320304405857884	0.494667659885937	0.295858348441064	0.684193767159657
DAG(16:1/18:1)	0.764159515829457	0.83530527752123	0.236219578270886	0.777064994434493
LPE(20:1)	0.453556609554514	0.510136811748679	0.240851054876347	0.79468119325665
DAG(14:0/14:0)	0.44809803529906	0.253980752991195	0.204437848262745	0.721905270073175
TAG48:2FA14:1	0.126080987183123	0.280761909415914	0.221997840585186	0.747224793736247
TAG56:9FA18:3	0.294148388897212	0.240856713373877	0.236929516071258	0.824213514133668
PE(18:0/18:0)	0.542923091728919	0.969667509897011	0.247325893523371	0.778282796088452
TAG50:3FA16:1	0.771897412423933	0.423439996428617	0.214543774612373	0.808906499171067
TAG51:1FA18:1	0.288025480244289	0.242660635335073	0.20985470905454	0.744835448974678
TAG52:1FA18:1	0.80672729218009	0.89997228732146	0.237262505979476	0.760715979273483
PI(18:0/18:2)	0.866046980724636	0.824184335703535	0.288273031575312	0.777581244517318
TAG49:1FA15:0	0.276238467097365	0.221424078892259	0.206556425301411	0.750656799277968
PE(P18:1/20:4)	0.960412727878114	0.975763330379501	0.241121044605658	0.763755093401357
TAG51:0FA17:0	0.362170648746745	0.287066037040871	0.205420303721386	0.763854011123138
TAG48:3FA16:0	0.536463123708027	0.737589337197517	0.239186705709153	0.758955074369368
CE(12:0)	0.415495912391755	0.476875390348327	0.309509596591749	0.707542501514293
TAG53:1FA18:0	0.43254027663674	0.188416771079509	0.194694291311183	0.759391398493763
CE(18:1)	0.967512714800596	0.610282613826588	0.299756007254669	0.731968639273847
PE(P18:0/20:4)	0.900073057964627	0.673089006475383	0.231396923810932	0.780017043177145
TAG54:3FA18:3	0.825411848180607	0.336716077263866	0.231629916364095	0.7305646504276
TAG54:4FA18:1	0.0916733872171599	0.0879863510632463	0.240624030717844	0.815764725046158
TAG58:8FA20:4	0.320000458571223	0.298212797587478	0.208330564093688	0.77145606918677
PE(18:0/22:4)	0.36921568506553	0.928973992779359	0.23977585589181	0.759916434321866
TAG44:2FA18:1	0.751010283014773	0.31133060253046	0.190568035390103	0.770681618338861
PE(16:0/20:3)	0.0259183678752897	0.0729616164937847	0.482320145420266	0.581683443695824
TAG46:2FA14:0	0.688897229275573	0.484632534867712	0.230658973558147	0.738439404155036
PE(18:2/16:1)	0.442089156168752	0.797714570781997	0.270579598836321	0.733497365383169
TAG56:4FA16:0	0.471360105394767	0.655989212929349	0.229305427397041	0.759701708936385
DAG(18:1/20:4)	0.329209855617663	0.342021168224747	0.224030862722982	0.767998122838289
TAG52:3FA18:0	0.732550145301943	0.487132572694542	0.225414302323148	0.790777242565487
TAG58:10FA20:5	0.512505380046568	0.742793029092721	0.237921051373096	0.737545838243805
PC(18:0/18:3)	0.832078835467371	0.753934525535131	0.223661718142181	0.784210676364859
TAG55:7FA18:1	0.841640677944601	0.646122382857481	0.224159456906523	0.746659445271777
TAG60:11FA22:5	0.528134554059839	0.976540253084594	0.240227115910458	0.766923994619326
DAG(18:2/20:3)	0.475890723001608	0.365541897920513	0.244719015476955	0.736158143036455
TAG40:0FA16:0	0.357696457490699	0.81463017202996	0.251005268955224	0.772132254051479
TAG54:5FA16:0	0.749670892759584	0.997223793641562	0.241090288983109	0.763507582622993
TAG58:6FA22:4	0.844436983932058	0.63413292157745	0.259400686057516	0.768626270590692
TAG56:4FA18:2	0.260531591107124	0.42374780662291	0.239632941857003	0.786594408945769
PE(O16:0/22:5)	0.815556031533962	0.370639320929392	0.31166747548223	0.718204542183294
PE(O18:0/22:6)	0.410864300794033	0.823410292210435	0.231310039423962	0.810317455837052
SM(18:1)	0.941767699855175	0.596123572319371	0.197056108643649	0.835927498207747
TAG51:5FA18:3	0.318020928178915	0.216029688978206	0.223625097189375	0.807597717176495
TAG54:6FA22:5	0.927319677917115	0.73043544842475	0.243990051979176	0.775864867267584
TAG56:4FA18:0	0.930671987784152	0.84650415277018	0.240273494394158	0.780775053984718
TAG51:3FA18:1	0.93979546615334	0.970020183007512	0.240253108735678	0.761678755333123
LPC(18:0)	0.173628366416521	0.0257518892704379	0.090059309623899	0.763756036477549
FFA(20:5)	0.917343315833376	0.446945735009295	0.245573210667591	0.737930612619512
TAG54:6FA18:1	0.0182583138793674	0.0552709797897416	0.211149770022485	0.791096353797119
TAG52:6FA18:1	0.182684750038607	0.159578350357005	0.250934371725818	0.887372122393567
PC(18:2/20:2)	0.0265733430901821	0.0323039491246302	0.0673208079618705	0.922957586310767
PC(16:0/22:5)	0.465667951092535	0.526703909129746	0.194472689837314	0.848343133791165
TAG45:1FA15:0	0.473903923615024	0.302614245508507	0.21838150170369	0.729540092061578
TAG50:3FA18:3	0.891319860173621	0.63223069799048	0.239012495948969	0.750766378248226
TAG48:1FA12:0	0.508996317355565	0.940522372509818	0.238723062391804	0.760677401090533
TAG52:6FA20:5	0.776344872762073	0.962246889068581	0.242596084558093	0.766568853880758
TAG53:5FA20:4	0.284636906920214	0.489478600137132	0.224695310119085	0.752149560330035
CE(20:4)	0.556543692139018	0.841399501363111	0.236955886195048	0.754959240746846
CER(22:1)	0.163999761541227	0.656414859695858	0.315351698427756	0.705891890294241
MAG(18:0)	0.22602300927851	0.020248007447479	0.213207074006113	0.890774156091281
TAG48:3FA18:3	0.939294759449146	0.934662079166394	0.238638678208269	0.763218116003017
FFA(18:0)	0.535156279183837	0.934265465435938	0.239647047508976	0.76360686080965
TAG52:4FA18:2	0.266335252394341	0.206248023493866	0.208134061090537	0.806230109796383
TAG42:1FA18:1	0.453130977168831	0.967009553888569	0.240925648290403	0.762279918897752
TAG60:10FA22:5	0.439168965693141	0.727022979334742	0.244090312186364	0.783227601430418
DCER(26:0)	0.543775206963469	0.562182158576048	0.243341560527541	0.780425457770595
LCER(18:0)	0.797606112834777	0.480485795949435	0.18656517771278	0.817601009943144
TAG42:0FA12:0	0.366327951505213	0.867324048148698	0.243836850371219	0.772607386403812
TAG51:3FA17:0	0.562406611442328	0.942599393488335	0.244750432724428	0.759552028589776
TAG52:6FA16:0	0.283060838516543	0.0923381147057004	0.23462580508419	0.795706550218528
CE(22:4)	0.583446388443876	0.570725213308934	0.275216458679215	0.787835259791617
TAG48:4FA14:1	0.506675161532222	0.716677052226438	0.230945599027976	0.785072870486955
TAG50:3FA18:1	0.934826568370912	0.868540204542922	0.238020794424506	0.775291489318166
TAG53:4FA17:0	0.647999426415802	0.992155339372754	0.240550559559171	0.764206629427093
PC(16:0/20:4)	0.498040241389116	0.733408272732026	0.236172079390247	0.758483535741902
TAG44:1FA18:1	0.939287330638764	0.465535702558447	0.211801064597325	0.744063544722453
TAG48:0FA16:0	0.632383371479435	0.813773105996814	0.23306680468986	0.772546564751832
DAG(16:1/20:4)	0.220442988932912	0.448007769846433	0.238408822470563	0.766631377716727
PC(17:0/18:2)	0.434039500589583	0.829472002936185	0.305183501373664	0.734470576144362
TAG54:4FA18:2	0.103645877411585	0.121390677102067	0.228341940769206	0.798642904973032
TAG50:0FA14:0	0.648056176643503	0.210076210497915	0.190094669614793	0.721649711365093
TAG58:7FA20:4	0.662172477523961	0.51357128881893	0.227619190363164	0.735773788326741
TAG52:4FA18:3	0.303224902253225	0.12447962337152	0.231362328168353	0.796964399275646
FFA(16:1)	0.90871795493556	0.569938819226918	0.215581408716346	0.812283041637918
TAG51:3FA16:0	0.637996670361964	0.793952401108267	0.240510545491117	0.75974661461299
TAG50:4FA18:3	0.780055581305231	0.302489001499547	0.221923644826519	0.803064081526001
TAG54:4FA20:3	0.640027317691569	0.802567526008827	0.233618506980455	0.756566989833675
PE(O18:0/18:2)	0.742801439681692	0.941863351898285	0.270263124969457	0.757598434549979
PC(18:1/20:2)	0.658699969364776	0.947072331776521	0.255934436553534	0.767346404409773
TAG49:2FA18:1	0.411264873846448	0.525522343445361	0.237615674089459	0.723059211510487
PC(18:1/20:4)	0.919406697161564	0.70981430691859	0.257921983226688	0.780043571014492
TAG47:0FA14:0	0.554555059743076	0.418392268867085	0.21411449984953	0.748576649778818
TAG52:8FA18:2	0.994266630969414	0.942069628503361	0.239505544666255	0.762321363409811
FFA(22:6)	0.787588421271568	0.85569124157063	0.235071449420459	0.745684204856896
TAG47:2FA15:0	0.529730685494476	0.426929609780937	0.229549772639145	0.73690966324063
TAG48:2FA18:1	0.937224127777555	0.824578556837931	0.235793465087584	0.751330572952728
TAG55:4FA18:1	0.401250589696506	0.637960806761743	0.251820828552195	0.755683501773752
TAG52:3FA14:0	0.867478409700852	0.596247630544934	0.241965580690708	0.723843482420652
TAG46:2FA16:0	0.582175533323068	0.98695820200199	0.240224727476483	0.763142379358515
TAG54:4FA20:2	0.577653702285012	0.701890694370482	0.233475595154028	0.80018176524808
TAG48:4FA20:4	0.98420194203702	0.641992665068559	0.226473272475595	0.746271626202908
TAG56:3FA18:1	0.402071449634116	0.557026875186835	0.253483645515984	0.789548721447258
TAG54:7FA22:6	0.820878923948238	0.677001068987123	0.236656080593484	0.806752114904582
TAG49:3FA18:2	0.582954634834998	0.78889895347713	0.245597810481584	0.749067820088825
TAG52:3FA16:0	0.602467682228434	0.398655217680221	0.23242622158847	0.802290659553105
TAG54:8FA18:2	0.042099659755637	0.147682821269574	0.227177281277244	0.751977125412889
TAG54:6FA18:3	0.0268222470841636	0.0743739048101066	0.204025609624072	0.762139907704487
TAG56:8FA22:6	0.242925688745787	0.476993803395911	0.244312542860851	0.832187411723156
TAG58:8FA18:1	0.0728965717573305	0.212104835839757	0.270052121132772	0.895135896532607
TAG55:7FA22:6	0.581258201590519	0.87916464056366	0.240367994820514	0.78574847469893
DAG(14:0/18:3)	0.641659079631503	0.675990383296005	0.238880843522153	0.772590881220665
PC(16:0/22:4)	0.581392459715705	0.528947989724781	0.263303525921912	0.814017256564534
TAG56:9FA20:4	0.940605196006616	0.807338517327223	0.240034864100469	0.762406473198211
TAG57:8FA22:6	0.239133911282702	0.496852851333571	0.240782385573225	0.829060913846976
TAG56:2FA18:0	0.954900665216423	0.877169305432498	0.236213775855098	0.759054308885244
PC(17:0/20:4)	0.209682303499682	0.951086907205952	0.239330146895792	0.767342931235569
LPC(20:2)	0.126220522855577	0.0666181911592845	0.156819213027584	0.701544761947715
TAG45:1FA18:1	0.548451059073407	0.269127256686175	0.204720549065769	0.733650430419209
TAG52:5FA20:4	0.284382194739315	0.694510289882653	0.229980879391304	0.771014157602433
PE(18:1/18:1)	0.43770513337841	0.474680351246978	0.24244116545274	0.778892597383052
PE(P18:1/22:6)	0.776085235334379	0.691632011272157	0.217082100949175	0.868147598470765
PI(16:0/20:4)	0.250234750053985	0.657265325949441	0.299847067830402	0.774374676916587
TAG49:3FA15:0	0.746563755840025	0.899395755226455	0.238415883837066	0.77024220118385
TAG51:2FA18:0	0.675760984267078	0.471031372410446	0.225602689522963	0.762186433963288
LPE(20:4)	0.97357275853585	0.846896660469352	0.24068820390518	0.737598826561943
TAG44:2FA12:0	0.522782147741277	0.879750492968027	0.237135776174665	0.758147312549086
TAG56:1FA16:0	0.376815658613615	0.272689088592212	0.201654287934199	0.74393373755875
MAG(15:0)	0.226709016142912	0.698496872951058	0.245828428561123	0.773120544855079
DAG(16:0/18:2)	0.817027186500835	0.702661928381274	0.234556703642076	0.762486388230306
HCER(20:0)	0.0422862971373962	0.068147788500823	0.120146881284338	0.937436774815331
LCER(24:0)	0.953823887502718	0.941127573807281	0.250759367055518	0.76184249637363
TAG49:0FA16:0	0.430969575780541	0.420670979369287	0.213998341951085	0.771261676216449
TAG50:3FA18:2	0.922874756679373	0.709033416654098	0.232221143189415	0.783991170214824
TAG55:7FA20:4	0.89716624787453	0.646665320050342	0.258099510074863	0.737193478187916
HCER(22:0)	0.334234731565798	0.42585537259962	0.197097531939319	0.815844610323512
TAG58:7FA22:5	0.167720545005756	0.270280763573441	0.265398855687172	0.849901689994594
FFA(22:2)	0.907457102874912	0.951672237786137	0.239509190374601	0.760917891198515
TAG44:1FA12:0	0.903887903144666	0.597827701114207	0.228844221549143	0.736432559528803
TAG46:0FA12:0	0.517920753579858	0.922253000373026	0.238274259488859	0.759708589332506
TAG52:6FA14:0	0.84562956944535	0.909314541734281	0.238723709108552	0.757741115999117
TAG51:2FA17:0	0.405752918223776	0.52135079184382	0.243410057319147	0.750163691711326
TAG56:3FA20:0	0.533623641371078	0.760629121276238	0.244974526005564	0.764251706458379
PE(P16:0/20:3)	0.131076924286809	0.109118073658757	0.399548135983101	0.580769316443144
PI(18:1/20:4)	0.0968992972669926	0.49568422712681	0.307615488490468	0.825002257795671
DAG(12:0/18:2)	0.412548808726099	0.750465119801434	0.245370179947156	0.766161506981346
TAG52:2FA16:0	0.975162500336201	0.73589542834756	0.242402153875633	0.77860497438487
TAG52:3FA20:1	0.919659010636591	0.880959496941268	0.24127359866176	0.754191999352152
PE(P16:0/22:6)	0.370361563623376	0.295417026294534	0.167506723967815	0.975971645755921
TAG56:5FA22:4	0.586613872988482	0.901779544853915	0.237144208561354	0.766961742943451
TAG56:9FA22:6	0.217219974757509	0.418000010803861	0.24104440633798	0.836467222002791
TAG55:7FA20:3	0.612122635640719	0.840804955435165	0.250278703348517	0.760555344331126
TAG50:5FA16:0	0.993254749546759	0.454819909917759	0.247387800706085	0.794233561093555
TAG56:3FA16:0	0.543116008272356	0.424304766143594	0.230696084569565	0.741724168779102
MAG(18:1)	0.413033040671316	0.826658139289953	0.244323948114467	0.790729462401171
PC(18:1/18:2)	0.688422488324378	0.805683302038955	0.319516789853984	0.749131185183312
TAG56:6FA22:5	0.370462031234169	0.479222547825375	0.25075068611773	0.809056440568471
TAG57:3FA18:2	0.102801090353773	0.376698885351511	0.250603844884033	0.83252470999142
LCER(18:1)	0.907719093778858	0.732864731313186	0.251505101558184	0.755535893541676
TAG52:8FA16:1	0.327170818469324	0.420183609925661	0.232383393527688	0.742128337093152
TAG58:8FA22:6	0.120479882307651	0.295849697680801	0.259887655401783	0.876161256398844
TAG50:3FA16:0	0.829727791606212	0.493792664957112	0.222472771439726	0.781612767163136
FFA(24:1)	0.294340834971939	0.449425253078928	0.221364194021222	0.773044290992113
TAG55:7FA15:0	0.563428959702853	0.973371838279064	0.24125406191428	0.762141034854618
DAG(16:1/18:3)	0.624989564471379	0.796877059425094	0.236973845754541	0.768838484974121
CER(20:0)	0.839564236448952	0.734879748563915	0.223521159396319	0.817589825892438
PC(18:2/20:5)	0.353555274191514	0.830252365086073	0.25104820141645	0.742174505947723
TAG52:5FA18:3	0.181124315839694	0.0670317847196604	0.203236425831867	0.777604831016113
TAG51:0FA18:0	0.45931485255621	0.277896433072608	0.198022346717879	0.763448923547319
TAG55:3FA18:2	0.292174006617456	0.734045588854962	0.247748552663406	0.75673881002021
TAG42:2FA18:2	0.29733805052043	0.848612255217096	0.250101182908671	0.767524800221011
PC(14:0/18:2)	0.711584031008712	0.606512484444007	0.370456703274421	0.698077385246814
TAG50:3FA14:0	0.828209364295456	0.992053017521088	0.240165071925566	0.764893875937967
TAG54:5FA20:2	0.329593336589579	0.375219477682057	0.213402531750677	0.845419610780571
FFA(20:3)	0.946346990389552	0.923543127410327	0.23880309428383	0.758439999388596
TAG56:6FA16:0	0.397530186372744	0.408922267685904	0.244643123585919	0.814432340401227
PI(16:0/18:1)	0.209177195674347	0.150291470447834	0.364911692383114	0.875218537000179
TAG52:3FA18:3	0.465429105507225	0.327882554041157	0.238834284234733	0.766646759029278
TAG58:10FA18:2	0.140072088763169	0.425165354604184	0.249857640677376	0.824384063413383
LPC(16:0)	0.0379923157389245	0.00840275271780337	0.129037002115066	0.734059975517479
TAG44:2FA16:1	0.440350285443774	0.452588850822194	0.230317016353783	0.741245958202857
TAG56:10FA18:2	0.292889143112077	0.720105355289637	0.247753017450277	0.759187687866646
TAG56:5FA18:0	0.554922254293582	0.723490444149519	0.244644291610185	0.787447920657112
DAG(14:0/20:0)	0.0311670699560835	0.000907578411731413	0.546436978193292	0.605141769891526
TAG52:1FA20:1	0.430378352889463	0.384566564061702	0.213180851733934	0.763198255363037
CE(14:0)	0.559705878628049	0.199855723611979	0.418863667080415	0.623081000783304
DAG(18:1/22:4)	0.921651256995559	0.742356564161128	0.235391111345973	0.752404487976516
PC(18:0/20:3)	0.0212025260751685	0.0456079673029104	0.621336388633896	0.640707077502283
TAG54:2FA18:0	0.547494146009803	0.6287419618522	0.252542378224876	0.778482795919269
TAG56:7FA22:5	0.293776554949759	0.419304041849628	0.240391322252822	0.808151029415735
PE(18:0/20:3)	0.172616750157222	0.387035123276577	0.377367289982592	0.667673329645739
TAG51:1FA15:0	0.354576635050127	0.148429152671743	0.187875318651093	0.732406485210112
TAG58:7FA18:1	0.103022528193121	0.112541511864724	0.257616664202818	0.936660837455784
PI(18:0/20:3)	0.255441567195645	0.254053643708547	0.49391223298277	0.614540895338211
TAG51:4FA18:1	0.508175197962814	0.31576709224043	0.230539947072218	0.797426999465172
TAG52:6FA18:3	0.0999243056425508	0.0375541627248496	0.174223227312327	0.824316453582725
TAG44:2FA14:0	0.447711243998049	0.968286257845546	0.239760906165438	0.762286165087952
TAG50:5FA14:1	0.95561691437837	0.943033067692123	0.240872167134041	0.763472853154669
TAG54:2FA18:2	0.731472998584013	0.860327262222337	0.240976993323394	0.766827345290176
TAG48:2FA16:0	0.443933518054866	0.553677204861034	0.23484923702967	0.757698530645087
TAG56:6FA20:2	0.175657620999428	0.490765135856672	0.218587843300359	0.819395352793681
TAG56:5FA18:2	0.209141879120852	0.418010911653447	0.221941750539381	0.819498209124151
CER(16:0)	0.410385602383677	0.543635184504013	0.30772844992274	0.664298966268387
PC(18:2/18:3)	0.600647167953713	0.817710630651079	0.22932895803536	0.771247580287168
TAG49:2FA18:2	0.478097883139151	0.327829730041342	0.230311508827381	0.755053071422933
TAG54:3FA20:1	0.663384410036606	0.770333674061863	0.240114056721745	0.782510866702955
TAG44:0FA18:0	0.709927683584916	0.618987233751194	0.241936947988262	0.764355058561784
TAG54:1FA18:0	0.678786585264625	0.919532426987836	0.24475525101826	0.766872665822643
FFA(20:1)	0.456530665804996	0.656525611571379	0.250030155539982	0.798274762768322
TAG48:4FA14:0	0.907631022371102	0.672729024711499	0.231916839341909	0.795317525325607
TAG48:3FA16:1	0.582172986492034	0.809108891800646	0.233730886146752	0.782779096188951
TAG49:3FA18:3	0.878148414295411	0.977182064623421	0.239827247840133	0.76337099558025
SM(18:0)	0.593701938937039	0.507060193050468	0.185265442251365	0.857969737280755
PE(P18:0/18:2)	0.656970587540302	0.968495118269278	0.265861662812157	0.762168559689487
TAG53:2FA16:0	0.906835086203838	0.672904041507427	0.227675250493998	0.76934605438783
PC(18:1/18:3)	0.97518157929977	0.635413360093762	0.205821725364663	0.803377279455593
TAG53:4FA20:4	0.274578748547778	0.28470440332265	0.213863172640464	0.759509009084411
TAG46:3FA16:0	0.475906010832616	0.864754643412529	0.24537330362137	0.765511890353301
LPC(18:1)	0.169288775237522	0.0905286697627994	0.201814700906509	0.663619289661021
TAG50:2FA18:1	0.480911324309075	0.80145688760652	0.240733301692515	0.751346149962893
PI(18:0/18:1)	0.255454161230026	0.119405237812899	0.361124908770108	0.940197467029476
TAG48:1FA18:1	0.479656539058162	0.352967402228628	0.216557810372934	0.740450388238007
TAG54:4FA18:0	0.136395919082192	0.245036260190093	0.218588493659481	0.771270216511776
TAG54:6FA16:1	0.611033944004796	0.835078884549057	0.238466931080194	0.776682388847944
TAG56:6FA20:4	0.910848861497567	0.974519693809726	0.240818824251301	0.762929418965118
PC(20:0/20:4)	0.322018456731088	0.485884207928928	0.227256702682181	0.788617712040611
TAG54:1FA20:0	0.380793405748319	0.180223733593507	0.196953492727199	0.726409828805662
TAG44:2FA18:2	0.595192445732373	0.700064090208221	0.227976377242936	0.761180876564079
PC(18:0/20:5)	0.372152559019598	0.991094095288141	0.240951975314051	0.76820770182295
TAG58:7FA22:6	0.278461529028169	0.504961176970679	0.24571425550523	0.841617083476755
TAG52:3FA22:1	0.443881320736447	0.366817756768665	0.229776570311489	0.807848092758049
CE(16:1)	0.197293168272835	0.15960952174583	0.450571225569754	0.686373827374699
TAG54:2FA20:1	0.991349821670963	0.905525869259553	0.237539891335974	0.758611609435697
TAG44:1FA16:0	0.471631201356704	0.231793758610229	0.194339841495345	0.749514705406732
DAG(16:0/16:1)	0.494853211055656	0.761345315449931	0.239573467340954	0.755490278626058
TAG46:3FA14:1	0.293668062459772	0.410590043643151	0.234080431392532	0.733814229075297
TAG52:6FA20:4	0.353915377541718	0.740326634660075	0.234003120671915	0.763097873361318
CE(16:0)	0.545932901211529	0.89279888347163	0.23956163697932	0.773486795794911
PE(P18:0/20:3)	0.341906740116079	0.445459907936971	0.335947189482992	0.651674112951827
DAG(12:0/16:0)	0.493758225629723	0.822863689582637	0.232969105158635	0.774221876406751
TAG45:0FA14:0	0.668399002988818	0.590066401753484	0.221949678711252	0.753373445545788
FFA(18:2)	0.320432511869689	0.295975420028542	0.201061213746307	0.794507554378649
LPE(16:0)	0.253173341850434	0.0239980426934691	0.12678263422804	0.878244713218896
CE(20:1)	0.283677286911803	0.617846849228376	0.21531346893934	0.74736224352415
DCER(22:0)	0.143777017035191	0.0686727365684652	0.317661384670682	0.688969752766418
PC(14:0/18:1)	0.233672210146207	0.273722899080802	0.411059473061976	0.622361935993338
PE(18:1/22:6)	0.595061564907854	0.26310390291902	0.15162990898401	0.934482285273964
TAG48:4FA16:0	0.78725547390461	0.815448856995546	0.240420318773464	0.769999273531693
TAG54:2FA16:0	0.897256574185531	0.782822036967514	0.232726783386155	0.752607158137659
TAG58:9FA18:2	0.0787242110076281	0.269297676748967	0.25085956859511	0.859226072616167
TAG52:5FA16:0	0.170622622076855	0.125583234896372	0.218361754185999	0.75703557836221
FFA(15:0)	0.635552106101284	0.863558767840058	0.235542552274914	0.775238284789865
TAG52:5FA18:1	0.186963200361498	0.0560162135763757	0.187913260397096	0.939421464392741
TAG54:5FA18:1	0.0409811723187794	0.0788809445974535	0.21969314711532	0.774577464257155
FFA(24:0)	0.443572334929267	0.518394988377795	0.211682127950585	0.927725447149812
TAG54:5FA22:5	0.700617477943404	0.91451380944677	0.238185337438109	0.763110074344101
TAG58:8FA18:2	0.121329656766922	0.209326831745691	0.243509844248044	0.864880783078364
TAG44:0FA14:0	0.963858918784	0.648619509588005	0.225163467548545	0.74809347924679
PE(P16:0/18:1)	0.921189499702858	0.541905220234723	0.292776486274968	0.694506476302017
CER(22:0)	0.285829793128604	0.119637249766268	0.349464047442424	0.569758567095812
TAG52:4FA18:1	0.245855228171686	0.0919972345641034	0.189510242631673	0.893545484294037
TAG58:8FA20:3	0.412052618108457	0.307743978990933	0.226014868679667	0.728443145818266
PE(18:0/22:5)	0.994425774512699	0.33810341606225	0.176929544584129	0.886912405551417
TAG47:2FA18:1	0.375387371818905	0.241159898228567	0.211925577552699	0.711413299712345
CE(22:2)	0.288889889021936	0.911382304618536	0.236872784631634	0.766884188247608
TAG55:5FA18:2	0.477395736935973	0.870344478450537	0.237569370419729	0.755663175063439
TAG52:2FA14:0	0.570220604876532	0.210274905723459	0.217221537877414	0.699303462439556
FFA(22:4)	0.352289516898663	0.512731115738743	0.226295438979755	0.816827484385682
TAG54:1FA18:1	0.763865345586496	0.986715321950067	0.24060390729388	0.763124962629838
TAG40:0FA14:0	0.562960402208959	0.808329576678344	0.240774696474855	0.776531071138522
DAG(16:0/22:5)	0.757443352492891	0.682262072181694	0.237300723978114	0.775790355019145
DAG(18:0/22:6)	0.610524733630021	0.761125041920155	0.25720194107078	0.760373213383107
TAG47:1FA16:0	0.327853565723206	0.341242222658687	0.214824534651906	0.753537702176557
DAG(18:1/20:5)	0.298495803923241	0.8190841180796	0.243026325647338	0.78146094299336
TAG54:3FA16:1	0.680216488647886	0.623966729594257	0.229409139854147	0.815041214962242
MAG(16:0)	0.475644763797277	0.108496452581763	0.279091090415582	0.847449638312057
PI(16:0/18:2)	0.425580169194971	0.576165339463499	0.320253852824364	0.800202297423095
CE(22:6)	0.413091543201726	0.662042746983941	0.219250729105465	0.842630409027812
TAG46:4FA18:2	0.576022584383979	0.572280875309274	0.224031160243585	0.802427514580637
CE(18:4)	0.958489968902858	0.798154993381386	0.273425985978226	0.745899200972271
TAG54:2FA20:0	0.864568058812326	0.676544332450052	0.234549374341329	0.758814611847724
TAG56:6FA20:3	0.757452140443459	0.871503262494115	0.239562314728482	0.770726893610499
DAG(18:2/22:4)	0.278915111218823	0.583495266007136	0.232031606190239	0.793263670789212
DCER(24:0)	0.182621118861706	0.125856417351534	0.314634478256448	0.592935360297061
TAG58:6FA16:0	0.704207950780744	0.637655588453194	0.224460987430403	0.811675214619264
PC(16:0/18:2)	0.443377319945903	0.960389811234876	0.270848053861829	0.772386327487594
TAG52:3FA18:2	0.622194948018959	0.441833896100118	0.232815613039792	0.799018272416072
TAG48:0FA18:0	0.934274357526216	0.489694952864121	0.214209698551942	0.744555592641457
TAG58:7FA18:2	0.420841525625503	0.490896685508298	0.235747772105857	0.808873013208473
TAG50:1FA16:1	0.303254394251044	0.752458632460889	0.237475577709523	0.760818295765507
LPE(16:1)	0.125668925240562	0.541833340365775	0.262654038103349	0.772670105050294
TAG48:1FA14:1	0.158255634846296	0.184753956911996	0.198651797342716	0.763789647799509
TAG51:2FA18:2	0.503166804465513	0.435956789505444	0.238139681194877	0.756862128245607
TAG50:2FA16:0	0.606371988232207	0.962973789453007	0.239931642234	0.763172755360426
LCER(14:0)	0.27613793745152	0.152611553083509	0.361269753876119	0.661963984003498
LPE(22:6)	0.654097768398544	0.700064807116716	0.232826956655175	0.806426275747237
PE(18:1/20:4)	0.785033554283629	0.122885006783374	0.147409305498735	0.927301372573903
TAG54:4FA22:4	0.337835237609513	0.532649483110054	0.217110724423458	0.797719900646117
PE(16:0/18:2)	0.773811040706065	0.906894645463738	0.241368089972071	0.775949133589419
TAG50:4FA18:2	0.434690535406263	0.512720228208632	0.223464575666139	0.795893097817822
HCER(16:0)	0.894198625078323	0.80534150120309	0.230927522742142	0.78398475167838
PE(16:0/22:5)	0.743430845860787	0.60676495591402	0.205947986849436	0.870564388174437
PE(O18:0/18:1)	0.905374521887065	0.959783955807999	0.250285127329481	0.760996151104441
TAG44:1FA14:1	0.289514189678213	0.351389633591017	0.213111031689359	0.749932204151991
TAG56:7FA20:5	0.0963549076493157	0.342011719482257	0.273965220732952	0.842865792206342
TAG45:0FA16:0	0.552957217890417	0.419926502560881	0.210518003087962	0.755349696797506
TAG46:0FA16:0	0.809356545099545	0.644194435819032	0.223247168690412	0.763011674361807
SM(24:1)	0.224213214051589	0.539987587043313	0.35121318282515	0.698115236213094
TAG52:7FA22:6	0.539940300280909	0.56553097770702	0.245902891508608	0.807911883248678
CE(20:2)	0.443331619041166	0.301271389342811	0.415273231767363	0.743376480377871
TAG54:5FA20:5	0.449256438240571	0.928933035144584	0.244674375456143	0.770774120495863
TAG45:0FA15:0	0.5591040005101	0.513812605688198	0.219000621789958	0.756747368110999
TAG56:5FA22:5	0.638427290611952	0.638434232810607	0.24896174742013	0.787899155220243
PC(18:0/16:1)	0.156615428361902	0.389851272250883	0.346644704988106	0.712441475649824
TAG49:2FA16:0	0.374247727566236	0.403842628319339	0.233239285013729	0.757470958260389
CE(20:5)	0.241536557233303	0.949666449644827	0.243086969355052	0.758456263755905
HCER(22:1)	0.338207505892181	0.305322282186451	0.156559767394741	0.891554839265848
TAG49:1FA16:0	0.229567895978938	0.239878476158449	0.211709658559292	0.758477385041317
TAG56:5FA18:1	0.603387010159776	0.644532468427958	0.244233413142179	0.791434371436729
TAG53:4FA18:3	0.656953257676872	0.646318968830995	0.237804992004813	0.772450969278961
PC(20:0/18:1)	0.949744374697673	0.993503157189396	0.251889721732367	0.766599368039717
TAG54:1FA20:1	0.815361912456656	0.652131492797473	0.220627048522666	0.754664144344491
DAG(12:0/18:1)	0.506063836902989	0.865232284863203	0.235786872165786	0.758405646469476
PE(P18:0/22:5)	0.409197839557969	0.569164448359222	0.289916664505009	0.714674061687688
