chemID	simpleLRM_Fstatistics	multiLRM(chem_sig)	multiLRM(sex_sig)	multiLRM(age_sig)
TAG52:0FA20:0	0.130225174665241	0.0607005173821533	0.291456744829246	0.686125233889142
TAG58:6FA22:5	0.741858243038871	0.912008870823337	0.331595007188753	0.707237984315286
TAG50:1FA20:1	0.431563563669279	0.258315985342248	0.295208417151179	0.676152398487149
TAG54:6FA20:3	0.912921428590275	0.383573292416377	0.308564907060202	0.735580879872965
CE(24:0)	0.258741398723383	0.714230976467473	0.311005315972765	0.724299161773676
LCER(22:0)	0.662603788102206	0.733266344279071	0.305115961286296	0.715542264114412
TAG48:4FA16:1	0.621599871923495	0.460079810235057	0.300481320690127	0.748720361143684
TAG51:4FA16:0	0.761401878561011	0.74792976480299	0.326354522113789	0.699775466705033
PC(16:0/18:1)	0.871168844671832	0.675505950083703	0.392620882258368	0.655543786324276
TAG50:3FA14:1	0.266835731108823	0.432411976799085	0.337733813334016	0.669621041007917
CE(17:0)	0.91690305898898	0.381381294070311	0.401735252123756	0.651175565959008
TAG56:6FA22:6	0.897071276221329	0.963806411332249	0.332902478400562	0.698230814470262
PC(18:1/16:1)	0.556476001157073	0.987563966992995	0.364631875741067	0.702442439233215
TAG53:3FA16:0	0.827365738286507	0.926288472139514	0.330072706826075	0.701110783353242
TAG54:4FA20:4	0.397154842192315	0.785950064356536	0.321081664630655	0.702152129454658
DAG(14:0/20:4)	0.090872563656043	0.0302350059724648	0.31446036888543	0.631505302964019
CE(18:2)	0.219647025818009	0.258263707945849	0.190241312073108	0.775712440858619
DAG(14:1/18:1)	0.947120116491219	0.826477719728699	0.345149998792769	0.706879404615932
DCER(20:0)	0.251078650199992	0.0541403168197219	0.244389626176873	0.870043575754555
LCER(20:1)	0.501115806672205	0.137855738924334	0.517176564043874	0.578472320166272
TAG54:3FA16:0	0.964878365588262	0.863268058570719	0.332253167856097	0.71075150695604
TAG48:3FA14:0	0.791083542807673	0.810796882848066	0.324997630424848	0.712554196940571
TAG56:1FA18:1	0.434630803561323	0.233311256804295	0.283944018507396	0.662740003998821
TAG58:9FA18:1	0.244280126211522	0.610240428905961	0.335463300498594	0.747087785160848
PE(P18:1/22:4)	0.8522796928697	0.727805617312434	0.31220314070005	0.677934168119643
TAG54:4FA16:0	0.737253885085879	0.964531202996431	0.331896037904668	0.70141586825416
PC(18:2/16:1)	0.820997502284448	0.763902654863433	0.317704581879877	0.754534897880887
DAG(14:0/18:1)	0.656053922542353	0.452615454700675	0.310644735589184	0.673812748122695
TAG46:2FA14:1	0.148772706483422	0.427565325805751	0.320094143535504	0.678793756197746
TAG52:4FA20:0	0.466618993790085	0.281422628657966	0.29948936102204	0.700759130070929
PC(18:0/18:2)	0.867748449489912	0.875573271272912	0.429524976102336	0.685279820087805
PE(P16:0/22:4)	0.599212109983092	0.797734351632891	0.317716879956913	0.69982614018269
TAG50:4FA16:0	0.890766607187214	0.323623033813179	0.30893409649189	0.727845129840651
DAG(18:1/20:1)	0.809709666914981	0.928416920585573	0.330762048198955	0.695079460104186
LPC(15:0)	0.782725080344177	0.0911846946090395	0.192333590512462	0.808881347012987
TAG48:3FA18:2	0.68434169258686	0.832780972129935	0.331757423010129	0.709390375051196
TAG52:6FA22:6	0.659563278812036	0.738440676024141	0.332297704038097	0.680097096771444
TAG56:7FA18:3	0.59356544340653	0.606736483132853	0.318530930279161	0.708456005426457
PC(18:0/22:6)	0.908362311397209	0.946485184695683	0.348448388847461	0.697212278570225
SM(26:1)	0.4543807586783	0.595759229865262	0.405997476664689	0.65487361405656
TAG48:2FA14:0	0.567473912498841	0.723924798911164	0.330271897096784	0.693382406984002
TAG48:3FA18:1	0.419726179469775	0.769507272521721	0.337236894903002	0.711730366876997
DAG(16:1/18:2)	0.678336172032762	0.61924952706395	0.303596721967768	0.727709205833785
TAG53:6FA18:3	0.847961295572036	0.787226920662926	0.344043615623445	0.704003713218599
PC(16:0/12:0)	0.427942917075584	0.984892895433903	0.336459801222055	0.708494213844105
TAG51:5FA18:2	0.47824695959354	0.527898214617296	0.311989962884892	0.703772926925269
PE(P16:0/20:4)	0.789574142009102	0.78061573244379	0.322387006442855	0.720443479963552
TAG49:1FA16:1	0.22427852971888	0.680195157908202	0.329211291728108	0.697902820037847
TAG56:5FA20:1	0.126725634080692	0.289480019754539	0.312538967207494	0.710717161045124
LPE(18:0)	0.778673750105641	0.157205661425049	0.181014698753865	0.78379827487886
FFA(20:4)	0.802681762594665	0.952851093128115	0.329880693750443	0.698481359729943
TAG46:1FA14:1	0.185663855572682	0.149922995042111	0.206554300004409	0.712865459373475
TAG46:3FA14:0	0.761849177103028	0.795086504144591	0.328368228476683	0.692478418538147
PE(P18:1/22:5)	0.637938315985862	0.409584454609519	0.457102942530275	0.631718478222891
TAG50:1FA14:0	0.500060327351913	0.35460641852316	0.29984444274212	0.666859944143585
TAG56:8FA20:4	0.597212243152204	0.90339212715803	0.333232572269678	0.704709123122451
TAG56:4FA20:1	0.261323520158427	0.368766754523201	0.336420265154142	0.72556363353367
MAG(18:3)	0.534921979147204	0.777847979865253	0.398677958366214	0.679603328522118
PE(18:0/20:4)	0.942698261455299	0.319363590057535	0.243732625470091	0.815837172018588
TAG53:2FA18:1	0.5687082224077	0.592702331361932	0.328062610934018	0.673796234644191
TAG54:7FA22:5	0.908613734856316	0.697874436393786	0.328869502831891	0.7136141507004
TAG60:12FA22:6	0.77678838230928	0.50103991859228	0.349301049893157	0.644547939147215
PC(18:0/20:2)	0.663028164711526	0.397119958632596	0.541902632148809	0.647250443213362
LPC(18:2)	0.0360095694225673	0.0482243086319744	0.301893041902201	0.421975518069379
PC(15:0/18:2)	0.638981054295154	0.408903938789938	0.533627511280737	0.594549493767132
DAG(18:1/18:1)	0.633632450523258	0.582112935409449	0.326709983428924	0.738625805546803
TAG56:4FA22:4	0.376539674551435	0.752740077152532	0.317736094466413	0.712210223100276
TAG56:9FA20:5	0.260537144990779	0.848271654415511	0.332050030100985	0.711068066785183
TAG49:2FA14:0	0.344869961560626	0.409191850448614	0.330836665325902	0.67075009951604
PC(16:0/18:3)	0.465225977523676	0.274586027461984	0.221532904860942	0.782231135780407
LPE(22:5)	0.984612164092602	0.819018953648179	0.324966960779372	0.68801140693658
TAG54:6FA20:5	0.441363956786171	0.757911711027139	0.343252061249934	0.722904821246058
TAG56:7FA22:6	0.550388171605839	0.811813008700735	0.331541434521957	0.723612287387186
TAG51:4FA16:1	0.705783210631601	0.448250462041773	0.287692053075273	0.768089256631592
TAG52:5FA20:5	0.976619291876232	0.736262165101273	0.32548633975158	0.691324749099959
SM(20:0)	0.0716156278336584	0.220161348576257	0.183422088399291	0.820842426641441
TAG55:5FA20:4	0.334719490940394	0.363910363779887	0.306924743625343	0.675444941258786
TAG58:6FA20:4	0.829200153422902	0.6743065549616	0.323992972526928	0.676818624157202
PE(O18:0/20:4)	0.66431636658558	0.928939275038988	0.334852988895746	0.696975332021104
DAG(18:2/18:3)	0.533230748402991	0.29619533434058	0.294981786503051	0.694084190922329
TAG48:4FA18:3	0.346787486042447	0.356730988871603	0.341220661098974	0.732859045492937
TAG52:0FA16:0	0.604908882181618	0.641961203737944	0.310943552910725	0.695475395054103
TAG58:9FA22:5	0.310065444795549	0.558019889957137	0.327094539452933	0.713485137308875
TAG58:9FA22:6	0.231375160532332	0.628790819669545	0.335077909077265	0.746430278434946
PE(P18:1/16:0)	0.597241044369373	0.801517358255854	0.351644044843796	0.672692670160966
DAG(14:0/18:2)	0.649784669301915	0.58130034626471	0.331975484106266	0.695673660788188
TAG54:0FA18:0	0.7659747497411	0.918845158533327	0.334075751474865	0.704911821379917
TAG56:2FA16:0	0.249384738647602	0.288364749995534	0.301021317648656	0.69696711177043
TAG56:8FA22:5	0.51919414210592	0.577003476582971	0.317713316530867	0.730029564021828
PC(16:0/20:2)	0.873283895167509	0.83311140002396	0.380725276189792	0.678907583669615
PC(15:0/18:1)	0.552833326879633	0.340885780656633	0.538923365373361	0.55014768060406
TAG56:7FA18:2	0.645380715480652	0.767998056142594	0.323630041969333	0.710073281596018
LPE(18:1)	0.859202460064088	0.779433906849519	0.331836459090067	0.661943610778637
TAG50:2FA16:1	0.286600363965338	0.984946106465745	0.331746942463195	0.699845090912108
PC(17:0/18:1)	0.809661374972913	0.0921499237250788	0.552351470928653	0.443148107956749
DAG(16:0/18:1)	0.651355457253079	0.777118449783112	0.328166811548921	0.697866830527753
LPC(22:5)	0.201797443703596	0.446380643870202	0.321438990638774	0.648395839465791
TAG46:0FA18:0	0.546140665193146	0.904372679579668	0.327453571747595	0.695939406019091
PE(18:0/20:5)	0.860338053519903	0.489359529694377	0.329893843476705	0.640732603303497
LPE(22:4)	0.485138075951343	0.557463097205713	0.328206578291665	0.792008344645296
TAG46:1FA18:1	0.918902712627055	0.628864321891927	0.313585633306519	0.681298025700066
TAG58:10FA20:4	0.183264727858798	0.105748621919237	0.368285839803447	0.659838383058481
DAG(14:0/16:1)	0.165430613151561	0.216649838595902	0.315466193528423	0.704788654319517
SM(24:0)	0.538494200017427	0.523559619455963	0.423094678647929	0.665926633914256
TAG53:6FA18:2	0.413750655175875	0.340168040667127	0.337849070051404	0.722757559138917
HCER(18:0)	0.110703444190187	0.104284388133114	0.153203120077029	0.904447546061837
LPC(20:3)	0.883122484787602	0.703141166257385	0.332643500594778	0.664535207044143
TAG53:5FA18:2	0.412803291383726	0.453079149984351	0.322865727032514	0.689023735864457
TAG50:1FA18:0	0.308202477797276	0.419798638968878	0.307449657724382	0.690647294912503
TAG52:5FA20:3	0.510078929894793	0.911588898432176	0.333125687926313	0.69504653755447
PE(P16:0/22:5)	0.851961674473363	0.858999458132489	0.323652537731991	0.709746189506383
TAG44:0FA12:0	0.544446193985964	0.963057055521701	0.330872474697402	0.698744178771862
TAG55:6FA18:1	0.66238850464493	0.9512103352674	0.332656869529477	0.701692320532142
PC(20:0/18:2)	0.29931308591866	0.595126533050204	0.268072094888891	0.764249196226712
PE(P18:0/18:1)	0.866931715357143	0.540389599212447	0.403825694167232	0.63161257857183
MAG(18:2)	0.631675432699664	0.683138784929805	0.322670611988873	0.670865686120315
TAG52:5FA18:2	0.2332117883625	0.127929683381904	0.255914468140038	0.730033410330635
SM(16:0)	0.986589554602496	0.92293321563921	0.373734378357929	0.691419159149893
TAG49:1FA18:1	0.191682837337458	0.191751063571431	0.29815605929078	0.669852769869109
FFA(14:0)	0.549249268513476	0.762498555494911	0.322952128476593	0.734481091368049
TAG56:4FA20:4	0.873812126363958	0.960050847635452	0.330567726881751	0.698077787967611
TAG46:2FA18:2	0.565248912103933	0.947259591461219	0.329755492583272	0.698546683224466
FFA(16:0)	0.422673862505552	0.63759171999833	0.320448642254271	0.723236969849146
TAG52:5FA22:5	0.953381809455275	0.789637581118354	0.330796530566675	0.699716192128768
PE(P18:1/20:3)	0.268212402419958	0.244655261135729	0.45445622747495	0.624307862876912
TAG56:8FA18:3	0.783927049524155	0.493588420102042	0.309264572617846	0.713805899116581
TAG46:3FA16:1	0.815857784895055	0.80139878067149	0.327938926221173	0.714617646213538
TAG50:1FA18:1	0.409813153411727	0.740357995330972	0.324158331389074	0.705666444292374
TAG44:0FA16:0	0.618408284336174	0.928644392131626	0.328849834191794	0.697772424908902
CE(22:5)	0.867360243119955	0.845799218640518	0.322696494704589	0.71296895945394
TAG49:2FA16:1	0.271190191946183	0.79528171816112	0.334042884537227	0.689195755118195
TAG53:4FA18:1	0.733900122852942	0.581112608928497	0.33608287626483	0.667288441548811
TAG52:3FA20:3	0.306624140120753	0.620200039962498	0.320806310471664	0.71007506148515
TAG49:1FA17:0	0.186508900508422	0.266294431234491	0.311087503137634	0.685826067175585
TAG56:7FA18:1	0.385919725619414	0.474815754610898	0.333477674482795	0.754005302920697
TAG50:2FA18:0	0.532344069007544	0.458936150846028	0.324214825988106	0.69331880676894
TAG44:2FA16:0	0.693161085048718	0.44557761802488	0.292009893174788	0.72333148757888
TAG44:3FA18:2	0.896741605952826	0.690337436704919	0.313312887013837	0.718909438428014
TAG47:0FA15:0	0.379378928768023	0.643944238829829	0.315355661834915	0.704003252655415
TAG54:7FA16:1	0.557021183122164	0.843135954161886	0.327057984029723	0.71561380045589
TAG52:3FA20:2	0.594545685759476	0.909598540482631	0.333113368116503	0.6951612719236
TAG52:5FA16:1	0.33436293772347	0.15198541157499	0.257629050182524	0.777487314897179
TAG51:2FA15:0	0.584231368861751	0.651243757059843	0.324032724138337	0.673871015298422
TAG54:7FA20:4	0.494301798578672	0.666027390128215	0.329371562340256	0.697950304895787
PE(P18:1/18:2)	0.811567084349668	0.671469793722101	0.415725463822841	0.655910145530366
TAG52:1FA16:1	0.227054515615686	0.515198554781022	0.334648125358556	0.678074847640758
TAG47:1FA15:0	0.261998756320344	0.370677309095276	0.309581504000515	0.676032630803844
TAG50:5FA14:0	0.327089500819968	0.397868822471877	0.314640137034275	0.705366056176821
TAG55:1FA16:0	0.481670803666878	0.75290659466029	0.330101802769006	0.725087056507329
TAG56:3FA18:0	0.761668289722517	0.806867284863037	0.333127923952355	0.684687063749598
TAG50:2FA14:0	0.755163409700076	0.77789324405887	0.330206786557052	0.683242771298027
TAG56:2FA18:1	0.887241993618317	0.938860268128039	0.328748005993179	0.698365672555039
TAG51:3FA18:2	0.679710773432255	0.946284411909947	0.333150873452779	0.697696151683061
PC(16:0/16:1)	0.134516595299808	0.178248549366617	0.475689831120937	0.609466848120683
TAG51:1FA16:0	0.194729831827959	0.311890991026589	0.305759903265364	0.705653624492562
TAG52:3FA18:1	0.817650142430784	0.361748869571827	0.311095035910272	0.741194079752361
TAG56:4FA18:1	0.482159244377404	0.498656736051087	0.32445313051063	0.749379763103373
TAG54:4FA20:1	0.464067366833424	0.338630145136176	0.290261002075137	0.760298930140669
TAG56:7FA18:0	0.341652959506691	0.938187769635098	0.332246885748844	0.707256168493224
TAG54:4FA18:3	0.16968903774645	0.162553737671464	0.293725257288775	0.707065866604218
TAG56:7FA20:3	0.930398105109983	0.967039568256058	0.332436414724961	0.700047607129972
PE(18:0/18:1)	0.411362048454596	0.750044340985736	0.353101827839747	0.698503889946604
TAG50:4FA14:1	0.641051722578337	0.913260425243619	0.334488157676416	0.697239360499628
TAG47:2FA18:2	0.589038750081985	0.347529957825455	0.31293438782843	0.685032564208229
TAG50:5FA18:1	0.670756612489333	0.387251650194043	0.31774055229004	0.743306278722833
TAG53:4FA18:0	0.699133540909028	0.387548898081641	0.321562189312551	0.722478300442074
PC(16:0/20:3)	0.122514599166068	0.211827111902258	0.528088907778229	0.624251090727967
TAG56:6FA18:2	0.659361254872969	0.763230369393053	0.32628382183347	0.705328584103051
PC(14:0/20:4)	0.495072172319639	0.190022349892107	0.446909690817202	0.693935752752651
PC(18:1/22:5)	0.413881678942169	0.322883727988583	0.229258104279904	0.707901647735459
LCER(24:1)	0.726239635005302	0.725557284036878	0.310973117917894	0.687801348248929
DAG(15:0/18:1)	0.453052919758392	0.364263228291202	0.333237589206078	0.723119176703255
TAG45:1FA16:0	0.267847235779588	0.318952816817074	0.299455065299187	0.684324752269878
TAG56:4FA20:3	0.837987476802038	0.853561452756902	0.330717797076384	0.688631239471488
TAG60:10FA22:6	0.763944276233854	0.691043913882489	0.33455537234057	0.667902656706472
TAG54:5FA22:1	0.117546928590769	0.152969418081166	0.289628944760539	0.660934067083251
PE(16:0/22:6)	0.780721963208998	0.588447558880768	0.278738365636498	0.853785061354144
LPE(18:2)	0.203573768253012	0.141802468840023	0.263137332607148	0.505075527683833
TAG54:6FA20:4	0.5165217369857	0.846561878608865	0.335741104811991	0.69684522440949
TAG54:2FA18:1	0.58049173840082	0.50105164820926	0.347542258052507	0.719620956248411
TAG56:8FA16:1	0.536640233183801	0.705739549673183	0.319207717732491	0.7351187664994
TAG58:9FA20:4	0.142436637115799	0.154735748637963	0.321445256844287	0.706357495119804
PE(16:0/18:1)	0.107936404823083	0.394964757228218	0.399374977763975	0.659834797701665
DAG(16:1/16:1)	0.64608409930506	0.546828625488382	0.3321253713981	0.726489622390064
PC(18:1/22:6)	0.810798066236161	0.690011432382292	0.390417854944972	0.646251895756197
TAG52:4FA20:2	0.749028553866256	0.549246315965465	0.30617033434951	0.752006113970957
TAG42:0FA16:0	0.678795317270973	0.861518911649666	0.324310387988583	0.695790938194888
TAG52:2FA20:1	0.413224755868976	0.511742562177867	0.325687280026695	0.672208372902098
TAG52:4FA16:1	0.455401379282571	0.173250739178772	0.263300965674868	0.804022510106364
TAG58:8FA22:5	0.336755032549486	0.508756635896045	0.328342037394914	0.724409006767339
TAG56:8FA16:0	0.536845580339914	0.867456603026951	0.331152797416705	0.712710733227802
FFA(20:2)	0.299975865998829	0.547073800322347	0.368886105125341	0.744285832645624
TAG46:3FA18:1	0.975949331943562	0.436164088789437	0.287220889091456	0.723940927825757
TAG50:4FA20:4	0.339402839245406	0.453393194235966	0.305881715319988	0.704859601894224
TAG53:2FA17:0	0.566409848769906	0.552084781733993	0.333981422265876	0.665266243198695
PE(18:1/18:2)	0.949907795250781	0.768401014195228	0.378483893793014	0.693038131941629
TAG51:1FA17:0	0.163929456851959	0.263509521105155	0.308772621483752	0.695450899606345
TAG54:2FA20:2	0.778977973042177	0.963706010877834	0.330672245293031	0.698539975570967
TAG56:6FA18:1	0.798723598076881	0.818185834631213	0.331648947984613	0.713285961032551
FFA(22:1)	0.514334545084776	0.924317945545353	0.328496016266493	0.694607306894061
LPC(16:1)	0.481301116104674	0.707419917196202	0.304237597426319	0.704714800699052
PC(14:0/20:3)	0.133503402712867	0.316283120897327	0.493879041406273	0.654413297654567
TAG48:3FA12:0	0.419959509971105	0.83821929659037	0.335041281586114	0.708359472262658
TAG54:6FA16:0	0.937964882418695	0.690980105849621	0.33936429857264	0.708688194940014
TAG46:0FA14:0	0.566324494597878	0.67594637989441	0.31458155475159	0.700427329543056
FFA(22:5)	0.640076591836255	0.668009121405855	0.318454452687546	0.675296482181891
TAG56:2FA20:1	0.855913462629362	0.957294785322592	0.333627504914928	0.702057437012782
TAG58:5FA18:1	0.838529959274835	0.953685188140444	0.330733444684614	0.703064134444463
TAG50:4FA20:3	0.519779331035254	0.604997824625929	0.322517211370205	0.677529109342276
TAG52:1FA20:0	0.12052502599466	0.0556248036731066	0.306502045468519	0.619740283297071
PE(O18:0/22:5)	0.968834473324533	0.858794755689566	0.353429326717989	0.693576878134145
TAG53:7FA18:3	0.357949954303463	0.586357009620204	0.34232184148317	0.698210093071936
TAG50:3FA18:0	0.720587387056287	0.58509642996501	0.330292596013584	0.703608070132142
TAG46:3FA18:3	0.322921914439985	0.743117246921211	0.34317393584757	0.706060986066096
TAG54:7FA18:1	0.108270239177521	0.200310906200168	0.30922761886703	0.72269696960163
TAG55:4FA18:2	0.497343374119662	0.793973452619669	0.329964190596605	0.688308645214607
PE(P18:0/22:6)	0.748432830554613	0.72973287089866	0.305675978771765	0.812139920997897
FFA(18:1)	0.778012349331564	0.584041014961391	0.314734161073428	0.73757711265032
TAG50:5FA20:4	0.43821651373709	0.624676772074477	0.315965545898415	0.689517869440341
TAG53:3FA18:1	0.977030119387944	0.886220610147925	0.328726617730262	0.708878671887112
TAG50:5FA16:1	0.867992876538461	0.0795803421216899	0.240045065695372	0.842656301429848
TAG50:4FA16:1	0.874835615306244	0.118977650571278	0.24080741525119	0.819429844504236
TAG52:4FA20:4	0.327039542943338	0.665369632864481	0.318462310750663	0.715644546756386
PC(18:1/20:5)	0.358626314255226	0.652448307539535	0.366707690071413	0.648283280380946
DAG(18:2/20:4)	0.360638815034948	0.507057573012736	0.34303402686306	0.71213715726185
TAG54:7FA18:2	0.0768669511866708	0.30177744582352	0.297472748487707	0.638548781646323
TAG56:7FA22:4	0.963055193964838	0.550877055029145	0.334589201183812	0.699980673655094
DAG(18:2/22:6)	0.537730290327683	0.895051207564332	0.333980776877467	0.69174970685379
TAG49:2FA15:0	0.358254013896555	0.543565123553681	0.33081463941511	0.695306497425394
TAG46:3FA12:0	0.44121525384204	0.770983959465112	0.333576666308159	0.713093623654796
TAG47:0FA16:0	0.445582569135409	0.696601830534158	0.31753930767108	0.702433517535203
PC(18:2/18:2)	0.337956553541235	0.889149747253863	0.330781955616609	0.700652683737184
PC(18:2/20:3)	0.602822541198242	0.58787078793491	0.469270889991581	0.683735685681224
CE(15:0)	0.795277960494133	0.409118567221972	0.420973674979602	0.620726328326417
TAG54:1FA16:0	0.290600906580971	0.142043318390181	0.274680303066186	0.67398399075368
TAG49:2FA17:0	0.234199297746764	0.248490571747572	0.334871104145011	0.67133481663957
TAG54:8FA18:3	0.0562711502002753	0.192204527864871	0.292214130351735	0.607608616548032
DAG(16:1/18:0)	0.158988629129986	0.365318194213442	0.322147551048346	0.685697528562945
PC(16:0/18:0)	0.79507905154349	0.74475226191556	0.415756860548611	0.670825838673702
TAG54:5FA18:3	0.0437756621017747	0.0307123295621465	0.265725110478333	0.735695952158634
LPE(20:3)	0.682893665323378	0.954719448666689	0.341028125283869	0.70290632095185
TAG55:1FA18:1	0.246781553271517	0.620583429620681	0.343907784895975	0.734521712535143
TAG55:2FA18:2	0.320187325481535	0.751407989204594	0.328694785387017	0.715097954310402
PC(18:0/20:4)	0.642404514621338	0.636916369709717	0.310193265739166	0.703085883561447
TAG54:5FA20:3	0.785164598535318	0.781919420140478	0.332988921214541	0.706260512592604
TAG56:3FA20:1	0.359624458716511	0.451114577602667	0.352977716253539	0.729354352993872
TAG48:3FA14:1	0.210572006815255	0.700937364845147	0.335888409620127	0.692038248416203
TAG56:8FA20:5	0.176609736902234	0.5707341904579	0.339909068649424	0.738356932878005
DAG(14:0/16:0)	0.471109067563575	0.336624782878	0.297317359271375	0.69833563342171
SM(26:0)	0.964702481573721	0.446522675928971	0.474218135832547	0.644667953595732
TAG51:4FA18:2	0.75457602007506	0.663749757763948	0.317920573688739	0.710154901429394
TAG56:7FA16:0	0.409458401819041	0.601221998673308	0.324336638857973	0.742111551610838
TAG48:4FA18:2	0.212634461815226	0.498378365616245	0.337036133866765	0.704109108199206
TAG50:5FA18:3	0.505584322606798	0.309297350157532	0.294836927323861	0.720036231295433
TAG53:0FA16:0	0.596650290698185	0.673765881412483	0.340863463667852	0.722535308497476
TAG44:1FA16:1	0.482189001150289	0.438196251303767	0.316935815984869	0.668379233333557
TAG60:11FA22:6	0.707425915727422	0.597977320761576	0.342049807816182	0.649786926509049
LPC(20:0)	0.0630982170730937	0.124440874203366	0.237548208184739	0.654717312307785
TAG52:4FA14:0	0.449108647583809	0.471020074666486	0.32756171967074	0.668182134074268
TAG53:6FA18:1	0.741517593992841	0.740069179148615	0.306232151564142	0.704508219758293
PI(18:1/18:2)	0.9850250025317	0.724036597390353	0.38862328030804	0.742504115741345
TAG52:4FA18:0	0.906609896281446	0.422907228025522	0.299594933819503	0.744817811509179
PE(18:1/20:3)	0.30604268650355	0.892490200449334	0.369152005018068	0.688733346702875
MAG(16:1)	0.51236336968439	0.773000229133286	0.341359370843189	0.687354973917461
SM(22:0)	0.715537455549842	0.922509911639916	0.345416100822126	0.708249975567624
TAG55:8FA20:4	0.86569401673288	0.251427128725143	0.353695170582621	0.639878118843916
TAG58:6FA18:1	0.969170559681636	0.819058361747964	0.330608468711736	0.714674170206538
TAG56:5FA16:0	0.617933293299924	0.98500186486657	0.331393118589882	0.700178069192107
DAG(18:2/20:5)	0.39660615394411	0.996955134334464	0.331368784926749	0.700507868247053
TAG58:2FA18:1	0.975824332441071	0.970247918875237	0.332213950244743	0.70105239766363
CE(22:0)	0.867664892765736	0.201233329783708	0.467190776995378	0.563321446579653
TAG54:5FA22:4	0.312024496314178	0.777641107273929	0.320753507577318	0.708500733411707
TAG58:3FA18:1	0.908902311866232	0.997153474401545	0.330463071918522	0.699972077748987
TAG56:3FA20:2	0.886354288998811	0.824641969350282	0.329251716384365	0.719966151106452
TAG52:2FA18:2	0.95886295907265	0.775575843902759	0.3300624698223	0.702570834410803
TAG53:4FA16:0	0.847205949167173	0.994529666563709	0.331025562175588	0.700290439150327
LCER(22:1)	0.580048473039414	0.813551749589372	0.374155206572247	0.701870934611263
LPC(20:4)	0.215318605561455	0.0779513788826099	0.591690564593796	0.451442336899455
TAG48:2FA12:0	0.540359374447113	0.965795136036657	0.332748707497519	0.702665403468918
TAG58:7FA22:4	0.887850947703185	0.776878131296008	0.334079993672527	0.698731484731848
PC(18:0/18:0)	0.798317741325284	0.99446010183699	0.345990278943637	0.701884904283157
CE(18:3)	0.986789099659493	0.716837283573951	0.407024519590076	0.687628252408326
TAG51:4FA20:4	0.169691966424447	0.230460967804243	0.296935207018467	0.698091948625175
TAG56:4FA20:2	0.589516757529428	0.61774408362403	0.315795344349482	0.747017982829735
DAG(15:0/18:2)	0.467453880143983	0.64336449672224	0.355345742097771	0.722597151678837
TAG46:1FA16:0	0.941102905984407	0.671014091404386	0.316177251622848	0.688119092201039
DAG(16:0/16:0)	0.458931939453515	0.631117713989281	0.323368639730886	0.709368833465087
TAG54:5FA18:2	0.130953828781396	0.177085975213445	0.293238072521729	0.652854143634306
TAG42:1FA12:0	0.427941910073322	0.938422963870007	0.335824816116662	0.703641667765355
DAG(18:1/20:2)	0.665635397077619	0.455264640135128	0.347995848378137	0.634005421060526
TAG52:7FA16:0	0.654632597206741	0.813238176113065	0.323168069449681	0.701640329421033
TAG55:5FA18:1	0.676882799545154	0.792248702863897	0.33144279965778	0.702334557497374
TAG52:2FA20:0	0.644573798124899	0.555684935798387	0.328533723459815	0.683660054597026
TAG46:1FA14:0	0.360542246254072	0.443393381905415	0.310635961329701	0.679974382654574
DAG(16:1/20:2)	0.191080880255152	0.232156112629375	0.392437552275964	0.656448631117948
TAG53:5FA18:1	0.659544548039282	0.593414398448428	0.328392102371084	0.69324194171609
CER(18:0)	0.579705256006982	0.956336994602036	0.343433843633653	0.697224076110423
CE(24:1)	0.513593464976187	0.607448091729791	0.354797368194639	0.686463233865455
PC(18:2/20:4)	0.842031468974949	0.895158997782761	0.328140176178892	0.69061856173263
PC(16:0/16:0)	0.806617597487545	0.853179456115621	0.384984046082387	0.680554461967096
TAG50:6FA20:4	0.984915296827403	0.904117934592996	0.328462035645275	0.697164269710687
TAG52:2FA18:0	0.783688571590141	0.868441798578366	0.33071590522784	0.699744235849905
TAG55:2FA18:1	0.366054086544749	0.71357411955832	0.346569615396928	0.705962872484111
CER(24:1)	0.765676947633441	0.851459009243944	0.356361934121679	0.674934165768062
PE(18:0/18:2)	0.901502488960843	0.760686767041899	0.30877640746901	0.725071186575656
TAG52:0FA18:0	0.683818714978733	0.834591513314432	0.322007508458487	0.698314083800384
TAG50:4FA14:0	0.533797479983492	0.591679679442969	0.315651836541349	0.714136003125726
TAG52:2FA20:2	0.422312488301614	0.705200906056531	0.327635649531558	0.700240284432199
TAG58:6FA18:0	0.60660445821358	0.372555633770513	0.315021210862436	0.773639539558105
TAG55:6FA20:4	0.268291108730415	0.389110892618766	0.331061897099468	0.689576586892374
PE(P18:0/22:4)	0.914100195481208	0.50918841993894	0.301226613237041	0.689495119492538
TAG51:2FA18:1	0.407997997280618	0.632330669417348	0.326907860899005	0.672777565679584
TAG50:2FA18:2	0.682149237015821	0.968018622867219	0.331018827491246	0.699303360488421
TAG53:3FA18:2	0.82329778868241	0.825370188883333	0.33843364164513	0.691241669605149
CER(24:0)	0.61127177455969	0.0928101897633558	0.408851560007144	0.443284314339473
DCER(22:1)	0.870518541725361	0.815806222860792	0.334991185880755	0.699119112796252
TAG46:2FA12:0	0.572253789194742	0.988816938762126	0.331937404183382	0.700869018794534
SM(22:1)	0.756365675427695	0.666876074328187	0.287139472526439	0.757179624551837
TAG48:1FA16:0	0.254068172256238	0.430934428718529	0.312245280363872	0.70459752655721
TAG56:3FA18:2	0.966081129092726	0.954981323134643	0.330033123455709	0.699943431024709
DAG(18:2/22:5)	0.8587440293836	0.956639397050865	0.332909452810766	0.699233358474937
TAG57:9FA22:6	0.888627735176403	0.754409840617495	0.319396883383178	0.708638019333275
PC(18:1/18:1)	0.770201391588662	0.916511232265829	0.365183762763311	0.694522910703765
TAG52:4FA22:4	0.458932510628079	0.531689449833208	0.303995447002618	0.720176971211999
PI(16:0/20:3)	0.526698287685358	0.419072328575063	0.467329618954056	0.666333347393117
TAG50:2FA20:2	0.431544129839043	0.431657452349561	0.316780482396257	0.680069328205003
TAG58:10FA22:6	0.259557284962444	0.783545244471873	0.331285641100534	0.723021843910861
TAG54:4FA22:1	0.209640713857429	0.125271523796439	0.308463637114174	0.723406995404292
TAG42:0FA14:0	0.550088635022742	0.991923464980487	0.332877610241404	0.701080806961305
TAG47:0FA17:0	0.449836089788706	0.506496063305634	0.30794332083437	0.699166756103795
TAG48:2FA16:1	0.256716197399885	0.876447336552573	0.333217670799715	0.69672666112281
TAG54:3FA20:2	0.907043885977787	0.851009204968379	0.332553495194779	0.712315769876232
TAG42:1FA16:1	0.632796587394171	0.541923149675836	0.309807807014814	0.686919012332292
FFA(18:4)	0.294162248314586	0.289220247298826	0.44469937541747	0.688129839731434
DAG(16:0/22:6)	0.74332147851887	0.676828398229234	0.34741873350873	0.667559923593016
SM(14:0)	0.602313037106601	0.83891096800396	0.321385353562534	0.745717904887544
TAG47:1FA16:1	0.274323031957084	0.655525351474272	0.329091045973387	0.693595061518614
TAG51:4FA15:0	0.715478138433014	0.756189032905822	0.325632503318246	0.708985500956592
TAG47:2FA16:1	0.246606818684644	0.767322362442371	0.335019151727676	0.68678118983742
PC(16:0/22:6)	0.451552374910232	0.663828859366346	0.301541202136894	0.791153614593548
LPC(17:0)	0.223328335058003	0.31074228436992	0.276640848157714	0.740443469653043
TAG55:3FA18:1	0.547916884772368	0.76920950908193	0.342652399614454	0.698505628287
TAG46:3FA18:2	0.933451173861475	0.672959882897671	0.319629209963738	0.698272325190703
TAG53:1FA17:0	0.246192872631992	0.250868840765665	0.305018911606061	0.676609384908425
HCER(24:0)	0.464036863960989	0.461868950242041	0.277873697131579	0.79054033580532
TAG53:6FA20:4	0.370932831768396	0.891824671405432	0.331285998719905	0.696696031291303
TAG54:3FA18:2	0.509305989261034	0.434349842611454	0.323457611625196	0.713448735858141
TAG48:5FA18:3	0.109439874248918	0.315104719884141	0.343906672674458	0.692443275354913
TAG50:2FA14:1	0.103516869125884	0.14790323305674	0.30807084698046	0.664875919683229
TAG52:4FA22:1	0.414872687665284	0.15563644247061	0.279338099090573	0.757982792404769
TAG52:1FA16:0	0.655857708946422	0.884761975662513	0.327173070274875	0.698714507979831
TAG54:4FA16:1	0.686473411765921	0.497116445422375	0.301939725531639	0.763863381258938
TAG48:4FA12:0	0.185577283729949	0.505093629046607	0.339878049530098	0.71072638144342
TAG58:7FA16:0	0.854891726063825	0.495511985457193	0.310687728405223	0.716006238744012
TAG51:2FA16:0	0.256661855453408	0.564696566472468	0.331910933743026	0.689721755230957
TAG56:6FA18:3	0.365939204531078	0.521791633590123	0.305680901648452	0.719433586062371
LCER(16:0)	0.718350652710852	0.866892884004477	0.348557817402667	0.712328679486903
TAG52:6FA18:2	0.228942010375367	0.0883563904835978	0.254939329827663	0.765049160214867
DCER(22:2)	0.645649891236427	0.659963201346479	0.373077047381595	0.639093510077859
DAG(18:0/18:3)	0.977027329809253	0.977193199680324	0.330600127075378	0.700269464560331
TAG48:2FA18:2	0.72551381128344	0.640252540285633	0.326660516275257	0.695711399243119
LPC(20:1)	0.25846947480691	0.087881172207382	0.245584546471477	0.693682623637104
TAG54:8FA20:5	0.424550282339282	0.774659641335969	0.332102812585098	0.721592622057909
FFA(22:0)	0.972808773816042	0.940180663709319	0.334722385430506	0.70063184630571
TAG53:1FA18:1	0.701256477521361	0.607946480054675	0.312515617326291	0.692901572950352
TAG55:6FA20:3	0.89698221691521	0.908767707017678	0.336287005395759	0.69798695915717
TAG51:4FA18:3	0.968491351013802	0.462490858739607	0.320452197156784	0.720611446292285
TAG58:10FA22:5	0.311000357631358	0.800566842200425	0.329608857252659	0.708102705769986
CE(20:0)	0.159105170245764	0.696904407107018	0.311369333932713	0.69025857430855
FFA(14:1)	0.799183186648792	0.951420722275529	0.338645729674259	0.700579033419848
TAG48:1FA16:1	0.253535022833138	0.7256104802538	0.326853513237127	0.708362744729969
TAG53:2FA18:0	0.282007713263766	0.35042990116506	0.332918920612333	0.694263880769989
TAG54:6FA18:2	0.119670092309507	0.27522132657412	0.296141840740789	0.631788537670884
FFA(12:0)	0.46207444673092	0.853891461749452	0.329042433374382	0.723646862094364
TAG51:1FA18:0	0.147178497032093	0.133171888335122	0.289122910803882	0.681105080040841
DAG(18:1/22:6)	0.706239388597151	0.77000552920828	0.339396704895948	0.674561286895008
DAG(18:1/20:3)	0.454181716336405	0.510436279806411	0.325281905347082	0.681179247821638
CE(20:3)	0.208135305772086	0.200683424530545	0.538269913075584	0.693337119828923
TAG36:0FA12:0	0.334179017896253	0.633390472143608	0.329473774113605	0.723409805897077
TAG53:2FA18:2	0.773623823122653	0.629400216496077	0.330196153912276	0.702322683283352
TAG53:1FA16:0	0.692915842958935	0.929445313047468	0.336625589403371	0.6991806439992
DAG(16:0/18:3)	0.986181860597302	0.539139004538118	0.321517634317449	0.686424514575506
PC(18:2/22:6)	0.617934417368329	0.328723905527914	0.450510979747713	0.603608160225573
PC(16:0/20:5)	0.356476469648293	0.631580132070041	0.357663091974181	0.642538411761658
TAG47:2FA14:0	0.473821762790781	0.403504267804414	0.31963782451109	0.67736257663554
PE(18:0/22:6)	0.592524303801512	0.939802518411542	0.360517498774217	0.696120396009686
HCER(24:1)	0.401908513816964	0.310282788653743	0.260852952574551	0.765592314028055
PI(18:0/16:0)	0.727992415435933	0.587410045868905	0.291383931797868	0.647768241167749
TAG53:4FA18:2	0.920093822846231	0.91601449374055	0.328345285827105	0.702844748117821
TAG54:5FA16:1	0.830993534140302	0.683114272874029	0.321989023914408	0.723912940884643
PE(16:0/20:4)	0.601009770020601	0.67047537932535	0.300226057390125	0.760787467840789
TAG52:1FA18:0	0.593192855919262	0.777728232100265	0.321374509547439	0.699511495131926
PI(18:1/18:1)	0.412824509776076	0.182472528241829	0.442350576990837	0.839742588774849
TAG54:5FA20:4	0.420104017919495	0.822093567157461	0.322616115585521	0.704406850512228
DAG(18:1/18:2)	0.79038254222607	0.490771872024995	0.304561793362303	0.729188434769387
TAG56:8FA18:2	0.512249313788237	0.850002820203779	0.328614362352336	0.710346249600243
TAG56:8FA18:1	0.250837103288853	0.642691098451007	0.337997958191324	0.733298313623581
TAG46:1FA16:1	0.259179749357025	0.52067232514818	0.319664529563005	0.696550066248335
TAG53:5FA18:3	0.57886279447499	0.303315061845186	0.291384200183251	0.72155564447094
DAG(18:0/18:1)	0.95830192928667	0.942913034322371	0.329894787020413	0.697272304884369
TAG42:1FA14:0	0.65855113729437	0.443488472631513	0.295946411983595	0.676951653792628
DAG(16:0/18:0)	0.250370094881871	0.342899648058329	0.301370502434848	0.702715679945339
TAG46:2FA16:1	0.41987425929282	0.717696769489946	0.33217064264295	0.684264043793998
TAG56:7FA16:1	0.504771230069953	0.285477718311622	0.294245324783205	0.808078592839063
PC(18:0/22:5)	0.533607940098799	0.654212039554006	0.43276508086608	0.659407110066861
TAG47:1FA17:0	0.482272764120789	0.296815973254903	0.308119786292727	0.672459830916349
TAG49:0FA17:0	0.322203634733529	0.613851858579505	0.317157251715223	0.70655616763998
PC(18:0/22:4)	0.256116139484818	0.221355828578495	0.42010248732821	0.851569691332807
TAG54:8FA22:6	0.684357935289732	0.837988534376167	0.330085566355931	0.717483260779629
LCER(20:0)	0.834579771487329	0.808975155087841	0.316718835240178	0.705543735196094
TAG44:1FA14:0	0.926103818022919	0.659673241061141	0.316149429161134	0.680734796166918
TAG50:3FA20:3	0.208681293684636	0.25541137897723	0.294285759553513	0.694546432439074
TAG54:5FA18:0	0.180919021767697	0.297966323549973	0.295097926344812	0.673512623846315
TAG48:1FA14:0	0.354600247555154	0.354497910140944	0.305215081048267	0.684910329117793
TAG40:0FA12:0	0.330451445954548	0.732347995542776	0.344260982109134	0.715453303898988
DAG(16:0/20:4)	0.162431648180732	0.170221300555691	0.327091072285379	0.736982609661545
TAG52:6FA16:1	0.311008699540365	0.0795145780853785	0.240277614710863	0.787063238323177
TAG54:0FA16:0	0.188168573715094	0.0291232681673313	0.24832499349075	0.639887311048696
CE(22:1)	0.304379961617694	0.439777893930689	0.255087670921329	0.768224937026414
DAG(16:0/20:3)	0.164590604870507	0.199874080370413	0.33507783780406	0.705418114714015
TAG52:4FA20:3	0.362568023916498	0.806739135786033	0.326850607506978	0.697029953908602
TAG51:3FA16:1	0.423641099285514	0.852823267617195	0.325084858581348	0.715060915504383
TAG52:3FA20:0	0.704743034003905	0.360696327338257	0.318437142209162	0.719867051728272
TAG47:1FA18:1	0.304865472955838	0.223801524028388	0.297092668573597	0.658267809926614
TAG53:3FA17:0	0.866249070393152	0.88884340842261	0.336923998875088	0.692670484025423
TAG54:7FA20:5	0.427829406605807	0.765810420838715	0.336380082276425	0.721857893866401
TAG56:6FA20:5	0.364284063646489	0.886695181130311	0.330123737977416	0.689518155875012
TAG50:0FA18:0	0.494981327221913	0.70531388528497	0.315655969015334	0.70532237651805
TAG50:4FA18:1	0.818780484056691	0.561354528873271	0.315577586389676	0.725650803593396
PE(18:1/22:5)	0.328335152036303	0.967011359943259	0.356508787706322	0.699057909787567
TAG46:2FA18:1	0.629497735914265	0.39188941578656	0.296237341381718	0.67564196910283
TAG47:1FA14:0	0.266027763504321	0.304823066504393	0.303061638629419	0.668796836840763
PC(18:0/18:1)	0.531063300956291	0.449927050233398	0.486888101796939	0.637334675779738
TAG50:0FA16:0	0.456978065202299	0.690000728297437	0.315291098905557	0.710179635823514
TAG54:6FA22:6	0.609929982251376	0.779397615078357	0.332746607214083	0.683652823255729
TAG56:7FA20:4	0.565013261580223	0.96933105772771	0.331419374719988	0.701850875865814
TAG52:4FA16:0	0.460060212485757	0.307990698919966	0.299943998876899	0.702564812381583
TAG42:1FA16:0	0.573674973914843	0.44900503962276	0.290922595633175	0.709318450137214
LPC(22:6)	0.105923044867844	0.13505160501395	0.362051794638606	0.800845382393939
PI(18:0/20:2)	0.590940480259936	0.823606152441271	0.391621040239659	0.671045377778978
TAG52:2FA18:1	0.774791271300439	0.744926532472505	0.333733705014919	0.715778092297317
TAG52:3FA16:1	0.767908533821706	0.265406290714983	0.28882446554042	0.790245957033832
TAG51:3FA18:3	0.795692659881615	0.87604214592276	0.329056344653157	0.70008477628005
TAG52:7FA18:1	0.720228725083089	0.917622728961074	0.329170082630851	0.697581937072968
DAG(18:1/22:5)	0.740286264443275	0.689939631714242	0.324764579513535	0.726863602842123
TAG56:5FA20:2	0.309866070278417	0.475146413447517	0.297970215221632	0.76798027230291
TAG46:1FA18:0	0.545714212489559	0.233013248660746	0.271512241348663	0.68818419055975
TAG56:5FA20:4	0.734372451584756	0.857195550859259	0.335544304340176	0.708441772141821
TAG56:2FA20:0	0.715976586077641	0.837485740855556	0.338709028033973	0.704728579571172
DAG(18:0/18:2)	0.880437070392948	0.995069093148161	0.33189091897179	0.700050379886787
DAG(16:0/20:5)	0.965022610843393	0.197498794166419	0.32087654024528	0.668004981166505
PC(18:1/20:3)	0.172759590404504	0.227326014462256	0.59777732902434	0.652352966754601
DAG(14:1/16:0)	0.620012522548937	0.503993192989936	0.312889402288051	0.745720433720795
TAG48:5FA18:2	0.123999041244322	0.395178961897419	0.342816705661443	0.689996455474661
TAG54:3FA18:0	0.446313936400299	0.348979416711312	0.319660647243187	0.719168115004541
TAG49:3FA16:0	0.656545512114761	0.822692264992055	0.328202734870105	0.701755453165302
TAG49:3FA16:1	0.545812605425675	0.677729680155984	0.316329341146061	0.728752278217607
FFA(20:0)	0.42987795948533	0.777992333116752	0.319306282746596	0.720502103096716
PE(P18:1/18:1)	0.795964772859967	0.165715504737117	0.520888747072317	0.570558902568937
TAG54:8FA20:4	0.350484764342118	0.893361284405278	0.330076677846796	0.702232100097256
CE(14:1)	0.187852656985625	0.0722725646783121	0.462332715372058	0.657037139394431
SM(20:1)	0.416748561580248	0.179931851930685	0.132941866695802	0.905061063413715
TAG51:0FA16:0	0.596328926652827	0.701234702187304	0.316770850929237	0.704276249973189
DCER(16:0)	0.0440522469854058	0.0828959016051905	0.467132520152568	0.630461144157888
TAG56:6FA18:0	0.597363380889904	0.865322419927123	0.330630037088242	0.709207111776583
TAG48:4FA18:1	0.203635040744484	0.478265933174337	0.349232101390296	0.716957943623518
TAG50:1FA16:0	0.382970837242491	0.724663029605983	0.322981482798829	0.709519244587353
TAG52:5FA14:0	0.381640008816567	0.524542628520289	0.321413281151781	0.683864581608817
PE(P16:0/18:2)	0.386255382823556	0.948952666895916	0.336194136835823	0.715267779904327
PE(P18:0/20:5)	0.593881348883598	0.295255978585861	0.364818360790434	0.563952344053787
CE(18:0)	0.460735392656152	0.471945888298068	0.424165784458024	0.67934204496872
PI(18:0/20:4)	0.946418374808032	0.669196662885494	0.297679907717367	0.718115957338328
TAG49:1FA14:0	0.256332518928113	0.214366411641301	0.304496199130302	0.661412047430089
PE(O16:0/20:4)	0.791149040795014	0.708416748998264	0.345865037688872	0.69108474821764
TAG53:3FA18:0	0.513128183845223	0.637151016162483	0.34843189591122	0.690612879408177
TAG56:5FA20:3	0.982398494791105	0.85972062105655	0.331305357794914	0.709303614394893
TAG48:0FA14:0	0.488943373551572	0.450488816355279	0.301123979290685	0.68707030751266
FFA(17:0)	0.186913022636388	0.407363835912161	0.372173098920821	0.698302912799923
TAG50:5FA20:5	0.723697245073045	0.418961684289285	0.300961330491934	0.673677531788245
PC(16:0/14:0)	0.160218678184185	0.0587168278356434	0.565421273176835	0.492397334433962
TAG48:2FA18:0	0.382083116704069	0.856441750217044	0.33842826380281	0.704051347459448
TAG50:5FA18:2	0.564509374838933	0.579073850678315	0.313792467928091	0.695205053456784
TAG52:7FA20:5	0.782937101174101	0.679890785877819	0.324249303634061	0.679845476773162
TAG48:1FA18:0	0.711248083357432	0.825500730705878	0.323040463305847	0.692695270142138
TAG56:6FA22:4	0.659504142942228	0.842687005891423	0.337960800932065	0.69352239385447
TAG52:2FA16:1	0.585182402891044	0.727984222607882	0.321758986712826	0.72213547798699
TAG49:0FA15:0	0.204986637386769	0.234552382088823	0.2914516403977	0.695055736297535
TAG46:1FA12:0	0.750953698323214	0.785619917180872	0.322058164661573	0.689757751125081
TAG51:3FA15:0	0.954155339773609	0.901985710059339	0.33076501446747	0.707296792489051
TAG54:7FA18:3	0.0651706878248797	0.222180269530678	0.290880955371234	0.625209192613879
TAG57:2FA18:1	0.241922884811881	0.645568185135862	0.338925961211403	0.740654670044545
PC(16:0/20:1)	0.289889987663919	0.468566457036925	0.361664056576229	0.658366934313841
TAG38:0FA12:0	0.390182019318942	0.656746872419056	0.330709853371133	0.721792839890492
TAG49:0FA18:0	0.271170874639045	0.295544256180441	0.293667917145959	0.688039410314673
TAG51:2FA16:1	0.255275992200176	0.772546752713139	0.338149219720402	0.684125241941089
TAG54:3FA18:1	0.252159787781475	0.160802595351346	0.352823743751814	0.758451127126628
TAG54:3FA20:3	0.398101958903919	0.740321128386277	0.321240587502336	0.695109523234714
TAG58:7FA18:0	0.528541309289217	0.836545746104679	0.329701886549778	0.719717550861232
DCER(24:1)	0.27008907472621	0.441899715253944	0.413956100853881	0.616093228982364
DAG(16:1/18:1)	0.73468466866699	0.820815539403239	0.326106220714355	0.713205742312775
LPE(20:1)	0.457129704814861	0.655349311267778	0.339059903873334	0.718929759974524
DAG(14:0/14:0)	0.404994319268771	0.306959918537838	0.293362080922522	0.665535763485501
TAG48:2FA14:1	0.113506496216037	0.343925041600018	0.315704938123405	0.686115339591258
TAG56:9FA18:3	0.613961332943154	0.497871500183381	0.315697501121186	0.724132901714687
PE(18:0/18:0)	0.697193989437858	0.814232348989426	0.367751247031104	0.668111028703385
TAG50:3FA16:1	0.683197657098857	0.434890972763959	0.299581427311763	0.735704129001738
TAG51:1FA18:1	0.209523710536518	0.303229264499277	0.308609311852733	0.685165774680065
TAG52:1FA18:1	0.697919404690334	0.969728875921928	0.330680429739434	0.699490076655212
PI(18:0/18:2)	0.860972609405902	0.881341568275102	0.378259189026614	0.711430311105197
TAG49:1FA15:0	0.216469875607716	0.281899884996021	0.302001512808273	0.690633647497718
PE(P18:1/20:4)	0.735165827082816	0.774431230891176	0.32202408575699	0.702606868430256
TAG51:0FA17:0	0.210517884422624	0.351287722167961	0.304328759521766	0.704871067488689
TAG48:3FA16:0	0.472230619389774	0.818033953259968	0.331611625115385	0.698057335818363
CE(12:0)	0.459329147563535	0.468770119431307	0.410494657533154	0.646261770803458
TAG53:1FA18:0	0.225232751115849	0.206641752692333	0.294516466399422	0.700621117746732
CE(18:1)	0.971889762907631	0.72475983082725	0.383235445956949	0.680612143579891
PE(P18:0/20:4)	0.627789366702639	0.446656875497269	0.302326819253877	0.750810040550445
TAG54:3FA18:3	0.991117642191548	0.327792865551756	0.309992316297606	0.660423672448556
TAG54:4FA18:1	0.152992688993506	0.0994698718579421	0.318399210384994	0.727486728496628
TAG58:8FA20:4	0.215993200165512	0.248130485080901	0.300999967863136	0.713129899842198
PE(18:0/22:4)	0.657500011211049	0.547875765554457	0.314617789970752	0.697075007845181
TAG44:2FA18:1	0.71220441657473	0.39450925417164	0.280184707274536	0.70594195179888
PE(16:0/20:3)	0.0288723073593562	0.0721160547910253	0.623153354300123	0.525503206775421
TAG46:2FA14:0	0.636273666911909	0.555358391752293	0.322862859359429	0.681157514849789
PE(18:2/16:1)	0.349065049897682	0.98140749881389	0.343176178214577	0.701639414641294
TAG56:4FA16:0	0.396899285191144	0.716259269606253	0.322612817614718	0.698146271038026
DAG(18:1/20:4)	0.278153664592701	0.384118461096759	0.320907282851483	0.706207182481219
TAG52:3FA18:0	0.950493701849324	0.50365780370874	0.306836053444717	0.717345644241519
TAG58:10FA20:5	0.991216461909216	0.140650976976475	0.353262520911403	0.590334494897352
PC(18:0/18:3)	0.927303355452983	0.71873258287463	0.300221359438557	0.723496345729807
TAG55:7FA18:1	0.959680883295818	0.67357076122362	0.316630831190247	0.687093170798132
TAG60:11FA22:5	0.956957261455678	0.483663407125974	0.35132714437535	0.657494801702578
DAG(18:2/20:3)	0.358681226523356	0.345331016880339	0.345296417870551	0.679782841591264
TAG40:0FA16:0	0.36406558902996	0.782184464646878	0.347407196477224	0.709698335640156
TAG54:5FA16:0	0.568040487636706	0.955615207563725	0.330464348926071	0.699670904164778
TAG58:6FA22:4	0.871544418242281	0.722135471997216	0.341573008630998	0.700631778876995
TAG56:4FA18:2	0.354086689409381	0.442999274632829	0.326563958679135	0.713970043293789
PE(O16:0/22:5)	0.917757477517078	0.477558547405798	0.41631501764196	0.658382478680691
PE(O18:0/22:6)	0.480212439415607	0.921127058064232	0.329156423270828	0.723129064143965
SM(18:1)	0.892861258374115	0.576974706681902	0.267877070282179	0.769099769986085
TAG51:5FA18:3	0.482966790107716	0.221697881465628	0.295282621572706	0.726657025728249
TAG54:6FA22:5	0.717790813407205	0.841106580672273	0.332701848089153	0.705003607453112
TAG56:4FA18:0	0.882849462856029	0.904195161584826	0.330438252847714	0.710026745598725
TAG51:3FA18:1	0.941915934113817	0.918780363579108	0.330151988806228	0.708583596899287
LPC(18:0)	0.15649274176882	0.0208654459132315	0.127746686414865	0.695461343792111
FFA(20:5)	0.949072576394292	0.515622080335237	0.336718681630889	0.679655247489222
TAG54:6FA18:1	0.0474035581515695	0.0983129892332146	0.27984130551864	0.690673870105569
TAG52:6FA18:1	0.335273619394333	0.257731786515012	0.325926532992261	0.783273791848462
PC(18:2/20:2)	0.0410429737169305	0.0559186346124685	0.130315303875381	0.919977300353356
PC(16:0/22:5)	0.389333167076447	0.424715614665964	0.250841449940793	0.810893222591119
TAG45:1FA15:0	0.436620236899654	0.35901349897726	0.310195092377264	0.671113448764507
TAG50:3FA18:3	0.994018730746266	0.615874667845244	0.328246408519086	0.683424147681624
TAG48:1FA12:0	0.527650157699619	0.963428114144809	0.330460983543361	0.698609804519667
TAG52:6FA20:5	0.915684066433122	0.74563408911794	0.323373798256093	0.686679898149706
TAG53:5FA20:4	0.244043915975738	0.556600192571013	0.319441183486269	0.691080710034794
CE(20:4)	0.440188969918282	0.66707916709372	0.317784857787903	0.688163738145689
CER(22:1)	0.224932467069935	0.825237844280027	0.386883032597431	0.673976126023359
MAG(18:0)	0.26680343434936	0.030296093257996	0.298169642336578	0.813915271560392
TAG48:3FA18:3	0.986921011180061	0.999772373775028	0.330821750954309	0.700024041181167
FFA(18:0)	0.275409379395838	0.622954448617636	0.336258266643982	0.708369714975306
TAG52:4FA18:2	0.411851641406733	0.224340373371846	0.281728371274361	0.720652616294181
TAG42:1FA18:1	0.473053012815396	0.996077722797715	0.333784813511629	0.700139739592233
TAG60:10FA22:5	0.822689443711856	0.861474523913872	0.332535492978448	0.693675375248516
DCER(26:0)	0.546358752434626	0.61167011972418	0.332944780322196	0.717327166595798
LCER(18:0)	0.716515603606938	0.422572333113587	0.250162734613511	0.760948413026893
TAG42:0FA12:0	0.37136043043269	0.85765473900701	0.337100440322865	0.709263906503144
TAG51:3FA17:0	0.447232176594885	0.998310421653989	0.334728939060998	0.700772283099137
TAG52:6FA16:0	0.436623126715774	0.12380231939397	0.312798644496301	0.710005298950343
CE(22:4)	0.701506025060683	0.687850609332891	0.368884975859066	0.711734786317582
TAG48:4FA14:1	0.430221570499325	0.639752535910511	0.313442403126775	0.724828170406505
TAG50:3FA18:1	0.945206483858314	0.808282401462431	0.326040754504904	0.715056097894322
TAG53:4FA17:0	0.929625066211422	0.921466781518427	0.337787933968437	0.697423264454973
PC(16:0/20:4)	0.435864983778442	0.561486351514992	0.316558149614132	0.696144433241419
TAG44:1FA18:1	0.967999707031598	0.529468386153719	0.300631797579057	0.684359213035446
TAG48:0FA16:0	0.538847851925552	0.865632713277998	0.325558147561315	0.707419820659158
DAG(16:1/20:4)	0.200297155892029	0.474251221143071	0.330227620587541	0.706139792259137
PC(17:0/18:2)	0.401201056859312	0.886240253716372	0.393531632682582	0.684640884866568
TAG54:4FA18:2	0.17758622227495	0.143742085908931	0.304512934105248	0.711576487961203
TAG50:0FA14:0	0.548747660392098	0.276252499735276	0.281927606798078	0.663188613206291
TAG58:7FA20:4	0.451575854256604	0.397729702776235	0.320561782750896	0.672085032018901
TAG52:4FA18:3	0.423132828413979	0.126269671769499	0.308224897266003	0.715535450656689
FFA(16:1)	0.764165822220246	0.517205458219514	0.296220093399604	0.758752830252455
TAG51:3FA16:0	0.549832166319107	0.870592562435152	0.332875542841994	0.698668782025874
TAG50:4FA18:3	0.890569486547908	0.294439778283563	0.303961396733218	0.731487151712133
TAG54:4FA20:3	0.552990982232222	0.827675813745566	0.324960171722165	0.695122086004457
PE(O18:0/18:2)	0.621528699043161	0.908785243949731	0.335260006027386	0.716708303144074
PC(18:1/20:2)	0.759613553228107	0.877273504270515	0.331049025681758	0.708138199412532
TAG49:2FA18:1	0.35766170577293	0.622806634626845	0.332333873750317	0.670507758042808
PC(18:1/20:4)	0.724441972020674	0.98805486376435	0.333603144017474	0.699904362743878
TAG47:0FA14:0	0.460113170185924	0.548585200851287	0.311917894460229	0.688817947581581
TAG52:8FA18:2	0.803478019658733	0.939591105535722	0.331340604188076	0.699541672583042
FFA(22:6)	0.896229793824564	0.691258636910321	0.316023925633974	0.660860235984453
TAG47:2FA15:0	0.46986401088121	0.522769131918049	0.325428216507026	0.679474351609174
TAG48:2FA18:1	0.97670448993359	0.864149201858159	0.32706984489223	0.691631809510638
TAG55:4FA18:1	0.490968789857324	0.597077615805974	0.344118001012472	0.687771099479821
TAG52:3FA14:0	0.745556530149155	0.637964391843732	0.336445618008989	0.668996558753974
TAG46:2FA16:0	0.60546748373127	0.994183501198454	0.332167097207251	0.700366919604008
TAG54:4FA20:2	0.762446297506738	0.723760672632155	0.321113159510323	0.729012386226845
TAG48:4FA20:4	0.965807655366951	0.679747629568998	0.316303381129672	0.686184467093032
TAG56:3FA18:1	0.473516818508253	0.543144549006237	0.345195761477639	0.723649296012417
TAG54:7FA22:6	0.884196994590336	0.992805854704019	0.332359181824759	0.702720401560218
TAG49:3FA18:2	0.480932745527886	0.849833181556463	0.338227221352265	0.691640989799021
TAG52:3FA16:0	0.750564832228051	0.379320517105767	0.315834990540002	0.729783989989923
TAG54:8FA18:2	0.108161039267162	0.288302238935374	0.304020854588169	0.670101338644455
TAG54:6FA18:3	0.0640768188191679	0.119375977280011	0.272789905532914	0.669641725754987
TAG56:8FA22:6	0.50564489263389	0.893652427760638	0.331032956795117	0.712507557281867
TAG58:8FA18:1	0.169040163396716	0.425594395759799	0.345627820447843	0.774551269413127
TAG55:7FA22:6	0.852184908846312	0.795254636300098	0.336230237266851	0.675046890306294
DAG(14:0/18:3)	0.563512582213622	0.68917149304476	0.330763106044255	0.711345010045259
PC(16:0/22:4)	0.834928706481475	0.776963096493483	0.347929602947796	0.716954739545148
TAG56:9FA20:4	0.699630005593219	0.869990364709578	0.334986173276555	0.703342464976048
TAG57:8FA22:6	0.49000164818267	0.931302306729423	0.331013277223372	0.708834136394928
TAG56:2FA18:0	0.902332545427518	0.903906641529618	0.327992503989866	0.697197292715749
PC(17:0/20:4)	0.246715656621108	0.996469212182381	0.331821181741235	0.700574286230355
LPC(20:2)	0.128586434466522	0.043902082495432	0.214666421891603	0.617863895330791
TAG45:1FA18:1	0.505177789421187	0.32729750757642	0.294874574533973	0.674625446314016
TAG52:5FA20:4	0.254132575738272	0.738206216731014	0.321395166044069	0.707034581517281
PE(18:1/18:1)	0.433094477866014	0.58287987200197	0.344190330881165	0.70766225562911
PE(P18:1/22:6)	0.900358890172355	0.871624653810352	0.326075749821362	0.747093266247154
PI(16:0/20:4)	0.358128214765357	0.761552731809348	0.383140410484759	0.704778549556988
TAG49:3FA15:0	0.634851114813196	0.832545147141051	0.32599957525242	0.709476084558953
TAG51:2FA18:0	0.539530936122005	0.570324246693788	0.323596835488889	0.701844547229153
LPE(20:4)	0.951722435818228	0.590401465887963	0.323801623093996	0.626195261369461
TAG44:2FA12:0	0.535906577836864	0.894185175580525	0.327701556416326	0.695890577246905
TAG56:1FA16:0	0.355366312299256	0.291071066624533	0.28554001366133	0.681454205546672
MAG(15:0)	0.249848155493705	0.696197243543346	0.341411243162172	0.705842950341523
DAG(16:0/18:2)	0.991103593401599	0.687186579907352	0.321757249767707	0.693834758018883
HCER(20:0)	0.0458781976897463	0.0501264974143851	0.160460224717752	0.870736302866189
LCER(24:0)	0.800366529526914	0.926424694570758	0.330804373393498	0.704081840938358
TAG49:0FA16:0	0.316173700578413	0.521832853235452	0.310919130346348	0.709110326903563
TAG50:3FA18:2	0.809428948114133	0.687176501916637	0.319271241353014	0.717937684745385
TAG55:7FA20:4	0.974771774943967	0.723526206626693	0.341677840790348	0.682581754253648
HCER(22:0)	0.282444635456004	0.331530687232169	0.261211960295909	0.767820655152963
TAG58:7FA22:5	0.375914435120902	0.489828469544398	0.336907744860221	0.743169505249454
FFA(22:2)	0.926372223988922	0.949367571122046	0.333694452766021	0.704883564173467
TAG44:1FA12:0	0.92360242951396	0.613137401069938	0.316469436830653	0.676198905426592
TAG46:0FA12:0	0.529518819781359	0.956025313526936	0.330462432388322	0.698281566240187
TAG52:6FA14:0	0.598042152471325	0.752916307985863	0.328381575098419	0.687215483324963
TAG51:2FA17:0	0.311208866894865	0.5756790519901	0.341088203765877	0.692273575222847
TAG56:3FA20:0	0.628930542277695	0.773042056390087	0.335626280188175	0.699226474282318
PE(P16:0/20:3)	0.20170784148113	0.152296492888734	0.499848222782784	0.53286455722436
PI(18:1/20:4)	0.295337015933704	0.858687290305211	0.361226910535779	0.709111709623961
DAG(12:0/18:2)	0.449984243316994	0.770650843011468	0.33794057556168	0.701252958658903
TAG52:2FA16:0	0.890621639169287	0.685039547606111	0.332983741510295	0.715810305591865
TAG52:3FA20:1	0.923780258216032	0.909691680561793	0.333611562201215	0.694456152284219
PE(P16:0/22:6)	0.468657561891735	0.410130166579879	0.258504330473337	0.892973632487064
TAG56:5FA22:4	0.507100916863246	0.964135734638542	0.330906036696903	0.701720139443445
TAG56:9FA22:6	0.49749597566565	0.862147682277951	0.329005238014917	0.714841965517959
TAG55:7FA20:3	0.69488418446253	0.858866410487063	0.33919436165071	0.698127353802426
TAG50:5FA16:0	0.863005086154122	0.518623965097152	0.336047153776844	0.722373198683702
TAG56:3FA16:0	0.39222057071778	0.453740012445431	0.327647996922441	0.685903475852965
MAG(18:1)	0.484382433767295	0.836092935453299	0.335107112509813	0.724700501154134
PC(18:1/18:2)	0.631568154667159	0.907500042806071	0.392847228929582	0.69501089405778
TAG56:6FA22:5	0.552335341821102	0.609095603170265	0.335607644738603	0.726142980357142
TAG57:3FA18:2	0.274863498620193	0.825106866695421	0.330655821902484	0.71505968082341
LCER(18:1)	0.90223673197145	0.691939128059455	0.349932355022535	0.690542001214446
TAG52:8FA16:1	0.226073081876621	0.487909624390781	0.331870853889072	0.684722891507933
TAG58:8FA22:6	0.256864784498959	0.575514242681991	0.339375964067529	0.754583465294498
TAG50:3FA16:0	0.729788667855273	0.490412617003741	0.307958233262093	0.711356504155904
FFA(24:1)	0.458984088166545	0.620990156692973	0.310929266162438	0.701768963637315
TAG55:7FA15:0	0.850361474457304	0.703751356705496	0.343151650152564	0.663158902013188
DAG(16:1/18:3)	0.541872652548812	0.832516907110853	0.327828141042218	0.702858720975158
CER(20:0)	0.840002386803639	0.687917582359775	0.302255987880165	0.762989254841357
PC(18:2/20:5)	0.517478664600974	0.638643473591264	0.364469638638801	0.657873738993045
TAG52:5FA18:3	0.301022982774359	0.0832229866155453	0.271028488273742	0.687238381092979
TAG51:0FA18:0	0.248657924538708	0.334784130196467	0.294663170596212	0.704752100018575
TAG55:3FA18:2	0.424349804891856	0.79548943567189	0.335550920277959	0.692752617723678
TAG42:2FA18:2	0.308849238310758	0.829763737270789	0.34539747229577	0.704081137464533
PC(14:0/18:2)	0.73231803256082	0.594089039937651	0.48192213132965	0.638960248505544
TAG50:3FA14:0	0.964633952166092	0.956750472967435	0.330632484363638	0.704018006527366
TAG54:5FA20:2	0.493644903927158	0.42052884287858	0.294616809630147	0.760547788760098
FFA(20:3)	0.948195060185173	0.954362672769502	0.32998102997906	0.697401403616456
TAG56:6FA16:0	0.568472696267236	0.488691449047585	0.328780550138182	0.733999422111154
PI(16:0/18:1)	0.267950438246421	0.176996212594069	0.465490050427108	0.800351075059202
TAG52:3FA18:3	0.60514797333259	0.317867675752659	0.320820334702621	0.693648149990254
TAG58:10FA18:2	0.361020021571654	0.900461851894039	0.331133179507485	0.708737677908058
LPC(16:0)	0.0453776755278583	0.00699507814984297	0.185028418749862	0.648668249488695
TAG44:2FA16:1	0.402465887873793	0.532954352526631	0.323521306419701	0.683132442158445
TAG56:10FA18:2	0.432183317625488	0.810471882054573	0.335059221673008	0.695015553439352
TAG56:5FA18:0	0.732140763152974	0.799376299974456	0.332512614915346	0.71476438867774
DAG(14:0/20:0)	0.026394372315855	0.00108752029688198	0.715950504864709	0.565804501285809
TAG52:1FA20:1	0.333846135753391	0.412096313686371	0.303214647731974	0.704917070078739
CE(14:0)	0.640178942843823	0.219500582374319	0.520145419337515	0.573588860679768
DAG(18:1/22:4)	0.982660448259675	0.850945532527238	0.329180382543928	0.694471938556067
PC(18:0/20:3)	0.0327164996766921	0.0586350979758965	0.734103738288298	0.583425219790716
TAG54:2FA18:0	0.68808823177897	0.600756084185823	0.3415974749577	0.712954759961143
TAG56:7FA22:5	0.541597705227848	0.618932125129726	0.323808970435686	0.718447683725826
PE(18:0/20:3)	0.176143688421366	0.394288049204085	0.493577310791249	0.611695930776799
TAG51:1FA15:0	0.242515657231229	0.185276777574118	0.283669465929791	0.670596453433549
TAG58:7FA18:1	0.223063999193883	0.214431306117845	0.327142110599436	0.817549371468086
PI(18:0/20:3)	0.321134513910048	0.302720544892653	0.589249313138049	0.572111180083553
TAG51:4FA18:1	0.670296084591451	0.279815682222239	0.302929782166988	0.726829216077809
TAG52:6FA18:3	0.203471330664581	0.0593669622860058	0.23615297598551	0.71912870119724
TAG44:2FA14:0	0.463549111378857	0.984214468515789	0.331430961379508	0.699669673200403
TAG50:5FA14:1	0.866551708841794	0.960006715818889	0.333161744671889	0.70058066428927
TAG54:2FA18:2	0.916502154860515	0.879275907485156	0.330617046193504	0.701558658168838
TAG48:2FA16:0	0.395742122947195	0.614063600484704	0.327112959440456	0.697363809597906
TAG56:6FA20:2	0.307562215457331	0.599473507041086	0.305487683678113	0.732992346043949
TAG56:5FA18:2	0.350482101949838	0.496774866009426	0.305555552849479	0.734669633081744
CER(16:0)	0.417458838352417	0.619873833478168	0.403270743601886	0.622831138153262
PC(18:2/18:3)	0.633223252613678	0.83181003467141	0.318621339581003	0.704287607673512
TAG49:2FA18:2	0.376605361332443	0.373572679064493	0.32805021527183	0.697809798823753
TAG54:3FA20:1	0.827809851019096	0.758907752664648	0.329028427446313	0.716573106830509
TAG44:0FA18:0	0.71236547071069	0.670041384588881	0.33530584874341	0.700116385724889
TAG54:1FA18:0	0.821371034432653	0.827112778347942	0.338313035212425	0.70633148791485
FFA(20:1)	0.442597334941516	0.64514211546821	0.347144210392382	0.735271242880677
TAG48:4FA14:0	0.789441274241978	0.655953091487026	0.319164239057146	0.729092292116112
TAG48:3FA16:1	0.525603430729177	0.767039989023316	0.320362569691968	0.720926512530109
TAG49:3FA18:3	0.769848137302456	0.870820441312783	0.331093217102667	0.69880097159694
SM(18:0)	0.585205370519962	0.507771009201255	0.262157363059056	0.783139997723457
PE(P18:0/18:2)	0.493463329188981	0.811657764533411	0.316837406822609	0.746958970540957
TAG53:2FA16:0	0.812785390619059	0.756413548867035	0.321095643643753	0.705723788074146
PC(18:1/18:3)	0.968110531952677	0.719706116704955	0.300300215363389	0.725633926922154
TAG53:4FA20:4	0.198132017076107	0.304246207261055	0.310416985339257	0.699792447903415
TAG46:3FA16:0	0.509852215351307	0.835524364171175	0.339144248037027	0.701822725973736
LPC(18:1)	0.162487316561484	0.0636645464600199	0.277675106271138	0.588400569485274
TAG50:2FA18:1	0.444093185605802	0.868063738836125	0.332104002955433	0.693219695674106
PI(18:0/18:1)	0.296388348988151	0.137672007876731	0.474205134491375	0.86280376472504
TAG48:1FA18:1	0.433023867720329	0.415022628318509	0.307190241212315	0.682298708556395
TAG54:4FA18:0	0.245165900374771	0.31666012399871	0.298567461027712	0.690353231626449
TAG54:6FA16:1	0.426915471887282	0.956097051208281	0.330722719404803	0.703264306862577
TAG56:6FA20:4	0.681422192027204	0.891944168516868	0.328760034578088	0.699137796524465
PC(20:0/20:4)	0.280574167552419	0.363370984739198	0.300162001227966	0.739888908439289
TAG54:1FA20:0	0.313893391077686	0.211769799157243	0.289121831786627	0.667404189019131
TAG44:2FA18:2	0.622337902309316	0.748680834841238	0.318252747669191	0.69895391071057
PC(18:0/20:5)	0.595899878354488	0.5685351918251	0.370539642590501	0.634537538809031
TAG58:7FA22:6	0.527426921676715	0.888038708328492	0.331734964676026	0.716990715056568
TAG52:3FA22:1	0.563564443469	0.338992887407448	0.312081434307961	0.735696366504339
CE(16:1)	0.234424740272825	0.174060872782044	0.550560168802887	0.634515191902259
TAG54:2FA20:1	0.876105167075979	0.948783136182074	0.330057820951117	0.69801397980641
TAG44:1FA16:0	0.432705044411229	0.285838902693487	0.281536745861144	0.688676269034938
DAG(16:0/16:1)	0.453481633056679	0.795898011098665	0.331120723321649	0.694541721072032
TAG46:3FA14:1	0.249092662454795	0.486412169135095	0.329250612480638	0.67691466370424
TAG52:6FA20:4	0.264485802431064	0.760811365101962	0.327171122587865	0.701152610794488
CE(16:0)	0.521485468450027	0.792016163634187	0.312695471767886	0.717123293340352
PE(P18:0/20:3)	0.516163158199287	0.62177658736569	0.407579875728406	0.627215856543414
DAG(12:0/16:0)	0.530561176225403	0.845473737329912	0.322706022169586	0.709544365314228
TAG45:0FA14:0	0.60078409250805	0.734947299283715	0.31877208487564	0.693911995570806
FFA(18:2)	0.252520696680854	0.265422237816432	0.277884328154616	0.739426595368019
LPE(16:0)	0.303888188461686	0.0245774897612511	0.181157204893654	0.791526524896202
CE(20:1)	0.247720550524572	0.515198724515046	0.286183932891465	0.680805760733006
DCER(22:0)	0.210234371764527	0.112053008332722	0.438564825076775	0.612429840347205
PC(14:0/18:1)	0.289749930517443	0.28238314403357	0.522291948607329	0.567011299015069
PE(18:1/22:6)	0.680714607549388	0.391470883594739	0.241444206283161	0.929301310495936
TAG48:4FA16:0	0.71589498392416	0.767919531919205	0.331411895742852	0.706781371714724
TAG54:2FA16:0	0.785792566498204	0.823711784897628	0.324505309493936	0.69273827494681
TAG58:9FA18:2	0.20923653158419	0.591516299827344	0.328469496433224	0.739285196856429
TAG52:5FA16:0	0.286979039390346	0.154371342792873	0.293237059312538	0.672341067418176
FFA(15:0)	0.579156966417342	0.856166726022261	0.323588014615531	0.712763736668435
TAG52:5FA18:1	0.337343278667554	0.0814780699713078	0.25178683950064	0.828284999657107
TAG54:5FA18:1	0.0861520547161493	0.10895901878089	0.292261830758477	0.682173842311197
FFA(24:0)	0.525145404059608	0.638528660693156	0.305107063709661	0.818796454744492
TAG54:5FA22:5	0.497079103324959	0.810567260268443	0.326669704509903	0.701959643859202
TAG58:8FA18:2	0.294843166870395	0.424272006226051	0.317818820492627	0.751049714119251
TAG44:0FA14:0	0.931299402885044	0.746749547424713	0.31830002546214	0.68991263915975
PE(P16:0/18:1)	0.863760747238325	0.684345653974298	0.37855792229068	0.652344192021553
CER(22:0)	0.344575083933883	0.167900858733468	0.464514551384822	0.521596727130442
TAG52:4FA18:1	0.373842533266675	0.108951361983629	0.259676294830851	0.796873028946347
TAG58:8FA20:3	0.340451767468525	0.294363789953258	0.322461741338907	0.667866974871458
PE(18:0/22:5)	0.959976305509399	0.276840489775456	0.227251549769378	0.848282969406898
TAG47:2FA18:1	0.330359085817963	0.298664814948811	0.306639407411434	0.653957535729184
CE(22:2)	0.265040295126609	0.853307504637468	0.324249987450935	0.705490430879187
TAG55:5FA18:2	0.599828416259527	0.905033820466464	0.328459350835192	0.693831382754891
TAG52:2FA14:0	0.504213500441672	0.246183806731738	0.309989912786785	0.644745787585153
FFA(22:4)	0.287888402488713	0.472493067758286	0.315587341255847	0.760056685693442
TAG54:1FA18:1	0.896500025045585	0.938982634203414	0.334129443733694	0.702447194974814
TAG40:0FA14:0	0.567209270735672	0.775613019977757	0.333257596552001	0.714304425756536
DAG(16:0/22:5)	0.977795712160741	0.761627369949901	0.325588605420964	0.705692661717116
DAG(18:0/22:6)	0.511292260119921	0.626806328518553	0.362528317103529	0.700403931614246
TAG47:1FA16:0	0.278851141104842	0.418117594275668	0.30831474642022	0.692996160688963
DAG(18:1/20:5)	0.465334662467195	0.891737691748028	0.331089939663754	0.692813073680509
TAG54:3FA16:1	0.808727476910759	0.615536896035551	0.315058458580372	0.746965518096188
MAG(16:0)	0.447803560070291	0.107989440849113	0.381987531367475	0.790940206961372
PI(16:0/18:2)	0.483091714357102	0.621076676227821	0.41397413593617	0.733377175650789
CE(22:6)	0.469887598382726	0.795670423991661	0.317920455469873	0.74630372916695
TAG46:4FA18:2	0.61517472783753	0.625560882272111	0.314268288009565	0.734885556592641
CE(18:4)	0.998720538692826	0.729067529984344	0.379446582213867	0.67956953561434
TAG54:2FA20:0	0.708001683151833	0.677473464952823	0.327823865291604	0.698510230939836
TAG56:6FA20:3	0.974545296401008	0.921345104974967	0.329722559861853	0.703477657300261
DAG(18:2/22:4)	0.322202815742521	0.518264709899284	0.315344571652094	0.730852669116184
DCER(24:0)	0.290343275778987	0.215456380975421	0.420452731438688	0.54883910260829
TAG58:6FA16:0	0.558048053196687	0.693226508886491	0.312726034573111	0.736356666994543
PC(16:0/18:2)	0.420273332554071	0.860020995833222	0.33620992993571	0.723101372500426
TAG52:3FA18:2	0.77478247187906	0.430717203559243	0.317045775054594	0.72680874617344
TAG48:0FA18:0	0.863787660763756	0.597187700049541	0.307936122179672	0.686774485577986
TAG58:7FA18:2	0.728433268809749	0.688039906717041	0.320672170158356	0.719997978319301
TAG50:1FA16:1	0.263991968552878	0.80211019610858	0.329218395258013	0.699221419801163
LPE(16:1)	0.143523980378149	0.584550112743904	0.353220023847332	0.708696786439338
TAG48:1FA14:1	0.115938854591358	0.235888847556048	0.293361546076564	0.70133553414103
TAG51:2FA18:2	0.384472958001414	0.476812425499326	0.33710945899807	0.699110109510458
TAG50:2FA16:0	0.51467104523606	0.951705557128908	0.330891314403448	0.699359448836615
LCER(14:0)	0.314427513766081	0.149349122991957	0.473461247631541	0.599696715700999
LPE(22:6)	0.777641470615587	0.781735801442546	0.324453618975824	0.727745354849024
PE(18:1/20:4)	0.533667046237428	0.0655900164437844	0.173119519829844	0.938165310080477
TAG54:4FA22:4	0.291713479958429	0.572484945487251	0.3065211973569	0.732371456554929
PE(16:0/18:2)	0.737687986247804	0.892465587105313	0.328854751369481	0.713388445970493
TAG50:4FA18:2	0.595450653350159	0.526264681075618	0.304728179850012	0.722871776887555
HCER(16:0)	0.851162833980107	0.750868110082693	0.312715001475179	0.725357219395797
PE(16:0/22:5)	0.722679838235473	0.555038546400032	0.273651674282939	0.822189221146596
PE(O18:0/18:1)	0.744193021574627	0.83648083185463	0.321184164831058	0.718600508460737
TAG44:1FA14:1	0.260493899339726	0.429929583392278	0.305118898587872	0.688986472508271
TAG56:7FA20:5	0.206616353213941	0.631607790835541	0.347337074031721	0.736020515031033
TAG45:0FA16:0	0.483325284423556	0.526847156764024	0.305165298630482	0.694083253023905
TAG46:0FA16:0	0.75928302887036	0.742860166447098	0.316930850241849	0.700352319108812
SM(24:1)	0.218912316945467	0.548219761804149	0.460535387844481	0.642246936074907
TAG52:7FA22:6	0.731192647834851	0.752957437918046	0.334241665943562	0.7208255731866
CE(20:2)	0.52548509927972	0.361844249100757	0.511521973696853	0.683705559597668
TAG54:5FA20:5	0.8225759540689	0.567292129895967	0.318762985683531	0.666954346855904
TAG45:0FA15:0	0.493058681001772	0.647295137429516	0.315439412103579	0.695451925571204
TAG56:5FA22:5	0.902564809623179	0.783120067922997	0.334120547532023	0.710802876203512
PC(18:0/16:1)	0.181936602604636	0.379382034053044	0.454667909823708	0.650803887603954
TAG49:2FA16:0	0.304472449873199	0.462934016532805	0.328950653008299	0.698671778445069
CE(20:5)	0.360184000781625	0.645162257900038	0.35475299171245	0.646752439584313
HCER(22:1)	0.309631012168616	0.279529839822818	0.220911151214753	0.823488442331032
TAG49:1FA16:0	0.179322377528705	0.298344982412721	0.306470934345246	0.698831572486537
TAG56:5FA18:1	0.755687542039409	0.659223583943301	0.331791146256392	0.722555022668056
TAG53:4FA18:3	0.867089988924586	0.639582054937405	0.321456040372746	0.704209862755389
PC(20:0/18:1)	0.867218143421231	0.942413221629994	0.334358834486403	0.716219594913267
TAG54:1FA20:1	0.649655411660488	0.692467824729617	0.312086701324759	0.694473257841237
DAG(12:0/18:1)	0.525733954626892	0.862128152771842	0.325283901713235	0.695149621481547
PE(P18:0/22:5)	0.610195647408669	0.74319938323392	0.377498779010711	0.667618157481343
