chemID	simpleLRM_Fstatistics	multiLRM(chem_sig)	multiLRM(sex_sig)	multiLRM(age_sig)
TAG52:0FA20:0	0.159492774155407	0.0478474842793254	0.230396605147946	0.669409742017829
TAG58:6FA22:5	0.466326505740673	0.677527319833208	0.288407395933069	0.703065324711149
TAG50:1FA20:1	0.448445065235198	0.202016635615434	0.23974445785042	0.658406006782375
TAG54:6FA20:3	0.748073797833806	0.364297675980185	0.267982083835162	0.714436417907073
CE(24:0)	0.297440976370388	0.786800431070476	0.265918893509059	0.693697982503075
LCER(22:0)	0.700256804889818	0.864961612296579	0.272864808905537	0.686605271887022
TAG48:4FA16:1	0.650164137735618	0.54346145090006	0.259277580174499	0.714085134516693
TAG51:4FA16:0	0.861954665206278	0.82968921221942	0.277694762155289	0.676508020387533
PC(16:0/18:1)	0.781630563928986	0.600003245530704	0.350448147537988	0.625244062445753
TAG50:3FA14:1	0.329606448390116	0.348004188915101	0.275477601035973	0.647368579702896
CE(17:0)	0.897269034432448	0.332181492556646	0.34764340933123	0.629790419322188
TAG56:6FA22:6	0.652499105187474	0.732766993752639	0.279919255066821	0.710561859658236
PC(18:1/16:1)	0.492146149376869	0.937990348344276	0.323571804100616	0.672713987671496
TAG53:3FA16:0	0.867803252473593	0.814920515022858	0.275429968633451	0.681727058741344
TAG54:4FA20:4	0.493217982996027	0.786675979338487	0.268663093636239	0.680487589565579
DAG(14:0/20:4)	0.109567200428672	0.0229887673243504	0.248261147912891	0.613455974798725
CE(18:2)	0.269156436099393	0.390274671093117	0.189108626531133	0.728296451747746
DAG(14:1/18:1)	0.966657109543521	0.909478421836969	0.286173819144979	0.681122578246233
DCER(20:0)	0.245265316900261	0.0773741242143681	0.216103022385912	0.844159451500702
LCER(20:1)	0.416400866212666	0.0767864613038225	0.486771152253993	0.526330731936278
TAG54:3FA16:0	0.899681154543889	0.950247583565104	0.279802721136205	0.68189062078348
TAG48:3FA14:0	0.804168955022577	0.911775422178047	0.276920116410326	0.683218313557064
TAG56:1FA18:1	0.449974835064774	0.217619838900132	0.234597272859873	0.642228133929732
TAG58:9FA18:1	0.126521908912639	0.335302905050019	0.300972393371801	0.760777725249356
PE(P18:1/22:4)	0.838701424510451	0.849270544703389	0.272335339526925	0.667463469253331
TAG54:4FA16:0	0.822799359320129	0.973883488368375	0.27863989537983	0.677454299507686
PC(18:2/16:1)	0.853347568163716	0.857063041448147	0.295801745389951	0.713071740077032
DAG(14:0/18:1)	0.677659222354427	0.381792561503291	0.255204136330812	0.651027513692167
TAG46:2FA14:1	0.15054323956336	0.343682340482462	0.264497262702638	0.657936126417294
TAG52:4FA20:0	0.37675041095305	0.30895662958787	0.263272375217363	0.675392469427432
PC(18:0/18:2)	0.946677072810831	0.745460337252194	0.411371165359573	0.644756979757538
PE(P16:0/22:4)	0.57772279637251	0.916639777859806	0.277786514182533	0.677789769432023
TAG50:4FA16:0	0.935546406327984	0.340098598455233	0.263075215110817	0.700549583486718
DAG(18:1/20:1)	0.69766308727214	0.956889024620222	0.278454307919072	0.675670488830341
LPC(15:0)	0.696679913726553	0.0674593191574504	0.156344146310136	0.795399429133543
TAG48:3FA18:2	0.676427014610787	0.893725004269886	0.279223921920239	0.683291288543323
TAG52:6FA22:6	0.78135846556703	0.856655101580489	0.27851826341789	0.668224927920813
TAG56:7FA18:3	0.417350356258563	0.497369672514844	0.273073360997148	0.690248628298735
PC(18:0/22:6)	0.873598773744506	0.938469223703921	0.282317897945375	0.702804102687647
SM(26:1)	0.448731712540162	0.583519825570039	0.349083888496197	0.6338813614104
TAG48:2FA14:0	0.574097906377411	0.618601721755067	0.276066855115747	0.671542428013138
TAG48:3FA18:1	0.414588806778878	0.802013826066443	0.283570741338004	0.687045688289339
DAG(16:1/18:2)	0.681174144458524	0.674090995340423	0.259703383723788	0.698119347818949
TAG53:6FA18:3	0.726796769464291	0.824939979059791	0.291296296644092	0.680615739096004
PC(16:0/12:0)	0.371440584111308	0.868068536689443	0.272629146639785	0.705979992619987
TAG51:5FA18:2	0.340726865216433	0.499858817078149	0.270896412538312	0.681870888057763
PE(P16:0/20:4)	0.81363928303668	0.848709042330356	0.273947432206541	0.691623394285034
TAG49:1FA16:1	0.24744419884271	0.546149089655789	0.272463443858459	0.677660325386676
TAG56:5FA20:1	0.0860476058010654	0.249628358112243	0.272509135660329	0.688233436598785
LPE(18:0)	0.77099524838104	0.207972555484067	0.165901367303318	0.744687616830841
FFA(20:4)	0.767611044328694	0.951259404036751	0.279188990512206	0.680263878139365
TAG46:1FA14:1	0.202271778629418	0.109978582607267	0.160325544136316	0.700269807210799
TAG46:3FA14:0	0.778572107011189	0.678698128993626	0.273562633215147	0.668024638645482
PE(P18:1/22:5)	0.730614269895069	0.357786302762423	0.383630415381557	0.598095636616537
TAG50:1FA14:0	0.566689000471513	0.273342781948329	0.24011454914872	0.645229489758967
TAG56:8FA20:4	0.831939494237909	0.962719488059156	0.279528275912109	0.676983300366246
TAG56:4FA20:1	0.207101226915373	0.367099684084793	0.291091732382338	0.701865329318526
MAG(18:3)	0.486604991322405	0.663665546635891	0.361312503197573	0.64556949387977
PE(18:0/20:4)	0.989896166843026	0.386468956530156	0.218105545829249	0.775315375599565
TAG53:2FA18:1	0.667610148472601	0.480250858303465	0.267503154107668	0.648154282565878
TAG54:7FA22:5	0.633194095969542	0.530962709261702	0.286443950731169	0.699749610810361
TAG60:12FA22:6	0.47341313870363	0.975660315737442	0.279007769661349	0.682363613420225
PC(18:0/20:2)	0.562427099328206	0.346696229829778	0.502264159140307	0.618763944558218
LPC(18:2)	0.0402392514177013	0.0863172786979726	0.266430856906385	0.444394332202928
PC(15:0/18:2)	0.689081482343068	0.324353097445236	0.491487238331572	0.561852784308538
DAG(18:1/18:1)	0.595752889141849	0.623196045639582	0.277488327804855	0.71143326154789
TAG56:4FA22:4	0.423269107553932	0.70051783307208	0.262678409607589	0.693929271579076
TAG56:9FA20:5	0.11532098846173	0.413577593962494	0.298053147759383	0.722689012357377
TAG49:2FA14:0	0.387491506728266	0.326171199293704	0.271222374937151	0.649364643196342
PC(16:0/18:3)	0.490778265781121	0.291400605057856	0.186547988105166	0.753693950246071
LPE(22:5)	0.97452192548405	0.951274429715007	0.278223253706581	0.675530162207107
TAG54:6FA20:5	0.232412663415443	0.41414714131571	0.317669102221266	0.734240254635532
TAG56:7FA22:6	0.363711593932525	0.523380390249214	0.285454362405676	0.734297922507099
TAG51:4FA16:1	0.806277689209427	0.476029473035827	0.247920381365293	0.738571941719853
TAG52:5FA20:5	0.706431486355653	0.919662784662795	0.282427094957528	0.681257297519929
SM(20:0)	0.0951490853242276	0.346267252084504	0.181934801902754	0.759907986620186
TAG55:5FA20:4	0.438397123835338	0.349855432242453	0.248388206678189	0.654912035035706
TAG58:6FA20:4	0.995395347849128	0.781218497974503	0.27288057966373	0.663239454357039
PE(O18:0/20:4)	0.692537528485765	0.75993343364189	0.28671420428046	0.667831216059941
DAG(18:2/18:3)	0.3637845961028	0.23851621756437	0.260591994341169	0.673648861027063
TAG48:4FA18:3	0.338761501593265	0.392364107517961	0.288319672742728	0.704364003808077
TAG52:0FA16:0	0.718390040332576	0.541801892570703	0.251152776843255	0.673039081258447
TAG58:9FA22:5	0.150461014722956	0.328883145618029	0.294937078899957	0.704401712485992
TAG58:9FA22:6	0.115539978486146	0.3253503551003	0.301043564947719	0.762810053474939
PE(P18:1/16:0)	0.561522179205341	0.818205422339102	0.295170394242708	0.65287766652976
DAG(14:0/18:2)	0.695086612109412	0.485861723376505	0.275197819241187	0.67626127431564
TAG54:0FA18:0	0.656448507008173	0.945348789190533	0.277532441491062	0.675607340674209
TAG56:2FA16:0	0.30491544550777	0.245216564291915	0.242807777269846	0.677360555403255
TAG56:8FA22:5	0.288620835864157	0.358260004998721	0.27658039935006	0.727142319008861
PC(16:0/20:2)	0.964002482863503	0.715527991062397	0.346767911640353	0.641668482588726
PC(15:0/18:1)	0.559936562705227	0.312148916438113	0.473034646329598	0.52166927396037
TAG56:7FA18:2	0.417474072727409	0.597953756666475	0.275912069616293	0.697159049187075
LPE(18:1)	0.855095352111318	0.94483759857283	0.279249947574802	0.674060146201051
TAG50:2FA16:1	0.269275272047353	0.907596384278718	0.280379288859972	0.67674896184761
PC(17:0/18:1)	0.840305677410363	0.0844812304452353	0.479147257506431	0.42615473238276
DAG(16:0/18:1)	0.678980555245008	0.679302035554713	0.273139824184495	0.676534677307654
LPC(22:5)	0.175020006853529	0.450118777608707	0.274813815211606	0.630546517973809
TAG46:0FA18:0	0.551881204613526	0.824998653020853	0.27149977910971	0.67075676575396
PE(18:0/20:5)	0.556615584422779	0.893177542907995	0.276819845432031	0.668356769679906
LPE(22:4)	0.473725439227693	0.439666160572268	0.27198317312563	0.791462185443588
TAG46:1FA18:1	0.927978803151179	0.569352378938003	0.260527279817672	0.658037133643457
TAG58:10FA20:4	0.370579993646189	0.275909376060876	0.282100408341317	0.644144326194694
DAG(14:0/16:1)	0.157401555742462	0.177385174558034	0.262658790435022	0.689443960523346
SM(24:0)	0.518173138672671	0.416175694896016	0.37326410428836	0.639270307726599
TAG53:6FA18:2	0.591530171812736	0.411604141880345	0.272933665221986	0.692863483357399
HCER(18:0)	0.122665473983925	0.129573549408829	0.134658845991061	0.862905767010057
LPC(20:3)	0.94513078693933	0.834839284065054	0.279495785752501	0.660102993542465
TAG53:5FA18:2	0.283797052367212	0.39378531063048	0.281812563040344	0.664970900997281
TAG50:1FA18:0	0.351512566493972	0.329450804552186	0.24828337563371	0.671124106055464
TAG52:5FA20:3	0.59414135500732	0.84005836224588	0.279563003798284	0.669237839884
PE(P16:0/22:5)	0.91488299278666	0.940626963363921	0.282148260455298	0.682670388495217
TAG44:0FA12:0	0.559380749042346	0.917955959957802	0.276512538848302	0.674981895405883
TAG55:6FA18:1	0.418278041770399	0.688660666789231	0.292719168065117	0.689123883256663
PC(20:0/18:2)	0.356276587064283	0.782393314188117	0.263633434578764	0.709365426423088
PE(P18:0/18:1)	0.78797170584692	0.462539155285236	0.359814342980529	0.597776603059643
MAG(18:2)	0.492650613766765	0.799338989830422	0.273097404470875	0.660114664747829
TAG52:5FA18:2	0.156515688244514	0.112338725229235	0.228393229652253	0.707150171479583
SM(16:0)	0.90212810268446	0.800045355661831	0.344275406993411	0.645935858902141
TAG49:1FA18:1	0.225144576227869	0.143855290934866	0.238257578646219	0.652797932079027
FFA(14:0)	0.59870633995148	0.796826703379124	0.272028962625209	0.709118674450025
TAG56:4FA20:4	0.989002974791106	0.972498906522045	0.279089625282906	0.676996818820202
TAG46:2FA18:2	0.57491045562261	0.890914348686517	0.275763250218663	0.67519609481537
FFA(16:0)	0.574315853615527	0.780257526812	0.27142280136807	0.691714616000169
TAG52:5FA22:5	0.927517851396294	0.799580860931892	0.280787127256349	0.676710408883826
PE(P18:1/20:3)	0.215976586010325	0.193196602570661	0.409838140683481	0.596144261932015
TAG56:8FA18:3	0.534386072054624	0.353022625172475	0.267654341369085	0.701314948853042
TAG46:3FA16:1	0.828679750353277	0.858005278023924	0.276710884682628	0.687510679624613
TAG50:1FA18:1	0.430477836416083	0.645918631641004	0.268399865706365	0.687668291060801
TAG44:0FA16:0	0.631034220081454	0.863131166671457	0.273307660333267	0.673930672726706
CE(22:5)	0.952778071205954	0.93529974255799	0.286558920655448	0.683171400166603
TAG49:2FA16:1	0.270113056749942	0.666124424392021	0.281273453227992	0.662723988268645
TAG53:4FA18:1	0.989657655306231	0.658449139089834	0.27473105065173	0.651776795962176
TAG52:3FA20:3	0.31317250351348	0.552762226310472	0.266440412180496	0.692321615289156
TAG49:1FA17:0	0.233002022577649	0.204363909771154	0.249360469399723	0.667560910783563
TAG56:7FA18:1	0.232134393483151	0.294953929583981	0.298265100268573	0.756521440237069
TAG50:2FA18:0	0.597121378257422	0.367549251272765	0.264393002609054	0.673862377178812
TAG44:2FA16:0	0.697412416352089	0.367019516337149	0.236934360011326	0.70850253312165
TAG44:3FA18:2	0.897957261791093	0.593473071557335	0.256772356546911	0.704774491860601
TAG47:0FA15:0	0.45333677504072	0.509090444163752	0.254569483734311	0.684665016757914
TAG54:7FA16:1	0.862695915499582	0.576943562737212	0.274902794231906	0.719002370111605
TAG52:3FA20:2	0.596871173271917	0.832385265934253	0.281326887530305	0.669666213211837
TAG52:5FA16:1	0.225826734717252	0.126439738525882	0.227389817595667	0.758869625873319
TAG51:2FA15:0	0.636633497174847	0.521032146429373	0.265485858596396	0.645977049414658
TAG54:7FA20:4	0.677096838996887	0.591637342831469	0.284032520592222	0.676586742609792
PE(P18:1/18:2)	0.834724624515254	0.580079164526043	0.371225380540426	0.61860621512945
TAG52:1FA16:1	0.342412512278917	0.435052319785516	0.270463408000516	0.654643573568194
TAG47:1FA15:0	0.2971283344965	0.285491794447291	0.250418404355303	0.655172239749393
TAG50:5FA14:0	0.25832064563938	0.402252211908374	0.27209941601376	0.681217909847923
TAG55:1FA16:0	0.272405526836077	0.44158665251623	0.28842165091047	0.734271513609693
TAG56:3FA18:0	0.938052914494885	0.827416383814398	0.277722057306437	0.664937641625605
TAG50:2FA14:0	0.783103152559686	0.667969549042208	0.275521630355186	0.65485010212755
TAG56:2FA18:1	0.849158121132332	0.886990177900189	0.274456990029115	0.675096088118462
TAG51:3FA18:2	0.764877358680955	0.844049507500699	0.280395074797056	0.671277264921145
PC(16:0/16:1)	0.106935345134716	0.159558885896574	0.42795828319943	0.59171864075819
TAG51:1FA16:0	0.249794779007482	0.2433994066114	0.244259303586108	0.687737476134887
TAG52:3FA18:1	0.75137371601771	0.418191022449416	0.268445859928079	0.709523334438519
TAG56:4FA18:1	0.395924864316872	0.500305319413645	0.278791851059526	0.725180474606295
TAG54:4FA20:1	0.349879000411791	0.3252661743664	0.252666034362411	0.736522615801734
TAG56:7FA18:0	0.152937408370792	0.503977386200542	0.29970883309071	0.727079842292039
TAG54:4FA18:3	0.115126360007173	0.149491026731943	0.26265281265639	0.684908266200569
TAG56:7FA20:3	0.703978876438342	0.933801802157844	0.278329787862275	0.678382645036812
PE(18:0/18:1)	0.472926718696486	0.695647409276057	0.297881969394296	0.677012972462161
TAG50:4FA14:1	0.750398585388393	0.832207676318993	0.281094145522675	0.673023678602044
TAG47:2FA18:2	0.628068325484768	0.284721374820613	0.255727833748018	0.665553750227634
TAG50:5FA18:1	0.570294575795163	0.388470177304178	0.273668923055885	0.718138105722811
TAG53:4FA18:0	0.868719561066245	0.423028758936621	0.264189834236857	0.695052768856869
PC(16:0/20:3)	0.100709283778064	0.16760741673936	0.478968091103302	0.601283691375743
TAG56:6FA18:2	0.500243321795129	0.730403687209752	0.278620280815451	0.683907732186901
PC(14:0/20:4)	0.463188947161869	0.187460385928052	0.388686448547064	0.668744457636117
PC(18:1/22:5)	0.402144858232137	0.366125818845547	0.201179345305028	0.693804571164808
LCER(24:1)	0.766925436044432	0.783053898931805	0.266330993936748	0.668540762839299
DAG(15:0/18:1)	0.448810843429601	0.279534053518644	0.276822832878128	0.708727217371389
TAG45:1FA16:0	0.280939113506912	0.250729066690704	0.243428809828948	0.665484951741358
TAG56:4FA20:3	0.94710184182018	0.841661029683116	0.276939528694088	0.665964495180166
TAG60:10FA22:6	0.47057632418519	0.854893117952724	0.280624552921243	0.694717813115651
TAG54:5FA22:1	0.0795141263406684	0.141554435949183	0.258441900378411	0.6382196785491
PE(16:0/22:6)	0.84694310156133	0.479865583975733	0.21716001298557	0.86956860852097
LPE(18:2)	0.217535114724982	0.205738557951868	0.232156890482697	0.513117606019512
TAG54:6FA20:4	0.650912878696101	0.832105598815646	0.286150406209732	0.674369590875671
TAG54:2FA18:1	0.486470898919039	0.534909948893786	0.298725770408067	0.695698103150778
TAG56:8FA16:1	0.300883083089993	0.40554590688591	0.2691302942183	0.74953355709235
TAG58:9FA20:4	0.239410032869835	0.241531068239355	0.257923438804327	0.675477325813829
PE(16:0/18:1)	0.116361871350235	0.352346114652784	0.339515150492235	0.637412773360083
DAG(16:1/16:1)	0.58920437683547	0.614595770651609	0.277966875738762	0.695884289905314
PC(18:1/22:6)	0.776343304220699	0.711424331843048	0.329307464734577	0.631256155380544
TAG52:4FA20:2	0.675115417080542	0.623405982674412	0.26465037174386	0.717037154393181
TAG42:0FA16:0	0.692015383998474	0.775254321701097	0.267867542911743	0.67191126488418
TAG52:2FA20:1	0.417233440204355	0.430265621743185	0.270972085689392	0.649956099787011
TAG52:4FA16:1	0.360285440612193	0.161988271035286	0.228287920392249	0.780581589693635
TAG58:8FA22:5	0.169241262527806	0.301647134568073	0.296930367925046	0.718087994025265
TAG56:8FA16:0	0.31613121622416	0.529287277401435	0.286714063092558	0.720350562472748
FFA(20:2)	0.321851033469804	0.573153818025445	0.307919134129604	0.717263362080644
TAG46:3FA18:1	0.990044712163276	0.360333746937716	0.232134450608934	0.708578202102417
TAG50:4FA20:4	0.346973939774143	0.38703999618172	0.251269071965712	0.68685338891506
TAG53:2FA17:0	0.665496412723391	0.451087044623531	0.272955040569395	0.639431338539306
PE(18:1/18:2)	0.971524549236252	0.685243521653631	0.329152016148825	0.669486128301348
TAG51:1FA17:0	0.222513787502847	0.206197167687243	0.245359610563898	0.677350933715199
TAG54:2FA20:2	0.849264298896918	0.885395071610545	0.276092815673083	0.672576561684117
TAG56:6FA18:1	0.614823327329216	0.733412757997835	0.284312150532351	0.697485197908211
FFA(22:1)	0.361161306033314	0.730500765708503	0.273159912672835	0.656746101186714
LPC(16:1)	0.422470600521842	0.827030371146078	0.269851182352653	0.67964076154371
PC(14:0/20:3)	0.116922556038196	0.267274773498856	0.440685896518066	0.630882131747678
TAG48:3FA12:0	0.410972752063108	0.855587663078681	0.281974604906426	0.684798802607213
TAG54:6FA16:0	0.82190286587505	0.546467483743649	0.298776803745432	0.690937373164372
TAG46:0FA14:0	0.580493560765509	0.554908212861389	0.256467328153664	0.680768679765259
FFA(22:5)	0.633528350138771	0.736726998491659	0.271261304131424	0.660349887461148
TAG56:2FA20:1	0.726715212089757	0.991673513598729	0.280035214138591	0.677921577047755
TAG58:5FA18:1	0.978086791632663	0.932930452970758	0.279375703782964	0.682047490413383
TAG50:4FA20:3	0.53824849422807	0.552901197752298	0.268698132779294	0.654795462279158
TAG52:1FA20:0	0.131765131048673	0.0424016855715047	0.248146845533519	0.60551645438114
PE(O18:0/22:5)	0.944689950614912	0.737863924968425	0.30642441982747	0.665480274585886
TAG53:7FA18:3	0.282993245289237	0.550409817869273	0.294201951837772	0.675746221464913
TAG50:3FA18:0	0.813748063650974	0.476908235745042	0.270683597446235	0.684531044141695
TAG46:3FA18:3	0.327526662775771	0.792349437839775	0.28755035184884	0.68181727835859
TAG54:7FA18:1	0.0602338796902402	0.132561509194985	0.278107612026129	0.706879564761576
TAG55:4FA18:2	0.442988193062862	0.830886943468663	0.279246356909077	0.668186131987875
PE(P18:0/22:6)	0.777254553706922	0.71183056301223	0.25470623119011	0.793325530593278
FFA(18:1)	0.811313010293623	0.592053391434094	0.263860533033604	0.716525187986578
TAG50:5FA20:4	0.452007791127221	0.566975173371436	0.261960330537974	0.667942770593863
TAG53:3FA18:1	0.916988506163812	0.985043114279588	0.279000057860533	0.679694787901262
TAG50:5FA16:1	0.800655341186453	0.0754782172731739	0.203515973123324	0.815824685110164
TAG50:4FA16:1	0.830906968510059	0.121113920198076	0.203865200293726	0.789073709675776
TAG52:4FA20:4	0.358578797236632	0.629409687831134	0.264543915996504	0.696493283005403
PC(18:1/20:5)	0.207131681706796	0.856055849472186	0.272998177572921	0.70444379720849
DAG(18:2/20:4)	0.462920121995615	0.52189581718396	0.282012869167009	0.689231522380284
TAG54:7FA18:2	0.0426175350533254	0.210295028023247	0.258888163663033	0.608357266763893
TAG56:7FA22:4	0.759870370155575	0.480238572424318	0.291977028533287	0.678086079865165
DAG(18:2/22:6)	0.309576010909583	0.680138912509604	0.279834309561077	0.708974876561165
TAG49:2FA15:0	0.397582277352536	0.446736005329875	0.272975241257535	0.676072591119397
TAG46:3FA12:0	0.449710870752518	0.806649488272772	0.280368024913829	0.687927899339086
TAG47:0FA16:0	0.521580417826749	0.549622084841453	0.25651698616584	0.682625153263227
PC(18:2/18:2)	0.381305421240331	0.982309954833801	0.29637825222211	0.678224038962115
PC(18:2/20:3)	0.533157436968546	0.474028314485128	0.435396443125647	0.656031231423534
CE(15:0)	0.876602360252756	0.344342794070954	0.377157327425495	0.595601603186919
TAG54:1FA16:0	0.338236388913889	0.11532315791707	0.218523086660652	0.65491741711699
TAG49:2FA17:0	0.273040178338974	0.194661072197138	0.272145772310214	0.653450126678171
TAG54:8FA18:3	0.0308103755241675	0.122154285749736	0.255639519949716	0.576484007188893
DAG(16:1/18:0)	0.132770398804601	0.267442169511715	0.269838848921685	0.667431675823887
PC(16:0/18:0)	0.679483185625083	0.612995625817971	0.390023936543029	0.635367747552455
TAG54:5FA18:3	0.0269180049432404	0.0248706540316937	0.24485744536751	0.714641009426735
LPE(20:3)	0.640993048108059	0.850338728567389	0.296235939715478	0.686216140500436
TAG55:1FA18:1	0.123572549218929	0.368069902785549	0.316109997538839	0.740742397969744
TAG55:2FA18:2	0.142912605871661	0.378276101784513	0.292960390573944	0.720964705009503
PC(18:0/20:4)	0.637608240507597	0.687862367332956	0.264655888912998	0.681742879692799
TAG54:5FA20:3	0.891014523155158	0.827198426990539	0.282215685498874	0.68229170031821
TAG56:3FA20:1	0.305265024368941	0.464339176001656	0.302989229124265	0.705627172051577
TAG48:3FA14:1	0.220420386671345	0.585559454156956	0.281793124823322	0.669901448016869
TAG56:8FA20:5	0.0847786253565231	0.297684678444707	0.310243886922856	0.747335401717018
DAG(14:0/16:0)	0.48524039392876	0.264817716539682	0.241438029426356	0.680811916116155
SM(26:0)	0.910478101197724	0.423167040576975	0.403906451753039	0.622397214679416
TAG51:4FA18:2	0.606591885112524	0.705505908543701	0.273737827194415	0.685467733000128
TAG56:7FA16:0	0.252917793409044	0.399409301209631	0.280858843767371	0.742928496168376
TAG48:4FA18:2	0.201168016523088	0.506374621943571	0.284797816459716	0.67996929480583
TAG50:5FA18:3	0.41064797385566	0.314007878037711	0.256014264060517	0.6948660652181
TAG53:0FA16:0	0.308384920071353	0.36122807924423	0.315460523107964	0.726179482053258
TAG44:1FA16:1	0.464553800109675	0.378302463734837	0.264494011919769	0.646406154091298
TAG60:11FA22:6	0.405501956415837	0.873401580286488	0.279575455678493	0.695299511333988
LPC(20:0)	0.0588699416038216	0.148836275760721	0.208572237209237	0.638403216201495
TAG52:4FA14:0	0.511143199778719	0.406156281513254	0.269110276769615	0.645955814953765
TAG53:6FA18:1	0.77194860397451	0.713530343801469	0.254161473371453	0.686336142255767
PI(18:1/18:2)	0.941658396572372	0.690951808848638	0.3367809616593	0.724445072491878
TAG52:4FA18:0	0.73959474686121	0.419797873263591	0.259836097064306	0.720401307299568
PE(18:1/20:3)	0.31217810647132	0.863407361959012	0.317798131605314	0.66341982424802
MAG(16:1)	0.568897167897128	0.799617440856639	0.285478991295285	0.666500506108438
SM(22:0)	0.79807078573203	0.872491982878198	0.333281075807633	0.669256414749058
TAG55:8FA20:4	0.730123905107253	0.20374698187894	0.309040720980312	0.610296098886124
TAG58:6FA18:1	0.746731894050527	0.726100106156165	0.283425392234056	0.699731025865449
TAG56:5FA16:0	0.677690984633821	0.931486779849733	0.277352445386067	0.678690670053268
DAG(18:2/20:5)	0.23969870380291	0.676333958232903	0.280132326626728	0.698887582385067
TAG58:2FA18:1	0.960520188153516	0.999473603810363	0.278537945187813	0.678005723377635
CE(22:0)	0.82594068659485	0.200229250845697	0.39760200753345	0.548115212138095
TAG54:5FA22:4	0.311657085454611	0.716207954684507	0.266452061209997	0.690747274583313
TAG58:3FA18:1	0.927264472828891	0.929118351564791	0.276199204650834	0.676545298141632
TAG56:3FA20:2	0.721486874236993	0.817931876145296	0.280110054463764	0.698550079764599
TAG52:2FA18:2	0.938045614937913	0.822281551355015	0.280091391491249	0.679086552185128
TAG53:4FA16:0	0.894571285626767	0.921989633485768	0.277585987696756	0.680501148199449
LCER(22:1)	0.499419478491101	0.663927883378123	0.343584082259914	0.676883683667267
LPC(20:4)	0.197060355818051	0.108764013651908	0.510243241478504	0.455045771350338
TAG48:2FA12:0	0.536393032999496	0.989566194693039	0.279505242850945	0.679104012971262
TAG58:7FA22:4	0.819734749497334	0.664872366216112	0.2916894379338	0.677184022680371
PC(18:0/18:0)	0.71232243602925	0.951489516250292	0.289441542779291	0.683512789167436
CE(18:3)	0.970391953546057	0.664405302552443	0.356176825525312	0.661233771431972
TAG51:4FA20:4	0.190594201086044	0.188580169069489	0.24014024470195	0.679710379470391
TAG56:4FA20:2	0.471637565621683	0.605931151613977	0.270009089412304	0.725770933005898
DAG(15:0/18:2)	0.438396686616476	0.622890266042895	0.303148418450114	0.704152158458395
TAG46:1FA16:0	0.926153343746146	0.609465071623186	0.262952634444989	0.665633761132285
DAG(16:0/16:0)	0.484554672077922	0.549931960762237	0.267794044384439	0.691798170868445
TAG54:5FA18:2	0.090452389511052	0.16058371786948	0.258923787349936	0.629305671553653
TAG42:1FA12:0	0.429732799171258	0.934334290892522	0.283050786012326	0.681601692961368
DAG(18:1/20:2)	0.646813604627544	0.348522683123434	0.294927417496666	0.606063879810965
TAG52:7FA16:0	0.764487567021919	0.657262857551609	0.261870662355604	0.681285897322622
TAG55:5FA18:1	0.587151207902651	0.81198699993849	0.28112140657737	0.679395530304633
TAG52:2FA20:0	0.725086455036672	0.492154018221057	0.270859649425189	0.661767126602832
TAG46:1FA14:0	0.362956838760803	0.358562061477502	0.255169967089343	0.659073906975377
DAG(16:1/20:2)	0.178979234634043	0.19387782170122	0.338085279907021	0.642417070793674
TAG53:5FA18:1	0.545333632735247	0.521920696283803	0.27953255580917	0.668795377930532
CER(18:0)	0.526877438456034	0.824262086664213	0.303579207874948	0.660455864480201
CE(24:1)	0.451251733300725	0.525589103210961	0.307109578296182	0.665844726650534
PC(18:2/20:4)	0.889763760948366	0.932520630128829	0.296031423630694	0.685992796739969
PC(16:0/16:0)	0.928411840807201	0.704380367426643	0.360615871046443	0.63737003531054
TAG50:6FA20:4	0.943119047699639	0.888044988342259	0.275828129980031	0.674942565373006
TAG52:2FA18:0	0.884315094486913	0.933729036219371	0.279365176030855	0.67759747456412
TAG55:2FA18:1	0.32129023499974	0.741768222663438	0.293456553665135	0.68312412865553
CER(24:1)	0.751681754212074	0.79836285945709	0.307736162616044	0.642610827219436
PE(18:0/18:2)	0.928208564056859	0.851063821057269	0.272588045921158	0.692611709597034
TAG52:0FA18:0	0.827818047845773	0.702324498598566	0.260379390023478	0.675151078115655
TAG50:4FA14:0	0.441418541876641	0.634568661090804	0.271696243432723	0.688824607308271
TAG52:2FA20:2	0.43517217428247	0.628050158781596	0.273292167196373	0.680329721750396
TAG58:6FA18:0	0.41530916072167	0.276221414292537	0.276680785899974	0.766827573737651
TAG55:6FA20:4	0.400969875348093	0.411129482973341	0.26711287231127	0.667171859710768
PE(P18:0/22:4)	0.887685275091999	0.638894439923235	0.262118303183867	0.670822315646404
TAG51:2FA18:1	0.441956960623513	0.504037117971712	0.26923458273363	0.645107488127201
TAG50:2FA18:2	0.722517009381154	0.962115727490333	0.279132932090253	0.679559630032359
TAG53:3FA18:2	0.972760493923991	0.759766780679678	0.282343265047514	0.667075325544319
CER(24:0)	0.5970403900737	0.0650236102983966	0.343349593900897	0.420079859888587
DCER(22:1)	0.945276476417308	0.753613903369005	0.280196594541927	0.674539128908362
TAG46:2FA12:0	0.585004230775166	0.975661418458792	0.278486832022532	0.677291239755358
SM(22:1)	0.812891395289615	0.797244499175496	0.273183004002355	0.71177478899026
TAG48:1FA16:0	0.256705997510324	0.359569483951179	0.25735470740374	0.6877547527378
TAG56:3FA18:2	0.908978361429213	0.926710700013517	0.277186218841621	0.678073349604448
DAG(18:2/22:5)	0.644818736632039	0.860570159601698	0.276805296779545	0.680759867862609
TAG57:9FA22:6	0.875320999767418	0.937843921493945	0.277428195719846	0.679944074021323
PC(18:1/18:1)	0.836340283791424	0.845239209437221	0.323630216600636	0.666216056471118
TAG52:4FA22:4	0.479701234103886	0.454970584386622	0.248259962878651	0.704983548425732
PI(16:0/20:3)	0.433498404861396	0.371498784258175	0.426763537523721	0.647709317340003
TAG50:2FA20:2	0.425868989968712	0.366846349417605	0.263194458404936	0.659950704156417
TAG58:10FA22:6	0.121706490748603	0.389467867544229	0.294066001541963	0.740773296543535
TAG54:4FA22:1	0.156089780011074	0.124232128918255	0.274615338859837	0.6992830911686
TAG42:0FA14:0	0.572265459296626	0.945428304482719	0.277639378758075	0.675545977733703
TAG47:0FA17:0	0.54929853265036	0.384463487966199	0.246171234816096	0.678381021699308
TAG48:2FA16:1	0.238484779679869	0.794423488913704	0.281904755288471	0.673966883941253
TAG54:3FA20:2	0.854075204911421	0.935800734145606	0.279990625006848	0.683141824023847
TAG42:1FA16:1	0.63462769757296	0.450044344215359	0.254146097440641	0.665057405303333
FFA(18:4)	0.302673849628097	0.256203253321988	0.37840289788441	0.653848146152593
DAG(16:0/22:6)	0.995849064668873	0.998047358426989	0.279844891728475	0.679649757114437
SM(14:0)	0.696415148701921	0.933335777920308	0.286916216207027	0.701050058212332
TAG47:1FA16:1	0.285478383168455	0.535040115572347	0.273484313320798	0.672400452321529
TAG51:4FA15:0	0.5699447435681	0.82180110659405	0.278752197186244	0.683607206187668
TAG47:2FA16:1	0.248947108252094	0.6392523506966	0.282160120680971	0.659883871440752
PC(16:0/22:6)	0.42984218410849	0.587049044220244	0.244415288349266	0.784516920607642
LPC(17:0)	0.191027026135929	0.297420385305225	0.234118746302304	0.718066362437881
TAG55:3FA18:1	0.4939791724503	0.856120945170572	0.287275434137263	0.676711437996294
TAG46:3FA18:2	0.931147535490495	0.583611648861896	0.264666428262874	0.678226202744241
TAG53:1FA17:0	0.412818600824332	0.210515493174378	0.237936995260456	0.65831461587307
HCER(24:0)	0.508414899706145	0.558656632703531	0.242667921830621	0.745504014675877
TAG53:6FA20:4	0.470538078166404	0.859220192499699	0.276990073225206	0.673708331665725
TAG54:3FA18:2	0.406133930737544	0.442037727583173	0.280498118068359	0.68972411878
TAG48:5FA18:3	0.102453198350295	0.311327011921741	0.290993601543177	0.667693093401459
TAG50:2FA14:1	0.191053738114616	0.127083587576995	0.239190682045333	0.650352526165837
TAG52:4FA22:1	0.327590914379849	0.165112987077817	0.247671300792761	0.728574754699313
TAG52:1FA16:0	0.726230709236052	0.785250948441654	0.27039958653701	0.67640356886719
TAG54:4FA16:1	0.608645548573609	0.503641684041621	0.257052341087433	0.737947044772408
TAG48:4FA12:0	0.174954054856728	0.509762991800634	0.287244451901676	0.686633377336379
TAG58:7FA16:0	0.779520743625058	0.480421719600649	0.263096877193835	0.694127993300551
TAG51:2FA16:0	0.283607714091836	0.46833879479657	0.274839850562809	0.668968078724157
TAG56:6FA18:3	0.258163938232773	0.459329459110728	0.26137664660167	0.700201973707775
LCER(16:0)	0.700995874110808	0.815541952942909	0.298224139430191	0.694118851877118
TAG52:6FA18:2	0.129276517880259	0.0608692256732003	0.235014997991452	0.750980819290157
DCER(22:2)	0.734384226566837	0.651630102444556	0.312189776810161	0.615883465984719
DAG(18:0/18:3)	0.855603669594384	0.951708382724953	0.278064613959499	0.678384232904445
TAG48:2FA18:2	0.740782164725973	0.551018156412553	0.271797794558751	0.675463248298154
LPC(20:1)	0.26737506680051	0.136841374853414	0.218766518347345	0.667569669069778
TAG54:8FA20:5	0.181346368634	0.351920017481253	0.303210333869964	0.739309087951774
FFA(22:0)	0.927938263643092	0.980838877619642	0.278537589926751	0.677725476112169
TAG53:1FA18:1	0.836786940073597	0.482264058658683	0.250324130239725	0.670100318593004
TAG55:6FA20:3	0.724995530480742	0.782648152813625	0.291792468214145	0.673352177312075
TAG51:4FA18:3	0.862346730407682	0.529975226639638	0.276716928907061	0.692991841265556
TAG58:10FA22:5	0.131042034354431	0.397066017263567	0.296643600361833	0.707899651286741
CE(20:0)	0.163738302441433	0.793858853539698	0.26817856270631	0.670887120884201
FFA(14:1)	0.733298073644086	0.949635838679787	0.28698731464894	0.678629013724923
TAG48:1FA16:1	0.249677872596051	0.660571496340115	0.273507574828088	0.690377287348785
TAG53:2FA18:0	0.459284289308977	0.296505263479308	0.261461366544909	0.672596319419209
TAG54:6FA18:2	0.0793635064678751	0.228734751571667	0.25674040300122	0.604424847631096
FFA(12:0)	0.498108949381372	0.857724702000662	0.276410515661719	0.70129433474787
TAG51:1FA18:0	0.248082516432122	0.113926915500463	0.224710645350986	0.663542606536734
DAG(18:1/22:6)	0.495943855966506	0.887277190375606	0.278332546668663	0.693559867941458
DAG(18:1/20:3)	0.506215979962584	0.460998038187088	0.268459628032269	0.657365716511449
CE(20:3)	0.169992468867448	0.147566878381111	0.489397116587934	0.672111477903284
TAG36:0FA12:0	0.34646915266923	0.637467457800447	0.276401526277817	0.700134164178364
TAG53:2FA18:2	0.91116264024434	0.563412416098473	0.271182291489183	0.681938740248617
TAG53:1FA16:0	0.639077851909438	0.987913811676388	0.280105771162082	0.678117995875677
DAG(16:0/18:3)	0.937771299640507	0.560479462789775	0.274169324310093	0.663822742189368
PC(18:2/22:6)	0.658702826750816	0.358005185320829	0.37734311727315	0.58855402226351
PC(16:0/20:5)	0.201193915805924	0.872764730816492	0.275567134654798	0.702184708246536
TAG47:2FA14:0	0.510638941152535	0.322772686134515	0.261538116733478	0.656467564483453
PE(18:0/22:6)	0.656230623960053	0.929267449624224	0.286520088129756	0.708645666059229
HCER(24:1)	0.442403385835381	0.353658655295091	0.221072998591535	0.731510950024073
PI(18:0/16:0)	0.761232508582006	0.58229336459911	0.242204088131101	0.619303983861332
TAG53:4FA18:2	0.721390413833516	0.911174704421831	0.276986856844268	0.680727769554653
TAG54:5FA16:1	0.92872047052331	0.667829639794698	0.272672958975847	0.701587702009734
PE(16:0/20:4)	0.606801221051704	0.771017761882515	0.264066339509675	0.718373457290913
TAG52:1FA18:0	0.689778340583037	0.69083995146071	0.263955085767949	0.678103259060253
PI(18:1/18:1)	0.366447552573571	0.153761156484603	0.386815559337608	0.81678498800125
TAG54:5FA20:4	0.483454440037275	0.785157335579778	0.268418210619696	0.683849154741415
DAG(18:1/18:2)	0.726519681565849	0.568088308580511	0.263435869097451	0.698163852710466
TAG56:8FA18:2	0.266345991744613	0.487976049060476	0.283976998183735	0.715128434377221
TAG56:8FA18:1	0.126619061912854	0.37911843975256	0.306145625018599	0.740728017782889
TAG46:1FA16:1	0.249827673141374	0.44214250353049	0.265869997717368	0.677789315562391
TAG53:5FA18:3	0.42093255352457	0.273453988898125	0.255871123253057	0.700239440897344
DAG(18:0/18:1)	0.896417901138959	0.892867194749104	0.276366816259174	0.672513581552596
TAG42:1FA14:0	0.657537064566233	0.366246299592572	0.24137488717815	0.65486013583363
DAG(16:0/18:0)	0.277138134077122	0.27499612378384	0.243920386041165	0.686634385344886
TAG46:2FA16:1	0.398742459160948	0.645572282511543	0.280149467544706	0.660533799069065
TAG56:7FA16:1	0.315600458435375	0.180287643118719	0.257791520640137	0.810516665697874
PC(18:0/22:5)	0.506985756776175	0.593695034234226	0.384446188301699	0.628032089749616
TAG47:1FA17:0	0.524257512558161	0.23394231072621	0.249901718626205	0.651738670514629
TAG49:0FA17:0	0.422720223446769	0.486266754198708	0.255530502183348	0.686984742266504
PC(18:0/22:4)	0.220563432756006	0.196462888150031	0.366413210217875	0.833299381254979
TAG54:8FA22:6	0.434771125396225	0.516406823652352	0.283507433018136	0.727707310331693
LCER(20:0)	0.820213022804726	0.934991821686258	0.281166701555054	0.681285488184873
TAG44:1FA14:0	0.938687277652595	0.605264044479673	0.263430726549311	0.657343154786116
TAG50:3FA20:3	0.210974862885558	0.209294636461971	0.240862999722866	0.67737948930768
TAG54:5FA18:0	0.120273460103004	0.236117237178134	0.253984288480067	0.648147907584366
TAG48:1FA14:0	0.363652208201147	0.282505412656242	0.249477747456477	0.6662659111725
TAG40:0FA12:0	0.344728152993023	0.74875998267688	0.288972246839263	0.69167002395745
DAG(16:0/20:4)	0.187909722368549	0.147180284021604	0.2659628891169	0.717989445846897
TAG52:6FA16:1	0.190729352903619	0.0540193231872245	0.215550844184478	0.77345333826259
TAG54:0FA16:0	0.239123646159756	0.028425083007763	0.196468685381588	0.620961423594505
CE(22:1)	0.399919745080797	0.574771463094001	0.232243921491862	0.724744803473172
DAG(16:0/20:3)	0.183888721061991	0.169329098381528	0.274767865219412	0.685668617214488
TAG52:4FA20:3	0.355810437077797	0.731217301981748	0.27314746049242	0.675543066992526
TAG51:3FA16:1	0.460275678868023	0.93670815549144	0.278054241498716	0.684587310068834
TAG52:3FA20:0	0.639368281371501	0.451512991585602	0.275930888812861	0.69006650352432
TAG47:1FA18:1	0.339594506667919	0.169712996527025	0.238787150206717	0.638896828762363
TAG53:3FA17:0	0.994985053643645	0.817705975078524	0.282568150008906	0.666456458331635
TAG54:7FA20:5	0.1895189463579	0.355120228163034	0.311125948274676	0.73762063113507
TAG56:6FA20:5	0.196404311746748	0.682233091078672	0.294669257653808	0.71606294355771
TAG50:0FA18:0	0.586709119825231	0.600927903910202	0.25639226154265	0.685821250372263
TAG50:4FA18:1	0.720552202701339	0.628685703382556	0.271816764435034	0.697078328847833
PE(18:1/22:5)	0.376086562998015	0.953344212158568	0.302602331493613	0.67525525630256
TAG46:2FA18:1	0.641748323030163	0.317707578258265	0.24104446878894	0.654516253530398
TAG47:1FA14:0	0.310634025877416	0.231427275353654	0.243339828426844	0.648543106017677
PC(18:0/18:1)	0.476271164792408	0.403337629170789	0.437926198461074	0.610032191853163
TAG50:0FA16:0	0.518778450399524	0.597446250646016	0.257368228483558	0.692249241815113
TAG54:6FA22:6	0.834149343828369	0.960509305626557	0.279725929327398	0.68210598166657
TAG56:7FA20:4	0.777821015221511	0.95342801362998	0.281229018492821	0.676638295844522
TAG52:4FA16:0	0.372674633424752	0.331490501931208	0.26252268514464	0.676929220797856
TAG42:1FA16:0	0.57719472507294	0.369433721944501	0.235774829360509	0.692009744212493
LPC(22:6)	0.0891588665052217	0.111224021229151	0.305739348062078	0.766200516518197
PI(18:0/20:2)	0.450981694143955	0.756539649615401	0.357694200290009	0.63797171457418
TAG52:2FA18:1	0.809143824721796	0.828727196397438	0.281475731212764	0.687349551388083
TAG52:3FA16:1	0.702406528212581	0.281872708584532	0.248104948020869	0.760677959328712
TAG51:3FA18:3	0.875254409450844	0.99154597154523	0.278441810279692	0.677947072169672
TAG52:7FA18:1	0.810706540187039	0.796152438672895	0.272280863150225	0.672404320481091
DAG(18:1/22:5)	0.607490196295335	0.621467387373098	0.275589334470764	0.709116382449026
TAG56:5FA20:2	0.226728374632084	0.468223437109727	0.257673578929772	0.745106779165524
TAG46:1FA18:0	0.609093292570003	0.173982372211315	0.214576416211602	0.668795835012093
TAG56:5FA20:4	0.620910056570079	0.84409716453075	0.285355801599943	0.686677240854185
TAG56:2FA20:0	0.67896030635297	0.869797358376511	0.284993179050511	0.681448241012616
DAG(18:0/18:2)	0.954808791398419	0.924343827279222	0.280297599815598	0.677808464490148
DAG(16:0/20:5)	0.843430010233214	0.340063704832219	0.266077850291996	0.652336092940451
PC(18:1/20:3)	0.135281916043353	0.172258636249534	0.554296487732564	0.615062450689322
DAG(14:1/16:0)	0.601968737607705	0.452892442880403	0.260477877597125	0.730705406813581
TAG48:5FA18:2	0.116262975205676	0.401805406293248	0.290171740873319	0.665840493753835
TAG54:3FA18:0	0.355101512063818	0.359933732105315	0.278553360275678	0.694882848909885
TAG49:3FA16:0	0.711320504098343	0.931551933687266	0.278261853330315	0.678276827022793
TAG49:3FA16:1	0.571868925655561	0.780852073064588	0.271745381395643	0.69526116658715
FFA(20:0)	0.493268712205333	0.719641274500629	0.266376463864824	0.70544036859303
PE(P18:1/18:1)	0.754174498999027	0.139051088913874	0.465093122600935	0.539572030502307
TAG54:8FA20:4	0.470833418044999	0.816816724937369	0.278888379540305	0.682184902263515
CE(14:1)	0.141846946238808	0.0587768433085694	0.423011274200381	0.649425722950997
SM(20:1)	0.417190459264793	0.198134624771524	0.117356149492376	0.87065285897354
TAG51:0FA16:0	0.705698699974839	0.561366087997973	0.255285514462656	0.68472053417959
DCER(16:0)	0.0469221898309164	0.0742944634836778	0.393904765387448	0.601082863361193
TAG56:6FA18:0	0.384598363115794	0.658588489591401	0.284730491188198	0.700926443906997
TAG48:4FA18:1	0.194656942053603	0.50502804042225	0.295033434328208	0.691566252029927
TAG50:1FA16:0	0.408536650067625	0.640762125633278	0.267303948323256	0.692241712070562
TAG52:5FA14:0	0.467346156678217	0.487018740055802	0.263843755074481	0.662697850767122
PE(P16:0/18:2)	0.453730831712165	0.919084058793496	0.302986674014225	0.669499400948472
PE(P18:0/20:5)	0.45683502533001	0.503675588785576	0.293630171443851	0.594035254800974
CE(18:0)	0.415993038708151	0.381995511431911	0.377202400939729	0.654095235065896
PI(18:0/20:4)	0.925446903565302	0.763267992356461	0.26188481011811	0.690486624634854
TAG49:1FA14:0	0.311741188818263	0.162371563519335	0.242941425095111	0.643184819822684
PE(O16:0/20:4)	0.830507438407811	0.586407064227545	0.29608034967176	0.664806589620116
TAG53:3FA18:0	0.596711507539371	0.62973745038417	0.290087594428443	0.66710903102344
TAG56:5FA20:3	0.885552619929523	0.863997903999245	0.280851152207389	0.687093355966454
TAG48:0FA14:0	0.519560271316066	0.349631626666753	0.242821205270257	0.666343425217449
FFA(17:0)	0.165688003392156	0.379716306367643	0.312702946841871	0.654226665718799
TAG50:5FA20:5	0.895537552408716	0.524721864276645	0.254470792804112	0.656180031067647
PC(16:0/14:0)	0.130240390028282	0.0526978718850285	0.515346114051829	0.478477126270256
TAG48:2FA18:0	0.382410131862058	0.897115938538039	0.283797115005979	0.680480909637784
TAG50:5FA18:2	0.448321444771502	0.584012267736686	0.269643794609608	0.672366311367248
TAG52:7FA20:5	0.477750847629214	0.934370298115005	0.282329975935678	0.683126407078247
TAG48:1FA18:0	0.706835802413068	0.746784666346253	0.267651702718659	0.668106892230788
TAG56:6FA22:4	0.764136734165069	0.902065994667568	0.284693476828294	0.673935697552935
TAG52:2FA16:1	0.679534518981937	0.812894553184549	0.275323006589565	0.692142616691658
TAG49:0FA15:0	0.27924867497555	0.180001585708287	0.229992993787661	0.675845753371509
TAG46:1FA12:0	0.765308660066483	0.743236402252602	0.269323566599599	0.666569658954613
TAG51:3FA15:0	0.933362055724728	0.981653007275254	0.278940706108251	0.677579771739081
TAG54:7FA18:3	0.037428264391511	0.15981265031333	0.254792818739899	0.596435323101934
TAG57:2FA18:1	0.126330838517906	0.370330126035929	0.30608439981778	0.752538365645859
PC(16:0/20:1)	0.275319054265391	0.419219894288884	0.309122143302924	0.635823590258074
TAG38:0FA12:0	0.407417537752312	0.668864683599151	0.277499920881309	0.697910479041904
TAG49:0FA18:0	0.387933036557011	0.228610953469755	0.23185390212061	0.667857054626572
TAG51:2FA16:1	0.274466556730296	0.650614496416098	0.284937765249514	0.655749434112381
TAG54:3FA18:1	0.209202245238715	0.170214262852462	0.308298856344963	0.73313476803961
TAG54:3FA20:3	0.443818345582545	0.674737871057819	0.265718723858172	0.673073460758
TAG58:7FA18:0	0.316934889157062	0.547525290014085	0.283859758628508	0.730063296548386
DCER(24:1)	0.31223898942981	0.458037730809838	0.346520410643356	0.600720283533786
DAG(16:1/18:1)	0.714887287078715	0.874719354276805	0.275943244775032	0.686514610132133
LPE(20:1)	0.489162041851606	0.531060336826664	0.283149206010101	0.704292889793289
DAG(14:0/14:0)	0.417610108158088	0.249962729194232	0.239176231986762	0.646471807820083
TAG48:2FA14:1	0.11516906966614	0.271723984366712	0.259860262874607	0.668102919173605
TAG56:9FA18:3	0.331296472967226	0.257974055718038	0.279028769796805	0.723665689117966
PE(18:0/18:0)	0.628787480969331	0.922039700335664	0.298406488425737	0.669895597342252
TAG50:3FA16:1	0.690890000347375	0.467301022126049	0.254095553235057	0.706344681780243
TAG51:1FA18:1	0.271257056892539	0.234490304741402	0.245983763706532	0.666398437408206
TAG52:1FA18:1	0.75689355733868	0.867748648520964	0.274363563914855	0.6758166238715
PI(18:0/18:2)	0.84550812206135	0.806349606815476	0.33382485408324	0.696055602726458
TAG49:1FA15:0	0.25590016336734	0.21232188576935	0.241816247899339	0.673125221775921
PE(P18:1/20:4)	0.768706762884053	0.888336862266084	0.275609296206429	0.679722673869437
TAG51:0FA17:0	0.339720109259818	0.277364903464706	0.240110579807717	0.683612826217102
TAG48:3FA16:0	0.48728911690021	0.705368276549857	0.277876068354088	0.676744082726503
CE(12:0)	0.40445769198019	0.450338024176955	0.358985777464707	0.626298245995382
TAG53:1FA18:0	0.422963035602829	0.186238672811508	0.22943859885377	0.677865254850687
CE(18:1)	0.941490760971823	0.583483224426467	0.345933101720684	0.650529373855087
PE(P18:0/20:4)	0.697429933763786	0.566129654479895	0.259520910620428	0.714517029071234
TAG54:3FA18:3	0.874483000048242	0.356050891263948	0.270180958870637	0.641718394350266
TAG54:4FA18:1	0.114034594358095	0.100284775439875	0.284084952411352	0.702859856738426
TAG58:8FA20:4	0.322510745967796	0.308308251996237	0.245514457981364	0.685984462627884
PE(18:0/22:4)	0.631203287522779	0.768618036593848	0.273543200820913	0.676163615493946
TAG44:2FA18:1	0.731600220068674	0.31271546848323	0.224186623851506	0.688061228047044
PE(16:0/20:3)	0.0257982691112554	0.0710169959073994	0.556930725967692	0.518012286561004
TAG46:2FA14:0	0.64151216896642	0.460836314388426	0.267654662723634	0.658587885545347
PE(18:2/16:1)	0.386890848087558	0.856384175731933	0.304778100072574	0.659958899396884
TAG56:4FA16:0	0.442592265757143	0.64288229888756	0.266798069099884	0.677385871126932
DAG(18:1/20:4)	0.332545979700972	0.353390246210518	0.262326130211202	0.684221954966905
TAG52:3FA18:0	0.81141148676971	0.530701603524007	0.265140146345616	0.692120396189489
TAG58:10FA20:5	0.547721265336604	0.712599734175115	0.275350204942062	0.652970966937174
PC(18:0/18:3)	0.863958410353021	0.75603594084093	0.259376327854314	0.697897242496464
TAG55:7FA18:1	0.87401177894962	0.628172894444429	0.259874573602563	0.663532959417573
TAG60:11FA22:5	0.596829603337751	0.964068431207931	0.279373589418379	0.676393186697253
DAG(18:2/20:3)	0.446681887475759	0.344953745927462	0.282277578356371	0.656497993616279
TAG40:0FA16:0	0.376141716364879	0.828505353842575	0.290438177418522	0.685024790712092
TAG54:5FA16:0	0.681479283071174	0.961841490381721	0.278520523669619	0.677789977103775
TAG58:6FA22:4	0.880153187918952	0.642930963768917	0.299492822095634	0.679792001245972
TAG56:4FA18:2	0.299859918609884	0.454996533878426	0.279858695434213	0.689371917245792
PE(O16:0/22:5)	0.990660422561275	0.469303049045995	0.348325968786825	0.629262908203796
PE(O18:0/22:6)	0.459354632415634	0.896595120125875	0.275402874183062	0.706115191270506
SM(18:1)	0.96763744009447	0.655429964587581	0.241007126260056	0.733283023490326
TAG51:5FA18:3	0.369064672862466	0.240357916467549	0.263475358446817	0.701139108125846
TAG54:6FA22:5	0.843379044568019	0.775408634850714	0.282893976383302	0.683821061073018
TAG56:4FA18:0	0.987409534115121	0.88347576726813	0.279255385200446	0.689331016040612
TAG51:3FA18:1	0.977111495921937	0.941365526864892	0.279264503915324	0.674591658758406
LPC(18:0)	0.174063810999142	0.0280897091987898	0.110798601145791	0.67275403694066
FFA(20:5)	0.921553020318371	0.460532307922884	0.285296958657943	0.658335049257911
TAG54:6FA18:1	0.0256045678674264	0.0665297421311025	0.253950823789869	0.670823407045362
TAG52:6FA18:1	0.207105762348265	0.171775147424281	0.293394310724413	0.778054252100425
PC(18:2/20:2)	0.0429889797512367	0.0582398824058958	0.107549414644439	0.896028213523539
PC(16:0/22:5)	0.406409141726766	0.496394015214879	0.221671845410769	0.770729707996489
TAG45:1FA15:0	0.450076264453676	0.292529416998438	0.254568922674858	0.649355826025426
TAG50:3FA18:3	0.969760120557395	0.670728438964887	0.278304690012328	0.662479091771866
TAG48:1FA12:0	0.52936475702738	0.925421980283458	0.276638831655241	0.674874391602432
TAG52:6FA20:5	0.831201496180258	0.99545129222834	0.280408665099932	0.678807998861312
TAG53:5FA20:4	0.276241175215624	0.4841175154168	0.262472219057252	0.669307476056355
CE(20:4)	0.463059407674201	0.740693669752749	0.270206035654379	0.668396105982502
CER(22:1)	0.178888226787352	0.624802286939659	0.37022319302811	0.617850377872672
MAG(18:0)	0.237804556680671	0.0221536236165973	0.247057732682278	0.789667949515946
TAG48:3FA18:3	0.998249827734214	0.901682845793705	0.276686160671524	0.678798933055462
FFA(18:0)	0.440518649143555	0.846117351647026	0.278319030285087	0.680546734231142
TAG52:4FA18:2	0.326476516499317	0.239823573037553	0.24866349619131	0.693707789251481
TAG42:1FA18:1	0.476385481092116	0.953579910851914	0.27885245892691	0.676579701845473
TAG60:10FA22:5	0.487116134536431	0.765635179121604	0.283244361534181	0.690695481669269
DCER(26:0)	0.582977139053798	0.54946329617629	0.281435899747807	0.699523231177134
LCER(18:0)	0.764292719646303	0.519789593530305	0.224815894187339	0.733157947582039
TAG42:0FA12:0	0.387209316632296	0.887453153910817	0.282763282337603	0.684936421901879
TAG51:3FA17:0	0.508731565061	0.900569761620151	0.285804849726172	0.672584019807289
TAG52:6FA16:0	0.333010906583835	0.103427785488818	0.275999180725841	0.686336799882523
CE(22:4)	0.704555315454635	0.665562329615087	0.313824916467083	0.690283991951991
TAG48:4FA14:1	0.459525992072507	0.754625169447252	0.270270258021808	0.692596547883889
TAG50:3FA18:1	0.999524901486835	0.912864021946125	0.277568427527417	0.68432300639479
TAG53:4FA17:0	0.714234371120776	0.954352779041219	0.280845419932002	0.676704210891866
PC(16:0/20:4)	0.42755025200232	0.641097177455631	0.27059026518989	0.67513652928628
TAG44:1FA18:1	0.969062777703171	0.456550443578491	0.246436766422331	0.662244191671748
TAG48:0FA16:0	0.578866119053289	0.781820581698327	0.269494564668912	0.690327523845017
DAG(16:1/20:4)	0.201888638915925	0.434333818649565	0.276427007762885	0.686825370751805
PC(17:0/18:2)	0.404426832576511	0.830580870657842	0.348077771590278	0.652881681692597
TAG54:4FA18:2	0.129479615350743	0.139019016483692	0.270522062786562	0.688150873913921
TAG50:0FA14:0	0.62990837158095	0.206649062762827	0.222852150680116	0.642048616290381
TAG58:7FA20:4	0.640544423084052	0.511547533046356	0.26463472894644	0.654999035691088
TAG52:4FA18:3	0.353652912649987	0.140030184492388	0.271662594543312	0.687318364682646
FFA(16:1)	0.828258955354705	0.528958519190198	0.24746665685538	0.735523702279955
TAG51:3FA16:0	0.574330745015579	0.737463956442944	0.279614883604775	0.677207042549807
TAG50:4FA18:3	0.843638205811233	0.326614366175408	0.260409617770867	0.702627454841547
TAG54:4FA20:3	0.60168618668334	0.78209899997438	0.270795372522852	0.67268587043437
PE(O18:0/18:2)	0.70498363130903	0.957608709309907	0.307808876377808	0.6756310066312
PC(18:1/20:2)	0.668923815086214	0.964485065292487	0.296947968653634	0.680777742178631
TAG49:2FA18:1	0.378701866572182	0.499787480862692	0.276176452338229	0.642811274680319
PC(18:1/20:4)	0.72296806920369	0.911935905251672	0.286566904867825	0.680125559406926
TAG47:0FA14:0	0.540062250777785	0.417252538140703	0.250665334186391	0.666176965407314
TAG52:8FA18:2	0.931296074054263	0.898407302881847	0.277875188859748	0.677404988235921
FFA(22:6)	0.791246012652622	0.877457269129251	0.274330434828951	0.665433662599539
TAG47:2FA15:0	0.503218773061883	0.413453481864735	0.267599795751096	0.656760170226172
TAG48:2FA18:1	0.980807011136816	0.797498475486321	0.273300582109382	0.666229850108589
TAG55:4FA18:1	0.444780596908773	0.659723953607945	0.291554938438951	0.666815862105466
TAG52:3FA14:0	0.804950013915963	0.556463138011563	0.280333641665203	0.642976359122677
TAG46:2FA16:0	0.618044349632758	0.961718596032133	0.278151651245836	0.677093067749746
TAG54:4FA20:2	0.655287160719823	0.765129726797457	0.273996090384739	0.700803224200998
TAG48:4FA20:4	0.979402646999707	0.622144306855241	0.262494720894643	0.663076896380073
TAG56:3FA18:1	0.422459605801641	0.566062968413066	0.293800721625292	0.699214691267954
TAG54:7FA22:6	0.907782859114335	0.737616102771604	0.277037756282758	0.706396833572659
TAG49:3FA18:2	0.524458327493681	0.741107104561898	0.285897863612646	0.665049534209345
TAG52:3FA16:0	0.682449218606183	0.443044370360723	0.272668806777366	0.699422478512305
TAG54:8FA18:2	0.0549441472465745	0.167710788372755	0.26896823556491	0.646838436415964
TAG54:6FA18:3	0.0365561142058878	0.087915460201452	0.245428841465311	0.648642340744152
TAG56:8FA22:6	0.289953542172546	0.526971749671156	0.285578599145482	0.727302019832041
TAG58:8FA18:1	0.0887261028290285	0.237396491972795	0.314767592467793	0.783058596740569
TAG55:7FA22:6	0.649806463854976	0.943395828353915	0.279840235654767	0.688861102523853
DAG(14:0/18:3)	0.588545574632398	0.646916135345614	0.276879489696586	0.691846422578252
PC(16:0/22:4)	0.728146563490803	0.620019901238743	0.304285925370282	0.705945694055753
TAG56:9FA20:4	0.980243930087306	0.821829542542068	0.279305714472065	0.67590782442461
TAG57:8FA22:6	0.281730996172821	0.548945979346852	0.281844141387369	0.725132033512675
TAG56:2FA18:0	0.981858024626349	0.863745895058415	0.273982174736716	0.674115803197186
PC(17:0/20:4)	0.193099633181792	0.907225074303794	0.276883221301387	0.684501749849601
LPC(20:2)	0.15168932695134	0.0771752140410679	0.191857189322713	0.6013566143565
TAG45:1FA18:1	0.527336911048166	0.264634862702627	0.239487742634745	0.653577463701945
TAG52:5FA20:4	0.259620279747526	0.676828836699604	0.267198837949246	0.688344836781801
PE(18:1/18:1)	0.513607642829955	0.513807732797999	0.285431726043947	0.686264687357403
PE(P18:1/22:6)	0.839949673070321	0.760931330451584	0.261612206123844	0.754190421263784
PI(16:0/20:4)	0.300112152739549	0.699754670691329	0.339094522463319	0.684496771482173
TAG49:3FA15:0	0.68223058428285	0.944686206991596	0.278238224065299	0.680814678490604
TAG51:2FA18:0	0.639409414125064	0.452168457923826	0.262447185288352	0.682042352650976
LPE(20:4)	0.927614525197574	0.744833000010677	0.277343893592856	0.637357306299336
TAG44:2FA12:0	0.554602578278264	0.855820811620072	0.274739111591754	0.672828688602446
TAG56:1FA16:0	0.359148276481098	0.265893930134613	0.235830917675961	0.661347188490223
MAG(15:0)	0.254018512737462	0.699111255295264	0.287438081937145	0.683931289835225
DAG(16:0/18:2)	0.920797031572959	0.765914620742835	0.2748381878531	0.672142359197038
HCER(20:0)	0.0487798414645265	0.0860121468499359	0.154649014177806	0.822227803422712
LCER(24:0)	0.835133696396402	0.985934934227262	0.287539451396947	0.677846435134954
TAG49:0FA16:0	0.402322428938642	0.408283933952971	0.249410138836432	0.690095733644536
TAG50:3FA18:2	0.841464601735264	0.762894306822757	0.272347045983216	0.689310914239376
TAG55:7FA20:4	0.878952093193582	0.672218159372834	0.294229204837376	0.656724905827258
HCER(22:0)	0.312733573524131	0.418569137556567	0.22888124756762	0.73184804131159
TAG58:7FA22:5	0.196372393713384	0.293735369499875	0.308039874882725	0.742993922808485
FFA(22:2)	0.979298848898425	0.957516640950201	0.280477974681472	0.682351027335477
TAG44:1FA12:0	0.941018702086353	0.577826910727499	0.265184389012728	0.653811094018181
TAG46:0FA12:0	0.541205197345941	0.905093724949098	0.275934712814178	0.674018548212485
TAG52:6FA14:0	0.777692678826587	0.864662124698593	0.276209837472475	0.67155010744711
TAG51:2FA17:0	0.364136087833145	0.488873844593395	0.282857291937387	0.671761773215245
TAG56:3FA20:0	0.57054599675746	0.779382338330496	0.284073639098158	0.67665054011591
PE(P16:0/20:3)	0.169219990000224	0.130806555390907	0.451005628817477	0.508884716817049
PI(18:1/20:4)	0.253757952529736	0.743438854806638	0.319636593675774	0.689492437802445
DAG(12:0/18:2)	0.444991168903951	0.770039179758849	0.284720210888058	0.678386544716409
TAG52:2FA16:0	0.919482864892926	0.77097813990009	0.281255225851209	0.687576384485358
TAG52:3FA20:1	0.991629971339237	0.827941003742988	0.280408763254563	0.667754290383661
PE(P16:0/22:6)	0.419811108632681	0.345840836125407	0.206190869820414	0.889365298712465
TAG56:5FA22:4	0.549839660549017	0.891361943333404	0.274959501352454	0.682999838160271
TAG56:9FA22:6	0.258392130832107	0.461013555408796	0.282618001906093	0.731626280373499
TAG55:7FA20:3	0.597745673904113	0.862878916337889	0.288120307635379	0.676578995642451
TAG50:5FA16:0	0.957998632305527	0.478894257567051	0.287158623551312	0.701475519232076
TAG56:3FA16:0	0.486999411625794	0.396422101486636	0.267036149480191	0.665248404581766
MAG(18:1)	0.42648570169289	0.831610089217421	0.283738856815571	0.702791435593924
PC(18:1/18:2)	0.676894947421593	0.786365010076398	0.364278829406045	0.663913309641528
TAG56:6FA22:5	0.415280806347936	0.509419560774071	0.290904435303123	0.709756504225987
TAG57:3FA18:2	0.12580401696662	0.413556696741772	0.292876631250119	0.728064054211279
LCER(18:1)	0.981479906906715	0.736000310103518	0.290426575228533	0.665182931294117
TAG52:8FA16:1	0.296055822155815	0.397566103653241	0.270221290554911	0.663381189386329
TAG58:8FA22:6	0.145076866569552	0.330612144163495	0.303275324327042	0.76638013528333
TAG50:3FA16:0	0.743186447040552	0.541712425048332	0.26226815882041	0.684081609642123
FFA(24:1)	0.302813707202683	0.451793679056439	0.258783339425781	0.685152501464536
TAG55:7FA15:0	0.607854727331008	0.904195704199012	0.280667861335805	0.668752250725488
DAG(16:1/18:3)	0.574471297341019	0.826465034660559	0.276239411539413	0.680285097404505
CER(20:0)	0.823127374921806	0.804946668516172	0.267314601353188	0.717078296739178
PC(18:2/20:5)	0.361598809689223	0.806753576959179	0.290788087345842	0.656057389774055
TAG52:5FA18:3	0.222952049750431	0.0780544321798013	0.242450346219775	0.661598894368262
TAG51:0FA18:0	0.441726225302781	0.273644230028008	0.232277384243209	0.681660581950512
TAG55:3FA18:2	0.327972947644874	0.760592221453887	0.286893302465224	0.669499825636004
TAG42:2FA18:2	0.319476628128532	0.867249877691576	0.289046395740155	0.680625292201231
PC(14:0/18:2)	0.702805553700516	0.575194297646369	0.425529419548261	0.614917688815495
TAG50:3FA14:0	0.890998113059941	0.959780948602419	0.279669524729777	0.676216515487076
TAG54:5FA20:2	0.391245863420146	0.421807211135102	0.254303354551316	0.734646349214891
FFA(20:3)	0.970374951176936	0.983844903147662	0.278210538550587	0.680341695400865
TAG56:6FA16:0	0.442232332740381	0.437449375318453	0.284679230395603	0.71405392403875
PI(16:0/18:1)	0.214612995548023	0.147726214414644	0.418559732711433	0.789506349280181
TAG52:3FA18:3	0.522449331537914	0.353120613379262	0.278350862484398	0.669047657093634
TAG58:10FA18:2	0.169460092829069	0.466275264394921	0.291545040188623	0.721749312572187
LPC(16:0)	0.0475277097569508	0.0101007674446539	0.160116283906512	0.619742550318189
TAG44:2FA16:1	0.409002201036864	0.440241898037548	0.268187390716507	0.661734646963602
TAG56:10FA18:2	0.327356211938047	0.742746289663993	0.287131536081065	0.671250737478604
TAG56:5FA18:0	0.592221384271915	0.744181675108	0.28382046143938	0.695924897548039
DAG(14:0/20:0)	0.0277581108408605	0.000840139739920219	0.607992056447364	0.564750856132486
TAG52:1FA20:1	0.380537843409694	0.355927508939646	0.246493000041464	0.686880656952421
CE(14:0)	0.53782809185702	0.181674665363584	0.481057018308054	0.553383224111622
DAG(18:1/22:4)	0.946879724446461	0.72976173192548	0.273748455075242	0.669695972377288
PC(18:0/20:3)	0.0249760692044752	0.0465926449397253	0.682211093502847	0.556048386956397
TAG54:2FA18:0	0.577868246099545	0.646237701518084	0.292228832966309	0.688928722028108
TAG56:7FA22:5	0.346298783096206	0.46092369517102	0.280962423517961	0.704855728177335
PE(18:0/20:3)	0.168120100543804	0.361262652427205	0.435975773706222	0.589395851113484
TAG51:1FA15:0	0.345669380820764	0.147971108907572	0.222291435795217	0.653771199169705
TAG58:7FA18:1	0.121818534561189	0.127501394957127	0.301660391073248	0.819040354760007
PI(18:0/20:3)	0.263242054130659	0.248558445425497	0.553308684708931	0.544665545984558
TAG51:4FA18:1	0.555615959858251	0.337570332431354	0.268118798007156	0.696698671202667
TAG52:6FA18:3	0.129028394419877	0.0448873158645667	0.212453263114291	0.697895134950946
TAG44:2FA14:0	0.477330495627312	0.944333003372689	0.277622193652011	0.676217989143924
TAG50:5FA14:1	0.990805227685738	0.910397509671257	0.280364469408264	0.679427205135632
TAG54:2FA18:2	0.791802720071438	0.90219173177303	0.279670455069013	0.678993060178645
TAG48:2FA16:0	0.397867862984155	0.522376410932324	0.272565652444487	0.678194328626899
TAG56:6FA20:2	0.210946762039016	0.541114941985094	0.259696668997968	0.715649175370756
TAG56:5FA18:2	0.253359122489933	0.465702418290304	0.263174182380092	0.713862102928204
CER(16:0)	0.416105336483459	0.499534532588435	0.355462712828999	0.574203805516428
PC(18:2/18:3)	0.670231344125577	0.865742037800006	0.271699901580539	0.681235411592976
TAG49:2FA18:2	0.432862617260281	0.303766377138269	0.267365768361669	0.679807275277421
TAG54:3FA20:1	0.739890356547158	0.82815899548668	0.279345444917395	0.688430749829158
TAG44:0FA18:0	0.727468340708489	0.61491222020134	0.281122850573429	0.676697112415551
TAG54:1FA18:0	0.698140560218676	0.930685718530912	0.283450950363009	0.680525022122505
FFA(20:1)	0.474013769235925	0.672505404572593	0.290172799931591	0.708635973057465
TAG48:4FA14:0	0.834705075915394	0.716097661054022	0.271683349125817	0.699747985790997
TAG48:3FA16:1	0.521432111643182	0.85933836373072	0.27426772338232	0.689455741179143
TAG49:3FA18:3	0.824393247762664	0.995124251835095	0.278366783401734	0.678066279282301
SM(18:0)	0.672984934089634	0.593404166686852	0.232687719268121	0.741465569697426
PE(P18:0/18:2)	0.593092831246439	0.984156369979188	0.297440996735391	0.688269667577823
TAG53:2FA16:0	0.851175479102719	0.647744497927053	0.263849846531365	0.687980441204176
PC(18:1/18:3)	0.994046746452756	0.657116331056976	0.243503622049006	0.711900593537561
TAG53:4FA20:4	0.260754326192128	0.275927804959697	0.250083596232382	0.678756411283672
TAG46:3FA16:0	0.513717204849757	0.890251694223507	0.283894750792332	0.678610552380842
LPC(18:1)	0.177171837117653	0.092484459271164	0.23970113835262	0.579383679555965
TAG50:2FA18:1	0.435504781259846	0.764662095892349	0.279651822527761	0.667278890598076
PI(18:0/18:1)	0.273333035484973	0.12221301152742	0.411941467706746	0.841304094693439
TAG48:1FA18:1	0.439861151593025	0.333825022863626	0.251495867068903	0.662312398532912
TAG54:4FA18:0	0.17152185436697	0.278461773375587	0.259376508943767	0.666885629005562
TAG54:6FA16:1	0.555471925458906	0.871350500185022	0.277823698963749	0.686094269924148
TAG56:6FA20:4	0.899182621048541	0.980505949238217	0.279828801966306	0.6778495387775
PC(20:0/20:4)	0.271260344826999	0.432262888963456	0.258944217006388	0.711105715625862
TAG54:1FA20:0	0.36669371237891	0.174643996138554	0.231404171116272	0.647737272174284
TAG44:2FA18:2	0.63499127113191	0.678846655444926	0.263938417542256	0.67813968537435
PC(18:0/20:5)	0.381425046345039	0.98267402285544	0.280944562079687	0.67955166084268
TAG58:7FA22:6	0.321056917546988	0.552153806528244	0.286728513311029	0.737503159678671
TAG52:3FA22:1	0.510456819903174	0.40792866291905	0.270239591525308	0.70436305286821
CE(16:1)	0.180272763736401	0.142797308362364	0.513059061961751	0.619558138452942
TAG54:2FA20:1	0.937988246391075	0.87457518860233	0.274365018203498	0.673214087553724
TAG44:1FA16:0	0.442875168675239	0.224724198985991	0.227266368554322	0.670195638750428
DAG(16:0/16:1)	0.456208623652026	0.731619313124274	0.278140122985338	0.672084899464837
TAG46:3FA14:1	0.267790240710406	0.393133036379665	0.272319335663379	0.654670552736537
TAG52:6FA20:4	0.328365328682972	0.720011206556724	0.271825403412116	0.679959803581511
CE(16:0)	0.585550927569419	0.948340796426689	0.284997632749428	0.682063150993942
PE(P18:0/20:3)	0.408535945519604	0.485962437239078	0.379156280787169	0.580680541581632
DAG(12:0/16:0)	0.530404814713819	0.813840622290122	0.268632611279185	0.690299474996529
TAG45:0FA14:0	0.646498671077495	0.587779550629473	0.258804610582113	0.670130758754431
FFA(18:2)	0.262865809216571	0.256017508776676	0.229627754622875	0.722205839322361
LPE(16:0)	0.287333424705122	0.0277703858389047	0.153800505875347	0.751961903810238
CE(20:1)	0.250549361515896	0.594235332892759	0.24890858076025	0.665485289511027
DCER(22:0)	0.19596662633903	0.0720800562977449	0.376973332563437	0.587500195891861
PC(14:0/18:1)	0.250108608982162	0.26890448493568	0.467391731456534	0.547422395709263
PE(18:1/22:6)	0.617898864573137	0.28657383809829	0.181602835233596	0.948194715276466
TAG48:4FA16:0	0.72681090836239	0.851445280092813	0.279231845132046	0.681244527650477
TAG54:2FA16:0	0.83604472614362	0.74663964249525	0.268910206218386	0.668973627418305
TAG58:9FA18:2	0.0986660563897536	0.304721754508589	0.294209060975481	0.748780603761397
TAG52:5FA16:0	0.214758873450198	0.145699191197078	0.259105658867503	0.646661212483861
FFA(15:0)	0.61799681569735	0.856559822121943	0.272720913251071	0.689981212335812
TAG52:5FA18:1	0.225151266346956	0.0655519560587985	0.227365837300401	0.810635990399251
TAG54:5FA18:1	0.0557691149985491	0.0935690331626387	0.262597600882231	0.659204092690882
FFA(24:0)	0.436663305203501	0.542314821662054	0.251244275595606	0.834310565163583
TAG54:5FA22:5	0.626372901321526	0.871088299846248	0.275284011471117	0.67964787502384
TAG58:8FA18:2	0.146547356027576	0.234993178429304	0.286344831081252	0.753681883442131
TAG44:0FA14:0	0.923089982640462	0.633556363034076	0.261268693265888	0.665182390896687
PE(P16:0/18:1)	0.931177912231786	0.611853897747719	0.332596958842861	0.620127543146852
CER(22:0)	0.33423462237553	0.123395411660057	0.400124750239085	0.490933919393998
TAG52:4FA18:1	0.294724595700163	0.107779832347638	0.228632865110925	0.768844329014899
TAG58:8FA20:3	0.426509554222909	0.322015863430943	0.263547366232948	0.643773976426693
PE(18:0/22:5)	0.906836507478428	0.320161225983694	0.200822022538445	0.809068751324347
TAG47:2FA18:1	0.363724253119971	0.237619496323451	0.248867583104007	0.632766862981132
CE(22:2)	0.287941874362664	0.933457555420037	0.276390791821625	0.680401112728128
TAG55:5FA18:2	0.539109023856878	0.911233130043677	0.276990799939111	0.672151915795824
TAG52:2FA14:0	0.539003219893452	0.19867144807359	0.252712960674869	0.624048860874513
FFA(22:4)	0.331778610361251	0.482124975080102	0.261189849062507	0.732194592501342
TAG54:1FA18:1	0.786716603372777	0.972872802297636	0.278731313651345	0.677208587048682
TAG40:0FA14:0	0.586949283779054	0.825005827717518	0.279900246035627	0.688411774411359
DAG(16:0/22:5)	0.81869713286321	0.712728576059151	0.276253080976853	0.683696235499655
DAG(18:0/22:6)	0.552287223067815	0.721144696990806	0.299972411913375	0.680072683383499
TAG47:1FA16:0	0.302417830321068	0.328729568829762	0.250518551136809	0.673781217348337
DAG(18:1/20:5)	0.329877665615713	0.857820603515588	0.282152249545279	0.690219764470195
TAG54:3FA16:1	0.734183823467671	0.658993025687298	0.26900098014041	0.716975801543135
MAG(16:0)	0.481310090164625	0.109777246217512	0.314735666992768	0.752692827935156
PI(16:0/18:2)	0.417650185046813	0.568739000578312	0.368102040478757	0.718836686019575
CE(22:6)	0.450533482097581	0.715524139795982	0.260209312978472	0.736840519451571
TAG46:4FA18:2	0.616915056778778	0.555402586797984	0.260191394155388	0.721669747176557
CE(18:4)	0.982035800311755	0.772304094824206	0.316886166558401	0.661063386954414
TAG54:2FA20:0	0.807083402071199	0.638971040243228	0.27194285517149	0.677878410027518
TAG56:6FA20:3	0.789531632061724	0.887161998306957	0.278737819054072	0.683316340244699
DAG(18:2/22:4)	0.299381421172086	0.605172995273543	0.270789759507785	0.699913123660958
DCER(24:0)	0.262457675999659	0.14718326094323	0.364274285710484	0.515402074664109
TAG58:6FA16:0	0.650326385066808	0.689581418452552	0.264784940870532	0.713435975762416
PC(16:0/18:2)	0.479481711158869	0.952900562212137	0.328800821875145	0.675150820033209
TAG52:3FA18:2	0.701932907152446	0.488167295970736	0.272948397213767	0.69758905566405
TAG48:0FA18:0	0.894820944264895	0.474839099218909	0.248705440719747	0.663164507533035
TAG58:7FA18:2	0.470834514895042	0.526712897067405	0.275511628862352	0.709547878336206
TAG50:1FA16:1	0.264919283885943	0.715414224504252	0.275477396760457	0.678715366169891
LPE(16:1)	0.113695317713246	0.512113638546109	0.30548345557609	0.691758197792825
TAG48:1FA14:1	0.147295572625895	0.180803139698989	0.233968605695774	0.684075284128553
TAG51:2FA18:2	0.45614787094606	0.405925750770053	0.276644813809969	0.680206325199
TAG50:2FA16:0	0.531871934994802	0.97928179252006	0.279147792218905	0.678615158636704
LCER(14:0)	0.296374831665368	0.156566517435864	0.412112728772916	0.581558731171115
LPE(22:6)	0.709514291690413	0.721528963346935	0.271390187723499	0.709352741326388
PE(18:1/20:4)	0.53667136361063	0.0905882737911496	0.154463145127506	0.894270636997032
TAG54:4FA22:4	0.30274918887564	0.513677645321704	0.252241864381272	0.717900910352365
PE(16:0/18:2)	0.738998250155886	0.959699500477289	0.285728742213669	0.683764113125021
TAG50:4FA18:2	0.492855717502268	0.560234361552575	0.26342638564172	0.696700691427897
HCER(16:0)	0.910765901553474	0.846489195932473	0.272148598009386	0.693426521130897
PE(16:0/22:5)	0.774042814222333	0.613262928644118	0.240095615304132	0.780367087387824
PE(O18:0/18:1)	0.91110752423247	0.906670162414146	0.277540789673337	0.688762933762604
TAG44:1FA14:1	0.268784287346344	0.342923619760772	0.248870096706115	0.668904869128864
TAG56:7FA20:5	0.108674609804831	0.36237570422776	0.317577038132168	0.745166939355422
TAG45:0FA16:0	0.529448640491996	0.414294739972829	0.245947139171271	0.672907045307313
TAG46:0FA16:0	0.764337716548577	0.626427743959397	0.258920782531929	0.680243094193194
SM(24:1)	0.21482511631208	0.524907168780007	0.402517653183091	0.620559991465696
TAG52:7FA22:6	0.599481873107254	0.605180512110257	0.286140179765918	0.710367446443004
CE(20:2)	0.451924220136069	0.292427358932919	0.469599985495561	0.660760006144952
TAG54:5FA20:5	0.492780828605597	0.968434135095843	0.28241113091054	0.681429445540655
TAG45:0FA15:0	0.540198901284701	0.5111395294828	0.255775753352888	0.673547260786435
TAG56:5FA22:5	0.705168943293222	0.679853696523646	0.288162240868487	0.693149525467146
PC(18:0/16:1)	0.156496290541167	0.375873322253186	0.398394010827542	0.63243918923489
TAG49:2FA16:0	0.334250744278579	0.376217760435757	0.270867603610335	0.68074225510966
CE(20:5)	0.254942810590635	0.912777025461642	0.28344748035632	0.668948876274809
HCER(22:1)	0.364646351619871	0.348321381957502	0.195289988961396	0.782788668546407
TAG49:1FA16:0	0.2070158692705	0.227479463059305	0.246957148673531	0.681857621969536
TAG56:5FA18:1	0.639818441569609	0.663475282035766	0.283725419124178	0.699337623287766
TAG53:4FA18:3	0.706343956740091	0.670473958411531	0.276683878682514	0.681058792125062
PC(20:0/18:1)	0.950011311264779	0.958729455428093	0.295846269114231	0.676254605073445
TAG54:1FA20:1	0.767165300262734	0.62384750888387	0.254748701920308	0.67221957684622
DAG(12:0/18:1)	0.522690254782944	0.8507030471882	0.273321108055157	0.673045911138955
PE(P18:0/22:5)	0.605688639796881	0.655311385793495	0.330284313326755	0.634168448980271
