chemID	simpleLRM_Fstatistics	multiLRM(chem_sig)	multiLRM(sex_sig)	multiLRM(age_sig)
TAG52:0FA20:0	0.177402044296373	0.0527404359410837	0.275276191699255	0.636728913224328
TAG58:6FA22:5	0.456422457005595	0.673705835006722	0.350298133037806	0.677104439160866
TAG50:1FA20:1	0.476520694323888	0.210176803153315	0.289268638064809	0.626005102171765
TAG54:6FA20:3	0.768962573387916	0.373894397171906	0.323960609640857	0.690795926867898
CE(24:0)	0.326326591910941	0.812817523979761	0.324700759557114	0.666102904545755
LCER(22:0)	0.633689090171232	0.824614418727622	0.324558072609291	0.659046087312324
TAG48:4FA16:1	0.682023829442957	0.544811910034364	0.316701869890074	0.689492388640571
TAG51:4FA16:0	0.942323973809794	0.795072283678263	0.338584893668499	0.649923295148028
PC(16:0/18:1)	0.685161875142215	0.538147555241991	0.441851522876506	0.582446030280777
TAG50:3FA14:1	0.334317261148033	0.351245701134304	0.333856002956039	0.61412711120393
CE(17:0)	0.826649823647634	0.304548113213136	0.429515264213165	0.590264596813308
TAG56:6FA22:6	0.620989920599985	0.722075646786319	0.340869909809506	0.685193370268611
PC(18:1/16:1)	0.447111866287441	0.878229290945597	0.404877937949045	0.635016043044544
TAG53:3FA16:0	0.902115029550869	0.833803460311822	0.333883120473865	0.651785638312804
TAG54:4FA20:4	0.491585902718358	0.801540488616312	0.327221555241014	0.650632259568756
DAG(14:0/20:4)	0.118628735739962	0.0249910095320329	0.296395341880947	0.585103206435586
CE(18:2)	0.309549121367634	0.434488164172705	0.238486153840408	0.703127004997049
DAG(14:1/18:1)	0.94599649027103	0.905097290223382	0.347227744369263	0.653087419236901
DCER(20:0)	0.263177499143712	0.0783223792621858	0.257799577157583	0.80402396307032
LCER(20:1)	0.481310189078751	0.109261752254123	0.534591457029059	0.52933000337055
TAG54:3FA16:0	0.907480068369469	0.951973600056685	0.339091016013299	0.654183334248991
TAG48:3FA14:0	0.850442495333678	0.900165678674494	0.335758067940717	0.656349936879216
TAG56:1FA18:1	0.478205541843445	0.227473782079254	0.284336216732452	0.614872387117486
TAG58:9FA18:1	0.107578005977411	0.314666569844232	0.373136073142212	0.736537048670915
PE(P18:1/22:4)	0.858870454616697	0.801098463781178	0.325944444994054	0.634918576853553
TAG54:4FA16:0	0.818144792755802	0.97371873461117	0.337796418738733	0.649028847638929
PC(18:2/16:1)	0.818101290363574	0.886723047545726	0.359518908081052	0.678794838151237
DAG(14:0/18:1)	0.654186550302055	0.370990543054688	0.311353486516172	0.617882352678377
TAG46:2FA14:1	0.158539565733332	0.34626079226093	0.320181064955558	0.625902937352958
TAG52:4FA20:0	0.333623508332944	0.29495575056453	0.327580812511951	0.653005885111801
PC(18:0/18:2)	0.938608167805492	0.704233559571932	0.496873698012168	0.61099786283228
PE(P16:0/22:4)	0.573506063942521	0.931192244464477	0.337605424575404	0.649789656722877
TAG50:4FA16:0	0.965802427892401	0.337377688594457	0.322040176248007	0.677596273004897
DAG(18:1/20:1)	0.777717915235132	0.930919651321277	0.337716604946293	0.644963046437336
LPC(15:0)	0.714923798455887	0.0743490692099961	0.193238392432606	0.775137369185837
TAG48:3FA18:2	0.622735859968256	0.869790985243271	0.339903887373363	0.656537177226995
TAG52:6FA22:6	0.837594586440849	0.876098533500695	0.336835837764441	0.641181537018782
TAG56:7FA18:3	0.406456467048185	0.499468536504498	0.333263407482695	0.664677771916302
PC(18:0/22:6)	0.837827072084159	0.942872243573751	0.340891596346324	0.675536473016748
SM(26:1)	0.548632657558626	0.614034747590069	0.400322383677663	0.610035622135566
TAG48:2FA14:0	0.610362427165367	0.634502453477426	0.333104362339167	0.641323105563521
TAG48:3FA18:1	0.373873030325189	0.77475510488462	0.346325465338027	0.660111036371541
DAG(16:1/18:2)	0.651154127159984	0.709584719151587	0.317748845367105	0.67229087726886
TAG53:6FA18:3	0.758378963287256	0.806823906744489	0.352429129711617	0.654081962672109
PC(16:0/12:0)	0.368291831927896	0.885671486171138	0.332246189669446	0.677610789192105
TAG51:5FA18:2	0.294896978900752	0.47773522868668	0.334775698330926	0.656467871941688
PE(P16:0/20:4)	0.916735168970558	0.892318451970115	0.333704513691439	0.661078128582319
TAG49:1FA16:1	0.239480340617013	0.541111937499492	0.331714657155696	0.645258073945626
TAG56:5FA20:1	0.065285113591209	0.22615934340346	0.343770546603573	0.663447057439185
LPE(18:0)	0.739923996940127	0.210249632006908	0.206916430940849	0.725303646286729
FFA(20:4)	0.814939143206712	0.992544711120331	0.337639383417099	0.650147810222988
TAG46:1FA14:1	0.201374770221309	0.113990640420524	0.199388265609888	0.665366908255688
TAG46:3FA14:0	0.839541048876284	0.700212764231431	0.330338980971549	0.639544743025021
PE(P18:1/22:5)	0.754077123466922	0.371876395056741	0.452087628014672	0.578687853869285
TAG50:1FA14:0	0.589913128510494	0.284684239858225	0.291633384377407	0.614695264175479
TAG56:8FA20:4	0.889545822586736	0.931447220816901	0.33968844108767	0.647518380381251
TAG56:4FA20:1	0.176287658360946	0.344408159041568	0.360593999940859	0.676274588521187
MAG(18:3)	0.526865723972547	0.667653540702845	0.426040825614083	0.620149979990081
PE(18:0/20:4)	0.966727944959195	0.396312687886351	0.264588483593951	0.752658784874668
TAG53:2FA18:1	0.604130027256323	0.462745214318711	0.329200426756876	0.612550357036994
TAG54:7FA22:5	0.598168633975769	0.518961440781181	0.35051420219865	0.675695708352091
TAG60:12FA22:6	0.432101652571009	0.951999449344836	0.338512765085706	0.65670155162414
PC(18:0/20:2)	0.63280452980359	0.352683028433461	0.568062223255041	0.597567603507899
LPC(18:2)	0.0363095919903838	0.0794906540003172	0.330416143324604	0.416742307968025
PC(15:0/18:2)	0.688987024375835	0.298516754263226	0.584684537494033	0.523480533923572
DAG(18:1/18:1)	0.655441133302733	0.639585731841707	0.332948560768814	0.68482456565959
TAG56:4FA22:4	0.376848742630586	0.686590702409299	0.319988147229637	0.662636740586009
TAG56:9FA20:5	0.099616470855314	0.393037422893482	0.366890188152565	0.694924586512566
TAG49:2FA14:0	0.398361307068279	0.330487066780422	0.327976720878774	0.616445173868719
PC(16:0/18:3)	0.481930362089978	0.308610543909654	0.233670411704449	0.726238526067613
LPE(22:5)	0.886123742597507	0.978140705386176	0.340855225023445	0.651664801422383
TAG54:6FA20:5	0.22186556978434	0.401616107455907	0.386414308856306	0.708653180463652
TAG56:7FA22:6	0.347012075534523	0.516679995510342	0.348320894856874	0.709663477727564
TAG51:4FA16:1	0.79183130624382	0.493262068787855	0.302273278292295	0.714057812783921
TAG52:5FA20:5	0.665718303186267	0.896346222038578	0.343998249624443	0.653922853898042
SM(20:0)	0.113735208698169	0.393185642895599	0.231027001878404	0.734226997749927
TAG55:5FA20:4	0.400548982753851	0.343478165296177	0.306554690101102	0.61951043048812
TAG58:6FA20:4	0.978464686491446	0.775634035809066	0.331336694996293	0.633446386501863
PE(O18:0/20:4)	0.835049224649488	0.69510539277496	0.356433638940997	0.633363515612067
DAG(18:2/18:3)	0.34560645057196	0.235767361347067	0.3210867802597	0.651975480750702
TAG48:4FA18:3	0.304364189259167	0.377190806268411	0.35491240087455	0.678738772346491
TAG52:0FA16:0	0.757629622988209	0.571151864060032	0.306596278003771	0.644158426710865
TAG58:9FA22:5	0.126750359021331	0.30946212036692	0.36695734011283	0.679444763756408
TAG58:9FA22:6	0.0984697471395676	0.305464576520837	0.373095953683788	0.738745402256717
PE(P18:1/16:0)	0.618144609188832	0.77488008936665	0.36402448019557	0.618537501576774
DAG(14:0/18:2)	0.756678089476068	0.507150812852507	0.329680142336012	0.64496582645837
TAG54:0FA18:0	0.611900594199823	0.981128652565938	0.338511584703821	0.649180459710034
TAG56:2FA16:0	0.328584211463608	0.25608808918692	0.293812811090597	0.645979843919895
TAG56:8FA22:5	0.26794245457811	0.351231458147914	0.340296210703622	0.703908412107416
PC(16:0/20:2)	0.94302029422796	0.691496957841217	0.416703666776065	0.60949461713659
PC(15:0/18:1)	0.429904172646825	0.236220548529346	0.634199854763146	0.459926917229384
TAG56:7FA18:2	0.38236325515647	0.577061394707808	0.337708464270897	0.671365457746504
LPE(18:1)	0.847682569581687	0.919328867652821	0.339063945853902	0.641569290915302
TAG50:2FA16:1	0.232617857563513	0.870622265223705	0.34178453470607	0.646268762307439
PC(17:0/18:1)	0.722821296241118	0.0606175679076652	0.609482643757258	0.370093905495435
DAG(16:0/18:1)	0.655400180888381	0.678735295780668	0.33249360524259	0.64536037828274
LPC(22:5)	0.22472766685079	0.494662163554908	0.326293152288198	0.60942066760714
TAG46:0FA18:0	0.516124487968591	0.852424261924436	0.330676635721829	0.643880452852382
PE(18:0/20:5)	0.460259638699794	0.947227657463842	0.336510048598123	0.646304362167539
LPE(22:4)	0.372320823495827	0.389747426923101	0.339668530389171	0.770861716639434
TAG46:1FA18:1	0.881013101953715	0.591403719645322	0.315920258563581	0.630947479193384
TAG58:10FA20:4	0.400824658128122	0.284624251915054	0.335928074174543	0.618783219064753
DAG(14:0/16:1)	0.152599812620602	0.180218018832952	0.321514615706237	0.653711090532041
SM(24:0)	0.511723965067548	0.394514199349936	0.449666850072963	0.606734795247901
TAG53:6FA18:2	0.654197845205094	0.452980171835805	0.327024214073794	0.665582801798664
HCER(18:0)	0.0974284368663554	0.121673473609497	0.169516784752147	0.836932990519553
LPC(20:3)	0.985769798592167	0.859908128564977	0.337516483197396	0.63575545993682
TAG53:5FA18:2	0.288739162369665	0.39892337411239	0.342740669449511	0.643497763114484
TAG50:1FA18:0	0.368415753191372	0.340712976658471	0.301550883040762	0.638929695657667
TAG52:5FA20:3	0.569643463097355	0.820651403080411	0.339650147080574	0.63839069179525
PE(P16:0/22:5)	0.904982788799437	0.968848226813889	0.34497088725548	0.652633825044313
TAG44:0FA12:0	0.525435921151422	0.943265112705593	0.33669666318352	0.647762655600847
TAG55:6FA18:1	0.423509116293135	0.688772603729518	0.353879579046612	0.662764025229731
PC(20:0/18:2)	0.354114854431626	0.847136322534862	0.332077453396606	0.673483619977423
PE(P18:0/18:1)	0.666092118881883	0.387159807145267	0.463476053190214	0.552370210753299
MAG(18:2)	0.496019952979339	0.783797640845794	0.330335258293494	0.630467012920729
TAG52:5FA18:2	0.131013515142262	0.106053301721391	0.290267229739245	0.687559656741348
SM(16:0)	0.889797126225532	0.760313261603908	0.421047980056264	0.610096927452686
TAG49:1FA18:1	0.213294833376952	0.143012414541267	0.293848818080183	0.615623008130678
FFA(14:0)	0.63260403265092	0.838333792186301	0.331444944542069	0.67321106277138
TAG56:4FA20:4	0.981939430287147	0.967451539615061	0.337883402233762	0.648397339377007
TAG46:2FA18:2	0.525558286007735	0.92115889251136	0.3354484027753	0.64769047534835
FFA(16:0)	0.524326960151971	0.763310550241326	0.330039184669244	0.661616970863252
TAG52:5FA22:5	0.870593846091813	0.781199202555059	0.342567720786282	0.649894172399525
PE(P18:1/20:3)	0.206686146898635	0.185020218271624	0.494484369290808	0.566779917307388
TAG56:8FA18:3	0.519527593912041	0.348605692483752	0.326589695841042	0.675038149637501
TAG46:3FA16:1	0.77120721160596	0.838309802328573	0.336431398376485	0.660970868403374
TAG50:1FA18:1	0.439108557048521	0.6600170560307	0.326206924334988	0.656249295204494
TAG44:0FA16:0	0.593379972379571	0.889890733201766	0.333030904736096	0.646575769380022
CE(22:5)	0.985297718693537	0.995647632041549	0.357696601720232	0.651395278497077
TAG49:2FA16:1	0.22126542871852	0.621471090183054	0.346062322296763	0.627040504504514
TAG53:4FA18:1	0.9615628616425	0.671386919494285	0.332345674005773	0.623932477137534
TAG52:3FA20:3	0.305525261642925	0.55155367885084	0.324393817516522	0.660330785804993
TAG49:1FA17:0	0.240525808448386	0.208518164134191	0.302695561116893	0.633579277867858
TAG56:7FA18:1	0.219916999896644	0.286719574049547	0.364463076202058	0.731708358322656
TAG50:2FA18:0	0.64968423359382	0.389174115804741	0.317416737408071	0.642598049185587
TAG44:2FA16:0	0.762446423110221	0.393049676875581	0.287112932954393	0.677653854987581
TAG44:3FA18:2	0.822709141519192	0.630160540544361	0.312157764635872	0.673390611899643
TAG47:0FA15:0	0.485341061932162	0.529026425792131	0.309209437888422	0.654527671255995
TAG54:7FA16:1	0.875214863127561	0.579677232962576	0.334016902444652	0.693074167389285
TAG52:3FA20:2	0.584934554446797	0.823401897851758	0.341446091304242	0.639393190557053
TAG52:5FA16:1	0.203709234703715	0.123881512235322	0.284831409835799	0.738857146811525
TAG51:2FA15:0	0.536458389502928	0.484517192700505	0.328260145157372	0.607538706955632
TAG54:7FA20:4	0.706909071420005	0.57430031614138	0.345874020998608	0.649709860752058
PE(P18:1/18:2)	0.83729383499808	0.54713659247202	0.446864866371556	0.590374944646102
TAG52:1FA16:1	0.35403452434228	0.448595196990543	0.328018364243803	0.623944673919017
TAG47:1FA15:0	0.302892839442926	0.289293419830923	0.30459593573389	0.622836858493686
TAG50:5FA14:0	0.216288528074555	0.377896082526801	0.338072029684482	0.656126186020662
TAG55:1FA16:0	0.242797397829567	0.423239146773595	0.355560799749734	0.710540552632459
TAG56:3FA18:0	0.994199509083272	0.859613059001071	0.336161484140986	0.639153834628852
TAG50:2FA14:0	0.768318753016599	0.660968591486264	0.334727367245398	0.623575409547378
TAG56:2FA18:1	0.82365432973444	0.904085090976786	0.333725366978754	0.647131737115754
TAG51:3FA18:2	0.75287226171857	0.837670578261175	0.340138132381749	0.641185396585848
PC(16:0/16:1)	0.099152560905127	0.149381939925605	0.517499846927299	0.553135032537814
TAG51:1FA16:0	0.249902686044441	0.248006591988018	0.298439578294907	0.652513008781301
TAG52:3FA18:1	0.758762051054078	0.422495697753311	0.325652917951088	0.688125088678516
TAG56:4FA18:1	0.384623684886494	0.490783388293806	0.339330065033537	0.700964338438817
TAG54:4FA20:1	0.327034935857752	0.320721091814425	0.311633195924312	0.714946357028593
TAG56:7FA18:0	0.133267290277979	0.478454050316056	0.368856225807002	0.702074190473378
TAG54:4FA18:3	0.0973453673241731	0.139881386462243	0.329741311001094	0.662257176915935
TAG56:7FA20:3	0.691613512676287	0.926709311363129	0.337599197302418	0.650287621423587
PE(18:0/18:1)	0.455788358575528	0.693314372059182	0.361294098472619	0.645613836572351
TAG50:4FA14:1	0.811420747136147	0.862126590869549	0.339010376677668	0.645083112891493
TAG47:2FA18:2	0.681915243273567	0.301691316373354	0.306678641209874	0.635508408417247
TAG50:5FA18:1	0.516589648493041	0.371517465581768	0.337704476625967	0.694410227318266
TAG53:4FA18:0	0.930338819258839	0.424970473068442	0.316133309709972	0.670017888750859
PC(16:0/20:3)	0.095798552642429	0.152643748115071	0.574336615836278	0.565345517756675
TAG56:6FA18:2	0.469852406162128	0.712632822988003	0.339633639929174	0.65756010311256
PC(14:0/20:4)	0.27907951175804	0.120219223480607	0.54662706596707	0.625568759665949
PC(18:1/22:5)	0.413123806896622	0.3788996481762	0.248154543590296	0.658835904659862
LCER(24:1)	0.643541583309413	0.738753309177039	0.321227279066194	0.636496808311728
DAG(15:0/18:1)	0.464254539795797	0.289982727054679	0.333586460180145	0.674841677329483
TAG45:1FA16:0	0.303500779779222	0.261388821652464	0.294461992213346	0.634631760516312
TAG56:4FA20:3	0.877274102165934	0.820324426419308	0.337073117678874	0.634843399046218
TAG60:10FA22:6	0.43695289472803	0.835751359783666	0.341604842839975	0.669077768046883
TAG54:5FA22:1	0.0628459093283748	0.130304687216193	0.327952778938243	0.614349727067027
PE(16:0/22:6)	0.858166945113432	0.502465110412177	0.268576412437742	0.839610972336526
LPE(18:2)	0.188848573256974	0.189458963428092	0.289675325973137	0.483960738363073
TAG54:6FA20:4	0.675552506557753	0.809842271879149	0.348096192963754	0.646633771368561
TAG54:2FA18:1	0.469574374555347	0.517170209582702	0.363232468297779	0.669187078155769
TAG56:8FA16:1	0.284450886999464	0.402106138912501	0.329731492031235	0.724682300146191
TAG58:9FA20:4	0.239744116692852	0.243013384959152	0.313404044219667	0.648335109625417
PE(16:0/18:1)	0.114149366844664	0.348764934084948	0.409703039952921	0.60411472278778
DAG(16:1/16:1)	0.595504972434981	0.622437485550615	0.33723948796147	0.671128814894333
PC(18:1/22:6)	0.733840310703821	0.714628528003099	0.39028853621742	0.60263983223772
TAG52:4FA20:2	0.653661412110397	0.62116524541224	0.322687878823713	0.692561607160117
TAG42:0FA16:0	0.642463648437104	0.805946522312903	0.326516237627622	0.644676705338178
TAG52:2FA20:1	0.397470061879117	0.42426760689995	0.331119685109398	0.615303794946471
TAG52:4FA16:1	0.364221775323055	0.166923912506478	0.279636447341376	0.76145705864652
TAG58:8FA22:5	0.148082888495246	0.287414070061853	0.368069064676955	0.694432655064654
TAG56:8FA16:0	0.282425240313083	0.508121405535373	0.352605219719777	0.695980555707866
FFA(20:2)	0.564727343263023	0.744141874658302	0.339322289137575	0.687101474376886
TAG46:3FA18:1	0.943498065145521	0.38777700319615	0.281950410054394	0.677984278120898
TAG50:4FA20:4	0.377316638113224	0.405721861321781	0.304156342342758	0.656164040451208
TAG53:2FA17:0	0.596975499985778	0.430713846541997	0.336848675823953	0.602532438440052
PE(18:1/18:2)	0.935762453232576	0.724530244853242	0.383315854384984	0.641734626199631
TAG51:1FA17:0	0.220810598569526	0.210402932786059	0.300287007655965	0.641345004961214
TAG54:2FA20:2	0.827056301884097	0.884894311133502	0.335043333538083	0.643511655817917
TAG56:6FA18:1	0.651310162336618	0.743899761873222	0.342458595423903	0.670497365492803
FFA(22:1)	0.424192283324482	0.801403709262919	0.331893222491907	0.636271699258552
LPC(16:1)	0.453775717784251	0.814088984323782	0.324646413154673	0.652528707028337
PC(14:0/20:3)	0.112152047949705	0.24926681342591	0.529779788219341	0.597144313126443
TAG48:3FA12:0	0.368351670437308	0.827259399577626	0.344094818757289	0.657784026011423
TAG54:6FA16:0	0.785885211717154	0.529066331695039	0.364944377829301	0.666166303215191
TAG46:0FA14:0	0.629132025211246	0.579180046418413	0.311344129312492	0.651380260411298
FFA(22:5)	0.67735471639747	0.755545520852096	0.32878431944968	0.633401716021444
TAG56:2FA20:1	0.68541528974371	0.976905829346005	0.341618461113971	0.650906133876862
TAG58:5FA18:1	0.962764814279184	0.953411667306342	0.338113748697157	0.653379120763296
TAG50:4FA20:3	0.548334729724268	0.5547297925265	0.325734211969981	0.624453745725435
TAG52:1FA20:0	0.131482997237991	0.0432470189031525	0.303003758092461	0.567733354238073
PE(O18:0/22:5)	0.991664544231243	0.68240427653884	0.379909068752033	0.632543322506894
TAG53:7FA18:3	0.298024490427345	0.550407193209337	0.354704698303117	0.64990248765615
TAG50:3FA18:0	0.884832602868727	0.506817707834996	0.324869157738121	0.653549312927979
TAG46:3FA18:3	0.290494615893767	0.761839494248315	0.351914983832123	0.654063358201712
TAG54:7FA18:1	0.0488379537383699	0.122733090477022	0.351256889597184	0.683438505666787
TAG55:4FA18:2	0.386215170641904	0.794689258792963	0.341234292976024	0.63842733023221
PE(P18:0/22:6)	0.727081954152401	0.711892137722773	0.309231431540901	0.769190685382762
FFA(18:1)	0.879296093856409	0.637494617853985	0.320494857249573	0.682011831433854
TAG50:5FA20:4	0.484753909854127	0.586010335519205	0.317586965581366	0.639015082888311
TAG53:3FA18:1	0.964890268027772	0.995264635872481	0.338605759083572	0.650461650504011
TAG50:5FA16:1	0.789469983954544	0.0771306639868002	0.250862088856257	0.79794598835064
TAG50:4FA16:1	0.834507607165631	0.12645054559706	0.250471305106231	0.771568163715679
TAG52:4FA20:4	0.375338971435431	0.649114124272451	0.32162049529199	0.665393246522315
PC(18:1/20:5)	0.198478877462249	0.864363255345855	0.331946111605074	0.674547601164729
DAG(18:2/20:4)	0.48693915755854	0.538177273182811	0.33951339986097	0.658369856543505
TAG54:7FA18:2	0.0313982355332084	0.191616519184832	0.328111358507557	0.581264236894302
TAG56:7FA22:4	0.747708461753675	0.482741378754088	0.354732921695025	0.653786787923995
DAG(18:2/22:6)	0.278294792922654	0.65842624599972	0.342247937330093	0.683791767825936
TAG49:2FA15:0	0.383589344025062	0.442111159425397	0.332669455932815	0.641429014014427
TAG46:3FA12:0	0.404197876239984	0.779873125227028	0.342120872935145	0.661136118639641
TAG47:0FA16:0	0.555387701344397	0.569984698018104	0.311721195232033	0.652849881961457
PC(18:2/18:2)	0.356074245587606	0.999904893111987	0.358217562007391	0.649766647320702
PC(18:2/20:3)	0.562164812666343	0.470297960746977	0.509696860450301	0.628994343614063
CE(15:0)	0.98170684902094	0.27811914241451	0.487464618664307	0.542531767478413
TAG54:1FA16:0	0.352272597191463	0.123024425466215	0.266670905068468	0.623261586457118
TAG49:2FA17:0	0.293039313870966	0.202223803234693	0.326402229675183	0.619871641348079
TAG54:8FA18:3	0.0231162954389335	0.111847959880348	0.325801708600381	0.549791315676658
DAG(16:1/18:0)	0.140709596273898	0.282020928375257	0.327208854519581	0.635058363438592
PC(16:0/18:0)	0.651679042586502	0.566014189281188	0.478421460416143	0.598675561711407
TAG54:5FA18:3	0.0231392222800669	0.023752214360551	0.311263469513683	0.696509640448903
LPE(20:3)	0.625496722111178	0.818869282465855	0.360932973243676	0.659021429472033
TAG55:1FA18:1	0.108426824646093	0.347216736428549	0.38928517700774	0.714970801143483
TAG55:2FA18:2	0.119181366307985	0.356331876394722	0.363123179759227	0.693764555939348
PC(18:0/20:4)	0.804697085873106	0.77026033485354	0.322750066867121	0.654537819793949
TAG54:5FA20:3	0.853091787878724	0.844941330968915	0.340752858894774	0.65507333918338
TAG56:3FA20:1	0.287212192446463	0.447412829090632	0.369458993490483	0.67906872892213
TAG48:3FA14:1	0.238510374799606	0.592821223978583	0.33967982883742	0.638764308322224
TAG56:8FA20:5	0.0736712010953026	0.280449356462741	0.382308377166526	0.719685925795354
DAG(14:0/16:0)	0.51035872115226	0.274571164484913	0.292385538705693	0.648994929577731
SM(26:0)	0.869462620267739	0.406950847093863	0.472982606877435	0.591779291404043
TAG51:4FA18:2	0.571651629205536	0.692507630501591	0.333866678568277	0.660208285381111
TAG56:7FA16:0	0.239172837685167	0.392430724862491	0.344077570475153	0.71989637158363
TAG48:4FA18:2	0.172254464061526	0.481466391190844	0.35080031709677	0.652390204557647
TAG50:5FA18:3	0.363670313505846	0.302674344950141	0.31824917652275	0.671689851457856
TAG53:0FA16:0	0.279720910835371	0.343964396765111	0.388045608697826	0.701223063363152
TAG44:1FA16:1	0.508640950863051	0.39356652379876	0.317930935939323	0.618186963914862
TAG60:11FA22:6	0.366488364049538	0.849268422409364	0.340384513759881	0.670392914465708
LPC(20:0)	0.0609764609938832	0.153277600997622	0.255894559825229	0.614466785489745
TAG52:4FA14:0	0.527947926681213	0.413749599977288	0.325279317396776	0.614472951511227
TAG53:6FA18:1	0.730470592329451	0.737262065992847	0.31247193538355	0.653292663638629
PI(18:1/18:2)	0.990346566426152	0.68621058807678	0.397361193323707	0.698023184092206
TAG52:4FA18:0	0.668592869928962	0.401366392582055	0.320946224526314	0.697468462138782
PE(18:1/20:3)	0.347173255981058	0.865547123048059	0.378111840263658	0.635539662242488
MAG(16:1)	0.536226746179361	0.768456033349727	0.348095437201165	0.636072547214917
SM(22:0)	0.852332567529496	0.808339891774737	0.41744653474274	0.634859332700106
TAG55:8FA20:4	0.813275914195833	0.225824231100418	0.363298170160939	0.597063384441408
TAG58:6FA18:1	0.772052011530651	0.726170435520096	0.342135129739728	0.674011455646066
TAG56:5FA16:0	0.612671042869078	0.905524922052592	0.335590302650927	0.649427257772974
DAG(18:2/20:5)	0.220766357399704	0.658759549980415	0.341700292779955	0.671971112354982
TAG58:2FA18:1	0.992096618576073	0.986676124095962	0.338579166237458	0.650053901673287
CE(22:0)	0.866403872009044	0.173863164606219	0.494408815324889	0.501689433326049
TAG54:5FA22:4	0.284550408214891	0.700879222135757	0.324126142208152	0.65979621403755
TAG58:3FA18:1	0.965197960677294	0.945410937286261	0.335624397035206	0.648510041724651
TAG56:3FA20:2	0.709478868673521	0.800595513458572	0.339804361435363	0.672839060614035
TAG52:2FA18:2	0.893845395787842	0.795666796356967	0.340982721114932	0.652446776351865
TAG53:4FA16:0	0.92029599720046	0.938213660956179	0.336799486566788	0.651069417759695
LCER(22:1)	0.608189800316739	0.784703547991212	0.382409165519847	0.653055208831184
LPC(20:4)	0.279250989815097	0.118399877277018	0.542121290927274	0.445582162265847
TAG48:2FA12:0	0.496554010005766	0.96462897718657	0.340263254418001	0.652198815996978
TAG58:7FA22:4	0.788314992845913	0.650639953380544	0.35555732168152	0.6507477300786
PC(18:0/18:0)	0.64601135525599	0.952747900612073	0.367047211439862	0.646975238247296
CE(18:3)	0.913707100805091	0.611751309320397	0.44105331579131	0.631022880863059
TAG51:4FA20:4	0.197880896069323	0.19641755242377	0.292207636978942	0.64747349827827
TAG56:4FA20:2	0.489887582816298	0.612519233144899	0.326808108426164	0.699454875733281
DAG(15:0/18:2)	0.469330816401569	0.630336885456112	0.362174037485681	0.672956418207463
TAG46:1FA16:0	0.971448613513172	0.630068167064749	0.31893178466049	0.637791288617896
DAG(16:0/16:0)	0.504073266547886	0.564470483125381	0.324532443363096	0.659922291746787
TAG54:5FA18:2	0.0687369418200866	0.145653127016354	0.329325000204905	0.603848826411694
TAG42:1FA12:0	0.403778996950701	0.911925045662401	0.344626280627936	0.654207448202258
DAG(18:1/20:2)	0.438454387896759	0.267449993669128	0.389631456642837	0.543245940535435
TAG52:7FA16:0	0.807479846270447	0.685205406087459	0.318836108877234	0.651855641624852
TAG55:5FA18:1	0.575350101574875	0.796985123188055	0.341454435562964	0.652620832476705
TAG52:2FA20:0	0.755035822714368	0.509162582419461	0.327137534802739	0.631376605133801
TAG46:1FA14:0	0.392090819841469	0.370358801501826	0.308154093117556	0.628782037844448
DAG(16:1/20:2)	0.16913342300459	0.182546108332791	0.411414428399401	0.597030555290488
TAG53:5FA18:1	0.550057453265939	0.507579718001889	0.338959933841068	0.643508209986025
CER(18:0)	0.587535875867951	0.880912287222115	0.357491223973663	0.639081916242573
CE(24:1)	0.454123573052521	0.516284063347158	0.370996729946051	0.634177761725397
PC(18:2/20:4)	0.897884694805443	0.789322974817874	0.38762875980774	0.671009649220481
PC(16:0/16:0)	0.953141862515916	0.663790464141269	0.441350994285807	0.600995404091864
TAG50:6FA20:4	0.880099819047909	0.921430929163568	0.335489126797483	0.647552638925885
TAG52:2FA18:0	0.931936391520194	0.90534871413103	0.339609515380911	0.649694616728221
TAG55:2FA18:1	0.29983885763397	0.719680778510619	0.357813868029877	0.655057535554352
CER(24:1)	0.80779138311573	0.819176952929376	0.36579685938087	0.619665411779758
PE(18:0/18:2)	0.996458885289002	0.835722180216038	0.326742353179561	0.666944767668285
TAG52:0FA18:0	0.873542085196918	0.739236440784448	0.318774217062284	0.646847931864605
TAG50:4FA14:0	0.382721586002969	0.604167239874273	0.333613538477597	0.66339004078397
TAG52:2FA20:2	0.453752890993724	0.642994391344091	0.330996953202061	0.649700882587169
TAG58:6FA18:0	0.389166106027732	0.269837898787282	0.340062922972642	0.74380369306011
TAG55:6FA20:4	0.399883421205906	0.417383054349361	0.324922497022095	0.635369806126862
PE(P18:0/22:4)	0.898043431357177	0.614551799934891	0.316471910792167	0.642574101421923
TAG51:2FA18:1	0.356172455631924	0.462056701560694	0.334035490982163	0.605526127007881
TAG50:2FA18:2	0.777487825098495	0.991376929273064	0.338124450715123	0.650109362568887
TAG53:3FA18:2	0.990989748441731	0.770407338891684	0.341167471723631	0.637607272414808
CER(24:0)	0.494097051516116	0.0519540112190362	0.444318612772512	0.374920621487456
DCER(22:1)	0.966679820175274	0.838106893579089	0.337849162378833	0.649343246840708
TAG46:2FA12:0	0.54016600058729	0.997690034791909	0.338823737281974	0.650054617727519
SM(22:1)	0.822072185774889	0.847329077340071	0.340828402886442	0.677163234818616
TAG48:1FA16:0	0.270996539326328	0.368964943451409	0.311730218834699	0.654928350642046
TAG56:3FA18:2	0.84374936050841	0.955019286438471	0.33669227954317	0.649588150873206
DAG(18:2/22:5)	0.642903051063083	0.861120685648403	0.336007528086977	0.653931692172688
TAG57:9FA22:6	0.962476177396739	0.91110490008361	0.334440725084342	0.65155670954204
PC(18:1/18:1)	0.895653575938195	0.794500950052005	0.401656248781678	0.634225621404341
TAG52:4FA22:4	0.50518277524469	0.471075637644576	0.301698778217702	0.672381938945981
PI(16:0/20:3)	0.484224304804008	0.376935332347897	0.490710166018817	0.616019711895834
TAG50:2FA20:2	0.453893739860608	0.377424669242499	0.317314767183695	0.629204579712083
TAG58:10FA22:6	0.104124843070804	0.368637958862406	0.363335853523258	0.715808230728047
TAG54:4FA22:1	0.13680376013968	0.116370896379997	0.342514703028406	0.677435651000237
TAG42:0FA14:0	0.5315164093074	0.971873792452152	0.338109765218635	0.648713385034629
TAG47:0FA17:0	0.581231232387	0.400622898909794	0.298883024668655	0.648650156050148
TAG48:2FA16:1	0.229764771433895	0.776545208320755	0.34254752811912	0.643137196654704
TAG54:3FA20:2	0.906730338230581	0.959758653970295	0.33861521388411	0.654076374584089
TAG42:1FA16:1	0.696305515803506	0.47470825345914	0.307215542393259	0.637090036142462
FFA(18:4)	0.367884435261999	0.290073961780383	0.432440625540468	0.641573155769421
DAG(16:0/22:6)	0.952744866047118	0.983340359430919	0.338570132272187	0.653626332506667
SM(14:0)	0.77371724752358	0.982686532215676	0.363867008167236	0.656256467172544
TAG47:1FA16:1	0.263591547910017	0.525865945383871	0.334083093753819	0.639779830866497
TAG51:4FA15:0	0.535286927913234	0.802845455368134	0.339354212402894	0.657490817151999
TAG47:2FA16:1	0.227051667972921	0.610046695082645	0.344531652151758	0.626073262141624
PC(16:0/22:6)	0.428177455830923	0.609225257323535	0.301095492422417	0.756679239102874
LPC(17:0)	0.216985854139188	0.324569852691832	0.28455513010014	0.694900628987078
TAG55:3FA18:1	0.462926853846329	0.829725169981	0.350522606804905	0.648524790098876
TAG46:3FA18:2	0.853973544525075	0.616499967444256	0.319746475208052	0.649174184083325
TAG53:1FA17:0	0.405586106335508	0.215376522268785	0.292105474664414	0.624468782054168
HCER(24:0)	0.506188033218021	0.576629315714004	0.297752926591625	0.716953782966207
TAG53:6FA20:4	0.464032489805242	0.855644458741785	0.335952074650714	0.644595477402516
TAG54:3FA18:2	0.359861376960016	0.416282993786569	0.346047489936328	0.664821345447165
TAG48:5FA18:3	0.087245414075267	0.294642787505822	0.359934139606153	0.640038717311475
TAG50:2FA14:1	0.203859304009551	0.133881002282343	0.289744267519194	0.617068552188889
TAG52:4FA22:1	0.30712478490252	0.162012171956895	0.307377817270236	0.710482669455496
TAG52:1FA16:0	0.719682695089514	0.793994941302898	0.328822955954838	0.646683330601465
TAG54:4FA16:1	0.615429266556742	0.512983410457229	0.312991981680544	0.713078778136523
TAG48:4FA12:0	0.149215221408764	0.484095381178567	0.353783346008525	0.659091296910633
TAG58:7FA16:0	0.744998303930424	0.466438701299572	0.320916246236397	0.667652193333995
TAG51:2FA16:0	0.26957660671535	0.46353668266314	0.335546963001012	0.634668631461346
TAG56:6FA18:3	0.234498139897472	0.447991399337834	0.321400051789257	0.675388094781352
LCER(16:0)	0.801125098310278	0.867346423834029	0.351579164019918	0.662941792116931
TAG52:6FA18:2	0.10663683710735	0.057437928308239	0.301007883649005	0.730827756258748
DCER(22:2)	0.661380840702852	0.629976750118917	0.385108374209834	0.58280956875753
DAG(18:0/18:3)	0.833865535965702	0.944077058274017	0.337266111488801	0.650418340309533
TAG48:2FA18:2	0.801736526014655	0.576721287809508	0.32705369376545	0.645599488777912
LPC(20:1)	0.254242692403615	0.138000503262677	0.271595676748018	0.645763772144369
TAG54:8FA20:5	0.161595206164266	0.334791261658678	0.37286028190024	0.712935421866544
FFA(22:0)	0.980309796716136	0.989155946725652	0.33927684784302	0.649627775611887
TAG53:1FA18:1	0.833953709272652	0.493665952721015	0.305750248261062	0.639282149731503
TAG55:6FA20:3	0.721445307262751	0.767738858384909	0.354047999724679	0.645572073257489
TAG51:4FA18:3	0.874424143347771	0.535966763509172	0.335088504123158	0.669149363754261
TAG58:10FA22:5	0.113206950608808	0.37689281813087	0.366652175437024	0.682280961763316
CE(20:0)	0.217914010677796	0.849142746451389	0.327686235839034	0.6463353669976
FFA(14:1)	0.740196361190626	0.929218178336261	0.348409002834774	0.650467750644724
TAG48:1FA16:1	0.26108505419176	0.667853910250131	0.331335947923013	0.65948263099318
TAG53:2FA18:0	0.487357946299419	0.31316880759705	0.315561172302079	0.640843945996484
TAG54:6FA18:2	0.0601253393075152	0.209735965334007	0.324450027904459	0.577339093930363
FFA(12:0)	0.482286829452984	0.867694383063387	0.3357688889881	0.670671386218868
TAG51:1FA18:0	0.250573871695685	0.119047334835126	0.275531209050809	0.629232412941409
DAG(18:1/22:6)	0.479666063742027	0.880192571905676	0.337747665202985	0.667053188062182
DAG(18:1/20:3)	0.308296918996915	0.372936051181302	0.344632351130825	0.612733917032613
CE(20:3)	0.135810613122647	0.12165867479609	0.615674581803619	0.637714014546515
TAG36:0FA12:0	0.330257002357512	0.629054080667222	0.336445776894395	0.672061916657222
TAG53:2FA18:2	0.956204966591509	0.587305989384505	0.327231195236365	0.650668573048828
TAG53:1FA16:0	0.608674821762086	0.987213077817324	0.341433052664579	0.649452413721225
DAG(16:0/18:3)	0.912827842828338	0.556522016304545	0.334278677623103	0.638466095387283
PC(18:2/22:6)	0.667063166009739	0.347236500211939	0.450222253151393	0.558138141360559
PC(16:0/20:5)	0.194221241495382	0.878658394546872	0.334754945717864	0.673562496908048
TAG47:2FA14:0	0.543455053202912	0.334079220015628	0.314953263123279	0.625609439056687
PE(18:0/22:6)	0.687604272260486	0.943640906432322	0.346445191477386	0.679100101522276
HCER(24:1)	0.416766347257796	0.351488949008047	0.272587519405476	0.707751678118159
PI(18:0/16:0)	0.730959391520617	0.592442081647926	0.298709876754449	0.600782192954142
TAG53:4FA18:2	0.676052003054445	0.892668326142853	0.335872053430379	0.653826671880277
TAG54:5FA16:1	0.888298630386828	0.692061452323764	0.330106810013755	0.674963547565016
PE(16:0/20:4)	0.550655078905278	0.803532723279445	0.323562730666304	0.688640621770684
TAG52:1FA18:0	0.703862763210652	0.711352876332307	0.321696206428188	0.648226666440513
PI(18:1/18:1)	0.373942041299715	0.148784851393721	0.457956051884729	0.799846019104327
TAG54:5FA20:4	0.454610252725667	0.783416355086227	0.326358355330949	0.65370127640003
DAG(18:1/18:2)	0.756678298193583	0.590367471050311	0.320159498661704	0.674791995296057
TAG56:8FA18:2	0.228887921467455	0.462419161068474	0.350828050269435	0.689158417356236
TAG56:8FA18:1	0.112257673456829	0.360811632567319	0.37641629193772	0.714655826632346
TAG46:1FA16:1	0.267977758724598	0.451198659863095	0.321309408253986	0.64651779805547
TAG53:5FA18:3	0.40141088417026	0.272000879792212	0.31506030077815	0.678787666923047
DAG(18:0/18:1)	0.888854891215765	0.909346694272251	0.335634457131585	0.645039631634374
TAG42:1FA14:0	0.714803160233349	0.386281472820129	0.291975002610653	0.62763952710146
DAG(16:0/18:0)	0.296763281565916	0.2899209413135	0.296216669679277	0.651989493753973
TAG46:2FA16:1	0.423199731118414	0.651399344243281	0.338210101216323	0.630845179335708
TAG56:7FA16:1	0.320863333632688	0.184545662830312	0.312955621986615	0.789026343848529
PC(18:0/22:5)	0.502965852793887	0.571954069595376	0.463028970917884	0.599124591873378
TAG47:1FA17:0	0.567461837524212	0.245932104121842	0.300345187700478	0.622522829676904
TAG49:0FA17:0	0.454947385862327	0.508898363083931	0.31025966903963	0.656544864406594
PC(18:0/22:4)	0.186381429503797	0.177929571046566	0.456559093263208	0.813875860735557
TAG54:8FA22:6	0.396743982315033	0.49908891772956	0.348079868628129	0.70298930100074
LCER(20:0)	0.933406028495838	0.831432602910364	0.326314014945284	0.65360262347488
TAG44:1FA14:0	0.886658514719923	0.627472188624429	0.319199910326399	0.630415890588928
TAG50:3FA20:3	0.211719245887337	0.210840945370169	0.293842022728164	0.643551890053037
TAG54:5FA18:0	0.0947995385084629	0.218093928850993	0.319837578138142	0.623003035685618
TAG48:1FA14:0	0.383141421019621	0.291846037528141	0.302082803987123	0.634009681488561
TAG40:0FA12:0	0.325992853224727	0.730857577905718	0.351740254952622	0.663796992122409
DAG(16:0/20:4)	0.193661167077274	0.159268538077966	0.322858040127649	0.683361179403889
TAG52:6FA16:1	0.169070873002352	0.052550316225032	0.273160374658881	0.754700607926656
TAG54:0FA16:0	0.263215495996007	0.0312987213452183	0.23578236965407	0.592543818168994
CE(22:1)	0.433297948526834	0.580487802788189	0.281176222791922	0.698687190335571
DAG(16:0/20:3)	0.165743422421998	0.165370457977628	0.339627447634012	0.649408137108027
TAG52:4FA20:3	0.304715508572652	0.695734497223396	0.333327122315096	0.64340984016504
TAG51:3FA16:1	0.413305326433475	0.974792565735973	0.339391963814522	0.653989178017735
TAG52:3FA20:0	0.629163067873861	0.448653365988724	0.33604779798142	0.667656479050664
TAG47:1FA18:1	0.356039995461578	0.176152000406516	0.289376672283957	0.607540809379927
TAG53:3FA17:0	0.990402911380013	0.819256098251926	0.342042651132421	0.637069062279588
TAG54:7FA20:5	0.171993829499584	0.339498812569488	0.381695658538927	0.711739095070857
TAG56:6FA20:5	0.181404029359219	0.660337169060739	0.359597163335454	0.690443160825464
TAG50:0FA18:0	0.634990509573156	0.634570186105531	0.312645074075915	0.655846836475475
TAG50:4FA18:1	0.664710858359385	0.608391985477188	0.332507749183334	0.672164574747873
PE(18:1/22:5)	0.416466725771317	0.98431655281044	0.357158914082408	0.652356580316901
TAG46:2FA18:1	0.69524657517976	0.337190531453235	0.291183446457806	0.626153477200459
TAG47:1FA14:0	0.324810369702369	0.237314429783776	0.295123020349498	0.616936949494036
PC(18:0/18:1)	0.420678226165577	0.355817509530912	0.546008153945853	0.571385666937805
TAG50:0FA16:0	0.552788904954994	0.626419992392387	0.313743373854823	0.661302646128508
TAG54:6FA22:6	0.88655456820377	0.939454002507527	0.339790921015831	0.655849449038694
TAG56:7FA20:4	0.813820064498693	0.923202946290179	0.342265071503467	0.647237531373448
TAG52:4FA16:0	0.324442018361613	0.312857132038227	0.326960108104162	0.654286926479312
TAG42:1FA16:0	0.634660571997988	0.392893139113852	0.286004331461882	0.662692068138011
LPC(22:6)	0.106358549438606	0.128422325505244	0.363598986409518	0.758492535807046
PI(18:0/20:2)	0.448145386835514	0.718213962636046	0.435215982262491	0.602144630170853
TAG52:2FA18:1	0.737373640379941	0.851281773142963	0.339051866079155	0.660015081849059
TAG52:3FA16:1	0.779043786280297	0.304821149879668	0.296302963136075	0.740216420862706
TAG51:3FA18:3	0.909777170498725	0.977199289726873	0.33771046607161	0.649698399442086
TAG52:7FA18:1	0.826844781234345	0.814326445315949	0.33094500393409	0.643816706614269
DAG(18:1/22:5)	0.708269538497046	0.672553035260807	0.330571592109165	0.682535125959374
TAG56:5FA20:2	0.211909789348215	0.460609415260332	0.315583948512236	0.720558835801449
TAG46:1FA18:0	0.670726514228327	0.190122991686525	0.258786933775989	0.641107288308417
TAG56:5FA20:4	0.668818548920554	0.858642312468994	0.343590895339679	0.659073195839492
TAG56:2FA20:0	0.645723111171112	0.848280403272026	0.347119906658193	0.653704846323664
DAG(18:0/18:2)	0.991497555211232	0.938907606521403	0.339020136108055	0.64900366193337
DAG(16:0/20:5)	0.809025013062783	0.355451810946109	0.320243855506402	0.624501626894543
PC(18:1/20:3)	0.13555676071572	0.163756070947283	0.65400333425049	0.597187998484484
DAG(14:1/16:0)	0.623964194986598	0.45809091527779	0.314954299015301	0.700101651094215
TAG48:5FA18:2	0.0968535479925052	0.378431539241876	0.358908096115805	0.637662826761797
TAG54:3FA18:0	0.306105261142946	0.334891178422352	0.345622811151566	0.670192126184429
TAG49:3FA16:0	0.743401049993796	0.920165423464764	0.33762915785153	0.650533284779712
TAG49:3FA16:1	0.527369830691819	0.816261763763321	0.330496971067258	0.667276414103611
FFA(20:0)	0.483495710433661	0.730831140268358	0.323330175109246	0.675395228373088
PE(P18:1/18:1)	0.714681544837885	0.120872589425359	0.567125938581275	0.510118103038577
TAG54:8FA20:4	0.498373940528136	0.80663756330598	0.338737276483191	0.654264846856649
CE(14:1)	0.133546233944734	0.0541234769196627	0.508381601638551	0.603966892986406
SM(20:1)	0.385207372660939	0.206645502640779	0.148925945913019	0.843190101567883
TAG51:0FA16:0	0.740653464306089	0.583590364033179	0.310655040556417	0.654618662271088
DCER(16:0)	0.0414944698211104	0.0694222477293379	0.483056651559109	0.574632898641081
TAG56:6FA18:0	0.353190571997724	0.636991332838319	0.348345564175833	0.675874100916315
TAG48:4FA18:1	0.166700967505396	0.478702496146367	0.363592560210289	0.664302609354219
TAG50:1FA16:0	0.420162340347108	0.65564334837287	0.324819804050292	0.660591965678487
TAG52:5FA14:0	0.488586004320343	0.497521843766058	0.319362954107999	0.631870068392603
PE(P16:0/18:2)	0.459632962678371	0.881390912394149	0.370719146390545	0.635255108528474
PE(P18:0/20:5)	0.423265934088769	0.518873389262992	0.351288293037301	0.570173288052525
CE(18:0)	0.371074518256354	0.35645999025632	0.465452248914838	0.621672770974222
PI(18:0/20:4)	0.919070596675703	0.769872577686437	0.318028567086125	0.662686604184654
TAG49:1FA14:0	0.326981449039459	0.167805897252243	0.294029859069268	0.6111172128424
PE(O16:0/20:4)	0.91048441171281	0.579452115697511	0.364291418951931	0.635372635826854
TAG53:3FA18:0	0.567511603961348	0.623746920749645	0.353510582967453	0.638670628832909
TAG56:5FA20:3	0.996014762323116	0.908421379340863	0.338062108823998	0.657188169950687
TAG48:0FA14:0	0.557871646971539	0.368109239688156	0.294485858213838	0.636674192391871
FFA(17:0)	0.186216480905591	0.406164931176948	0.379289889725281	0.649036717003984
TAG50:5FA20:5	0.958141764034865	0.555977558008986	0.309184211236672	0.630645847576701
PC(16:0/14:0)	0.127336187352722	0.0475032423674971	0.610963924937395	0.43871932379107
TAG48:2FA18:0	0.346613174835838	0.867436857706402	0.346412770744627	0.652759146730238
TAG50:5FA18:2	0.378333189204887	0.552327997052095	0.33257082908065	0.645865390607389
TAG52:7FA20:5	0.44205493035931	0.909940999304258	0.343989682575191	0.656507767077823
TAG48:1FA18:0	0.665846573532583	0.771933054652118	0.325582940504134	0.640950031788696
TAG56:6FA22:4	0.765245887380675	0.895222475115349	0.345104082966821	0.646110497196025
TAG52:2FA16:1	0.636859422087934	0.832899537488314	0.333567643190969	0.664581120826827
TAG49:0FA15:0	0.288879970531917	0.188193381611488	0.280631239482039	0.643202430446546
TAG46:1FA12:0	0.722851633729989	0.766409302046656	0.327108345115362	0.639546415348102
TAG51:3FA15:0	0.96963607884841	0.966031775035814	0.338122087622217	0.648338538316589
TAG54:7FA18:3	0.0275592539730544	0.145209654269548	0.324600433954654	0.5699313909759
TAG57:2FA18:1	0.109532912685061	0.347578240246022	0.378204331978799	0.72855139101295
PC(16:0/20:1)	0.23909526496834	0.396858732900151	0.381280552695789	0.59934549280634
TAG38:0FA12:0	0.386053555019683	0.658005337237863	0.337842795082634	0.670009009532019
TAG49:0FA18:0	0.413203118740066	0.241140324936451	0.281606522034715	0.637725560064217
TAG51:2FA16:1	0.230474229585803	0.610121240643714	0.350642227417094	0.619688343329224
TAG54:3FA18:1	0.207796474979706	0.16616588774708	0.372406550242958	0.709432863275693
TAG54:3FA20:3	0.397500634131876	0.656847093501193	0.324192315186676	0.641256630624043
TAG58:7FA18:0	0.283345213790643	0.524626307748787	0.348811936545877	0.706379174329031
DCER(24:1)	0.403099731837412	0.498608071163484	0.397229333641981	0.57923158541673
DAG(16:1/18:1)	0.62003643838366	0.922466398099595	0.33587152599592	0.656595674358583
LPE(20:1)	0.429526843781534	0.502236936755575	0.348094959726151	0.672113094443411
DAG(14:0/14:0)	0.500120403687098	0.27337520198578	0.284430623609444	0.619036611374158
TAG48:2FA14:1	0.114446015661036	0.269635682743542	0.316696041870131	0.633062529046926
TAG56:9FA18:3	0.294498873734052	0.249003999350991	0.345882381579586	0.695041021185974
PE(18:0/18:0)	0.605943339459385	0.929770277694207	0.357235034070253	0.644186895538211
TAG50:3FA16:1	0.668678304964128	0.485863575475008	0.308778924383351	0.683930059875619
TAG51:1FA18:1	0.263171001730824	0.236749069079157	0.301853075505517	0.630822915395198
TAG52:1FA18:1	0.734692812531716	0.86997739494613	0.333139757800633	0.646555989055976
PI(18:0/18:2)	0.932923085741419	0.820923771874747	0.389768265377683	0.666026169216832
TAG49:1FA15:0	0.243088129058867	0.21115341348256	0.297506371159673	0.636478368824299
PE(P18:1/20:4)	0.852023231750814	0.898517233875348	0.334145206650499	0.651142550725675
TAG51:0FA17:0	0.354818345312307	0.289545636141429	0.292347571127821	0.651502942601505
TAG48:3FA16:0	0.52867840560887	0.723029102561789	0.335334102751378	0.646875049388261
CE(12:0)	0.440804646776846	0.45122677502029	0.42316167297891	0.596416238314368
TAG53:1FA18:0	0.433803495873929	0.196284700203414	0.280417090542458	0.645405703126187
CE(18:1)	0.813723640023263	0.512028447219119	0.442624730207216	0.611291317266698
PE(P18:0/20:4)	0.82433300452152	0.59019244290931	0.309642670775564	0.688676490506925
TAG54:3FA18:3	0.774359351696531	0.323961218631439	0.336541304381528	0.611311193414698
TAG54:4FA18:1	0.100971088735983	0.094299361634992	0.35358067824838	0.680954524420986
TAG58:8FA20:4	0.299098422682932	0.301607500021944	0.302000857161194	0.654236792123412
PE(18:0/22:4)	0.613205034693548	0.758900095694007	0.33042966990576	0.649066830405984
TAG44:2FA18:1	0.793925110513997	0.337139778474264	0.27254274922549	0.659245509907505
PE(16:0/20:3)	0.0310861099603985	0.0708672392346838	0.630310062114783	0.477600844392107
TAG46:2FA14:0	0.693461048295062	0.478751560241023	0.322042479679924	0.629338604072836
PE(18:2/16:1)	0.392887680828191	0.839857108185463	0.369996118893884	0.629639953903075
TAG56:4FA16:0	0.378312666582066	0.611480992597838	0.326379711361586	0.644166235926194
DAG(18:1/20:4)	0.294473271274622	0.346982182498514	0.32449789651276	0.650994486906091
TAG52:3FA18:0	0.753387105811555	0.511493077798836	0.325070583990656	0.668074125031248
TAG58:10FA20:5	0.512963161219352	0.731231807654569	0.332875980706889	0.626964693052262
PC(18:0/18:3)	0.89769370655724	0.773415580012697	0.316525912372565	0.668244333802141
TAG55:7FA18:1	0.818873751903932	0.662881255283959	0.316528664822134	0.636537931008614
TAG60:11FA22:5	0.547791092931736	0.991767178145809	0.338495566174891	0.650376110207229
DAG(18:2/20:3)	0.375241500019784	0.3147716936587	0.352077427971656	0.620635684010088
TAG40:0FA16:0	0.351022513634673	0.80365514063568	0.354214267545868	0.657284460078018
TAG54:5FA16:0	0.680812595503026	0.965522987541545	0.337748323001253	0.649262646617927
TAG58:6FA22:4	0.91558291117153	0.642721736667478	0.359509134035987	0.654284170156119
TAG56:4FA18:2	0.257725810316346	0.430608269574435	0.34590600682668	0.66367598569175
PE(O16:0/22:5)	0.994400345888272	0.430453361902582	0.421501758487887	0.603643149141139
PE(O18:0/22:6)	0.448989365347962	0.896870501819056	0.333600137603776	0.678700209848256
SM(18:1)	0.873504936957983	0.621967674975877	0.284075574109176	0.708797537125707
TAG51:5FA18:3	0.344620759085775	0.235304698462083	0.325339541276746	0.679786215497021
TAG54:6FA22:5	0.829886746130616	0.789056533783429	0.342174763456332	0.657577442024973
TAG56:4FA18:0	0.971179426420622	0.877158102208393	0.33883071858095	0.662660471281496
TAG51:3FA18:1	0.994761402709621	0.935440308759183	0.338714838833391	0.645624520117735
LPC(18:0)	0.173793381191246	0.0293040522018461	0.139058842078237	0.649415519897597
FFA(20:5)	0.953438589777495	0.512304468350446	0.335501770141123	0.633695158101535
TAG54:6FA18:1	0.0196576186520898	0.0606867584924287	0.326015952700019	0.648750599389585
TAG52:6FA18:1	0.184977400797814	0.16345480125261	0.363911481421529	0.754864204302515
PC(18:2/20:2)	0.0377926852994231	0.0580763913221109	0.137316367191097	0.865778256776549
PC(16:0/22:5)	0.448753083362665	0.538921551906479	0.27538075782375	0.737744294665753
TAG45:1FA15:0	0.48338681189672	0.30321636137875	0.306973937257817	0.620262370326373
TAG50:3FA18:3	0.919809308581024	0.65199946912663	0.339883865374676	0.635359516061305
TAG48:1FA12:0	0.49659271823434	0.949487649067214	0.336728880223607	0.647750964926916
TAG52:6FA20:5	0.81018283922386	0.982432323159642	0.340604610101855	0.651367224964476
TAG53:5FA20:4	0.2520927558562	0.479484188723967	0.322172695743851	0.636732863611131
CE(20:4)	0.614331162979732	0.825855119076001	0.32865920281085	0.645587705331362
CER(22:1)	0.211377119066693	0.685256982809666	0.421156305015456	0.601416439301927
MAG(18:0)	0.232412971219077	0.0188847717044373	0.29954381485602	0.774091605273379
TAG48:3FA18:3	0.944125418120745	0.92592571605234	0.33584704095499	0.649950897866784
FFA(18:0)	0.356471403807002	0.793629090962307	0.340319986001932	0.650898414945792
TAG52:4FA18:2	0.285102406705589	0.227861150173914	0.311125228350857	0.672829537540042
TAG42:1FA18:1	0.439338667109524	0.984426312699302	0.340393780231629	0.649355926059039
TAG60:10FA22:5	0.461962627792966	0.746130693164023	0.345030429060737	0.664772940456547
DCER(26:0)	0.653279061983264	0.507589880588216	0.34483477378839	0.67006107213746
LCER(18:0)	0.68854684677108	0.478748493145843	0.268643137090365	0.699227938666259
TAG42:0FA12:0	0.361685017493543	0.867165294956942	0.344162360924965	0.657599427958919
TAG51:3FA17:0	0.519775175184619	0.895630081910029	0.345846834100418	0.643310434688787
TAG52:6FA16:0	0.298970908026392	0.0991705767917153	0.344922733169313	0.664588865982752
CE(22:4)	0.580145471887238	0.585449853124918	0.397966305719912	0.661473337031779
TAG48:4FA14:1	0.495647548356257	0.749007784668314	0.328598193405978	0.666475761464406
TAG50:3FA18:1	0.988178870620408	0.914594737849492	0.336727194670001	0.656926050486777
TAG53:4FA17:0	0.652029454699645	0.985206265818464	0.338888212606877	0.649483942537941
PC(16:0/20:4)	0.589083324348263	0.734658897398378	0.324445554394481	0.651330392233722
TAG44:1FA18:1	0.910755002137802	0.482498524254059	0.299185594656986	0.635162783767932
TAG48:0FA16:0	0.625691865711916	0.816812270616354	0.328410361078843	0.659516913212309
DAG(16:1/20:4)	0.189194692133513	0.429903903527646	0.337900790618475	0.654069796235271
PC(17:0/18:2)	0.442060824340819	0.744894106567126	0.440607041514955	0.608593924295162
TAG54:4FA18:2	0.110927793079926	0.129607489080596	0.338573538037499	0.665380851328861
TAG50:0FA14:0	0.671176728214663	0.221430965056374	0.270423173328057	0.614583957332273
TAG58:7FA20:4	0.609057024018298	0.498177917634825	0.322867219128749	0.623751981730096
TAG52:4FA18:3	0.349807047240694	0.14007006183467	0.331826565632579	0.670125709499774
FFA(16:1)	0.8899204772658	0.573179050058029	0.303131014638546	0.700938469994189
TAG51:3FA16:0	0.583156277503608	0.747085018638791	0.338670597326855	0.646384734929006
TAG50:4FA18:3	0.824698847568075	0.326693428146847	0.318486998575596	0.680390221585897
TAG54:4FA20:3	0.489559166591612	0.726062425953076	0.329327785583162	0.639293503490413
PE(O18:0/18:2)	0.675351803229984	0.952261784822144	0.369269541121712	0.646992552657089
PC(18:1/20:2)	0.708910523652174	0.964382053027385	0.355081781306607	0.652368326118601
TAG49:2FA18:1	0.33001264163702	0.470969038893944	0.340056647035725	0.605681813354131
PC(18:1/20:4)	0.942400354629012	0.806675154155551	0.363816289936748	0.653716456227796
TAG47:0FA14:0	0.576235449676598	0.434307589454465	0.303898223967042	0.637162384549203
TAG52:8FA18:2	0.99077159886732	0.927613567963001	0.336836280340225	0.648925778212013
FFA(22:6)	0.773840422170446	0.884707480710007	0.332991740065845	0.638066596490327
TAG47:2FA15:0	0.533435357506747	0.4244683065147	0.322688206083974	0.626126148875144
TAG48:2FA18:1	0.953243184853467	0.81101793479379	0.331591296194904	0.638347758390105
TAG55:4FA18:1	0.409393529805721	0.632597962187933	0.35688908975326	0.638967810154196
TAG52:3FA14:0	0.834836443907409	0.567285585855033	0.337727690902226	0.613517870626581
TAG46:2FA16:0	0.572585327297417	0.989024065088592	0.338646980373218	0.649484731655158
TAG54:4FA20:2	0.643985574600317	0.762535533683613	0.332921214950295	0.675054928969798
TAG48:4FA20:4	0.964114683590521	0.651161550490883	0.318653532696165	0.636133399473749
TAG56:3FA18:1	0.406406385003748	0.552707175175091	0.357375198477352	0.672565058926858
TAG54:7FA22:6	0.874326769201659	0.732180267372045	0.337138960760576	0.680528361643677
TAG49:3FA18:2	0.526933953446478	0.738111085707477	0.346153967596826	0.634376486551142
TAG52:3FA16:0	0.673493687381608	0.438349768236197	0.331818049199742	0.67744785387586
TAG54:8FA18:2	0.0414971720866464	0.152609041509261	0.341596506919608	0.620770170796202
TAG54:6FA18:3	0.0280391241674685	0.080482124012608	0.314195833994108	0.625187316042052
TAG56:8FA22:6	0.263001189830322	0.509489617349787	0.350348344493825	0.702752514429137
TAG58:8FA18:1	0.0777431750760936	0.223611582058863	0.389007041932082	0.759146135899685
TAG55:7FA22:6	0.638531105386106	0.941464215056295	0.339237284429449	0.661712239869456
DAG(14:0/18:3)	0.608435921459921	0.655645489748477	0.33480843989935	0.661492345924233
PC(16:0/22:4)	0.580615386087635	0.554366457282509	0.385480950826776	0.680420254235459
TAG56:9FA20:4	0.933959175607558	0.805882541256173	0.339891935228459	0.647118974282421
TAG57:8FA22:6	0.25974527165643	0.52958339308297	0.344835617062035	0.700837983488393
TAG56:2FA18:0	0.937717947269441	0.895016771353176	0.33370564631555	0.646558362808035
PC(17:0/20:4)	0.288120196242747	0.95984472916877	0.341644961276328	0.647821695738239
LPC(20:2)	0.131142823128012	0.0717238284115741	0.241482132508463	0.577370956524295
TAG45:1FA18:1	0.572999524524632	0.279969639140449	0.289103567409472	0.625419630588069
TAG52:5FA20:4	0.255552169857	0.680171589694064	0.325139391256479	0.657548019078341
PE(18:1/18:1)	0.568043357110815	0.550837536384769	0.342009599784186	0.656931056354202
PE(P18:1/22:6)	0.791871343739587	0.762800805916721	0.317474241703572	0.728290344643658
PI(16:0/20:4)	0.328474983865402	0.716524738814506	0.399530680592155	0.655597361019293
TAG49:3FA15:0	0.668003555953048	0.961763419719435	0.337796247105085	0.652420502475909
TAG51:2FA18:0	0.676135974121061	0.476542562047235	0.317656561471791	0.650789258775266
LPE(20:4)	0.956434524458024	0.779123999259347	0.333662762005403	0.617698629309552
TAG44:2FA12:0	0.510818866418217	0.882161557232187	0.333786458584425	0.645581444829496
TAG56:1FA16:0	0.385580975127597	0.277188188410394	0.286117015960837	0.633187643203195
MAG(15:0)	0.297076885663291	0.740055016858135	0.343880877027536	0.655059518606646
DAG(16:0/18:2)	0.882200779705129	0.75257292036963	0.334480253237671	0.645829064453255
HCER(20:0)	0.0497369019923924	0.0907947983052523	0.19246188188048	0.792430421892394
LCER(24:0)	0.765361145295355	0.983539276691317	0.342846192754887	0.650891275974601
TAG49:0FA16:0	0.42677456074433	0.426091375714876	0.303075264984316	0.658957350012718
TAG50:3FA18:2	0.86831599296155	0.758910101277922	0.330990193450224	0.663621613152199
TAG55:7FA20:4	0.854576078067264	0.636570749984372	0.358058121229599	0.628775335190816
HCER(22:0)	0.314957984058031	0.435454175749242	0.281526336970523	0.701945708116628
TAG58:7FA22:5	0.190727828729592	0.289250309364694	0.375028975385231	0.720258944639881
FFA(22:2)	0.922851857779442	0.935662931058379	0.341170902534314	0.654876413989515
TAG44:1FA12:0	0.888723886937067	0.599500419672057	0.320774647482716	0.627155454746916
TAG46:0FA12:0	0.508934632717663	0.929882935968148	0.335899918566986	0.646953912416572
TAG52:6FA14:0	0.839513232143076	0.892462331156369	0.3351263385538	0.644406837828547
TAG51:2FA17:0	0.371563606445742	0.495025312799736	0.342061291957375	0.638662818594151
TAG56:3FA20:0	0.509973375076227	0.745966024073567	0.347826077825563	0.648394527700248
PE(P16:0/20:3)	0.152571805136276	0.110776570972626	0.550940703884594	0.469615683528812
PI(18:1/20:4)	0.309110035727991	0.808960796070983	0.372161117656606	0.662032181992239
DAG(12:0/18:2)	0.393288172109618	0.739479233796478	0.348625522318351	0.649969260918859
TAG52:2FA16:0	0.847509261809952	0.796165022553929	0.338510035612504	0.661100185091821
TAG52:3FA20:1	0.975007377815478	0.833613798375868	0.33930519525544	0.638786961485903
PE(P16:0/22:6)	0.397277213072527	0.352880137020916	0.257192411193378	0.867700628173543
TAG56:5FA22:4	0.476247502440806	0.859748024786235	0.332136033225543	0.654071655868598
TAG56:9FA22:6	0.231301530694937	0.443996479272406	0.347463253138843	0.706754999204576
TAG55:7FA20:3	0.580827854012527	0.815785932396318	0.351680778451021	0.647457702975849
TAG50:5FA16:0	0.984687471951951	0.459434037683696	0.351927747960902	0.675035430517526
TAG56:3FA16:0	0.488911115440258	0.399371683006596	0.324173229738441	0.632120520712272
MAG(18:1)	0.494257152107611	0.871165131538677	0.340584518417528	0.670976500819044
PC(18:1/18:2)	0.664934648938472	0.762779529825365	0.436323825017471	0.636129121374948
TAG56:6FA22:5	0.444588754144182	0.52457382601106	0.349163108032228	0.686202225362649
TAG57:3FA18:2	0.101938133040969	0.384179827605638	0.364139342656165	0.702931997158764
LCER(18:1)	0.997195653902315	0.77662588177501	0.349788020035683	0.642994479254593
TAG52:8FA16:1	0.282294744032984	0.39007051254006	0.329947114990239	0.628733452468173
TAG58:8FA22:6	0.12896264348117	0.314337718030212	0.37373290099034	0.742117151567919
TAG50:3FA16:0	0.759774876499545	0.54320787681677	0.319617501449947	0.660700388636045
FFA(24:1)	0.380653313896734	0.530488232874289	0.313794252162846	0.659281058284642
TAG55:7FA15:0	0.592413237400541	0.918328799384216	0.339635470929454	0.642530103495804
DAG(16:1/18:3)	0.53465341929661	0.85843460627012	0.335007820053557	0.652900056865713
CER(20:0)	0.827669559164746	0.80767648242584	0.323943201583454	0.689630959896265
PC(18:2/20:5)	0.351332803542491	0.796283213014098	0.351749270353908	0.62776761849944
TAG52:5FA18:3	0.19945284265771	0.075328960107462	0.305888984657351	0.644209955690641
TAG51:0FA18:0	0.47241686313017	0.291452388034696	0.282652421631867	0.651384334296318
TAG55:3FA18:2	0.285533133691505	0.725224523690147	0.351929026535931	0.640450852506312
TAG42:2FA18:2	0.290747415913339	0.836857055220907	0.353270682636037	0.652631425208494
PC(14:0/18:2)	0.720057726524529	0.535256961997749	0.509322465246003	0.580450448773009
TAG50:3FA14:0	0.85130064204529	0.975964047696542	0.338512916017139	0.649019653902763
TAG54:5FA20:2	0.373485896304677	0.42359187422863	0.312490876775963	0.711337410232651
FFA(20:3)	0.979811472578471	0.963207217229092	0.337265755646625	0.647933690311532
TAG56:6FA16:0	0.46206722366269	0.447306388458853	0.343041845539767	0.691176397622689
PI(16:0/18:1)	0.222324417530558	0.149266319355064	0.491595578588622	0.755767930328237
TAG52:3FA18:3	0.493882232051714	0.344062934156776	0.341681190555915	0.646269409638967
TAG58:10FA18:2	0.138520626574436	0.435060827730358	0.36175114320097	0.696501849194796
LPC(16:0)	0.0458048990138085	0.0102199413469529	0.201502611748005	0.605822236386493
TAG44:2FA16:1	0.450974803162522	0.454595585625276	0.322370112671652	0.631671536603177
TAG56:10FA18:2	0.276984647240907	0.704842701242237	0.353041088195289	0.642227669439205
TAG56:5FA18:0	0.608952832939799	0.748525057258161	0.343170111310488	0.669577297009726
DAG(14:0/20:0)	0.027841502876962	0.000777694899502391	0.701376256359216	0.513121579001693
TAG52:1FA20:1	0.404083561535234	0.375032962779039	0.299655702303815	0.654145910832872
CE(14:0)	0.504725402876398	0.157550055582317	0.583484069599913	0.507141878924956
DAG(18:1/22:4)	0.831699567983524	0.643527087078643	0.339144735542883	0.630897670027301
PC(18:0/20:3)	0.026869513158917	0.0445882798207067	0.77949952002954	0.531936848936402
TAG54:2FA18:0	0.54403322608692	0.620891667036188	0.356697399443494	0.662246093973998
TAG56:7FA22:5	0.325635997951437	0.452119872637395	0.344400743799829	0.681623807294436
PE(18:0/20:3)	0.180252479048132	0.344969518547776	0.514337240266052	0.553451640191443
TAG51:1FA15:0	0.326736707706747	0.149457636758614	0.275604194792886	0.617630667351978
TAG58:7FA18:1	0.115556973489735	0.124005077270525	0.369498674058641	0.798085756995411
PI(18:0/20:3)	0.283649573972227	0.229660962563927	0.644731791459233	0.507010167922541
TAG51:4FA18:1	0.548847076958148	0.341277835320499	0.32771399251217	0.676897134697106
TAG52:6FA18:3	0.110283136346014	0.0434924997453039	0.27256394825943	0.680322556576543
TAG44:2FA14:0	0.437978520781251	0.971858642951398	0.337959715891402	0.64890256195249
TAG50:5FA14:1	0.905706265681925	0.954962571513558	0.338195770921699	0.650184578327061
TAG54:2FA18:2	0.717652691767764	0.862244679773095	0.341116555496739	0.651480028060065
TAG48:2FA16:0	0.427536474169659	0.535555037866357	0.328682984541748	0.646833238131044
TAG56:6FA20:2	0.180090136424136	0.518723908370605	0.319061278018808	0.691167403841495
TAG56:5FA18:2	0.212351856796914	0.439585135258248	0.325429738166635	0.689771695537568
CER(16:0)	0.384400074534502	0.476820607780696	0.436755422238982	0.543215647778025
PC(18:2/18:3)	0.629529778141891	0.87764797625233	0.330457281891506	0.652475815716959
TAG49:2FA18:2	0.459651590338423	0.317362248519664	0.321674866362125	0.64627541310698
TAG54:3FA20:1	0.717280972189508	0.815391249503648	0.339425929988856	0.662601525082578
TAG44:0FA18:0	0.860460078564227	0.686204667347728	0.334495754055084	0.652415193581347
TAG54:1FA18:0	0.657413196432666	0.898364990549359	0.345952392329395	0.653330138839497
FFA(20:1)	0.783781193409835	0.862951479330449	0.335923827626065	0.671353058164466
TAG48:4FA14:0	0.887838049562129	0.70649553703568	0.33111281631565	0.673879689699599
TAG48:3FA16:1	0.533127655059136	0.868452761671736	0.333080203342862	0.661959847345205
TAG49:3FA18:3	0.848479404744261	0.993869851462609	0.337805098722248	0.649595486837682
SM(18:0)	0.636788148809085	0.589852549885297	0.282632669336589	0.716056190254819
PE(P18:0/18:2)	0.62579311623209	0.957765279249523	0.370380137397758	0.649324543215196
TAG53:2FA16:0	0.863619809472526	0.661757122070494	0.320828236668894	0.656919868429815
PC(18:1/18:3)	0.967129955243786	0.686323532432696	0.300823541747715	0.678664118074897
TAG53:4FA20:4	0.259350000403904	0.282101382934099	0.305583702295537	0.645844488982624
TAG46:3FA16:0	0.464238113315244	0.858432682204393	0.346946571437022	0.650560737400282
LPC(18:1)	0.203921518115141	0.0977244773660986	0.283374710892007	0.558058711285289
TAG50:2FA18:1	0.393422268704004	0.735545511777405	0.341225765332364	0.634567954274215
PI(18:0/18:1)	0.252975700546363	0.115623555589183	0.49957558736126	0.815916449802001
TAG48:1FA18:1	0.460988113469672	0.344265725790084	0.304762075929859	0.630888830347211
TAG54:4FA18:0	0.134910998767159	0.255506929817093	0.326306140438804	0.641778909307233
TAG54:6FA16:1	0.521741949222411	0.891886569125054	0.336603684303205	0.657808173424161
TAG56:6FA20:4	0.876342660714237	0.986245087128811	0.33913564698832	0.649586212508955
PC(20:0/20:4)	0.425014959183632	0.51940869216425	0.300132543966005	0.690847134716157
TAG54:1FA20:0	0.371741846971948	0.182990520415188	0.283318107703549	0.614982093959565
TAG44:2FA18:2	0.577744803209277	0.711867271222514	0.320903245106905	0.649812257653853
PC(18:0/20:5)	0.364722964056464	0.978063190588438	0.340354515869136	0.650984474199015
TAG58:7FA22:6	0.294295910962836	0.533884811425609	0.351135622091079	0.713144890180988
TAG52:3FA22:1	0.504625229782918	0.403145618206499	0.328937743100888	0.682066208737181
CE(16:1)	0.164534609743937	0.126857282297598	0.619419920102381	0.575251380393555
TAG54:2FA20:1	0.903388421525868	0.868976063138095	0.332615676214096	0.643599751498389
TAG44:1FA16:0	0.489039408480326	0.24045695369349	0.274514264023605	0.641221135064822
DAG(16:0/16:1)	0.458900842899985	0.733568332391716	0.337283136980587	0.642253001053449
TAG46:3FA14:1	0.297920691649856	0.406466786792623	0.327040525507253	0.62436860186522
TAG52:6FA20:4	0.34778464033296	0.737463329448202	0.329685961362379	0.650097410281038
CE(16:0)	0.651689129886069	0.998975152371739	0.354575505433452	0.650900674776638
PE(P18:0/20:3)	0.38264576334079	0.44988411559039	0.46500782403808	0.542057205371106
DAG(12:0/16:0)	0.488865930909195	0.857722314079649	0.331600936978329	0.659405901007933
TAG45:0FA14:0	0.685466648889192	0.606218652296997	0.314311271745782	0.641719534559019
FFA(18:2)	0.268959255819967	0.276630810776725	0.283571945224111	0.686342391293242
LPE(16:0)	0.264267074367521	0.0277073650677579	0.197446705010396	0.742232311599683
CE(20:1)	0.281502108089227	0.620312960713327	0.30388882977882	0.636483303662547
DCER(22:0)	0.180530783582524	0.0767588493858818	0.459035001460267	0.555014714455599
PC(14:0/18:1)	0.235535148796484	0.245080159199767	0.565695769298991	0.50772068149714
PE(18:1/22:6)	0.580864817968189	0.299282027478323	0.229997360423723	0.924416697215422
TAG48:4FA16:0	0.78442349042503	0.82958067964471	0.340005348314684	0.654113357735822
TAG54:2FA16:0	0.795077295468276	0.73619751247679	0.326895048587549	0.637849786682889
TAG58:9FA18:2	0.0809740185405225	0.283086453631373	0.366524086248827	0.724345437220088
TAG52:5FA16:0	0.182658228683441	0.136651402188473	0.327479546266498	0.625728081826642
FFA(15:0)	0.596462622885936	0.865833726663861	0.331257980554929	0.661381662147737
TAG52:5FA18:1	0.215179306152255	0.0660724073531403	0.282640821602107	0.793236269880968
TAG54:5FA18:1	0.0435114288348402	0.0849480278438117	0.335021614906492	0.636402056895066
FFA(24:0)	0.475365738160196	0.582766460059108	0.30654181860782	0.7898261885323
TAG54:5FA22:5	0.644201903302175	0.881910273757216	0.334121147436437	0.650245900698286
TAG58:8FA18:2	0.124331356996464	0.220347487405875	0.357097495275442	0.729644753663161
TAG44:0FA14:0	0.980774735800817	0.658327620245772	0.317287531095982	0.637687781329556
PE(P16:0/18:1)	0.999499235389352	0.561025658411336	0.412709317250381	0.581850970288933
CER(22:0)	0.267964990962908	0.103822486252744	0.510223379092823	0.449380845173995
TAG52:4FA18:1	0.290292212863788	0.109904492981305	0.282083991591334	0.75261224596688
TAG58:8FA20:3	0.34530319653369	0.290283598963192	0.331323601889415	0.610135209680745
PE(18:0/22:5)	0.907998413888014	0.332165232870481	0.247196600946574	0.785666145736501
TAG47:2FA18:1	0.37686384140471	0.244975956517232	0.302100885453282	0.601326150818049
CE(22:2)	0.35009759332064	0.958749468572451	0.337116137799627	0.651719740819047
TAG55:5FA18:2	0.467901597339743	0.87452167654195	0.336758652572879	0.641541951801469
TAG52:2FA14:0	0.555534757383224	0.204705776329683	0.305671182025548	0.592263610158715
FFA(22:4)	0.301440213624719	0.474987638234045	0.321073818911045	0.705078396447094
TAG54:1FA18:1	0.748974966768071	0.997198772211974	0.339827373187809	0.649950645922893
TAG40:0FA14:0	0.547767490741807	0.806487573004877	0.34072844478026	0.661055380388477
DAG(16:0/22:5)	0.826061943150604	0.72623066582615	0.335378728689954	0.658309521468277
DAG(18:0/22:6)	0.590324745882236	0.727890563661498	0.358821307605345	0.649204920498098
TAG47:1FA16:0	0.314361060630665	0.336097643125016	0.304193881950551	0.641856692360787
DAG(18:1/20:5)	0.323066932982748	0.849835498265266	0.34235863643733	0.663024914246972
TAG54:3FA16:1	0.797892871303624	0.691618156226579	0.325664446296858	0.689348544841327
MAG(16:0)	0.52953100110034	0.110268043190058	0.369191103410269	0.74091675776312
PI(16:0/18:2)	0.485120526723253	0.580774114723937	0.425111413437382	0.688137845069072
CE(22:6)	0.441158288659182	0.720041714895948	0.317129730190918	0.712166126806604
TAG46:4FA18:2	0.550923164711911	0.590425659464574	0.314771719699034	0.688784422522742
CE(18:4)	0.963565741041928	0.751525383423436	0.382363485891146	0.631307352481122
TAG54:2FA20:0	0.84944858738073	0.667259302788948	0.329023399340143	0.647384653158035
TAG56:6FA20:3	0.824363046577906	0.901666104153492	0.337523707279982	0.654739678940277
DAG(18:2/22:4)	0.368820274635996	0.649348356383779	0.324898301068258	0.67450994314451
DCER(24:0)	0.222089187117251	0.136780493067076	0.454346408280534	0.479811027170317
TAG58:6FA16:0	0.670258526535129	0.690006095864568	0.321827005861743	0.687397315721303
PC(16:0/18:2)	0.46897722988012	0.914770641266978	0.400855856867107	0.642278630129203
TAG52:3FA18:2	0.695637496428814	0.485255898988545	0.331910039881642	0.675039860939618
TAG48:0FA18:0	0.947407807011656	0.499924074157429	0.302173556894624	0.635317950289307
TAG58:7FA18:2	0.433817248694612	0.512318062986037	0.337972784382347	0.685187534177761
TAG50:1FA16:1	0.250255043927899	0.702050965344479	0.335153063722885	0.647367972961709
LPE(16:1)	0.119518649820821	0.527552187261141	0.366986446051474	0.659987687442722
TAG48:1FA14:1	0.157442940004846	0.187655412672592	0.28413570361711	0.650200842463823
TAG51:2FA18:2	0.486491551465642	0.423110363448271	0.332479956880478	0.647131495789368
TAG50:2FA16:0	0.542004537416344	0.984587726481692	0.338318912801588	0.649961324558521
LCER(14:0)	0.334801079029174	0.157529702913459	0.472603736740723	0.557704364063157
LPE(22:6)	0.741240913263403	0.756848852182089	0.330337256025711	0.682145942469405
PE(18:1/20:4)	0.568715870136538	0.0918805491006216	0.18572536714782	0.873987717456581
TAG54:4FA22:4	0.305416648895005	0.523474160076449	0.307576139056659	0.684813732218818
PE(16:0/18:2)	0.806420388908397	0.943792468151029	0.341394658431442	0.65755662414559
TAG50:4FA18:2	0.434216955666181	0.536647178715125	0.323838249678833	0.672303505394514
HCER(16:0)	0.919240780209962	0.84945192835731	0.32978078190876	0.66523419356401
PE(16:0/22:5)	0.784825070407597	0.621110854423795	0.292525073041036	0.753978570606578
PE(O18:0/18:1)	0.944778309477905	0.979222081053827	0.347497867319053	0.65410336193986
TAG44:1FA14:1	0.295327586870476	0.35515824995946	0.300907423544046	0.639068711827561
TAG56:7FA20:5	0.100455706878849	0.348469219756049	0.387579667898151	0.717655702011641
TAG45:0FA16:0	0.570415374130366	0.433429889908252	0.298489982793058	0.644078230503686
TAG46:0FA16:0	0.815451239264398	0.652450712283956	0.314945935641831	0.651239029748509
SM(24:1)	0.259930287345723	0.53290524384042	0.461106804581828	0.592846947678704
TAG52:7FA22:6	0.558835356680538	0.588986920378267	0.349963059852099	0.684723938289093
CE(20:2)	0.44491498357565	0.270924139831043	0.56232097575528	0.63126557959575
TAG54:5FA20:5	0.466755524471494	0.944746848766584	0.343801566738979	0.655076708853886
TAG45:0FA15:0	0.58223021188247	0.530119144181153	0.310080114745661	0.644765063151113
TAG56:5FA22:5	0.72328552639622	0.686402402895488	0.347887493165396	0.667878932988374
PC(18:0/16:1)	0.160256695157681	0.364243999235816	0.474595760359098	0.599331003187746
TAG49:2FA16:0	0.341396754951585	0.381701857514027	0.328082543459056	0.646503459955756
CE(20:5)	0.248188193126643	0.909065412591702	0.343104086952093	0.640569528661446
HCER(22:1)	0.348781019880825	0.348212033102649	0.239776786718113	0.753251295037902
TAG49:1FA16:0	0.201525171607414	0.22837741968305	0.302547695951169	0.645918521073488
TAG56:5FA18:1	0.683813432481096	0.675917623787137	0.341247958338158	0.673236827617255
TAG53:4FA18:3	0.692140421038593	0.66761398326448	0.336611316778372	0.655598462515961
PC(20:0/18:1)	0.962536552439714	0.878418598815847	0.372229881996056	0.634100806495141
TAG54:1FA20:1	0.773618364885454	0.647117596978912	0.311790391881812	0.642429539912195
DAG(12:0/18:1)	0.533268359994223	0.839532266548332	0.330931158755575	0.644006846467037
PE(P18:0/22:5)	0.575636345511398	0.63649133602938	0.402578250658105	0.602022025696342
