chemID	simpleLRM_Fstatistics	multiLRM(chem_sig)	multiLRM(sex_sig)	multiLRM(age_sig)
TAG52:0FA20:0	0.158539463263523	0.0545363561152301	0.28593068141074	0.663477897500225
TAG58:6FA22:5	0.595987378906331	0.736176549118711	0.344208926561821	0.704123680333466
TAG50:1FA20:1	0.438906881999955	0.229824840680159	0.298571005690311	0.654629182789942
TAG54:6FA20:3	0.595394172261246	0.30412388700769	0.337369568971056	0.728951260438134
CE(24:0)	0.324972766898168	0.843134040123021	0.329483109781275	0.694314351727598
LCER(22:0)	0.687208679992957	0.854401044699345	0.33022159419897	0.689543591132605
TAG48:4FA16:1	0.727815574212954	0.464606659876718	0.314440943201278	0.731128400260938
TAG51:4FA16:0	0.941091505793736	0.722761671597518	0.339238943732967	0.682776302868022
PC(16:0/18:1)	0.888800737615377	0.656452125400783	0.403719768986261	0.634805976033447
TAG50:3FA14:1	0.34034076918228	0.389541082519746	0.336355057267795	0.64737599600448
CE(17:0)	0.890189178991577	0.354769895311967	0.416979509194588	0.62891868592703
TAG56:6FA22:6	0.817014002112608	0.799142897241557	0.337140606781301	0.708473472785256
PC(18:1/16:1)	0.608529970825611	0.989607656846132	0.366619682844172	0.687637541405254
TAG53:3FA16:0	0.837411915001274	0.838174306991386	0.336736240198208	0.68300835025035
TAG54:4FA20:4	0.545132537112907	0.853611083409874	0.331950981761247	0.681900339010715
DAG(14:0/20:4)	0.141681051483339	0.0273854354481715	0.28634269283046	0.613050194104788
CE(18:2)	0.296774146506663	0.429594674178524	0.240916305020397	0.730705318056311
DAG(14:1/18:1)	0.923407221628956	0.842179547753542	0.353537773524251	0.687434240865285
DCER(20:0)	0.231416437983012	0.0704926997813669	0.264900751209133	0.839441427834748
LCER(20:1)	0.420587580537643	0.108975038988741	0.557070122295757	0.554312480491183
TAG54:3FA16:0	0.854310298202019	0.908028608737224	0.342106097255931	0.688894063936244
TAG48:3FA14:0	0.851320782131352	0.808597134925187	0.334267303441597	0.694626092249079
TAG56:1FA18:1	0.212610534164267	0.0941941238955591	0.288520628374563	0.631099826807493
TAG58:9FA18:1	0.241069049239909	0.475572217812592	0.339187492139531	0.748757178374499
PE(P18:1/22:4)	0.951655489176553	0.776126572742911	0.326478536809342	0.663910429135201
TAG54:4FA16:0	0.932045906255641	0.950548738665541	0.342385207394178	0.683281570289116
PC(18:2/16:1)	0.717392501674607	0.811377283898082	0.335963777472903	0.725192889047786
DAG(14:0/18:1)	0.702683512613358	0.440137974944972	0.31508902200879	0.653373692088113
TAG46:2FA14:1	0.174678289430192	0.390492688328897	0.322204633641966	0.658089240869023
TAG52:4FA20:0	0.384163002460951	0.301831180902885	0.321541428789761	0.687441320459129
PC(18:0/18:2)	0.907137549150883	0.753112655366173	0.478874853906277	0.649139835402407
PE(P16:0/22:4)	0.704398810737315	0.863067969950578	0.332690768015787	0.681162249300575
TAG50:4FA16:0	0.983774577319548	0.296029971212304	0.324423773476666	0.713438970275653
DAG(18:1/20:1)	0.85683973549078	0.832960704576717	0.339049365903929	0.667600488126911
LPC(15:0)	0.688356705691363	0.0591542440720511	0.189007838264604	0.811707990946845
TAG48:3FA18:2	0.786156178962292	0.865883010999351	0.338567033780199	0.689283305578742
TAG52:6FA22:6	0.698577792466017	0.924258094488418	0.340826619715034	0.67595554285062
TAG56:7FA18:3	0.366375473485391	0.457695387687318	0.33684677931775	0.698922406659956
PC(18:0/22:6)	0.842929767714214	0.921436942136985	0.339840077349453	0.71178522653594
SM(26:1)	0.41649624482299	0.563558379592641	0.425910519913613	0.63150814079768
TAG48:2FA14:0	0.609678587386808	0.695406566180171	0.336729896228888	0.673236072012719
TAG48:3FA18:1	0.545618890495191	0.803299771441778	0.340833168977502	0.691777296934028
DAG(16:1/18:2)	0.767985884154958	0.625097866266785	0.315012205349763	0.709210577889617
TAG53:6FA18:3	0.797558523695866	0.837198826098068	0.351631206875582	0.684812732694869
PC(16:0/12:0)	0.360487649389662	0.850679007494329	0.330187664527478	0.715529651843313
TAG51:5FA18:2	0.389124009249412	0.402052291812282	0.31793092533037	0.69514808466807
PE(P16:0/20:4)	0.689529641780644	0.800827262206196	0.333602490142014	0.699704022745999
TAG49:1FA16:1	0.298193234399013	0.607931934757452	0.330614073082246	0.677802473082404
TAG56:5FA20:1	0.148029515161487	0.339274989120877	0.318614270380036	0.694683577173557
LPE(18:0)	0.68018374876352	0.204210609761973	0.209988777583892	0.756897358887352
FFA(20:4)	0.683614718542361	0.921781029802739	0.341546647837963	0.684407326882258
TAG46:1FA14:1	0.211319622032829	0.12059712534821	0.201713170609857	0.69402363454846
TAG46:3FA14:0	0.655764088813202	0.783457773844496	0.339235832914959	0.67139124332366
PE(P18:1/22:5)	0.758329390075574	0.373332455492424	0.45321225230671	0.608735340655743
TAG50:1FA14:0	0.554262742944729	0.313560177613207	0.299926180723767	0.644584608105132
TAG56:8FA20:4	0.875558846611257	0.931395802641908	0.341008109124648	0.679277989924994
TAG56:4FA20:1	0.401682014082467	0.58005849826782	0.335206899352229	0.698501917552386
MAG(18:3)	0.544977228263704	0.724799955156024	0.416869554262248	0.655800197261263
PE(18:0/20:4)	0.856903263805341	0.3461904185791	0.267560155311292	0.791716998880488
TAG53:2FA18:1	0.650992694480732	0.511867493192761	0.328708161718089	0.649383039336519
TAG54:7FA22:5	0.680132638245547	0.438902247213637	0.34468828949361	0.717566401467403
TAG60:12FA22:6	0.667531834619802	0.907194276733667	0.342902456348554	0.673378544034137
PC(18:0/20:2)	0.723897377811652	0.401701837109811	0.542877128601853	0.630477079629703
LPC(18:2)	0.0472683098698554	0.0967856783191994	0.319640765694546	0.453900323443941
PC(15:0/18:2)	0.589472377151788	0.376839951375961	0.542521402154367	0.57124994019348
DAG(18:1/18:1)	0.602815116732384	0.620781640169726	0.337953947809644	0.716405806154352
TAG56:4FA22:4	0.490781060863724	0.761976457415952	0.324020477212669	0.692040135776542
TAG56:9FA20:5	0.201723927633841	0.472500370604418	0.340211751571846	0.724139031416322
TAG49:2FA14:0	0.400473115088787	0.38409556860335	0.332726723301078	0.648717532059741
PC(16:0/18:3)	0.414826849053315	0.275272583301242	0.231294611366381	0.763649358482499
LPE(22:5)	0.825872867434886	0.846019362185874	0.336929412090538	0.671860199629462
TAG54:6FA20:5	0.396741153580113	0.512282637263083	0.356730974568645	0.730988262272294
TAG56:7FA22:6	0.524558108535509	0.617866426340687	0.336298242619947	0.729967076699406
TAG51:4FA16:1	0.923817708053719	0.409335020682352	0.302511494250152	0.758216042911963
TAG52:5FA20:5	0.842057063377186	0.864272155127798	0.343046587123359	0.687954601900564
SM(20:0)	0.10611553317506	0.380197701620657	0.231562383120477	0.762430529258976
TAG55:5FA20:4	0.476808331284038	0.405294077514935	0.305826099162128	0.655306065162421
TAG58:6FA20:4	0.9454511725518	0.734929168505886	0.331526548900813	0.66172127011221
PE(O18:0/20:4)	0.611693864997674	0.794850584819847	0.34531352598756	0.672042933836424
DAG(18:2/18:3)	0.332353875304949	0.211151852605916	0.321429835025808	0.685502180091321
TAG48:4FA18:3	0.444916825939021	0.340767204787951	0.335398199261269	0.719327256880432
TAG52:0FA16:0	0.741092942279744	0.592809503085805	0.311124464174265	0.674512090948469
TAG58:9FA22:5	0.202497896795624	0.373344677098267	0.348100347221541	0.710573907269846
TAG58:9FA22:6	0.2232557914177	0.460856919649113	0.338544216109476	0.751403917587232
PE(P18:1/16:0)	0.585746267034881	0.754817550007109	0.363608005720815	0.646910523323701
DAG(14:0/18:2)	0.662756309007886	0.558729391359843	0.339632216236034	0.674192157468281
TAG54:0FA18:0	0.636809414315392	0.99893859036758	0.340868925993146	0.681688309379987
TAG56:2FA16:0	0.181816671968799	0.154542489090514	0.299795278810091	0.67766555999776
TAG56:8FA22:5	0.319408030595607	0.351702666459481	0.33361175554695	0.738628646333494
PC(16:0/20:2)	0.756795646061744	0.803454237219859	0.388564356331222	0.656401962964926
PC(15:0/18:1)	0.622433213480149	0.349994683684541	0.534062016709213	0.535373707897014
TAG56:7FA18:2	0.450991023754294	0.600500679408734	0.334638713185551	0.703323120679475
LPE(18:1)	0.912690436633507	0.978526516158656	0.339512021044727	0.683726824705074
TAG50:2FA16:1	0.331992043922739	0.975313865257314	0.339962549978148	0.680811085077828
PC(17:0/18:1)	0.878728782761308	0.0874631062319139	0.5476542704791	0.425767690131665
DAG(16:0/18:1)	0.685496601725389	0.71482306014124	0.333912978474193	0.677925136536118
LPC(22:5)	0.148203273032062	0.401321343406483	0.337505455777863	0.62688443936443
TAG46:0FA18:0	0.589497447897666	0.882701958455872	0.334770067140085	0.676049637601133
PE(18:0/20:5)	0.676305747388437	0.867059386775415	0.338368359101416	0.668434089051922
LPE(22:4)	0.607166179410104	0.500924553680358	0.324416843204986	0.782082936500481
TAG46:1FA18:1	0.979400129436346	0.58016198005895	0.322146273272186	0.65972383623098
TAG58:10FA20:4	0.371556569027881	0.276979214992874	0.342712388115272	0.646306769828876
DAG(14:0/16:1)	0.18832604587996	0.211208749550018	0.317145106286872	0.685198645609671
SM(24:0)	0.44845910548373	0.355142233096906	0.467858999205527	0.63500831056014
TAG53:6FA18:2	0.616690528886167	0.464064955792004	0.333416547807497	0.693073069961675
HCER(18:0)	0.127242748151719	0.13733099535586	0.170067574774101	0.866307328330519
LPC(20:3)	0.728680505737633	0.725506045233705	0.346987458336457	0.648817753125192
TAG53:5FA18:2	0.326982646507543	0.393313185195119	0.338814789669347	0.675131367554448
TAG50:1FA18:0	0.377815861940114	0.381308123257466	0.306641558183094	0.66946326679131
TAG52:5FA20:3	0.723361760565835	0.941830360147209	0.339294474799139	0.678144945085065
PE(P16:0/22:5)	0.967720523710367	0.88757565313958	0.334542478847706	0.689365845918297
TAG44:0FA12:0	0.596285671908327	0.965158902590513	0.339265318642394	0.680043175843355
TAG55:6FA18:1	0.643243124252573	0.814197742170546	0.34327005871121	0.688921559215621
PC(20:0/18:2)	0.371106623508592	0.843037671997881	0.333087936695361	0.705131436638906
PE(P18:0/18:1)	0.739662436052437	0.37299115018026	0.449814439411377	0.585834368716941
MAG(18:2)	0.515019678918786	0.83076584250591	0.334512197683303	0.665990331120302
TAG52:5FA18:2	0.14871460690951	0.10089642627173	0.28193716307327	0.725578043378047
SM(16:0)	0.804583185755188	0.714085812880746	0.43930884360753	0.631008060896592
TAG49:1FA18:1	0.23705014869509	0.173291786721518	0.295132996832928	0.648525282483016
FFA(14:0)	0.571080228643496	0.759278766642768	0.330536025887101	0.715757685525329
TAG56:4FA20:4	0.991165223862048	0.989094778991702	0.340553985038788	0.681478543572949
TAG46:2FA18:2	0.653881872765447	0.955072119878534	0.338605769166552	0.679901959875017
FFA(16:0)	0.572438213788399	0.787778075127395	0.331472410672936	0.692931664951962
TAG52:5FA22:5	0.905909718244069	0.71947810534373	0.343066995131433	0.682769067675039
PE(P18:1/20:3)	0.282395589510981	0.22271765767674	0.46297030261655	0.605243900201918
TAG56:8FA18:3	0.50364293879712	0.324206733376925	0.327984392694277	0.709760151910137
TAG46:3FA16:1	0.843682140161048	0.783413626411972	0.335227619947254	0.697819157117832
TAG50:1FA18:1	0.460944886290617	0.688486074975847	0.328339927794647	0.687247375707896
TAG44:0FA16:0	0.66546110900955	0.913599450680776	0.336359548789453	0.67843665361008
CE(22:5)	0.905802209048452	0.938280435360153	0.346098113941318	0.686874600603126
TAG49:2FA16:1	0.329907909295177	0.742073538828929	0.339519724639766	0.66741330340852
TAG53:4FA18:1	0.999932864078769	0.656270070579227	0.334776079197201	0.653283063884915
TAG52:3FA20:3	0.388819568367186	0.613667232356238	0.323609296764606	0.690777357016709
TAG49:1FA17:0	0.254920919073849	0.242754893936932	0.306518515420414	0.664173392885643
TAG56:7FA18:1	0.427403729719219	0.448451144875719	0.3341283868279	0.744735454667381
TAG50:2FA18:0	0.580542250399457	0.429903730409739	0.327883522723761	0.671049027858754
TAG44:2FA16:0	0.646260545420299	0.414763728832375	0.29827319961116	0.704839343614529
TAG44:3FA18:2	0.943168259124272	0.639490341657211	0.321419856517754	0.703537311748188
TAG47:0FA15:0	0.463163165886555	0.577185288797521	0.31623738873097	0.683831885869675
TAG54:7FA16:1	0.861811500733755	0.53036069832784	0.333630991183889	0.731981694750847
TAG52:3FA20:2	0.686390236194311	0.901124867656246	0.340372476630613	0.675816086181669
TAG52:5FA16:1	0.202118899327042	0.113586861274696	0.28333291384454	0.777017097015335
TAG51:2FA15:0	0.605040344604195	0.572626209953929	0.328286566301752	0.648488062662807
TAG54:7FA20:4	0.774387445842234	0.520836213160138	0.351552154037787	0.682632675129738
PE(P18:1/18:2)	0.764572371056494	0.58305804258671	0.434692372482202	0.625887271200618
TAG52:1FA16:1	0.395130541259222	0.493576216823307	0.328117183725298	0.657037768262415
TAG47:1FA15:0	0.306497026831376	0.334836552625084	0.310316754474419	0.654267717445173
TAG50:5FA14:0	0.274494851352587	0.260851709349851	0.315031382026529	0.698656083027805
TAG55:1FA16:0	0.368259442035658	0.490309237922455	0.340334772421729	0.737116736317252
TAG56:3FA18:0	0.906155130015539	0.830509092594277	0.338846003984172	0.667481313514507
TAG50:2FA14:0	0.765198110699773	0.718585165683244	0.33745286384931	0.659408743470622
TAG56:2FA18:1	0.641265565312999	0.466318936733995	0.322843760325332	0.665323443594143
TAG51:3FA18:2	0.771041144840232	0.927028110349621	0.340991909961902	0.677665767235759
PC(16:0/16:1)	0.146058770538754	0.185862069280935	0.479567747324134	0.594158909498194
TAG51:1FA16:0	0.273476906917795	0.280746935872369	0.300490330930657	0.683508148130176
TAG52:3FA18:1	0.761728635536425	0.416814688272707	0.327509492944656	0.71947790191117
TAG56:4FA18:1	0.505375391386692	0.60303191676708	0.335462978170173	0.720734876945285
TAG54:4FA20:1	0.378283334264514	0.338099028390276	0.30861325278788	0.745762898242879
TAG56:7FA18:0	0.221227539706966	0.523222992390171	0.35110564543657	0.733064520479624
TAG54:4FA18:3	0.150552431933642	0.161794369329326	0.310096938873945	0.696942633191514
TAG56:7FA20:3	0.583496797119779	0.858925666861256	0.340330465630729	0.682688610439384
PE(18:0/18:1)	0.445145114456336	0.67211120649407	0.36421132304453	0.678103938957884
TAG50:4FA14:1	0.768097960070436	0.920980053096337	0.341223228635086	0.678356786559348
TAG47:2FA18:2	0.523167332485204	0.31657939681831	0.32438803905809	0.6594327574506
TAG50:5FA18:1	0.656426919659129	0.321146749188719	0.321386368818259	0.738738428195296
TAG53:4FA18:0	0.930566295686489	0.397120460365376	0.316618854955672	0.700392254064529
PC(16:0/20:3)	0.172300215540928	0.207595756768535	0.507956703113837	0.606029968944031
TAG56:6FA18:2	0.45944841831724	0.69131674601575	0.341395962094366	0.690656562231745
PC(14:0/20:4)	0.584105435207857	0.226903523600456	0.436655910736713	0.675097617719837
PC(18:1/22:5)	0.386278249254439	0.36750310075139	0.248666201002577	0.689242260995154
LCER(24:1)	0.936749462501522	0.886547222944873	0.335110825484665	0.676421480601986
DAG(15:0/18:1)	0.437956029582974	0.325904260100422	0.34154481804132	0.703951820141719
TAG45:1FA16:0	0.282351326770149	0.285708221285382	0.30231982410372	0.663313351252021
TAG56:4FA20:3	0.958717552033578	0.909338524188143	0.337908813918184	0.674585854232912
TAG60:10FA22:6	0.580908243757953	0.905230912614495	0.339732601902936	0.693737445942338
TAG54:5FA22:1	0.107190254259011	0.164588288930887	0.307744047881549	0.651733368023076
PE(16:0/22:6)	0.916376084945229	0.475905623188616	0.26727635402796	0.880316000999212
LPE(18:2)	0.22069046802864	0.212343366853101	0.285721981317378	0.521515691409489
TAG54:6FA20:4	0.732961126628803	0.76611620470472	0.353413002957944	0.677841556751701
TAG54:2FA18:1	0.582840889407566	0.595575885235034	0.355347224912989	0.697673534577377
TAG56:8FA16:1	0.349503238847263	0.422182918644182	0.324581438683104	0.75521385032392
TAG58:9FA20:4	0.279836249826755	0.264809641853698	0.309181945294692	0.678488366549799
PE(16:0/18:1)	0.135743450444843	0.364500392510867	0.401396451901131	0.638020475185618
DAG(16:1/16:1)	0.715125218897101	0.549116241347156	0.344487664759413	0.707129125797095
PC(18:1/22:6)	0.761602486286036	0.7136687116596	0.393456693136856	0.632494357262697
TAG52:4FA20:2	0.601572328687544	0.556053126661288	0.322853859999403	0.733489454327844
TAG42:0FA16:0	0.752301934424177	0.843027540969556	0.331976942845345	0.676163043832373
TAG52:2FA20:1	0.433398783235928	0.474128620648527	0.331008804647343	0.650635517131845
TAG52:4FA16:1	0.334236032779086	0.149953515112988	0.283186437429117	0.797396916317707
TAG58:8FA22:5	0.250216548536967	0.360076531811282	0.344997295976159	0.722927275725428
TAG56:8FA16:0	0.421433364939527	0.576820614014152	0.34009129948894	0.723178515934877
FFA(20:2)	0.298429570855606	0.544749184479515	0.378178953798376	0.724307476659556
TAG46:3FA18:1	0.798993639597367	0.373499228417542	0.294578985505373	0.707833638502215
TAG50:4FA20:4	0.389131551487156	0.436524358213368	0.308340438294707	0.68530171886082
TAG53:2FA17:0	0.649540950429485	0.484674288303901	0.334817849598049	0.640934011222839
PE(18:1/18:2)	0.964085191362641	0.688455081136612	0.396368472999268	0.671099248327662
TAG51:1FA17:0	0.242485612595564	0.239394921825563	0.301535146809236	0.673047710789089
TAG54:2FA20:2	0.935194617208707	0.967077397130678	0.339383420678402	0.679941278560224
TAG56:6FA18:1	0.66991978624193	0.753519661340191	0.3439930172819	0.700759691149963
FFA(22:1)	0.382023909623424	0.74966123327544	0.333309227104502	0.662446655267105
LPC(16:1)	0.568990415476221	0.724669945031271	0.315707565792097	0.685587264007285
PC(14:0/20:3)	0.180072553238548	0.300336521024644	0.486204545512699	0.634820897204095
TAG48:3FA12:0	0.532268448344681	0.852923771462326	0.340266908005147	0.689284367622739
TAG54:6FA16:0	0.882529247841034	0.553049623695838	0.359007496565783	0.698342086678663
TAG46:0FA14:0	0.597170121558708	0.621867462144142	0.318068886825839	0.680958883311781
FFA(22:5)	0.624448903283696	0.728897143827522	0.33063322764707	0.66190458718104
TAG56:2FA20:1	0.950157289025542	0.733812624745379	0.329938134293381	0.669894673947488
TAG58:5FA18:1	0.983500795258282	0.93145838016679	0.340378950094162	0.685956694123875
TAG50:4FA20:3	0.609206988512161	0.617657043057369	0.327351062163884	0.659093426838944
TAG52:1FA20:0	0.13054975908623	0.0472991416326424	0.305979398060257	0.5988945029732
PE(O18:0/22:5)	0.884516141376147	0.760342921912543	0.366650571396668	0.66999817198396
TAG53:7FA18:3	0.250537335679774	0.458881944684557	0.363287797206634	0.682337674906614
TAG50:3FA18:0	0.730505703570237	0.552362109167917	0.337930902442636	0.681530528137258
TAG46:3FA18:3	0.409759675395624	0.672500795833739	0.347202879434214	0.691136085349284
TAG54:7FA18:1	0.0882615851106996	0.11120255579821	0.305322757331173	0.727294038373768
TAG55:4FA18:2	0.563218710631926	0.835641748419277	0.337371105844368	0.672609998683041
PE(P18:0/22:6)	0.86186029934763	0.759324129549006	0.317363217756262	0.784766715785013
FFA(18:1)	0.74183725514565	0.580064655394173	0.323983709288699	0.718478523429753
TAG50:5FA20:4	0.448560951435968	0.611732602826113	0.323009264832955	0.669722373433115
TAG53:3FA18:1	0.93680233326413	0.945995165078995	0.339267731698616	0.686124709936168
TAG50:5FA16:1	0.686310737752968	0.0598305810274068	0.257239183205443	0.841009042269425
TAG50:4FA16:1	0.715962937532526	0.100707612580469	0.25676005221698	0.811663014393736
TAG52:4FA20:4	0.411780468669818	0.683522190525182	0.32400466261592	0.694955477127495
PC(18:1/20:5)	0.328777846492642	0.962819689946725	0.340371115581001	0.691803569097436
DAG(18:2/20:4)	0.525806825268656	0.578644122089403	0.339732500952458	0.688277606504298
TAG54:7FA18:2	0.0507360941659285	0.194424452375249	0.307051735608631	0.61634323432702
TAG56:7FA22:4	0.682905539222447	0.438384583884171	0.362000281126256	0.686474267192796
DAG(18:2/22:6)	0.401151325450864	0.713319289755943	0.336274605733654	0.711713605238786
TAG49:2FA15:0	0.425563994918211	0.516565785503369	0.333332388196498	0.674282100002971
TAG46:3FA12:0	0.521252541498992	0.730622704119405	0.33822643447133	0.698020485415692
TAG47:0FA16:0	0.534293271397594	0.619644483959537	0.318448929043933	0.682497757869086
PC(18:2/18:2)	0.376881114393891	0.984129626205242	0.364184177161137	0.681273813531804
PC(18:2/20:3)	0.683245910748415	0.531114302830837	0.481358886008882	0.66317505740239
CE(15:0)	0.836801202123838	0.372005517112649	0.4407614533122	0.597124227721919
TAG54:1FA16:0	0.239364545470203	0.0877585575008014	0.275737634772455	0.651350388929883
TAG49:2FA17:0	0.275397917238381	0.23210136087973	0.335115783407321	0.648442629193647
TAG54:8FA18:3	0.0342304938162498	0.0892738532524642	0.29311204947367	0.575367738824494
DAG(16:1/18:0)	0.164645456158898	0.315830743620366	0.325863465338218	0.666610361732076
PC(16:0/18:0)	0.774331734155689	0.658521875351724	0.444173118754486	0.642549631686427
TAG54:5FA18:3	0.0439180835303314	0.0333336631964934	0.277126794031432	0.728307523395922
LPE(20:3)	0.827881029292875	0.936622615033717	0.347698587753883	0.684996141564689
TAG55:1FA18:1	0.229387162498471	0.483094423278355	0.353814520455329	0.734381217251845
TAG55:2FA18:2	0.216188178430027	0.415741281151037	0.340217104496465	0.724949127682046
PC(18:0/20:4)	0.491265136528491	0.606028508338475	0.322787934090023	0.685148334065817
TAG54:5FA20:3	0.951347967999695	0.738736603413504	0.350223548482643	0.689923139219974
TAG56:3FA20:1	0.640040936675585	0.793705234555549	0.342400020348324	0.693229615360452
TAG48:3FA14:1	0.263833516086117	0.656258778930583	0.340233121638348	0.671434233723732
TAG56:8FA20:5	0.191349384986222	0.45629516751188	0.336913125310329	0.736273727331534
DAG(14:0/16:0)	0.455240148571319	0.308757194705582	0.303201801507175	0.676939406594529
SM(26:0)	0.961490163113383	0.375679532905498	0.495796939948273	0.617217589399062
TAG51:4FA18:2	0.630411164149901	0.632062725503061	0.33014028009665	0.695881855849196
TAG56:7FA16:0	0.334962363407609	0.441731736902253	0.332812104384146	0.747006393786087
TAG48:4FA18:2	0.244331375626484	0.424159210012707	0.336303353313824	0.688864946747519
TAG50:5FA18:3	0.409063971033541	0.216355616149518	0.300064399574818	0.716117830355788
TAG53:0FA16:0	0.40290891073684	0.379803652451593	0.367587521897094	0.73338904358788
TAG44:1FA16:1	0.471442524462395	0.418414108256333	0.32490597857241	0.648063558650563
TAG60:11FA22:6	0.544111048343652	0.946139764858128	0.339171752600188	0.690801110929876
LPC(20:0)	0.0920490066197464	0.19483883956595	0.252637969809913	0.643964186968299
TAG52:4FA14:0	0.589211551297092	0.473311003103385	0.3255453144318	0.648532163045487
TAG53:6FA18:1	0.575154943879202	0.651293913755044	0.304036658235095	0.687291996348786
PI(18:1/18:2)	0.989773838056955	0.664590006795184	0.405563930100348	0.732299219928239
TAG52:4FA18:0	0.709673193252829	0.363129628712646	0.315495775870937	0.737703532211802
PE(18:1/20:3)	0.39486221028702	0.907076196728983	0.37047348331574	0.672020832588
MAG(16:1)	0.660598138060378	0.876867823713434	0.343291740542521	0.674412070727312
SM(22:0)	0.85925912727011	0.79223389226754	0.422095308073403	0.665817215373649
TAG55:8FA20:4	0.6794418773038	0.183148355454463	0.381213725572004	0.618171647476054
TAG58:6FA18:1	0.801171667321753	0.735414289264959	0.343295142706597	0.704433548432673
TAG56:5FA16:0	0.74870867844781	0.990446541159478	0.340712131039956	0.68131297894423
DAG(18:2/20:5)	0.346378823062358	0.666596200299781	0.331665557548726	0.706515707296957
TAG58:2FA18:1	0.347314518913354	0.476691797545732	0.328728790068883	0.663617826336357
CE(22:0)	0.993888435855417	0.14883123234362	0.516985468987296	0.526051717027872
TAG54:5FA22:4	0.380756467322329	0.788312854087538	0.32791503676405	0.688983440670574
TAG58:3FA18:1	0.401393303138849	0.486985505250443	0.332733894617157	0.670111378447303
TAG56:3FA20:2	0.695678877655055	0.773202438268855	0.342045503940609	0.707880294692844
TAG52:2FA18:2	0.934345721560624	0.783487008991579	0.34141819025898	0.684799244525315
TAG53:4FA16:0	0.891456248567016	0.962143455836794	0.339065902923172	0.682080942860575
LCER(22:1)	0.531432305621928	0.765012690368276	0.393558881521634	0.683645834269385
LPC(20:4)	0.159942818989181	0.0918059978070006	0.631731228588734	0.447456833833223
TAG48:2FA12:0	0.703010481651223	0.944400908031698	0.338119627866505	0.678495484755264
TAG58:7FA22:4	0.788196500479204	0.647290203340367	0.357108620275384	0.683202103401217
PC(18:0/18:0)	0.775922313930388	0.950737371264433	0.348201379473337	0.686988092452008
CE(18:3)	0.875915639177122	0.713302398297186	0.407662671957446	0.668579863605411
TAG51:4FA20:4	0.217436859466833	0.224611094066796	0.294499240122317	0.676749459786959
TAG56:4FA20:2	0.476821800557264	0.620123682716656	0.330337346609457	0.729328860753451
DAG(15:0/18:2)	0.462637192522837	0.64134330446463	0.364676976104996	0.70368748566358
TAG46:1FA16:0	0.869144684670426	0.619153269485148	0.323405044589374	0.667483792930827
DAG(16:0/16:0)	0.512102891669839	0.611273681462362	0.328362763898931	0.689771170645382
TAG54:5FA18:2	0.119163774438127	0.181707186540185	0.308779533530179	0.642369088985213
TAG42:1FA12:0	0.545237228022025	0.963256354913251	0.341484369870116	0.68356986464902
DAG(18:1/20:2)	0.720973661636765	0.403757231868613	0.350443200780007	0.609949864690893
TAG52:7FA16:0	0.780676372988114	0.734432689515648	0.324959577595716	0.681998783316997
TAG55:5FA18:1	0.793408069362985	0.939120392717009	0.339233585430848	0.682119400470479
TAG52:2FA20:0	0.675804576822595	0.519629926651288	0.334098887451374	0.66164134962639
TAG46:1FA14:0	0.370702796857273	0.408698536510324	0.315452499444315	0.658922446337128
DAG(16:1/20:2)	0.293196088197579	0.241391302939745	0.373429789984856	0.637562949809665
TAG53:5FA18:1	0.575640920724252	0.53155024102554	0.339738350968999	0.675645450160329
CER(18:0)	0.59815466806624	0.926930867220691	0.354605868550094	0.675214457550836
CE(24:1)	0.460117954623072	0.527987633763349	0.370735438233004	0.665463655728782
PC(18:2/20:4)	0.785139713852371	0.95739338894789	0.352981956940658	0.68755981384435
PC(16:0/16:0)	0.848051244145483	0.762286374597931	0.413691283245123	0.647967624808281
TAG50:6FA20:4	0.997483973742734	0.958195718424514	0.338746021224348	0.679973434142188
TAG52:2FA18:0	0.921200215942046	0.874394305868826	0.341298639221894	0.681605736244892
TAG55:2FA18:1	0.397236659711387	0.785624525352094	0.351219501052101	0.68584967262319
CER(24:1)	0.747670466768981	0.842133201209683	0.367748751553203	0.654538487032232
PE(18:0/18:2)	0.966952425891096	0.836103722013441	0.328482695648573	0.69882717459448
TAG52:0FA18:0	0.861031340062299	0.769507675101652	0.323540903043286	0.677807437433759
TAG50:4FA14:0	0.447961589102848	0.53241024000938	0.325927210003326	0.702161882474113
TAG52:2FA20:2	0.509806979132639	0.687589190969865	0.331760370069484	0.680901542000227
TAG58:6FA18:0	0.467415180508964	0.282410680851872	0.331591969690219	0.776142273707377
TAG55:6FA20:4	0.444100431140472	0.466806772646653	0.324960128070691	0.667962360206223
PE(P18:0/22:4)	0.996403620723548	0.584040174130705	0.319613037178085	0.672706609431339
TAG51:2FA18:1	0.458777238506154	0.56138587549949	0.329862248708351	0.64854343105667
TAG50:2FA18:2	0.757791880856034	0.987976948059291	0.339789144544238	0.681101434545511
TAG53:3FA18:2	0.954581242863168	0.807480121115696	0.34370974002991	0.670706203835373
CER(24:0)	0.506694209467504	0.0510533071661404	0.431046209136004	0.408078329442775
DCER(22:1)	0.973525355280495	0.796160011518677	0.340940882927162	0.679681554665476
TAG46:2FA12:0	0.642816836255697	0.979387261957817	0.340240225010096	0.682548238032748
SM(22:1)	0.77498907680784	0.820777627591752	0.333974690845044	0.711811400938432
TAG48:1FA16:0	0.292346685087933	0.404904558101537	0.314217615242426	0.685072956899992
TAG56:3FA18:2	0.782497436646683	0.697242721651609	0.338683753817084	0.681029882416381
DAG(18:2/22:5)	0.674663461464006	0.835968876620463	0.336548890900841	0.686405409944725
TAG57:9FA22:6	0.954960888141657	0.889967211661837	0.334999641664126	0.684122433362506
PC(18:1/18:1)	0.813921286273701	0.853479556406531	0.386960525913573	0.670996818609546
TAG52:4FA22:4	0.542440127659861	0.514157051643717	0.305916153999334	0.700712386778893
PI(16:0/20:3)	0.540926822458203	0.400346304062589	0.47946736530397	0.647999717805449
TAG50:2FA20:2	0.487853083403666	0.418576234113504	0.319475470665132	0.660435645835883
TAG58:10FA22:6	0.197855687426651	0.473827138878415	0.341317017604314	0.737577598478059
TAG54:4FA22:1	0.227926009096134	0.159302742417713	0.318658525954735	0.707825127844759
TAG42:0FA14:0	0.643411839419679	0.976704946088569	0.341235252050338	0.683355491793819
TAG47:0FA17:0	0.531560948058619	0.442164728810028	0.307871626115183	0.677440491002584
TAG48:2FA16:1	0.297771723305085	0.861268427993465	0.340550578808458	0.677459217832484
TAG54:3FA20:2	0.77216411045088	0.871547622513991	0.343469637249052	0.69218005559407
TAG42:1FA16:1	0.610331750559719	0.506171792679587	0.316316601484447	0.666067848600977
FFA(18:4)	0.385283767411571	0.272179701505114	0.436465950904578	0.66826130558589
DAG(16:0/22:6)	0.86230381082331	0.995651183378232	0.341336541955129	0.684060201807579
SM(14:0)	0.726117914526484	0.959506896433704	0.352329784799576	0.699180871856085
TAG47:1FA16:1	0.340041164148062	0.59357426261695	0.331413912819586	0.673173199258971
TAG51:4FA15:0	0.610697434244745	0.738171174348135	0.337307764164337	0.693424556683571
TAG47:2FA16:1	0.299439317081805	0.705296000401058	0.34054992531898	0.664326868779922
PC(16:0/22:6)	0.451554068476872	0.606255194628907	0.301748141433278	0.788773226941023
LPC(17:0)	0.181412185885525	0.305500652471898	0.291277438975184	0.724427329428034
TAG55:3FA18:1	0.68614816125077	0.966991573943978	0.34120378090409	0.68100134689493
TAG46:3FA18:2	0.951028050923635	0.642855865674856	0.330250542446139	0.677940123800894
TAG53:1FA17:0	0.409738644710765	0.242464685636547	0.296682292390077	0.656255849023764
HCER(24:0)	0.641711018359146	0.658510508281945	0.305505546060622	0.735800574259126
TAG53:6FA20:4	0.519127291189315	0.946891064582965	0.339311942880693	0.679559761353042
TAG54:3FA18:2	0.490852979472032	0.471732692772818	0.335594287158379	0.696661967339848
TAG48:5FA18:3	0.120306681504543	0.199375180986677	0.32938614808091	0.675403041299814
TAG50:2FA14:1	0.199571268486629	0.152683201187079	0.296555503235481	0.646048497144929
TAG52:4FA22:1	0.335015386122671	0.158477997157849	0.302640859353605	0.745373991062194
TAG52:1FA16:0	0.736470671562137	0.811729351130362	0.331089207740621	0.678582820224401
TAG54:4FA16:1	0.566487981484389	0.475766469200122	0.31515581149322	0.750096303603596
TAG48:4FA12:0	0.227855570349865	0.451112053217891	0.337988997769474	0.696105557729649
TAG58:7FA16:0	0.7207180123751	0.448214421984427	0.322506490841762	0.700994665820291
TAG51:2FA16:0	0.323042357264176	0.527090380380367	0.333249919899773	0.66887521114788
TAG56:6FA18:3	0.26176757073212	0.4431104293678	0.318644256064427	0.709418029020377
LCER(16:0)	0.571025800199476	0.776226069937036	0.372846042118102	0.701384881541984
TAG52:6FA18:2	0.123738642428755	0.0502850662250759	0.287877303999041	0.774436466566457
DCER(22:2)	0.818555201689556	0.692884158491039	0.369562420724756	0.627421440559266
DAG(18:0/18:3)	0.86467002847549	0.883435549834076	0.337663034571999	0.683159553417899
TAG48:2FA18:2	0.751029421807661	0.621494295770474	0.333500580868176	0.67558868752432
LPC(20:1)	0.287155669267697	0.149779307394182	0.269603534417863	0.676331019316689
TAG54:8FA20:5	0.255130400471775	0.321544883570744	0.349655637660632	0.755630124727131
FFA(22:0)	0.908036889678069	0.948673044862929	0.338037000283726	0.680963034578158
TAG53:1FA18:1	0.804991625946166	0.524837942168724	0.311281813478075	0.670717868427901
TAG55:6FA20:3	0.798060112007843	0.783206538884971	0.352525253562292	0.677539822898144
TAG51:4FA18:3	0.869102642124858	0.419581887072714	0.333196009262783	0.709034543265203
TAG58:10FA22:5	0.180130833727796	0.404051361206543	0.348323270808419	0.716648695639583
CE(20:0)	0.179814005976921	0.851050899099282	0.331145090472222	0.676805832267103
FFA(14:1)	0.811138500213059	0.973601542938939	0.345479630372387	0.68159941484841
TAG48:1FA16:1	0.298263958359066	0.712006437825878	0.332464420606152	0.689599555814867
TAG53:2FA18:0	0.4573122197696	0.335288096582358	0.322639426477965	0.670450796683911
TAG54:6FA18:2	0.0900777503460792	0.225354042297487	0.309800864575459	0.614048242831997
FFA(12:0)	0.562534517720847	0.824920846066988	0.334391673369666	0.709670075258034
TAG51:1FA18:0	0.254573260658632	0.13875793437943	0.280931399196512	0.658807644762404
DAG(18:1/22:6)	0.657362952843022	0.959739719037562	0.33952049962799	0.689236096076664
DAG(18:1/20:3)	0.617123887145049	0.542538205428782	0.324687010568094	0.66253195765326
CE(20:3)	0.273618986282142	0.18168948118904	0.519935246748028	0.675964011867592
TAG36:0FA12:0	0.369961031712743	0.637419371442466	0.3358340018767	0.704021653566357
TAG53:2FA18:2	0.870831119928263	0.630728005715728	0.334828615537171	0.680513536575672
TAG53:1FA16:0	0.673780191693461	0.98153839240381	0.342592204407109	0.681010106253439
DAG(16:0/18:3)	0.919221015917712	0.508505140778652	0.333519352081066	0.669161278615421
PC(18:2/22:6)	0.582188552067493	0.315965710131929	0.469979230331974	0.581366174576535
PC(16:0/20:5)	0.308833280164899	0.963601013153641	0.339383808086785	0.692177471151391
TAG47:2FA14:0	0.462908920683696	0.376202295388398	0.327405875060019	0.653252885335449
PE(18:0/22:6)	0.724976021827136	0.894006268707874	0.339478399648063	0.723208870475031
HCER(24:1)	0.535091503643663	0.362268861521629	0.264037070244196	0.741083188419248
PI(18:0/16:0)	0.715173508694358	0.608470431169835	0.302509080503486	0.632925216159887
TAG53:4FA18:2	0.733496315630583	0.877844022673246	0.336362413877404	0.686355865674003
TAG54:5FA16:1	0.938133904725819	0.59976998411134	0.335734781277697	0.713659816408596
PE(16:0/20:4)	0.705043756973981	0.722853452964072	0.316622547407392	0.732289490474598
TAG52:1FA18:0	0.71007757739088	0.732997636166003	0.324721306073256	0.679571217663882
PI(18:1/18:1)	0.333425580492897	0.130292707144141	0.477245017204579	0.840953969387866
TAG54:5FA20:4	0.536863692440563	0.842381780870247	0.330961607678192	0.684481543370264
DAG(18:1/18:2)	0.75659050088597	0.571454937690479	0.321132480150724	0.7063913307716
TAG56:8FA18:2	0.384801999593481	0.567610233642415	0.335117620704226	0.715020148360068
TAG56:8FA18:1	0.235817262301279	0.507772620355087	0.345992284805271	0.732277015458697
TAG46:1FA16:1	0.290245919936813	0.490391788743659	0.323469783075865	0.677229844911317
TAG53:5FA18:3	0.418965588238415	0.219301310296044	0.306673951957256	0.717716976003742
DAG(18:0/18:1)	0.871652697170982	0.93241146797999	0.337872172082907	0.677820263756274
TAG42:1FA14:0	0.531833034965132	0.39961222296329	0.305466434351702	0.652777809085625
DAG(16:0/18:0)	0.298634445638053	0.318394020631468	0.301354895916841	0.68172138382078
TAG46:2FA16:1	0.417141635538724	0.696830808684583	0.340819244907428	0.664123523895847
TAG56:7FA16:1	0.323822524932089	0.16783966897232	0.312803833057235	0.827270161021574
PC(18:0/22:5)	0.624861307753452	0.676219566431658	0.429155238392589	0.643644839599688
TAG47:1FA17:0	0.433186030629839	0.25683748326202	0.316862330780914	0.647395109778303
TAG49:0FA17:0	0.439137624640439	0.551194012638481	0.316606186370618	0.685791639875171
PC(18:0/22:4)	0.307854508556627	0.237461949232903	0.413689492436882	0.828819340406046
TAG54:8FA22:6	0.533128406116677	0.450751957988152	0.33387559514439	0.749528342027127
LCER(20:0)	0.8292417662646	0.884344305338624	0.33473395560712	0.684652047398494
TAG44:1FA14:0	0.927236199066584	0.62791741451638	0.327300460724913	0.659111768594014
TAG50:3FA20:3	0.255747181878055	0.242917410076756	0.292218447336347	0.674929286161308
TAG54:5FA18:0	0.141082663412744	0.211003668315983	0.299737607767558	0.658506943299041
TAG48:1FA14:0	0.390075127921835	0.32327519713464	0.306742233613685	0.66439015984302
TAG40:0FA12:0	0.383933515574555	0.725874122767895	0.34990915565402	0.696913753048377
DAG(16:0/20:4)	0.214009048903567	0.182317366631869	0.322769856780728	0.712442534008779
TAG52:6FA16:1	0.170290826658105	0.042573585766987	0.266708587825873	0.79893663422583
TAG54:0FA16:0	0.179873283553293	0.0235859408081694	0.251960101030717	0.616081119907403
CE(22:1)	0.499129138352878	0.647665468877962	0.294471300455349	0.719931317712132
DAG(16:0/20:3)	0.235036070200157	0.211588660395514	0.326658185219999	0.68335026214028
TAG52:4FA20:3	0.447133630047529	0.807532242594628	0.333049109676525	0.67810699316624
TAG51:3FA16:1	0.548869697244369	0.847054728473727	0.33438127666456	0.697273706196475
TAG52:3FA20:0	0.660665343667455	0.447425082358294	0.335378520220123	0.699567758850076
TAG47:1FA18:1	0.307379993390053	0.196619411246946	0.301110643405451	0.634178945613712
TAG53:3FA17:0	0.98031604696902	0.851152477315749	0.343867500819647	0.670746599476534
TAG54:7FA20:5	0.280872092922822	0.375320095987504	0.357530563663896	0.744288422693256
TAG56:6FA20:5	0.432686462278849	0.973185517053609	0.339745051983269	0.687449951792004
TAG50:0FA18:0	0.625421829434135	0.670355665496398	0.318059963227721	0.685400668120134
TAG50:4FA18:1	0.746478155734877	0.518639507314983	0.324760813547072	0.714260084368174
PE(18:1/22:5)	0.45929403445026	0.961594747923436	0.349141637552994	0.692559509504364
TAG46:2FA18:1	0.534622977537839	0.328675394372851	0.303853837051747	0.652455639023409
TAG47:1FA14:0	0.308814551176082	0.273125584135648	0.303418724191407	0.646678727795664
PC(18:0/18:1)	0.531065782673412	0.426791829380909	0.503445174741823	0.616339957534501
TAG50:0FA16:0	0.55337063269047	0.652652841335962	0.317841474876802	0.691079048296092
TAG54:6FA22:6	0.716429099824759	0.979813690998333	0.34019892933692	0.68434686978906
TAG56:7FA20:4	0.787749421224918	0.940938091073696	0.342832826680598	0.679546262018203
TAG52:4FA16:0	0.377762834305067	0.326982086006072	0.321278023959574	0.688677601684886
TAG42:1FA16:0	0.546418439943073	0.407377634882122	0.295280704612571	0.690450755775217
LPC(22:6)	0.115929430984965	0.13367115090999	0.363495808213474	0.783884993387922
PI(18:0/20:2)	0.518210791589466	0.808553028857847	0.409579052444899	0.650615518237326
TAG52:2FA18:1	0.771424214967473	0.84165005404028	0.341921845786097	0.691249855948906
TAG52:3FA16:1	0.66023393426829	0.257816836676739	0.305140602862391	0.775743094727189
TAG51:3FA18:3	0.861132673652614	0.871985346058284	0.338332806565858	0.68211225973996
TAG52:7FA18:1	0.720488191917682	0.834434321820164	0.334982784206651	0.675514208781418
DAG(18:1/22:5)	0.64943349767073	0.607936490365115	0.334047428223329	0.71815038351532
TAG56:5FA20:2	0.214630739167011	0.458677411025618	0.316902832899006	0.753972030998683
TAG46:1FA18:0	0.529459022732251	0.194159683527336	0.274075611584294	0.665174602136575
TAG56:5FA20:4	0.666012713678652	0.843615142755434	0.346184678575225	0.691162364024404
TAG56:2FA20:0	0.871316895893042	0.744271900182631	0.332376224829967	0.67422486284478
DAG(18:0/18:2)	0.940611765119656	0.949694269651215	0.341028401996275	0.680643651048196
DAG(16:0/20:5)	0.856378782044572	0.276498596788276	0.358715789241308	0.633630594567527
PC(18:1/20:3)	0.220983395579527	0.215098869800199	0.586698295695419	0.63419473326506
DAG(14:1/16:0)	0.638674510718215	0.473505845457317	0.317608628680988	0.729698138363378
TAG48:5FA18:2	0.131682646147056	0.249914903988213	0.329250887951525	0.670451272005485
TAG54:3FA18:0	0.421052674379931	0.378938055165414	0.333327337508022	0.702876422132174
TAG49:3FA16:0	0.72920595531797	0.824101447098788	0.33803530728995	0.683842041998965
TAG49:3FA16:1	0.660133050695679	0.694848143849007	0.329133391473882	0.709049376507153
FFA(20:0)	0.582638403850275	0.694749330375118	0.325393498369215	0.7102071529638
PE(P18:1/18:1)	0.73283475788424	0.114485177316995	0.559437569779489	0.540571767662064
TAG54:8FA20:4	0.532922637237995	0.741435964199793	0.340940281035606	0.688346507801927
CE(14:1)	0.192764562580721	0.0702613462505283	0.470112870865295	0.641290187945282
SM(20:1)	0.328760751173959	0.173253475451264	0.138989451857372	0.891516093356694
TAG51:0FA16:0	0.714879137574172	0.631236494437261	0.317430781112587	0.684193867792023
DCER(16:0)	0.0300192566389259	0.0666509985038428	0.504822365990807	0.605133894956064
TAG56:6FA18:0	0.470971302605791	0.690293540991297	0.341960014099607	0.704999992301119
TAG48:4FA18:1	0.299090527432094	0.47187276705997	0.340162796166637	0.701734667907488
TAG50:1FA16:0	0.43318944729034	0.674281923650377	0.326929545210323	0.691569625589647
TAG52:5FA14:0	0.509877305186032	0.564443262207158	0.323955717085603	0.664298342714874
PE(P16:0/18:2)	0.363713299430397	0.926849231011115	0.361270980091529	0.674051687297162
PE(P18:0/20:5)	0.714859142252533	0.376517687521048	0.386698009482275	0.563371807268046
CE(18:0)	0.385986576159996	0.380492312455628	0.458286755951353	0.656843232791537
PI(18:0/20:4)	0.949289495361097	0.705188484148924	0.312222548855389	0.697432159183268
TAG49:1FA14:0	0.299632741694892	0.191764386488398	0.303950975096136	0.639156645515604
PE(O16:0/20:4)	0.754337649133536	0.621162117255618	0.35478225648142	0.670035923593262
TAG53:3FA18:0	0.648328148868304	0.667657480207977	0.349807116426236	0.671482780594822
TAG56:5FA20:3	0.767385136215895	0.78790858649683	0.345983948389992	0.69612388015728
TAG48:0FA14:0	0.535356241425695	0.403942947171443	0.302120253288096	0.665993620365406
FFA(17:0)	0.187584340458252	0.407083155492011	0.381320609862623	0.679921202466028
TAG50:5FA20:5	0.645070575882148	0.568145142788749	0.322214138641522	0.653058519895869
PC(16:0/14:0)	0.17138251264158	0.0615750563921339	0.571155274669935	0.4784730414149
TAG48:2FA18:0	0.443272398037515	0.834323640700254	0.345654488991275	0.686293589445078
TAG50:5FA18:2	0.471463931781612	0.443747452488771	0.317347885206562	0.68095243325733
TAG52:7FA20:5	0.633775336553325	0.778639034028148	0.343019275777132	0.704526864454331
TAG48:1FA18:0	0.773490454780617	0.771278301978615	0.329098477090151	0.671397482542271
TAG56:6FA22:4	0.869344933877269	0.832090148716396	0.352590154028579	0.675224188318927
TAG52:2FA16:1	0.753418806216255	0.748474912286908	0.335322650591328	0.702440779435372
TAG49:0FA15:0	0.287156166133736	0.216011613398265	0.287416660864002	0.672233936906846
TAG46:1FA12:0	0.849330014174684	0.745757663171426	0.330280359815406	0.66905068936925
TAG51:3FA15:0	0.990105833759678	0.958900113869014	0.340036653181265	0.685045336884901
TAG54:7FA18:3	0.0428671992591664	0.143922178974529	0.302668141046408	0.604628829129531
TAG57:2FA18:1	0.244446436872939	0.528521228213192	0.343893540553962	0.739539257627609
PC(16:0/20:1)	0.318338105138285	0.452955519320523	0.367432384379129	0.638370595191863
TAG38:0FA12:0	0.45257698542955	0.653385821948541	0.335673597173361	0.703224920070917
TAG49:0FA18:0	0.380990369307271	0.268846313348204	0.290998909726905	0.665751972144155
TAG51:2FA16:1	0.334662578677847	0.728141331434852	0.342577484894688	0.662000210128159
TAG54:3FA18:1	0.34583844913371	0.250071001263098	0.348624708815854	0.731323967031747
TAG54:3FA20:3	0.543585205107557	0.765881778702012	0.327161957083912	0.676157286261409
TAG58:7FA18:0	0.445478574395432	0.631770264728416	0.336847847834059	0.726803140707377
DCER(24:1)	0.320531133513895	0.491372974780006	0.412090427009481	0.604565800810457
DAG(16:1/18:1)	0.826879966220036	0.798175786956072	0.33532183950859	0.696162915904898
LPE(20:1)	0.504600057728687	0.528664639108992	0.343356705916559	0.705438430487454
DAG(14:0/14:0)	0.33536673342779	0.272095138591777	0.303145139330629	0.640024811457093
TAG48:2FA14:1	0.141257492495859	0.313280348601715	0.314967507802	0.665963317422452
TAG56:9FA18:3	0.409977318788276	0.277995896121301	0.329287578330039	0.728371105640048
PE(18:0/18:0)	0.727137808095111	0.799992356117483	0.381035497495765	0.646579957343689
TAG50:3FA16:1	0.800830423092962	0.415962143084939	0.312841917798136	0.719768205925204
TAG51:1FA18:1	0.288381385159713	0.27436687901204	0.303662857614362	0.663319575670576
TAG52:1FA18:1	0.758555710082717	0.893250013510201	0.335666093866961	0.678810824206591
PI(18:0/18:2)	0.915849452247111	0.797661322193071	0.3977929664353	0.698895859160213
TAG49:1FA15:0	0.270874950391551	0.249790661956634	0.299218392113384	0.669080521442261
PE(P18:1/20:4)	0.685388198490137	0.842197304306138	0.33460373672313	0.68286923320929
TAG51:0FA17:0	0.3533115365483	0.320874341285849	0.298332900468041	0.681004863375371
TAG48:3FA16:0	0.519248949992851	0.78841189715545	0.338699469059057	0.678325402106229
CE(12:0)	0.435027628515715	0.475550577295266	0.423397455747225	0.628766791772182
TAG53:1FA18:0	0.426721608279706	0.218601853076241	0.286833583011165	0.674898322830134
CE(18:1)	0.875532743831804	0.549192964749616	0.42666250251358	0.649705257885099
PE(P18:0/20:4)	0.625292093431659	0.538051933575058	0.318326362735948	0.72059577376191
TAG54:3FA18:3	0.926530300083308	0.331869845268655	0.323554333414535	0.647070686682062
TAG54:4FA18:1	0.184786182873936	0.143265560089237	0.324221615467865	0.709650250533809
TAG58:8FA20:4	0.395622392150895	0.354972968120599	0.296659185419797	0.686002294164861
PE(18:0/22:4)	0.789311242229867	0.671514128048003	0.334455080566288	0.679245101121779
TAG44:2FA18:1	0.58741178036944	0.316506181687323	0.283847549233653	0.686910123750082
PE(16:0/20:3)	0.0414152359614909	0.0818457263829169	0.596320146329938	0.5118333258782
TAG46:2FA14:0	0.593047849255053	0.531475052022122	0.33271556168954	0.658897370465207
PE(18:2/16:1)	0.336982263510831	0.896666272509096	0.361222645725044	0.669517540241515
TAG56:4FA16:0	0.527023090376373	0.708757554142572	0.326037309790083	0.678458480517155
DAG(18:1/20:4)	0.365685279094119	0.394006855911956	0.319819613485985	0.684559606370758
TAG52:3FA18:0	0.775696512024364	0.464008309674806	0.321810099624803	0.704440210770339
TAG58:10FA20:5	0.707052351669528	0.691882623584639	0.341421991103078	0.652074005933727
PC(18:0/18:3)	0.955025315812042	0.73188464669356	0.310404563519389	0.703428225493455
TAG55:7FA18:1	0.947516758598734	0.61788519049087	0.318475867580997	0.664644296932008
TAG60:11FA22:5	0.732867925012504	0.908327406468388	0.341986617839555	0.674872219623511
DAG(18:2/20:3)	0.556949090992536	0.40294338457081	0.334590972744533	0.660260235581966
TAG40:0FA16:0	0.414788676930023	0.79411488530218	0.35309296874747	0.690330881313586
TAG54:5FA16:0	0.753852739206784	0.974296463166858	0.34255684570551	0.681763339767382
TAG58:6FA22:4	0.875836321540997	0.626549418777402	0.364704558399572	0.685556062259962
TAG56:4FA18:2	0.495347617637395	0.647214425142104	0.332240850902225	0.690017358495099
PE(O16:0/22:5)	0.890349679492301	0.478842019375141	0.407657273563397	0.639246659707991
PE(O18:0/22:6)	0.482905512722086	0.887336787446279	0.334333506177313	0.712191016049339
SM(18:1)	0.861253211849994	0.586229104580299	0.277256246587688	0.748625153100977
TAG51:5FA18:3	0.37590307626557	0.144313026218415	0.306291111544574	0.728147161828144
TAG54:6FA22:5	0.859033846705166	0.714754745353664	0.34578867863949	0.692091906742085
TAG56:4FA18:0	0.916069962760574	0.821360402330859	0.341733917177926	0.699852744441128
TAG51:3FA18:1	0.992658966851548	0.97589156208234	0.339800418832374	0.684933886048728
LPC(18:0)	0.162418793705131	0.0305820917241482	0.143888720045475	0.675702235647913
FFA(20:5)	0.943811505955056	0.491834039149677	0.345224549693855	0.660009382964704
TAG54:6FA18:1	0.0389068537833812	0.0731706563870507	0.290007056459741	0.686391557295197
TAG52:6FA18:1	0.322626987614566	0.165763882966548	0.322376003213957	0.799425666964483
PC(18:2/20:2)	0.0242099835604247	0.0459525310561518	0.137515844989237	0.913989984716352
PC(16:0/22:5)	0.335421058715582	0.445334459399828	0.265373692569966	0.786768494721542
TAG45:1FA15:0	0.333144918065347	0.317618986119608	0.323774381792837	0.644386388998758
TAG50:3FA18:3	0.94827761262368	0.606441592663734	0.339075948126234	0.665708385627998
TAG48:1FA12:0	0.612535384625943	0.92583414210471	0.337092136871179	0.677961300163879
TAG52:6FA20:5	0.992873491180685	0.911848118716367	0.342846269422309	0.688388306365302
TAG53:5FA20:4	0.325608586985502	0.563771361537636	0.321512870764617	0.671111026950147
CE(20:4)	0.389192844427142	0.692607443505953	0.330139531441566	0.670587724802181
CER(22:1)	0.205962621844908	0.69749884528561	0.421046062542339	0.633547350324207
MAG(18:0)	0.195889644920943	0.0201005315548435	0.315166973425272	0.806230339300025
TAG48:3FA18:3	0.958279484670951	0.994914445092902	0.33947215414268	0.681222105026968
FFA(18:0)	0.483960336176191	0.868718598712645	0.338507477760146	0.682856456574201
TAG52:4FA18:2	0.318482588157807	0.233224398998645	0.306684882219841	0.707423407933919
TAG42:1FA18:1	0.617570981580463	0.937323489540148	0.337801298712715	0.679044463735564
TAG60:10FA22:5	0.538217165583328	0.768441461979481	0.343231623516856	0.695862278535619
DCER(26:0)	0.642869134380506	0.506112863395282	0.344996638610419	0.704359462542906
LCER(18:0)	0.82328919040131	0.539395458567966	0.277022416704905	0.726753940057339
TAG42:0FA12:0	0.424010391750142	0.842718942214969	0.344353816872803	0.691508471152406
TAG51:3FA17:0	0.56639419053347	0.992616642471396	0.342079267937885	0.681683521005013
TAG52:6FA16:0	0.339411888757541	0.0761454774362127	0.330053097431691	0.704904599809774
CE(22:4)	0.726871551466007	0.669595134788539	0.37763601763664	0.692936118527005
TAG48:4FA14:1	0.518231670855675	0.667649751645314	0.326495095165083	0.704926239404052
TAG50:3FA18:1	0.991753978912941	0.828909260944499	0.336228358642331	0.695461210550485
TAG53:4FA17:0	0.72771704833072	0.989026681027171	0.340298084176338	0.682226114091127
PC(16:0/20:4)	0.306635812137899	0.557327761557338	0.33498980036906	0.678258097775102
TAG44:1FA18:1	0.878751499864964	0.481287627205984	0.31013341127788	0.662024283482472
TAG48:0FA16:0	0.623960507050526	0.847956948561466	0.332199392778292	0.688960611710518
DAG(16:1/20:4)	0.267159798024822	0.489014851710347	0.33037775000757	0.686468053934331
PC(17:0/18:2)	0.385500419711234	0.860449533293588	0.407539721885666	0.661394764900033
TAG54:4FA18:2	0.190054787893811	0.181266353037748	0.316641315730706	0.696713079933772
TAG50:0FA14:0	0.616782631227516	0.243345793863352	0.280828100919311	0.641754084130002
TAG58:7FA20:4	0.729389862311694	0.552956835638515	0.320322760525905	0.658490002047999
TAG52:4FA18:3	0.352813612851154	0.129816099305345	0.331500477367535	0.703023364913149
FFA(16:1)	0.725601682431205	0.505221278794315	0.304086146882726	0.740584617149059
TAG51:3FA16:0	0.635136918033305	0.793995274403968	0.339105320183312	0.678597926026228
TAG50:4FA18:3	0.795065812448091	0.264663645980711	0.316776149138282	0.718782210190194
TAG54:4FA20:3	0.727793500395245	0.86919742440292	0.33365028096085	0.677260292226226
PE(O18:0/18:2)	0.60590678806546	0.996344499676295	0.358859726076176	0.685274358999145
PC(18:1/20:2)	0.795979954267694	0.907824730684231	0.344216603853062	0.68728751792583
TAG49:2FA18:1	0.409683569827983	0.569912039839661	0.336254000074181	0.64731316937428
PC(18:1/20:4)	0.573489145260787	0.998147395271569	0.341247070525292	0.681430204612472
TAG47:0FA14:0	0.513054073832392	0.479771726357232	0.313369517609397	0.66648093387268
TAG52:8FA18:2	0.849699809280493	0.987230092531446	0.3398034430773	0.681114615002
FFA(22:6)	0.938384416371366	0.794515038887238	0.331453256274615	0.656941052872608
TAG47:2FA15:0	0.475882067004858	0.484606482430007	0.332139696715379	0.656398740578884
TAG48:2FA18:1	0.860305728258928	0.740194211593724	0.334307291523474	0.664558163115524
TAG55:4FA18:1	0.688173850593659	0.821187675061271	0.342182706264569	0.676052074215844
TAG52:3FA14:0	0.830187160292984	0.612778199837623	0.340617752201281	0.647523659036592
TAG46:2FA16:0	0.680944165503176	0.999289551936893	0.340038822499187	0.68141654524788
TAG54:4FA20:2	0.576596654383086	0.714320092177609	0.335450174184312	0.712120509680881
TAG48:4FA20:4	0.948782624557602	0.6737147069773	0.324676984872911	0.666601630398498
TAG56:3FA18:1	0.824744117075369	0.937723042730842	0.33964834688284	0.685036848883743
TAG54:7FA22:6	0.997607280055616	0.707105726252599	0.333791831352511	0.717240803917089
TAG49:3FA18:2	0.539105089288177	0.840006186204762	0.345591253526825	0.671691731242111
TAG52:3FA16:0	0.695130222258258	0.441753182074794	0.332331705641617	0.708963392550183
TAG54:8FA18:2	0.0655224531011942	0.118783786533543	0.30411454675435	0.656443380488062
TAG54:6FA18:3	0.0464078999256426	0.0888893868614843	0.290173153645409	0.662791140009844
TAG56:8FA22:6	0.397234132503129	0.582903016510079	0.338581833859284	0.72818948215445
TAG58:8FA18:1	0.196149288921274	0.393463862582714	0.340353548635802	0.76916463092208
TAG55:7FA22:6	0.792600610026473	0.94438062107074	0.339939504950258	0.693600775529384
DAG(14:0/18:3)	0.548142199930043	0.695736795350731	0.340094697912316	0.691336248591171
PC(16:0/22:4)	0.928188934541739	0.722797335354307	0.354560586885971	0.702623424661821
TAG56:9FA20:4	0.964538169442518	0.779899721823145	0.34028448507985	0.679216678975906
TAG57:8FA22:6	0.38684302457429	0.572132516021306	0.333469015633701	0.730888608469149
TAG56:2FA18:0	0.807655311220535	0.717428963070779	0.329657630893269	0.671988694304075
PC(17:0/20:4)	0.137610452500521	0.84258561808114	0.337825366646879	0.692957899620203
LPC(20:2)	0.0990124921955057	0.0622153253810663	0.246711101478507	0.607231336736207
TAG45:1FA18:1	0.393690437340658	0.28390869733709	0.305421483450485	0.647507697016923
TAG52:5FA20:4	0.314247629628863	0.747722962883177	0.32775029300799	0.687508460737067
PE(18:1/18:1)	0.374911447413517	0.426868361286865	0.358125244503649	0.690834891654019
PE(P18:1/22:6)	0.935522193047986	0.794438489624821	0.323046883482718	0.752359567875299
PI(16:0/20:4)	0.398961805187101	0.810275753676074	0.382430277548441	0.685049626778773
TAG49:3FA15:0	0.726507470884624	0.838074137400688	0.335935974726969	0.691152026091976
TAG51:2FA18:0	0.616317366125957	0.52674871049978	0.326249724638123	0.679990814564927
LPE(20:4)	0.795522120037143	0.676467785352959	0.341685598915788	0.628612490487094
TAG44:2FA12:0	0.667623820093849	0.943860285858988	0.338560478496486	0.678923745278297
TAG56:1FA16:0	0.131544134376307	0.101194731790216	0.284279092315936	0.656695112809754
MAG(15:0)	0.307258063058726	0.744707294886726	0.345470257824422	0.685752007293453
DAG(16:0/18:2)	0.920289425907178	0.735954333704153	0.334355474535736	0.677412875950693
HCER(20:0)	0.0629510278148374	0.0933723545149896	0.185275895466255	0.823855448151907
LCER(24:0)	0.898767950060113	0.936700236301454	0.355871743527027	0.678815270869434
TAG49:0FA16:0	0.424289271434338	0.468114512819746	0.309246459110128	0.687945202882239
TAG50:3FA18:2	0.896977116248934	0.685404783487199	0.330136120944013	0.700336261125854
TAG55:7FA20:4	0.948331050566971	0.659652478558213	0.354812781081889	0.661365435409298
HCER(22:0)	0.448364767900849	0.557641092270904	0.291158800928321	0.720972762069911
TAG58:7FA22:5	0.306853430149367	0.382411375812801	0.35279069199294	0.741380192338659
FFA(22:2)	0.899089438958293	0.926440088552129	0.34328336163104	0.687580899821655
TAG44:1FA12:0	0.948328662874671	0.60483398183291	0.329259521776378	0.656030564369292
TAG46:0FA12:0	0.579938751784804	0.940968744626833	0.338051542549249	0.678762844590924
TAG52:6FA14:0	0.703009485297028	0.951468847135445	0.339480319976394	0.678918455692068
TAG51:2FA17:0	0.401327968790295	0.552815576309959	0.34216455271591	0.671242271131585
TAG56:3FA20:0	0.855746943689488	0.968127712970359	0.338867483038838	0.681360088157001
PE(P16:0/20:3)	0.243482481458945	0.150339936017292	0.493200526307785	0.516380116695959
PI(18:1/20:4)	0.32089248995319	0.812458205457763	0.373552206683616	0.693052574843347
DAG(12:0/18:2)	0.555445922611119	0.713074028665523	0.342180114344217	0.683594331187851
TAG52:2FA16:0	0.886454120843384	0.787552125198326	0.341784263836973	0.69195561293711
TAG52:3FA20:1	0.992931519368964	0.887368184628792	0.341442371390226	0.673815442590626
PE(P16:0/22:6)	0.431099462337105	0.344858665962071	0.254617859098151	0.905129625013974
TAG56:5FA22:4	0.631909020994057	0.955440580681161	0.339416078025494	0.683068175953304
TAG56:9FA22:6	0.332541490049495	0.477041631611272	0.335872593822906	0.737910107591157
TAG55:7FA20:3	0.513594285376204	0.801520780381245	0.356497550806603	0.679167262584578
TAG50:5FA16:0	0.934367297881839	0.409963982209923	0.347279397743797	0.713597517168512
TAG56:3FA16:0	0.451345066694647	0.37813834701188	0.327242709471401	0.663139610546631
MAG(18:1)	0.487935560355095	0.850796440200829	0.34332851387117	0.704449697366367
PC(18:1/18:2)	0.652287629879942	0.783802728921854	0.4322441684469	0.668767699822026
TAG56:6FA22:5	0.472483014752016	0.519607141013293	0.349383214640349	0.717505605111318
TAG57:3FA18:2	0.200582947599033	0.503719749956363	0.341583846740488	0.725855640743745
LCER(18:1)	0.85203123438029	0.68531046155565	0.361613418075265	0.67110179913838
TAG52:8FA16:1	0.34406668897216	0.455706613206638	0.327692853337705	0.663346448582978
TAG58:8FA22:6	0.317288767718645	0.541933246666713	0.335091961570074	0.74643892594403
TAG50:3FA16:0	0.832585848844158	0.488804617152934	0.321496282763659	0.693979442703704
FFA(24:1)	0.321159451831371	0.477973824522549	0.317424382194535	0.688298291043956
TAG55:7FA15:0	0.755733349957757	0.912627517619301	0.344282513527021	0.67245684903977
DAG(16:1/18:3)	0.656048320021037	0.768151028987927	0.337251117705512	0.685764176906558
CER(20:0)	0.898211042565134	0.755162577128652	0.319598250211787	0.73058600357642
PC(18:2/20:5)	0.554879364263022	0.690883468945253	0.374030152471634	0.643454564267009
TAG52:5FA18:3	0.206804375028472	0.0646532351401151	0.299143548924644	0.680236573995072
TAG51:0FA18:0	0.447970619202206	0.322673321716349	0.291142946814172	0.679499120740888
TAG55:3FA18:2	0.413922972701467	0.738925846342218	0.345091252318284	0.673436496916669
TAG42:2FA18:2	0.404624694142045	0.80902813558119	0.350583934514861	0.68622246554218
PC(14:0/18:2)	0.826563514764128	0.607633716434523	0.479071290444547	0.622901729162768
TAG50:3FA14:0	0.903084278179446	0.958450691449793	0.33934545223633	0.68548629585871
TAG54:5FA20:2	0.334688159121927	0.382318715141724	0.314425389964839	0.750391818334207
FFA(20:3)	0.870906163162931	0.968191484085749	0.339543896326294	0.684732518222751
TAG56:6FA16:0	0.474566479043633	0.429249930733238	0.343942705453863	0.724130513267435
PI(16:0/18:1)	0.23800211934476	0.157870582264837	0.488296366013376	0.787590537012773
TAG52:3FA18:3	0.532762942243359	0.313544322872143	0.336805904735913	0.679666719243202
TAG58:10FA18:2	0.260117909162599	0.548875153353317	0.341619704301708	0.720631282406113
LPC(16:0)	0.0423025621303042	0.0106901594253828	0.207423993660384	0.633162933269107
TAG44:2FA16:1	0.431288961916122	0.488902580954199	0.32803218401432	0.662040455920733
TAG56:10FA18:2	0.41343960615695	0.72890894232893	0.345068932872443	0.675706723718192
TAG56:5FA18:0	0.616298247702716	0.732378170465411	0.345072241801787	0.702429626254495
DAG(14:0/20:0)	0.0435033716132598	0.000992847819194555	0.629160853072415	0.550165745568366
TAG52:1FA20:1	0.394057432388003	0.394222283616706	0.304514226638568	0.683946645826855
CE(14:0)	0.665207342167502	0.212768582961775	0.528938810602629	0.555700097442586
DAG(18:1/22:4)	0.840351071538157	0.807686013027626	0.333946014013496	0.673762992415883
PC(18:0/20:3)	0.0440564964802095	0.0587309503258504	0.707237228181174	0.566375062207474
TAG54:2FA18:0	0.660421384036834	0.686977491777569	0.350679714258938	0.692173608008779
TAG56:7FA22:5	0.383326560930582	0.464732639990722	0.339579482491438	0.714053999417538
PE(18:0/20:3)	0.246602926532604	0.410748803162602	0.478521095422806	0.596087659905997
TAG51:1FA15:0	0.325878771803683	0.174374971015227	0.281096014902591	0.648979317068883
TAG58:7FA18:1	0.214105294409812	0.184791949593912	0.333535893940295	0.815495214315487
PI(18:0/20:3)	0.382402150527694	0.294360677011323	0.585817329762411	0.553669059785043
TAG51:4FA18:1	0.602575582072433	0.275034470076373	0.317741968511927	0.715852085263672
TAG52:6FA18:3	0.120057082578724	0.0342795479758242	0.259450729662785	0.721089294425193
TAG44:2FA14:0	0.595592594897485	0.97455438994446	0.340338776513357	0.68279507526999
TAG50:5FA14:1	0.989049115724279	0.981651730675416	0.339629354599146	0.681210921574863
TAG54:2FA18:2	0.834278891843767	0.882400015366938	0.340362688872483	0.683356892752676
TAG48:2FA16:0	0.439732208437402	0.588173270215841	0.332107600436632	0.677573029717095
TAG56:6FA20:2	0.1876132169664	0.512113821802197	0.318865255958577	0.725853504146532
TAG56:5FA18:2	0.275350113775108	0.487689304469979	0.321739893671931	0.719792734551972
CER(16:0)	0.408363156641731	0.525215646760624	0.42551338462471	0.584653704545677
PC(18:2/18:3)	0.686862000155503	0.902109905788303	0.335086520013726	0.683631820949572
TAG49:2FA18:2	0.420368828154791	0.355463730494258	0.331095337630348	0.675058797676124
TAG54:3FA20:1	0.784090831010542	0.845082210163576	0.33981315299224	0.692375689122687
TAG44:0FA18:0	0.782083981584933	0.703467791193836	0.341207958586705	0.680665120461527
TAG54:1FA18:0	0.705494608436028	0.907087359409483	0.346127174396238	0.684950345217043
FFA(20:1)	0.446423085472518	0.650398836218509	0.355369314643496	0.714875381562951
TAG48:4FA14:0	0.871657710755662	0.621809281035209	0.328419135801107	0.715299134246333
TAG48:3FA16:1	0.608219246595244	0.777455837567977	0.330870889477991	0.701553834392742
TAG49:3FA18:3	0.804053277820981	0.87617719362554	0.34023301801798	0.680719942924409
SM(18:0)	0.605855077221825	0.549525143144292	0.276885880009994	0.755625201635328
PE(P18:0/18:2)	0.516860308875619	0.969277601159104	0.353633660225879	0.694238072677786
TAG53:2FA16:0	0.822829005370813	0.68642615299026	0.325237646823397	0.687564108912493
PC(18:1/18:3)	0.954892554804013	0.671995343374542	0.299759851028222	0.712076515592058
TAG53:4FA20:4	0.300996401254961	0.326842594624036	0.305741334559426	0.676886275284257
TAG46:3FA16:0	0.616496191130742	0.811561657321991	0.345296035771812	0.683878935367595
LPC(18:1)	0.180861696957153	0.0991645558722858	0.294119023850881	0.581603172816794
TAG50:2FA18:1	0.475044075859041	0.822941652414897	0.33971943112391	0.671867440926134
PI(18:0/18:1)	0.25472637245184	0.11605253015232	0.501791536189823	0.852873641279088
TAG48:1FA18:1	0.455471290333079	0.374813651166968	0.310082387547129	0.661519359354497
TAG54:4FA18:0	0.199008403611981	0.279640463836437	0.312197823262807	0.677942450254304
TAG54:6FA16:1	0.667095585589141	0.775054317638136	0.339671608891696	0.697082697589179
TAG56:6FA20:4	0.872681818114235	0.971356707899936	0.340095822854925	0.680907202898122
PC(20:0/20:4)	0.216475462573765	0.385255788255772	0.320616772576967	0.720058747432863
TAG54:1FA20:0	0.280143145090356	0.13808911358976	0.288238051856478	0.642974620307776
TAG44:2FA18:2	0.765587808748911	0.755351195465008	0.329872969301431	0.679243229013562
PC(18:0/20:5)	0.532284899879973	0.90205412102794	0.350528475810831	0.670386808096533
TAG58:7FA22:6	0.530607598445446	0.72731597625414	0.336468115496786	0.720412863255796
TAG52:3FA22:1	0.535525232741923	0.404616525891025	0.328166956051205	0.713950460463493
CE(16:1)	0.2504943593665	0.16860270920892	0.556525435259206	0.617539235598931
TAG54:2FA20:1	0.801898757717741	0.77475693254954	0.329822515416198	0.670782453121843
TAG44:1FA16:0	0.423796965510772	0.252323157545178	0.285074903305624	0.668076506485686
DAG(16:0/16:1)	0.534983462084616	0.792862072144473	0.337220069431933	0.675468131999589
TAG46:3FA14:1	0.270304611714953	0.459049079339657	0.334858828388497	0.65495551203234
TAG52:6FA20:4	0.381699314213085	0.821662792817872	0.33398160619271	0.681046359231135
CE(16:0)	0.572099034171679	0.936085980118804	0.343243386847282	0.686941993533255
PE(P18:0/20:3)	0.521499389202918	0.523296113560216	0.43042565900157	0.590009670798473
DAG(12:0/16:0)	0.593334129892754	0.84159888484295	0.330041383378198	0.691073070546965
TAG45:0FA14:0	0.608528651320311	0.662968929365421	0.322606736414797	0.672401819462106
FFA(18:2)	0.220706923195352	0.24140976911342	0.285297772562947	0.722578411437301
LPE(16:0)	0.26111736831409	0.028503018571461	0.200127818835185	0.77378188582913
CE(20:1)	0.274645391782459	0.631605572241883	0.307614709434117	0.667638866785454
DCER(22:0)	0.188036948295858	0.0638768732235851	0.45495415054972	0.586531196374849
PC(14:0/18:1)	0.331120345607	0.309918995893489	0.517175669422671	0.556366019310351
PE(18:1/22:6)	0.636303018176763	0.300142777613224	0.228389691638479	0.957608134513636
TAG48:4FA16:0	0.738146827069698	0.772981080534278	0.340530705893582	0.688427911573622
TAG54:2FA16:0	0.719501219221561	0.660283430071757	0.325588725562078	0.666640562889994
TAG58:9FA18:2	0.175900994434534	0.400051749618478	0.33571762692125	0.744801600354654
TAG52:5FA16:0	0.217835030731065	0.125567795974013	0.31369347347919	0.661791251737719
FFA(15:0)	0.580195548313634	0.848262453432169	0.331097363181664	0.694460653019788
TAG52:5FA18:1	0.224965521654984	0.0586294453824326	0.277983086575134	0.832906687293301
TAG54:5FA18:1	0.0817667804603798	0.114243310987077	0.30697145020474	0.672763119665336
FFA(24:0)	0.258438814041223	0.392368550389286	0.304698909817794	0.900328300623401
TAG54:5FA22:5	0.652571850355176	0.919031759732543	0.337302336219755	0.681538779773002
TAG58:8FA18:2	0.224318360377681	0.285841371354979	0.330234062121259	0.756070115426187
TAG44:0FA14:0	0.875183203116607	0.711034726823138	0.325365414198359	0.668939971496585
PE(P16:0/18:1)	0.862236876302641	0.598884941992727	0.396871906178429	0.620666576904703
CER(22:0)	0.307227217212415	0.104571465036677	0.489153564480013	0.485368191289478
TAG52:4FA18:1	0.290582487322066	0.101032603543632	0.281526704467084	0.787627628355744
TAG58:8FA20:3	0.524294340642754	0.375804877834483	0.315167005361798	0.650817439609858
PE(18:0/22:5)	0.76073430409436	0.273703283841911	0.245086156429775	0.832287278152521
TAG47:2FA18:1	0.337532658631607	0.27245412602829	0.311510428598988	0.630472702890234
CE(22:2)	0.261645661232516	0.922963593733359	0.336444206326262	0.684070492600356
TAG55:5FA18:2	0.661985711456466	0.932712944308232	0.33737406873379	0.677303500020525
TAG52:2FA14:0	0.464502025511727	0.203006596905669	0.317700227405875	0.62022558322934
FFA(22:4)	0.291686168052054	0.459872473243395	0.322404741767861	0.741170434925209
TAG54:1FA18:1	0.836985193191249	0.962947762763654	0.33875444163463	0.680025132502737
TAG40:0FA14:0	0.654794413871652	0.759619785266048	0.338903197812267	0.697287191353606
DAG(16:0/22:5)	0.865954078269722	0.698928460641598	0.335196773069115	0.690681714124151
DAG(18:0/22:6)	0.566666073249421	0.736256491411276	0.361722528750223	0.680453279051818
TAG47:1FA16:0	0.326539418697041	0.375138990280124	0.308585565185834	0.672368436483867
DAG(18:1/20:5)	0.595708231026447	0.991413716778533	0.340288526887108	0.681978420603432
TAG54:3FA16:1	0.719727361453197	0.645582711085264	0.328591850693879	0.725035334807676
MAG(16:0)	0.532957732787032	0.10436191835796	0.37255904663929	0.772245724779964
PI(16:0/18:2)	0.485551866757017	0.578432241768788	0.429705051633746	0.718705975674145
CE(22:6)	0.507166287299441	0.750817192438316	0.3205359507192	0.737622014471658
TAG46:4FA18:2	0.747566918562834	0.61236943402786	0.327146631250811	0.720768755733962
CE(18:4)	0.928555707124128	0.799344905629343	0.376743658757185	0.666189077999062
TAG54:2FA20:0	0.74747940101517	0.612309425150714	0.33260201755927	0.677974469232296
TAG56:6FA20:3	0.657899870888995	0.808195928926627	0.342095065353092	0.690699379582849
DAG(18:2/22:4)	0.222800640773491	0.511454325705011	0.334567238880244	0.713977791350326
DCER(24:0)	0.227505944340702	0.132939094263054	0.448969983404173	0.511495493616137
TAG58:6FA16:0	0.70362973118035	0.640195995504479	0.320987844515963	0.72567868039194
PC(16:0/18:2)	0.444231794967307	0.96750791657514	0.387237001349029	0.680284227777862
TAG52:3FA18:2	0.718359306220262	0.488502169737658	0.332521642929592	0.706425813365856
TAG48:0FA18:0	0.902306758225474	0.540014290773323	0.309921950224231	0.66534162996888
TAG58:7FA18:2	0.498727677274649	0.5113592502166	0.33396410016523	0.719229257619238
TAG50:1FA16:1	0.323943509017609	0.779407819852091	0.33482997145514	0.680025655473379
LPE(16:1)	0.151115981394196	0.565821989893602	0.361123046426461	0.690987546336451
TAG48:1FA14:1	0.173557880911899	0.213487927142155	0.287014278913959	0.679758639412293
TAG51:2FA18:2	0.458545415522963	0.465893896991151	0.33904271167189	0.676975244596598
TAG50:2FA16:0	0.592334680028439	0.961878570758681	0.339781724494188	0.680809632453937
LCER(14:0)	0.29197481509775	0.173170692309663	0.496672710052449	0.581435667740104
LPE(22:6)	0.705574069886194	0.704975312244353	0.331200873466277	0.719773439695918
PE(18:1/20:4)	0.415300642671391	0.0791121025090764	0.198457616467673	0.90954655722257
TAG54:4FA22:4	0.356348638468141	0.563144188244148	0.30944392150296	0.713253032101697
PE(16:0/18:2)	0.795764357449758	0.947776912883781	0.343739818854129	0.688780369128978
TAG50:4FA18:2	0.476522954673536	0.462510211231773	0.315584132022626	0.712947094405984
HCER(16:0)	0.912547409172785	0.942176024717406	0.343652612562711	0.688216978186753
PE(16:0/22:5)	0.922894516287965	0.554982173898576	0.285993045148588	0.803800809171103
PE(O18:0/18:1)	0.974348903446957	0.963360851584129	0.344630831706712	0.68633145374894
TAG44:1FA14:1	0.277716358061577	0.388598698791842	0.308260875113494	0.66844399781947
TAG56:7FA20:5	0.274077256704789	0.674733252685036	0.340005850612787	0.721267866049206
TAG45:0FA16:0	0.491642873922432	0.474299061036238	0.308581629380291	0.672663363309166
TAG46:0FA16:0	0.778225162745062	0.689276685237883	0.320857431549102	0.681202967596568
SM(24:1)	0.205928002636375	0.508679134627201	0.484402128321887	0.617021955057281
TAG52:7FA22:6	0.810789723865728	0.587653848600361	0.335869259104779	0.722055141017391
CE(20:2)	0.588586737028975	0.334676848724522	0.515073626547564	0.665125943501155
TAG54:5FA20:5	0.725821252269196	0.969532414912389	0.339524916838298	0.680001960425987
TAG45:0FA15:0	0.507253814701481	0.577768910856644	0.318971836848803	0.674323236813938
TAG56:5FA22:5	0.743024129709066	0.667318444426149	0.349409862334723	0.700559407645918
PC(18:0/16:1)	0.210581563636845	0.417111148999356	0.450978040881298	0.636127914230872
TAG49:2FA16:0	0.358521502345128	0.437512312832265	0.330972270174221	0.677575875558382
CE(20:5)	0.40676781144775	0.774679213978507	0.360475810728939	0.64876739163337
HCER(22:1)	0.369741217959401	0.339945378639738	0.237459598627098	0.788246366661033
TAG49:1FA16:0	0.230047330870977	0.266288487403054	0.303278700118343	0.67764613876208
TAG56:5FA18:1	0.614121266621578	0.642947795000816	0.347183462990682	0.706417203806084
TAG53:4FA18:3	0.715472003746133	0.58584150639465	0.334777173466384	0.690151289417217
PC(20:0/18:1)	0.839434822789503	0.959993023783838	0.344812380446895	0.69442762289938
TAG54:1FA20:1	0.707246381494954	0.623619706789882	0.312878504689528	0.673080075859636
DAG(12:0/18:1)	0.619077104727999	0.845119860369366	0.33374702733355	0.6756802767376
PE(P18:0/22:5)	0.647069413474473	0.669216244615134	0.39297479858485	0.638999852399311
