chemID	simpleLRM_Fstatistics	multiLRM(chem_sig)	multiLRM(sex_sig)	multiLRM(age_sig)
TAG52:0FA20:0	0.166027348776117	0.0526709348397684	0.231496603521851	0.666821895120425
TAG58:6FA22:5	0.43258678943386	0.604167849396702	0.290772481414137	0.715581114159815
TAG50:1FA20:1	0.467658897511207	0.217532482041952	0.240132345972804	0.656779762347073
TAG54:6FA20:3	0.699697499112054	0.29865252318974	0.267664462134767	0.729429865110144
CE(24:0)	0.300793535679114	0.82024375092954	0.26759343116792	0.695112955421529
LCER(22:0)	0.718752888795513	0.86095528456147	0.271693006555306	0.688361019991563
TAG48:4FA16:1	0.698539570077058	0.458514837195492	0.254876496938304	0.730195511099908
TAG51:4FA16:0	0.914714819338226	0.755279143655952	0.277067513941578	0.681635438378533
PC(16:0/18:1)	0.830934010004521	0.68909307260053	0.334342160759797	0.639184416772484
TAG50:3FA14:1	0.366358867214151	0.416386391271337	0.273944993527791	0.649344704632004
CE(17:0)	0.962359067574465	0.411192755864996	0.335393465013049	0.634500799418137
TAG56:6FA22:6	0.631926710209818	0.695899043806685	0.279338026960337	0.720184401304244
PC(18:1/16:1)	0.523105787152689	0.953576473498914	0.300292928588018	0.693257359925431
TAG53:3FA16:0	0.916644257377677	0.887508899735056	0.275635184863239	0.682045941000256
TAG54:4FA20:4	0.525671186459883	0.869034621689242	0.27262611604235	0.681537493413038
DAG(14:0/20:4)	0.11358192251519	0.0253983431528832	0.248719481206318	0.614139391922149
CE(18:2)	0.258342563866446	0.369698787197905	0.184861967431024	0.736314718835476
DAG(14:1/18:1)	0.916745247161679	0.810525378633532	0.291632662382068	0.688130571167321
DCER(20:0)	0.244074556295326	0.0637051657894483	0.196209710182592	0.834385981431794
LCER(20:1)	0.424271094200377	0.110435122006038	0.474865020271414	0.559744552486662
TAG54:3FA16:0	0.823179183345009	0.813003434516684	0.281975470551695	0.696292335642303
TAG48:3FA14:0	0.840580511086251	0.850731400738582	0.274445693903005	0.690680289163068
TAG56:1FA18:1	0.453612289238797	0.220271622396535	0.234746942820659	0.643972724513509
TAG58:9FA18:1	0.121810907240982	0.319934753226294	0.300641863524541	0.770006857628867
PE(P18:1/22:4)	0.848020176243249	0.806883835992657	0.268400444939195	0.666490928483918
TAG54:4FA16:0	0.882296595820206	0.919602275036161	0.280613906283099	0.684114677902715
PC(18:2/16:1)	0.822424612112826	0.768862042501556	0.271191227846174	0.734431415489791
DAG(14:0/18:1)	0.706546459304088	0.422328086083084	0.256384680478906	0.653635126311411
TAG46:2FA14:1	0.158700592401872	0.365906241641304	0.264238497747852	0.658280880470542
TAG52:4FA20:0	0.346641831834536	0.272547349767861	0.265554425919509	0.688664108483874
PC(18:0/18:2)	0.967278402511666	0.682101354665207	0.431667292306801	0.638820609489918
PE(P16:0/22:4)	0.571778699487601	0.952262413245567	0.279541273743695	0.680932956131171
TAG50:4FA16:0	0.974606332534557	0.289931620490561	0.261566007903682	0.712336663540592
DAG(18:1/20:1)	0.602776469566238	0.836465735047484	0.281434043802348	0.698750775006239
LPC(15:0)	0.68152176716788	0.0611561271110855	0.155470114400466	0.809504769793972
TAG48:3FA18:2	0.658745250816407	0.867229210013142	0.278545884118004	0.688122168673907
TAG52:6FA22:6	0.791407780886702	0.867450575043097	0.277686301367198	0.671344607988799
TAG56:7FA18:3	0.392995329821945	0.447814242573817	0.272176602595094	0.698276646658449
PC(18:0/22:6)	0.870675137022947	0.97656759692314	0.285299636566165	0.697425299155254
SM(26:1)	0.448128492633454	0.572150069570382	0.349783499355207	0.633990289575024
TAG48:2FA14:0	0.601408051349331	0.662401337934757	0.27523602524866	0.672923989067818
TAG48:3FA18:1	0.407031021195309	0.79084443886948	0.2828294393533	0.691061446378433
DAG(16:1/18:2)	0.768273006874448	0.511706409249189	0.248546305794562	0.721281273714978
TAG53:6FA18:3	0.655105584819808	0.697829675967236	0.299630076678254	0.688316829517501
PC(16:0/12:0)	0.351840890620279	0.825510349166103	0.267879037584022	0.719505042620085
TAG51:5FA18:2	0.315730025989371	0.444035599164417	0.270132717760306	0.690574870744935
PE(P16:0/20:4)	0.788869131715544	0.838568784994141	0.27315332843779	0.696631062741528
TAG49:1FA16:1	0.277845394180855	0.630971030692859	0.27206546429617	0.677528062806325
TAG56:5FA20:1	0.0732099521912432	0.20005100684816	0.27461091091419	0.702539786531279
LPE(18:0)	0.76651135655992	0.199370929632377	0.162359689870545	0.753615901144289
FFA(20:4)	0.799928527499723	0.987439568520156	0.277495723323116	0.681396162223892
TAG46:1FA14:1	0.215287318153833	0.115766733575439	0.160263495602122	0.693852278717761
TAG46:3FA14:0	0.790473362658975	0.691185820600698	0.272971261491416	0.669988217044203
PE(P18:1/22:5)	0.748273039390084	0.406199248414985	0.37377780647171	0.612226316285558
TAG50:1FA14:0	0.589168282112323	0.296532613878593	0.241140940349214	0.645864984724373
TAG56:8FA20:4	0.836480819119692	0.949840377495417	0.278670327259589	0.679440228762516
TAG56:4FA20:1	0.180740483848839	0.30326625339877	0.295150734612426	0.715451605265153
MAG(18:3)	0.462104953774736	0.617010901763938	0.371279099996086	0.645610510102336
PE(18:0/20:4)	0.912880565759724	0.281554299758313	0.204859082531824	0.811773904776274
TAG53:2FA18:1	0.744277646730162	0.605512696365508	0.268158675322426	0.654596751233482
TAG54:7FA22:5	0.606540810327597	0.490104504128454	0.287269734761245	0.709748990797032
TAG60:12FA22:6	0.466938684937048	0.970497764926967	0.278059936023106	0.685942621239279
PC(18:0/20:2)	0.560258576255375	0.349307540272581	0.499273520236171	0.625004235896378
LPC(18:2)	0.0418835614135465	0.0919805801675489	0.261757383551377	0.448038690608405
PC(15:0/18:2)	0.618723489954327	0.429245227441142	0.451734919983917	0.580735781731256
DAG(18:1/18:1)	0.522863767997907	0.473834131362873	0.278111425009094	0.73501224233697
TAG56:4FA22:4	0.47039871124625	0.816351482051367	0.268805289304178	0.688910999301187
TAG56:9FA20:5	0.113790592894043	0.411391756611812	0.296552876984581	0.726510645998023
TAG49:2FA14:0	0.414194213383421	0.364222047272683	0.270337484252008	0.649829595048812
PC(16:0/18:3)	0.485146399365589	0.281288377433848	0.183761005767906	0.759967048636624
LPE(22:5)	0.975621018519945	0.937630546206253	0.276847399397833	0.677404264663672
TAG54:6FA20:5	0.22558858126542	0.396111081594108	0.317611552813939	0.74177974100811
TAG56:7FA22:6	0.350205408831884	0.496358015330558	0.285571225160519	0.744724264129267
TAG51:4FA16:1	0.900793304294107	0.325714818577411	0.238041934890725	0.776984122987133
TAG52:5FA20:5	0.69628238544692	0.901983576664216	0.282027539449172	0.685065577352698
SM(20:0)	0.0866633206892789	0.309295321771124	0.174310252803012	0.775001731293541
TAG55:5FA20:4	0.479126050094887	0.423455950460794	0.251086754995514	0.656253288843267
TAG58:6FA20:4	0.94843387670246	0.877002580631126	0.275150348722612	0.672391044514123
PE(O18:0/20:4)	0.647017168832821	0.819612367047718	0.282886626820305	0.672243797265264
DAG(18:2/18:3)	0.338606867171859	0.205159169564835	0.261238347686614	0.685010294161804
TAG48:4FA18:3	0.329815381478202	0.377628879293487	0.287456077866162	0.711095538665265
TAG52:0FA16:0	0.742146990242139	0.58177509561699	0.253299406971975	0.674669504759648
TAG58:9FA22:5	0.141009100364625	0.302551593930459	0.296668483348669	0.714990575040041
TAG58:9FA22:6	0.112152338925023	0.3165914368381	0.300821696388664	0.771150276138858
PE(P18:1/16:0)	0.599229423772716	0.747095193323437	0.300524905052006	0.645614310178053
DAG(14:0/18:2)	0.732941240669023	0.530377950188872	0.27375445238705	0.675237143427853
TAG54:0FA18:0	0.64439093581659	0.973438117126081	0.277787609716073	0.679883558529177
TAG56:2FA16:0	0.314574304478989	0.255077779573777	0.242826599072285	0.676588420840307
TAG56:8FA22:5	0.265816938243393	0.312066474497405	0.277644574967643	0.742629549798266
PC(16:0/20:2)	0.918004554863119	0.798979747322933	0.329829984825693	0.655345980127785
PC(15:0/18:1)	0.604805822267283	0.408722061708318	0.442989491462742	0.549196666378568
TAG56:7FA18:2	0.386296780696928	0.53161963778596	0.275875582529881	0.707692185375266
LPE(18:1)	0.865632121177266	0.937318635954949	0.277977338657427	0.675385479155857
TAG50:2FA16:1	0.314083659943728	0.935441839017247	0.277761833687983	0.682706477759419
PC(17:0/18:1)	0.882521512350094	0.0952691110468309	0.459285299601378	0.428615983760025
DAG(16:0/18:1)	0.742244013116376	0.794702648522152	0.273801440389895	0.678073091917917
LPC(22:5)	0.187306960794989	0.495835129217459	0.273842589101424	0.636225132841149
TAG46:0FA18:0	0.548447282650768	0.825118024843778	0.270664218927661	0.67341955184379
PE(18:0/20:5)	0.556658248046095	0.902460449482718	0.276330525939051	0.672325171213643
LPE(22:4)	0.455953013396342	0.422001948412368	0.272987777198341	0.801848571991976
TAG46:1FA18:1	0.921661763113338	0.57190781255967	0.25998189508491	0.660054961709818
TAG58:10FA20:4	0.366934933460523	0.275383220052966	0.282921527093338	0.647699951551286
DAG(14:0/16:1)	0.165396320160355	0.190287206476032	0.262005318227137	0.686986008600187
SM(24:0)	0.524866617968258	0.429434891671605	0.369991207772936	0.642156243949609
TAG53:6FA18:2	0.609816404929269	0.467377514683443	0.274441454462566	0.694391134410562
HCER(18:0)	0.128232991237595	0.143479998057911	0.137068534418927	0.858687323118163
LPC(20:3)	0.957505272077379	0.852675119932377	0.278330751011278	0.665050994988911
TAG53:5FA18:2	0.234315071755435	0.297067098760509	0.287528300345253	0.676279737467572
TAG50:1FA18:0	0.375483360681338	0.367653668100066	0.249465372734701	0.670263583581291
TAG52:5FA20:3	0.630154110519969	0.913073132825053	0.278280996771792	0.675910240620438
PE(P16:0/22:5)	0.927195504109127	0.911364405175832	0.277689149395128	0.687408624988075
TAG44:0FA12:0	0.556576769944902	0.91743745992467	0.275578744084237	0.67772212829707
TAG55:6FA18:1	0.389409203076875	0.611496391199407	0.294942177138225	0.69679865979205
PC(20:0/18:2)	0.361779705855037	0.826958855746713	0.271319756292957	0.706458354632775
PE(P18:0/18:1)	0.783138268010984	0.459907866753287	0.35904752204875	0.602039728373041
MAG(18:2)	0.473969295989024	0.848412093258769	0.274088952891513	0.66765651482075
TAG52:5FA18:2	0.135677355614829	0.0861478917003034	0.229660008043037	0.729385561441468
SM(16:0)	0.909771288699471	0.814052865800978	0.340176390002416	0.651342934975939
TAG49:1FA18:1	0.24943278742597	0.172983386487559	0.238666223973848	0.649860443298355
FFA(14:0)	0.616037847383101	0.804904872844965	0.271121102012615	0.708527518068597
TAG56:4FA20:4	0.919428742304364	0.886771403600517	0.284543329098754	0.690822270037015
TAG46:2FA18:2	0.569387799684904	0.893716277788609	0.274973570263014	0.677876802550888
FFA(16:0)	0.574381817276644	0.753692022192143	0.269328336190439	0.694548916896448
TAG52:5FA22:5	0.894876297403077	0.749606918846686	0.280708745386464	0.681424075705581
PE(P18:1/20:3)	0.243119342790015	0.259846134229199	0.392836135256959	0.60710547520506
TAG56:8FA18:3	0.511164290888092	0.307201623500747	0.265301521121473	0.70921205423466
TAG46:3FA16:1	0.815420467329526	0.839268309427506	0.275537440302088	0.692313764188282
TAG50:1FA18:1	0.467978427870403	0.727401116417178	0.269642575029907	0.685920209974271
TAG44:0FA16:0	0.627473173243635	0.864123650023084	0.272490712448118	0.676633657641725
CE(22:5)	0.922249155754915	0.900549290968156	0.279861697060327	0.689443267931858
TAG49:2FA16:1	0.319454551104531	0.820679593399673	0.278436226536366	0.670943106275448
TAG53:4FA18:1	0.915113434376946	0.798507858737528	0.275355780583813	0.66471248861536
TAG52:3FA20:3	0.337861489844698	0.612032197497427	0.266822763872229	0.690380341534827
TAG49:1FA17:0	0.249509898528374	0.227346933493717	0.249518406651662	0.665617578765468
TAG56:7FA18:1	0.220821252425095	0.266774164980016	0.298943175086246	0.768885638037051
TAG50:2FA18:0	0.625965133765064	0.402920123373333	0.264308993608857	0.672935842407554
TAG44:2FA16:0	0.703478587238016	0.369512100246999	0.236766808718645	0.708751746977028
TAG44:3FA18:2	0.892105157662377	0.594073028172257	0.256175448648382	0.706077268870355
TAG47:0FA15:0	0.466265110560043	0.531437161755401	0.255122640057192	0.685124917010326
TAG54:7FA16:1	0.891225337845188	0.52390275071868	0.273678776008253	0.730804899469537
TAG52:3FA20:2	0.658635697603156	0.952697475192437	0.278577604779534	0.678578132868161
TAG52:5FA16:1	0.190598561059081	0.0888707734372238	0.227075478877989	0.788715829811344
TAG51:2FA15:0	0.716550819865226	0.656503095777157	0.267340848216117	0.654546664675391
TAG54:7FA20:4	0.703822236385308	0.527022890340134	0.284139308774801	0.681588239495266
PE(P18:1/18:2)	0.879680652770013	0.51228400575427	0.384795863717516	0.615539626368905
TAG52:1FA16:1	0.37563621278263	0.50882883991666	0.270413686003618	0.65785750074936
TAG47:1FA15:0	0.314667239238292	0.31263873253024	0.250922425372743	0.655298936927089
TAG50:5FA14:0	0.248979965810079	0.384381981407134	0.271002644107525	0.688488806985381
TAG55:1FA16:0	0.261104906987026	0.417816971005453	0.288911026084594	0.744859366555649
TAG56:3FA18:0	0.99835460555152	0.944188581868842	0.27759093819577	0.67727821332347
TAG50:2FA14:0	0.823300490216393	0.733835694662301	0.275013523993339	0.660904231939575
TAG56:2FA18:1	0.833286872792726	0.912793097666263	0.274715483554243	0.678409175935888
TAG51:3FA18:2	0.854270630522063	0.99076259221705	0.278269411433517	0.682131416191992
PC(16:0/16:1)	0.117915765671044	0.188142277868934	0.41457083721636	0.594314918174867
TAG51:1FA16:0	0.278068777985917	0.290263910447281	0.245297755417236	0.68332161846542
TAG52:3FA18:1	0.667111269765093	0.300017176200092	0.269715148051529	0.734221723450767
TAG56:4FA18:1	0.329485149728282	0.363420113401187	0.282122835040535	0.754828454880466
TAG54:4FA20:1	0.295130409024934	0.228440656196744	0.250210379636309	0.766938517459369
TAG56:7FA18:0	0.145165427482448	0.474147107425079	0.299928947964182	0.735850360464363
TAG54:4FA18:3	0.103655408663924	0.122749971290863	0.262285341478015	0.697769757258978
TAG56:7FA20:3	0.675080596096965	0.882292428020904	0.277264430675903	0.682057229983547
PE(18:0/18:1)	0.50346856382702	0.765650441808367	0.292630138967978	0.678677650823652
TAG50:4FA14:1	0.7983550812599	0.921011962582426	0.278867375406274	0.678085222925125
TAG47:2FA18:2	0.644918161525521	0.298075200986849	0.255576833245069	0.665118954587589
TAG50:5FA18:1	0.549278402534115	0.356044897865857	0.272387582142561	0.728512944377775
TAG53:4FA18:0	0.915461208118288	0.502665278894631	0.266665716846313	0.696060456316309
PC(16:0/20:3)	0.113851697490287	0.213295591967177	0.45575263583361	0.604198901021347
TAG56:6FA18:2	0.444429558791822	0.621371295795725	0.279699890358429	0.69376444418333
PC(14:0/20:4)	0.449664082907097	0.174763760718511	0.392957878770198	0.677179534688205
PC(18:1/22:5)	0.389090453719549	0.297401271934788	0.187495926684234	0.692070135566128
LCER(24:1)	0.778827253745037	0.805720812857617	0.267286714367576	0.67216992384269
DAG(15:0/18:1)	0.488046014921348	0.344302075177034	0.27620651642285	0.70394451631516
TAG45:1FA16:0	0.285501991316927	0.255063110140781	0.243473484388677	0.665120330301313
TAG56:4FA20:3	0.985481570575934	0.978757198117573	0.277906909537686	0.680436981664723
TAG60:10FA22:6	0.459723595355885	0.839847504335018	0.279947590213979	0.700082641341568
TAG54:5FA22:1	0.0703049082683021	0.120159285020002	0.261299419593542	0.650709053060837
PE(16:0/22:6)	0.874663653309838	0.436632370889606	0.209571898338598	0.896322027368725
LPE(18:2)	0.219171009726242	0.206998066224417	0.228315413172166	0.515177419226851
TAG54:6FA20:4	0.679636261858638	0.774629256015491	0.287825604818793	0.677463723758689
TAG54:2FA18:1	0.450087259386662	0.462192846485871	0.30205403194431	0.704763328338216
TAG56:8FA16:1	0.282888125885642	0.367837539307968	0.268604047453344	0.763279952074174
TAG58:9FA20:4	0.238478243810317	0.252565389359922	0.259722891744152	0.680180133777994
PE(16:0/18:1)	0.123270063229818	0.395696123234612	0.334552193860303	0.641424259043027
DAG(16:1/16:1)	0.644146038614714	0.51441951047872	0.278270756698779	0.709099174994571
PC(18:1/22:6)	0.763412486872349	0.683558433917403	0.329239513482377	0.626305491680681
TAG52:4FA20:2	0.619357686581246	0.525890350423632	0.261090062099784	0.737421289630465
TAG42:0FA16:0	0.688622595313816	0.774469261035862	0.267029020201203	0.674358907328862
TAG52:2FA20:1	0.467807070030475	0.519937469228724	0.270151909045919	0.653083926360552
TAG52:4FA16:1	0.293506037649871	0.0960283285978765	0.22497679336782	0.82513603209234
TAG58:8FA22:5	0.152426894940235	0.25787002453596	0.301213443155747	0.733826727471704
TAG56:8FA16:0	0.302413233307958	0.500113807696338	0.287120651000625	0.730095886375449
FFA(20:2)	0.320778834811007	0.573689900955724	0.306636857291963	0.720426996100787
TAG46:3FA18:1	0.99944805396979	0.364740468982233	0.232104280854846	0.708802357425764
TAG50:4FA20:4	0.352486637415447	0.397904610318427	0.25153100783775	0.687156248193261
TAG53:2FA17:0	0.750349830212201	0.587401832616069	0.271768134244818	0.647880528064155
PE(18:1/18:2)	0.984734432301371	0.719133987505433	0.324533472873403	0.672662852628969
TAG51:1FA17:0	0.250351723347328	0.25089027800929	0.245843835749726	0.672940310654896
TAG54:2FA20:2	0.915275204731016	0.990588087502349	0.279097156913109	0.682139034714576
TAG56:6FA18:1	0.556073804365182	0.604088204943093	0.287552225132252	0.714220997192947
FFA(22:1)	0.368348427996122	0.759461922982686	0.27262741419565	0.662313389421421
LPC(16:1)	0.445706038915996	0.749729915616404	0.26005810430066	0.684347249497556
PC(14:0/20:3)	0.119560933366971	0.283514139420932	0.435067322773054	0.634450826249328
TAG48:3FA12:0	0.406252174476074	0.852269913501053	0.281034196394314	0.688185524969363
TAG54:6FA16:0	0.792600703072412	0.501278247263437	0.300931013031675	0.69975609122904
TAG46:0FA14:0	0.589091052250521	0.567362220781389	0.256580967980791	0.681936777919193
FFA(22:5)	0.598858876046437	0.704135400046584	0.270681921997244	0.660995898585998
TAG56:2FA20:1	0.690291120050657	0.935271309475997	0.282882943579017	0.684023037931542
TAG58:5FA18:1	0.900099922411874	0.781001588305032	0.280488955735389	0.695588157544526
TAG50:4FA20:3	0.555298442391139	0.582413957263423	0.268660508257389	0.657515268446519
TAG52:1FA20:0	0.143525209711712	0.0506424390382486	0.248379067942886	0.60260530996469
PE(O18:0/22:5)	0.912114125525674	0.799047161885433	0.299411667548389	0.671101503359853
TAG53:7FA18:3	0.250806633804302	0.463618611426629	0.295420975239377	0.679699229973995
TAG50:3FA18:0	0.842682606135086	0.512485478338732	0.270333222633961	0.683780403944841
TAG46:3FA18:3	0.324203487583858	0.792364871949221	0.286470412637353	0.685174778096613
TAG54:7FA18:1	0.0564663620152691	0.1196973313821	0.277303814565909	0.718393043374876
TAG55:4FA18:2	0.411855919730722	0.768307188535566	0.279202667692435	0.668612897474978
PE(P18:0/22:6)	0.751460698411601	0.723049264218082	0.255961578364592	0.797358773508665
FFA(18:1)	0.82390208281736	0.607004047065292	0.263717709600617	0.715714692650948
TAG50:5FA20:4	0.458592096379386	0.582322895630946	0.262113730870383	0.669749221315269
TAG53:3FA18:1	0.816285955930723	0.78940674948382	0.277149843484474	0.698618051818133
TAG50:5FA16:1	0.743519218135365	0.0490036076324378	0.19852304647374	0.848645780489928
TAG50:4FA16:1	0.754529910700225	0.0733421781041918	0.197202942919687	0.828096125703325
TAG52:4FA20:4	0.372875421988558	0.665327106152134	0.2651399100676	0.695742752156161
PC(18:1/20:5)	0.205842546646355	0.85497501259321	0.271978768759884	0.707184224288375
DAG(18:2/20:4)	0.483968514166722	0.559699433213011	0.280120799536745	0.68858621608638
TAG54:7FA18:2	0.0408567775014112	0.204457317542426	0.25877362073257	0.61633602395814
TAG56:7FA22:4	0.700024971956945	0.385367222493517	0.296881747235211	0.687724033361031
DAG(18:2/22:6)	0.296563837694172	0.651249475045289	0.279471040321576	0.716950350455324
TAG49:2FA15:0	0.445754216114487	0.535342836599859	0.271636225463519	0.674288388520367
TAG46:3FA12:0	0.444109953789959	0.801062201090549	0.279406371622825	0.691667269392863
TAG47:0FA16:0	0.534371895343242	0.571880988654476	0.257090704878471	0.683541209266944
PC(18:2/18:2)	0.413742796281006	0.918193299710555	0.314621618856357	0.680912255018763
PC(18:2/20:3)	0.540439264723752	0.500385483965803	0.426068894163341	0.661462208606196
CE(15:0)	0.829315796645762	0.394559053637008	0.363543231226322	0.600988664405465
TAG54:1FA16:0	0.352421144335328	0.126968295538402	0.220036815985398	0.654158726708722
TAG49:2FA17:0	0.299399076286205	0.227024612131329	0.270493791767415	0.6512368439806
TAG54:8FA18:3	0.0297956062217361	0.119819386476489	0.254542442895192	0.58371860156197
DAG(16:1/18:0)	0.146022291713532	0.305451717723161	0.269162229363064	0.666939596975354
PC(16:0/18:0)	0.689418076507651	0.606681675802276	0.387317679304746	0.63556744985885
TAG54:5FA18:3	0.0235082487883848	0.0184299169456323	0.246248495825679	0.73563712511442
LPE(20:3)	0.618613465787404	0.829758440291596	0.298373571848115	0.69096362717523
TAG55:1FA18:1	0.118471099387379	0.348776277245344	0.315979782902779	0.748669056875818
TAG55:2FA18:2	0.140309532170965	0.373476176796179	0.291708755931778	0.726070138902259
PC(18:0/20:4)	0.610035500723782	0.631121903012928	0.261358533260854	0.685724083800409
TAG54:5FA20:3	0.947227252917018	0.725723205480576	0.28427499320544	0.690297368643541
TAG56:3FA20:1	0.273096862126358	0.388988238359832	0.307766199041113	0.717339457166091
TAG48:3FA14:1	0.242553304829679	0.650471755477895	0.279815088349253	0.671378659895018
TAG56:8FA20:5	0.082891529987584	0.29099852169119	0.308752323715235	0.752273771444574
DAG(14:0/16:0)	0.501654535100255	0.280127937846848	0.24182002709436	0.679777448176269
SM(26:0)	0.935219920597272	0.355635519030853	0.419253789321287	0.616242616462921
TAG51:4FA18:2	0.538974667904606	0.58358355316143	0.272853806604699	0.697882842741846
TAG56:7FA16:0	0.233906738117071	0.352906752395568	0.28230131316157	0.759787800631155
TAG48:4FA18:2	0.197541257045606	0.5021554683325	0.283846508926486	0.684575180368018
TAG50:5FA18:3	0.393364493693418	0.289441687182221	0.254608309187624	0.704734441496213
TAG53:0FA16:0	0.297881485975923	0.339474851033262	0.315953170678829	0.735246975497325
TAG44:1FA16:1	0.470238467549435	0.383477082127565	0.264176551371254	0.647521203413682
TAG60:11FA22:6	0.397339650703301	0.862523561145967	0.27869068010323	0.700207496891224
LPC(20:0)	0.0571153656150966	0.156032692521823	0.211502512329132	0.644678713204393
TAG52:4FA14:0	0.542375365186684	0.451571432345892	0.268531163156384	0.647767051102403
TAG53:6FA18:1	0.855654208663932	0.857384536937737	0.270624090667582	0.683053338312657
PI(18:1/18:2)	0.90003355959741	0.602211889000018	0.351205503852622	0.742597142192822
TAG52:4FA18:0	0.690258505805557	0.347342294214955	0.257183290500021	0.737611906899948
PE(18:1/20:3)	0.33211239417824	0.957853757682262	0.30257806903535	0.678339109926221
MAG(16:1)	0.538067780344702	0.726171813372877	0.287270501597067	0.66539703318593
SM(22:0)	0.78191931961503	0.911419234331692	0.324051858457359	0.675067012947725
TAG55:8FA20:4	0.698753445659229	0.175206513723598	0.310506090402493	0.615364568977001
TAG58:6FA18:1	0.671446135611791	0.577216353318621	0.287128873879819	0.720574478152435
TAG56:5FA16:0	0.743909039252804	0.935304473032254	0.281940896064936	0.681030136944766
DAG(18:2/20:5)	0.234631164669504	0.66599016538777	0.279158690950446	0.703284118599738
TAG58:2FA18:1	0.962650247186144	0.996975477477337	0.277728035367043	0.68093153336958
CE(22:0)	0.781474189720807	0.232938534423421	0.384306599581768	0.55227455044894
TAG54:5FA22:4	0.342151730797643	0.797859290393647	0.269213251513658	0.688159613567007
TAG58:3FA18:1	0.935021290473824	0.939669773288223	0.275621484955123	0.679472580296842
TAG56:3FA20:2	0.655005262950115	0.671421947087979	0.280943184461863	0.720306794086422
TAG52:2FA18:2	0.876382706526517	0.717517832869978	0.281050744083816	0.685837444841439
TAG53:4FA16:0	0.947797531923976	0.995172290956627	0.278145870105324	0.680825220845658
LCER(22:1)	0.512959820291422	0.777270381751261	0.326118727089905	0.683978773422361
LPC(20:4)	0.192156461354994	0.0989186957147621	0.51289911217501	0.453939458393162
TAG48:2FA12:0	0.531234184891433	0.985338880373123	0.278686526249047	0.682233282408746
TAG58:7FA22:4	0.752837242000185	0.55110267144361	0.298203092171429	0.684895563948464
PC(18:0/18:0)	0.751713253709704	0.87842919896099	0.276836783748935	0.69352088820983
CE(18:3)	0.966967434812175	0.684746907351838	0.3521521646499	0.667183976026738
TAG51:4FA20:4	0.202521349634134	0.212880018477435	0.241480053928165	0.67837238578955
TAG56:4FA20:2	0.389017459863282	0.432253324690649	0.267561175985983	0.763004127247815
DAG(15:0/18:2)	0.442627645386288	0.627894278082247	0.301769607237561	0.704980892102865
TAG46:1FA16:0	0.934436961532712	0.616899331855902	0.262575135806329	0.667725689758179
DAG(16:0/16:0)	0.518517741025743	0.60796295015273	0.267826566249994	0.689665771723143
TAG54:5FA18:2	0.0806969806695686	0.14021885986027	0.261840946484063	0.640651692767116
TAG42:1FA12:0	0.427862313609404	0.936367366809802	0.281968194883225	0.684398446166613
DAG(18:1/20:2)	0.722105132706979	0.440057352744933	0.287665104959899	0.61336020891706
TAG52:7FA16:0	0.786083178055974	0.694443013966119	0.263162352793105	0.682495401893222
TAG55:5FA18:1	0.533782351174838	0.703412770665528	0.282584696409809	0.685970235011141
TAG52:2FA20:0	0.765432283762248	0.551127088348365	0.270503748226286	0.663529235202916
TAG46:1FA14:0	0.373086282884562	0.372095442124657	0.255209443915419	0.659474263070148
DAG(16:1/20:2)	0.211786594648972	0.237161580509808	0.32404804626491	0.634910297055821
TAG53:5FA18:1	0.482023664519732	0.444585507534471	0.282814857805619	0.676563233021777
CER(18:0)	0.566454476247092	0.927843628624706	0.291646455519352	0.674876504202281
CE(24:1)	0.448251555718317	0.516634137827466	0.307477475795827	0.666671998848519
PC(18:2/20:4)	0.899760323494174	0.950504906210635	0.293141444388575	0.687800491475622
PC(16:0/16:0)	0.91341526996026	0.710970698030231	0.356564309156113	0.640084125975196
TAG50:6FA20:4	0.934681883913729	0.902493055034003	0.275405332958152	0.677966303428525
TAG52:2FA18:0	0.939609839641552	0.832600743297992	0.279771211037889	0.681291517513354
TAG55:2FA18:1	0.312654700884125	0.723239332595437	0.293410447675668	0.686845333226185
CER(24:1)	0.764007411119417	0.794006831850695	0.306192745081507	0.643674731543824
PE(18:0/18:2)	0.963666720065115	0.782430599126117	0.262577354286148	0.703430791443447
TAG52:0FA18:0	0.853782416520628	0.750896146564076	0.263203753096021	0.677534335646097
TAG50:4FA14:0	0.422957649860386	0.601158316694859	0.270581361112338	0.695938047019984
TAG52:2FA20:2	0.472358394186093	0.705395349224429	0.272965388574192	0.680346186035788
TAG58:6FA18:0	0.381551225764584	0.222987590787859	0.277721173891992	0.789027031739346
TAG55:6FA20:4	0.438240260123976	0.497153969136119	0.267679816405889	0.668453161199808
PE(P18:0/22:4)	0.905506236172489	0.612336850461593	0.260667319827458	0.674059105677893
TAG51:2FA18:1	0.512154250064685	0.647366952093077	0.269694322225363	0.653888261616885
TAG50:2FA18:2	0.76758647487587	0.96161447039411	0.277968571698466	0.680038025454365
TAG53:3FA18:2	0.944604845395954	0.898481293868247	0.279029337842713	0.675436290418475
CER(24:0)	0.613843294282768	0.0735953580892927	0.343148065963537	0.42860422870712
DCER(22:1)	0.972783067938305	0.850406022745142	0.279167342509599	0.679507590638293
TAG46:2FA12:0	0.580483447128634	0.977626740984935	0.277613164553951	0.680187931369639
SM(22:1)	0.78177207618162	0.715092062068314	0.253532878125462	0.728625449749136
TAG48:1FA16:0	0.272927967800091	0.39139130207745	0.257572266156553	0.685907051197188
TAG56:3FA18:2	0.888267789080867	0.956899130769518	0.276826815359908	0.680663502692811
DAG(18:2/22:5)	0.59482383619859	0.789005606139696	0.276011821820076	0.687763595425775
TAG57:9FA22:6	0.810272111755857	0.933819672117627	0.28441215115136	0.679349441836139
PC(18:1/18:1)	0.825953483880924	0.914251303058833	0.31189094395174	0.675360431924591
TAG52:4FA22:4	0.497947806656151	0.478502690737314	0.248799649788087	0.702944680171035
PI(16:0/20:3)	0.439868442616263	0.372518245788005	0.424059628669253	0.647119459985862
TAG50:2FA20:2	0.441608610800168	0.387671654992734	0.262929599842742	0.660296428789635
TAG58:10FA22:6	0.119039221035593	0.385212183695856	0.293393901359197	0.747103298895735
TAG54:4FA22:1	0.134320160555366	0.0919843127273899	0.278800864415118	0.717887747958045
TAG42:0FA14:0	0.569187697527834	0.945114067870181	0.276702474052589	0.678308631660363
TAG47:0FA17:0	0.562418757414154	0.400263318214624	0.246630906035571	0.679008237254968
TAG48:2FA16:1	0.265610329932481	0.883699953166485	0.279414254316117	0.677699580742317
TAG54:3FA20:2	0.771321661234911	0.783072014141725	0.282667809812594	0.699754121957743
TAG42:1FA16:1	0.640382411940234	0.454949210766784	0.253985087716899	0.666376885863833
FFA(18:4)	0.304646731745959	0.277027555736873	0.369092297390945	0.660886565839692
DAG(16:0/22:6)	0.97349344715527	0.949261687189803	0.277836587031282	0.68834253911885
SM(14:0)	0.674658177727992	0.8875938007406	0.278784397472513	0.714690674631748
TAG47:1FA16:1	0.304724993473643	0.580895905852349	0.272910782811597	0.673189996987065
TAG51:4FA15:0	0.512072037582248	0.708874437706357	0.279251550184776	0.69403548926287
TAG47:2FA16:1	0.275650357101308	0.717631017984434	0.280009865497418	0.664904173905353
PC(16:0/22:6)	0.417579402747131	0.583918796440916	0.244588822292753	0.793527934741969
LPC(17:0)	0.189977501886498	0.297910972342826	0.232525103208016	0.722766652713692
TAG55:3FA18:1	0.459539972465828	0.785155616075844	0.290386716444129	0.68011183441941
TAG46:3FA18:2	0.92018326089454	0.591539121441047	0.264255968493934	0.67936260810045
TAG53:1FA17:0	0.452686449891981	0.25690036751191	0.239731602259574	0.657228130526273
HCER(24:0)	0.50348390543014	0.554685973741979	0.241469824083216	0.750936876556981
TAG53:6FA20:4	0.49241023019934	0.923457557410381	0.277291847221666	0.678358860915478
TAG54:3FA18:2	0.37046766535655	0.375134880736524	0.281801079149451	0.700718600510634
TAG48:5FA18:3	0.100417861958961	0.30825264277166	0.289859113549473	0.672763617720594
TAG50:2FA14:1	0.207690908279097	0.147409652438337	0.239922089356966	0.648334264596026
TAG52:4FA22:1	0.27745123157772	0.107595421916149	0.248704923017661	0.759105666334152
TAG52:1FA16:0	0.772998830629223	0.871590916238573	0.273282281668008	0.67897794206728
TAG54:4FA16:1	0.521081726925154	0.357431472588928	0.250908486085555	0.774917444912917
TAG48:4FA12:0	0.172747429457174	0.509828172724517	0.286096873210397	0.690927444246862
TAG58:7FA16:0	0.759946811940686	0.444911661589816	0.26057022170967	0.699827505841479
TAG51:2FA16:0	0.328033453048953	0.577847024521416	0.273182947372268	0.66913936790333
TAG56:6FA18:3	0.237520187238483	0.40864731708161	0.259797164904782	0.710877897975509
LCER(16:0)	0.698381453386924	0.828161238345258	0.296878303894898	0.696469013823322
TAG52:6FA18:2	0.118300764786366	0.0495336883316041	0.235972740861156	0.772105109890216
DCER(22:2)	0.77989352848739	0.74941830402284	0.30206007387826	0.63793936670137
DAG(18:0/18:3)	0.830399318966526	0.914022539273036	0.27682724106329	0.682027092793132
TAG48:2FA18:2	0.76465125592239	0.582009673660316	0.27127294588225	0.676011617193165
LPC(20:1)	0.281118741067989	0.158412328441356	0.220230699747714	0.673309029758838
TAG54:8FA20:5	0.176443835704803	0.33895392618678	0.302237266510525	0.745807781171263
FFA(22:0)	0.878066192728192	0.945514417071302	0.276392351369503	0.680721736949461
TAG53:1FA18:1	0.883005016560375	0.549169813836265	0.253433187125399	0.671328152661214
TAG55:6FA20:3	0.679812078159945	0.686873532450072	0.295728180491169	0.67499759252646
TAG51:4FA18:3	0.803739892516104	0.437639511095533	0.277083940254628	0.705606057847718
TAG58:10FA22:5	0.129027317794381	0.397672525020054	0.295851341683113	0.714008823206872
CE(20:0)	0.161168045824915	0.798111617966467	0.267266669759573	0.674214834282825
FFA(14:1)	0.737158430208171	0.962158304816933	0.285080285914045	0.681335608872099
TAG48:1FA16:1	0.26715186553292	0.711122785872768	0.273093128222804	0.68937348983445
TAG53:2FA18:0	0.499531358774467	0.352495721798909	0.261542622232897	0.671167808555001
TAG54:6FA18:2	0.076184500133113	0.22535794196628	0.258182164220856	0.613627215210091
FFA(12:0)	0.508085454024119	0.867655293411799	0.275367276051884	0.701734782237798
TAG51:1FA18:0	0.27155551116851	0.137607263057201	0.226356802997252	0.66075036200751
DAG(18:1/22:6)	0.475515175236283	0.846164833840008	0.27721063991657	0.70254054647293
DAG(18:1/20:3)	0.569920690647069	0.593510801539613	0.269308300868021	0.663124884629526
CE(20:3)	0.182570104296131	0.178050263784529	0.472507435304644	0.674087028557488
TAG36:0FA12:0	0.345133487411771	0.638267165189629	0.275405995453765	0.70312217269405
TAG53:2FA18:2	0.959204243205584	0.629942529600946	0.270834913974751	0.680869668250589
TAG53:1FA16:0	0.622408824188108	0.984029588704324	0.280795553383211	0.680597104964822
DAG(16:0/18:3)	0.899249579789064	0.501873593876443	0.27347686229203	0.668190688185482
PC(18:2/22:6)	0.658362960779241	0.365654309823979	0.377881971689858	0.59276662270787
PC(16:0/20:5)	0.197410598514691	0.866118956058223	0.274318570761487	0.706376301964793
TAG47:2FA14:0	0.532107712646435	0.345580651004506	0.261187706774982	0.65646570755524
PE(18:0/22:6)	0.699090841244469	0.849880980689817	0.274005402336658	0.735064599430795
HCER(24:1)	0.438914478169058	0.363519724254978	0.222728830611209	0.738007953472523
PI(18:0/16:0)	0.730692171656114	0.570623456588691	0.242150121628916	0.627407015657114
TAG53:4FA18:2	0.649261383978197	0.784142960126124	0.273648676894188	0.690353928781971
TAG54:5FA16:1	0.983204547881513	0.516064851943669	0.270878155177867	0.723087417559228
PE(16:0/20:4)	0.666339382795696	0.630811478520617	0.248416084390519	0.749489437626576
TAG52:1FA18:0	0.728444136218447	0.762065977566737	0.266850297043588	0.679456894624107
PI(18:1/18:1)	0.337728206711999	0.138098765057811	0.400243661326496	0.841642092844842
TAG54:5FA20:4	0.511275747190321	0.85400709340392	0.271640840328988	0.68392370152857
DAG(18:1/18:2)	0.646039569285212	0.448228819731801	0.261165690291563	0.71771117833103
TAG56:8FA18:2	0.258918753186159	0.47359304875314	0.283570682122798	0.721932419444641
TAG56:8FA18:1	0.121448854979731	0.359734832116222	0.305778536196122	0.748486889615372
TAG46:1FA16:1	0.259950671212496	0.463738978558599	0.265591257010522	0.677829595832276
TAG53:5FA18:3	0.379897883736921	0.21549171014759	0.254967086189808	0.7162148274213
DAG(18:0/18:1)	0.855756458309673	0.974825689824007	0.277406280581824	0.679943963634743
TAG42:1FA14:0	0.660658720034697	0.364654435991084	0.240847879587645	0.655857707628571
DAG(16:0/18:0)	0.302091819031288	0.312047739713636	0.244852858684633	0.682529959085266
TAG46:2FA16:1	0.414890729378824	0.677701143548734	0.279040463275699	0.663465138557979
TAG56:7FA16:1	0.275456827171667	0.122166607262687	0.256822007287283	0.847521349063382
PC(18:0/22:5)	0.521753980396334	0.649651903933697	0.370449238399637	0.639480306440445
TAG47:1FA17:0	0.535278364813798	0.240803209849578	0.249750716374174	0.651890756124632
TAG49:0FA17:0	0.441651732843498	0.523384389512651	0.256675728185882	0.686803261664764
PC(18:0/22:4)	0.213946837597872	0.185028950676805	0.36177559147063	0.841585232173759
TAG54:8FA22:6	0.425586115925514	0.502040532359271	0.282833566316271	0.735190900076187
LCER(20:0)	0.801710040366041	0.875292049613871	0.273884249987586	0.683945402961631
TAG44:1FA14:0	0.933111800976756	0.607021990103777	0.262842460217426	0.659400445722298
TAG50:3FA20:3	0.219677129069366	0.223713803799039	0.241443195834066	0.676261714882375
TAG54:5FA18:0	0.112273616550898	0.214685833830971	0.252873959198061	0.656270022359412
TAG48:1FA14:0	0.380378827500318	0.303788216665818	0.249863229217205	0.665410555889965
TAG40:0FA12:0	0.343264500103074	0.750000959358301	0.287846000813048	0.694574777303557
DAG(16:0/20:4)	0.204313520620503	0.179901486924455	0.266056696812512	0.713576743453454
TAG52:6FA16:1	0.173407235710456	0.0415464577098124	0.214829146740709	0.79692834976781
TAG54:0FA16:0	0.243879256939024	0.0292218924147184	0.197081229919172	0.619871229308255
CE(22:1)	0.409243181226311	0.615113118940305	0.237478012906351	0.722952083667966
DAG(16:0/20:3)	0.204794920676558	0.20955060788605	0.272713423580448	0.682656811017965
TAG52:4FA20:3	0.38919305590902	0.816877428490214	0.273795871193503	0.677825299704434
TAG51:3FA16:1	0.542207842767734	0.717911785598856	0.268112474810669	0.711824632230075
TAG52:3FA20:0	0.569876708893572	0.347107880554228	0.278627897322699	0.706244522597393
TAG47:1FA18:1	0.351917646358798	0.180285295006883	0.239152794136647	0.63848487704021
TAG53:3FA17:0	0.907014646478487	0.974379327551739	0.278729129440266	0.680028445349103
TAG54:7FA20:5	0.184186415464175	0.341688027272982	0.310555092233731	0.744718009341535
TAG56:6FA20:5	0.191492165878118	0.667552019343173	0.294016411382261	0.721599213988034
TAG50:0FA18:0	0.608633075655121	0.641736301900474	0.258235047454807	0.686086076758529
TAG50:4FA18:1	0.687047945858921	0.571788533526492	0.270185828780064	0.706634824698728
PE(18:1/22:5)	0.339328674469766	0.997132287289645	0.298577800677467	0.684976973386965
TAG46:2FA18:1	0.652061474604221	0.325454378177683	0.241217480609952	0.655051198558595
TAG47:1FA14:0	0.324018790099439	0.247697377299736	0.243789572967488	0.648483915215285
PC(18:0/18:1)	0.485950207124747	0.431467371281313	0.428816134265994	0.617207918198998
TAG50:0FA16:0	0.543167272161085	0.644684160678459	0.259330223210981	0.691320422660879
TAG54:6FA22:6	0.851500222839199	0.933625742507335	0.279091006658116	0.687570558305676
TAG56:7FA20:4	0.796174412108128	0.901175821994089	0.281762900569449	0.677753880401781
TAG52:4FA16:0	0.335996041659186	0.279572987504575	0.264371954443714	0.69088339470055
TAG42:1FA16:0	0.581467809140687	0.37110295357946	0.235533071948225	0.692739867853533
LPC(22:6)	0.0926788192068868	0.123428908389119	0.307876706445988	0.783535244541038
PI(18:0/20:2)	0.463924783120314	0.78798314667025	0.348710455333335	0.646298445057583
TAG52:2FA18:1	0.890640154415485	0.66567373716151	0.284675370372561	0.70353007006826
TAG52:3FA16:1	0.604101258437494	0.164923046596335	0.243684780048496	0.805750211300262
TAG51:3FA18:3	0.912266127996678	0.92518208484169	0.27741131187011	0.681036561822915
TAG52:7FA18:1	0.849275403955844	0.870321537439247	0.273997221182545	0.676675742396868
DAG(18:1/22:5)	0.548697507796263	0.518986058146197	0.276095488808193	0.728038635353119
TAG56:5FA20:2	0.185692494868626	0.362614301044197	0.25476846361569	0.775084065687737
TAG46:1FA18:0	0.614367333282651	0.175615344168045	0.214892484411826	0.669261089630717
TAG56:5FA20:4	0.559446780204768	0.71016313505043	0.290585588346982	0.69988180374263
TAG56:2FA20:0	0.663723123619471	0.839171122406897	0.285223184480265	0.685400125554691
DAG(18:0/18:2)	0.988856123335736	0.985648548655743	0.277870745259092	0.681094856227709
DAG(16:0/20:5)	0.835431427061669	0.343912652488619	0.265676214728752	0.654172327851098
PC(18:1/20:3)	0.147733097409418	0.217979155351012	0.529627865544351	0.63203094423359
DAG(14:1/16:0)	0.613423280375487	0.468927974216693	0.260369031631877	0.730350352808781
TAG48:5FA18:2	0.113952133000549	0.398980995740164	0.289144021572917	0.670646947728489
TAG54:3FA18:0	0.322806588998194	0.300163473403092	0.279602741564069	0.707093540220386
TAG49:3FA16:0	0.745317902299925	0.867495612802461	0.277062828490437	0.682330404772988
TAG49:3FA16:1	0.654719858658416	0.597058119034823	0.265015979794131	0.719908995936925
FFA(20:0)	0.501421483389431	0.687929957850326	0.264788200860225	0.712653784990297
PE(P18:1/18:1)	0.733324244682652	0.12867200105602	0.471509958756753	0.546659481856718
TAG54:8FA20:4	0.471239042303729	0.788798828098655	0.277464853554813	0.685849392340118
CE(14:1)	0.150154026787986	0.064809956858749	0.418231819321171	0.64423275537774
SM(20:1)	0.393243823867675	0.158604335954152	0.103935875599999	0.898419982695153
TAG51:0FA16:0	0.72900246459355	0.596443132837834	0.256601349281217	0.685052551278762
DCER(16:0)	0.0513191726969175	0.0919802033450693	0.387885189972061	0.610467739394614
TAG56:6FA18:0	0.354988261921229	0.590351634139162	0.286359091399144	0.712773658704595
TAG48:4FA18:1	0.190769905145596	0.498522601002728	0.294033921095931	0.696268916295348
TAG50:1FA16:0	0.443876533227108	0.719385607330426	0.268713660350499	0.689525217989046
TAG52:5FA14:0	0.485694173782419	0.518549703154767	0.264065618996589	0.663822804922665
PE(P16:0/18:2)	0.462010073373909	0.888732177003608	0.306472685309174	0.667050366860158
PE(P18:0/20:5)	0.449964275164629	0.50660353879372	0.292815807942382	0.59663563490089
CE(18:0)	0.435750208939489	0.445490138776181	0.366996675236043	0.660457996699375
PI(18:0/20:4)	0.959986599999618	0.686538205101765	0.252236595674704	0.698437735462302
TAG49:1FA14:0	0.328356674041814	0.178482770032526	0.243362268608513	0.642534035588819
PE(O16:0/20:4)	0.775267753978953	0.669230372957012	0.290054558245271	0.669438662782119
TAG53:3FA18:0	0.601227864688079	0.65054945429321	0.288994891798363	0.671038721226429
TAG56:5FA20:3	0.806674711545735	0.698551371155441	0.283451083844424	0.703260469099605
TAG48:0FA14:0	0.533353769132114	0.366108420203791	0.243493032593961	0.666772720699175
FFA(17:0)	0.172156728079446	0.402305987646319	0.318500489294621	0.680546294947748
TAG50:5FA20:5	0.897263995840461	0.533947532027756	0.255017550818404	0.659569679333791
PC(16:0/14:0)	0.128570184348521	0.0488784852300716	0.519782475615025	0.474032218480119
TAG48:2FA18:0	0.378319495611414	0.894267682454212	0.282893464048283	0.683586051682199
TAG50:5FA18:2	0.429607157400813	0.552579554745119	0.268507656841966	0.678291725986414
TAG52:7FA20:5	0.47037872370714	0.921915421523038	0.281736484858129	0.687015700709578
TAG48:1FA18:0	0.699121258752611	0.754518933688803	0.26724884691278	0.670806792242209
TAG56:6FA22:4	0.817781777825595	0.806305023027503	0.289288838430366	0.674164554568809
TAG52:2FA16:1	0.762075833779754	0.635378645396104	0.271806054539547	0.713373632033018
TAG49:0FA15:0	0.294919875398699	0.199393952853999	0.231155872255734	0.674238578679503
TAG46:1FA12:0	0.760508770308662	0.745366579824126	0.26862611770731	0.669111221562531
TAG51:3FA15:0	0.840934074181115	0.84917933426185	0.280448525212579	0.692756833152514
TAG54:7FA18:3	0.0359292705828795	0.155434143163177	0.254813156924278	0.605035799597089
TAG57:2FA18:1	0.121275050280686	0.352575991580569	0.306126626778717	0.761891713513515
PC(16:0/20:1)	0.290371075945277	0.455108825316404	0.305839721503112	0.639146550070268
TAG38:0FA12:0	0.405859860871643	0.669038832365023	0.276477469614661	0.700989044167274
TAG49:0FA18:0	0.401157553370012	0.243674562674973	0.232821190696806	0.667848434465656
TAG51:2FA16:1	0.321469130590903	0.793338269283087	0.280627253093791	0.665996720309014
TAG54:3FA18:1	0.182770228933754	0.127093827427846	0.314233992228114	0.751218521194441
TAG54:3FA20:3	0.482641125557879	0.765403919032662	0.268561216118847	0.67572165076774
TAG58:7FA18:0	0.297854822437905	0.499513767446921	0.28441254232024	0.743477846837802
DCER(24:1)	0.336234651874502	0.482304469711713	0.338616060367279	0.603679340181675
DAG(16:1/18:1)	0.807996074913023	0.67519379030471	0.270571354360336	0.706959663257043
LPE(20:1)	0.486343793484816	0.544011965042611	0.283590807199	0.705883254485503
DAG(14:0/14:0)	0.432812961704109	0.257613162772526	0.238528334703947	0.644726031094764
TAG48:2FA14:1	0.126152753172407	0.304699708612204	0.259738938548319	0.666558683550397
TAG56:9FA18:3	0.329371057371445	0.252538830816097	0.276608470090245	0.727982320684504
PE(18:0/18:0)	0.614368177815595	0.922496027321635	0.296420851659396	0.672782678295678
TAG50:3FA16:1	0.769155000083787	0.339875895372222	0.248699851095174	0.72908478781285
TAG51:1FA18:1	0.305117439899659	0.287651829567972	0.246739712676681	0.663475242744112
TAG52:1FA18:1	0.81447444923142	0.978979481571331	0.278236246094973	0.680440991344662
PI(18:0/18:2)	0.827961747107112	0.735513426641652	0.345170749564983	0.70411002184743
TAG49:1FA15:0	0.28443373349855	0.25452795576076	0.242774343306915	0.66963096278571
PE(P18:1/20:4)	0.718418063121651	0.786105034239234	0.271349553647498	0.684294115543073
TAG51:0FA17:0	0.363342337170321	0.313031808695186	0.241640371516515	0.681868509275972
TAG48:3FA16:0	0.510957081438198	0.747591137137084	0.276896091975084	0.678117926570938
CE(12:0)	0.403003493232239	0.4475319802643	0.35951000960466	0.627265370636049
TAG53:1FA18:0	0.450775680954603	0.215816754391859	0.231467754209534	0.67620142299957
CE(18:1)	0.985737007347348	0.673294075875592	0.332047504443719	0.658662014202036
PE(P18:0/20:4)	0.645084295390854	0.488980693369183	0.256847802262391	0.728957377455401
TAG54:3FA18:3	0.855625107715909	0.313919631445659	0.266623834892047	0.642894921977052
TAG54:4FA18:1	0.0959794187440458	0.0716975268488132	0.290293279459536	0.72310690327706
TAG58:8FA20:4	0.340942648985459	0.352215378519223	0.24736517404051	0.685961123470784
PE(18:0/22:4)	0.68135096643352	0.658057271136785	0.270764962560493	0.680213556047584
TAG44:2FA18:1	0.738405324073545	0.316544199358095	0.224347698616126	0.688690195997342
PE(16:0/20:3)	0.0308108924369812	0.0844331337872071	0.533759994575679	0.51426354885434
TAG46:2FA14:0	0.655216569331012	0.474502061779634	0.267243941524469	0.659575310735929
PE(18:2/16:1)	0.411386125520226	0.73954898289078	0.318730298092833	0.644244712239324
TAG56:4FA16:0	0.483464204297817	0.729312771221315	0.268576826605269	0.678135812300111
DAG(18:1/20:4)	0.352641803147094	0.401443698014039	0.262939390494016	0.684440868134481
TAG52:3FA18:0	0.742965414659938	0.424491760992679	0.262557518027317	0.70624930898716
TAG58:10FA20:5	0.545382035842583	0.71111556194293	0.274772157627034	0.655507813129893
PC(18:0/18:3)	0.856542786377509	0.754597555453097	0.258315069516816	0.700408151749975
TAG55:7FA18:1	0.854155971862002	0.661005681732256	0.261164971735071	0.666733653233911
TAG60:11FA22:5	0.586968618240829	0.976034318339124	0.278418102875947	0.680179855239217
DAG(18:2/20:3)	0.494274273221843	0.433534620645862	0.279570085675876	0.659823034071265
TAG40:0FA16:0	0.374241244293423	0.829234620006044	0.289304676458336	0.687974527960046
TAG54:5FA16:0	0.726781154865206	0.948059026623192	0.281217035068705	0.681790076061321
TAG58:6FA22:4	0.805362340396388	0.503882090549333	0.310066264882229	0.68857826614825
TAG56:4FA18:2	0.268630004198637	0.388791956365475	0.281502427641172	0.700125688086281
PE(O16:0/22:5)	0.94933657550662	0.543664620178487	0.335329544927081	0.641576513440841
PE(O18:0/22:6)	0.465086575790846	0.929082425253144	0.277255780570398	0.702543849884937
SM(18:1)	0.932080866528515	0.573610899937469	0.224167196433492	0.750790950919
TAG51:5FA18:3	0.342754637295445	0.204502965717939	0.263494357834401	0.71489182748603
TAG54:6FA22:5	0.8939117524212	0.691005433996634	0.284473067698486	0.692280762489862
TAG56:4FA18:0	0.916984730400167	0.75067767016345	0.279718689434189	0.707013521882254
TAG51:3FA18:1	0.875589539328749	0.871797540655301	0.278424906420416	0.694504476160405
LPC(18:0)	0.189980484006647	0.034998574931853	0.112945481890846	0.671374792991717
FFA(20:5)	0.89846533235434	0.436451987696458	0.289384105333487	0.661294030785864
TAG54:6FA18:1	0.0233511941423998	0.05764097880804	0.254787179514451	0.685289158082333
TAG52:6FA18:1	0.195853077758632	0.150888598158321	0.293639946362322	0.793310807627091
PC(18:2/20:2)	0.045084625065201	0.0686840666468155	0.112234991570373	0.890767861980306
PC(16:0/22:5)	0.373119272179837	0.418681903753252	0.209328099498164	0.794356246163456
TAG45:1FA15:0	0.458584364414147	0.299919884220792	0.254412721347353	0.650238409880959
TAG50:3FA18:3	0.939475337571893	0.624922695437619	0.277802331227688	0.665522720923127
TAG48:1FA12:0	0.526388750783304	0.925203063258567	0.275719702115413	0.677631872832863
TAG52:6FA20:5	0.817151614127513	0.970362377626894	0.280481515734008	0.683203458039914
TAG53:5FA20:4	0.299519210620539	0.555345920962775	0.263943943150956	0.671001714516598
CE(20:4)	0.437671672866021	0.687279376592992	0.267881936103506	0.670434411151479
CER(22:1)	0.209561434904225	0.777599738802478	0.336621802631921	0.647150882713462
MAG(18:0)	0.249820793817339	0.0269391647067815	0.250157694430653	0.798103073983333
TAG48:3FA18:3	0.986794781572384	0.921825507037375	0.276180870099826	0.681082068863198
FFA(18:0)	0.439600789375069	0.826187761759841	0.277132388982568	0.682998789959864
TAG52:4FA18:2	0.287183563680782	0.189717115283376	0.250181103212899	0.712894874204643
TAG42:1FA18:1	0.473463944758488	0.952827614873694	0.277859717240768	0.67934537844598
TAG60:10FA22:5	0.457797349997044	0.699131445517924	0.283844067758698	0.699496077974646
DCER(26:0)	0.591332084632534	0.497207002035992	0.279236164398906	0.703658112822922
LCER(18:0)	0.790454503789176	0.495298538923399	0.218832018626343	0.729532338051951
TAG42:0FA12:0	0.385195253392689	0.889729119232031	0.281696135413196	0.687767005720223
TAG51:3FA17:0	0.582695888385436	0.929633967887149	0.276818450146994	0.687223923877756
TAG52:6FA16:0	0.321984481415594	0.0940511648610503	0.275085004094189	0.697543580496849
CE(22:4)	0.717257690360965	0.696283383482522	0.309760886728295	0.691695931306458
TAG48:4FA14:1	0.492647538673337	0.684615957604549	0.266919908622361	0.702373662133511
TAG50:3FA18:1	0.942549895256735	0.813725377901277	0.275348790018115	0.69577347511565
TAG53:4FA17:0	0.652526892819342	0.934233269021786	0.277050867937142	0.684416781771836
PC(16:0/20:4)	0.386686870353139	0.53985503620342	0.268178187658933	0.679021059048844
TAG44:1FA18:1	0.963981355462571	0.456923440219019	0.245996006320183	0.663863097308676
TAG48:0FA16:0	0.594699601829558	0.81695141219874	0.270327947163147	0.69040092273467
DAG(16:1/20:4)	0.221183325055711	0.499513042624655	0.275320929291592	0.685787023199918
PC(17:0/18:2)	0.378043104975151	0.915254127542678	0.327306339542851	0.671538911226336
TAG54:4FA18:2	0.109537084530646	0.102810842067734	0.274395724479287	0.705553860232836
TAG50:0FA14:0	0.640194698261215	0.214912055426255	0.223831317903965	0.64333472960049
TAG58:7FA20:4	0.683413984187633	0.59013847347283	0.265762095353332	0.659762994026663
TAG52:4FA18:3	0.323109488284537	0.108299776182924	0.273695787277564	0.704109803034347
FFA(16:1)	0.815886862319786	0.509242005948322	0.245708920589155	0.740439576840981
TAG51:3FA16:0	0.659536706800032	0.905978386134591	0.277701847313115	0.679326793431681
TAG50:4FA18:3	0.806701162128529	0.280998955234589	0.258689244116731	0.714539166503552
TAG54:4FA20:3	0.654473145042319	0.893140591931187	0.27452849389582	0.677526157508841
PE(O18:0/18:2)	0.690679699381126	0.983969216976393	0.302100458804208	0.682063187899872
PC(18:1/20:2)	0.673690571406153	0.945640121358536	0.292463671694449	0.684689250314009
TAG49:2FA18:1	0.434463973055631	0.619751856678538	0.274617214540863	0.650898834391555
PC(18:1/20:4)	0.682333267152098	0.957841804428102	0.278028306810829	0.679857424885645
TAG47:0FA14:0	0.549898470376118	0.428724346438682	0.250779349319944	0.667296767344398
TAG52:8FA18:2	0.974776766842214	0.972218702020824	0.277615467044257	0.680507786347159
FFA(22:6)	0.79948765286396	0.852398262899801	0.272507688371054	0.664733386709797
TAG47:2FA15:0	0.532545679623036	0.453725815724758	0.267185563857544	0.657855663293639
TAG48:2FA18:1	0.959189571632595	0.829560999200837	0.27328522788429	0.670419874714152
TAG55:4FA18:1	0.405753502011491	0.579837869402171	0.295112223727128	0.669971718630641
TAG52:3FA14:0	0.839177379359954	0.604454567086991	0.27880278479096	0.647395559905085
TAG46:2FA16:0	0.611686014142127	0.967483041801815	0.277433382448313	0.680022998898047
TAG54:4FA20:2	0.589437427220954	0.646980472730369	0.272139434566819	0.720537492378876
TAG48:4FA20:4	0.983297906327863	0.623688956888405	0.261973719738028	0.66517117305873
TAG56:3FA18:1	0.387979926557677	0.496380713138925	0.296699694733672	0.708974227875219
TAG54:7FA22:6	0.8849948100149	0.699646171630295	0.275977130513018	0.715678005448178
TAG49:3FA18:2	0.584063727278994	0.861733246166298	0.281319669601767	0.672877276725251
TAG52:3FA16:0	0.612862792014629	0.342753029917514	0.274696612786111	0.718167103168583
TAG54:8FA18:2	0.0526922190865601	0.160820701025169	0.267914942031487	0.65503384388387
TAG54:6FA18:3	0.0338598036466613	0.0791011779234587	0.245997853058396	0.660684329238456
TAG56:8FA22:6	0.280172376072442	0.507985143063218	0.285502509112526	0.735703896188492
TAG58:8FA18:1	0.084123138202243	0.220042613358498	0.315941332605185	0.795436169658178
TAG55:7FA22:6	0.627760287989866	0.90157696920136	0.278984286885454	0.69830760875717
DAG(14:0/18:3)	0.611285022525091	0.694235101826899	0.276218449380356	0.691510257735333
PC(16:0/22:4)	0.75229746799742	0.670494911111497	0.298956512415403	0.705021633033511
TAG56:9FA20:4	0.985777674401648	0.821180540530154	0.277993576625046	0.678641638019855
TAG57:8FA22:6	0.268786724212313	0.515189377275967	0.281527136731624	0.73513130783168
TAG56:2FA18:0	0.952889177178216	0.91882295524942	0.275470335012977	0.678296749900858
PC(17:0/20:4)	0.129822702354014	0.642779969364	0.27141048826499	0.711840162425407
LPC(20:2)	0.157831253947286	0.0871362882786195	0.194185559213394	0.610381257954362
TAG45:1FA18:1	0.533149268337757	0.26792422631253	0.239513385011131	0.654319072872235
TAG52:5FA20:4	0.273984180620149	0.72439808631011	0.268096628867094	0.688061202066562
PE(18:1/18:1)	0.517530975073557	0.54392538413281	0.28558591720605	0.688612742909217
PE(P18:1/22:6)	0.808209279675384	0.728551520056196	0.257141831312011	0.769753376157917
PI(16:0/20:4)	0.315815175968917	0.769519120210481	0.326622737707885	0.68549064910549
TAG49:3FA15:0	0.756394203737807	0.79808859147057	0.274311621053368	0.693154680236063
TAG51:2FA18:0	0.687144417280424	0.524589219371073	0.263459107271913	0.680685533689532
LPE(20:4)	0.942792677757162	0.757995112281927	0.275574307832812	0.642323050192133
TAG44:2FA12:0	0.550865805763707	0.854801065882219	0.273848804342245	0.675389250054047
TAG56:1FA16:0	0.36276243574861	0.269371208563432	0.235811669781358	0.662729495062542
MAG(15:0)	0.246195339081525	0.698023392709957	0.28757920715559	0.687118936171749
DAG(16:0/18:2)	0.857063284646049	0.669033256138279	0.273732070776558	0.676587802867254
HCER(20:0)	0.0492976688620383	0.0860327923466454	0.14835569410002	0.818027177513842
LCER(24:0)	0.85217845387255	0.946309115371913	0.29102012178838	0.678988740099775
TAG49:0FA16:0	0.420381299756153	0.439093509650635	0.250433782800581	0.689273770884845
TAG50:3FA18:2	0.908595131242092	0.648054625417919	0.269032637941408	0.702526930253131
TAG55:7FA20:4	0.850224907189948	0.627735643422986	0.295047227611942	0.658648000285478
HCER(22:0)	0.319020086919258	0.434764139443872	0.229230306959154	0.731875982251619
TAG58:7FA22:5	0.175651419103261	0.240808113833381	0.313794173784769	0.762940282047096
FFA(22:2)	0.995073897731857	0.951560332696002	0.279292998842871	0.685115979522004
TAG44:1FA12:0	0.936692423458285	0.577485334604498	0.264521214080554	0.65579853815442
TAG46:0FA12:0	0.537813093730929	0.905915078438899	0.275073213780201	0.676809998227702
TAG52:6FA14:0	0.78985936270124	0.881440141455747	0.275736935023426	0.674723810310588
TAG51:2FA17:0	0.414581658758089	0.593140316429964	0.279434975117209	0.671446126885459
TAG56:3FA20:0	0.5531200362061	0.747293891250993	0.283903193627039	0.680245225500065
PE(P16:0/20:3)	0.168366914359528	0.128680867790601	0.45058136585207	0.511064669122263
PI(18:1/20:4)	0.28240185742533	0.87475426346398	0.303778212263823	0.688775011445547
DAG(12:0/18:2)	0.443420819106952	0.771737019033133	0.283463645112993	0.681613827838732
TAG52:2FA16:0	0.999525399177681	0.621232769251056	0.283953559171916	0.702023476679736
TAG52:3FA20:1	0.924577364303766	0.948078737306907	0.278420617208703	0.678020070544902
PE(P16:0/22:6)	0.406633751394674	0.346749234186108	0.208732955161749	0.901598270431185
TAG56:5FA22:4	0.610285637207158	0.974148642967042	0.282058331108939	0.680291209170429
TAG56:9FA22:6	0.250492109009291	0.446127103042237	0.28223974567381	0.739440576002943
TAG55:7FA20:3	0.55463852989404	0.753980535763841	0.293122291244867	0.678576595960944
TAG50:5FA16:0	0.96933739338036	0.454187702047311	0.28604639895125	0.707468348225544
TAG56:3FA16:0	0.519053999775644	0.441139683019369	0.266613055002752	0.665055369108762
MAG(18:1)	0.408406292906646	0.798563689325134	0.284175529022329	0.711284913486826
PC(18:1/18:2)	0.692224354563487	0.790985568598906	0.363001943389535	0.669055062004002
TAG56:6FA22:5	0.365773090118936	0.404029387894674	0.296755793394745	0.729868004575232
TAG57:3FA18:2	0.122238119048923	0.40487916594858	0.29231177797221	0.734886069682152
LCER(18:1)	0.976642787398726	0.826388295927423	0.287950067549259	0.675582995416203
TAG52:8FA16:1	0.330881761655365	0.468244524443901	0.269468379624624	0.663690125298568
TAG58:8FA22:6	0.140077769250434	0.316491185923655	0.303313108958064	0.775806253022321
TAG50:3FA16:0	0.809110236898411	0.436586455744195	0.259096247304041	0.696274584903809
FFA(24:1)	0.319474350016774	0.493537865617135	0.259227721837743	0.686319016217556
TAG55:7FA15:0	0.571916241428178	0.991521903880926	0.279010694838203	0.68330559869719
DAG(16:1/18:3)	0.61642635534673	0.734774203815331	0.274457902261991	0.686187866270681
CER(20:0)	0.838832350103649	0.776242835186041	0.263442267184289	0.725915255395831
PC(18:2/20:5)	0.369879992094098	0.799505913686013	0.291222683338811	0.658898677370699
TAG52:5FA18:3	0.204723591307655	0.0624826427278692	0.243516675708178	0.678420828368448
TAG51:0FA18:0	0.460858933251286	0.298247304928705	0.233861651561869	0.681156161624886
TAG55:3FA18:2	0.313327406009941	0.726881250243098	0.287152754341126	0.672301685411369
TAG42:2FA18:2	0.317345414859676	0.869121939476636	0.287857533848168	0.683592502698981
PC(14:0/18:2)	0.69578196930936	0.568137620358619	0.426860286822913	0.617275568798416
TAG50:3FA14:0	0.852945959186479	0.977220324588446	0.277895781098176	0.68343385777971
TAG54:5FA20:2	0.345866300254147	0.341344868937769	0.251999864835679	0.75789873247357
FFA(20:3)	0.998826179308704	0.9712592738064	0.277138722586574	0.679594208981385
TAG56:6FA16:0	0.392003449019091	0.34381899644207	0.288966585663634	0.734472600405573
PI(16:0/18:1)	0.210403987642513	0.143691368792976	0.421253568298748	0.793651656241797
TAG52:3FA18:3	0.489898954548584	0.30587133950796	0.278886714345934	0.678019664305267
TAG58:10FA18:2	0.164831928213578	0.455992639941716	0.290918763075445	0.728245011287809
LPC(16:0)	0.0491511448431408	0.0111753081066735	0.158918615000952	0.628066575834302
TAG44:2FA16:1	0.418586511307857	0.449460616901451	0.267611873283761	0.662004113210148
TAG56:10FA18:2	0.316334459286356	0.721235591824237	0.286985178446794	0.674700730279054
TAG56:5FA18:0	0.530646677194978	0.615051883113713	0.287130862743568	0.712782076646258
DAG(14:0/20:0)	0.0298519382867648	0.000964212428301283	0.601225224944741	0.555012468549705
TAG52:1FA20:1	0.412828505963186	0.408791983574923	0.248323570635303	0.683867324765776
CE(14:0)	0.552790350863515	0.190482890204558	0.476051779186121	0.553282853851019
DAG(18:1/22:4)	0.875049868034242	0.851880337770289	0.274960418089616	0.674967624950588
PC(18:0/20:3)	0.0261200338109076	0.0540634603160793	0.663320037345444	0.561990077924283
TAG54:2FA18:0	0.541929916522214	0.575085378989193	0.294539807341838	0.696476355965237
TAG56:7FA22:5	0.312684501254303	0.39224272069932	0.283432029170908	0.720229365779932
PE(18:0/20:3)	0.189459344782156	0.430810965672056	0.412509059329681	0.599042532977691
TAG51:1FA15:0	0.378454062328417	0.179811867347637	0.224286574544275	0.651430021485603
TAG58:7FA18:1	0.106749252752081	0.0936735457188212	0.307444402218914	0.850272494225445
PI(18:0/20:3)	0.277147025294994	0.271348627585528	0.536227363355349	0.549190793426552
TAG51:4FA18:1	0.501425450589761	0.259281387789791	0.268402006089696	0.714380154299666
TAG52:6FA18:3	0.117528530944099	0.0354809681421834	0.212084143404084	0.717264481712409
TAG44:2FA14:0	0.473501284254137	0.944243023618671	0.276701467576706	0.678970825915677
TAG50:5FA14:1	0.978564313781133	0.956043035806229	0.2786502579048	0.681200513165087
TAG54:2FA18:2	0.755421045464604	0.836467929863483	0.279647692004471	0.683578569258975
TAG48:2FA16:0	0.420813801036414	0.562790785167814	0.271894484783468	0.677958336953117
TAG56:6FA20:2	0.184905418447715	0.467046526631225	0.257169784118259	0.73162570086254
TAG56:5FA18:2	0.214574780532179	0.374179607354943	0.262483816080743	0.733761544764881
CER(16:0)	0.416253969165297	0.518815688553775	0.352376877447158	0.583984453497035
PC(18:2/18:3)	0.688454199154098	0.890981269327634	0.27348149559127	0.683099212168137
TAG49:2FA18:2	0.472953484463889	0.356376641206578	0.266035066897267	0.676182737507256
TAG54:3FA20:1	0.661272778912792	0.682821544386604	0.28066308595253	0.704900132686498
TAG44:0FA18:0	0.704577047196287	0.620405858456802	0.283261203193858	0.682729401194397
TAG54:1FA18:0	0.678260991284456	0.889274345716888	0.28443101956058	0.685076521637767
FFA(20:1)	0.473163697470793	0.673270355685113	0.288956964999389	0.711798071529734
TAG48:4FA14:0	0.857534617583072	0.677934124006455	0.269785338982318	0.707656175918732
TAG48:3FA16:1	0.565693454834841	0.765121056329686	0.269308864354549	0.701980647100918
TAG49:3FA18:3	0.857060003678075	0.947819045834631	0.2781481644609	0.680408478777334
SM(18:0)	0.649742462577751	0.553973758415284	0.225778764038384	0.753467056617205
PE(P18:0/18:2)	0.60574466845439	0.98273481481491	0.302368242461565	0.684346512735031
TAG53:2FA16:0	0.8985686279827	0.717828378703905	0.265903608675761	0.686573465943779
PC(18:1/18:3)	0.984961781257004	0.659154945237751	0.242636377003451	0.711698150620649
TAG53:4FA20:4	0.276875384759574	0.310781158316781	0.251157806031768	0.677870520338974
TAG46:3FA16:0	0.50707785163122	0.88365533039551	0.283152253030266	0.681844721829133
LPC(18:1)	0.18447579909818	0.0951059861232104	0.234644698825483	0.577717410365048
TAG50:2FA18:1	0.490409020194631	0.893746748977627	0.277985774233698	0.675325032283345
PI(18:0/18:1)	0.256293522992344	0.108508061406686	0.423636987805819	0.859774416269978
TAG48:1FA18:1	0.458325490915726	0.357566277892915	0.251941167560335	0.66226656170022
TAG54:4FA18:0	0.157184253873493	0.245841170315415	0.259527016125845	0.677143277782697
TAG54:6FA16:1	0.606368013819571	0.751384512476866	0.276374907587247	0.698486086891157
TAG56:6FA20:4	0.94245732407337	0.918937926829897	0.283592918181424	0.682477994406133
PC(20:0/20:4)	0.238838407892863	0.363774784936702	0.258127645134761	0.724898686748039
TAG54:1FA20:0	0.388944368157499	0.201265244844703	0.233561326538331	0.647614945736152
TAG44:2FA18:2	0.630067863948399	0.678168810004762	0.263180650619838	0.680193518153953
PC(18:0/20:5)	0.377563123820724	0.989688886724357	0.279789702453641	0.683432485548628
TAG58:7FA22:6	0.311488931971168	0.531243759827447	0.2863123813306	0.746128175216515
TAG52:3FA22:1	0.446168916164571	0.304457426529607	0.271245454910925	0.72423223498147
CE(16:1)	0.201373177544883	0.176039197243487	0.488363143189549	0.617109395492932
TAG54:2FA20:1	0.982355786914364	0.977694726913336	0.281469148393632	0.682534413275658
TAG44:1FA16:0	0.44832844875254	0.227516673195886	0.227371225058676	0.67017745088905
DAG(16:0/16:1)	0.500768247580591	0.83018746016585	0.276912584391247	0.675873220794071
TAG46:3FA14:1	0.278928230270127	0.413076050355313	0.271715541183909	0.655333975005509
TAG52:6FA20:4	0.34041206123604	0.760982782432663	0.272157490020706	0.681336905862429
CE(16:0)	0.549772054505545	0.878259100830711	0.274297018649518	0.690677309720696
PE(P18:0/20:3)	0.430223101009387	0.529602321550822	0.367359520777062	0.590966861592928
DAG(12:0/16:0)	0.526589073393928	0.813315789748292	0.267671758724305	0.692690023449134
TAG45:0FA14:0	0.6533392221388	0.596362593546163	0.258626710190139	0.672025306436378
FFA(18:2)	0.273917530804734	0.271310271372631	0.230646258952558	0.719251619271953
LPE(16:0)	0.284219132622348	0.0269712806250724	0.150823595677352	0.767017606422413
CE(20:1)	0.255086922052942	0.569692772796303	0.243390937577272	0.66262798543978
DCER(22:0)	0.207364879457507	0.0859085318391903	0.371922980696519	0.593010089503511
PC(14:0/18:1)	0.261192986307964	0.299169030276678	0.456997289865063	0.555421390208493
PE(18:1/22:6)	0.599672233258852	0.286400203885972	0.183954737373638	0.961569992058299
TAG48:4FA16:0	0.742533197850303	0.826643728118425	0.278472846778049	0.685596973761593
TAG54:2FA16:0	0.902255982739246	0.860928265586573	0.27291585545865	0.674806531255739
TAG58:9FA18:2	0.0943008471466233	0.289633508740146	0.294426064940133	0.758481346498231
TAG52:5FA16:0	0.199469856744595	0.124772537042545	0.259760104836492	0.659368864411471
FFA(15:0)	0.619021672205185	0.86206025599917	0.272328247721751	0.692592172242833
TAG52:5FA18:1	0.197791689370744	0.0438506198361349	0.226429037874331	0.844242299896036
TAG54:5FA18:1	0.0496875868791824	0.0788478835011243	0.265914006541562	0.674436311045976
FFA(24:0)	0.415606216840328	0.532590110663312	0.251256178677822	0.84245555641415
TAG54:5FA22:5	0.665008018970354	0.939205836479961	0.276606054916111	0.681105357412182
TAG58:8FA18:2	0.135107840445393	0.206074759401219	0.288451434425148	0.76946536562713
TAG44:0FA14:0	0.928624572165585	0.636405345682895	0.260771049195996	0.667160687345912
PE(P16:0/18:1)	0.937108153683307	0.598210695637612	0.333702529094516	0.620868469665589
CER(22:0)	0.334365508022496	0.129461448207349	0.401331689938965	0.498406769037043
TAG52:4FA18:1	0.241468254347577	0.0604938788975832	0.227211209225468	0.811212767670914
TAG58:8FA20:3	0.438069236132527	0.361365300357902	0.265350667127184	0.650665871615581
PE(18:0/22:5)	0.847382328430335	0.24325416148046	0.188588842749529	0.844217032489077
TAG47:2FA18:1	0.379215547728128	0.255409718550809	0.249341348501988	0.633160951229141
CE(22:2)	0.288379133898353	0.934229014521446	0.275490816781169	0.683097459984916
TAG55:5FA18:2	0.50623514816881	0.856591318722423	0.275614050639428	0.671644634619072
TAG52:2FA14:0	0.570453565214248	0.227432888519214	0.253008068093804	0.624997210962352
FFA(22:4)	0.339307039969346	0.507797253662336	0.259493768145623	0.731946096874766
TAG54:1FA18:1	0.762146959776596	0.978440817185703	0.280154926571338	0.681840332858789
TAG40:0FA14:0	0.58459058454374	0.824206545414296	0.278878184344613	0.691545375865007
DAG(16:0/22:5)	0.756287336822827	0.611256541254853	0.2760184397337	0.693577990243297
DAG(18:0/22:6)	0.559218872261202	0.716206146626199	0.299006991440437	0.680886191884564
TAG47:1FA16:0	0.317222366210891	0.352552093681553	0.250939439121497	0.6732298037441
DAG(18:1/20:5)	0.322971332074748	0.842937191025753	0.281359535783742	0.694728739112406
TAG54:3FA16:1	0.623656005110407	0.460012226085415	0.264315389819228	0.756558797494916
MAG(16:0)	0.476261805075371	0.127320073207419	0.322922038724032	0.768871598885339
PI(16:0/18:2)	0.39522350079931	0.487056402175893	0.383409492544153	0.728845612438091
CE(22:6)	0.439138459010953	0.710900557942276	0.259555985741954	0.744338464602115
TAG46:4FA18:2	0.611469336971886	0.551996467049964	0.25930902437659	0.723086550089791
CE(18:4)	0.99423263596658	0.753229237605704	0.319076866739417	0.662716015495491
TAG54:2FA20:0	0.847028549473265	0.705926463909371	0.272261149821559	0.67852838134802
TAG56:6FA20:3	0.729727017849848	0.764893760997189	0.278416895811329	0.693132962735851
DAG(18:2/22:4)	0.271028642958428	0.529898947728361	0.269477110665879	0.711845860853707
DCER(24:0)	0.276776602229732	0.176319234881995	0.360900078988399	0.527919421899459
TAG58:6FA16:0	0.684539675699412	0.613058824091459	0.25978032540676	0.728213366453545
PC(16:0/18:2)	0.475738486490499	0.951446057202561	0.327750011287695	0.677803149042279
TAG52:3FA18:2	0.630157219266907	0.380860858471426	0.274613715861261	0.715717806822374
TAG48:0FA18:0	0.906074561833305	0.486467749372365	0.24900365911674	0.664831750418268
TAG58:7FA18:2	0.426805959330295	0.44183667058753	0.27611205205059	0.725907065351227
TAG50:1FA16:1	0.296805093990093	0.812356711392853	0.275263373271081	0.679675366027359
LPE(16:1)	0.120750240976765	0.564846922693002	0.301879247478999	0.691324986319592
TAG48:1FA14:1	0.157581206639448	0.199738412202291	0.234954654645203	0.681379923652042
TAG51:2FA18:2	0.504169352614688	0.481130139821365	0.274345805494225	0.677139578729925
TAG50:2FA16:0	0.583685461541825	0.912289379639012	0.2778737670524	0.679833439066072
LCER(14:0)	0.295477935682308	0.161882706169221	0.41300998532166	0.587010268196164
LPE(22:6)	0.707028260053769	0.74556627916861	0.271432282320228	0.712698063412193
PE(18:1/20:4)	0.518738850548711	0.0795744570221566	0.151765715433599	0.90711781317005
TAG54:4FA22:4	0.325679758043086	0.565566793800481	0.254124681013411	0.712544026845989
PE(16:0/18:2)	0.763465465868713	0.896605024765872	0.27724860020198	0.693577188413102
TAG50:4FA18:2	0.461414279785438	0.50369772115784	0.261454501753211	0.707434491630904
HCER(16:0)	0.912541322968025	0.851798315185086	0.271760237876827	0.69584193816853
PE(16:0/22:5)	0.826339486717525	0.506936297350707	0.22395968147931	0.818035470328757
PE(O18:0/18:1)	0.935732326241377	0.905672041586704	0.27712026974006	0.690772132056204
TAG44:1FA14:1	0.273420597236806	0.349909340490008	0.248849990572943	0.669413194812663
TAG56:7FA20:5	0.106189156044269	0.353219650210226	0.316375321176234	0.750173954745146
TAG45:0FA16:0	0.536697981639459	0.422818011489308	0.246085933253585	0.674056871358429
TAG46:0FA16:0	0.772944112530379	0.637253761781555	0.25890744650797	0.681834819375644
SM(24:1)	0.219415560583799	0.512636153922232	0.400677418238037	0.618592552626721
TAG52:7FA22:6	0.592316045744296	0.596374487745689	0.285189427310016	0.715936447008369
CE(20:2)	0.45552051033982	0.305026941108496	0.464098710146327	0.665344814500842
TAG54:5FA20:5	0.480749005264441	0.942536533190091	0.282574052589568	0.68648441835177
TAG45:0FA15:0	0.54645205552813	0.518623123199885	0.255581797386861	0.674979575559586
TAG56:5FA22:5	0.652608847798534	0.585479169751329	0.291786943169408	0.70569674172749
PC(18:0/16:1)	0.171955147953968	0.433462622419565	0.38253954279169	0.636850038163464
TAG49:2FA16:0	0.371746327945216	0.443144060115948	0.269489831344798	0.677658608568668
CE(20:5)	0.251372095693718	0.91363195727003	0.282595935343759	0.67185469517714
HCER(22:1)	0.363000908940158	0.335730401488666	0.191927946797744	0.786788446804691
TAG49:1FA16:0	0.229433816608177	0.267223998134983	0.247475186484919	0.678029904552375
TAG56:5FA18:1	0.564329093151044	0.517293245525575	0.287929401962521	0.718631300147887
TAG53:4FA18:3	0.658748625703492	0.586918253645559	0.276274428956218	0.688801542126275
PC(20:0/18:1)	0.931599632310105	0.966138769807469	0.293273165265908	0.680503172619914
TAG54:1FA20:1	0.818320830606386	0.719167668579543	0.260976027551566	0.674701639768106
DAG(12:0/18:1)	0.506419303537228	0.882010258082448	0.273859917395402	0.676755758149927
PE(P18:0/22:5)	0.638580192870468	0.719522240094617	0.319215383071722	0.645055615615279
