chemID	simpleLRM_Fstatistics	multiLRM(chem_sig)	multiLRM(sex_sig)	multiLRM(age_sig)
TAG52:0FA20:0	0.111211555506712	0.0229729033236182	0.256429755707549	0.649946592098344
TAG58:6FA22:5	0.538597866438707	0.774469068795426	0.321003849655958	0.688017135400025
TAG50:1FA20:1	0.358409206344505	0.150122591487601	0.26720941284483	0.641994547196164
TAG54:6FA20:3	0.78940074135464	0.342378897606925	0.302281280099836	0.708751925877429
CE(24:0)	0.363191682770396	0.668070234140073	0.345477482810598	0.642793530971867
LCER(22:0)	0.584298308736224	0.962419520895619	0.328469631861986	0.667921988745909
TAG48:4FA16:1	0.552477787370921	0.577649785091554	0.294759687293363	0.703703705623021
TAG51:4FA16:0	0.791166613661011	0.785198455058302	0.312584763658958	0.669370596474704
PC(16:0/18:1)	0.865450681894117	0.566103882833405	0.391563316059363	0.609657762970915
TAG50:3FA14:1	0.255987372523575	0.231909996876367	0.309172077482512	0.625540224271499
CE(17:0)	0.968667364472534	0.407228124084147	0.373403896798486	0.625550988830778
TAG56:6FA22:6	0.741911653548657	0.819663621239115	0.314720466952029	0.692645751106291
PC(18:1/16:1)	0.626393165311637	0.916232880670068	0.361846745735068	0.660815998668403
TAG53:3FA16:0	0.727587548216445	0.693917330701551	0.307731175323206	0.673872218191287
TAG54:4FA20:4	0.384837302360802	0.669459294038364	0.295226828137452	0.672057480011391
DAG(14:0/20:4)	0.0866381276845366	0.0170722527121406	0.281563010725714	0.600284273054731
CE(18:2)	0.192531879335854	0.33996495670285	0.205686157972358	0.729524157577613
DAG(14:1/18:1)	0.860762614863575	0.956938331730606	0.312567575246048	0.668387608163526
DCER(20:0)	0.360274309352492	0.125607337700437	0.247975891938242	0.798125176066142
LCER(20:1)	0.510374942374266	0.129332543811271	0.495674094840331	0.552301410205001
TAG54:3FA16:0	0.943196010524105	0.860264155872754	0.311954562525892	0.660792327180311
TAG48:3FA14:0	0.692316476826462	0.996213555768939	0.31416787851354	0.670341570877131
TAG56:1FA18:1	0.372807974770467	0.0565077359065747	0.239321820355	0.59951044941772
TAG58:9FA18:1	0.131437156095491	0.337029673977094	0.338021634387258	0.754669244463206
PE(P18:1/22:4)	0.857426248019277	0.864393101116486	0.307418342209551	0.659912629914651
TAG54:4FA16:0	0.685598167445204	0.862304149265652	0.310772662274891	0.665408563814278
PC(18:2/16:1)	0.479041184006947	0.447998125202364	0.210283703689497	0.802592456013159
DAG(14:0/18:1)	0.572300144144611	0.295577777904643	0.284252095279863	0.635078723115268
TAG46:2FA14:1	0.112492215051357	0.306437796577436	0.29755702129096	0.645990494002512
TAG52:4FA20:0	0.449374035808992	0.338430351296685	0.298750894505665	0.671723027942537
PC(18:0/18:2)	0.728197629326284	0.917067237660876	0.38982439198802	0.661341649312149
PE(P16:0/22:4)	0.526206170630293	0.986155217695288	0.318402574505922	0.669471446695363
TAG50:4FA16:0	0.815929924306119	0.358448838217189	0.297413696917796	0.693042918671204
DAG(18:1/20:1)	0.868194597590869	0.631928791506232	0.30863184801085	0.637109084797096
LPC(15:0)	0.533728090811081	0.0138342139179122	0.149441604976479	0.827840095258266
TAG48:3FA18:2	0.73593630498281	0.964223665431387	0.31361770041869	0.671817080421122
TAG52:6FA22:6	0.69362483508103	0.813324356452969	0.313131959874922	0.655880499182683
TAG56:7FA18:3	0.367034934244992	0.353010210615821	0.307364893564261	0.68830790993203
PC(18:0/22:6)	0.889056107838947	0.965005529964519	0.319441799387282	0.688763426274954
SM(26:1)	0.714941184686731	0.862991360725818	0.341639116753105	0.656045919270802
TAG48:2FA14:0	0.470178525027347	0.52987658729543	0.310154977650123	0.659094870353677
TAG48:3FA18:1	0.438444973873766	0.861315401462526	0.317253833314536	0.676582617420799
DAG(16:1/18:2)	0.562779692407844	0.762843997536167	0.300082363952636	0.685236083211332
TAG53:6FA18:3	0.844534061802993	0.918787584040841	0.320396367456708	0.671288851862242
PC(16:0/12:0)	0.310588478623668	0.823814897213732	0.302404162887814	0.708374729213757
TAG51:5FA18:2	0.315123216391526	0.37713852880253	0.304604356937786	0.678217353141216
PE(P16:0/20:4)	0.680565114080496	0.708704066048019	0.30303280398863	0.695880489911192
TAG49:1FA16:1	0.182141455788129	0.484727770426699	0.306259429787389	0.667309536935005
TAG56:5FA20:1	0.0752778789063363	0.272901575431441	0.310748153991757	0.687882753333676
LPE(18:0)	0.617314788530063	0.137867993866541	0.174622412004927	0.757023787958773
FFA(20:4)	0.888550752253066	0.915201621567251	0.311988531252133	0.666839325722364
TAG46:1FA14:1	0.126900071465273	0.0702795846750811	0.171609900154041	0.688558197567496
TAG46:3FA14:0	0.699374475495625	0.632785143476815	0.307255368299786	0.656941305245156
PE(P18:1/22:5)	0.906891446403828	0.680653383537233	0.365009508291379	0.635636180156918
TAG50:1FA14:0	0.46538431316207	0.186069311610259	0.264409762369926	0.625386191695331
TAG56:8FA20:4	0.959069173812626	0.611849768546853	0.318306006487132	0.65483025924737
TAG56:4FA20:1	0.22035730289763	0.68600954808732	0.321146035209723	0.684881531837637
MAG(18:3)	0.649776522814026	0.714633987657385	0.386017802586699	0.643261996121446
PE(18:0/20:4)	0.918429049229096	0.568635110910748	0.271960184506904	0.736579467020833
TAG53:2FA18:1	0.536320879450637	0.331374611384904	0.29750849359974	0.624829880501563
TAG54:7FA22:5	0.669290694594659	0.480962419693156	0.323768734578711	0.696428650401202
TAG60:12FA22:6	0.503179382935198	0.986119373069858	0.314041083678676	0.670002692211158
PC(18:0/20:2)	0.448569016815962	0.266159109602461	0.595168766797448	0.606487971584602
LPC(18:2)	0.00622015434315386	0.0147929107478625	0.311570333815672	0.3567971496384
PC(15:0/18:2)	0.568675915216532	0.516979536074107	0.462548788415394	0.591493757491645
DAG(18:1/18:1)	0.71630731867518	0.847948761714634	0.312999900575848	0.683688349335431
TAG56:4FA22:4	0.334788292277163	0.632814067444835	0.29169260294306	0.687484172825915
TAG56:9FA20:5	0.097335564503008	0.332497360496899	0.3388502277277	0.723461034620955
TAG49:2FA14:0	0.302528472352946	0.261022089789679	0.304866656814351	0.633536274000687
PC(16:0/18:3)	0.399236500078029	0.18909041572653	0.191949025476984	0.764914745215686
LPE(22:5)	0.923869453788555	0.882588816098612	0.311009268043262	0.662560701932694
TAG54:6FA20:5	0.260666717817758	0.426303697007162	0.353536486347319	0.725659443931895
TAG56:7FA22:6	0.421631008967144	0.584019545309525	0.319954544652033	0.719708704895077
TAG51:4FA16:1	0.687385268190896	0.526800381066718	0.284406790076962	0.724235660537674
TAG52:5FA20:5	0.774526119569271	0.958385338874294	0.31589766637457	0.671439315323213
SM(20:0)	0.0932812284508797	0.428457645257323	0.225825002316879	0.741954237693398
TAG55:5FA20:4	0.353848586125997	0.314161827097388	0.278861473159504	0.642703941839296
TAG58:6FA20:4	0.941652851896381	0.670921378102214	0.302923113260365	0.645191804024352
PE(O18:0/20:4)	0.71377009705174	0.578235645683673	0.32827278910391	0.648780604983275
DAG(18:2/18:3)	0.358578295396918	0.170350382430662	0.293215928208759	0.668118470353757
TAG48:4FA18:3	0.367176452302182	0.407328941899057	0.323985845632458	0.697769035184631
TAG52:0FA16:0	0.598726471288101	0.374168482435339	0.27030664645676	0.658574144818601
TAG58:9FA22:5	0.140842218361452	0.256663215180784	0.335792937360216	0.704103215556348
TAG58:9FA22:6	0.122659070772562	0.33252831663653	0.337705149757272	0.755690973262011
PE(P18:1/16:0)	0.189809759160969	0.538477634353157	0.282077006712972	0.759770882324918
DAG(14:0/18:2)	0.587448734725778	0.397341054361239	0.308909589626953	0.663386961546692
TAG54:0FA18:0	0.730452431870857	0.683287628458498	0.299660315645821	0.651769312535916
TAG56:2FA16:0	0.230605308015114	0.0772824030490444	0.253787165175985	0.653375700156249
TAG56:8FA22:5	0.305370793092823	0.326669293230022	0.312520348828253	0.725040453557308
PC(16:0/20:2)	0.993643294312114	0.716540336547682	0.383890665498145	0.633423263932513
PC(15:0/18:1)	0.542110639874844	0.229053944319124	0.555611279933382	0.487604924418197
TAG56:7FA18:2	0.405181046583835	0.493736600159397	0.310453747859065	0.695619137695242
LPE(18:1)	0.623655452170935	0.925812278890707	0.314993148322416	0.66227804473199
TAG50:2FA16:1	0.186756758947586	0.754116618917618	0.31760842628155	0.664970528534595
PC(17:0/18:1)	0.99579929957267	0.175651703520206	0.470321497046238	0.465951518241799
DAG(16:0/18:1)	0.540059949905051	0.522175767061861	0.30483022437777	0.664774366303595
LPC(22:5)	0.0966812327729915	0.211593509437094	0.308796541989341	0.588831221608695
TAG46:0FA18:0	0.584186374101109	0.768675736809439	0.302455582836464	0.659447305013559
PE(18:0/20:5)	0.511500669031602	0.924575546949279	0.312020428572755	0.663522728038466
LPE(22:4)	0.425773858813506	0.372983884949308	0.306162721068811	0.798480134299742
TAG46:1FA18:1	0.982980842687426	0.499332568309396	0.290414774244783	0.64429957229076
TAG58:10FA20:4	0.390236298205697	0.374765319200632	0.316221986318508	0.643174635184878
DAG(14:0/16:1)	0.119715472099226	0.159938264559084	0.296702266325428	0.67760784148388
SM(24:0)	0.636428740933592	0.339399088047529	0.423575249959374	0.617917870409758
TAG53:6FA18:2	0.616231462920053	0.438015958439953	0.307378680615348	0.681940196685468
HCER(18:0)	0.100161295204765	0.112352703338627	0.150664565883843	0.863927417519404
LPC(20:3)	0.956558590772115	0.785393418490574	0.31445416041358	0.645740103309728
TAG53:5FA18:2	0.357725977548798	0.474198229124801	0.316764633553945	0.66279700958173
TAG50:1FA18:0	0.265912561310316	0.238381924421071	0.274831222736536	0.65668317635396
TAG52:5FA20:3	0.537965629445144	0.811756765230441	0.314384889179797	0.658479494255187
PE(P16:0/22:5)	0.946372606443109	0.758772783733276	0.293424019537795	0.685625137114071
TAG44:0FA12:0	0.584803276673577	0.875957014332249	0.308851913490806	0.66466514728556
TAG55:6FA18:1	0.541529077125593	0.840813221404606	0.321126754213948	0.675586822254514
PC(20:0/18:2)	0.225374784355767	0.736431849890156	0.284732848961887	0.708959349395682
PE(P18:0/18:1)	0.973839662506846	0.527105681823877	0.382829606726797	0.600293696996205
MAG(18:2)	0.482822467294383	0.867334987585887	0.310071674999979	0.658409637434104
TAG52:5FA18:2	0.167019970661422	0.100848300988072	0.2606263170839	0.707172395481761
SM(16:0)	0.836569386569555	0.912103856628137	0.354682642567409	0.65933520132982
TAG49:1FA18:1	0.159909202707146	0.102081462647392	0.26651575243873	0.636451585511772
FFA(14:0)	0.751307149968945	0.848872041718623	0.307762799168175	0.690267194089149
TAG56:4FA20:4	0.856372275148762	0.739957112801711	0.303780521692474	0.651381969482193
TAG46:2FA18:2	0.614482720282632	0.834834060483086	0.308281026574432	0.664756826732915
FFA(16:0)	0.640039889378904	0.735989801463712	0.303304673286262	0.682852416749432
TAG52:5FA22:5	0.975546344615579	0.823011261623036	0.31567288979643	0.669411378669597
PE(P18:1/20:3)	0.277845089319139	0.274868293421974	0.427101459066701	0.603542558940074
TAG56:8FA18:3	0.476091427463579	0.204527632506501	0.299165455548471	0.700586930073083
TAG46:3FA16:1	0.882462423389494	0.923846695045653	0.312431150395551	0.675320359694258
TAG50:1FA18:1	0.321372340892809	0.505865076595539	0.297868479340496	0.680570541358685
TAG44:0FA16:0	0.666148226145233	0.822459282639855	0.305130398851827	0.663907666496615
CE(22:5)	0.975395080111207	0.951342072002185	0.338410987355488	0.666903704755051
TAG49:2FA16:1	0.189099236619164	0.559023423135273	0.317563419952392	0.647348088034501
TAG53:4FA18:1	0.972493881263493	0.629336644104056	0.30871478424304	0.640257521712088
TAG52:3FA20:3	0.236900150413285	0.483636926167167	0.298527123246304	0.684439828630619
TAG49:1FA17:0	0.175039392627899	0.165151877187487	0.280025305597573	0.654188774008346
TAG56:7FA18:1	0.246738468635943	0.278907947539774	0.335668111965912	0.752350058965181
TAG50:2FA18:0	0.489602271657123	0.276116701328417	0.295385122954643	0.659717838617468
TAG44:2FA16:0	0.610861639066977	0.317095263924197	0.264142887893971	0.699125045142243
TAG44:3FA18:2	0.975037748949492	0.531606310280513	0.285692411519709	0.697713524911586
TAG47:0FA15:0	0.372996338166433	0.460030369835872	0.28494001177759	0.675028622864163
TAG54:7FA16:1	0.804482606800228	0.529993623773844	0.309225438636125	0.715665706547726
TAG52:3FA20:2	0.476421553181077	0.707656514206483	0.31831607705507	0.653188414734256
TAG52:5FA16:1	0.239086117995666	0.123460443996002	0.260482575975248	0.756187288858108
TAG51:2FA15:0	0.493526386982087	0.363856235980712	0.293933922739996	0.620701864339314
TAG54:7FA20:4	0.647867193285413	0.455668925011392	0.321548733214808	0.66710567762122
PE(P18:1/18:2)	0.381381418586974	0.898913754192185	0.312905236681742	0.688643967697
TAG52:1FA16:1	0.251682475621023	0.280827448704303	0.302013846709864	0.633629513285729
TAG47:1FA15:0	0.231575007088552	0.24075343488276	0.281002037499742	0.641855577826463
TAG50:5FA14:0	0.268428993881852	0.369343361774295	0.307267446148666	0.677003992721825
TAG55:1FA16:0	0.312898149863009	0.466531931775461	0.323687839090182	0.725005949530384
TAG56:3FA18:0	0.821020653850312	0.558930090466925	0.310174947826665	0.629891866786968
TAG50:2FA14:0	0.662199300746775	0.486131805318637	0.307979841825831	0.628680776785346
TAG56:2FA18:1	0.934601477755053	0.350190529598182	0.276761991939521	0.640179873412317
TAG51:3FA18:2	0.621120359188795	0.729045413030563	0.316528992099061	0.656129766850644
PC(16:0/16:1)	0.0990228714868461	0.146322522318228	0.473214320977045	0.578207114153108
TAG51:1FA16:0	0.178525732344897	0.180834439537357	0.272266841939919	0.675807705996132
TAG52:3FA18:1	0.908285754358762	0.586382124566676	0.306312532539208	0.693709307458465
TAG56:4FA18:1	0.453054258883925	0.756679590516124	0.314138382315977	0.694185198671593
TAG54:4FA20:1	0.415982249823	0.418233016406806	0.291368665242801	0.721916088997729
TAG56:7FA18:0	0.161516963201895	0.505935922911009	0.336025063035436	0.719907902734524
TAG54:4FA18:3	0.125850661246858	0.170054925258904	0.29922334951306	0.683866086318316
TAG56:7FA20:3	0.53661653164722	0.60092763464333	0.31224756832401	0.672435259392908
PE(18:0/18:1)	0.476207463028702	0.49547883296629	0.345325746538223	0.662074310769621
TAG50:4FA14:1	0.681831739569813	0.772655059641446	0.316761597693212	0.661716919296614
TAG47:2FA18:2	0.535772825625738	0.233430470781338	0.286627206025068	0.651933265461385
TAG50:5FA18:1	0.602172984449075	0.369204500102584	0.308954479827574	0.714312288751543
TAG53:4FA18:0	0.878341901858229	0.489766294630322	0.300239263809752	0.686055993837746
PC(16:0/20:3)	0.0884592952417792	0.169790205562735	0.521907630222669	0.595333584180238
TAG56:6FA18:2	0.508472128969019	0.690322430306236	0.313981570490524	0.677720492127578
PC(14:0/20:4)	0.534808327077148	0.266971265337652	0.410639275845386	0.665778168750195
PC(18:1/22:5)	0.246136966294533	0.153591169151172	0.182378831700087	0.683228892706439
LCER(24:1)	0.504436447569347	0.655067370955574	0.288958359612823	0.656127643638009
DAG(15:0/18:1)	0.344941579047786	0.213994233677712	0.312879764189265	0.701262487875391
TAG45:1FA16:0	0.22156895538298	0.211001807312287	0.273110533889898	0.652216795392566
TAG56:4FA20:3	0.831269104676207	0.683131416786819	0.309578288759084	0.643188557056339
TAG60:10FA22:6	0.506758651205149	0.903409099735838	0.315126375122971	0.681589986763743
TAG54:5FA22:1	0.077381630067676	0.166770493289412	0.296799125943755	0.642957782189059
PE(16:0/22:6)	0.844640548283491	0.445434869809958	0.240335354255168	0.87686374032314
LPE(18:2)	0.154921272476433	0.147063073043062	0.260500942654976	0.49100645846322
TAG54:6FA20:4	0.56122914988664	0.823968374423124	0.321648482773556	0.666005773616269
TAG54:2FA18:1	0.567841062841117	0.82036083800387	0.322040636022919	0.677621647893058
TAG56:8FA16:1	0.311276953709722	0.394166551619694	0.304028338271945	0.744487363875528
TAG58:9FA20:4	0.23164427742002	0.301344309853793	0.294186279751705	0.66979348013136
PE(16:0/18:1)	0.0834219376039735	0.195899963146291	0.402695847428409	0.607825286999394
DAG(16:1/16:1)	0.434195337548482	0.787545500342328	0.312988236708599	0.680167508025162
PC(18:1/22:6)	0.517495559404989	0.921982774580101	0.332997817815639	0.661372160194908
TAG52:4FA20:2	0.775929342718972	0.729001780286074	0.303470294917518	0.698892190002089
TAG42:0FA16:0	0.735058360609047	0.730240494708946	0.298930834740931	0.661515317938071
TAG52:2FA20:1	0.308493508518232	0.312287334767339	0.303547716613649	0.629871051281465
TAG52:4FA16:1	0.420586351873077	0.216297524229904	0.266555263088958	0.764918941501964
TAG58:8FA22:5	0.166299854467696	0.258835958009254	0.336940248897697	0.717843465150484
TAG56:8FA16:0	0.362281037775207	0.563902863802258	0.321598009860016	0.710089362683859
FFA(20:2)	0.335494615713673	0.589632614268216	0.343502579201338	0.706882015879543
TAG46:3FA18:1	0.914265643911843	0.303790357672998	0.25743188349346	0.69917648308349
TAG50:4FA20:4	0.285521091680798	0.353697600403937	0.282398116838654	0.676608883567653
TAG53:2FA17:0	0.537267414202373	0.311164747210424	0.305803959968204	0.614153898332419
PE(18:1/18:2)	0.805789470295908	0.872981833428179	0.338151916152677	0.665367524121035
TAG51:1FA17:0	0.15570980076013	0.150297877591346	0.274111806953458	0.663766301705332
TAG54:2FA20:2	0.696888063258109	0.695908760139412	0.304734202930351	0.652609012279417
TAG56:6FA18:1	0.685906113434719	0.816049475769521	0.31783513015097	0.683482428156188
FFA(22:1)	0.220107725505494	0.584744163832819	0.306778523561569	0.638888145715111
LPC(16:1)	0.751933198483898	0.386686194777568	0.247992410356602	0.680888822913995
PC(14:0/20:3)	0.103000123696859	0.277732244336772	0.479180265249627	0.625228512690327
TAG48:3FA12:0	0.42627503013471	0.912476398410691	0.315741322049342	0.674217108548057
TAG54:6FA16:0	0.927264594785993	0.557487456031557	0.334295818499204	0.683691680614497
TAG46:0FA14:0	0.495941035825913	0.506988135772932	0.286974517481319	0.670800916470242
FFA(22:5)	0.439127184345839	0.557763269852139	0.300708759562731	0.638715590148208
TAG56:2FA20:1	0.83164183977911	0.542713567888142	0.289080238708169	0.645628923022401
TAG58:5FA18:1	0.954595623155243	0.995786212282513	0.313713573998636	0.669847603186579
TAG50:4FA20:3	0.486278945516923	0.505947842261636	0.30138664032494	0.641782222338128
TAG52:1FA20:0	0.0857417466580958	0.0199004185771763	0.278067640974957	0.578141138554877
PE(O18:0/22:5)	0.925410407337291	0.765457318423966	0.340017360406018	0.658828050960768
TAG53:7FA18:3	0.244699408327875	0.422789991109033	0.33668031042156	0.668761250569073
TAG50:3FA18:0	0.715608808807654	0.399761035212199	0.303409998021794	0.673338990146266
TAG46:3FA18:3	0.350677309577119	0.827579087259366	0.321359066360801	0.673393358811601
TAG54:7FA18:1	0.04930854721892	0.0848178950014636	0.317297534114709	0.710257928023453
TAG55:4FA18:2	0.481907757227477	0.914802098029426	0.313788571999387	0.665561802717592
PE(P18:0/22:6)	0.654225814520107	0.561409732458036	0.265468963539719	0.846069331500129
FFA(18:1)	0.989747781358519	0.724480559959029	0.302285386651001	0.691988088705887
TAG50:5FA20:4	0.398122004907193	0.530296918653811	0.293827228174581	0.657015068909317
TAG53:3FA18:1	0.963332960613428	0.853206730242103	0.315825419357254	0.660385256726284
TAG50:5FA16:1	0.897828951532798	0.0826264453886917	0.235171155451961	0.805418027645304
TAG50:4FA16:1	0.95375410829347	0.150133190347943	0.238610879153484	0.775263182220957
TAG52:4FA20:4	0.282347836131801	0.574441340705042	0.296126865811072	0.689511258045722
PC(18:1/20:5)	0.106287596624503	0.539030026546737	0.29058304864086	0.750995461973936
DAG(18:2/20:4)	0.429262983547411	0.5639150908405	0.316650951878088	0.678914708221171
TAG54:7FA18:2	0.0259368268966539	0.117018923196378	0.292417602337314	0.592020963059874
TAG56:7FA22:4	0.81769717968868	0.448724351311923	0.329273028872616	0.671363518732714
DAG(18:2/22:6)	0.341147462330937	0.719640779099105	0.314808035060163	0.697488104270489
TAG49:2FA15:0	0.296095646372424	0.363293467321276	0.3067911911311	0.663765904999194
TAG46:3FA12:0	0.474594822756891	0.864760635632953	0.314847265075142	0.677121557566164
TAG47:0FA16:0	0.436056815149259	0.499096832941905	0.286975965250196	0.673084025062851
PC(18:2/18:2)	0.0731444783395172	0.220828137269178	0.175290826138822	0.678323573257074
PC(18:2/20:3)	0.631235486209502	0.703262623582662	0.410998324077458	0.659436868596615
CE(15:0)	0.830687534035847	0.40965171927985	0.401515234981129	0.594908845764842
TAG54:1FA16:0	0.259267586564862	0.0404580583444128	0.231316026479402	0.627215130430975
TAG49:2FA17:0	0.210735554326189	0.156825891416027	0.306265397463792	0.63840985395401
TAG54:8FA18:3	0.0149535405499136	0.0481011779214519	0.289393248617098	0.550164425494723
DAG(16:1/18:0)	0.0774930713995465	0.166036537766085	0.303687973124726	0.653631986411731
PC(16:0/18:0)	0.784505307331716	0.653106285998517	0.415154516610124	0.630828750724959
TAG54:5FA18:3	0.0251832133790386	0.0234563824040321	0.282037397548343	0.719340694120945
LPE(20:3)	0.60968227600599	0.802415786254152	0.336223527726453	0.680181465397402
TAG55:1FA18:1	0.119872588365218	0.332869704294327	0.356920727449595	0.73920181675887
TAG55:2FA18:2	0.118193338868665	0.276301397210432	0.334093220852759	0.72452104934524
PC(18:0/20:4)	0.597860476518233	0.66753580209557	0.29708280546605	0.672418222577243
TAG54:5FA20:3	0.778472673638287	0.903999639808802	0.31574680002402	0.672211522169933
TAG56:3FA20:1	0.346069461411973	0.889415195872316	0.32001088186336	0.676718581724992
TAG48:3FA14:1	0.162769237087911	0.528390790282715	0.317464175759274	0.658499202827467
TAG56:8FA20:5	0.0747441465407915	0.248101577165916	0.351656301949152	0.747748461434276
DAG(14:0/16:0)	0.400762689021334	0.212595134147064	0.269556016295784	0.668422283220626
SM(26:0)	0.789162983907369	0.489258739852627	0.422947209435747	0.619383427614325
TAG51:4FA18:2	0.694170086642202	0.737381987524541	0.309070863294559	0.677581032817268
TAG56:7FA16:0	0.298021177863401	0.425653770302631	0.316003152884005	0.733577398764667
TAG48:4FA18:2	0.207867432285073	0.519954776868987	0.320250605891236	0.673861118121996
TAG50:5FA18:3	0.436645912458728	0.300034271913501	0.290091976238295	0.691171997144933
TAG53:0FA16:0	0.347454781389877	0.35790351125348	0.352822931715408	0.720131867394756
TAG44:1FA16:1	0.408240556807808	0.328375567615747	0.296845201301591	0.632317021196538
TAG60:11FA22:6	0.434296785156777	0.897156069292507	0.31445329189055	0.684311390852183
LPC(20:0)	0.0220972343516921	0.0976023880484042	0.232204143892082	0.633201085926352
TAG52:4FA14:0	0.435573229504541	0.342541795762155	0.301661505574137	0.62964754813327
TAG53:6FA18:1	0.7401399646831	0.721201566917035	0.287488951067404	0.674213426828397
PI(18:1/18:2)	0.424355206193905	0.561946661150273	0.263257613548887	0.609890023192269
TAG52:4FA18:0	0.844683569890451	0.482475170845405	0.296391988449899	0.709047370768625
PE(18:1/20:3)	0.334216897174511	0.990278707329363	0.332121195283574	0.671287163178319
MAG(16:1)	0.515240640068792	0.784558328130148	0.321656675188555	0.657666123881765
SM(22:0)	0.750801662339257	0.669379050676137	0.416945426364883	0.642721678364311
TAG55:8FA20:4	0.827687123799431	0.283900382513905	0.342023844221372	0.619458617193903
TAG58:6FA18:1	0.8414159057646	0.822334723416572	0.316954145218075	0.684490565838658
TAG56:5FA16:0	0.544177053537378	0.826727372036954	0.307966125156461	0.670382660515624
DAG(18:2/20:5)	0.242402753973299	0.675748840710544	0.315217468021299	0.691174590104517
TAG58:2FA18:1	0.874397114809201	0.317386450349223	0.276742073919288	0.632332645779697
CE(22:0)	0.689519363588964	0.205021425362561	0.429246672544825	0.533391648681917
TAG54:5FA22:4	0.245023793103944	0.661338169771888	0.297519034202405	0.683205437489716
TAG58:3FA18:1	0.840338658406357	0.283425731132262	0.279862652881661	0.637846048029233
TAG56:3FA20:2	0.83442718008347	0.92252043443358	0.313302556988796	0.663408781542276
TAG52:2FA18:2	0.9089959725993	0.999262246278972	0.313875757839569	0.669523355769253
TAG53:4FA16:0	0.775483974581211	0.843883857182539	0.310949030552405	0.673259485798871
LCER(22:1)	0.55899305301578	0.670673063106765	0.37813634439198	0.671969302965598
LPC(20:4)	0.141460477306616	0.0610649244548901	0.606716318561134	0.420854139164949
TAG48:2FA12:0	0.56226913230511	0.910378009800149	0.310882985978552	0.664881004079932
TAG58:7FA22:4	0.813606089136812	0.571507257331577	0.332381332304143	0.670235990320754
PC(18:0/18:0)	0.754146321712091	0.899458800249781	0.346640484199325	0.662065344906869
CE(18:3)	0.835589319896446	0.964518404421295	0.337505932396933	0.66830947749901
TAG51:4FA20:4	0.138239989516037	0.155866212952857	0.270287119346698	0.668998270989509
TAG56:4FA20:2	0.504107626565563	0.754297506586945	0.30832638756155	0.700471617763747
DAG(15:0/18:2)	0.390421014728218	0.576467790012637	0.342431200341976	0.696856934926132
TAG46:1FA16:0	0.86628060938228	0.550710707401678	0.29385343793964	0.65367596738974
DAG(16:0/16:0)	0.384598345162888	0.456624753788388	0.299427746139553	0.683546528727699
TAG54:5FA18:2	0.0786728865895108	0.162883032752918	0.296715223570354	0.63193907888926
TAG42:1FA12:0	0.438669764283612	0.978753657041732	0.315957367589227	0.671077629351369
DAG(18:1/20:2)	0.504228770042226	0.238097892072713	0.335594538827353	0.574770478626926
TAG52:7FA16:0	0.659172305679289	0.581002874564434	0.291038853770538	0.672082034018191
TAG55:5FA18:1	0.659077767246266	0.892652025824342	0.315160455435125	0.670918624336091
TAG52:2FA20:0	0.576736727503208	0.327922042724627	0.302259872599728	0.642167894793027
TAG46:1FA14:0	0.296747902055565	0.306986502928609	0.285860271859592	0.645702466407381
DAG(16:1/20:2)	0.171355821215942	0.17302984698844	0.374741144913899	0.622692337199882
TAG53:5FA18:1	0.740899191963149	0.741505682035935	0.313380102036646	0.666408293825843
CER(18:0)	0.31179339369084	0.561646274838056	0.375391447418022	0.622434965960748
CE(24:1)	0.365109483524837	0.339712948530535	0.357101113589473	0.646880209194477
PC(18:2/20:4)	0.600960373278813	0.791098496031216	0.297332260738646	0.650682343119047
PC(16:0/16:0)	0.763823735769624	0.833930802317979	0.36736678357891	0.64831769976971
TAG50:6FA20:4	0.963794627394459	0.910773181867768	0.311134886348933	0.666936334728635
TAG52:2FA18:0	0.734034136662455	0.868647647774143	0.312448190023528	0.669480267176856
TAG55:2FA18:1	0.345299787958853	0.812753814579334	0.324878441371974	0.673978138633664
CER(24:1)	0.687959093514737	0.686617272589608	0.356608561940456	0.609075370790609
PE(18:0/18:2)	0.902492371522901	0.958401809539374	0.320879949532669	0.67500168481974
TAG52:0FA18:0	0.706342598007204	0.495068086405105	0.276332651878225	0.661476421779818
TAG50:4FA14:0	0.476785776786457	0.639486647311641	0.306671945374437	0.682207502696048
TAG52:2FA20:2	0.3347273166919	0.526110034372717	0.306421645615775	0.670663231179406
TAG58:6FA18:0	0.478030160344516	0.293830499815907	0.311730433618036	0.756690189350602
TAG55:6FA20:4	0.339376700324075	0.40750922067093	0.301477519338853	0.657783831285065
PE(P18:0/22:4)	0.769236386504117	0.737041490373261	0.300725681457941	0.664065526296745
TAG51:2FA18:1	0.326804291329179	0.378819563655947	0.300821427779075	0.623598069114487
TAG50:2FA18:2	0.58780873564913	0.844389087887062	0.314734446645885	0.674190256911783
TAG53:3FA18:2	0.857041879678012	0.656657129788883	0.318922435613978	0.651703920136563
CER(24:0)	0.491948819097537	0.0202354727026569	0.403069997583276	0.358512680655697
DCER(22:1)	0.947854803198411	0.890716043336452	0.314554356635535	0.668445183378497
TAG46:2FA12:0	0.614738289980581	0.918475501470454	0.311525833765409	0.66637297980066
SM(22:1)	0.572870343094013	0.792000849795608	0.301781887782461	0.70674357799892
TAG48:1FA16:0	0.192045221719545	0.297662009423121	0.28811975074758	0.676924668365524
TAG56:3FA18:2	0.980012464562856	0.409467782107231	0.298150667392034	0.661197804739136
DAG(18:2/22:5)	0.673142662116616	0.814940131962444	0.311194251569782	0.674246320428335
TAG57:9FA22:6	0.982089098670784	0.759694313498253	0.30097003709053	0.675647902411254
PC(18:1/18:1)	0.415597889214538	0.996193847412436	0.330243109477733	0.671458918575975
TAG52:4FA22:4	0.395382172755411	0.388307737501219	0.275797642283323	0.696656826581913
PI(16:0/20:3)	0.459567000103164	0.474212926965915	0.437888565049219	0.643086230686603
TAG50:2FA20:2	0.344336077890766	0.31036307030532	0.295389066585808	0.646560101956878
TAG58:10FA22:6	0.122780223915671	0.372688464817383	0.33125466545003	0.736573032510836
TAG54:4FA22:1	0.166864200438989	0.218096348618768	0.313054218312829	0.697402843365198
TAG42:0FA14:0	0.601923945527423	0.906110882606084	0.310450205016361	0.664877035648285
TAG47:0FA17:0	0.484235782603725	0.34456977336861	0.27600753011769	0.667466906437967
TAG48:2FA16:1	0.174932853315075	0.689286168606157	0.318654888722337	0.662174924045557
TAG54:3FA20:2	0.994938429282061	0.893176650364158	0.312367786512004	0.662785609724935
TAG42:1FA16:1	0.564352500357589	0.39714905457888	0.284349263964516	0.652802456666724
FFA(18:4)	0.409347472802565	0.352647883233357	0.399634086854852	0.65660287784558
DAG(16:0/22:6)	0.903644067563478	0.948139223693214	0.315899203536262	0.6661026714163
SM(14:0)	0.559953796514732	0.701141112809449	0.282596826956067	0.745958763155126
TAG47:1FA16:1	0.213222282056428	0.464989640120854	0.30742266386219	0.660799720993129
TAG51:4FA15:0	0.652533918741212	0.854884563166101	0.313739557516902	0.674879250080313
TAG47:2FA16:1	0.182558369818187	0.56065960950798	0.318350959343007	0.645865429025883
PC(16:0/22:6)	0.391363855580064	0.611893167809312	0.280691693814627	0.774033044337524
LPC(17:0)	0.102507529902169	0.107174112019224	0.245131806385562	0.736308877168358
TAG55:3FA18:1	0.563334278112211	0.973911358607783	0.313636083068914	0.669631843355291
TAG46:3FA18:2	0.991818828800255	0.506883072896705	0.295219331329407	0.667033494891782
TAG53:1FA17:0	0.318275608879194	0.133141165411162	0.262456981227723	0.641113455974002
HCER(24:0)	0.44668557253364	0.568329249566894	0.276230407791905	0.738284601643822
TAG53:6FA20:4	0.442192112065864	0.996544122392756	0.314524507196388	0.669546329241716
TAG54:3FA18:2	0.466970796491714	0.635831823888191	0.315423550743888	0.680201531852026
TAG48:5FA18:3	0.103453785151748	0.311865773612318	0.327336944253977	0.663008811844715
TAG50:2FA14:1	0.14137541147772	0.0763201020341221	0.265164505306944	0.630652313232097
TAG52:4FA22:1	0.396593610965224	0.200704826040567	0.283992879537301	0.722390415625286
TAG52:1FA16:0	0.577924391570716	0.561484544047766	0.293561709994383	0.663248991665568
TAG54:4FA16:1	0.690495993261126	0.64869975815765	0.298343108055273	0.712700385437591
TAG48:4FA12:0	0.176580155299387	0.520694361528446	0.322855604020389	0.680211273389927
TAG58:7FA16:0	0.849699343021375	0.475008429001517	0.296367647410629	0.686266704792194
TAG51:2FA16:0	0.195813849557219	0.364420051788331	0.309185780163455	0.655269732643508
TAG56:6FA18:3	0.223225183204714	0.350466630489428	0.292269425949966	0.700800711148416
LCER(16:0)	0.815718904465921	0.782259610010298	0.335810441547827	0.687026604652503
TAG52:6FA18:2	0.114519979786488	0.0349948227645661	0.266380914680199	0.758778562208686
DCER(22:2)	0.667151554702834	0.514300913218767	0.36370520584857	0.579527178027641
DAG(18:0/18:3)	0.91931323946123	0.957920216492594	0.312955932781177	0.670016668855518
TAG48:2FA18:2	0.63470699918706	0.477526067342245	0.304957086166739	0.663911657789998
LPC(20:1)	0.0618131510076781	0.028617606468634	0.233644897940954	0.673394473939877
TAG54:8FA20:5	0.178906565650047	0.31175950743479	0.34232509176172	0.737110732464953
FFA(22:0)	0.797150899633659	0.815329719080861	0.307594430987428	0.668641790345777
TAG53:1FA18:1	0.722081106880956	0.367338868250981	0.274699558843618	0.656261528248518
TAG55:6FA20:3	0.84229239452288	0.996798055044215	0.314977534132661	0.669584098575402
TAG51:4FA18:3	0.992783970261857	0.573411074429128	0.311507432281114	0.684506620999952
TAG58:10FA22:5	0.105208266170961	0.283477281392182	0.340584502287017	0.711246841127277
CE(20:0)	0.119216174480424	0.819891392966757	0.30432844796355	0.665319794920134
FFA(14:1)	0.582445633959874	0.847900381832881	0.331394816511462	0.671904814496278
TAG48:1FA16:1	0.188239405578619	0.595594793162327	0.307118450531145	0.682781014260964
TAG53:2FA18:0	0.360194666783329	0.201104198566976	0.291757657083931	0.658380084507799
TAG54:6FA18:2	0.0599248143450303	0.166893457625326	0.290748241200296	0.594409854612081
FFA(12:0)	0.559723436685824	0.8866361694435	0.311413013264521	0.687298503451936
TAG51:1FA18:0	0.179924410096663	0.0710257814836983	0.24925353094983	0.647340857802545
DAG(18:1/22:6)	0.558128518488917	0.982922438426298	0.314246173650159	0.674055675154781
DAG(18:1/20:3)	0.424952672506244	0.388635036774034	0.301741796406774	0.646000307284116
CE(20:3)	0.132589957302752	0.100557159286923	0.568825831458332	0.666499185325907
TAG36:0FA12:0	0.353877107998764	0.656160865770363	0.311206324731971	0.690629649984279
TAG53:2FA18:2	0.798917246877566	0.466995584565992	0.30336359677667	0.670829359657071
TAG53:1FA16:0	0.710774978752245	0.91109298037001	0.310032531257789	0.670428222247165
DAG(16:0/18:3)	0.956419014363077	0.565953640895616	0.30862669361065	0.657133208108423
PC(18:2/22:6)	0.935532021135739	0.779409149119073	0.347928629365912	0.642181909006424
PC(16:0/20:5)	0.164022020587963	0.743372571296187	0.306258694282447	0.715188974750882
TAG47:2FA14:0	0.421694392586706	0.269079968627595	0.293487365002119	0.64248053046095
PE(18:0/22:6)	0.622845403445217	0.973590606170227	0.326789730284785	0.689282814054626
HCER(24:1)	0.316421565300339	0.24789398286302	0.239157051736829	0.743760668592928
PI(18:0/16:0)	0.663260296020146	0.587377567738596	0.277018257116618	0.62057607815788
TAG53:4FA18:2	0.782696106235584	0.95421914996433	0.312976622462311	0.671271751257137
TAG54:5FA16:1	0.834277872506239	0.745059010619551	0.308862310365926	0.688419785469525
PE(16:0/20:4)	0.573245599413741	0.866553546242968	0.307886089246725	0.695352509829765
TAG52:1FA18:0	0.55110314078641	0.472916328507902	0.284248909960605	0.666096627121076
PI(18:1/18:1)	0.736409224766452	0.267791870044715	0.39412403737359	0.778730516495526
TAG54:5FA20:4	0.379079157419778	0.701905882867362	0.297075557162149	0.676718125359761
DAG(18:1/18:2)	0.836654916837614	0.691771599120279	0.302842369551724	0.685782324995146
TAG56:8FA18:2	0.24539897586143	0.378619675857998	0.321932776059022	0.718106850457927
TAG56:8FA18:1	0.12338254534521	0.346785948582537	0.34529747829451	0.738469429826682
TAG46:1FA16:1	0.195163036629619	0.392950915536638	0.298609851789765	0.666913136311718
TAG53:5FA18:3	0.443434477371578	0.238269947368479	0.288790214692212	0.697316294238976
DAG(18:0/18:1)	0.995566136522391	0.71988969527764	0.306815289421453	0.653540516929285
TAG42:1FA14:0	0.593996539910754	0.323380221476129	0.270056636019119	0.642097285279932
DAG(16:0/18:0)	0.208735528509112	0.199636713462128	0.270174905790542	0.672597421134722
TAG46:2FA16:1	0.336435486806366	0.545056374960043	0.315384512489113	0.644619380193789
TAG56:7FA16:1	0.355512815634535	0.188031873304955	0.292250966384056	0.801363089243283
PC(18:0/22:5)	0.473819069102033	0.605564551301102	0.423227906342387	0.624710311770631
TAG47:1FA17:0	0.472020786363559	0.204646967572058	0.280930777868103	0.638188728157312
TAG49:0FA17:0	0.340880058334619	0.429466021543833	0.285865100787711	0.677623579008977
PC(18:0/22:4)	0.200512497285656	0.219958955128536	0.405694210305541	0.822413411640126
TAG54:8FA22:6	0.474490724053607	0.525883325341636	0.31890907198235	0.719492140806661
LCER(20:0)	0.841831881358967	0.983620215431911	0.325116174237519	0.669188812455299
TAG44:1FA14:0	0.98574142063177	0.541595757286463	0.294131311021818	0.643747494222687
TAG50:3FA20:3	0.165432838244956	0.179027329101708	0.270813282819155	0.665362128273544
TAG54:5FA18:0	0.118774616082515	0.216281750334563	0.288238798774256	0.645437812165373
TAG48:1FA14:0	0.284335320167263	0.220211068745447	0.27849518560145	0.651871673297132
TAG40:0FA12:0	0.350703531101218	0.769842055589088	0.32342626601662	0.682294105113278
DAG(16:0/20:4)	0.137335834756339	0.116526250320424	0.301178576792664	0.710481198554826
TAG52:6FA16:1	0.188660903104434	0.0389936303270284	0.244997410365505	0.777279146714944
TAG54:0FA16:0	0.18939498527769	0.0102180249230658	0.212759154942336	0.590844619068406
CE(22:1)	0.30455428682937	0.463786058705835	0.245354232134321	0.730240762085319
DAG(16:0/20:3)	0.136577162063618	0.143375923943591	0.311202546506099	0.676374102063814
TAG52:4FA20:3	0.276806609743036	0.637557157090473	0.305495989745839	0.664888923739533
TAG51:3FA16:1	0.357316576064377	0.941658863717658	0.318816278299597	0.665889871720951
TAG52:3FA20:0	0.784853543394259	0.585925027011525	0.311423816923648	0.680854308717022
TAG47:1FA18:1	0.27129518564047	0.129361780995995	0.267240168083759	0.62253299827428
TAG53:3FA17:0	0.889044183916888	0.708052911684903	0.319815979624228	0.649007487231715
TAG54:7FA20:5	0.200164291273092	0.33826257734896	0.349317938442655	0.732689074242969
TAG56:6FA20:5	0.206362803302482	0.697312585355347	0.329701784401646	0.706352054951978
TAG50:0FA18:0	0.481138162514819	0.483146182586965	0.281297671924039	0.677263303284909
TAG50:4FA18:1	0.789646825059489	0.669336113011278	0.30740957788666	0.688035937841204
PE(18:1/22:5)	0.557523466682889	0.731882312711767	0.289161789620033	0.719598577498945
TAG46:2FA18:1	0.563718883335406	0.244123654737282	0.266774882415234	0.637944612218829
TAG47:1FA14:0	0.245271735130605	0.191505479473004	0.272990114904839	0.634612299696628
PC(18:0/18:1)	0.607763823222826	0.398548874225159	0.476240586095455	0.599168785438268
TAG50:0FA16:0	0.413346060165561	0.480117723875032	0.282938154597828	0.685619306899577
TAG54:6FA22:6	0.727205000724503	0.969758419903196	0.313937779552171	0.668245627771928
TAG56:7FA20:4	0.825598255774518	0.769364782196713	0.322337244241074	0.661075943379648
TAG52:4FA16:0	0.4424871612852	0.363033948628117	0.298067483286279	0.673255727196906
TAG42:1FA16:0	0.504634698499331	0.330857075100582	0.264038347549528	0.681472506402891
LPC(22:6)	0.0898070243269114	0.0957344331617863	0.351741770158561	0.780685621182963
PI(18:0/20:2)	0.507028281478407	0.849079299317496	0.372856749537825	0.647449458190138
TAG52:2FA18:1	0.634981346596315	0.886701903731407	0.312533352866801	0.663606435412028
TAG52:3FA16:1	0.825312911612288	0.451015558367272	0.290734116668396	0.731551343812961
TAG51:3FA18:3	0.772573219753139	0.973774069853742	0.313388981172066	0.669531356921086
TAG52:7FA18:1	0.697772397055747	0.721868330549467	0.303942686692101	0.660940722971098
DAG(18:1/22:5)	0.690902723129792	0.680449879903069	0.311114136840251	0.697069894747814
TAG56:5FA20:2	0.203759329168572	0.431700818872997	0.290729176324837	0.744443053741866
TAG46:1FA18:0	0.531730997995296	0.127997737688664	0.237565695013318	0.654285393479389
TAG56:5FA20:4	0.73185351867043	0.977590789525742	0.314033425503084	0.668801974291723
TAG56:2FA20:0	0.752314173923548	0.54352892777626	0.290697570994696	0.650402393024985
DAG(18:0/18:2)	0.831457659176612	0.787293208546924	0.317665176863382	0.6673824960215
DAG(16:0/20:5)	0.894777578686553	0.278163047872458	0.298425473358811	0.638302518159589
PC(18:1/20:3)	0.178290811366429	0.240295787780984	0.557646628900206	0.627975591587479
DAG(14:1/16:0)	0.524462474555532	0.410293838780843	0.29264514960482	0.72546521565309
TAG48:5FA18:2	0.116563546344946	0.399135238963746	0.32643907498223	0.660700550994337
TAG54:3FA18:0	0.412843611598046	0.528003226997522	0.31424534107497	0.685520167693697
TAG49:3FA16:0	0.598105611300469	0.980293059781084	0.313423707817478	0.669690634097507
TAG49:3FA16:1	0.456471247813066	0.85479320379944	0.30922400173903	0.681748053785103
FFA(20:0)	0.575645445115432	0.566728121951137	0.291341799017659	0.709657583697881
PE(P18:1/18:1)	0.635634852562194	0.364055532912988	0.426255245692567	0.576455164393871
TAG54:8FA20:4	0.464269999110914	0.653083361793863	0.313455034144276	0.67654590075203
CE(14:1)	0.158423963971952	0.0812726022962922	0.447904958955406	0.634474388138443
SM(20:1)	0.289083074226164	0.147328997460271	0.116696477104421	0.893518878629428
TAG51:0FA16:0	0.600807550768755	0.481498564127	0.283205291335629	0.675402184357714
DCER(16:0)	0.0343946455388986	0.0371729922782364	0.460372789044381	0.58634490806852
TAG56:6FA18:0	0.430692336870742	0.704405850363029	0.31942613928736	0.690626589278229
TAG48:4FA18:1	0.204159125621116	0.536115779378761	0.329982019640724	0.684386474692708
TAG50:1FA16:0	0.301962307649029	0.507544560336427	0.296520892949336	0.686771142221657
TAG52:5FA14:0	0.389886024225993	0.439929222081482	0.295869959382646	0.650314868714091
PE(P16:0/18:2)	0.243670903709128	0.644545007029748	0.274638671031882	0.74287384447335
PE(P18:0/20:5)	0.342178696723343	0.706023611903553	0.321642171801638	0.623396329688099
CE(18:0)	0.433285388300333	0.252724522108841	0.446555475799821	0.635543613788556
PI(18:0/20:4)	0.980298742418761	0.972047002987407	0.320391997319276	0.67163610607336
TAG49:1FA14:0	0.244899255814099	0.127860842075884	0.272792696007254	0.628133431153945
PE(O16:0/20:4)	0.813883411097519	0.639855451081447	0.330006301303878	0.659166609337808
TAG53:3FA18:0	0.457084453799801	0.446757912753353	0.334464478256965	0.653462735368575
TAG56:5FA20:3	0.944485800311318	0.969439844881808	0.314272077376659	0.672127447457068
TAG48:0FA14:0	0.428931294862556	0.285925777921832	0.270276503228149	0.653106147373104
FFA(17:0)	0.148099798290169	0.373941427866615	0.35950088439896	0.669118511934205
TAG50:5FA20:5	0.816645652989279	0.504660507401905	0.286822008457856	0.647182238002423
PC(16:0/14:0)	0.155391562634414	0.0553178245699012	0.546798007114045	0.468345615469585
TAG48:2FA18:0	0.40697138376479	0.953264275432574	0.316443670165053	0.670934367407268
TAG50:5FA18:2	0.461736562004212	0.54924019655078	0.303932217851803	0.66645067778119
TAG52:7FA20:5	0.496050730961465	0.924598077502553	0.317685327741707	0.675449285516923
TAG48:1FA18:0	0.753996436219479	0.674826131672478	0.297735966405497	0.655836760906722
TAG56:6FA22:4	0.654612611560975	0.933541516300291	0.318270328763257	0.667010835669853
TAG52:2FA16:1	0.536908102963675	0.899308797738987	0.316678137733018	0.662934211489344
TAG49:0FA15:0	0.214730848233371	0.141753803171682	0.257532701392963	0.663325667623075
TAG46:1FA12:0	0.799473635958043	0.682050133404126	0.300788877268046	0.654455064819891
TAG51:3FA15:0	0.919802000932943	0.852924300541312	0.31279236059638	0.661094421176686
TAG54:7FA18:3	0.0220166568309134	0.0821545874471083	0.288064076587362	0.579209186346328
TAG57:2FA18:1	0.134989234800219	0.397137230031462	0.341820230962669	0.742867841326627
PC(16:0/20:1)	0.360356141564897	0.494332055299924	0.337613793116256	0.631077015380351
TAG38:0FA12:0	0.41829930890853	0.687097684842058	0.312311122539537	0.688525984190035
TAG49:0FA18:0	0.313718004539923	0.18094960876814	0.258757462242135	0.655033474208468
TAG51:2FA16:1	0.196783831290223	0.547084912743147	0.322561908615358	0.638567984271884
TAG54:3FA18:1	0.24820702573616	0.354621748197497	0.336659401901106	0.714414637113884
TAG54:3FA20:3	0.339220480178225	0.557871719491464	0.294137972709437	0.661379525521414
TAG58:7FA18:0	0.354555066852753	0.584343747633585	0.318932526899872	0.718663287325494
DCER(24:1)	0.252069134346596	0.472276996721776	0.382536518014106	0.595170272031329
DAG(16:1/18:1)	0.581718943308307	0.956287723163595	0.315784547512645	0.667486250216843
LPE(20:1)	0.626922363674313	0.53683679608171	0.315293586629172	0.690367267351556
DAG(14:0/14:0)	0.39306725544627	0.212956310295581	0.266723856464145	0.62943038331052
TAG48:2FA14:1	0.0797066766369249	0.22418336405137	0.291880824291113	0.655324127539268
TAG56:9FA18:3	0.276609860635919	0.131900355584852	0.316508106516006	0.729035702051505
PE(18:0/18:0)	0.454369696009744	0.819328602218497	0.30170910607701	0.717991340831832
TAG50:3FA16:1	0.551472586842764	0.580109580284992	0.293754527811996	0.693091378512154
TAG51:1FA18:1	0.192137869731973	0.165135529733026	0.273860578295525	0.651274174901343
TAG52:1FA18:1	0.602346528203285	0.62188739063882	0.297660462452568	0.660559295027056
PI(18:0/18:2)	0.815474591806232	0.735281149467941	0.287500459334779	0.649546892263068
TAG49:1FA15:0	0.183974026690012	0.158703978507041	0.270028857721056	0.659221926669357
PE(P18:1/20:4)	0.540908387345419	0.723694618988852	0.304062446300609	0.673462319778508
TAG51:0FA17:0	0.262752314521	0.218054812218793	0.267599843174896	0.67238929724765
TAG48:3FA16:0	0.393426666880236	0.642838110348954	0.312621488511935	0.666536056291993
CE(12:0)	0.745187127002959	0.380140458485534	0.403422331782221	0.593969457553916
TAG53:1FA18:0	0.333648510393229	0.118916733439556	0.252704437333238	0.664008638433245
CE(18:1)	0.886955186543024	0.533233387863166	0.388664591155684	0.634750869050923
PE(P18:0/20:4)	0.673361533171647	0.634029713889303	0.296835590393424	0.700414642653424
TAG54:3FA18:3	0.917491285535529	0.364987663005839	0.30510438018089	0.636837955812978
TAG54:4FA18:1	0.122593574933702	0.180079648337671	0.321592315868916	0.701432639020843
TAG58:8FA20:4	0.31163677125624	0.363106847603968	0.281383565902842	0.676869151060776
PE(18:0/22:4)	0.613975767296602	0.649215630277984	0.304078646989513	0.665993336735656
TAG44:2FA18:1	0.656511407296566	0.264803942231664	0.249241914601632	0.676679384637049
PE(16:0/20:3)	0.0254509115667117	0.0730116818359258	0.5900883193857	0.50245697983695
TAG46:2FA14:0	0.558103069899042	0.404362913707245	0.300314280442227	0.645309277448289
PE(18:2/16:1)	0.308696521929317	0.948330788672369	0.315990475914597	0.682187577262683
TAG56:4FA16:0	0.34010791866688	0.542772026057681	0.296903567443231	0.66695779587851
DAG(18:1/20:4)	0.262751989779829	0.295934479440639	0.295106281006496	0.676521802709785
TAG52:3FA18:0	0.948558036293492	0.667124566298324	0.303859283308784	0.681325158978337
TAG58:10FA20:5	0.537704605753317	0.743714904604097	0.31024952792457	0.647432494776961
PC(18:0/18:3)	0.995123003380187	0.582250970799541	0.260776765240383	0.703705607110159
TAG55:7FA18:1	0.967694360433898	0.39646227437501	0.276931124168617	0.63961518347979
TAG60:11FA22:5	0.625584576087042	0.993798707220309	0.314134787403579	0.670130597793892
DAG(18:2/20:3)	0.420827586387449	0.370465763795456	0.317600273519576	0.650497575832316
TAG40:0FA16:0	0.390693287063844	0.85533101240719	0.3240817866608	0.675741619496147
TAG54:5FA16:0	0.555036588611928	0.87832145419324	0.309993085182	0.668208933060888
TAG58:6FA22:4	0.967531739150288	0.73045127993389	0.330377657000675	0.671873007888353
TAG56:4FA18:2	0.318679481821417	0.796051470652738	0.314861209387304	0.676422288284311
PE(O16:0/22:5)	0.968169828588368	0.442638440379819	0.38982539950841	0.624991092479463
PE(O18:0/22:6)	0.381760890725438	0.830809443157881	0.303800904778847	0.711760669973892
SM(18:1)	0.910870058270244	0.634359724209254	0.266173678654463	0.726793327685984
TAG51:5FA18:3	0.399995185255456	0.204053591123441	0.297247652542635	0.69829688071711
TAG54:6FA22:5	0.714721204621198	0.852148134303277	0.316629146809898	0.674065630484855
TAG56:4FA18:0	0.879809765785534	0.942466338531034	0.313563202891301	0.665847994235552
TAG51:3FA18:1	0.879827355784976	0.794848405590937	0.314921728021353	0.653828440891486
LPC(18:0)	0.0787555403990585	0.0071187342642109	0.105365050925813	0.670343126649148
FFA(20:5)	0.969659842368082	0.37319493179416	0.318450887441547	0.638522988012577
TAG54:6FA18:1	0.0197594589034171	0.0434403626629162	0.290273911504972	0.673222420704376
TAG52:6FA18:1	0.209708038468109	0.149193201942547	0.332147676518103	0.778947862030983
PC(18:2/20:2)	0.0163959298839423	0.021937937674561	0.100104699667783	0.944072944014832
PC(16:0/22:5)	0.313971837179211	0.350486267320981	0.226621977830054	0.795184393174992
TAG45:1FA15:0	0.391099217687335	0.256780767740135	0.286199579918049	0.636676356882681
TAG50:3FA18:3	0.910858066581895	0.725326722025238	0.313119210109971	0.658157825482176
TAG48:1FA12:0	0.55293947067201	0.857005861993265	0.307935524770649	0.663037735483368
TAG52:6FA20:5	0.898232855395063	0.978681401459096	0.314054931333154	0.668887501588117
TAG53:5FA20:4	0.202173677855028	0.43147001763133	0.294893190492139	0.659173973983923
CE(20:4)	0.41931699028631	0.796988880649739	0.307158775086078	0.663047272305975
CER(22:1)	0.172023164955457	0.620289339060898	0.406557340091837	0.610019460662391
MAG(18:0)	0.139791076315931	0.00272063845779154	0.276151761966485	0.832220370146562
TAG48:3FA18:3	0.903661166398948	0.847781542955539	0.310271865885861	0.670140233229952
FFA(18:0)	0.454269330388234	0.790377885377669	0.312768440942882	0.671979666941612
TAG52:4FA18:2	0.389387842013051	0.268662133779712	0.284161578129631	0.689742581889001
TAG42:1FA18:1	0.504788567271091	0.89546745098119	0.30967022393069	0.665885251593456
TAG60:10FA22:5	0.506309650741467	0.715958296561068	0.319680117078058	0.686025162738898
DCER(26:0)	0.52903410425063	0.4643602956636	0.31559523477924	0.691904974607245
LCER(18:0)	0.631808438602688	0.480561831772029	0.247892896286254	0.722997122351625
TAG42:0FA12:0	0.400110883266052	0.924639940592231	0.316536817792905	0.674542918412181
TAG51:3FA17:0	0.408230544315937	0.838384006232179	0.324282547158899	0.659833943910343
TAG52:6FA16:0	0.368324460011503	0.0861295236245474	0.311875609228889	0.683413545946527
CE(22:4)	0.702770497192355	0.614467642471611	0.355213845047292	0.682796351501598
TAG48:4FA14:1	0.380542451609212	0.78156760443946	0.30572661056753	0.683188595497183
TAG50:3FA18:1	0.881844745024612	0.939378610348822	0.315167086203421	0.666193112499042
TAG53:4FA17:0	0.761011350776105	0.972823667749117	0.315188617042958	0.668678129621376
PC(16:0/20:4)	0.371418780982432	0.594812177975357	0.304281265250657	0.666706485725636
TAG44:1FA18:1	0.973216675301995	0.390817002317299	0.273629203937079	0.648910992840459
TAG48:0FA16:0	0.483364780854103	0.718276815700667	0.300558472116119	0.684198073185368
DAG(16:1/20:4)	0.153017438816162	0.406296167766249	0.31182427575686	0.67858770244018
PC(17:0/18:2)	0.258260709004337	0.834572586568381	0.306684304118854	0.707995670077511
TAG54:4FA18:2	0.138054310170213	0.220619323831676	0.309048912705388	0.687917441389687
TAG50:0FA14:0	0.540116805857579	0.145189877185213	0.245670530427312	0.624413056244529
TAG58:7FA20:4	0.610206765330715	0.525938972898476	0.298774875728628	0.647194890820019
TAG52:4FA18:3	0.430782121494781	0.160338181278255	0.306847416810706	0.684371104431681
FFA(16:1)	0.963210741199549	0.597222038707198	0.284838332993227	0.713686330306747
TAG51:3FA16:0	0.460981519093699	0.719153633221674	0.314790060293424	0.667411577082438
TAG50:4FA18:3	0.945930390982569	0.351485420152847	0.295307719524472	0.695535388946678
TAG54:4FA20:3	0.475609081683293	0.650801335470968	0.299094778643915	0.659695354891569
PE(O18:0/18:2)	0.480808577843919	0.664523752416851	0.27353732763521	0.721369526743887
PC(18:1/20:2)	0.783787842859096	0.740345731044894	0.289158762237199	0.684669976823097
TAG49:2FA18:1	0.282863022702477	0.392285662783143	0.310569647376456	0.622455669954067
PC(18:1/20:4)	0.447184057273992	0.812926454157115	0.30446994471474	0.664489078040983
TAG47:0FA14:0	0.463461058873489	0.374066431967294	0.281070891286282	0.654805164922502
TAG52:8FA18:2	0.837642230726326	0.85553121115323	0.312239092199635	0.667991517153061
FFA(22:6)	0.920099625094074	0.772325873624362	0.303718971450618	0.643496893412175
TAG47:2FA15:0	0.412299446481781	0.355900391567403	0.300517801140578	0.643223711309383
TAG48:2FA18:1	0.940225488181549	0.671253697286538	0.30387847160892	0.648487818194898
TAG55:4FA18:1	0.510728469814431	0.79365780274596	0.321984293187642	0.664420166622798
TAG52:3FA14:0	0.698422835120389	0.442392484454739	0.31567895999509	0.620994960898746
TAG46:2FA16:0	0.656612224641795	0.91704674032968	0.311132686468188	0.667283695901422
TAG54:4FA20:2	0.765999501285907	0.883255572496147	0.311405799096291	0.682085316400439
TAG48:4FA20:4	0.924968810266341	0.58705658697599	0.294328993614823	0.652007046824016
TAG56:3FA18:1	0.469978203791322	0.926245598269348	0.311501864630082	0.665814464787161
TAG54:7FA22:6	0.996955462214253	0.791613735411799	0.312397445196009	0.692931967004694
TAG49:3FA18:2	0.416322282069868	0.664910279101724	0.323492227514574	0.651245603473959
TAG52:3FA16:0	0.829652731877316	0.581831508643112	0.308963966733533	0.687664337982666
TAG54:8FA18:2	0.0393382557391314	0.0944179888105305	0.30572644541676	0.639772450527142
TAG54:6FA18:3	0.0256170874233551	0.0523959303376743	0.279132802324585	0.646984435197431
TAG56:8FA22:6	0.329511084106696	0.567770236393976	0.320399408225276	0.715637007223763
TAG58:8FA18:1	0.0944150158211512	0.245090257912515	0.352209431950851	0.776270464291651
TAG55:7FA22:6	0.721661989854336	0.978727914079124	0.314901724406631	0.669944819933929
DAG(14:0/18:3)	0.54055269753922	0.635764976321748	0.311534115923455	0.68261374689266
PC(16:0/22:4)	0.741624743351154	0.693782493988017	0.336179229438031	0.692979214110682
TAG56:9FA20:4	0.853508151636856	0.487741048073916	0.316032932832121	0.661586193608922
TAG57:8FA22:6	0.313807539685374	0.601203706760813	0.316775169324211	0.712278511995891
TAG56:2FA18:0	0.895222704836378	0.445111857253278	0.286308557412345	0.645686590579482
PC(17:0/20:4)	0.158616142786463	0.85129584111737	0.310537779549589	0.680249486419674
LPC(20:2)	0.141740012610228	0.0797182004923313	0.223009125438574	0.603432953910551
TAG45:1FA18:1	0.45707624985892	0.221394328573293	0.268141227876531	0.640051553166752
TAG52:5FA20:4	0.201875912080764	0.643031860588255	0.299959492334499	0.679969456983216
PE(18:1/18:1)	0.565852520554207	0.35704762073293	0.32116130596072	0.674658368726992
PE(P18:1/22:6)	0.525900985008403	0.419995577096756	0.249217623928201	0.865789143936717
PI(16:0/20:4)	0.394688698060986	0.90087104070502	0.342617916253431	0.671505044425149
TAG49:3FA15:0	0.547445849214915	0.95362296187817	0.315910665689426	0.667703491418998
TAG51:2FA18:0	0.527149519462733	0.361890150099229	0.292928266122447	0.671067651832542
LPE(20:4)	0.889807157672059	0.822725214538026	0.31311798389371	0.644580278177285
TAG44:2FA12:0	0.57695851330379	0.806700899521927	0.307552264360886	0.662054576208304
TAG56:1FA16:0	0.285661982830195	0.0757476740237162	0.238570604923526	0.628139443817198
MAG(15:0)	0.216808874666653	0.66974648579321	0.32410893653269	0.675869419618935
DAG(16:0/18:2)	0.941198726005447	0.871133912712917	0.311554365287186	0.667163746852539
HCER(20:0)	0.0484967855211159	0.09662842702827	0.181349401655549	0.807272462833436
LCER(24:0)	0.593969621649344	0.995556496049059	0.320362043297136	0.669783697939676
TAG49:0FA16:0	0.320622936952152	0.349044205447544	0.27859182714595	0.680412296648016
TAG50:3FA18:2	0.705597207458855	0.880153415060286	0.310768510888121	0.676009478714586
TAG55:7FA20:4	0.998359623949323	0.782459545306776	0.323926880727205	0.657537760556197
HCER(22:0)	0.314114860707729	0.512915197301394	0.270409178579762	0.713837530271464
TAG58:7FA22:5	0.223100223040119	0.321271270560957	0.343963496688632	0.734636037089709
FFA(22:2)	0.874265994476358	0.804814745525097	0.310031593312805	0.656624827097246
TAG44:1FA12:0	0.978000759018659	0.512296185683145	0.296419332357271	0.639592336464874
TAG46:0FA12:0	0.564833564886141	0.855679506107215	0.307902515284954	0.663087747485198
TAG52:6FA14:0	0.711553525244724	0.879603503860149	0.311167955595812	0.663447169235459
TAG51:2FA17:0	0.267136149114559	0.397329836061197	0.319483290561625	0.658829376064632
TAG56:3FA20:0	0.606139555545568	0.697866295396322	0.304679481457214	0.667016889219869
PE(P16:0/20:3)	0.147676725250553	0.14564883463783	0.488742830982865	0.511197840809049
PI(18:1/20:4)	0.417851262149939	0.988690552087727	0.324447942324406	0.670693925234628
DAG(12:0/18:2)	0.458617485106105	0.77777024287707	0.319771745658609	0.670745797513487
TAG52:2FA16:0	0.748289736931189	0.969359166116148	0.313669955857205	0.668469465272836
TAG52:3FA20:1	0.88059498044712	0.665494512682073	0.316751881674799	0.646546658999606
PE(P16:0/22:6)	0.260155887329416	0.149282183141673	0.201505779272564	0.993178896342877
TAG56:5FA22:4	0.43196928971182	0.776348381743373	0.302623242226512	0.678362503742332
TAG56:9FA22:6	0.277896574274604	0.466533552888895	0.318158242954912	0.724012713460422
TAG55:7FA20:3	0.579117056263851	0.784392315338877	0.327638887146392	0.667496964242813
TAG50:5FA16:0	0.846540881173754	0.481733751586356	0.321809015889205	0.692879892740506
TAG56:3FA16:0	0.387403373785849	0.303068126708189	0.298651006065479	0.650108867924442
MAG(18:1)	0.444840947291526	0.803368023939913	0.319637500387806	0.698093167441284
PC(18:1/18:2)	0.200044420908102	0.496895035600684	0.229911594250316	0.712543167926663
TAG56:6FA22:5	0.514625680310221	0.603833923191764	0.32381841978414	0.696564304257323
TAG57:3FA18:2	0.118250175386266	0.361672348724374	0.33163073386981	0.727950727886544
LCER(18:1)	0.963223860498839	0.656931690808313	0.331711675535443	0.657509755887116
TAG52:8FA16:1	0.232403655117608	0.333264390005137	0.303325371227012	0.649659647401189
TAG58:8FA22:6	0.159523535445275	0.360062830932821	0.338636791254091	0.755206939802531
TAG50:3FA16:0	0.600694088279356	0.625017656509256	0.299592840163403	0.676108104750544
FFA(24:1)	0.213667207863283	0.346747710735485	0.289662506912481	0.679022901332914
TAG55:7FA15:0	0.641648876325655	0.933345198962261	0.315323950729782	0.663826709071692
DAG(16:1/18:3)	0.483901508381639	0.881466792825758	0.311752814839078	0.671302543630737
CER(20:0)	0.583612448464385	0.875281885612017	0.33959103424505	0.653732225678758
PC(18:2/20:5)	0.142672943635838	0.520964438418827	0.288144340076601	0.741375110506032
TAG52:5FA18:3	0.250215010390106	0.0689675725821392	0.275957938498442	0.660698804615064
TAG51:0FA18:0	0.361895922219901	0.209680296437624	0.257385756006241	0.670083793305629
TAG55:3FA18:2	0.344247258324519	0.793088584852267	0.32124695788061	0.663628405267727
TAG42:2FA18:2	0.339394283241767	0.909967044148559	0.321513689588685	0.671609310150487
PC(14:0/18:2)	0.871457913219898	0.805555508951324	0.394663801380262	0.6442297118756
TAG50:3FA14:0	0.989224301333187	0.845108868677902	0.316223035464136	0.659703748662352
TAG54:5FA20:2	0.419068743628102	0.459498281489594	0.290804137504494	0.725108350786157
FFA(20:3)	0.821445751990862	0.892167028848497	0.312812889364753	0.66284965016045
TAG56:6FA16:0	0.538523174470488	0.50192464384231	0.318951741130723	0.702817052000597
PI(16:0/18:1)	0.278552634137013	0.172850314628758	0.446083610313001	0.766227820223471
TAG52:3FA18:3	0.622959480643253	0.403050460195404	0.313330380710044	0.665269799474556
TAG58:10FA18:2	0.158342809556437	0.406373821661214	0.330307468739794	0.721608045801918
LPC(16:0)	0.0176982038195692	0.00215600388232453	0.174693258923885	0.620098995786147
TAG44:2FA16:1	0.348071081605971	0.37199379465553	0.300309832004403	0.647337268800328
TAG56:10FA18:2	0.33890929847778	0.768276666981677	0.321828497185945	0.664968270673655
TAG56:5FA18:0	0.695413812198327	0.883313741202006	0.316302023865796	0.678513690195252
DAG(14:0/20:0)	0.0260366969700959	0.000308324288499787	0.67330942196041	0.525846754932673
TAG52:1FA20:1	0.27902104683448	0.254156817322353	0.271704797138659	0.675334827032472
CE(14:0)	0.766245182976367	0.27176614012578	0.475442917520994	0.559298579471352
DAG(18:1/22:4)	0.954302360890173	0.668818232301169	0.306781938320059	0.657660779972649
PC(18:0/20:3)	0.0189476330211593	0.044653662471404	0.74487334534037	0.557980060168079
TAG54:2FA18:0	0.67039926774024	0.927920440199244	0.31696747501761	0.672448269125227
TAG56:7FA22:5	0.40365044084934	0.481724085298711	0.316336063477471	0.698049863822054
PE(18:0/20:3)	0.134385511932114	0.296034771969304	0.499362127500234	0.567031354084742
TAG51:1FA15:0	0.263388319767679	0.0955588273302336	0.245247524898279	0.635987941168676
TAG58:7FA18:1	0.133642948295451	0.12476939808974	0.339613832586039	0.816019758573066
PI(18:0/20:3)	0.308742014371992	0.321866402665079	0.553201128744671	0.554003726223727
TAG51:4FA18:1	0.574002768848915	0.281786779808719	0.303151641523456	0.69600610233266
TAG52:6FA18:3	0.124459980318477	0.0315518182832611	0.24230592833398	0.700185024453897
TAG44:2FA14:0	0.498430797305372	0.897960557715217	0.310421130371527	0.665899020532683
TAG50:5FA14:1	0.973109792700973	0.948638681890313	0.314523027533443	0.669962182113592
TAG54:2FA18:2	0.88748577349975	0.852483331034195	0.311591963941506	0.666892152776172
TAG48:2FA16:0	0.311365678758537	0.451696313921014	0.306101711429791	0.667096983555862
TAG56:6FA20:2	0.150123169941396	0.380047293422063	0.286893639224591	0.727314650755795
TAG56:5FA18:2	0.246519171290773	0.484123465713586	0.299151296804499	0.707536838929963
CER(16:0)	0.35531364766957	0.275061411666018	0.4457987876851	0.504737970822656
PC(18:2/18:3)	0.103914003682798	0.0586421732062052	0.175348122096752	0.711854844680735
TAG49:2FA18:2	0.331003180431129	0.240832778705279	0.300473864337786	0.667133734961562
TAG54:3FA20:1	0.885284521010616	0.957086614544483	0.313739295365312	0.667507821246087
TAG44:0FA18:0	0.790393168179413	0.635603941334703	0.315816822746438	0.668093232808251
TAG54:1FA18:0	0.788052664742304	0.778903116655752	0.303260318816833	0.6608072286944
FFA(20:1)	0.495213576448649	0.694634846255685	0.325099438457264	0.6978304140752
TAG48:4FA14:0	0.768024816303793	0.711423638407264	0.306162689513239	0.692431438947514
TAG48:3FA16:1	0.420699268644216	0.959314696967905	0.313697780517604	0.673786786126935
TAG49:3FA18:3	0.718779482411134	0.958558548856034	0.312753302570551	0.669975040547495
SM(18:0)	0.761725656587024	0.667726170986478	0.275605835954493	0.720867217682041
PE(P18:0/18:2)	0.391510146918798	0.815011875251864	0.300260815127094	0.714086854733357
TAG53:2FA16:0	0.722541799186078	0.530771613154558	0.291625007558716	0.680280802812703
PC(18:1/18:3)	0.456665691218307	0.149126617294028	0.169982399759036	0.779987844253031
TAG53:4FA20:4	0.191006193200657	0.227509854393757	0.280854444571334	0.668551164995502
TAG46:3FA16:0	0.557742497000906	0.931971001333952	0.317182891649901	0.670246353080081
LPC(18:1)	0.0273009866841885	0.0171727446342304	0.26900759498582	0.539954674732289
TAG50:2FA18:1	0.324474114322485	0.58664663606179	0.315423104340202	0.647669072727983
PI(18:0/18:1)	0.394619143643756	0.0970127296137374	0.456753779535869	0.834620645109197
TAG48:1FA18:1	0.353427424009756	0.265759115800487	0.280550001600254	0.647780800942605
TAG54:4FA18:0	0.17929457707126	0.300351933358703	0.295786195519887	0.665497997280864
TAG54:6FA16:1	0.462663282175598	0.907807189305061	0.312954136894615	0.675570552018176
TAG56:6FA20:4	0.835738131270962	0.920143558939175	0.311753013628718	0.668309207989433
PC(20:0/20:4)	0.153959149653092	0.247096719162645	0.286590187528799	0.721887873533776
TAG54:1FA20:0	0.261973200849385	0.0618058271790295	0.245640607613802	0.616956703343003
TAG44:2FA18:2	0.683320630843444	0.615127627012175	0.293944468566626	0.668088193231438
PC(18:0/20:5)	0.302865934559831	0.827061229559686	0.306411631936069	0.700092738128989
TAG58:7FA22:6	0.363257330340961	0.630111983367754	0.320773538074708	0.719438563579355
TAG52:3FA22:1	0.630338140451393	0.523348605286518	0.306527429079121	0.692519178952861
CE(16:1)	0.207735289209308	0.144885024665634	0.547938533329964	0.603844832560564
TAG54:2FA20:1	0.760123858528519	0.578295659915789	0.292142984807304	0.648575892584446
TAG44:1FA16:0	0.376019439823577	0.18601679796073	0.254175589484569	0.656851831247695
DAG(16:0/16:1)	0.356250140735829	0.644832460429141	0.31318247464913	0.660874220363523
TAG46:3FA14:1	0.210411488011055	0.346278000748217	0.306216455269998	0.641859897631691
TAG52:6FA20:4	0.289436010793288	0.750553141742512	0.306988139727713	0.670509870621108
CE(16:0)	0.417601278043099	0.861370975299967	0.3057963331924	0.680972373479006
PE(P18:0/20:3)	0.36987806419943	0.444733874045994	0.42827910959951	0.563491643706912
DAG(12:0/16:0)	0.575477496210901	0.724357595953301	0.289313860122623	0.685525654339897
TAG45:0FA14:0	0.573135635599111	0.554291032199724	0.290479246364246	0.660038215623444
FFA(18:2)	0.361840896224693	0.323722905004694	0.265524165842857	0.700104158994348
LPE(16:0)	0.243495792011854	0.0186461448096365	0.177102101462028	0.765717522952792
CE(20:1)	0.173182145215778	0.510314496755081	0.273850678828191	0.653134909413966
DCER(22:0)	0.151564692150923	0.0501072033261945	0.429540873693159	0.570864946298875
PC(14:0/18:1)	0.303049260036934	0.258007999083769	0.506959556641954	0.533912783302787
PE(18:1/22:6)	0.436488136437042	0.122848780071327	0.170650268061087	0.926450576928269
TAG48:4FA16:0	0.636357863704189	0.868537599740135	0.314021470631246	0.672944794812361
TAG54:2FA16:0	0.679262378331768	0.486205655773533	0.289568485643973	0.645866775135779
TAG58:9FA18:2	0.0932707412030809	0.263828907690294	0.333122989130399	0.749768631883561
TAG52:5FA16:0	0.245069085693184	0.133086404377794	0.293665124663417	0.644720090708057
FFA(15:0)	0.678360517974032	0.929421579063623	0.314030852855782	0.675736416257183
TAG52:5FA18:1	0.250192521625191	0.0678393431814351	0.261211598141618	0.80653994513366
TAG54:5FA18:1	0.0506267018861916	0.097004905076	0.301172186206096	0.663076223668339
FFA(24:0)	0.402016017675731	0.388563957844029	0.270179579743754	0.87511730604727
TAG54:5FA22:5	0.511939588007512	0.79403176269172	0.307125887806066	0.671084977574981
TAG58:8FA18:2	0.141154426021457	0.186126942478454	0.324623832508796	0.756997271636276
TAG44:0FA14:0	0.847779252369125	0.586032328399647	0.292226051409425	0.65383432440027
PE(P16:0/18:1)	0.646832909039293	0.771524511065365	0.345866895757576	0.637546808480343
CER(22:0)	0.22317766798275	0.0367211929497576	0.499564003292859	0.424598970512159
TAG52:4FA18:1	0.359951913472282	0.147339375945661	0.265991869636141	0.758080301833855
TAG58:8FA20:3	0.422038950317511	0.38052846098266	0.299823917709927	0.642129170796257
PE(18:0/22:5)	0.999449828989783	0.441751988220882	0.248642980257011	0.77329189855401
TAG47:2FA18:1	0.296109130238477	0.184562778114768	0.27814418827771	0.614663266574335
CE(22:2)	0.25567525467396	0.874452580583655	0.308170377099564	0.674106156085931
TAG55:5FA18:2	0.568881527856065	0.939807268369128	0.312277774126272	0.666302636033957
TAG52:2FA14:0	0.441544852288987	0.127840131115657	0.281366514081414	0.600658461428339
FFA(22:4)	0.412621014156924	0.622154673128354	0.300169008582346	0.708138035570426
TAG54:1FA18:1	0.885322474128964	0.689158344552612	0.298372985514702	0.656754488417676
TAG40:0FA14:0	0.616211205446798	0.852929294015285	0.31452250846707	0.678619962523036
DAG(16:0/22:5)	0.939531877535827	0.824469137212074	0.312181714824971	0.674100399222296
DAG(18:0/22:6)	0.451454584125341	0.635426522222438	0.342369139018235	0.669816001266381
TAG47:1FA16:0	0.235472834688147	0.284979417570525	0.281173336250363	0.66208650535556
DAG(18:1/20:5)	0.348778103596567	0.885780272735405	0.31666363806821	0.679730992049214
TAG54:3FA16:1	0.860668097002398	0.905558361238659	0.311251310868393	0.682171475824011
MAG(16:0)	0.476041271269724	0.0628631845455873	0.361829068903542	0.767421982397299
PI(16:0/18:2)	0.615427095691272	0.951426174790975	0.336761398002576	0.674653706886731
CE(22:6)	0.458270120783489	0.82398548866201	0.303802146371505	0.710060551942244
TAG46:4FA18:2	0.675342715730797	0.48269066402378	0.289722673240419	0.717040329332134
CE(18:4)	0.720595475010489	0.772980555137984	0.295025967103614	0.688887134618043
TAG54:2FA20:0	0.649308699129407	0.381032024378735	0.299921601961593	0.663208353380125
TAG56:6FA20:3	0.739235949592262	0.778982846828627	0.313748368133622	0.679495575317683
DAG(18:2/22:4)	0.341693925864604	0.599949169559331	0.304921533694041	0.692619947151618
DCER(24:0)	0.219267680194611	0.107790811660934	0.415736192676582	0.493526342759084
TAG58:6FA16:0	0.547496715727908	0.717743958540311	0.300034930012237	0.701970706958798
PC(16:0/18:2)	0.32030262508939	0.841144925508939	0.310970125113162	0.693864659682761
TAG52:3FA18:2	0.848766337160608	0.631602703377774	0.309379060657758	0.685470822459326
TAG48:0FA18:0	0.803615524066285	0.40408439779441	0.276209561245854	0.650077619283573
TAG58:7FA18:2	0.505770406714324	0.512224197197301	0.310744250057712	0.704207559386601
TAG50:1FA16:1	0.187534641084395	0.5813159474593	0.308627047145695	0.668674562316765
LPE(16:1)	0.11182546513999	0.500244472632706	0.341455079689363	0.680991338604922
TAG48:1FA14:1	0.106215187681847	0.144399080859385	0.262175567800935	0.671560577161844
TAG51:2FA18:2	0.351954556577052	0.331850623267589	0.311462284688378	0.668132871881346
TAG50:2FA16:0	0.406194053386015	0.843783325225219	0.315063248678978	0.672331252675102
LCER(14:0)	0.559545050906259	0.301411250690141	0.407040869783748	0.592661494330661
LPE(22:6)	0.681214383505002	0.692560023413729	0.306363107629451	0.708074786683577
PE(18:1/20:4)	0.483309887135074	0.12536614211158	0.1902728198689	0.871752664467746
TAG54:4FA22:4	0.231183699085532	0.45475684419198	0.281132344942586	0.71212726889909
PE(16:0/18:2)	0.708830469687696	0.970969919452376	0.328797228531605	0.668466499807207
TAG50:4FA18:2	0.54492215613782	0.586381169078089	0.298809001806663	0.68931919452628
HCER(16:0)	0.893562298613122	0.94401911474939	0.315793262165223	0.676054304122591
PE(16:0/22:5)	0.812875126924809	0.566086575245852	0.264068520510714	0.784540191615408
PE(O18:0/18:1)	0.939258756489867	0.782739413970479	0.34702146600782	0.649792331172033
TAG44:1FA14:1	0.222895534994644	0.318345573048475	0.280369071611649	0.657833652504715
TAG56:7FA20:5	0.106633146388524	0.340859352821694	0.356685197848112	0.740431818453111
TAG45:0FA16:0	0.456786819735805	0.37490985173183	0.275849543930347	0.66210344742425
TAG46:0FA16:0	0.678969668613379	0.575449479370874	0.289110256730605	0.670553466319092
SM(24:1)	0.410932766207382	0.736153216816263	0.386125458104871	0.636660795050607
TAG52:7FA22:6	0.648765179747203	0.61962057614311	0.32136523567239	0.701781616110532
CE(20:2)	0.451909604783438	0.297714711470321	0.509473102790362	0.654286171516653
TAG54:5FA20:5	0.546927276477944	0.963336613927973	0.313979461830183	0.667753358830019
TAG45:0FA15:0	0.468585377846651	0.472278271912409	0.286987510761414	0.663234243071568
TAG56:5FA22:5	0.842632938306004	0.800666708509276	0.319918586591073	0.679921307358713
PC(18:0/16:1)	0.167824378640678	0.385692724266885	0.433108783560953	0.623320184918151
TAG49:2FA16:0	0.246076282260467	0.306388781070032	0.30453221137098	0.668926976644067
CE(20:5)	0.233467725017208	0.942053511433082	0.317089813654389	0.664999706250461
HCER(22:1)	0.325560748093363	0.308142315934216	0.214822861510722	0.780423141774321
TAG49:1FA16:0	0.144850551017367	0.173164082883977	0.276269172476719	0.66935658832843
TAG56:5FA18:1	0.731182357868208	0.792115868334529	0.316932116041346	0.683425015757915
TAG53:4FA18:3	0.783284576001305	0.694106952918978	0.311814085876146	0.673847459287186
PC(20:0/18:1)	0.916351014382758	0.716552945239113	0.364079936801869	0.623989254395024
TAG54:1FA20:1	0.6127110427717	0.41228296990879	0.269138796765962	0.656023773727754
DAG(12:0/18:1)	0.546990551853202	0.781665168467913	0.304276156752388	0.661722645398861
PE(P18:0/22:5)	0.690347798017149	0.675529008236297	0.362826386612427	0.628616443001346
