chemID	simpleLRM_Fstatistics	multiLRM(chem_sig)	multiLRM(sex_sig)	multiLRM(age_sig)
TAG52:0FA20:0	0.209915007338078	0.060199671746015	0.304318456480131	0.637203514749498
TAG58:6FA22:5	0.424291373954668	0.647793536964479	0.391918170886329	0.678843325277584
TAG50:1FA20:1	0.550730648393868	0.236122203637433	0.321504969670801	0.627780258989006
TAG54:6FA20:3	0.822444701353828	0.40080247342697	0.360490139692678	0.688407030737532
CE(24:0)	0.208294545592079	0.722422371332548	0.356487030147626	0.671138860097566
LCER(22:0)	0.638669025281221	0.831800228035447	0.361998240205774	0.658738258522406
TAG48:4FA16:1	0.723490191522551	0.529630832647826	0.353075489932486	0.69086685562114
TAG51:4FA16:0	0.916254941462463	0.804277686717266	0.375851433634529	0.650097640762092
PC(16:0/18:1)	0.878134047584196	0.620454612000135	0.451281397528641	0.599435954430991
TAG50:3FA14:1	0.398281803419669	0.387214345361318	0.366544042028845	0.617862329378602
CE(17:0)	0.975071185463757	0.363762071645783	0.443496615049239	0.60118731050074
TAG56:6FA22:6	0.55807107915034	0.678420404546706	0.381353767890227	0.690282264294504
PC(18:1/16:1)	0.520776651728664	0.905386847003505	0.432379037835552	0.639438672753498
TAG53:3FA16:0	0.943284125337045	0.856010101707486	0.372113547554258	0.651128410449395
TAG54:4FA20:4	0.561316324410687	0.847375496146162	0.367161408781738	0.650455130966355
DAG(14:0/20:4)	0.132540310352464	0.0277117796152521	0.327534063228516	0.586093260413601
CE(18:2)	0.228516607983469	0.407696997563612	0.266932025019101	0.699718505016448
DAG(14:1/18:1)	0.900774305616132	0.871232384901034	0.389092854540947	0.654066623143969
DCER(20:0)	0.201448312330445	0.0677670727204692	0.298702405045443	0.804172904727344
LCER(20:1)	0.411871801476921	0.0961407412052338	0.610823723374155	0.520782928892661
TAG54:3FA16:0	0.850145892900647	0.92068272875572	0.378487600544818	0.656034225305897
TAG48:3FA14:0	0.901981653854146	0.873614899151107	0.373168065330232	0.657774400976582
TAG56:1FA18:1	0.512107543537939	0.24166241904486	0.318528670611822	0.615269486290157
TAG58:9FA18:1	0.113521715738286	0.315398285537126	0.409867246152831	0.738092684496698
PE(P18:1/22:4)	0.722168517307258	0.888663961543564	0.370714001178825	0.642093489990523
TAG54:4FA16:0	0.869764019722979	0.99833478030799	0.376876549365137	0.649732418073974
PC(18:2/16:1)	0.843449226234055	0.93404371962967	0.411869534824358	0.669598353758069
DAG(14:0/18:1)	0.78298125330714	0.431409396670667	0.344535959409	0.624016043764406
TAG46:2FA14:1	0.199288824610001	0.381214332130528	0.353834954294733	0.628387049397967
TAG52:4FA20:0	0.381237046678933	0.32030357007844	0.359363847551437	0.655211909639635
PC(18:0/18:2)	0.896964752813031	0.695870950191342	0.542362317984152	0.610025878386756
PE(P16:0/22:4)	0.556447909732674	0.952906204806518	0.377640237131371	0.649470492855398
TAG50:4FA16:0	0.996725830758304	0.329309062369651	0.359917733153883	0.67801421795918
DAG(18:1/20:1)	0.623597494399723	0.986876718597969	0.377019249406455	0.652250911229715
LPC(15:0)	0.445880209172944	0.0462619364445933	0.225798574575077	0.776408786683594
TAG48:3FA18:2	0.579790342645842	0.838862443226444	0.379021886664346	0.657995569926138
TAG52:6FA22:6	0.896916687241319	0.912994197245108	0.375195344295791	0.643819611144166
TAG56:7FA18:3	0.508566668784192	0.560110602640933	0.366958623454065	0.663785405080234
PC(18:0/22:6)	0.749451283905195	0.899205712119795	0.372299368316606	0.685685089770805
SM(26:1)	0.459925515197988	0.547180113673303	0.463896508339014	0.599046679473473
TAG48:2FA14:0	0.685362185207139	0.675831076448384	0.369917367377027	0.642216254888882
TAG48:3FA18:1	0.350371551514356	0.748652511665793	0.386231520573113	0.661398671961586
DAG(16:1/18:2)	0.735661157639785	0.675048069900459	0.352828713215574	0.673120341750219
TAG53:6FA18:3	0.692222144715643	0.784661341490298	0.395522874399897	0.653879697262529
PC(16:0/12:0)	0.37667023506696	0.899273629926072	0.371113256443132	0.674753196179301
TAG51:5FA18:2	0.354351807489687	0.518786282253355	0.367697682811362	0.657917040033879
PE(P16:0/20:4)	0.671695579512161	0.780281063458509	0.368472915059747	0.668871876771112
TAG49:1FA16:1	0.322921082331205	0.602631315573102	0.365366899750477	0.647153535550959
TAG56:5FA20:1	0.111623835988682	0.278512344718252	0.364984000990442	0.66746467144739
LPE(18:0)	0.69467531529266	0.208681446625493	0.234186510006845	0.723576167417165
FFA(20:4)	0.898813366508745	0.9614187119007	0.375215713555674	0.648138675724719
TAG46:1FA14:1	0.250116464411023	0.131156695752	0.224946875256864	0.665946098530785
TAG46:3FA14:0	0.900015259002104	0.732859353566359	0.368382067305213	0.64019948526706
PE(P18:1/22:5)	0.691345139558029	0.342726784162809	0.511267598014392	0.571916321245189
TAG50:1FA14:0	0.677407274106386	0.318634409592146	0.324799953569186	0.617508255448368
TAG56:8FA20:4	0.710327991907923	0.958163986060672	0.376781410294239	0.651067074418442
TAG56:4FA20:1	0.219489687240771	0.372707541056311	0.391401144235972	0.677366371211033
MAG(18:3)	0.549934619562741	0.660301864005514	0.470914638288848	0.619034891515504
PE(18:0/20:4)	0.984994150178698	0.396511570758261	0.299840716822835	0.748769086384354
TAG53:2FA18:1	0.756570364347656	0.53374953612296	0.359831635090088	0.620686304505025
TAG54:7FA22:5	0.578970715938694	0.507546171597326	0.390154674823954	0.676726365234623
TAG60:12FA22:6	0.418366381468002	0.934088679612739	0.376721974611735	0.658402269969178
PC(18:0/20:2)	0.582525804952726	0.31075315518947	0.654559336208682	0.590446571919245
LPC(18:2)	0.0303990634263537	0.0724433182386818	0.37141244888623	0.409332296601053
PC(15:0/18:2)	0.634669942046362	0.315676370638572	0.618658909823884	0.528543479363242
DAG(18:1/18:1)	0.537085740362098	0.578146660330524	0.376530389110222	0.688396748030558
TAG56:4FA22:4	0.50001212650008	0.767724839873945	0.359812430559425	0.660406221715802
TAG56:9FA20:5	0.122396330897315	0.416222523751741	0.399803765872529	0.694497766956047
TAG49:2FA14:0	0.479006070931454	0.368048963215848	0.36032357079853	0.619890508706439
PC(16:0/18:3)	0.418033203882559	0.293886387189955	0.261951173993792	0.726416524902555
LPE(22:5)	0.974494985710657	0.96111092999825	0.375681119057622	0.647788438860576
TAG54:6FA20:5	0.206901134237877	0.383006034424458	0.431632635587576	0.711011457532045
TAG56:7FA22:6	0.305713198388257	0.481080363458409	0.391141676179233	0.714207641743153
TAG51:4FA16:1	0.816003019765177	0.491791912127281	0.338804036591565	0.713218197558709
TAG52:5FA20:5	0.632616858897203	0.870089717573835	0.384063910124266	0.654776954581397
SM(20:0)	0.0828340684183872	0.357140785048902	0.256389457545369	0.733313745554394
TAG55:5FA20:4	0.487898340737703	0.3857772161469	0.336957494608044	0.624418320928283
TAG58:6FA20:4	0.939925437281221	0.750944648920654	0.36798700523787	0.631212112461739
PE(O18:0/20:4)	0.604239126205775	0.804645395472332	0.382210351648624	0.641165069859175
DAG(18:2/18:3)	0.390713998636851	0.256021146699267	0.353170481936667	0.654019924365245
TAG48:4FA18:3	0.276900002146216	0.35725870477415	0.396048801684953	0.680547381081816
TAG52:0FA16:0	0.846512803264494	0.618560334690563	0.344901977959247	0.644733909785969
TAG58:9FA22:5	0.177963913959086	0.352586946029499	0.393236151155451	0.680082556516656
TAG58:9FA22:6	0.10419056006561	0.306646169411757	0.409842184454305	0.740254550177205
PE(P18:1/16:0)	0.549506440622153	0.796477427475333	0.397207298702601	0.622721855242598
DAG(14:0/18:2)	0.806237508156678	0.534354340846674	0.367095050519623	0.644614339694047
TAG54:0FA18:0	0.564168462268947	0.981357549672138	0.379091002457851	0.65083428293578
TAG56:2FA16:0	0.370519034632266	0.276032039811897	0.327880390824323	0.646005760586066
TAG56:8FA22:5	0.307764064998686	0.376363182698226	0.373876704183123	0.702896921340817
PC(16:0/20:2)	0.88853486205924	0.705753856158829	0.453794991537136	0.611762965620623
PC(15:0/18:1)	0.559863271495733	0.287533481862139	0.614050110562916	0.48881049455319
TAG56:7FA18:2	0.484657146459917	0.646711374717812	0.371263407646184	0.668976148983964
LPE(18:1)	0.804791862620966	0.900476458225568	0.377988817760682	0.637717530447327
TAG50:2FA16:1	0.333116945703448	0.956090635001518	0.37669855627424	0.6486084844209
PC(17:0/18:1)	0.909432542328612	0.0836345817793611	0.59351371631938	0.399109711831014
DAG(16:0/18:1)	0.794966328730599	0.752064560730613	0.368592185030254	0.647195264080877
LPC(22:5)	0.181223876013271	0.448217157247173	0.370839789558111	0.600521869089127
TAG46:0FA18:0	0.49030947763406	0.88106361067271	0.370151423566425	0.644700651269601
PE(18:0/20:5)	0.533577221502439	0.918260766131021	0.374139080690472	0.642834656247681
LPE(22:4)	0.445432782909677	0.426219265633946	0.369038896537234	0.765522295158158
TAG46:1FA18:1	0.833251182828138	0.621499799622696	0.353712020289539	0.631927362811106
TAG58:10FA20:4	0.378598380295296	0.272686810620755	0.378074175453513	0.616012189769156
DAG(14:0/16:1)	0.198905194404589	0.203229964896983	0.349503301141581	0.656130877263157
SM(24:0)	0.678559007189482	0.461751842251793	0.464405718031923	0.614742415231605
TAG53:6FA18:2	0.506085153510281	0.383468701156313	0.373457277365449	0.66299478544408
HCER(18:0)	0.0984375483970665	0.127987885660889	0.192874411195965	0.836173233767289
LPC(20:3)	0.901310243127231	0.804458830863614	0.378007118085598	0.627791977760333
TAG53:5FA18:2	0.368714762393851	0.452309540203717	0.375511065745969	0.645024787279718
TAG50:1FA18:0	0.446030297127972	0.380934035645048	0.335244321292647	0.640611600952715
TAG52:5FA20:3	0.61056704045345	0.842124031922492	0.37669212720142	0.639888626713343
PE(P16:0/22:5)	0.989263627414758	0.927021577090382	0.375910273573487	0.654889514252732
TAG44:0FA12:0	0.502207343908285	0.969415596963883	0.376365637407954	0.64848658319759
TAG55:6FA18:1	0.443935444915751	0.690324783754204	0.392559131679237	0.662210390296664
PC(20:0/18:2)	0.315567402471057	0.822397219160233	0.361416408067877	0.675900398861531
PE(P18:0/18:1)	0.892087894774617	0.470341195099193	0.462449044355217	0.574704243267732
MAG(18:2)	0.527110086036364	0.781738536104566	0.368097482480208	0.629738263930889
TAG52:5FA18:2	0.202737676045334	0.135719830890997	0.310485464512455	0.691503030012199
SM(16:0)	0.971979463366885	0.78456128108107	0.450963742889338	0.615322854685526
TAG49:1FA18:1	0.296915597971944	0.173827398839479	0.318016174522887	0.622115929918376
FFA(14:0)	0.666035273588607	0.854428214658538	0.369643391233595	0.671364501728332
TAG56:4FA20:4	0.957225357728503	0.998703401840877	0.377815897758501	0.65042835489003
TAG46:2FA18:2	0.494994539437367	0.950922774893094	0.374845769021738	0.648165832395114
FFA(16:0)	0.689538497165499	0.84767285787912	0.368842269616935	0.658360608386591
TAG52:5FA22:5	0.842391632784769	0.763031001359633	0.381435936613541	0.649891990935761
PE(P18:1/20:3)	0.260727194188262	0.207629377244016	0.519819645763592	0.573691041650297
TAG56:8FA18:3	0.607918831282626	0.391945550144591	0.359220185325312	0.674534441553772
TAG46:3FA16:1	0.723255610402761	0.809757898049371	0.374513446753049	0.662766101143607
TAG50:1FA18:1	0.53783848015943	0.7229378445856	0.363610228625827	0.655506575881282
TAG44:0FA16:0	0.564559340088073	0.918779151131055	0.372827661817302	0.647092733624221
CE(22:5)	0.863623483171201	0.939495548529934	0.38164993837025	0.654854464622175
TAG49:2FA16:1	0.340358703927244	0.717498526498292	0.375897422602453	0.635058396393137
TAG53:4FA18:1	0.911501626382162	0.618615063487807	0.372810366165821	0.617721365286937
TAG52:3FA20:3	0.37785419130134	0.601427439811492	0.359645179740512	0.66007575776275
TAG49:1FA17:0	0.304002754349992	0.238057421722675	0.333066164295034	0.636264114821592
TAG56:7FA18:1	0.224828640945353	0.289660542466022	0.402927732280755	0.731910101869074
TAG50:2FA18:0	0.713874755246096	0.418682738790545	0.35341627751738	0.642628915799482
TAG44:2FA16:0	0.806895470596707	0.416785354572157	0.323580174904051	0.675125073886587
TAG44:3FA18:2	0.785008577030387	0.658309506014858	0.350726598943766	0.670628362182383
TAG47:0FA15:0	0.554065451951233	0.568640762177437	0.346363387356361	0.65399249272516
TAG54:7FA16:1	0.873830462509165	0.587004070758157	0.371975833352917	0.692083263595942
TAG52:3FA20:2	0.665545778341865	0.867419670555412	0.377621018456162	0.642195286952842
TAG52:5FA16:1	0.292608993330626	0.153238320607854	0.308202205455915	0.737876691235758
TAG51:2FA15:0	0.740943448529025	0.581906037333406	0.357977069068893	0.619756275121254
TAG54:7FA20:4	0.627407121658917	0.625700465318265	0.380229564852706	0.650578363248501
PE(P18:1/18:2)	0.752821777295951	0.576306709665409	0.478440944661564	0.594977310339955
TAG52:1FA16:1	0.426239845989875	0.490569980435612	0.362137909845544	0.62691404723647
TAG47:1FA15:0	0.37453534673932	0.325583629583979	0.336707166604504	0.626073573589442
TAG50:5FA14:0	0.238227323870372	0.390128068300046	0.371673804296951	0.65828131680604
TAG55:1FA16:0	0.234678736696722	0.411928803914538	0.394803952831756	0.712892400593319
TAG56:3FA18:0	0.995983914325418	0.868788985037648	0.374440603723565	0.639552192312451
TAG50:2FA14:0	0.888846809853377	0.725620206299172	0.370362027219874	0.629449175865583
TAG56:2FA18:1	0.765837261181035	0.938821791409163	0.373583683683905	0.647790832790011
TAG51:3FA18:2	0.834873044075993	0.880095899428887	0.376790863558268	0.64357047220497
PC(16:0/16:1)	0.134433857471992	0.169953714212953	0.537706886815637	0.562563415181357
TAG51:1FA16:0	0.325924470977923	0.286616314961051	0.328472232551829	0.654595244216011
TAG52:3FA18:1	0.705669063662944	0.405603659966429	0.366171762563018	0.688031288573518
TAG56:4FA18:1	0.400148866721779	0.499815973626524	0.376813659187541	0.700133982290296
TAG54:4FA20:1	0.378512980426006	0.34700148610447	0.344291004078229	0.713848658583282
TAG56:7FA18:0	0.146471108109956	0.486335170813027	0.405304714686925	0.702365359399999
TAG54:4FA18:3	0.10778362736586	0.146890639406963	0.361344063117134	0.664958458980664
TAG56:7FA20:3	0.906059466647993	0.94638088096599	0.377666862153866	0.648832405721844
PE(18:0/18:1)	0.571091778635497	0.750058075396017	0.392229691716276	0.647393072233188
TAG50:4FA14:1	0.787905856303545	0.851769418391601	0.37802772507589	0.64413707808993
TAG47:2FA18:2	0.738033478916197	0.323573813505837	0.342230737395737	0.635287375694511
TAG50:5FA18:1	0.529501763952786	0.375796778261495	0.373253773328796	0.695680821922649
TAG53:4FA18:0	0.791652127534823	0.385116512506013	0.358506234663861	0.66685268894795
PC(16:0/20:3)	0.117591466046957	0.161369093649982	0.605827886292254	0.570894039157437
TAG56:6FA18:2	0.586073338135708	0.7853035117771	0.374848624136815	0.656073386509289
PC(14:0/20:4)	0.526721186050929	0.195308414800381	0.495432024531176	0.645582158563934
PC(18:1/22:5)	0.508311451095477	0.4353257904057	0.285745684118421	0.658961664183438
LCER(24:1)	0.719788017251551	0.786694844215497	0.360493914723371	0.640117380501225
DAG(15:0/18:1)	0.537998730488885	0.320896662771005	0.366501312313486	0.674575149954268
TAG45:1FA16:0	0.359253701831883	0.286663344970266	0.327599228530427	0.635572118337882
TAG56:4FA20:3	0.96953824951863	0.86321639369096	0.373913612746666	0.639057540646403
TAG60:10FA22:6	0.422776995537053	0.819234574936361	0.38042173377428	0.670816854246488
TAG54:5FA22:1	0.095193445846297	0.156740205280634	0.349974550220553	0.621406202484912
PE(16:0/22:6)	0.957360187762642	0.47358663032508	0.296532723721561	0.848647793660141
LPE(18:2)	0.186520767859868	0.192194394830485	0.32200788139802	0.486262403253271
TAG54:6FA20:4	0.655190225787046	0.827413633945281	0.385440407995045	0.646949956078708
TAG54:2FA18:1	0.412141763729914	0.48326644290091	0.408687182566467	0.670165707436037
TAG56:8FA16:1	0.289980174681457	0.404348647685009	0.366490455013863	0.724663577676677
TAG58:9FA20:4	0.229458938770226	0.233420556575117	0.350294473273391	0.647800045150527
PE(16:0/18:1)	0.141142771925801	0.369130257713762	0.441975182060664	0.607405571963589
DAG(16:1/16:1)	0.666789529534635	0.585579485636589	0.377855454300239	0.672240985760492
PC(18:1/22:6)	0.71591949974032	0.723890527754509	0.429469048259662	0.603978297411763
TAG52:4FA20:2	0.639501527086746	0.616090370235504	0.359753497961994	0.693146357081672
TAG42:0FA16:0	0.610737450125761	0.835596829384833	0.36597172486867	0.645006249086059
TAG52:2FA20:1	0.499774721854336	0.47772133503181	0.362405922326222	0.620817783305295
TAG52:4FA16:1	0.399745435423873	0.179907270483566	0.312414940732408	0.758692080676371
TAG58:8FA22:5	0.187417374978898	0.31562690822338	0.397697884911101	0.69445626916859
TAG56:8FA16:0	0.278116295934071	0.498833926020992	0.391174197425063	0.697753127909159
FFA(20:2)	0.293716429392909	0.535176761711509	0.417271318041744	0.691796035178448
TAG46:3FA18:1	0.903156354261332	0.411901312968078	0.318321868815684	0.675334491133771
TAG50:4FA20:4	0.421368463577705	0.433061914260125	0.340144499992928	0.655400737549084
TAG53:2FA17:0	0.758543902333157	0.504742234834596	0.36509534585093	0.612848022112853
PE(18:1/18:2)	0.899762736016485	0.735451376796307	0.422665659226375	0.641435632230396
TAG51:1FA17:0	0.29678797204016	0.247299335370671	0.328336275682534	0.644853412696383
TAG54:2FA20:2	0.941683148194263	0.945906699536201	0.374853997974607	0.647014190543354
TAG56:6FA18:1	0.627409315853094	0.734003879458897	0.382817929062659	0.670321565126008
FFA(22:1)	0.411442261967981	0.78661860558283	0.370263678224026	0.634254551402293
LPC(16:1)	0.452651349589641	0.829073307026727	0.363027177970538	0.651882361473627
PC(14:0/20:3)	0.146971551210772	0.270089803893794	0.556540889022508	0.602034998011563
TAG48:3FA12:0	0.349828785329277	0.803661262734551	0.383489808929653	0.658915820279489
TAG54:6FA16:0	0.780735239155257	0.528222621963946	0.404489189055877	0.666654454901483
TAG46:0FA14:0	0.692929539687981	0.616404430747842	0.349384196049609	0.650838509207977
FFA(22:5)	0.732283644212374	0.783499520066146	0.367018357711971	0.634696903627604
TAG56:2FA20:1	0.646530114750618	0.945957731451631	0.382253828886272	0.651951893538668
TAG58:5FA18:1	0.949518321765038	0.914208932250419	0.377389830271341	0.65507831520688
TAG50:4FA20:3	0.631400289516174	0.60248308152058	0.361788390452235	0.627859497851039
TAG52:1FA20:0	0.171499479948908	0.051325796949762	0.325484979373953	0.573587208878848
PE(O18:0/22:5)	0.88093364615475	0.762771238548446	0.405081724339479	0.638434448863724
TAG53:7FA18:3	0.321105610559998	0.566234679214263	0.393145042761261	0.649775605833248
TAG50:3FA18:0	0.926665743897872	0.528033733774326	0.362510367747813	0.652460579604399
TAG46:3FA18:3	0.269483348785237	0.733244084305499	0.392796704711744	0.654707217770214
TAG54:7FA18:1	0.0629329075697526	0.136914787702492	0.377774849771612	0.686885093364276
TAG55:4FA18:2	0.445822714179969	0.826033593911738	0.37731047912422	0.640632055600508
PE(P18:0/22:6)	0.6010093937535	0.640519512284449	0.334232275253711	0.795156020029451
FFA(18:1)	0.961154569528301	0.681268896697918	0.358927327183268	0.678127992156063
TAG50:5FA20:4	0.538342922073135	0.621675727486853	0.355148938833951	0.639665609776046
TAG53:3FA18:1	0.867562771302509	0.95456441922839	0.376134146026757	0.653618552569466
TAG50:5FA16:1	0.801895218406852	0.0809987951246615	0.281771080922121	0.797114145606196
TAG50:4FA16:1	0.819893614556708	0.128188153405503	0.283411273362689	0.769963145702206
TAG52:4FA20:4	0.425906529532599	0.683561550977367	0.359163638297875	0.663751805568771
PC(18:1/20:5)	0.195781272330024	0.858469741787111	0.369253179918296	0.675388956583261
DAG(18:2/20:4)	0.478992692586831	0.530342234381919	0.378696024874763	0.65762417734804
TAG54:7FA18:2	0.0540936622752187	0.233525421770339	0.350760621885814	0.591607250285503
TAG56:7FA22:4	0.805064068173131	0.507125871254129	0.390340155766476	0.653958292286108
DAG(18:2/22:6)	0.271558537263513	0.645606488323855	0.38054677612619	0.685461785395164
TAG49:2FA15:0	0.492332946918094	0.500878548059129	0.364047894243368	0.644335816625929
TAG46:3FA12:0	0.378239686679183	0.753440571463386	0.381242741163247	0.66257988696601
TAG47:0FA16:0	0.630077164642227	0.612092669183281	0.349413819676132	0.652433253546675
PC(18:2/18:2)	0.385851357773995	0.961318298604016	0.406216381027887	0.649345532757183
PC(18:2/20:3)	0.585521512030978	0.471413330661849	0.555393992047189	0.629039918312756
CE(15:0)	0.719438496281625	0.382128930444865	0.469671587796541	0.571524349166882
TAG54:1FA16:0	0.41676152588029	0.13997399477961	0.295467369593909	0.625347893180987
TAG49:2FA17:0	0.351823881711872	0.2248095962615	0.358082691105442	0.621872851467098
TAG54:8FA18:3	0.0378981721298376	0.136088921780845	0.346933915790821	0.561157501280199
DAG(16:1/18:0)	0.177419734761865	0.309240273233892	0.359646742868641	0.636662191023083
PC(16:0/18:0)	0.778016998531276	0.614305381557473	0.497505307886738	0.607038542435569
TAG54:5FA18:3	0.0304455996098518	0.0275203703114074	0.333769468384844	0.701177300643121
LPE(20:3)	0.650330418654039	0.825214238816892	0.398870523711246	0.658779995503547
TAG55:1FA18:1	0.115713658363771	0.34920346709502	0.427187047004386	0.716117827205141
TAG55:2FA18:2	0.158801299947622	0.393005976415882	0.392306543608979	0.693202798080537
PC(18:0/20:4)	0.749677223824479	0.766760660628574	0.361743076022493	0.651961197732323
TAG54:5FA20:3	0.882419741013591	0.833669171012807	0.380281652504677	0.654805201397093
TAG56:3FA20:1	0.278270897702384	0.435295885928627	0.410881466438985	0.680238890408175
TAG48:3FA14:1	0.281366110164316	0.630077488222935	0.375759594520824	0.639981282267618
TAG56:8FA20:5	0.0888840919898612	0.296524314031348	0.415062711790814	0.719569976790313
DAG(14:0/16:0)	0.591777800518981	0.305707684348264	0.32563017360771	0.649583352655389
SM(26:0)	0.841075024273737	0.414358324691999	0.515479778286427	0.592184877482221
TAG51:4FA18:2	0.601676372063129	0.709473339333973	0.370912850586014	0.659956752483816
TAG56:7FA16:0	0.230667670657705	0.38366412564399	0.383480377498373	0.721219499929921
TAG48:4FA18:2	0.164943333819727	0.467007065687261	0.38956761440557	0.653147856580602
TAG50:5FA18:3	0.382290931410464	0.310547126850668	0.35156524795504	0.67353715450696
TAG53:0FA16:0	0.281104846541683	0.340814111992266	0.427926690628454	0.702767279772786
TAG44:1FA16:1	0.557253311142936	0.418157647665005	0.354385376422121	0.61921942469955
TAG60:11FA22:6	0.35385827651059	0.830520425941566	0.378899528184354	0.672677943909646
LPC(20:0)	0.0560224615001653	0.148104600652554	0.289128079671095	0.611094952594963
TAG52:4FA14:0	0.579573131487772	0.440130995577297	0.360347883957807	0.616404563218898
TAG53:6FA18:1	0.725554566859595	0.733516177080972	0.347094175948295	0.653642686002421
PI(18:1/18:2)	0.963130181968155	0.65703151035037	0.448696109611877	0.701211598123707
TAG52:4FA18:0	0.691890161621453	0.412655395527681	0.355339880506222	0.697918304045447
PE(18:1/20:3)	0.386621775309258	0.885033506089882	0.4133304323675	0.637837452400498
MAG(16:1)	0.586214831880718	0.796083940707259	0.383947411547395	0.638216038308411
SM(22:0)	0.706065496908034	0.874746675256734	0.432917972421348	0.641034506400825
TAG55:8FA20:4	0.53843812797079	0.162356486367122	0.438215459531182	0.576456312818477
TAG58:6FA18:1	0.766142244187903	0.72922855346987	0.381611967147502	0.672981825239831
TAG56:5FA16:0	0.73928839983607	0.973080233761474	0.376245564117438	0.64953212276906
DAG(18:2/20:5)	0.224782693536802	0.656685009813009	0.379525188357541	0.672277878792296
TAG58:2FA18:1	0.981089538080585	0.969505488665514	0.377701953297153	0.650287215949572
CE(22:0)	0.699084985623847	0.223290974459019	0.493615037171472	0.524296697322997
TAG54:5FA22:4	0.36717086695595	0.764083532650595	0.362362250538967	0.658424890745234
TAG58:3FA18:1	0.991709190610352	0.962294479415313	0.374370856523165	0.648545274946561
TAG56:3FA20:2	0.668951290911367	0.778111586321594	0.379268191488369	0.674870445926856
TAG52:2FA18:2	0.856034644136323	0.777436480932285	0.380053834550109	0.652549758131163
TAG53:4FA16:0	0.979689109505289	0.968204361261438	0.375586932197753	0.650184331138133
LCER(22:1)	0.499411763395558	0.701959861765749	0.445307815907401	0.65217226881876
LPC(20:4)	0.249372049047638	0.112074779253926	0.627836869890514	0.434026460829539
TAG48:2FA12:0	0.465910413403947	0.935257846082	0.380060527063388	0.653648952134391
TAG58:7FA22:4	0.939106319213985	0.728066380115772	0.386759960755467	0.651195855806125
PC(18:0/18:0)	0.82906104282808	0.966622915685889	0.386371915125028	0.653615167658817
CE(18:3)	0.998786226826439	0.632768482610479	0.473127352557868	0.633775450873628
TAG51:4FA20:4	0.235267780134152	0.21556796746686	0.323409184309431	0.648196201946415
TAG56:4FA20:2	0.496221710583016	0.620314229939726	0.365147290166785	0.69767958353653
DAG(15:0/18:2)	0.488145866082996	0.638780994947754	0.40132740198071	0.672096518855852
TAG46:1FA16:0	0.972623285837324	0.662857485349572	0.356957599491243	0.638519331255061
DAG(16:0/16:0)	0.597926147246155	0.616629001981875	0.360722445044874	0.659209434967131
TAG54:5FA18:2	0.110762638126915	0.178737968662725	0.349736894559426	0.612696868493571
TAG42:1FA12:0	0.388059485755405	0.889358673013949	0.384564385550977	0.655125180599349
DAG(18:1/20:2)	0.723240091932147	0.381745205169565	0.387837217621203	0.577792103632583
TAG52:7FA16:0	0.880770661491169	0.727981269633704	0.35787569668783	0.651263824759037
TAG55:5FA18:1	0.553484084788476	0.783242433053906	0.380670653956054	0.652600720699761
TAG52:2FA20:0	0.806779771115957	0.535129321478804	0.363512183863465	0.632122932398109
TAG46:1FA14:0	0.455056248227913	0.403943782089948	0.34327835557099	0.63022025455156
DAG(16:1/20:2)	0.197538700744096	0.19977536056305	0.441093444611116	0.603027957550824
TAG53:5FA18:1	0.61819201534137	0.557936493292028	0.3754220882692	0.645159387122283
CER(18:0)	0.503156737989619	0.810095083781044	0.408233943763128	0.630486949462398
CE(24:1)	0.510081188519436	0.530208495873659	0.405447349750153	0.634773534055071
PC(18:2/20:4)	0.967529627852067	0.845262888135009	0.410029664602167	0.667126187638901
PC(16:0/16:0)	0.803605454609775	0.72312617531305	0.459606770420186	0.611823146298253
TAG50:6FA20:4	0.849763167956129	0.944584160874054	0.37449528693709	0.64789428018347
TAG52:2FA18:0	0.998680468743991	0.870219765666841	0.379048721364627	0.649400247155665
TAG55:2FA18:1	0.283685970624336	0.69756194896781	0.399247850113513	0.655526354571273
CER(24:1)	0.660519951219856	0.716935926998024	0.4245767970086	0.595439150773652
PE(18:0/18:2)	0.935993222574714	0.812032064781039	0.35938350215885	0.668901810009875
TAG52:0FA18:0	0.959351051198488	0.790135528308991	0.359682462339274	0.647159645918478
TAG50:4FA14:0	0.414776877717665	0.621571147109982	0.369090676826025	0.664042141824042
TAG52:2FA20:2	0.523798225514754	0.685424442199568	0.367669819620482	0.649858619841359
TAG58:6FA18:0	0.390710862165519	0.270439111225432	0.377283031521652	0.744259074624783
TAG55:6FA20:4	0.426404794896711	0.434204685034437	0.360172873686132	0.636174183526467
PE(P18:0/22:4)	0.84365415742686	0.645874050827664	0.353792807071962	0.643230539376712
TAG51:2FA18:1	0.533578503209011	0.56251452870334	0.361587537809535	0.618699316751608
TAG50:2FA18:2	0.828380894106094	0.981376031880256	0.376384047698585	0.649091412087164
TAG53:3FA18:2	0.98007680695825	0.785364489831169	0.37871641851615	0.638189458155237
CER(24:0)	0.559697666881305	0.0593336066974125	0.459876876975774	0.390401547669097
DCER(22:1)	0.982945582657202	0.810754305020119	0.377507172296118	0.648191624037509
TAG46:2FA12:0	0.510922931614932	0.970009194056073	0.378228599964325	0.650937531118442
SM(22:1)	0.71973559538709	0.81123759171183	0.363990027560019	0.681234057348422
TAG48:1FA16:0	0.331587158322139	0.407620343985312	0.345771194838318	0.655308126095484
TAG56:3FA18:2	0.844627032602277	0.961031332840677	0.374981256592834	0.649251140947459
DAG(18:2/22:5)	0.593089831599959	0.836082945372549	0.374491455675057	0.654187587996043
TAG57:9FA22:6	0.912498225068876	0.936525291744968	0.373919389269946	0.650986908377037
PC(18:1/18:1)	0.855277005015895	0.80479631930333	0.437308030607765	0.635377949243788
TAG52:4FA22:4	0.563662630294443	0.504871627881882	0.338028967828502	0.670770226130556
PI(16:0/20:3)	0.476850459963258	0.36399277465566	0.545573156566732	0.614713748017903
TAG50:2FA20:2	0.519459759213535	0.410848250196552	0.352310786693391	0.630715250305249
TAG58:10FA22:6	0.11359122529347	0.374388511706829	0.399254164019564	0.716551639866671
TAG54:4FA22:1	0.16032436792433	0.126136735136136	0.372246095329686	0.679329520972804
TAG42:0FA14:0	0.504974368863416	0.999646551447318	0.377887961577305	0.649931305112519
TAG47:0FA17:0	0.638278715236105	0.427140959420153	0.334474852657575	0.648527579147737
TAG48:2FA16:1	0.302469704906257	0.841126971855227	0.377484188594883	0.645403275023126
TAG54:3FA20:2	0.79510081803837	0.898659747427936	0.379092374453593	0.658036344106894
TAG42:1FA16:1	0.73962802879737	0.498857329323215	0.344484928476017	0.63686171102439
FFA(18:4)	0.170228996956316	0.183301357597835	0.553222019182476	0.628206527833879
DAG(16:0/22:6)	0.888284354563684	0.943678498852016	0.376091112241939	0.657476250165181
SM(14:0)	0.658827976077462	0.958512269669893	0.386605292077043	0.668090719687092
TAG47:1FA16:1	0.367604637951196	0.587174379170483	0.366088990957729	0.642643546176946
TAG51:4FA15:0	0.559990304128426	0.81547942486129	0.376850439442007	0.65723028785122
TAG47:2FA16:1	0.319417717064331	0.686650420238288	0.376549495895594	0.632444249580076
PC(16:0/22:6)	0.338071485375922	0.547708570347071	0.33200544397166	0.771785290840764
LPC(17:0)	0.143723052413645	0.270749932889651	0.324935698564589	0.693093538096431
TAG55:3FA18:1	0.447255518500562	0.81038887230133	0.390847312493717	0.648406575568446
TAG46:3FA18:2	0.810828759373146	0.645497527845159	0.358091841477308	0.648375909782337
TAG53:1FA17:0	0.503789706648858	0.249718623561919	0.321272706260658	0.628594741756183
HCER(24:0)	0.509018454891003	0.588816899169599	0.334043396480455	0.714234519126708
TAG53:6FA20:4	0.50107032076464	0.879793017469793	0.373939958266721	0.645365157191399
TAG54:3FA18:2	0.369408757903725	0.41999396088347	0.382390438958368	0.665753485812598
TAG48:5FA18:3	0.082088029579294	0.283288691492046	0.399588508652089	0.640669465117508
TAG50:2FA14:1	0.248484304121575	0.151340722107057	0.319681034616362	0.61939220890299
TAG52:4FA22:1	0.340540428896854	0.175814230619279	0.339053495237733	0.711143296812069
TAG52:1FA16:0	0.851167026690572	0.866306604890917	0.36933520661642	0.64788919709423
TAG54:4FA16:1	0.615998163225477	0.517256257210174	0.350116513118994	0.711951201408652
TAG48:4FA12:0	0.14275474357433	0.468735429787067	0.392898231798317	0.660140985269009
TAG58:7FA16:0	0.715835296244916	0.458468829003523	0.358007812387965	0.667673091519142
TAG51:2FA16:0	0.357771981723727	0.522938213193753	0.366848010171597	0.638405910142579
TAG56:6FA18:3	0.31588403805915	0.511563334789896	0.354506135757149	0.673981248098976
LCER(16:0)	0.773774441928752	0.840736404142846	0.394705123793078	0.663941741070092
TAG52:6FA18:2	0.173211156701168	0.0764816959475852	0.315092482816578	0.734804622043878
DCER(22:2)	0.827470390358709	0.703150253443551	0.408018646808246	0.599534154537832
DAG(18:0/18:3)	0.792608134671394	0.925029305589283	0.375397375846569	0.650369958974498
TAG48:2FA18:2	0.859485871504751	0.607852167051701	0.36458439507635	0.64534501098026
LPC(20:1)	0.254251580536016	0.138509701809186	0.303527583584159	0.644213814512627
TAG54:8FA20:5	0.181259695121778	0.347095771093144	0.407855765614754	0.713032928491845
FFA(22:0)	0.93005466535776	0.988084738027578	0.376096382475825	0.649297467788056
TAG53:1FA18:1	0.945959482934679	0.545582544820751	0.34192167214447	0.641148628618689
TAG55:6FA20:3	0.952648183910691	0.868838766305803	0.38329041811937	0.647660564411014
TAG51:4FA18:3	0.804080607476599	0.509575200237177	0.376455551950963	0.669533434153072
TAG58:10FA22:5	0.138032803757802	0.403492248001751	0.399075557977175	0.682540740823746
CE(20:0)	0.121870669209039	0.744644821291877	0.361640675413252	0.641390787910922
FFA(14:1)	0.750861932059472	0.930277067126651	0.386918523401687	0.650198907825119
TAG48:1FA16:1	0.314267462156669	0.711334349191163	0.368223000256309	0.658400496270057
TAG53:2FA18:0	0.537194270571432	0.335061475143553	0.350344646676751	0.641108265270443
TAG54:6FA18:2	0.0953227947405298	0.250340368817739	0.34879770401463	0.587376693295242
FFA(12:0)	0.467980521421957	0.84814879870115	0.373351068297575	0.673374768145834
TAG51:1FA18:0	0.321352460652127	0.139773633535794	0.301998410367907	0.632798449257656
DAG(18:1/22:6)	0.432849018270042	0.841241124802875	0.376321089271798	0.671463791748952
DAG(18:1/20:3)	0.553242484285386	0.499513189070664	0.362444073570577	0.629827654658466
CE(20:3)	0.180357340017985	0.137131795081217	0.62527076099747	0.645021105629575
TAG36:0FA12:0	0.320135135403563	0.618338924471005	0.374703918059716	0.672688889728913
TAG53:2FA18:2	0.991677288114787	0.607934628133527	0.36467609604102	0.65001019358188
TAG53:1FA16:0	0.566548303276135	0.953272219730672	0.382614461515144	0.648794653392859
DAG(16:0/18:3)	0.871564458128658	0.540809606833377	0.373074970341634	0.637453003557176
PC(18:2/22:6)	0.631976259703089	0.325584270960307	0.502914662227043	0.552832946539241
PC(16:0/20:5)	0.164931966735966	0.828532347089353	0.371754006571235	0.681042581094869
TAG47:2FA14:0	0.614826522066118	0.364374717526591	0.349524495003312	0.627035989428533
PE(18:0/22:6)	0.77858009800023	0.898700048589696	0.375187219614274	0.690468105974434
HCER(24:1)	0.394765469586256	0.345321563827717	0.305074573494337	0.707649495732759
PI(18:0/16:0)	0.785469377252159	0.636211442772318	0.337777371007575	0.606219737870415
TAG53:4FA18:2	0.733985075972066	0.924556589024233	0.374390076369796	0.652657594372961
TAG54:5FA16:1	0.898775173100954	0.692695827853744	0.368745913704942	0.673940696865204
PE(16:0/20:4)	0.717665543871923	0.733801153616002	0.35193243347273	0.697883905904296
TAG52:1FA18:0	0.823284141453954	0.776251929077831	0.361572890140149	0.648772620526529
PI(18:1/18:1)	0.403735127985787	0.155549955501429	0.499548403516195	0.797880470817156
TAG54:5FA20:4	0.522997560412491	0.826211931467788	0.365574413234435	0.653154028148339
DAG(18:1/18:2)	0.690759007263416	0.56393584230999	0.358885740836369	0.674707281981077
TAG56:8FA18:2	0.278583174574856	0.500490672364173	0.382733697350327	0.687910605047116
TAG56:8FA18:1	0.121349864660779	0.365520670835632	0.413448806193656	0.715290141462954
TAG46:1FA16:1	0.319619574517426	0.48728954050407	0.356828226077551	0.647061778826136
TAG53:5FA18:3	0.436340173356018	0.287171324633362	0.34865267759835	0.679369810861234
DAG(18:0/18:1)	0.801931127077267	0.959369500515338	0.375085117518627	0.647714179228081
TAG42:1FA14:0	0.756859406518465	0.409024065546363	0.328349301885344	0.627598491029074
DAG(16:0/18:0)	0.376846348339041	0.331731984673935	0.328555280805734	0.653250726639283
TAG46:2FA16:1	0.495658640460363	0.696696695668338	0.374432797753219	0.633547884219481
TAG56:7FA16:1	0.330188441740712	0.189745394777612	0.349815360833238	0.786549661285964
PC(18:0/22:5)	0.494763273959962	0.548514127065518	0.515468983191188	0.596125983283498
TAG47:1FA17:0	0.62921357053884	0.267277166566308	0.334766935898432	0.62328620266585
TAG49:0FA17:0	0.523470743400871	0.548827857629423	0.347105269616329	0.655907142373909
PC(18:0/22:4)	0.187070258804057	0.162004513487061	0.501881323348416	0.826924221456172
TAG54:8FA22:6	0.382117028584463	0.485270731702346	0.387003227353371	0.705325036386138
LCER(20:0)	0.859434029182416	0.883964461802111	0.370033679665805	0.652900560495509
TAG44:1FA14:0	0.839367600498405	0.658417619480312	0.357309144907905	0.631617525987913
TAG50:3FA20:3	0.266851348675931	0.240226398026516	0.3242268205041	0.645895779130092
TAG54:5FA18:0	0.121041412383075	0.240863475608106	0.348524084758472	0.627464116286598
TAG48:1FA14:0	0.457237451257144	0.326225889309459	0.335145208467749	0.635796147916586
TAG40:0FA12:0	0.31419859499966	0.712352163874465	0.391945861220647	0.664767978898891
DAG(16:0/20:4)	0.234815849034909	0.177140493025501	0.352879523361842	0.683651491582447
TAG52:6FA16:1	0.240994507157162	0.0668036267356528	0.292305956321148	0.756536946580652
TAG54:0FA16:0	0.288773178297382	0.0347151026296751	0.264524000388071	0.592536195299612
CE(22:1)	0.283866788255015	0.515990263996053	0.308034924747565	0.701958648479408
DAG(16:0/20:3)	0.222327509413258	0.193963926570683	0.364666319138022	0.654166174323433
TAG52:4FA20:3	0.410428157308034	0.769410100835714	0.368908749260761	0.646069220781958
TAG51:3FA16:1	0.518807526743349	0.912542363698817	0.373443213030416	0.659082951376305
TAG52:3FA20:0	0.607028837798117	0.441097686635016	0.375417747843232	0.66772327655856
TAG47:1FA18:1	0.423414749140194	0.198648421746557	0.320097528189586	0.610400605752279
TAG53:3FA17:0	0.945866787168661	0.843921681626261	0.379127914665698	0.63881739747822
TAG54:7FA20:5	0.179748240177571	0.340948932302936	0.420094668592951	0.712666739984028
TAG56:6FA20:5	0.177886218165603	0.643860961441055	0.400072715451216	0.692613602264582
TAG50:0FA18:0	0.710747043586023	0.679573473649682	0.351635033944532	0.654775302557988
TAG50:4FA18:1	0.659219210303261	0.603869936751764	0.369464941824772	0.673097095014978
PE(18:1/22:5)	0.384069059401306	0.944074440760181	0.40414616172398	0.645577164677366
TAG46:2FA18:1	0.754471386293826	0.364339161466071	0.326811134577231	0.626638288289637
TAG47:1FA14:0	0.390846689013323	0.266899700513802	0.32723507609188	0.619744093287539
PC(18:0/18:1)	0.559883256408343	0.413210636479674	0.550089940023952	0.585177146014802
TAG50:0FA16:0	0.635375713586033	0.675811622149278	0.352454632381624	0.659701952324602
TAG54:6FA22:6	0.952196494150262	0.900055233754132	0.379226637880654	0.658800393394345
TAG56:7FA20:4	0.669583088076031	0.983216022539371	0.376695707006383	0.650331191090713
TAG52:4FA16:0	0.384714893820901	0.345693973991492	0.357822948936683	0.656745588156733
TAG42:1FA16:0	0.67418094292029	0.415525494876684	0.32237790168166	0.660984371893018
LPC(22:6)	0.0672986568510948	0.0985080579651309	0.433756863694562	0.757322861767036
PI(18:0/20:2)	0.662368752303511	0.8598625316346	0.43073113968366	0.630325825233457
TAG52:2FA18:1	0.908532548069095	0.766139840185164	0.382581104173543	0.663678710683896
TAG52:3FA16:1	0.67620901885227	0.279556629768113	0.339230035460044	0.739129205580202
TAG51:3FA18:3	0.981634602284868	0.942322500512334	0.376192750286272	0.649488009415378
TAG52:7FA18:1	0.935255180992074	0.874173475875353	0.370676085475554	0.645711161765832
DAG(18:1/22:5)	0.52953925642627	0.58450166775043	0.375849055949919	0.687139230266662
TAG56:5FA20:2	0.288145854708197	0.525152484592662	0.349983485480256	0.712983623912847
TAG46:1FA18:0	0.715213919200744	0.206584544416432	0.292672170110375	0.639783553086574
TAG56:5FA20:4	0.633106210147017	0.839631730713497	0.384347654103552	0.65946516689252
TAG56:2FA20:0	0.611449791054475	0.822771304013694	0.387750957069457	0.65426895300031
DAG(18:0/18:2)	0.934605050819437	0.979158301809205	0.376471818024959	0.649234111940183
DAG(16:0/20:5)	0.777725335487678	0.372553331500469	0.356627189243554	0.624810075980051
PC(18:1/20:3)	0.134261652577356	0.154091768966831	0.714370567958822	0.596384787261069
DAG(14:1/16:0)	0.684676473351327	0.487872828067906	0.351444598306732	0.697067763987569
TAG48:5FA18:2	0.0929530560740784	0.366409390306115	0.397936377934291	0.638260346851725
TAG54:3FA18:0	0.322665425136483	0.342186006171542	0.380330579597034	0.671611163451935
TAG49:3FA16:0	0.826804755927305	0.878310962085114	0.37627047666157	0.650627301277722
TAG49:3FA16:1	0.649686400151824	0.753642936318534	0.36701579843495	0.671232173355907
FFA(20:0)	0.45284638824656	0.758153189768483	0.361706757811346	0.672456302642656
PE(P18:1/18:1)	0.818329834085337	0.139176770867419	0.582568185932353	0.520395989364767
TAG54:8FA20:4	0.462599053283605	0.839783072510728	0.376018058733825	0.65361985825546
CE(14:1)	0.197006916601241	0.0676645406356795	0.517308827861248	0.613970320412175
SM(20:1)	0.372600163048109	0.215273167185894	0.171359120125672	0.838826265333393
TAG51:0FA16:0	0.821426170725784	0.626735387408887	0.348652496973035	0.653949211946123
DCER(16:0)	0.0476670951792189	0.0711502561679163	0.519691064979626	0.576380810089042
TAG56:6FA18:0	0.412595308192168	0.678024915658676	0.382982498452624	0.673631322706872
TAG48:4FA18:1	0.15506867884139	0.457723471075931	0.404556445594386	0.665707043552434
TAG50:1FA16:0	0.513492773361488	0.717096629256428	0.362463975010988	0.659079433831494
TAG52:5FA14:0	0.532934443324901	0.524649727596008	0.355603437690714	0.63266162663393
PE(P16:0/18:2)	0.362210606956212	0.944050851613015	0.396567161761651	0.645912327369867
PE(P18:0/20:5)	0.382881939969231	0.551203111579234	0.38761291397971	0.576054390389047
CE(18:0)	0.481783967274937	0.398214929813454	0.483630714676497	0.627697352379136
PI(18:0/20:4)	0.914545355330372	0.789058898619617	0.356708589598219	0.660961417368348
TAG49:1FA14:0	0.391402510071639	0.189789068156054	0.324684263268843	0.613913883435407
PE(O16:0/20:4)	0.746209720397461	0.642649410174473	0.39201465157556	0.639636553186584
TAG53:3FA18:0	0.57308285289636	0.609332208921991	0.391954463345796	0.638077517459769
TAG56:5FA20:3	0.939697327916744	0.884490030892196	0.377801211050583	0.65777522703101
TAG48:0FA14:0	0.631941072523458	0.402801887613829	0.32983082279634	0.637428745523733
FFA(17:0)	0.0386257467672826	0.19064608674717	0.512746823964111	0.634451366839616
TAG50:5FA20:5	0.995699054441282	0.581619083661058	0.347058755749168	0.630894872506043
PC(16:0/14:0)	0.185232172697624	0.0585198061323458	0.620243967681635	0.452157373210999
TAG48:2FA18:0	0.326138190975185	0.840346008178069	0.386731497122184	0.653310760374692
TAG50:5FA18:2	0.431098758568055	0.580610537992596	0.366730864775684	0.64776554412329
TAG52:7FA20:5	0.439332815385634	0.89717428368025	0.382945239678284	0.657298388368879
TAG48:1FA18:0	0.626010730119412	0.804167922586784	0.364696085254583	0.641836616704422
TAG56:6FA22:4	0.780575506406166	0.890530524780446	0.384258723069548	0.64567351954094
TAG52:2FA16:1	0.764627207185944	0.770511067390683	0.371926377202483	0.668251163589336
TAG49:0FA15:0	0.355698749414898	0.214631806359785	0.310800256778867	0.64508505803666
TAG46:1FA12:0	0.687949242367025	0.794088912237432	0.365779095696294	0.640387462908944
TAG51:3FA15:0	0.882977388889201	0.988027462634503	0.376771250064025	0.651105139640143
TAG54:7FA18:3	0.0494403277467152	0.182515233219424	0.344660210644158	0.581966740843703
TAG57:2FA18:1	0.11065792443817	0.34293600487089	0.417454556643971	0.730596651190828
PC(16:0/20:1)	0.310311090846301	0.432298798312195	0.408511864051311	0.606256108456771
TAG38:0FA12:0	0.374133865404894	0.646446980834186	0.376174054886666	0.67070215281412
TAG49:0FA18:0	0.476087085998711	0.266157227309262	0.314526329199652	0.638462368368671
TAG51:2FA16:1	0.34188628294089	0.699357518316462	0.37961793461434	0.628972386796233
TAG54:3FA18:1	0.180134907135524	0.15320052572119	0.420766245170842	0.709937405105928
TAG54:3FA20:3	0.506205835044574	0.725255086901314	0.361200821219981	0.644107661124009
TAG58:7FA18:0	0.286531967923027	0.522428534902542	0.386455925592044	0.707417295489296
DCER(24:1)	0.378806124701254	0.479258432799794	0.447811467942621	0.57346744402309
DAG(16:1/18:1)	0.783985126729284	0.839860324248158	0.37184773174036	0.661130955472955
LPE(20:1)	0.550958214882727	0.563448595576241	0.378155276581951	0.671577753119819
DAG(14:0/14:0)	0.4930196285163	0.278770070950991	0.322872107247265	0.616045453685864
TAG48:2FA14:1	0.15726310157276	0.309108279842203	0.346977749119123	0.636654644716925
TAG56:9FA18:3	0.340390092693345	0.269155529792554	0.376550996755838	0.695651596684278
PE(18:0/18:0)	0.456035066155042	0.974500713160191	0.380715444653114	0.663951472783092
TAG50:3FA16:1	0.754028882517055	0.458782504763244	0.346937999355894	0.683781163401332
TAG51:1FA18:1	0.353332541986328	0.279060466500159	0.330010783620997	0.635368461362354
TAG52:1FA18:1	0.884096397192007	0.951561911687433	0.374975211284775	0.648488565390025
PI(18:0/18:2)	0.983134915178373	0.830592731209717	0.42814550490457	0.664795604326377
TAG49:1FA15:0	0.33483572804733	0.25262257204046	0.32459246174746	0.641252560577588
PE(P18:1/20:4)	0.686174077773861	0.833399803542472	0.37004722945479	0.650855494413364
TAG51:0FA17:0	0.432485268826055	0.325862091001631	0.325113529048567	0.652468950740848
TAG48:3FA16:0	0.586426715528236	0.757057212823022	0.372869868548984	0.64694747454404
CE(12:0)	0.491793456687299	0.47066838091774	0.460115310825748	0.598696360976977
TAG53:1FA18:0	0.516395296400616	0.223097941041625	0.31091249183044	0.647111797753549
CE(18:1)	0.957681833233886	0.600586371138616	0.447014569758513	0.623333914101736
PE(P18:0/20:4)	0.593204174534251	0.510135544961944	0.351367779579292	0.690260344870268
TAG54:3FA18:3	0.874198433690494	0.361962609006866	0.36586239563728	0.617259150304002
TAG54:4FA18:1	0.11692459607796	0.101760900532874	0.384250776428434	0.683318769362935
TAG58:8FA20:4	0.296067435109312	0.297023192468512	0.335179614928221	0.655204961323459
PE(18:0/22:4)	0.538771727161732	0.804309556566972	0.368967405511792	0.648959317982544
TAG44:2FA18:1	0.839263039550867	0.360895340964758	0.308188258981412	0.657517900790809
PE(16:0/20:3)	0.0320732010791485	0.0689332772501928	0.683700684039459	0.476828639721926
TAG46:2FA14:0	0.759948507474551	0.511346277539845	0.358755020649287	0.630348767100319
PE(18:2/16:1)	0.326598375593786	0.886310278726925	0.400212580635289	0.636809190170307
TAG56:4FA16:0	0.505120859388816	0.686011658861789	0.36128593073146	0.647094970810906
DAG(18:1/20:4)	0.369688779187634	0.386628783722204	0.354350131065154	0.653559260946895
TAG52:3FA18:0	0.744124666925031	0.511060040086796	0.361591806264979	0.668528611391378
TAG58:10FA20:5	0.521100672639521	0.734102993731918	0.371144335307926	0.626641634372126
PC(18:0/18:3)	0.984024254432245	0.745404488144077	0.346041305760422	0.669708060001446
TAG55:7FA18:1	0.781779230419974	0.69235160301349	0.355036079011169	0.637149811283709
TAG60:11FA22:5	0.560585773306893	0.988005997286809	0.376658217928255	0.649866311199206
DAG(18:2/20:3)	0.431975043716579	0.343043027860313	0.381579881234463	0.626229577917707
TAG40:0FA16:0	0.335554704264145	0.779923095998711	0.3952806707115	0.658171589003621
TAG54:5FA16:0	0.725203404245879	0.991001005692369	0.377171643330382	0.649394303418269
TAG58:6FA22:4	0.911278075750097	0.64851229014912	0.400207717361155	0.65339740434299
TAG56:4FA18:2	0.305246795323868	0.458573980575717	0.378638054138177	0.664749797668256
PE(O16:0/22:5)	0.959772594188711	0.452684163386897	0.458572142345377	0.606403619096382
PE(O18:0/22:6)	0.351292788782835	0.827841182370081	0.36477389472696	0.691992511501651
SM(18:1)	0.878721743419764	0.641177234475393	0.320238300876024	0.706513500500891
TAG51:5FA18:3	0.363335093687109	0.243809387838454	0.359762218993724	0.680677988388657
TAG54:6FA22:5	0.925508176475224	0.74134720127311	0.384294152727779	0.658334639035443
TAG56:4FA18:0	0.952899226037531	0.867804752342574	0.377374524104078	0.663220868147908
TAG51:3FA18:1	0.9254492490553	0.971664635149576	0.376400126289594	0.64850394522753
LPC(18:0)	0.148257192115028	0.0259163858906131	0.157015718924195	0.641313726425274
FFA(20:5)	0.960661595347736	0.517737682423295	0.376904699339957	0.63150854975776
TAG54:6FA18:1	0.0325279531115849	0.0763948660126367	0.343284031689649	0.656220449226859
TAG52:6FA18:1	0.212716946471048	0.176746389845677	0.394859616205423	0.754992677457685
PC(18:2/20:2)	0.0502476457697669	0.071033069102738	0.157902008505312	0.860763075427015
PC(16:0/22:5)	0.437367850667543	0.542476384081661	0.309545355335775	0.734261581874535
TAG45:1FA15:0	0.54790003604977	0.329571197797702	0.341639825897938	0.621776579785175
TAG50:3FA18:3	0.869211982829974	0.630064336313414	0.379042822547701	0.634215741952562
TAG48:1FA12:0	0.473531556742496	0.975198072063144	0.376292209973278	0.648628237455873
TAG52:6FA20:5	0.757623922358536	0.94622618820963	0.381312152725255	0.653181365216271
TAG53:5FA20:4	0.320878853102977	0.528247689256169	0.355184274745517	0.639647557752413
CE(20:4)	0.465121695989755	0.756217288263294	0.366367990346027	0.641186246044686
CER(22:1)	0.14551360802194	0.572789645074077	0.501924257595176	0.578175567000592
MAG(18:0)	0.200447289210728	0.0208254021795256	0.346014744782004	0.767448779061321
TAG48:3FA18:3	0.883395196640681	0.961415335238591	0.374986703438168	0.649494908862057
FFA(18:0)	0.494531381741241	0.8716344070333	0.375033682158213	0.651104451154612
TAG52:4FA18:2	0.345506901132048	0.256183802764721	0.340265446865926	0.674720715896316
TAG42:1FA18:1	0.418198610785628	0.987018776748944	0.380846320644024	0.650069681026429
TAG60:10FA22:5	0.505618259187459	0.775066183891027	0.381673351126589	0.663226245626226
DCER(26:0)	0.617608037363063	0.526324547839355	0.379581172801357	0.670727965588009
LCER(18:0)	0.741354110967739	0.517972477899239	0.305414731761591	0.697201265880172
TAG42:0FA12:0	0.34500865841235	0.844433541165609	0.383855712473884	0.658761838909169
TAG51:3FA17:0	0.587042335965376	0.931611652481087	0.381367348318065	0.645666176400614
TAG52:6FA16:0	0.306303706432131	0.101400101276962	0.379044377153908	0.667241525451901
CE(22:4)	0.691227080907629	0.624605727888519	0.422642055291283	0.662547204317689
TAG48:4FA14:1	0.539488217358564	0.729186122273871	0.365537595329014	0.667584301641184
TAG50:3FA18:1	0.922579626129649	0.878572603460156	0.374600425651093	0.659187027640737
TAG53:4FA17:0	0.717875143979544	0.948043500756712	0.378589474032947	0.647588599118097
PC(16:0/20:4)	0.478704035241563	0.685923403377971	0.365980021561916	0.647510919047321
TAG44:1FA18:1	0.86523272970835	0.510702754457233	0.336424809732817	0.635206031731684
TAG48:0FA16:0	0.693085495874146	0.858379958665941	0.368259814975547	0.657103521792894
DAG(16:1/20:4)	0.239035320942688	0.469622520527016	0.370351613741536	0.655346962308755
PC(17:0/18:2)	0.326847054944174	0.837242254278109	0.446617360448233	0.626753071820414
TAG54:4FA18:2	0.133400180182475	0.141997143063914	0.367523425784646	0.668210497219324
TAG50:0FA14:0	0.734787056817824	0.243513812078807	0.303613077395641	0.61560681263609
TAG58:7FA20:4	0.562047802473764	0.471341577716669	0.359509041102749	0.621829077269567
TAG52:4FA18:3	0.339152546616275	0.139244604993464	0.371366103542565	0.670141554068014
FFA(16:1)	0.987810247073566	0.632295388247291	0.342775626732819	0.694225795598317
TAG51:3FA16:0	0.589315219327268	0.747650654228395	0.376522901313114	0.646199375213965
TAG50:4FA18:3	0.775803925336887	0.314285509658856	0.357035595423916	0.680844384971934
TAG54:4FA20:3	0.647117575899672	0.817103523620675	0.367333016070975	0.644111191684559
PE(O18:0/18:2)	0.56730111355906	0.999439276110372	0.395540924328423	0.653227212838439
PC(18:1/20:2)	0.645276637944742	0.973717504163999	0.408262602991871	0.648616569584779
TAG49:2FA18:1	0.464419963356474	0.551971693722392	0.368684814946573	0.616121530708139
PC(18:1/20:4)	0.878495129983323	0.824936817574084	0.395854048282007	0.654644685090568
TAG47:0FA14:0	0.63757189211322	0.464619363763997	0.340018121809827	0.6376359055132
TAG52:8FA18:2	0.942986681525152	0.965404970127193	0.375611319526439	0.649058649814074
FFA(22:6)	0.649396581810139	0.957806496709687	0.375274276655308	0.647235157313864
TAG47:2FA15:0	0.613105941661154	0.4622180322217	0.357764494244712	0.628118741468137
TAG48:2FA18:1	0.865734535073323	0.860456530740295	0.370604601497479	0.641334107947972
TAG55:4FA18:1	0.420191759242602	0.632518133436425	0.395046581433662	0.639574550626666
TAG52:3FA14:0	0.890036433764375	0.596210355576605	0.374195335083565	0.615923255325699
TAG46:2FA16:0	0.538799533529124	0.980875878482222	0.378426993329398	0.650028844206699
TAG54:4FA20:2	0.64822536115576	0.76890551409275	0.370950969022154	0.6741987279656
TAG48:4FA20:4	0.920431612573003	0.680573679134731	0.356968941983742	0.636721310727194
TAG56:3FA18:1	0.37899640417231	0.531541595724177	0.399353980049099	0.673632122839878
TAG54:7FA22:6	0.803789074379347	0.691828514281863	0.376476817845519	0.68466000294727
TAG49:3FA18:2	0.60644364946219	0.782144798099673	0.381306940243168	0.637261959222854
TAG52:3FA16:0	0.644510348312091	0.430708290438061	0.371345346052	0.677384797507597
TAG54:8FA18:2	0.0603771349775553	0.176721100698272	0.365477934994807	0.62723126651573
TAG54:6FA18:3	0.0475229738970193	0.10219497814452	0.332140968741226	0.633782336781279
TAG56:8FA22:6	0.251301912706062	0.494161006959362	0.389915885402651	0.705095599518346
TAG58:8FA18:1	0.081984614866927	0.224626442862079	0.426734408013395	0.76076296855382
TAG55:7FA22:6	0.56049574324398	0.88362385619597	0.378523027801461	0.669308242637435
DAG(14:0/18:3)	0.651051760846642	0.681057414222273	0.372198688743276	0.660432382558164
PC(16:0/22:4)	0.701690541147546	0.598950004605144	0.410428798360986	0.680457177869266
TAG56:9FA20:4	0.947715185248472	0.873754052357373	0.376112296338132	0.648229170646201
TAG57:8FA22:6	0.246462555104876	0.514112142272015	0.384268408329836	0.70300553015877
TAG56:2FA18:0	0.877928814032868	0.93236412052717	0.373672151839842	0.647437556398728
PC(17:0/20:4)	0.2072620751431	0.928511158569234	0.374461096679589	0.655222714742596
LPC(20:2)	0.154691952512417	0.079147545420511	0.266249516602728	0.579810175983784
TAG45:1FA18:1	0.622260878825814	0.300296672721646	0.324052488476757	0.625557633854542
TAG52:5FA20:4	0.302587227552063	0.718524048837047	0.362367630097067	0.656857208430515
PE(18:1/18:1)	0.590432567131142	0.560967428237647	0.380741787574315	0.655981956398778
PE(P18:1/22:6)	0.7025068793395	0.721890748630852	0.347920077851097	0.73955844718103
PI(16:0/20:4)	0.338269317672457	0.708982609635327	0.44334228580008	0.656086949022552
TAG49:3FA15:0	0.774696536097959	0.907093374478208	0.374601995265746	0.654843251329947
TAG51:2FA18:0	0.75161507033566	0.511370455174429	0.353604668529087	0.650625740367613
LPE(20:4)	0.978769695962527	0.770572956901892	0.373916116675182	0.615614492716329
TAG44:2FA12:0	0.48493492740254	0.90904690815838	0.372812938691737	0.646216868808134
TAG56:1FA16:0	0.412614374267575	0.291920782298245	0.320984319762072	0.632948542886967
MAG(15:0)	0.283477772772471	0.728079428866024	0.384791653740229	0.654194579351788
DAG(16:0/18:2)	0.834982549901063	0.729521834102139	0.37263805369737	0.645076335532966
HCER(20:0)	0.0477322822734659	0.0914748678879332	0.219641902216968	0.789405903589946
LCER(24:0)	0.775839207291813	0.999432924777643	0.38306070731733	0.650003092791522
TAG49:0FA16:0	0.497521427381596	0.464108568901416	0.338640925846626	0.658459754976386
TAG50:3FA18:2	0.917337182703551	0.737504651149728	0.368541024585106	0.664511503218271
TAG55:7FA20:4	0.972889415652694	0.678902092202273	0.391869938139014	0.631780366791546
HCER(22:0)	0.297074304163239	0.431357286106928	0.315842215764296	0.701189457767536
TAG58:7FA22:5	0.188850845540617	0.286210196797335	0.416597195834215	0.720748985947153
FFA(22:2)	0.884522903021963	0.962190043500397	0.375948680437629	0.647769688104414
TAG44:1FA12:0	0.850856107087337	0.625163518523727	0.358627372800113	0.628120840933206
TAG46:0FA12:0	0.486136506575969	0.956235882729036	0.37548682643963	0.647823673564888
TAG52:6FA14:0	0.851244575405373	0.905260925578924	0.373617519227083	0.644707512094278
TAG51:2FA17:0	0.452265558815303	0.54202045623343	0.375304867816507	0.64076875830111
TAG56:3FA20:0	0.536941749533593	0.754894695933955	0.384807998009272	0.648880610134468
PE(P16:0/20:3)	0.222528438284978	0.138180078119443	0.557467023652284	0.486503871602609
PI(18:1/20:4)	0.257717507861616	0.750521414618787	0.425825407602863	0.664285685658227
DAG(12:0/18:2)	0.391260353819503	0.729118630207611	0.387082954350646	0.650279497576281
TAG52:2FA16:0	0.975460501754072	0.712827434701545	0.382668427007202	0.6634499656159
TAG52:3FA20:1	0.925376939827908	0.863391589476785	0.376741916904305	0.64075203879654
PE(P16:0/22:6)	0.264395648407474	0.283245508231337	0.284082706604662	0.897813628959228
TAG56:5FA22:4	0.607668605625443	0.937846331048502	0.374306549341863	0.651931599915612
TAG56:9FA22:6	0.234187881737771	0.441991836127089	0.384921788467064	0.707882235424027
TAG55:7FA20:3	0.67107634764188	0.862721728214936	0.385943437441516	0.648014322506769
TAG50:5FA16:0	0.951651889154648	0.445998771341082	0.391480109579303	0.676349480690863
TAG56:3FA16:0	0.565689527830125	0.433477510016294	0.357613974409798	0.634301760388734
MAG(18:1)	0.371053268895126	0.784896225645809	0.385725088467595	0.681054508134642
PC(18:1/18:2)	0.712423068255735	0.712037732904383	0.497790969857779	0.632308106008785
TAG56:6FA22:5	0.376689459543792	0.482789490516777	0.396233323783871	0.687464189104587
TAG57:3FA18:2	0.119110449157615	0.401213119520925	0.397380295492284	0.703271541546246
LCER(18:1)	0.996691989330892	0.774775778389334	0.389371023253575	0.642312416022386
TAG52:8FA16:1	0.375621769910492	0.445019621807896	0.360687733867606	0.63314084874294
TAG58:8FA22:6	0.123873724705989	0.303005131794278	0.414817080665907	0.745205350726709
TAG50:3FA16:0	0.823249282386957	0.522974948015858	0.357441531425243	0.660357530757708
FFA(24:1)	0.334405663883215	0.498794110487073	0.353122892674079	0.657006102676519
TAG55:7FA15:0	0.522437555451131	0.97491764213779	0.377241535226914	0.649903337785059
DAG(16:1/18:3)	0.600317406856529	0.820853234229234	0.37320641579983	0.652885655617189
CER(20:0)	0.660818121141229	0.917468943842488	0.376149454250693	0.670541293729081
PC(18:2/20:5)	0.354151205449485	0.807044256237073	0.390344575773934	0.628858937039076
TAG52:5FA18:3	0.238471149972189	0.0862542402382214	0.332011462628407	0.648648777469015
TAG51:0FA18:0	0.537043129930691	0.319475879834543	0.316637642236271	0.651261001011606
TAG55:3FA18:2	0.305964074492182	0.731090242893324	0.388954356214079	0.641191181070889
TAG42:2FA18:2	0.275507288029885	0.809989899192107	0.39452299643502	0.653103655711987
PC(14:0/18:2)	0.779958274404843	0.547845324015386	0.546451317640025	0.582805539318335
TAG50:3FA14:0	0.816897894257674	0.998235160636912	0.376442316855807	0.650335407929246
TAG54:5FA20:2	0.437328134240158	0.460338884735709	0.347028050895675	0.70786179581202
FFA(20:3)	0.893186293132293	0.91569045302195	0.375715232290898	0.643940285727401
TAG56:6FA16:0	0.416259315536205	0.424239351786145	0.38692762198605	0.691376329692459
PI(16:0/18:1)	0.273176649821038	0.164175192456405	0.522592417711787	0.755933944966573
TAG52:3FA18:3	0.464660505814633	0.332859014010143	0.381524358611877	0.646124776116499
TAG58:10FA18:2	0.166956674081219	0.459669515427407	0.394248979658239	0.696115677356866
LPC(16:0)	0.0322222944297113	0.0081698881653797	0.233782733062397	0.594871960638438
TAG44:2FA16:1	0.507601652036977	0.484654898707871	0.35874404757097	0.632484442522232
TAG56:10FA18:2	0.304896848804709	0.715000161080378	0.389257371153575	0.643265364929279
TAG56:5FA18:0	0.592397171039391	0.741244874241548	0.383004188031713	0.669508542433923
DAG(14:0/20:0)	0.0508839084305838	0.00119928530221346	0.673437424553713	0.531301448498157
TAG52:1FA20:1	0.472370729369001	0.4114228295276	0.334228300030093	0.654067924345788
CE(14:0)	0.68772525570598	0.201107994591588	0.578958510489829	0.527006746316922
DAG(18:1/22:4)	0.860065538750214	0.788816503931844	0.369822770041343	0.641617626253385
PC(18:0/20:3)	0.0266956109333595	0.0393257441369575	0.856345865826988	0.529989735122781
TAG54:2FA18:0	0.492681449785941	0.588740542051681	0.399662579764851	0.663151043432835
TAG56:7FA22:5	0.348119360222832	0.465658541217042	0.380641635568464	0.681355240501926
PE(18:0/20:3)	0.198622964795726	0.354653662586811	0.554048388702725	0.556593506110616
TAG51:1FA15:0	0.432817765137239	0.18005379085141	0.300598546206921	0.623528146352931
TAG58:7FA18:1	0.116319390062418	0.123975715690357	0.409244587415877	0.798662080664525
PI(18:0/20:3)	0.312421776850921	0.244016440056759	0.680189008341793	0.513241284797444
TAG51:4FA18:1	0.556174188508001	0.345732317849344	0.364935032335988	0.677154852879018
TAG52:6FA18:3	0.162475020909367	0.0554187093442988	0.290081459295973	0.686441976281566
TAG44:2FA14:0	0.413668115960343	0.999699405268362	0.377582113409302	0.649644649873979
TAG50:5FA14:1	0.987755838440797	0.903939883227162	0.378012748456997	0.649992486765174
TAG54:2FA18:2	0.704712247831696	0.851092937393639	0.379459971610726	0.651644397979757
TAG48:2FA16:0	0.493145727796475	0.575684092665312	0.364915900241014	0.647179727792747
TAG56:6FA20:2	0.304727467403321	0.632828252754072	0.353702300392797	0.683462562062708
TAG56:5FA18:2	0.319761419955115	0.521900886263842	0.356060874351816	0.686114331900987
CER(16:0)	0.39853967077743	0.468534010055464	0.477136926041518	0.54232501706437
PC(18:2/18:3)	0.801339461235777	0.974345493428981	0.381034727487932	0.650127739443487
TAG49:2FA18:2	0.528016071201416	0.346686662383824	0.355330282831399	0.646769744462921
TAG54:3FA20:1	0.704550142510845	0.806099836028191	0.377968728018787	0.663138337452178
TAG44:0FA18:0	0.668825849827897	0.590959253304861	0.381732364848024	0.649215719988618
TAG54:1FA18:0	0.597712059679576	0.857787012279933	0.388060914522576	0.654507619546512
FFA(20:1)	0.442081125852462	0.642842401566297	0.3926436488449	0.682763118598938
TAG48:4FA14:0	0.927574958223159	0.687805404881638	0.368488271314846	0.675546895717351
TAG48:3FA16:1	0.603308609600461	0.83083651232875	0.369185441839123	0.66457985652453
TAG49:3FA18:3	0.93872254602869	0.949554303123036	0.377199473673342	0.648936141574185
SM(18:0)	0.624683509667876	0.600461495632166	0.317438246294939	0.713975985743566
PE(P18:0/18:2)	0.507048510348529	0.980153720430346	0.392174561282089	0.660691835869707
TAG53:2FA16:0	0.93691290641901	0.69964603332152	0.358617127793783	0.655996938835612
PC(18:1/18:3)	0.99030341931138	0.722614424359313	0.34148066071856	0.675583143156574
TAG53:4FA20:4	0.314853460202544	0.312987476589591	0.337013557434172	0.647447290696554
TAG46:3FA16:0	0.432685508264594	0.82830838291912	0.387572161799139	0.650705614429672
LPC(18:1)	0.16385551040073	0.087373382814568	0.328435490631739	0.547524474745573
TAG50:2FA18:1	0.525870096455818	0.822205882859198	0.37523252001061	0.640513432263974
PI(18:0/18:1)	0.340209887017502	0.13578142784721	0.516583789442598	0.813540486413135
TAG48:1FA18:1	0.546354944291743	0.383949370676314	0.338614905926515	0.633020788581729
TAG54:4FA18:0	0.175688996657748	0.285824189901081	0.354512560681622	0.645683762497623
TAG54:6FA16:1	0.550408655535945	0.884470920085591	0.375009369432063	0.657705075931472
TAG56:6FA20:4	0.869477486313473	0.976854696508662	0.376821979769774	0.649176260524465
PC(20:0/20:4)	0.267517977628825	0.427365719417699	0.351494534295908	0.68433955205522
TAG54:1FA20:0	0.442213277282754	0.207081930856423	0.312911979931047	0.617918838986059
TAG44:2FA18:2	0.545258207518601	0.742077088109766	0.359811721906977	0.649158363113866
PC(18:0/20:5)	0.327190105237296	0.982303537445999	0.376313512282622	0.65656801617464
TAG58:7FA22:6	0.272338351863427	0.509135148506343	0.391989618757952	0.717088888801078
TAG52:3FA22:1	0.503432153815578	0.40768919796159	0.367121419221469	0.681570959213693
CE(16:1)	0.201460742616249	0.137466805858024	0.642531594564727	0.583390157853193
TAG54:2FA20:1	0.963978068275453	0.942189042302595	0.374728357438018	0.647168094737884
TAG44:1FA16:0	0.536509993853634	0.259890718177459	0.308740801384308	0.640571938652371
DAG(16:0/16:1)	0.544163650041077	0.78539165854916	0.373677382217507	0.643965964518156
TAG46:3FA14:1	0.339220847556841	0.433119453507665	0.363189024903868	0.62533711324845
TAG52:6FA20:4	0.361871377942141	0.748184160303414	0.36746001357926	0.649632047786021
CE(16:0)	0.475735170074129	0.913545602337419	0.374288903929802	0.656477544338299
PE(P18:0/20:3)	0.488824471272528	0.505032932648678	0.482146642030164	0.557581966506474
DAG(12:0/16:0)	0.543327491651895	0.841780308988652	0.36513614665079	0.659494279147437
TAG45:0FA14:0	0.747319799174265	0.640829581131669	0.352222738027688	0.642137350972917
FFA(18:2)	0.367616242786862	0.323864590713186	0.314973479119156	0.685984115525392
LPE(16:0)	0.199537572322677	0.0234437256470666	0.228374896583311	0.74025664833319
CE(20:1)	0.257286038673787	0.621257811419681	0.341328379933157	0.635877197555082
DCER(22:0)	0.187569069020033	0.0764783265877805	0.496602048877854	0.557382607968599
PC(14:0/18:1)	0.323803170877677	0.284177728639544	0.576816151651867	0.522312821547857
PE(18:1/22:6)	0.5180032032045	0.285713918745054	0.257960117041601	0.930026417503485
TAG48:4FA16:0	0.83500656816034	0.805028282939841	0.379038999389959	0.654669850107686
TAG54:2FA16:0	0.93965387908595	0.811883850783092	0.36613362950972	0.641882011371992
TAG58:9FA18:2	0.0995012321004612	0.302132594957069	0.397533561261235	0.724214312617683
TAG52:5FA16:0	0.222943893651368	0.154794470245129	0.354296069266537	0.631158074826731
FFA(15:0)	0.571240624614659	0.850924833788421	0.366837249320797	0.662273422334142
TAG52:5FA18:1	0.26263442073811	0.0764092718529063	0.308658234378831	0.792614664171343
TAG54:5FA18:1	0.0675250247595412	0.104230070893903	0.354091819870866	0.643511679623868
FFA(24:0)	0.498139743389301	0.595723689414129	0.343537870889072	0.784339447633227
TAG54:5FA22:5	0.733399877664932	0.933137652248349	0.374036924418456	0.649856478705401
TAG58:8FA18:2	0.16271833338262	0.248389300486241	0.384214549233041	0.728763730968894
TAG44:0FA14:0	0.962248541339679	0.692886951871158	0.355891404254656	0.638466838748146
PE(P16:0/18:1)	0.784551718352738	0.64023625463856	0.429128794427974	0.597890895139362
CER(22:0)	0.291534617378235	0.107233603770505	0.538248067184696	0.456932288605909
TAG52:4FA18:1	0.310968696160038	0.116878058981207	0.314358549955883	0.751266287883818
TAG58:8FA20:3	0.378098442480813	0.299486710755492	0.36039272488127	0.615191179209394
PE(18:0/22:5)	0.849617290080867	0.318113772427449	0.277124601050742	0.785305166749549
TAG47:2FA18:1	0.453570862473981	0.274680569151523	0.333478067082982	0.604959763803083
CE(22:2)	0.231671357169684	0.879011190798163	0.37066695956885	0.65343076389265
TAG55:5FA18:2	0.546884494696922	0.916573473845698	0.374342366246694	0.644569809155733
TAG52:2FA14:0	0.636787000764821	0.230610266343332	0.33699529178188	0.596082734139108
FFA(22:4)	0.370529695020607	0.524320363502779	0.354678130201399	0.701512508989528
TAG54:1FA18:1	0.686020169165292	0.956002957616829	0.38115682956792	0.651144579014425
TAG40:0FA14:0	0.525505132869557	0.788418344715502	0.379520754743506	0.662046306055572
DAG(16:0/22:5)	0.70124230307679	0.662831798420829	0.376516695284498	0.658807334330862
DAG(18:0/22:6)	0.654874828320294	0.759830001527713	0.394355688442804	0.649221949367524
TAG47:1FA16:0	0.385218613526063	0.374185700686527	0.337621417661956	0.643373872577263
DAG(18:1/20:5)	0.298693426675391	0.819605313093881	0.382320414780988	0.665119918211442
TAG54:3FA16:1	0.696941368202399	0.646710739088254	0.364852167331279	0.692775694453817
MAG(16:0)	0.396205749018406	0.0967622241865037	0.438245406276662	0.734754690849815
PI(16:0/18:2)	0.497898524902191	0.574672936985936	0.472029411854552	0.68801957604594
CE(22:6)	0.332041253128135	0.643071064512004	0.348996847280531	0.726671619607434
TAG46:4FA18:2	0.529313281992514	0.613241313598941	0.353005712194333	0.685499961544064
CE(18:4)	0.903566979376078	0.771535859421132	0.418319934030432	0.632969318709745
TAG54:2FA20:0	0.862132512996595	0.676367498408104	0.366816206276397	0.64664464984761
TAG56:6FA20:3	0.948517975585354	0.974622511997935	0.376005489421858	0.651103485076172
DAG(18:2/22:4)	0.22884653877471	0.55004337075573	0.37054261798666	0.676728715247783
DCER(24:0)	0.29197169124743	0.156265524172568	0.472899336911771	0.492650986445683
TAG58:6FA16:0	0.701321395696147	0.680838806478468	0.358486733587416	0.687934322282301
PC(16:0/18:2)	0.441046139504735	0.91260948329217	0.43953985542719	0.641830562639192
TAG52:3FA18:2	0.673103627295152	0.479548071117487	0.37102582407667	0.674858618490896
TAG48:0FA18:0	0.984596632355324	0.53630856788023	0.339569706039145	0.636005113826157
TAG58:7FA18:2	0.521257642193335	0.56139404809345	0.371374782052061	0.682578633223425
TAG50:1FA16:1	0.336681648905431	0.774591494667357	0.370917104995942	0.64870331457588
LPE(16:1)	0.150301684710621	0.557789647599917	0.401100793816223	0.660019243341411
TAG48:1FA14:1	0.199138645485679	0.21308709392695	0.315200169985198	0.651453537383011
TAG51:2FA18:2	0.546226675684742	0.45255681879616	0.367667677051989	0.647332287069904
TAG50:2FA16:0	0.634298064763404	0.961995537060338	0.376401832099631	0.648910899311258
LCER(14:0)	0.339133639572622	0.159031546791215	0.522717991785417	0.556011669737212
LPE(22:6)	0.591741154571941	0.672915671550299	0.369558136449966	0.690648212393272
PE(18:1/20:4)	0.479139107429145	0.0859963476325932	0.217127396532927	0.871021595337183
TAG54:4FA22:4	0.365314955023275	0.565552426371745	0.343828039683021	0.682126107028594
PE(16:0/18:2)	0.855664844915516	0.927759677724523	0.376561731146985	0.659008567802531
TAG50:4FA18:2	0.473119820078175	0.558189264141389	0.358760366704797	0.672554678960927
HCER(16:0)	0.859800919377972	0.839442087161917	0.365647946131146	0.665360722894157
PE(16:0/22:5)	0.873816634407715	0.596069789939838	0.322911699153919	0.759072729924638
PE(O18:0/18:1)	0.671606153163861	0.790768782264518	0.359928768174582	0.669950303367953
TAG44:1FA14:1	0.334690258325283	0.37997062497957	0.33651272757499	0.639328727614451
TAG56:7FA20:5	0.101766657753499	0.343030947618837	0.428478745319185	0.719088934343861
TAG45:0FA16:0	0.627716113728892	0.462500005283259	0.334819448800698	0.643946029551603
TAG46:0FA16:0	0.879455465369338	0.690169714886787	0.353714118483955	0.650659240018289
SM(24:1)	0.295548704556143	0.547865267080064	0.499586790428798	0.59422290347317
TAG52:7FA22:6	0.510564575147276	0.556562038088857	0.391467536331728	0.687702391858171
CE(20:2)	0.472810605782372	0.268953366336269	0.604738554012042	0.632371649604188
TAG54:5FA20:5	0.442763655229369	0.917005108147835	0.384187603742047	0.65701055933126
TAG45:0FA15:0	0.641583282744622	0.563028917101016	0.347397719301373	0.644778162426539
TAG56:5FA22:5	0.626003318442203	0.634178783207473	0.393118824015177	0.66956115483941
PC(18:0/16:1)	0.190320908667773	0.380653371616852	0.509127557942148	0.602578138903994
TAG49:2FA16:0	0.420515947896797	0.425642496061474	0.360611314364143	0.648104581529527
CE(20:5)	0.209952463227	0.958080568835647	0.378667995970781	0.647978349978911
HCER(22:1)	0.383378736014471	0.379852081939892	0.274169180908695	0.747489667857675
TAG49:1FA16:0	0.275266387445837	0.267883991292918	0.330811482352999	0.649210464354288
TAG56:5FA18:1	0.661198243917201	0.670770004573307	0.381864949797233	0.672414528028646
TAG53:4FA18:3	0.676380943081444	0.660841363232127	0.375105081229277	0.655623536798279
PC(20:0/18:1)	0.879755285104832	0.956865391593896	0.393767789059469	0.648082050632735
TAG54:1FA20:1	0.874677572946521	0.703160637861882	0.351312088480541	0.643835673662962
DAG(12:0/18:1)	0.460749036026503	0.905376260875575	0.372034833211557	0.646411537939056
PE(P18:0/22:5)	0.645150350604372	0.671285364012714	0.433860621594799	0.607754317043384
