chemID	simpleLRM_Fstatistics	multiLRM(chem_sig)	multiLRM(sex_sig)	multiLRM(age_sig)
TAG52:0FA20:0	0.147408560521642	0.0506575192685834	0.224136689932264	0.946513668957915
TAG58:6FA22:5	0.488468800184138	0.626570967229936	0.286385702240498	0.978894204612365
TAG50:1FA20:1	0.406019438899163	0.202179450132751	0.233303582659317	0.934238295196276
TAG54:6FA20:3	0.785159757765955	0.338617573261866	0.264698027702937	0.982720842351883
CE(24:0)	0.329662200846004	0.748435761241605	0.259010690837523	0.965612235566074
LCER(22:0)	0.679594452616092	0.884410101379567	0.270780198852327	0.957066434599696
TAG48:4FA16:1	0.620531490628335	0.492708140167675	0.253775465166954	0.986706509385143
TAG51:4FA16:0	0.936833793856008	0.719261020457259	0.273682599294844	0.949485572129683
PC(16:0/18:1)	0.65422642275122	0.59600502210103	0.344822750531981	0.897129382282516
TAG50:3FA14:1	0.369729273794752	0.450146562715476	0.270004174691626	0.916554494735712
CE(17:0)	0.861374498650496	0.350279659139257	0.337488279896598	0.899143165460812
TAG56:6FA22:6	0.737907694484991	0.744090242777379	0.276010993815417	0.976785638725812
PC(18:1/16:1)	0.479530854029143	0.973605832127669	0.300701175408359	0.953678172012119
TAG53:3FA16:0	0.931515406213662	0.937259967869208	0.272904305751427	0.949655770849622
TAG54:4FA20:4	0.420332893213297	0.768242827696553	0.262539960492257	0.956587677836167
DAG(14:0/20:4)	0.0903578251136476	0.0210756142894034	0.24185875639406	0.89279048843367
CE(18:2)	0.233934354757672	0.367724494944528	0.181529381825476	0.981469795290492
DAG(14:1/18:1)	0.987432130628287	0.862296691675629	0.284707401403585	0.95251601801464
DCER(20:0)	0.303052022879687	0.0975785583663329	0.212312969674964	0.910708421023466
LCER(20:1)	0.467165877633244	0.11792174131858	0.457296105276674	0.791647981412187
TAG54:3FA16:0	0.98523548605101	0.945667524711923	0.275455189860373	0.951615056494447
TAG48:3FA14:0	0.770626036245584	0.863607352923598	0.271270813487491	0.955609366672736
TAG56:1FA18:1	0.468694260624917	0.239422295146232	0.231899057657031	0.903146433168058
TAG58:9FA18:1	0.143270931530787	0.322443523422861	0.29833750535408	0.963593174549048
PE(P18:1/22:4)	0.739189057238396	0.978221219391377	0.27719392480055	0.946307245321613
TAG54:4FA16:0	0.725251014980245	0.964518529736804	0.273742323976128	0.948229396997011
PC(18:2/16:1)	0.86595334398482	0.811003100875421	0.279040369318571	0.988951586547635
DAG(14:0/18:1)	0.599930299619424	0.3717567750272	0.249162464619802	0.926751536235556
TAG46:2FA14:1	0.125907573283841	0.341278009613623	0.258048713470638	0.937279329121619
TAG52:4FA20:0	0.374194259775628	0.27117112409574	0.261001764680417	0.944536324686704
PC(18:0/18:2)	0.874256865800594	0.749921266355091	0.405797193727635	0.902455884173932
PE(P16:0/22:4)	0.516522991151963	0.970886538714078	0.28268424697686	0.949026161023639
TAG50:4FA16:0	0.856339239007458	0.329958107138166	0.260718036424237	0.95809641645165
DAG(18:1/20:1)	0.775399995381422	0.981771049528677	0.274150236307228	0.947282863727752
LPC(15:0)	0.78396228213958	0.076499454077259	0.15799446153388	0.96369464749952
TAG48:3FA18:2	0.695447866848273	0.854824555907949	0.275191604833695	0.956122653820138
TAG52:6FA22:6	0.692958429670525	0.834105449190274	0.27329046939176	0.937051859794227
TAG56:7FA18:3	0.427922115377724	0.478552730941794	0.269594068439075	0.961842556744377
PC(18:0/22:6)	0.968956098645962	0.909517916981188	0.274171148219411	0.972212214191763
SM(26:1)	0.419948333434796	0.521410835071677	0.35254268097751	0.887056384088153
TAG48:2FA14:0	0.537551354251666	0.64018112989947	0.270472270753013	0.945390268010934
TAG48:3FA18:1	0.428350185119914	0.77653581117628	0.279860005667579	0.960074576345016
DAG(16:1/18:2)	0.612511142124524	0.67419484496525	0.256328957559335	0.964037736667415
TAG53:6FA18:3	0.606762015430063	0.657939761998942	0.298319867204088	0.962524183195235
PC(16:0/12:0)	0.356604502261898	0.779890251853782	0.260095225821446	0.996104559056065
TAG51:5FA18:2	0.227077259651226	0.305486216564874	0.264650466997384	0.982210255547257
PE(P16:0/20:4)	0.886145737691705	0.966168501815698	0.274046956263596	0.951826598846994
TAG49:1FA16:1	0.215837336203567	0.551985563824814	0.266573999388208	0.955964600840125
TAG56:5FA20:1	0.0525511632258213	0.159528375943693	0.26920068940708	0.999011637305383
LPE(18:0)	0.698277227777053	0.165404485834157	0.15408109435364	0.959045754705359
FFA(20:4)	0.870508378803685	0.84018857056143	0.271520603795734	0.941674077117086
TAG46:1FA14:1	0.22408634768168	0.122331343305044	0.159324464932764	0.953560534786347
TAG46:3FA14:0	0.802704837625685	0.746213081933807	0.269444573764369	0.939064756156655
PE(P18:1/22:5)	0.569091513597082	0.277123885424555	0.400731902742918	0.868314127010433
TAG50:1FA14:0	0.557409280445564	0.305130279459561	0.236942071531825	0.914032766217406
TAG56:8FA20:4	0.817495494194011	0.979448602764279	0.274785033918651	0.947519423124937
TAG56:4FA20:1	0.162140737089589	0.273459844079766	0.290788538317263	0.998510864980232
MAG(18:3)	0.45090068261007	0.641043913830487	0.361887599519748	0.913462604448453
PE(18:0/20:4)	0.892977991076837	0.432115454791252	0.221026271570757	0.971544143023428
TAG53:2FA18:1	0.659715446860761	0.562296881191802	0.263875785508257	0.922392222464577
TAG54:7FA22:5	0.667175747233502	0.492290964944363	0.284609302407705	0.970173166529697
TAG60:12FA22:6	0.530586843898906	0.991333002347416	0.274434032459918	0.949652678698761
PC(18:0/20:2)	0.525272967637048	0.364814503776206	0.490620713486641	0.899033533746952
LPC(18:2)	0.0136484051302507	0.0744905428588262	0.259757324394602	0.733192965466805
PC(15:0/18:2)	0.839581627090738	0.267330563180281	0.508714334163248	0.815530908586814
DAG(18:1/18:1)	0.674293983133625	0.604930259371396	0.273315644822693	0.977961528735175
TAG56:4FA22:4	0.349725414912536	0.647727021345546	0.253933089860964	0.977323282904854
TAG56:9FA20:5	0.122038390875613	0.403357275867161	0.29410305978424	0.999833738578696
TAG49:2FA14:0	0.385454044453765	0.376795322269919	0.265505632945002	0.921626204728299
PC(16:0/18:3)	0.628921047006525	0.34161797823552	0.192999881727977	0.993474768602216
LPE(22:5)	0.981852708531757	0.980818518820986	0.27546429723583	0.950096037296523
TAG54:6FA20:5	0.276131592725282	0.421776546146038	0.313403929175128	0.999610105408864
TAG56:7FA22:6	0.426744231931932	0.533583172241138	0.28208008654161	0.999915922916293
TAG51:4FA16:1	0.747901149272842	0.419066473650274	0.241110510623657	0.989680898795027
TAG52:5FA20:5	0.788937679366001	0.948963771325645	0.276867818904135	0.950164810759554
SM(20:0)	0.0911115499777784	0.35614417284472	0.180890893346831	0.954961004249788
TAG55:5FA20:4	0.373700068206077	0.355292087737469	0.242528113628388	0.937018647502097
TAG58:6FA20:4	0.950464539012577	0.785614482071413	0.268102886075322	0.932456731713743
PE(O18:0/20:4)	0.621408387966318	0.807717945500363	0.280330391659157	0.935437170702003
DAG(18:2/18:3)	0.359237394443656	0.202991583796073	0.257908799135692	0.939557974940257
TAG48:4FA18:3	0.34373378751711	0.356809815357826	0.286013318804139	0.979865492289415
TAG52:0FA16:0	0.726749926765438	0.599116465685116	0.250308735989582	0.943437284239537
TAG58:9FA22:5	0.145696209049456	0.301348581155039	0.293319757496066	0.987039324951371
TAG58:9FA22:6	0.132642473319747	0.31954472908066	0.298081355258765	0.962374694710268
PE(P18:1/16:0)	0.696828760257076	0.709747150556685	0.299323785016016	0.901647280229107
DAG(14:0/18:2)	0.694541230334014	0.52563859592797	0.269322569156776	0.946907492260283
TAG54:0FA18:0	0.598015786608141	0.93669504375369	0.278147705289874	0.953429829958749
TAG56:2FA16:0	0.355242171739651	0.301609936439095	0.241167128341338	0.938107749250404
TAG56:8FA22:5	0.311306503824973	0.330598606862446	0.274421008302795	0.999037076593852
PC(16:0/20:2)	0.87939285976457	0.664917648725153	0.350497297166755	0.906941853083976
PC(15:0/18:1)	0.470982751600931	0.310876707880162	0.468683097100175	0.777555427404003
TAG56:7FA18:2	0.434041452795801	0.57441263862653	0.272126922618167	0.969678768197672
LPE(18:1)	0.539733515291203	0.827367133786636	0.275873311590452	0.922546503389407
TAG50:2FA16:1	0.207848751212434	0.877740763429162	0.275556765317165	0.950190942080277
PC(17:0/18:1)	0.741362756264875	0.0882465847023279	0.46311227155748	0.66020422425568
DAG(16:0/18:1)	0.616284978757696	0.690670553669684	0.267946068395628	0.952095111730504
LPC(22:5)	0.141632366428798	0.421645908401492	0.269217848232481	0.899256683422531
TAG46:0FA18:0	0.567464223992634	0.836925923206733	0.267543657534386	0.940562640987955
PE(18:0/20:5)	0.619158590314679	0.903807474392682	0.272327956033301	0.93819950253033
LPE(22:4)	0.469857304875396	0.368363121686888	0.266087083472885	0.912201943748365
TAG46:1FA18:1	0.966879722141998	0.573319912902324	0.255839208551632	0.927130953241446
TAG58:10FA20:4	0.290326753210335	0.221694318874046	0.276904631656331	0.927072671904454
DAG(14:0/16:1)	0.126715043522889	0.163450584651747	0.255024879748966	0.980975477826496
SM(24:0)	0.475313271433601	0.350822243791491	0.379666646287035	0.900303871584472
TAG53:6FA18:2	0.645781627339969	0.547108646303527	0.269405394535337	0.962134971906348
HCER(18:0)	0.119171499135042	0.125492159153817	0.130379968695684	0.845785552733014
LPC(20:3)	0.88067827025033	0.800397078477562	0.275044292387293	0.921911130757287
TAG53:5FA18:2	0.200360999275193	0.273752283143539	0.281234998314404	0.955536736806164
TAG50:1FA18:0	0.335441934394569	0.354553439651807	0.243858081759328	0.945741233604404
TAG52:5FA20:3	0.536232800539805	0.863794299896035	0.274363913454919	0.941742416129168
PE(P16:0/22:5)	0.754557854413985	0.883319803198624	0.299528098445186	0.943253840906114
TAG44:0FA12:0	0.58325984864326	0.922044854942473	0.272087167716757	0.945339207165187
TAG55:6FA18:1	0.38864408001849	0.595092180358178	0.292972066013038	0.968523201306827
PC(20:0/18:2)	0.381292067230327	0.870851801762255	0.276558325998981	0.967883245948997
PE(P18:0/18:1)	0.805998082104881	0.446406597740968	0.35727274407104	0.843027337415264
MAG(18:2)	0.564985431211645	0.80410029135334	0.268546927354911	0.930060845368665
TAG52:5FA18:2	0.13545020774339	0.0789577631903085	0.223588750073297	0.996091733528017
SM(16:0)	0.93180228933854	0.855454607860174	0.327679178510538	0.916450199435515
TAG49:1FA18:1	0.203983904496799	0.153277102387613	0.232432668296745	0.930587250578973
FFA(14:0)	0.669305891383378	0.879838160436283	0.270026137947668	0.966693843580295
TAG56:4FA20:4	0.943234693563874	0.99376910276719	0.275426224139502	0.948201684418417
TAG46:2FA18:2	0.593776582062026	0.900479752837442	0.271404648904136	0.945788817888018
FFA(16:0)	0.623730251042932	0.908544437933666	0.270966993961307	0.955208714414796
TAG52:5FA22:5	0.956506555855259	0.763296016535516	0.277522848597127	0.944985541041731
PE(P18:1/20:3)	0.142947231713795	0.134542331564324	0.427004344674125	0.876964379132959
TAG56:8FA18:3	0.54156310776729	0.314987894282785	0.26349779037393	0.97061804059946
TAG46:3FA16:1	0.885352077473043	0.851649598900964	0.27228014084237	0.957808557250374
TAG50:1FA18:1	0.376243035253591	0.638023165656961	0.262548646549382	0.966456045820042
TAG44:0FA16:0	0.657727047603202	0.864936249610154	0.268790771622212	0.944241064602443
CE(22:5)	0.89351267165357	0.814493299675082	0.264013274871174	0.963610103761158
TAG49:2FA16:1	0.218202596089211	0.665141380630167	0.27534137588578	0.939007655760473
TAG53:4FA18:1	0.940553604781018	0.718889933858196	0.270263983267504	0.928488821797704
TAG52:3FA20:3	0.253930628202811	0.518275966782572	0.259398655191783	0.977864944864178
TAG49:1FA17:0	0.218406908664295	0.222181215911699	0.24385744557906	0.944916826751824
TAG56:7FA18:1	0.266224754747314	0.290638936905833	0.295450607419438	0.975831638038048
TAG50:2FA18:0	0.683064577474867	0.471264886009457	0.261409485291852	0.936171767615112
TAG44:2FA16:0	0.702385648353701	0.371315418951277	0.232137352562199	0.978801707682342
TAG44:3FA18:2	0.803249821154383	0.663313444210914	0.256310784390462	0.965993656475304
TAG47:0FA15:0	0.438060271306677	0.523521902084318	0.2501300951384	0.95812986427091
TAG54:7FA16:1	0.744372803755146	0.598440624377465	0.271691104240273	0.97947006857799
TAG52:3FA20:2	0.518413914348286	0.832858638480813	0.275974992198806	0.94201083660423
TAG52:5FA16:1	0.220661125292247	0.100746132391198	0.223109547682105	0.956189029017697
TAG51:2FA15:0	0.614912589038974	0.592721158107076	0.262097944848711	0.92042264597675
TAG54:7FA20:4	0.595122982963401	0.605338806918292	0.280255178047453	0.936692974774983
PE(P18:1/18:2)	0.957684952311799	0.457705574642387	0.393800672791051	0.865595115406395
TAG52:1FA16:1	0.315903195150062	0.476429962376364	0.265293163518143	0.931339904078705
TAG47:1FA15:0	0.265690154474044	0.291681665968304	0.244692838893568	0.93165971288804
TAG50:5FA14:0	0.211548320000162	0.301401732356925	0.268490780279694	0.965266446589574
TAG55:1FA16:0	0.319919420797209	0.447308982192434	0.285437730928879	0.998489895098531
TAG56:3FA18:0	0.957781011489504	0.935586605600273	0.273728177842803	0.942591111798139
TAG50:2FA14:0	0.743347581003627	0.720944298709843	0.270696341448128	0.928531923287725
TAG56:2FA18:1	0.827030096892662	0.941484060025944	0.27227573869297	0.947015460971901
TAG51:3FA18:2	0.778717982265506	0.955710651045344	0.274674987064069	0.946296820170619
PC(16:0/16:1)	0.0724307468255341	0.144608263819506	0.424854072928299	0.880984403191793
TAG51:1FA16:0	0.24557769573277	0.27674663967223	0.240121031374037	0.963780613150376
TAG52:3FA18:1	0.80023080250609	0.38251759528497	0.265692787267693	0.976267729206382
TAG56:4FA18:1	0.38583040592002	0.419383407090032	0.275577060445566	0.988476740050851
TAG54:4FA20:1	0.344414333242457	0.269257855442882	0.247867327456075	0.978865787011284
TAG56:7FA18:0	0.158696167881724	0.449899371389081	0.298728487487698	0.990903653991186
TAG54:4FA18:3	0.065603144856925	0.069638014252298	0.257844271937908	0.997337400988685
TAG56:7FA20:3	0.658629114764479	0.901936912229108	0.273542081876783	0.950551803795634
PE(18:0/18:1)	0.521513171587815	0.734418688914915	0.289990805027791	0.944324591613661
TAG50:4FA14:1	0.853794806231829	0.98542775986963	0.274109174010203	0.949364818201678
TAG47:2FA18:2	0.64167198595741	0.322141892916361	0.251461406234061	0.933034168567126
TAG50:5FA18:1	0.518816990953883	0.287727054079102	0.270322958321826	0.990920521005315
TAG53:4FA18:0	0.838040643592407	0.451543472748516	0.259946106967802	0.974791096201407
PC(16:0/20:3)	0.0600327584643577	0.141965312402059	0.48546044397873	0.906634122084485
TAG56:6FA18:2	0.496818509310979	0.679943084244985	0.274838170121427	0.957107633612516
PC(14:0/20:4)	0.469680962852047	0.215887342204881	0.377478352490377	0.947113480368266
PC(18:1/22:5)	0.394118117817036	0.33114142720407	0.190637501579029	0.957567231174032
LCER(24:1)	0.684564848342936	0.847267753856078	0.267141101566232	0.944802529001316
DAG(15:0/18:1)	0.409433914480409	0.268918614808605	0.270264370232624	0.992708276939838
TAG45:1FA16:0	0.250810296302071	0.248129061810875	0.237145424314731	0.942498171861868
TAG56:4FA20:3	0.887730638312851	0.885165281500656	0.272704875876387	0.939349181052077
TAG60:10FA22:6	0.536402769452882	0.869068513940401	0.276135699936955	0.962541632774756
TAG54:5FA22:1	0.0462665634604346	0.0809359128516818	0.254052089816156	0.936365825341094
PE(16:0/22:6)	0.681953730242278	0.496388498783782	0.217266455782411	0.888635904306827
LPE(18:2)	0.120419470540836	0.160553209909874	0.22399476029556	0.776939055894045
TAG54:6FA20:4	0.564807434376668	0.857434518396098	0.281086414658263	0.941375277218643
TAG54:2FA18:1	0.461192775448483	0.455130295572212	0.298690149008577	0.974695386674082
TAG56:8FA16:1	0.339140517554842	0.398684860802121	0.265914136872766	0.978816897571201
TAG58:9FA20:4	0.179505038225139	0.19339985426841	0.250436833008153	0.974256620127677
PE(16:0/18:1)	0.0902267216490377	0.327010842106689	0.335412992080558	0.915388454714552
DAG(16:1/16:1)	0.478868003406904	0.618811607900856	0.274823945841032	0.956490476568109
PC(18:1/22:6)	0.841660799729197	0.769972042967805	0.31395162537986	0.90443951623875
TAG52:4FA20:2	0.739164836930141	0.603749247741829	0.260595611924287	0.987200904788542
TAG42:0FA16:0	0.718303967599107	0.777275657890562	0.263343212494836	0.941899044144824
TAG52:2FA20:1	0.359161054762614	0.44124774190827	0.264623012172653	0.927889067607416
TAG52:4FA16:1	0.374457341452335	0.134656745979861	0.223899973862212	0.940773377920802
TAG58:8FA22:5	0.162019772185547	0.264711911803567	0.296194334956896	0.995351257249034
TAG56:8FA16:0	0.365817280374757	0.530937787627535	0.283459572124572	0.988314195264446
FFA(20:2)	0.339049678798315	0.566668522027543	0.303559044496095	0.989999882060962
TAG46:3FA18:1	0.943028103023308	0.393054516899672	0.230510099387166	0.968226319276998
TAG50:4FA20:4	0.290365003778578	0.362080354375964	0.243857009236649	0.971882652088661
TAG53:2FA17:0	0.660789383341035	0.543523489191497	0.268248458433322	0.914733477931636
PE(18:1/18:2)	0.960684000273961	0.718900035223984	0.318692784286864	0.935221307586083
TAG51:1FA17:0	0.218643855392519	0.239469596876344	0.240960691782577	0.953266209736641
TAG54:2FA20:2	0.770977292347197	0.892042801827789	0.271457966967093	0.943940487789369
TAG56:6FA18:1	0.673213764890119	0.713047836502276	0.280637508947853	0.966954578019549
FFA(22:1)	0.394614831016281	0.785517175799806	0.270127363980818	0.927093708494952
LPC(16:1)	0.468340194594094	0.747335981806881	0.256409227457782	0.952304696512608
PC(14:0/20:3)	0.0844973304848692	0.254362536140315	0.438686504573987	0.923624480652349
TAG48:3FA12:0	0.418871668242705	0.826977559903399	0.27817628919359	0.95800235431898
TAG54:6FA16:0	0.936296701092813	0.575300018998591	0.294519531063316	0.950778178348874
TAG46:0FA14:0	0.54050130050074	0.549293248644352	0.250925692494805	0.955460456788703
FFA(22:5)	0.547313904063754	0.652551796816194	0.263709397244863	0.923806835340108
TAG56:2FA20:1	0.681573630624847	0.890349219297561	0.281617572303405	0.954613216878646
TAG58:5FA18:1	0.993580079879518	0.883767842329829	0.275376999972708	0.95479734510441
TAG50:4FA20:3	0.468411740309639	0.546873442158294	0.262916944477651	0.929075026311736
TAG52:1FA20:0	0.108143873987185	0.0435165143609003	0.240046974701385	0.886726065564449
PE(O18:0/22:5)	0.949448380589199	0.65020533849446	0.310805811267821	0.925208352264887
TAG53:7FA18:3	0.213809028543402	0.419767786005267	0.296092128988102	0.957600845087195
TAG50:3FA18:0	0.960223450939558	0.700349657767684	0.269011302938879	0.942289724999995
TAG46:3FA18:3	0.330324575558141	0.766335999330058	0.284233424108235	0.954498955842829
TAG54:7FA18:1	0.0440770566125633	0.0809455145309224	0.277623029875012	0.989637483160437
TAG55:4FA18:2	0.221298331747331	0.499742359364158	0.277842293543895	0.937652370947988
PE(P18:0/22:6)	0.897612146116544	0.69428519488752	0.248565769155014	0.943970481195247
FFA(18:1)	0.894602699509383	0.686228183077499	0.262508711639376	0.977304019767118
TAG50:5FA20:4	0.387226690286779	0.55156066276456	0.255813678921623	0.944978359039524
TAG53:3FA18:1	0.879073014202706	0.829203382657635	0.27311351844254	0.961059713025655
TAG50:5FA16:1	0.887110305365511	0.0662029956883428	0.201080762309483	0.931859527269029
TAG50:4FA16:1	0.91230376958581	0.107879188706656	0.200982205816803	0.956062423504703
TAG52:4FA20:4	0.296163972434291	0.586487533629998	0.257111411449313	0.981263026053787
PC(18:1/20:5)	0.248606878372383	0.884186908526248	0.2698238461312	0.967630273332991
DAG(18:2/20:4)	0.409644707823511	0.499918948703142	0.276167159086588	0.970664894274105
TAG54:7FA18:2	0.0232928610164728	0.132819304131973	0.253636844211899	0.886646096620669
TAG56:7FA22:4	0.822307031248427	0.49042015980542	0.288824245685167	0.94154151378246
DAG(18:2/22:6)	0.358188257337836	0.690811622224609	0.275874975529211	0.977471152699908
TAG49:2FA15:0	0.393780573165528	0.49897596438426	0.267301597133864	0.949312335011
TAG46:3FA12:0	0.470725023951652	0.78916017333156	0.276196094566935	0.960126635070578
TAG47:0FA16:0	0.511989128085844	0.572296351487558	0.252669622552133	0.954931259451639
PC(18:2/18:2)	0.314234806119663	0.980711759341344	0.298607800641019	0.948028096508614
PC(18:2/20:3)	0.519034979873543	0.425909319463464	0.447343722948176	0.924593482260832
CE(15:0)	0.927137978861338	0.365979055722943	0.364184034073698	0.860561415398147
TAG54:1FA16:0	0.345279381751007	0.13710444399506	0.216125506004773	0.920960297598489
TAG49:2FA17:0	0.302644814548776	0.251898641308546	0.265935518217692	0.919137006851294
TAG54:8FA18:3	0.0138671278145077	0.0640788116839925	0.249997966631654	0.852887647811201
DAG(16:1/18:0)	0.129959147583718	0.281786236119213	0.264112179741286	0.939829637246175
PC(16:0/18:0)	0.757944758587447	0.609586646217269	0.385698235472237	0.886124481439976
TAG54:5FA18:3	0.0165091357565178	0.0107305360362969	0.241543424481121	0.961273788470765
LPE(20:3)	0.648546582751006	0.831269800039711	0.292896380608862	0.958928871623301
TAG55:1FA18:1	0.127752138641958	0.335931164301621	0.314859903881324	0.97622244042459
TAG55:2FA18:2	0.143999404828941	0.351847947888088	0.290010723823128	0.99870135681128
PC(18:0/20:4)	0.563183065797938	0.630038192094893	0.256418489469636	0.959292780445614
TAG54:5FA20:3	0.816699407478767	0.816436169677367	0.278348325703623	0.950211652382959
TAG56:3FA20:1	0.298030728692936	0.40652448329558	0.302157280738099	0.984949048667867
TAG48:3FA14:1	0.211365958203776	0.63017420842009	0.275462373358551	0.944070360428947
TAG56:8FA20:5	0.0915117014479067	0.289134070843611	0.306435609626853	0.974219905583398
DAG(14:0/16:0)	0.452164508706665	0.262742456946663	0.235400423707587	0.956521295875605
SM(26:0)	0.862753572135608	0.309094851189483	0.431671142465067	0.838002736746742
TAG51:4FA18:2	0.52641995266584	0.555514486377038	0.267798297414515	0.968873331401795
TAG56:7FA16:0	0.298548153331886	0.397791139670777	0.278461708490007	0.990214785869994
TAG48:4FA18:2	0.197836835700823	0.482573413524562	0.281403894347325	0.953756201733311
TAG50:5FA18:3	0.348506798771966	0.22350091543887	0.249818469949923	0.982945247999843
TAG53:0FA16:0	0.352247162611422	0.35872366818383	0.312747677558955	0.993407333033339
TAG44:1FA16:1	0.406677631270954	0.365283013504484	0.258303890858203	0.919678240187438
TAG60:11FA22:6	0.470587466779817	0.887202695880959	0.275132688542395	0.962359906352855
LPC(20:0)	0.0265902635305536	0.150644141253014	0.200879079129905	0.973046134447351
TAG52:4FA14:0	0.458992911356084	0.420917579832279	0.263011325601736	0.921126220662361
TAG53:6FA18:1	0.876265984567788	0.867601840721032	0.26834557495259	0.950438911825465
PI(18:1/18:2)	0.994203613370344	0.617000922423134	0.343374046930288	0.995014157535682
TAG52:4FA18:0	0.721594349992322	0.334891258099709	0.25412768788053	0.997071205211299
PE(18:1/20:3)	0.24145095014056	0.786198767737562	0.325147807465053	0.923298074348827
MAG(16:1)	0.403392933042462	0.695129294861114	0.283472131169494	0.94227448266266
SM(22:0)	0.721242951770698	0.847871138757648	0.333979568937171	0.931142546656392
TAG55:8FA20:4	0.757930921692273	0.253963203787833	0.303863665390539	0.882179271438061
TAG58:6FA18:1	0.796692439034248	0.690458365059472	0.280161722406154	0.9716899382564
TAG56:5FA16:0	0.585343578651277	0.903703012517776	0.271506008281868	0.951675609927765
DAG(18:2/20:5)	0.262648328629496	0.677780033287244	0.275843597751573	0.969998410796752
TAG58:2FA18:1	0.956164523579	0.980212386278132	0.274639944361073	0.94986487715551
CE(22:0)	0.760772382324812	0.20586534325102	0.388085358497029	0.767631085213087
TAG54:5FA22:4	0.252758627347109	0.683006389103529	0.259350699134499	0.972270796307887
TAG58:3FA18:1	0.982339917789561	0.996179946113594	0.273857986843251	0.949268646024241
TAG56:3FA20:2	0.778166758092879	0.765117373018661	0.276159212894573	0.972684289115416
TAG52:2FA18:2	0.92772937414079	0.736349356618386	0.276982294809863	0.949806552104644
TAG53:4FA16:0	0.927924885095884	0.975094516452414	0.274817691187519	0.947855500029783
LCER(22:1)	0.506662163450731	0.562954129026123	0.358931962659545	0.947450910724105
LPC(20:4)	0.13264732581537	0.0976794579429761	0.511870658666412	0.714826799499087
TAG48:2FA12:0	0.557796618936032	0.967798850857443	0.275615941675852	0.951014938756128
TAG58:7FA22:4	0.831365633767337	0.661045762378153	0.288175807154879	0.947966931044985
PC(18:0/18:0)	0.734136512736812	0.872661978695335	0.27251043687125	0.960673138503204
CE(18:3)	0.869984963370552	0.636931904987957	0.357320402370129	0.939997509267943
TAG51:4FA20:4	0.153249602170799	0.177131143066179	0.232668426607411	0.970997753470989
TAG56:4FA20:2	0.496352886034105	0.561912102060156	0.264994787628393	0.996417876878227
DAG(15:0/18:2)	0.410744777392724	0.587719335026515	0.299156244615319	0.984514147840296
TAG46:1FA16:0	0.875924462873893	0.607257469584876	0.257864216177095	0.937077575915892
DAG(16:0/16:0)	0.438845036176632	0.538700680448009	0.261664960720948	0.970514859504149
TAG54:5FA18:2	0.0536134232291049	0.0994193181265368	0.254370016724423	0.923391726457748
TAG42:1FA12:0	0.445155433283942	0.921680812967371	0.278957709209659	0.95319664966668
DAG(18:1/20:2)	0.575581516720118	0.345016327708795	0.287179654023487	0.871000577223894
TAG52:7FA16:0	0.784713139830937	0.724964689737957	0.260759815165791	0.951262823825831
TAG55:5FA18:1	0.428424002151969	0.529258973143871	0.281793287478232	0.966019234729023
TAG52:2FA20:0	0.718096394366307	0.550263673446224	0.266110030832103	0.93377989945874
TAG46:1FA14:0	0.316206142790906	0.351547126551231	0.248809668470613	0.935899680678142
DAG(16:1/20:2)	0.185190128112831	0.213010283927079	0.325165075336624	0.905899533351378
TAG53:5FA18:1	0.43166878500108	0.376283113741059	0.277383553556207	0.946077564612405
CER(18:0)	0.40939267509101	0.80408087751016	0.300599103239022	0.931379666731318
CE(24:1)	0.433754703707236	0.557071356187713	0.298360340769224	0.94001661755656
PC(18:2/20:4)	0.76267063953792	0.910092093317582	0.2943599274743	0.955974311396725
PC(16:0/16:0)	0.960982545725993	0.684326252291096	0.358588108234654	0.895215675822101
TAG50:6FA20:4	0.995885870718317	0.877666299137637	0.270738981875759	0.945931046909164
TAG52:2FA18:0	0.91748167672818	0.832081762100166	0.276181878139476	0.94765314616179
TAG55:2FA18:1	0.280657305340049	0.652337990538848	0.293950540848063	0.961391650600795
CER(24:1)	0.53707439111418	0.696159872063277	0.313095514367949	0.886145855225297
PE(18:0/18:2)	0.919922657306549	0.825360604832828	0.264643805935444	0.965932362696647
TAG52:0FA18:0	0.852769131552982	0.779530422953392	0.261477364928814	0.945566361904528
TAG50:4FA14:0	0.405127609480853	0.531925103112961	0.266339686761373	0.968432968448927
TAG52:2FA20:2	0.357077279062027	0.588881925525246	0.266827463205866	0.961413324189694
TAG58:6FA18:0	0.469734750367693	0.260535284333241	0.274481891628471	0.965645231117279
TAG55:6FA20:4	0.339744295163833	0.413752990599578	0.261064925543549	0.95110771475356
PE(P18:0/22:4)	0.857061687314448	0.724778693594757	0.26202623396418	0.941818984205191
TAG51:2FA18:1	0.389857963796026	0.535224083132068	0.263928101070569	0.921339839933472
TAG50:2FA18:2	0.698492447428053	0.990473013565849	0.274288002328821	0.949060866800159
TAG53:3FA18:2	0.941870976039705	0.946516907664207	0.275047735551317	0.945079642808163
CER(24:0)	0.497270577405998	0.0720833419088068	0.335959890175245	0.664092572244735
DCER(22:1)	0.807474637943779	0.745462076556893	0.275950547591897	0.955260942637853
TAG46:2FA12:0	0.614255864236651	0.9797992776247	0.273971035330928	0.947969060355334
SM(22:1)	0.824609542206007	0.80740314804066	0.271088217881263	0.979720320600506
TAG48:1FA16:0	0.217342280563281	0.347704582384677	0.250370592748957	0.97214040812956
TAG56:3FA18:2	0.773866335197014	0.923813980544738	0.275446478984117	0.95046821642077
DAG(18:2/22:5)	0.650943933124321	0.793979548997036	0.271985937577273	0.952729297328474
TAG57:9FA22:6	0.799330429176065	0.968960664243286	0.274703009753624	0.949156436423166
PC(18:1/18:1)	0.823216095537938	0.909289533569632	0.308566446152166	0.940668283304639
TAG52:4FA22:4	0.413177282713406	0.426331637468208	0.240251756277246	0.991263404318557
PI(16:0/20:3)	0.377433670171643	0.333156242160565	0.429568740699425	0.923636170282104
TAG50:2FA20:2	0.3630111457481	0.349058220045103	0.256339979522809	0.938577961468583
TAG58:10FA22:6	0.141400028931659	0.394395512040981	0.290389831387671	0.986885240314752
TAG54:4FA22:1	0.121106513285476	0.0772732552106096	0.273055088142783	0.996839760600804
TAG42:0FA14:0	0.605424088000833	0.947396296433646	0.2730946614022	0.94579853093714
TAG47:0FA17:0	0.555353399623836	0.419555563894016	0.243271000228734	0.948883742557464
TAG48:2FA16:1	0.185350296264699	0.763173138461673	0.276762639821866	0.949509030970941
TAG54:3FA20:2	0.963046935493459	0.947180101311505	0.275403758849328	0.951540056189834
TAG42:1FA16:1	0.576611507700841	0.440178602322131	0.248249319649171	0.939373506473388
FFA(18:4)	0.21300307876648	0.226961302292118	0.383772144756987	0.970479750492895
DAG(16:0/22:6)	0.883403343939058	0.964991356959611	0.275699775520127	0.945346662154132
SM(14:0)	0.74264053608462	0.87390668317656	0.273018925208568	0.978706581521502
TAG47:1FA16:1	0.234342660909447	0.515142882976552	0.267067429748714	0.952263492891986
TAG51:4FA15:0	0.487487431183303	0.655063693722994	0.27513619976989	0.967267479827514
TAG47:2FA16:1	0.199554087114967	0.626133086505753	0.27633097136774	0.935256949144983
PC(16:0/22:6)	0.521240999679719	0.575828323147741	0.240644407452836	0.94913839978137
LPC(17:0)	0.213052316174804	0.314249388140548	0.232656558251388	0.985479021814016
TAG55:3FA18:1	0.371575825909582	0.658380682150537	0.293844246147521	0.953933420251871
TAG46:3FA18:2	0.898913127445301	0.624248526385981	0.261079919515149	0.945151630864925
TAG53:1FA17:0	0.478972632545162	0.298923836676749	0.238960772611472	0.920797542912794
HCER(24:0)	0.343775556799782	0.407127088453738	0.220548520561402	0.90950888089136
TAG53:6FA20:4	0.407044315148002	0.860661713495185	0.272083607134383	0.946303442014177
TAG54:3FA18:2	0.324814613276343	0.311999549959586	0.278566313119588	0.981138236798213
TAG48:5FA18:3	0.0973519630544112	0.290658999915798	0.288160165389098	0.941764809208957
TAG50:2FA14:1	0.220953762754385	0.169118797371449	0.236733003547199	0.909906949424331
TAG52:4FA22:1	0.332380323484663	0.133010851052841	0.24538988242976	0.996843036356164
TAG52:1FA16:0	0.686896695501895	0.824246454413989	0.267248317134994	0.949070862044824
TAG54:4FA16:1	0.656610286977484	0.470038774703151	0.252242083603468	0.98795810049315
TAG48:4FA12:0	0.173702598264126	0.485489801394992	0.283865839635849	0.961437028026969
TAG58:7FA16:0	0.86425539472414	0.488416605249412	0.259647378537118	0.956305421362291
TAG51:2FA16:0	0.267371839240453	0.525224156602156	0.269054981723611	0.945952956809786
TAG56:6FA18:3	0.21426582452839	0.365036895535088	0.254570624043104	0.991292931269321
LCER(16:0)	0.889568792812085	0.868124950461807	0.289746788118752	0.953247874665125
TAG52:6FA18:2	0.120223270099823	0.0428440264329764	0.232395466775708	0.960865215006913
DCER(22:2)	0.561416207482965	0.619127258952875	0.310217903928793	0.878025335625616
DAG(18:0/18:3)	0.803080986373049	0.851278562636839	0.272608783386875	0.951074440544251
TAG48:2FA18:2	0.72071924576541	0.576219785543207	0.266516813932225	0.947638318361175
LPC(20:1)	0.223492800816981	0.139565695486851	0.215906584776006	0.965653352369052
TAG54:8FA20:5	0.202149186129806	0.34609355170718	0.299645940487713	0.987197971358785
FFA(22:0)	0.939004787769102	0.935279124459012	0.272342728814933	0.947486459332247
TAG53:1FA18:1	0.893237961565192	0.587142351544971	0.252017569357601	0.938218999558859
TAG55:6FA20:3	0.607428749909798	0.678883277961252	0.293435546375961	0.948763633116817
TAG51:4FA18:3	0.792426175102834	0.390507828738012	0.273644494450693	0.97499075634028
TAG58:10FA22:5	0.1353792066605	0.377661422970153	0.29431725764617	0.985781936367386
CE(20:0)	0.146609092692671	0.736239924631978	0.260717776124381	0.940260446592521
FFA(14:1)	0.638081091479653	0.825867974887278	0.291604376215949	0.954399992590802
TAG48:1FA16:1	0.204581754714276	0.623172580177067	0.267147759703892	0.97227239031887
TAG53:2FA18:0	0.597785571406182	0.465240143108428	0.260859436531254	0.931287304383683
TAG54:6FA18:2	0.0465400363505216	0.154304439197732	0.251208298548977	0.880452426295738
FFA(12:0)	0.527221704705418	0.877288975243569	0.27195609227027	0.968101031085606
TAG51:1FA18:0	0.277448271225156	0.151085426360191	0.223485182565097	0.924990516827884
DAG(18:1/22:6)	0.564583060927544	0.893668860097017	0.274000814313651	0.961097553623856
DAG(18:1/20:3)	0.433712781853403	0.450962904083105	0.263124045178739	0.936427606274667
CE(20:3)	0.146677684698954	0.145130069888194	0.485157375715852	0.970918470429447
TAG36:0FA12:0	0.35729249977775	0.628750795154265	0.271777407568742	0.974061235335106
TAG53:2FA18:2	0.900357314420288	0.793191477561727	0.270341537844191	0.944470109213101
TAG53:1FA16:0	0.598562700730402	0.93066267442925	0.280431020914696	0.948432210045416
DAG(16:0/18:3)	0.928108344844061	0.502889453178103	0.270462278099831	0.927331875924798
PC(18:2/22:6)	0.68230419548651	0.380724844805817	0.36698179576928	0.840377928889163
PC(16:0/20:5)	0.247261945246583	0.886082779085821	0.271452941069274	0.967340195321604
TAG47:2FA14:0	0.503205430671209	0.351480165815754	0.256458180063027	0.926441157442879
PE(18:0/22:6)	0.5229808936227	0.938179734501544	0.282613547611764	0.965760403275495
HCER(24:1)	0.409500609914009	0.35637583779172	0.217931594693817	0.979055178236773
PI(18:0/16:0)	0.751767452715988	0.627059006015994	0.244833770644078	0.889157539472046
TAG53:4FA18:2	0.59800785818653	0.686103531129801	0.267040159776745	0.965382122105894
TAG54:5FA16:1	0.848645078196809	0.652896028452288	0.268768695222999	0.96908828612479
PE(16:0/20:4)	0.46771818645605	0.817308206354868	0.264736093051773	0.974562469164314
TAG52:1FA18:0	0.673930321414979	0.739455741012938	0.26165642887849	0.950235186463126
PI(18:1/18:1)	0.479132553821069	0.16222960557681	0.382519164732424	0.934436928231138
TAG54:5FA20:4	0.397428539196704	0.748486714081483	0.261077480243013	0.962827552130823
DAG(18:1/18:2)	0.720694592513408	0.503851325191568	0.258125207460871	0.974388124467149
TAG56:8FA18:2	0.293746789233244	0.491309101156772	0.280376240894336	0.985858159704601
TAG56:8FA18:1	0.132298172217316	0.350237843822162	0.303962373366363	0.977751175555862
TAG46:1FA16:1	0.20583953839313	0.417639155619673	0.258994832606958	0.959566190701508
TAG53:5FA18:3	0.284635253451023	0.124745466282388	0.245686185824	0.983380569437069
DAG(18:0/18:1)	0.925402303066604	0.954972249899266	0.273165144427646	0.94635003591273
TAG42:1FA14:0	0.61773519829074	0.362623065643665	0.23600308120658	0.924533707643584
DAG(16:0/18:0)	0.28739491897962	0.301546178183044	0.239636073678587	0.954239287265615
TAG46:2FA16:1	0.337752479850062	0.630168344177465	0.27446969585313	0.93411458438142
TAG56:7FA16:1	0.360734162809244	0.170708219900516	0.255476555572511	0.92116965200072
PC(18:0/22:5)	0.460332584265287	0.59087737017848	0.381185313301727	0.897856421568376
TAG47:1FA17:0	0.499941474230292	0.246646986455123	0.244807930112086	0.923121391605228
TAG49:0FA17:0	0.430318950019257	0.531063356435504	0.252608371105184	0.958274431494651
PC(18:0/22:4)	0.226181885236544	0.168054841529268	0.368493818202065	0.870412679883004
TAG54:8FA22:6	0.490989940880165	0.520018647936602	0.280104499694655	0.995440388064933
LCER(20:0)	0.81350736859301	0.976373297136197	0.28163845344576	0.949596766443814
TAG44:1FA14:0	0.987393129242165	0.60593845012126	0.258530977950707	0.926761175581657
TAG50:3FA20:3	0.168044470672714	0.191337315600244	0.232876063131126	0.96673097999612
TAG54:5FA18:0	0.0589664979995937	0.114915713198859	0.244400558107307	0.950104217420943
TAG48:1FA14:0	0.318871213155843	0.280259748006857	0.242990137456507	0.945915149742549
TAG40:0FA12:0	0.357995038321168	0.740104138203617	0.284597961996264	0.964352118162303
DAG(16:0/20:4)	0.159387754060119	0.137776767369405	0.259263428239257	0.987648609040829
TAG52:6FA16:1	0.185071486781828	0.0380340436571754	0.211622188475708	0.943391042142931
TAG54:0FA16:0	0.250546176237115	0.0330162189245467	0.193421286699076	0.869070734787492
CE(22:1)	0.372842588111154	0.642147876293145	0.237111624162211	0.999495515543665
DAG(16:0/20:3)	0.154072218794943	0.157118436133164	0.268321055625396	0.97449690515261
TAG52:4FA20:3	0.290993946304499	0.715259179829801	0.26735074327466	0.952641854485279
TAG51:3FA16:1	0.418707175227292	0.863450094513861	0.270315811117532	0.959156947632536
TAG52:3FA20:0	0.651871880139099	0.39134554144527	0.273584529199127	0.958792519400209
TAG47:1FA18:1	0.312642454787832	0.174669968226596	0.233189830138246	0.910168623857955
TAG53:3FA17:0	0.936051166965177	0.98587961920925	0.274879634731306	0.947397257227134
TAG54:7FA20:5	0.219105874910431	0.35610007654128	0.307448873419497	0.992641720991616
TAG56:6FA20:5	0.223917755863476	0.675373411232001	0.290651257351666	0.987644443095728
TAG50:0FA18:0	0.576447945581866	0.626979104355544	0.253079456789453	0.957879255857327
TAG50:4FA18:1	0.639540650603187	0.474335008817756	0.265468234838666	0.985972145257139
PE(18:1/22:5)	0.312848857923126	0.997602168812455	0.290918514673327	0.949814175693285
TAG46:2FA18:1	0.616913638453745	0.326411235681223	0.236348907975027	0.923040211523489
TAG47:1FA14:0	0.28120774868732	0.237296192745498	0.237753947248258	0.923156882585455
PC(18:0/18:1)	0.477186324178966	0.44107219384887	0.421242059490485	0.879045915015306
TAG50:0FA16:0	0.488836517812685	0.607666313209092	0.252812005492686	0.967678119837878
TAG54:6FA22:6	0.733050159779707	0.987601177578634	0.27488307153668	0.949280455149905
TAG56:7FA20:4	0.769229757042859	0.947146562122915	0.27682186315346	0.945924617861275
TAG52:4FA16:0	0.360792386980773	0.282195018247642	0.259706953019781	0.948570449951956
TAG42:1FA16:0	0.55880131204804	0.372100684395597	0.23087555207005	0.965542748173708
LPC(22:6)	0.100292523463646	0.11555361468233	0.308248603703457	0.944490955780347
PI(18:0/20:2)	0.431489626195543	0.765409980096181	0.350247402453984	0.899512382416772
TAG52:2FA18:1	0.719619428852061	0.801650367974235	0.277840397382168	0.955325893720706
TAG52:3FA16:1	0.765211860839199	0.253161708151019	0.244253318188827	0.972581511165945
TAG51:3FA18:3	0.978311400624899	0.778098491855542	0.273815797068636	0.951846978507541
TAG52:7FA18:1	0.784048324080227	0.854884621296328	0.269547618797924	0.945274843382617
DAG(18:1/22:5)	0.690394053959258	0.60806909687766	0.272341958103655	0.976145658499268
TAG56:5FA20:2	0.219566441359104	0.431834354958759	0.252336705305734	0.966383258349516
TAG46:1FA18:0	0.624985637865224	0.186066898994742	0.211496756410594	0.929098923742718
TAG56:5FA20:4	0.673295205715802	0.811384293069774	0.282384013379899	0.957491511681928
TAG56:2FA20:0	0.664202259968735	0.809117274122711	0.283157187182101	0.955202961746848
DAG(18:0/18:2)	0.957022414130491	0.931767438873007	0.273411310035025	0.949722913617739
DAG(16:0/20:5)	0.89753696214946	0.322549094369929	0.260402720691977	0.921080783332132
PC(18:1/20:3)	0.12503045653724	0.185956163851859	0.544242347733927	0.912315033989275
DAG(14:1/16:0)	0.593727877478931	0.456737253233564	0.255176870959288	0.990693248880519
TAG48:5FA18:2	0.10712188320864	0.37079125452702	0.287420746271886	0.940111361922469
TAG54:3FA18:0	0.276164573166734	0.246739205333484	0.276160658638482	0.991975035907073
TAG49:3FA16:0	0.744975260079821	0.825833184054048	0.273453351557063	0.949508389759858
TAG49:3FA16:1	0.525053609374933	0.734998116700497	0.266150971523885	0.966505221583235
FFA(20:0)	0.353619398332652	0.798352063977259	0.266051245768097	0.960997438734647
PE(P18:1/18:1)	0.672688687422648	0.110220953513009	0.474600276095795	0.788745854074933
TAG54:8FA20:4	0.392818368995976	0.86955431028799	0.274592847651743	0.948281187715035
CE(14:1)	0.121165149464024	0.063100871355799	0.408178557445265	0.941567651041859
SM(20:1)	0.441115343600361	0.213520935500571	0.119858017080182	0.864222753903919
TAG51:0FA16:0	0.739552255024623	0.636852480164499	0.25487514105876	0.953433562027213
DCER(16:0)	0.0350354119394355	0.0699465140703656	0.392271081592391	0.89577702229287
TAG56:6FA18:0	0.423017336235266	0.644617424540669	0.281438842930815	0.972024087794889
TAG48:4FA18:1	0.191021254717213	0.470033508190812	0.292540184592434	0.968222701509322
TAG50:1FA16:0	0.358434663572614	0.633698726334141	0.26144859092733	0.971573082436194
TAG52:5FA14:0	0.404417533387982	0.485979220634794	0.257731701442202	0.940764199069233
PE(P16:0/18:2)	0.468190579564774	0.855365126697355	0.307541407875153	0.919645719390403
PE(P18:0/20:5)	0.523311255930439	0.508627411821163	0.288244567348559	0.852171557807548
CE(18:0)	0.458385764896024	0.44550254091434	0.360395897971492	0.922590593901811
PI(18:0/20:4)	0.959158089098926	0.752796238734497	0.256207994538982	0.964458086954708
TAG49:1FA14:0	0.304105487701942	0.184543614784449	0.238430759704949	0.91404563474905
PE(O16:0/20:4)	0.758002676207155	0.684270439747142	0.28748839232978	0.93449930250869
TAG53:3FA18:0	0.659840286079671	0.742344441197165	0.281874983133222	0.939464427799282
TAG56:5FA20:3	0.908122930165064	0.813265811545007	0.27707607408213	0.960499385936096
TAG48:0FA14:0	0.485968635404204	0.356413981936229	0.23783790429088	0.939855379311957
FFA(17:0)	0.149533939753581	0.36680420296077	0.315456207260954	0.9607045469053
TAG50:5FA20:5	0.791259342503208	0.505566175792787	0.248457439522874	0.931984341942989
PC(16:0/14:0)	0.099737395490365	0.0533286048367692	0.502469716851754	0.737022583882985
TAG48:2FA18:0	0.37909945297924	0.867689403634523	0.280433433318186	0.95310478012176
TAG50:5FA18:2	0.317933697587053	0.388533727243431	0.261850298615007	0.958225320172059
TAG52:7FA20:5	0.531159832657971	0.933786145201517	0.277833448474771	0.953151178140277
TAG48:1FA18:0	0.717129609929805	0.77506650913698	0.264414440793309	0.938345061769499
TAG56:6FA22:4	0.686118028964996	0.924650009657842	0.27946984309737	0.943146097497661
TAG52:2FA16:1	0.61968029656329	0.765148309094169	0.270282989947281	0.963020120365279
TAG49:0FA15:0	0.280503150029015	0.200238613690882	0.226429166011639	0.946000425604727
TAG46:1FA12:0	0.802744007126845	0.745546829486583	0.264689157420946	0.936419909303808
TAG51:3FA15:0	0.906147302627762	0.898577372389303	0.275617000354873	0.955507341203122
TAG54:7FA18:3	0.0191343560396751	0.0943416953065929	0.24928309578881	0.877234055101688
TAG57:2FA18:1	0.141015370540189	0.350798826533271	0.303926718063608	0.970239952920541
PC(16:0/20:1)	0.197090706241697	0.335659919829631	0.308022557393715	0.907503689559032
TAG38:0FA12:0	0.423284255356259	0.662242772491754	0.272938364782925	0.970952206580373
TAG49:0FA18:0	0.415657767930137	0.267491604020819	0.230209457681023	0.93186972802356
TAG51:2FA16:1	0.226666847022699	0.669105714070725	0.278668429107184	0.93180464369473
TAG54:3FA18:1	0.20574512301135	0.137111432885882	0.307775365132915	0.98683429788354
TAG54:3FA20:3	0.37312360124242	0.667202255645801	0.260079589089193	0.950431877318321
TAG58:7FA18:0	0.352876791341612	0.524848885721078	0.280845995528685	0.996345214232069
DCER(24:1)	0.213976917999365	0.420898516434575	0.34391680381549	0.868820039104897
DAG(16:1/18:1)	0.60859822459726	0.881053567871353	0.271704146543182	0.953850564486408
LPE(20:1)	0.665071533058477	0.533249030536245	0.278442840503089	0.949373643301352
DAG(14:0/14:0)	0.391502366264537	0.252346593663927	0.233278797550211	0.914821245317303
TAG48:2FA14:1	0.0974297602885915	0.275283093565527	0.253154607901629	0.950910274853632
TAG56:9FA18:3	0.3694984254105	0.268025425614537	0.275595347104328	0.988170899473729
PE(18:0/18:0)	0.706075736166239	0.933199224376709	0.290985390939115	0.93481526392985
TAG50:3FA16:1	0.606428687667445	0.457992539121105	0.251230459340365	0.965726988492302
TAG51:1FA18:1	0.265341043741282	0.270782152071152	0.241936032028329	0.941140246376962
TAG52:1FA18:1	0.703577243566709	0.897673768009462	0.270856827972593	0.94802848004423
PI(18:0/18:2)	0.826595008463023	0.656397835289043	0.357289440474911	0.981667727294009
TAG49:1FA15:0	0.237940751171686	0.227059559204218	0.236453507729257	0.950811448413139
PE(P18:1/20:4)	0.863297133267787	0.979481171049096	0.276141794087925	0.948522618622452
TAG51:0FA17:0	0.367582604932519	0.333159088469476	0.238697499432151	0.950758723799751
TAG48:3FA16:0	0.487523565811095	0.764512769356034	0.272617466018246	0.948675751519471
CE(12:0)	0.510416415485079	0.641924791454429	0.325687580328647	0.905256476965284
TAG53:1FA18:0	0.521833820357634	0.276761894259309	0.232373679136533	0.932789067658979
CE(18:1)	0.961110111608107	0.658010711754847	0.329152533832777	0.923407173210939
PE(P18:0/20:4)	0.767984618070992	0.64539074137825	0.258926364704666	0.977226173694216
TAG54:3FA18:3	0.57975149414906	0.330337241754586	0.264025469423731	0.966052887948137
TAG54:4FA18:1	0.0885993150021763	0.0639616389283462	0.28384081887066	0.997759625507681
TAG58:8FA20:4	0.254665425995189	0.265287119972257	0.236781268639539	0.979976692695977
PE(18:0/22:4)	0.515800411202711	0.861568759877252	0.271480757052666	0.943128874350954
TAG44:2FA18:1	0.747341883651398	0.335906487236167	0.221905958986397	0.954436771202389
PE(16:0/20:3)	0.0181900944899241	0.0581191442983319	0.551759451346774	0.777738531035034
TAG46:2FA14:0	0.609195381232892	0.477176987537025	0.262257509867807	0.930352620104698
PE(18:2/16:1)	0.458405902099525	0.815431961338219	0.305084679525243	0.919150106289499
TAG56:4FA16:0	0.374032842348547	0.627915800086088	0.260619971200329	0.955910647131959
DAG(18:1/20:4)	0.272334343946017	0.338394794321985	0.256192961976211	0.974212698378795
TAG52:3FA18:0	0.742901188191401	0.405346079426448	0.258198540916492	0.9738961588363
TAG58:10FA20:5	0.611617560202114	0.68903385192953	0.270221328284689	0.91849958367867
PC(18:0/18:3)	0.7248273401238	0.836451429971957	0.268379676486627	0.956992504862876
TAG55:7FA18:1	0.826125319213382	0.726938948851923	0.260918516357658	0.934026642937529
TAG60:11FA22:5	0.657170522899795	0.97043147715126	0.274623095402217	0.946295700387059
DAG(18:2/20:3)	0.375769079810741	0.313621519505433	0.277160263823785	0.937147201627808
TAG40:0FA16:0	0.388793169072678	0.818681703714408	0.286322207042063	0.957133107366716
TAG54:5FA16:0	0.578384340972416	0.932796283765502	0.272711727345948	0.949622319366698
TAG58:6FA22:4	0.936838578382206	0.64143525231846	0.295766331999752	0.94615818403851
TAG56:4FA18:2	0.235738200842505	0.346734882769234	0.277225505299732	0.980900045772568
PE(O16:0/22:5)	0.851385501404816	0.349573777904213	0.363377923453052	0.896791229014428
PE(O18:0/22:6)	0.514430349246713	0.815286354136311	0.264156082937956	0.987824814920188
SM(18:1)	0.949097017439038	0.658008230257788	0.237669564475374	0.996213408887775
TAG51:5FA18:3	0.271581743107089	0.133874599383334	0.258347429274964	0.991760520524237
TAG54:6FA22:5	0.742126698861902	0.787913603321149	0.27897924655241	0.949702095245134
TAG56:4FA18:0	0.959928756108145	0.842081996573085	0.27519618589491	0.962354161003555
TAG51:3FA18:1	0.978398416529765	0.957297001598651	0.274307952059971	0.952315954771055
LPC(18:0)	0.0945006614902086	0.0192281316456831	0.0981521067835492	0.968131172919472
FFA(20:5)	0.75947584800178	0.385898423240122	0.279979874513348	0.943861541042616
TAG54:6FA18:1	0.0153729248203133	0.0363430452592555	0.250811468008155	0.982308648951322
TAG52:6FA18:1	0.226148829621033	0.152731410764178	0.292413523339755	0.946873819258297
PC(18:2/20:2)	0.0408641844711723	0.0590362661599188	0.104435892815595	0.808018099450024
PC(16:0/22:5)	0.497056941635798	0.506687948213931	0.219467216779927	0.973255383534988
TAG45:1FA15:0	0.400318893682976	0.284347262005441	0.248456687819172	0.923218232103338
TAG50:3FA18:3	0.959458090277157	0.619407229305223	0.274910130029803	0.92643480259422
TAG48:1FA12:0	0.539861472339275	0.948054425893521	0.273031580481989	0.946150977102144
TAG52:6FA20:5	0.923369474182751	0.986604580314218	0.275079200376899	0.948013060017521
TAG53:5FA20:4	0.222312778662732	0.472304404015999	0.25625936305052	0.952398993555184
CE(20:4)	0.429735264887508	0.71290585080462	0.264789182056191	0.938420451559324
CER(22:1)	0.133124784483865	0.692933875631244	0.34886347444442	0.902138072190444
MAG(18:0)	0.218858821720987	0.0291753286110248	0.245385526190142	0.890956059742483
TAG48:3FA18:3	0.990258520744717	0.960307941612671	0.273132741676465	0.949200340136678
FFA(18:0)	0.391471945982016	0.891158005700241	0.273292981249734	0.953568461998285
TAG52:4FA18:2	0.321111652287442	0.205033199836136	0.245712016976924	0.967817985162894
TAG42:1FA18:1	0.488191485886009	0.969406635399065	0.275214488781233	0.94754089605156
TAG60:10FA22:5	0.516172762509632	0.736309469274417	0.279891219822387	0.962972710526582
DCER(26:0)	0.487062496337997	0.559213063077651	0.276520244900185	0.958329284673018
LCER(18:0)	0.750227553576781	0.520921633895304	0.220097820307246	0.993954280087098
TAG42:0FA12:0	0.406025054299439	0.881473356450668	0.278323232269778	0.956523705287575
TAG51:3FA17:0	0.524683177777896	0.958838317987407	0.274353979287515	0.951292166687465
TAG52:6FA16:0	0.323799205178914	0.0799044532093604	0.275785965545734	0.9555443265519
CE(22:4)	0.756074121120565	0.71103595315006	0.304149660582335	0.958346962669617
TAG48:4FA14:1	0.467350700318482	0.655941154199908	0.262588046055078	0.969241933115522
TAG50:3FA18:1	0.989723362105099	0.828319013673497	0.271922814974595	0.960231364477767
TAG53:4FA17:0	0.583709972217748	0.799387041039034	0.269985622975304	0.961098642947346
PC(16:0/20:4)	0.468561895913632	0.638736627366284	0.266277768683866	0.93802619116487
TAG44:1FA18:1	0.998785173758461	0.45868952684741	0.241779369132282	0.930698163085702
TAG48:0FA16:0	0.537594815154069	0.768492714718965	0.263896371369964	0.965626363037144
DAG(16:1/20:4)	0.151811688641629	0.400004756368612	0.270106105695904	0.978091075356082
PC(17:0/18:2)	0.465227080483126	0.790592595541991	0.351704849301876	0.908368851294076
TAG54:4FA18:2	0.0929698492956608	0.0847996439009182	0.268074169650662	0.989404029435992
TAG50:0FA14:0	0.649515136611134	0.239980007388937	0.221723990671254	0.904136914942658
TAG58:7FA20:4	0.555657460607325	0.478853641303152	0.258107044854995	0.929470987911977
TAG52:4FA18:3	0.345782961702643	0.104242707734742	0.271428920398421	0.954639936716961
FFA(16:1)	0.932446335799183	0.606776167991265	0.24889791306825	0.992918134988906
TAG51:3FA16:0	0.562751053459495	0.81129764694245	0.273998405327858	0.949581485908999
TAG50:4FA18:3	0.858809080224351	0.27679153859149	0.256706037246745	0.970496364869661
TAG54:4FA20:3	0.514322653087983	0.773028534252705	0.265314742443328	0.947320909648022
PE(O18:0/18:2)	0.705966809579596	0.945755318724275	0.304863098235645	0.940785133531636
PC(18:1/20:2)	0.656769668829159	0.976097987211122	0.29461483505668	0.949922346286391
TAG49:2FA18:1	0.336243567958342	0.531157256693174	0.270183908683134	0.918128999648297
PC(18:1/20:4)	0.652857554250038	0.999206824844429	0.276986414283279	0.948512633063678
TAG47:0FA14:0	0.53154829634691	0.442596577525698	0.246926220075338	0.936787575167616
TAG52:8FA18:2	0.985906216313507	0.983165615476318	0.274381961498207	0.948851160357507
FFA(22:6)	0.801680634098587	0.931760049088971	0.272166091071043	0.939363522914028
TAG47:2FA15:0	0.499186760918308	0.452508618107983	0.262568935385844	0.927234733636366
TAG48:2FA18:1	0.964542691620097	0.815568846504119	0.268912772840239	0.937656793007712
TAG55:4FA18:1	0.28059449755024	0.413607573097013	0.299589781597919	0.947429648776482
TAG52:3FA14:0	0.761266395857867	0.594311027027101	0.274276683832533	0.914763765735748
TAG46:2FA16:0	0.646382989915856	0.966041137546805	0.273679058085294	0.947904468742893
TAG54:4FA20:2	0.732752145048735	0.763381322104828	0.27011082096952	0.96948448572318
TAG48:4FA20:4	0.915793591694282	0.611121328270514	0.256994989208466	0.934241138074218
TAG56:3FA18:1	0.412100738354996	0.511139693489281	0.291818479819175	0.97766663360879
TAG54:7FA22:6	0.989416765661248	0.758442149751706	0.273376081861391	0.970814262038559
TAG49:3FA18:2	0.53026144401691	0.833778747469687	0.278198337502391	0.939516821144681
TAG52:3FA16:0	0.722609608301718	0.397579014537816	0.270077766141514	0.965690374267684
TAG54:8FA18:2	0.0349674294934909	0.105829434897869	0.266257400713108	0.938253499551701
TAG54:6FA18:3	0.0195879043408533	0.045851838406984	0.239364777858713	0.958359834634571
TAG56:8FA22:6	0.341778740215845	0.538523335882063	0.281976051788975	0.994544761247393
TAG58:8FA18:1	0.0997459089376364	0.224601146125537	0.312808568612826	0.937808242700736
TAG55:7FA22:6	0.740907291375269	0.963472101971001	0.275324920632431	0.953391519432059
DAG(14:0/18:3)	0.577999162883417	0.647105942303389	0.271564910820116	0.965251686439341
PC(16:0/22:4)	0.665727484423037	0.606694684275607	0.300672403676963	0.991537471993743
TAG56:9FA20:4	0.984361965251174	0.844920012048545	0.274779695858986	0.944985612797065
TAG57:8FA22:6	0.30976058609737	0.525772100765344	0.278482878921769	0.999198341718772
TAG56:2FA18:0	0.917544310574611	0.986809653239525	0.274774759050924	0.948227525573806
PC(17:0/20:4)	0.226041408694536	0.928276984071486	0.272859977039618	0.953000116448395
LPC(20:2)	0.126767416529465	0.096641457417952	0.192575462757842	0.898431684532168
TAG45:1FA18:1	0.49059760370121	0.263466786421987	0.234023483564564	0.924733259545603
TAG52:5FA20:4	0.20529167619581	0.636076869173764	0.260039213595455	0.971121470041617
PE(18:1/18:1)	0.598908801587074	0.555655696926662	0.279910252872829	0.947946112338754
PE(P18:1/22:6)	0.969176563577856	0.761209216844193	0.25756775110986	0.985516724311736
PI(16:0/20:4)	0.25582987069628	0.674159307582247	0.338266956260924	0.966612081656793
TAG49:3FA15:0	0.668772081552558	0.867927625300903	0.271998917668602	0.954048715236449
TAG51:2FA18:0	0.778829801260069	0.620050595196411	0.262729032637843	0.942971047077269
LPE(20:4)	0.799213958483792	0.741326171211024	0.273074865950547	0.902799567471497
TAG44:2FA12:0	0.58078494047966	0.858870897355132	0.270129761635786	0.94302120832202
TAG56:1FA16:0	0.368859295101655	0.282370474045503	0.232464236467796	0.926622068917535
MAG(15:0)	0.207713118681033	0.688609552153027	0.282517064152461	0.964673448451443
DAG(16:0/18:2)	0.916684035360165	0.706412834378848	0.27023595998055	0.939036389569956
HCER(20:0)	0.0428955908449977	0.0878529111369882	0.150372094756174	0.872423713338668
LCER(24:0)	0.715564054111563	0.986938767508517	0.28284385322064	0.947302145340007
TAG49:0FA16:0	0.41032640685122	0.448333719217486	0.246428771066931	0.961300974027698
TAG50:3FA18:2	0.795702146133555	0.718289948649684	0.26730662587962	0.959226393537292
TAG55:7FA20:4	0.829529310172882	0.688156152735192	0.288908730180181	0.931064979753648
HCER(22:0)	0.184185500518041	0.325079029551212	0.211259760769481	0.926806446596225
TAG58:7FA22:5	0.207176897634056	0.262735461318108	0.307876664968313	0.976616117107475
FFA(22:2)	0.958103066091794	0.993689831983249	0.274890165101001	0.949072451413036
TAG44:1FA12:0	0.989727047090751	0.576803410031099	0.260198302840236	0.922615740973865
TAG46:0FA12:0	0.561678961060846	0.912814929577544	0.271684218696647	0.944293319742476
TAG52:6FA14:0	0.695273931698237	0.862476720708001	0.271183969518862	0.942877147658317
TAG51:2FA17:0	0.392567070157526	0.599287492834756	0.275825045097111	0.943093126543977
TAG56:3FA20:0	0.493170124216615	0.669304421315666	0.28281908095775	0.951795381187365
PE(P16:0/20:3)	0.122473998104948	0.0888448717491699	0.467208449312751	0.741623266394063
PI(18:1/20:4)	0.295341851282874	0.826613675478224	0.305542487420457	0.960537351962114
DAG(12:0/18:2)	0.459982052200199	0.77164671010643	0.280319293418718	0.949249841520896
TAG52:2FA16:0	0.839611441244475	0.74563594920949	0.277739596942525	0.954921848739317
TAG52:3FA20:1	0.987109791058338	0.917250410239585	0.274765441072414	0.942605929055726
PE(P16:0/22:6)	0.509253711958754	0.350188808748564	0.206092401351989	0.852062092219781
TAG56:5FA22:4	0.478512293076406	0.872178439383796	0.269069157048377	0.95745379431959
TAG56:9FA22:6	0.295467762471097	0.461203749669554	0.279220146232469	0.99801582065535
TAG55:7FA20:3	0.664000053937838	0.862925318273735	0.283217086733939	0.94524284379175
TAG50:5FA16:0	0.846328912032986	0.490261401653953	0.283441432981482	0.960833483264063
TAG56:3FA16:0	0.541396534614841	0.509664964164532	0.26362789213312	0.933896597915828
MAG(18:1)	0.492867957544505	0.825709134415112	0.279498123559617	0.971897256734802
PC(18:1/18:2)	0.594712401824156	0.827820188796291	0.349952141828203	0.931780422397557
TAG56:6FA22:5	0.474297774080319	0.495891100455825	0.288662716900047	0.976115052198858
TAG57:3FA18:2	0.131239432434699	0.382615134038639	0.290495225293354	0.99171943623899
LCER(18:1)	0.986718110472573	0.742154978176404	0.28750069999339	0.933650370212123
TAG52:8FA16:1	0.277886815321395	0.435324476478171	0.264510808939179	0.939714346481653
TAG58:8FA22:6	0.166712318479278	0.32367790859822	0.300336244321109	0.96003410380998
TAG50:3FA16:0	0.682412053001823	0.523771212173842	0.258876785501177	0.945865965413716
FFA(24:1)	0.431248491942301	0.569529517365203	0.25972301682284	0.939575010858404
TAG55:7FA15:0	0.669158039974196	0.946909820423344	0.275488025519645	0.941404435401921
DAG(16:1/18:3)	0.516144143863311	0.828660139332291	0.272000006160795	0.948278949702251
CER(20:0)	0.679594849903226	0.866733418094617	0.26943858871307	0.970968829921301
PC(18:2/20:5)	0.393687237135978	0.810552160350244	0.286244417619564	0.92259923775938
TAG52:5FA18:3	0.199543171407797	0.0524789511790109	0.240480589523261	0.932939889104719
TAG51:0FA18:0	0.510701778136864	0.349451443371406	0.233812624289175	0.942021081079959
TAG55:3FA18:2	0.180444680403804	0.499684651328274	0.293079202081992	0.949588444266203
TAG42:2FA18:2	0.317691083244184	0.844761085580049	0.285783362563765	0.95315213250003
PC(14:0/18:2)	0.62365771110163	0.549738163959076	0.425699611198545	0.877838488318603
TAG50:3FA14:0	0.886099088045907	0.94435367054088	0.273818311271703	0.952569924959545
TAG54:5FA20:2	0.420030261972494	0.400478641672312	0.250828878252181	0.990259754515701
FFA(20:3)	0.892077390373638	0.821855375863241	0.272792799521796	0.934556722134623
TAG56:6FA16:0	0.506814670048838	0.431893226483044	0.282294385281995	0.9779141037472
PI(16:0/18:1)	0.21307389483262	0.146879993254351	0.411658628247745	0.919120566266285
TAG52:3FA18:3	0.46616435050929	0.265123255681771	0.276824650168144	0.94302299547425
TAG58:10FA18:2	0.183849051728315	0.457388304993279	0.288211633398333	0.997336717411894
LPC(16:0)	0.0384811676256299	0.00773057681046678	0.15654699395067	0.898840937261245
TAG44:2FA16:1	0.362827070418256	0.427348698535661	0.261700651323427	0.936085750613251
TAG56:10FA18:2	0.199504951019176	0.516779673750784	0.291550348475788	0.952229897338342
TAG56:5FA18:0	0.643719681016872	0.716662462234486	0.280547263522433	0.967016748182437
DAG(14:0/20:0)	0.0328095819733386	0.000779005355310299	0.592399137763755	0.762817572489682
TAG52:1FA20:1	0.334738998512496	0.351409605161231	0.24002490648883	0.968744232760343
CE(14:0)	0.557554045835534	0.253845403327391	0.442876129993607	0.822865094921231
DAG(18:1/22:4)	0.982656465519541	0.753881908262658	0.268925486567389	0.94328487555972
PC(18:0/20:3)	0.0203294484301859	0.0464042000109425	0.679120264362847	0.845682989716664
TAG54:2FA18:0	0.51496333141545	0.528391500004578	0.293170920387919	0.970974433299085
TAG56:7FA22:5	0.376847987240121	0.433332362859592	0.278872561211107	0.975001464792646
PE(18:0/20:3)	0.115354832339212	0.322236305776568	0.439391857455705	0.861141854133814
TAG51:1FA15:0	0.366334263914554	0.184630170988864	0.220964717320672	0.917332681338152
TAG58:7FA18:1	0.137036817828188	0.115475448869209	0.300953775148593	0.903848469281775
PI(18:0/20:3)	0.222590719287907	0.224668879938802	0.557707733373026	0.795314151081816
TAG51:4FA18:1	0.470478287588157	0.230661559067142	0.264800302888463	0.990468813017841
TAG52:6FA18:3	0.102256147402129	0.0254046662843603	0.206777091958852	0.991696398479722
TAG44:2FA14:0	0.503296672522518	0.944944107246732	0.273007089011217	0.94669728047141
TAG50:5FA14:1	0.798950385031362	0.821831987753803	0.271939446588296	0.951276034488919
TAG54:2FA18:2	0.641353121925449	0.699734946914362	0.278055545708588	0.959944156139896
TAG48:2FA16:0	0.367402359924272	0.53760667741274	0.266705774799476	0.954256080760307
TAG56:6FA20:2	0.187353145620618	0.492995537708212	0.253732434159999	0.994799681338543
TAG56:5FA18:2	0.212305743038107	0.369898533271712	0.256677738907525	0.989824028281617
CER(16:0)	0.304335715308803	0.450429263477865	0.360339574814005	0.827166159242433
PC(18:2/18:3)	0.70411238775554	0.933504343323674	0.273961899484792	0.950490544020774
TAG49:2FA18:2	0.453766787528908	0.356200298175324	0.261957800775929	0.948015922162726
TAG54:3FA20:1	0.775783420316423	0.772747128408662	0.275693970777922	0.961540466203157
TAG44:0FA18:0	0.607112930668426	0.557020527424705	0.276871806029195	0.962354230980302
TAG54:1FA18:0	0.6355727626822	0.811330324409162	0.28496491901971	0.958385138539017
FFA(20:1)	0.495342088529774	0.66911187005739	0.285676593002026	0.979936877953155
TAG48:4FA14:0	0.777586455650806	0.681892064040306	0.267080887592125	0.970635546347288
TAG48:3FA16:1	0.458977400061271	0.837318605068476	0.269019583693395	0.959149685047006
TAG49:3FA18:3	0.894950552187634	0.89213317696457	0.275323848318866	0.948044787682268
SM(18:0)	0.748628513699596	0.609514068776196	0.231585538343507	0.994438250905249
PE(P18:0/18:2)	0.598390791579763	0.990709691435973	0.293916624266064	0.951835068775489
TAG53:2FA16:0	0.903455167088495	0.751031671459609	0.263634551277428	0.95517125279036
PC(18:1/18:3)	0.824952081109204	0.757859998414778	0.255188068235735	0.96306268675485
TAG53:4FA20:4	0.222939172439013	0.275946428694618	0.243865285546754	0.964538918324939
TAG46:3FA16:0	0.537281644649243	0.884258518398132	0.27971048789338	0.949418370593193
LPC(18:1)	0.116425658054587	0.0719463732309375	0.231463639905499	0.865831175954066
TAG50:2FA18:1	0.368341084005518	0.77161142295081	0.274135741374961	0.941504550304983
PI(18:0/18:1)	0.330114314185991	0.12778980287102	0.405869376145118	0.894527981045806
TAG48:1FA18:1	0.391739486607379	0.33418615069659	0.245441358039731	0.939672526840458
TAG54:4FA18:0	0.109123856638164	0.16802896549797	0.252688483820599	0.964991159241829
TAG54:6FA16:1	0.459771491836047	0.887615583030365	0.273615897518636	0.952935796320364
TAG56:6FA20:4	0.83879339412669	0.985098156305836	0.275421724926813	0.948348432221357
PC(20:0/20:4)	0.248750103997816	0.362733905243083	0.251595636571419	0.994619871471722
TAG54:1FA20:0	0.33261147506968	0.187429535761101	0.226642876933141	0.925293316808937
TAG44:2FA18:2	0.631212223495108	0.695550306285111	0.260074073167829	0.947093376540696
PC(18:0/20:5)	0.435506634789554	0.977729651920615	0.276450864998857	0.945696175432941
TAG58:7FA22:6	0.358989585980338	0.536944040851701	0.283363960998113	0.989458696840355
TAG52:3FA22:1	0.537057616611711	0.359257016258415	0.267224147084126	0.973129705882149
CE(16:1)	0.140871891780922	0.136647164430687	0.506136268307462	0.91243089441496
TAG54:2FA20:1	0.852238595725554	0.888694650700994	0.270323306294251	0.945346507347327
TAG44:1FA16:0	0.411400490316283	0.221696991818437	0.221496191272444	0.943764898353557
DAG(16:0/16:1)	0.373134771396233	0.69300652192148	0.272596075826698	0.948217151234236
TAG46:3FA14:1	0.276215540486594	0.449670402550138	0.266960788275049	0.925738356493884
TAG52:6FA20:4	0.284419706851208	0.717980807844112	0.266414281791566	0.956195506753069
CE(16:0)	0.599690677089113	0.916429014342412	0.275677436011551	0.954427804467452
PE(P18:0/20:3)	0.33888594883681	0.398915237481262	0.393687166070039	0.810420262269148
DAG(12:0/16:0)	0.339760773502835	0.924859582007464	0.278960329956947	0.948698295623227
TAG45:0FA14:0	0.614275621587633	0.592842315278602	0.254094680215701	0.942076187417446
FFA(18:2)	0.261675017326744	0.308255751772922	0.228849715155892	0.999251634539292
LPE(16:0)	0.268799619992329	0.019728589630032	0.149842198924388	0.961103668708119
CE(20:1)	0.278570008789994	0.642141599314702	0.248470581082788	0.930999006885288
DCER(22:0)	0.151146417744255	0.0430725967431202	0.385748201451531	0.837932927425945
PC(14:0/18:1)	0.215094817054174	0.314708796032915	0.443742051454081	0.82281975740132
PE(18:1/22:6)	0.706326181155919	0.277887151976137	0.180108814432805	0.790418701545143
TAG48:4FA16:0	0.715466929151882	0.795765174458049	0.275521786471324	0.952616376155185
TAG54:2FA16:0	0.777670546669914	0.772109147124466	0.264997098828307	0.941832765027045
TAG58:9FA18:2	0.107217607574933	0.292396539561669	0.291516705491631	0.971995143538593
TAG52:5FA16:0	0.184827364831767	0.100504515907199	0.25749057554848	0.917317402587223
FFA(15:0)	0.631218487182547	0.853740158250943	0.267934409965983	0.960256944714626
TAG52:5FA18:1	0.22825221306201	0.0463444158215617	0.223928203998403	0.906682246076318
TAG54:5FA18:1	0.0367466439466792	0.0562735669540949	0.260254331274331	0.960099870666701
FFA(24:0)	0.837114990587453	0.680887109191374	0.256055411701602	0.977633751955217
TAG54:5FA22:5	0.534792681720212	0.83915913668573	0.269146848156366	0.954473546179507
TAG58:8FA18:2	0.157903573853043	0.226428139822981	0.284002642041696	0.968081455521293
TAG44:0FA14:0	0.871047855244273	0.629479217541631	0.256108517119591	0.936116780410124
PE(P16:0/18:1)	0.931408743031606	0.565262616890605	0.333872283554301	0.863438178256555
CER(22:0)	0.268309089601582	0.115860475929788	0.397809624741953	0.741886701703576
TAG52:4FA18:1	0.30031774239547	0.0834869009753786	0.225285734273822	0.952998451448184
TAG58:8FA20:3	0.382073001089481	0.315328391127565	0.259110794689602	0.920049106809684
PE(18:0/22:5)	0.927440231531289	0.365363553136676	0.205329292314332	0.950993312640349
TAG47:2FA18:1	0.332390466055219	0.249548389712128	0.243384964506891	0.904830662854137
CE(22:2)	0.299401654840311	0.89470043320339	0.270010945652324	0.952122855958124
TAG55:5FA18:2	0.282531981872211	0.566174611744618	0.267687940899063	0.930453248181943
TAG52:2FA14:0	0.520340103369568	0.223280966869632	0.24779397192389	0.892123935537456
FFA(22:4)	0.384434949907311	0.511063602344421	0.258677551716373	0.995819517318888
TAG54:1FA18:1	0.751357681800945	0.930290620027056	0.278965818109112	0.952098793104229
TAG40:0FA14:0	0.616207151558499	0.821475141134333	0.275399079135803	0.959902286677802
DAG(16:0/22:5)	0.8988419240189	0.724563193740111	0.272848962607577	0.950320295679856
DAG(18:0/22:6)	0.479389675701148	0.660915880434259	0.297369520045563	0.95742417042213
TAG47:1FA16:0	0.267555047610541	0.327172702452472	0.244382680566817	0.953016819080611
DAG(18:1/20:5)	0.374349598158589	0.872827789896219	0.277425350015397	0.95857036896752
TAG54:3FA16:1	0.791563850225707	0.617568074630406	0.264153145383265	0.990668441276079
MAG(16:0)	0.334126614440233	0.0917371776556955	0.315191662363516	0.882666472570718
PI(16:0/18:2)	0.365923186447241	0.480875000829344	0.379252843226402	0.985133306947276
CE(22:6)	0.522436664718403	0.708555881798375	0.256188007822267	0.99496446076182
TAG46:4FA18:2	0.493273040004175	0.6313049863805	0.258910240372654	0.976175267105565
CE(18:4)	0.896988641610748	0.718872525159654	0.318660284553231	0.9310558290485
TAG54:2FA20:0	0.817606689597829	0.719889563738938	0.268226579730488	0.948673916486498
TAG56:6FA20:3	0.75396772555817	0.840467702196559	0.274048990427226	0.958038611650505
DAG(18:2/22:4)	0.387964922124039	0.646284249930509	0.26821842244363	0.959259595747471
DCER(24:0)	0.198561145420064	0.132586567149662	0.362082798445364	0.769672213474453
TAG58:6FA16:0	0.537170251303204	0.719520174690609	0.262580817136129	0.97419815581199
PC(16:0/18:2)	0.541681566568666	0.882907175772803	0.341058262957599	0.933995057507187
TAG52:3FA18:2	0.737700235260119	0.444783504374803	0.270061699701977	0.965662029540947
TAG48:0FA18:0	0.879410203042508	0.496849942338503	0.24529284561491	0.932294375102616
TAG58:7FA18:2	0.486308068438478	0.495105780894598	0.272264045916575	0.985186775848383
TAG50:1FA16:1	0.214485754670437	0.698042039226695	0.269637512269453	0.956824928798221
LPE(16:1)	0.106867750883794	0.546012034183252	0.297398398319621	0.970435928120557
TAG48:1FA14:1	0.140255890439129	0.197354846173174	0.229175160683218	0.962175881485813
TAG51:2FA18:2	0.520651833322496	0.521864618003481	0.270957911658818	0.945199467730581
TAG50:2FA16:0	0.483778755294451	0.990225611665561	0.274350901840674	0.949019279904274
LCER(14:0)	0.372586652863868	0.215369292898871	0.389990502574765	0.82548375692241
LPE(22:6)	0.786704995641149	0.763042705589481	0.269403796020675	0.974538699884967
PE(18:1/20:4)	0.587408187314286	0.106034117564607	0.156019818748434	0.843868560380769
TAG54:4FA22:4	0.244724855061041	0.464586947585615	0.242919827269586	0.989125843770549
PE(16:0/18:2)	0.673302725820301	0.96560206711149	0.281519512192014	0.952023690471478
TAG50:4FA18:2	0.45542850961601	0.460838928186651	0.256490417205103	0.978890351966591
HCER(16:0)	0.836093097561208	0.849164719947949	0.267729016217632	0.967998513348924
PE(16:0/22:5)	0.635131449738437	0.61757066330033	0.23713916654075	0.962245674854791
PE(O18:0/18:1)	0.889578843064226	0.784544740259196	0.260807151903247	0.970534608359427
TAG44:1FA14:1	0.241493978648027	0.340504069909836	0.243043640399579	0.94509296434285
TAG56:7FA20:5	0.121454274555966	0.354033433646817	0.313746358351533	0.979745797325385
TAG45:0FA16:0	0.511611222440893	0.428584333242135	0.241792773826873	0.945098446841362
TAG46:0FA16:0	0.726332831226323	0.624453750465015	0.253809223867	0.953484817562152
SM(24:1)	0.172042696269181	0.42217070030572	0.422403308752746	0.871534884054589
TAG52:7FA22:6	0.647887346405822	0.605175351401483	0.282396706794114	0.980621387676826
CE(20:2)	0.36545675975028	0.248793143755873	0.481394735912281	0.95816297948658
TAG54:5FA20:5	0.556574375224533	0.979618881000693	0.277365669989816	0.950101725735887
TAG45:0FA15:0	0.511237141927873	0.513530120711124	0.250747170569508	0.946443617663297
TAG56:5FA22:5	0.77932660993972	0.664160029711307	0.285298606818346	0.960433390313333
PC(18:0/16:1)	0.108506592992033	0.322790055676207	0.404476686410579	0.91518601167552
TAG49:2FA16:0	0.333806303815602	0.424877999753414	0.265104012738092	0.954262170827492
CE(20:5)	0.290250168472847	0.918225781305672	0.278395319715681	0.935278492009326
HCER(22:1)	0.373239491570551	0.338007906978156	0.189480010830593	0.940168545925252
TAG49:1FA16:0	0.188633301869421	0.238184100244604	0.241008165745671	0.962330743092759
TAG56:5FA18:1	0.684066787850278	0.631603751133394	0.280412551390208	0.97026570490042
TAG53:4FA18:3	0.529810620878669	0.413285095440885	0.272301620126137	0.972791690344092
PC(20:0/18:1)	0.97133546547375	0.989268069608256	0.286697628482221	0.947589332857175
TAG54:1FA20:1	0.727797440305521	0.665639547136586	0.253012034136766	0.945903574745918
DAG(12:0/18:1)	0.551028247591903	0.848311671577829	0.268572781438294	0.943190889687028
PE(P18:0/22:5)	0.482233360151303	0.545648525336092	0.34121162365043	0.886959749176135
