chemID	simpleLRM_Fstatistics	multiLRM(chem_sig)	multiLRM(sex_sig)	multiLRM(age_sig)
TAG52:0FA20:0	0.215728218539659	0.0620364462028562	0.1823586996227	0.732492206505613
TAG58:6FA22:5	0.320601624815284	0.557782601946177	0.225787688781529	0.801906795438682
TAG50:1FA20:1	0.556356182858551	0.237032523056109	0.188299414005007	0.727759104186702
TAG54:6FA20:3	0.590849589656808	0.297148671782219	0.203786432299792	0.811455955700682
CE(24:0)	0.17736707378922	0.611129485581011	0.19278583140011	0.795760961516887
LCER(22:0)	0.86727844021027	0.921844594810446	0.218855765087827	0.761388933251559
TAG48:4FA16:1	0.748371173066663	0.491376520916888	0.198399540125024	0.805679060725309
TAG51:4FA16:0	0.918621611435345	0.700388267143357	0.214695026514313	0.760505036993137
PC(16:0/18:1)	0.676564669722768	0.567712999129056	0.282056287010365	0.69398254410516
TAG50:3FA14:1	0.370798389639527	0.37608548292014	0.214028460816407	0.720762101139394
CE(17:0)	0.900494730578369	0.437838737902191	0.269812673477754	0.705713279044202
TAG56:6FA22:6	0.507107540193408	0.619585151442938	0.216562434085092	0.811762907286793
PC(18:1/16:1)	0.248037196472333	0.737959933663698	0.295183063025676	0.718355915072017
TAG53:3FA16:0	0.96194296578128	0.91239284003392	0.215845624100865	0.757581762424563
TAG54:4FA20:4	0.67693929384445	0.918239476890046	0.215341456427383	0.756789071388376
DAG(14:0/20:4)	0.156989059378271	0.0326625520739268	0.200638334414214	0.675676557368472
CE(18:2)	0.286659556192216	0.374139226895798	0.141525299811966	0.813498730920562
DAG(14:1/18:1)	0.897904817322011	0.891331040569194	0.22435205667421	0.761621639663253
DCER(20:0)	0.211127810133333	0.0598383197810605	0.154794925793186	0.939729848264855
LCER(20:1)	0.393113528868189	0.10620542959318	0.386960554964568	0.618166306826741
TAG54:3FA16:0	0.770229683057605	0.865057945940712	0.218709482141564	0.768558128893745
TAG48:3FA14:0	0.932064099787782	0.829064486763516	0.213331294413284	0.769504052348802
TAG56:1FA18:1	0.458170697553476	0.215762035923717	0.17937691917368	0.715288666992436
TAG58:9FA18:1	0.0813616321961236	0.262996422348738	0.234308215903255	0.86988034645762
PE(P18:1/22:4)	0.660913019838737	0.923887718042017	0.216594240316873	0.751081397688996
TAG54:4FA16:0	0.992930069351672	0.921444216639871	0.218679278136976	0.760569187211013
PC(18:2/16:1)	0.797282543173483	0.92544435006642	0.290951267572105	0.747560483123007
DAG(14:0/18:1)	0.796398293173376	0.437183741471402	0.200847420347308	0.726380977289438
TAG46:2FA14:1	0.191234834233742	0.375396675421712	0.206037603634444	0.731703850746449
TAG52:4FA20:0	0.283144320930373	0.255556858109792	0.201068962533426	0.76841511420596
PC(18:0/18:2)	0.867258931869551	0.669816994250407	0.360853893588993	0.711193782140452
PE(P16:0/22:4)	0.459569271198673	0.996740402913919	0.222350311920353	0.757018733607706
TAG50:4FA16:0	0.911759469825134	0.286189755422314	0.200771965237485	0.793928031105332
DAG(18:1/20:1)	0.673028469500726	0.982522682833672	0.217105195011908	0.756541336050441
LPC(15:0)	0.433371009020899	0.0313509738082752	0.0930320197604286	0.939703371043449
TAG48:3FA18:2	0.577724686994312	0.825690408199677	0.217464851963177	0.767786517877015
TAG52:6FA22:6	0.935125746671298	0.955560940662279	0.217288631902862	0.753999628338461
TAG56:7FA18:3	0.294208039902023	0.406333473372736	0.208230225083447	0.782252213100685
PC(18:0/22:6)	0.633431552768561	0.718021597739978	0.199139098724648	0.846718255190774
SM(26:1)	0.455166808922286	0.599645191610532	0.275702239438251	0.708842226052842
TAG48:2FA14:0	0.700632226916752	0.695647118300701	0.215749851019759	0.747918866223514
TAG48:3FA18:1	0.351852790012999	0.746945911602383	0.221769361290493	0.771120937114693
DAG(16:1/18:2)	0.719627834913307	0.648427076667591	0.200515584125522	0.783609838445418
TAG53:6FA18:3	0.563320468436508	0.729346992956094	0.232039561755644	0.765204407715855
PC(16:0/12:0)	0.436697294159485	0.908345303448056	0.215508498162163	0.778876600486968
TAG51:5FA18:2	0.258976724696941	0.42876722911322	0.207949172074835	0.771026846937924
PE(P16:0/20:4)	0.625446179344285	0.704423296806551	0.206364959835262	0.788747606342322
TAG49:1FA16:1	0.330801656919131	0.61569733852589	0.2132056605282	0.75221143132849
TAG56:5FA20:1	0.0877934290506943	0.249557824000858	0.21388758332217	0.775989256847882
LPE(18:0)	0.749355961429963	0.185875773142105	0.121385769541513	0.844458778242658
FFA(20:4)	0.830597292178181	0.984719576677834	0.21645985101472	0.756658793071226
TAG46:1FA14:1	0.306384138794659	0.138757273103691	0.128674288358775	0.762337398033921
TAG46:3FA14:0	0.906367259416182	0.743965781044204	0.213822293132771	0.74619083169582
PE(P18:1/22:5)	0.69595009004249	0.385913353356669	0.306948344026817	0.680129634328288
TAG50:1FA14:0	0.695420371303004	0.323032616808202	0.189604168063464	0.717754208863102
TAG56:8FA20:4	0.959555577988594	0.827681337416757	0.217268369116885	0.752693026646887
TAG56:4FA20:1	0.23418926719589	0.393172734766459	0.22968734880845	0.784025642314571
MAG(18:3)	0.441112970258949	0.66934311534792	0.290829232683435	0.725099431948104
PE(18:0/20:4)	0.919909910392186	0.328935133092439	0.160442634441963	0.87865362654116
TAG53:2FA18:1	0.826572593440573	0.577820715330669	0.211073346821267	0.72619536151015
TAG54:7FA22:5	0.464606951595051	0.431012307305684	0.222566074188975	0.797256030285754
TAG60:12FA22:6	0.381364479398303	0.87742645683738	0.216420781317327	0.773281311182435
PC(18:0/20:2)	0.536712944744174	0.372013784239097	0.4112912068161	0.699016071850316
LPC(18:2)	0.0428759567247922	0.0866451524320829	0.208540128910987	0.508496759051992
PC(15:0/18:2)	0.867467849755837	0.2811944843332	0.416549357405205	0.620010292349619
DAG(18:1/18:1)	0.537447347459666	0.567736537041738	0.215109154423967	0.799972130582216
TAG56:4FA22:4	0.564598322918653	0.797831249410461	0.209231392577022	0.765332805603403
TAG56:9FA20:5	0.0817831746254199	0.352818374039933	0.232428633998691	0.816312969293004
TAG49:2FA14:0	0.500701949947209	0.387360521318017	0.213064329323766	0.722026403273694
PC(16:0/18:3)	0.513173451551494	0.289726844322939	0.142011504277687	0.838654872705399
LPE(22:5)	0.930309966800691	0.920753957380268	0.215885868133528	0.752425874887229
TAG54:6FA20:5	0.156147812986152	0.334859400437439	0.251999636600164	0.835930809426211
TAG56:7FA22:6	0.262297422805434	0.428419339889196	0.22122433850895	0.839604745748785
TAG51:4FA16:1	0.920287719378859	0.412769874705862	0.186867666693409	0.837108183524778
TAG52:5FA20:5	0.578759503442524	0.835609603308164	0.222024056069927	0.765458324745292
SM(20:0)	0.178570442480379	0.469629424309119	0.160181133706265	0.818358862667125
TAG55:5FA20:4	0.618253695347344	0.456748359987955	0.199836028209071	0.727729151999313
TAG58:6FA20:4	0.875497990350283	0.857162327104406	0.21463728122148	0.745475534798041
PE(O18:0/20:4)	0.568578677023205	0.862039250994929	0.221766111741724	0.749673935617056
DAG(18:2/18:3)	0.264869602126483	0.188992347477772	0.197190034716727	0.766951095814322
TAG48:4FA18:3	0.259877688945997	0.340923026782426	0.224199627795018	0.795931315327085
TAG52:0FA16:0	0.87402040734922	0.621721061671446	0.199709814015875	0.748875635859323
TAG58:9FA22:5	0.0907437786827302	0.254133477985913	0.228549466506625	0.804925083059268
TAG58:9FA22:6	0.0784673401289216	0.263305338345547	0.234768380092519	0.868974462263501
PE(P18:1/16:0)	0.747479383706718	0.704240502332267	0.237442253315791	0.712081397564976
DAG(14:0/18:2)	0.835538791731434	0.558408533609059	0.21532233343375	0.749117630951346
TAG54:0FA18:0	0.548724082016186	0.97496798629597	0.218817681190003	0.759090173090227
TAG56:2FA16:0	0.325411986022974	0.248009704269282	0.186183016203518	0.749826451717574
TAG56:8FA22:5	0.187151760446087	0.277121687173195	0.210997891992425	0.833544274282954
PC(16:0/20:2)	0.90369703545453	0.66246860093292	0.283948937079065	0.709826101436615
PC(15:0/18:1)	0.399800138680758	0.256742422660888	0.404850064412	0.574765498555985
TAG56:7FA18:2	0.279820754790663	0.472226425506382	0.210371575487582	0.794101471474021
LPE(18:1)	0.970005741816505	0.938440825579934	0.215986025386786	0.776016465915606
TAG50:2FA16:1	0.335967063406575	0.973795750154559	0.217756250810482	0.756469131702659
PC(17:0/18:1)	0.832462549782483	0.0879298717273973	0.390753683898976	0.477546633487922
DAG(16:0/18:1)	0.818088055219466	0.771877613282515	0.214237286384697	0.753305606013495
LPC(22:5)	0.122693829105033	0.369293154232072	0.208584899886904	0.701236107267399
TAG46:0FA18:0	0.486878649310791	0.871451812413291	0.213403993664194	0.750950780473942
PE(18:0/20:5)	0.690359821765049	0.804985330258009	0.213414187524712	0.735912115446111
LPE(22:4)	0.45685005788188	0.418175261338782	0.210569582324861	0.87916678069973
TAG46:1FA18:1	0.831619376558172	0.617557838882894	0.204375869074039	0.736064198169633
TAG58:10FA20:4	0.504996528191166	0.3513479207071	0.224935099554276	0.718214895220475
DAG(14:0/16:1)	0.214343723580357	0.214216411674997	0.206529842041827	0.75844792404461
SM(24:0)	0.382645125597815	0.340853273639736	0.305949558712556	0.711680632525304
TAG53:6FA18:2	0.67580401213229	0.466214422344572	0.21435706046871	0.767008309422809
HCER(18:0)	0.112828645527818	0.10555644054397	0.0925543984158665	0.970019889845198
LPC(20:3)	0.891840703024277	0.798993698737011	0.217434796292593	0.733342174669207
TAG53:5FA18:2	0.221118863782562	0.350561196503856	0.219242814589852	0.752885490162796
TAG50:1FA18:0	0.463799667159824	0.388394690504445	0.195907409258273	0.742643985711499
TAG52:5FA20:3	0.73985422434298	0.941008415687543	0.217579307081568	0.753335708453972
PE(P16:0/22:5)	0.891083852796727	0.918712153640948	0.219210440445488	0.763611072098882
TAG44:0FA12:0	0.500118448224052	0.959790904738804	0.217034338783512	0.755466892716676
TAG55:6FA18:1	0.290910919176034	0.574639002786809	0.230856361020331	0.779944763548244
PC(20:0/18:2)	0.604019678477624	0.999142434385979	0.242734053204873	0.759167846116167
PE(P18:0/18:1)	0.676924465642258	0.415473567545617	0.292668330899663	0.664256978624949
MAG(18:2)	0.438275700201132	0.844444055524257	0.21418744396951	0.741757113897835
TAG52:5FA18:2	0.126696336735959	0.0952872862183535	0.173068275700442	0.805364510398035
SM(16:0)	0.768070305987351	0.74056934490377	0.285123727162037	0.709339288252626
TAG49:1FA18:1	0.301660907252032	0.17608258543772	0.187749128243373	0.720604965333496
FFA(14:0)	0.831900296954858	0.946634253074088	0.215700509808148	0.76603786056155
TAG56:4FA20:4	0.769519281063924	0.884556624293788	0.221516107229913	0.768229668215695
TAG46:2FA18:2	0.491434608100901	0.952095265384804	0.216348352012039	0.755520255297522
FFA(16:0)	0.860615332830629	0.949979538928506	0.215655780121639	0.759798321776739
TAG52:5FA22:5	0.734444638803884	0.688963402547558	0.218598594467404	0.760443067719913
PE(P18:1/20:3)	0.250506675542166	0.23230626511414	0.328265401493915	0.675050014312845
TAG56:8FA18:3	0.355552502216935	0.255890346421248	0.199450106103555	0.800015803726559
TAG46:3FA16:1	0.731747299693389	0.793444093663559	0.21420039583557	0.773302991661214
TAG50:1FA18:1	0.558703140689553	0.737644466832775	0.211348181977513	0.761035507876383
TAG44:0FA16:0	0.561552038858222	0.905948770899266	0.214797572054308	0.753762469824359
CE(22:5)	0.68172109392246	0.702918188952131	0.195378715056215	0.786826161799325
TAG49:2FA16:1	0.34006649828913	0.731453537011736	0.21893924485031	0.741436463495516
TAG53:4FA18:1	0.874862304407461	0.732757075773724	0.215060014651651	0.733260373945771
TAG52:3FA20:3	0.422741246134794	0.635041279126554	0.209687566446445	0.764449472754406
TAG49:1FA17:0	0.317213997503236	0.245612813209175	0.196449207241594	0.736377227687989
TAG56:7FA18:1	0.144901064846086	0.217082047734806	0.23014928777711	0.868963722716829
TAG50:2FA18:0	0.745676220653945	0.438376426584995	0.208219617254628	0.745035778677246
TAG44:2FA16:0	0.82021839667119	0.409564386343079	0.18620684460986	0.780047513414784
TAG44:3FA18:2	0.77320222000414	0.65033418747481	0.202332650597835	0.777248545803659
TAG47:0FA15:0	0.560961156316245	0.564068290462965	0.20009098283452	0.758971916353672
TAG54:7FA16:1	0.921674187028583	0.462334230018501	0.209722965688064	0.822733944871235
TAG52:3FA20:2	0.710264696192952	0.914099763245406	0.218389522274053	0.751829925772589
TAG52:5FA16:1	0.203832620574053	0.11428859989255	0.173816957023553	0.855061610947673
TAG51:2FA15:0	0.745135802930358	0.586384544111461	0.208144789632697	0.72374148056637
TAG54:7FA20:4	0.884317058692626	0.477823486986569	0.219819257026389	0.762539868447382
PE(P18:1/18:2)	0.989694501250287	0.50650933708833	0.310035358982996	0.68778228422193
TAG52:1FA16:1	0.463071067685963	0.523138378928169	0.212929767943944	0.730818085122575
TAG47:1FA15:0	0.377411732853279	0.326223604108577	0.196307160882613	0.727732479249509
TAG50:5FA14:0	0.182770137616129	0.331559251642849	0.20846177591751	0.772382856916174
TAG55:1FA16:0	0.182298146779391	0.350687661188408	0.223380477000269	0.840799038559273
TAG56:3FA18:0	0.908465351713199	0.935517500938137	0.216968278463494	0.75185270071175
TAG50:2FA14:0	0.904505385664949	0.745365648247825	0.215382048452022	0.735886318218966
TAG56:2FA18:1	0.844654573578822	0.880389903650066	0.213178709090972	0.753387201943374
TAG51:3FA18:2	0.904559037393666	0.939932751848731	0.217892514386926	0.753774989587778
PC(16:0/16:1)	0.102471761725498	0.167239263147247	0.342583663262504	0.662120466364337
TAG51:1FA16:0	0.347943849974173	0.29750668644511	0.193232466489422	0.755509607672488
TAG52:3FA18:1	0.641816774410219	0.362888237867219	0.206956989765576	0.803503244570921
TAG56:4FA18:1	0.372953506485485	0.477535396732487	0.217438620354138	0.813289860409611
TAG54:4FA20:1	0.323327579691892	0.303435414830637	0.195243339497175	0.828823956045664
TAG56:7FA18:0	0.0953331089647785	0.40474657053599	0.235323691611422	0.830324454652303
TAG54:4FA18:3	0.0691795539300893	0.108776732386465	0.197212569579572	0.785416300279933
TAG56:7FA20:3	0.5517285679127	0.822865005939573	0.215149660383954	0.760064326046288
PE(18:0/18:1)	0.497959266925495	0.732054086540839	0.231287750957736	0.75346133112825
TAG50:4FA14:1	0.79328919351247	0.864152984959017	0.218463743435813	0.751750063370691
TAG47:2FA18:2	0.755056455114799	0.331826321332811	0.201101790607036	0.736784670943222
TAG50:5FA18:1	0.457401952999608	0.331276118153782	0.210653948967811	0.814382766850491
TAG53:4FA18:0	0.994664269905672	0.458067847163084	0.207981120739345	0.770140105081028
PC(16:0/20:3)	0.112587375218572	0.189187375610013	0.389200977621604	0.671114529075779
TAG56:6FA18:2	0.378737121991296	0.629423840443627	0.21550822986206	0.771405641046962
PC(14:0/20:4)	0.571785087317038	0.239741058648182	0.311949113380064	0.742407721571281
PC(18:1/22:5)	0.489205563886271	0.384562539514228	0.156221718065143	0.764846290699653
LCER(24:1)	0.999725783186993	0.950714394314361	0.21872816750699	0.754591474508812
DAG(15:0/18:1)	0.571950210883603	0.344011201674665	0.218155762560484	0.776068467652941
TAG45:1FA16:0	0.369586440831024	0.28968766069864	0.191183051812079	0.73667074283045
TAG56:4FA20:3	0.859669374763027	0.978549784204191	0.217044604271798	0.756178708449222
TAG60:10FA22:6	0.353841299070918	0.744363701844482	0.218477435961166	0.790469137090055
TAG54:5FA22:1	0.0671527953614156	0.128574214799201	0.199897612392918	0.726734942399522
PE(16:0/22:6)	0.986013830030286	0.355955143257754	0.147825232058918	0.97686513111479
LPE(18:2)	0.332142594427041	0.267270273814406	0.189029810161841	0.595845379765854
TAG54:6FA20:4	0.859146446650036	0.701455631773281	0.226030091782782	0.754510000255705
TAG54:2FA18:1	0.398206407548831	0.478776471088442	0.234890908806554	0.782872526997652
TAG56:8FA16:1	0.219678963890207	0.332842146148409	0.20476880401302	0.854638885185147
TAG58:9FA20:4	0.36151225177858	0.324702531501477	0.20861277155057	0.745537866634883
PE(16:0/18:1)	0.11965169330994	0.367790052432453	0.266585723410338	0.711542785323876
DAG(16:1/16:1)	0.672655309470476	0.576274441618024	0.216595054660666	0.782270486660018
PC(18:1/22:6)	0.666395383581271	0.839686945794134	0.246413198798019	0.729168909369911
TAG52:4FA20:2	0.577922547215934	0.549892509907172	0.202077990675514	0.812720268409574
TAG42:0FA16:0	0.605769882980663	0.824495145777228	0.210809863948575	0.751120822877449
TAG52:2FA20:1	0.500214874820624	0.482678209633402	0.211483842490021	0.724981327832663
TAG52:4FA16:1	0.342205495001255	0.151280497828195	0.175398025630806	0.875215353177735
TAG58:8FA22:5	0.108690336084581	0.238186873809424	0.230791034973629	0.820691861820912
TAG56:8FA16:0	0.219706861202498	0.432524069607524	0.222537927090541	0.822191585975508
FFA(20:2)	0.292565614722919	0.544158055016161	0.242683143147195	0.801899081833542
TAG46:3FA18:1	0.888962873542164	0.402482696450998	0.182748740921659	0.780292713263161
TAG50:4FA20:4	0.450104020194714	0.445285319954648	0.198027440833711	0.758807847807305
TAG53:2FA17:0	0.824933197053393	0.551103397239787	0.214890570662124	0.718230912909921
PE(18:1/18:2)	0.882330767434998	0.670253645997625	0.260957024716223	0.746425207991034
TAG51:1FA17:0	0.319687113753328	0.2605489692079	0.194661779589303	0.744195393839445
TAG54:2FA20:2	0.981432911891065	0.995448592707957	0.21750355170439	0.757306790237332
TAG56:6FA18:1	0.447779556472349	0.60045320155646	0.221433318539563	0.794086681097217
FFA(22:1)	0.274135955265823	0.654607940587529	0.209793984330066	0.729121749489339
LPC(16:1)	0.394642279565063	0.822772696051533	0.210521997436204	0.759796243153117
PC(14:0/20:3)	0.105777530391701	0.267340118544838	0.358922216702898	0.705932409611841
TAG48:3FA12:0	0.351019344535937	0.800802886320304	0.220378882652044	0.76826246702637
TAG54:6FA16:0	0.60608097035988	0.43337351258442	0.235569070651617	0.786055425936975
TAG46:0FA14:0	0.70154656282367	0.611882177447575	0.201720843790291	0.75594265345456
FFA(22:5)	0.59487342029581	0.692670098178773	0.208762814715851	0.733585749745506
TAG56:2FA20:1	0.656885862445247	0.965238516132118	0.220051427321609	0.759077944840866
TAG58:5FA18:1	0.810213085608098	0.819993869261909	0.217543659021372	0.770135427967036
TAG50:4FA20:3	0.6638437854272	0.626284466484708	0.210953429871545	0.7330200806522
TAG52:1FA20:0	0.174676990614129	0.0531415813087273	0.194944518587836	0.668340976756221
PE(O18:0/22:5)	0.898359631235598	0.8038646162687	0.237039703902941	0.746451668261683
TAG53:7FA18:3	0.207187392224888	0.484622146133865	0.23072482460861	0.759582124921459
TAG50:3FA18:0	0.967434205809093	0.553501308246167	0.21239444078469	0.75647542601429
TAG46:3FA18:3	0.263891534830258	0.73101463522642	0.225932238483985	0.764585108942964
TAG54:7FA18:1	0.0341106704716876	0.094498034911745	0.21081180476681	0.811831601433546
TAG55:4FA18:2	0.360718965179762	0.760761039895752	0.217326227132846	0.744733840319705
PE(P18:0/22:6)	0.617737397150482	0.550089519615352	0.178251416620111	0.94716243883151
FFA(18:1)	0.805542243299993	0.804239828396421	0.21262713601414	0.772373955389694
TAG50:5FA20:4	0.572232134849947	0.640108256096962	0.206455042509996	0.744660043410629
TAG53:3FA18:1	0.781560750359979	0.881956538037185	0.21601241363212	0.767204502079961
TAG50:5FA16:1	0.715838102225254	0.0637891021301418	0.152071256211088	0.919522757409369
TAG50:4FA16:1	0.784053138689762	0.109156101723212	0.154411183454102	0.886195048991655
TAG52:4FA20:4	0.474989132754689	0.713286010912946	0.208766173175582	0.76838439927492
PC(18:1/20:5)	0.122566779705287	0.678248848330585	0.201871010937805	0.818809366884413
DAG(18:2/20:4)	0.601216325765735	0.619702036286015	0.221007219494745	0.760531195279959
TAG54:7FA18:2	0.028302605999794	0.169285209668267	0.196449649269757	0.690277763311043
TAG56:7FA22:4	0.585000298744882	0.400615544910459	0.227896467655812	0.766851377437062
DAG(18:2/22:6)	0.234771429731545	0.590166287593918	0.216666287253261	0.804655319138523
TAG49:2FA15:0	0.503794441507763	0.515579576692402	0.213689912150232	0.748575495159735
TAG46:3FA12:0	0.381477403619116	0.745001141702107	0.218291323311398	0.77288937675366
TAG47:0FA16:0	0.637031888926779	0.60706148360895	0.201761250652797	0.757595725126646
PC(18:2/18:2)	0.621032378339802	0.829144250136487	0.261639588267716	0.758427257992394
PC(18:2/20:3)	0.361919211895184	0.402728374808988	0.374714384859878	0.737810651581886
CE(15:0)	0.765776887296139	0.419323256792304	0.293030735210376	0.673070687834784
TAG54:1FA16:0	0.408377536589832	0.134852962243715	0.170857809505433	0.723691797141045
TAG49:2FA17:0	0.36913643806836	0.239202806470144	0.214391104688553	0.721331811838221
TAG54:8FA18:3	0.0184604447041049	0.0927781734370002	0.191997194406625	0.656177898590639
DAG(16:1/18:0)	0.190623447160087	0.325781388793534	0.212280389671851	0.739159118639394
PC(16:0/18:0)	0.504473176499983	0.522597766009259	0.333512500130771	0.69913349134903
TAG54:5FA18:3	0.01738039475088	0.01827500904218	0.183844647986469	0.821292076117112
LPE(20:3)	0.47759052185979	0.722959641431612	0.240682794006144	0.773772220924964
TAG55:1FA18:1	0.0768303035889161	0.291404123566864	0.249546692971334	0.844330368496764
TAG55:2FA18:2	0.0946421503172253	0.309444195935847	0.226976300316207	0.818212195701944
PC(18:0/20:4)	0.463002132291253	0.534118214087113	0.194061906613021	0.767456958984725
TAG54:5FA20:3	0.919612145507233	0.715639405821792	0.220531111804858	0.768577573227444
TAG56:3FA20:1	0.304512061016889	0.465046228457381	0.238446100076927	0.788632294530587
TAG48:3FA14:1	0.275472025439311	0.635988355348925	0.219296250323221	0.745830012726205
TAG56:8FA20:5	0.0574077645316582	0.243873365738383	0.242490708088342	0.846167885237332
DAG(14:0/16:0)	0.602059112580091	0.306703494430736	0.189914466909579	0.751327857411443
SM(26:0)	0.879427191278822	0.332402315167237	0.339526176198189	0.688218751869222
TAG51:4FA18:2	0.503623303219758	0.628428493409474	0.211182028678038	0.772718174785952
TAG56:7FA16:0	0.161631069740334	0.303134870825863	0.215014216276758	0.855209469381127
TAG48:4FA18:2	0.16034657304487	0.45616775269167	0.221601839500336	0.764556258301893
TAG50:5FA18:3	0.30757977886649	0.256794826690641	0.19359490781694	0.790243317218222
TAG53:0FA16:0	0.208247958866922	0.289122658642947	0.249190964015721	0.827593335932835
TAG44:1FA16:1	0.555089389787425	0.421299680518881	0.207022028744984	0.721483275685585
TAG60:11FA22:6	0.299578640767047	0.754718322989522	0.216904073449527	0.793587974262395
LPC(20:0)	0.132749115580973	0.227039898173946	0.175193133621451	0.70761404846754
TAG52:4FA14:0	0.639136036176117	0.477602736243568	0.211514678691865	0.720950030564962
TAG53:6FA18:1	0.931951568434927	0.789995596207953	0.20526754438324	0.759875102436482
PI(18:1/18:2)	0.612168259506088	0.484840515078424	0.292246594654177	0.848918294925116
TAG52:4FA18:0	0.567779452536752	0.334812720440377	0.195652564636719	0.823137742306644
PE(18:1/20:3)	0.288374707775706	0.870379035868009	0.251554174643924	0.741376940614602
MAG(16:1)	0.560564255803661	0.793188054542974	0.223228823140263	0.743785841987469
SM(22:0)	0.942083638145102	0.722020300642535	0.292764506125786	0.73712379851204
TAG55:8FA20:4	0.580285590951483	0.176644992330868	0.243079871466538	0.691230285478581
TAG58:6FA18:1	0.578011820664975	0.606387027161077	0.220868408748567	0.796147344836507
TAG56:5FA16:0	0.864116830794159	0.950721307008882	0.2192676647216	0.757293421100763
DAG(18:2/20:5)	0.18878455300886	0.601405318644356	0.217047484894827	0.788083481441936
TAG58:2FA18:1	0.879246286479763	0.942027530760842	0.214990797564776	0.755387556154285
CE(22:0)	0.753961850784133	0.240348523950726	0.314000494279793	0.620163392084826
TAG54:5FA22:4	0.410887870634998	0.787119971732536	0.209853715238317	0.76440099114637
TAG58:3FA18:1	0.836664386585063	0.86641093974378	0.212826682406361	0.754067848041641
TAG56:3FA20:2	0.587350534043723	0.710918206788602	0.217520808915131	0.79355159013116
TAG52:2FA18:2	0.763801773273716	0.711214032542777	0.217901993497316	0.763535313273412
TAG53:4FA16:0	0.899776353880576	0.955106119377964	0.217486986685961	0.756421892862559
LCER(22:1)	0.390132728329155	0.666291242914817	0.272121512669588	0.761678284073145
LPC(20:4)	0.112345069295943	0.0758079043733835	0.433125008963614	0.506006195162101
TAG48:2FA12:0	0.470427391091069	0.939809582407745	0.218897323627739	0.761494890647615
TAG58:7FA22:4	0.64990642111472	0.576273377471958	0.229398758481916	0.762450209307813
PC(18:0/18:0)	0.765157615338864	0.911408823264148	0.222962859862899	0.766940617431588
CE(18:3)	0.905815190438028	0.78765200240718	0.269644518387235	0.745483508655254
TAG51:4FA20:4	0.259010221721822	0.226823321720155	0.189606754366801	0.74871012340391
TAG56:4FA20:2	0.440137159630181	0.567333209233987	0.208712710329801	0.814688468294749
DAG(15:0/18:2)	0.494143323402067	0.670143320648829	0.235735622484401	0.777094627677337
TAG46:1FA16:0	0.973620966043025	0.65717588763221	0.206083646108373	0.74343896946698
DAG(16:0/16:0)	0.611468531854077	0.627729790351275	0.210321961656373	0.763994308057442
TAG54:5FA18:2	0.0769436926261378	0.146200688312849	0.200187679733022	0.716248865208434
TAG42:1FA12:0	0.385644806549625	0.896194047022166	0.221971622698253	0.7631203950113
DAG(18:1/20:2)	0.768111923348094	0.419884729141428	0.229882417391517	0.682069233776736
TAG52:7FA16:0	0.916156310762539	0.737000731700549	0.207239716929267	0.756965535886837
TAG55:5FA18:1	0.43435296128918	0.690641464448053	0.218884211529294	0.764544709633966
TAG52:2FA20:0	0.843506869485354	0.558555797999686	0.212139460446662	0.737358001684652
TAG46:1FA14:0	0.456468309882583	0.404505870817606	0.200008501904333	0.732598744671163
DAG(16:1/20:2)	0.191465931613827	0.204150586217731	0.262656367938056	0.710415027281542
TAG53:5FA18:1	0.45521631755144	0.477500003845753	0.217107018356308	0.753194909336154
CER(18:0)	0.75058173024204	0.951421027312576	0.221232886159348	0.765676938668218
CE(24:1)	0.536188695351834	0.575862384681467	0.23928160941334	0.740714642569259
PC(18:2/20:4)	0.849932243242664	0.979166509228498	0.228979212509282	0.760630115094771
PC(16:0/16:0)	0.827677855365386	0.5866848404391	0.309111923936681	0.692803161139861
TAG50:6FA20:4	0.805252585478528	0.97165989761421	0.216706619839632	0.756127980333627
TAG52:2FA18:0	0.926476314447366	0.814690911667176	0.217740314167652	0.758668973629867
TAG55:2FA18:1	0.266350958065654	0.695721195151312	0.231083791609393	0.765209905054677
CER(24:1)	0.83833144948234	0.890153356000131	0.234871493050344	0.738185310719615
PE(18:0/18:2)	0.932180687400653	0.814876728106697	0.209247958559694	0.77724747864369
TAG52:0FA18:0	0.985814451685223	0.787500657983437	0.20760759651837	0.752947595429841
TAG50:4FA14:0	0.350596131983066	0.553226644681049	0.208712372172718	0.777750250831991
TAG52:2FA20:2	0.558546310550696	0.715523067286933	0.214242539807295	0.755416386425542
TAG58:6FA18:0	0.278724442582382	0.204764356188082	0.209763914945631	0.882532846392601
TAG55:6FA20:4	0.594487388804174	0.549686487327451	0.213408570898306	0.740438805187486
PE(P18:0/22:4)	0.768472274432561	0.676386924962513	0.205923079394911	0.749225616701296
TAG51:2FA18:1	0.547610279710629	0.577584108185002	0.211107576880051	0.723111984217659
TAG50:2FA18:2	0.889357738440424	0.927526592917184	0.216700800600262	0.75553749801843
TAG53:3FA18:2	0.857982505255642	0.879328822402651	0.219154827799361	0.749643393158961
CER(24:0)	0.478578058503699	0.0535665465497795	0.268594285296754	0.472258248389488
DCER(22:1)	0.91750770164836	0.776788987422044	0.218456527392732	0.755548918456206
TAG46:2FA12:0	0.512967712675251	0.97097375091763	0.217997403363796	0.758762183283248
SM(22:1)	0.915662238972311	0.966311419095669	0.249876460605821	0.764420654868636
TAG48:1FA16:0	0.339405122151544	0.412298246122397	0.201942408434802	0.758950134134535
TAG56:3FA18:2	0.901484592963179	0.923349015207232	0.215550195719145	0.756613399490509
DAG(18:2/22:5)	0.481705275800652	0.737388090203668	0.212938524446058	0.767739005072855
TAG57:9FA22:6	0.685341635437906	0.953243179046898	0.221042696175147	0.75625954446528
PC(18:1/18:1)	0.625101855314548	0.508350592629404	0.314446129394598	0.720801641730013
TAG52:4FA22:4	0.610687909903731	0.519162778698457	0.196170257157035	0.774791069997207
PI(16:0/20:3)	0.402663545434269	0.376669974514543	0.34329575379809	0.71966177468808
TAG50:2FA20:2	0.531938774619888	0.421063963337882	0.206591291165456	0.733443068316807
TAG58:10FA22:6	0.0834034426523955	0.321968563692755	0.228743991625962	0.842251804220334
TAG54:4FA22:1	0.140956380061116	0.116128740629496	0.21459712222337	0.79117447322343
TAG42:0FA14:0	0.50195236484679	0.995230945297964	0.21795816176413	0.757258913472109
TAG47:0FA17:0	0.668340480003771	0.432684596812157	0.193596692768448	0.751900479762344
TAG48:2FA16:1	0.293624489667956	0.847323749408773	0.219057923399148	0.752526056719496
TAG54:3FA20:2	0.722278516642193	0.845798318034228	0.218877747575125	0.770803205634732
TAG42:1FA16:1	0.747552869692173	0.497738713181824	0.199343358667364	0.740430262069218
FFA(18:4)	0.349238649488984	0.311291844398	0.302085521707138	0.740426433801431
DAG(16:0/22:6)	0.834481965766308	0.874173264821851	0.215307095177058	0.77401809933966
SM(14:0)	0.780369831644684	0.962472241559526	0.229383879180856	0.772263271285252
TAG47:1FA16:1	0.375224682784235	0.601128719636937	0.213905883525463	0.747459111154962
TAG51:4FA15:0	0.460691892018381	0.732343114110692	0.216477478118648	0.770042585331909
TAG47:2FA16:1	0.306815444956192	0.690142641662036	0.219557569235614	0.738010918798142
PC(16:0/22:6)	0.269320088586825	0.410669028588192	0.169297816919991	0.939720071969027
LPC(17:0)	0.144334977128793	0.243338698642923	0.17282314381445	0.815075336615325
TAG55:3FA18:1	0.40411741073505	0.793501381449994	0.226599059285732	0.75704113107662
TAG46:3FA18:2	0.803804227342032	0.64879396695028	0.207930294255358	0.753488061949739
TAG53:1FA17:0	0.548213803360066	0.265023706451939	0.189390902894245	0.727819968423784
HCER(24:0)	0.513485157544202	0.545390354159376	0.186704557649959	0.831684580716788
TAG53:6FA20:4	0.634441335523318	0.991807963983747	0.217675134014034	0.756914386181231
TAG54:3FA18:2	0.311631064990442	0.374756880453844	0.216984982197257	0.781092766962111
TAG48:5FA18:3	0.0771748211797235	0.273622925471843	0.226322834440801	0.752853853276385
TAG50:2FA14:1	0.24326181342447	0.14874426114172	0.186867259831012	0.718465264148208
TAG52:4FA22:1	0.258430137512067	0.136109784477965	0.188544976093825	0.830408593305902
TAG52:1FA16:0	0.892149806975129	0.885854257951386	0.214048305050229	0.754798865997384
TAG54:4FA16:1	0.575958002855039	0.474716476956084	0.198007360400743	0.828247827942355
TAG48:4FA12:0	0.138456071489977	0.458394058374988	0.223824248834706	0.772225409664127
TAG58:7FA16:0	0.653827348637571	0.413333442496963	0.199918680071554	0.782313127261135
TAG51:2FA16:0	0.398008662275139	0.564782510529931	0.215842455822018	0.742798650919853
TAG56:6FA18:3	0.201063920986319	0.395398184670339	0.198916434829981	0.792327370679171
LCER(16:0)	0.519910246909153	0.674081076199031	0.240717388460472	0.789769945595133
TAG52:6FA18:2	0.0968278756266654	0.0488250826444781	0.177417431871627	0.855820307414103
DCER(22:2)	0.899358358118459	0.807643931211568	0.236992743667609	0.721812660565373
DAG(18:0/18:3)	0.708681517172006	0.855955937696437	0.21505579812553	0.760103416604814
TAG48:2FA18:2	0.886089830870975	0.629765386376787	0.213161725376386	0.750105848256753
LPC(20:1)	0.558934461371906	0.236840336489529	0.188415087589317	0.736104085256595
TAG54:8FA20:5	0.125204208852635	0.290142593207464	0.236759916872861	0.838747759901767
FFA(22:0)	0.478963106363539	0.670552975145397	0.203204709018481	0.75938564021813
TAG53:1FA18:1	0.9961158733191	0.56524439452917	0.199114158647968	0.745029593820434
TAG55:6FA20:3	0.52340225391457	0.670449152151473	0.231749750413055	0.754131468194269
TAG51:4FA18:3	0.68987452230658	0.443096309785787	0.213111756610078	0.785363017703357
TAG58:10FA22:5	0.0808468986797385	0.317591164188617	0.231047799995227	0.806286089700849
CE(20:0)	0.139957160626236	0.731817302392686	0.204842410955645	0.749342556970553
FFA(14:1)	0.566154026936084	0.82994235979369	0.230762346721319	0.760035941524271
TAG48:1FA16:1	0.320175249006986	0.71845108237424	0.213580576239017	0.764791074383308
TAG53:2FA18:0	0.614608029485125	0.372954688472965	0.20733550817722	0.742430690739951
TAG54:6FA18:2	0.0587462745397031	0.194571942874866	0.195844162846293	0.68564358773459
FFA(12:0)	0.621968724683992	0.952602881333095	0.216645247755463	0.765986292250006
TAG51:1FA18:0	0.336083291349486	0.143264760333591	0.177968994546304	0.730203653841566
DAG(18:1/22:6)	0.386198126470243	0.771270294405692	0.214765252586167	0.790957872687816
DAG(18:1/20:3)	0.624983469165832	0.54398481323361	0.211758284400627	0.735254480825845
CE(20:3)	0.260145420847932	0.21205669497129	0.393991852485985	0.740402173806152
TAG36:0FA12:0	0.318388160366731	0.60636754410035	0.21416398759129	0.783796615203316
TAG53:2FA18:2	0.905358061662448	0.667406851286962	0.213418141541855	0.754682125514632
TAG53:1FA16:0	0.524180204959306	0.943424513595824	0.221529327475918	0.756727703693176
DAG(16:0/18:3)	0.764464335674955	0.476323925199955	0.210531450733812	0.746203885084123
PC(18:2/22:6)	0.614108001074896	0.352948404503936	0.302846284355973	0.658268943852197
PC(16:0/20:5)	0.127958292826597	0.713407773822169	0.208224254832296	0.813279562495581
TAG47:2FA14:0	0.622925492815601	0.371743393749301	0.205254090853899	0.728952218071568
PE(18:0/22:6)	0.8340449881516	0.752408875764039	0.204094151137167	0.84274957061511
HCER(24:1)	0.38067165438955	0.298667728191416	0.162755763597353	0.829367732634822
PI(18:0/16:0)	0.51570551970427	0.424247848505171	0.169862763292992	0.683104951508949
TAG53:4FA18:2	0.590417270421164	0.807726166067631	0.212791941171962	0.766168774081623
TAG54:5FA16:1	0.949172109922312	0.59920979791712	0.210145006428883	0.791758023647412
PE(16:0/20:4)	0.695837927997045	0.680603120401663	0.197384909727437	0.818424459852733
TAG52:1FA18:0	0.859601281445574	0.789762354575877	0.209686898853768	0.754599034700514
PI(18:1/18:1)	0.151541986792796	0.0769224179785748	0.319025144289589	0.972446650883964
TAG54:5FA20:4	0.664189622363753	0.913060545755173	0.215091712666942	0.758202198550623
DAG(18:1/18:2)	0.666125454952125	0.530293065704226	0.203465251049472	0.786451142275055
TAG56:8FA18:2	0.173281128097495	0.385717621935367	0.218448370047671	0.816120028145597
TAG56:8FA18:1	0.0788241192533086	0.299520299599873	0.239691679799888	0.844473228329407
TAG46:1FA16:1	0.319841525887663	0.488928250842866	0.207771233892175	0.751666507850529
TAG53:5FA18:3	0.297700594917401	0.211077538820637	0.19194930610397	0.799781969528655
DAG(18:0/18:1)	0.766848727141983	0.985369545750794	0.216781593591179	0.756645259150121
TAG42:1FA14:0	0.762007481832641	0.40302925791595	0.18915899794337	0.729517471938636
DAG(16:0/18:0)	0.384337362625376	0.334879288275965	0.192865112942832	0.753835483664582
TAG46:2FA16:1	0.480533068983336	0.701416591226127	0.218197650644037	0.739003746072943
TAG56:7FA16:1	0.217327638990343	0.132755040125529	0.192483442667792	0.930039716820651
PC(18:0/22:5)	0.683433515427228	0.789361700039029	0.28165454913215	0.729416865100565
TAG47:1FA17:0	0.638549488895718	0.271506677848826	0.19645172552533	0.723377932879284
TAG49:0FA17:0	0.539023937487771	0.552485168005178	0.201425119096322	0.760335425116022
PC(18:0/22:4)	0.239212198492775	0.210899243028178	0.294919447502811	0.917048345669892
TAG54:8FA22:6	0.334457308140583	0.43674879833086	0.219564265636983	0.827417140704052
LCER(20:0)	0.73005758773954	0.909809079124967	0.218040591551724	0.759936382115141
TAG44:1FA14:0	0.838443536630229	0.656215846655232	0.206645218370976	0.735902172327688
TAG50:3FA20:3	0.285977179065159	0.248342136513781	0.189768221380288	0.746947212916124
TAG54:5FA18:0	0.074008994407313	0.17902477600858	0.189877670971259	0.738544454065746
TAG48:1FA14:0	0.468255904525417	0.331175694358735	0.196295799900821	0.737351346117458
TAG40:0FA12:0	0.312337714679375	0.716637622525728	0.226287741340069	0.774014756437714
DAG(16:0/20:4)	0.271593733368523	0.199602259557869	0.212219614583805	0.781212670933863
TAG52:6FA16:1	0.148114281254676	0.0430295867813792	0.160813032572535	0.879472810709688
TAG54:0FA16:0	0.293337855144244	0.0342868554397783	0.153363990825881	0.68537363200988
CE(22:1)	0.365233298836881	0.497890096732537	0.168741746592868	0.817529595848124
DAG(16:0/20:3)	0.255527946196092	0.217043123572728	0.21795307996923	0.753683844131661
TAG52:4FA20:3	0.463719945825329	0.812522295815802	0.214105041123373	0.753186329783775
TAG51:3FA16:1	0.567472098571641	0.841932549067822	0.212820188103038	0.774390213009621
TAG52:3FA20:0	0.524183385040728	0.389628494485211	0.213551671547543	0.781007034210536
TAG47:1FA18:1	0.426355403365269	0.199260872245762	0.18751133794455	0.708935385027562
TAG53:3FA17:0	0.833112287241732	0.937749901279274	0.218742847190727	0.752568270284867
TAG54:7FA20:5	0.128095130351489	0.289622935897066	0.244539780236367	0.838212217831034
TAG56:6FA20:5	0.136074265129903	0.575101733571231	0.232470431874009	0.815704494674595
TAG50:0FA18:0	0.731304136030594	0.679372513546485	0.203293859501146	0.760051386095449
TAG50:4FA18:1	0.608912148617418	0.557117216053607	0.209271214567498	0.787146643517629
PE(18:1/22:5)	0.361180400557411	0.996766694871167	0.233956090631875	0.761774062696526
TAG46:2FA18:1	0.750354800233274	0.357829311322724	0.189144469458853	0.728045467432588
TAG47:1FA14:0	0.394840057766288	0.267448377192534	0.190963976355783	0.720057620246498
PC(18:0/18:1)	0.444332682378383	0.418730628515156	0.355526287868928	0.686435626550443
TAG50:0FA16:0	0.655837527525544	0.676726142891122	0.203873094590212	0.765208059407435
TAG54:6FA22:6	0.998531490792279	0.85379233700093	0.218197988502188	0.772049440987747
TAG56:7FA20:4	0.979845997698459	0.819664671741888	0.221087482105286	0.752175168483438
TAG52:4FA16:0	0.276896763324433	0.270548809330206	0.200082146358082	0.770055708327566
TAG42:1FA16:0	0.680124259583338	0.404251730663219	0.184565031890428	0.765760530169577
LPC(22:6)	0.049572744659078	0.0783376338586994	0.238195744380482	0.896413328506749
PI(18:0/20:2)	0.297689525574415	0.630519372388503	0.30997788360325	0.688552167447946
TAG52:2FA18:1	0.945851212670648	0.737217973496076	0.21992037043331	0.775016441857959
TAG52:3FA16:1	0.663082332280698	0.2619890907702	0.191203843796656	0.853035541666877
TAG51:3FA18:3	0.937639917276448	0.879484632982702	0.216001121836751	0.758370371832126
TAG52:7FA18:1	0.986095452721937	0.905694440469851	0.215090142893076	0.753348822142961
DAG(18:1/22:5)	0.441332700941824	0.506135847323922	0.211195306605578	0.810595110325682
TAG56:5FA20:2	0.2239539881406	0.451721139016044	0.19918546605648	0.833143172732324
TAG46:1FA18:0	0.722101389916457	0.202143404078082	0.168703694553529	0.739601847004592
TAG56:5FA20:4	0.447283185569795	0.708365559775853	0.225026255890316	0.778788147068925
TAG56:2FA20:0	0.676772029659753	0.875718689955461	0.222358164797252	0.76112107833712
DAG(18:0/18:2)	0.88339838166802	0.966310425386919	0.216722762861193	0.757742989800205
DAG(16:0/20:5)	0.73602899244275	0.395678558397229	0.209726394049955	0.726988307235385
PC(18:1/20:3)	0.0701147428733321	0.128157833471171	0.492827246463111	0.703032449376057
DAG(14:1/16:0)	0.68579810008389	0.48211397162533	0.203219859687921	0.804546990446167
TAG48:5FA18:2	0.0900852342385782	0.359643850695393	0.226242845735691	0.749242610682926
TAG54:3FA18:0	0.26266249283209	0.296688276358828	0.214456396012358	0.78915041813502
TAG49:3FA16:0	0.84903048800961	0.848817208777826	0.215865282687774	0.759534085329269
TAG49:3FA16:1	0.652689738904761	0.724389659512625	0.209478452042916	0.782775914154892
FFA(20:0)	0.757952187033532	0.510130286730561	0.191595130463998	0.814125029226235
PE(P18:1/18:1)	0.555809324087063	0.104269345126416	0.389370138371239	0.607321499323414
TAG54:8FA20:4	0.631086883331822	0.698169568390279	0.215274912224236	0.767773436478278
CE(14:1)	0.175354794684771	0.0718932378729254	0.337634661867931	0.709507044962024
SM(20:1)	0.535019391627365	0.226921697979886	0.0970212597326078	0.941201707007393
TAG51:0FA16:0	0.85542523097403	0.633752848583953	0.201982676123573	0.758847778456533
DCER(16:0)	0.038187104765335	0.0699055178610873	0.318805910605419	0.681010283002047
TAG56:6FA18:0	0.254798495857371	0.532428279159668	0.2212979061365	0.799921004749864
TAG48:4FA18:1	0.152489931558368	0.454130419136897	0.23122091719649	0.778163964104582
TAG50:1FA16:0	0.535859302178111	0.73143829799839	0.210631532298408	0.7644871497292
TAG52:5FA14:0	0.619354245629681	0.578823975152391	0.208543536418836	0.73795087539569
PE(P16:0/18:2)	0.479675379599303	0.935850395674895	0.23709342615005	0.749624971053841
PE(P18:0/20:5)	0.357025648113741	0.608511915982412	0.229136801690661	0.684724401590858
CE(18:0)	0.533355439632046	0.481863788877051	0.293699567382749	0.732419109670233
PI(18:0/20:4)	0.905144997278075	0.740336812573677	0.201829284147351	0.771619438559224
TAG49:1FA14:0	0.404166471471004	0.194846954496681	0.191375359857587	0.712431204348964
PE(O16:0/20:4)	0.639848828033764	0.740592902897925	0.228830448387259	0.746696189812866
TAG53:3FA18:0	0.691440614858716	0.694354931517547	0.226325658203907	0.74655050243061
TAG56:5FA20:3	0.735477727228599	0.759935092663479	0.218855652287047	0.775917195062921
TAG48:0FA14:0	0.643398301303647	0.402665318759203	0.191492895952428	0.739492884906394
FFA(17:0)	0.191890308858063	0.428886372391806	0.25026117164261	0.753914934589211
TAG50:5FA20:5	0.960371983767086	0.596474771948926	0.20158053222963	0.73491138308355
PC(16:0/14:0)	0.140054476542724	0.0596994646946328	0.419708868885661	0.538221275715752
TAG48:2FA18:0	0.322761577974036	0.842599789492684	0.222843975707032	0.762093206559331
TAG50:5FA18:2	0.35651656988009	0.511868669754227	0.20706460538285	0.757307619291298
TAG52:7FA20:5	0.372487261222303	0.843663600639297	0.222278434588597	0.770391056979336
TAG48:1FA18:0	0.620411811060469	0.798284623103312	0.210314218527068	0.747684439071082
TAG56:6FA22:4	0.955530467311595	0.792948591114239	0.225504604353203	0.750219101161452
TAG52:2FA16:1	0.808441750538355	0.721025735522846	0.211968896146337	0.78236628370019
TAG49:0FA15:0	0.36253670623107	0.214182664576298	0.181111034584326	0.745497320240906
TAG46:1FA12:0	0.689283807422004	0.787969201546443	0.210968773789569	0.746151915711969
TAG51:3FA15:0	0.824756710538954	0.945388707216227	0.217639408331159	0.761626492632827
TAG54:7FA18:3	0.0245406063648615	0.126749828656834	0.192704709479853	0.678563926818351
TAG57:2FA18:1	0.0817368721961493	0.293727769808614	0.239993961551827	0.859775415844992
PC(16:0/20:1)	0.12825452551697	0.285040768698166	0.24005848358072	0.700940107915727
TAG38:0FA12:0	0.371691961638963	0.634561471677882	0.215194409538829	0.781656450031255
TAG49:0FA18:0	0.487877264950394	0.265836103510553	0.182474600948135	0.739295589213252
TAG51:2FA16:1	0.365128006129667	0.741796803703284	0.221582757016816	0.736888322649874
TAG54:3FA18:1	0.184863788810196	0.157405741509515	0.242547213328464	0.823231365201979
TAG54:3FA20:3	0.599334344796953	0.785269427904786	0.210890833427718	0.750940687160977
TAG58:7FA18:0	0.212250714292859	0.435243234871062	0.219228918584676	0.838072164428725
DCER(24:1)	0.360680286603356	0.514311132333589	0.26958241517986	0.678729930502296
DAG(16:1/18:1)	0.759535467172733	0.835291798471549	0.213833567174961	0.769479300324521
LPE(20:1)	0.327787113463124	0.41320392246448	0.21628949591871	0.794256066712222
DAG(14:0/14:0)	0.550456424399717	0.297910985344529	0.188939893556218	0.716352839742917
TAG48:2FA14:1	0.151558863778495	0.303991715309906	0.202534711371999	0.739828596967923
TAG56:9FA18:3	0.211622466082759	0.192235645527355	0.210512811596339	0.82550092235752
PE(18:0/18:0)	0.46648255271901	0.880496280129762	0.215160299457877	0.793046480836585
TAG50:3FA16:1	0.77172823827643	0.426314712159594	0.194971924696752	0.796056690408103
TAG51:1FA18:1	0.374714023480127	0.290925920077013	0.194887765433397	0.735261485839956
TAG52:1FA18:1	0.915056203270866	0.966533860282975	0.216859847368597	0.756160569619896
PI(18:0/18:2)	0.682912027023793	0.703509077339877	0.279925603579538	0.786290107527346
TAG49:1FA15:0	0.341263606362654	0.254800100070318	0.19043606437576	0.742013854142223
PE(P18:1/20:4)	0.658740754873247	0.779941486771964	0.209883602640482	0.761253350248137
TAG51:0FA17:0	0.447624651469358	0.329595176380519	0.189784279877742	0.753955829017532
TAG48:3FA16:0	0.602752789808663	0.778588638600722	0.216673117551057	0.753438681493478
CE(12:0)	0.434927997568138	0.488255481011509	0.282024672601862	0.702347769362435
TAG53:1FA18:0	0.549696752502064	0.230960939963177	0.182279815374462	0.746528482381694
CE(18:1)	0.96115957779173	0.621586622557552	0.271555034516097	0.729139270828265
PE(P18:0/20:4)	0.521529237758525	0.429293419099705	0.190401697513266	0.817197554142775
TAG54:3FA18:3	0.745781819221117	0.307944966119253	0.207308344201672	0.722094889208451
TAG54:4FA18:1	0.103560268068717	0.0948968185497252	0.223008757961388	0.794377334015339
TAG58:8FA20:4	0.471475571249115	0.401187004850649	0.198191355744882	0.75487240907432
PE(18:0/22:4)	0.662890257716008	0.722699312899599	0.21161234164754	0.755418715590518
TAG44:2FA18:1	0.846012135755987	0.349040686875074	0.176147183413346	0.761010024909054
PE(16:0/20:3)	0.0260393653999711	0.0749571675140903	0.448427472244156	0.573528566092835
TAG46:2FA14:0	0.76689189880798	0.520923012242392	0.209799342445927	0.733858328642476
PE(18:2/16:1)	0.390450457408664	0.904109429583172	0.235744712065072	0.744534694033491
TAG56:4FA16:0	0.580018928051476	0.734027711143658	0.21044337376943	0.753026264295527
DAG(18:1/20:4)	0.455133848347822	0.441220334700442	0.208544671003209	0.755240503400575
TAG52:3FA18:0	0.645597636594584	0.43931298226214	0.201285684632422	0.785486419684195
TAG58:10FA20:5	0.436526599403167	0.808016726323301	0.215977992640409	0.738165118380404
PC(18:0/18:3)	0.853568425652482	0.730646096905984	0.199559035312784	0.78062728897195
TAG55:7FA18:1	0.719039469035222	0.718731611543182	0.206600350094219	0.742708505581952
TAG60:11FA22:5	0.437882459644626	0.891162710451352	0.216535377687771	0.768852578605986
DAG(18:2/20:3)	0.553222412171852	0.412213368677992	0.222538375631946	0.732068214374199
TAG40:0FA16:0	0.3332037237289	0.791675901985604	0.228489485152351	0.766717439903451
TAG54:5FA16:0	0.883620744390571	0.909461942592741	0.220397153239043	0.759214548439315
TAG58:6FA22:4	0.712754067333404	0.553667919536648	0.237526929352296	0.765033971080785
TAG56:4FA18:2	0.311862913855272	0.465371622510878	0.219498264381587	0.773187139504188
PE(O16:0/22:5)	0.980770811727071	0.474655515376692	0.278546750078909	0.711115294168572
PE(O18:0/22:6)	0.237369734283235	0.61191632437866	0.190245372812603	0.861150712258835
SM(18:1)	0.803632765375234	0.480713479395638	0.157567274804079	0.853792421699057
TAG51:5FA18:3	0.272251327112595	0.193352212455946	0.200527878327277	0.798872985156446
TAG54:6FA22:5	0.94823921562455	0.660423508092487	0.220959012165747	0.772745654656464
TAG56:4FA18:0	0.796948246596122	0.758600307259825	0.216718963829335	0.784460040849152
TAG51:3FA18:1	0.855266674955536	0.971002917665122	0.217095555978443	0.760877321201093
LPC(18:0)	0.147974432494503	0.0214317064297769	0.0742982939710488	0.759680045017177
FFA(20:5)	0.578228989629664	0.280410441314205	0.212696607337572	0.733580783870952
TAG54:6FA18:1	0.0164531056166467	0.0504358852039241	0.191925419110828	0.769888038704356
TAG52:6FA18:1	0.141152791245108	0.132847560949945	0.226148379656328	0.887806588014774
PC(18:2/20:2)	0.13347039711694	0.128332179525355	0.105552172097886	0.909538461392108
PC(16:0/22:5)	0.291549633977387	0.357086376363993	0.148712321393743	0.89691956293197
TAG45:1FA15:0	0.537540666701824	0.326510114187029	0.199168648876148	0.722996159084474
TAG50:3FA18:3	0.793229089436118	0.579845545923758	0.215265493995961	0.741571187461635
TAG48:1FA12:0	0.471894659067321	0.967155124877714	0.216935572632121	0.755685494189559
TAG52:6FA20:5	0.674097861729278	0.895106692539649	0.221526534446735	0.764944570633277
TAG53:5FA20:4	0.398940111998395	0.594062964814873	0.20852018169838	0.744544325009359
CE(20:4)	0.273926185160773	0.546326228823596	0.198856043046196	0.745625393301989
CER(22:1)	0.23090108062768	0.772299252148233	0.273724867929203	0.718727840898714
MAG(18:0)	0.242202541827229	0.021908105290619	0.195305027845502	0.873947693087629
TAG48:3FA18:3	0.842108352645567	0.990200414763396	0.216620623228393	0.75702152583563
FFA(18:0)	0.71013985379896	0.969736231731621	0.216016790458386	0.75693360246326
TAG52:4FA18:2	0.255528723906949	0.199061661472976	0.188800639355308	0.789886790684969
TAG42:1FA18:1	0.414926096238266	0.999746259063886	0.219701374364857	0.757266950253237
TAG60:10FA22:5	0.322700733299431	0.621612557059001	0.220643773680357	0.786191623593451
DCER(26:0)	0.618521646653095	0.525549384131708	0.218640510364589	0.780486406030816
LCER(18:0)	0.903423606849039	0.541257116162277	0.176368385848184	0.804293558104131
TAG42:0FA12:0	0.343531504229265	0.844820218132892	0.221236157413928	0.767536435303261
TAG51:3FA17:0	0.64434761523157	0.989411934292287	0.218862674107146	0.758695184359948
TAG52:6FA16:0	0.223451865389128	0.0773958804015154	0.209719090190967	0.787366550771337
CE(22:4)	0.879897698590008	0.790789947835564	0.240098633710019	0.762537494945517
TAG48:4FA14:1	0.533063186445213	0.706241838536581	0.208406370702274	0.7784177809485
TAG50:3FA18:1	0.899567364656219	0.845255322328721	0.214944894536126	0.770044580040497
TAG53:4FA17:0	0.556363234732813	0.913380293588855	0.215538088126175	0.762117524418171
PC(16:0/20:4)	0.272429470355889	0.488724894295272	0.201938147378857	0.759848682549855
TAG44:1FA18:1	0.860546290190519	0.502586359663995	0.193861839049773	0.738325057606779
TAG48:0FA16:0	0.708346757979863	0.856472477071109	0.212451479480446	0.764118830032394
DAG(16:1/20:4)	0.257336888933985	0.491336390649671	0.216306678417379	0.760394632248789
PC(17:0/18:2)	0.52211110589814	0.760309343289792	0.29263824151549	0.715493016256588
TAG54:4FA18:2	0.11057917743757	0.125597394601643	0.209997219147059	0.780453106581184
TAG50:0FA14:0	0.756512063191065	0.244846699318953	0.176273670262846	0.714233976064484
TAG58:7FA20:4	0.792541083577497	0.594806436945777	0.209275040455983	0.732705038523962
TAG52:4FA18:3	0.238909559656218	0.102254770643478	0.206391193196378	0.788773805568415
FFA(16:1)	0.745480151991972	0.746271641243482	0.206406288679039	0.784373568654712
TAG51:3FA16:0	0.755469818828955	0.864041673465803	0.217858590019262	0.754316792652163
TAG50:4FA18:3	0.690165767610427	0.269862450775961	0.197873384991228	0.797820448329542
TAG54:4FA20:3	0.776572065697416	0.895334788436823	0.214688906793969	0.753113986714937
PE(O18:0/18:2)	0.783778849699506	0.949800534243849	0.24480432565778	0.752521345268378
PC(18:1/20:2)	0.460507591878358	0.903395919708879	0.254739114839053	0.752586636255462
TAG49:2FA18:1	0.464391383278796	0.562342444935606	0.215638891006161	0.720270644155635
PC(18:1/20:4)	0.736651423346311	0.939385288392983	0.223087282490416	0.759024274304502
TAG47:0FA14:0	0.647334694813497	0.463402036365827	0.196689661266399	0.740964314551507
TAG52:8FA18:2	0.882364319433671	0.984180450078478	0.217029275225783	0.757432648625556
FFA(22:6)	0.741594769209294	0.898291794263624	0.214213857110275	0.745217433962015
TAG47:2FA15:0	0.606675671273124	0.465017925268553	0.2094226340735	0.731069979628243
TAG48:2FA18:1	0.878594731722502	0.855788424480332	0.213935932513857	0.747343873346118
TAG55:4FA18:1	0.355856395021396	0.595670733169842	0.22921848582481	0.747383533182187
TAG52:3FA14:0	0.919595982257174	0.626916806315078	0.218805991178863	0.722081658023272
TAG46:2FA16:0	0.537998500366919	0.98411089325124	0.218149784233878	0.757744907201324
TAG54:4FA20:2	0.554053111250768	0.684861505967016	0.211099825075374	0.793155532474661
TAG48:4FA20:4	0.906942845274691	0.682351982850364	0.206575211666579	0.741540223468256
TAG56:3FA18:1	0.42340765872052	0.568874688371003	0.230379069206351	0.781260109445914
TAG54:7FA22:6	0.748597862417263	0.632598152661049	0.2134392793978	0.804607110318683
TAG49:3FA18:2	0.633418680387723	0.823901418171568	0.221621718861036	0.745789873688695
TAG52:3FA16:0	0.556845684427024	0.37452380118287	0.210145117958412	0.79307876307207
TAG54:8FA18:2	0.032647366029956	0.126123142469244	0.203642769499581	0.738441298409043
TAG54:6FA18:3	0.0249680449966872	0.0691192729135506	0.185012531101676	0.741801094606077
TAG56:8FA22:6	0.206920797038745	0.438412035741829	0.221507610747854	0.828972766439772
TAG58:8FA18:1	0.0571203919483873	0.185420464929481	0.246466479586105	0.893659695872938
TAG55:7FA22:6	0.508273260531368	0.813597470030898	0.216983129104387	0.789393987234691
DAG(14:0/18:3)	0.647648376209529	0.68124405999509	0.215625943278344	0.767861908942211
PC(16:0/22:4)	0.736186579692337	0.644219201795977	0.23850759918421	0.784881518030599
TAG56:9FA20:4	0.773539662932677	0.69567124961796	0.215480595914812	0.75651189038776
TAG57:8FA22:6	0.21059164691485	0.462850505256492	0.218071921024437	0.825009215590983
TAG56:2FA18:0	0.895039333669818	0.913768691197427	0.214986642723707	0.753827153395262
PC(17:0/20:4)	0.138458927385788	0.79054176070929	0.212167629595092	0.774594607203964
LPC(20:2)	0.232619315389894	0.100890423635094	0.156845402960351	0.678181793056539
TAG45:1FA18:1	0.625885195237171	0.297510388806299	0.187597080725684	0.726647087954092
TAG52:5FA20:4	0.359099720033675	0.764271790588641	0.210679787044513	0.761998030441827
PE(18:1/18:1)	0.420662357813994	0.468768564607675	0.220868609580619	0.766188818813807
PE(P18:1/22:6)	0.718902794502665	0.643731589724142	0.191045830385242	0.875280793132069
PI(16:0/20:4)	0.314022112261891	0.754697306671135	0.263581928843046	0.762045655984079
TAG49:3FA15:0	0.79547388484054	0.869560884120876	0.214946258167763	0.765235711016558
TAG51:2FA18:0	0.795375419583083	0.535063002838912	0.207107662341043	0.754151824674299
LPE(20:4)	0.975268342042226	0.783491021711449	0.216844199222268	0.720861925721215
TAG44:2FA12:0	0.483510560904515	0.909340608018803	0.215231489330288	0.753188057203252
TAG56:1FA16:0	0.35240586044526	0.253947977325938	0.17892398235465	0.736230270391749
MAG(15:0)	0.296541884697033	0.756720577256536	0.223668264934425	0.76059438804054
DAG(16:0/18:2)	0.766557296194597	0.669702248344237	0.211583151835804	0.753494001214404
HCER(20:0)	0.0466058826595052	0.07449176055372	0.110653823670124	0.915641207410335
LCER(24:0)	0.99822330407901	0.891959404663505	0.232106232640573	0.75232913198007
TAG49:0FA16:0	0.513037142583714	0.466377544879826	0.196535779854387	0.762342606838853
TAG50:3FA18:2	0.958300360000633	0.688860398031487	0.209534611132908	0.776855871119623
TAG55:7FA20:4	0.633423325613567	0.53855500502882	0.23300712613309	0.731672375296181
HCER(22:0)	0.367816476827104	0.45532480406893	0.180422410783079	0.806346185463359
TAG58:7FA22:5	0.128636168791431	0.231996115855518	0.241375107283677	0.849777917923185
FFA(22:2)	0.53611139029076	0.682858431774295	0.206385584072311	0.737589325285978
TAG44:1FA12:0	0.851568804391385	0.624937592285748	0.207696056563339	0.732213179656855
TAG46:0FA12:0	0.484740325192169	0.946793059184779	0.216534375357347	0.754628118493787
TAG52:6FA14:0	0.967803017380128	0.984834315354	0.217278233812743	0.756590247100984
TAG51:2FA17:0	0.493482859897048	0.586330964322625	0.221122944991588	0.745236635939905
TAG56:3FA20:0	0.58731639482612	0.797094048319142	0.221725130848605	0.757045936899905
PE(P16:0/20:3)	0.216886750739433	0.163066033450827	0.36443859425807	0.580999311321947
PI(18:1/20:4)	0.15528776188458	0.65525899646659	0.261589451815256	0.782562217992882
DAG(12:0/18:2)	0.392417642289316	0.731702328372452	0.222581992952316	0.759207437420713
TAG52:2FA16:0	0.93733789387691	0.682040677382742	0.219290366991766	0.775162835154712
TAG52:3FA20:1	0.889826253614906	0.900368197361622	0.218022757120897	0.749938104029223
PE(P16:0/22:6)	0.315741731110272	0.257408030768329	0.144457280669563	0.964688903197411
TAG56:5FA22:4	0.712032184634103	0.993769312203801	0.218624170354718	0.757342546939514
TAG56:9FA22:6	0.188310862710115	0.387344140765876	0.218316837000403	0.831650693433148
TAG55:7FA20:3	0.311930896698055	0.639050317581082	0.231287322278286	0.758665104963213
TAG50:5FA16:0	0.877374465938242	0.409603423481417	0.223023093070345	0.792358905614442
TAG56:3FA16:0	0.609914348475532	0.459759354067648	0.209585436511244	0.737983143816828
MAG(18:1)	0.366952250316873	0.774638890647888	0.222020921522891	0.79184317026812
PC(18:1/18:2)	0.773363830892448	0.427599701155051	0.38941559387224	0.728375137738968
TAG56:6FA22:5	0.274120497291005	0.3967011750676	0.226615250793832	0.812832927463061
TAG57:3FA18:2	0.0802293338638881	0.331926961595987	0.227392837475229	0.830283098746937
LCER(18:1)	0.96827606419947	0.784515930471718	0.226967391197663	0.749322221487694
TAG52:8FA16:1	0.399861373135666	0.46827002705258	0.212190222140689	0.736458902656137
TAG58:8FA22:6	0.101901808284859	0.270110548943368	0.236988866275145	0.872020649432655
TAG50:3FA16:0	0.869491213313346	0.476420692948169	0.200545328137278	0.77195499878676
FFA(24:1)	0.254203089066993	0.42236379588224	0.197401006443394	0.766717661909851
TAG55:7FA15:0	0.468280529134143	0.947113069553268	0.21742430169298	0.768171081568483
DAG(16:1/18:3)	0.678745157289803	0.76069719638078	0.213698477522638	0.762529213608531
CER(20:0)	0.850974188159975	0.749229924858823	0.203393011086506	0.8087548751596
PC(18:2/20:5)	0.326871159317548	0.879181732976025	0.22501508305501	0.742933222309079
TAG52:5FA18:3	0.148816336682499	0.0569660033584275	0.181029621855646	0.762347236527245
TAG51:0FA18:0	0.551713721373121	0.318190755313888	0.183231063351359	0.75319734057815
TAG55:3FA18:2	0.247465994435048	0.682651361157215	0.225270275569727	0.74857204000003
TAG42:2FA18:2	0.271967850688492	0.821134007242849	0.227919947109519	0.761739766612909
PC(14:0/18:2)	0.518483335351527	0.484723487456782	0.370989132221053	0.675535692404642
TAG50:3FA14:0	0.770242937383095	0.951559185524368	0.216699627984181	0.761678739860522
TAG54:5FA20:2	0.331040898549654	0.373841030045457	0.194037118798985	0.831218171815197
FFA(20:3)	0.925498888971693	0.922664147361319	0.215942807454908	0.751687838663197
TAG56:6FA16:0	0.297561272969568	0.336093093327916	0.219345491069087	0.817916069646419
PI(16:0/18:1)	0.184705107778838	0.142972554741488	0.336653375828505	0.875180988264537
TAG52:3FA18:3	0.370780781536801	0.277933122139399	0.213610091573344	0.759872640443303
TAG58:10FA18:2	0.114010135295483	0.384450334527511	0.226806304920886	0.821025480410378
LPC(16:0)	0.0347696665956285	0.00757621308906326	0.114367368525683	0.712325356954797
TAG44:2FA16:1	0.501803162745681	0.486663894927213	0.209521827091923	0.735946038999901
TAG56:10FA18:2	0.24772490744608	0.667173536483758	0.225264936150391	0.751517313953751
TAG56:5FA18:0	0.423417826971924	0.61532394374628	0.22130471170326	0.792635533492591
DAG(14:0/20:0)	0.0351277488463907	0.00117482592326847	0.504725626186633	0.607443356695046
TAG52:1FA20:1	0.495032988018917	0.4185779545503	0.194644269655251	0.757357792939442
CE(14:0)	0.650932376481064	0.234663715094908	0.380312519552478	0.623922459516008
DAG(18:1/22:4)	0.768139691673513	0.851025515522025	0.215368822490242	0.749950723083794
PC(18:0/20:3)	0.0307191933919933	0.0599648119070443	0.577687893738673	0.627512685235515
TAG54:2FA18:0	0.465115793095052	0.573744086094377	0.229590697706613	0.775554014986575
TAG56:7FA22:5	0.222284839507021	0.355390817403876	0.215792039423684	0.807118879539862
PE(18:0/20:3)	0.205636029893373	0.426712249659712	0.341484876678891	0.666769739958823
TAG51:1FA15:0	0.444426766483204	0.180924015961949	0.175518387529696	0.722103973219786
TAG58:7FA18:1	0.07463657320473	0.090993851632925	0.2320581922322	0.941146902092331
PI(18:0/20:3)	0.194272468761247	0.221516640580493	0.471051160848729	0.605137945339345
TAG51:4FA18:1	0.440586153667547	0.28575662045332	0.206206801301082	0.793246888686431
TAG52:6FA18:3	0.0918822872150554	0.0342594455259755	0.157264380772725	0.801089412522874
TAG44:2FA14:0	0.41101970122505	0.9987124326728	0.217813756743501	0.757250409907194
TAG50:5FA14:1	0.918675476744785	0.969457991270705	0.217561465885053	0.757157233868901
TAG54:2FA18:2	0.638128091734746	0.800922356961035	0.218024907135392	0.762018873186235
TAG48:2FA16:0	0.505099537785725	0.590277800638302	0.213280702779556	0.75204228185792
TAG56:6FA20:2	0.199793454824597	0.511907647634665	0.200106009578423	0.803400531078738
TAG56:5FA18:2	0.233600814616242	0.438215749820258	0.203411277679778	0.803176099684683
CER(16:0)	0.373834292798702	0.500487160301926	0.285060659915011	0.648709271575152
PC(18:2/18:3)	0.781554418216827	0.922973477205606	0.216539919119157	0.758675022873671
TAG49:2FA18:2	0.557891308447142	0.366721408548015	0.210391920954305	0.748722440237883
TAG54:3FA20:1	0.665409091092344	0.775014276682818	0.217765559145581	0.773788124425584
TAG44:0FA18:0	0.600467517817222	0.540952776027759	0.217313123293204	0.760490028955201
TAG54:1FA18:0	0.574255211621912	0.850629750629884	0.223853935493563	0.763952891162068
FFA(20:1)	0.455153575291308	0.656128599888177	0.226974711705594	0.790959952200428
TAG48:4FA14:0	0.979910530724469	0.635314402234878	0.208463941945835	0.791415572247101
TAG48:3FA16:1	0.598704639991748	0.801267495959019	0.211178329098618	0.775769877886106
TAG49:3FA18:3	0.988739354308454	0.913239800525892	0.217241250402173	0.756887787973514
SM(18:0)	0.588557938335796	0.49267257178068	0.165470423603393	0.848428699697412
PE(P18:0/18:2)	0.622956575087219	0.962354235336435	0.232236318936548	0.770211199788098
TAG53:2FA16:0	0.98823157331129	0.729528359102182	0.208333911616109	0.761546799666245
PC(18:1/18:3)	0.747712917365789	0.7965313058163	0.207820378596307	0.775151334431636
TAG53:4FA20:4	0.371574047070794	0.347971796444795	0.199306834245399	0.747821026793845
TAG46:3FA16:0	0.427498826771847	0.829208749020813	0.223101132296411	0.759560493110826
LPC(18:1)	0.218605583687587	0.103107575303157	0.188404497880771	0.651186006417255
TAG50:2FA18:1	0.528415325047415	0.837600340512283	0.217726256256088	0.747688315205085
PI(18:0/18:1)	0.246993142143004	0.120193131526934	0.333885662584785	0.930910758125648
TAG48:1FA18:1	0.551730314449537	0.386171670977928	0.197810952589017	0.734964789377691
TAG54:4FA18:0	0.115476150501387	0.220507847240332	0.195932382767824	0.75973185437696
TAG54:6FA16:1	0.720534036920316	0.753268783648399	0.21434452917447	0.776364598627008
TAG56:6FA20:4	0.88212385740767	0.87260201847158	0.222509141518625	0.760644251870723
PC(20:0/20:4)	0.193639186022766	0.335752318786918	0.192631579268212	0.808499330815503
TAG54:1FA20:0	0.441541035391454	0.203658743528169	0.181237947753642	0.717862922922129
TAG44:2FA18:2	0.538835033915563	0.736891172430627	0.207810602092828	0.75506511760901
PC(18:0/20:5)	0.270979352832469	0.868121029868743	0.212455776464708	0.783363205305664
TAG58:7FA22:6	0.235045097399236	0.458991085334965	0.222694962993237	0.84189098419119
TAG52:3FA22:1	0.423167549232659	0.354081559568032	0.20835991245244	0.796802724186002
CE(16:1)	0.23265804100266	0.186399635680185	0.409273752027735	0.685438900420754
TAG54:2FA20:1	0.948833558377179	0.938951219322877	0.216316918416749	0.754124460882901
TAG44:1FA16:0	0.5406493224503	0.254962664532875	0.178025353707047	0.741865483274831
DAG(16:0/16:1)	0.548056973925634	0.79900265976909	0.216887810715823	0.750633885851563
TAG46:3FA14:1	0.333807678233672	0.435786679620925	0.212541078284492	0.728690674908182
TAG52:6FA20:4	0.45741058973921	0.831167904112541	0.214305820803282	0.755891529557476
CE(16:0)	0.449331512116043	0.792084558454093	0.205415337204994	0.775765310440642
PE(P18:0/20:3)	0.51088639994915	0.599114283052881	0.29070929725877	0.674245587895635
DAG(12:0/16:0)	0.500765448792226	0.810878365080865	0.209954818251376	0.769175095919126
TAG45:0FA14:0	0.749951847642333	0.632623385619181	0.202828382774648	0.747148936823293
FFA(18:2)	0.514139113823553	0.392775625445194	0.190694169291922	0.779805904297548
LPE(16:0)	0.23709901775213	0.0222886248304856	0.111888215364429	0.867007711997059
CE(20:1)	0.312933675248765	0.640024188933496	0.195725885691282	0.741268579639973
DCER(22:0)	0.177059507397204	0.0792892131690101	0.296697877603102	0.661292992057518
PC(14:0/18:1)	0.181862861940169	0.241827535096702	0.387717353876251	0.609096923725759
PE(18:1/22:6)	0.485065835246615	0.210033193664201	0.124117319716969	0.898953075906702
TAG48:4FA16:0	0.868217968361049	0.77686497733412	0.217311294909073	0.764882675387437
TAG54:2FA16:0	0.946298719063281	0.80761796993927	0.211301256476558	0.747879283352418
TAG58:9FA18:2	0.0627490529622337	0.238916775536452	0.227678092487307	0.855147117395575
TAG52:5FA16:0	0.138179007678677	0.107913637146412	0.195312862431521	0.742180898530261
FFA(15:0)	0.605917213080915	0.822713698415157	0.209991169867881	0.773013623321374
TAG52:5FA18:1	0.176624861371268	0.0524090339050043	0.170837636887831	0.92014639675806
TAG54:5FA18:1	0.0437395207932995	0.0805776749398948	0.202504959736449	0.752581556769324
FFA(24:0)	0.268075153596118	0.36512752353778	0.174361687847413	0.999720797573456
TAG54:5FA22:5	0.818528019767598	0.988975337348806	0.217309075233456	0.756992681891132
TAG58:8FA18:2	0.0925376607474898	0.17837529880772	0.21926133000549	0.863156607350589
TAG44:0FA14:0	0.956043069320316	0.688399213657519	0.205371992841485	0.743306364266116
PE(P16:0/18:1)	0.936782295719824	0.551040985362854	0.270399237074207	0.681670317841051
CER(22:0)	0.25323331780763	0.106981518573642	0.322582812552106	0.553713316084252
TAG52:4FA18:1	0.254948738624118	0.0930163308316808	0.174320661035258	0.869860105208909
TAG58:8FA20:3	0.59642158425555	0.425461268982627	0.212228044219372	0.721825330100557
PE(18:0/22:5)	0.743904965874277	0.232004529222638	0.137829296016415	0.935575094940449
TAG47:2FA18:1	0.462316079055916	0.279514396241143	0.195668228030871	0.704607040007169
CE(22:2)	0.222485064491956	0.822752784248134	0.21015003519067	0.764793251411626
TAG55:5FA18:2	0.431979614843148	0.825299338352646	0.214020326770135	0.745742901663762
TAG52:2FA14:0	0.630302298837501	0.230576592103313	0.197985406009047	0.695339900194172
FFA(22:4)	0.614634223936704	0.722644068214835	0.213855867859187	0.781347313151136
TAG54:1FA18:1	0.662499865892852	0.950033902120149	0.220022593805756	0.759563211136861
TAG40:0FA14:0	0.522992810492276	0.779033602193545	0.21784400209094	0.772012293105262
DAG(16:0/22:5)	0.656598343136534	0.616661280358795	0.213102094152788	0.772431835305868
DAG(18:0/22:6)	0.661070975537133	0.804969832030444	0.231002914335109	0.755329918934482
TAG47:1FA16:0	0.391907204571468	0.3759056703179	0.196711778989441	0.746029359368194
DAG(18:1/20:5)	0.256404439795375	0.761843336284496	0.220368771153834	0.780340904576219
TAG54:3FA16:1	0.707245605770843	0.634165106841107	0.208611227206922	0.803685088828895
MAG(16:0)	0.462815628037208	0.113625893773147	0.252354720785689	0.842059643553273
PI(16:0/18:2)	0.364758934825878	0.534198669049723	0.298694173702587	0.802172716266779
CE(22:6)	0.264408259948268	0.494122543842586	0.181701363591033	0.884386678227798
TAG46:4FA18:2	0.514007102055866	0.61360172020403	0.204565520697287	0.79180041482411
CE(18:4)	0.848686807880481	0.88392406886029	0.240268048846614	0.747423521917972
TAG54:2FA20:0	0.917394409063621	0.706187331155194	0.212747568672453	0.753166660916942
TAG56:6FA20:3	0.6563218734295	0.791645063143594	0.215919798807645	0.768853608833484
DAG(18:2/22:4)	0.201227189458309	0.489337288911699	0.205365747642338	0.796634709324229
DCER(24:0)	0.187234477136639	0.128012827386788	0.288407487138724	0.578867044113659
TAG58:6FA16:0	0.780062532895428	0.595450402548645	0.200181277733879	0.810722908106634
PC(16:0/18:2)	0.670132034151484	0.82609579157923	0.289850916718016	0.7369082890076
TAG52:3FA18:2	0.573094053217295	0.414462400011526	0.210302800633348	0.790611553665378
TAG48:0FA18:0	0.971204535192264	0.534072608971786	0.196402392383104	0.739168566593148
TAG58:7FA18:2	0.344127680756633	0.433176329459637	0.21130798701237	0.808373178378849
TAG50:1FA16:1	0.344474867252983	0.787250157395889	0.21516652544588	0.755257687710757
LPE(16:1)	0.105350988166589	0.504865262908819	0.238367121004012	0.770144121658571
TAG48:1FA14:1	0.195665690616642	0.207251953293725	0.18259511618916	0.753827236474392
TAG51:2FA18:2	0.607011032512065	0.497234680844161	0.217395566275652	0.750165607797214
TAG50:2FA16:0	0.666756649470053	0.924437370019596	0.216732890573363	0.756256385302079
LCER(14:0)	0.184619121291867	0.10758564116705	0.340691685227989	0.644285331365133
LPE(22:6)	0.540347075107664	0.598144836627662	0.206448340324242	0.816133708433461
PE(18:1/20:4)	0.549496146178744	0.0808397507123627	0.113328770691821	0.99417212507125
TAG54:4FA22:4	0.407732886907777	0.583858569492176	0.199439936918583	0.786387977489686
PE(16:0/18:2)	0.726198386492991	0.942704527473716	0.222328112672807	0.764842680497616
TAG50:4FA18:2	0.408984496603806	0.491563047570274	0.201221567243329	0.787555255908868
HCER(16:0)	0.871183114401401	0.788537255108153	0.207537530393473	0.779125245888469
PE(16:0/22:5)	0.87811027891528	0.51227741210258	0.173124037984288	0.898087549909456
PE(O18:0/18:1)	0.971682725514055	0.918914755260184	0.21805762406332	0.766329441996724
TAG44:1FA14:1	0.336264184322457	0.375516881068302	0.194208875784216	0.742811054203425
TAG56:7FA20:5	0.0755226803261539	0.30298467755348	0.250401095677952	0.84294005168545
TAG45:0FA16:0	0.63530001551511	0.456805120568884	0.192899733413611	0.747654397460542
TAG46:0FA16:0	0.88730484153255	0.68175002337831	0.20377451562251	0.756388137819388
SM(24:1)	0.181593760387945	0.490697843996662	0.329829741664971	0.688179698423227
TAG52:7FA22:6	0.485477339720627	0.530588904043223	0.223004900954682	0.803930030535175
CE(20:2)	0.510639356541917	0.341493513216521	0.377541260434908	0.73723087488787
TAG54:5FA20:5	0.376751441242974	0.861828858726216	0.223673435981636	0.770572397053845
TAG45:0FA15:0	0.636417995245119	0.552744875387049	0.200197669718427	0.749433096404968
TAG56:5FA22:5	0.509889938108031	0.553362940000593	0.225889900240685	0.788625221544924
PC(18:0/16:1)	0.14751008524446	0.381129924761823	0.320410153099881	0.704589083208614
TAG49:2FA16:0	0.442413637994962	0.446141614145809	0.212641284981351	0.751251165535167
CE(20:5)	0.168659482570827	0.923449587343028	0.215089585107157	0.774957492924178
HCER(22:1)	0.327611985389716	0.289255853713727	0.138154848326996	0.883976705677765
TAG49:1FA16:0	0.283301249810124	0.272356776997093	0.194435213058021	0.750493152106699
TAG56:5FA18:1	0.511806312042052	0.573900430195023	0.220877314438334	0.791226611667928
TAG53:4FA18:3	0.524629191500928	0.554870586011537	0.212645511780404	0.769653713699191
PC(20:0/18:1)	0.891597329502959	0.88135272198355	0.239653453464746	0.739927680454566
TAG54:1FA20:1	0.906231981259532	0.702119881799986	0.202740520238863	0.749169599873251
DAG(12:0/18:1)	0.462407987095686	0.895349116869186	0.214446362588951	0.753039248025998
PE(P18:0/22:5)	0.678502603450887	0.755698525000865	0.252735053232896	0.723124838341671
