chemID	simpleLRM_Fstatistics	multiLRM(chem_sig)	multiLRM(sex_sig)	multiLRM(age_sig)
TAG52:0FA20:0	0.177787570019113	0.0592936492341409	0.226444900747805	0.674130287128529
TAG58:6FA22:5	0.465669503997645	0.709238474361582	0.284539607097636	0.714324381292006
TAG50:1FA20:1	0.511659284057943	0.270924837350831	0.236473175278381	0.670035757731677
TAG54:6FA20:3	0.758489851584566	0.392906870562281	0.268131065241417	0.725792709471976
CE(24:0)	0.28074448192456	0.763732228677884	0.260465469492433	0.709889963062265
LCER(22:0)	0.712146952727652	0.865801569922625	0.268791274976572	0.697962632406157
TAG48:4FA16:1	0.686524798992165	0.467683818371052	0.255563100944605	0.734906975851251
TAG51:4FA16:0	0.972700284885392	0.623636399992796	0.275898398734423	0.690398957419896
PC(16:0/18:1)	0.797425900946006	0.620800654369923	0.335632715004373	0.641217176949813
TAG50:3FA14:1	0.335201854340883	0.353319652455033	0.263944291695488	0.660809166899808
CE(17:0)	0.930359742147077	0.351368969835149	0.329421885431264	0.645283366168001
TAG56:6FA22:6	0.643488324684676	0.741264983615552	0.276076671710781	0.724271564661503
PC(18:1/16:1)	0.446385966913479	0.862673277110981	0.331738671961498	0.673560664195542
TAG53:3FA16:0	0.905709896997589	0.863143286609713	0.271177601304424	0.692729434362611
TAG54:4FA20:4	0.537502352768595	0.905962656365808	0.271403903490413	0.691244518969967
DAG(14:0/20:4)	0.132436810452448	0.0400973466253537	0.240317620548844	0.629287938017774
CE(18:2)	0.232720746604271	0.38625277581111	0.18820476258116	0.733450745510925
DAG(14:1/18:1)	0.894681647042884	0.765620498469724	0.293268387226654	0.697858514359648
DCER(20:0)	0.287633819508237	0.109297115682034	0.215224270130681	0.828531841701342
LCER(20:1)	0.418240678173669	0.0893715910756847	0.474924764113261	0.556799700737031
TAG54:3FA16:0	0.90184557541457	0.999201527327122	0.27507280067119	0.691176852354459
TAG48:3FA14:0	0.8502582890816	0.823404327182974	0.271495163161923	0.700710775712338
TAG56:1FA18:1	0.478611167431393	0.243740993189023	0.232359242528341	0.654481376008944
TAG58:9FA18:1	0.126177727152151	0.354479466094332	0.295551141151493	0.775263238392331
PE(P18:1/22:4)	0.830007726658398	0.830521726964983	0.266534668098505	0.677991413301495
TAG54:4FA16:0	0.833102503821762	0.970322845382211	0.274284315649303	0.689743992617514
PC(18:2/16:1)	0.871808868335226	0.905201928709842	0.303063588259491	0.714001337583942
DAG(14:0/18:1)	0.73534143055307	0.463280339502104	0.251510560720677	0.667647337970084
TAG46:2FA14:1	0.179829194723935	0.452365932703574	0.259653943948335	0.67252505223668
TAG52:4FA20:0	0.396214448411597	0.389046859667966	0.268777438866554	0.688369518063735
PC(18:0/18:2)	0.936581769956343	0.770381223174271	0.393556532487734	0.662593096369849
PE(P16:0/22:4)	0.593010683834265	0.861890422010721	0.268950870314029	0.690754044393459
TAG50:4FA16:0	0.978350221666237	0.277528811066598	0.263478235241941	0.718190614229767
DAG(18:1/20:1)	0.675764885206789	0.96077899897052	0.274050203163366	0.688372064775191
LPC(15:0)	0.721067764401318	0.0800946674930522	0.161470590427891	0.803964665812722
TAG48:3FA18:2	0.635282264821606	0.825411201006843	0.276398384120597	0.699508149576247
TAG52:6FA22:6	0.820390775704638	0.921146031412941	0.274324149209522	0.685039649833323
TAG56:7FA18:3	0.430746294858574	0.558524518808686	0.271334937977697	0.70262738929459
PC(18:0/22:6)	0.869435325278477	0.981899877676622	0.281899903320756	0.705217570413976
SM(26:1)	0.445944262191862	0.555205586772576	0.344122889335701	0.641707756493143
TAG48:2FA14:0	0.621727548806346	0.708047173951259	0.26999261176042	0.684866763303092
TAG48:3FA18:1	0.392140027302288	0.761818482515491	0.280773445455165	0.702142095408389
DAG(16:1/18:2)	0.639193953376155	0.743474123394931	0.263139039394543	0.704691273483348
TAG53:6FA18:3	0.718798494945554	0.836267921562539	0.286798901759138	0.693664075407122
PC(16:0/12:0)	0.34351024979264	0.811606706810239	0.2634399401091	0.7318763881384
TAG51:5FA18:2	0.345222729091648	0.549444311225027	0.270607480134266	0.695874520970017
PE(P16:0/20:4)	0.797156992327507	0.820834295665118	0.26850670753089	0.707267321897471
TAG49:1FA16:1	0.283848160236505	0.675571545470773	0.267527941021225	0.689399828573764
TAG56:5FA20:1	0.0858651629052966	0.268423605811331	0.272931780784438	0.704644261857208
LPE(18:0)	0.824364133345038	0.284427847746932	0.1810272215261	0.751109867335732
FFA(20:4)	0.757467744646124	0.920615078562987	0.274891739554457	0.693817588257968
TAG46:1FA14:1	0.241365631558149	0.155398201870969	0.16567032157933	0.704603947669481
TAG46:3FA14:0	0.841051843631666	0.776777196654535	0.269964412302249	0.682506813283854
PE(P18:1/22:5)	0.73734241748376	0.389191915548265	0.378112592461182	0.617201834337052
TAG50:1FA14:0	0.603684272831802	0.308699779354403	0.234497581721498	0.659244456671889
TAG56:8FA20:4	0.839453043817645	0.948580348055	0.275286085932409	0.689015084657976
TAG56:4FA20:1	0.201115763541602	0.372406067986554	0.291466586507789	0.714577348807808
MAG(18:3)	0.490993506533624	0.712729994561195	0.344592531417133	0.665192301195519
PE(18:0/20:4)	0.995103753286993	0.399670741154292	0.219217172579375	0.784925036918644
TAG53:2FA18:1	0.672699636192886	0.470455770627325	0.256273491124115	0.661749652172732
TAG54:7FA22:5	0.617294840331041	0.522622177172153	0.284904062052849	0.716279640354912
TAG60:12FA22:6	0.465491181385044	0.989810269015351	0.274721022752187	0.693614787237356
PC(18:0/20:2)	0.570113939672382	0.382955780941017	0.476740573338312	0.640648667412865
LPC(18:2)	0.0431636337830565	0.106784472095226	0.259477311175111	0.47174271435256
PC(15:0/18:2)	0.626536987486068	0.388754083315332	0.449452779871371	0.588100372967046
DAG(18:1/18:1)	0.592367652263332	0.652607074648375	0.277686745858022	0.718044927167992
TAG56:4FA22:4	0.450012212421655	0.77052043777787	0.261837907530014	0.702408280952219
TAG56:9FA20:5	0.111279298647783	0.411139614327573	0.292575384820922	0.738260765231985
TAG49:2FA14:0	0.430920295899198	0.401042525715018	0.262355519188116	0.664809060817594
PC(16:0/18:3)	0.450847849660357	0.230514908959438	0.174299713212587	0.7780884431104
LPE(22:5)	0.996045654609526	0.961020243320283	0.276321097638102	0.693898654020571
TAG54:6FA20:5	0.222413996750677	0.395750268352134	0.314260746795029	0.753350708541241
TAG56:7FA22:6	0.360444204168035	0.541037425433168	0.281829002887051	0.748261743025081
TAG51:4FA16:1	0.796176100753952	0.493568617615271	0.250038465306518	0.747864716483602
TAG52:5FA20:5	0.680891059161789	0.879471567063852	0.279464079134525	0.695875103422414
SM(20:0)	0.0741679021982469	0.312495380749422	0.175662462746071	0.773983760695951
TAG55:5FA20:4	0.470531651657341	0.39953333826999	0.244629763733091	0.667103053975944
TAG58:6FA20:4	0.980204326552565	0.784511545953714	0.268413155710475	0.674867834634956
PE(O18:0/20:4)	0.624907414131665	0.897886576077033	0.277997033376294	0.685761729305988
DAG(18:2/18:3)	0.343995485518798	0.221469333041812	0.265308600180311	0.685654750174535
TAG48:4FA18:3	0.307079462608335	0.332268182982769	0.288239835899066	0.72396362799736
TAG52:0FA16:0	0.757026196365034	0.598263970977628	0.249960641012641	0.685235783455519
TAG58:9FA22:5	0.154128893336474	0.366296788734557	0.290692193150829	0.720063508121012
TAG58:9FA22:6	0.114776876668427	0.341620709282322	0.295903680381128	0.777800849978464
PE(P18:1/16:0)	0.559039320627442	0.84108183439027	0.288806752319763	0.669775334064666
DAG(14:0/18:2)	0.755206413642654	0.572467657402163	0.266983829437301	0.688455262198981
TAG54:0FA18:0	0.64010964781929	0.965828399222902	0.274097061013262	0.688993469138235
TAG56:2FA16:0	0.334001750559155	0.28168366796993	0.239464088862713	0.686241694136039
TAG56:8FA22:5	0.292436144806842	0.3924183564747	0.276061584048209	0.739705207309497
PC(16:0/20:2)	0.931982079160694	0.766907912324139	0.329180327513399	0.661108611029261
PC(15:0/18:1)	0.549079905916318	0.30564758519032	0.460503848686299	0.536216061783517
TAG56:7FA18:2	0.431147155307813	0.673616958369163	0.274021423978566	0.7064588909875
LPE(18:1)	0.882635951373837	0.980552032246139	0.273997288126818	0.700363142730389
TAG50:2FA16:1	0.264938873335784	0.933796526916172	0.274452410042145	0.689695977623762
PC(17:0/18:1)	0.85546817312214	0.080625521039563	0.458374196196639	0.434786062635767
DAG(16:0/18:1)	0.688278913555722	0.690632689089346	0.265518463456071	0.690392720769868
LPC(22:5)	0.176588077306567	0.456520077896602	0.269042298886869	0.643031271131225
TAG46:0FA18:0	0.530685195554659	0.854896299416888	0.268875663220608	0.684088178775151
PE(18:0/20:5)	0.530407546999099	0.941369473331665	0.273343506187931	0.685890701395565
LPE(22:4)	0.454409303485239	0.39389235747149	0.267301139034279	0.81593548420845
TAG46:1FA18:1	0.884484180523618	0.627564284441475	0.258675902384796	0.672215828151291
TAG58:10FA20:4	0.377060581320081	0.284973343227134	0.280418794728241	0.652812373460262
DAG(14:0/16:1)	0.1832985565512	0.252095885944754	0.251989524206114	0.701590374150112
SM(24:0)	0.521347415535314	0.408296815888583	0.366868854552138	0.649154799692266
TAG53:6FA18:2	0.604077765901346	0.429711118006564	0.269907456413693	0.70238966989835
HCER(18:0)	0.111470141484542	0.136948356787728	0.139102116244625	0.861332666046562
LPC(20:3)	0.986979033919107	0.929218338757647	0.274461829920909	0.684259414041229
TAG53:5FA18:2	0.256246151338953	0.342595212519357	0.283380582953162	0.680671100210211
TAG50:1FA18:0	0.383029333611827	0.382605264266274	0.242979447192176	0.683432477657846
TAG52:5FA20:3	0.625825327834533	0.899758447324141	0.274318674690537	0.684831485609263
PE(P16:0/22:5)	0.932581274582334	0.883942781430038	0.27119237659417	0.698656364814851
TAG44:0FA12:0	0.539372023241106	0.948022564135415	0.273654001725503	0.6884617996851
TAG55:6FA18:1	0.409454992093386	0.688090424424151	0.289208146737731	0.702705372129491
PC(20:0/18:2)	0.312245822328742	0.678541304785206	0.239334045397767	0.73512609494972
PE(P18:0/18:1)	0.776610196249531	0.437957672578409	0.356333513578715	0.607765135544905
MAG(18:2)	0.468533695466397	0.84522950972575	0.270308398745326	0.677036623113757
TAG52:5FA18:2	0.172484571149998	0.166184698429842	0.240482798003078	0.715789804086527
SM(16:0)	0.899084260168522	0.782421005774617	0.339351116871332	0.655012424624358
TAG49:1FA18:1	0.255793237954076	0.190383936645953	0.230076703151955	0.667362048554533
FFA(14:0)	0.638359015954679	0.871876979761117	0.270621635343802	0.708148834453452
TAG56:4FA20:4	0.998084874263424	0.914770913908504	0.272328626235762	0.685351060027065
TAG46:2FA18:2	0.544286460402714	0.941070144861617	0.273153023163205	0.688726999788449
FFA(16:0)	0.564097967489412	0.729906218717529	0.265662761927557	0.704537695369822
TAG52:5FA22:5	0.886334902346647	0.741770833587407	0.278888998087086	0.690453243079118
PE(P18:1/20:3)	0.25501727261608	0.309479380185364	0.374117813230444	0.627597856596999
TAG56:8FA18:3	0.528604523485143	0.347207132008679	0.264512003257856	0.716556457344997
TAG46:3FA16:1	0.783313127055835	0.778329687660469	0.272123209884213	0.706108930952394
TAG50:1FA18:1	0.458342521491432	0.721350308690181	0.264206802038084	0.698156406275545
TAG44:0FA16:0	0.606646794081942	0.900383234458465	0.271141440062827	0.687207565080639
CE(22:5)	0.954861708200059	0.977220681222599	0.28664601567166	0.692794464755289
TAG49:2FA16:1	0.288946100628014	0.758089238405155	0.273106162318711	0.679641235426377
TAG53:4FA18:1	0.96716419780923	0.671914298367197	0.266682660337193	0.666886247532908
TAG52:3FA20:3	0.347647109173741	0.654198803481991	0.263342063189005	0.70034940530432
TAG49:1FA17:0	0.269563676454408	0.270850714967028	0.24316946574202	0.679831459704049
TAG56:7FA18:1	0.233305461184	0.312985740562234	0.294729094878722	0.769893734583869
TAG50:2FA18:0	0.640898397598276	0.418382074022774	0.25759688383144	0.684914305768224
TAG44:2FA16:0	0.733123191444199	0.399370624103861	0.235732560188177	0.714443195464859
TAG44:3FA18:2	0.865579677762791	0.623608806824321	0.254471701258387	0.712431690126774
TAG47:0FA15:0	0.498722741661806	0.597599759524816	0.254467997320339	0.693821072419554
TAG54:7FA16:1	0.880983036261333	0.550460494593918	0.271395950089626	0.73744024522196
TAG52:3FA20:2	0.616989050728671	0.865555122061161	0.274875378875999	0.683700518165299
TAG52:5FA16:1	0.255187468640385	0.199788941231675	0.240196970048718	0.756930555644636
TAG51:2FA15:0	0.635893117828475	0.497147758778421	0.254252531366243	0.657744460538488
TAG54:7FA20:4	0.698344153288337	0.53971329386135	0.281850413925888	0.69074544769942
PE(P18:1/18:2)	0.829592308945527	0.615718379620018	0.354870538656121	0.641294094181106
TAG52:1FA16:1	0.357679687639785	0.465977158536139	0.262570273369361	0.66857742938408
TAG47:1FA15:0	0.338404310724435	0.362233205981176	0.246803190115863	0.668875525737744
TAG50:5FA14:0	0.245352579634778	0.386552380993545	0.271110753556358	0.697842180817545
TAG55:1FA16:0	0.269001956052698	0.454794008300098	0.28510260025597	0.74975634971022
TAG56:3FA18:0	0.958420569999068	0.845230715741427	0.272337827737602	0.678769537851902
TAG50:2FA14:0	0.800109175288427	0.679053154892707	0.267633689063022	0.668612001420822
TAG56:2FA18:1	0.805555660595643	0.958811347968384	0.273462286124383	0.689314327587067
TAG51:3FA18:2	0.762684159054216	0.808310864767107	0.273601691883831	0.682251422372964
PC(16:0/16:1)	0.115713315115269	0.193636368508562	0.400615770261843	0.60927030881847
TAG51:1FA16:0	0.279644071415986	0.302068662309911	0.23817364073475	0.698387326469325
TAG52:3FA18:1	0.761936121961908	0.468824387058473	0.273515822819043	0.716800305994723
TAG56:4FA18:1	0.396071832156129	0.538004862686319	0.278949860144588	0.732929218850954
TAG54:4FA20:1	0.369084467995477	0.404718870288807	0.257998360750189	0.741272678220735
TAG56:7FA18:0	0.150537237859716	0.518630116579325	0.294843582506901	0.740771867592563
TAG54:4FA18:3	0.115131629909138	0.164868398350334	0.267105664129641	0.69940061287616
TAG56:7FA20:3	0.714974764573163	0.986628192234384	0.274390594840029	0.69051257057861
PE(18:0/18:1)	0.497806666225459	0.75448971009543	0.287186243235401	0.689318900285365
TAG50:4FA14:1	0.774483313618006	0.865870257236019	0.274991427954971	0.686347794503761
TAG47:2FA18:2	0.682653282548618	0.340207209780102	0.251525351273071	0.675917516739947
TAG50:5FA18:1	0.533405740405551	0.33477183684418	0.273067843174016	0.739442469958772
TAG53:4FA18:0	0.984304682410201	0.591018930029542	0.262546835617646	0.703753550978596
PC(16:0/20:3)	0.0982311767735856	0.175164643513373	0.455995908244911	0.618726442944249
TAG56:6FA18:2	0.522401182945841	0.838497017171436	0.275651063264625	0.694073672645847
PC(14:0/20:4)	0.49818376251159	0.248434847503245	0.37011289436771	0.685213487070392
PC(18:1/22:5)	0.396262823539272	0.308204308402648	0.188136022180332	0.698535275119496
LCER(24:1)	0.768546589878892	0.789620927321922	0.262981337021113	0.680804471965807
DAG(15:0/18:1)	0.467097657655659	0.29659096063559	0.268474569969317	0.718720941671636
TAG45:1FA16:0	0.320266202277802	0.31199340371088	0.242207193360743	0.674407005104698
TAG56:4FA20:3	0.920950003532337	0.756571359042218	0.269683252257668	0.671680096742935
TAG60:10FA22:6	0.463591084249122	0.870875056646232	0.276130648319951	0.70662941566202
TAG54:5FA22:1	0.0843928675927889	0.179065399924245	0.264199612414275	0.655568988530589
PE(16:0/22:6)	0.866747630802619	0.453474276772978	0.211214966370666	0.896473228204089
LPE(18:2)	0.220558601060331	0.222621435179273	0.23109381388819	0.534538448571791
TAG54:6FA20:4	0.685410364920061	0.752344960946785	0.286273431874039	0.686032532322382
TAG54:2FA18:1	0.488832349517633	0.558461572228397	0.296081793057448	0.706258353079324
TAG56:8FA16:1	0.312944274830979	0.463387141534227	0.267467101097638	0.756568294911943
TAG58:9FA20:4	0.244105454469734	0.257071533434554	0.257398467585136	0.684397477123006
PE(16:0/18:1)	0.124621206513408	0.411948907184528	0.32095087609063	0.654531249881916
DAG(16:1/16:1)	0.635942746120628	0.505821026322947	0.278703929209572	0.71487324076181
PC(18:1/22:6)	0.719134198681763	0.805053587259641	0.308595521223709	0.659503708213617
TAG52:4FA20:2	0.671590908767275	0.656577918595457	0.264986342135008	0.726338076869136
TAG42:0FA16:0	0.668051047087813	0.803699832590708	0.265437762195902	0.684284386027127
TAG52:2FA20:1	0.440281473741074	0.464762610474952	0.2620952344564	0.663639173542601
TAG52:4FA16:1	0.396742234908765	0.246651336944909	0.242123940823247	0.772669883903957
TAG58:8FA22:5	0.173909618365555	0.338643842158877	0.293576503821229	0.732753657686853
TAG56:8FA16:0	0.314707547138945	0.553382788804898	0.282938525406572	0.733817765208676
FFA(20:2)	0.28854042532913	0.570238764623318	0.319324251528067	0.722380908542602
TAG46:3FA18:1	0.978765655295093	0.379341520499818	0.230178123536833	0.715701119764068
TAG50:4FA20:4	0.390920190047018	0.479466736565137	0.250968560443293	0.694649081828269
TAG53:2FA17:0	0.661719777841785	0.425201512130712	0.259754120925747	0.652117151878611
PE(18:1/18:2)	0.988536262575031	0.697879343222558	0.318763831482568	0.682275680059446
TAG51:1FA17:0	0.245320939498746	0.251590762273485	0.23655072268641	0.690107390013709
TAG54:2FA20:2	0.870563235590285	0.906989861703913	0.272042613489909	0.6859975778451
TAG56:6FA18:1	0.6278735164259	0.798671540368846	0.280124886970964	0.705170656145616
FFA(22:1)	0.369391981054679	0.78929514908748	0.270979439545418	0.674202451479137
LPC(16:1)	0.369825943082756	0.993276843027597	0.284508250106958	0.69048792135007
PC(14:0/20:3)	0.120751557708944	0.294348696817829	0.420022151434087	0.646113341852231
TAG48:3FA12:0	0.390415433537366	0.82056284690119	0.278719831352913	0.699464451871006
TAG54:6FA16:0	0.791379533217478	0.501876294768087	0.299288679841882	0.708429874601513
TAG46:0FA14:0	0.638593945043593	0.65895649759139	0.257441009452043	0.69077636191255
FFA(22:5)	0.679884363784792	0.829808554872642	0.270018890882962	0.677953379368739
TAG56:2FA20:1	0.699945229915657	0.969769885180259	0.278091310438008	0.691858572327752
TAG58:5FA18:1	0.995942750481473	0.994759877720208	0.274578152215508	0.690632306388004
TAG50:4FA20:3	0.576239290908733	0.617874168108707	0.264685395030862	0.669347378794817
TAG52:1FA20:0	0.144452178866624	0.0477468265300562	0.238952352346389	0.613120995030467
PE(O18:0/22:5)	0.896888776794884	0.847252569186276	0.292848499742027	0.682919203367511
TAG53:7FA18:3	0.221864805861731	0.389822744140897	0.298448860921315	0.69099779057984
TAG50:3FA18:0	0.857888638220212	0.522324958894403	0.264772772329894	0.694031554098726
TAG46:3FA18:3	0.306763548239993	0.749896319676697	0.284986201648639	0.696190771593526
TAG54:7FA18:1	0.0596534713200484	0.139252300402758	0.277041204621733	0.727429971465866
TAG55:4FA18:2	0.429191397772967	0.828289842940513	0.275656175904195	0.681180895828395
PE(P18:0/22:6)	0.733633855342896	0.634641545605059	0.24070436873935	0.839695677768735
FFA(18:1)	0.863335975684612	0.670124888533847	0.264283746984365	0.716009634258742
TAG50:5FA20:4	0.4975513550779	0.668949926832283	0.261529598679895	0.681081418086301
TAG53:3FA18:1	0.909323514879351	0.991982466035199	0.274633746201246	0.690568024965682
TAG50:5FA16:1	0.790503849473944	0.0697345031394852	0.207635695554501	0.832842959865196
TAG50:4FA16:1	0.852609191508369	0.140002526668747	0.213340312862128	0.79440383024856
TAG52:4FA20:4	0.395209058185939	0.734181551120414	0.264042065157685	0.702262101391422
PC(18:1/20:5)	0.206833300495907	0.881507698312176	0.270002952060361	0.712722449308763
DAG(18:2/20:4)	0.486953556518702	0.572362633755532	0.274514384718002	0.699962726363902
TAG54:7FA18:2	0.0453195724359555	0.253234739366986	0.259301820312794	0.632333612276694
TAG56:7FA22:4	0.781847591700909	0.548385393366026	0.289306834053534	0.69126375296544
DAG(18:2/22:6)	0.31184206670599	0.723540381671398	0.275994845160504	0.71873528943486
TAG49:2FA15:0	0.425322839999893	0.501298132983337	0.263978996852738	0.688359364398199
TAG46:3FA12:0	0.420663771969692	0.747699376527713	0.277053828199662	0.704515771302857
TAG47:0FA16:0	0.578090036503629	0.660017280047484	0.257628646250291	0.692322921502155
PC(18:2/18:2)	0.382881074758037	0.979826312395478	0.296891850012249	0.690540989180647
PC(18:2/20:3)	0.450641976832432	0.32936872758427	0.47368452220926	0.67282718593709
CE(15:0)	0.844674683071862	0.357701978234785	0.360565663667964	0.608119587481983
TAG54:1FA16:0	0.365055318331812	0.133093811764597	0.214594396115004	0.665045894530163
TAG49:2FA17:0	0.313242192140836	0.254206445133774	0.261938948858219	0.666106771277154
TAG54:8FA18:3	0.0311745433065147	0.136133848816494	0.254271707463052	0.600202889934941
DAG(16:1/18:0)	0.159673475675896	0.405624265429631	0.260272258782767	0.684053056087788
PC(16:0/18:0)	0.627455821259023	0.50202266639854	0.404744248196094	0.637251228750382
TAG54:5FA18:3	0.0282293667989042	0.0329074238907222	0.255818091800604	0.72621510670201
LPE(20:3)	0.619379530531139	0.795948522482503	0.296152871462663	0.701471871874848
TAG55:1FA18:1	0.118614735397421	0.360810139420039	0.31202575173436	0.758116551204389
TAG55:2FA18:2	0.141487668584403	0.391813445505439	0.287710593251656	0.735959137190206
PC(18:0/20:4)	0.635957317433203	0.67065051453296	0.259774228392225	0.692827498639977
TAG54:5FA20:3	0.900674476624523	0.824423253187389	0.279508731508284	0.694859243341245
TAG56:3FA20:1	0.284276581860692	0.424835130608205	0.304654068178469	0.719675901803862
TAG48:3FA14:1	0.246503542078711	0.689429516022176	0.273653415483183	0.68369027151951
TAG56:8FA20:5	0.0815712682448537	0.293854317194932	0.304356048886444	0.764266645890348
DAG(14:0/16:0)	0.539615261829131	0.3301359785613	0.238520264513379	0.69095999252777
SM(26:0)	0.907684657163723	0.39764779796188	0.40065459537358	0.629487767736295
TAG51:4FA18:2	0.622396677591819	0.800391415252191	0.273177899013381	0.695688348016877
TAG56:7FA16:0	0.259513245679741	0.450395176257831	0.279171118194815	0.752254560383343
TAG48:4FA18:2	0.190969054396186	0.488928150692315	0.281596123052486	0.694988494825013
TAG50:5FA18:3	0.392054652575209	0.296606337111885	0.256563027817339	0.711706270078989
TAG53:0FA16:0	0.293008361735887	0.334416731286112	0.313726025181334	0.747210287856845
TAG44:1FA16:1	0.516902510398282	0.46152400630356	0.261058970651261	0.661327308894811
TAG60:11FA22:6	0.399045190581584	0.893187855859939	0.275048915709746	0.706547728993926
LPC(20:0)	0.0680404559190976	0.20630874854672	0.209695804705006	0.659339446140025
TAG52:4FA14:0	0.548839661806149	0.460265629924284	0.262017881306187	0.660117790305193
TAG53:6FA18:1	0.850132819151021	0.826643902832499	0.263672027069873	0.693155609558227
PI(18:1/18:2)	0.92017641923371	0.638526713741602	0.337758210985145	0.74611621452036
TAG52:4FA18:0	0.727771371871091	0.419910810882328	0.260396367446357	0.735068587682389
PE(18:1/20:3)	0.320588195990932	0.927944986107783	0.300987143400937	0.683961471455597
MAG(16:1)	0.550968052233916	0.815786630506911	0.28492620690711	0.676634229640663
SM(22:0)	0.778351230312505	0.895158384611105	0.320355231268071	0.683954021254227
TAG55:8FA20:4	0.722538411918575	0.20293466724318	0.308462705731097	0.628543399962722
TAG58:6FA18:1	0.758006381569377	0.784191376583117	0.279265103379124	0.708439207052319
TAG56:5FA16:0	0.682878800626524	0.920205175489607	0.272418034102084	0.691146025986165
DAG(18:2/20:5)	0.230422193109807	0.664423637861755	0.275854862440065	0.713693842954017
TAG58:2FA18:1	0.99923604837282	0.930931169224882	0.276873257253523	0.692478139224447
CE(22:0)	0.78750298587544	0.217384569808412	0.37910079523234	0.560714040865921
TAG54:5FA22:4	0.341264283691313	0.810595429732097	0.265918118210021	0.69833397067618
TAG58:3FA18:1	0.965533366418312	0.993351160496907	0.273899741250418	0.69018692776207
TAG56:3FA20:2	0.721800265212806	0.842357408678059	0.276719654837116	0.707947045673948
TAG52:2FA18:2	0.919504306979877	0.814160917181863	0.2783146564342	0.691328698387418
TAG53:4FA16:0	0.933159457963377	0.971658039956651	0.274076133580412	0.691221411872013
LCER(22:1)	0.521062431995657	0.771711220844149	0.321967833555395	0.692057316041084
LPC(20:4)	0.204170550365088	0.128861431374943	0.483112100462695	0.481218872240068
TAG48:2FA12:0	0.510228900117052	0.945229177581086	0.276729756288962	0.694157861368183
TAG58:7FA22:4	0.843697374830264	0.751150839695159	0.285563363124265	0.690754332011099
PC(18:0/18:0)	0.667728454446408	0.965713144784967	0.294489217272011	0.688723642130087
CE(18:3)	0.993167832722107	0.741350600573922	0.334030272352306	0.680604258624229
TAG51:4FA20:4	0.220687989098635	0.251226868645538	0.2383313401587	0.688085543780137
TAG56:4FA20:2	0.485948272050543	0.677174159799756	0.269500753488556	0.728791188173548
DAG(15:0/18:2)	0.445045242579048	0.62425195144156	0.29797591183077	0.713393059165101
TAG46:1FA16:0	0.976327074395238	0.684307998480211	0.261564621514833	0.679509814426524
DAG(16:0/16:0)	0.527010025608602	0.638314483354671	0.263148805061061	0.700930916277806
TAG54:5FA18:2	0.0977324693147956	0.209151916781671	0.264259615493963	0.647693444812716
TAG42:1FA12:0	0.419918911059514	0.926728543684782	0.278862019529665	0.694571535230655
DAG(18:1/20:2)	0.646537847942702	0.319107204256478	0.277865925476083	0.61479187276943
TAG52:7FA16:0	0.81702023470367	0.747787352349727	0.262103810214439	0.69196455910552
TAG55:5FA18:1	0.569317366692795	0.800741860772927	0.278226746911315	0.692584711336091
TAG52:2FA20:0	0.716401033395	0.44381738395545	0.261336409510228	0.672067132288145
TAG46:1FA14:0	0.413320012847891	0.451198802443769	0.25244798635657	0.672692052832919
DAG(16:1/20:2)	0.182445483522404	0.212974867007341	0.311480976240492	0.656672640701791
TAG53:5FA18:1	0.501574555325851	0.45522931047998	0.2781791066623	0.682854893750771
CER(18:0)	0.475949450491966	0.702850404530114	0.309391684798358	0.660160728287223
CE(24:1)	0.489573462629595	0.591485665262068	0.296538045554762	0.677066834968771
PC(18:2/20:4)	0.913101894111477	0.916058502871385	0.292159705589004	0.701743751464675
PC(16:0/16:0)	0.936226514267011	0.644618503135363	0.362124556556375	0.640875511840686
TAG50:6FA20:4	0.898230104311944	0.96761063227915	0.273950812447171	0.689478147375174
TAG52:2FA18:0	0.91779024115834	0.879499646324088	0.276929370223128	0.689641228056099
TAG55:2FA18:1	0.304004474481051	0.707665680644992	0.291304324572397	0.696595831211808
CER(24:1)	0.719766887440686	0.691159239844938	0.310784198686645	0.630377022346615
PE(18:0/18:2)	0.951494155091857	0.812850011658632	0.263165632124338	0.708117619404572
TAG52:0FA18:0	0.86820645573775	0.769357646827259	0.260849715295648	0.687708775371203
TAG50:4FA14:0	0.431107460533682	0.649453523429901	0.270785985735844	0.701463334958603
TAG52:2FA20:2	0.476828465603571	0.735049533831723	0.268725293842335	0.691653668455485
TAG58:6FA18:0	0.412876557315637	0.284187635890309	0.276349993475515	0.781352773692922
TAG55:6FA20:4	0.420755853653472	0.448472520426778	0.261201047447886	0.679204767460559
PE(P18:0/22:4)	0.902285086249659	0.590077804028079	0.254061914147405	0.68397931266602
TAG51:2FA18:1	0.438258027048048	0.493500992300525	0.257777034006242	0.658271275825711
TAG50:2FA18:2	0.753577151670012	0.9812495147045	0.27465155450644	0.690005057014711
TAG53:3FA18:2	0.967425219332881	0.700376265132011	0.274596899144303	0.677154737001463
CER(24:0)	0.611636253249109	0.066566829112445	0.335111826576915	0.432771756392914
DCER(22:1)	0.953140148884891	0.800637092013174	0.278886376065047	0.686121772333108
TAG46:2FA12:0	0.555518058204061	0.97304638356929	0.275676408158066	0.69186969713206
SM(22:1)	0.802354725362156	0.782182314514149	0.264691439157744	0.724552460391283
TAG48:1FA16:0	0.291858801543065	0.447741079087231	0.252934739666474	0.697086778993231
TAG56:3FA18:2	0.872186394071037	0.979570120700404	0.273873668467043	0.69029997788645
DAG(18:2/22:5)	0.637840103795175	0.890312108668136	0.273636141067076	0.69315934000443
TAG57:9FA22:6	0.814083317333809	0.944981013101718	0.280452052342797	0.689030661934605
PC(18:1/18:1)	0.875381344711908	0.761150959272981	0.331100776523725	0.674880740202276
TAG52:4FA22:4	0.532639526231016	0.552564954122896	0.24824126990985	0.71048910974769
PI(16:0/20:3)	0.456875361005248	0.43069401471019	0.394495873480814	0.66403952349282
TAG50:2FA20:2	0.474891653255548	0.453744596718273	0.257638817119123	0.674267039092714
TAG58:10FA22:6	0.118911408770448	0.397472195559081	0.28914006690333	0.756878448792199
TAG54:4FA22:1	0.160897913917341	0.152677318127177	0.28198001981684	0.708068581465669
TAG42:0FA14:0	0.552591359730331	0.971973534484525	0.274431878453168	0.689313222812521
TAG47:0FA17:0	0.609713182597981	0.47362160031051	0.246543057981536	0.688610752025988
TAG48:2FA16:1	0.256954374112974	0.896399650677628	0.274699019090131	0.688377797017167
TAG54:3FA20:2	0.854033451275487	0.98064057056169	0.275535575860041	0.692467672634239
TAG42:1FA16:1	0.680721100811135	0.510834472283679	0.253030085119438	0.67610247924308
FFA(18:4)	0.266884380303024	0.198998826257395	0.386217973847418	0.679530209601582
DAG(16:0/22:6)	0.988542573746512	0.998576139706922	0.275351165580656	0.692598800796783
SM(14:0)	0.691504960373727	0.958227860065862	0.284958576222324	0.707408101268574
TAG47:1FA16:1	0.33071753079607	0.668519958548677	0.268693009336449	0.685077321401305
TAG51:4FA15:0	0.578479002246653	0.903597174952939	0.275620221861568	0.693697657661393
TAG47:2FA16:1	0.279564406878631	0.760057007243146	0.274276121551582	0.678195918386502
PC(16:0/22:6)	0.445011650943478	0.686497122419202	0.251967145423929	0.7748701255822
LPC(17:0)	0.212883922310189	0.393813816807935	0.239436649167688	0.725274198663932
TAG55:3FA18:1	0.469528231344306	0.820052470819351	0.285738989802041	0.68908800800659
TAG46:3FA18:2	0.888281760745249	0.632943664596951	0.261706459108969	0.688398428170413
TAG53:1FA17:0	0.438187109551368	0.237388152052292	0.229647125976498	0.673233803756331
HCER(24:0)	0.482146041541164	0.559154165680397	0.242908789390131	0.754482703444797
TAG53:6FA20:4	0.496651449315355	0.937098727551633	0.274046756003125	0.6884518380146
TAG54:3FA18:2	0.413190865140677	0.496317100252483	0.281346259822098	0.700220176447625
TAG48:5FA18:3	0.0962791962660883	0.29745117247764	0.28772353676743	0.683760950474825
TAG50:2FA14:1	0.206237190185287	0.142066811707481	0.230838553110109	0.661837811421647
TAG52:4FA22:1	0.340318298703074	0.212635028338005	0.258332544224803	0.734994361866121
TAG52:1FA16:0	0.746587837482474	0.813753656415465	0.266290727740342	0.6892771850716
TAG54:4FA16:1	0.62401651869003	0.573835844224806	0.260487295692415	0.740122077487714
TAG48:4FA12:0	0.165939264067308	0.493119120853905	0.283786163119496	0.701877305026099
TAG58:7FA16:0	0.768721691514523	0.465121586784472	0.258864691337901	0.709411169074348
TAG51:2FA16:0	0.300395415922798	0.527883950165925	0.265152914365295	0.683122743992372
TAG56:6FA18:3	0.266925680480993	0.521773921062722	0.262017272720725	0.711403339771558
LCER(16:0)	0.705110950343791	0.840759018251003	0.290781070261761	0.705348672061472
TAG52:6FA18:2	0.136340081459159	0.078063215376938	0.243567479837347	0.762448607207656
DCER(22:2)	0.711446585685561	0.599029485964894	0.312476644078059	0.617081229343675
DAG(18:0/18:3)	0.862101587219873	0.999303525451736	0.274174949213014	0.690388097379814
TAG48:2FA18:2	0.798687442268022	0.640456298139177	0.266703479555614	0.687300023521558
LPC(20:1)	0.31010830484576	0.212707803836627	0.226462337997164	0.682874458760393
TAG54:8FA20:5	0.174918155207785	0.343589571923064	0.298207941391697	0.757265184048706
FFA(22:0)	0.904241048699535	0.966839151953563	0.27369940571267	0.690240794784979
TAG53:1FA18:1	0.866673439563244	0.510709707421832	0.245540964205548	0.683159426217256
TAG55:6FA20:3	0.62468078298135	0.589373841053337	0.300276053706987	0.683265519155491
TAG51:4FA18:3	0.827427890350951	0.480986526809479	0.276907099807835	0.70871499558022
TAG58:10FA22:5	0.12494813557063	0.390423944499076	0.292471274864922	0.72655181239449
CE(20:0)	0.163744921865381	0.862551529215078	0.268401533023627	0.685669843728197
FFA(14:1)	0.70620473153294	0.883642607631879	0.287103170862942	0.691993431462844
TAG48:1FA16:1	0.279882930808169	0.776459126831759	0.269598984046455	0.697848787595264
TAG53:2FA18:0	0.495725829224346	0.346184156265733	0.253786326302005	0.685238324964479
TAG54:6FA18:2	0.0851209780261964	0.280992654851979	0.259022710804294	0.62775936113352
FFA(12:0)	0.507221349708324	0.892759617968592	0.273118809228454	0.707161810808122
TAG51:1FA18:0	0.273311930378394	0.138340937879337	0.21819082208583	0.675832216417804
DAG(18:1/22:6)	0.50221695670941	0.950903678801722	0.274823114849345	0.698954016737348
DAG(18:1/20:3)	0.513001098279786	0.480588317516995	0.260618640192827	0.67367621553655
CE(20:3)	0.165538539102664	0.156517893841877	0.465441662072256	0.695251595812308
TAG36:0FA12:0	0.342237892959077	0.638534359392366	0.271807809800707	0.713284149891203
TAG53:2FA18:2	0.938749276272945	0.579119716757932	0.263876023219824	0.693466234921441
TAG53:1FA16:0	0.60194405335926	0.950112030094478	0.279673810911445	0.6897872328714
DAG(16:0/18:3)	0.906675067436307	0.513643193717506	0.273300349720387	0.675176821455444
PC(18:2/22:6)	0.551154891109215	0.153420823621123	0.422426428214695	0.555051368004329
PC(16:0/20:5)	0.193873134267865	0.875260586150229	0.271204955665035	0.715189159299262
TAG47:2FA14:0	0.558580825647572	0.382866986992699	0.25608864379574	0.668935193939989
PE(18:0/22:6)	0.694546621731539	0.853614970775443	0.270934294046478	0.742536329426751
HCER(24:1)	0.426460471936349	0.357137292013691	0.224201570390389	0.739530313400085
PI(18:0/16:0)	0.741199316761842	0.599171101527926	0.243625507377006	0.638453435022496
TAG53:4FA18:2	0.738504096527803	0.986448520833781	0.274946790358801	0.690202892641042
TAG54:5FA16:1	0.922549429922342	0.697763956628717	0.271412306564066	0.711783131313587
PE(16:0/20:4)	0.635714338183195	0.69389128062109	0.252978905688884	0.744189357595566
TAG52:1FA18:0	0.72063207443114	0.741351825151338	0.261160809127677	0.69053937745409
PI(18:1/18:1)	0.336519378745448	0.126454899544625	0.381470068635924	0.859797866065988
TAG54:5FA20:4	0.517833522789019	0.875941721800428	0.269443624758669	0.693486636606296
DAG(18:1/18:2)	0.767631352119527	0.731489524206512	0.270055095546451	0.700368391606074
TAG56:8FA18:2	0.267810711427195	0.518627573425814	0.279925295236579	0.727898493529769
TAG56:8FA18:1	0.122106654268244	0.375517017282174	0.301225955895159	0.757811968404362
TAG46:1FA16:1	0.292099768867026	0.563649707407694	0.262329135272148	0.688541439336597
TAG53:5FA18:3	0.413320748832188	0.278333845225602	0.258549056183587	0.714680884156835
DAG(18:0/18:1)	0.875197752358758	0.922536140334669	0.27248834493661	0.686728695499702
TAG42:1FA14:0	0.689985124722414	0.397126334662007	0.239904984833684	0.665107267315989
DAG(16:0/18:0)	0.316657587065935	0.34943796704557	0.239459697730939	0.695813313340664
TAG46:2FA16:1	0.453886059468093	0.788639436142974	0.273582271444697	0.679606269123317
TAG56:7FA16:1	0.33293519920036	0.222597887387476	0.260607569763942	0.813514800111441
PC(18:0/22:5)	0.506924409857074	0.663213149321582	0.359493032474779	0.653933537782189
TAG47:1FA17:0	0.578262539631136	0.287202484668282	0.246352157507196	0.6638813856722
TAG49:0FA17:0	0.475250224103014	0.601169112437918	0.255528590008729	0.696120116018512
PC(18:0/22:4)	0.236779120141567	0.254713904100642	0.346081261976042	0.838458551652875
TAG54:8FA22:6	0.423716898083116	0.508266869785551	0.279861838406958	0.745257539520887
LCER(20:0)	0.804358555968086	0.902471393407013	0.273144624615336	0.693020337377329
TAG44:1FA14:0	0.895331065619067	0.664715999105083	0.261575354815126	0.671712664887461
TAG50:3FA20:3	0.242563228518944	0.271018375991737	0.23770093574611	0.687253426507278
TAG54:5FA18:0	0.119508085097384	0.251157495383061	0.254959650346554	0.666529640713773
TAG48:1FA14:0	0.407949475619682	0.353197412931441	0.244569430759052	0.678872383338012
TAG40:0FA12:0	0.340003230428573	0.751461609261729	0.284037182855907	0.704482105767766
DAG(16:0/20:4)	0.216845337568757	0.206881093320034	0.259040241876365	0.723895770955421
TAG52:6FA16:1	0.202140149993936	0.0707201214874576	0.224827035447643	0.782756658289243
TAG54:0FA16:0	0.256792499154419	0.0317616971865057	0.194069496629081	0.627050696285742
CE(22:1)	0.430585077987302	0.682150150088083	0.244166091030709	0.723072895009481
DAG(16:0/20:3)	0.19828967143498	0.203628599434546	0.263901669141041	0.699461771301291
TAG52:4FA20:3	0.378947977195344	0.7981564757117	0.269084806413836	0.688201912056877
TAG51:3FA16:1	0.432545773087704	0.987784978668609	0.275190409157379	0.692485185092553
TAG52:3FA20:0	0.662888814878248	0.545768160732333	0.279513980326503	0.698020377032788
TAG47:1FA18:1	0.380269337204983	0.213353127439155	0.234328678315895	0.652129925414234
TAG53:3FA17:0	0.994874317475924	0.746050752544033	0.275718868477922	0.674449609229761
TAG54:7FA20:5	0.18330592372219	0.348328669858267	0.306628870954218	0.755460523400861
TAG56:6FA20:5	0.191557533120178	0.689344345421226	0.289666622025989	0.729290191695003
TAG50:0FA18:0	0.635379694564207	0.693430260669853	0.257299097357651	0.695283288887014
TAG50:4FA18:1	0.693597119044368	0.599306429279858	0.270449077014998	0.711899026106636
PE(18:1/22:5)	0.386458318837876	0.960182544254629	0.284989045709185	0.701391471911378
TAG46:2FA18:1	0.689442791600197	0.368780697576288	0.239324270219046	0.666207157748148
TAG47:1FA14:0	0.35609687758665	0.30166967913617	0.240356512541542	0.662423748592665
PC(18:0/18:1)	0.460983173367783	0.405572565133092	0.422211693898592	0.628396732167753
TAG50:0FA16:0	0.560772047047908	0.684084406970182	0.257167299549272	0.700772734508543
TAG54:6FA22:6	0.862469103656041	0.91779550182649	0.275982071549002	0.698628240605013
TAG56:7FA20:4	0.784537536906174	0.936908136298245	0.277497546219419	0.688504487251009
TAG52:4FA16:0	0.381502995152903	0.390763599357838	0.26765240579522	0.689966615551456
TAG42:1FA16:0	0.608240580650872	0.401469051757426	0.234776614429294	0.699586832768474
LPC(22:6)	0.0943438076832773	0.136712288772033	0.301128079137612	0.797551253190011
PI(18:0/20:2)	0.43581899476388	0.749759620999211	0.349109859227072	0.649432833489662
TAG52:2FA18:1	0.812154514323808	0.824854870879421	0.279941578115932	0.699151751223006
TAG52:3FA16:1	0.747888955754771	0.369986824153896	0.257583441119914	0.755800575539037
TAG51:3FA18:3	0.941168661535724	0.866289421299228	0.274648429293545	0.690408204678989
TAG52:7FA18:1	0.860197906810719	0.889189078330072	0.271006950211261	0.687182963609436
DAG(18:1/22:5)	0.64233200403069	0.753016181468131	0.27473101658154	0.710961798773868
TAG56:5FA20:2	0.241842103642457	0.563676022279726	0.260169098074693	0.744639530620607
TAG46:1FA18:0	0.644848638781604	0.195272766692187	0.213639906970626	0.676873734770205
TAG56:5FA20:4	0.639784685432766	0.934490679114785	0.278666813263777	0.694362757459652
TAG56:2FA20:0	0.654766431046692	0.831507781957675	0.282770542483034	0.695011467293451
DAG(18:0/18:2)	0.977642752954956	0.937021167030453	0.274564796868671	0.690365520295258
DAG(16:0/20:5)	0.812811224191311	0.363917597592958	0.262344197285668	0.663385299108518
PC(18:1/20:3)	0.115043830631577	0.139075195946026	0.562041699256732	0.646263883641235
DAG(14:1/16:0)	0.634182797379732	0.495247901826487	0.257435549249736	0.736435195991342
TAG48:5FA18:2	0.110410076966125	0.392852014737824	0.286640519008172	0.681347061181327
TAG54:3FA18:0	0.359752528075588	0.404031042716005	0.280876588346101	0.704900732144206
TAG49:3FA16:0	0.765441332007784	0.817334006550218	0.274524677103277	0.691767266844539
TAG49:3FA16:1	0.581233352418346	0.752616897843509	0.268646491973479	0.70981353917565
FFA(20:0)	0.482485438680516	0.697757245986271	0.259382645014691	0.721538189082414
PE(P18:1/18:1)	0.770351779149227	0.15856521839117	0.44333732028323	0.565427367443888
TAG54:8FA20:4	0.478897581526576	0.780536867240568	0.274260509149815	0.696685588866961
CE(14:1)	0.16236716927825	0.0754073408964719	0.397981886857787	0.653796267128938
SM(20:1)	0.407042886856917	0.190124173069237	0.114510320122828	0.883615342581647
TAG51:0FA16:0	0.75451216369343	0.637012862655187	0.254814523971288	0.69457315410041
DCER(16:0)	0.0348886094271477	0.0429659654375298	0.403214506875671	0.615202954873284
TAG56:6FA18:0	0.390931146525469	0.717311985987524	0.280839180874351	0.710733802954263
TAG48:4FA18:1	0.182554144681987	0.47756633461846	0.292547296186214	0.707360801410397
TAG50:1FA16:0	0.43917143808739	0.724662567807013	0.263858389140547	0.701223980562029
TAG52:5FA14:0	0.499547957137538	0.539436919882229	0.259046711531456	0.67499696783984
PE(P16:0/18:2)	0.44335443891959	0.922268425821834	0.296601635578605	0.682257917239573
PE(P18:0/20:5)	0.446459861043052	0.490169906615797	0.290766315175684	0.600725854054647
CE(18:0)	0.39822210142587	0.405138709144606	0.356525761135947	0.677104542943711
PI(18:0/20:4)	0.955043293893626	0.674832144770185	0.248674878174792	0.705257156995963
TAG49:1FA14:0	0.355774062053906	0.214447882822387	0.237426521105649	0.657326884900875
PE(O16:0/20:4)	0.815205088380921	0.618878565674013	0.290726075485646	0.678759731266658
TAG53:3FA18:0	0.679280832256559	0.835628262774846	0.278437851760581	0.686207535393655
TAG56:5FA20:3	0.902076268269441	0.916344828900851	0.276328922212995	0.695934915947955
TAG48:0FA14:0	0.57452540923167	0.42854264975884	0.242071184005053	0.678497845818507
FFA(17:0)	0.127775757555704	0.335577888141257	0.301817262464084	0.707146923460145
TAG50:5FA20:5	0.923321473108782	0.559694904712304	0.253212073606925	0.668507326777631
PC(16:0/14:0)	0.156037567657977	0.077700230120483	0.477949962626019	0.498282646385385
TAG48:2FA18:0	0.364736141702389	0.867752044240031	0.280609139802414	0.694048120622566
TAG50:5FA18:2	0.435105692924019	0.583667000651246	0.26807081090645	0.687034828573808
TAG52:7FA20:5	0.461544720809754	0.916576396147125	0.278517802282457	0.697249430632328
TAG48:1FA18:0	0.67288215282259	0.797483165611144	0.265842688805272	0.682074114312591
TAG56:6FA22:4	0.764102350527411	0.929027820091088	0.280204213395148	0.687667817278718
TAG52:2FA16:1	0.653951398171213	0.863994157459871	0.273476597009536	0.700131421990064
TAG49:0FA15:0	0.314915649858585	0.229723658453906	0.227060881821725	0.686472905198468
TAG46:1FA12:0	0.733053127280097	0.79051037981784	0.266895884439995	0.680611906112556
TAG51:3FA15:0	0.942245173860901	0.910418279835812	0.273164778329713	0.685993151286463
TAG54:7FA18:3	0.0398047202001854	0.19376806495799	0.255869155167717	0.62091377598573
TAG57:2FA18:1	0.121174220168497	0.363969866135582	0.302029151885231	0.771372313048773
PC(16:0/20:1)	0.337263331809326	0.598753375821014	0.293576642622148	0.65939244937338
TAG38:0FA12:0	0.402174023220336	0.668388404147614	0.272836551688764	0.71132057084667
TAG49:0FA18:0	0.431851361450872	0.283723254812804	0.230701257346876	0.67876801641391
TAG51:2FA16:1	0.287748856212702	0.736679885221928	0.275065379030117	0.674388169973428
TAG54:3FA18:1	0.20848129785646	0.185530728853374	0.313078426808149	0.739142461186877
TAG54:3FA20:3	0.467341156206984	0.729471857711478	0.262734029707775	0.685961445298533
TAG58:7FA18:0	0.317956482697207	0.581578231347738	0.280295639240163	0.741188221484331
DCER(24:1)	0.306530254233632	0.416870438076304	0.342018975897734	0.603197875788457
DAG(16:1/18:1)	0.712007965638294	0.855240544791185	0.272463092696466	0.698990080711641
LPE(20:1)	0.4744008543811	0.483292285256585	0.281155058469458	0.714571520848364
DAG(14:0/14:0)	0.457891247858741	0.288342925415284	0.236520472255917	0.655623778577783
TAG48:2FA14:1	0.134389293828854	0.357599219026162	0.252510930569345	0.681307659945128
TAG56:9FA18:3	0.318629212665182	0.237737011072712	0.273685824903056	0.743702864727025
PE(18:0/18:0)	0.613575149768337	0.903271233341871	0.294216878962579	0.677944355624538
TAG50:3FA16:1	0.674654826319946	0.486482733539433	0.257321505097692	0.716205437454547
TAG51:1FA18:1	0.292743539257835	0.272760380679168	0.237130425438252	0.680174436263083
TAG52:1FA18:1	0.771836251615247	0.887759376848103	0.270370406008841	0.688834230386788
PI(18:0/18:2)	0.840537586763975	0.770921128197011	0.331676028529931	0.711545871770258
TAG49:1FA15:0	0.287933068687273	0.269527180728492	0.235205525349229	0.685527888309319
PE(P18:1/20:4)	0.72983677571888	0.76459032255498	0.266322653970234	0.693132670316579
TAG51:0FA17:0	0.380152411536739	0.34491468080694	0.237638783352995	0.693924191447265
TAG48:3FA16:0	0.546218979752258	0.841736280320479	0.27261624870788	0.68917361545093
CE(12:0)	0.439080744950822	0.518587426676411	0.341367417746789	0.642909949148893
TAG53:1FA18:0	0.451428980659906	0.21133650363569	0.22389906526463	0.689966033627256
CE(18:1)	0.935753291797244	0.549969384035026	0.337551049188821	0.664932097987512
PE(P18:0/20:4)	0.667988203395676	0.492774271789502	0.25044386042111	0.735961349759547
TAG54:3FA18:3	0.857967382613624	0.332727357239294	0.265842741841784	0.657272681252933
TAG54:4FA18:1	0.117686583081062	0.126114758771776	0.292265192807824	0.71044326393747
TAG58:8FA20:4	0.335817156612518	0.334094338229777	0.243086118359379	0.695520597572698
PE(18:0/22:4)	0.65945010088227	0.678873754511652	0.267825258815659	0.687387780141952
TAG44:2FA18:1	0.76552046680868	0.340221338458187	0.223491334445493	0.695922112405729
PE(16:0/20:3)	0.0292984590772727	0.0879977886025117	0.507487232076953	0.530378244904622
TAG46:2FA14:0	0.702614219081025	0.549386529863433	0.263354189004424	0.672670966983922
PE(18:2/16:1)	0.377964600215186	0.866900346982169	0.298667786855752	0.673895837563389
TAG56:4FA16:0	0.460910395437785	0.67652094108099	0.261682102588834	0.68951411471264
DAG(18:1/20:4)	0.357267572574976	0.416393751821481	0.257137738119453	0.696849080544199
TAG52:3FA18:0	0.798843346164715	0.533535613073581	0.266116755742514	0.704437234830562
TAG58:10FA20:5	0.534900388559408	0.711802394440278	0.271659033831774	0.663860495742568
PC(18:0/18:3)	0.917611542366754	0.611525179338962	0.232509387384224	0.721310739839564
TAG55:7FA18:1	0.850888893177999	0.647076200684203	0.256423475493214	0.675634717854825
TAG60:11FA22:5	0.585131969101478	0.954452514637626	0.275120146882728	0.687866033662623
DAG(18:2/20:3)	0.426503353970184	0.302296892525387	0.273538538186984	0.670810143030834
TAG40:0FA16:0	0.368065720683994	0.823579182778985	0.285952295257512	0.698095566194536
TAG54:5FA16:0	0.712888667379489	0.978603578269808	0.276934351742024	0.690703720179642
TAG58:6FA22:4	0.887323018496493	0.677906592959496	0.294816187317398	0.69274087159892
TAG56:4FA18:2	0.289165151392505	0.451511202677632	0.279528678653189	0.703172861446538
PE(O16:0/22:5)	0.971615243929354	0.536843772871722	0.335689049760842	0.652254171435123
PE(O18:0/22:6)	0.421451256982059	0.790276107318865	0.262255055096107	0.74229633120535
SM(18:1)	0.999770123608499	0.716883519872489	0.249196360888609	0.733599749175418
TAG51:5FA18:3	0.342186984230875	0.207071556562758	0.265223040712142	0.719875898342588
TAG54:6FA22:5	0.877294692139087	0.727377736576243	0.281528783336376	0.699087727714047
TAG56:4FA18:0	0.996330865867495	0.93656519531648	0.275418345155293	0.69706881414348
TAG51:3FA18:1	0.96985500365324	0.912728858316942	0.273796048760776	0.684843677281355
LPC(18:0)	0.197750517577358	0.0434688247653848	0.12133332568516	0.67467824580382
FFA(20:5)	0.996095063832161	0.585958751292402	0.283516170378816	0.668174444691031
TAG54:6FA18:1	0.0280726023418609	0.0884652475444136	0.259135834993349	0.689123516169998
TAG52:6FA18:1	0.20329346524018	0.171807147844934	0.293810639820699	0.795265794033744
PC(18:2/20:2)	0.0368290269591263	0.0426069043686012	0.0996593836330555	0.91870354133666
PC(16:0/22:5)	0.399052382795055	0.490761143357833	0.218749320887227	0.781567725268034
TAG45:1FA15:0	0.499470221699349	0.355647871693589	0.251798376839394	0.662311156503242
TAG50:3FA18:3	0.91149213327002	0.569778208083144	0.277209449568237	0.671043305590898
TAG48:1FA12:0	0.510487266936032	0.952268691311037	0.273532534214621	0.688421686817105
TAG52:6FA20:5	0.802085949478567	0.950875515350773	0.277946811081131	0.694072167407667
TAG53:5FA20:4	0.311941625535956	0.602985074433182	0.261140297718964	0.682459557754605
CE(20:4)	0.452775754339253	0.729812626110575	0.266313436135658	0.680401753214641
CER(22:1)	0.159831103463546	0.526093481103929	0.384389534922066	0.610478902922341
MAG(18:0)	0.28098640315857	0.0376061111266841	0.251429914527394	0.797386746050737
TAG48:3FA18:3	0.927047627196132	0.96522185352234	0.275269459356053	0.690208482048174
FFA(18:0)	0.400731220857503	0.73063359589175	0.273594112864337	0.694466467478548
TAG52:4FA18:2	0.345514918735202	0.315194581120133	0.257484480127576	0.703400594925143
TAG42:1FA18:1	0.464190515952082	0.961274427337562	0.27492663965929	0.689137724667842
TAG60:10FA22:5	0.489677878731057	0.812816640292241	0.278044800493941	0.702458009381847
DCER(26:0)	0.565193121756458	0.559556742194077	0.275573208172845	0.711402378403042
LCER(18:0)	0.803026305341695	0.541365250123995	0.225383612693509	0.731661897432492
TAG42:0FA12:0	0.376498026535234	0.876884268718213	0.278563996912146	0.698324404454504
TAG51:3FA17:0	0.514171944667891	0.914944340306856	0.278684448795198	0.685866225410941
TAG52:6FA16:0	0.309633890592653	0.0832116014787446	0.276814249773419	0.709489624906762
CE(22:4)	0.697399697348057	0.650448149027441	0.306359201551114	0.705989011385297
TAG48:4FA14:1	0.499496978270836	0.645820249557052	0.263897610297268	0.71304445584899
TAG50:3FA18:1	0.993937318254129	0.935434235009167	0.274195654195403	0.695076343794514
TAG53:4FA17:0	0.711672923671976	0.90056495922536	0.27660885456513	0.687144637494117
PC(16:0/20:4)	0.412512101598784	0.603645226413511	0.265862882825593	0.687165474614825
TAG44:1FA18:1	0.934948159233034	0.489252580863474	0.244861378760281	0.673300472150914
TAG48:0FA16:0	0.629680749240629	0.895623838152061	0.27048221188419	0.695993053973879
DAG(16:1/20:4)	0.221817281351332	0.512214259252767	0.269784604749313	0.697359948808378
PC(17:0/18:2)	0.381931730273041	0.874848263241008	0.329974289200973	0.673602531027474
TAG54:4FA18:2	0.134458816602648	0.175435512504214	0.277858833509551	0.697263838934562
TAG50:0FA14:0	0.667053745235364	0.233987417315795	0.220929347614608	0.653813773792402
TAG58:7FA20:4	0.644577293589262	0.500251269120266	0.259567663386961	0.665209588995962
TAG52:4FA18:3	0.346461453055502	0.143596775713926	0.27961393577156	0.700892535413516
FFA(16:1)	0.90270720328768	0.654359684265445	0.254627284428213	0.726792432537811
TAG51:3FA16:0	0.594511798240583	0.770660223946646	0.272283853241312	0.689756253506596
TAG50:4FA18:3	0.799261438038992	0.270005929430588	0.260998191376001	0.720413249206713
TAG54:4FA20:3	0.617743851165841	0.808743818501169	0.266645824153988	0.685830028858406
PE(O18:0/18:2)	0.678644000221063	0.996934816914514	0.294743258744699	0.693138651711487
PC(18:1/20:2)	0.658275133100401	0.953293064156338	0.289263633169792	0.693230035550578
TAG49:2FA18:1	0.402069539642419	0.561761493297401	0.266797242952403	0.660324442961184
PC(18:1/20:4)	0.73707715850358	0.921496637435998	0.281964275688634	0.693242380916864
TAG47:0FA14:0	0.593978215051522	0.500280354067751	0.250135994577886	0.678464574607812
TAG52:8FA18:2	0.983796418064755	0.988735058210529	0.274397468298648	0.690319501155253
FFA(22:6)	0.744087477824776	0.944391583702649	0.273013205245376	0.685951877540758
TAG47:2FA15:0	0.552678683900613	0.488270903652269	0.262282718320191	0.670253566344494
TAG48:2FA18:1	0.927977899971817	0.883795980163344	0.270994945239504	0.68372512191274
TAG55:4FA18:1	0.437053980463571	0.668828687049988	0.288869181540037	0.680229874305238
TAG52:3FA14:0	0.835433272959543	0.585561042839789	0.271907291746831	0.657358286634026
TAG46:2FA16:0	0.587242043765665	0.986387305645041	0.275765064459734	0.690917105341708
TAG54:4FA20:2	0.655244830312084	0.816760409022768	0.272612687035394	0.708446827393752
TAG48:4FA20:4	0.978408005388973	0.684996701935646	0.261287441024702	0.676624695868
TAG56:3FA18:1	0.39513829471546	0.517989726353885	0.294452820474909	0.713798688368281
TAG54:7FA22:6	0.8879311070147	0.718033619563523	0.273279879830849	0.723434059794317
TAG49:3FA18:2	0.542360148615981	0.771045345754513	0.277853053665679	0.678783718836861
TAG52:3FA16:0	0.688567509999252	0.492808337272756	0.27691049218669	0.707905335001218
TAG54:8FA18:2	0.0548657177285236	0.180776214104019	0.266835986100912	0.668596043657192
TAG54:6FA18:3	0.0403529474003965	0.118651077522238	0.251051959764883	0.667041375019548
TAG56:8FA22:6	0.287915002114053	0.547448941943206	0.281666945325132	0.740723676365511
TAG58:8FA18:1	0.0874131262016548	0.244886576324657	0.309996483292496	0.800089826267077
TAG55:7FA22:6	0.629341091109205	0.920748501304494	0.27567238544359	0.705114942797688
DAG(14:0/18:3)	0.637154512125301	0.764469439187461	0.270724585179306	0.700590646275901
PC(16:0/22:4)	0.752015986988104	0.69827764698577	0.292781513560935	0.715605180264625
TAG56:9FA20:4	0.965238018530152	0.78964554774202	0.274603021416912	0.688910429661753
TAG57:8FA22:6	0.270532973856392	0.534236390903539	0.278069172355061	0.743128216679314
TAG56:2FA18:0	0.945913456156625	0.921265674145673	0.272132447155722	0.688103778128099
PC(17:0/20:4)	0.184186694444646	0.902499682636413	0.272587961884895	0.697798515524816
LPC(20:2)	0.148897738431742	0.0758288901307864	0.189544543944233	0.621720754741723
TAG45:1FA18:1	0.565712973433498	0.301203563815291	0.237902648648388	0.663747736748386
TAG52:5FA20:4	0.290340177001184	0.79327122295467	0.266772377443057	0.696066188273239
PE(18:1/18:1)	0.525538520039289	0.534604650615778	0.278655086430477	0.698544449011156
PE(P18:1/22:6)	0.78026572114752	0.639617491534025	0.243014295256051	0.807315174933203
PI(16:0/20:4)	0.305252217631757	0.780517466430269	0.318034269741886	0.696878898103012
TAG49:3FA15:0	0.70257736304673	0.912803749212118	0.273622282182294	0.694745146773384
TAG51:2FA18:0	0.666531620207055	0.479439305610506	0.255963511801865	0.693439050639361
LPE(20:4)	0.951379522383133	0.818427303364373	0.273358429179631	0.663745482716314
TAG44:2FA12:0	0.52997258627349	0.891163419115795	0.271555510683461	0.686172048736346
TAG56:1FA16:0	0.38524281864826	0.298562240426427	0.23402174820528	0.672663300905205
MAG(15:0)	0.247689327897474	0.691164053939785	0.284687906154905	0.694368032926278
DAG(16:0/18:2)	0.921505727493023	0.807877374845525	0.273876414239216	0.684995128997841
HCER(20:0)	0.0316682060048697	0.0758275819197351	0.157587979325655	0.814895373500177
LCER(24:0)	0.818472657342828	0.985726480265249	0.279988585658924	0.691530314630672
TAG49:0FA16:0	0.452386490365996	0.507567107411297	0.24907014086157	0.69859754639539
TAG50:3FA18:2	0.844810056972868	0.771709649419281	0.270917797105715	0.700880667060637
TAG55:7FA20:4	0.78434030814755	0.51192688980583	0.299110017681095	0.660747112067744
HCER(22:0)	0.297334009203119	0.425824161326484	0.230805962390772	0.73550134111673
TAG58:7FA22:5	0.196599805850669	0.311641664449517	0.305466415419195	0.757988346718988
FFA(22:2)	0.995197747863075	0.977977036394076	0.275446404166916	0.69299720911476
TAG44:1FA12:0	0.902994951309001	0.626804206380651	0.262537228507059	0.667820355283219
TAG46:0FA12:0	0.52065654982597	0.937394798671335	0.273173827527499	0.687765712482875
TAG52:6FA14:0	0.833857870121689	0.973869926211883	0.274535442501317	0.68951704784839
TAG51:2FA17:0	0.392458949838404	0.558949437169519	0.27258322225515	0.684884265362723
TAG56:3FA20:0	0.544491788801279	0.739963330015382	0.281519013429402	0.689733500324588
PE(P16:0/20:3)	0.174403106115479	0.157045589989143	0.419707139374617	0.534439355309408
PI(18:1/20:4)	0.287897816922417	0.912308209802674	0.295079159882859	0.696167140734198
DAG(12:0/18:2)	0.42550148217702	0.73785142437289	0.281557668027745	0.691772616653677
TAG52:2FA16:0	0.915836331290223	0.794417071131164	0.279938442299611	0.69806199841674
TAG52:3FA20:1	0.979218962394807	0.81207345600007	0.274363872232849	0.678785097866723
PE(P16:0/22:6)	0.390213588731921	0.302711009423369	0.200158885477633	0.930958778595887
TAG56:5FA22:4	0.555516412088554	0.889051047019929	0.270312305240492	0.695452676065156
TAG56:9FA22:6	0.254949171380456	0.472142276733205	0.278588004914976	0.746712264871188
TAG55:7FA20:3	0.599967861457876	0.868678989688433	0.28319654825545	0.688884982557087
TAG50:5FA16:0	0.988110980027264	0.383620822626574	0.286506611379792	0.72251361462582
TAG56:3FA16:0	0.506865166763917	0.409063934923749	0.259306990055793	0.676043064170984
MAG(18:1)	0.400025846944677	0.812262872223354	0.282727194140092	0.71652287169335
PC(18:1/18:2)	0.686372591472041	0.784887450911985	0.357048536809632	0.679340741267467
TAG56:6FA22:5	0.421991016164992	0.565799183101692	0.289020936596839	0.719474287333778
TAG57:3FA18:2	0.124442327820101	0.431739233362675	0.287994003912559	0.743009065988895
LCER(18:1)	0.964995387478545	0.772049281709333	0.287118519146224	0.682199627386628
TAG52:8FA16:1	0.328731023875911	0.472050922338213	0.262950680326947	0.676638045787354
TAG58:8FA22:6	0.142989336375665	0.339956462166771	0.29836982780941	0.782425449189172
TAG50:3FA16:0	0.75522668894747	0.517968569237431	0.262526122369269	0.6967318139861
FFA(24:1)	0.32782275355429	0.53289888178577	0.259670607440502	0.694555922601288
TAG55:7FA15:0	0.603507474881271	0.872312496073889	0.276284741954949	0.676376317420193
DAG(16:1/18:3)	0.615782548005758	0.702185985490982	0.272666975479605	0.693828590818863
CER(20:0)	0.806301754498299	0.848352425180123	0.267695304847416	0.72177889502168
PC(18:2/20:5)	0.37077781882513	0.767023440413322	0.289396505159661	0.66365544805726
TAG52:5FA18:3	0.224653828277789	0.0883593343215233	0.250873097849516	0.678618654564242
TAG51:0FA18:0	0.482992098441322	0.327480116532731	0.231019832827617	0.691894365758343
TAG55:3FA18:2	0.311265110371173	0.736701084924353	0.284098827322417	0.682191084457762
TAG42:2FA18:2	0.31221472390562	0.86982221680254	0.284193728499725	0.693443189289798
PC(14:0/18:2)	0.725061022500284	0.629440128291804	0.397538646892781	0.637203708835333
TAG50:3FA14:0	0.880614833794962	0.936695723392705	0.274689975606621	0.687174768910032
TAG54:5FA20:2	0.396397681921151	0.472123246066205	0.25743021840125	0.742308480195788
FFA(20:3)	0.955311308341613	0.951956526073314	0.274120700702172	0.694858737676334
TAG56:6FA16:0	0.456327169632583	0.505466251150966	0.283911423132096	0.722570688662376
PI(16:0/18:1)	0.21397551427866	0.157115487791491	0.396605507416601	0.806704672306725
TAG52:3FA18:3	0.49298660461624	0.31887475830825	0.281190005081236	0.682977876091852
TAG58:10FA18:2	0.166571172867267	0.479283091820558	0.286753309964156	0.736953109983942
LPC(16:0)	0.0557354593603473	0.0170195182950795	0.170143960020725	0.636649932403759
TAG44:2FA16:1	0.463891887987162	0.539143320933222	0.264084268126374	0.674578217658817
TAG56:10FA18:2	0.310666804951848	0.718043594040924	0.284211697908484	0.684344069488121
TAG56:5FA18:0	0.604822488000202	0.818874621067435	0.279738085707822	0.703374492617859
DAG(14:0/20:0)	0.0265564103890659	0.000453136379187199	0.590937821985606	0.56386053963186
TAG52:1FA20:1	0.419102264964137	0.422617022512319	0.243271331155086	0.696153940805089
CE(14:0)	0.573876493236472	0.204687210310146	0.452284062202863	0.566572353272931
DAG(18:1/22:4)	0.90453179953915	0.776580881732489	0.267844137508019	0.684162448725818
PC(18:0/20:3)	0.0218119451831903	0.0463610790213062	0.657932788009966	0.583710869875381
TAG54:2FA18:0	0.576956081744844	0.665442337225668	0.289253788491879	0.700438482093136
TAG56:7FA22:5	0.355497283171144	0.522073901385926	0.279773725762598	0.716423644925233
PE(18:0/20:3)	0.172122632363879	0.409931813933646	0.404131674029756	0.609882812125624
TAG51:1FA15:0	0.367796424998643	0.164503617427534	0.214431451647834	0.666914748456822
TAG58:7FA18:1	0.124330321543939	0.141956254922722	0.299494157581516	0.833813483805912
PI(18:0/20:3)	0.265715161379736	0.287510942849434	0.51138162875277	0.567522735267422
TAG51:4FA18:1	0.550047271437307	0.357353044615912	0.272443382314052	0.710262325378812
TAG52:6FA18:3	0.133204979071715	0.0543617484816926	0.221328532995455	0.714729760883749
TAG44:2FA14:0	0.456670037219916	0.974469283067599	0.274423493077863	0.689623863510293
TAG50:5FA14:1	0.985347023439015	0.923995407210463	0.275197648677415	0.691183688251166
TAG54:2FA18:2	0.783035908687818	0.913926302197863	0.275817858935709	0.691470290444156
TAG48:2FA16:0	0.444850124175321	0.630091350365936	0.266822543580804	0.689530361119145
TAG56:6FA20:2	0.221205634037302	0.622280473682418	0.260660261783029	0.722628044916916
TAG56:5FA18:2	0.263547827827429	0.544407938628961	0.265080636077877	0.720853273194458
CER(16:0)	0.392815028251099	0.464211963317238	0.354601912157569	0.581420959492774
PC(18:2/18:3)	0.703899979756141	0.958558757775711	0.276425820395358	0.691242099169729
TAG49:2FA18:2	0.474710626642967	0.364744663245532	0.258379719161665	0.690766909879491
TAG54:3FA20:1	0.745711599400197	0.893237497800533	0.276138048848023	0.697155607071508
TAG44:0FA18:0	0.742241977926043	0.668191536126941	0.280007998822062	0.68688297771618
TAG54:1FA18:0	0.682468933767637	0.912604118925772	0.280237804636729	0.693673437099718
FFA(20:1)	0.425291534702111	0.742451385636303	0.297396311720283	0.708867212575842
TAG48:4FA14:0	0.895431930824543	0.601035667138647	0.266920839155226	0.723119719981909
TAG48:3FA16:1	0.545488393158645	0.780534093969265	0.268009473503004	0.707858752635574
TAG49:3FA18:3	0.900986219250926	0.854783356461872	0.276721390748454	0.689009436742419
SM(18:0)	0.691642957038957	0.660793478782785	0.240307469539091	0.742838300330156
PE(P18:0/18:2)	0.570011221613419	0.922911784776935	0.281825154074899	0.711862780638141
TAG53:2FA16:0	0.892649944028415	0.7005379687204	0.260639727873798	0.698196716893529
PC(18:1/18:3)	0.995575277893143	0.653878226881908	0.239710840156305	0.720919605507996
TAG53:4FA20:4	0.296054396967459	0.357012162154441	0.24778763705969	0.688436896231557
TAG46:3FA16:0	0.484953004317579	0.840323622359077	0.281736298654069	0.692077423096385
LPC(18:1)	0.207295186428423	0.135030043964864	0.239682353172272	0.597798298447118
TAG50:2FA18:1	0.430021314871717	0.766282371903359	0.271761390742441	0.680483069454786
PI(18:0/18:1)	0.268555704640706	0.128561778960123	0.392106023849688	0.868084367962239
TAG48:1FA18:1	0.492437711966575	0.418602528412313	0.247768109685901	0.676005048444485
TAG54:4FA18:0	0.173355792332562	0.314893503489467	0.26310748968624	0.681480650882538
TAG54:6FA16:1	0.561836895961723	0.862165691417741	0.27413337010689	0.699295013440835
TAG56:6FA20:4	0.899652871000508	0.96842806350708	0.2750814115539	0.69009968816412
PC(20:0/20:4)	0.265094774645914	0.42373573768966	0.253451257340501	0.727309993615947
TAG54:1FA20:0	0.385658064071816	0.185963494957734	0.225873341730065	0.657572544252781
TAG44:2FA18:2	0.609019374748182	0.70462530892763	0.261210811055838	0.688961569332268
PC(18:0/20:5)	0.373743292704767	0.979144171058973	0.276835509156879	0.691368286878112
TAG58:7FA22:6	0.318251120888203	0.569978170033015	0.282210027005689	0.750798282850725
TAG52:3FA22:1	0.527380211840108	0.488141050013508	0.274340002868065	0.710674391344495
CE(16:1)	0.181762140754188	0.143917341199357	0.488889894853371	0.6309820444123
TAG54:2FA20:1	0.949360112854504	0.862992068368443	0.268937937160102	0.685135013763657
TAG44:1FA16:0	0.485015493474549	0.267224781420504	0.226908474782108	0.678654826460246
DAG(16:0/16:1)	0.48266364943722	0.815160754638939	0.272095381106903	0.686751537566058
TAG46:3FA14:1	0.310075246648942	0.494720735194375	0.26635298055857	0.669408324258637
TAG52:6FA20:4	0.360390233717479	0.824645708129177	0.269910188380438	0.690684678221607
CE(16:0)	0.558158125176126	0.952617468814733	0.279409051615423	0.694031501491637
PE(P18:0/20:3)	0.44654955705663	0.598989295996432	0.349837922075357	0.616041652643307
DAG(12:0/16:0)	0.513794614232412	0.824714411177999	0.265860705733039	0.700902779786085
TAG45:0FA14:0	0.702662120292297	0.685096210068771	0.259462430125226	0.683063277002259
FFA(18:2)	0.290649733119021	0.323283994846792	0.2363839415371	0.7165886468978
LPE(16:0)	0.290599323031558	0.031047059168891	0.158137163611417	0.781119061042539
CE(20:1)	0.266160881594988	0.633372891251528	0.248042020854006	0.677135460005472
DCER(22:0)	0.184039995805381	0.0571106065674234	0.375321013741505	0.593676254224732
PC(14:0/18:1)	0.28128344929826	0.369434089803628	0.419418985856032	0.581979332433097
PE(18:1/22:6)	0.608517482848047	0.303999638266548	0.185938240825045	0.960577466656288
TAG48:4FA16:0	0.78604074220448	0.73476426616156	0.276885862738644	0.69785213663156
TAG54:2FA16:0	0.855367379079625	0.756291102385905	0.263515273346489	0.681655777416812
TAG58:9FA18:2	0.0984346335420989	0.323418643411002	0.289442264920452	0.764118840842681
TAG52:5FA16:0	0.211886927401754	0.153171108695469	0.263891619242166	0.665429597426632
FFA(15:0)	0.616065673178184	0.874667862690845	0.270168352667944	0.701912778584444
TAG52:5FA18:1	0.237268407815845	0.0880626033827197	0.238912810202494	0.813124141044611
TAG54:5FA18:1	0.0602302264174226	0.125961809477897	0.269826726663561	0.674111170098244
FFA(24:0)	0.460513575687096	0.592105834732175	0.251346188909509	0.822189895338961
TAG54:5FA22:5	0.670707108039435	0.957238876682822	0.273845253675769	0.690757139191072
TAG58:8FA18:2	0.150880104354879	0.265197762661542	0.283137016389232	0.767077948159214
TAG44:0FA14:0	0.974885044718677	0.708926350354958	0.260913334525973	0.678904053687354
PE(P16:0/18:1)	0.906856493377763	0.640865872710911	0.319932124777026	0.638260844922494
CER(22:0)	0.330813735777824	0.119835577157331	0.389846777233837	0.505096412619517
TAG52:4FA18:1	0.311188199076915	0.150427984238351	0.242345183889125	0.769301640758885
TAG58:8FA20:3	0.424179034180869	0.318884424865379	0.261072040041462	0.656059388049859
PE(18:0/22:5)	0.889520091944233	0.293887432089877	0.197031909774119	0.828726722147641
TAG47:2FA18:1	0.402469638122942	0.285106587001952	0.244234529342354	0.646080469177391
CE(22:2)	0.28927833401022	0.964593465874873	0.273488682691853	0.691769457958426
TAG55:5FA18:2	0.533307495787614	0.937464464910891	0.273331052657118	0.686698707333101
TAG52:2FA14:0	0.574988304324089	0.225804590247946	0.244612312485065	0.637967023526508
FFA(22:4)	0.319031534882812	0.45898090688627	0.256523923547088	0.750719404990781
TAG54:1FA18:1	0.769302505757986	0.992461222529786	0.275530648791049	0.690271550941279
TAG40:0FA14:0	0.574207383269164	0.811857138556186	0.275453294179844	0.702435297136075
DAG(16:0/22:5)	0.797523634734573	0.703161557568629	0.274648911050787	0.697283092783644
DAG(18:0/22:6)	0.572883814245014	0.73690978382442	0.293951950856869	0.688913953873064
TAG47:1FA16:0	0.347703913399653	0.420529759318575	0.248497914662175	0.684617895403263
DAG(18:1/20:5)	0.318320681995955	0.845711070820068	0.278068289741015	0.704409547915631
TAG54:3FA16:1	0.75748115776001	0.748927401040419	0.269615314624511	0.718914153601822
MAG(16:0)	0.497715065517651	0.13662133553868	0.322554167939785	0.76184541087534
PI(16:0/18:2)	0.432392068856933	0.606257811708107	0.351379507274438	0.726187793596561
CE(22:6)	0.449152045668891	0.765529833897678	0.261224999977183	0.7425253835076
TAG46:4FA18:2	0.597474442639813	0.556712505955971	0.256114947498244	0.730528199787811
CE(18:4)	0.940973767283131	0.859379415508717	0.300588034518653	0.680258960318782
TAG54:2FA20:0	0.818949629122047	0.62573718108216	0.265747039703537	0.688292048483323
TAG56:6FA20:3	0.817644704930917	0.969416966751424	0.27461056780005	0.691982576656913
DAG(18:2/22:4)	0.322769291814733	0.76699322644926	0.27239411456712	0.702294358574197
DCER(24:0)	0.25970276124405	0.139584072471698	0.363302240402989	0.521509617070785
TAG58:6FA16:0	0.636566678674896	0.736935066452771	0.264109473314465	0.721500579716517
PC(16:0/18:2)	0.45358199255905	0.984723844015616	0.313728084105065	0.691326538334431
TAG52:3FA18:2	0.710910158346515	0.546695704886857	0.27622225034084	0.706057507536493
TAG48:0FA18:0	0.95312772795874	0.553423165538049	0.249130490584756	0.676348781671579
TAG58:7FA18:2	0.476016975122645	0.570693173351669	0.273844645708053	0.72106777824977
TAG50:1FA16:1	0.277228986935857	0.780881008951429	0.269635012798988	0.691198671057684
LPE(16:1)	0.117560190037921	0.535286195840295	0.298493561302233	0.700711063890634
TAG48:1FA14:1	0.170961671123942	0.232630259143235	0.229894884013533	0.69344841943892
TAG51:2FA18:2	0.491975570804019	0.463932353718663	0.267151006653355	0.691266897680048
TAG50:2FA16:0	0.554086250660037	0.962113824489286	0.274744847171425	0.689660639795575
LCER(14:0)	0.312788282737445	0.185050564916189	0.392228803876312	0.600976421147601
LPE(22:6)	0.733955736311826	0.85615962324385	0.271947268318639	0.710139788454139
PE(18:1/20:4)	0.532431957052674	0.0850084950903703	0.151245932151728	0.912354717423862
TAG54:4FA22:4	0.338258200885018	0.613862134212372	0.252726719790292	0.719870620399286
PE(16:0/18:2)	0.772491439238723	0.878147909447134	0.271049039750073	0.704333892965197
TAG50:4FA18:2	0.488968652020607	0.594698162690468	0.264404282113812	0.707931848893395
HCER(16:0)	0.921792173565603	0.877093497748761	0.270609691246684	0.701462162840365
PE(16:0/22:5)	0.84905149259739	0.431295754302893	0.211632220262096	0.848594684282767
PE(O18:0/18:1)	0.973545687916375	0.938846739637793	0.288757010979318	0.686408600054486
TAG44:1FA14:1	0.305199567612948	0.416221530461627	0.247687536076411	0.679535706591924
TAG56:7FA20:5	0.105148810393541	0.359276801170636	0.311908683598546	0.760935821954183
TAG45:0FA16:0	0.577409678482537	0.485195137411588	0.246220747808158	0.683340567236738
TAG46:0FA16:0	0.822948858883327	0.724560561294052	0.260217331368988	0.690749957249142
SM(24:1)	0.208553681055544	0.482958465761556	0.400310843219022	0.625190601694942
TAG52:7FA22:6	0.571824936947689	0.557440978721678	0.282967317583965	0.73100583722275
CE(20:2)	0.453106640851821	0.313688624005341	0.444926086581368	0.681226859717898
TAG54:5FA20:5	0.472524068206889	0.937901498575084	0.279381842065985	0.696627667503253
TAG45:0FA15:0	0.583099164666901	0.581637792895758	0.254989589789314	0.684529573604552
TAG56:5FA22:5	0.699754491453986	0.702683850060846	0.285575897037069	0.705683915236505
PC(18:0/16:1)	0.159039234908619	0.414241450298196	0.375699524279243	0.649302927740709
TAG49:2FA16:0	0.36981339780606	0.451369561513733	0.262563930347581	0.691580694826709
CE(20:5)	0.247353867312828	0.901605673580178	0.279788585871523	0.679151330569026
HCER(22:1)	0.316054561185034	0.275216599788757	0.182503006137993	0.802230560347031
TAG49:1FA16:0	0.236494873809978	0.295481218771348	0.240489079356141	0.693108115479822
TAG56:5FA18:1	0.654513374547275	0.731404493537758	0.280835250567959	0.706902745393122
TAG53:4FA18:3	0.677774332433089	0.63824427554722	0.275432699746207	0.694663379163587
PC(20:0/18:1)	0.90201927845583	0.964350103645352	0.280006690254815	0.701661307577651
TAG54:1FA20:1	0.795952030828568	0.661003424140515	0.252202334552748	0.68485251126589
DAG(12:0/18:1)	0.494432305304111	0.901576978478438	0.271368908512016	0.68700578946399
PE(P18:0/22:5)	0.623003199870055	0.700427472060437	0.321058851765938	0.651291162156433
