chemID	simpleLRM_Fstatistics	multiLRM(chem_sig)	multiLRM(sex_sig)	multiLRM(age_sig)
TAG52:0FA20:0	0.147793972447479	0.0429057629691358	0.22715598895218	0.760139003379529
TAG58:6FA22:5	0.497191920785498	0.703393522706153	0.288664368329703	0.77276656683631
TAG50:1FA20:1	0.422273306831974	0.187693856730487	0.236626239938155	0.743593307952719
TAG54:6FA20:3	0.774269525206009	0.387173496894501	0.269929420973572	0.785519254759339
CE(24:0)	0.277948159950971	0.795298940931624	0.266869977911055	0.774811747891303
LCER(22:0)	0.731528977406405	0.80799234617499	0.266125709930789	0.757765847958508
TAG48:4FA16:1	0.626194302616344	0.572961539119178	0.261903725883459	0.785552859881477
TAG51:4FA16:0	0.841079019968039	0.860049097500719	0.278513995343524	0.750921135164444
PC(16:0/18:1)	0.724153544588443	0.556378234999335	0.356796609372146	0.69895159031636
TAG50:3FA14:1	0.307657485410527	0.313422520453616	0.273688780397685	0.722831216528441
CE(17:0)	0.927684663671597	0.365237777985185	0.340845097317084	0.701953487923666
TAG56:6FA22:6	0.676828232525225	0.74603731815489	0.280686466481599	0.782596214442788
PC(18:1/16:1)	0.46849530648254	0.911615091903408	0.329411147540354	0.742527371179939
TAG53:3FA16:0	0.836024930240092	0.786113852432917	0.274403692288393	0.760885217207481
TAG54:4FA20:4	0.460962071644551	0.763103030134483	0.266947894769335	0.760738183805991
DAG(14:0/20:4)	0.101781078045025	0.0215411362409425	0.24673571135962	0.701862873226379
CE(18:2)	0.263412416448964	0.380878701688936	0.188061779409948	0.804393999377545
DAG(14:1/18:1)	0.993172618020716	0.924591426155524	0.285524392996278	0.754811699606407
DCER(20:0)	0.257368295547769	0.074683557701971	0.212451631504796	0.915203124595052
LCER(20:1)	0.428409536608981	0.130332238765015	0.456677158682037	0.649977937847113
TAG54:3FA16:0	0.94282229172666	0.995772336779741	0.279211316360079	0.753322437143209
TAG48:3FA14:0	0.773916740532575	0.959399335668499	0.278361157630202	0.755577634148144
TAG56:1FA18:1	0.434757178713838	0.212435361296759	0.233666226311231	0.719396447925385
TAG58:9FA18:1	0.133230887498463	0.347779947551867	0.301833754463074	0.8370105783168
PE(P18:1/22:4)	0.862992056299856	0.73862565318229	0.264266130232999	0.727482247317658
TAG54:4FA16:0	0.781631761386786	0.928254633349375	0.27758453600166	0.752095176708808
PC(18:2/16:1)	0.849617566567592	0.876668690693738	0.301436435424703	0.785501313935097
DAG(14:0/18:1)	0.637508580492083	0.351021257120739	0.252890625841014	0.730449886540075
TAG46:2FA14:1	0.137857923392539	0.329018403888113	0.262524397653182	0.741842449974094
TAG52:4FA20:0	0.388921474804422	0.334803717693377	0.266852604048374	0.750631912710788
PC(18:0/18:2)	0.992767255016822	0.723413873401919	0.419281639050198	0.724251629058018
PE(P16:0/22:4)	0.543270497467761	0.950638593168746	0.28068772707601	0.752060285806186
TAG50:4FA16:0	0.901418087344975	0.358615627777239	0.265677949998037	0.766078149280245
DAG(18:1/20:1)	0.746916049334104	0.875620344753363	0.277274324541342	0.743642042108362
LPC(15:0)	0.685779909917108	0.0556864930229439	0.153369955195662	0.871305605712121
TAG48:3FA18:2	0.704669162860738	0.943883497435927	0.27909938063637	0.756182579265986
TAG52:6FA22:6	0.75137135416421	0.831171503013994	0.278078487918146	0.741938613536316
TAG56:7FA18:3	0.444108118562762	0.537699117186806	0.274814966722718	0.759940913701099
PC(18:0/22:6)	0.900213994632189	0.937829124059908	0.281869897526259	0.775336775707524
SM(26:1)	0.417548834205019	0.510518240223073	0.359733890940312	0.699275243597447
TAG48:2FA14:0	0.544138509409682	0.584135124091902	0.274758010278797	0.750653117471045
TAG48:3FA18:1	0.433065463139315	0.845642823920563	0.282817519635051	0.760891573210386
DAG(16:1/18:2)	0.666429436405677	0.681656118431262	0.261243600428284	0.769882779971214
TAG53:6FA18:3	0.76041862051856	0.85952035118715	0.289630291711569	0.754734011896923
PC(16:0/12:0)	0.37678935345733	0.849654549970349	0.271087163774533	0.784680141496174
TAG51:5FA18:2	0.337854587057676	0.516217768701196	0.272827696261297	0.762013755477285
PE(P16:0/20:4)	0.86810857680911	0.838949087644475	0.273778801220568	0.761441438583877
TAG49:1FA16:1	0.229758504283799	0.542830841614339	0.271163549615357	0.762944954076547
TAG56:5FA20:1	0.0902391728814871	0.263685505657173	0.275267926890006	0.762434716922397
LPE(18:0)	0.848276607424936	0.225237278905538	0.171146131807846	0.775498457081125
FFA(20:4)	0.816918864729806	0.974202058452397	0.2780786361685	0.752504751821934
TAG46:1FA14:1	0.18187848883228	0.103635220882132	0.15646771356614	0.806223168631351
TAG46:3FA14:0	0.748968363870995	0.642511879258878	0.272388527442721	0.743443616131544
PE(P18:1/22:5)	0.700411953611412	0.391608729595278	0.378877497424083	0.692614428104256
TAG50:1FA14:0	0.538285612962041	0.257553770025524	0.237683299510042	0.725305982523397
TAG56:8FA20:4	0.806076226523766	0.995443153551869	0.27934922917596	0.753589902063324
TAG56:4FA20:1	0.221569357958271	0.399490110622182	0.291717840913793	0.775216916091388
MAG(18:3)	0.47221549658528	0.635734084268546	0.368304354740153	0.717002836308225
PE(18:0/20:4)	0.928755713693966	0.425855632959347	0.224110599213236	0.822948734804084
TAG53:2FA18:1	0.630275138916982	0.453160397632382	0.26562654974698	0.727294193205892
TAG54:7FA22:5	0.660735659297566	0.591697198826504	0.286852340939616	0.77393590965807
TAG60:12FA22:6	0.4853678452619	0.986862500267225	0.279171134891052	0.755935695832845
PC(18:0/20:2)	0.49362048611196	0.320744395379471	0.516558641835789	0.726909048789234
LPC(18:2)	0.0372761117313226	0.0790463205094233	0.267828610200055	0.488391023429065
PC(15:0/18:2)	0.685179251443144	0.286369642050173	0.506153994883215	0.607099155233579
DAG(18:1/18:1)	0.637749983273068	0.666570679444143	0.277984526077308	0.779350360685298
TAG56:4FA22:4	0.391374891543002	0.664572069088398	0.259772598780218	0.779106630778722
TAG56:9FA20:5	0.120686382919959	0.419731121089452	0.298369103037467	0.796410746883359
TAG49:2FA14:0	0.363406807120688	0.299915426423782	0.269056813071987	0.728330933545123
PC(16:0/18:3)	0.531359162719984	0.326665068711514	0.193814186876499	0.810670787373065
LPE(22:5)	0.974832548986472	0.997955845242074	0.279582545487915	0.754301076471376
TAG54:6FA20:5	0.249374293069328	0.425713288182701	0.318027176241562	0.802376642985091
TAG56:7FA22:6	0.381267966920609	0.540910180282582	0.286574324383624	0.806551510393054
TAG51:4FA16:1	0.795341694140099	0.488467704754073	0.250081063706647	0.814561358361824
TAG52:5FA20:5	0.736691015187993	0.934524744122947	0.282152632379589	0.755024921702412
SM(20:0)	0.0978411731443994	0.382264700738652	0.189763967130573	0.835482100823092
TAG55:5FA20:4	0.415053150492566	0.337946776422937	0.246250625960319	0.738398326814152
TAG58:6FA20:4	0.958285147790505	0.722141286623797	0.270549948916327	0.735086545635586
PE(O18:0/20:4)	0.730907654501503	0.760158204074675	0.286358117334533	0.748583207519194
DAG(18:2/18:3)	0.369278498648682	0.257410916885268	0.263680037503731	0.752277824253766
TAG48:4FA18:3	0.358533434367054	0.420868959446356	0.289085646283254	0.777236982584495
TAG52:0FA16:0	0.69230023685546	0.523176909848568	0.249381794723977	0.751639390524439
TAG58:9FA22:5	0.157725799893001	0.347861762662994	0.296454757871514	0.779665825634832
TAG58:9FA22:6	0.119839725585968	0.330873419044577	0.30229251448911	0.84200773445788
PE(P18:1/16:0)	0.61992635319476	0.707163738529441	0.304778562052428	0.706623662590465
DAG(14:0/18:2)	0.665166985757044	0.453246567285479	0.273294899881646	0.757344275510075
TAG54:0FA18:0	0.661704643829574	0.953282917259174	0.277959006538568	0.751086724755621
TAG56:2FA16:0	0.285843761903634	0.235701144717148	0.240644669987938	0.764859088897611
TAG56:8FA22:5	0.300863408487197	0.380077644159466	0.278769309699799	0.802934964047194
PC(16:0/20:2)	0.989624851501879	0.655153467184402	0.357476146973102	0.708692056483972
PC(15:0/18:1)	0.531234609057244	0.296750264112565	0.480680933891511	0.586757680411596
TAG56:7FA18:2	0.442286191781621	0.633515387522925	0.27715730603875	0.767232528367894
LPE(18:1)	0.871390230809083	0.980998480136977	0.278883187385542	0.755387613785397
TAG50:2FA16:1	0.245576757360419	0.882847097028563	0.280305803764249	0.754021299774294
PC(17:0/18:1)	0.811418430840681	0.0721267608268899	0.480401618001437	0.471671511574049
DAG(16:0/18:1)	0.63686736754251	0.650238365919876	0.271885452969535	0.75864493479757
LPC(22:5)	0.19612735952881	0.459618709059606	0.274859123889222	0.6836939079566
TAG46:0FA18:0	0.562235501438848	0.811690768651249	0.270832076039798	0.744716597180789
PE(18:0/20:5)	0.515465180842367	0.951052931223154	0.277801925729692	0.748997727290999
LPE(22:4)	0.458659203502084	0.414735433976016	0.271250743927329	0.889315833219555
TAG46:1FA18:1	0.951057498786131	0.546128244339706	0.259142485695347	0.731703764047099
TAG58:10FA20:4	0.341463142463203	0.237318821893746	0.282152804787542	0.722468404470818
DAG(14:0/16:1)	0.148483367357929	0.168544483028126	0.260424265967988	0.776551162040479
SM(24:0)	0.492218025002001	0.376147090919318	0.379468419254224	0.715073744812091
TAG53:6FA18:2	0.576824671451851	0.373569630859095	0.27257567668789	0.767832619193866
HCER(18:0)	0.123470252495641	0.122010422067605	0.132729677013185	0.937765635403097
LPC(20:3)	0.972483695315865	0.819573455228432	0.279796306071506	0.727282423929475
TAG53:5FA18:2	0.296772115713409	0.416836362565274	0.284252733944417	0.737174928388177
TAG50:1FA18:0	0.328137585153851	0.317041616222278	0.245999162828119	0.758218442461065
TAG52:5FA20:3	0.563563240221159	0.772121234506872	0.279384889203932	0.739706993463094
PE(P16:0/22:5)	0.84923129986381	0.981024433160944	0.287136524085734	0.754129801897638
TAG44:0FA12:0	0.569862132542599	0.898638527222776	0.275646436354436	0.74896295332669
TAG55:6FA18:1	0.451239963899591	0.728637562704259	0.29166196402944	0.759447288210975
PC(20:0/18:2)	0.382064943756801	0.846070148394771	0.275964229790435	0.773608615819711
PE(P18:0/18:1)	0.725202373111231	0.435676505703289	0.363331355918812	0.678900002745268
MAG(18:2)	0.528164573843411	0.752136409479536	0.271338241025708	0.731060717861803
TAG52:5FA18:2	0.156673413774263	0.121998578998893	0.233101160903961	0.797730805343626
SM(16:0)	0.8819997402454	0.800510958916725	0.343621832273413	0.719022233215315
TAG49:1FA18:1	0.209174481205519	0.137756312702146	0.235480288386524	0.74306078238241
FFA(14:0)	0.69464562305161	0.925287934814535	0.276436712443492	0.764381833226058
TAG56:4FA20:4	0.968275063516269	0.947782090764988	0.278192081571156	0.750645874575558
TAG46:2FA18:2	0.592380032673385	0.864706455678784	0.274871183556666	0.749833229948667
FFA(16:0)	0.619949688335141	0.84914404908451	0.273579454359234	0.762110437845917
TAG52:5FA22:5	0.959950870116726	0.838376765302626	0.281178686705718	0.750169841585153
PE(P18:1/20:3)	0.205955817065723	0.200451613811924	0.408548112435357	0.683751644585068
TAG56:8FA18:3	0.563665226952361	0.374405552610301	0.269196668189009	0.766434853422685
TAG46:3FA16:1	0.860381211264367	0.903620473446538	0.277555922601085	0.759644887021714
TAG50:1FA18:1	0.400539299294771	0.61332267938397	0.266490672000224	0.77164536357589
TAG44:0FA16:0	0.643055048415255	0.844528569376232	0.272307090571541	0.748126844999286
CE(22:5)	0.952769679852712	0.922398770984858	0.284161893656459	0.758288710092609
TAG49:2FA16:1	0.250332461460856	0.651055246080061	0.280313254140539	0.742322346890561
TAG53:4FA18:1	0.958291030622554	0.59567507182134	0.273523628537169	0.722818877520986
TAG52:3FA20:3	0.287093851350539	0.532692524850546	0.264709304551777	0.780514344895426
TAG49:1FA17:0	0.21561015900715	0.195840284934002	0.246774534914603	0.758156399583527
TAG56:7FA18:1	0.249182426990779	0.315097555790572	0.299061715617203	0.824522614163435
TAG50:2FA18:0	0.574266560511639	0.353274482915584	0.262333486706415	0.756655917991811
TAG44:2FA16:0	0.67790395538159	0.357768158442538	0.235094153563593	0.793737953731101
TAG44:3FA18:2	0.919291050285654	0.573285771430038	0.254873729153618	0.787296303205612
TAG47:0FA15:0	0.43672494329613	0.506219709860744	0.253627316318396	0.766825980690602
TAG54:7FA16:1	0.839110045756112	0.596548908409532	0.276092087665393	0.791495045869516
TAG52:3FA20:2	0.561645715576696	0.792669285062924	0.281267956099419	0.74464752980041
TAG52:5FA16:1	0.224331646517259	0.136109178413142	0.231030634123764	0.854661606460869
TAG51:2FA15:0	0.603256777393471	0.493751100892201	0.263467077172355	0.722575601392738
TAG54:7FA20:4	0.656404803736517	0.631474460714305	0.284258726096745	0.750621950209077
PE(P18:1/18:2)	0.818605673393269	0.655366814116342	0.356487021899066	0.704613267741712
TAG52:1FA16:1	0.317360856694671	0.429009701713722	0.269119181595609	0.740060427036896
TAG47:1FA15:0	0.278139477102968	0.276536908146501	0.248436973163539	0.740013205721167
TAG50:5FA14:0	0.271121310345214	0.455075538138368	0.274388282009902	0.760455732368441
TAG55:1FA16:0	0.285145720288207	0.454915143161713	0.289880475355774	0.807836017295116
TAG56:3FA18:0	0.895312470162206	0.805680380448804	0.277243655356386	0.739982076728152
TAG50:2FA14:0	0.739800186942897	0.608192108109324	0.274165629135057	0.725936534760478
TAG56:2FA18:1	0.873904952059662	0.860794264869429	0.273294720514816	0.750048912431226
TAG51:3FA18:2	0.744942904321457	0.822813444450692	0.280033598060385	0.746042909562712
PC(16:0/16:1)	0.0937306156152826	0.150777270613264	0.428163697058106	0.684577593481665
TAG51:1FA16:0	0.232264637672167	0.23617231938112	0.241744895415949	0.780680621879291
TAG52:3FA18:1	0.784800028338881	0.452317998861004	0.271146327213312	0.778589903826024
TAG56:4FA18:1	0.427012359799251	0.529909836877682	0.27994134845768	0.792380585144862
TAG54:4FA20:1	0.365685559311182	0.357969249495893	0.256363961346899	0.813107736787093
TAG56:7FA18:0	0.162728366547382	0.512608843370506	0.300395859761881	0.799011869923887
TAG54:4FA18:3	0.123426603733389	0.158915503432552	0.266309025392788	0.748868541864944
TAG56:7FA20:3	0.731897414627714	0.972793630331052	0.278709359670785	0.753079210470197
PE(18:0/18:1)	0.438087561507421	0.676021783037681	0.297976828675805	0.760277298843641
TAG50:4FA14:1	0.733515971000383	0.780797875156272	0.281378509333453	0.745297566613361
TAG47:2FA18:2	0.605284919907627	0.268798866440319	0.253512931045371	0.745868717155262
TAG50:5FA18:1	0.595682839222194	0.424738938392236	0.275609628971327	0.791998579935528
TAG53:4FA18:0	0.824897441378695	0.357854553561104	0.262265920139003	0.773963899262438
PC(16:0/20:3)	0.0900992978722244	0.153268036357211	0.483853115801214	0.689685037741595
TAG56:6FA18:2	0.521771969625922	0.760654986142322	0.279395857076185	0.756722803217518
PC(14:0/20:4)	0.441302261957161	0.17030468807847	0.393992273650467	0.758349676252651
PC(18:1/22:5)	0.409685665296236	0.319102829283464	0.19220837182801	0.749446699359359
LCER(24:1)	0.75356551674005	0.80176464110313	0.268019002490838	0.745150157936525
DAG(15:0/18:1)	0.458381622950659	0.288859859824193	0.275464252938911	0.784544429146552
TAG45:1FA16:0	0.263835122502382	0.242519980306658	0.241285122750819	0.751353931236012
TAG56:4FA20:3	0.895092522872011	0.821273284418379	0.276484252404117	0.74180784652484
TAG60:10FA22:6	0.486324678307012	0.869404048677824	0.280862833239795	0.768321916092688
TAG54:5FA22:1	0.0844896094385618	0.155965416906524	0.262627737747136	0.708272237390798
PE(16:0/22:6)	0.794467163517526	0.518161599534671	0.224349636073933	0.923201235766855
LPE(18:2)	0.210813621865385	0.20370050052251	0.233914810315991	0.569615369154968
TAG54:6FA20:4	0.620276923511285	0.880726608611897	0.284838732252746	0.749163691260558
TAG54:2FA18:1	0.511463706962897	0.548802448781431	0.298714177861575	0.766422680875525
TAG56:8FA16:1	0.313254898196889	0.423393627545252	0.270763382640168	0.825126673330333
TAG58:9FA20:4	0.211823321726472	0.204505906835608	0.256105345322986	0.769187773521897
PE(16:0/18:1)	0.0964543252038065	0.328614756732058	0.340511555889232	0.731109777286421
DAG(16:1/16:1)	0.55015834101521	0.632113570741362	0.27929388022048	0.763062921572798
PC(18:1/22:6)	0.703903231463664	0.832954034670625	0.311000057564248	0.722967711951339
TAG52:4FA20:2	0.708330571095328	0.692748107710893	0.268437869661189	0.78670450590417
TAG42:0FA16:0	0.704759655081064	0.767114150424305	0.267355266811226	0.747043972122057
TAG52:2FA20:1	0.388349631116895	0.400118776810424	0.268838383669296	0.729545198809481
TAG52:4FA16:1	0.370613529102633	0.177444136419826	0.232139060334663	0.863998078231282
TAG58:8FA22:5	0.179358506948816	0.321005625438476	0.2986403930883	0.791931923378986
TAG56:8FA16:0	0.328701423977869	0.543525603084838	0.287815298683822	0.794406980049727
FFA(20:2)	0.328666901419279	0.575395962975395	0.308047490981793	0.792951908487274
TAG46:3FA18:1	0.971236764082005	0.348142443630244	0.230112772920167	0.791753435418595
TAG50:4FA20:4	0.322788043470211	0.358396443829435	0.248479076808606	0.771957119411104
TAG53:2FA17:0	0.629185371872554	0.428709670587166	0.271331234004709	0.718568194227827
PE(18:1/18:2)	0.96941510634212	0.690666646214865	0.327305503983005	0.746467010199552
TAG51:1FA17:0	0.205862424832998	0.200442221494837	0.242710841122283	0.771492510600064
TAG54:2FA20:2	0.79895327663504	0.852904157243242	0.27492749942613	0.748260428263285
TAG56:6FA18:1	0.656673172368378	0.773342459491775	0.284112001339026	0.76632248479365
FFA(22:1)	0.360517974197589	0.781215124633125	0.274642745401646	0.736621504303956
LPC(16:1)	0.444671432657717	0.73600802511744	0.259610373794998	0.753119231175485
PC(14:0/20:3)	0.096318006925733	0.212329951514335	0.461084218203822	0.714729328948224
TAG48:3FA12:0	0.42811297369502	0.898645969305039	0.281247412240905	0.758519883557322
TAG54:6FA16:0	0.861281492132008	0.582166275904653	0.298796101579251	0.759270803558956
TAG46:0FA14:0	0.558187711471228	0.541372495947474	0.255060652129055	0.761279538447104
FFA(22:5)	0.657123029164747	0.747171769837689	0.271399559157154	0.731206233089562
TAG56:2FA20:1	0.757255072852051	0.966001562109463	0.278869721443428	0.752233451959728
TAG58:5FA18:1	0.979023566474675	0.973495049807959	0.279248840906811	0.754518877472702
TAG50:4FA20:3	0.50441678603493	0.509068709115095	0.266825871688627	0.729472182874812
TAG52:1FA20:0	0.118240936622096	0.0377939351952259	0.244224336502861	0.697414771611946
PE(O18:0/22:5)	0.972252116024137	0.780774028846713	0.302578479582737	0.748723924653009
TAG53:7FA18:3	0.302512078352913	0.632905240156987	0.291699069462447	0.755033490776058
TAG50:3FA18:0	0.7980600403837	0.46492851621341	0.269161591217623	0.764523344806922
TAG46:3FA18:3	0.340486919777922	0.81563894904353	0.287012741293291	0.756267921775013
TAG54:7FA18:1	0.0646541022681383	0.145900956974945	0.281327778527529	0.779866634297637
TAG55:4FA18:2	0.455035792534511	0.846007752107644	0.279724231603129	0.742464752361087
PE(P18:0/22:6)	0.791861125219814	0.670824510494388	0.249680542656474	0.880054939028599
FFA(18:1)	0.902683946446141	0.701308803770484	0.267762847593821	0.777226297058941
TAG50:5FA20:4	0.421818520753523	0.523824907077573	0.259374463259176	0.745643313487841
TAG53:3FA18:1	0.947515475966948	0.978393279677095	0.279415314362396	0.752299399695431
TAG50:5FA16:1	0.818355948263	0.0821656860739918	0.207445672658275	0.89476754896332
TAG50:4FA16:1	0.851942021545508	0.129200870895708	0.207929458658212	0.861038219531942
TAG52:4FA20:4	0.333223999938969	0.605709904004064	0.262786219112462	0.782251427253086
PC(18:1/20:5)	0.223764869193535	0.863920514982483	0.27348436553513	0.775355797098126
DAG(18:2/20:4)	0.453473661054772	0.494367257160596	0.281329105775088	0.766592531059588
TAG54:7FA18:2	0.0427789297181592	0.223741231633192	0.262326383495808	0.684525735789291
TAG56:7FA22:4	0.787456980905514	0.541190641321219	0.291661414732039	0.754498093649414
DAG(18:2/22:6)	0.314932216062963	0.686182685585705	0.280550728208099	0.78557225714868
TAG49:2FA15:0	0.378818662228095	0.436032809281771	0.271056141078576	0.760408998779698
TAG46:3FA12:0	0.468349322633039	0.837924075801703	0.280403221748388	0.761426813460077
TAG47:0FA16:0	0.50530747093037	0.547902150896783	0.255795075708244	0.763419120859756
PC(18:2/18:2)	0.364962881212067	0.948725578888305	0.290489487636845	0.753615428372165
PC(18:2/20:3)	0.532119625882061	0.496713273544498	0.429015088707456	0.739275577259789
CE(15:0)	0.871250528090426	0.366244191817145	0.369385297377591	0.671421814296756
TAG54:1FA16:0	0.318614525105143	0.105599963326388	0.215761750356988	0.737313022987922
TAG49:2FA17:0	0.258505492183983	0.188312267675891	0.269427144711095	0.739993120052799
TAG54:8FA18:3	0.0311744846610789	0.130936085836035	0.259379642813918	0.647494861953033
DAG(16:1/18:0)	0.112229051480987	0.257152429274366	0.267785069097165	0.768757127110551
PC(16:0/18:0)	0.625258875691418	0.583243368631109	0.396424213979366	0.717099163050364
TAG54:5FA18:3	0.029889156639185	0.0293676181389038	0.250168424090623	0.782639582885843
LPE(20:3)	0.604861186502866	0.832660981588091	0.297560952700996	0.768415174533851
TAG55:1FA18:1	0.131509451065086	0.378306917890952	0.316472108077303	0.813289347903923
TAG55:2FA18:2	0.148595151401161	0.387657239621238	0.293717748731293	0.795773936932198
PC(18:0/20:4)	0.6662083950066	0.660259171253315	0.263121994964879	0.745178215520479
TAG54:5FA20:3	0.849107178480469	0.870056849365857	0.281901276564686	0.754626045585802
TAG56:3FA20:1	0.325332354536597	0.487751140275241	0.302415146703391	0.777036523028814
TAG48:3FA14:1	0.206643119006805	0.559931208038217	0.280676176199731	0.749379731996761
TAG56:8FA20:5	0.090042521774746	0.303623339162491	0.310559298995636	0.819010503231135
DAG(14:0/16:0)	0.462185931373875	0.253769293640478	0.239133178895411	0.767045608342677
SM(26:0)	0.895158487359482	0.423719491777658	0.400563702636433	0.689130198111555
TAG51:4FA18:2	0.612662088141503	0.731629921141181	0.275197635881072	0.761438762479151
TAG56:7FA16:0	0.269189163103305	0.413935080135671	0.282891742620844	0.812309101533021
TAG48:4FA18:2	0.210618418523373	0.543498559772579	0.285077720699257	0.755753796796125
TAG50:5FA18:3	0.430389902660737	0.362598611567611	0.260046989343738	0.773264994418167
TAG53:0FA16:0	0.327198457739722	0.372021197013567	0.316576113428412	0.794681150133151
TAG44:1FA16:1	0.440147414571026	0.36275532110231	0.263034352427918	0.725305953763361
TAG60:11FA22:6	0.421604987289584	0.893828764386624	0.279819562382163	0.767889132414946
LPC(20:0)	0.052209636954344	0.119811257328703	0.204140963586955	0.69894116980796
TAG52:4FA14:0	0.476473040230103	0.356795716948243	0.26659616528893	0.719987598403007
TAG53:6FA18:1	0.763978487427764	0.733113930420081	0.256398631296664	0.76387879161286
PI(18:1/18:2)	0.981039226445171	0.713984217028687	0.332647672777127	0.796440927808241
TAG52:4FA18:0	0.767553177694586	0.434872169785699	0.262390717853494	0.78910622123012
PE(18:1/20:3)	0.30347709014698	0.893858747798973	0.312455864864603	0.742388774335902
MAG(16:1)	0.597342190191708	0.791918650141541	0.286074358142518	0.734393014391102
SM(22:0)	0.833084556061044	0.842585906432112	0.339312506863809	0.744353042809081
TAG55:8FA20:4	0.772681026842144	0.227798301517408	0.310848176281662	0.671813008311105
TAG58:6FA18:1	0.792655335701356	0.777637588884148	0.283242391277336	0.76864044396857
TAG56:5FA16:0	0.632919581519518	0.873722003329486	0.275104313411058	0.756567643517836
DAG(18:2/20:5)	0.247912821411525	0.685374335051982	0.280541805615111	0.772861624445152
TAG58:2FA18:1	0.944686953300316	0.994248689112366	0.278427985892717	0.753310987440045
CE(22:0)	0.791066964088403	0.247553232152348	0.382838131866549	0.624741817264157
TAG54:5FA22:4	0.285210871243043	0.658851955540336	0.262953578250283	0.774382391788881
TAG58:3FA18:1	0.906408176821906	0.921814416633533	0.276006295901634	0.752290709871533
TAG56:3FA20:2	0.772301076908055	0.842817951015548	0.280235599331442	0.767679965883221
TAG52:2FA18:2	0.96702155581567	0.838852147964915	0.280653550526003	0.751749616258355
TAG53:4FA16:0	0.865034122635281	0.890596128022018	0.276872268206122	0.758351619779967
LCER(22:1)	0.531205778580088	0.782970892932219	0.32406500242981	0.756753792655335
LPC(20:4)	0.201443446597583	0.105382249505549	0.514953285354733	0.494801217688478
TAG48:2FA12:0	0.555461713264078	0.977598694425464	0.278543087341924	0.752398887297325
TAG58:7FA22:4	0.853942905071656	0.737836442305125	0.289880516984789	0.752237618866625
PC(18:0/18:0)	0.635927076567287	0.990306347663833	0.294798872624205	0.753933583262546
CE(18:3)	0.906419483401074	0.644009609492708	0.36085276858026	0.749342590808606
TAG51:4FA20:4	0.175073850867234	0.179082228908739	0.237648220850438	0.772692135682813
TAG56:4FA20:2	0.513045262687506	0.6394631095971	0.271451950784243	0.790866604156199
DAG(15:0/18:2)	0.460239504122043	0.664148184470387	0.299494292318247	0.777876620249074
TAG46:1FA16:0	0.901762871132498	0.587151931298265	0.261628936945264	0.741129060501058
DAG(16:0/16:0)	0.454633493746408	0.527228287597706	0.266040975535802	0.77803211017432
TAG54:5FA18:2	0.0938135947595796	0.171757254371096	0.262687145941588	0.700380701994875
TAG42:1FA12:0	0.438129637762738	0.942101070285715	0.282813575751299	0.756530926590477
DAG(18:1/20:2)	0.613748358919936	0.313042909175838	0.293360247387749	0.675429870595997
TAG52:7FA16:0	0.741689749201802	0.652689355899576	0.261213204188086	0.76115412927379
TAG55:5FA18:1	0.623647416044629	0.845755224276618	0.2812983848089	0.75166323474359
TAG52:2FA20:0	0.69752720123643	0.460599402609815	0.269137680757137	0.738312053923067
TAG46:1FA14:0	0.339430226334643	0.340263529899137	0.252979613652442	0.741250498210948
DAG(16:1/20:2)	0.170121562524563	0.189135727694699	0.332919476310273	0.731778423373787
TAG53:5FA18:1	0.592936011081945	0.615854849713086	0.280224243958852	0.745235412231052
CER(18:0)	0.52551593210526	0.886511755563467	0.297140203834222	0.742779984953456
CE(24:1)	0.464636349531893	0.538613792990519	0.304416261706389	0.739811487540126
PC(18:2/20:4)	0.879503032080322	0.938348335720937	0.295610196071023	0.761069673959928
PC(16:0/16:0)	0.957504920230121	0.658910444823656	0.369346951592884	0.703480159090349
TAG50:6FA20:4	0.975243098894112	0.828723874791744	0.27396432065855	0.748172354664706
TAG52:2FA18:0	0.853992632371681	0.944692637957188	0.279548811396741	0.751919794633108
TAG55:2FA18:1	0.331002370638793	0.749846011477056	0.293250950674996	0.757880101085863
CER(24:1)	0.716523789788137	0.780016392196327	0.30892095971248	0.710892139976168
PE(18:0/18:2)	0.888027740996654	0.879229793296381	0.276212628127298	0.76269396471471
TAG52:0FA18:0	0.806424897353321	0.689198518390939	0.259245953132602	0.751893679208073
TAG50:4FA14:0	0.460011796667737	0.718337212299033	0.274201847694665	0.76512712436289
TAG52:2FA20:2	0.403672126437156	0.605185330097267	0.27199110057608	0.764449002568453
TAG58:6FA18:0	0.446625812400105	0.289871747335175	0.278958305605368	0.828979117882242
TAG55:6FA20:4	0.380948161287773	0.389561693957241	0.265548121569632	0.747910529097814
PE(P18:0/22:4)	0.877302210672598	0.600267879939183	0.260145227892797	0.736166793161914
TAG51:2FA18:1	0.412581842038836	0.484863533760546	0.267529316951776	0.72487400189232
TAG50:2FA18:2	0.692226605918457	0.938859835325151	0.27909493335774	0.756921441118893
TAG53:3FA18:2	0.949957873564943	0.733404424808542	0.281919960130354	0.741690346220574
CER(24:0)	0.537673153783207	0.0596500501842893	0.344230522828514	0.495443635907471
DCER(22:1)	0.925449581879307	0.719851530121326	0.28139193311902	0.748640980754967
TAG46:2FA12:0	0.602448238329321	0.949343493824527	0.277822732316182	0.751384064609177
SM(22:1)	0.830206039887166	0.82399050485108	0.279222670942373	0.781146242046409
TAG48:1FA16:0	0.236636198058685	0.340813355757803	0.254846491017319	0.776917983187879
TAG56:3FA18:2	0.932164416645644	0.906621873555247	0.276766581494998	0.754243671862251
DAG(18:2/22:5)	0.655449416742319	0.873790921303263	0.277501153206928	0.755347395764455
TAG57:9FA22:6	0.886805464276907	0.929064683684828	0.277010226294786	0.755922268815968
PC(18:1/18:1)	0.844168938839066	0.868367043222255	0.320394868064811	0.743694354705957
TAG52:4FA22:4	0.450260804264901	0.409636169807451	0.243858107193718	0.791030567588333
PI(16:0/20:3)	0.413435123521633	0.357706399586391	0.427514884764295	0.733736753773341
TAG50:2FA20:2	0.397122465615519	0.340844850075245	0.260946967745447	0.742202477566552
TAG58:10FA22:6	0.124570774141212	0.392895639275076	0.295173523460303	0.820577465201187
TAG54:4FA22:1	0.169484006231501	0.140362517150189	0.277640944371365	0.767047522366066
TAG42:0FA14:0	0.58529617789555	0.937934839990523	0.277394948842702	0.750222647252242
TAG47:0FA17:0	0.531569231709318	0.385572391091212	0.245374970225591	0.761845460619542
TAG48:2FA16:1	0.218057926882975	0.764599406061084	0.281624061495726	0.752521578864798
TAG54:3FA20:2	0.89948356751412	0.986717252143594	0.279471562065364	0.754386255596678
TAG42:1FA16:1	0.612661741477055	0.442121730011079	0.253004541746269	0.744768552300643
FFA(18:4)	0.290303116027216	0.264428991707835	0.380582409934981	0.750434336661012
DAG(16:0/22:6)	0.973087474229166	0.983110665180675	0.280135969537773	0.752665048341149
SM(14:0)	0.719215045087291	0.929987748795388	0.286182025934189	0.774150867405344
TAG47:1FA16:1	0.264472996219681	0.525335312807264	0.272066135866916	0.75705072281135
TAG51:4FA15:0	0.577235864697159	0.84306519749767	0.279431623707477	0.758720234929885
TAG47:2FA16:1	0.232816161664386	0.630274110918863	0.28121151257177	0.739065676211757
PC(16:0/22:6)	0.433807285687553	0.588419862705628	0.245948800141144	0.866161605747713
LPC(17:0)	0.193251931252266	0.278435263725743	0.233947770791211	0.783684938245924
TAG55:3FA18:1	0.518445345492875	0.880260261092744	0.286459518550425	0.751027982663975
TAG46:3FA18:2	0.956628385677579	0.553408632309638	0.262818830041634	0.75603299729585
TAG53:1FA17:0	0.394070315909469	0.207756251982356	0.236324241530285	0.744196502000112
HCER(24:0)	0.521146997543863	0.559327346212825	0.24337106764113	0.818445761052117
TAG53:6FA20:4	0.448868417416087	0.820452892016944	0.276083029357632	0.748114610209508
TAG54:3FA18:2	0.423518750061893	0.450705693555429	0.282227098593581	0.758693970069621
TAG48:5FA18:3	0.10727827905091	0.332566168074067	0.291727217512258	0.742341796196758
TAG50:2FA14:1	0.180526761148775	0.123081276845798	0.23678814635853	0.735968027806811
TAG52:4FA22:1	0.339000404746444	0.175419046934778	0.252064482577477	0.803094164176598
TAG52:1FA16:0	0.688630392371498	0.75470093408724	0.2686898067733	0.754876724163608
TAG54:4FA16:1	0.641386543889129	0.542214341615557	0.260048972048294	0.807666980145373
TAG48:4FA12:0	0.183501775793441	0.547194472977117	0.287213029528611	0.762588610587606
TAG58:7FA16:0	0.80331134463016	0.497929255774424	0.264264474814526	0.76616544309198
TAG51:2FA16:0	0.264988808685367	0.460327484493108	0.273105934412998	0.754487575577102
TAG56:6FA18:3	0.273632888037515	0.4952790575439	0.264107183074824	0.772057483486757
LCER(16:0)	0.730217773736361	0.818052599084067	0.298221354463822	0.766334503560411
TAG52:6FA18:2	0.129050121447416	0.0674177816813227	0.239487767134027	0.851337861380413
DCER(22:2)	0.664199778154312	0.588702338133624	0.318795723227093	0.677542090345641
DAG(18:0/18:3)	0.881215715649442	0.972866725206756	0.278412471743669	0.753138625600411
TAG48:2FA18:2	0.710100432673449	0.519852955914674	0.27016889422759	0.755632195842058
LPC(20:1)	0.273926334990687	0.139110710837423	0.221170264349869	0.731787328139282
TAG54:8FA20:5	0.190548775406662	0.358193605837612	0.303888419905327	0.812558289814462
FFA(22:0)	0.890841467122758	0.950985536424672	0.277546158861318	0.753080488974359
TAG53:1FA18:1	0.807748750347327	0.475318813576803	0.249162015540561	0.752138883089899
TAG55:6FA20:3	0.784029924373725	0.824397301280503	0.289967427857263	0.74567426800097
TAG51:4FA18:3	0.886419692257848	0.549821595242585	0.278293815944044	0.76431595592
TAG58:10FA22:5	0.136461153349569	0.418692001563961	0.297416013033157	0.785268601725573
CE(20:0)	0.128811011975212	0.728475020215847	0.264742441956243	0.751688683754304
FFA(14:1)	0.79232133333062	0.95421638300524	0.279951592035021	0.753050744122571
TAG48:1FA16:1	0.231374255224978	0.645021036570655	0.272369343686917	0.774478833445437
TAG53:2FA18:0	0.445640793167084	0.306221178009723	0.260156870494701	0.760089393505562
TAG54:6FA18:2	0.0800910461510402	0.24189900464161	0.260150281325899	0.677566517373849
FFA(12:0)	0.555127362750654	0.947855367915242	0.278171501602991	0.762274761175627
TAG51:1FA18:0	0.234603881252362	0.11254370817747	0.222719201755675	0.754189360407227
DAG(18:1/22:6)	0.515776177129703	0.919864029195077	0.278934535488173	0.76456642201623
DAG(18:1/20:3)	0.462036811176756	0.434983453719811	0.267522479752949	0.743390992821063
CE(20:3)	0.172377810004372	0.156842468527826	0.484020735756209	0.758746143492155
TAG36:0FA12:0	0.350852599434936	0.638404325009527	0.276551689004011	0.776420556915925
TAG53:2FA18:2	0.893452344679318	0.559591923550792	0.269915718024715	0.762741817249453
TAG53:1FA16:0	0.66149914727515	0.971383417686223	0.27928787933571	0.754035759885516
DAG(16:0/18:3)	0.967043510096166	0.572999728848707	0.275635935434152	0.731052670866321
PC(18:2/22:6)	0.648409964335329	0.340956554898726	0.380060482725039	0.652846837371753
PC(16:0/20:5)	0.220603758151642	0.899212154783202	0.276557181097853	0.770684724486173
TAG47:2FA14:0	0.486490021367955	0.304268645860428	0.259401906461329	0.736565813746988
PE(18:0/22:6)	0.619613767724823	0.954791204599084	0.289528493906157	0.773499779796713
HCER(24:1)	0.434870586589732	0.352664620856343	0.222070949194222	0.814930760275443
PI(18:0/16:0)	0.718866230866664	0.622818284920885	0.248532267074209	0.707063655752496
TAG53:4FA18:2	0.72709782515107	0.936370315599718	0.277866026223278	0.755421512677327
TAG54:5FA16:1	0.895677422093253	0.699593318501676	0.274056405640823	0.772737881597845
PE(16:0/20:4)	0.544555842451197	0.834950416645599	0.271000791900162	0.779093109251255
TAG52:1FA18:0	0.656275324585762	0.668972464473472	0.262312974347045	0.7581984079858
PI(18:1/18:1)	0.376039488347734	0.139971081191393	0.393512824031246	0.894347947708864
TAG54:5FA20:4	0.447787968644389	0.740497058114402	0.265365339430154	0.765299936386447
DAG(18:1/18:2)	0.747433162852498	0.594983888066969	0.266048526303834	0.77031405849099
TAG56:8FA18:2	0.279079530150796	0.508455560465524	0.284865486971654	0.787584943521706
TAG56:8FA18:1	0.135331711452922	0.394194612707349	0.306286109317269	0.812931850634099
TAG46:1FA16:1	0.231538195338784	0.42624292226188	0.264088234736745	0.76302988202012
TAG53:5FA18:3	0.434994405737734	0.290526796932125	0.259097383665386	0.773127312169939
DAG(18:0/18:1)	0.934457706144152	0.868739087400629	0.275795063996741	0.747236527417623
TAG42:1FA14:0	0.638320826277429	0.360193045030729	0.240224632666964	0.733147453663059
DAG(16:0/18:0)	0.264155674867963	0.279800556484356	0.242136180770414	0.777804211103274
TAG46:2FA16:1	0.372220336385222	0.616969706601794	0.279416877027757	0.737730537636001
TAG56:7FA16:1	0.3328801047154	0.193483797507428	0.260392622627207	0.884896907049875
PC(18:0/22:5)	0.419800050914767	0.571128230521823	0.392304238446619	0.724629782514715
TAG47:1FA17:0	0.5041167456662	0.22417090458561	0.248099908034448	0.731390455198693
TAG49:0FA17:0	0.405000999703523	0.488213726758711	0.254762792168591	0.771362234529941
PC(18:0/22:4)	0.203987442742938	0.193002064006656	0.36824460470816	0.960651570263154
TAG54:8FA22:6	0.447913949849737	0.542001007957071	0.284340480767885	0.803462775377375
LCER(20:0)	0.764591445765246	0.896848737088494	0.277036780264703	0.752688861045981
TAG44:1FA14:0	0.962700286323071	0.587990763131871	0.262391238421333	0.732090926732682
TAG50:3FA20:3	0.191313012227021	0.19345288243451	0.237839262690132	0.769383557769083
TAG54:5FA18:0	0.123593200141243	0.23792472111233	0.2570964177672	0.713943254500505
TAG48:1FA14:0	0.338959467564995	0.264133937530454	0.24673013649432	0.751738616144523
TAG40:0FA12:0	0.34999263421238	0.753065406481227	0.288896327495337	0.767525618033121
DAG(16:0/20:4)	0.173812266198233	0.140311417201194	0.264246585191619	0.817445150408153
TAG52:6FA16:1	0.191678739215275	0.0600197070322317	0.220019853394744	0.871306036821193
TAG54:0FA16:0	0.22805611953055	0.0266017212861333	0.194318273404392	0.700422532433419
CE(22:1)	0.428256199309834	0.602503227155742	0.2363285911148	0.790899983129773
DAG(16:0/20:3)	0.163568937616282	0.16217852983688	0.273030439011023	0.790315834115319
TAG52:4FA20:3	0.326708265102929	0.69309800613767	0.271672169208782	0.755427146939984
TAG51:3FA16:1	0.439038492288111	0.952118827540144	0.278773502402927	0.757641171582515
TAG52:3FA20:0	0.672568086015784	0.485073190955182	0.278123856193355	0.75843584360543
TAG47:1FA18:1	0.320340782815663	0.161405346107664	0.236468875080173	0.72161308638978
TAG53:3FA17:0	0.981916490893472	0.793516767099672	0.282427272258547	0.740018999460575
TAG54:7FA20:5	0.201401544642556	0.363608041443888	0.311839014874037	0.808313410915031
TAG56:6FA20:5	0.209288657883097	0.693916100133844	0.294654693606151	0.787717074426902
TAG50:0FA18:0	0.564018075697921	0.57923877379809	0.254476339292742	0.765796835234207
TAG50:4FA18:1	0.749096419678207	0.690792262758217	0.273877540502041	0.770475575608593
PE(18:1/22:5)	0.325933424024167	0.981562487003189	0.298607351683035	0.753141260745851
TAG46:2FA18:1	0.613772145047366	0.297708619102461	0.238532097980503	0.732825542890266
TAG47:1FA14:0	0.291616814823048	0.222237192393773	0.241188195881982	0.732404014865098
PC(18:0/18:1)	0.411971547387561	0.386295742895596	0.444149179796681	0.709364128525556
TAG50:0FA16:0	0.494278485497286	0.570216195249352	0.255093129443778	0.774187435119173
TAG54:6FA22:6	0.803517169034193	0.975883753359998	0.279775356222518	0.755300098436111
TAG56:7FA20:4	0.744540263781408	0.989453253876158	0.279744062016341	0.753884024003836
TAG52:4FA16:0	0.383519317774055	0.348258252039496	0.265917132745654	0.749606634140841
TAG42:1FA16:0	0.558209500117964	0.359923480986481	0.234122008367924	0.774800322505942
LPC(22:6)	0.0871308590989418	0.0962336768960115	0.316053839979315	0.864100612012564
PI(18:0/20:2)	0.470169714203579	0.830060998745831	0.341748639853144	0.723612584192981
TAG52:2FA18:1	0.758960499639198	0.869686771162481	0.281356413213213	0.757860485233358
TAG52:3FA16:1	0.735561456029824	0.302292009766989	0.251052445721426	0.828718117027751
TAG51:3FA18:3	0.84921637887452	0.998959618473466	0.278530466157263	0.753292146803903
TAG52:7FA18:1	0.778941856937523	0.78543862402625	0.271650162049935	0.749982905914703
DAG(18:1/22:5)	0.64494857574588	0.654907946008798	0.277124209033047	0.777622635146316
TAG56:5FA20:2	0.242662087877419	0.48937850493955	0.259754006987234	0.815058649272959
TAG46:1FA18:0	0.590236815654134	0.169072791623924	0.212974895887283	0.751123882752039
TAG56:5FA20:4	0.655354252438098	0.872800739639745	0.284834395607802	0.758629905137049
TAG56:2FA20:0	0.704497491503399	0.89372196654647	0.284141220123548	0.7557375963684
DAG(18:0/18:2)	0.93280613206662	0.917114968934507	0.280116078858298	0.754134346207151
DAG(16:0/20:5)	0.86213343921929	0.333893809760929	0.265288297546341	0.731369510917118
PC(18:1/20:3)	0.138275142304989	0.210164242076065	0.536447401934184	0.724520594628569
DAG(14:1/16:0)	0.638610595924979	0.482276758415587	0.260993310362275	0.801369499377293
TAG48:5FA18:2	0.120976120536174	0.423649797871146	0.290788076091342	0.740384666128691
TAG54:3FA18:0	0.372479974195334	0.368423071523639	0.280586211599098	0.762215797352211
TAG49:3FA16:0	0.690490300249822	0.937566597512909	0.278535707274105	0.75261523418204
TAG49:3FA16:1	0.548011980080041	0.803039164279889	0.273199858947015	0.766859520893956
FFA(20:0)	0.395625871380433	0.817527177505315	0.271569798229171	0.763721505624896
PE(P18:1/18:1)	0.74078168575565	0.145105301922876	0.461756658770074	0.618851033575725
TAG54:8FA20:4	0.434066676667415	0.888464951007458	0.279280442677231	0.754459382803085
CE(14:1)	0.136219742118238	0.059594312885384	0.415190374820499	0.748415852695645
SM(20:1)	0.396981349036011	0.194352362524881	0.115906916148933	0.977200486743127
TAG51:0FA16:0	0.686081225050957	0.556983177047611	0.25440251340777	0.765598959990609
DCER(16:0)	0.0376443683260206	0.0708952749186574	0.397130680470364	0.719536021603816
TAG56:6FA18:0	0.403762976240677	0.675199733735246	0.285573202696399	0.772655753084695
TAG48:4FA18:1	0.20563121837308	0.535844235350365	0.294723233851038	0.765868471636685
TAG50:1FA16:0	0.379691550511957	0.606512427149773	0.265217778427791	0.777130960057065
TAG52:5FA14:0	0.435941523251064	0.427836729193148	0.260594629331701	0.737239230914883
PE(P16:0/18:2)	0.469985634402724	0.946884396303693	0.29885219107157	0.747971762552418
PE(P18:0/20:5)	0.478497274738113	0.507637564957407	0.29310276526018	0.668198977152885
CE(18:0)	0.42508943074436	0.415525210964861	0.370810097623745	0.734504474218157
PI(18:0/20:4)	0.896967201681047	0.757744301721333	0.261372542727181	0.760704512184257
TAG49:1FA14:0	0.29231707166071	0.155302680969783	0.240580365612405	0.729175725488207
PE(O16:0/20:4)	0.878566687700093	0.592994514662403	0.296066700733218	0.752501644290524
TAG53:3FA18:0	0.596136484707077	0.646214385697059	0.289627529235716	0.744168960986296
TAG56:5FA20:3	0.942341181463831	0.895277953303963	0.280620161721722	0.757705924595647
TAG48:0FA14:0	0.495243359356525	0.336530252793986	0.240836998523266	0.748350235418329
FFA(17:0)	0.164322138241155	0.393464299492664	0.318483649015479	0.764425296200745
TAG50:5FA20:5	0.860556798431837	0.507815004404452	0.25333215113141	0.73449150908814
PC(16:0/14:0)	0.112163455218138	0.0449602645792929	0.517718757998351	0.556382566915203
TAG48:2FA18:0	0.39352414548953	0.913879144995907	0.283324330939777	0.755292504088097
TAG50:5FA18:2	0.456785362978103	0.635914433799785	0.272004682613237	0.751202336148114
TAG52:7FA20:5	0.502228278004876	0.965413421949493	0.28136580872262	0.755943407173861
TAG48:1FA18:0	0.724070668143212	0.72996430203594	0.266746014242335	0.742485389837472
TAG56:6FA22:4	0.727752167750646	0.974839447292128	0.281836318367789	0.752099052238642
TAG52:2FA16:1	0.639906944294415	0.833915056879535	0.276202895903717	0.762831980898965
TAG49:0FA15:0	0.266630606829965	0.17917955936346	0.228434061809736	0.763878098607967
TAG46:1FA12:0	0.783625160264163	0.719740872491972	0.268323944904879	0.739974798614829
TAG51:3FA15:0	0.957510774230739	0.945776125218931	0.278656078819694	0.750458768334802
TAG54:7FA18:3	0.0375850980418059	0.172299670887507	0.258643326134747	0.673310620004623
TAG57:2FA18:1	0.132938332039822	0.38063962040297	0.306962547070604	0.828215857583845
PC(16:0/20:1)	0.279111113468786	0.449756490880094	0.305662694762395	0.714825075743268
TAG38:0FA12:0	0.413127071769047	0.669722800787616	0.277680948454077	0.773813826675814
TAG49:0FA18:0	0.372662815699468	0.228754099742467	0.230720201839742	0.753283110978189
TAG51:2FA16:1	0.253778862153222	0.642258691112411	0.283948806703099	0.735678386992841
TAG54:3FA18:1	0.226601451389518	0.183984643345279	0.308811172405166	0.799737155790202
TAG54:3FA20:3	0.409429744066957	0.648199797516304	0.26394223832861	0.754454772779705
TAG58:7FA18:0	0.336174716231518	0.558460140282567	0.285097697973018	0.800150426241163
DCER(24:1)	0.320361640263737	0.508465435952184	0.337126571150698	0.683312070141197
DAG(16:1/18:1)	0.675684855405483	0.896733918346353	0.276761449928067	0.758491814642326
LPE(20:1)	0.439276917184462	0.471669379706545	0.282718638901498	0.799142876440726
DAG(14:0/14:0)	0.407690145138578	0.240940497600028	0.236855715673143	0.721168580532332
TAG48:2FA14:1	0.104484117370755	0.256688604320749	0.257258015950966	0.756121765793159
TAG56:9FA18:3	0.344083945442506	0.271570904938026	0.280075847106782	0.796414899642307
PE(18:0/18:0)	0.630904423157769	0.979283728038634	0.290580773066743	0.75436044298941
TAG50:3FA16:1	0.661414969422391	0.485729420725789	0.256867143025473	0.77301082227974
TAG51:1FA18:1	0.25207355271122	0.228021105555192	0.243556231960441	0.757646656053475
TAG52:1FA18:1	0.716188513614676	0.835264406600797	0.272836544436173	0.752808751536337
PI(18:0/18:2)	0.858109488610722	0.808344104698519	0.332139889525754	0.773184656720416
TAG49:1FA15:0	0.238683823769889	0.203695864775327	0.239142464971506	0.763151483757077
PE(P18:1/20:4)	0.771462711201888	0.834059610402715	0.273491170315525	0.752982321630307
TAG51:0FA17:0	0.325980344212804	0.278887138674532	0.238914401955793	0.770759420491839
TAG48:3FA16:0	0.462552642345928	0.674341463443693	0.276957921775622	0.75565790236902
CE(12:0)	0.382096982486014	0.443037904739929	0.358138800410143	0.706935654158856
TAG53:1FA18:0	0.407424390940041	0.185950681229821	0.22817645249031	0.764932122390367
CE(18:1)	0.929058181265726	0.570095845865712	0.347234653139025	0.725675007782786
PE(P18:0/20:4)	0.727366664936226	0.526244404996206	0.257642700341399	0.778230369785961
TAG54:3FA18:3	0.895081226284604	0.369244425458847	0.271878447340923	0.707759430142115
TAG54:4FA18:1	0.123213078709478	0.112136734381192	0.286957498814516	0.772330907261687
TAG58:8FA20:4	0.290261550879344	0.273048554717273	0.242124591996811	0.779868808447536
PE(18:0/22:4)	0.590929177095569	0.748797151616799	0.273201114703593	0.742302919452789
TAG44:2FA18:1	0.710525501462474	0.300177003491558	0.222079343392934	0.769363099174272
PE(16:0/20:3)	0.02379768108359	0.0632504367279261	0.552306494101711	0.594793160399594
TAG46:2FA14:0	0.613301111187145	0.433970037424712	0.265906960958298	0.73594071309553
PE(18:2/16:1)	0.409560638434443	0.857923825238612	0.304666696870373	0.734935377173569
TAG56:4FA16:0	0.402991336248833	0.600395548609017	0.264281004611338	0.761166897933986
DAG(18:1/20:4)	0.309300938975641	0.323715891418577	0.260841594304902	0.768662215856387
TAG52:3FA18:0	0.83397889568391	0.530991317423047	0.266850745279558	0.760342461694358
TAG58:10FA20:5	0.572985076303522	0.690212777476493	0.274967189064196	0.726099860585903
PC(18:0/18:3)	0.796448409659911	0.78698449818949	0.264523352650253	0.762299776501905
TAG55:7FA18:1	0.89299112349197	0.61801952828549	0.259028360247569	0.738935327201278
TAG60:11FA22:5	0.610835675116823	0.946158768909775	0.279431093005942	0.749645245750194
DAG(18:2/20:3)	0.430406304847612	0.333859801023334	0.282062563631005	0.735537126723372
TAG40:0FA16:0	0.381553087286107	0.831950412165877	0.29036901594156	0.760570995148118
TAG54:5FA16:0	0.642505877298103	0.917358438140992	0.276878492653319	0.753773186702769
TAG58:6FA22:4	0.92796490703501	0.691610783790131	0.297654431812046	0.75003457204158
TAG56:4FA18:2	0.31881227229052	0.478700878385418	0.281335388435737	0.758936523565099
PE(O16:0/22:5)	0.913878825196813	0.429859002380495	0.354376895758123	0.723317145633965
PE(O18:0/22:6)	0.451754469125912	0.838739532174767	0.270635279958403	0.793376362232858
SM(18:1)	0.920886288567612	0.567175526222827	0.223407691300087	0.830017920614918
TAG51:5FA18:3	0.380486228761029	0.255903856387621	0.266627790969513	0.776312079916332
TAG54:6FA22:5	0.79739137022179	0.832363481355262	0.282680446412731	0.755195613387645
TAG56:4FA18:0	0.967428116964728	0.911222747154299	0.279503894593216	0.760395965759936
TAG51:3FA18:1	0.988274097479281	0.900165228040895	0.279244784199256	0.746468497292585
LPC(18:0)	0.184640866839877	0.0205357230738883	0.10436572131234	0.657342692633688
FFA(20:5)	0.989990150868326	0.49996049417521	0.284362720855631	0.715199002037708
TAG54:6FA18:1	0.0274247463441597	0.076716308213363	0.258710270335813	0.75058420268922
TAG52:6FA18:1	0.222073597854017	0.192412699949614	0.294979441918885	0.852533571333329
PC(18:2/20:2)	0.0428865272985814	0.0557488182267963	0.106055153119262	0.977285725950518
PC(16:0/22:5)	0.448022843877623	0.496200903670366	0.221786332439141	0.825283532048898
TAG45:1FA15:0	0.427742941243104	0.282856407684434	0.25305571863972	0.73039424660794
TAG50:3FA18:3	0.998062511608468	0.688876470708393	0.279404799578152	0.732090359055706
TAG48:1FA12:0	0.542006674769668	0.906565779146418	0.27586284787115	0.748918611908824
TAG52:6FA20:5	0.868306976008743	0.981462080115139	0.279606114404348	0.752597772964096
TAG53:5FA20:4	0.254080566107182	0.459192316784504	0.260689322767127	0.752443760624132
CE(20:4)	0.450140888091783	0.753662131239662	0.270999169502536	0.745673874902236
CER(22:1)	0.199959634933481	0.775519713243446	0.338335959559761	0.718335054728523
MAG(18:0)	0.259029897052644	0.0223454270808197	0.250902936754699	0.839714879053731
TAG48:3FA18:3	0.967098993688773	0.870656393492825	0.275924315014604	0.755865074796721
FFA(18:0)	0.453745502223189	0.882684265620239	0.278106491975205	0.75570821124844
TAG52:4FA18:2	0.336953943796956	0.257106103934063	0.252806780203338	0.768423282024856
TAG42:1FA18:1	0.487508769134356	0.944285519450864	0.278387722180917	0.751433457973992
TAG60:10FA22:5	0.508785778091429	0.788364456462672	0.283562824252537	0.763358609743828
DCER(26:0)	0.536764754497262	0.571254934505678	0.280933506206123	0.765710663764439
LCER(18:0)	0.775084555932982	0.469908732223518	0.216692831710512	0.804400022163148
TAG42:0FA12:0	0.394923352216965	0.895583322090645	0.282637033008459	0.75998395934211
TAG51:3FA17:0	0.487380416912111	0.89373325583936	0.285569210608706	0.748266898545821
TAG52:6FA16:0	0.349175571709409	0.109958973127945	0.279894291743183	0.751046847266899
CE(22:4)	0.716946264552704	0.682806478625522	0.311612327280306	0.76656579398429
TAG48:4FA14:1	0.439696866592688	0.794605534696107	0.272377132182835	0.765041858137653
TAG50:3FA18:1	0.962844859068014	0.984964599928966	0.278962933182759	0.754703138945514
TAG53:4FA17:0	0.718336874288415	0.945448347492919	0.280886022662488	0.751291491798516
PC(16:0/20:4)	0.432146499720272	0.677887227085557	0.271682941587226	0.751678422979939
TAG44:1FA18:1	0.989889108803404	0.443939241438615	0.245114967972185	0.738717270929995
TAG48:0FA16:0	0.556942269573949	0.752833553055227	0.267860491334004	0.770260998131955
DAG(16:1/20:4)	0.188973328558019	0.417556472715074	0.275418788981527	0.771238112572861
PC(17:0/18:2)	0.424201559488025	0.794374861221339	0.355754257637993	0.719184758826165
TAG54:4FA18:2	0.137828816987724	0.150553227278082	0.273697471240304	0.757107956561527
TAG50:0FA14:0	0.607867998815495	0.199327253906746	0.221292425001553	0.720687391725062
TAG58:7FA20:4	0.591233509552394	0.453022404639198	0.261961083736223	0.732886089413299
TAG52:4FA18:3	0.376468011764306	0.153165507397731	0.275789426490202	0.749327192178897
FFA(16:1)	0.904248033878389	0.602276019197857	0.253013506707092	0.795313318150757
TAG51:3FA16:0	0.57328697813345	0.783372205529798	0.278705562650371	0.756045790009493
TAG50:4FA18:3	0.880354960694117	0.356570409810781	0.263502357353133	0.77009739597109
TAG54:4FA20:3	0.555259864021073	0.740708380033534	0.268612129946397	0.75158856793883
PE(O18:0/18:2)	0.736398132068256	0.950681444266349	0.308582742513961	0.749159680740777
PC(18:1/20:2)	0.64656802120691	0.974460639077695	0.298917733152633	0.754490749628322
TAG49:2FA18:1	0.354728360655432	0.480545322937253	0.274660653018818	0.721060411167072
PC(18:1/20:4)	0.678936318880727	0.994106843963914	0.281336285176388	0.75307594587089
TAG47:0FA14:0	0.523290379340114	0.415552500517009	0.249776608785768	0.746594042691624
TAG52:8FA18:2	0.911570197662282	0.893075142052776	0.277649225087902	0.753748239907244
FFA(22:6)	0.764324873555652	0.913436718520665	0.275995762333809	0.743280660742141
TAG47:2FA15:0	0.483665148900108	0.399608000385024	0.265943941356159	0.735550486944901
TAG48:2FA18:1	0.9846784138414	0.756791199122932	0.271965757041145	0.738910752384985
TAG55:4FA18:1	0.467720828827541	0.676745392430854	0.291929509025147	0.737333454851008
TAG52:3FA14:0	0.768612868673316	0.498272055668355	0.279454985869538	0.710930613502769
TAG46:2FA16:0	0.63633961688271	0.938737583396319	0.277397949721683	0.751833447309676
TAG54:4FA20:2	0.688405327783988	0.815487973167507	0.275713383796819	0.770838125073893
TAG48:4FA20:4	0.953602453912987	0.596141778822411	0.260941598600627	0.737727005839878
TAG56:3FA18:1	0.448341984884659	0.591894988739299	0.293415118082088	0.770676667713647
TAG54:7FA22:6	0.935370696975198	0.762430583218195	0.278018257694561	0.777697668037376
TAG49:3FA18:2	0.50698691873713	0.715956793004304	0.285617762119106	0.739713576081776
TAG52:3FA16:0	0.711624403910374	0.475030282470598	0.275019738240504	0.769491208451691
TAG54:8FA18:2	0.0569347804526185	0.180642586444768	0.272238147606415	0.721967243173747
TAG54:6FA18:3	0.0384081177506594	0.0998597126015658	0.249964399570346	0.727576452674706
TAG56:8FA22:6	0.299070897757614	0.537071332498291	0.286620355877804	0.803488465251895
TAG58:8FA18:1	0.0942330852496397	0.246052070052272	0.315928498291289	0.859228887757018
TAG55:7FA22:6	0.66988839007277	0.956850116664565	0.280083448737303	0.761231480998384
DAG(14:0/18:3)	0.569923068933865	0.628164047050663	0.276168581251226	0.77289757678732
PC(16:0/22:4)	0.683273967308301	0.589225503170035	0.30688638901244	0.799142495021849
TAG56:9FA20:4	0.989577948275963	0.867009234324651	0.279458077346303	0.750237279129457
TAG57:8FA22:6	0.290525479978363	0.566469372780381	0.282687452115972	0.801374908732415
TAG56:2FA18:0	0.993692187406324	0.849718357641038	0.273327572081443	0.749744965106692
PC(17:0/20:4)	0.195132922035037	0.918255976779801	0.277351139887287	0.759251956585066
LPC(20:2)	0.157214010379324	0.0799412952950107	0.19466645511102	0.656963956458116
TAG45:1FA18:1	0.504136851828083	0.255223729247231	0.237783133635681	0.734736112230531
TAG52:5FA20:4	0.238386815084453	0.640215917759919	0.265084391471431	0.771449246937401
PE(18:1/18:1)	0.485888294954579	0.482009568388539	0.285653527786075	0.768140292227712
PE(P18:1/22:6)	0.82548797658215	0.693671616672071	0.253681725709539	0.8508403902675
PI(16:0/20:4)	0.280020758775153	0.703967265060198	0.338281315735325	0.769849734820106
TAG49:3FA15:0	0.658804176621039	0.969641214244469	0.278950256863697	0.754402529708641
TAG51:2FA18:0	0.628713642485021	0.461309252673513	0.26162260585689	0.763993484743249
LPE(20:4)	0.913897077184577	0.807487568406567	0.278110596539126	0.722882006536381
TAG44:2FA12:0	0.571449638579724	0.833300902039816	0.274010719384143	0.747249858305041
TAG56:1FA16:0	0.344982904921012	0.259318023180788	0.234715500046379	0.740669924648941
MAG(15:0)	0.296015805132075	0.847018155264268	0.283480288139709	0.755184645599987
DAG(16:0/18:2)	0.946668506043828	0.783459558607095	0.276035747947188	0.744027840103793
HCER(20:0)	0.0486624637801019	0.0887709203077248	0.154976963713189	0.910434199589974
LCER(24:0)	0.856474373026623	0.973344306292091	0.28867869288907	0.752344051053675
TAG49:0FA16:0	0.386652962598115	0.408697942087869	0.248374634177079	0.775339766736795
TAG50:3FA18:2	0.807282729880254	0.810817074489134	0.27448580149828	0.760638009444365
TAG55:7FA20:4	0.886397879584011	0.694631227800051	0.293515343220707	0.733086953796299
HCER(22:0)	0.319955413757572	0.403863773143652	0.227572709082255	0.799891379572303
TAG58:7FA22:5	0.211257040535819	0.311300716029629	0.309447555118826	0.813053195254337
FFA(22:2)	0.966342948439966	0.942966395801461	0.280724408803065	0.75948176911108
TAG44:1FA12:0	0.962469519234973	0.562160036574215	0.264347983233561	0.727971807257305
TAG46:0FA12:0	0.551292621769304	0.889621344256728	0.275266242196497	0.748030049848561
TAG52:6FA14:0	0.743392839874975	0.801284436368587	0.274409686409303	0.743164653362097
TAG51:2FA17:0	0.346563609386297	0.483691270717132	0.281111417569567	0.755894596201893
TAG56:3FA20:0	0.592809862710502	0.807649216497976	0.283849670169293	0.750748702481375
PE(P16:0/20:3)	0.150285847006489	0.135096432186812	0.446121240038559	0.603931030364525
PI(18:1/20:4)	0.296600370595671	0.88392452748996	0.303476671805731	0.760809567988513
DAG(12:0/18:2)	0.458120410375411	0.786237056390567	0.28470784528081	0.752505952587985
TAG52:2FA16:0	0.872974430356238	0.812621672384137	0.28148556666718	0.758046334755679
TAG52:3FA20:1	0.970125622113868	0.759002038060066	0.28040752407717	0.73791823528126
PE(P16:0/22:6)	0.435133102413291	0.351733186238344	0.209894136747821	0.966314679612975
TAG56:5FA22:4	0.510848918476899	0.831661663913687	0.271487187721439	0.763983050704704
TAG56:9FA22:6	0.262612058466809	0.463706132175412	0.283784897150827	0.810602364710017
TAG55:7FA20:3	0.65210904666642	0.936785963633209	0.283940838232037	0.751955256663489
TAG50:5FA16:0	0.922679779457668	0.496162581698617	0.287785668277771	0.770487093818263
TAG56:3FA16:0	0.449622751515592	0.369750052044998	0.264581860194723	0.752257494412092
MAG(18:1)	0.475551417425132	0.892590710001119	0.282497616300619	0.767382819470846
PC(18:1/18:2)	0.669487722518381	0.819289882629388	0.356826289872638	0.741247336727291
TAG56:6FA22:5	0.448775770539521	0.543524762886423	0.291807191972718	0.775933241848019
TAG57:3FA18:2	0.129342985227166	0.419399205867394	0.294042143656578	0.805904103809506
LCER(18:1)	0.977565368662269	0.759816597116871	0.291337287687509	0.741656537144864
TAG52:8FA16:1	0.275013047082533	0.388611837481569	0.268312362614052	0.749997993206884
TAG58:8FA22:6	0.151418634077253	0.336518802046593	0.304435917296948	0.843438731654224
TAG50:3FA16:0	0.713595833174409	0.562070381610092	0.264695697808848	0.751576475466086
FFA(24:1)	0.366356544650496	0.568602282000254	0.263959571550435	0.748728098596606
TAG55:7FA15:0	0.635136928303992	0.873588500116569	0.280775895760595	0.738581129767819
DAG(16:1/18:3)	0.555226564569965	0.846725920029381	0.276865189251328	0.754066241812639
CER(20:0)	0.785879345839532	0.830166125499481	0.270080801538282	0.786031972577331
PC(18:2/20:5)	0.383521855156905	0.791918795688208	0.292125691923575	0.728948003331111
TAG52:5FA18:3	0.233055107448037	0.0849960856356941	0.247975743076985	0.728680650839033
TAG51:0FA18:0	0.431561865435654	0.27892521166258	0.231814671525073	0.765291523234066
TAG55:3FA18:2	0.33893747796114	0.773283414145466	0.287166435306874	0.742984963186056
TAG42:2FA18:2	0.327395883513087	0.876494289893009	0.288698667500595	0.75555912037254
PC(14:0/18:2)	0.643888141876926	0.433225532568787	0.475285881756565	0.657341987911381
TAG50:3FA14:0	0.927370169614823	0.86755072606592	0.280771828796337	0.744300948800515
TAG54:5FA20:2	0.409943371078206	0.455614284554291	0.257749228477887	0.808448302413885
FFA(20:3)	0.987621835361878	0.943480121396105	0.277957568553979	0.749529235639733
TAG56:6FA16:0	0.475716913064931	0.466346335333818	0.286282472207442	0.77891903928512
PI(16:0/18:1)	0.211583700734146	0.139927587223584	0.419718993636672	0.884085390011113
TAG52:3FA18:3	0.546273372092603	0.365528832854413	0.280935600465665	0.733748207699115
TAG58:10FA18:2	0.174458495387755	0.478658037151171	0.292323139217302	0.799377240499912
LPC(16:0)	0.0486113689728227	0.00902318522706687	0.162242503639246	0.655667746438513
TAG44:2FA16:1	0.386336500809963	0.421588264492332	0.266322263525959	0.74270574568022
TAG56:10FA18:2	0.340641568331757	0.761263622992081	0.28722237130294	0.744780907234242
TAG56:5FA18:0	0.623993603709638	0.769677995475203	0.284126613527966	0.766880779609268
DAG(14:0/20:0)	0.0253491398868932	0.000707457590339769	0.599454619430532	0.666406450577833
TAG52:1FA20:1	0.352982090715507	0.33520937380922	0.243512449304398	0.776359686337419
CE(14:0)	0.510526608279673	0.179556585312927	0.47504484384539	0.638751477254022
DAG(18:1/22:4)	0.988830653406571	0.690354597576768	0.272246535000561	0.747144902835792
PC(18:0/20:3)	0.0182293255314289	0.0449111901901421	0.690836224300704	0.70960918283408
TAG54:2FA18:0	0.601804601921166	0.657574072457682	0.292409485807791	0.760954049398395
TAG56:7FA22:5	0.368701942286024	0.491325397492135	0.282857642146651	0.77464362373373
PE(18:0/20:3)	0.149998766150162	0.336432440198715	0.440123195159215	0.66845019314517
TAG51:1FA15:0	0.329506213956839	0.144741449667571	0.220231541698415	0.739714053839995
TAG58:7FA18:1	0.133537995551037	0.139376964328493	0.303859592262117	0.886484758651652
PI(18:0/20:3)	0.261764668484621	0.248699151354153	0.549101681139088	0.612478486011431
TAG51:4FA18:1	0.572762882586392	0.375168748827549	0.271540094502338	0.774541712321019
TAG52:6FA18:3	0.130393475182969	0.0498114070461124	0.217990094412069	0.786992203044135
TAG44:2FA14:0	0.491184400841329	0.927379666216625	0.277059559930402	0.750867223542834
TAG50:5FA14:1	0.988197906800895	0.858119954914446	0.280865709513248	0.754013903433557
TAG54:2FA18:2	0.805515937867429	0.892361854290214	0.280173642557945	0.753193074082466
TAG48:2FA16:0	0.373321542185915	0.495623856650021	0.270803512378102	0.761193638744645
TAG56:6FA20:2	0.221791764771547	0.573682262361768	0.262193923329007	0.78927152855216
TAG56:5FA18:2	0.269444706454101	0.493391539317411	0.265582875958939	0.784527455928884
CER(16:0)	0.373587551677106	0.516789331832392	0.354060883861183	0.660132317901733
PC(18:2/18:3)	0.687899654609633	0.891680569546377	0.274352065867054	0.755088032171531
TAG49:2FA18:2	0.41505039417756	0.296105083262799	0.264991719554064	0.766498989309149
TAG54:3FA20:1	0.777773808759824	0.891610686555657	0.27965881448685	0.759550270387904
TAG44:0FA18:0	0.754541610046313	0.620544388981625	0.281895685252266	0.743676634228714
TAG54:1FA18:0	0.714201528183395	0.931330635232456	0.283587188709494	0.75552789793951
FFA(20:1)	0.485246426272563	0.678965034374225	0.290296333416233	0.782576669136367
TAG48:4FA14:0	0.805070046013914	0.761114690565117	0.273471852422204	0.771614062724795
TAG48:3FA16:1	0.493701303636376	0.90836954713487	0.276723557275882	0.760375682849967
TAG49:3FA18:3	0.801815041678131	0.981448256588782	0.278280971446542	0.753827224295177
SM(18:0)	0.647893466071552	0.571613809845171	0.229323934892162	0.829817976129134
PE(P18:0/18:2)	0.630475026885738	0.973423262784394	0.295494489355791	0.7619538460981
TAG53:2FA16:0	0.813832917611166	0.620246964951793	0.261803787042472	0.771022986343355
PC(18:1/18:3)	0.942310540224501	0.727304505254749	0.254555627373452	0.774452893094438
TAG53:4FA20:4	0.238181253371047	0.262364426361127	0.247746329176539	0.772282015366347
TAG46:3FA16:0	0.53194716153308	0.910728256861211	0.283392427566412	0.75327312445381
LPC(18:1)	0.175827627738786	0.0767385497328854	0.238187342861515	0.614697191854221
TAG50:2FA18:1	0.400745275604494	0.725280455167727	0.279025545054677	0.744382573159254
PI(18:0/18:1)	0.277644747145572	0.118626834440134	0.414431862069436	0.933207337833166
TAG48:1FA18:1	0.412483918633081	0.311360410006505	0.248869723477495	0.744681131041861
TAG54:4FA18:0	0.175594543367646	0.277637491573968	0.262263521129653	0.734430524440634
TAG54:6FA16:1	0.521132723645041	0.91789465501694	0.278499421640747	0.757659053377136
TAG56:6FA20:4	0.855393775883651	0.938067988905909	0.278033781241903	0.753193635260404
PC(20:0/20:4)	0.285492903063018	0.431338012419636	0.259462013024492	0.775867311868321
TAG54:1FA20:0	0.341559087668912	0.159763142597267	0.228386737354545	0.731601542250468
TAG44:2FA18:2	0.651972817727734	0.662171823621862	0.262797021690831	0.755224795140294
PC(18:0/20:5)	0.417120721207651	0.963977717870389	0.281826109637987	0.750690017980472
TAG58:7FA22:6	0.335071603519843	0.559952363778058	0.287625755877459	0.811192191434073
TAG52:3FA22:1	0.541143172479001	0.443651079921896	0.272640186292079	0.773482850092508
CE(16:1)	0.165843956469361	0.13473952022008	0.512334457574325	0.716498205426553
TAG54:2FA20:1	0.890733391520706	0.820271155266622	0.271429377195274	0.747616229875673
TAG44:1FA16:0	0.424212966893608	0.216904545596764	0.225306363307251	0.753188317954465
DAG(16:0/16:1)	0.426961616700933	0.718866087752687	0.277543378678264	0.752083129085492
TAG46:3FA14:1	0.250694185568709	0.365926460931971	0.27051970781111	0.732144782426266
TAG52:6FA20:4	0.308588662952797	0.649930966765965	0.26931405374488	0.755885428071238
CE(16:0)	0.56361046821926	0.934709779875989	0.282685091537948	0.759010309638661
PE(P18:0/20:3)	0.385691253342568	0.500897805054593	0.374915366297521	0.660616206609219
DAG(12:0/16:0)	0.509372773934651	0.841083232188189	0.272271818723003	0.762177888218177
TAG45:0FA14:0	0.626521112951399	0.586306385915205	0.258292097380783	0.749215125655429
FFA(18:2)	0.314369239593986	0.334707553460742	0.235999111490365	0.782901509303274
LPE(16:0)	0.314159179757582	0.0291733141932403	0.159542045946197	0.782931174009197
CE(20:1)	0.220898377960407	0.560867089265122	0.245406693989344	0.74772674541727
DCER(22:0)	0.193451163685298	0.0836412554555571	0.371361190958369	0.677747604452356
PC(14:0/18:1)	0.207861663360494	0.210987657368434	0.491868333956407	0.610851806720312
PE(18:1/22:6)	0.618582879306879	0.260531399876707	0.179949629051521	0.960385814803639
TAG48:4FA16:0	0.699251375012705	0.876908677470049	0.279481898219545	0.754866328521095
TAG54:2FA16:0	0.789287240486442	0.702252570747158	0.266384800794652	0.746043965590778
TAG58:9FA18:2	0.103094856979143	0.311899061209423	0.295661714506077	0.825313483941289
TAG52:5FA16:0	0.224797510713665	0.156147774024154	0.263921984517392	0.713224392225708
FFA(15:0)	0.629818407558208	0.865365576518438	0.27362369774428	0.763146596442921
TAG52:5FA18:1	0.236941202653882	0.0764817718881127	0.232170968425108	0.895423694235684
TAG54:5FA18:1	0.0595939715124524	0.103649227841465	0.266905854416416	0.730233899969381
FFA(24:0)	0.547979754003689	0.674375483236157	0.259703994635988	0.852073189734978
TAG54:5FA22:5	0.587317080554579	0.840086780914151	0.273952298922225	0.758827834606612
TAG58:8FA18:2	0.156863040105583	0.248863478862395	0.288333191797273	0.824117360247578
TAG44:0FA14:0	0.899465828327836	0.625272734144896	0.26048985260927	0.742271695950535
PE(P16:0/18:1)	0.982843321143409	0.564167054630288	0.338134686861812	0.695774228642123
CER(22:0)	0.297718710017533	0.121507467135646	0.401184899373371	0.57845991870425
TAG52:4FA18:1	0.311960743677822	0.12220746069128	0.233720851649057	0.843132653786609
TAG58:8FA20:3	0.37755727455639	0.293827723987373	0.262887509919119	0.739369379475658
PE(18:0/22:5)	0.986673947485857	0.341049754129433	0.205178166254019	0.850738549227333
TAG47:2FA18:1	0.338543888384582	0.221535266053821	0.246276378197393	0.713746397122657
CE(22:2)	0.272566154911268	0.917327636481597	0.275704858703745	0.757397694901508
TAG55:5FA18:2	0.552494174646953	0.930776347460063	0.277538598577625	0.748004977850025
TAG52:2FA14:0	0.505914341494172	0.176236286235509	0.249845268638222	0.700734725401592
FFA(22:4)	0.336036564452206	0.497123318879828	0.262484877775629	0.810329236429026
TAG54:1FA18:1	0.808940860980247	0.965209877005166	0.278451090872909	0.752345423932768
TAG40:0FA14:0	0.598265555009839	0.826666970818911	0.280093172995363	0.763453013879527
DAG(16:0/22:5)	0.861743767766289	0.746526680671222	0.277615585869602	0.753433173736719
DAG(18:0/22:6)	0.582769435382784	0.773846000865283	0.29523253002746	0.754142647632941
TAG47:1FA16:0	0.283756841024652	0.321267574935776	0.248654858276133	0.760681898121808
DAG(18:1/20:5)	0.34691636933049	0.883056572792526	0.281990658729693	0.762601959327746
TAG54:3FA16:1	0.774213639102145	0.703057979227804	0.271101827598117	0.785715694894459
MAG(16:0)	0.52248392713472	0.113314708718259	0.31994219097067	0.797301973081736
PI(16:0/18:2)	0.40751118171539	0.527686473135633	0.374374033041015	0.806268184699717
CE(22:6)	0.43149907658453	0.686721978654734	0.258631398473895	0.827163902987582
TAG46:4FA18:2	0.628716769527372	0.539158606155233	0.258607725802451	0.805175970686848
CE(18:4)	0.957530582995649	0.738603883900781	0.320939406406828	0.739628770389012
TAG54:2FA20:0	0.777510390898759	0.609799550090898	0.27037186800281	0.757541342162267
TAG56:6FA20:3	0.83143284912555	0.921074025551847	0.278907345536853	0.755621683987698
DAG(18:2/22:4)	0.328148087920903	0.649241049267303	0.272766582677877	0.766545281650009
DCER(24:0)	0.22440730916454	0.126202417797044	0.369598176916524	0.587546091027753
TAG58:6FA16:0	0.616422998470258	0.726830220213477	0.267361959962607	0.782532968486968
PC(16:0/18:2)	0.504767604295614	0.859737302547986	0.352037790166748	0.737231923410599
TAG52:3FA18:2	0.733622320249255	0.522538857394293	0.275155308293161	0.767213715928409
TAG48:0FA18:0	0.872378968284298	0.465553672975863	0.247550599879222	0.74108532625465
TAG58:7FA18:2	0.502657791319632	0.575916971928555	0.277233028374305	0.779146448077779
TAG50:1FA16:1	0.24188987837635	0.700881989065789	0.274485922868679	0.761233234975462
LPE(16:1)	0.103549828715672	0.500111341231812	0.305021904137206	0.779608660534979
TAG48:1FA14:1	0.1370970172561	0.174903732734175	0.231462994604713	0.774728645663821
TAG51:2FA18:2	0.440930034798183	0.407489248349151	0.274584918615877	0.766069215852778
TAG50:2FA16:0	0.502164313233007	0.955114498219994	0.279178129900865	0.755421229108245
LCER(14:0)	0.28559164739662	0.161606067840229	0.409030646148091	0.667609766959811
LPE(22:6)	0.703521605988527	0.740509715378399	0.273348451021189	0.7877329557774
PE(18:1/20:4)	0.562403765746124	0.0865499434310267	0.154476392595656	0.947537456448513
TAG54:4FA22:4	0.276931716211242	0.480436434966855	0.248772430940067	0.811022312865496
PE(16:0/18:2)	0.708088331889369	0.982739555675816	0.288224451098992	0.755718761007595
TAG50:4FA18:2	0.508889111642316	0.622247301887123	0.266903541065255	0.77322955328375
HCER(16:0)	0.898918461394194	0.806032335161483	0.268404686977757	0.772566960676097
PE(16:0/22:5)	0.699982518742038	0.632056515127829	0.243260616543247	0.837209916311536
PE(O18:0/18:1)	0.953332115896099	0.992848205256738	0.286659513647217	0.755041053420677
TAG44:1FA14:1	0.257222823535648	0.338696897755247	0.247555512005547	0.750554574838756
TAG56:7FA20:5	0.116361692646918	0.371562962587897	0.317387898465719	0.816064152866414
TAG45:0FA16:0	0.511962365934711	0.409848677734525	0.244944236738544	0.75358768502479
TAG46:0FA16:0	0.742569082961894	0.610948759120368	0.257580169814679	0.758812216813973
SM(24:1)	0.205658268862775	0.461675950442291	0.416719806617655	0.679647437049289
TAG52:7FA22:6	0.618842821313062	0.618981956337523	0.286842845722514	0.783458739376097
CE(20:2)	0.460416643458265	0.276220964572886	0.474992678453784	0.727676091800489
TAG54:5FA20:5	0.518280245634338	0.982429562211169	0.281994495316954	0.754883159725286
TAG45:0FA15:0	0.523966867192613	0.509784453015846	0.255092044037471	0.753510586592232
TAG56:5FA22:5	0.74436437700771	0.702935865543922	0.288753181996836	0.762105630969721
PC(18:0/16:1)	0.130805969549413	0.350889142947797	0.402689898534731	0.727836414911216
TAG49:2FA16:0	0.318018844060299	0.369382519611414	0.268751139123778	0.767456836095869
CE(20:5)	0.274770677023824	0.895144599649387	0.284097397733209	0.740301389809537
HCER(22:1)	0.329165993740415	0.266150626379023	0.179234957946058	0.886405457305588
TAG49:1FA16:0	0.192710411111993	0.220862138019189	0.244413925915027	0.773665799669945
TAG56:5FA18:1	0.682014654603641	0.705382467420712	0.283836367111883	0.768178942910262
TAG53:4FA18:3	0.72937943910758	0.698783323085402	0.277922093480401	0.753663520772127
PC(20:0/18:1)	0.986772761975225	0.891174602222454	0.30413129419978	0.737908523373428
TAG54:1FA20:1	0.728405009453086	0.601445784502312	0.252535044253336	0.75299175119301
DAG(12:0/18:1)	0.535539071731048	0.836830023568361	0.272724710326038	0.747777675079742
PE(P18:0/22:5)	0.539633455719287	0.682116377827277	0.326336812454765	0.724188287812593
