chemID	simpleLRM_Fstatistics	multiLRM(chem_sig)	multiLRM(sex_sig)	multiLRM(age_sig)
TAG52:0FA20:0	0.199872664722458	0.0584233850790733	0.188663899033324	0.689432491354969
TAG58:6FA22:5	0.407181914804108	0.633657114869865	0.23629966435698	0.742692509987527
TAG50:1FA20:1	0.567009056382529	0.241319875499014	0.197603880509293	0.682292871144683
TAG54:6FA20:3	0.56149462156608	0.284922504457214	0.211792268509384	0.762892393508339
CE(24:0)	0.406992472520448	0.887878413521452	0.222688922487113	0.719113848872234
LCER(22:0)	0.962872229615611	0.940511811421499	0.242207323738077	0.706995522349482
TAG48:4FA16:1	0.828180634493239	0.449182057970833	0.20391923070501	0.763273394659958
TAG51:4FA16:0	0.950444269861479	0.718432727300662	0.224787611517738	0.711393857367224
PC(16:0/18:1)	0.800941516110246	0.641924087914391	0.285493983679493	0.658693116448002
TAG50:3FA14:1	0.4485044903001	0.426366178291677	0.226400344250498	0.676211351169777
CE(17:0)	0.458529602111028	0.119074026652943	0.321106904240427	0.6088688955034
TAG56:6FA22:6	0.561283787755966	0.665649037494063	0.227434547389835	0.754755174255907
PC(18:1/16:1)	0.540804351343914	0.974644475253887	0.254533390895164	0.718155665959825
TAG53:3FA16:0	0.979732719713138	0.904279491259214	0.225377920300794	0.710266689295542
TAG54:4FA20:4	0.601155626120383	0.864993528537623	0.22231191722481	0.709740029335524
DAG(14:0/20:4)	0.139660672587269	0.0294460575933706	0.205998901573018	0.636768910408689
CE(18:2)	0.332712186199036	0.419895251846229	0.157095813303207	0.762035468867841
DAG(14:1/18:1)	0.81104449494682	0.83459595269431	0.236651275613828	0.716452248532017
DCER(20:0)	0.236305659714691	0.0697803395200212	0.167473391497636	0.870433680611123
LCER(20:1)	0.3534270885767	0.0960435550169097	0.399287341677032	0.577345175983416
TAG54:3FA16:0	0.711380827772728	0.824416107082824	0.228467272403044	0.724272400926294
TAG48:3FA14:0	0.987345192064553	0.793604670483762	0.221630024121296	0.72425961316421
TAG56:1FA18:1	0.504977500121715	0.233290805255724	0.190539940233679	0.67061423360548
TAG58:9FA18:1	0.104606664448375	0.304942192277802	0.246523356535829	0.805437119221973
PE(P18:1/22:4)	0.766498481587532	0.845644257636448	0.221410817666824	0.697421887635882
TAG54:4FA16:0	0.995955230219844	0.911933767407464	0.228542827312832	0.713201713750893
PC(18:2/16:1)	0.882222466972278	0.8274573901151	0.241126192951695	0.750524992747453
DAG(14:0/18:1)	0.820114098009745	0.448581674896986	0.210782963905427	0.68089531498346
TAG46:2FA14:1	0.205370504080824	0.390945695721662	0.216520125943569	0.685319880651992
TAG52:4FA20:0	0.268648044319643	0.245471357598613	0.209071863797261	0.720087787720671
PC(18:0/18:2)	0.981428362083777	0.770788260613963	0.344735798099386	0.678977302570414
PE(P16:0/22:4)	0.562904914384856	0.913850985749729	0.226293399691664	0.709338706210233
TAG50:4FA16:0	0.883005274786865	0.274059537704002	0.208611262447635	0.746118891605243
DAG(18:1/20:1)	0.540799228106929	0.919727394395042	0.227565269620429	0.718777776236455
LPC(15:0)	0.789258143887011	0.0790024151410071	0.130439517778395	0.828003182966256
TAG48:3FA18:2	0.555695569631154	0.810909586806849	0.22711213151055	0.720764224282249
TAG52:6FA22:6	0.900198523428529	0.929711306469683	0.226895032348604	0.704529652826891
TAG56:7FA18:3	0.297523753924724	0.410289420959207	0.217923595648748	0.731698218706063
PC(18:0/22:6)	0.83468584001436	0.890534459912117	0.225980911060583	0.747775702618929
SM(26:1)	0.188156207643698	0.347942843116875	0.31872973430521	0.626981683103958
TAG48:2FA14:0	0.723134113294408	0.711719910566034	0.225726378773161	0.70132234305963
TAG48:3FA18:1	0.34581109928797	0.742801668915785	0.231670427285772	0.723236792783666
DAG(16:1/18:2)	0.85592185744942	0.558450278441278	0.201860658542697	0.745542030583186
TAG53:6FA18:3	0.424310354322907	0.638410208191812	0.245176032908247	0.720260791747552
PC(16:0/12:0)	0.473897864236913	0.956779543932526	0.228756858104074	0.723371273633756
TAG51:5FA18:2	0.241856063690694	0.414264306147866	0.216363727959074	0.72264105728526
PE(P16:0/20:4)	0.868909367424549	0.872737287561978	0.223695845484409	0.721727496444326
TAG49:1FA16:1	0.327941849343594	0.616503509147566	0.222781527993288	0.705373553485523
TAG56:5FA20:1	0.056859598374226	0.199675901453963	0.21796198348537	0.732936477422461
LPE(18:0)	0.73655432800658	0.186211116250957	0.127798128248964	0.791436614302993
FFA(20:4)	0.789885081755636	0.98084798338248	0.22667265215079	0.710464891001203
TAG46:1FA14:1	0.289093071220738	0.1341093950818	0.133505547569343	0.719116074991938
TAG46:3FA14:0	0.922313277741292	0.752554204807235	0.223632975657249	0.699540621266891
PE(P18:1/22:5)	0.660876777400204	0.358249691880429	0.322282061603275	0.633106505828308
TAG50:1FA14:0	0.700047848366084	0.325015095242014	0.19853136757613	0.672619540552051
TAG56:8FA20:4	0.910695802326352	0.916983593373247	0.22751106736087	0.706948453890472
TAG56:4FA20:1	0.152270125783908	0.314889920534032	0.23670932928742	0.743977053464581
MAG(18:3)	0.220580438692517	0.472107225915411	0.336308747782725	0.658249805830698
PE(18:0/20:4)	0.895828251476295	0.32408834724881	0.167268984032357	0.828369790629744
TAG53:2FA18:1	0.805339110561659	0.565268128733447	0.219951817685089	0.679771552968674
TAG54:7FA22:5	0.506410220671871	0.458532444622568	0.233437809700518	0.743589249052878
TAG60:12FA22:6	0.426035739651273	0.926761755263904	0.226700115366831	0.719475420912211
PC(18:0/20:2)	0.530714006306691	0.361709000807572	0.428138734601589	0.653294258993822
LPC(18:2)	0.0348711517782076	0.0750979776905155	0.21398573634169	0.459143665001519
PC(15:0/18:2)	0.775482427314404	0.312836381805876	0.420906480346054	0.582886941460801
DAG(18:1/18:1)	0.473456719175105	0.522552495406198	0.22317873170815	0.757808907513885
TAG56:4FA22:4	0.527847532293454	0.776904353605542	0.21739275388249	0.719145406358112
TAG56:9FA20:5	0.0957465115094182	0.382554185649978	0.243416049692007	0.760819287168338
TAG49:2FA14:0	0.504040096521519	0.389595273449332	0.222706523407775	0.676666130560522
PC(16:0/18:3)	0.373261965495231	0.222755507339015	0.133842932474608	0.807841727911007
LPE(22:5)	0.845678567920186	0.855629241509387	0.223480620673983	0.700746214676729
TAG54:6FA20:5	0.178050462305374	0.362312061601923	0.262740641298888	0.778885498087555
TAG56:7FA22:6	0.30707038131006	0.474188091678244	0.23274516264369	0.779700709940091
TAG51:4FA16:1	0.992733678911843	0.380987525122053	0.191844322418959	0.795052975568012
TAG52:5FA20:5	0.613558030808851	0.861180808085682	0.231464368325132	0.715933546162541
SM(20:0)	0.1411259631438	0.409935937769488	0.157639003299401	0.78557194470359
TAG55:5FA20:4	0.506854072115593	0.38998349899858	0.20305683077036	0.680906440185313
TAG58:6FA20:4	0.893056499586379	0.841213324808483	0.223708121206877	0.697554994641591
PE(O18:0/20:4)	0.875668646894589	0.653738802564807	0.234436309901063	0.692922745880337
DAG(18:2/18:3)	0.250468324091193	0.180870484401531	0.204877839894909	0.717574560789867
TAG48:4FA18:3	0.253700251573071	0.336996669001378	0.23401283103444	0.746622966315737
TAG52:0FA16:0	0.850392850396566	0.610492737035997	0.207937852836569	0.702322491462291
TAG58:9FA22:5	0.124214015080371	0.299811658508392	0.241453186096952	0.746387439147645
TAG58:9FA22:6	0.0974701995588949	0.299417314728032	0.246729953189755	0.806817201107683
PE(P18:1/16:0)	0.677886234152222	0.738184789930362	0.24620534670668	0.671339136273097
DAG(14:0/18:2)	0.858910924790201	0.572463015709332	0.22538308443519	0.702473327727504
TAG54:0FA18:0	0.563449248082731	0.987214471976484	0.228195009475326	0.710680338991496
TAG56:2FA16:0	0.378588198588313	0.276114837376335	0.19850593535037	0.70277328048049
TAG56:8FA22:5	0.21150254977473	0.299127081401377	0.222575335789051	0.777016604073421
PC(16:0/20:2)	0.933044998335298	0.761886483973529	0.281329155745379	0.67748555971702
PC(15:0/18:1)	0.498036451986961	0.304722826058192	0.406757083797193	0.545558071783172
TAG56:7FA18:2	0.345251597531721	0.533739777533492	0.222860620691891	0.737369492815912
LPE(18:1)	0.747923128550717	0.868055951536365	0.22751602844454	0.689611084334654
TAG50:2FA16:1	0.371496105603414	0.981458981879409	0.226986349714094	0.710064222678856
PC(17:0/18:1)	0.752432557688282	0.0702695715436764	0.411138422932125	0.427225773989745
DAG(16:0/18:1)	0.827405957911687	0.78170319113299	0.224058848885334	0.706202959306286
LPC(22:5)	0.152616101582491	0.403250252092301	0.220711319674143	0.65495106014785
TAG46:0FA18:0	0.49635789227845	0.862452832340009	0.222516171568504	0.703280388741287
PE(18:0/20:5)	0.45168754020214	0.979202128219847	0.226176077443465	0.709168096219702
LPE(22:4)	0.558755599050959	0.495905473953647	0.223737301583367	0.810365345379754
TAG46:1FA18:1	0.839651421563554	0.61218814330439	0.213310482156563	0.689259359895283
TAG58:10FA20:4	0.402755532449028	0.291992041110247	0.230942603266979	0.673642046966802
DAG(14:0/16:1)	0.211089807297748	0.213739366496508	0.215769941108602	0.712180973563262
SM(24:0)	0.338022866797358	0.306595033752065	0.322598010881225	0.659834252400656
TAG53:6FA18:2	0.859604127742332	0.56520985889436	0.227694113365888	0.716851041800927
HCER(18:0)	0.190115019921854	0.152251955739851	0.11201080485005	0.896790463996952
LPC(20:3)	0.798875400623597	0.735582058189365	0.226383812012537	0.678083002123409
TAG53:5FA18:2	0.136282558344771	0.27021033936612	0.223691917148023	0.706407326962618
TAG50:1FA18:0	0.460205817492636	0.388221746163896	0.204814213509835	0.696763100016618
TAG52:5FA20:3	0.773071527641793	0.964657441469288	0.227205244440602	0.707722455367392
PE(P16:0/22:5)	0.870712922958238	0.94297557219769	0.231077672853422	0.713858156908823
TAG44:0FA12:0	0.508879466540457	0.951491533170067	0.226382635901334	0.707607566832394
TAG55:6FA18:1	0.276073769078732	0.557142501786181	0.241444013720928	0.731419773238596
PC(20:0/18:2)	0.399418890932797	0.801371504516677	0.2191894487615	0.739347747322024
PE(P18:0/18:1)	0.616798259495027	0.375883776630725	0.307987188889996	0.612741355856755
MAG(18:2)	0.404508597805066	0.873965626404556	0.224732620660825	0.697931533262065
TAG52:5FA18:2	0.0947121463703465	0.0787857921998038	0.174445370223896	0.763369449608748
SM(16:0)	0.518104579214171	0.524456672614189	0.350505450994165	0.609077818717715
TAG49:1FA18:1	0.295964464027286	0.174433479305719	0.196016036510688	0.675481543639237
FFA(14:0)	0.597844084360983	0.78922172637115	0.220085136782889	0.740888841503356
TAG56:4FA20:4	0.888738814318681	0.963217662430329	0.229437648663567	0.713439443102665
TAG46:2FA18:2	0.499999535709822	0.944698757024269	0.225819282409693	0.707785687271286
FFA(16:0)	0.553587482183069	0.742579568160181	0.218372762192691	0.725228774011508
TAG52:5FA22:5	0.750488126494762	0.69606042766892	0.228517720525395	0.711710956442702
PE(P18:1/20:3)	0.161502213436328	0.17207971423564	0.346391602718681	0.624706320672953
TAG56:8FA18:3	0.399919905391557	0.281679992529861	0.211494457653031	0.743812082010047
TAG46:3FA16:1	0.709264318225409	0.780487429045751	0.223513757434961	0.726311487830419
TAG50:1FA18:1	0.54521232150436	0.732830234278827	0.220657274932262	0.713982938505251
TAG44:0FA16:0	0.570512286147426	0.898753274133047	0.224039071145084	0.706110219347143
CE(22:5)	0.901121365994258	0.981380803970287	0.246604688434999	0.70901942996973
TAG49:2FA16:1	0.371684079028229	0.766019108703557	0.228934516072225	0.696134595114255
TAG53:4FA18:1	0.791195431141143	0.78076897093223	0.225602992484963	0.690870493240404
TAG52:3FA20:3	0.405128523305149	0.62513879285353	0.218682620141152	0.717998757346533
TAG49:1FA17:0	0.30714058140966	0.241330918497848	0.204790393163319	0.691387438380501
TAG56:7FA18:1	0.183344004608342	0.255570174038533	0.243128732200049	0.803859124541705
TAG50:2FA18:0	0.751483478464037	0.442060592203281	0.217792188568959	0.699191967932629
TAG44:2FA16:0	0.811940299844714	0.408355833770081	0.194675064278162	0.733353686280241
TAG44:3FA18:2	0.778411865544492	0.6507066246071	0.211521120510066	0.729983562372241
TAG47:0FA15:0	0.548439368154482	0.559006522519733	0.208851768863185	0.712238343328159
TAG54:7FA16:1	0.980943840355101	0.496809183347084	0.22104539761674	0.766120604901473
TAG52:3FA20:2	0.774787664121096	0.961146790232617	0.22767054253972	0.707550897023387
TAG52:5FA16:1	0.144136701343234	0.090560100840457	0.17340722325306	0.819776627961456
TAG51:2FA15:0	0.780985611000839	0.609344929497501	0.218602137861102	0.678862884399118
TAG54:7FA20:4	0.830478863503236	0.506091696119435	0.230490558123179	0.712053602724506
PE(P18:1/18:2)	0.945590724397309	0.525895805507491	0.32020688654241	0.643941711644781
TAG52:1FA16:1	0.457801138859916	0.520653519891965	0.222332273358316	0.684936270786065
TAG47:1FA15:0	0.379489760066317	0.328287869668812	0.205494326707696	0.681867624808383
TAG50:5FA14:0	0.170819173504126	0.320416601563617	0.21699542143341	0.723511584180022
TAG55:1FA16:0	0.220892881343764	0.393854428027984	0.235263068370835	0.78042601633819
TAG56:3FA18:0	0.896267798600351	0.940401490901641	0.226691385708658	0.705214574441244
TAG50:2FA14:0	0.958131658734689	0.778062157190091	0.225631939279766	0.691753368924382
TAG56:2FA18:1	0.77000852705649	0.925775660967743	0.2245953749294	0.707244035307023
TAG51:3FA18:2	0.931154556347806	0.959580710815671	0.227497604174947	0.70758728520039
PC(16:0/16:1)	0.140562158066815	0.20038612411467	0.352847699628346	0.620434719809877
TAG51:1FA16:0	0.326589097158199	0.287109722209788	0.200778129791835	0.710438582161509
TAG52:3FA18:1	0.580130423174919	0.330672744164886	0.213676762274413	0.759856557290766
TAG56:4FA18:1	0.293319907617266	0.416949868250068	0.224533747861341	0.77445936842889
TAG54:4FA20:1	0.227817896606547	0.241651284832708	0.196112225126063	0.795201283764012
TAG56:7FA18:0	0.117555670122387	0.448484898117609	0.246076272021894	0.771121624483155
TAG54:4FA18:3	0.068176140821374	0.108330174048813	0.206197127888323	0.732915053266902
TAG56:7FA20:3	0.575068367952319	0.843273291186359	0.225188203807788	0.711392577591335
PE(18:0/18:1)	0.581180001968583	0.79031609644811	0.239506128322847	0.706869606050694
TAG50:4FA14:1	0.917196607530608	0.945514048805566	0.227715236830059	0.707420859715939
TAG47:2FA18:2	0.751904578187289	0.330881645026501	0.21011508643923	0.691167258334154
TAG50:5FA18:1	0.439880069410296	0.322966634178311	0.219552036061409	0.765546505657545
TAG53:4FA18:0	0.980384804871949	0.465763863770369	0.217721096700694	0.723660640241041
PC(16:0/20:3)	0.111674539488218	0.186375541195806	0.402580414252808	0.629159643626017
TAG56:6FA18:2	0.407102375489143	0.653830713360268	0.225851763213739	0.721210660580438
PC(14:0/20:4)	0.434834178371857	0.181298074230778	0.329403106629135	0.701329255066249
PC(18:1/22:5)	0.40587879641656	0.330021270900698	0.154130681156799	0.720037941719995
LCER(24:1)	0.947439760644292	0.995925234177378	0.231262841611405	0.709739886272408
DAG(15:0/18:1)	0.557203652967292	0.33907573968961	0.227460288897087	0.730530315649201
TAG45:1FA16:0	0.360297920709878	0.28557925987085	0.199483153028623	0.691251957772348
TAG56:4FA20:3	0.921954404639921	0.933266437265771	0.226362220093598	0.704586220904768
TAG60:10FA22:6	0.421318773645266	0.812621139538813	0.228709075888823	0.732686680338077
TAG54:5FA22:1	0.0495534771356697	0.107772488029613	0.203819359145805	0.679446621556099
PE(16:0/22:6)	0.934618467717668	0.410346360095816	0.164972337798915	0.943232386832573
LPE(18:2)	0.167516544033587	0.164748521731515	0.179959316961459	0.527885228572804
TAG54:6FA20:4	0.789568306070235	0.743994416909547	0.235537952584916	0.706159643097656
TAG54:2FA18:1	0.385199098020539	0.470029732223866	0.245247769675838	0.734226551490303
TAG56:8FA16:1	0.243560600425198	0.357840223449474	0.216217498636671	0.797046767602273
TAG58:9FA20:4	0.269581441372424	0.260290497780975	0.211313439690939	0.705090227019027
PE(16:0/18:1)	0.156793813776166	0.416219983631618	0.276416885892623	0.668197375970694
DAG(16:1/16:1)	0.741006397801167	0.529706016954606	0.224936370866859	0.738834715513743
PC(18:1/22:6)	0.774964205617886	0.744882205798401	0.266218727833913	0.665030800064069
TAG52:4FA20:2	0.495507610934894	0.496725376506767	0.207367709865007	0.772937146537642
TAG42:0FA16:0	0.620031097918841	0.814601598757324	0.219717226635099	0.703626879906405
TAG52:2FA20:1	0.566266306821022	0.527085145382261	0.22299331511276	0.680343969740203
TAG52:4FA16:1	0.243602368102997	0.116649234886678	0.173883085654286	0.844688685508624
TAG58:8FA22:5	0.147415299090733	0.28233371515412	0.243884697720192	0.760862109477783
TAG56:8FA16:0	0.260966332458542	0.477721568886293	0.23389980799448	0.764119104810933
FFA(20:2)	0.292275266993324	0.546389363594464	0.253149120673317	0.753026582646406
TAG46:3FA18:1	0.893405373519351	0.402460016535799	0.191192849577013	0.733518147967221
TAG50:4FA20:4	0.426020744387814	0.432403425092069	0.205968967412401	0.712964519499704
TAG53:2FA17:0	0.799717713827196	0.535375751887844	0.223855478407459	0.671802976254075
PE(18:1/18:2)	0.907252729855438	0.794213880499202	0.260604812090335	0.702214594078164
TAG51:1FA17:0	0.297403883815501	0.249459119002503	0.202006100542712	0.699615005464418
TAG54:2FA20:2	0.946114728125692	0.979795090952926	0.227707830597662	0.711435557846636
TAG56:6FA18:1	0.512035949558974	0.651493174299529	0.231996402188496	0.738920334320182
FFA(22:1)	0.511585900393255	0.877667999639219	0.225268822123157	0.70014575839355
LPC(16:1)	0.496609857647045	0.736432233011702	0.210817016884647	0.713931187915499
PC(14:0/20:3)	0.122552544547809	0.283724217093462	0.369757539569074	0.660299322156769
TAG48:3FA12:0	0.348640988827529	0.80034153757601	0.230215507718212	0.720245838242673
TAG54:6FA16:0	0.67847912229336	0.474519559999737	0.246159741152843	0.732062757852184
TAG46:0FA14:0	0.689564563211695	0.607280774366241	0.210587041408362	0.709141318042739
FFA(22:5)	0.708350546549631	0.772686361090152	0.22125093362668	0.692323228092662
TAG56:2FA20:1	0.595694865954141	0.922976638930362	0.231360140095015	0.713461501646098
TAG58:5FA18:1	0.854961292061837	0.84996001208665	0.227484691849104	0.719698417248091
TAG50:4FA20:3	0.662837334326391	0.625374831200572	0.220402697687906	0.686742077592039
TAG52:1FA20:0	0.177355711592833	0.0536851033121106	0.204199467310545	0.623804864566968
PE(O18:0/22:5)	0.919229284872765	0.685190897837712	0.254433844520052	0.694307242567466
TAG53:7FA18:3	0.120050216498175	0.392639106724302	0.239653164766253	0.713489910954934
TAG50:3FA18:0	0.983088869572181	0.562371789134452	0.222255323238067	0.709838179735221
TAG46:3FA18:3	0.268377605754588	0.736497840445377	0.235857848550568	0.716069395093655
TAG54:7FA18:1	0.0343196551361249	0.0956788369910335	0.220620080324729	0.758338877479215
TAG55:4FA18:2	0.361027401518611	0.758881700713924	0.227063914008605	0.696808317968501
PE(P18:0/22:6)	0.871174899139263	0.775323466017327	0.215158833978243	0.804639604533952
FFA(18:1)	0.808463709997347	0.586987566035686	0.212694833442026	0.748155155452386
TAG50:5FA20:4	0.541884216646514	0.621376108818283	0.21475818108954	0.697679161319811
TAG53:3FA18:1	0.753748784192336	0.864093826890648	0.225348041795782	0.720837623253647
TAG50:5FA16:1	0.611359032095944	0.0522156896332089	0.152138799471741	0.883235796111129
TAG50:4FA16:1	0.641284674402959	0.0848611107329612	0.152040433027329	0.855117067166932
TAG52:4FA20:4	0.437607416353182	0.68834341715999	0.216967157192879	0.722665675365992
PC(18:1/20:5)	0.201475945149439	0.8373857509057	0.22081110697535	0.739069661413195
DAG(18:2/20:4)	0.549188562122119	0.585534657866979	0.230126466573393	0.715538710708022
TAG54:7FA18:2	0.0260670593274801	0.162403194273625	0.20424123972569	0.641290029330066
TAG56:7FA22:4	0.602811606389758	0.407463697890542	0.23822286251704	0.717200722760242
DAG(18:2/22:6)	0.266115914047154	0.630590948813931	0.22744097793234	0.749599033102274
TAG49:2FA15:0	0.51808512420698	0.528290224827391	0.223745548879505	0.701760477148978
TAG46:3FA12:0	0.377817197802509	0.743793185094894	0.228062057023498	0.724716178735332
TAG47:0FA16:0	0.618582826462799	0.598804805658841	0.210381778323827	0.710839909113926
PC(18:2/18:2)	0.468602427437156	0.942715485785507	0.257516909894098	0.709516214408542
PC(18:2/20:3)	0.501660033703159	0.486990170574768	0.369513687413758	0.689527249217465
CE(15:0)	0.776120792004448	0.166973019378207	0.353276282037981	0.565333960592214
TAG54:1FA16:0	0.407944080893035	0.13509012294414	0.178851383228863	0.678892349214738
TAG49:2FA17:0	0.366536682273201	0.238260905691262	0.223796196021837	0.676793194142851
TAG54:8FA18:3	0.0175352298655966	0.0898672790654169	0.19996680551461	0.607119667771357
DAG(16:1/18:0)	0.212018430852129	0.348259030112795	0.223381346575622	0.692922888443582
PC(16:0/18:0)	0.737168244253092	0.687753954035278	0.314883124655093	0.672263861985304
TAG54:5FA18:3	0.0134037709110902	0.0155546517823944	0.187453202332136	0.774074567289733
LPE(20:3)	0.763230473578281	0.946568894237735	0.236584603263444	0.712492205847906
TAG55:1FA18:1	0.0936977618037539	0.324524441161326	0.26060971126668	0.78474358798036
TAG55:2FA18:2	0.113366208877905	0.341289643016882	0.238489309374938	0.761322339983583
PC(18:0/20:4)	0.648033030748926	0.675692380281596	0.213857198324691	0.712861523875592
TAG54:5FA20:3	0.918236422229505	0.713435690690174	0.230358376419327	0.720070470216665
TAG56:3FA20:1	0.238919930878127	0.412450433458291	0.248703399574449	0.745011379165005
TAG48:3FA14:1	0.307616872695778	0.672954557785534	0.229580115611264	0.699359263273387
TAG56:8FA20:5	0.0693211521385571	0.271354372494098	0.254103360630124	0.787442047164595
DAG(14:0/16:0)	0.595225524075563	0.304837185736019	0.198422977161201	0.705614280778764
SM(26:0)	0.736996587056163	0.253525989833662	0.371230935354721	0.627898692875542
TAG51:4FA18:2	0.46817715087346	0.602296709080981	0.219582165383492	0.726035753513536
TAG56:7FA16:0	0.200477771056287	0.345950489957101	0.227814855675612	0.79293727574944
TAG48:4FA18:2	0.158809314059401	0.454441115254245	0.231461146186335	0.715896395016174
TAG50:5FA18:3	0.279084951560616	0.240995343244694	0.200327472776444	0.742476221975446
TAG53:0FA16:0	0.237414126951358	0.314442659335755	0.26032407489825	0.771051942929057
TAG44:1FA16:1	0.554845896061775	0.420658115836853	0.21633049633019	0.675643557721809
TAG60:11FA22:6	0.360653911751013	0.825655138102489	0.227503124008692	0.734443588104397
LPC(20:0)	0.0561490775782542	0.134541454761037	0.162880374268718	0.666193350618668
TAG52:4FA14:0	0.664590009502125	0.491978668267831	0.221696284221404	0.6761750353716
TAG53:6FA18:1	0.883180659501714	0.908385168069565	0.226358722135228	0.710394931535615
PI(18:1/18:2)	0.788686627430804	0.560576841599211	0.301771596356046	0.785857348884966
TAG52:4FA18:0	0.551276062154644	0.327168613840852	0.203924345080795	0.773662451142365
PE(18:1/20:3)	0.364576734347959	0.942925171520769	0.252924532622077	0.704585803497712
MAG(16:1)	0.579859004133154	0.80935174058794	0.232680043917207	0.69815762518771
SM(22:0)	0.975713565043336	0.772424228537775	0.294746385425102	0.692358723057068
TAG55:8FA20:4	0.634417807145086	0.189556185234006	0.254348796298602	0.645890645431496
TAG58:6FA18:1	0.627137353343623	0.640806117184376	0.231242355870466	0.742864713001321
TAG56:5FA16:0	0.812846072985627	0.979919234773603	0.228336185285928	0.709505344963436
DAG(18:2/20:5)	0.20117196005645	0.622368963068956	0.227306478238632	0.736754041922356
TAG58:2FA18:1	0.982892555133706	0.981625669224178	0.227060120667355	0.710130714379173
CE(22:0)	0.966830837650038	0.168241263024856	0.33211935410341	0.558792247860207
TAG54:5FA22:4	0.4035294286605	0.788015146694378	0.21934871731246	0.716902887406449
TAG58:3FA18:1	0.996729960086403	0.957711879553121	0.225210004991237	0.708455240236595
TAG56:3FA20:2	0.561300934797843	0.69615949482002	0.227043923864027	0.746727082588542
TAG52:2FA18:2	0.758406010489957	0.704427124321844	0.227588017413973	0.715414977982731
TAG53:4FA16:0	0.933978845570809	0.97346611285546	0.227076647105259	0.709015067338401
LCER(22:1)	0.327586991862366	0.610404554831742	0.288725359317088	0.715785822719782
LPC(20:4)	0.160486444188457	0.0946057464027451	0.443237311936722	0.473924880665366
TAG48:2FA12:0	0.470115488945675	0.94156506682022	0.228632792175601	0.713665741272154
TAG58:7FA22:4	0.719516950167079	0.617923455900824	0.239412575051278	0.712383955638158
PC(18:0/18:0)	0.676894232812422	0.975112887761837	0.240840059626946	0.71304904821054
CE(18:3)	0.995884054166219	0.713241268671926	0.290908780395102	0.696077179525643
TAG51:4FA20:4	0.237245171223662	0.214942620157106	0.196373929386283	0.704092571868096
TAG56:4FA20:2	0.347071599986154	0.497748738268541	0.214269739041528	0.778673910882292
DAG(15:0/18:2)	0.492571171315798	0.671609953438263	0.245916952267432	0.72968655316002
TAG46:1FA16:0	0.979198182669669	0.654032701675737	0.215237457656471	0.696498346064114
DAG(16:0/16:0)	0.60304575993805	0.626311046510055	0.219701222563801	0.717148214971255
TAG54:5FA18:2	0.060692946459597	0.127480152098292	0.205323181107602	0.667833734926176
TAG42:1FA12:0	0.389647312169212	0.902412278873362	0.231645770905856	0.714951272930305
DAG(18:1/20:2)	0.818075800239756	0.442504262402563	0.240470338047916	0.640362888152178
TAG52:7FA16:0	0.877274476206305	0.716840515184307	0.215447253485176	0.710206774254673
TAG55:5FA18:1	0.468852386767896	0.717440606606292	0.229027016346062	0.714804717790848
TAG52:2FA20:0	0.881286057100125	0.580994442843157	0.222511490553271	0.691337984058539
TAG46:1FA14:0	0.458209231043118	0.406340264974491	0.209263812181808	0.686610067450883
DAG(16:1/20:2)	0.276343676908318	0.26360131137968	0.274994187021078	0.663357495386605
TAG53:5FA18:1	0.348138895843848	0.413548172743704	0.224190415358808	0.703910098056468
CER(18:0)	0.46877366424211	0.836070200029339	0.24926226631302	0.691591699442698
CE(24:1)	0.470384463681652	0.532090323358164	0.250413454877014	0.69285372083292
PC(18:2/20:4)	0.994003864827143	0.86407551349184	0.249731184991397	0.725921332955833
PC(16:0/16:0)	0.900927012271189	0.761601024410344	0.291545330724438	0.674582198353165
TAG50:6FA20:4	0.852977137499993	0.942327440659889	0.225693751580004	0.70758421564446
TAG52:2FA18:0	0.935034066641145	0.816572065511571	0.227529214804393	0.710477034476917
TAG55:2FA18:1	0.275649540925602	0.704807901291479	0.24101473709511	0.716551222786331
CER(24:1)	0.555158563758866	0.668764593048947	0.262916297442715	0.638813502814366
PE(18:0/18:2)	0.93913713100695	0.7365954979583	0.209086348242114	0.738557908564412
TAG52:0FA18:0	0.967992031581563	0.779219566057636	0.216381282672193	0.705825644756535
TAG50:4FA14:0	0.31542197122235	0.523519789930282	0.216571112775477	0.731228522934994
TAG52:2FA20:2	0.555854235618798	0.717112228615446	0.223875726449788	0.708384662444003
TAG58:6FA18:0	0.344163499699214	0.241298798745064	0.22371295691851	0.81671458347736
TAG55:6FA20:4	0.485724601253617	0.474278955907398	0.219281192892937	0.695020365969927
PE(P18:0/22:4)	0.905216583461741	0.599623978005167	0.21044587262467	0.700928627000207
TAG51:2FA18:1	0.567937736234794	0.593331023869001	0.221210166804802	0.67787171402627
TAG50:2FA18:2	0.868254426008105	0.936739214848016	0.226503989719804	0.708047503211535
TAG53:3FA18:2	0.877456719822565	0.864309247421105	0.229005653099287	0.701776231762288
CER(24:0)	0.481869311689628	0.0513754755358596	0.279655110113696	0.429817314017759
DCER(22:1)	0.988000894973779	0.842072019808068	0.228477788411403	0.707835244832846
TAG46:2FA12:0	0.516882426006604	0.975349415716478	0.227654720700804	0.710898869033353
SM(22:1)	0.801524811553385	0.924653618130257	0.28391467395947	0.701917984767284
TAG48:1FA16:0	0.339499306763219	0.415244270186248	0.211327840421952	0.712262513547907
TAG56:3FA18:2	0.822201571920365	0.973309746670431	0.226079782858011	0.709275755299705
DAG(18:2/22:5)	0.555786405853698	0.789326438618602	0.224088063781013	0.71678182984593
TAG57:9FA22:6	0.73695737439944	0.990028526003394	0.229325221393243	0.709270409180682
PC(18:1/18:1)	0.947526003902803	0.81004737204949	0.2736523459708	0.695564729859669
TAG52:4FA22:4	0.593391494519642	0.513243032607461	0.204609442592111	0.728458272168107
PI(16:0/20:3)	0.420779488405927	0.379652463269752	0.3563247006842	0.674208975891275
TAG50:2FA20:2	0.540744440961983	0.426522699550016	0.216285088322369	0.687566782277635
TAG58:10FA22:6	0.102484714666783	0.359770746476295	0.240337021065147	0.782817137466669
TAG54:4FA22:1	0.105842324114578	0.0957498614015227	0.219130125406802	0.747359856005992
TAG42:0FA14:0	0.51565674150519	0.982819165760647	0.227265648632219	0.708965732973205
TAG47:0FA17:0	0.647254333804473	0.424121276698849	0.201674129112149	0.705913660183029
TAG48:2FA16:1	0.328750927286466	0.890515109017044	0.228578153074282	0.70617577016806
TAG54:3FA20:2	0.665895236123156	0.807297796440841	0.228584735791333	0.726482865405604
TAG42:1FA16:1	0.737622244010656	0.493206350015136	0.208095059930684	0.694099863369511
FFA(18:4)	0.296649941349624	0.274259608261162	0.317164790622078	0.695974873131599
DAG(16:0/22:6)	0.917857536815715	0.935706578832594	0.226502876848232	0.718680544549952
SM(14:0)	0.829221532543865	0.703830152925318	0.292119769886011	0.645304556547834
TAG47:1FA16:1	0.364750844702413	0.594190934603337	0.223262621856196	0.700781645699119
TAG51:4FA15:0	0.437279027746623	0.713366395606178	0.225791431239697	0.722957336952152
TAG47:2FA16:1	0.342043811549552	0.726269684451812	0.229629503567835	0.6929796567004
PC(16:0/22:6)	0.439851388394284	0.575736374618212	0.197784398381536	0.828817128823135
LPC(17:0)	0.258264035981326	0.341245853523643	0.195099280940091	0.750783679149912
TAG55:3FA18:1	0.408439893415265	0.795504736973222	0.236566314572659	0.708975225479135
TAG46:3FA18:2	0.799491952346115	0.651908027927656	0.21745366765376	0.7065781986001
TAG53:1FA17:0	0.514520696071669	0.25232142689081	0.196249846475575	0.683428639033568
HCER(24:0)	0.758998136779895	0.749953809780105	0.214427528382704	0.748487349997341
TAG53:6FA20:4	0.555433699700861	0.924130688365291	0.226425543008927	0.706666606925701
TAG54:3FA18:2	0.301968643990563	0.367921875298009	0.22642860409316	0.731586810241536
TAG48:5FA18:3	0.0770534614760635	0.273281836896998	0.236398497793876	0.703655715138689
TAG50:2FA14:1	0.257285156839801	0.155004711783913	0.196884530273393	0.673348486829907
TAG52:4FA22:1	0.211795141984666	0.117165710494868	0.192130777675334	0.788103943448938
TAG52:1FA16:0	0.883299425367821	0.883534059218399	0.223548700920343	0.707447005510133
TAG54:4FA16:1	0.452784339064013	0.403825293666987	0.200737338755235	0.79455265077435
TAG48:4FA12:0	0.139227961771534	0.460295394221455	0.233856124203755	0.723194252012798
TAG58:7FA16:0	0.742071298501938	0.45833860700647	0.212353303445107	0.728699154352193
TAG51:2FA16:0	0.382958319317525	0.555072629879797	0.225098339013512	0.69647357233501
TAG56:6FA18:3	0.169418408745443	0.363456427312276	0.205126711871488	0.746433274633892
LCER(16:0)	0.564813880043593	0.717259573892615	0.24924022805589	0.735432175684427
TAG52:6FA18:2	0.0744529673188625	0.0412571503712812	0.179763770821752	0.813434645985457
DCER(22:2)	0.842816516778779	0.761254737657596	0.249834467097878	0.667293077278879
DAG(18:0/18:3)	0.707230686037427	0.853065582738263	0.224677972275558	0.712142025902534
TAG48:2FA18:2	0.889991575573995	0.633151639274561	0.222817849599861	0.70349697745989
LPC(20:1)	0.252781487989015	0.129788810448098	0.174762715994486	0.704294579879424
TAG54:8FA20:5	0.137813476404592	0.307748303260442	0.247819068841761	0.783236233675003
FFA(22:0)	0.992825155595207	0.975220521645103	0.227544303493535	0.70961649837367
TAG53:1FA18:1	0.967925598508946	0.547842224126974	0.206842569475107	0.698747164650965
TAG55:6FA20:3	0.638360096299177	0.741777050559011	0.240024482631912	0.705044938786278
TAG51:4FA18:3	0.67924293380978	0.436597595233151	0.222396342618004	0.736391972477833
TAG58:10FA22:5	0.094782927403282	0.344342438804965	0.242267165986587	0.750900883319923
CE(20:0)	0.261783558281108	0.927696067444219	0.224289403138829	0.707152790269934
FFA(14:1)	0.758160754146707	0.979919801857633	0.232665276168284	0.709644794859533
TAG48:1FA16:1	0.322176988855266	0.725912781995215	0.223367783113307	0.717091662491947
TAG53:2FA18:0	0.569986487357116	0.352627791846117	0.215013594367776	0.697763768922256
TAG54:6FA18:2	0.0526524979595521	0.183289841820321	0.203054256340206	0.636499422329284
FFA(12:0)	0.50144236497127	0.854449984029501	0.224447564273027	0.733174039171457
TAG51:1FA18:0	0.323787640599739	0.139790523049164	0.185298758237069	0.685935640258355
DAG(18:1/22:6)	0.424559540018533	0.814723986629339	0.225452472625052	0.73601646070707
DAG(18:1/20:3)	0.62500381840464	0.544343496888235	0.221248013194758	0.68932431784995
CE(20:3)	0.110690929561678	0.11606729055986	0.427976437685536	0.706393141799279
TAG36:0FA12:0	0.32559957595519	0.615566492835141	0.224111653413529	0.734422306130568
TAG53:2FA18:2	0.940871154539545	0.647539522370319	0.222332997516236	0.708451004370108
TAG53:1FA16:0	0.54695269382205	0.957717847737377	0.23074644964339	0.709054266109257
DAG(16:0/18:3)	0.773204395108455	0.477264167402562	0.220173980572583	0.697281047430268
PC(18:2/22:6)	0.675745170415742	0.373064241229249	0.313664273342895	0.618069175433749
PC(16:0/20:5)	0.172918181030077	0.812651297327647	0.222000017361423	0.744774382184794
TAG47:2FA14:0	0.628427614237244	0.374406316773507	0.214722352777197	0.683327874577398
PE(18:0/22:6)	0.762925445524464	0.82407201174487	0.222096616396159	0.771758055063322
HCER(24:1)	0.590398273390564	0.424548503401705	0.188095247245933	0.760785637973335
PI(18:0/16:0)	0.802332247192058	0.614154566675922	0.200813251862864	0.66037684712177
TAG53:4FA18:2	0.582229873361653	0.803945780148171	0.222220283780598	0.718165953255896
TAG54:5FA16:1	0.877668833564549	0.559092707290171	0.217735044241042	0.747894025807316
PE(16:0/20:4)	0.687810162433049	0.690666376440035	0.207331683908995	0.767940130819732
TAG52:1FA18:0	0.840456460502022	0.781156601612102	0.218673879630668	0.707536406226292
PI(18:1/18:1)	0.235752337634076	0.10980571877589	0.328847313674212	0.887147383350642
TAG54:5FA20:4	0.591279910635232	0.862641149677363	0.222144345982655	0.711946062540037
DAG(18:1/18:2)	0.567925210911707	0.468251673136648	0.208336136357238	0.744798991763405
TAG56:8FA18:2	0.218737657606365	0.441624183152498	0.230638225489008	0.756299710236297
TAG56:8FA18:1	0.0968407081530833	0.334931337275112	0.25101410579383	0.784457397774031
TAG46:1FA16:1	0.325531546611203	0.495761958046896	0.217541932136142	0.704793336011754
TAG53:5FA18:3	0.295246415848375	0.21092278138622	0.200736816041464	0.748552956686957
DAG(18:0/18:1)	0.76747633707796	0.984151878207333	0.226472133747318	0.70905777036319
TAG42:1FA14:0	0.753427701534729	0.398888700522196	0.197454817901364	0.683629126235964
DAG(16:0/18:0)	0.386011769079914	0.338202609192419	0.201966877664314	0.708448193588441
TAG46:2FA16:1	0.505989326494711	0.720807574704279	0.22816198069296	0.693095246456052
TAG56:7FA16:1	0.23213312395925	0.141039647058027	0.203483226780414	0.871650054459221
PC(18:0/22:5)	0.540373882988987	0.664380350059026	0.312038752507211	0.668931232523874
TAG47:1FA17:0	0.623137188290266	0.266054897219525	0.204714033501329	0.678319502296147
TAG49:0FA17:0	0.516075140052461	0.540911223433148	0.209791033747719	0.713994099253774
PC(18:0/22:4)	0.251122853356544	0.224440541140701	0.30658054495036	0.860394646038504
TAG54:8FA22:6	0.36005599850229	0.461136945313556	0.230351559243048	0.772594154570474
LCER(20:0)	0.547015644992987	0.949710291696852	0.240081177509799	0.708360152087287
TAG44:1FA14:0	0.856259083282216	0.645207833175007	0.215391003110532	0.688782280162317
TAG50:3FA20:3	0.279265733569033	0.245762984353131	0.19811493736014	0.701629237658427
TAG54:5FA18:0	0.0770336137224412	0.183039457787804	0.199475233615198	0.687483226767227
TAG48:1FA14:0	0.469531440147354	0.332994220355771	0.205431461696465	0.691575952655553
TAG40:0FA12:0	0.320987539371131	0.727436213460796	0.236157432035566	0.725080928146209
DAG(16:0/20:4)	0.238465821540862	0.183132955212604	0.219092658432532	0.739276888763211
TAG52:6FA16:1	0.113594988057513	0.035856109726305	0.161833234677758	0.839214984693664
TAG54:0FA16:0	0.284043350141772	0.0332064706702761	0.159513604511985	0.643264719457307
CE(22:1)	0.561214506205046	0.653898954481452	0.198074347965884	0.748301092072336
DAG(16:0/20:3)	0.255386567782695	0.218232442233325	0.227626699695363	0.709193692362602
TAG52:4FA20:3	0.477846708317873	0.828692653584789	0.224100080436483	0.706167575600559
TAG51:3FA16:1	0.616133041184587	0.803221969201492	0.22042134167251	0.730769074680204
TAG52:3FA20:0	0.486753087885754	0.366439925947936	0.221716021655643	0.73464870147264
TAG47:1FA18:1	0.423534228103753	0.198318929376194	0.195966558843148	0.664123494675259
TAG53:3FA17:0	0.853539238642052	0.920445666402093	0.228712705953697	0.70401348295067
TAG54:7FA20:5	0.145578307454361	0.312411641094457	0.255685461775314	0.781601952942558
TAG56:6FA20:5	0.158499063749431	0.620982993600909	0.242241542421246	0.75830638970864
TAG50:0FA18:0	0.707278669034337	0.668127137449191	0.211753869496922	0.713396552875677
TAG50:4FA18:1	0.544512638160095	0.517252254908042	0.216642681526282	0.742419017275811
PE(18:1/22:5)	0.392107950053001	0.981478628266029	0.241626592506457	0.717192614618101
TAG46:2FA18:1	0.757518536544024	0.361114051881033	0.198206846750912	0.68214276295359
TAG47:1FA14:0	0.393100883425175	0.267067770343565	0.199684881463196	0.674690913782477
PC(18:0/18:1)	0.454251620085548	0.419854772461854	0.368141925426944	0.641584929577923
TAG50:0FA16:0	0.633203899491843	0.666536723619276	0.212452541153489	0.718567956405314
TAG54:6FA22:6	0.939576181927064	0.895783690682955	0.228035855279426	0.719871267951565
TAG56:7FA20:4	0.854668079938296	0.907242720213033	0.229881850531296	0.70653282296999
TAG52:4FA16:0	0.263601324886602	0.261337632996386	0.208122586698773	0.721767303287908
TAG42:1FA16:0	0.673212771750514	0.40299752672378	0.192990223368742	0.71901642753014
LPC(22:6)	0.0669592649839881	0.0948646137224743	0.25340144907387	0.830856291719479
PI(18:0/20:2)	0.388009565584609	0.719653325859604	0.305065301289435	0.659864791176901
TAG52:2FA18:1	0.987078619500293	0.706420672515669	0.22955670517718	0.729538613599264
TAG52:3FA16:1	0.52839380819914	0.211184895969166	0.192282332919006	0.820507718801025
TAG51:3FA18:3	0.966352654707027	0.895657221477256	0.225894564336129	0.710136438781591
TAG52:7FA18:1	0.955114110368792	0.887814544146534	0.224176258263979	0.705462766852731
DAG(18:1/22:5)	0.511137216998397	0.55126980636185	0.223010733023811	0.754582178709991
TAG56:5FA20:2	0.16269965603068	0.387876188955346	0.202716656507926	0.798375388975245
TAG46:1FA18:0	0.710837691071547	0.199373133256992	0.176079588220459	0.694426983742828
TAG56:5FA20:4	0.571918336163333	0.80467561824055	0.233996772998738	0.722407687305708
TAG56:2FA20:0	0.604969716218768	0.829842676228233	0.233470312593533	0.714824422929807
DAG(18:0/18:2)	0.867030625782764	0.953428590179799	0.226187573510056	0.710275755211569
DAG(16:0/20:5)	0.770152396591446	0.37808391971203	0.217903716282441	0.681492707235664
PC(18:1/20:3)	0.122773017982091	0.173789951354564	0.48567029203274	0.658664580811546
DAG(14:1/16:0)	0.677083748007936	0.482400874910964	0.212437465827504	0.757058659603687
TAG48:5FA18:2	0.087131052939883	0.354561652198002	0.236087976845513	0.700646529952295
TAG54:3FA18:0	0.258730174380416	0.29410486450277	0.224031225218754	0.738661627506153
TAG49:3FA16:0	0.864066185086576	0.836557011078739	0.22534156235893	0.711938248511837
TAG49:3FA16:1	0.733577577396122	0.667276880675431	0.215919274539103	0.741247935234165
FFA(20:0)	0.430635535729835	0.762350345183932	0.218540991090204	0.731797660229451
PE(P18:1/18:1)	0.5163847848123	0.0862203012310377	0.412452061830969	0.556109921020638
TAG54:8FA20:4	0.578978449243317	0.738250023952029	0.225841775144171	0.717090811139478
CE(14:1)	0.146358661379805	0.0619728685974596	0.350209972381394	0.66602552808099
SM(20:1)	0.669087912276609	0.28737125467839	0.11642496289484	0.877366833407918
TAG51:0FA16:0	0.818069108171376	0.615689547605989	0.209915841268177	0.712485489759861
DCER(16:0)	0.0328988081939897	0.0640892187530233	0.330685664520964	0.634297574083716
TAG56:6FA18:0	0.333806888806163	0.613163180113948	0.232614302746171	0.740554447911359
TAG48:4FA18:1	0.147496137893586	0.448443859903152	0.241351280901717	0.729519452223239
TAG50:1FA16:0	0.516772323030637	0.722432534229783	0.219736400033668	0.717663068451801
TAG52:5FA14:0	0.609419451841025	0.573826002176991	0.217658836823525	0.691935468474425
PE(P16:0/18:2)	0.495586797110594	0.902331951292941	0.251059790682381	0.697127846040352
PE(P18:0/20:5)	0.447666795339913	0.524003218571294	0.239303821934823	0.625327706563696
CE(18:0)	0.188084863380525	0.230577450523259	0.344820255064011	0.676594125554517
PI(18:0/20:4)	0.814473214395237	0.793078271999714	0.216417385140505	0.721076732213797
TAG49:1FA14:0	0.398628092560977	0.19300698841463	0.199793768121432	0.667876279276017
PE(O16:0/20:4)	0.98988737975127	0.512496837564797	0.24335034401137	0.69340814886019
TAG53:3FA18:0	0.657205342741776	0.669063461036455	0.236629089315772	0.699366618810309
TAG56:5FA20:3	0.74118453468076	0.766696984691958	0.228695806180553	0.726629520802199
TAG48:0FA14:0	0.634958595788641	0.399693690234843	0.1999820873898	0.693576497997883
FFA(17:0)	0.191181327399913	0.428088528398034	0.260914296693315	0.707372544123169
TAG50:5FA20:5	0.98501866763749	0.583285697247912	0.209826583203919	0.688332935155149
PC(16:0/14:0)	0.143234132891106	0.0581706420365526	0.438106813676671	0.494893474726439
TAG48:2FA18:0	0.330318069929888	0.85070440811657	0.232562392841408	0.713827884279446
TAG50:5FA18:2	0.315342996029847	0.47829623681193	0.214439250995696	0.709506237635036
TAG52:7FA20:5	0.397924937194798	0.870517812968678	0.23163963791983	0.719909678795497
TAG48:1FA18:0	0.628739555901654	0.791759733075615	0.219445969965622	0.700323185486769
TAG56:6FA22:4	0.910377145705131	0.815281794378842	0.235020512516378	0.703036056122218
TAG52:2FA16:1	0.870707811756282	0.679141074112355	0.219904322445168	0.738416508669372
TAG49:0FA15:0	0.351391969156767	0.210467997267678	0.188844606831509	0.700037835336152
TAG46:1FA12:0	0.696705723736175	0.781884553616931	0.22020151069576	0.698777653295792
TAG51:3FA15:0	0.771842463578009	0.908458415830786	0.227370694715265	0.716850403322728
TAG54:7FA18:3	0.0218237719686302	0.119141449410495	0.199708230138883	0.629498431533581
TAG57:2FA18:1	0.105564928605227	0.339751033750999	0.251610742552085	0.796192698882794
PC(16:0/20:1)	0.237226454181214	0.390908576937145	0.252592056205457	0.657771792900261
TAG38:0FA12:0	0.383143681512725	0.646288770680796	0.225198631806472	0.732179110014176
TAG49:0FA18:0	0.466049654612409	0.25778429780245	0.189720764573684	0.693915189514162
TAG51:2FA16:1	0.377248297709988	0.755366966359263	0.231375107699855	0.691229457058096
TAG54:3FA18:1	0.149734269197835	0.137654441008899	0.250762296069862	0.77909093684712
TAG54:3FA20:3	0.580836464821969	0.774550596990149	0.21990230325491	0.703910657656449
TAG58:7FA18:0	0.262583179693803	0.493200521991871	0.231129147766828	0.775556849633223
DCER(24:1)	0.217290254744048	0.393582346388167	0.289817727828922	0.612053044114935
DAG(16:1/18:1)	0.864250385235799	0.763224888042658	0.220871616913097	0.728047156415566
LPE(20:1)	0.55116276396756	0.561260660379688	0.230840806423082	0.732563699179684
DAG(14:0/14:0)	0.496228200948938	0.274992394934853	0.194628057117735	0.671481250176865
TAG48:2FA14:1	0.164329947210828	0.319993472603654	0.213261528605008	0.69289558659003
TAG56:9FA18:3	0.25396504293235	0.219889680820322	0.223451705553361	0.765773139670555
PE(18:0/18:0)	0.706861219151416	0.882287585568221	0.246750430376729	0.691536007123394
TAG50:3FA16:1	0.870079783413902	0.374575251724421	0.198806091971676	0.755072929206758
TAG51:1FA18:1	0.355481408435268	0.2817037232002	0.20261341578326	0.690226841225854
TAG52:1FA18:1	0.917750124807052	0.972025007719697	0.226731568246542	0.70879032127015
PI(18:0/18:2)	0.856843085376614	0.826513766670511	0.274378534236107	0.725067892709181
TAG49:1FA15:0	0.334826795990729	0.253062712498721	0.198904018288115	0.696179843471739
PE(P18:1/20:4)	0.861437902858919	0.918177379651711	0.225124233929082	0.710264528475675
TAG51:0FA17:0	0.425110590105248	0.319827703728592	0.197341931605312	0.708560617713265
TAG48:3FA16:0	0.622449120777787	0.794882220349711	0.226552305811272	0.706340378427454
CE(12:0)	0.367233688727367	0.437074386925355	0.299786500284574	0.649630968911214
TAG53:1FA18:0	0.516520487856793	0.220178237460745	0.18887786120124	0.702208480358466
CE(18:1)	0.680121468913278	0.444101457394021	0.304465151425733	0.668091935536678
PE(P18:0/20:4)	0.777855467005436	0.587224236440214	0.212175698515851	0.744981180861405
TAG54:3FA18:3	0.717527426439687	0.292993436804418	0.215390462753334	0.673212284469573
TAG54:4FA18:1	0.0747837545460195	0.0766789220772263	0.227524014793	0.751315806051026
TAG58:8FA20:4	0.380975538539829	0.342822942546435	0.201523732226668	0.712928389584563
PE(18:0/22:4)	0.755529305456851	0.657310572571803	0.218378302928325	0.708000469123695
TAG44:2FA18:1	0.840046703864375	0.347985952011366	0.184229920185242	0.714599760606571
PE(16:0/20:3)	0.0465385615171402	0.105486244564513	0.458114321547314	0.540988728278733
TAG46:2FA14:0	0.771574098201828	0.523177712666293	0.219346357958678	0.687777910834889
PE(18:2/16:1)	0.466298670336266	0.812935138559274	0.254425336966717	0.683377218025831
TAG56:4FA16:0	0.56781604166753	0.729176434591699	0.219696050402319	0.7060695431109
DAG(18:1/20:4)	0.402983484846549	0.408012087387757	0.215629525085785	0.71133242145215
TAG52:3FA18:0	0.62032809048191	0.424458677109547	0.209395242638354	0.73707328872993
TAG58:10FA20:5	0.493211105680723	0.756468444162123	0.224695286589639	0.686999902473303
PC(18:0/18:3)	0.985816480539533	0.648884560606174	0.195965609163392	0.740701298571537
TAG55:7FA18:1	0.738931411130401	0.705590252479182	0.215128640254753	0.695886353097188
TAG60:11FA22:5	0.556110394454577	0.996657412811953	0.227196694322322	0.710974415889877
DAG(18:2/20:3)	0.572486571110436	0.423131355885313	0.23276916401139	0.686796920057768
TAG40:0FA16:0	0.342103170497332	0.801672989429876	0.238210495498921	0.718180577111109
TAG54:5FA16:0	0.835132392232234	0.939457136573331	0.229543181720829	0.710661618044414
TAG58:6FA22:4	0.744139057928681	0.569125416825951	0.247654016228184	0.715829308626984
TAG56:4FA18:2	0.229235562728186	0.395550237821329	0.226356180182585	0.729413715494758
PE(O16:0/22:5)	0.803930154886071	0.383187827990537	0.29738362679537	0.657858623054331
PE(O18:0/22:6)	0.521230119067997	0.927814521808485	0.226587724421604	0.731825003803001
SM(18:1)	0.678169100751849	0.78570588842673	0.223150183285846	0.750183417997646
TAG51:5FA18:3	0.253630976178197	0.184693786537142	0.208200445978468	0.750108985104099
TAG54:6FA22:5	0.999746264545397	0.688303180790644	0.231140720282248	0.722212565294862
TAG56:4FA18:0	0.850297665827718	0.795621038791147	0.226965230052213	0.73143075044382
TAG51:3FA18:1	0.797128811639383	0.932873047072352	0.226468806553853	0.717028321972782
LPC(18:0)	0.168394614416356	0.0238484993084841	0.0816529897803443	0.70751464979097
FFA(20:5)	0.883607117066565	0.447456883360028	0.230916125608531	0.68601898694728
TAG54:6FA18:1	0.0134434682419189	0.0452900160878775	0.197447473589361	0.721351158601529
TAG52:6FA18:1	0.134407231297838	0.129579676599504	0.235670973923188	0.836707585229353
PC(18:2/20:2)	0.0529555955302771	0.0584959327359614	0.0826116729531185	0.930833655631724
PC(16:0/22:5)	0.389341529614665	0.441876770849505	0.170473753103223	0.819900510284305
TAG45:1FA15:0	0.544462723222434	0.328982746667827	0.208510418575993	0.677437351904534
TAG50:3FA18:3	0.808930830905621	0.584757411249464	0.225128420247258	0.693323191094571
TAG48:1FA12:0	0.479519682950803	0.959472295217192	0.226342727819745	0.707775879726033
TAG52:6FA20:5	0.709089768234095	0.921017563974534	0.230714954753021	0.715134723058748
TAG53:5FA20:4	0.344091126215453	0.547365995653855	0.215437904296889	0.698053987565194
CE(20:4)	0.565411749957295	0.810728726352655	0.222702583638535	0.702501273763152
CER(22:1)	0.108225955144755	0.56380264711029	0.320324257415136	0.632107572173376
MAG(18:0)	0.21804294020958	0.0210364928204762	0.20111809626141	0.831807543870467
TAG48:3FA18:3	0.844384830742053	0.990565133068119	0.226333017497815	0.709405112680796
FFA(18:0)	0.415345410402374	0.809277363327233	0.225819134397209	0.7125273384366
TAG52:4FA18:2	0.22895553621968	0.184344454953221	0.19482117463173	0.74363864913288
TAG42:1FA18:1	0.429468180049252	0.986445645391253	0.228816206791306	0.709145045405048
TAG60:10FA22:5	0.439146475897804	0.722454378348706	0.231560489165216	0.72795506284066
DCER(26:0)	0.660963627831895	0.501403753054903	0.227716870759918	0.733587437691889
LCER(18:0)	0.961176906869431	0.605758651029247	0.193220973945419	0.749451276140653
TAG42:0FA12:0	0.346610262994265	0.851069085789481	0.230990937935529	0.719125741822704
TAG51:3FA17:0	0.667618038871105	0.971462607968191	0.227816086217128	0.712566124986888
TAG52:6FA16:0	0.233680044542764	0.0799501172488295	0.220195363398832	0.734076616185474
CE(22:4)	0.467129880429497	0.493176931061718	0.271048306034599	0.731347992221576
TAG48:4FA14:1	0.604166360659178	0.654877165369202	0.215045027682003	0.735071694451248
TAG50:3FA18:1	0.802254163970393	0.781537508934006	0.222812218791025	0.72799875577762
TAG53:4FA17:0	0.579158941056853	0.934953685222824	0.225823954737338	0.713043792800133
PC(16:0/20:4)	0.433396807424752	0.631337633972259	0.219528529163903	0.707413304227988
TAG44:1FA18:1	0.880064238995871	0.493136533060451	0.201884900645552	0.691818554207086
TAG48:0FA16:0	0.685243736578833	0.84625164226451	0.221554529814954	0.717256231725529
DAG(16:1/20:4)	0.260614766927202	0.498151448760912	0.226175093260983	0.713366782341454
PC(17:0/18:2)	0.578279197444816	0.678901787819075	0.320892320373719	0.653935769390208
TAG54:4FA18:2	0.0858201461499847	0.107086026332151	0.215194521274022	0.734460710942179
TAG50:0FA14:0	0.741872196643845	0.240115109503232	0.183683355939952	0.669476847875836
TAG58:7FA20:4	0.725652464155673	0.552902352736853	0.21658179886068	0.685401936938332
TAG52:4FA18:3	0.228784688688283	0.0985688363798787	0.214580027886562	0.738890931823188
FFA(16:1)	0.851009923339681	0.526657574282516	0.199170009044252	0.768719393762319
TAG51:3FA16:0	0.753069030304601	0.863807649469674	0.227578182998338	0.707230985617074
TAG50:4FA18:3	0.65535400753852	0.255968358904742	0.205232746732273	0.750125096291281
TAG54:4FA20:3	0.765937156083757	0.890336233363343	0.224120269131154	0.705749501704606
PE(O18:0/18:2)	0.797091374251449	0.92037316090907	0.259469533861184	0.701472993374383
PC(18:1/20:2)	0.576755879967965	0.989188869541081	0.253043222020833	0.709355144387333
TAG49:2FA18:1	0.503896486637939	0.592445568352915	0.226176146954748	0.676168469652724
PC(18:1/20:4)	0.805227574650369	0.889244304961287	0.235267723354792	0.713322062709822
TAG47:0FA14:0	0.63632660927455	0.458604665467028	0.205282188697505	0.694684577520632
TAG52:8FA18:2	0.928971188873595	0.987209062438329	0.226636124497282	0.709267652190129
FFA(22:6)	0.710914092333573	0.919715734866265	0.224698742458326	0.701291209864604
TAG47:2FA15:0	0.627161665197362	0.476336354642228	0.219461560306827	0.685222980340353
TAG48:2FA18:1	0.85378985659753	0.870035171040924	0.223929770370955	0.701092482259829
TAG55:4FA18:1	0.352827790520446	0.590849332333948	0.2393949541537	0.699004311387911
TAG52:3FA14:0	0.981910228896756	0.661875172633149	0.229128321284769	0.678944408596223
TAG46:2FA16:0	0.54389867578848	0.988899510085149	0.227762172884905	0.709937902008131
TAG54:4FA20:2	0.483144072835324	0.63569788285355	0.218466402756752	0.751495428478423
TAG48:4FA20:4	0.944951018952524	0.660717701426992	0.214672606506412	0.694025161601472
TAG56:3FA18:1	0.34429855243006	0.512645996462644	0.240488165007671	0.737429388540664
TAG54:7FA22:6	0.795057258161781	0.666826315585826	0.224205249397271	0.75023449671309
TAG49:3FA18:2	0.677856750254219	0.857444134827231	0.231012586265572	0.700748671505008
TAG52:3FA16:0	0.523568444009214	0.354911136836941	0.218226832123486	0.746798714342089
TAG54:8FA18:2	0.0335571689805162	0.128195896557026	0.213406471837573	0.687215492855684
TAG54:6FA18:3	0.0201592403736789	0.0615267075570626	0.189891579833617	0.693542054099269
TAG56:8FA22:6	0.240923277921009	0.478848624492633	0.232722387350953	0.771095818949649
TAG58:8FA18:1	0.0723155186431865	0.214394523109363	0.258939046458456	0.829465959120144
TAG55:7FA22:6	0.583082921004612	0.885157414938874	0.227612800784143	0.72968139508842
DAG(14:0/18:3)	0.765332574552894	0.760387848854579	0.226666928591275	0.716779559730005
PC(16:0/22:4)	0.745378285660262	0.65678076667917	0.248994791223885	0.735690463014535
TAG56:9FA20:4	0.863651379831515	0.754969005056969	0.226372715079154	0.707418413182516
TAG57:8FA22:6	0.240824627659976	0.502201678127192	0.229252346656308	0.767864459470175
TAG56:2FA18:0	0.844326213575679	0.94654002311953	0.225800196822288	0.707641788148361
PC(17:0/20:4)	0.254903609431464	0.993487842214029	0.227010678581339	0.710748285042096
LPC(20:2)	0.130325105529274	0.0648116760410974	0.148091578351097	0.632746532535304
TAG45:1FA18:1	0.616813242987522	0.294134273553605	0.19582707658186	0.680985050662265
TAG52:5FA20:4	0.339204254959508	0.750223415821548	0.219571266035625	0.715298512507999
PE(18:1/18:1)	0.550005326159108	0.536076806670663	0.232696714646582	0.716878385907991
PE(P18:1/22:6)	0.911963641547879	0.803530893577903	0.217778840475553	0.776167217766386
PI(16:0/20:4)	0.279845815729815	0.719410504572353	0.27869901913589	0.715360964191813
TAG49:3FA15:0	0.849493594974514	0.829833138035344	0.223342125789331	0.720119769120795
TAG51:2FA18:0	0.783543234410358	0.530652509441886	0.216182338318007	0.707940737911987
LPE(20:4)	0.821719842450317	0.67293398202853	0.22445680152109	0.655110722802297
TAG44:2FA12:0	0.49590868231167	0.898351995592931	0.22455745873748	0.70536675495126
TAG56:1FA16:0	0.415885202973974	0.284937012343129	0.191703619016352	0.68982388138293
MAG(15:0)	0.290414693911462	0.751794838214628	0.233554829275485	0.713637515732061
DAG(16:0/18:2)	0.755113598663661	0.657896866738171	0.220709658904311	0.705370612900074
HCER(20:0)	0.070836114168379	0.103673087985211	0.128758578825403	0.845832211003597
LCER(24:0)	0.874664939090972	0.780640790345858	0.250216624210903	0.700738742175585
TAG49:0FA16:0	0.490518123581423	0.455856021144514	0.204623480436441	0.716194990786248
TAG50:3FA18:2	0.967937398486611	0.640500846731329	0.216609241628623	0.732872129301825
TAG55:7FA20:4	0.63891467971786	0.539483032964431	0.24372663229346	0.681250191586207
HCER(22:0)	0.555263219841988	0.625870226623069	0.205524071327694	0.740365568477957
TAG58:7FA22:5	0.170186253389159	0.273477890168062	0.254092376177315	0.787603030692835
FFA(22:2)	0.924703534132963	0.929957753590774	0.228461993482381	0.715656635847667
TAG44:1FA12:0	0.868830261096974	0.61390383730846	0.216514606021273	0.685158136330533
TAG46:0FA12:0	0.491161102011939	0.939776171972911	0.225916886753348	0.706833426600209
TAG52:6FA14:0	0.941490754344611	0.966764144814412	0.226687991920006	0.707979568980706
TAG51:2FA17:0	0.481184755451818	0.579720297711638	0.230758880899976	0.698917424113387
TAG56:3FA20:0	0.499861859921637	0.736310767550787	0.232030419263014	0.709497149409556
PE(P16:0/20:3)	0.138919186359533	0.116240295048253	0.383606576130581	0.526678163719518
PI(18:1/20:4)	0.222226158217018	0.753795970131856	0.262871399773212	0.725455136600382
DAG(12:0/18:2)	0.395775818010858	0.733991095104481	0.232477639262336	0.711224367236259
TAG52:2FA16:0	0.908379950953427	0.660442829358266	0.228830132986275	0.728568263307419
TAG52:3FA20:1	0.794196257574304	0.964375508792785	0.227417042416999	0.707630806525338
PE(P16:0/22:6)	0.457368339660215	0.365191075697848	0.170923885453294	0.924001828893962
TAG56:5FA22:4	0.666030595760641	0.968415271758759	0.227287558884049	0.710670372173703
TAG56:9FA22:6	0.210957095709135	0.415035677696834	0.229434181951615	0.775605717868174
TAG55:7FA20:3	0.474994749192546	0.76394831111015	0.238540264911286	0.707420262495713
TAG50:5FA16:0	0.89176563613163	0.415254402986178	0.233212014574133	0.741908810971319
TAG56:3FA16:0	0.633683780316155	0.47407075229274	0.219766877229481	0.692061737712103
MAG(18:1)	0.339295682164145	0.747270490095101	0.232124664679462	0.748728276182105
PC(18:1/18:2)	0.797959859072936	0.728097516532787	0.321881042831489	0.693433958276906
TAG56:6FA22:5	0.340740367071953	0.448944821041858	0.238528296460599	0.754919991046376
TAG57:3FA18:2	0.109552023111791	0.389411137372468	0.239534950120053	0.76814307095281
LCER(18:1)	0.815638822727532	0.68167301399762	0.239148848775583	0.69937740555512
TAG52:8FA16:1	0.395030941469067	0.466405190780914	0.221571634664866	0.690593167296905
TAG58:8FA22:6	0.121294855020481	0.301514841000755	0.248693001492874	0.811142737683821
TAG50:3FA16:0	0.916422687186008	0.447712098498898	0.207473812336468	0.725672351125834
FFA(24:1)	0.436432945467896	0.570045721073034	0.216047848711621	0.713539514462175
TAG55:7FA15:0	0.52992299475445	0.989753490774813	0.227865473272057	0.711351174331211
DAG(16:1/18:3)	0.712542148455137	0.735753717158996	0.222577897311166	0.715383580226026
CER(20:0)	0.790462079449195	0.792530487965726	0.216737877137426	0.752583843830983
PC(18:2/20:5)	0.366470543144188	0.808761418306301	0.238153451430182	0.68746782856736
TAG52:5FA18:3	0.134355890948239	0.0526066050393759	0.186741300802229	0.713429443737404
TAG51:0FA18:0	0.527750437134741	0.309215335394336	0.190521711896451	0.707633874406034
TAG55:3FA18:2	0.258760450188649	0.69346031977535	0.235200160205961	0.700501801999529
TAG42:2FA18:2	0.281851674645664	0.832431163505756	0.237528807599964	0.713422835527185
PC(14:0/18:2)	0.766560670986821	0.640496296942367	0.345871325512505	0.654300657445452
TAG50:3FA14:0	0.707593272930924	0.909261059729596	0.225624529732681	0.717539238630418
TAG54:5FA20:2	0.265384587888387	0.3294336486051	0.198116445740254	0.791547267537983
FFA(20:3)	0.956248667778284	0.99979800723138	0.226110680911138	0.710468942965869
TAG56:6FA16:0	0.363625068383963	0.381428428389678	0.231893939305293	0.75988014344867
PI(16:0/18:1)	0.167541697512219	0.135238768447982	0.350792171904195	0.826210456538022
TAG52:3FA18:3	0.368441799564875	0.275254632086792	0.223024275972358	0.710091226470118
TAG58:10FA18:2	0.148039870472225	0.440157942941778	0.238377777294086	0.761076370955777
LPC(16:0)	0.0402593160917003	0.00783257946301149	0.122554008552944	0.663534376536999
TAG44:2FA16:1	0.507548881585955	0.490681238253756	0.219173589996082	0.68967744494583
TAG56:10FA18:2	0.258121940287634	0.677529079925163	0.235228750641549	0.703122209932908
TAG56:5FA18:0	0.515438641941928	0.687091834479366	0.231941242135363	0.735504574594185
DAG(14:0/20:0)	0.0498095091622106	0.00149200538052567	0.534815827521435	0.566327339048714
TAG52:1FA20:1	0.495871131213039	0.422168592385527	0.203848943384631	0.710716411273395
CE(14:0)	0.462647571376574	0.158883527079102	0.418442535430818	0.560543575298282
DAG(18:1/22:4)	0.843630711085334	0.802308624743639	0.223854120207474	0.701125572830642
PC(18:0/20:3)	0.0279820136430707	0.054444120297596	0.598691266084998	0.590215775232149
TAG54:2FA18:0	0.462368500426585	0.571677128037087	0.239793801191137	0.726541918202212
TAG56:7FA22:5	0.278821859751307	0.403886061665126	0.22841265673278	0.749725736949921
PE(18:0/20:3)	0.199047195672794	0.408458655749212	0.358017797094262	0.621006574810322
TAG51:1FA15:0	0.438507863372176	0.179586265584864	0.183393807856061	0.677051906804373
TAG58:7FA18:1	0.098038539739046	0.111453022310538	0.246768300272947	0.871423724001086
PI(18:0/20:3)	0.20898819652828	0.216770726586346	0.494276578231119	0.558080735235701
TAG51:4FA18:1	0.438231784985558	0.285281488017628	0.215511885634198	0.743036661445094
TAG52:6FA18:3	0.0716400790359004	0.0289709207824589	0.158873776737065	0.756587579881429
TAG44:2FA14:0	0.424185588062568	0.986258468039608	0.227183159105868	0.709132547751789
TAG50:5FA14:1	0.821269985428835	0.965882925821416	0.226322411537584	0.709350962058288
TAG54:2FA18:2	0.651396130043772	0.809442655148544	0.227858926865131	0.713384354230513
TAG48:2FA16:0	0.51757428852051	0.601585054072568	0.223228897700928	0.705176536578991
TAG56:6FA20:2	0.147960143061031	0.449225576865458	0.204269583501811	0.76393608801619
TAG56:5FA18:2	0.185860432102458	0.390706788025678	0.209033937260677	0.760658680288942
CER(16:0)	0.276993430474876	0.406645038277721	0.308596213043272	0.578083632391514
PC(18:2/18:3)	0.703080695803309	0.887411444872437	0.223258408120276	0.712096141031308
TAG49:2FA18:2	0.54705514364122	0.362893988684253	0.219502667203996	0.702930643521989
TAG54:3FA20:1	0.552913610961763	0.694278702433052	0.226237174711831	0.733168498430485
TAG44:0FA18:0	0.810150672507067	0.685651131011078	0.230068370361222	0.708594836692071
TAG54:1FA18:0	0.586852626319147	0.859382697207213	0.233536348719951	0.715387714119925
FFA(20:1)	0.43333707334345	0.636993442553014	0.237025715054055	0.745080490629945
TAG48:4FA14:0	0.988572177682193	0.618097348964686	0.217072404996652	0.744568907765279
TAG48:3FA16:1	0.68520323681806	0.737882880161475	0.21729506324861	0.734528043596548
TAG49:3FA18:3	0.973638751823642	0.91972774424308	0.226968139831796	0.709063983763761
SM(18:0)	0.992855019584048	0.724844271107519	0.20818134524026	0.761933821073128
PE(P18:0/18:2)	0.688329001747892	0.960815112129895	0.253151982734926	0.708016532992998
TAG53:2FA16:0	0.986985386995047	0.719023638330439	0.217191102782436	0.714728522336484
PC(18:1/18:3)	0.916498302925575	0.595412017424886	0.188558496429214	0.749946888255307
TAG53:4FA20:4	0.318556547533511	0.314427403527028	0.204880600054177	0.703945724543304
TAG46:3FA16:0	0.427362227115753	0.828565562069478	0.233021029893818	0.711597375004213
LPC(18:1)	0.174456766970909	0.0877583586944082	0.191551588395358	0.604792669544152
TAG50:2FA18:1	0.580573948523573	0.882673241838561	0.227589925754587	0.702932972071193
PI(18:0/18:1)	0.231795951233366	0.113800462138323	0.34768206754115	0.886571753371652
TAG48:1FA18:1	0.555671383106569	0.389292233722935	0.207093153890995	0.689040098592916
TAG54:4FA18:0	0.119019450963058	0.224591868826117	0.205619176751763	0.708513438724081
TAG54:6FA16:1	0.718146540343348	0.754060451793173	0.223999346103583	0.727751806909961
TAG56:6FA20:4	0.984048862659787	0.964048585392629	0.229846708410069	0.710237085602904
PC(20:0/20:4)	0.294819246169446	0.432843293043419	0.210739887743868	0.745639471959029
TAG54:1FA20:0	0.44589337490194	0.205890310859892	0.189952894946891	0.672310909918527
TAG44:2FA18:2	0.553409692045281	0.727665224983897	0.216656172182752	0.707995579575944
PC(18:0/20:5)	0.332234954420749	0.950175241295697	0.22595859047048	0.72131903237817
TAG58:7FA22:6	0.270847708786981	0.502142787836418	0.233811611220662	0.782316485927046
TAG52:3FA22:1	0.378533166262092	0.327960168511689	0.21559002404334	0.751702951874011
CE(16:1)	0.180559580138473	0.152304693701857	0.43335826704143	0.639653104665244
TAG54:2FA20:1	0.869724208768865	0.994539838914351	0.228210541758731	0.709613134629085
TAG44:1FA16:0	0.534191281810207	0.253224138645068	0.186073324086036	0.696138198728899
DAG(16:0/16:1)	0.568087950299156	0.817363405878334	0.226762312369462	0.703827606862815
TAG46:3FA14:1	0.3573270238896	0.453492579843037	0.22299473069579	0.682980166784439
TAG52:6FA20:4	0.432231593313244	0.811629865635308	0.223351280381647	0.708918004919552
CE(16:0)	0.831974037052814	0.886258777285527	0.254932895354973	0.701393626125719
PE(P18:0/20:3)	0.342097371361137	0.449907429022674	0.320820573234897	0.598602327738504
DAG(12:0/16:0)	0.484539580204889	0.829868749245358	0.221269511012525	0.720145294881991
TAG45:0FA14:0	0.750256924999251	0.633586759563953	0.212109464122038	0.700307634823958
FFA(18:2)	0.246558292683517	0.243234211815886	0.180537615542501	0.753921933214924
LPE(16:0)	0.242624629974627	0.0227418082859678	0.118709199501043	0.811955840302153
CE(20:1)	0.425316325176857	0.753998631163878	0.213672796308963	0.699278870627007
DCER(22:0)	0.178818852517796	0.0732591595516105	0.311706390606263	0.615934723059142
PC(14:0/18:1)	0.277803350201837	0.306649454073555	0.387353757925103	0.579552469218658
PE(18:1/22:6)	0.57538717210301	0.267123302413702	0.143738901310315	0.994538677854302
TAG48:4FA16:0	0.871922443863235	0.772964652229358	0.227024074197774	0.71684015040985
TAG54:2FA16:0	0.988614945995998	0.850901267152393	0.222620816804396	0.702553038356622
TAG58:9FA18:2	0.0833878711821685	0.280468885606519	0.24044626664952	0.791920312488602
TAG52:5FA16:0	0.133242115814315	0.104956206313893	0.203360187618835	0.692315199325754
FFA(15:0)	0.860682649548943	0.956064103342222	0.236022524730215	0.707096842162105
TAG52:5FA18:1	0.132788724752124	0.0422603089812145	0.171410141898185	0.883253853745671
TAG54:5FA18:1	0.0334309936252759	0.0686420845446268	0.207154182081388	0.705563169949294
FFA(24:0)	0.521694263941302	0.595255739097016	0.206645287380218	0.843795888080914
TAG54:5FA22:5	0.731093121432558	0.933520914059531	0.225587646257082	0.709539017963674
TAG58:8FA18:2	0.119986294284164	0.21070873704839	0.23283953986336	0.799685593181622
TAG44:0FA14:0	0.970748744669793	0.680339291785585	0.214197320808457	0.696279562912178
PE(P16:0/18:1)	0.929227638933975	0.53634940042532	0.281528670010548	0.636335387106419
CER(22:0)	0.268352089156566	0.106941986795099	0.336300332089699	0.510485992801365
TAG52:4FA18:1	0.186445365097769	0.0728313260934012	0.173708065332104	0.83547102013408
TAG58:8FA20:3	0.506384426079244	0.371039371726079	0.218072295719168	0.676852880263074
PE(18:0/22:5)	0.764895699662576	0.244981476696901	0.147521113179967	0.875696566304341
TAG47:2FA18:1	0.461675716327303	0.27915809026493	0.204554287340317	0.659686201248491
CE(22:2)	0.343700040089644	0.965623022473663	0.225932057295537	0.710831946712293
TAG55:5FA18:2	0.439859710998986	0.829189242349234	0.223751924515792	0.698327470534979
TAG52:2FA14:0	0.673079778905918	0.244876065289783	0.208908762385447	0.65087451810132
FFA(22:4)	0.286224094209955	0.434985905316261	0.208728892689721	0.775743301818591
TAG54:1FA18:1	0.673724030709099	0.957350130946961	0.229577050427176	0.711444442879933
TAG40:0FA14:0	0.542620814068831	0.794733611408847	0.227718944617248	0.722690923732308
DAG(16:0/22:5)	0.743399425996546	0.665188936266847	0.224471915108807	0.720911158018454
DAG(18:0/22:6)	0.642373006185905	0.791081407561298	0.24161319767511	0.708319242399829
TAG47:1FA16:0	0.386341421453284	0.374225780529878	0.205537658039763	0.699908391692941
DAG(18:1/20:5)	0.269520445640715	0.783259574090255	0.230251722428739	0.729505311666702
TAG54:3FA16:1	0.558598035880709	0.541406646383671	0.212998600915794	0.770750059256888
MAG(16:0)	0.374280957831867	0.0920771175274804	0.258954160681258	0.804582286352497
PI(16:0/18:2)	0.441366649402054	0.597132811557967	0.302765195110679	0.745629263103824
CE(22:6)	0.524227718602801	0.76750590728545	0.216071774926982	0.763045567565974
TAG46:4FA18:2	0.516358546213237	0.615366290814645	0.213911573990539	0.744338430249436
CE(18:4)	0.920976828994984	0.830330652753604	0.255611133593881	0.696307187088242
TAG54:2FA20:0	0.961610915797487	0.736032452141636	0.223172700265253	0.706134239731958
TAG56:6FA20:3	0.664900847872089	0.802330895099715	0.225773267902321	0.719693697644262
DAG(18:2/22:4)	0.265430470575834	0.565263893783371	0.21889258355138	0.738710903586459
DCER(24:0)	0.191388375494697	0.123282393965771	0.301455750015779	0.53267487536119
TAG58:6FA16:0	0.745215331070564	0.624122285395828	0.211299505953042	0.756988165216479
PC(16:0/18:2)	0.534161381125428	0.949296762320246	0.274761263158783	0.705649069290768
TAG52:3FA18:2	0.544005144245001	0.39634208940274	0.218655046584319	0.74390688582999
TAG48:0FA18:0	0.985570704881403	0.527125877114263	0.204794866079133	0.692836192556277
TAG58:7FA18:2	0.386405140734399	0.467468597107768	0.222713721546676	0.753226566737422
TAG50:1FA16:1	0.359316802762586	0.807902051722952	0.225185845951501	0.707888622525063
LPE(16:1)	0.160167550707798	0.603917307310029	0.247211748136375	0.717434514704581
TAG48:1FA14:1	0.203509318555906	0.214038453129363	0.192275409403915	0.706871377311693
TAG51:2FA18:2	0.582615440969481	0.484771087354219	0.226535237931904	0.704446265501009
TAG50:2FA16:0	0.673488292277857	0.913602727165911	0.226313616648013	0.708501952813579
LCER(14:0)	0.185239806706827	0.107967006881269	0.352304368235754	0.597975122006061
LPE(22:6)	0.570012652020696	0.623659914385419	0.217364200155652	0.760976953101503
PE(18:1/20:4)	0.52501086842686	0.0804535490714127	0.11922890053681	0.939747558576122
TAG54:4FA22:4	0.379755513441588	0.567419291487743	0.207285855067346	0.740801187694256
PE(16:0/18:2)	0.867928718788425	0.847872193295111	0.222191617026199	0.728565099727781
TAG50:4FA18:2	0.354175658916129	0.450621803049771	0.20726359070803	0.742959664723248
HCER(16:0)	0.834860716901304	0.990890438318384	0.234712070015247	0.710014188514245
PE(16:0/22:5)	0.909794621550098	0.499954736660207	0.179186243715399	0.853078103833086
PE(O18:0/18:1)	0.976784103332579	0.958780897790316	0.230995958578956	0.714877244279564
TAG44:1FA14:1	0.336154872796799	0.376579206158967	0.203253637745386	0.696389045759001
TAG56:7FA20:5	0.0884066050179072	0.330922018863523	0.261394896198844	0.785400954022562
TAG45:0FA16:0	0.619696076139663	0.450272895045539	0.201169346440861	0.70127443535866
TAG46:0FA16:0	0.875372606494352	0.677202942232116	0.212717552358204	0.709378330142068
SM(24:1)	0.0920580448505807	0.340123623790881	0.377651730773914	0.616168420053099
TAG52:7FA22:6	0.50944191436567	0.549726505832688	0.233335422748183	0.75175043885137
CE(20:2)	0.315271467142695	0.231606244124074	0.418137678714182	0.691464179544897
TAG54:5FA20:5	0.410019710647344	0.897104519720655	0.232619117465599	0.719191160631835
TAG45:0FA15:0	0.629875181383135	0.550479944938583	0.209168957399377	0.702635401911328
TAG56:5FA22:5	0.594455212670246	0.607685777642873	0.236500105098514	0.73413325283384
PC(18:0/16:1)	0.192487545780452	0.433918837998559	0.325268533570643	0.66380829086991
TAG49:2FA16:0	0.440560116555932	0.447506238348439	0.222202322829631	0.704902424514585
CE(20:5)	0.238574469612123	0.954706699813972	0.229451494308002	0.706410972344095
HCER(22:1)	0.618731818915007	0.436080475353243	0.168566744811025	0.807775171848247
TAG49:1FA16:0	0.27306239358135	0.26788555456851	0.202723599386613	0.704687470524929
TAG56:5FA18:1	0.526583067210681	0.584212565145649	0.230989846538882	0.74109300063538
TAG53:4FA18:3	0.546131966333789	0.569647262199538	0.222822422120354	0.719406765376572
PC(20:0/18:1)	0.927184412662777	0.995509904600447	0.238435159885688	0.714003933178445
TAG54:1FA20:1	0.93816846744413	0.72506318904718	0.213538644392956	0.702534206447395
DAG(12:0/18:1)	0.468111741541526	0.88940930699952	0.223800381085335	0.705437106097656
PE(P18:0/22:5)	0.554430214770347	0.652978022040981	0.272367227710779	0.663779324180791
