chemID	simpleLRM_Fstatistics	multiLRM(chem_sig)	multiLRM(sex_sig)	multiLRM(age_sig)
TAG52:0FA20:0	0.169442171337448	0.0493231312893333	0.233592736628394	0.668643095002541
TAG58:6FA22:5	0.457136427606983	0.715032760044178	0.292709312773385	0.708680911755949
TAG50:1FA20:1	0.479439800584616	0.212494068195459	0.242359436095572	0.661831503696884
TAG54:6FA20:3	0.737931499681714	0.350432295282837	0.273951705999464	0.725953377210749
CE(24:0)	0.320071480899287	0.96238876423626	0.282970584512445	0.689845855521828
LCER(22:0)	0.789387099097504	0.921588305954873	0.303993118934618	0.682138836986842
TAG48:4FA16:1	0.682355714960191	0.448873126943056	0.259045291672084	0.736125383398516
TAG51:4FA16:0	0.946417005523009	0.672165612035255	0.282080494948179	0.687278618471782
PC(16:0/18:1)	0.718372220781193	0.455779947592014	0.385738697160229	0.604109547782398
TAG50:3FA14:1	0.334497737962691	0.344940199691488	0.278707871376707	0.649842754333636
CE(17:0)	0.828833947854358	0.157650240957438	0.374493038998139	0.617340922114231
TAG56:6FA22:6	0.643811475955286	0.733729966108303	0.283981647865716	0.720722041144246
PC(18:1/16:1)	0.416607330053742	0.743544975404355	0.375182389775073	0.648033821119207
TAG53:3FA16:0	0.866415001192304	0.757930119035347	0.277374801147317	0.689247442583882
TAG54:4FA20:4	0.558740440345732	0.97045998232654	0.283570701880619	0.686294915726896
DAG(14:0/20:4)	0.146190248586218	0.046614926202251	0.24286377726833	0.635532140367516
CE(18:2)	0.318306358473737	0.620561985442088	0.236315698901523	0.717560873013494
DAG(14:1/18:1)	0.958351845131307	0.885829750091823	0.291274201156109	0.690028123486265
DCER(20:0)	0.303700645659754	0.129126228067681	0.225270808329433	0.815500119703711
LCER(20:1)	0.345215338931472	0.0277010286733221	0.542856348228174	0.525948451291609
TAG54:3FA16:0	0.879652215974318	0.931877595595329	0.283977453747269	0.691696061253133
TAG48:3FA14:0	0.84050123227119	0.836715400320656	0.278814213541387	0.696713782417509
TAG56:1FA18:1	0.431121883065335	0.181493454372666	0.235926367068682	0.644744353328218
TAG58:9FA18:1	0.123749544645201	0.353293846513141	0.305118607789585	0.768778256849792
PE(P18:1/22:4)	0.867799980387755	0.737943061341236	0.26795148419126	0.665627942737872
TAG54:4FA16:0	0.849780555648397	0.98034845086589	0.283563148247263	0.686839723555819
PC(18:2/16:1)	0.92958307201216	0.922267509831702	0.367354999255687	0.677683357889845
DAG(14:0/18:1)	0.717157614512452	0.418103946896915	0.25992718292166	0.658940587379655
TAG46:2FA14:1	0.160509764242597	0.385604427798187	0.269028921469256	0.662844768695302
TAG52:4FA20:0	0.374309122112531	0.313000565738347	0.26862199173429	0.692585063195418
PC(18:0/18:2)	0.982201342206541	0.61955041167383	0.464128023678299	0.632362691773941
PE(P16:0/22:4)	0.522767521975023	0.914688613618691	0.295110055757213	0.686378727982553
TAG50:4FA16:0	0.998017679898023	0.222701871855461	0.264892507167169	0.723238263289764
DAG(18:1/20:1)	0.703758925618088	0.907758209630571	0.281532596389341	0.6790926053376
LPC(15:0)	0.744222039256613	0.0846750378170637	0.1652314238852	0.805097770888438
TAG48:3FA18:2	0.640799594135492	0.838429412018319	0.283604139618983	0.694898049567125
TAG52:6FA22:6	0.819757359851272	0.93314676557674	0.282452965311439	0.681671981000393
TAG56:7FA18:3	0.346913273936514	0.36563836753832	0.279656367562393	0.703595368510813
PC(18:0/22:6)	0.928257987480843	0.79797455908829	0.315381445862485	0.647784482756657
SM(26:1)	0.447886150647681	0.505373907974593	0.357571595458513	0.634048318547261
TAG48:2FA14:0	0.606841597780778	0.671985828131935	0.279559865115174	0.677869776625365
TAG48:3FA18:1	0.391002887791293	0.766953102095885	0.288250483903049	0.697641804352782
DAG(16:1/18:2)	0.655875122356884	0.72264380691864	0.267072378298951	0.706927647532911
TAG53:6FA18:3	0.724913809566599	0.846114945391802	0.293910581291322	0.689077568491014
PC(16:0/12:0)	0.367181557044744	0.93054983029645	0.282216350742468	0.705127932987708
TAG51:5FA18:2	0.3363128514804	0.525939567871463	0.276523404923722	0.693765530055987
PE(P16:0/20:4)	0.717932456234941	0.739124551653814	0.275472164269799	0.706428941522521
TAG49:1FA16:1	0.25319001297016	0.57696662327547	0.276502575596543	0.68174655182072
TAG56:5FA20:1	0.0881330208965878	0.28874930359665	0.278132269820566	0.702123457623673
LPE(18:0)	0.747921031001931	0.157882982633511	0.155886110008818	0.778804137110827
FFA(20:4)	0.718495816815425	0.84301203781135	0.28470363408703	0.691580284132742
TAG46:1FA14:1	0.219432578437858	0.127587103442671	0.168836440910589	0.697119708586004
TAG46:3FA14:0	0.830996292362203	0.749557375933052	0.277829363155994	0.677060269774022
PE(P18:1/22:5)	0.734614048668402	0.354121569923933	0.388407298769823	0.612418636564027
TAG50:1FA14:0	0.584900878000576	0.27246559582868	0.243316186529965	0.649002676241636
TAG56:8FA20:4	0.919561198596881	0.782031319805943	0.286530743692178	0.677413042377144
TAG56:4FA20:1	0.21432254944507	0.410128585740789	0.293805225539626	0.711887010417169
MAG(18:3)	0.459126722725887	0.63736942199646	0.373117193981769	0.651016607679992
PE(18:0/20:4)	0.981620736574014	0.457236419119713	0.232625268614121	0.769535057064598
TAG53:2FA18:1	0.675364870564436	0.459740610997577	0.269843048199118	0.65157720892886
TAG54:7FA22:5	0.60860337861411	0.522759022858272	0.294002671868514	0.710298458932996
TAG60:12FA22:6	0.466791306377941	0.987209965798171	0.282915032456147	0.686631609197752
PC(18:0/20:2)	0.560021844873321	0.326866320808629	0.514458447481732	0.627107703642445
LPC(18:2)	0.0402253922361266	0.0914828953446197	0.263403856970823	0.465354738125351
PC(15:0/18:2)	0.700213354329408	0.222591316002968	0.542148442119301	0.539388884791291
DAG(18:1/18:1)	0.60033277052794	0.638409174335314	0.2810832862057	0.719183795107216
TAG56:4FA22:4	0.469792597427484	0.825337688086919	0.273765064598857	0.694616621120685
TAG56:9FA20:5	0.112708012476757	0.432628788893127	0.30084713348024	0.729925417578627
TAG49:2FA14:0	0.419621132656487	0.363903307098687	0.273810509954709	0.655306855613066
PC(16:0/18:3)	0.493700897174521	0.289330838010661	0.189013818848517	0.768855761965499
LPE(22:5)	0.955317388521175	0.899531148479193	0.280424759230875	0.680329627897797
TAG54:6FA20:5	0.215879558918059	0.366675317134679	0.325357039428009	0.752153761033779
TAG56:7FA22:6	0.356727072406399	0.52758808690609	0.289802220108413	0.745601290722703
TAG51:4FA16:1	0.771865626830783	0.525659411811321	0.255527813319695	0.744483848618498
TAG52:5FA20:5	0.669911517449114	0.846957954771243	0.288790627132846	0.692676041206245
SM(20:0)	0.104225818763891	0.495154304293184	0.213853972165358	0.749623032381805
TAG55:5FA20:4	0.509686483672475	0.459360120858161	0.253494325433648	0.668788485667189
TAG58:6FA20:4	0.977553710952722	0.741247567121845	0.273886376740537	0.668575190924917
PE(O18:0/20:4)	0.729529631908764	0.56020744804568	0.294659513904035	0.668339712797826
DAG(18:2/18:3)	0.312779803435038	0.159412326007323	0.266276501567566	0.687738003208512
TAG48:4FA18:3	0.29389532076437	0.297727922466346	0.295799394458788	0.72311363957876
TAG52:0FA16:0	0.731609173261082	0.552301062574651	0.255751771196149	0.678630532535132
TAG58:9FA22:5	0.140309427112904	0.358533159826437	0.304087594546114	0.710679147772671
TAG58:9FA22:6	0.115480048467953	0.353240881862098	0.303917895329955	0.769905703315201
PE(P18:1/16:0)	0.463213802357691	0.964457173426376	0.282871567692083	0.695578718169148
DAG(14:0/18:2)	0.709841788619145	0.473455914898881	0.277944734004955	0.679298454342407
TAG54:0FA18:0	0.671764641598223	0.876905579644081	0.278276109269925	0.679838539829919
TAG56:2FA16:0	0.300181663104283	0.230069302331436	0.246395303161439	0.678547545060296
TAG56:8FA22:5	0.291303431564555	0.41660608615474	0.284456901165661	0.731297551568759
PC(16:0/20:2)	0.992652425559575	0.565378479731409	0.381629633739787	0.624816340064215
PC(15:0/18:1)	0.497427761289208	0.171240822872472	0.552311249259501	0.478115641483218
TAG56:7FA18:2	0.404323630760319	0.615182714423094	0.281518265589688	0.705304260265986
LPE(18:1)	0.865789052311761	0.939577851150385	0.282660181891637	0.680664380316471
TAG50:2FA16:1	0.267739381074132	0.950369294158307	0.283610724604316	0.684801997738964
PC(17:0/18:1)	0.784927608941802	0.0335748666548977	0.524830647149373	0.384583070184656
DAG(16:0/18:1)	0.676506964506527	0.667973478464795	0.276900457273456	0.681472504908264
LPC(22:5)	0.174967364470502	0.468476056592132	0.278305623545164	0.639514938390347
TAG46:0FA18:0	0.530877998510942	0.836521244581504	0.275856044940549	0.678915685882409
PE(18:0/20:5)	0.524122653795497	0.95606053248935	0.281587892801586	0.683139173607881
LPE(22:4)	0.494761362256748	0.490459926987612	0.276041961943852	0.786969451144487
TAG46:1FA18:1	0.902876009881586	0.58103964298875	0.264885017878176	0.665133926911602
TAG58:10FA20:4	0.45230210281278	0.430500739042014	0.278895969284423	0.665533242967856
DAG(14:0/16:1)	0.168989889671922	0.20561213099629	0.26785054098263	0.687880471178864
SM(24:0)	0.452237642809378	0.228312652467819	0.417880542191909	0.629250139050716
TAG53:6FA18:2	0.559022290496172	0.319585035946472	0.274302625726603	0.704604047987737
HCER(18:0)	0.135073701208718	0.168876183694387	0.145715761165888	0.864070273011803
LPC(20:3)	0.953790562414938	0.803674784587074	0.282435629417476	0.66507447369171
TAG53:5FA18:2	0.281046879778016	0.440473165615527	0.289337532960343	0.677487824439391
TAG50:1FA18:0	0.365948154045624	0.347015139966789	0.252863230339139	0.673921189489111
TAG52:5FA20:3	0.656314939279016	0.979395232750631	0.282671878942639	0.685365107150746
PE(P16:0/22:5)	0.899332144998122	0.993921868474168	0.291678323803011	0.686909374506815
TAG44:0FA12:0	0.546900437050893	0.915970487667794	0.280124946014882	0.682657065192073
TAG55:6FA18:1	0.351590992430352	0.51788061384936	0.305768158373732	0.706092049787701
PC(20:0/18:2)	0.412420531001243	0.919436954836256	0.331230859868396	0.678402906139377
PE(P18:0/18:1)	0.746545785487945	0.356259611882045	0.382428518717995	0.587774932682349
MAG(18:2)	0.523064139977254	0.627065316321756	0.269914454793296	0.651363435414722
TAG52:5FA18:2	0.157795238154688	0.116919880395571	0.234518228027582	0.728565642434563
SM(16:0)	0.807345704162276	0.509360873405682	0.42100107773048	0.591495724500011
TAG49:1FA18:1	0.236547059360145	0.145365046955444	0.240409457464891	0.654802615824654
FFA(14:0)	0.589644846718849	0.748959367193229	0.273736640463561	0.72026297035296
TAG56:4FA20:4	0.972490411202919	0.955084068684999	0.282208836208348	0.683719743511193
TAG46:2FA18:2	0.549660529394189	0.909407977349545	0.280105366979002	0.683309413895781
FFA(16:0)	0.593567781090725	0.811568173091165	0.276014728497668	0.69594902643837
TAG52:5FA22:5	0.847140032649672	0.651113929337114	0.287990932684098	0.686696003591253
PE(P18:1/20:3)	0.254452587642486	0.273803311588055	0.386931998080888	0.622151658974128
TAG56:8FA18:3	0.435178641403061	0.193599486788557	0.273775293279372	0.718060167167806
TAG46:3FA16:1	0.799595023698736	0.802798235947378	0.279786433728548	0.700448577474582
TAG50:1FA18:1	0.43803283438839	0.676354120714392	0.273167998731271	0.69144836508242
TAG44:0FA16:0	0.615787450537553	0.866868555546723	0.277247263239979	0.681656726769509
CE(22:5)	0.972330818722941	0.687311653168421	0.347471888942627	0.667009983392142
TAG49:2FA16:1	0.267139600895497	0.666668087276056	0.284823308646717	0.667667413834469
TAG53:4FA18:1	0.950150527041634	0.702728811004959	0.278591239566095	0.66264426380728
TAG52:3FA20:3	0.343431789223732	0.648771996933572	0.272325209627812	0.694607530044599
TAG49:1FA17:0	0.251321900802708	0.22468047233744	0.252977416215839	0.670356362395911
TAG56:7FA18:1	0.224093533821	0.28617391854304	0.304284893200078	0.769347117239084
TAG50:2FA18:0	0.632488792688126	0.392503966662599	0.267541568646087	0.677548118130684
TAG44:2FA16:0	0.765058876931009	0.434669873003815	0.244810590027362	0.70990988806622
TAG44:3FA18:2	0.838004236486226	0.650307035090976	0.263255710532435	0.707175179881616
TAG47:0FA15:0	0.480563164296857	0.560012183422938	0.260704920238369	0.689303010724827
TAG54:7FA16:1	0.866883399786098	0.564759343974638	0.279962718499028	0.73006427311224
TAG52:3FA20:2	0.617845885677532	0.874183331968687	0.284222018998716	0.678901205321751
TAG52:5FA16:1	0.236778696341675	0.14249120099225	0.233877554419759	0.774355446727283
TAG51:2FA15:0	0.636240798189435	0.48474404295962	0.267288433011856	0.647629378072202
TAG54:7FA20:4	0.738854951207622	0.440882599538601	0.29473654255914	0.68363759624305
PE(P18:1/18:2)	0.831828991568797	0.574473164385548	0.375200979611553	0.629503328238852
TAG52:1FA16:1	0.335282719761991	0.41048322774999	0.273669928539215	0.657596528559311
TAG47:1FA15:0	0.31358026313544	0.304607857286905	0.254355495569558	0.659815079951718
TAG50:5FA14:0	0.226093495547978	0.334339743572962	0.277642605579614	0.695498011207458
TAG55:1FA16:0	0.267259873138991	0.450748538629827	0.29294432077024	0.745527457604536
TAG56:3FA18:0	0.951098743159704	0.825696328618734	0.28119467704574	0.672035513246324
TAG50:2FA14:0	0.804832461540806	0.688769986623739	0.279201263629171	0.662286648338038
TAG56:2FA18:1	0.8669696432813	0.83352441654089	0.275910492323811	0.681070030338459
TAG51:3FA18:2	0.77423605151274	0.828082219484215	0.283738708272397	0.677229388347224
PC(16:0/16:1)	0.0968525150022537	0.130615158644225	0.44550304060532	0.584275450547361
TAG51:1FA16:0	0.262982042871908	0.257530412490385	0.247976858307632	0.689148841462521
TAG52:3FA18:1	0.752973750448051	0.413742378397897	0.272516077722198	0.725385659985263
TAG56:4FA18:1	0.399984616285483	0.53095218521233	0.282882917859291	0.732801085084499
TAG54:4FA20:1	0.351457779772098	0.341100662728992	0.258338064580594	0.749999954765898
TAG56:7FA18:0	0.146341613952648	0.520978944017495	0.303831314309235	0.734373241804093
TAG54:4FA18:3	0.111872447373089	0.149490488162063	0.268745134201316	0.702322798650073
TAG56:7FA20:3	0.652866551566507	0.874960745858056	0.282338855338082	0.686489097066168
PE(18:0/18:1)	0.432254008189483	0.582840452032735	0.308575419142247	0.680903019695906
TAG50:4FA14:1	0.766105665553133	0.840848326212652	0.284268893440795	0.680332520311748
TAG47:2FA18:2	0.668038723690165	0.298006724835085	0.2576911606854	0.671121613313835
TAG50:5FA18:1	0.509004656044868	0.278262951224888	0.278404948482178	0.74358836973369
TAG53:4FA18:0	0.996290313351869	0.587590907248476	0.27132159459867	0.698851015815958
PC(16:0/20:3)	0.0782724179520736	0.0925215411762452	0.532375420904384	0.588258215004821
TAG56:6FA18:2	0.491293199036818	0.780094171058394	0.283633979443916	0.691327443661244
PC(14:0/20:4)	0.48198721928431	0.172071780356709	0.384091427261012	0.69270564695426
PC(18:1/22:5)	0.503336660845325	0.621211783327563	0.242862318658176	0.689675249962799
LCER(24:1)	0.849981636281923	0.993716906205036	0.289747348783066	0.686676096378618
DAG(15:0/18:1)	0.457523496341878	0.275031464285288	0.280068890372529	0.71133334112588
TAG45:1FA16:0	0.301372170187618	0.273637689277727	0.247851941986292	0.669134231406217
TAG56:4FA20:3	0.968183385288907	0.854951072772479	0.280514127732967	0.67492425790275
TAG60:10FA22:6	0.464208899978404	0.898900486788584	0.284233379929917	0.698450884828745
TAG54:5FA22:1	0.0834218455108598	0.166750591451121	0.263809654512541	0.660119803887328
PE(16:0/22:6)	0.842667570663368	0.510087159823429	0.226471427686556	0.868526603047155
LPE(18:2)	0.219463950146182	0.209883459842324	0.232802416474453	0.53247042076431
TAG54:6FA20:4	0.743704570722527	0.598624431481941	0.303399764355555	0.677348730014011
TAG54:2FA18:1	0.52939273861901	0.650640013978599	0.297226498560286	0.699800311531964
TAG56:8FA16:1	0.309775436781523	0.457651740942723	0.274740117232632	0.752727458122862
TAG58:9FA20:4	0.290417675853789	0.376242356847579	0.256984859752821	0.694072877595222
PE(16:0/18:1)	0.108358216566452	0.323974992211568	0.346410369138433	0.637926558687005
DAG(16:1/16:1)	0.583399453401534	0.58064379564451	0.281348247795057	0.710431695358889
PC(18:1/22:6)	0.821649104818991	0.499680735276765	0.36532527530791	0.592974594738558
TAG52:4FA20:2	0.652493994267892	0.598562159025854	0.26840474778941	0.731186343317148
TAG42:0FA16:0	0.66426767248339	0.799106572962789	0.272990727296242	0.679968987634092
TAG52:2FA20:1	0.424701650652991	0.425869315707779	0.27399745051563	0.652714801618534
TAG52:4FA16:1	0.375600359012708	0.176590249814368	0.233563437730105	0.795453166871832
TAG58:8FA22:5	0.174723116415143	0.380883898005215	0.302841645034441	0.721190710089771
TAG56:8FA16:0	0.308898898483928	0.538947991960416	0.291199678602068	0.730545830789776
FFA(20:2)	0.31826423114238	0.572309095502595	0.311165134467589	0.726822376250947
TAG46:3FA18:1	0.968748531765802	0.368858834231368	0.235438372187414	0.713703718349215
TAG50:4FA20:4	0.446202918339811	0.612312684317368	0.263981236912694	0.690791312872901
TAG53:2FA17:0	0.676997808091839	0.434574614087639	0.275332858168402	0.642853421537643
PE(18:1/18:2)	0.944789715794725	0.59025603714998	0.347172404621019	0.671136951322327
TAG51:1FA17:0	0.232514608746554	0.210680916173747	0.247890956736421	0.678993524661857
TAG54:2FA20:2	0.877650720435876	0.928439296675626	0.281053335209347	0.682431963694856
TAG56:6FA18:1	0.621920123540327	0.793650625244259	0.287537065505672	0.701605365083067
FFA(22:1)	0.391494341918911	0.861223007078257	0.279233404581498	0.676691128314997
LPC(16:1)	0.364017475007219	0.90660231658853	0.283188284764096	0.688242518750156
PC(14:0/20:3)	0.114035091964913	0.243314819533119	0.441818783674187	0.639747436036355
TAG48:3FA12:0	0.386538236968602	0.820622060514915	0.286541242156846	0.695068669109134
TAG54:6FA16:0	0.759882669651993	0.427322146676974	0.312378236483725	0.706841547883761
TAG46:0FA14:0	0.607416879667407	0.599197000532106	0.26258977159121	0.685834270140618
FFA(22:5)	0.667966594421711	0.814739078428071	0.277150222821039	0.673307964780537
TAG56:2FA20:1	0.745627010881117	0.920743442141738	0.280200047711313	0.68277957243311
TAG58:5FA18:1	0.982057041015994	0.987963376850306	0.282821316766633	0.687151125153403
TAG50:4FA20:3	0.61119355247638	0.698262183684418	0.274988008565273	0.669658047835112
TAG52:1FA20:0	0.137742568714198	0.0392378139188021	0.249680678882893	0.60336739779926
PE(O18:0/22:5)	0.994287807343962	0.575466302604962	0.326926525362164	0.665167532127658
TAG53:7FA18:3	0.302243152871665	0.653833291363282	0.294865804269282	0.685066430683255
TAG50:3FA18:0	0.86026115376138	0.511565683831085	0.273797515876254	0.688497108959577
TAG46:3FA18:3	0.298079986330483	0.737185693104978	0.293794277595604	0.691697575260998
TAG54:7FA18:1	0.0554265539715435	0.119554240506082	0.283073158579933	0.727555152816571
TAG55:4FA18:2	0.475958908535526	0.998138918490535	0.282197099886406	0.686494445830502
PE(P18:0/22:6)	0.747648780292757	0.70580562794277	0.257901747516833	0.805521833531965
FFA(18:1)	0.793460680879598	0.489668267234377	0.260789311029185	0.734126208012076
TAG50:5FA20:4	0.55524962323685	0.821686354251186	0.275560847929096	0.681639175000559
TAG53:3FA18:1	0.91955560602809	0.967733807951144	0.283169993716779	0.684622080098668
TAG50:5FA16:1	0.785029981775013	0.0535746879604295	0.202784156400314	0.848629299474522
TAG50:4FA16:1	0.840854933646618	0.110900154967616	0.206218790669223	0.812856058286315
TAG52:4FA20:4	0.433642799957494	0.863277027251302	0.277457980463659	0.692334101022571
PC(18:1/20:5)	0.202275699038424	0.895644470753911	0.278704582122385	0.706021966872312
DAG(18:2/20:4)	0.550920877149587	0.712449121719379	0.281799644139569	0.693150541158556
TAG54:7FA18:2	0.0413567993595228	0.230614986142409	0.26470785900629	0.628327288998801
TAG56:7FA22:4	0.733315928108424	0.461265143835258	0.300664286293297	0.687186640519887
DAG(18:2/22:6)	0.306477310402931	0.718312292965283	0.283814295479602	0.714671376808939
TAG49:2FA15:0	0.412003499148209	0.456430692718501	0.275571756180569	0.679269955895534
TAG46:3FA12:0	0.425469901568938	0.769074829215686	0.284536307959038	0.698924805713998
TAG47:0FA16:0	0.542316628689421	0.580954264977057	0.261619170356816	0.688032539429123
PC(18:2/18:2)	0.39647064845835	0.923818579141187	0.318767327061528	0.685159304630779
PC(18:2/20:3)	0.484965675486677	0.371732820325824	0.47901147812052	0.657238536436266
CE(15:0)	0.950040637153715	0.126928502488898	0.429754979646461	0.55647153065368
TAG54:1FA16:0	0.333951767707408	0.0987402724211312	0.220393979369924	0.65515979462127
TAG49:2FA17:0	0.304108884243475	0.22325358558179	0.273097248881266	0.657867030132897
TAG54:8FA18:3	0.0264974991983553	0.107965559264886	0.260787480273481	0.590947154560974
DAG(16:1/18:0)	0.14444449734679	0.332883630475234	0.276095984925988	0.670102389196441
PC(16:0/18:0)	0.61123183505808	0.441779625663359	0.447730490645654	0.615045811326887
TAG54:5FA18:3	0.0263783497807427	0.0238742397781979	0.249499914199351	0.740858485664362
LPE(20:3)	0.631717195770209	0.873890625180354	0.298859466475866	0.692079895727355
TAG55:1FA18:1	0.128981646594448	0.439956841887588	0.315661520212023	0.741168204662455
TAG55:2FA18:2	0.137037322017381	0.385856434326223	0.297665946442023	0.729842654674865
PC(18:0/20:4)	0.693424786629491	0.964736002886263	0.283228204208094	0.685998456774666
TAG54:5FA20:3	0.920262666317469	0.772650857395965	0.287875968267195	0.692658172085784
TAG56:3FA20:1	0.319515806796956	0.515377286793424	0.303373034007704	0.712259250454619
TAG48:3FA14:1	0.245024519475151	0.688469637323572	0.283887516735797	0.677409120363445
TAG56:8FA20:5	0.0835812736552176	0.316030305929238	0.312484071693597	0.754285506684141
DAG(14:0/16:0)	0.506462443851019	0.272217408522701	0.245170976564379	0.683723386404913
SM(26:0)	0.875022234614576	0.378827323038933	0.409354719629681	0.626848231644095
TAG51:4FA18:2	0.611418828528947	0.768947279404943	0.279433423899522	0.693814228096047
TAG56:7FA16:0	0.247677954924077	0.413488782094026	0.286358996202219	0.753663604309559
TAG48:4FA18:2	0.187404419388332	0.486204767555663	0.289360858366576	0.690818420176253
TAG50:5FA18:3	0.35862516985498	0.227087465628577	0.258845684019566	0.71423766160147
TAG53:0FA16:0	0.295712216044567	0.338184404856241	0.322345878613288	0.740964599922039
TAG44:1FA16:1	0.475631060472249	0.387532615742713	0.268806582873371	0.651016205143198
TAG60:11FA22:6	0.393831646882794	0.902970596743952	0.283495590494436	0.700113162972518
LPC(20:0)	0.0541539440269364	0.13681961688584	0.209693934970741	0.649815510225541
TAG52:4FA14:0	0.560470669353253	0.471981094252917	0.272075165295267	0.655414095474368
TAG53:6FA18:1	0.817256247454721	0.744347576345857	0.261301578142461	0.690807902878927
PI(18:1/18:2)	0.929956194572314	0.687034563922926	0.34433257503703	0.729685515736688
TAG52:4FA18:0	0.716214557524971	0.379905177153997	0.26355709079753	0.738275872362081
PE(18:1/20:3)	0.294155233641415	0.82297410453869	0.327521607252995	0.66544276411814
MAG(16:1)	0.554596461008481	0.783841116744377	0.289906597009548	0.67349312898819
SM(22:0)	0.855051924966283	0.644809964821276	0.390416392357395	0.658012603871099
TAG55:8FA20:4	0.715195242033325	0.184889889598812	0.31839746027225	0.622984962410971
TAG58:6FA18:1	0.755507200365142	0.794132463361434	0.287028547234817	0.703022797684156
TAG56:5FA16:0	0.717235364947143	0.999215503983773	0.283879269749221	0.686020536191144
DAG(18:2/20:5)	0.232386480772387	0.690079625748846	0.28370108516368	0.707143588062064
TAG58:2FA18:1	0.947564162072694	0.983741758314489	0.281691134359648	0.685382364851471
CE(22:0)	0.893113668572291	0.079790877978246	0.448335914503959	0.501636202735896
TAG54:5FA22:4	0.333225758341119	0.78360125757947	0.272741081467015	0.69456077202319
TAG58:3FA18:1	0.916380628067388	0.913739572168108	0.279556512387305	0.683832869340327
TAG56:3FA20:2	0.705008929077819	0.788687002078708	0.284091606567406	0.710242486489149
TAG52:2FA18:2	0.915009587174747	0.78266572755672	0.28444168189885	0.689569388910819
TAG53:4FA16:0	0.914360330740148	0.910372868278226	0.280862860797418	0.688089471159414
LCER(22:1)	0.445331308072066	0.537669713192365	0.369461271516713	0.690921267556455
LPC(20:4)	0.192021063794386	0.0934223618240065	0.524020400061632	0.456997001354941
TAG48:2FA12:0	0.516821707189895	0.970438268804329	0.283811566970484	0.688218920507205
TAG58:7FA22:4	0.795554219814967	0.672069384266642	0.298410310462	0.685267222615013
PC(18:0/18:0)	0.571003264205562	0.695549200456272	0.354550579072499	0.658776867570625
CE(18:3)	0.900689264227791	0.482442176478139	0.399937439896913	0.661838966043358
TAG51:4FA20:4	0.256342338342452	0.337501158875788	0.248775554936833	0.687280203892481
TAG56:4FA20:2	0.46676929977421	0.615616474035153	0.274257932723206	0.733956675339524
DAG(15:0/18:2)	0.431347738375986	0.603754999976724	0.307971997146045	0.70961098538706
TAG46:1FA16:0	0.944324344120025	0.622285348181043	0.267477130632357	0.67216255169157
DAG(16:0/16:0)	0.488354427889461	0.551513657877849	0.271569627050725	0.695323030564668
TAG54:5FA18:2	0.0946772046952086	0.188529563011434	0.264491306542873	0.650787517241082
TAG42:1FA12:0	0.423966117134586	0.950062910553318	0.285914953973661	0.688865021680523
DAG(18:1/20:2)	0.669000033581145	0.342292847951457	0.297257578169062	0.606804208756509
TAG52:7FA16:0	0.785789170515547	0.676841675966099	0.266388502477833	0.687558688305818
TAG55:5FA18:1	0.596281696663921	0.899720574323184	0.284307612071145	0.687168930430564
TAG52:2FA20:0	0.75610184232915	0.520248134123679	0.274524873603966	0.66717070400337
TAG46:1FA14:0	0.384287560945248	0.389424902212544	0.259904585592676	0.664011136029641
DAG(16:1/20:2)	0.179414531601224	0.171052488828188	0.342497399679641	0.634930089056583
TAG53:5FA18:1	0.543900874739051	0.538274603784002	0.284343779492908	0.680471556874397
CER(18:0)	0.495114870829767	0.743519159223223	0.315274770106459	0.659394733145669
CE(24:1)	0.477091958198559	0.576020477357188	0.306842453615883	0.671467065360716
PC(18:2/20:4)	0.924894753517057	0.849097628070754	0.309520526778032	0.703228124134653
PC(16:0/16:0)	0.962748763426394	0.41414807597337	0.445803544568915	0.589392520102926
TAG50:6FA20:4	0.844114461978825	0.930833394739887	0.285649155759469	0.688128666070366
TAG52:2FA18:0	0.908866181823438	0.884786036901289	0.283719418703603	0.686288491112735
TAG55:2FA18:1	0.38205354532892	0.988443343815474	0.2834266618983	0.685615903639539
CER(24:1)	0.728141272277119	0.696424224207629	0.321812362923481	0.626614271416419
PE(18:0/18:2)	0.901288332044358	0.935027630188422	0.28730473811462	0.693898477700735
TAG52:0FA18:0	0.838382148410618	0.716320826127521	0.265252636446081	0.681792538587475
TAG50:4FA14:0	0.410299147138015	0.592732452115159	0.276081670622407	0.701172919760077
TAG52:2FA20:2	0.471152769380159	0.728808603805971	0.27823516194853	0.685517825419091
TAG58:6FA18:0	0.405505916357833	0.272072511636937	0.284046591333653	0.778223736794659
TAG55:6FA20:4	0.447406592064531	0.48295986307632	0.266927630820139	0.679472892110341
PE(P18:0/22:4)	0.889580024383142	0.617471793058324	0.265157849131921	0.677865458274633
TAG51:2FA18:1	0.443937259313955	0.493525506041947	0.27238522165675	0.648326963800873
TAG50:2FA18:2	0.745066670178788	0.988327252564168	0.282647871981333	0.685805701000355
TAG53:3FA18:2	0.982355943173009	0.713719398918371	0.285469804086386	0.671246572478366
CER(24:0)	0.551975681961364	0.0314914290583909	0.360072796767384	0.394272852760246
DCER(22:1)	0.99757532126831	0.861410931549905	0.283045944384229	0.685658054604333
TAG46:2FA12:0	0.56609439462691	0.990310360677987	0.282622143483434	0.685799607589774
SM(22:1)	0.885696668035241	0.892277969632785	0.352412230034914	0.674505115058146
TAG48:1FA16:0	0.27191825688795	0.398766460630325	0.262513822388224	0.689100199860986
TAG56:3FA18:2	0.928695117400881	0.861842582285546	0.279779819789287	0.68523075266174
DAG(18:2/22:5)	0.662997091220822	0.995940773475186	0.28252238986402	0.685946128942049
TAG57:9FA22:6	0.879450385121095	0.914871491963589	0.279792006066683	0.687931441997091
PC(18:1/18:1)	0.925628961307242	0.646565969054874	0.371702134297776	0.656627848342116
TAG52:4FA22:4	0.542616374017636	0.559641337125446	0.257025381388989	0.705051352008417
PI(16:0/20:3)	0.416828085991355	0.329960635619754	0.447401518478516	0.642474932074029
TAG50:2FA20:2	0.470786967168182	0.436780169033611	0.26778624374422	0.667007263824216
TAG58:10FA22:6	0.11840882528253	0.406201340713242	0.297815328438473	0.749328915441349
TAG54:4FA22:1	0.165279215131745	0.142745047775681	0.278185741540179	0.71697408192719
TAG42:0FA14:0	0.554671029469488	0.956058515032264	0.28180488562665	0.683954458060838
TAG47:0FA17:0	0.594319906129862	0.437291837613513	0.252520584887372	0.684085881032334
TAG48:2FA16:1	0.238785897395423	0.835318763854915	0.285084794547623	0.681050202436917
TAG54:3FA20:2	0.819349446807541	0.881079095938179	0.284812368680821	0.69582782623416
TAG42:1FA16:1	0.671743038005888	0.496248121209906	0.260230714741476	0.671498106772692
FFA(18:4)	0.309790769840397	0.28134552076615	0.379993267917184	0.672012827855022
DAG(16:0/22:6)	0.99648500445648	0.996259099888652	0.283595739530508	0.68768131060462
SM(14:0)	0.748024317953265	0.812899771599164	0.331475045107037	0.654244732992339
TAG47:1FA16:1	0.275963381364411	0.501772244253425	0.276470291398239	0.675610749338766
TAG51:4FA15:0	0.576919764026536	0.91119922083652	0.283040685044476	0.689545896801437
TAG47:2FA16:1	0.244402306334107	0.631941910054196	0.285722400636816	0.664433758655981
PC(16:0/22:6)	0.458212007759011	0.750769579257153	0.26541667655813	0.754534853560594
LPC(17:0)	0.184597956998154	0.287821258816417	0.235996919486502	0.734087592651315
TAG55:3FA18:1	0.561669575822353	0.892873864316646	0.278721401388125	0.6866279068036
TAG46:3FA18:2	0.884563725132918	0.619031825216808	0.269006837547586	0.684224274131864
TAG53:1FA17:0	0.418761837214606	0.195864364997263	0.239355817427539	0.662013673618834
HCER(24:0)	0.533853681091368	0.617762899847358	0.250218948168003	0.751896414514495
TAG53:6FA20:4	0.543652149647346	0.914783719252774	0.286158323914643	0.688860997640851
TAG54:3FA18:2	0.421870466930662	0.49898099756804	0.284518169769091	0.70052964275057
TAG48:5FA18:3	0.0915396508067223	0.282868067717443	0.296489457847392	0.678999566176814
TAG50:2FA14:1	0.198962057711177	0.126102428799304	0.241592869141349	0.652298844771855
TAG52:4FA22:1	0.327600337800195	0.160937042968232	0.252003997930986	0.751169243965316
TAG52:1FA16:0	0.727501879899995	0.779906450378458	0.273889278186936	0.682627751208623
TAG54:4FA16:1	0.63129114829303	0.561188384352604	0.263865369276877	0.741749644523026
TAG48:4FA12:0	0.160859216383886	0.483652930661206	0.291946880386661	0.69763596062492
TAG58:7FA16:0	0.758780734818341	0.439748187813085	0.266294188629758	0.705595449006766
TAG51:2FA16:0	0.295728750801182	0.501197762741812	0.27820545497731	0.672957770253661
TAG56:6FA18:3	0.238628164834595	0.435155853843638	0.266179272931022	0.712768044266151
LCER(16:0)	0.620435171978022	0.599709292327494	0.323014666556969	0.720027506217513
TAG52:6FA18:2	0.122121989375365	0.0500192822389959	0.239404205168425	0.777966746712085
DCER(22:2)	0.724956938173061	0.599347858504909	0.319209199505833	0.614620363513459
DAG(18:0/18:3)	0.827797034126995	0.914621241915545	0.281519609176074	0.687160032873766
TAG48:2FA18:2	0.789400002026899	0.610242978328485	0.275589675269076	0.681193219029588
LPC(20:1)	0.236120651658852	0.0839298593082746	0.208937613898468	0.693319633713652
TAG54:8FA20:5	0.178632686125451	0.358669553465709	0.306540083346235	0.748815792341207
FFA(22:0)	0.971581927078472	0.871230830936031	0.287229347579523	0.686525189785068
TAG53:1FA18:1	0.823207937869748	0.414172007948627	0.248565409054916	0.674939665574661
TAG55:6FA20:3	0.679565022926546	0.698434893454508	0.300623576965427	0.680806950075614
TAG51:4FA18:3	0.8046658804924	0.424306176698996	0.282237526025195	0.709769890182456
TAG58:10FA22:5	0.11119608294918	0.36839355654823	0.30718479921183	0.717681912188032
CE(20:0)	0.19064560362574	0.9351991692078	0.287254832997883	0.687934239276628
FFA(14:1)	0.722871044276425	0.962208025894466	0.290128420327717	0.686257979457118
TAG48:1FA16:1	0.253740417477869	0.707886955082273	0.278083169717843	0.69345582693919
TAG53:2FA18:0	0.469723747457863	0.288092660873483	0.263763674670031	0.676438863030144
TAG54:6FA18:2	0.0801818014386754	0.259867093447671	0.263061873325388	0.625503657788557
FFA(12:0)	0.510415996692611	0.906066996762539	0.280924719888688	0.701559614332788
TAG51:1FA18:0	0.264479734826506	0.119804205645732	0.227876487010571	0.666639442827454
DAG(18:1/22:6)	0.493075733462337	0.933104516512009	0.282625536709637	0.696815338381571
DAG(18:1/20:3)	0.518057961235961	0.471857513555488	0.271449611524778	0.66658047826728
CE(20:3)	0.130348322274045	0.0529653511096883	0.559268732757429	0.692379086471365
TAG36:0FA12:0	0.342544400477962	0.646335868802306	0.279982198661734	0.707840031786016
TAG53:2FA18:2	0.921108034505499	0.518440047526382	0.272387630416463	0.687440689373476
TAG53:1FA16:0	0.67158623391634	0.853016323864766	0.27591143554297	0.68761293404796
DAG(16:0/18:3)	0.873823118047927	0.430892180703727	0.277680435759622	0.672140424712592
PC(18:2/22:6)	0.634407818262271	0.286672407144032	0.398209453931456	0.579579135828135
PC(16:0/20:5)	0.204069481669786	0.967886815212589	0.282283568633308	0.695615134370929
TAG47:2FA14:0	0.542236760314912	0.340783485174278	0.264075925899748	0.661981230565811
PE(18:0/22:6)	0.680903683091596	0.908266260782671	0.286130358895836	0.722942659338179
HCER(24:1)	0.45892421711126	0.380618478640461	0.225009322740392	0.747735417917397
PI(18:0/16:0)	0.76607413346046	0.606172039335334	0.248270453466956	0.641141286329332
TAG53:4FA18:2	0.716712133192601	0.958119957752171	0.282049474413874	0.687729892811151
TAG54:5FA16:1	0.908820007271753	0.711390315922718	0.277705960175731	0.70824740304625
PE(16:0/20:4)	0.578877464596643	0.865479034821882	0.277571550233788	0.711771192549756
TAG52:1FA18:0	0.700296693420734	0.704686517989709	0.268437075285947	0.683969919536216
PI(18:1/18:1)	0.330702284497985	0.129915813555511	0.411136392758573	0.832430404811965
TAG54:5FA20:4	0.557913863666134	0.999536376538114	0.285609263676261	0.686154227574793
DAG(18:1/18:2)	0.743702322593386	0.611722003799735	0.268935494095529	0.70945635178783
TAG56:8FA18:2	0.256158996146477	0.493862416003527	0.28924122293401	0.724347561052342
TAG56:8FA18:1	0.130502436134426	0.442128859458998	0.307359131669265	0.742069559571206
TAG46:1FA16:1	0.258234675928258	0.474124650060108	0.27055076573779	0.680973948657455
TAG53:5FA18:3	0.391706270140447	0.231721888647452	0.261031463265104	0.717238579744581
DAG(18:0/18:1)	0.877860769874993	0.912941093650623	0.280559887159596	0.681439061903602
TAG42:1FA14:0	0.70057366622921	0.402478034284306	0.246899606496031	0.662922606996331
DAG(16:0/18:0)	0.283293767210212	0.281432000327264	0.248696740541378	0.685038332914737
TAG46:2FA16:1	0.411013667895044	0.689337976195755	0.283749576125761	0.66819593891886
TAG56:7FA16:1	0.331356134753136	0.218727715386219	0.26611456387314	0.810783213464667
PC(18:0/22:5)	0.411909613356473	0.307932857409655	0.475511971845549	0.596448238448905
TAG47:1FA17:0	0.563160798179253	0.258527226993279	0.254338791004689	0.657120143858613
TAG49:0FA17:0	0.442512711040998	0.524205860412563	0.26086920927773	0.691267937483915
PC(18:0/22:4)	0.219918973121146	0.179434582843041	0.367968704072847	0.855459274588829
TAG54:8FA22:6	0.425899313736107	0.51172903345563	0.288068731848232	0.739562360120662
LCER(20:0)	0.756526196803779	0.94568670970941	0.298136072224112	0.684699506175862
TAG44:1FA14:0	0.919044508307524	0.610854487348984	0.267549081027416	0.664084215434262
TAG50:3FA20:3	0.246947389666976	0.274826318514682	0.246716436127976	0.682307243328071
TAG54:5FA18:0	0.112148718165754	0.225510585925753	0.259148148683267	0.664366397940561
TAG48:1FA14:0	0.388268668560147	0.310658875096338	0.254169521744369	0.66941076534868
TAG40:0FA12:0	0.339584886674807	0.759490303394608	0.291929210287391	0.699309133216848
DAG(16:0/20:4)	0.236943750630085	0.240845680289854	0.266848079795462	0.718472234048036
TAG52:6FA16:1	0.192216324105747	0.0514557045000979	0.219916519804043	0.797863746760761
TAG54:0FA16:0	0.238860854092517	0.0226675938142142	0.198615055951151	0.619253462158042
CE(22:1)	0.43192450115766	0.68320260518783	0.251008441481366	0.721388351181898
DAG(16:0/20:3)	0.202274878257949	0.203952762138928	0.27737195158944	0.689460223639555
TAG52:4FA20:3	0.374533458516429	0.799764456676769	0.278039823752954	0.682850903357802
TAG51:3FA16:1	0.452180270866716	0.943911506879982	0.28205613162788	0.69260008630413
TAG52:3FA20:0	0.636649763584703	0.449501332254023	0.28045997127267	0.704552077270306
TAG47:1FA18:1	0.369541157819547	0.188531742447563	0.242293461807599	0.644785494166744
TAG53:3FA17:0	0.982570511720062	0.7848769567807	0.286018137611231	0.67109333459004
TAG54:7FA20:5	0.179120359059715	0.330865439069833	0.316537839938989	0.752260510218479
TAG56:6FA20:5	0.193566713506616	0.720610396170921	0.296417554868771	0.720573971015724
TAG50:0FA18:0	0.611737480922189	0.653475448756765	0.263499602499245	0.690165984895255
TAG50:4FA18:1	0.689250833536322	0.578387065863868	0.275607321006129	0.71130160227644
PE(18:1/22:5)	0.3420700937205	0.871576389090646	0.318175841189367	0.669634724755986
TAG46:2FA18:1	0.674098817184838	0.335796641125944	0.245462301885234	0.660003684468479
TAG47:1FA14:0	0.331886193963624	0.249685640698921	0.24708838058379	0.653838956076464
PC(18:0/18:1)	0.415634074157056	0.277247650277973	0.494972153875016	0.593979509732603
TAG50:0FA16:0	0.533069159789898	0.63480246331252	0.263495820656716	0.695663769679657
TAG54:6FA22:6	0.8527480487178	0.916600576750851	0.284004125707623	0.694283766202984
TAG56:7FA20:4	0.816496378577833	0.874971035862421	0.288340973442032	0.681270064857605
TAG52:4FA16:0	0.360217603829187	0.3156788627388	0.267517639279097	0.694161252023616
TAG42:1FA16:0	0.621885713120032	0.419619568766407	0.243215055853299	0.695570040825489
LPC(22:6)	0.0892058985505167	0.106942583785728	0.310766099198108	0.804184347164033
PI(18:0/20:2)	0.409410093154943	0.728931784024692	0.376921382544071	0.636244872890094
TAG52:2FA18:1	0.807446146704128	0.813141638679747	0.285301314305572	0.698080523557001
TAG52:3FA16:1	0.721886004832409	0.288930242252619	0.251440004144285	0.775647377302962
TAG51:3FA18:3	0.957836754660063	0.837385064465818	0.282509056353201	0.686221409795813
TAG52:7FA18:1	0.85806089378462	0.887703701864571	0.279186247874008	0.682380424804131
DAG(18:1/22:5)	0.621350238511736	0.716518444440532	0.28172434080384	0.710189956663422
TAG56:5FA20:2	0.226295018840413	0.510077325666066	0.264300787146363	0.748954832071269
TAG46:1FA18:0	0.659619040306348	0.198129055243804	0.22019423172729	0.674829786595117
TAG56:5FA20:4	0.612571736019923	0.886602414317173	0.288371574341574	0.692503169067626
TAG56:2FA20:0	0.707225583565898	0.943113595833965	0.285415310810211	0.687574073539217
DAG(18:0/18:2)	0.954301745423454	0.891764297613322	0.284455892353668	0.684491448737409
DAG(16:0/20:5)	0.840531667246043	0.294532470151393	0.268587407829004	0.656345608118637
PC(18:1/20:3)	0.113348025405916	0.115442439345492	0.609081816755664	0.626753443435953
DAG(14:1/16:0)	0.600488490805846	0.44278962641829	0.264344440540571	0.736046708679305
TAG48:5FA18:2	0.104460269943945	0.375732161189332	0.295546991117574	0.676383416231499
TAG54:3FA18:0	0.370384638521423	0.409619048566098	0.282894396766925	0.706235069543417
TAG49:3FA16:0	0.742032577048718	0.861915834564895	0.281873337542453	0.687608932727819
TAG49:3FA16:1	0.561640976626265	0.799000449868569	0.276408271325863	0.704031427818831
FFA(20:0)	0.51888308635765	0.585523722177632	0.262880439319198	0.724550177258097
PE(P18:1/18:1)	0.743685519085365	0.113054928448696	0.483321874825361	0.54360159822724
TAG54:8FA20:4	0.563949115987289	0.501628435984741	0.286087577109759	0.696608923350818
CE(14:1)	0.125998010422577	0.0289342504922746	0.442695999601415	0.640485583399385
SM(20:1)	0.451049296541696	0.319903919602537	0.155957088856509	0.832918757622989
TAG51:0FA16:0	0.722970957545575	0.567638470604768	0.258961811111182	0.690374043688078
DCER(16:0)	0.0386094502294468	0.0571405997744781	0.413853380809305	0.605904875450832
TAG56:6FA18:0	0.379615265080469	0.716214896010273	0.289142880189926	0.705771491291184
TAG48:4FA18:1	0.179565229031245	0.474774549869026	0.300283222618696	0.703167144963357
TAG50:1FA16:0	0.413627744845335	0.666409634845947	0.272021171545236	0.695603807986012
TAG52:5FA14:0	0.523472671024566	0.588443062888845	0.269030373253218	0.672444914828937
PE(P16:0/18:2)	0.449090333868491	0.865294478261582	0.31411616002828	0.6679175330593
PE(P18:0/20:5)	0.450666586514286	0.452488699651995	0.300462713705885	0.589703735351983
CE(18:0)	0.360032725408924	0.248527831276693	0.413658049972321	0.655005574695664
PI(18:0/20:4)	0.858023147581169	0.883026175514999	0.279703403325189	0.693052601489207
TAG49:1FA14:0	0.335428210112138	0.172319531072633	0.245160852780862	0.648486379830868
PE(O16:0/20:4)	0.76194751798761	0.625687505538667	0.29488244217305	0.678083100249653
TAG53:3FA18:0	0.632528590912665	0.679256240624693	0.290344843947965	0.678457468653966
TAG56:5FA20:3	0.874888826082422	0.85988015061494	0.285027831230575	0.695132278173962
TAG48:0FA14:0	0.558792714323132	0.397120872165554	0.249396577267596	0.671848352251209
FFA(17:0)	0.167985624384587	0.404313865124731	0.323529019008578	0.682395183452886
TAG50:5FA20:5	0.970125562043602	0.637451954238882	0.264377064534049	0.669745351440085
PC(16:0/14:0)	0.122468271360358	0.0350456509393315	0.535255751397054	0.46312127938178
TAG48:2FA18:0	0.365977461800499	0.887973416474208	0.287849708389362	0.688945664658386
TAG50:5FA18:2	0.417337539173502	0.540468000456134	0.273935261656246	0.683852598152065
TAG52:7FA20:5	0.448643854033564	0.886080250059673	0.287914113985647	0.694671373069228
TAG48:1FA18:0	0.681621991055271	0.766773199628079	0.272464686752146	0.676153577384446
TAG56:6FA22:4	0.813436996525011	0.82104326671797	0.294139421116502	0.678412062424427
TAG52:2FA16:1	0.669433444307331	0.811157830817649	0.2789450676081	0.702073244809716
TAG49:0FA15:0	0.296643275092677	0.192060772795477	0.233749337893057	0.679510667317342
TAG46:1FA12:0	0.751046622982191	0.742027360313312	0.273158838835035	0.673668942722675
TAG51:3FA15:0	0.93169280154217	0.932784067455595	0.28216028624342	0.682440293706013
TAG54:7FA18:3	0.0349567626531031	0.163815361163071	0.26065462131401	0.615345961285517
TAG57:2FA18:1	0.122685669221301	0.387135163798025	0.310118351325278	0.760921501104728
PC(16:0/20:1)	0.260313244638051	0.409391134901361	0.316547130842577	0.635526636583043
TAG38:0FA12:0	0.401283293196567	0.669854500425776	0.281057072376886	0.706277806661357
TAG49:0FA18:0	0.417505985351705	0.254981144012193	0.237176681676845	0.67306226561225
TAG51:2FA16:1	0.268473576338913	0.630675752938706	0.288511971912726	0.659489330945402
TAG54:3FA18:1	0.234969724374002	0.223999965489626	0.307976466073954	0.739110751109255
TAG54:3FA20:3	0.473480358885	0.757376568412044	0.272710061720517	0.681292362814713
TAG58:7FA18:0	0.317547635249525	0.596883685090122	0.288193183080717	0.734071890397808
DCER(24:1)	0.24713301055055	0.259031995757806	0.3819666478051	0.564320439047159
DAG(16:1/18:1)	0.698210627940816	0.898135419576069	0.280331242352701	0.69369858495239
LPE(20:1)	0.524790981591976	0.651726428868286	0.286799019275917	0.70062721289394
DAG(14:0/14:0)	0.425485832111827	0.232227985311825	0.240245512295453	0.647892464225452
TAG48:2FA14:1	0.130251249596768	0.336762956916362	0.265105788035629	0.671321688211002
TAG56:9FA18:3	0.277931618756727	0.166958318111547	0.288154961126681	0.741883082048323
PE(18:0/18:0)	0.635270513441706	0.778568862079927	0.317612471309484	0.647162071906331
TAG50:3FA16:1	0.683156207707392	0.44620778076465	0.25666387171215	0.723264228979475
TAG51:1FA18:1	0.285285908527347	0.245135197935001	0.249048814051762	0.669074368977907
TAG52:1FA18:1	0.760764066957308	0.876261904461358	0.278464206747299	0.682976903006678
PI(18:0/18:2)	0.812200875067524	0.725884959923658	0.355855975893344	0.706651916051295
TAG49:1FA15:0	0.263417028467541	0.209564153740839	0.244225232975253	0.674646452590732
PE(P18:1/20:4)	0.690549294287081	0.768559215835591	0.276072307778928	0.685829752258619
TAG51:0FA17:0	0.361602877531037	0.304612552281803	0.245203313448297	0.68707447408706
TAG48:3FA16:0	0.551698552726163	0.857734463915277	0.281475684751537	0.684253657087736
CE(12:0)	0.370674997407182	0.351906410574436	0.379912504340541	0.617634518997316
TAG53:1FA18:0	0.428906986396618	0.172136528239477	0.230775052281086	0.682312579109317
CE(18:1)	0.856603303282723	0.375504879439053	0.390723561874031	0.637866132622944
PE(P18:0/20:4)	0.664151688189713	0.548606210941741	0.265062681938713	0.719668500783534
TAG54:3FA18:3	0.860132180864632	0.316674122872946	0.274550442214998	0.651442751380274
TAG54:4FA18:1	0.12421101897658	0.123443131730418	0.286702235719306	0.720356370396842
TAG58:8FA20:4	0.388032362065986	0.448507608570202	0.250113694626404	0.698836955712307
PE(18:0/22:4)	0.597352298922438	0.861035349092753	0.280101412046909	0.684371409129947
TAG44:2FA18:1	0.779403649029673	0.346473740836899	0.23059631253694	0.692958904546663
PE(16:0/20:3)	0.0287494892745609	0.0725458694317653	0.544729867397683	0.512545869761974
TAG46:2FA14:0	0.67486926395076	0.487175705040912	0.271033294994587	0.664912877053309
PE(18:2/16:1)	0.391930222527112	0.767580853858677	0.320422771295661	0.653638060465771
TAG56:4FA16:0	0.477973430493318	0.7143963554912	0.272024177435127	0.684435624734638
DAG(18:1/20:4)	0.402970277577635	0.515799794611562	0.267387356582678	0.692559780458944
TAG52:3FA18:0	0.795924591802993	0.501341387063905	0.268655232936679	0.706704994125149
TAG58:10FA20:5	0.523305261881953	0.708949915882541	0.278713975166335	0.660621382449806
PC(18:0/18:3)	0.862113005870406	0.738976589829705	0.259966671858502	0.708056776495126
TAG55:7FA18:1	0.916277726451869	0.489880030285312	0.254562105482229	0.664391124946697
TAG60:11FA22:5	0.556242399689864	0.958176951115169	0.282848373923025	0.683913178037298
DAG(18:2/20:3)	0.491172961775713	0.408993684305476	0.282467775290423	0.669517323557585
TAG40:0FA16:0	0.364051660898168	0.821887012593877	0.294305616137016	0.693466750307037
TAG54:5FA16:0	0.734622078127365	0.91684173414573	0.287401428744187	0.687081970880584
TAG58:6FA22:4	0.86693632350967	0.650238887339255	0.305575428084953	0.687639571344786
TAG56:4FA18:2	0.307625625128318	0.499765179989377	0.283701783761194	0.700283445594202
PE(O16:0/22:5)	0.99094972932702	0.426481211100071	0.356959356927814	0.640822401639025
PE(O18:0/22:6)	0.431029657432402	0.895044018451777	0.278892496221255	0.713965690041263
SM(18:1)	0.974152432959612	0.831205851132641	0.278870256557868	0.712837616508386
TAG51:5FA18:3	0.336494339487092	0.190714473211724	0.269188999052345	0.719959681963925
TAG54:6FA22:5	0.866332391337542	0.755396138410887	0.288530163972364	0.693779408830978
TAG56:4FA18:0	0.963188860031782	0.859904648137497	0.283625681593854	0.699932718475936
TAG51:3FA18:1	0.991303591518957	0.858076838638146	0.283056368969075	0.675273890139299
LPC(18:0)	0.176386006032328	0.0230871444286868	0.105556911829998	0.697501033705907
FFA(20:5)	0.986742366480767	0.574207392683376	0.284395251482342	0.671373687084321
TAG54:6FA18:1	0.0251636354766817	0.0702652960794298	0.259143458638843	0.693838971937838
TAG52:6FA18:1	0.184137110743223	0.120908709097874	0.300415166575062	0.809999806744695
PC(18:2/20:2)	0.044070872526073	0.0679439319438074	0.113403951753364	0.898468111830711
PC(16:0/22:5)	0.493283155025979	0.841362930699187	0.274677401857225	0.715872574881712
TAG45:1FA15:0	0.474063763528562	0.309454039033817	0.25860096233973	0.655304991017828
TAG50:3FA18:3	0.887832423739312	0.508536679109564	0.28357566459898	0.666170425084587
TAG48:1FA12:0	0.513807228417402	0.930099910722038	0.280564098353939	0.682881023801928
TAG52:6FA20:5	0.79542214680557	0.923617009439473	0.287213877019976	0.691178136684298
TAG53:5FA20:4	0.320304872794621	0.621819771969557	0.268476366608791	0.680339596207988
CE(20:4)	0.488231303402301	0.999127958150233	0.283746126942836	0.686550790286941
CER(22:1)	0.162003325142959	0.536659055309961	0.389107250959316	0.609245579510641
MAG(18:0)	0.283089781004494	0.0343597921347843	0.254511047462207	0.802623275901449
TAG48:3FA18:3	0.889015472689939	0.888565422464809	0.285021436090164	0.685576966792794
FFA(18:0)	0.442949959249771	0.883262876898085	0.282075248882557	0.686990028446192
TAG52:4FA18:2	0.326469343599313	0.247479495440766	0.25471026762423	0.711699958256783
TAG42:1FA18:1	0.460537193827878	0.957510129099041	0.282741753101566	0.684563535342904
TAG60:10FA22:5	0.482287970066422	0.930886898945249	0.285478838979756	0.689554117969194
DCER(26:0)	0.624802992298652	0.404399574731478	0.287160814458182	0.713322217172238
LCER(18:0)	0.869469978069467	0.697378018421799	0.254156510127843	0.714872729051305
TAG42:0FA12:0	0.37880438348248	0.898444227862841	0.286019288110018	0.692420865014431
TAG51:3FA17:0	0.529416758921362	0.939211421737828	0.287093741255027	0.682598072704229
TAG52:6FA16:0	0.282651647172773	0.0532283673753912	0.283874706693691	0.710105167141004
CE(22:4)	0.624707502545362	0.385085122545978	0.342228017064763	0.717918389664483
TAG48:4FA14:1	0.498081862936041	0.625190770279288	0.269478250427944	0.71173246894288
TAG50:3FA18:1	0.986558917404394	0.905498951747854	0.281303623884493	0.693741287622216
TAG53:4FA17:0	0.680835070740008	0.961766140184258	0.284035360590826	0.684762983972153
PC(16:0/20:4)	0.486959428509888	0.948217936981554	0.282384821651767	0.685297048941891
TAG44:1FA18:1	0.929573243213902	0.481265514824563	0.251603031541611	0.669544263332598
TAG48:0FA16:0	0.594378729265517	0.832684078637765	0.275684909108784	0.693958237722744
DAG(16:1/20:4)	0.238697869406493	0.576211972183857	0.278829678366874	0.691567665280866
PC(17:0/18:2)	0.432166531709642	0.584423354908172	0.414100060259694	0.614706341802678
TAG54:4FA18:2	0.13901635612226	0.167725583820278	0.27462512475818	0.705497693726951
TAG50:0FA14:0	0.659840301935745	0.21550270494492	0.227225835886267	0.648119270924915
TAG58:7FA20:4	0.691205914821654	0.555392175737755	0.265964851208078	0.668021213541969
TAG52:4FA18:3	0.311153847672675	0.0849771507177625	0.278295838444773	0.711457511712258
FFA(16:1)	0.823112450531838	0.462662279437995	0.243950367728433	0.752368600893977
TAG51:3FA16:0	0.607849141266392	0.803131413057398	0.282724997746641	0.683320213144194
TAG50:4FA18:3	0.776030930136625	0.220476949700157	0.26240826661412	0.72506354634184
TAG54:4FA20:3	0.636028268621071	0.859694490059041	0.277614488577258	0.682047075350029
PE(O18:0/18:2)	0.680732257673656	0.955150098536318	0.310931865943843	0.683170099306033
PC(18:1/20:2)	0.628514490059353	0.968368587670595	0.313846238984068	0.684717703074934
TAG49:2FA18:1	0.384327372159179	0.497417791573941	0.279140023453263	0.646844929232414
PC(18:1/20:4)	0.788394402454909	0.705163353120194	0.303012319813321	0.697896305834031
TAG47:0FA14:0	0.582340650924647	0.471889150255916	0.25677541320246	0.673429651296673
TAG52:8FA18:2	0.965342254113462	0.941692121455156	0.281898606230553	0.68521641495589
FFA(22:6)	0.729990400862269	0.983793280939503	0.282892763268437	0.686697340916237
TAG47:2FA15:0	0.52411658257133	0.416831278865562	0.269617522931975	0.662198996055864
TAG48:2FA18:1	0.951188974894176	0.839940502888797	0.278237748676937	0.675968550894111
TAG55:4FA18:1	0.495547839340391	0.859947445290572	0.288610141366998	0.681961772717419
TAG52:3FA14:0	0.835545804068602	0.57290142269027	0.282899436319755	0.649870595977246
TAG46:2FA16:0	0.599183494603486	0.976013834139545	0.28238575681256	0.68530941741709
TAG54:4FA20:2	0.631744486733955	0.748192208667585	0.278093693919082	0.712313982513824
TAG48:4FA20:4	0.937148236995707	0.751566328593055	0.271893347506518	0.675987971510517
TAG56:3FA18:1	0.439711070713584	0.618640143374009	0.295079009727067	0.705836847556556
TAG54:7FA22:6	0.888852814757511	0.698764081287609	0.280841529263798	0.721341858512594
TAG49:3FA18:2	0.539948145339301	0.759294044108497	0.288382260848691	0.672186956245063
TAG52:3FA16:0	0.673994676501665	0.424737757423834	0.276848803275636	0.715514521210969
TAG54:8FA18:2	0.0494356785109543	0.153428203237578	0.274192029107315	0.66382239810307
TAG54:6FA18:3	0.035704911193438	0.0922639564434094	0.250860777710834	0.669889760742025
TAG56:8FA22:6	0.287426295785249	0.551353086249193	0.28948640742123	0.735327109273113
TAG58:8FA18:1	0.0899043228662629	0.266847318882095	0.317338658920137	0.788706975424542
TAG55:7FA22:6	0.64419880310683	0.978015511149161	0.283692692712227	0.692646966454947
DAG(14:0/18:3)	0.698224589438199	0.883197208837243	0.281189504504877	0.690187440590863
PC(16:0/22:4)	0.688033460154755	0.515855414170694	0.315809801473339	0.724207897640663
TAG56:9FA20:4	0.85904971506893	0.571932993274191	0.28691473199099	0.678838378799847
TAG57:8FA22:6	0.286270688718829	0.613764334757298	0.285899681886514	0.727715593062974
TAG56:2FA18:0	0.995668021667534	0.819995282979437	0.275900546984814	0.679864640188635
PC(17:0/20:4)	0.224022046510626	0.710457659960792	0.288378723598134	0.669960163221182
LPC(20:2)	0.139222163123	0.0582085607881832	0.188337084937687	0.620446309094672
TAG45:1FA18:1	0.549302893204371	0.267457749207113	0.242522228081274	0.659288005898286
TAG52:5FA20:4	0.304634991303548	0.867008137421392	0.277802730596239	0.689657023024755
PE(18:1/18:1)	0.472955427906314	0.433970825963274	0.291668604076803	0.692831344320674
PE(P18:1/22:6)	0.798676088637109	0.716769326017212	0.260176978282287	0.776383950740242
PI(16:0/20:4)	0.263097199871924	0.634173161362981	0.357807331208025	0.690665550682464
TAG49:3FA15:0	0.707499769146126	0.893891749238356	0.280845547284851	0.692096913491648
TAG51:2FA18:0	0.654219907820413	0.442061662125827	0.264618967607648	0.687003516937736
LPE(20:4)	0.929947043644739	0.739098352091174	0.280912294403327	0.645939082842492
TAG44:2FA12:0	0.539496688185545	0.847108560361895	0.278203303448606	0.680016283351471
TAG56:1FA16:0	0.355499536221941	0.255419018858713	0.239786732531479	0.665426636313428
MAG(15:0)	0.257560277879529	0.76903487646002	0.289559207489054	0.689231034278668
DAG(16:0/18:2)	0.933333024234029	0.812479748414044	0.279649591204362	0.683563631336257
HCER(20:0)	0.0540058082045381	0.111773023541247	0.160270524891419	0.827968285733102
LCER(24:0)	0.876365641362948	0.868661664306065	0.304296198981947	0.67968979576994
TAG49:0FA16:0	0.419826873508561	0.433915750590229	0.254234064104309	0.69372149456411
TAG50:3FA18:2	0.857406630427911	0.726139500233877	0.275263600802438	0.702229895807001
TAG55:7FA20:4	0.804910354188232	0.549801622374511	0.305550543387539	0.658520612589267
HCER(22:0)	0.332533215978857	0.472652774626194	0.234310496680889	0.741129027570071
TAG58:7FA22:5	0.201440595442916	0.352373926084525	0.312707055320285	0.745436049792348
FFA(22:2)	0.887907314666442	0.682127660785476	0.290510489583193	0.710933836822142
TAG44:1FA12:0	0.921067429845702	0.583631107484275	0.26933801213656	0.660591261702252
TAG46:0FA12:0	0.528505920141117	0.901632956242911	0.279490189562958	0.681613856604907
TAG52:6FA14:0	0.858841888186761	0.970070383164312	0.28426616970713	0.688238098312363
TAG51:2FA17:0	0.384339624952831	0.518615957407352	0.284743633171626	0.676211666747277
TAG56:3FA20:0	0.585007392899439	0.836961015388759	0.286351113900535	0.685800599522268
PE(P16:0/20:3)	0.185386551546004	0.14593720946051	0.435100111312446	0.528100859124944
PI(18:1/20:4)	0.229247035620287	0.736998600631399	0.328601124149959	0.699858323111346
DAG(12:0/18:2)	0.440804408168774	0.785906998402303	0.287924934902561	0.687320258059114
TAG52:2FA16:0	0.926869239030653	0.743267494632636	0.285313846201367	0.69937679191344
TAG52:3FA20:1	0.981874070194719	0.800401533954876	0.283882807270714	0.672583676202138
PE(P16:0/22:6)	0.348660916882741	0.237425599725043	0.197630754954354	0.957419991525043
TAG56:5FA22:4	0.589068849165535	0.976170863128994	0.283714203356319	0.687245072140728
TAG56:9FA22:6	0.257048970783614	0.484768197188933	0.28672700367793	0.739570714741837
TAG55:7FA20:3	0.600821683192198	0.870248070319564	0.290886944174163	0.684627788390513
TAG50:5FA16:0	0.939625916656996	0.288135505192171	0.297794344284422	0.724723478142092
TAG56:3FA16:0	0.518538918217304	0.42493155772384	0.269813821134319	0.670234454444678
MAG(18:1)	0.459334664276736	0.989743178181376	0.283163282293463	0.687583785748318
PC(18:1/18:2)	0.732812096180209	0.625944495819864	0.419100055508796	0.660831510674808
TAG56:6FA22:5	0.404077657826413	0.521720663456072	0.296883800332548	0.719610882793371
TAG57:3FA18:2	0.119494179856078	0.424556878828185	0.297888927888254	0.73708126368568
LCER(18:1)	0.882642920650871	0.543076304529057	0.305151450362279	0.671985717832467
TAG52:8FA16:1	0.307066983308751	0.413491432844989	0.273462996976274	0.667059876291787
TAG58:8FA22:6	0.145602638859005	0.356042284874372	0.305820612028227	0.774034160408674
TAG50:3FA16:0	0.755581286620123	0.489976107265519	0.264287116186304	0.699563924310395
FFA(24:1)	0.339552546969716	0.565887226727326	0.266975507173314	0.691752934547058
TAG55:7FA15:0	0.613885704274185	0.797069850439146	0.284776460852404	0.662067533086114
DAG(16:1/18:3)	0.595211940865942	0.750982843643388	0.279310845588554	0.690477291766572
CER(20:0)	0.768963163741425	0.945234368116898	0.285847209839409	0.700626073265922
PC(18:2/20:5)	0.368141278628306	0.72605405966089	0.299724372421276	0.654500642128302
TAG52:5FA18:3	0.193401977057093	0.0459584737098514	0.246220163738195	0.685558582005462
TAG51:0FA18:0	0.461622693718755	0.285921500467742	0.236523948483315	0.686445125169243
TAG55:3FA18:2	0.374925375419006	0.986350464193898	0.282824338490869	0.686511750458917
TAG42:2FA18:2	0.306997752250843	0.87076774467227	0.292504222579423	0.688684562645936
PC(14:0/18:2)	0.660367145011382	0.452460538355328	0.468928719516371	0.599894678082297
TAG50:3FA14:0	0.85927157254686	0.996417270709139	0.282857584451454	0.686627023315252
TAG54:5FA20:2	0.394179033458673	0.451140645630269	0.260634508386522	0.744409533188508
FFA(20:3)	0.926246404216302	0.865018228888286	0.282179514981454	0.697491778599514
TAG56:6FA16:0	0.435544118049018	0.45009758526746	0.290642580227628	0.72457043722005
PI(16:0/18:1)	0.18972739604691	0.119180003771352	0.443255103692175	0.790794145527922
TAG52:3FA18:3	0.472367202845723	0.266786254307125	0.284818054784204	0.683661221544815
TAG58:10FA18:2	0.158334901213205	0.455038002740095	0.296801767044169	0.733228098973457
LPC(16:0)	0.0499310527532054	0.0105468563747728	0.156249287076736	0.659664244721244
TAG44:2FA16:1	0.438442324910028	0.487088575717525	0.272280639950216	0.66726666973965
TAG56:10FA18:2	0.370743486187291	0.981711392025362	0.28383708357452	0.685500298700847
TAG56:5FA18:0	0.582464744154478	0.774574523338494	0.288128912528277	0.702438473110965
DAG(14:0/20:0)	0.0250245235180039	0.000226387640758886	0.639536091356884	0.544593477573622
TAG52:1FA20:1	0.398145095402117	0.377330937996919	0.251025691460741	0.688857112260068
CE(14:0)	0.465567943447352	0.0604577318977873	0.557162011897345	0.510828214762708
DAG(18:1/22:4)	0.918274276578058	0.706209409491083	0.275400508281121	0.676261293405065
PC(18:0/20:3)	0.0199635435514484	0.0256701353359913	0.737662333369986	0.558500583312142
TAG54:2FA18:0	0.609387755198607	0.736335771339749	0.292539292595326	0.694960473272117
TAG56:7FA22:5	0.339059322591354	0.499022140921758	0.288004804270758	0.713080000857654
PE(18:0/20:3)	0.168975871194394	0.347020950786399	0.439148519225708	0.590467354102131
TAG51:1FA15:0	0.350729245764516	0.133001292338504	0.22255237511972	0.656300193477903
TAG58:7FA18:1	0.12097379909803	0.133575088393985	0.308522618897077	0.830995699610091
PI(18:0/20:3)	0.246314694104685	0.218404300111228	0.585383026472653	0.532142861736049
TAG51:4FA18:1	0.575245613553566	0.391539571295383	0.275227139693716	0.70983843898961
TAG52:6FA18:3	0.119316653549018	0.0339342744011138	0.215979505299992	0.725493241409272
TAG44:2FA14:0	0.463420404082808	0.936204090038885	0.28104094983289	0.683689347281683
TAG50:5FA14:1	0.981767353845327	0.924637069927948	0.283567078295277	0.686467863937452
TAG54:2FA18:2	0.80548199274821	0.96498877976275	0.282794440027897	0.686521888790811
TAG48:2FA16:0	0.429191015144066	0.587847330086673	0.276377016727329	0.682677638401082
TAG56:6FA20:2	0.19978624133656	0.553153245734331	0.265323597747573	0.724720484886078
TAG56:5FA18:2	0.252687221928659	0.505884063392282	0.269516358333792	0.722002423932147
CER(16:0)	0.359016822087144	0.377481908004903	0.387107267655506	0.55142687900346
PC(18:2/18:3)	0.645560339114492	0.789462697080977	0.267242215412501	0.692945757111645
TAG49:2FA18:2	0.45959734345153	0.315854022597318	0.268714726170798	0.682998620535617
TAG54:3FA20:1	0.745099502690418	0.8742732993492	0.283171983331252	0.695073581844221
TAG44:0FA18:0	0.790021588736765	0.774911780526834	0.28400415542819	0.68599293203574
TAG54:1FA18:0	0.727766674316245	0.97621935160611	0.282603348078998	0.685193026858773
FFA(20:1)	0.470743915565884	0.668256504539826	0.293507036686708	0.718722785000534
TAG48:4FA14:0	0.911530482069039	0.549138721396926	0.271945256286952	0.724889124540016
TAG48:3FA16:1	0.528322548779053	0.819057468254563	0.276182601800477	0.702427953655589
TAG49:3FA18:3	0.916358441169454	0.823101392132357	0.285026363471874	0.684494953018445
SM(18:0)	0.709177050028337	0.738110643206913	0.259404289186094	0.726985591111657
PE(P18:0/18:2)	0.628371379177442	0.851909267087748	0.330753992072474	0.664200602670404
TAG53:2FA16:0	0.838523298974424	0.57221230250039	0.262998208199098	0.69598941923092
PC(18:1/18:3)	0.997851073229033	0.629197764250546	0.242435790752212	0.721745294927966
TAG53:4FA20:4	0.321028479227089	0.408572242198815	0.255639755934486	0.687602261738967
TAG46:3FA16:0	0.486808835903801	0.853620256848211	0.289184799434925	0.687454958946005
LPC(18:1)	0.186349809555225	0.0900952735360104	0.232820811765232	0.598165967028776
TAG50:2FA18:1	0.439624596505567	0.789939541410879	0.283341826377526	0.674445589092427
PI(18:0/18:1)	0.238613441720363	0.0940528197927673	0.443170515348398	0.852957405102292
TAG48:1FA18:1	0.471290608904622	0.372277912114062	0.256604375354568	0.66701106745006
TAG54:4FA18:0	0.172013805727514	0.301538492969454	0.265400879439526	0.683131915264619
TAG54:6FA16:1	0.559475597902481	0.851604448446557	0.281725560341245	0.695866619424027
TAG56:6FA20:4	0.9286091488941	0.97755701543582	0.285861263925076	0.686340783654879
PC(20:0/20:4)	0.281821160309311	0.560301688696159	0.270336834240741	0.70772725693296
TAG54:1FA20:0	0.362649392134266	0.152757213942078	0.232917447775191	0.647962042036395
TAG44:2FA18:2	0.599743422218019	0.698510073942243	0.268414826301832	0.685155775232338
PC(18:0/20:5)	0.374634875592757	0.94224287118461	0.286657896351401	0.681354525598737
TAG58:7FA22:6	0.323531281544925	0.594493228053891	0.28998985266768	0.74192435343847
TAG52:3FA22:1	0.496016973824945	0.377003683252626	0.273723984278209	0.721495910797099
CE(16:1)	0.153681189597389	0.0747368875811488	0.570365362355412	0.603842706803101
TAG54:2FA20:1	0.946429382310886	0.872549667920724	0.27795920068279	0.680123935317404
TAG44:1FA16:0	0.47949816995462	0.253405197287776	0.233122955372736	0.674597396870894
DAG(16:0/16:1)	0.457355400523981	0.748519639741315	0.281945068864353	0.678656325230431
TAG46:3FA14:1	0.294412236523304	0.451417088427643	0.275469346044478	0.662062445453375
TAG52:6FA20:4	0.387352516345353	0.926225610924374	0.280869872009174	0.686487003161667
CE(16:0)	0.650561927401537	0.755697518942372	0.330845715348425	0.669620150795675
PE(P18:0/20:3)	0.446189977816455	0.561115403874357	0.3634922601165	0.605530667223248
DAG(12:0/16:0)	0.523620556803263	0.795453295274236	0.269754330611093	0.697876266133691
TAG45:0FA14:0	0.683289003143734	0.643056438516556	0.265157577689796	0.677983502608539
FFA(18:2)	0.247688313973939	0.19970835205217	0.223578497832746	0.735005789075744
LPE(16:0)	0.289657928350039	0.022881801616399	0.15121447651715	0.798400998251858
CE(20:1)	0.303281560238518	0.834227820754377	0.272721496081606	0.680019879583976
DCER(22:0)	0.19779729752241	0.0702981534765237	0.382795316840005	0.590284712347269
PC(14:0/18:1)	0.240758658267207	0.233475985589897	0.483549406870399	0.541234052723943
PE(18:1/22:6)	0.63528212347948	0.373496119099008	0.204283995398174	0.920468067707151
TAG48:4FA16:0	0.819480249760876	0.639742385142623	0.285484148539325	0.696839303111615
TAG54:2FA16:0	0.84304783031327	0.742119071318256	0.272417415842274	0.674687361864798
TAG58:9FA18:2	0.0984632656743299	0.336748256979552	0.298135296896046	0.755640444851844
TAG52:5FA16:0	0.191655470855998	0.108017065196675	0.264680985784595	0.666094893239343
FFA(15:0)	0.636208632390223	0.960538824813343	0.286104341578817	0.690432046048253
TAG52:5FA18:1	0.216069266782589	0.0519851782014292	0.229833881610452	0.841405389946938
TAG54:5FA18:1	0.0573187416870252	0.105396924688851	0.267585178755355	0.681066076272878
FFA(24:0)	0.445452999232751	0.585516980356805	0.258397187822667	0.818221564715462
TAG54:5FA22:5	0.665714728718804	0.944775318973008	0.281419540414401	0.686319965707302
TAG58:8FA18:2	0.142859815027955	0.247147996623748	0.293245779428878	0.763010272304996
TAG44:0FA14:0	0.959459202884772	0.675228514047817	0.267125040770768	0.673332369029575
PE(P16:0/18:1)	0.962387910556427	0.502356316792379	0.350809040654606	0.60898532537435
CER(22:0)	0.308237108668497	0.0879202471408167	0.422879849947172	0.479886330976715
TAG52:4FA18:1	0.298177874795349	0.106389986432981	0.232991414953342	0.791697880094024
TAG58:8FA20:3	0.478280997833457	0.399114186021365	0.261937485720485	0.666076182129382
PE(18:0/22:5)	0.918449455219888	0.327890529046407	0.20621454395473	0.818997176134336
TAG47:2FA18:1	0.38372515494513	0.246374562168773	0.25180622764153	0.637165165904336
CE(22:2)	0.318341917250356	0.856836110532523	0.28963141792542	0.681548224976062
TAG55:5FA18:2	0.57257726713589	0.918701778879695	0.283018789900929	0.692534948682689
TAG52:2FA14:0	0.553500698858157	0.187864080114744	0.254901722943337	0.625940943305929
FFA(22:4)	0.313191238480677	0.435638305556046	0.26258858238222	0.749814514047164
TAG54:1FA18:1	0.826076106990557	0.857798852447257	0.276845155621325	0.680793903100981
TAG40:0FA14:0	0.566678455653374	0.796722782354688	0.283964910557083	0.698415606647453
DAG(16:0/22:5)	0.838180911287208	0.805662773654072	0.281674650790267	0.691206288231586
DAG(18:0/22:6)	0.553485916604957	0.70238427471705	0.30435369123586	0.684406495974502
TAG47:1FA16:0	0.313732416717555	0.343740363256952	0.254770308432301	0.676908107347355
DAG(18:1/20:5)	0.320032638098768	0.87133663247301	0.28558820585142	0.697756742649846
TAG54:3FA16:1	0.748391443358247	0.69580674862357	0.273802628248918	0.723490934737847
MAG(16:0)	0.558591197624686	0.181151568289116	0.310770459202375	0.765071357386542
PI(16:0/18:2)	0.391039825343368	0.522704844799327	0.384825050262619	0.723531405257224
CE(22:6)	0.452852140244124	0.83382134882342	0.274558740442613	0.724024647020616
TAG46:4FA18:2	0.588370898271699	0.533325193836856	0.261671568508697	0.729677801611861
CE(18:4)	0.979858063756809	0.747370139844247	0.323489607552647	0.666584213388917
TAG54:2FA20:0	0.823765868837353	0.637635707526914	0.275137262744488	0.682716267566543
TAG56:6FA20:3	0.764099932448157	0.865687831299079	0.282950203668982	0.691759992199791
DAG(18:2/22:4)	0.308120171964102	0.754080105342095	0.279438562138428	0.699170186104326
DCER(24:0)	0.207592526749105	0.0686853167298866	0.393495782221406	0.485046989495808
TAG58:6FA16:0	0.652638699507608	0.675481581540078	0.26837565979859	0.724797660275562
PC(16:0/18:2)	0.524628856677827	0.704816040843784	0.404297880777141	0.648877865456058
TAG52:3FA18:2	0.692058602894092	0.468288550146763	0.277030769541298	0.713039798877902
TAG48:0FA18:0	0.946865067880214	0.533164911882	0.256114305810344	0.671034002508844
TAG58:7FA18:2	0.469771604837796	0.58864653379478	0.282429388672895	0.714036904884563
TAG50:1FA16:1	0.267170502148104	0.758910420509584	0.279853530658798	0.683988092550642
LPE(16:1)	0.112688499396913	0.562917073019658	0.307068805897876	0.69329464461479
TAG48:1FA14:1	0.16517379197642	0.218283146387666	0.240199004657388	0.685035986506217
TAG51:2FA18:2	0.488658844610887	0.438846707885431	0.278285071160103	0.683696733101846
TAG50:2FA16:0	0.542615845205202	0.973226115715463	0.282601977243516	0.6857081799733
LCER(14:0)	0.247741112821652	0.0729418851946981	0.457617873670873	0.564033359757015
LPE(22:6)	0.651643515409462	0.594993103987216	0.271935747901357	0.740281522651903
PE(18:1/20:4)	0.543452185153165	0.114434253737977	0.170382143969916	0.876540070922249
TAG54:4FA22:4	0.344728164142856	0.634319997765668	0.26205005950094	0.713327672025558
PE(16:0/18:2)	0.700466505209982	0.947886634860686	0.301159278002517	0.682382070419389
TAG50:4FA18:2	0.481403124629874	0.568216072413084	0.268787629087934	0.707990630858481
HCER(16:0)	0.96549571925529	0.960350378006063	0.28744258842233	0.691682617517409
PE(16:0/22:5)	0.710210261831193	0.781646387979637	0.267706008896126	0.746530040272887
PE(O18:0/18:1)	0.940138592609475	0.994754501619593	0.290099804017732	0.688029775949894
TAG44:1FA14:1	0.293212576983008	0.394158767364905	0.255147038371006	0.674138635981967
TAG56:7FA20:5	0.106815302425711	0.37681076613886	0.319303766333488	0.752668610833032
TAG45:0FA16:0	0.557030236478625	0.44450629364317	0.251345328582053	0.67880552924753
TAG46:0FA16:0	0.787118033333218	0.655799924270353	0.264419761557735	0.685956852306115
SM(24:1)	0.179984184570366	0.32667548702984	0.461533383326514	0.593831621381967
TAG52:7FA22:6	0.577567812502365	0.557356865887956	0.291136170003093	0.726008089595784
CE(20:2)	0.38287412042363	0.129535954268603	0.5521689332228	0.668309812686614
TAG54:5FA20:5	0.469076884328237	0.933868209144125	0.287695357052379	0.692373207879387
TAG45:0FA15:0	0.578171637741723	0.571390206339096	0.262222843367415	0.68033978992326
TAG56:5FA22:5	0.692075018555548	0.692448814931664	0.293210940303425	0.702234572390357
PC(18:0/16:1)	0.127558522574409	0.270091171580658	0.43391590088147	0.622172385776946
TAG49:2FA16:0	0.350136938818484	0.391966759319533	0.273372542563282	0.683292270538638
CE(20:5)	0.259290604655913	0.790897839600088	0.292416508602638	0.657422777204008
HCER(22:1)	0.385017661729505	0.389655171882222	0.204287923067352	0.783941308551376
TAG49:1FA16:0	0.215094468190624	0.235111183502966	0.250366514960079	0.682847014984349
TAG56:5FA18:1	0.633757073613557	0.679051613662832	0.288211283147861	0.707263560033514
TAG53:4FA18:3	0.642232509919304	0.557850154970647	0.28182326181339	0.693295787363097
PC(20:0/18:1)	0.98541922722266	0.859666339686354	0.313626310478074	0.666172881521304
TAG54:1FA20:1	0.763587200762353	0.590961210072899	0.255719756655242	0.677378830202046
DAG(12:0/18:1)	0.522154951502124	0.810644281135333	0.275328528965916	0.679149215032017
PE(P18:0/22:5)	0.615641993091042	0.667278746728699	0.331166182342596	0.644039960483508
