chemID	simpleLRM_Fstatistics	multiLRM(chem_sig)	multiLRM(sex_sig)	multiLRM(age_sig)
TAG52:0FA20:0	0.163569185876781	0.0484318867461238	0.22466447158046	0.654793977618701
TAG58:6FA22:5	0.453212574741797	0.675717040489155	0.285111731657008	0.699410903159192
TAG50:1FA20:1	0.460524391287878	0.201529239260838	0.234103980507982	0.645640800559687
TAG54:6FA20:3	0.733953893336325	0.360082183157598	0.265173958302465	0.712805114161587
CE(24:0)	0.28927055858089	0.791952347995027	0.262575669407223	0.688833605627734
LCER(22:0)	0.705174156994843	0.84188492590969	0.266114548052057	0.680636877346174
TAG48:4FA16:1	0.667918913839728	0.536798422980415	0.256042386804905	0.712389920734717
TAG51:4FA16:0	0.895655628953724	0.809945827222756	0.274141805118177	0.672312552330629
PC(16:0/18:1)	0.790404556183242	0.601451895976124	0.344428176990149	0.617539882472496
TAG50:3FA14:1	0.341355366136934	0.354827763603865	0.269762060060706	0.636678419619768
CE(17:0)	0.909163040665075	0.329360398297687	0.340918258692591	0.618471343638012
TAG56:6FA22:6	0.636838580827146	0.729077746294914	0.276415925596473	0.706958727386085
PC(18:1/16:1)	0.486813066666892	0.938480836440921	0.319375559814702	0.666570846884943
TAG53:3FA16:0	0.887531636757233	0.820963180925134	0.270972165383229	0.673734644374299
TAG54:4FA20:4	0.507284325907106	0.800983260139974	0.265201687229537	0.672676676613618
DAG(14:0/20:4)	0.109889941458495	0.0229654487968053	0.24311466946386	0.602390004837851
CE(18:2)	0.269034766865161	0.407162535709403	0.190024439179138	0.722811784967283
DAG(14:1/18:1)	0.958747402248326	0.913850035411214	0.281865358687364	0.674949581870444
DCER(20:0)	0.249576142695034	0.0729394676781716	0.208606696685405	0.827170229274352
LCER(20:1)	0.425388679274083	0.103126451195625	0.465456095823871	0.5451459784181
TAG54:3FA16:0	0.878186935399607	0.941351709806537	0.275944648681293	0.676819992671919
TAG48:3FA14:0	0.823083234683137	0.905582106710629	0.272708730496719	0.678147435213696
TAG56:1FA18:1	0.454370448139979	0.215878976018039	0.230013412655698	0.633421735626743
TAG58:9FA18:1	0.121169225379586	0.332111848755736	0.298284064798121	0.759387262828984
PE(P18:1/22:4)	0.840917204766904	0.801730292049335	0.264645229852968	0.656658199966855
TAG54:4FA16:0	0.841971187415062	0.982004910024555	0.274663407071052	0.671287449411076
PC(18:2/16:1)	0.866385241082925	0.875469804037034	0.297102418810779	0.702517504570898
DAG(14:0/18:1)	0.689826837923087	0.385315818209489	0.25059387325275	0.641991838193791
TAG46:2FA14:1	0.155003791851961	0.343268305641037	0.259052106539202	0.647426603145066
TAG52:4FA20:0	0.363644857701011	0.306615045855144	0.261917230319321	0.677273509880603
PC(18:0/18:2)	0.959847865323398	0.725630840161597	0.41354451790863	0.636108973308118
PE(P16:0/22:4)	0.577521723171344	0.910299322832013	0.273091038723837	0.671588607049817
TAG50:4FA16:0	0.953468036549975	0.333972514651615	0.260605916752196	0.700177848811248
DAG(18:1/20:1)	0.680040191378914	0.968908995901073	0.274408505497037	0.670385672159812
LPC(15:0)	0.6892594982391	0.0658487677697327	0.153929464271407	0.795427455002777
TAG48:3FA18:2	0.661361418434674	0.889683167306167	0.275302454430514	0.677923347584028
TAG52:6FA22:6	0.796451966405396	0.856019047400199	0.273966379333801	0.661070198625786
TAG56:7FA18:3	0.408423778146861	0.500378840700449	0.270118753270913	0.687108420412118
PC(18:0/22:6)	0.852870042444295	0.937375609357434	0.277592722507831	0.698274676162303
SM(26:1)	0.449935119831664	0.566842518586023	0.345189906163042	0.623454733767517
TAG48:2FA14:0	0.589733705277885	0.623355626771795	0.27098518077844	0.662464436230767
TAG48:3FA18:1	0.403838281473747	0.797675544940666	0.27977605493143	0.681828941059744
DAG(16:1/18:2)	0.70175954116888	0.667474102386957	0.256040692709765	0.695844899071445
TAG53:6FA18:3	0.702196330979726	0.804525698505888	0.288817376599163	0.675997464720948
PC(16:0/12:0)	0.358986693093182	0.870062614961941	0.268751906396027	0.702058351927793
TAG51:5FA18:2	0.330599653909994	0.501227890731526	0.268417127019935	0.680207195941096
PE(P16:0/20:4)	0.806019223292332	0.845042391828091	0.269713435247879	0.686082107382254
TAG49:1FA16:1	0.255629296155259	0.55112249142001	0.267398383225448	0.668196007576899
TAG56:5FA20:1	0.0815097065618709	0.244828976620514	0.270837793542489	0.689548592814537
LPE(18:0)	0.753249435171904	0.200168475895807	0.162741323278775	0.747738139637934
FFA(20:4)	0.789220172371987	0.991178996046433	0.274301807926043	0.672184363705554
TAG46:1FA14:1	0.208926925477499	0.107525256862866	0.155347868143998	0.685556590528982
TAG46:3FA14:0	0.79331586386149	0.678948286355599	0.268799392476525	0.659835448272999
PE(P18:1/22:5)	0.719102018955552	0.367139011606528	0.379476071610053	0.59865387781089
TAG50:1FA14:0	0.580480230409155	0.275865409152272	0.235281460685886	0.634482833145979
TAG56:8FA20:4	0.833211030421412	0.967085655856875	0.275314651278926	0.670845856383353
TAG56:4FA20:1	0.198615937842026	0.361059385927293	0.288511536049234	0.700320734274589
MAG(18:3)	0.472744245235064	0.656246885535949	0.359329784271395	0.640204303164723
PE(18:0/20:4)	0.966925979142321	0.363024280424513	0.212432314853051	0.777485361711247
TAG53:2FA18:1	0.687056323370734	0.492592988205824	0.262651393964737	0.639077215947811
TAG54:7FA22:5	0.61556598016318	0.527357080075941	0.283920218756793	0.698328831540849
TAG60:12FA22:6	0.462730073261557	0.974754513422875	0.274834554934284	0.676446989306318
PC(18:0/20:2)	0.545885479965792	0.335047191382944	0.503807450458732	0.614853466488053
LPC(18:2)	0.0382855443538898	0.0812471487106199	0.262904277853124	0.437355365306617
PC(15:0/18:2)	0.681242660946709	0.31816538212908	0.485884484707004	0.550701131790154
DAG(18:1/18:1)	0.579269378039056	0.601068419984584	0.273529775103654	0.708716498348156
TAG56:4FA22:4	0.436277692992806	0.713376602363935	0.259072051936248	0.684749032702642
TAG56:9FA20:5	0.111330503790093	0.4119270149935	0.294340370254763	0.718067441683674
TAG49:2FA14:0	0.399662411497259	0.328772972198346	0.265436660954531	0.638063806655083
PC(16:0/18:3)	0.488645502060597	0.298064381140413	0.185296905682459	0.749204474551454
LPE(22:5)	0.971500579400979	0.952950602859932	0.274073408581096	0.669392733419311
TAG54:6FA20:5	0.22421469887597	0.409189729851684	0.314758845952362	0.73165129801523
TAG56:7FA22:6	0.35223209953963	0.520391814838399	0.282582396694244	0.732321209697613
TAG51:4FA16:1	0.825948199449351	0.466924915785317	0.244578595700239	0.738236570396335
TAG52:5FA20:5	0.69495703579952	0.916748184516765	0.278479670020081	0.675410194312246
SM(20:0)	0.0918338808160576	0.347297615844512	0.17980163657783	0.757968661813798
TAG55:5FA20:4	0.451116157950461	0.356665226707963	0.243676481125104	0.644165984898331
TAG58:6FA20:4	0.981426453824811	0.781764456625676	0.268433847233269	0.655868872886259
PE(O18:0/20:4)	0.684862791561096	0.759974899497878	0.282192856086897	0.660900817008472
DAG(18:2/18:3)	0.352237863118846	0.235344281909513	0.258868786892784	0.674622290142721
TAG48:4FA18:3	0.328008674165408	0.388173470276325	0.285540324959738	0.702242580881293
TAG52:0FA16:0	0.733485921384817	0.551117991458012	0.247432435049287	0.664631176969119
TAG58:9FA22:5	0.144679001211668	0.328348797055831	0.29278922021754	0.703880510088876
TAG58:9FA22:6	0.110464678820733	0.321995866112862	0.298434476085216	0.761679039708435
PE(P18:1/16:0)	0.581652997626271	0.78610846225033	0.293690466245778	0.642554153622196
DAG(14:0/18:2)	0.713704118056926	0.488895851294846	0.269576280200154	0.665375116068595
TAG54:0FA18:0	0.643648294165315	0.957396417118427	0.2738878397933	0.66986230995726
TAG56:2FA16:0	0.31242157788523	0.245552616559294	0.237696739263631	0.666312753399963
TAG56:8FA22:5	0.278935241302664	0.357710690489974	0.274549379763061	0.727088932280994
PC(16:0/20:2)	0.961825476560029	0.702144850284714	0.343752332092812	0.632594914159622
PC(15:0/18:1)	0.551807814682803	0.305379503575263	0.471660682160034	0.515006046343432
TAG56:7FA18:2	0.406313036090083	0.594792543811686	0.27259825227955	0.693725681729559
LPE(18:1)	0.848489671828749	0.928362789588224	0.275281852895499	0.664714639593761
TAG50:2FA16:1	0.280222693432057	0.920400727167707	0.275711694748612	0.670025803841353
PC(17:0/18:1)	0.842039462183352	0.077391555863296	0.470846415998993	0.412127492649238
DAG(16:0/18:1)	0.697172492464067	0.695840937943986	0.268754783988214	0.668287982687443
LPC(22:5)	0.174807699373583	0.44421211304011	0.270044441013927	0.622274089194901
TAG46:0FA18:0	0.542910786383279	0.826392878823908	0.267404027019535	0.664189981852219
PE(18:0/20:5)	0.548846265904437	0.897189224895139	0.272688192784149	0.662489167902628
LPE(22:4)	0.466141804679811	0.433323569186935	0.267740369507141	0.787198739237368
TAG46:1FA18:1	0.917039716793729	0.56896826167401	0.256084499217064	0.650274984885536
TAG58:10FA20:4	0.366217660664116	0.266128153628772	0.277456914816529	0.636335977373629
DAG(14:0/16:1)	0.162037484329684	0.180746360204475	0.257021256455182	0.677055342742338
SM(24:0)	0.513774018181715	0.399916484301093	0.369889680264033	0.629722709049884
TAG53:6FA18:2	0.59518235348885	0.418847498358837	0.268674723216165	0.685305563224783
HCER(18:0)	0.119560506440357	0.127533209498239	0.131795692585837	0.860458484437848
LPC(20:3)	0.943722008233014	0.824182862878299	0.275319029998427	0.652509705956514
TAG53:5FA18:2	0.274851296209822	0.396277368591234	0.280007197625576	0.665186331467953
TAG50:1FA18:0	0.362638269360838	0.333285404276461	0.243330381586353	0.660018518746513
TAG52:5FA20:3	0.609215801744749	0.844304138176859	0.274919574002027	0.662213374059801
PE(P16:0/22:5)	0.909801224270493	0.937395917206014	0.277722596976465	0.67643454907913
TAG44:0FA12:0	0.551001270852147	0.919176657165021	0.272404038658977	0.668586986534026
TAG55:6FA18:1	0.404559893321401	0.676244090282364	0.289575618175146	0.6850446587055
PC(20:0/18:2)	0.359593025496151	0.817216768588187	0.26638793176527	0.698903856553925
PE(P18:0/18:1)	0.770640366917864	0.434125957191139	0.359136844936939	0.588279651351006
MAG(18:2)	0.489054938253179	0.785629177569095	0.268352981277597	0.65224089512216
TAG52:5FA18:2	0.149420614733469	0.11028512232243	0.228085972127396	0.71315373362764
SM(16:0)	0.898669450431421	0.782865457627114	0.342873243778339	0.636188005443307
TAG49:1FA18:1	0.232826653938068	0.145529642983959	0.232697015495134	0.639490142989146
FFA(14:0)	0.622967048020445	0.826988130323079	0.268655125263386	0.696545373894393
TAG56:4FA20:4	0.969858797013882	0.980804774859555	0.275320533682772	0.671287609775097
TAG46:2FA18:2	0.563986556315692	0.892650574235191	0.271595324431859	0.668560846625354
FFA(16:0)	0.590494831716776	0.791183288242884	0.267330448370209	0.683134770835122
TAG52:5FA22:5	0.90739399738468	0.797594250484665	0.277334354327872	0.672327471155261
PE(P18:1/20:3)	0.211348385705752	0.19338741083096	0.406182525091647	0.59201513334396
TAG56:8FA18:3	0.525947856662302	0.350232710415883	0.264342888862888	0.697761913469963
TAG46:3FA16:1	0.814332233481158	0.854257820119051	0.272716947618656	0.682364384059287
TAG50:1FA18:1	0.444124177957133	0.659028328804454	0.264080061339831	0.678419017916638
TAG44:0FA16:0	0.621949686366766	0.864407449655268	0.269217082188392	0.667384173992376
CE(22:5)	0.947576208796185	0.952064444100624	0.284374431530589	0.676227685447999
TAG49:2FA16:1	0.281191054642467	0.674341428345157	0.276062503128834	0.654422513530887
TAG53:4FA18:1	0.97571636722488	0.662538137093752	0.270138243268784	0.64439494538222
TAG52:3FA20:3	0.320825710794123	0.558067475220011	0.261715752094878	0.682938831847459
TAG49:1FA17:0	0.240201864592974	0.205260617361387	0.243767271931931	0.655215802701642
TAG56:7FA18:1	0.224340819459832	0.291780750725287	0.295595642088165	0.755184518997715
TAG50:2FA18:0	0.613595076468167	0.372190387854206	0.258980465440092	0.662510285765389
TAG44:2FA16:0	0.708894214812903	0.36648893907056	0.232198895379229	0.698377476243667
TAG44:3FA18:2	0.884425248523385	0.594431039898438	0.252326915603585	0.695984751840656
TAG47:0FA15:0	0.46245546687752	0.511070666722273	0.250030049842933	0.675650666193572
TAG54:7FA16:1	0.876648658673082	0.574570480090019	0.271625192068091	0.71587919356784
TAG52:3FA20:2	0.616189630647625	0.843390198713416	0.276442664694768	0.662821297325461
TAG52:5FA16:1	0.216443859064656	0.123471863670439	0.226182128018093	0.763256093332381
TAG51:2FA15:0	0.656815680013485	0.531253876044221	0.260677300421997	0.636933724960471
TAG54:7FA20:4	0.686485039807545	0.584707811922452	0.280602279264364	0.672315375657952
PE(P18:1/18:2)	0.867660896800866	0.542921224523544	0.37398853333085	0.610746272548427
TAG52:1FA16:1	0.353861877199969	0.446045845057104	0.265513110192417	0.645507273335952
TAG47:1FA15:0	0.305096331800578	0.2864111945564	0.245223621401255	0.644352430941123
TAG50:5FA14:0	0.248282390617564	0.397590466312533	0.269794675426246	0.680526986563766
TAG55:1FA16:0	0.262838203617284	0.439175524181442	0.285881389941201	0.73306428327823
TAG56:3FA18:0	0.957367126009353	0.83991835731902	0.273312259346235	0.6588874628492
TAG50:2FA14:0	0.802451571466326	0.676581221304917	0.270716342253662	0.647112975995218
TAG56:2FA18:1	0.83814345176353	0.889447267654684	0.270374644425234	0.668537966592824
TAG51:3FA18:2	0.78735273427725	0.854721926888274	0.275593132243697	0.664278123688708
PC(16:0/16:1)	0.108086927414741	0.16121554652174	0.419657158852187	0.58105587665696
TAG51:1FA16:0	0.25853840961526	0.247174469840589	0.239065567319395	0.675157506343284
TAG52:3FA18:1	0.72822825824581	0.406798212893831	0.2660726753543	0.710367683030656
TAG56:4FA18:1	0.381505722629894	0.488806605276333	0.275721655122541	0.723844496610403
TAG54:4FA20:1	0.336532322279843	0.31968660441299	0.250663889734175	0.738289397300256
TAG56:7FA18:0	0.146739624554376	0.50014226122481	0.29657094123012	0.724079857418201
TAG54:4FA18:3	0.109467445823564	0.146075574340137	0.261467870428794	0.687706713853412
TAG56:7FA20:3	0.696729825315163	0.936680905096782	0.274216317236695	0.672262246639087
PE(18:0/18:1)	0.488008110969944	0.716632392817549	0.291438528242674	0.66884148351405
TAG50:4FA14:1	0.768493588305691	0.844077220228739	0.276299099050493	0.666045012456594
TAG47:2FA18:2	0.640815662753226	0.28437231476751	0.250285301621569	0.654327794324493
TAG50:5FA18:1	0.553498053610201	0.381879949667034	0.271180833188892	0.717733009977942
TAG53:4FA18:0	0.84722711338555	0.393408302929746	0.259106405464522	0.690329512311568
PC(16:0/20:3)	0.0978663247302257	0.160607140224763	0.475331009601431	0.591377577382599
TAG56:6FA18:2	0.486298882089041	0.725687617150961	0.275125398601042	0.679777383302142
PC(14:0/20:4)	0.447774928503029	0.175873948089181	0.387673388925425	0.666449891347436
PC(18:1/22:5)	0.420424768934041	0.36313405317843	0.196385632932295	0.679777223123788
LCER(24:1)	0.773278267341714	0.798053366399564	0.263555693995415	0.662921121138164
DAG(15:0/18:1)	0.458382002709908	0.286519538184041	0.271332273536754	0.697267137606085
TAG45:1FA16:0	0.287775398707287	0.249155111625404	0.238061818898352	0.654276090801615
TAG56:4FA20:3	0.962554291925916	0.854321905404998	0.272748133696987	0.66024513945821
TAG60:10FA22:6	0.458182687834453	0.853433577091546	0.276774429589883	0.68966916020524
TAG54:5FA22:1	0.0756044308558725	0.13969191050042	0.257668220614519	0.641352649827508
PE(16:0/22:6)	0.864890179671461	0.478423407265226	0.214376650687114	0.869336642807354
LPE(18:2)	0.2108162464101	0.199046984421898	0.229171823124753	0.508913100127197
TAG54:6FA20:4	0.665835889431586	0.82133792749306	0.282792034261253	0.668975121325021
TAG54:2FA18:1	0.472495076283975	0.521948601914795	0.295591323813284	0.691844119498759
TAG56:8FA16:1	0.291318192877257	0.402958601021362	0.266301233930009	0.747895574366446
TAG58:9FA20:4	0.234880418335459	0.234222269854511	0.253494839627324	0.669187031444135
PE(16:0/18:1)	0.118902462805241	0.358985077976819	0.332451025440328	0.628214740800563
DAG(16:1/16:1)	0.609932571508715	0.603645362657414	0.274863035697707	0.693610333628617
PC(18:1/22:6)	0.753009215396102	0.721547924680563	0.321019717677648	0.624960293562386
TAG52:4FA20:2	0.655724859467446	0.61564542051162	0.261316412966944	0.715444502937228
TAG42:0FA16:0	0.681763353012916	0.775825688659203	0.263704429787104	0.665008293441209
TAG52:2FA20:1	0.433570706239187	0.438833015784078	0.265499548125974	0.639562009624385
TAG52:4FA16:1	0.346499446879443	0.156872851788159	0.226465285585628	0.784581197488138
TAG58:8FA22:5	0.162597287689643	0.300297246074589	0.295087342897216	0.718510477338146
TAG56:8FA16:0	0.30564589975224	0.526490123762722	0.28382577491754	0.718113304471997
FFA(20:2)	0.315983699561201	0.571148580760664	0.303784775057339	0.711597716991718
TAG46:3FA18:1	0.996624583330302	0.36070562186759	0.227642293329605	0.698596507340999
TAG50:4FA20:4	0.354214409913126	0.388705130627254	0.246449667936958	0.676864631467759
TAG53:2FA17:0	0.685537510723757	0.464500846079729	0.267743333713645	0.630424413322735
PE(18:1/18:2)	0.984554119639484	0.699519633488819	0.321735202838193	0.662001086827629
TAG51:1FA17:0	0.231165660813156	0.210514261012541	0.239991649943861	0.664193197771213
TAG54:2FA20:2	0.870591515974803	0.899466901768879	0.272205819811296	0.666408060601362
TAG56:6FA18:1	0.600166595860487	0.722580691062565	0.280753361455419	0.693509212230609
FFA(22:1)	0.361456276115612	0.752863736131704	0.269869222655211	0.653255912848627
LPC(16:1)	0.431201745528451	0.802752570581214	0.263056534178153	0.674514502439383
PC(14:0/20:3)	0.113598446568444	0.259914049430952	0.437157929343201	0.622361576135116
TAG48:3FA12:0	0.401001677698405	0.852588352196439	0.278049953364374	0.679229377318143
TAG54:6FA16:0	0.803398947357074	0.541942168821762	0.296180789558264	0.688852428157634
TAG46:0FA14:0	0.591207691140028	0.556373930227077	0.251980136949747	0.672134292663512
FFA(22:5)	0.640352140412455	0.728893950799772	0.266547750829947	0.652481751417401
TAG56:2FA20:1	0.711313053815957	0.998130834624298	0.276446006089521	0.672071395966454
TAG58:5FA18:1	0.959025786620619	0.920009690040437	0.275440459046938	0.677044545421799
TAG50:4FA20:3	0.549788302098042	0.554933691739924	0.263859806819705	0.646181621456966
TAG52:1FA20:0	0.136833170540579	0.0425613386844361	0.241268309128175	0.589509169981038
PE(O18:0/22:5)	0.944675994785231	0.744643009435772	0.301612352760356	0.659693165506488
TAG53:7FA18:3	0.273354108362759	0.544092113139748	0.290967539936736	0.671580383352743
TAG50:3FA18:0	0.832384772138483	0.482342454801813	0.265440982012845	0.674011273258397
TAG46:3FA18:3	0.318560101313329	0.789517705090235	0.283765152684714	0.676387123679572
TAG54:7FA18:1	0.0571874613744727	0.130981444593446	0.277149555313118	0.709864014867504
TAG55:4FA18:2	0.42949114183241	0.823876000153994	0.27554894568144	0.662558107401599
PE(P18:0/22:6)	0.755117064408088	0.708278282645078	0.25074790148549	0.792233973890593
FFA(18:1)	0.832921685041534	0.61547458484113	0.260248731165438	0.705128415824013
TAG50:5FA20:4	0.460788262472351	0.568915726132442	0.257374403342553	0.659453270358612
TAG53:3FA18:1	0.895791120979663	0.96993044876846	0.274657385929206	0.674725942415566
TAG50:5FA16:1	0.781771399637111	0.0721802287864835	0.201823366367615	0.82127147407643
TAG50:4FA16:1	0.811047788663345	0.116627115800603	0.202080389968967	0.794063053948835
TAG52:4FA20:4	0.365923619555461	0.636057250715699	0.260238129156723	0.687697618332468
PC(18:1/20:5)	0.206676846275634	0.873635822247264	0.269738695552756	0.695298166749651
DAG(18:2/20:4)	0.469519579142643	0.525078619931624	0.276858414647677	0.68010039587208
TAG54:7FA18:2	0.0403729675788679	0.20887723947932	0.257535088547244	0.609469008639801
TAG56:7FA22:4	0.744973974634355	0.479915959845793	0.289271274936387	0.675915481269967
DAG(18:2/22:6)	0.299736695589407	0.677386974517402	0.276339461489353	0.705120678758896
TAG49:2FA15:0	0.411847004586804	0.453353150465103	0.267380118813444	0.664899345873772
TAG46:3FA12:0	0.438995965644407	0.80287046521627	0.276494864709306	0.68271462934726
TAG47:0FA16:0	0.531284119612698	0.551974466547607	0.252089173593086	0.674009584162171
PC(18:2/18:2)	0.392578523286288	0.993712338314803	0.296522727146681	0.671726362133535
PC(18:2/20:3)	0.523395630013547	0.475310631689566	0.4312908605485	0.651541810789575
CE(15:0)	0.866387461580853	0.334321719774113	0.370704765776064	0.582853472075253
TAG54:1FA16:0	0.346732689024182	0.117021899181484	0.213843289500165	0.642889966668998
TAG49:2FA17:0	0.282387751777769	0.195438563070975	0.265691323124328	0.640120732593597
TAG54:8FA18:3	0.0291835998946165	0.121515775538522	0.254538139754126	0.577904192076788
DAG(16:1/18:0)	0.138563033848803	0.278321727454935	0.264680186208071	0.656849279448477
PC(16:0/18:0)	0.676771253766414	0.599586879781861	0.387518704116891	0.626286991129117
TAG54:5FA18:3	0.0251791178691251	0.0239743401533063	0.245233030470861	0.722610801752174
LPE(20:3)	0.631488488728574	0.835628680734928	0.293058158939289	0.68065047247057
TAG55:1FA18:1	0.118413110049383	0.364299247152698	0.313106000610499	0.738077471625625
TAG55:2FA18:2	0.138260121995428	0.378519868115335	0.28966985627998	0.717346045227268
PC(18:0/20:4)	0.642460263543251	0.689286800558313	0.260435207887229	0.674412377052239
TAG54:5FA20:3	0.907336404718812	0.82049468447672	0.278560904838379	0.677380791203151
TAG56:3FA20:1	0.294897433188074	0.45464856796826	0.299824094239742	0.702031048033425
TAG48:3FA14:1	0.229139892937485	0.590070808227994	0.276354893450445	0.660486345994613
TAG56:8FA20:5	0.0813073822818162	0.294582012705765	0.306713874725543	0.743442932722823
DAG(14:0/16:0)	0.495587559105026	0.26431424573155	0.23624967653086	0.66959334886103
SM(26:0)	0.915339871479233	0.398025222687996	0.401909566189151	0.611115802417595
TAG51:4FA18:2	0.58813898740787	0.699247607478424	0.270452522902481	0.68243172653672
TAG56:7FA16:0	0.243219018742592	0.395548590086706	0.278627294480388	0.742990043902258
TAG48:4FA18:2	0.193974721930679	0.501824188843835	0.281519815291117	0.676170394570161
TAG50:5FA18:3	0.397682666778942	0.311488445460842	0.254149737819001	0.695575399719468
TAG53:0FA16:0	0.29849310834377	0.358505578663835	0.312955799084848	0.724699526510686
TAG44:1FA16:1	0.472633179807544	0.37679346026455	0.259379720303733	0.636946157162899
TAG60:11FA22:6	0.394316609527914	0.872207177629149	0.27565044254595	0.690129403028864
LPC(20:0)	0.0566723650844212	0.143171175569436	0.204296523065254	0.63259375051347
TAG52:4FA14:0	0.525299016027863	0.408410901418233	0.26355678457199	0.635306882583981
TAG53:6FA18:1	0.816400395881798	0.74837244958948	0.254362450317964	0.675662039393033
PI(18:1/18:2)	0.921712398849363	0.661202408723421	0.336536519790985	0.722961486187425
TAG52:4FA18:0	0.719580308152919	0.413164826144382	0.257313820811653	0.720517772312642
PE(18:1/20:3)	0.313542337457004	0.869218362290685	0.312154309073466	0.657642500708119
MAG(16:1)	0.56318223694477	0.791586443880025	0.28149376244607	0.659848841836089
SM(22:0)	0.80156167854389	0.858261722928293	0.331583355840372	0.661654753142994
TAG55:8FA20:4	0.715222684729072	0.203226372438393	0.307596397564898	0.610821540171131
TAG58:6FA18:1	0.725992538868604	0.709390778132735	0.280126568693354	0.696958757295324
TAG56:5FA16:0	0.695650157099746	0.941447267807136	0.273516437821138	0.671784896640164
DAG(18:2/20:5)	0.232666540368626	0.672999723817583	0.276316746499359	0.693992163223242
TAG58:2FA18:1	0.965814226259047	0.998720605509557	0.274342753927418	0.671680148205904
CE(22:0)	0.812867569964239	0.196063553049441	0.389652916802752	0.534786027328312
TAG54:5FA22:4	0.321390202666371	0.72193719504937	0.262173147254616	0.68202897322655
TAG58:3FA18:1	0.93484041082696	0.929168559170502	0.272000649308734	0.670066403358314
TAG56:3FA20:2	0.704832525495861	0.800462004912299	0.276229819683979	0.695025889193829
TAG52:2FA18:2	0.914976300749443	0.808383294585637	0.276559440856813	0.674604921904381
TAG53:4FA16:0	0.916476048103973	0.930188661802075	0.273407457161029	0.673186298057439
LCER(22:1)	0.50937372933875	0.743715271335697	0.325744154823008	0.674440667051015
LPC(20:4)	0.189361222103592	0.100837558025661	0.510425362430575	0.447514002872755
TAG48:2FA12:0	0.526036330248532	0.986947844012768	0.275451245031914	0.673034419686018
TAG58:7FA22:4	0.804700637934123	0.665082210908376	0.288410580725798	0.67337571892933
PC(18:0/18:0)	0.698792935237122	0.99583945653982	0.291441442941866	0.673394660644874
CE(18:3)	0.946973833960963	0.642103965816219	0.356649728236795	0.655933902862522
TAG51:4FA20:4	0.194173432940165	0.188935753501933	0.234978528515302	0.668348680836818
TAG56:4FA20:2	0.457510496042645	0.593011959235836	0.266126910285547	0.723369917183443
DAG(15:0/18:2)	0.442158766691413	0.621904487369788	0.297766806792903	0.695436790945151
TAG46:1FA16:0	0.936864460466163	0.609396613485731	0.258501175744162	0.657882870282289
DAG(16:0/16:0)	0.497837880744242	0.558209585008962	0.263042307708986	0.681977933457805
TAG54:5FA18:2	0.0858777993263113	0.157568217559116	0.257807031694697	0.631510090118252
TAG42:1FA12:0	0.42255763045143	0.932877267502761	0.278947194386646	0.675462359063859
DAG(18:1/20:2)	0.672178237694452	0.358125981616694	0.287493738870762	0.594765386673594
TAG52:7FA16:0	0.778609402808875	0.664902948308894	0.257897630377858	0.673191964079251
TAG55:5FA18:1	0.569529335498346	0.79974668293929	0.277577819509629	0.674681796966872
TAG52:2FA20:0	0.74244065910188	0.498456806310089	0.265718892842794	0.652049615030984
TAG46:1FA14:0	0.371962211182042	0.357888526692737	0.249953288165053	0.648713674591004
DAG(16:1/20:2)	0.192835554467383	0.200722496447288	0.32734524074457	0.625529261436893
TAG53:5FA18:1	0.531280443071945	0.519389862359368	0.276614000431044	0.665908314019624
CER(18:0)	0.536210339545017	0.860396343925578	0.295467108002557	0.65832783850275
CE(24:1)	0.45616567639659	0.510689310878458	0.301819249826903	0.655644799857164
PC(18:2/20:4)	0.927442297015045	0.894218708975155	0.296596074168159	0.684539037663674
PC(16:0/16:0)	0.922472672245553	0.695530315855579	0.356674784129743	0.628568021336689
TAG50:6FA20:4	0.930278695756031	0.893075780897181	0.271727520075004	0.668357716017274
TAG52:2FA18:0	0.906203368671877	0.918177645289988	0.275530723427942	0.671811976338457
TAG55:2FA18:1	0.313062837909992	0.736961303576421	0.289664080774802	0.67747931379279
CER(24:1)	0.766370778576997	0.80239313395726	0.302092086936785	0.636746899084061
PE(18:0/18:2)	0.944938466694454	0.839240306204996	0.266879165156053	0.688812843914494
TAG52:0FA18:0	0.844088348532778	0.715058770022919	0.257127459629126	0.667713997173559
TAG50:4FA14:0	0.427308652468917	0.629146113076729	0.268505473399689	0.686023311055263
TAG52:2FA20:2	0.44670008388457	0.636425880646699	0.26854518966685	0.671513712899453
TAG58:6FA18:0	0.402205885568913	0.271664474552669	0.274479345696281	0.767556628991377
TAG55:6FA20:4	0.409143331742578	0.41852143605254	0.262240952784373	0.657680099426194
PE(P18:0/22:4)	0.900329905342543	0.601212965116948	0.255900979471586	0.663618391489769
TAG51:2FA18:1	0.458169919255596	0.514485753055286	0.264216210235353	0.636055093280578
TAG50:2FA18:2	0.740802788826791	0.97370638499392	0.274774009479343	0.672510603626846
TAG53:3FA18:2	0.994542303285131	0.769698825362177	0.27722881821063	0.659375813391553
CER(24:0)	0.596492671722791	0.0619259381144257	0.339096364109968	0.411017526965702
DCER(22:1)	0.945446025046728	0.789843699192865	0.276371165385453	0.670005941126459
TAG46:2FA12:0	0.574672679476234	0.977736236287129	0.274376766940341	0.671027412627032
SM(22:1)	0.818546159713572	0.815779001142144	0.273503581637018	0.702892469824619
TAG48:1FA16:0	0.264534966354831	0.361793330525443	0.252091062342841	0.676598524060777
TAG56:3FA18:2	0.895390707445143	0.92882534999279	0.272966876483777	0.671362954416055
DAG(18:2/22:5)	0.625986094604579	0.855560422594445	0.273003053445596	0.676014224963854
TAG57:9FA22:6	0.862091585233562	0.943336987732575	0.273630571263526	0.673160369929399
PC(18:1/18:1)	0.854596367921764	0.839671254254072	0.321102200439873	0.660442857581182
TAG52:4FA22:4	0.491549860266237	0.456270691595469	0.243437378774635	0.694331022234623
PI(16:0/20:3)	0.438608765679742	0.370922295645468	0.418840968826371	0.636653174959448
TAG50:2FA20:2	0.435760925772615	0.366975751604724	0.257851865962183	0.649517168280805
TAG58:10FA22:6	0.116561620790941	0.386405518676491	0.291148335178767	0.738596570459743
TAG54:4FA22:1	0.148050108924746	0.1189786540754	0.273305917016469	0.702330792520699
TAG42:0FA14:0	0.563013492721224	0.946386591521044	0.273514002544985	0.669202481825605
TAG47:0FA17:0	0.558428923076524	0.384452677357818	0.24150139808063	0.669095433556256
TAG48:2FA16:1	0.247196786830247	0.800969477529366	0.276993763648097	0.666369269414397
TAG54:3FA20:2	0.832376886760073	0.924906346527863	0.276196727261595	0.678368504196461
TAG42:1FA16:1	0.645358445750164	0.450044039485058	0.249455954361304	0.656156245919057
FFA(18:4)	0.294359533893168	0.262640471921118	0.376520604915493	0.658139593503033
DAG(16:0/22:6)	0.985996012269548	0.995232169125419	0.275414149032282	0.674321744433424
SM(14:0)	0.69270932633216	0.94648175852699	0.284589049818025	0.692422084529538
TAG47:1FA16:1	0.293829078520153	0.53631582662424	0.268285378201438	0.662921140737115
TAG51:4FA15:0	0.552120715540218	0.815408206569684	0.275180712642253	0.679385239349882
TAG47:2FA16:1	0.257631184072471	0.642603273307697	0.27697026048833	0.651428182950597
PC(16:0/22:6)	0.414710093002783	0.586893732813993	0.241996167126072	0.783981470706161
LPC(17:0)	0.185683974984914	0.297137849560973	0.23141886800996	0.715622677368672
TAG55:3FA18:1	0.480948075530843	0.849224932639013	0.283721502332425	0.67102668746154
TAG46:3FA18:2	0.915803143957848	0.585013063388604	0.25996281665897	0.669355530525456
TAG53:1FA17:0	0.424624244909712	0.215474495936757	0.233298349791079	0.646991763708298
HCER(24:0)	0.500983866798274	0.562374214757226	0.239737836568496	0.740979706166573
TAG53:6FA20:4	0.477618841988008	0.863289511467221	0.272681749148362	0.666902406080372
TAG54:3FA18:2	0.391197745463509	0.431749248463895	0.277880676533484	0.68841308226459
TAG48:5FA18:3	0.0980308639180467	0.307587174645637	0.288104363688684	0.664785234729947
TAG50:2FA14:1	0.197874362301204	0.128806612189687	0.233667714244453	0.63718252797712
TAG52:4FA22:1	0.314448246381667	0.161665309889194	0.247090039583505	0.734041348287618
TAG52:1FA16:0	0.745295483615807	0.799581542634958	0.266667377966956	0.668887586237294
TAG54:4FA16:1	0.59119575436269	0.494766452731936	0.253711729025043	0.737024089941948
TAG48:4FA12:0	0.168536295455937	0.505453020313825	0.283889190785914	0.682677884249128
TAG58:7FA16:0	0.765381885231771	0.466550217161573	0.259031088119153	0.690250099549888
TAG51:2FA16:0	0.295385154584593	0.47871716949304	0.269385616516301	0.658535880537729
TAG56:6FA18:3	0.249622619074978	0.457853061326768	0.258644120031143	0.698279586192626
LCER(16:0)	0.692779910334085	0.808191248918016	0.294508595453943	0.688582187460303
TAG52:6FA18:2	0.123758519455796	0.0601522564733241	0.235112484311729	0.757641409224674
DCER(22:2)	0.742609967462213	0.674370447417546	0.305844176708439	0.61465948312398
DAG(18:0/18:3)	0.842481480036772	0.949821121842049	0.273920386567957	0.672380235810226
TAG48:2FA18:2	0.756383881166715	0.55408987384212	0.266727411003895	0.66596229903665
LPC(20:1)	0.25911958596909	0.133231879154233	0.216278409229979	0.667080777494382
TAG54:8FA20:5	0.174954299461373	0.348234479919689	0.300007049185745	0.736266137947692
FFA(22:0)	0.906152067379962	0.968055916526888	0.273842376158453	0.671463028425671
TAG53:1FA18:1	0.853872101767487	0.490734063033586	0.246325720928734	0.661087633174171
TAG55:6FA20:3	0.709220690521013	0.771523439377394	0.288537577196516	0.667745037177274
TAG51:4FA18:3	0.84267539057204	0.522673789453459	0.273873703642945	0.691105929742909
TAG58:10FA22:5	0.126242641948728	0.398230453980876	0.293936737196545	0.705856700255482
CE(20:0)	0.158952925874028	0.797785140800163	0.264582917995123	0.665789838265855
FFA(14:1)	0.725140669289779	0.936006699845938	0.28370540089015	0.672440951865013
TAG48:1FA16:1	0.255989800099822	0.664315706849332	0.268727021724236	0.681664821635704
TAG53:2FA18:0	0.471921565064155	0.302919930581726	0.256300153440808	0.661477712965609
TAG54:6FA18:2	0.0755538733924868	0.226601115156513	0.255226233430851	0.605087546083406
FFA(12:0)	0.50435668880818	0.875112811508659	0.272432546682859	0.691870263930722
TAG51:1FA18:0	0.255534475409118	0.115885610046108	0.21973904483313	0.650679744418336
DAG(18:1/22:6)	0.482841992871331	0.883999472903648	0.274336683276547	0.688674023000297
DAG(18:1/20:3)	0.513552787214336	0.473663826546753	0.264406131959553	0.650430147099335
CE(20:3)	0.162740653459026	0.13941344083851	0.488613023575795	0.667206271391459
TAG36:0FA12:0	0.340566692506775	0.634607093568154	0.272317015981386	0.694432423806706
TAG53:2FA18:2	0.931244201657095	0.570417717509867	0.266126005311574	0.671851746327261
TAG53:1FA16:0	0.625447409789397	0.994383243711541	0.276408391232342	0.671663465379176
DAG(16:0/18:3)	0.922666228886689	0.554964706037883	0.270995828291367	0.660361662417313
PC(18:2/22:6)	0.656199429298259	0.346895644686385	0.373702420138768	0.579004065659769
PC(16:0/20:5)	0.19608481951963	0.878822702926399	0.271673821828352	0.695538772118005
TAG47:2FA14:0	0.522639214596722	0.32288876617555	0.256067246492371	0.645522298173974
PE(18:0/22:6)	0.677264731661465	0.924454961677108	0.281040954098962	0.705336827354499
HCER(24:1)	0.431025647711715	0.347023344278742	0.21778771667954	0.730843531475781
PI(18:0/16:0)	0.738594529247389	0.586761661111487	0.240902250328597	0.62084087730354
TAG53:4FA18:2	0.702140651377727	0.903451167408006	0.27279223846835	0.675600484977022
TAG54:5FA16:1	0.946758057201907	0.660089239352474	0.269109995753179	0.698393374240851
PE(16:0/20:4)	0.625003840368282	0.752401624552197	0.258300289051325	0.717260293567355
TAG52:1FA18:0	0.707408941170728	0.704285123309442	0.260273778835977	0.669980211967389
PI(18:1/18:1)	0.346345558776757	0.143319147914464	0.387549770813375	0.824365172777459
TAG54:5FA20:4	0.495556510579821	0.796844730625293	0.264820635396122	0.675901625425118
DAG(18:1/18:2)	0.705419951030266	0.560972097601373	0.260556120170786	0.697115445806135
TAG56:8FA18:2	0.259007540297273	0.489013090961937	0.280788668037486	0.711694086343052
TAG56:8FA18:1	0.121581949018205	0.375957975512318	0.302956882363281	0.737684342958149
TAG46:1FA16:1	0.256404202856005	0.442419133647707	0.260672513849547	0.667873629239125
TAG53:5FA18:3	0.407114778871994	0.269263050644097	0.25403864921165	0.701521134225111
DAG(18:0/18:1)	0.881480330030311	0.909464532773345	0.272530080213184	0.666936025643517
TAG42:1FA14:0	0.666323890325415	0.362926051698314	0.236515664104194	0.645629064792863
DAG(16:0/18:0)	0.290338170756595	0.282180738374228	0.238868136932748	0.673275770909216
TAG46:2FA16:1	0.409440665834569	0.647632097170378	0.275119383385166	0.652223879310264
TAG56:7FA16:1	0.303746150468705	0.174980565942498	0.255705551817515	0.813278930698832
PC(18:0/22:5)	0.49429223091714	0.590836912961744	0.381896383327201	0.623845620306795
TAG47:1FA17:0	0.533795052328699	0.232734810896825	0.244642074348065	0.641095039880094
TAG49:0FA17:0	0.43220656841654	0.491636281984236	0.251130061230856	0.677740572702319
PC(18:0/22:4)	0.211103065335075	0.189694888538675	0.364667672898298	0.834296297165144
TAG54:8FA22:6	0.423077162357056	0.514023335363682	0.280471709053844	0.725165975205365
LCER(20:0)	0.815657062391466	0.875586896945505	0.270485951208554	0.675288969876049
TAG44:1FA14:0	0.927857553722922	0.603950956123535	0.258927145596714	0.649605790163593
TAG50:3FA20:3	0.215821222553313	0.20925875980305	0.235590188499954	0.665826746632419
TAG54:5FA18:0	0.114680389676029	0.232818538529715	0.252402699330825	0.649326325054898
TAG48:1FA14:0	0.374170083994682	0.284115887936609	0.244180643069717	0.654729572796099
TAG40:0FA12:0	0.338497558365035	0.746141023204914	0.28488223282695	0.685742765475202
DAG(16:0/20:4)	0.192329485704755	0.155149521213122	0.261026354019157	0.705972726263662
TAG52:6FA16:1	0.1828775445245	0.0528057453612989	0.215237991358817	0.780153100177957
TAG54:0FA16:0	0.243509463520908	0.0280609571383517	0.191356409889343	0.607799593149667
CE(22:1)	0.396691990916223	0.566628008429858	0.227356540763017	0.719403220427794
DAG(16:0/20:3)	0.187181087784389	0.174791436692251	0.269593105678532	0.675207415604825
TAG52:4FA20:3	0.36542477656509	0.736035791216411	0.268591410821194	0.667577132394028
TAG51:3FA16:1	0.477364344368913	0.920836215434755	0.273137146398013	0.680471114381218
TAG52:3FA20:0	0.619373935615638	0.442921653639222	0.27362461519041	0.68979754923634
TAG47:1FA18:1	0.347841668372601	0.169432410464507	0.233403822113788	0.627090938350897
TAG53:3FA17:0	0.973768355625745	0.828019000530423	0.277581585877949	0.659650233448443
TAG54:7FA20:5	0.182640111576777	0.351418554516028	0.308158945978854	0.735083224232825
TAG56:6FA20:5	0.189645180416331	0.678392471889685	0.290987580859699	0.711526893516961
TAG50:0FA18:0	0.600157046577186	0.609656235662364	0.252518089207718	0.6771130631302
TAG50:4FA18:1	0.701615943932258	0.620294932747522	0.268503684831824	0.694499112237072
PE(18:1/22:5)	0.376263934605071	0.985659376091957	0.293848332341739	0.674267877357273
TAG46:2FA18:1	0.653942900106419	0.317662325153236	0.236171318531239	0.64431696946982
TAG47:1FA14:0	0.318422814596718	0.231337644252241	0.238088224921612	0.63735654282712
PC(18:0/18:1)	0.468266577026477	0.397092822486268	0.435430280258233	0.603491273266689
TAG50:0FA16:0	0.531702395037184	0.607654289371639	0.253503988509168	0.683153300459505
TAG54:6FA22:6	0.850223854309795	0.958001982198025	0.27566748724809	0.676477478243503
TAG56:7FA20:4	0.781485870030327	0.95017707737819	0.27715646647954	0.670261885467654
TAG52:4FA16:0	0.358802010147149	0.327216682876885	0.261024860037103	0.678728963872112
TAG42:1FA16:0	0.58585209303961	0.367718220484389	0.231075814295443	0.682615305396606
LPC(22:6)	0.0874020278023154	0.115029635785373	0.308781381538095	0.779284919975201
PI(18:0/20:2)	0.448971806403803	0.749301888317636	0.354263789089835	0.629967765754757
TAG52:2FA18:1	0.832797407461125	0.805874282220628	0.278015844705434	0.683796505820397
TAG52:3FA16:1	0.682420748289376	0.271259358472955	0.245235651600845	0.76243026449656
TAG51:3FA18:3	0.891525081618655	0.986077650298441	0.274252373526579	0.671691784472495
TAG52:7FA18:1	0.828028212123118	0.809061191714542	0.268371456316069	0.665445384099565
DAG(18:1/22:5)	0.589373440905661	0.615828805312017	0.27255818841131	0.707025803743846
TAG56:5FA20:2	0.218201076632843	0.463128707352928	0.254464320445104	0.743348293329851
TAG46:1FA18:0	0.61915995835527	0.173884320038476	0.210012096565719	0.658143392104744
TAG56:5FA20:4	0.604259084297967	0.833535532638269	0.281908028900096	0.682077032448714
TAG56:2FA20:0	0.668030347962073	0.864453858333162	0.281149800371098	0.675644538307252
DAG(18:0/18:2)	0.977938521319791	0.935752812479368	0.275613767315945	0.670917522569574
DAG(16:0/20:5)	0.833653662036224	0.340114694764225	0.261325711864582	0.643717820929737
PC(18:1/20:3)	0.129204174025819	0.168501240841685	0.555918346396856	0.621718361174525
DAG(14:1/16:0)	0.603892046089596	0.447304530840559	0.255590401871118	0.722994162206106
TAG48:5FA18:2	0.1113084078688	0.397527956883394	0.287141952663463	0.662476435326106
TAG54:3FA18:0	0.341400051620412	0.35064647792886	0.276144234700942	0.694400815609773
TAG49:3FA16:0	0.727169055040982	0.926109515894232	0.274185607683241	0.672528437994026
TAG49:3FA16:1	0.591702565239572	0.770418885502298	0.267717239606827	0.692038566146504
FFA(20:0)	0.487542171028981	0.711114412512239	0.261600215549064	0.698821462356084
PE(P18:1/18:1)	0.732392849511112	0.127315993263811	0.465336927449304	0.53553782588652
TAG54:8FA20:4	0.471482078704366	0.819746364112224	0.274851698206627	0.676285555358763
CE(14:1)	0.145685586546296	0.0573317441888965	0.412322293185544	0.631181883657426
SM(20:1)	0.413681215381014	0.196850029879522	0.115094016556974	0.868508912242663
TAG51:0FA16:0	0.719008427016401	0.565595968423152	0.25102095538106	0.675927676722322
DCER(16:0)	0.0442419449406736	0.0718376973116547	0.392770538207045	0.599885106781961
TAG56:6FA18:0	0.372417524529036	0.655763170539827	0.281555160519816	0.697690375550856
TAG48:4FA18:1	0.187616547460953	0.500878552922261	0.291777222313558	0.687796963761662
TAG50:1FA16:0	0.421308427850592	0.652793441149405	0.262992056108643	0.682793308462289
TAG52:5FA14:0	0.479514282060195	0.488244654076754	0.258695626188805	0.652711790508741
PE(P16:0/18:2)	0.457445166623289	0.894510294560678	0.301987292712537	0.659004967506803
PE(P18:0/20:5)	0.447042263861137	0.503152458003582	0.288839123860905	0.586555424512618
CE(18:0)	0.410524495066424	0.380526431387184	0.373025389707511	0.648028814393862
PI(18:0/20:4)	0.929940111487313	0.74695808949872	0.256049803617443	0.685306704584748
TAG49:1FA14:0	0.319602418296786	0.162196047818443	0.237423350559184	0.63111725161449
PE(O16:0/20:4)	0.82613119963761	0.60659988434968	0.291293132353824	0.65994435434005
TAG53:3FA18:0	0.591109917018142	0.624247764366129	0.286078776104531	0.660886134589801
TAG56:5FA20:3	0.873536813553466	0.851848630041951	0.276914667120222	0.682007587118593
TAG48:0FA14:0	0.531331514192536	0.351711082970968	0.238145748127979	0.65625865469611
FFA(17:0)	0.171330616467633	0.39731632268554	0.313816401784393	0.670369492465656
TAG50:5FA20:5	0.9038478290685	0.527499374070081	0.250469144929656	0.649140940154396
PC(16:0/14:0)	0.132204311968731	0.0503322169950106	0.506728176422402	0.463697734169168
TAG48:2FA18:0	0.373427170616816	0.893597428348957	0.279867418833557	0.67456671761565
TAG50:5FA18:2	0.434203406984051	0.579861762572204	0.266724752664986	0.669896728607336
TAG52:7FA20:5	0.467451501121206	0.933070586766012	0.278314682039605	0.677231738327356
TAG48:1FA18:0	0.695953621370434	0.748375993120903	0.263490696091891	0.661178204680404
TAG56:6FA22:4	0.780821781728427	0.896323868481876	0.28114330316883	0.668047949929056
TAG52:2FA16:1	0.699657659291942	0.793972623875155	0.271114703119252	0.688814505011888
TAG49:0FA15:0	0.286408980927895	0.182165691655779	0.225210530730915	0.664205353724955
TAG46:1FA12:0	0.755681820627648	0.743614885912772	0.265070603673644	0.659662671274216
TAG51:3FA15:0	0.910408653126556	0.991735194506732	0.27483305515166	0.671955200140117
TAG54:7FA18:3	0.0354286903709037	0.158729326592545	0.25378368392239	0.598399965782817
TAG57:2FA18:1	0.120791739114311	0.366239555798651	0.303429585149846	0.751135471784715
PC(16:0/20:1)	0.282358478298435	0.423954397512194	0.302947586293364	0.626621500246686
TAG38:0FA12:0	0.400860812172179	0.665896064449418	0.273436875121048	0.692268725538275
TAG49:0FA18:0	0.395923190191544	0.229527758421982	0.227151207094098	0.657359175336157
TAG51:2FA16:1	0.28572074652632	0.660727852139624	0.27952270546202	0.64778895370929
TAG54:3FA18:1	0.199857139642892	0.162476009298135	0.305872165652129	0.732604549762501
TAG54:3FA20:3	0.455533814311263	0.684833569583979	0.261655519586231	0.665113558024394
TAG58:7FA18:0	0.306044528324072	0.543306196257657	0.280899076201894	0.727976721831958
DCER(24:1)	0.326340170312239	0.4664974968404	0.338350558046147	0.592385102172251
DAG(16:1/18:1)	0.731234677546619	0.856482508077514	0.271404829816729	0.682243793870379
LPE(20:1)	0.495904530160532	0.535444088420071	0.278050185895251	0.695186703191032
DAG(14:0/14:0)	0.42995905751003	0.247446155522725	0.233453277729829	0.634008885756427
TAG48:2FA14:1	0.119602613495057	0.273439133389894	0.254185533847885	0.656207293706619
TAG56:9FA18:3	0.326429057284507	0.260862971546677	0.275819268427413	0.719532381867248
PE(18:0/18:0)	0.606048605648434	0.934266496403497	0.29133214525797	0.666355621845098
TAG50:3FA16:1	0.711228383951714	0.457883301117475	0.251120672559251	0.706011630035117
TAG51:1FA18:1	0.281091115761782	0.239214069405589	0.240783287435312	0.654008718273402
TAG52:1FA18:1	0.776726472421398	0.884123133192374	0.270783496205006	0.669052944875611
PI(18:0/18:2)	0.842190595622543	0.787621267113088	0.331562019789095	0.690053871173415
TAG49:1FA15:0	0.264991325618929	0.215508010759004	0.236520778150899	0.660339533151229
PE(P18:1/20:4)	0.773963584914623	0.873795008706093	0.270760602835474	0.672940237441612
TAG51:0FA17:0	0.348636686976129	0.281241077097062	0.23547798355861	0.672702963163039
TAG48:3FA16:0	0.501318642288076	0.709328551733861	0.272948048136597	0.668252454380122
CE(12:0)	0.408337600321218	0.445836572822956	0.353327783470817	0.616684082714369
TAG53:1FA18:0	0.433533051949616	0.190376027867026	0.225052154597698	0.666551282596175
CE(18:1)	0.940353384130741	0.572579385166128	0.342336173311666	0.642416673179099
PE(P18:0/20:4)	0.68815921967662	0.545637724978792	0.254315233812753	0.710095399614143
TAG54:3FA18:3	0.862640906658549	0.348761514536316	0.267087460918959	0.638291165289541
TAG54:4FA18:1	0.107992007054153	0.0963971447967052	0.282997235427145	0.706050480135342
TAG58:8FA20:4	0.32274381896974	0.304767393261141	0.240738382968211	0.677498328018236
PE(18:0/22:4)	0.646672988302087	0.726450822535042	0.268216314488099	0.669943182831103
TAG44:2FA18:1	0.742698067075931	0.312699202798377	0.219772727119574	0.678312737980122
PE(16:0/20:3)	0.0282825149267501	0.0713640830978725	0.537858335043382	0.498581302827092
TAG46:2FA14:0	0.655218686872019	0.461074036271716	0.262476676772229	0.648885411007787
PE(18:2/16:1)	0.385893972281781	0.849457027696278	0.301380124327484	0.65269533900594
TAG56:4FA16:0	0.455215335316633	0.64853303141475	0.262242458535784	0.668555945325169
DAG(18:1/20:4)	0.337387870199621	0.36316632375586	0.258139623093473	0.675615269010382
TAG52:3FA18:0	0.789762423302622	0.520721830954111	0.2621412546073	0.690803622825199
TAG58:10FA20:5	0.540119680809695	0.708761193852373	0.270923993668508	0.645731816122653
PC(18:0/18:3)	0.856282232825323	0.765472160560164	0.257071208904099	0.690854884006106
TAG55:7FA18:1	0.857919035003653	0.636433373483706	0.256012187860397	0.656024881750105
TAG60:11FA22:5	0.58334484997778	0.966504763650243	0.275087034520208	0.670238647318151
DAG(18:2/20:3)	0.44911052046697	0.348469998234846	0.277684716244755	0.648990923410807
TAG40:0FA16:0	0.368961390827685	0.825768295185768	0.286429857934176	0.679060878213694
TAG54:5FA16:0	0.698435018311882	0.969390571136929	0.274655816100005	0.671303168827156
TAG58:6FA22:4	0.862478831618439	0.630679560898417	0.296676840615616	0.675794326254048
TAG56:4FA18:2	0.289075776897352	0.449386211750526	0.27710223679689	0.687384790362858
PE(O16:0/22:5)	0.968524309695921	0.436308108875618	0.349009989859381	0.626075162827132
PE(O18:0/22:6)	0.451907051054149	0.897077721930502	0.271287094997299	0.700277030351536
SM(18:1)	0.964520952725819	0.634085417027951	0.233236580425479	0.730089328091058
TAG51:5FA18:3	0.355817863657819	0.236013035585001	0.261912893499519	0.703096475501185
TAG54:6FA22:5	0.864434759413899	0.772031509731169	0.279536009213649	0.679810785360455
TAG56:4FA18:0	0.967541194777178	0.874536083092268	0.275389256658598	0.684926100045696
TAG51:3FA18:1	0.953086575646436	0.954351328248921	0.274849441661713	0.669143519814651
LPC(18:0)	0.171343216616678	0.0264755993029807	0.107347541228668	0.667088430040952
FFA(20:5)	0.932205752617359	0.463478017383891	0.280071517405354	0.649460573901813
TAG54:6FA18:1	0.0240948320857567	0.0654863545807736	0.253996446072727	0.676634191071235
TAG52:6FA18:1	0.199322466644081	0.169479660943395	0.291706605296701	0.779559442611866
PC(18:2/20:2)	0.0417010137117705	0.0561306803574492	0.104196918376396	0.891320100868471
PC(16:0/22:5)	0.402491410787699	0.491701730321789	0.217399608869571	0.765779835564399
TAG45:1FA15:0	0.457742860784819	0.291150339259127	0.249497000184246	0.639581253017953
TAG50:3FA18:3	0.952604785588042	0.664155634677972	0.27499010984336	0.658292993499848
TAG48:1FA12:0	0.520872900667381	0.926814600084471	0.272531071815263	0.668522125809727
TAG52:6FA20:5	0.817675635789543	0.992984619857062	0.276422591607222	0.672753669151287
TAG53:5FA20:4	0.283306970724959	0.494915323885169	0.258123969641149	0.660542671888048
CE(20:4)	0.459719452571287	0.747207522306065	0.266543934832129	0.66296393417823
CER(22:1)	0.189247192119034	0.677606051619385	0.352163178974613	0.621128986420078
MAG(18:0)	0.228667624074906	0.0212036697263169	0.246093662401147	0.794104660571709
TAG48:3FA18:3	0.985773241087773	0.904201302594713	0.272416465268331	0.671809371163181
FFA(18:0)	0.445134589512911	0.847926409798053	0.273901021473965	0.673587178467772
TAG52:4FA18:2	0.313475690169372	0.235362282977202	0.247505871597447	0.697186623921819
TAG42:1FA18:1	0.467649534342141	0.955002453793557	0.274801901957032	0.670235212511679
TAG60:10FA22:5	0.472884090289643	0.760779185716843	0.279766320321616	0.686513237603195
DCER(26:0)	0.584774813856026	0.530550247004621	0.276812874062686	0.693085556856257
LCER(18:0)	0.784839453776831	0.503449172046611	0.218243843555197	0.72096404694567
TAG42:0FA12:0	0.379955872243397	0.886100317668616	0.278664455469673	0.678920737843874
TAG51:3FA17:0	0.525742661751867	0.908808875221204	0.280624417287434	0.666201394466435
TAG52:6FA16:0	0.322077435822102	0.101912233890043	0.275292335068446	0.689760884018653
CE(22:4)	0.694308013442902	0.64253445403852	0.311065383522816	0.684461666056265
TAG48:4FA14:1	0.47397575197823	0.748652653164513	0.26642011414075	0.688736055634735
TAG50:3FA18:1	0.978151544524297	0.904234007494522	0.273428635651611	0.679571744899355
TAG53:4FA17:0	0.694674488484111	0.961960201343346	0.276177713964485	0.670409168276874
PC(16:0/20:4)	0.425697091575305	0.645493779636933	0.266667524864354	0.669063314752724
TAG44:1FA18:1	0.957760339340967	0.45573749566374	0.241975950839199	0.653852261827807
TAG48:0FA16:0	0.590750605376401	0.79328520606358	0.265725140847238	0.682231690596964
DAG(16:1/20:4)	0.205900106492633	0.443575759509508	0.271515490523609	0.677655130276072
PC(17:0/18:2)	0.410003646723522	0.796288447529865	0.350862148834614	0.640397373945285
TAG54:4FA18:2	0.122863384921051	0.134355501393266	0.269153064983247	0.690660690423364
TAG50:0FA14:0	0.640413040381548	0.207456052305179	0.21843638581158	0.632165159042328
TAG58:7FA20:4	0.644525940706515	0.50382766468327	0.259688699521833	0.646488007444912
TAG52:4FA18:3	0.339868420729051	0.136098817951124	0.271095695586148	0.691917500095161
FFA(16:1)	0.842466485485587	0.544636300155475	0.244544898305012	0.725065989062511
TAG51:3FA16:0	0.595910342183172	0.75262553158542	0.27458982703251	0.668648640667473
TAG50:4FA18:3	0.824980067839064	0.320864519554004	0.258100903016696	0.70277060997784
TAG54:4FA20:3	0.615501532770152	0.789455325126316	0.266699569538643	0.665322234007747
PE(O18:0/18:2)	0.698984777328584	0.955035007264542	0.303651858580923	0.669048686712047
PC(18:1/20:2)	0.659867468539046	0.965337647071377	0.293169353619972	0.674285610544106
TAG49:2FA18:1	0.39306380687779	0.507545799012239	0.270752248636596	0.633521104810076
PC(18:1/20:4)	0.744618848030657	0.911378279764759	0.282921100822805	0.674750512571252
TAG47:0FA14:0	0.549430233506456	0.416967082706855	0.245938833654904	0.657039812381518
TAG52:8FA18:2	0.949868523903611	0.906189426559249	0.273558349150678	0.670445637909509
FFA(22:6)	0.772731201533307	0.875690450616035	0.269990328309574	0.658432509708716
TAG47:2FA15:0	0.515861745220611	0.414130219619243	0.262236099898779	0.646498610910203
TAG48:2FA18:1	0.965617435663233	0.801590154481274	0.269019224801358	0.659327893359693
TAG55:4FA18:1	0.430998539114842	0.650826012313191	0.288453828021944	0.66234337055013
TAG52:3FA14:0	0.822919688815424	0.559567263445661	0.274913203151002	0.633831437116985
TAG46:2FA16:0	0.607242388343449	0.963840733343668	0.274067334220359	0.670731353213544
TAG54:4FA20:2	0.636417211953042	0.75848216188685	0.270355144606629	0.697535067360658
TAG48:4FA20:4	0.990699167112495	0.623541441030546	0.258157955751174	0.65545645855448
TAG56:3FA18:1	0.410591725513193	0.557356842102774	0.290415474050146	0.695138459382964
TAG54:7FA22:6	0.891035733079972	0.735505793756731	0.273512181150641	0.702612428356797
TAG49:3FA18:2	0.54187233908393	0.749737524177279	0.28053795658918	0.657245524349557
TAG52:3FA16:0	0.660559332545486	0.43183271842956	0.270299926244587	0.699698064243466
TAG54:8FA18:2	0.0521826360852567	0.166287162253278	0.26773165575735	0.648533258865035
TAG54:6FA18:3	0.0344952600872142	0.086584999116857	0.24489599656329	0.652699835632317
TAG56:8FA22:6	0.280173850518515	0.523960983991734	0.282576330876926	0.724869232985112
TAG58:8FA18:1	0.0844968728182899	0.234069603678871	0.3125187359339	0.782975384575206
TAG55:7FA22:6	0.634998826335098	0.941152793511539	0.275765012630347	0.683613962801648
DAG(14:0/18:3)	0.596152794617928	0.650576284866011	0.272178339417962	0.683655790847612
PC(16:0/22:4)	0.718346160836189	0.619913851417422	0.300493677620138	0.701033986083717
TAG56:9FA20:4	0.980998449096356	0.831911193045979	0.2751961239065	0.669938936243089
TAG57:8FA22:6	0.271276970080647	0.541227109852529	0.278703166864456	0.722975503436398
TAG56:2FA18:0	0.96561231932618	0.874704657525389	0.270223857652636	0.667589415815554
PC(17:0/20:4)	0.187479598389949	0.912337828895508	0.272944180531368	0.678438197955437
LPC(20:2)	0.144483383238284	0.072352317080138	0.188866489145396	0.600499596824002
TAG45:1FA18:1	0.536040163902002	0.263314711880082	0.234572968128419	0.643621017147839
TAG52:5FA20:4	0.266154245699557	0.683449711069114	0.262862909389513	0.679831790704506
PE(18:1/18:1)	0.523027179195411	0.531251277708387	0.280556669494676	0.678209026630426
PE(P18:1/22:6)	0.822727628048361	0.764438172667295	0.258270761340569	0.749737019322857
PI(16:0/20:4)	0.298767045579579	0.716814296918554	0.331766861202272	0.677707771775087
TAG49:3FA15:0	0.70163275722144	0.938744123785584	0.273953413624144	0.675456784998646
TAG51:2FA18:0	0.656027828938827	0.461120223304909	0.257701006301641	0.671786024115477
LPE(20:4)	0.918596643783325	0.736686830881544	0.273568558922982	0.630667131621676
TAG44:2FA12:0	0.545082905764587	0.855916656164453	0.270493766770935	0.666125622693911
TAG56:1FA16:0	0.36281555565824	0.26393987556163	0.231210594198243	0.652559669605244
MAG(15:0)	0.255799731958975	0.715290842313403	0.282567004939691	0.676716061458917
DAG(16:0/18:2)	0.898639206962031	0.756010471536834	0.271248786916649	0.667964664232843
HCER(20:0)	0.0476203533797871	0.0844513789968882	0.151047325136166	0.815597138084404
LCER(24:0)	0.830060875048977	0.988466986329814	0.282936047550776	0.671633335917607
TAG49:0FA16:0	0.411430560388218	0.411760049112711	0.244827809586723	0.680200136855586
TAG50:3FA18:2	0.863735777600526	0.753241433412321	0.268555395551636	0.685947044928897
TAG55:7FA20:4	0.846103456870654	0.63352771774511	0.292195490600237	0.650301111102575
HCER(22:0)	0.312217446019145	0.426027869921124	0.226130891056289	0.724698897520719
TAG58:7FA22:5	0.188490431147023	0.290818966944893	0.306227300450872	0.743689500969166
FFA(22:2)	0.991888796757637	0.973965607674137	0.275771323222865	0.674505616055169
TAG44:1FA12:0	0.931151835023438	0.576334543818888	0.260657294028512	0.646097744547318
TAG46:0FA12:0	0.532912893488313	0.906317913416455	0.271822113376855	0.667620351902467
TAG52:6FA14:0	0.794699715346293	0.867451730870153	0.27185464741373	0.664540058115707
TAG51:2FA17:0	0.378476075229411	0.498547412306265	0.27700512068718	0.661149529653828
TAG56:3FA20:0	0.558086927767813	0.774932293823713	0.280381883857854	0.671385831341358
PE(P16:0/20:3)	0.164370971490892	0.12145364176879	0.447977735736124	0.498450634689047
PI(18:1/20:4)	0.261191944196219	0.790565568109203	0.310607294965141	0.684765806105531
DAG(12:0/18:2)	0.436386174252746	0.769274177723489	0.28083319495209	0.672866623669015
TAG52:2FA16:0	0.942615064410367	0.753497365866015	0.277849403288429	0.684064056126348
TAG52:3FA20:1	0.969960794123234	0.836612127385113	0.275615371818029	0.660821299957536
PE(P16:0/22:6)	0.40421834815692	0.346118704145602	0.205643165646147	0.892650315447978
TAG56:5FA22:4	0.564749585384988	0.900750455488748	0.27127440655022	0.675412578862365
TAG56:9FA22:6	0.249613072850309	0.457876526920837	0.279616935360786	0.729282176755427
TAG55:7FA20:3	0.584379119259682	0.831702604089256	0.285363284893829	0.669946705328281
TAG50:5FA16:0	0.971281930220771	0.470919668006458	0.283873431431416	0.698071802829856
TAG56:3FA16:0	0.501075647959592	0.398428617200938	0.261497088741522	0.654198396815611
MAG(18:1)	0.417662094082961	0.834402260932448	0.279691633921835	0.696906501867465
PC(18:1/18:2)	0.702280879625533	0.766826200698616	0.365634298834149	0.65824634054142
TAG56:6FA22:5	0.400652354963373	0.503102441017702	0.288502034611482	0.708799462952853
TAG57:3FA18:2	0.1208029827643	0.412297615803723	0.289967601655008	0.725647436420489
LCER(18:1)	0.957013793121448	0.760174243314438	0.286831441066716	0.663927350584333
TAG52:8FA16:1	0.306698992933127	0.40205851478154	0.264721044398656	0.652631853304025
TAG58:8FA22:6	0.139037956524894	0.326635238670715	0.300606858522214	0.765169645434683
TAG50:3FA16:0	0.763687731185178	0.532982376343893	0.259225026886195	0.682521272709518
FFA(24:1)	0.310276742707445	0.481047245762286	0.256453120328746	0.67846414526852
TAG55:7FA15:0	0.590159689534942	0.918790696920921	0.276111914456661	0.664178607083542
DAG(16:1/18:3)	0.58396069555374	0.819687982989583	0.272215308432074	0.674986498994762
CER(20:0)	0.834154566809071	0.787056369433608	0.261433956811572	0.714811246150958
PC(18:2/20:5)	0.366860957687524	0.794937028743242	0.287554513129348	0.648993603142749
TAG52:5FA18:3	0.213718621030352	0.0766289610447123	0.242836177898956	0.668720034203385
TAG51:0FA18:0	0.451272696450407	0.27712118190639	0.227977490405699	0.671439932530389
TAG55:3FA18:2	0.317404322997111	0.755053907484105	0.28340741695638	0.664324423495413
TAG42:2FA18:2	0.311924355493194	0.864593712191132	0.285111447110319	0.674658382337364
PC(14:0/18:2)	0.689799691024519	0.544731362702604	0.428008250069244	0.603586403430906
TAG50:3FA14:0	0.870594337531989	0.967904378147906	0.275204999668094	0.670349976394966
TAG54:5FA20:2	0.378470073783984	0.419849084039029	0.252033712851022	0.734502908596202
FFA(20:3)	0.98913257701461	0.970884790691271	0.273783544446274	0.670445877378201
TAG56:6FA16:0	0.427313817866872	0.430788217152062	0.282330847289147	0.713621774378806
PI(16:0/18:1)	0.212485340489545	0.148681501085116	0.412044010217448	0.780147523034874
TAG52:3FA18:3	0.505727481119565	0.346827741986373	0.276387100832501	0.669083930455992
TAG58:10FA18:2	0.163191713689605	0.464551107464054	0.288488115064049	0.718917238820825
LPC(16:0)	0.0444066829464361	0.00930080237462042	0.158717138770548	0.624300443616307
TAG44:2FA16:1	0.419707215520936	0.437410369788303	0.262701374186709	0.651371790940063
TAG56:10FA18:2	0.317405614359829	0.739017540263172	0.283590625125525	0.666220793711062
TAG56:5FA18:0	0.575628381498891	0.73699296459006	0.280435239903472	0.692219637481196
DAG(14:0/20:0)	0.0284529299751847	0.000791614417909016	0.59134807681094	0.539469198855363
TAG52:1FA20:1	0.393614058468086	0.362672348285378	0.241783514495578	0.675214252226624
CE(14:0)	0.54796001914531	0.176210360493521	0.472051079404196	0.538521614507672
DAG(18:1/22:4)	0.923092579551792	0.74522735531138	0.269347148552361	0.661840690062373
PC(18:0/20:3)	0.0232931935169373	0.0444197676348104	0.684172200688359	0.553823679633481
TAG54:2FA18:0	0.56223947107812	0.632895494997201	0.289016358106005	0.68475621815454
TAG56:7FA22:5	0.333927820228147	0.457566511415759	0.278746568610175	0.704441519168437
PE(18:0/20:3)	0.171149870430222	0.358596786160109	0.428261008900517	0.578288560785761
TAG51:1FA15:0	0.356525931308797	0.150733996580123	0.217470800408318	0.641023824413031
TAG58:7FA18:1	0.115845842004945	0.123892965033473	0.300513971730379	0.822979875196117
PI(18:0/20:3)	0.263505716852323	0.24281688975285	0.547627055496753	0.532918618494065
TAG51:4FA18:1	0.536872932975392	0.33374212056095	0.266787302836799	0.699012425067776
TAG52:6FA18:3	0.123393392205471	0.0442629622202909	0.213005923962193	0.705984498340744
TAG44:2FA14:0	0.467956903671252	0.94546607567094	0.273491818235733	0.669814313753837
TAG50:5FA14:1	0.988844491913344	0.917977367988316	0.275717214288796	0.672199724967155
TAG54:2FA18:2	0.773399093522119	0.891263286622625	0.275853330617919	0.673520924652187
TAG48:2FA16:0	0.409873330551058	0.525494809792304	0.267292466671387	0.668174554158494
TAG56:6FA20:2	0.202756295590834	0.536448119436766	0.256456554419627	0.713326572640187
TAG56:5FA18:2	0.24373937383056	0.460871481045147	0.260370293325328	0.712569706008108
CER(16:0)	0.406042534158442	0.496918162727224	0.352925031140118	0.570261660801534
PC(18:2/18:3)	0.677166686009508	0.88482754607975	0.269520666044922	0.674482855433496
TAG49:2FA18:2	0.446437685482944	0.307429624758132	0.261455843283268	0.66719875867868
TAG54:3FA20:1	0.717599829199719	0.816448794155875	0.275764851084017	0.684690835498956
TAG44:0FA18:0	0.723616328868745	0.621829755109004	0.277316201924016	0.67148815733755
TAG54:1FA18:0	0.683741528216169	0.918261462284307	0.279961433489075	0.674916599810183
FFA(20:1)	0.46776606102221	0.671783885097246	0.286070859527636	0.702918748002739
TAG48:4FA14:0	0.851788025195718	0.712669723921948	0.26808788912895	0.695971187296807
TAG48:3FA16:1	0.537752938494076	0.851728800353174	0.26997154974251	0.685130124848765
TAG49:3FA18:3	0.84048203312747	0.999788308159974	0.274262344391239	0.671643688465439
SM(18:0)	0.661179270937776	0.582490334049732	0.227555592698543	0.739326963014494
PE(P18:0/18:2)	0.602167146505007	0.989127678340145	0.297846353039942	0.676648393700946
TAG53:2FA16:0	0.869216860638128	0.654185093141334	0.259527523126629	0.67896736955092
PC(18:1/18:3)	0.984361580666892	0.682961405116524	0.243786270871439	0.701210516992781
TAG53:4FA20:4	0.266280061985161	0.279467726147007	0.245197937252454	0.668063344952099
TAG46:3FA16:0	0.502235224328968	0.887156152756917	0.280046615815867	0.672804892282516
LPC(18:1)	0.174277968573969	0.087179792549513	0.234636302127574	0.570395279974299
TAG50:2FA18:1	0.45148256767649	0.776501407854661	0.274784678424442	0.659928475348017
PI(18:0/18:1)	0.264295315401532	0.11904967821769	0.409809113392939	0.840588010769454
TAG48:1FA18:1	0.451536950881312	0.335750452759935	0.246389088430034	0.651522354725584
TAG54:4FA18:0	0.164052993782522	0.274598574695037	0.257680695020071	0.667962446459703
TAG54:6FA16:1	0.568460574877737	0.861526665709491	0.273760965616144	0.681313196295971
TAG56:6FA20:4	0.910239373504699	0.991027391115126	0.276135476708021	0.671634288719157
PC(20:0/20:4)	0.263221966986117	0.419082732307397	0.254629676777008	0.707220375279573
TAG54:1FA20:0	0.377691524052145	0.178734788061906	0.226688111520542	0.635886467494234
TAG44:2FA18:2	0.623474386055991	0.679128859019738	0.259603446207735	0.670514827190934
PC(18:0/20:5)	0.376112763970886	0.977076350645337	0.276939907433089	0.672524435797325
TAG58:7FA22:6	0.31069073494758	0.547461802843568	0.283539752861183	0.73490242828566
TAG52:3FA22:1	0.492585037887757	0.397637302950626	0.267739143753145	0.704398653475841
CE(16:1)	0.182167644147238	0.140633472110511	0.503649237443909	0.605148634523687
TAG54:2FA20:1	0.961324766344293	0.887091407608885	0.270768135253434	0.66662330918834
TAG44:1FA16:0	0.451322096477407	0.223514865203698	0.222317117153874	0.659439989594115
DAG(16:0/16:1)	0.466264202054304	0.739375633987683	0.2734819568799	0.664550979065213
TAG46:3FA14:1	0.276191984557405	0.393922371433679	0.266787567328284	0.644270148827497
TAG52:6FA20:4	0.336618979224511	0.726483442166438	0.267365758459826	0.671805063570142
CE(16:0)	0.573458460245393	0.951237953662061	0.280762824285813	0.676172442392498
PE(P18:0/20:3)	0.409626940283614	0.482201931007359	0.374216731631229	0.572330382732515
DAG(12:0/16:0)	0.519861003246914	0.814304296450861	0.264747041946084	0.683134007688401
TAG45:0FA14:0	0.655229448213629	0.58651506700392	0.254282537353096	0.662158322918536
FFA(18:2)	0.27638488732534	0.273745858276429	0.226974072112564	0.709110746546783
LPE(16:0)	0.27315170868941	0.0261802060862552	0.154212745667289	0.765363603805184
CE(20:1)	0.26307185509667	0.613534690071987	0.246312825775192	0.65750934208913
DCER(22:0)	0.20249254827491	0.0809803724985939	0.367906426758994	0.581434702137363
PC(14:0/18:1)	0.25148104683823	0.266750047518862	0.460969768303785	0.537641205519702
PE(18:1/22:6)	0.597346406229901	0.292555267121968	0.183001928731034	0.949630734210137
TAG48:4FA16:0	0.742288293164216	0.847806587385535	0.275416230132629	0.676067766019237
TAG54:2FA16:0	0.85717907762261	0.756131839209443	0.264827406151633	0.661259797269508
TAG58:9FA18:2	0.0941625953741467	0.301558662307253	0.291707754716015	0.747857265922196
TAG52:5FA16:0	0.206113169843695	0.144281393426556	0.258993406118752	0.651739889446205
FFA(15:0)	0.614217148083367	0.863331349350998	0.269226658833471	0.68358391048777
TAG52:5FA18:1	0.215708217435103	0.0636405999225904	0.226864647618057	0.817622588478505
TAG54:5FA18:1	0.0525916504790559	0.0912144733657339	0.262189733393246	0.663838653794035
FFA(24:0)	0.444951917136861	0.549796270773094	0.247017799903635	0.82090154288312
TAG54:5FA22:5	0.643392364001998	0.875426951814997	0.271056894910067	0.672196457071488
TAG58:8FA18:2	0.140670018587363	0.23301893540012	0.28429442255911	0.753944130317762
TAG44:0FA14:0	0.934943074449301	0.632694177204125	0.256803629727632	0.657365882888347
PE(P16:0/18:1)	0.937035166381861	0.588511677466155	0.330446087210394	0.609729463511935
CER(22:0)	0.329448159167973	0.120346552981542	0.397076773517621	0.484595007598139
TAG52:4FA18:1	0.282019462114877	0.104018248681708	0.227875370457165	0.775572145853595
TAG58:8FA20:3	0.421302897793002	0.317948133567518	0.259814401473104	0.638512061688376
PE(18:0/22:5)	0.889026446797442	0.305866076182621	0.196095015897503	0.811362527174017
TAG47:2FA18:1	0.374342639494042	0.238562991777862	0.243462923741905	0.621336195288871
CE(22:2)	0.282257208726867	0.92570801804265	0.271858248869245	0.674419015640957
TAG55:5FA18:2	0.524872193926157	0.906167403534721	0.27294908508581	0.665977803154655
TAG52:2FA14:0	0.552215915003901	0.2001049521199	0.247161975550363	0.612315091355971
FFA(22:4)	0.326033578813472	0.487245579780844	0.258064212759709	0.727481397588727
TAG54:1FA18:1	0.772147439920616	0.984420612594686	0.27515544886247	0.671283278729399
TAG40:0FA14:0	0.578440597367744	0.8230679214646	0.275850995429315	0.682661904081445
DAG(16:0/22:5)	0.79842139125798	0.708970142858922	0.273012585528679	0.680375900939821
DAG(18:0/22:6)	0.565803067143531	0.720002339120159	0.294249405753827	0.6709692041758
TAG47:1FA16:0	0.310093566072229	0.329304984070668	0.245404398168481	0.663159256086091
DAG(18:1/20:5)	0.321077420306318	0.854706601355135	0.278202731369651	0.684819566628573
TAG54:3FA16:1	0.714346959051233	0.647975582271441	0.265323904400216	0.714897610238669
MAG(16:0)	0.465708589348432	0.108851497045345	0.31500258534221	0.7586844895164
PI(16:0/18:2)	0.413481849932409	0.553148839603316	0.364588615044991	0.711484361147695
CE(22:6)	0.43479760748063	0.713869878931848	0.256944605197591	0.735032298624088
TAG46:4FA18:2	0.604170371070189	0.556559594217246	0.255561542991115	0.712414234339528
CE(18:4)	0.989787695013944	0.752866274371054	0.314745377938462	0.653149441840865
TAG54:2FA20:0	0.828414545412172	0.650797408033032	0.267223071586779	0.668583821579185
TAG56:6FA20:3	0.783959742633273	0.885641430484793	0.274578517714083	0.67725501662439
DAG(18:2/22:4)	0.290786261582855	0.606202197589354	0.267596865103012	0.69637061999634
DCER(24:0)	0.263650884292201	0.15010351616311	0.35890006816903	0.509858992799156
TAG58:6FA16:0	0.664994598068298	0.677959003645563	0.260574208115929	0.710759555878251
PC(16:0/18:2)	0.481651718545539	0.931808531216766	0.329234902672346	0.666166826307718
TAG52:3FA18:2	0.680062952475211	0.476909176125006	0.27038701762721	0.697261331319241
TAG48:0FA18:0	0.908153437881241	0.476760060442278	0.244353809221556	0.654569723633699
TAG58:7FA18:2	0.456861791250333	0.523579590214032	0.272727459478228	0.707724254182633
TAG50:1FA16:1	0.274571989794898	0.724930709264025	0.270786746038449	0.670355423153113
LPE(16:1)	0.116662916026776	0.529365738506549	0.299161119310883	0.682499130209117
TAG48:1FA14:1	0.152422784295725	0.182024066782282	0.228689447340001	0.671374619303623
TAG51:2FA18:2	0.471710677385669	0.412730586266013	0.270738337656435	0.668342631883787
TAG50:2FA16:0	0.549082701745768	0.992117583690902	0.27479622192113	0.671853848976287
LCER(14:0)	0.289350207062593	0.147055472628443	0.409178424260644	0.572962596570689
LPE(22:6)	0.687283314539995	0.72624156600375	0.268776179460664	0.706917185869038
PE(18:1/20:4)	0.52065311439258	0.0821352563858881	0.149762909162139	0.895314944564375
TAG54:4FA22:4	0.310476699188872	0.516875464267795	0.247654759564172	0.707576275346711
PE(16:0/18:2)	0.75005850494391	0.953998901812497	0.280566691560393	0.678543651523766
TAG50:4FA18:2	0.477313600701577	0.554071811398281	0.260416482032478	0.694992812687217
HCER(16:0)	0.910208017726129	0.844343742491268	0.267854403679165	0.687342759488445
PE(16:0/22:5)	0.790550568296755	0.597192626858688	0.234417780149232	0.781265841342672
PE(O18:0/18:1)	0.917951188554878	0.909707167785519	0.273782046152126	0.681796635132195
TAG44:1FA14:1	0.274300998616721	0.341084160176666	0.243827673343398	0.659078990081513
TAG56:7FA20:5	0.104562098622799	0.359044281922439	0.313916781212211	0.740864589088416
TAG45:0FA16:0	0.537863884361027	0.413452424726715	0.241307535168148	0.663959598751901
TAG46:0FA16:0	0.775744388089485	0.62767684845301	0.25458286360428	0.672189862517814
SM(24:1)	0.215631204838344	0.507412024303852	0.398634184321865	0.608798997106539
TAG52:7FA22:6	0.586339025438164	0.602714328362016	0.282823892619335	0.706835454538269
CE(20:2)	0.438979985888791	0.276402143037556	0.469776015819325	0.654618773392095
TAG54:5FA20:5	0.481053372569916	0.964415205667337	0.27852792238623	0.675684271298427
TAG45:0FA15:0	0.548033284547143	0.50951818074094	0.251106465973804	0.665075894094743
TAG56:5FA22:5	0.685144135072439	0.671700164628614	0.28523257933145	0.690323201642495
PC(18:0/16:1)	0.156217660269135	0.37387842620453	0.392351698082562	0.623135775898099
TAG49:2FA16:0	0.346284414142843	0.38173002391818	0.265138181699974	0.668898039364167
CE(20:5)	0.249153299666765	0.906694299205933	0.279308505445317	0.66167011734898
HCER(22:1)	0.363103936765231	0.342337922430523	0.190725705371325	0.776746019160662
TAG49:1FA16:0	0.214282306445227	0.230178522148644	0.241518706657943	0.669153343466037
TAG56:5FA18:1	0.623439417287349	0.652349378333135	0.280349124728836	0.695963843584879
TAG53:4FA18:3	0.68896747893186	0.66603315051802	0.273456245533196	0.677691828219249
PC(20:0/18:1)	0.935456036622078	0.957553561601686	0.291130474862442	0.669997626743291
TAG54:1FA20:1	0.787167729295143	0.639612887934497	0.251621944664444	0.663927140466182
DAG(12:0/18:1)	0.514542311172356	0.851287099425043	0.269166124985462	0.666501164460842
PE(P18:0/22:5)	0.613569406946519	0.678632726543577	0.322425587181036	0.63102679949052
