chemID	simpleLRM_Fstatistics	multiLRM(chem_sig)	multiLRM(sex_sig)	multiLRM(age_sig)
LPE[FA20:1]	0.504563957214168	0.608970883202979	0.225003930237103	0.541210399018813
HCER[FA18:0]	0.128922086062828	0.196965276572038	0.113807842129288	0.641408064065858
PC[FA14:0]	0.428947496294648	0.276283668198776	0.397437212852564	0.415432219526486
SM[FA22:1]	0.899163450405136	0.97947702877699	0.270635998250616	0.529392816746448
TAG[FA16:1]	0.669167974303352	0.653080246527396	0.218534567574688	0.557762835774925
TAG[FA18:1]	0.77442469136138	0.614989430824917	0.232939383387675	0.556073246461321
DAG[FA14:0]	0.455257425665253	0.238934263637061	0.19663468746096	0.490861473652927
PC[FA20:2]	0.906798005355455	0.574935186994926	0.332400409820289	0.481017079667583
LPC[FA20:1]	0.276552327034923	0.126354926561804	0.176043991250331	0.53281427952565
CE[FA24:1]	0.518376179037108	0.623910672749833	0.242993794336432	0.520424438606412
CE[FA24:0]	0.333558224272477	0.904217568796503	0.220395825144221	0.536162402921679
LCER[FA18:0]	0.85604355759492	0.643019562149376	0.19410128814497	0.554224324806734
CE[FA18:3]	0.79363626268345	0.481214511642111	0.321133736026859	0.495783929165119
LCER[FA22:1]	0.522071254423892	0.798267057080402	0.263547746121487	0.531735344457136
TAG[FA14:0]	0.659880239156697	0.503330515315499	0.20905953078995	0.494679757644282
PE[FA18:2]	0.872651110654428	0.948959920113944	0.250226422613759	0.525244577708183
LPC[FA16:0]	0.062629425496303	0.0130096091909496	0.140554141842068	0.537848903809884
LPC[FA17:0]	0.249103412601163	0.404574822403138	0.200381961241387	0.583575315256357
SM[FA24:0]	0.495834358317158	0.308986541605947	0.332445827004149	0.497476552621834
TAG[FA20:4]	0.515186859100341	0.769605078039151	0.214788650098267	0.523651453256948
DAG[FA20:3]	0.330696361543371	0.281560228013831	0.209692070434209	0.48590485096802
LPC[FA22:6]	0.0951267092487955	0.121287494496593	0.262516553631029	0.650308159257824
MAG[FA15:0]	0.260897851516436	0.757304747827141	0.229559625710526	0.530789712001805
CER[FA18:0]	0.499332051243138	0.713925185861451	0.256818035151918	0.503521032809443
LCER[FA18:1]	0.87214739715634	0.614467263786504	0.238834238425896	0.513065794112832
PI[FA18:1]	0.220205798014917	0.174269541479135	0.376737145118811	0.675548092513225
FFA[FA24:0]	0.445123035187776	0.56915590838729	0.203328567469478	0.668777217906063
SM[FA14:0]	0.758988982641872	0.855299974543222	0.260770910032952	0.511264156933083
CE[FA18:2]	0.320950372469712	0.53598057250175	0.17357237591348	0.558063387657747
FFA[FA20:5]	0.895854869909363	0.71015150949531	0.22877907657292	0.523910579465848
LPE[FA20:4]	0.984420062499745	0.755212355760307	0.223114251683689	0.497309101849682
CE[FA17:0]	0.785627253185165	0.22951069661851	0.284959580079319	0.453427156036841
CE[FA18:4]	0.907186378224329	0.65250609163422	0.266985661033874	0.49857685535084
HCER[FA24:0]	0.508220646548655	0.657908765023534	0.201710078985141	0.570581375329328
PC[FA22:5]	0.622240922212584	0.67496240183134	0.198228884984067	0.589840588722035
CER[FA22:1]	0.147976175046693	0.493315358201583	0.327246861279033	0.452291574034888
PC[FA20:4]	0.570519127779729	0.797077857293723	0.219144778701711	0.530487443506081
HCER[FA22:1]	0.372064518620414	0.371727534154214	0.156889577341976	0.608043369614135
CER[FA20:0]	0.814796848873905	0.886560673380562	0.222084923737813	0.550063562952729
TAG[FA17:0]	0.447563629100032	0.334285536505199	0.207975537382566	0.482290408226793
Total[FA20:5]	0.243544455689657	0.957550120015387	0.224215014128289	0.52823138419825
FFA[FA22:1]	0.393600722367422	0.80371870550049	0.22025497816486	0.514640327541928
MAG[FA18:2]	0.535095695192972	0.659447998814676	0.2123838634064	0.494587305368955
HCER[FA22:0]	0.313604749441271	0.476455243339544	0.185383070617924	0.56003825817974
MAG[FA18:1]	0.452745860049846	0.924515960051648	0.226894613207825	0.54305480580133
MAG[FA18:3]	0.436616767130113	0.537071353653997	0.327202931898335	0.495611201200426
TAG[FA20:1]	0.762919854089352	0.94312859546624	0.227094119291276	0.532065690540407
FFA[FA20:0]	0.540381089796341	0.581032201480741	0.206313222565314	0.5614708575189
SM[FA18:0]	0.735530399709718	0.771102822856722	0.210298480876708	0.559096952481451
TAG[FA22:6]	0.349466553442004	0.577918154535187	0.233968994354145	0.58399228148176
Total[FA24:0]	0.462426338341034	0.239042583015507	0.3304124024415	0.511474472711691
FFA[FA18:1]	0.990024329384754	0.996159301281983	0.224449294620582	0.527573480577796
CE[FA14:1]	0.106384956506599	0.0396239825658024	0.33746849282629	0.457169716692871
DCER[FA22:0]	0.195482231728312	0.0702749557080005	0.306433443914832	0.447199138869708
TAG[FA20:5]	0.213062415800852	0.529310180119088	0.250522010485331	0.579855082975105
LCER[FA16:0]	0.726627084389706	0.808925101349197	0.245398055111912	0.551563476744275
PE[FA20:4]	0.800692930161942	0.537687023807381	0.197307143875833	0.580483488515334
Total[FA12:0]	0.479280629527093	0.96500124559415	0.223339762739909	0.525896785070748
FFA[FA20:4]	0.847150680911378	0.801838887226312	0.221099334163743	0.522032956475206
LPC[FA20:4]	0.214004316792965	0.0952607414559989	0.456124025740065	0.359738519017906
CE[FA15:0]	0.990850134977556	0.207763871915234	0.323307056091749	0.413918835525244
FFA[FA20:3]	0.948244665826081	0.68961092106648	0.223688036760196	0.511629418158322
LCER[FA24:0]	0.833236224129544	0.969858572390469	0.233194123903999	0.526577924320359
LPC[FA18:0]	0.238926017365257	0.0405042172688048	0.0984665423436687	0.571642069594292
PC[FA20:5]	0.258549712312291	0.972238323255374	0.224693896910607	0.530512619352066
Total[FA16:0]	0.953592947498915	0.944541322353129	0.230902926455139	0.524444933198446
CE[FA14:0]	0.438007714620352	0.113054010933274	0.413957033331302	0.374019933586572
SM[FA20:0]	0.125584983401107	0.527458128924838	0.17347041441056	0.584795804674197
DAG[FA20:2]	0.481955972723562	0.272855102583611	0.238137065248089	0.447416663436553
FFA[FA24:1]	0.340664312086216	0.563900141262354	0.210399692691006	0.52973469763401
DAG[FA22:5]	0.694561239046052	0.800854553937464	0.223437361009336	0.541730416014376
CE[FA12:0]	0.368945488821704	0.409181869407854	0.29362125303234	0.469876548956769
LPE[FA16:0]	0.304125342258108	0.023397150413411	0.127471378905477	0.646279194965757
PC[FA16:1]	0.25824595567093	0.307558776079156	0.423114198559112	0.429035635976378
DAG[FA16:1]	0.447257759173089	0.869610166326722	0.226833394143681	0.518862493022205
FFA[FA22:4]	0.338692328897954	0.56998972961078	0.211760234518052	0.566047948957527
FFA[FA18:4]	0.2918509136605	0.294680486407889	0.305140433796401	0.513466275959444
Total[FA26:0]	0.661236270902849	0.722243784785559	0.256207885649758	0.507971439850024
Total[FA20:4]	0.667221097474599	0.816772588549666	0.220021008022121	0.530601823785102
LPC[FA15:0]	0.82567140532701	0.0838256633850785	0.136850491730497	0.689623140315445
Total[FA17:0]	0.157478952647764	0.366133821532686	0.258469576526421	0.51903932497772
Total[FA22:0]	0.912090364463351	0.617590846078913	0.322212293021117	0.500457300009545
MAG[FA16:1]	0.5539434958075	0.80309807712543	0.228403159330689	0.51600335673987
CE[FA20:1]	0.299452753403297	0.744350213084941	0.208549009962593	0.515901232290336
CE[FA22:2]	0.290038405897515	0.93078803286232	0.221381297350703	0.529367898934868
LPE[FA20:3]	0.600893385516311	0.850014769356322	0.238405616658108	0.53379136139241
FFA[FA14:0]	0.727122290613381	0.84923884819544	0.228736604332963	0.514056805702592
LPE[FA22:6]	0.703563081305614	0.736847532653332	0.220064503175677	0.562771472654597
Total[FA22:1]	0.942842896525118	0.975448508175389	0.269059246706573	0.53042717468511
TAG[FA22:5]	0.474145597933262	0.585958604476582	0.236582087346428	0.561723183934938
CE[FA22:6]	0.460682615762332	0.768026840713899	0.213313381283523	0.581803036622262
CER[FA16:0]	0.423899984195344	0.455942509444718	0.302378775196922	0.43948665807954
PC[FA18:1]	0.798945002003751	0.458040134347832	0.353276833223546	0.461307998410427
DAG[FA16:0]	0.617057291220252	0.60957061414345	0.214414962841676	0.522176191771198
DAG[FA20:5]	0.37496485553973	0.972817892080154	0.223783897454011	0.526762168849907
PC[FA20:0]	0.42173650179778	0.737224889555108	0.293497451770612	0.497733339409328
TAG[FA22:1]	0.185655677279949	0.174197972057285	0.219209765260817	0.564561259975943
TAG[FA12:0]	0.48138358677039	0.991929604331354	0.22420766333682	0.527340577869443
PC[FA16:0]	0.67830833098377	0.750087849857526	0.294303093451893	0.499891041535612
DAG[FA22:4]	0.680343461493596	0.885844277001357	0.222453123495294	0.520715836731372
FFA[FA20:2]	0.330817225828867	0.635908426553063	0.247938803318729	0.563693165034866
Total[FA22:6]	0.456898381409205	0.61178218867835	0.203661018285092	0.640860041335212
TAG[FA20:3]	0.612230561100667	0.763246380088017	0.216572538162061	0.514407679338485
PE[FA18:0]	0.899901492780733	0.743318693406692	0.20744514901545	0.604415045881101
LCER[FA20:0]	0.804382052342281	0.87200256344003	0.22052310023933	0.529194497946567
FFA[FA18:2]	0.355929874788932	0.509606575674642	0.195979532008492	0.538149073574935
CE[FA16:0]	0.658152465838097	0.90673956664626	0.24550276213545	0.521989303167419
SM[FA18:1]	0.951967389681847	0.810315168273635	0.22089453789086	0.553905324694038
PC[FA22:4]	0.64156772752431	0.542095727023175	0.247136899910762	0.566494620776843
DAG[FA18:0]	0.653947621174106	0.542718161311229	0.211685489562807	0.50534035669648
LCER[FA20:1]	0.410711337070657	0.0765831725927743	0.411887171475682	0.421927380011261
Total[FA24:1]	0.204343536349762	0.436467583051	0.363332508100948	0.47923178392782
LPC[FA20:0]	0.0768749291202307	0.205549153943162	0.172551517398014	0.500252371863694
MAG[FA16:0]	0.564392061011411	0.20416334199961	0.257156921332726	0.604883384291575
LPE[FA18:1]	0.774233982480943	0.680811462868424	0.226403562541752	0.480565407489221
LPC[FA18:2]	0.0383605731787858	0.059154279925534	0.213726887706001	0.319189572771736
TAG[FA20:0]	0.76169403856086	0.526947182351769	0.206326922523326	0.505939047326343
HCER[FA20:0]	0.0477103458083747	0.103718797675525	0.119277512293995	0.617944827575852
PE[FA18:1]	0.925569370663491	0.973267590628276	0.240732876930695	0.530060902962871
CE[FA20:0]	0.19131703961974	0.910250267640584	0.220289391822648	0.524889598297676
CE[FA22:0]	0.861799065585643	0.126317732518355	0.341114315034529	0.391524407879293
PC[FA18:3]	0.710510481471037	0.442585888881603	0.166902721461576	0.584834189261297
LPE[FA18:2]	0.215548170789921	0.158090450793593	0.180809906035316	0.375974296898228
Total[FA22:4]	0.633495985812293	0.919040163935503	0.228706973688493	0.531283034133904
SM[FA22:0]	0.903274226019319	0.670788995469937	0.312541001686773	0.505271748471566
TAG[FA14:1]	0.166750088932194	0.286449633106726	0.199481633057611	0.489703844773245
FFA[FA18:0]	0.469566568515232	0.91096053623026	0.222861808960625	0.527707108988662
Total[FA14:0]	0.626465997685619	0.38083479720622	0.230948031330796	0.459620406359093
DAG[FA22:6]	0.60704788176161	0.940047259485371	0.22370476305705	0.537451182567433
Total[FA20:3]	0.0684721736494733	0.0989782919829179	0.427446775482925	0.440968869323743
Total[FA22:2]	0.840347302300549	0.976600657082148	0.223708788485241	0.526628742493033
FFA[FA20:1]	0.490944910946489	0.754902444468347	0.23284580730716	0.552179330600159
LPE[FA18:0]	0.847454341428016	0.227578799329258	0.138227957089758	0.608243703861813
SM[FA26:0]	0.990287414441207	0.229890145135148	0.389295117337791	0.462579162231615
DCER[FA26:0]	0.573245043171133	0.666154669326739	0.221829877997487	0.53117275395878
PC[FA20:3]	0.0489144070220448	0.0689276874803884	0.507669822202431	0.432381720214659
FFA[FA17:0]	0.160068498640869	0.385305924187906	0.256727233962115	0.522028301528128
DCER[FA20:0]	0.283361303598216	0.127828769858546	0.171534435857987	0.633503814682647
DAG[FA20:4]	0.271234964532471	0.286264844397321	0.209323097376453	0.521480790991793
LPC[FA16:1]	0.330698636663127	0.873621523555883	0.221056597221283	0.532268947839917
LPC[FA20:2]	0.17939937484869	0.0859055119577209	0.158160246126036	0.483394609738729
FFA[FA16:0]	0.632670811469488	0.922681734682754	0.221199951036147	0.530195581793216
LPE[FA22:4]	0.415236656684959	0.414873757081749	0.215527252723541	0.628393874662194
PC[FA18:2]	0.614714928587103	0.773312203105152	0.32681768557454	0.508202547731393
PE[FA20:5]	0.550120044357699	0.374993661217108	0.230650142238321	0.428847889894455
DAG[FA18:3]	0.770746583432951	0.506870319038609	0.221781756879044	0.536626366865656
DCER[FA16:0]	0.0391256230103531	0.0464326708003492	0.348295196829526	0.478499202353471
PE[FA16:1]	0.581077459433208	0.152812444444882	0.365920721597728	0.389591309218937
PE[FA22:6]	0.884043110418802	0.641292075643179	0.195470988852234	0.675412175683349
PC[FA17:0]	0.211383357993184	0.951504575009654	0.226780608981841	0.543564693570219
Total[FA18:3]	0.322438738666162	0.292874832140677	0.181371086993866	0.568020142022184
CE[FA20:2]	0.411354490471387	0.247729957294704	0.41070602198003	0.518940519610517
Total[FA14:1]	0.126011937919673	0.196678941320917	0.219168492404483	0.486994619723364
Total[FA26:1]	0.543806639821744	0.553190248916728	0.280024079625663	0.492662049283684
FFA[FA22:0]	0.869306982038107	0.75852227445617	0.218178422023566	0.53047640187453
LPE[FA22:5]	0.916059669536664	0.92942856931757	0.225233531304959	0.530359203406461
FFA[FA15:0]	0.649010615686298	0.945589041462461	0.225804186003527	0.532731099177325
PI[FA16:0]	0.215225390714141	0.404553639918247	0.332418764529081	0.564663181641639
CE[FA22:4]	0.604516949927812	0.577020329890629	0.257274505396835	0.532567932457193
DCER[FA24:0]	0.247675235799374	0.105784820467024	0.306522075412056	0.377266775332402
FFA[FA22:2]	0.98144106804047	0.914895047922399	0.222784270892875	0.523622968004132
Total[FA18:4]	0.528418005380958	0.724533201020789	0.214391644355509	0.544576887024596
PI[FA20:2]	0.421203376369333	0.694769417522136	0.304676498420973	0.483287593688281
CE[FA18:1]	0.841116814779072	0.447255077462111	0.297899238139988	0.487786016310279
FFA[FA14:1]	0.685996707083774	0.803199895272751	0.24239880742038	0.532512127909279
FFA[FA12:0]	0.564109895896331	0.871163610662504	0.226080995044791	0.516309705229753
SM[FA24:1]	0.22523806102726	0.46376082863179	0.358023740997872	0.48261217942721
TAG[FA20:2]	0.855004528209427	0.966971659230544	0.223737572004797	0.533343239993195
LPC[FA22:5]	0.240638908283256	0.569782356068585	0.225860285102701	0.508879133460453
PC[FA15:0]	0.96799961193066	0.296678992236066	0.324751699337338	0.414589051827861
Total[FA20:2]	0.337155251242429	0.691462240143329	0.234957913546012	0.57036579516934
TAG[FA15:0]	0.490902761017658	0.388574433434924	0.201934147911361	0.488099690076228
PI[FA16:1]	0.0260572639231195	0.121200231552358	0.366751756768068	0.633701622277869
Total[FA15:0]	0.900308527990326	0.394766321396158	0.265713447209831	0.455707060366277
DCER[FA22:1]	0.665816833403394	0.572822299182788	0.244565442727914	0.459745370773292
CER[FA24:0]	0.572430917907991	0.0336722104192317	0.285145810328503	0.285605697777944
Total[FA18:1]	0.855779264235531	0.826035974407752	0.219994912601773	0.546167082545628
PI[FA20:3]	0.207541960172268	0.191567067600807	0.487616949906716	0.423130412770646
LCER[FA14:0]	0.274703555629923	0.106668366424682	0.360551524817002	0.443468813556396
LCER[FA22:0]	0.74064474024893	0.913331285762851	0.224594693379488	0.530824477655089
LPC[FA18:1]	0.206985799607247	0.0908093553685025	0.197184721756703	0.46385454474332
FFA[FA22:6]	0.8118626991967	0.689633204615132	0.211886121102043	0.494200711072433
PI[FA18:2]	0.7206364215787	0.672660268206378	0.295780661694094	0.560708838855657
PC[FA18:0]	0.813551463167118	0.513500979824163	0.397763422776071	0.45900010547868
DAG[FA14:1]	0.683075901765695	0.564972332914497	0.205237567792448	0.541871488148337
SM[FA20:1]	0.481305478223157	0.302199021420926	0.116746603267603	0.661697099172327
CE[FA18:0]	0.313803408761896	0.278089482956541	0.320889050414062	0.48521746002611
DAG[FA15:0]	0.428331540336089	0.575863630878266	0.244282174786982	0.552664988573341
CE[FA20:4]	0.529315170214748	0.83287464917756	0.220295636270464	0.525144281136702
DCER[FA24:1]	0.310010031349846	0.402909044589967	0.28657548760232	0.450364072104604
LCER[FA24:1]	0.749966203111027	0.769040918338916	0.211677169369896	0.514046083834352
PC[FA22:6]	0.505547675353087	0.695517711315666	0.20551609619694	0.617836826264978
HCER[FA24:1]	0.377149361764901	0.330234620236869	0.167147617525404	0.552468270627824
Total[FA22:5]	0.62469548931577	0.68594799011419	0.204722603861563	0.586572455564782
PE[FA20:3]	0.137053787337348	0.248339831121349	0.415019759159408	0.389723230020841
SM[FA16:0]	0.88462538817121	0.659886295023561	0.313306095624877	0.481316419527982
CER[FA22:0]	0.326547848757689	0.0977970443250898	0.337611429380939	0.362645678718732
HCER[FA16:0]	0.872041655327779	0.881828714721637	0.221792494782787	0.534210441225131
Total[FA18:2]	0.312357851385899	0.495907912145826	0.171330319916603	0.571433555628445
CE[FA20:3]	0.130426642312037	0.102073963070723	0.430977254811011	0.518274188963833
Total[FA20:0]	0.181161369398872	0.86334445557071	0.219327543687753	0.543566086725483
PC[FA20:1]	0.732762947948439	0.676656790596454	0.261117883915136	0.508782129923214
TAG[FA22:4]	0.53594155321334	0.832886517238677	0.21704522396369	0.528423092867688
DAG[FA20:1]	0.71595716014507	0.933844807494929	0.222593279327911	0.523357618631758
CE[FA20:5]	0.278204775935985	0.798233809952637	0.229671627146061	0.503361737390616
FFA[FA16:1]	0.973226632498227	0.870333409492803	0.218765357734168	0.539461026152875
PE[FA16:0]	0.985720116902105	0.874638805857768	0.225943589626997	0.572237846170988
CER[FA24:1]	0.777378126763937	0.733631400239153	0.254927304850116	0.487630084489138
FFA[FA22:5]	0.717296923838897	0.769031526183819	0.2186639718266	0.516046689569069
TAG[FA18:3]	0.187470445556264	0.128142981773948	0.219954641517065	0.558076197949538
PC[FA12:0]	0.299219369053959	0.794099067890348	0.214396253513172	0.564327337548691
Total[FA16:1]	0.355281220843038	0.781436219387678	0.246936059727261	0.507545657279863
PI[FA20:4]	0.660879453045165	0.939688299688628	0.229417736312501	0.529693010663
SM[FA26:1]	0.414224364813991	0.419402837530381	0.313961951114074	0.475763301974006
TAG[FA18:2]	0.461510213125976	0.434759798851653	0.221696633237599	0.550517039044348
LPC[FA20:3]	0.985053489265199	0.852276938134928	0.224586692312996	0.515354268088454
DAG[FA20:0]	0.0141839493048281	0.000319504591793302	0.404465647812529	0.526132080847304
Total[FA18:0]	0.889741199591652	0.872154670178224	0.246105232020444	0.515977023956436
DAG[FA12:0]	0.528471629771637	0.808289761702443	0.215565029139855	0.525174419793898
DAG[FA18:2]	0.908470015066966	0.78151883686055	0.219735207820156	0.538524103752116
TAG[FA18:0]	0.905972177230917	0.978191796542676	0.223811552685078	0.526349337702536
DAG[FA18:1]	0.864509322589535	0.873542112351081	0.223914435018313	0.539275394622699
CE[FA16:1]	0.140357188726335	0.102884256669515	0.438908541159833	0.447038405704424
CE[FA22:1]	0.431954560645101	0.58757646360364	0.187555406727971	0.571811980919611
CE[FA22:5]	0.94222670707736	0.93082057729503	0.246592415797034	0.523599481289232
LPE[FA16:1]	0.105916264542003	0.543726298688024	0.242113213347674	0.53107058933396
MAG[FA18:0]	0.278013414095759	0.0401297707580013	0.201052771776606	0.622222632357881
PE[FA22:4]	0.749157627157878	0.679903957076943	0.207974682246365	0.518375845182302
PE[FA22:5]	0.656166259488909	0.796216092225678	0.263007991241323	0.503155807722005
PI[FA18:0]	0.563869690517896	0.764449146228912	0.288209576440687	0.519192592386191
TAG[FA16:0]	0.770769386346023	0.985518990263776	0.223625009424686	0.526737930204512
Total[FA20:1]	0.370584644202819	0.650468656139296	0.224272479054799	0.578976246233585
